#[7, 8, 1, 0, 2, 7, 5, 3, 7, 0]
#[1, 9, 4, 1, 2, 8, 6, 3, 2, 9]
#[6, 9, 7, 4, 2, 9, 9, 5, 9, 8]
#[4, 5, 8, 8, 9, 6, 3, 9, 4, 8]
#[8, 1, 7, 9, 2, 4, 4, 9, 8, 7]
#[4, 8, 7, 7, 1, 8, 2, 9, 7, 4]
#[4, 7, 3, 4, 8, 4, 9, 7, 7, 2]
#[5, 5, 4, 6, 5, 8, 0, 2, 0, 4]
#[7, 7, 9, 9, 3, 6, 0, 4, 6, 5]
0  2325.0  0.15
1  2325.0  0.15
2  2325.0  0.15
3  2325.0  0.15
4  2325.0  0.15
5  2325.0  0.15
6  2325.0  0.15
7  2325.0  0.15
8  2325.0  0.15
9  2524.0  0.07
10  2524.0  0.07
11  2524.0  0.07
12  2537.0  0.07
13  2537.0  0.07
14  2537.0  0.07
15  2537.0  0.07
16  2537.0  0.07
17  2537.0  0.07
18  2537.0  0.07
19  2537.0  0.07
20  2537.0  0.07
21  2537.0  0.07
22  2537.0  0.07
23  2537.0  0.07
24  2537.0  0.07
25  2537.0  0.07
26  2537.0  0.07
27  2537.0  0.07
28  2537.0  0.07
29  2537.0  0.07
30  2537.0  0.07
31  2537.0  0.07
32  2537.0  0.07
33  2537.0  0.07
34  2537.0  0.07
35  2620.0  0.03
36  2620.0  0.03
37  2620.0  0.03
38  2620.0  0.03
39  2620.0  0.03
40  2620.0  0.03
41  2620.0  0.03
42  2620.0  0.03
43  2620.0  0.03
44  2620.0  0.03
45  2620.0  0.03
46  2620.0  0.03
47  2620.0  0.03
48  2620.0  0.03
49  2620.0  0.03
50  2620.0  0.03
51  2620.0  0.03
52  2620.0  0.03
53  2620.0  0.03
54  2620.0  0.03
55  2620.0  0.03
56  2620.0  0.03
57  2620.0  0.03
58  2620.0  0.03
59  2620.0  0.03
60  2620.0  0.03
61  2620.0  0.03
62  2620.0  0.03
63  2620.0  0.03
64  2620.0  0.03
65  2620.0  0.03
66  2620.0  0.03
67  2620.0  0.03
68  2620.0  0.03
69  2620.0  0.03
70  2620.0  0.03
71  2620.0  0.03
72  2620.0  0.03
73  2620.0  0.03
74  2620.0  0.03
75  2620.0  0.03
76  2620.0  0.03
77  2620.0  0.03
78  2620.0  0.03
79  2620.0  0.03
80  2620.0  0.03
81  2620.0  0.03
82  2620.0  0.03
83  2620.0  0.03
84  2620.0  0.03
85  2620.0  0.03
86  2620.0  0.03
87  2620.0  0.03
88  2620.0  0.03
89  2620.0  0.03
90  2620.0  0.03
91  2620.0  0.03
92  2620.0  0.03
93  2620.0  0.03
94  2620.0  0.03
95  2620.0  0.03
96  2620.0  0.03
97  2620.0  0.03
98  2620.0  0.03
99  2620.0  0.03
100  2620.0  0.03
101  2620.0  0.03
102  2620.0  0.03
103  2620.0  0.03
104  2620.0  0.03
105  2620.0  0.03
106  2620.0  0.03
107  2620.0  0.03
108  2620.0  0.03
109  2620.0  0.03
110  2620.0  0.03
111  2620.0  0.03
112  2620.0  0.03
113  2620.0  0.03
114  2620.0  0.03
115  2620.0  0.03
116  2620.0  0.03
117  2620.0  0.03
118  2620.0  0.03
119  2620.0  0.03
120  2620.0  0.03
121  2620.0  0.03
122  2620.0  0.03
123  2620.0  0.03
124  2620.0  0.03
125  2620.0  0.03
126  2620.0  0.03
127  2620.0  0.03
128  2620.0  0.03
129  2620.0  0.03
130  2620.0  0.03
131  2620.0  0.03
132  2620.0  0.03
133  2620.0  0.03
134  2620.0  0.03
135  2620.0  0.03
136  2620.0  0.03
137  2620.0  0.03
138  2620.0  0.03
139  2620.0  0.03
140  2620.0  0.03
141  2620.0  0.03
142  2620.0  0.03
143  2620.0  0.03
144  2620.0  0.03
145  2620.0  0.03
146  2620.0  0.03
147  2620.0  0.03
148  2620.0  0.03
149  2620.0  0.03
150  2620.0  0.03
151  2620.0  0.03
152  2620.0  0.03
153  2620.0  0.03
154  2620.0  0.03
155  2620.0  0.03
156  2620.0  0.03
157  2620.0  0.03
158  2620.0  0.03
159  2620.0  0.03
160  2620.0  0.03
161  2620.0  0.03
162  2620.0  0.03
163  2620.0  0.03
164  2620.0  0.03
165  2620.0  0.03
166  2620.0  0.03
167  2620.0  0.03
168  2620.0  0.03
169  2620.0  0.03
170  2620.0  0.03
171  2620.0  0.03
172  2620.0  0.03
173  2620.0  0.03
174  2620.0  0.03
175  2620.0  0.03
176  2620.0  0.03
177  2620.0  0.03
178  2620.0  0.03
179  2620.0  0.03
180  2620.0  0.03
181  2620.0  0.03
182  2620.0  0.03
183  2620.0  0.03
184  2620.0  0.03
185  2620.0  0.03
186  2620.0  0.03
187  2620.0  0.03
188  2620.0  0.03
189  2620.0  0.03
190  2620.0  0.03
191  2620.0  0.03
192  2620.0  0.03
193  2620.0  0.03
194  2620.0  0.03
195  2620.0  0.03
196  2620.0  0.03
197  2620.0  0.03
198  2620.0  0.03
199  2620.0  0.03
200  2620.0  0.03
201  2620.0  0.03
202  2620.0  0.03
203  2620.0  0.03
204  2620.0  0.03
205  2620.0  0.03
206  2620.0  0.03
207  2620.0  0.03
208  2620.0  0.03
209  2620.0  0.03
210  2620.0  0.03
211  2620.0  0.03
212  2620.0  0.03
213  2620.0  0.03
214  2620.0  0.03
215  2620.0  0.03
216  2620.0  0.03
217  2620.0  0.03
218  2620.0  0.03
219  2620.0  0.03
220  2620.0  0.03
221  2620.0  0.03
222  2620.0  0.03
223  2620.0  0.03
224  2620.0  0.03
225  2620.0  0.03
226  2620.0  0.03
227  2620.0  0.03
228  2620.0  0.03
229  2620.0  0.03
230  2620.0  0.03
231  2620.0  0.03
232  2620.0  0.03
233  2620.0  0.03
234  2620.0  0.03
235  2620.0  0.03
236  2620.0  0.03
237  2620.0  0.03
238  2620.0  0.03
239  2620.0  0.03
240  2620.0  0.03
241  2620.0  0.03
242  2620.0  0.03
243  2620.0  0.03
244  2620.0  0.03
245  2620.0  0.03
246  2620.0  0.03
247  2620.0  0.03
248  2620.0  0.03
249  2620.0  0.03
250  2620.0  0.03
251  2620.0  0.03
252  2620.0  0.03
253  2620.0  0.03
254  2620.0  0.03
255  2620.0  0.03
256  2620.0  0.03
257  2620.0  0.03
258  2620.0  0.03
259  2620.0  0.03
260  2620.0  0.03
261  2620.0  0.03
262  2620.0  0.03
263  2620.0  0.03
264  2620.0  0.03
265  2620.0  0.03
266  2620.0  0.03
267  2620.0  0.03
268  2620.0  0.03
269  2620.0  0.03
270  2620.0  0.03
271  2620.0  0.03
272  2620.0  0.03
273  2620.0  0.03
274  2620.0  0.03
275  2620.0  0.03
276  2620.0  0.03
277  2620.0  0.03
278  2620.0  0.03
279  2620.0  0.03
280  2620.0  0.03
281  2620.0  0.03
282  2620.0  0.03
283  2620.0  0.03
284  2620.0  0.03
285  2620.0  0.03
286  2620.0  0.03
287  2620.0  0.03
288  2620.0  0.03
289  2620.0  0.03
290  2620.0  0.03
291  2620.0  0.03
292  2620.0  0.03
293  2620.0  0.03
294  2620.0  0.03
295  2620.0  0.03
296  2620.0  0.03
297  2620.0  0.03
298  2620.0  0.03
299  2620.0  0.03
300  2620.0  0.03
301  2620.0  0.03
302  2620.0  0.03
303  2620.0  0.03
304  2620.0  0.03
305  2620.0  0.03
306  2620.0  0.03
307  2620.0  0.03
308  2620.0  0.03
309  2620.0  0.03
310  2620.0  0.03
311  2620.0  0.03
312  2620.0  0.03
313  2620.0  0.03
314  2620.0  0.03
315  2620.0  0.03
316  2620.0  0.03
317  2620.0  0.03
318  2620.0  0.03
319  2620.0  0.03
320  2620.0  0.03
321  2620.0  0.03
322  2620.0  0.03
323  2620.0  0.03
324  2620.0  0.03
325  2620.0  0.03
326  2620.0  0.03
327  2620.0  0.03
328  2620.0  0.03
329  2620.0  0.03
330  2620.0  0.03
331  2620.0  0.03
332  2620.0  0.03
333  2620.0  0.03
334  2620.0  0.03
335  2620.0  0.03
336  2620.0  0.03
337  2620.0  0.03
338  2620.0  0.03
339  2620.0  0.03
340  2620.0  0.03
341  2620.0  0.03
342  2620.0  0.03
343  2620.0  0.03
344  2620.0  0.03
345  2620.0  0.03
346  2620.0  0.03
347  2620.0  0.03
348  2620.0  0.03
349  2620.0  0.03
350  2620.0  0.03
351  2620.0  0.03
352  2620.0  0.03
353  2620.0  0.03
354  2620.0  0.03
355  2620.0  0.03
356  2620.0  0.03
357  2620.0  0.03
358  2620.0  0.03
359  2620.0  0.03
360  2620.0  0.03
361  2620.0  0.03
362  2620.0  0.03
363  2620.0  0.03
364  2620.0  0.03
365  2620.0  0.03
366  2620.0  0.03
367  2620.0  0.03
368  2620.0  0.03
369  2620.0  0.03
370  2620.0  0.03
371  2620.0  0.03
372  2620.0  0.03
373  2620.0  0.03
374  2620.0  0.03
375  2620.0  0.03
376  2620.0  0.03
377  2620.0  0.03
378  2620.0  0.03
379  2620.0  0.03
380  2620.0  0.03
381  2620.0  0.03
382  2620.0  0.03
383  2620.0  0.03
384  2620.0  0.03
385  2620.0  0.03
386  2620.0  0.03
387  2620.0  0.03
388  2620.0  0.03
389  2620.0  0.03
390  2620.0  0.03
391  2620.0  0.03
392  2620.0  0.03
393  2620.0  0.03
394  2620.0  0.03
395  2620.0  0.03
396  2620.0  0.03
397  2620.0  0.03
398  2620.0  0.03
399  2620.0  0.03
400  2620.0  0.03
401  2620.0  0.03
402  2620.0  0.03
403  2620.0  0.03
404  2620.0  0.03
405  2620.0  0.03
406  2620.0  0.03
407  2620.0  0.03
408  2620.0  0.03
409  2620.0  0.03
410  2620.0  0.03
411  2620.0  0.03
412  2620.0  0.03
413  2620.0  0.03
414  2620.0  0.03
415  2620.0  0.03
416  2620.0  0.03
417  2620.0  0.03
418  2620.0  0.03
419  2620.0  0.03
420  2620.0  0.03
421  2620.0  0.03
422  2620.0  0.03
423  2620.0  0.03
424  2620.0  0.03
425  2620.0  0.03
426  2620.0  0.03
427  2620.0  0.03
428  2620.0  0.03
429  2620.0  0.03
430  2620.0  0.03
431  2620.0  0.03
432  2620.0  0.03
433  2620.0  0.03
434  2620.0  0.03
435  2620.0  0.03
436  2620.0  0.03
437  2620.0  0.03
438  2620.0  0.03
439  2620.0  0.03
440  2620.0  0.03
441  2620.0  0.03
442  2620.0  0.03
443  2620.0  0.03
444  2620.0  0.03
445  2620.0  0.03
446  2620.0  0.03
447  2620.0  0.03
448  2620.0  0.03
449  2620.0  0.03
450  2620.0  0.03
451  2620.0  0.03
452  2620.0  0.03
453  2620.0  0.03
454  2620.0  0.03
455  2620.0  0.03
456  2620.0  0.03
457  2620.0  0.03
458  2620.0  0.03
459  2620.0  0.03
460  2620.0  0.03
461  2620.0  0.03
462  2620.0  0.03
463  2620.0  0.03
464  2620.0  0.03
465  2620.0  0.03
466  2620.0  0.03
467  2620.0  0.03
468  2620.0  0.03
469  2620.0  0.03
470  2620.0  0.03
471  2620.0  0.03
472  2620.0  0.03
473  2620.0  0.03
474  2620.0  0.03
475  2620.0  0.03
476  2620.0  0.03
477  2620.0  0.03
478  2620.0  0.03
479  2620.0  0.03
480  2620.0  0.03
481  2620.0  0.03
482  2620.0  0.03
483  2620.0  0.03
484  2620.0  0.03
485  2620.0  0.03
486  2620.0  0.03
487  2620.0  0.03
488  2620.0  0.03
489  2620.0  0.03
490  2620.0  0.03
491  2620.0  0.03
492  2620.0  0.03
493  2620.0  0.03
494  2620.0  0.03
495  2620.0  0.03
496  2620.0  0.03
497  2620.0  0.03
498  2620.0  0.03
499  2620.0  0.03
500  2620.0  0.03
501  2620.0  0.03
502  2620.0  0.03
503  2620.0  0.03
504  2620.0  0.03
505  2620.0  0.03
506  2620.0  0.03
507  2620.0  0.03
508  2620.0  0.03
509  2620.0  0.03
510  2620.0  0.03
511  2620.0  0.03
512  2620.0  0.03
513  2620.0  0.03
514  2620.0  0.03
515  2620.0  0.03
516  2620.0  0.03
517  2620.0  0.03
518  2620.0  0.03
519  2620.0  0.03
520  2620.0  0.03
521  2620.0  0.03
522  2620.0  0.03
523  2620.0  0.03
524  2620.0  0.03
525  2620.0  0.03
526  2620.0  0.03
527  2620.0  0.03
528  2620.0  0.03
529  2620.0  0.03
530  2620.0  0.03
531  2620.0  0.03
532  2620.0  0.03
533  2620.0  0.03
534  2620.0  0.03
535  2620.0  0.03
536  2620.0  0.03
537  2620.0  0.03
538  2620.0  0.03
539  2620.0  0.03
540  2620.0  0.03
541  2620.0  0.03
542  2620.0  0.03
543  2620.0  0.03
544  2620.0  0.03
545  2620.0  0.03
546  2620.0  0.03
547  2620.0  0.03
548  2620.0  0.03
549  2620.0  0.03
550  2620.0  0.03
551  2620.0  0.03
552  2620.0  0.03
553  2620.0  0.03
554  2620.0  0.03
555  2620.0  0.03
556  2620.0  0.03
557  2620.0  0.03
558  2620.0  0.03
559  2620.0  0.03
560  2620.0  0.03
561  2620.0  0.03
562  2620.0  0.03
563  2620.0  0.03
564  2620.0  0.03
565  2620.0  0.03
566  2620.0  0.03
567  2620.0  0.03
568  2620.0  0.03
569  2620.0  0.03
570  2620.0  0.03
571  2620.0  0.03
572  2620.0  0.03
573  2620.0  0.03
574  2620.0  0.03
575  2620.0  0.03
576  2620.0  0.03
577  2620.0  0.03
578  2620.0  0.03
579  2620.0  0.03
580  2620.0  0.03
581  2620.0  0.03
582  2620.0  0.03
583  2620.0  0.03
584  2620.0  0.03
585  2620.0  0.03
586  2620.0  0.03
587  2620.0  0.03
588  2620.0  0.03
589  2620.0  0.03
590  2620.0  0.03
591  2620.0  0.03
592  2620.0  0.03
593  2620.0  0.03
594  2620.0  0.03
595  2620.0  0.03
596  2620.0  0.03
597  2620.0  0.03
598  2620.0  0.03
599  2620.0  0.03
600  2620.0  0.03
601  2620.0  0.03
602  2620.0  0.03
603  2620.0  0.03
604  2620.0  0.03
605  2620.0  0.03
606  2620.0  0.03
607  2620.0  0.03
608  2620.0  0.03
609  2620.0  0.03
610  2620.0  0.03
611  2620.0  0.03
612  2620.0  0.03
613  2620.0  0.03
614  2620.0  0.03
615  2620.0  0.03
616  2620.0  0.03
617  2620.0  0.03
618  2620.0  0.03
619  2620.0  0.03
620  2620.0  0.03
621  2620.0  0.03
622  2620.0  0.03
623  2620.0  0.03
624  2620.0  0.03
625  2620.0  0.03
626  2620.0  0.03
627  2620.0  0.03
628  2620.0  0.03
629  2620.0  0.03
630  2620.0  0.03
631  2620.0  0.03
632  2620.0  0.03
633  2620.0  0.03
634  2620.0  0.03
635  2620.0  0.03
636  2620.0  0.03
637  2620.0  0.03
638  2620.0  0.03
639  2620.0  0.03
640  2620.0  0.03
641  2620.0  0.03
642  2620.0  0.03
643  2620.0  0.03
644  2620.0  0.03
645  2620.0  0.03
646  2620.0  0.03
647  2620.0  0.03
648  2620.0  0.03
649  2620.0  0.03
650  2620.0  0.03
651  2620.0  0.03
652  2620.0  0.03
653  2620.0  0.03
654  2620.0  0.03
655  2620.0  0.03
656  2620.0  0.03
657  2620.0  0.03
658  2620.0  0.03
659  2620.0  0.03
660  2620.0  0.03
661  2620.0  0.03
662  2620.0  0.03
663  2620.0  0.03
664  2620.0  0.03
665  2620.0  0.03
666  2620.0  0.03
667  2620.0  0.03
668  2620.0  0.03
669  2620.0  0.03
670  2620.0  0.03
671  2620.0  0.03
672  2620.0  0.03
673  2620.0  0.03
674  2620.0  0.03
675  2620.0  0.03
676  2620.0  0.03
677  2620.0  0.03
678  2620.0  0.03
679  2620.0  0.03
680  2620.0  0.03
681  2620.0  0.03
682  2620.0  0.03
683  2620.0  0.03
684  2620.0  0.03
685  2620.0  0.03
686  2620.0  0.03
687  2620.0  0.03
688  2620.0  0.03
689  2620.0  0.03
690  2620.0  0.03
691  2620.0  0.03
692  2620.0  0.03
693  2620.0  0.03
694  2620.0  0.03
695  2620.0  0.03
696  2620.0  0.03
697  2620.0  0.03
698  2620.0  0.03
699  2620.0  0.03
700  2620.0  0.03
701  2620.0  0.03
702  2620.0  0.03
703  2620.0  0.03
704  2620.0  0.03
705  2620.0  0.03
706  2620.0  0.03
707  2620.0  0.03
708  2620.0  0.03
709  2620.0  0.03
710  2620.0  0.03
711  2620.0  0.03
712  2620.0  0.03
713  2620.0  0.03
714  2620.0  0.03
715  2620.0  0.03
716  2620.0  0.03
717  2620.0  0.03
718  2620.0  0.03
719  2620.0  0.03
720  2620.0  0.03
721  2620.0  0.03
722  2620.0  0.03
723  2620.0  0.03
724  2620.0  0.03
725  2620.0  0.03
726  2620.0  0.03
727  2620.0  0.03
728  2620.0  0.03
729  2620.0  0.03
730  2620.0  0.03
731  2620.0  0.03
732  2620.0  0.03
733  2620.0  0.03
734  2620.0  0.03
735  2620.0  0.03
736  2620.0  0.03
737  2620.0  0.03
738  2620.0  0.03
739  2620.0  0.03
740  2620.0  0.03
741  2620.0  0.03
742  2620.0  0.03
743  2620.0  0.03
744  2620.0  0.03
745  2620.0  0.03
746  2620.0  0.03
747  2620.0  0.03
748  2620.0  0.03
749  2620.0  0.03
750  2620.0  0.03
751  2620.0  0.03
752  2656.0  0.03
753  2656.0  0.03
754  2656.0  0.03
755  2656.0  0.03
756  2656.0  0.03
757  2656.0  0.03
758  2656.0  0.03
759  2656.0  0.03
760  2656.0  0.03
761  2656.0  0.03
762  2656.0  0.03
763  2656.0  0.03
764  2656.0  0.03
765  2656.0  0.03
766  2656.0  0.03
767  2656.0  0.03
768  2656.0  0.03
769  2656.0  0.03
770  2656.0  0.03
771  2656.0  0.03
772  2656.0  0.03
773  2656.0  0.03
774  2656.0  0.03
775  2656.0  0.03
776  2656.0  0.03
777  2656.0  0.03
778  2656.0  0.03
779  2656.0  0.03
780  2656.0  0.03
781  2656.0  0.03
782  2656.0  0.03
783  2656.0  0.03
784  2656.0  0.03
785  2656.0  0.03
786  2656.0  0.03
787  2656.0  0.03
788  2656.0  0.03
789  2656.0  0.03
790  2656.0  0.03
791  2656.0  0.03
792  2656.0  0.03
793  2656.0  0.03
794  2656.0  0.03
795  2656.0  0.03
796  2656.0  0.03
797  2656.0  0.03
798  2656.0  0.03
799  2656.0  0.03
800  2656.0  0.03
801  2656.0  0.03
802  2656.0  0.03
803  2656.0  0.03
804  2656.0  0.03
805  2656.0  0.03
806  2656.0  0.03
807  2656.0  0.03
808  2656.0  0.03
809  2656.0  0.03
810  2656.0  0.03
811  2656.0  0.03
812  2656.0  0.03
813  2656.0  0.03
814  2656.0  0.03
815  2656.0  0.03
816  2656.0  0.03
817  2656.0  0.03
818  2656.0  0.03
819  2656.0  0.03
820  2656.0  0.03
821  2656.0  0.03
822  2656.0  0.03
823  2656.0  0.03
824  2656.0  0.03
825  2656.0  0.03
826  2656.0  0.03
827  2656.0  0.03
828  2656.0  0.03
829  2656.0  0.03
830  2656.0  0.03
831  2656.0  0.03
832  2656.0  0.03
833  2656.0  0.03
834  2656.0  0.03
835  2656.0  0.03
836  2656.0  0.03
837  2656.0  0.03
838  2656.0  0.03
839  2656.0  0.03
840  2656.0  0.03
841  2656.0  0.03
842  2656.0  0.03
843  2656.0  0.03
844  2656.0  0.03
845  2656.0  0.03
846  2656.0  0.03
847  2656.0  0.03
848  2656.0  0.03
849  2656.0  0.03
850  2656.0  0.03
851  2656.0  0.03
852  2656.0  0.03
853  2656.0  0.03
854  2656.0  0.03
855  2656.0  0.03
856  2656.0  0.03
857  2656.0  0.03
858  2656.0  0.03
859  2656.0  0.03
860  2656.0  0.03
861  2656.0  0.03
862  2656.0  0.03
863  2656.0  0.03
864  2656.0  0.03
865  2656.0  0.03
866  2656.0  0.03
867  2656.0  0.03
868  2656.0  0.03
869  2656.0  0.03
870  2656.0  0.03
871  2656.0  0.03
872  2656.0  0.03
873  2656.0  0.03
874  2656.0  0.03
875  2656.0  0.03
876  2656.0  0.03
877  2656.0  0.03
878  2656.0  0.03
879  2656.0  0.03
880  2656.0  0.03
881  2656.0  0.03
882  2656.0  0.03
883  2656.0  0.03
884  2656.0  0.03
885  2656.0  0.03
886  2656.0  0.03
887  2656.0  0.03
888  2656.0  0.03
889  2656.0  0.03
890  2656.0  0.03
891  2656.0  0.03
892  2656.0  0.03
893  2656.0  0.03
894  2656.0  0.03
895  2656.0  0.03
896  2656.0  0.03
897  2656.0  0.03
898  2656.0  0.03
899  2656.0  0.03
900  2656.0  0.03
901  2656.0  0.03
902  2656.0  0.03
903  2656.0  0.03
904  2656.0  0.03
905  2656.0  0.03
906  2656.0  0.03
907  2656.0  0.03
908  2656.0  0.03
909  2656.0  0.03
910  2656.0  0.03
911  2656.0  0.03
912  2656.0  0.03
913  2656.0  0.03
914  2656.0  0.03
915  2656.0  0.03
916  2656.0  0.03
917  2656.0  0.03
918  2656.0  0.03
919  2656.0  0.03
920  2656.0  0.03
921  2656.0  0.03
922  2656.0  0.03
923  2656.0  0.03
924  2656.0  0.03
925  2656.0  0.03
926  2656.0  0.03
927  2656.0  0.03
928  2656.0  0.03
929  2656.0  0.03
930  2656.0  0.03
931  2656.0  0.03
932  2656.0  0.03
933  2656.0  0.03
934  2656.0  0.03
935  2656.0  0.03
936  2656.0  0.03
937  2656.0  0.03
938  2656.0  0.03
939  2656.0  0.03
940  2656.0  0.03
941  2656.0  0.03
942  2656.0  0.03
943  2656.0  0.03
944  2656.0  0.03
945  2656.0  0.03
946  2656.0  0.03
947  2656.0  0.03
948  2656.0  0.03
949  2656.0  0.03
950  2656.0  0.03
951  2656.0  0.03
952  2656.0  0.03
953  2656.0  0.03
954  2656.0  0.03
955  2656.0  0.03
956  2656.0  0.03
957  2656.0  0.03
958  2656.0  0.03
959  2656.0  0.03
960  2656.0  0.03
961  2656.0  0.03
962  2656.0  0.03
963  2656.0  0.03
964  2656.0  0.03
965  2656.0  0.03
966  2656.0  0.03
967  2656.0  0.03
968  2656.0  0.03
969  2656.0  0.03
970  2656.0  0.03
971  2656.0  0.03
972  2656.0  0.03
973  2656.0  0.03
974  2656.0  0.03
975  2656.0  0.03
976  2656.0  0.03
977  2656.0  0.03
978  2656.0  0.03
979  2656.0  0.03
980  2656.0  0.03
981  2656.0  0.03
982  2656.0  0.03
983  2656.0  0.03
984  2656.0  0.03
985  2656.0  0.03
986  2656.0  0.03
987  2656.0  0.03
988  2656.0  0.03
989  2656.0  0.03
990  2656.0  0.03
991  2656.0  0.03
992  2656.0  0.03
993  2656.0  0.03
994  2656.0  0.03
995  2656.0  0.03
996  2656.0  0.03
997  2656.0  0.03
998  2656.0  0.03
999  2656.0  0.03
1000  2656.0  0.03
1001  2656.0  0.03
1002  2656.0  0.03
1003  2656.0  0.03
1004  2656.0  0.03
1005  2656.0  0.03
1006  2656.0  0.03
1007  2656.0  0.03
1008  2656.0  0.03
1009  2656.0  0.03
1010  2656.0  0.03
1011  2656.0  0.03
1012  2656.0  0.03
1013  2656.0  0.03
1014  2656.0  0.03
1015  2656.0  0.03
1016  2656.0  0.03
1017  2656.0  0.03
1018  2656.0  0.03
1019  2656.0  0.03
1020  2656.0  0.03
1021  2656.0  0.03
1022  2656.0  0.03
1023  2656.0  0.03
1024  2656.0  0.03
1025  2656.0  0.03
1026  2656.0  0.03
1027  2656.0  0.03
1028  2656.0  0.03
1029  2656.0  0.03
1030  2656.0  0.03
1031  2656.0  0.03
1032  2656.0  0.03
1033  2656.0  0.03
1034  2656.0  0.03
1035  2656.0  0.03
1036  2656.0  0.03
1037  2656.0  0.03
1038  2656.0  0.03
1039  2656.0  0.03
1040  2656.0  0.03
1041  2656.0  0.03
1042  2656.0  0.03
1043  2656.0  0.03
1044  2656.0  0.03
1045  2656.0  0.03
1046  2656.0  0.03
1047  2656.0  0.03
1048  2656.0  0.03
1049  2656.0  0.03
1050  2656.0  0.03
1051  2656.0  0.03
1052  2656.0  0.03
1053  2656.0  0.03
1054  2656.0  0.03
1055  2656.0  0.03
1056  2656.0  0.03
1057  2656.0  0.03
1058  2656.0  0.03
1059  2656.0  0.03
1060  2656.0  0.03
1061  2656.0  0.03
1062  2656.0  0.03
1063  2656.0  0.03
1064  2656.0  0.03
1065  2656.0  0.03
1066  2656.0  0.03
1067  2656.0  0.03
1068  2656.0  0.03
1069  2656.0  0.03
1070  2656.0  0.03
1071  2656.0  0.03
1072  2656.0  0.03
1073  2656.0  0.03
1074  2656.0  0.03
1075  2656.0  0.03
1076  2656.0  0.03
1077  2656.0  0.03
1078  2656.0  0.03
1079  2656.0  0.03
1080  2656.0  0.03
1081  2656.0  0.03
1082  2656.0  0.03
1083  2656.0  0.03
1084  2656.0  0.03
1085  2656.0  0.03
1086  2656.0  0.03
1087  2656.0  0.03
1088  2656.0  0.03
1089  2656.0  0.03
1090  2656.0  0.03
1091  2656.0  0.03
1092  2656.0  0.03
1093  2656.0  0.03
1094  2656.0  0.03
1095  2656.0  0.03
1096  2656.0  0.03
1097  2656.0  0.03
1098  2656.0  0.03
1099  2656.0  0.03
1100  2656.0  0.03
1101  2656.0  0.03
1102  2656.0  0.03
1103  2656.0  0.03
1104  2656.0  0.03
1105  2656.0  0.03
1106  2656.0  0.03
1107  2656.0  0.03
1108  2656.0  0.03
1109  2656.0  0.03
1110  2656.0  0.03
1111  2656.0  0.03
1112  2656.0  0.03
1113  2656.0  0.03
1114  2656.0  0.03
1115  2656.0  0.03
1116  2656.0  0.03
1117  2656.0  0.03
1118  2656.0  0.03
1119  2656.0  0.03
1120  2656.0  0.03
1121  2656.0  0.03
1122  2656.0  0.03
1123  2656.0  0.03
1124  2656.0  0.03
1125  2656.0  0.03
1126  2656.0  0.03
1127  2656.0  0.03
1128  2656.0  0.03
1129  2656.0  0.03
1130  2656.0  0.03
1131  2656.0  0.03
1132  2656.0  0.03
1133  2656.0  0.03
1134  2656.0  0.03
1135  2656.0  0.03
1136  2656.0  0.03
1137  2656.0  0.03
1138  2656.0  0.03
1139  2656.0  0.03
1140  2656.0  0.03
1141  2656.0  0.03
1142  2656.0  0.03
1143  2656.0  0.03
1144  2656.0  0.03
1145  2656.0  0.03
1146  2656.0  0.03
1147  2656.0  0.03
1148  2656.0  0.03
1149  2656.0  0.03
1150  2656.0  0.03
1151  2656.0  0.03
1152  2656.0  0.03
1153  2656.0  0.03
1154  2656.0  0.03
1155  2656.0  0.03
1156  2656.0  0.03
1157  2656.0  0.03
1158  2656.0  0.03
1159  2656.0  0.03
1160  2656.0  0.03
1161  2656.0  0.03
1162  2656.0  0.03
1163  2656.0  0.03
1164  2656.0  0.03
1165  2656.0  0.03
1166  2656.0  0.03
1167  2656.0  0.03
1168  2656.0  0.03
1169  2656.0  0.03
1170  2656.0  0.03
1171  2656.0  0.03
1172  2656.0  0.03
1173  2656.0  0.03
1174  2656.0  0.03
1175  2656.0  0.03
1176  2656.0  0.03
1177  2656.0  0.03
1178  2656.0  0.03
1179  2656.0  0.03
1180  2656.0  0.03
1181  2656.0  0.03
1182  2656.0  0.03
1183  2656.0  0.03
1184  2656.0  0.03
1185  2656.0  0.03
1186  2656.0  0.03
1187  2656.0  0.03
1188  2656.0  0.03
1189  2656.0  0.03
1190  2656.0  0.03
1191  2656.0  0.03
1192  2656.0  0.03
1193  2656.0  0.03
1194  2656.0  0.03
1195  2656.0  0.03
1196  2656.0  0.03
1197  2656.0  0.03
1198  2656.0  0.03
1199  2656.0  0.03
1200  2656.0  0.03
1201  2656.0  0.03
1202  2656.0  0.03
1203  2656.0  0.03
1204  2656.0  0.03
1205  2656.0  0.03
1206  2656.0  0.03
1207  2656.0  0.03
1208  2656.0  0.03
1209  2656.0  0.03
1210  2656.0  0.03
1211  2656.0  0.03
1212  2656.0  0.03
1213  2656.0  0.03
1214  2656.0  0.03
1215  2656.0  0.03
1216  2656.0  0.03
1217  2656.0  0.03
1218  2656.0  0.03
1219  2656.0  0.03
1220  2656.0  0.03
1221  2656.0  0.03
1222  2656.0  0.03
1223  2656.0  0.03
1224  2656.0  0.03
1225  2656.0  0.03
1226  2656.0  0.03
1227  2656.0  0.03
1228  2656.0  0.03
1229  2656.0  0.03
1230  2656.0  0.03
1231  2656.0  0.03
1232  2656.0  0.03
1233  2656.0  0.03
1234  2656.0  0.03
1235  2656.0  0.03
1236  2656.0  0.03
1237  2656.0  0.03
1238  2656.0  0.03
1239  2656.0  0.03
1240  2656.0  0.03
1241  2656.0  0.03
1242  2656.0  0.03
1243  2656.0  0.03
1244  2656.0  0.03
1245  2656.0  0.03
1246  2656.0  0.03
1247  2656.0  0.03
1248  2656.0  0.03
1249  2656.0  0.03
1250  2656.0  0.03
1251  2656.0  0.03
1252  2656.0  0.03
1253  2656.0  0.03
1254  2656.0  0.03
1255  2656.0  0.03
1256  2656.0  0.03
1257  2656.0  0.03
1258  2656.0  0.03
1259  2656.0  0.03
1260  2656.0  0.03
1261  2656.0  0.03
1262  2656.0  0.03
1263  2656.0  0.03
1264  2656.0  0.03
1265  2656.0  0.03
1266  2656.0  0.03
1267  2656.0  0.03
1268  2656.0  0.03
1269  2656.0  0.03
1270  2656.0  0.03
1271  2656.0  0.03
1272  2656.0  0.03
1273  2656.0  0.03
1274  2656.0  0.03
1275  2656.0  0.03
1276  2656.0  0.03
1277  2656.0  0.03
1278  2656.0  0.03
1279  2656.0  0.03
1280  2656.0  0.03
1281  2656.0  0.03
1282  2656.0  0.03
1283  2656.0  0.03
1284  2656.0  0.03
1285  2656.0  0.03
1286  2656.0  0.03
1287  2656.0  0.03
1288  2656.0  0.03
1289  2656.0  0.03
1290  2656.0  0.03
1291  2656.0  0.03
1292  2656.0  0.03
1293  2656.0  0.03
1294  2656.0  0.03
1295  2656.0  0.03
1296  2656.0  0.03
1297  2656.0  0.03
1298  2656.0  0.03
1299  2656.0  0.03
1300  2656.0  0.03
1301  2656.0  0.03
1302  2656.0  0.03
1303  2656.0  0.03
1304  2656.0  0.03
1305  2656.0  0.03
1306  2656.0  0.03
1307  2656.0  0.03
1308  2656.0  0.03
1309  2656.0  0.03
1310  2656.0  0.03
1311  2656.0  0.03
1312  2656.0  0.03
1313  2656.0  0.03
1314  2656.0  0.03
1315  2656.0  0.03
1316  2656.0  0.03
1317  2656.0  0.03
1318  2656.0  0.03
1319  2656.0  0.03
1320  2656.0  0.03
1321  2656.0  0.03
1322  2656.0  0.03
1323  2656.0  0.03
1324  2656.0  0.03
1325  2656.0  0.03
1326  2656.0  0.03
1327  2656.0  0.03
1328  2656.0  0.03
1329  2656.0  0.03
1330  2656.0  0.03
1331  2656.0  0.03
1332  2656.0  0.03
1333  2656.0  0.03
1334  2656.0  0.03
1335  2656.0  0.03
1336  2656.0  0.03
1337  2656.0  0.03
1338  2656.0  0.03
1339  2656.0  0.03
1340  2656.0  0.03
1341  2656.0  0.03
1342  2656.0  0.03
1343  2656.0  0.03
1344  2656.0  0.03
1345  2656.0  0.03
1346  2656.0  0.03
1347  2656.0  0.03
1348  2656.0  0.03
1349  2656.0  0.03
1350  2656.0  0.03
1351  2656.0  0.03
1352  2656.0  0.03
1353  2656.0  0.03
1354  2656.0  0.03
1355  2656.0  0.03
1356  2656.0  0.03
1357  2656.0  0.03
1358  2656.0  0.03
1359  2656.0  0.03
1360  2656.0  0.03
1361  2656.0  0.03
1362  2656.0  0.03
1363  2656.0  0.03
1364  2656.0  0.03
1365  2656.0  0.03
1366  2656.0  0.03
1367  2656.0  0.03
1368  2656.0  0.03
1369  2656.0  0.03
1370  2656.0  0.03
1371  2656.0  0.03
1372  2656.0  0.03
1373  2656.0  0.03
1374  2656.0  0.03
1375  2656.0  0.03
1376  2656.0  0.03
1377  2656.0  0.03
1378  2656.0  0.03
1379  2656.0  0.03
1380  2656.0  0.03
1381  2656.0  0.03
1382  2656.0  0.03
1383  2656.0  0.03
1384  2656.0  0.03
1385  2656.0  0.03
1386  2656.0  0.03
1387  2656.0  0.03
1388  2656.0  0.03
1389  2656.0  0.03
1390  2656.0  0.03
1391  2656.0  0.03
1392  2656.0  0.03
1393  2656.0  0.03
1394  2656.0  0.03
1395  2656.0  0.03
1396  2656.0  0.03
1397  2656.0  0.03
1398  2656.0  0.03
1399  2656.0  0.03
1400  2656.0  0.03
1401  2656.0  0.03
1402  2656.0  0.03
1403  2656.0  0.03
1404  2656.0  0.03
1405  2656.0  0.03
1406  2656.0  0.03
1407  2656.0  0.03
1408  2656.0  0.03
1409  2656.0  0.03
1410  2656.0  0.03
1411  2656.0  0.03
1412  2656.0  0.03
1413  2656.0  0.03
1414  2656.0  0.03
1415  2656.0  0.03
1416  2656.0  0.03
1417  2656.0  0.03
1418  2663.0  0.02
1419  2663.0  0.02
1420  2663.0  0.02
1421  2663.0  0.02
1422  2663.0  0.02
1423  2663.0  0.02
1424  2663.0  0.02
1425  2663.0  0.02
1426  2663.0  0.02
1427  2663.0  0.02
1428  2663.0  0.02
1429  2663.0  0.02
1430  2663.0  0.02
1431  2663.0  0.02
1432  2663.0  0.02
1433  2663.0  0.02
1434  2663.0  0.02
1435  2663.0  0.02
1436  2663.0  0.02
1437  2663.0  0.02
1438  2663.0  0.02
1439  2663.0  0.02
1440  2663.0  0.02
1441  2663.0  0.02
1442  2663.0  0.02
1443  2663.0  0.02
1444  2663.0  0.02
1445  2663.0  0.02
1446  2663.0  0.02
1447  2663.0  0.02
1448  2663.0  0.02
1449  2663.0  0.02
1450  2663.0  0.02
1451  2663.0  0.02
1452  2663.0  0.02
1453  2663.0  0.02
1454  2663.0  0.02
1455  2663.0  0.02
1456  2663.0  0.02
1457  2663.0  0.02
1458  2663.0  0.02
1459  2663.0  0.02
1460  2663.0  0.02
1461  2663.0  0.02
1462  2663.0  0.02
1463  2663.0  0.02
1464  2663.0  0.02
1465  2663.0  0.02
1466  2663.0  0.02
1467  2663.0  0.02
1468  2663.0  0.02
1469  2663.0  0.02
1470  2663.0  0.02
1471  2663.0  0.02
1472  2663.0  0.02
1473  2663.0  0.02
1474  2663.0  0.02
1475  2663.0  0.02
1476  2663.0  0.02
1477  2663.0  0.02
1478  2663.0  0.02
1479  2663.0  0.02
1480  2663.0  0.02
1481  2663.0  0.02
1482  2663.0  0.02
1483  2663.0  0.02
1484  2663.0  0.02
1485  2663.0  0.02
1486  2663.0  0.02
1487  2663.0  0.02
1488  2663.0  0.02
1489  2663.0  0.02
1490  2663.0  0.02
1491  2663.0  0.02
1492  2663.0  0.02
1493  2663.0  0.02
1494  2663.0  0.02
1495  2663.0  0.02
1496  2663.0  0.02
1497  2663.0  0.02
1498  2663.0  0.02
1499  2663.0  0.02
1500  2663.0  0.02
1501  2663.0  0.02
1502  2663.0  0.02
1503  2663.0  0.02
1504  2663.0  0.02
1505  2663.0  0.02
1506  2663.0  0.02
1507  2663.0  0.02
1508  2663.0  0.02
1509  2663.0  0.02
1510  2663.0  0.02
1511  2663.0  0.02
1512  2663.0  0.02
1513  2663.0  0.02
1514  2663.0  0.02
1515  2663.0  0.02
1516  2663.0  0.02
1517  2663.0  0.02
1518  2663.0  0.02
1519  2663.0  0.02
1520  2663.0  0.02
1521  2663.0  0.02
1522  2663.0  0.02
1523  2663.0  0.02
1524  2663.0  0.02
1525  2663.0  0.02
1526  2663.0  0.02
1527  2663.0  0.02
1528  2663.0  0.02
1529  2663.0  0.02
1530  2663.0  0.02
1531  2663.0  0.02
1532  2663.0  0.02
1533  2663.0  0.02
1534  2663.0  0.02
1535  2663.0  0.02
1536  2663.0  0.02
1537  2663.0  0.02
1538  2663.0  0.02
1539  2663.0  0.02
1540  2663.0  0.02
1541  2663.0  0.02
1542  2663.0  0.02
1543  2663.0  0.02
1544  2663.0  0.02
1545  2663.0  0.02
1546  2663.0  0.02
1547  2663.0  0.02
1548  2663.0  0.02
1549  2663.0  0.02
1550  2663.0  0.02
1551  2663.0  0.02
1552  2663.0  0.02
1553  2663.0  0.02
1554  2663.0  0.02
1555  2663.0  0.02
1556  2663.0  0.02
1557  2663.0  0.02
1558  2663.0  0.02
1559  2663.0  0.02
1560  2663.0  0.02
1561  2663.0  0.02
1562  2663.0  0.02
1563  2663.0  0.02
1564  2663.0  0.02
1565  2663.0  0.02
1566  2663.0  0.02
1567  2663.0  0.02
1568  2663.0  0.02
1569  2663.0  0.02
1570  2663.0  0.02
1571  2663.0  0.02
1572  2663.0  0.02
1573  2663.0  0.02
1574  2663.0  0.02
1575  2663.0  0.02
1576  2663.0  0.02
1577  2663.0  0.02
1578  2663.0  0.02
1579  2663.0  0.02
1580  2663.0  0.02
1581  2663.0  0.02
1582  2663.0  0.02
1583  2663.0  0.02
1584  2663.0  0.02
1585  2663.0  0.02
1586  2663.0  0.02
1587  2663.0  0.02
1588  2663.0  0.02
1589  2663.0  0.02
1590  2663.0  0.02
1591  2663.0  0.02
1592  2663.0  0.02
1593  2663.0  0.02
1594  2663.0  0.02
1595  2663.0  0.02
1596  2663.0  0.02
1597  2663.0  0.02
1598  2663.0  0.02
1599  2663.0  0.02
1600  2663.0  0.02
1601  2663.0  0.02
1602  2663.0  0.02
1603  2663.0  0.02
1604  2663.0  0.02
1605  2663.0  0.02
1606  2663.0  0.02
1607  2663.0  0.02
1608  2663.0  0.02
1609  2663.0  0.02
1610  2663.0  0.02
1611  2663.0  0.02
1612  2663.0  0.02
1613  2663.0  0.02
1614  2663.0  0.02
1615  2663.0  0.02
1616  2663.0  0.02
1617  2663.0  0.02
1618  2663.0  0.02
1619  2663.0  0.02
1620  2663.0  0.02
1621  2663.0  0.02
1622  2663.0  0.02
1623  2663.0  0.02
1624  2663.0  0.02
1625  2663.0  0.02
1626  2663.0  0.02
1627  2663.0  0.02
1628  2663.0  0.02
1629  2663.0  0.02
1630  2663.0  0.02
1631  2663.0  0.02
1632  2663.0  0.02
1633  2663.0  0.02
1634  2663.0  0.02
1635  2663.0  0.02
1636  2663.0  0.02
1637  2663.0  0.02
1638  2663.0  0.02
1639  2663.0  0.02
1640  2663.0  0.02
1641  2663.0  0.02
1642  2663.0  0.02
1643  2663.0  0.02
1644  2663.0  0.02
1645  2663.0  0.02
1646  2663.0  0.02
1647  2663.0  0.02
1648  2663.0  0.02
1649  2663.0  0.02
1650  2663.0  0.02
1651  2663.0  0.02
1652  2663.0  0.02
1653  2663.0  0.02
1654  2663.0  0.02
1655  2663.0  0.02
1656  2663.0  0.02
1657  2663.0  0.02
1658  2663.0  0.02
1659  2663.0  0.02
1660  2663.0  0.02
1661  2663.0  0.02
1662  2663.0  0.02
1663  2663.0  0.02
1664  2663.0  0.02
1665  2663.0  0.02
1666  2663.0  0.02
1667  2663.0  0.02
1668  2663.0  0.02
1669  2663.0  0.02
1670  2663.0  0.02
1671  2663.0  0.02
1672  2663.0  0.02
1673  2663.0  0.02
1674  2663.0  0.02
1675  2663.0  0.02
1676  2663.0  0.02
1677  2663.0  0.02
1678  2663.0  0.02
1679  2663.0  0.02
1680  2663.0  0.02
1681  2663.0  0.02
1682  2663.0  0.02
1683  2663.0  0.02
1684  2663.0  0.02
1685  2663.0  0.02
1686  2663.0  0.02
1687  2663.0  0.02
1688  2663.0  0.02
1689  2663.0  0.02
1690  2663.0  0.02
1691  2663.0  0.02
1692  2663.0  0.02
1693  2663.0  0.02
1694  2663.0  0.02
1695  2663.0  0.02
1696  2663.0  0.02
1697  2663.0  0.02
1698  2663.0  0.02
1699  2663.0  0.02
1700  2663.0  0.02
1701  2663.0  0.02
1702  2663.0  0.02
1703  2663.0  0.02
1704  2663.0  0.02
1705  2663.0  0.02
1706  2663.0  0.02
1707  2663.0  0.02
1708  2663.0  0.02
1709  2663.0  0.02
1710  2663.0  0.02
1711  2663.0  0.02
1712  2663.0  0.02
1713  2663.0  0.02
1714  2663.0  0.02
1715  2663.0  0.02
1716  2663.0  0.02
1717  2663.0  0.02
1718  2663.0  0.02
1719  2663.0  0.02
1720  2663.0  0.02
1721  2663.0  0.02
1722  2663.0  0.02
1723  2663.0  0.02
1724  2663.0  0.02
1725  2663.0  0.02
1726  2663.0  0.02
1727  2663.0  0.02
1728  2663.0  0.02
1729  2663.0  0.02
1730  2663.0  0.02
1731  2663.0  0.02
1732  2663.0  0.02
1733  2663.0  0.02
1734  2663.0  0.02
1735  2663.0  0.02
1736  2663.0  0.02
1737  2663.0  0.02
1738  2663.0  0.02
1739  2663.0  0.02
1740  2663.0  0.02
1741  2663.0  0.02
1742  2663.0  0.02
1743  2663.0  0.02
1744  2663.0  0.02
1745  2663.0  0.02
1746  2663.0  0.02
1747  2663.0  0.02
1748  2663.0  0.02
1749  2663.0  0.02
1750  2663.0  0.02
1751  2663.0  0.02
1752  2663.0  0.02
1753  2663.0  0.02
1754  2663.0  0.02
1755  2663.0  0.02
1756  2663.0  0.02
1757  2663.0  0.02
1758  2663.0  0.02
1759  2663.0  0.02
1760  2663.0  0.02
1761  2663.0  0.02
1762  2663.0  0.02
1763  2663.0  0.02
1764  2663.0  0.02
1765  2663.0  0.02
1766  2663.0  0.02
1767  2663.0  0.02
1768  2663.0  0.02
1769  2663.0  0.02
1770  2663.0  0.02
1771  2663.0  0.02
1772  2663.0  0.02
1773  2663.0  0.02
1774  2663.0  0.02
1775  2663.0  0.02
1776  2663.0  0.02
1777  2663.0  0.02
1778  2663.0  0.02
1779  2663.0  0.02
1780  2663.0  0.02
1781  2663.0  0.02
1782  2663.0  0.02
1783  2663.0  0.02
1784  2663.0  0.02
1785  2663.0  0.02
1786  2663.0  0.02
1787  2663.0  0.02
1788  2663.0  0.02
1789  2663.0  0.02
1790  2663.0  0.02
1791  2663.0  0.02
1792  2663.0  0.02
1793  2663.0  0.02
1794  2663.0  0.02
1795  2663.0  0.02
1796  2663.0  0.02
1797  2663.0  0.02
1798  2663.0  0.02
1799  2663.0  0.02
1800  2663.0  0.02
1801  2663.0  0.02
1802  2663.0  0.02
1803  2663.0  0.02
1804  2663.0  0.02
1805  2663.0  0.02
1806  2663.0  0.02
1807  2663.0  0.02
1808  2663.0  0.02
1809  2663.0  0.02
1810  2663.0  0.02
1811  2663.0  0.02
1812  2663.0  0.02
1813  2663.0  0.02
1814  2663.0  0.02
1815  2663.0  0.02
1816  2663.0  0.02
1817  2663.0  0.02
1818  2663.0  0.02
1819  2663.0  0.02
1820  2663.0  0.02
1821  2663.0  0.02
1822  2663.0  0.02
1823  2663.0  0.02
1824  2663.0  0.02
1825  2663.0  0.02
1826  2663.0  0.02
1827  2663.0  0.02
1828  2663.0  0.02
1829  2663.0  0.02
1830  2663.0  0.02
1831  2663.0  0.02
1832  2663.0  0.02
1833  2663.0  0.02
1834  2663.0  0.02
1835  2663.0  0.02
1836  2663.0  0.02
1837  2663.0  0.02
1838  2663.0  0.02
1839  2663.0  0.02
1840  2663.0  0.02
1841  2663.0  0.02
1842  2663.0  0.02
1843  2663.0  0.02
1844  2663.0  0.02
1845  2663.0  0.02
1846  2663.0  0.02
1847  2663.0  0.02
1848  2663.0  0.02
1849  2663.0  0.02
1850  2663.0  0.02
1851  2663.0  0.02
1852  2663.0  0.02
1853  2663.0  0.02
1854  2663.0  0.02
1855  2663.0  0.02
1856  2663.0  0.02
1857  2663.0  0.02
1858  2663.0  0.02
1859  2663.0  0.02
1860  2663.0  0.02
1861  2663.0  0.02
1862  2663.0  0.02
1863  2663.0  0.02
1864  2663.0  0.02
1865  2663.0  0.02
1866  2663.0  0.02
1867  2663.0  0.02
1868  2663.0  0.02
1869  2663.0  0.02
1870  2663.0  0.02
1871  2663.0  0.02
1872  2663.0  0.02
1873  2663.0  0.02
1874  2663.0  0.02
1875  2663.0  0.02
1876  2663.0  0.02
1877  2663.0  0.02
1878  2663.0  0.02
1879  2663.0  0.02
1880  2663.0  0.02
1881  2663.0  0.02
1882  2663.0  0.02
1883  2663.0  0.02
1884  2663.0  0.02
1885  2663.0  0.02
1886  2663.0  0.02
1887  2663.0  0.02
1888  2663.0  0.02
1889  2663.0  0.02
1890  2663.0  0.02
1891  2663.0  0.02
1892  2663.0  0.02
1893  2663.0  0.02
1894  2663.0  0.02
1895  2663.0  0.02
1896  2663.0  0.02
1897  2663.0  0.02
1898  2663.0  0.02
1899  2663.0  0.02
1900  2663.0  0.02
1901  2663.0  0.02
1902  2663.0  0.02
1903  2663.0  0.02
1904  2663.0  0.02
1905  2663.0  0.02
1906  2663.0  0.02
1907  2663.0  0.02
1908  2663.0  0.02
1909  2663.0  0.02
1910  2663.0  0.02
1911  2663.0  0.02
1912  2663.0  0.02
1913  2663.0  0.02
1914  2663.0  0.02
1915  2663.0  0.02
1916  2663.0  0.02
1917  2663.0  0.02
1918  2663.0  0.02
1919  2663.0  0.02
1920  2663.0  0.02
1921  2663.0  0.02
1922  2663.0  0.02
1923  2663.0  0.02
1924  2663.0  0.02
1925  2663.0  0.02
1926  2663.0  0.02
1927  2663.0  0.02
1928  2663.0  0.02
1929  2663.0  0.02
1930  2663.0  0.02
1931  2663.0  0.02
1932  2663.0  0.02
1933  2663.0  0.02
1934  2663.0  0.02
1935  2663.0  0.02
1936  2663.0  0.02
1937  2663.0  0.02
1938  2663.0  0.02
1939  2663.0  0.02
1940  2663.0  0.02
1941  2663.0  0.02
1942  2663.0  0.02
1943  2663.0  0.02
1944  2663.0  0.02
1945  2663.0  0.02
1946  2663.0  0.02
1947  2663.0  0.02
1948  2663.0  0.02
1949  2663.0  0.02
1950  2663.0  0.02
1951  2663.0  0.02
1952  2663.0  0.02
1953  2663.0  0.02
1954  2663.0  0.02
1955  2663.0  0.02
1956  2663.0  0.02
1957  2663.0  0.02
1958  2663.0  0.02
1959  2663.0  0.02
1960  2663.0  0.02
1961  2663.0  0.02
1962  2663.0  0.02
1963  2663.0  0.02
1964  2663.0  0.02
1965  2663.0  0.02
1966  2663.0  0.02
1967  2663.0  0.02
1968  2663.0  0.02
1969  2663.0  0.02
1970  2663.0  0.02
1971  2663.0  0.02
1972  2663.0  0.02
1973  2663.0  0.02
1974  2663.0  0.02
1975  2663.0  0.02
1976  2663.0  0.02
1977  2663.0  0.02
1978  2663.0  0.02
1979  2663.0  0.02
1980  2663.0  0.02
1981  2663.0  0.02
1982  2663.0  0.02
1983  2663.0  0.02
1984  2663.0  0.02
1985  2663.0  0.02
1986  2663.0  0.02
1987  2663.0  0.02
1988  2663.0  0.02
1989  2663.0  0.02
1990  2663.0  0.02
1991  2663.0  0.02
1992  2663.0  0.02
1993  2663.0  0.02
1994  2663.0  0.02
1995  2663.0  0.02
1996  2663.0  0.02
1997  2663.0  0.02
1998  2663.0  0.02
1999  2663.0  0.02
2000  2663.0  0.02
2001  2663.0  0.02
2002  2663.0  0.02
2003  2663.0  0.02
2004  2663.0  0.02
2005  2663.0  0.02
2006  2663.0  0.02
2007  2663.0  0.02
2008  2663.0  0.02
2009  2663.0  0.02
2010  2663.0  0.02
2011  2663.0  0.02
2012  2663.0  0.02
2013  2663.0  0.02
2014  2663.0  0.02
2015  2663.0  0.02
2016  2663.0  0.02
2017  2663.0  0.02
2018  2663.0  0.02
2019  2663.0  0.02
2020  2663.0  0.02
2021  2663.0  0.02
2022  2663.0  0.02
2023  2663.0  0.02
2024  2663.0  0.02
2025  2663.0  0.02
2026  2663.0  0.02
2027  2663.0  0.02
2028  2663.0  0.02
2029  2663.0  0.02
2030  2663.0  0.02
2031  2663.0  0.02
2032  2663.0  0.02
2033  2663.0  0.02
2034  2663.0  0.02
2035  2663.0  0.02
2036  2663.0  0.02
2037  2663.0  0.02
2038  2663.0  0.02
2039  2663.0  0.02
2040  2663.0  0.02
2041  2663.0  0.02
2042  2663.0  0.02
2043  2663.0  0.02
2044  2663.0  0.02
2045  2663.0  0.02
2046  2663.0  0.02
2047  2663.0  0.02
2048  2663.0  0.02
2049  2663.0  0.02
2050  2663.0  0.02
2051  2663.0  0.02
2052  2663.0  0.02
2053  2663.0  0.02
2054  2663.0  0.02
2055  2663.0  0.02
2056  2663.0  0.02
2057  2663.0  0.02
2058  2663.0  0.02
2059  2663.0  0.02
2060  2663.0  0.02
2061  2663.0  0.02
2062  2663.0  0.02
2063  2663.0  0.02
2064  2663.0  0.02
2065  2663.0  0.02
2066  2663.0  0.02
2067  2663.0  0.02
2068  2663.0  0.02
2069  2663.0  0.02
2070  2663.0  0.02
2071  2663.0  0.02
2072  2663.0  0.02
2073  2663.0  0.02
2074  2663.0  0.02
2075  2663.0  0.02
2076  2663.0  0.02
2077  2663.0  0.02
2078  2663.0  0.02
2079  2663.0  0.02
2080  2663.0  0.02
2081  2663.0  0.02
2082  2663.0  0.02
2083  2663.0  0.02
2084  2663.0  0.02
2085  2663.0  0.02
2086  2663.0  0.02
2087  2663.0  0.02
2088  2663.0  0.02
2089  2663.0  0.02
2090  2663.0  0.02
2091  2663.0  0.02
2092  2663.0  0.02
2093  2663.0  0.02
2094  2663.0  0.02
2095  2663.0  0.02
2096  2663.0  0.02
2097  2663.0  0.02
2098  2663.0  0.02
2099  2663.0  0.02
2100  2663.0  0.02
2101  2663.0  0.02
2102  2663.0  0.02
2103  2663.0  0.02
2104  2663.0  0.02
2105  2663.0  0.02
2106  2663.0  0.02
2107  2663.0  0.02
2108  2663.0  0.02
2109  2663.0  0.02
2110  2663.0  0.02
2111  2663.0  0.02
2112  2663.0  0.02
2113  2663.0  0.02
2114  2663.0  0.02
2115  2663.0  0.02
2116  2663.0  0.02
2117  2663.0  0.02
2118  2663.0  0.02
2119  2663.0  0.02
2120  2663.0  0.02
2121  2663.0  0.02
2122  2663.0  0.02
2123  2663.0  0.02
2124  2663.0  0.02
2125  2663.0  0.02
2126  2663.0  0.02
2127  2663.0  0.02
2128  2663.0  0.02
2129  2663.0  0.02
2130  2663.0  0.02
2131  2663.0  0.02
2132  2663.0  0.02
2133  2663.0  0.02
2134  2663.0  0.02
2135  2663.0  0.02
2136  2663.0  0.02
2137  2663.0  0.02
2138  2663.0  0.02
2139  2663.0  0.02
2140  2663.0  0.02
2141  2663.0  0.02
2142  2663.0  0.02
2143  2663.0  0.02
2144  2663.0  0.02
2145  2663.0  0.02
2146  2663.0  0.02
2147  2663.0  0.02
2148  2663.0  0.02
2149  2663.0  0.02
2150  2663.0  0.02
2151  2663.0  0.02
2152  2663.0  0.02
2153  2663.0  0.02
2154  2663.0  0.02
2155  2663.0  0.02
2156  2663.0  0.02
2157  2663.0  0.02
2158  2663.0  0.02
2159  2663.0  0.02
2160  2663.0  0.02
2161  2663.0  0.02
2162  2663.0  0.02
2163  2663.0  0.02
2164  2663.0  0.02
2165  2663.0  0.02
2166  2663.0  0.02
2167  2663.0  0.02
2168  2663.0  0.02
2169  2663.0  0.02
2170  2663.0  0.02
2171  2663.0  0.02
2172  2663.0  0.02
2173  2663.0  0.02
2174  2663.0  0.02
2175  2663.0  0.02
2176  2663.0  0.02
2177  2663.0  0.02
2178  2663.0  0.02
2179  2663.0  0.02
2180  2663.0  0.02
2181  2663.0  0.02
2182  2663.0  0.02
2183  2663.0  0.02
2184  2663.0  0.02
2185  2663.0  0.02
2186  2663.0  0.02
2187  2663.0  0.02
2188  2663.0  0.02
2189  2663.0  0.02
2190  2663.0  0.02
2191  2663.0  0.02
2192  2663.0  0.02
2193  2663.0  0.02
2194  2663.0  0.02
2195  2663.0  0.02
2196  2663.0  0.02
2197  2663.0  0.02
2198  2663.0  0.02
2199  2663.0  0.02
2200  2663.0  0.02
2201  2663.0  0.02
2202  2663.0  0.02
2203  2663.0  0.02
2204  2663.0  0.02
2205  2663.0  0.02
2206  2663.0  0.02
2207  2663.0  0.02
2208  2663.0  0.02
2209  2663.0  0.02
2210  2663.0  0.02
2211  2663.0  0.02
2212  2663.0  0.02
2213  2663.0  0.02
2214  2663.0  0.02
2215  2663.0  0.02
2216  2663.0  0.02
2217  2663.0  0.02
2218  2663.0  0.02
2219  2663.0  0.02
2220  2663.0  0.02
2221  2663.0  0.02
2222  2663.0  0.02
2223  2663.0  0.02
2224  2663.0  0.02
2225  2663.0  0.02
2226  2663.0  0.02
2227  2663.0  0.02
2228  2663.0  0.02
2229  2663.0  0.02
2230  2663.0  0.02
2231  2663.0  0.02
2232  2663.0  0.02
2233  2663.0  0.02
2234  2663.0  0.02
2235  2663.0  0.02
2236  2663.0  0.02
2237  2663.0  0.02
2238  2663.0  0.02
2239  2663.0  0.02
2240  2663.0  0.02
2241  2663.0  0.02
2242  2663.0  0.02
2243  2663.0  0.02
2244  2663.0  0.02
2245  2685.0  0.03
2246  2685.0  0.03
2247  2685.0  0.03
2248  2685.0  0.03
2249  2685.0  0.03
2250  2685.0  0.03
2251  2685.0  0.03
2252  2685.0  0.03
2253  2685.0  0.03
2254  2685.0  0.03
2255  2685.0  0.03
2256  2685.0  0.03
2257  2685.0  0.03
2258  2685.0  0.03
2259  2685.0  0.03
2260  2685.0  0.03
2261  2685.0  0.03
2262  2685.0  0.03
2263  2685.0  0.03
2264  2685.0  0.03
2265  2685.0  0.03
2266  2685.0  0.03
2267  2685.0  0.03
2268  2685.0  0.03
2269  2685.0  0.03
2270  2685.0  0.03
2271  2685.0  0.03
2272  2685.0  0.03
2273  2685.0  0.03
2274  2685.0  0.03
2275  2685.0  0.03
2276  2685.0  0.03
2277  2685.0  0.03
2278  2685.0  0.03
2279  2685.0  0.03
2280  2685.0  0.03
2281  2685.0  0.03
2282  2685.0  0.03
2283  2685.0  0.03
2284  2685.0  0.03
2285  2685.0  0.03
2286  2685.0  0.03
2287  2685.0  0.03
2288  2685.0  0.03
2289  2685.0  0.03
2290  2685.0  0.03
2291  2685.0  0.03
2292  2685.0  0.03
2293  2685.0  0.03
2294  2685.0  0.03
2295  2685.0  0.03
2296  2685.0  0.03
2297  2685.0  0.03
2298  2685.0  0.03
2299  2685.0  0.03
2300  2685.0  0.03
2301  2685.0  0.03
2302  2685.0  0.03
2303  2685.0  0.03
2304  2685.0  0.03
2305  2685.0  0.03
2306  2685.0  0.03
2307  2685.0  0.03
2308  2685.0  0.03
2309  2685.0  0.03
2310  2685.0  0.03
2311  2685.0  0.03
2312  2685.0  0.03
2313  2685.0  0.03
2314  2685.0  0.03
2315  2685.0  0.03
2316  2685.0  0.03
2317  2685.0  0.03
2318  2685.0  0.03
2319  2685.0  0.03
2320  2685.0  0.03
2321  2685.0  0.03
2322  2685.0  0.03
2323  2685.0  0.03
2324  2685.0  0.03
2325  2685.0  0.03
2326  2685.0  0.03
2327  2685.0  0.03
2328  2685.0  0.03
2329  2685.0  0.03
2330  2685.0  0.03
2331  2685.0  0.03
2332  2685.0  0.03
2333  2685.0  0.03
2334  2685.0  0.03
2335  2685.0  0.03
2336  2685.0  0.03
2337  2685.0  0.03
2338  2685.0  0.03
2339  2685.0  0.03
2340  2685.0  0.03
2341  2685.0  0.03
2342  2685.0  0.03
2343  2685.0  0.03
2344  2685.0  0.03
2345  2685.0  0.03
2346  2685.0  0.03
2347  2685.0  0.03
2348  2685.0  0.03
2349  2685.0  0.03
2350  2685.0  0.03
2351  2685.0  0.03
2352  2685.0  0.03
2353  2685.0  0.03
2354  2685.0  0.03
2355  2685.0  0.03
2356  2685.0  0.03
2357  2685.0  0.03
2358  2685.0  0.03
2359  2685.0  0.03
2360  2685.0  0.03
2361  2685.0  0.03
2362  2685.0  0.03
2363  2685.0  0.03
2364  2685.0  0.03
2365  2685.0  0.03
2366  2685.0  0.03
2367  2685.0  0.03
2368  2685.0  0.03
2369  2685.0  0.03
2370  2685.0  0.03
2371  2685.0  0.03
2372  2685.0  0.03
2373  2685.0  0.03
2374  2685.0  0.03
2375  2685.0  0.03
2376  2685.0  0.03
2377  2685.0  0.03
2378  2685.0  0.03
2379  2685.0  0.03
2380  2685.0  0.03
2381  2685.0  0.03
2382  2685.0  0.03
2383  2685.0  0.03
2384  2685.0  0.03
2385  2685.0  0.03
2386  2685.0  0.03
2387  2685.0  0.03
2388  2685.0  0.03
2389  2685.0  0.03
2390  2685.0  0.03
2391  2685.0  0.03
2392  2685.0  0.03
2393  2685.0  0.03
2394  2685.0  0.03
2395  2685.0  0.03
2396  2685.0  0.03
2397  2685.0  0.03
2398  2685.0  0.03
2399  2685.0  0.03
2400  2685.0  0.03
2401  2685.0  0.03
2402  2685.0  0.03
2403  2685.0  0.03
2404  2685.0  0.03
2405  2685.0  0.03
2406  2685.0  0.03
2407  2685.0  0.03
2408  2685.0  0.03
2409  2685.0  0.03
2410  2685.0  0.03
2411  2685.0  0.03
2412  2685.0  0.03
2413  2685.0  0.03
2414  2685.0  0.03
2415  2685.0  0.03
2416  2685.0  0.03
2417  2685.0  0.03
2418  2685.0  0.03
2419  2685.0  0.03
2420  2685.0  0.03
2421  2685.0  0.03
2422  2685.0  0.03
2423  2685.0  0.03
2424  2685.0  0.03
2425  2685.0  0.03
2426  2685.0  0.03
2427  2685.0  0.03
2428  2685.0  0.03
2429  2685.0  0.03
2430  2685.0  0.03
2431  2685.0  0.03
2432  2685.0  0.03
2433  2685.0  0.03
2434  2685.0  0.03
2435  2685.0  0.03
2436  2685.0  0.03
2437  2685.0  0.03
2438  2685.0  0.03
2439  2685.0  0.03
2440  2685.0  0.03
2441  2685.0  0.03
2442  2685.0  0.03
2443  2685.0  0.03
2444  2685.0  0.03
2445  2685.0  0.03
2446  2685.0  0.03
2447  2685.0  0.03
2448  2685.0  0.03
2449  2685.0  0.03
2450  2685.0  0.03
2451  2685.0  0.03
2452  2685.0  0.03
2453  2685.0  0.03
2454  2685.0  0.03
2455  2685.0  0.03
2456  2685.0  0.03
2457  2685.0  0.03
2458  2685.0  0.03
2459  2685.0  0.03
2460  2685.0  0.03
2461  2685.0  0.03
2462  2685.0  0.03
2463  2685.0  0.03
2464  2685.0  0.03
2465  2685.0  0.03
2466  2685.0  0.03
2467  2685.0  0.03
2468  2685.0  0.03
2469  2685.0  0.03
2470  2685.0  0.03
2471  2685.0  0.03
2472  2685.0  0.03
2473  2685.0  0.03
2474  2685.0  0.03
2475  2685.0  0.03
2476  2685.0  0.03
2477  2685.0  0.03
2478  2685.0  0.03
2479  2685.0  0.03
2480  2685.0  0.03
2481  2685.0  0.03
2482  2685.0  0.03
2483  2685.0  0.03
2484  2685.0  0.03
2485  2685.0  0.03
2486  2685.0  0.03
2487  2685.0  0.03
2488  2685.0  0.03
2489  2685.0  0.03
2490  2685.0  0.03
2491  2685.0  0.03
2492  2685.0  0.03
2493  2685.0  0.03
2494  2685.0  0.03
2495  2685.0  0.03
2496  2685.0  0.03
2497  2685.0  0.03
2498  2685.0  0.03
2499  2685.0  0.03
2500  2685.0  0.03
2501  2685.0  0.03
2502  2685.0  0.03
2503  2685.0  0.03
2504  2685.0  0.03
2505  2685.0  0.03
2506  2685.0  0.03
2507  2685.0  0.03
2508  2685.0  0.03
2509  2685.0  0.03
2510  2685.0  0.03
2511  2685.0  0.03
2512  2685.0  0.03
2513  2685.0  0.03
2514  2685.0  0.03
2515  2685.0  0.03
2516  2685.0  0.03
2517  2685.0  0.03
2518  2685.0  0.03
2519  2685.0  0.03
2520  2685.0  0.03
2521  2685.0  0.03
2522  2685.0  0.03
2523  2685.0  0.03
2524  2685.0  0.03
2525  2685.0  0.03
2526  2685.0  0.03
2527  2685.0  0.03
2528  2685.0  0.03
2529  2685.0  0.03
2530  2685.0  0.03
2531  2685.0  0.03
2532  2685.0  0.03
2533  2685.0  0.03
2534  2685.0  0.03
2535  2685.0  0.03
2536  2685.0  0.03
2537  2685.0  0.03
2538  2685.0  0.03
2539  2685.0  0.03
2540  2685.0  0.03
2541  2685.0  0.03
2542  2685.0  0.03
2543  2685.0  0.03
2544  2685.0  0.03
2545  2685.0  0.03
2546  2685.0  0.03
2547  2685.0  0.03
2548  2685.0  0.03
2549  2685.0  0.03
2550  2685.0  0.03
2551  2685.0  0.03
2552  2685.0  0.03
2553  2685.0  0.03
2554  2685.0  0.03
2555  2685.0  0.03
2556  2685.0  0.03
2557  2685.0  0.03
2558  2685.0  0.03
2559  2685.0  0.03
2560  2685.0  0.03
2561  2685.0  0.03
2562  2685.0  0.03
2563  2685.0  0.03
2564  2685.0  0.03
2565  2685.0  0.03
2566  2685.0  0.03
2567  2685.0  0.03
2568  2685.0  0.03
2569  2685.0  0.03
2570  2685.0  0.03
2571  2685.0  0.03
2572  2685.0  0.03
2573  2685.0  0.03
2574  2685.0  0.03
2575  2685.0  0.03
2576  2685.0  0.03
2577  2685.0  0.03
2578  2685.0  0.03
2579  2685.0  0.03
2580  2685.0  0.03
2581  2685.0  0.03
2582  2685.0  0.03
2583  2685.0  0.03
2584  2685.0  0.03
2585  2685.0  0.03
2586  2685.0  0.03
2587  2685.0  0.03
2588  2685.0  0.03
2589  2685.0  0.03
2590  2685.0  0.03
2591  2685.0  0.03
2592  2685.0  0.03
2593  2685.0  0.03
2594  2685.0  0.03
2595  2685.0  0.03
2596  2685.0  0.03
2597  2685.0  0.03
2598  2685.0  0.03
2599  2685.0  0.03
2600  2685.0  0.03
2601  2685.0  0.03
2602  2685.0  0.03
2603  2685.0  0.03
2604  2685.0  0.03
2605  2685.0  0.03
2606  2685.0  0.03
2607  2685.0  0.03
2608  2685.0  0.03
2609  2685.0  0.03
2610  2685.0  0.03
2611  2685.0  0.03
2612  2685.0  0.03
2613  2685.0  0.03
2614  2685.0  0.03
2615  2685.0  0.03
2616  2685.0  0.03
2617  2685.0  0.03
2618  2685.0  0.03
2619  2685.0  0.03
2620  2685.0  0.03
2621  2685.0  0.03
2622  2685.0  0.03
2623  2685.0  0.03
2624  2685.0  0.03
2625  2685.0  0.03
2626  2685.0  0.03
2627  2685.0  0.03
2628  2685.0  0.03
2629  2685.0  0.03
2630  2685.0  0.03
2631  2685.0  0.03
2632  2685.0  0.03
2633  2685.0  0.03
2634  2685.0  0.03
2635  2685.0  0.03
2636  2685.0  0.03
2637  2685.0  0.03
2638  2685.0  0.03
2639  2685.0  0.03
2640  2685.0  0.03
2641  2685.0  0.03
2642  2685.0  0.03
2643  2685.0  0.03
2644  2685.0  0.03
2645  2685.0  0.03
2646  2685.0  0.03
2647  2685.0  0.03
2648  2685.0  0.03
2649  2685.0  0.03
2650  2685.0  0.03
2651  2685.0  0.03
2652  2685.0  0.03
2653  2685.0  0.03
2654  2685.0  0.03
2655  2685.0  0.03
2656  2685.0  0.03
2657  2685.0  0.03
2658  2685.0  0.03
2659  2685.0  0.03
2660  2685.0  0.03
2661  2685.0  0.03
2662  2685.0  0.03
2663  2685.0  0.03
2664  2685.0  0.03
2665  2685.0  0.03
2666  2685.0  0.03
2667  2685.0  0.03
2668  2685.0  0.03
2669  2685.0  0.03
2670  2685.0  0.03
2671  2685.0  0.03
2672  2685.0  0.03
2673  2685.0  0.03
2674  2685.0  0.03
2675  2685.0  0.03
2676  2685.0  0.03
2677  2685.0  0.03
2678  2685.0  0.03
2679  2685.0  0.03
2680  2685.0  0.03
2681  2685.0  0.03
2682  2685.0  0.03
2683  2685.0  0.03
2684  2685.0  0.03
2685  2685.0  0.03
2686  2685.0  0.03
2687  2685.0  0.03
2688  2685.0  0.03
2689  2685.0  0.03
2690  2685.0  0.03
2691  2685.0  0.03
2692  2685.0  0.03
2693  2685.0  0.03
2694  2685.0  0.03
2695  2685.0  0.03
2696  2685.0  0.03
2697  2685.0  0.03
2698  2685.0  0.03
2699  2685.0  0.03
2700  2685.0  0.03
2701  2685.0  0.03
2702  2685.0  0.03
2703  2685.0  0.03
2704  2685.0  0.03
2705  2685.0  0.03
2706  2685.0  0.03
2707  2685.0  0.03
2708  2685.0  0.03
2709  2685.0  0.03
2710  2685.0  0.03
2711  2685.0  0.03
2712  2685.0  0.03
2713  2685.0  0.03
2714  2685.0  0.03
2715  2685.0  0.03
2716  2685.0  0.03
2717  2685.0  0.03
2718  2685.0  0.03
2719  2685.0  0.03
2720  2685.0  0.03
2721  2685.0  0.03
2722  2685.0  0.03
2723  2685.0  0.03
2724  2685.0  0.03
2725  2685.0  0.03
2726  2685.0  0.03
2727  2685.0  0.03
2728  2685.0  0.03
2729  2685.0  0.03
2730  2685.0  0.03
2731  2685.0  0.03
2732  2685.0  0.03
2733  2685.0  0.03
2734  2685.0  0.03
2735  2685.0  0.03
2736  2685.0  0.03
2737  2685.0  0.03
2738  2685.0  0.03
2739  2685.0  0.03
2740  2685.0  0.03
2741  2685.0  0.03
2742  2685.0  0.03
2743  2685.0  0.03
2744  2685.0  0.03
2745  2685.0  0.03
2746  2685.0  0.03
2747  2685.0  0.03
2748  2685.0  0.03
2749  2685.0  0.03
2750  2685.0  0.03
2751  2685.0  0.03
2752  2685.0  0.03
2753  2685.0  0.03
2754  2685.0  0.03
2755  2685.0  0.03
2756  2685.0  0.03
2757  2685.0  0.03
2758  2685.0  0.03
2759  2685.0  0.03
2760  2685.0  0.03
2761  2685.0  0.03
2762  2685.0  0.03
2763  2685.0  0.03
2764  2685.0  0.03
2765  2685.0  0.03
2766  2685.0  0.03
2767  2685.0  0.03
2768  2685.0  0.03
2769  2685.0  0.03
2770  2685.0  0.03
2771  2685.0  0.03
2772  2685.0  0.03
2773  2685.0  0.03
2774  2685.0  0.03
2775  2685.0  0.03
2776  2685.0  0.03
2777  2685.0  0.03
2778  2685.0  0.03
2779  2685.0  0.03
2780  2685.0  0.03
2781  2685.0  0.03
2782  2685.0  0.03
2783  2685.0  0.03
2784  2685.0  0.03
2785  2685.0  0.03
2786  2685.0  0.03
2787  2685.0  0.03
2788  2685.0  0.03
2789  2685.0  0.03
2790  2685.0  0.03
2791  2685.0  0.03
2792  2685.0  0.03
2793  2685.0  0.03
2794  2685.0  0.03
2795  2685.0  0.03
2796  2685.0  0.03
2797  2685.0  0.03
2798  2685.0  0.03
2799  2685.0  0.03
2800  2685.0  0.03
2801  2685.0  0.03
2802  2685.0  0.03
2803  2685.0  0.03
2804  2685.0  0.03
2805  2685.0  0.03
2806  2685.0  0.03
2807  2685.0  0.03
2808  2685.0  0.03
2809  2685.0  0.03
2810  2685.0  0.03
2811  2685.0  0.03
2812  2685.0  0.03
2813  2685.0  0.03
2814  2685.0  0.03
2815  2685.0  0.03
2816  2685.0  0.03
2817  2685.0  0.03
2818  2685.0  0.03
2819  2685.0  0.03
2820  2685.0  0.03
2821  2685.0  0.03
2822  2685.0  0.03
2823  2685.0  0.03
2824  2685.0  0.03
2825  2685.0  0.03
2826  2685.0  0.03
2827  2685.0  0.03
2828  2685.0  0.03
2829  2685.0  0.03
2830  2685.0  0.03
2831  2685.0  0.03
2832  2685.0  0.03
2833  2685.0  0.03
2834  2685.0  0.03
2835  2685.0  0.03
2836  2685.0  0.03
2837  2685.0  0.03
2838  2685.0  0.03
2839  2685.0  0.03
2840  2685.0  0.03
2841  2685.0  0.03
2842  2685.0  0.03
2843  2685.0  0.03
2844  2685.0  0.03
2845  2685.0  0.03
2846  2685.0  0.03
2847  2685.0  0.03
2848  2685.0  0.03
2849  2685.0  0.03
2850  2685.0  0.03
2851  2685.0  0.03
2852  2685.0  0.03
2853  2685.0  0.03
2854  2685.0  0.03
2855  2685.0  0.03
2856  2685.0  0.03
2857  2685.0  0.03
2858  2685.0  0.03
2859  2685.0  0.03
2860  2685.0  0.03
2861  2685.0  0.03
2862  2685.0  0.03
2863  2685.0  0.03
2864  2685.0  0.03
2865  2685.0  0.03
2866  2685.0  0.03
2867  2685.0  0.03
2868  2685.0  0.03
2869  2685.0  0.03
2870  2685.0  0.03
2871  2685.0  0.03
2872  2685.0  0.03
2873  2685.0  0.03
2874  2685.0  0.03
2875  2685.0  0.03
2876  2685.0  0.03
2877  2685.0  0.03
2878  2685.0  0.03
2879  2685.0  0.03
2880  2685.0  0.03
2881  2685.0  0.03
2882  2685.0  0.03
2883  2685.0  0.03
2884  2685.0  0.03
2885  2685.0  0.03
2886  2685.0  0.03
2887  2685.0  0.03
2888  2685.0  0.03
2889  2685.0  0.03
2890  2685.0  0.03
2891  2685.0  0.03
2892  2685.0  0.03
2893  2685.0  0.03
2894  2685.0  0.03
2895  2685.0  0.03
2896  2685.0  0.03
2897  2685.0  0.03
2898  2685.0  0.03
2899  2685.0  0.03
2900  2685.0  0.03
2901  2685.0  0.03
2902  2685.0  0.03
2903  2685.0  0.03
2904  2685.0  0.03
2905  2685.0  0.03
2906  2685.0  0.03
2907  2685.0  0.03
2908  2685.0  0.03
2909  2685.0  0.03
2910  2685.0  0.03
2911  2685.0  0.03
2912  2685.0  0.03
2913  2685.0  0.03
2914  2685.0  0.03
2915  2685.0  0.03
2916  2685.0  0.03
2917  2685.0  0.03
2918  2685.0  0.03
2919  2685.0  0.03
2920  2685.0  0.03
2921  2685.0  0.03
2922  2685.0  0.03
2923  2685.0  0.03
2924  2685.0  0.03
2925  2685.0  0.03
2926  2685.0  0.03
2927  2685.0  0.03
2928  2685.0  0.03
2929  2685.0  0.03
2930  2685.0  0.03
2931  2685.0  0.03
2932  2685.0  0.03
2933  2685.0  0.03
2934  2685.0  0.03
2935  2685.0  0.03
2936  2685.0  0.03
2937  2685.0  0.03
2938  2685.0  0.03
2939  2685.0  0.03
2940  2685.0  0.03
2941  2685.0  0.03
2942  2685.0  0.03
2943  2685.0  0.03
2944  2685.0  0.03
2945  2685.0  0.03
2946  2685.0  0.03
2947  2685.0  0.03
2948  2685.0  0.03
2949  2685.0  0.03
2950  2685.0  0.03
2951  2685.0  0.03
2952  2685.0  0.03
2953  2685.0  0.03
2954  2685.0  0.03
2955  2685.0  0.03
2956  2685.0  0.03
2957  2685.0  0.03
2958  2685.0  0.03
2959  2685.0  0.03
2960  2685.0  0.03
2961  2685.0  0.03
2962  2685.0  0.03
2963  2685.0  0.03
2964  2685.0  0.03
2965  2685.0  0.03
2966  2685.0  0.03
2967  2685.0  0.03
2968  2685.0  0.03
2969  2685.0  0.03
2970  2685.0  0.03
2971  2685.0  0.03
2972  2685.0  0.03
2973  2685.0  0.03
2974  2685.0  0.03
2975  2685.0  0.03
2976  2685.0  0.03
2977  2685.0  0.03
2978  2685.0  0.03
2979  2685.0  0.03
2980  2685.0  0.03
2981  2685.0  0.03
2982  2685.0  0.03
2983  2685.0  0.03
2984  2685.0  0.03
2985  2685.0  0.03
2986  2685.0  0.03
2987  2685.0  0.03
2988  2685.0  0.03
2989  2685.0  0.03
2990  2685.0  0.03
2991  2685.0  0.03
2992  2685.0  0.03
2993  2685.0  0.03
2994  2685.0  0.03
2995  2685.0  0.03
2996  2685.0  0.03
2997  2685.0  0.03
2998  2685.0  0.03
2999  2685.0  0.03
#[-6, -3, 4, 6, 9, 9, 9, 9, 9, 9]
#[2, 6, 9, 9, 9, 9, 9, 9, 9, 9]
#[9, 9, 9, 9, 9, 9, 9, 9, 9, 9]
#[8, 9, 9, 9, 9, 9, 9, 9, 9, 9]
#[4, 9, 9, 9, 9, 9, 9, 9, 9, 9]
#[9, 9, 9, 9, 9, 9, 9, 9, 9, 9]
#[-4, 2, 9, 9, 9, 9, 9, 9, 9, 9]
#[7, 9, 9, 9, 9, 9, 9, 9, 9, 9]
#[9, 9, 9, 9, 9, 9, 9, 9, 9, 9]
#Specialization index= [2, 9, 0.12658227848101267]
