#[6, 4, 1, 0, 1, 9, 7, 7, 8, 3]
#[9, 7, 4, 4, 4, 8, 9, 1, 4, 5]
#[9, 5, 8, 9, 8, 5, 5, 0, 8, 5]
#[7, 5, 5, 1, 3, 6, 9, 4, 1, 6]
#[2, 2, 0, 2, 3, 9, 4, 9, 4, 8]
#[4, 1, 9, 8, 1, 6, 5, 9, 3, 8]
#[5, 6, 7, 6, 8, 7, 7, 7, 6, 9]
#[1, 5, 1, 0, 7, 7, 8, 2, 3, 6]
#[9, 4, 4, 3, 0, 6, 3, 3, 8, 4]
0  2335.0  0.11
1  2335.0  0.11
2  2335.0  0.11
3  2335.0  0.11
4  2335.0  0.11
5  2335.0  0.11
6  2368.0  0.1
7  2368.0  0.1
8  2368.0  0.1
9  2368.0  0.1
10  2368.0  0.1
11  2418.0  0.08
12  2418.0  0.08
13  2418.0  0.08
14  2451.0  0.06
15  2451.0  0.06
16  2451.0  0.06
17  2451.0  0.06
18  2451.0  0.06
19  2451.0  0.06
20  2451.0  0.06
21  2451.0  0.06
22  2451.0  0.06
23  2451.0  0.06
24  2451.0  0.06
25  2451.0  0.06
26  2451.0  0.06
27  2451.0  0.06
28  2451.0  0.06
29  2451.0  0.06
30  2451.0  0.06
31  2451.0  0.06
32  2451.0  0.06
33  2451.0  0.06
34  2451.0  0.06
35  2451.0  0.06
36  2451.0  0.06
37  2451.0  0.06
38  2451.0  0.06
39  2451.0  0.06
40  2451.0  0.06
41  2451.0  0.06
42  2451.0  0.06
43  2451.0  0.06
44  2451.0  0.06
45  2451.0  0.06
46  2451.0  0.06
47  2451.0  0.06
48  2510.0  0.08
49  2510.0  0.08
50  2510.0  0.08
51  2510.0  0.08
52  2510.0  0.08
53  2510.0  0.08
54  2510.0  0.08
55  2510.0  0.08
56  2510.0  0.08
57  2510.0  0.08
58  2510.0  0.08
59  2510.0  0.08
60  2510.0  0.08
61  2510.0  0.08
62  2510.0  0.08
63  2510.0  0.08
64  2510.0  0.08
65  2510.0  0.08
66  2510.0  0.08
67  2510.0  0.08
68  2510.0  0.08
69  2510.0  0.08
70  2510.0  0.08
71  2510.0  0.08
72  2510.0  0.08
73  2510.0  0.08
74  2510.0  0.08
75  2510.0  0.08
76  2510.0  0.08
77  2510.0  0.08
78  2534.0  0.08
79  2534.0  0.08
80  2534.0  0.08
81  2534.0  0.08
82  2534.0  0.08
83  2534.0  0.08
84  2534.0  0.08
85  2534.0  0.08
86  2534.0  0.08
87  2534.0  0.08
88  2534.0  0.08
89  2534.0  0.08
90  2534.0  0.08
91  2534.0  0.08
92  2534.0  0.08
93  2534.0  0.08
94  2534.0  0.08
95  2534.0  0.08
96  2534.0  0.08
97  2534.0  0.08
98  2534.0  0.08
99  2534.0  0.08
100  2534.0  0.08
101  2534.0  0.08
102  2534.0  0.08
103  2534.0  0.08
104  2534.0  0.08
105  2534.0  0.08
106  2534.0  0.08
107  2534.0  0.08
108  2534.0  0.08
109  2534.0  0.08
110  2534.0  0.08
111  2534.0  0.08
112  2534.0  0.08
113  2534.0  0.08
114  2534.0  0.08
115  2534.0  0.08
116  2534.0  0.08
117  2534.0  0.08
118  2534.0  0.08
119  2534.0  0.08
120  2534.0  0.08
121  2534.0  0.08
122  2534.0  0.08
123  2534.0  0.08
124  2534.0  0.08
125  2534.0  0.08
126  2534.0  0.08
127  2534.0  0.08
128  2534.0  0.08
129  2534.0  0.08
130  2534.0  0.08
131  2534.0  0.08
132  2534.0  0.08
133  2534.0  0.08
134  2534.0  0.08
135  2534.0  0.08
136  2534.0  0.08
137  2534.0  0.08
138  2534.0  0.08
139  2534.0  0.08
140  2534.0  0.08
141  2534.0  0.08
142  2534.0  0.08
143  2534.0  0.08
144  2534.0  0.08
145  2534.0  0.08
146  2534.0  0.08
147  2534.0  0.08
148  2534.0  0.08
149  2534.0  0.08
150  2534.0  0.08
151  2534.0  0.08
152  2534.0  0.08
153  2534.0  0.08
154  2534.0  0.08
155  2534.0  0.08
156  2534.0  0.08
157  2534.0  0.08
158  2534.0  0.08
159  2534.0  0.08
160  2534.0  0.08
161  2534.0  0.08
162  2534.0  0.08
163  2534.0  0.08
164  2534.0  0.08
165  2534.0  0.08
166  2534.0  0.08
167  2534.0  0.08
168  2534.0  0.08
169  2629.0  0.03
170  2629.0  0.03
171  2629.0  0.03
172  2629.0  0.03
173  2629.0  0.03
174  2629.0  0.03
175  2629.0  0.03
176  2629.0  0.03
177  2629.0  0.03
178  2629.0  0.03
179  2629.0  0.03
180  2629.0  0.03
181  2629.0  0.03
182  2629.0  0.03
183  2629.0  0.03
184  2629.0  0.03
185  2629.0  0.03
186  2629.0  0.03
187  2629.0  0.03
188  2629.0  0.03
189  2629.0  0.03
190  2629.0  0.03
191  2629.0  0.03
192  2629.0  0.03
193  2629.0  0.03
194  2629.0  0.03
195  2629.0  0.03
196  2629.0  0.03
197  2629.0  0.03
198  2629.0  0.03
199  2629.0  0.03
200  2629.0  0.03
201  2629.0  0.03
202  2629.0  0.03
203  2629.0  0.03
204  2629.0  0.03
205  2629.0  0.03
206  2629.0  0.03
207  2629.0  0.03
208  2629.0  0.03
209  2629.0  0.03
210  2629.0  0.03
211  2629.0  0.03
212  2629.0  0.03
213  2629.0  0.03
214  2629.0  0.03
215  2629.0  0.03
216  2629.0  0.03
217  2629.0  0.03
218  2629.0  0.03
219  2629.0  0.03
220  2629.0  0.03
221  2629.0  0.03
222  2629.0  0.03
223  2629.0  0.03
224  2629.0  0.03
225  2629.0  0.03
226  2629.0  0.03
227  2629.0  0.03
228  2629.0  0.03
229  2629.0  0.03
230  2629.0  0.03
231  2629.0  0.03
232  2629.0  0.03
233  2629.0  0.03
234  2629.0  0.03
235  2629.0  0.03
236  2629.0  0.03
237  2629.0  0.03
238  2629.0  0.03
239  2629.0  0.03
240  2629.0  0.03
241  2629.0  0.03
242  2629.0  0.03
243  2629.0  0.03
244  2629.0  0.03
245  2629.0  0.03
246  2629.0  0.03
247  2629.0  0.03
248  2629.0  0.03
249  2629.0  0.03
250  2629.0  0.03
251  2629.0  0.03
252  2629.0  0.03
253  2629.0  0.03
254  2629.0  0.03
255  2629.0  0.03
256  2629.0  0.03
257  2629.0  0.03
258  2629.0  0.03
259  2629.0  0.03
260  2629.0  0.03
261  2629.0  0.03
262  2629.0  0.03
263  2629.0  0.03
264  2629.0  0.03
265  2629.0  0.03
266  2629.0  0.03
267  2629.0  0.03
268  2629.0  0.03
269  2629.0  0.03
270  2629.0  0.03
271  2629.0  0.03
272  2629.0  0.03
273  2629.0  0.03
274  2629.0  0.03
275  2629.0  0.03
276  2629.0  0.03
277  2629.0  0.03
278  2629.0  0.03
279  2629.0  0.03
280  2629.0  0.03
281  2629.0  0.03
282  2629.0  0.03
283  2629.0  0.03
284  2629.0  0.03
285  2629.0  0.03
286  2629.0  0.03
287  2629.0  0.03
288  2629.0  0.03
289  2629.0  0.03
290  2629.0  0.03
291  2629.0  0.03
292  2629.0  0.03
293  2629.0  0.03
294  2629.0  0.03
295  2629.0  0.03
296  2629.0  0.03
297  2629.0  0.03
298  2629.0  0.03
299  2629.0  0.03
300  2629.0  0.03
301  2629.0  0.03
302  2629.0  0.03
303  2629.0  0.03
304  2629.0  0.03
305  2629.0  0.03
306  2629.0  0.03
307  2629.0  0.03
308  2629.0  0.03
309  2629.0  0.03
310  2629.0  0.03
311  2629.0  0.03
312  2629.0  0.03
313  2629.0  0.03
314  2629.0  0.03
315  2629.0  0.03
316  2629.0  0.03
317  2629.0  0.03
318  2629.0  0.03
319  2629.0  0.03
320  2629.0  0.03
321  2629.0  0.03
322  2629.0  0.03
323  2629.0  0.03
324  2629.0  0.03
325  2629.0  0.03
326  2629.0  0.03
327  2629.0  0.03
328  2629.0  0.03
329  2629.0  0.03
330  2629.0  0.03
331  2629.0  0.03
332  2629.0  0.03
333  2629.0  0.03
334  2629.0  0.03
335  2629.0  0.03
336  2629.0  0.03
337  2629.0  0.03
338  2629.0  0.03
339  2629.0  0.03
340  2629.0  0.03
341  2629.0  0.03
342  2629.0  0.03
343  2629.0  0.03
344  2629.0  0.03
345  2629.0  0.03
346  2629.0  0.03
347  2629.0  0.03
348  2629.0  0.03
349  2629.0  0.03
350  2629.0  0.03
351  2629.0  0.03
352  2629.0  0.03
353  2629.0  0.03
354  2629.0  0.03
355  2629.0  0.03
356  2629.0  0.03
357  2629.0  0.03
358  2629.0  0.03
359  2629.0  0.03
360  2629.0  0.03
361  2629.0  0.03
362  2629.0  0.03
363  2629.0  0.03
364  2629.0  0.03
365  2629.0  0.03
366  2629.0  0.03
367  2629.0  0.03
368  2629.0  0.03
369  2629.0  0.03
370  2629.0  0.03
371  2629.0  0.03
372  2629.0  0.03
373  2629.0  0.03
374  2629.0  0.03
375  2629.0  0.03
376  2629.0  0.03
377  2629.0  0.03
378  2629.0  0.03
379  2629.0  0.03
380  2629.0  0.03
381  2629.0  0.03
382  2629.0  0.03
383  2629.0  0.03
384  2629.0  0.03
385  2629.0  0.03
386  2629.0  0.03
387  2629.0  0.03
388  2629.0  0.03
389  2629.0  0.03
390  2629.0  0.03
391  2629.0  0.03
392  2629.0  0.03
393  2629.0  0.03
394  2629.0  0.03
395  2629.0  0.03
396  2629.0  0.03
397  2629.0  0.03
398  2629.0  0.03
399  2629.0  0.03
400  2629.0  0.03
401  2629.0  0.03
402  2629.0  0.03
403  2629.0  0.03
404  2629.0  0.03
405  2629.0  0.03
406  2629.0  0.03
407  2629.0  0.03
408  2629.0  0.03
409  2629.0  0.03
410  2629.0  0.03
411  2629.0  0.03
412  2629.0  0.03
413  2629.0  0.03
414  2629.0  0.03
415  2629.0  0.03
416  2629.0  0.03
417  2629.0  0.03
418  2629.0  0.03
419  2629.0  0.03
420  2629.0  0.03
421  2629.0  0.03
422  2629.0  0.03
423  2629.0  0.03
424  2629.0  0.03
425  2629.0  0.03
426  2629.0  0.03
427  2629.0  0.03
428  2629.0  0.03
429  2629.0  0.03
430  2629.0  0.03
431  2629.0  0.03
432  2629.0  0.03
433  2629.0  0.03
434  2629.0  0.03
435  2629.0  0.03
436  2629.0  0.03
437  2629.0  0.03
438  2629.0  0.03
439  2629.0  0.03
440  2629.0  0.03
441  2629.0  0.03
442  2629.0  0.03
443  2629.0  0.03
444  2629.0  0.03
445  2629.0  0.03
446  2629.0  0.03
447  2629.0  0.03
448  2629.0  0.03
449  2629.0  0.03
450  2629.0  0.03
451  2629.0  0.03
452  2629.0  0.03
453  2629.0  0.03
454  2629.0  0.03
455  2629.0  0.03
456  2629.0  0.03
457  2629.0  0.03
458  2629.0  0.03
459  2629.0  0.03
460  2629.0  0.03
461  2629.0  0.03
462  2629.0  0.03
463  2629.0  0.03
464  2629.0  0.03
465  2629.0  0.03
466  2629.0  0.03
467  2629.0  0.03
468  2629.0  0.03
469  2629.0  0.03
470  2629.0  0.03
471  2629.0  0.03
472  2629.0  0.03
473  2629.0  0.03
474  2629.0  0.03
475  2629.0  0.03
476  2629.0  0.03
477  2629.0  0.03
478  2629.0  0.03
479  2629.0  0.03
480  2629.0  0.03
481  2629.0  0.03
482  2629.0  0.03
483  2629.0  0.03
484  2629.0  0.03
485  2629.0  0.03
486  2629.0  0.03
487  2629.0  0.03
488  2629.0  0.03
489  2629.0  0.03
490  2629.0  0.03
491  2629.0  0.03
492  2629.0  0.03
493  2629.0  0.03
494  2629.0  0.03
495  2629.0  0.03
496  2629.0  0.03
497  2629.0  0.03
498  2629.0  0.03
499  2629.0  0.03
500  2629.0  0.03
501  2629.0  0.03
502  2629.0  0.03
503  2629.0  0.03
504  2629.0  0.03
505  2629.0  0.03
506  2629.0  0.03
507  2629.0  0.03
508  2629.0  0.03
509  2629.0  0.03
510  2629.0  0.03
511  2629.0  0.03
512  2629.0  0.03
513  2629.0  0.03
514  2629.0  0.03
515  2629.0  0.03
516  2629.0  0.03
517  2629.0  0.03
518  2629.0  0.03
519  2629.0  0.03
520  2629.0  0.03
521  2629.0  0.03
522  2629.0  0.03
523  2629.0  0.03
524  2629.0  0.03
525  2629.0  0.03
526  2629.0  0.03
527  2629.0  0.03
528  2629.0  0.03
529  2629.0  0.03
530  2629.0  0.03
531  2629.0  0.03
532  2629.0  0.03
533  2629.0  0.03
534  2629.0  0.03
535  2629.0  0.03
536  2629.0  0.03
537  2629.0  0.03
538  2629.0  0.03
539  2629.0  0.03
540  2629.0  0.03
541  2629.0  0.03
542  2629.0  0.03
543  2629.0  0.03
544  2629.0  0.03
545  2629.0  0.03
546  2629.0  0.03
547  2629.0  0.03
548  2629.0  0.03
549  2629.0  0.03
550  2629.0  0.03
551  2629.0  0.03
552  2629.0  0.03
553  2629.0  0.03
554  2629.0  0.03
555  2629.0  0.03
556  2629.0  0.03
557  2629.0  0.03
558  2629.0  0.03
559  2629.0  0.03
560  2629.0  0.03
561  2629.0  0.03
562  2629.0  0.03
563  2629.0  0.03
564  2629.0  0.03
565  2629.0  0.03
566  2629.0  0.03
567  2629.0  0.03
568  2629.0  0.03
569  2629.0  0.03
570  2629.0  0.03
571  2629.0  0.03
572  2629.0  0.03
573  2629.0  0.03
574  2629.0  0.03
575  2629.0  0.03
576  2629.0  0.03
577  2629.0  0.03
578  2629.0  0.03
579  2629.0  0.03
580  2629.0  0.03
581  2629.0  0.03
582  2629.0  0.03
583  2629.0  0.03
584  2629.0  0.03
585  2629.0  0.03
586  2629.0  0.03
587  2629.0  0.03
588  2629.0  0.03
589  2629.0  0.03
590  2629.0  0.03
591  2629.0  0.03
592  2629.0  0.03
593  2629.0  0.03
594  2629.0  0.03
595  2629.0  0.03
596  2629.0  0.03
597  2629.0  0.03
598  2629.0  0.03
599  2629.0  0.03
600  2629.0  0.03
601  2629.0  0.03
602  2629.0  0.03
603  2629.0  0.03
604  2629.0  0.03
605  2629.0  0.03
606  2629.0  0.03
607  2629.0  0.03
608  2629.0  0.03
609  2629.0  0.03
610  2629.0  0.03
611  2629.0  0.03
612  2629.0  0.03
613  2629.0  0.03
614  2629.0  0.03
615  2629.0  0.03
616  2629.0  0.03
617  2629.0  0.03
618  2629.0  0.03
619  2629.0  0.03
620  2629.0  0.03
621  2629.0  0.03
622  2629.0  0.03
623  2629.0  0.03
624  2629.0  0.03
625  2629.0  0.03
626  2629.0  0.03
627  2629.0  0.03
628  2629.0  0.03
629  2629.0  0.03
630  2629.0  0.03
631  2636.0  0.05
632  2636.0  0.05
633  2636.0  0.05
634  2636.0  0.05
635  2636.0  0.05
636  2636.0  0.05
637  2636.0  0.05
638  2636.0  0.05
639  2636.0  0.05
640  2636.0  0.05
641  2636.0  0.05
642  2636.0  0.05
643  2636.0  0.05
644  2636.0  0.05
645  2636.0  0.05
646  2636.0  0.05
647  2636.0  0.05
648  2636.0  0.05
649  2636.0  0.05
650  2636.0  0.05
651  2636.0  0.05
652  2636.0  0.05
653  2636.0  0.05
654  2636.0  0.05
655  2636.0  0.05
656  2636.0  0.05
657  2636.0  0.05
658  2636.0  0.05
659  2636.0  0.05
660  2636.0  0.05
661  2636.0  0.05
662  2636.0  0.05
663  2636.0  0.05
664  2636.0  0.05
665  2636.0  0.05
666  2636.0  0.05
667  2636.0  0.05
668  2636.0  0.05
669  2636.0  0.05
670  2636.0  0.05
671  2636.0  0.05
672  2636.0  0.05
673  2636.0  0.05
674  2636.0  0.05
675  2636.0  0.05
676  2636.0  0.05
677  2636.0  0.05
678  2636.0  0.05
679  2636.0  0.05
680  2636.0  0.05
681  2636.0  0.05
682  2636.0  0.05
683  2636.0  0.05
684  2636.0  0.05
685  2636.0  0.05
686  2636.0  0.05
687  2636.0  0.05
688  2636.0  0.05
689  2636.0  0.05
690  2636.0  0.05
691  2636.0  0.05
692  2636.0  0.05
693  2636.0  0.05
694  2636.0  0.05
695  2636.0  0.05
696  2636.0  0.05
697  2636.0  0.05
698  2636.0  0.05
699  2636.0  0.05
700  2636.0  0.05
701  2636.0  0.05
702  2636.0  0.05
703  2636.0  0.05
704  2636.0  0.05
705  2636.0  0.05
706  2636.0  0.05
707  2636.0  0.05
708  2636.0  0.05
709  2636.0  0.05
710  2636.0  0.05
711  2636.0  0.05
712  2636.0  0.05
713  2636.0  0.05
714  2636.0  0.05
715  2636.0  0.05
716  2636.0  0.05
717  2636.0  0.05
718  2636.0  0.05
719  2636.0  0.05
720  2636.0  0.05
721  2636.0  0.05
722  2636.0  0.05
723  2636.0  0.05
724  2636.0  0.05
725  2636.0  0.05
726  2636.0  0.05
727  2636.0  0.05
728  2636.0  0.05
729  2636.0  0.05
730  2636.0  0.05
731  2636.0  0.05
732  2636.0  0.05
733  2636.0  0.05
734  2636.0  0.05
735  2636.0  0.05
736  2636.0  0.05
737  2636.0  0.05
738  2636.0  0.05
739  2636.0  0.05
740  2636.0  0.05
741  2636.0  0.05
742  2636.0  0.05
743  2636.0  0.05
744  2636.0  0.05
745  2636.0  0.05
746  2636.0  0.05
747  2636.0  0.05
748  2636.0  0.05
749  2636.0  0.05
750  2636.0  0.05
751  2636.0  0.05
752  2636.0  0.05
753  2636.0  0.05
754  2636.0  0.05
755  2636.0  0.05
756  2636.0  0.05
757  2636.0  0.05
758  2636.0  0.05
759  2636.0  0.05
760  2636.0  0.05
761  2636.0  0.05
762  2636.0  0.05
763  2636.0  0.05
764  2636.0  0.05
765  2636.0  0.05
766  2636.0  0.05
767  2636.0  0.05
768  2636.0  0.05
769  2636.0  0.05
770  2636.0  0.05
771  2636.0  0.05
772  2636.0  0.05
773  2636.0  0.05
774  2636.0  0.05
775  2636.0  0.05
776  2636.0  0.05
777  2636.0  0.05
778  2636.0  0.05
779  2636.0  0.05
780  2636.0  0.05
781  2636.0  0.05
782  2636.0  0.05
783  2636.0  0.05
784  2636.0  0.05
785  2636.0  0.05
786  2636.0  0.05
787  2636.0  0.05
788  2636.0  0.05
789  2636.0  0.05
790  2636.0  0.05
791  2636.0  0.05
792  2636.0  0.05
793  2636.0  0.05
794  2636.0  0.05
795  2636.0  0.05
796  2636.0  0.05
797  2636.0  0.05
798  2636.0  0.05
799  2636.0  0.05
800  2636.0  0.05
801  2636.0  0.05
802  2636.0  0.05
803  2636.0  0.05
804  2636.0  0.05
805  2636.0  0.05
806  2636.0  0.05
807  2636.0  0.05
808  2636.0  0.05
809  2636.0  0.05
810  2636.0  0.05
811  2636.0  0.05
812  2636.0  0.05
813  2636.0  0.05
814  2636.0  0.05
815  2636.0  0.05
816  2636.0  0.05
817  2636.0  0.05
818  2636.0  0.05
819  2636.0  0.05
820  2636.0  0.05
821  2636.0  0.05
822  2636.0  0.05
823  2636.0  0.05
824  2636.0  0.05
825  2636.0  0.05
826  2636.0  0.05
827  2636.0  0.05
828  2636.0  0.05
829  2636.0  0.05
830  2636.0  0.05
831  2636.0  0.05
832  2636.0  0.05
833  2636.0  0.05
834  2636.0  0.05
835  2636.0  0.05
836  2636.0  0.05
837  2636.0  0.05
838  2636.0  0.05
839  2636.0  0.05
840  2636.0  0.05
841  2636.0  0.05
842  2636.0  0.05
843  2636.0  0.05
844  2636.0  0.05
845  2636.0  0.05
846  2636.0  0.05
847  2636.0  0.05
848  2636.0  0.05
849  2636.0  0.05
850  2636.0  0.05
851  2636.0  0.05
852  2636.0  0.05
853  2636.0  0.05
854  2636.0  0.05
855  2636.0  0.05
856  2636.0  0.05
857  2636.0  0.05
858  2636.0  0.05
859  2636.0  0.05
860  2636.0  0.05
861  2636.0  0.05
862  2636.0  0.05
863  2636.0  0.05
864  2636.0  0.05
865  2636.0  0.05
866  2636.0  0.05
867  2636.0  0.05
868  2636.0  0.05
869  2636.0  0.05
870  2636.0  0.05
871  2636.0  0.05
872  2636.0  0.05
873  2636.0  0.05
874  2636.0  0.05
875  2636.0  0.05
876  2636.0  0.05
877  2636.0  0.05
878  2636.0  0.05
879  2636.0  0.05
880  2636.0  0.05
881  2636.0  0.05
882  2636.0  0.05
883  2636.0  0.05
884  2636.0  0.05
885  2636.0  0.05
886  2636.0  0.05
887  2636.0  0.05
888  2636.0  0.05
889  2636.0  0.05
890  2636.0  0.05
891  2636.0  0.05
892  2636.0  0.05
893  2636.0  0.05
894  2636.0  0.05
895  2636.0  0.05
896  2636.0  0.05
897  2636.0  0.05
898  2636.0  0.05
899  2636.0  0.05
900  2636.0  0.05
901  2636.0  0.05
902  2636.0  0.05
903  2636.0  0.05
904  2636.0  0.05
905  2636.0  0.05
906  2636.0  0.05
907  2636.0  0.05
908  2636.0  0.05
909  2636.0  0.05
910  2636.0  0.05
911  2636.0  0.05
912  2636.0  0.05
913  2636.0  0.05
914  2636.0  0.05
915  2636.0  0.05
916  2636.0  0.05
917  2636.0  0.05
918  2636.0  0.05
919  2636.0  0.05
920  2636.0  0.05
921  2636.0  0.05
922  2636.0  0.05
923  2636.0  0.05
924  2636.0  0.05
925  2636.0  0.05
926  2636.0  0.05
927  2636.0  0.05
928  2636.0  0.05
929  2636.0  0.05
930  2636.0  0.05
931  2636.0  0.05
932  2636.0  0.05
933  2636.0  0.05
934  2636.0  0.05
935  2636.0  0.05
936  2636.0  0.05
937  2636.0  0.05
938  2636.0  0.05
939  2636.0  0.05
940  2636.0  0.05
941  2636.0  0.05
942  2636.0  0.05
943  2636.0  0.05
944  2636.0  0.05
945  2636.0  0.05
946  2636.0  0.05
947  2636.0  0.05
948  2636.0  0.05
949  2636.0  0.05
950  2636.0  0.05
951  2636.0  0.05
952  2636.0  0.05
953  2636.0  0.05
954  2636.0  0.05
955  2636.0  0.05
956  2636.0  0.05
957  2636.0  0.05
958  2636.0  0.05
959  2636.0  0.05
960  2636.0  0.05
961  2636.0  0.05
962  2636.0  0.05
963  2636.0  0.05
964  2636.0  0.05
965  2636.0  0.05
966  2636.0  0.05
967  2636.0  0.05
968  2636.0  0.05
969  2636.0  0.05
970  2636.0  0.05
971  2636.0  0.05
972  2636.0  0.05
973  2636.0  0.05
974  2636.0  0.05
975  2636.0  0.05
976  2636.0  0.05
977  2636.0  0.05
978  2636.0  0.05
979  2636.0  0.05
980  2636.0  0.05
981  2636.0  0.05
982  2636.0  0.05
983  2636.0  0.05
984  2636.0  0.05
985  2636.0  0.05
986  2636.0  0.05
987  2636.0  0.05
988  2636.0  0.05
989  2636.0  0.05
990  2636.0  0.05
991  2636.0  0.05
992  2636.0  0.05
993  2636.0  0.05
994  2636.0  0.05
995  2636.0  0.05
996  2636.0  0.05
997  2636.0  0.05
998  2636.0  0.05
999  2636.0  0.05
1000  2636.0  0.05
1001  2636.0  0.05
1002  2636.0  0.05
1003  2636.0  0.05
1004  2636.0  0.05
1005  2636.0  0.05
1006  2636.0  0.05
1007  2636.0  0.05
1008  2636.0  0.05
1009  2636.0  0.05
1010  2636.0  0.05
1011  2636.0  0.05
1012  2636.0  0.05
1013  2636.0  0.05
1014  2636.0  0.05
1015  2636.0  0.05
1016  2636.0  0.05
1017  2636.0  0.05
1018  2636.0  0.05
1019  2636.0  0.05
1020  2636.0  0.05
1021  2636.0  0.05
1022  2636.0  0.05
1023  2636.0  0.05
1024  2636.0  0.05
1025  2636.0  0.05
1026  2636.0  0.05
1027  2636.0  0.05
1028  2636.0  0.05
1029  2636.0  0.05
1030  2636.0  0.05
1031  2636.0  0.05
1032  2636.0  0.05
1033  2636.0  0.05
1034  2636.0  0.05
1035  2636.0  0.05
1036  2636.0  0.05
1037  2636.0  0.05
1038  2636.0  0.05
1039  2636.0  0.05
1040  2636.0  0.05
1041  2636.0  0.05
1042  2636.0  0.05
1043  2636.0  0.05
1044  2636.0  0.05
1045  2636.0  0.05
1046  2636.0  0.05
1047  2636.0  0.05
1048  2636.0  0.05
1049  2636.0  0.05
1050  2636.0  0.05
1051  2636.0  0.05
1052  2636.0  0.05
1053  2636.0  0.05
1054  2636.0  0.05
1055  2636.0  0.05
1056  2636.0  0.05
1057  2636.0  0.05
1058  2636.0  0.05
1059  2636.0  0.05
1060  2636.0  0.05
1061  2636.0  0.05
1062  2636.0  0.05
1063  2636.0  0.05
1064  2636.0  0.05
1065  2636.0  0.05
1066  2636.0  0.05
1067  2636.0  0.05
1068  2636.0  0.05
1069  2636.0  0.05
1070  2636.0  0.05
1071  2636.0  0.05
1072  2636.0  0.05
1073  2636.0  0.05
1074  2636.0  0.05
1075  2636.0  0.05
1076  2636.0  0.05
1077  2636.0  0.05
1078  2636.0  0.05
1079  2636.0  0.05
1080  2636.0  0.05
1081  2636.0  0.05
1082  2636.0  0.05
1083  2636.0  0.05
1084  2636.0  0.05
1085  2636.0  0.05
1086  2636.0  0.05
1087  2636.0  0.05
1088  2636.0  0.05
1089  2636.0  0.05
1090  2636.0  0.05
1091  2636.0  0.05
1092  2636.0  0.05
1093  2636.0  0.05
1094  2636.0  0.05
1095  2636.0  0.05
1096  2636.0  0.05
1097  2636.0  0.05
1098  2636.0  0.05
1099  2636.0  0.05
1100  2636.0  0.05
1101  2636.0  0.05
1102  2636.0  0.05
1103  2636.0  0.05
1104  2636.0  0.05
1105  2636.0  0.05
1106  2636.0  0.05
1107  2636.0  0.05
1108  2636.0  0.05
1109  2636.0  0.05
1110  2636.0  0.05
1111  2636.0  0.05
1112  2636.0  0.05
1113  2636.0  0.05
1114  2636.0  0.05
1115  2636.0  0.05
1116  2636.0  0.05
1117  2636.0  0.05
1118  2636.0  0.05
1119  2636.0  0.05
1120  2636.0  0.05
1121  2636.0  0.05
1122  2636.0  0.05
1123  2636.0  0.05
1124  2636.0  0.05
1125  2636.0  0.05
1126  2636.0  0.05
1127  2636.0  0.05
1128  2636.0  0.05
1129  2636.0  0.05
1130  2636.0  0.05
1131  2636.0  0.05
1132  2636.0  0.05
1133  2636.0  0.05
1134  2636.0  0.05
1135  2636.0  0.05
1136  2636.0  0.05
1137  2636.0  0.05
1138  2636.0  0.05
1139  2636.0  0.05
1140  2636.0  0.05
1141  2636.0  0.05
1142  2636.0  0.05
1143  2636.0  0.05
1144  2636.0  0.05
1145  2636.0  0.05
1146  2636.0  0.05
1147  2636.0  0.05
1148  2636.0  0.05
1149  2636.0  0.05
1150  2636.0  0.05
1151  2636.0  0.05
1152  2636.0  0.05
1153  2636.0  0.05
1154  2636.0  0.05
1155  2636.0  0.05
1156  2636.0  0.05
1157  2636.0  0.05
1158  2636.0  0.05
1159  2636.0  0.05
1160  2636.0  0.05
1161  2636.0  0.05
1162  2636.0  0.05
1163  2636.0  0.05
1164  2636.0  0.05
1165  2636.0  0.05
1166  2636.0  0.05
1167  2636.0  0.05
1168  2636.0  0.05
1169  2636.0  0.05
1170  2636.0  0.05
1171  2636.0  0.05
1172  2636.0  0.05
1173  2636.0  0.05
1174  2636.0  0.05
1175  2636.0  0.05
1176  2636.0  0.05
1177  2636.0  0.05
1178  2636.0  0.05
1179  2636.0  0.05
1180  2636.0  0.05
1181  2636.0  0.05
1182  2636.0  0.05
1183  2636.0  0.05
1184  2636.0  0.05
1185  2636.0  0.05
1186  2636.0  0.05
1187  2636.0  0.05
1188  2636.0  0.05
1189  2636.0  0.05
1190  2636.0  0.05
1191  2636.0  0.05
1192  2636.0  0.05
1193  2636.0  0.05
1194  2636.0  0.05
1195  2636.0  0.05
1196  2636.0  0.05
1197  2636.0  0.05
1198  2636.0  0.05
1199  2636.0  0.05
1200  2636.0  0.05
1201  2636.0  0.05
1202  2636.0  0.05
1203  2636.0  0.05
1204  2636.0  0.05
1205  2636.0  0.05
1206  2636.0  0.05
1207  2636.0  0.05
1208  2636.0  0.05
1209  2636.0  0.05
1210  2636.0  0.05
1211  2636.0  0.05
1212  2636.0  0.05
1213  2636.0  0.05
1214  2636.0  0.05
1215  2636.0  0.05
1216  2636.0  0.05
1217  2636.0  0.05
1218  2636.0  0.05
1219  2636.0  0.05
1220  2636.0  0.05
1221  2636.0  0.05
1222  2636.0  0.05
1223  2636.0  0.05
1224  2636.0  0.05
1225  2636.0  0.05
1226  2636.0  0.05
1227  2636.0  0.05
1228  2636.0  0.05
1229  2636.0  0.05
1230  2636.0  0.05
1231  2636.0  0.05
1232  2636.0  0.05
1233  2636.0  0.05
1234  2636.0  0.05
1235  2636.0  0.05
1236  2636.0  0.05
1237  2636.0  0.05
1238  2636.0  0.05
1239  2636.0  0.05
1240  2636.0  0.05
1241  2636.0  0.05
1242  2636.0  0.05
1243  2636.0  0.05
1244  2636.0  0.05
1245  2636.0  0.05
1246  2636.0  0.05
1247  2636.0  0.05
1248  2636.0  0.05
1249  2636.0  0.05
1250  2636.0  0.05
1251  2636.0  0.05
1252  2636.0  0.05
1253  2636.0  0.05
1254  2636.0  0.05
1255  2636.0  0.05
1256  2636.0  0.05
1257  2636.0  0.05
1258  2636.0  0.05
1259  2636.0  0.05
1260  2636.0  0.05
1261  2636.0  0.05
1262  2636.0  0.05
1263  2636.0  0.05
1264  2636.0  0.05
1265  2636.0  0.05
1266  2636.0  0.05
1267  2636.0  0.05
1268  2636.0  0.05
1269  2636.0  0.05
1270  2636.0  0.05
1271  2636.0  0.05
1272  2636.0  0.05
1273  2636.0  0.05
1274  2636.0  0.05
1275  2636.0  0.05
1276  2636.0  0.05
1277  2636.0  0.05
1278  2636.0  0.05
1279  2636.0  0.05
1280  2636.0  0.05
1281  2636.0  0.05
1282  2636.0  0.05
1283  2636.0  0.05
1284  2636.0  0.05
1285  2636.0  0.05
1286  2636.0  0.05
1287  2636.0  0.05
1288  2636.0  0.05
1289  2636.0  0.05
1290  2636.0  0.05
1291  2636.0  0.05
1292  2636.0  0.05
1293  2636.0  0.05
1294  2636.0  0.05
1295  2636.0  0.05
1296  2636.0  0.05
1297  2636.0  0.05
1298  2636.0  0.05
1299  2636.0  0.05
1300  2636.0  0.05
1301  2636.0  0.05
1302  2636.0  0.05
1303  2636.0  0.05
1304  2636.0  0.05
1305  2636.0  0.05
1306  2636.0  0.05
1307  2636.0  0.05
1308  2636.0  0.05
1309  2636.0  0.05
1310  2636.0  0.05
1311  2636.0  0.05
1312  2636.0  0.05
1313  2636.0  0.05
1314  2636.0  0.05
1315  2636.0  0.05
1316  2636.0  0.05
1317  2636.0  0.05
1318  2636.0  0.05
1319  2636.0  0.05
1320  2636.0  0.05
1321  2636.0  0.05
1322  2636.0  0.05
1323  2636.0  0.05
1324  2636.0  0.05
1325  2636.0  0.05
1326  2636.0  0.05
1327  2636.0  0.05
1328  2636.0  0.05
1329  2636.0  0.05
1330  2636.0  0.05
1331  2636.0  0.05
1332  2636.0  0.05
1333  2636.0  0.05
1334  2636.0  0.05
1335  2636.0  0.05
1336  2636.0  0.05
1337  2636.0  0.05
1338  2636.0  0.05
1339  2636.0  0.05
1340  2636.0  0.05
1341  2636.0  0.05
1342  2636.0  0.05
1343  2636.0  0.05
1344  2636.0  0.05
1345  2636.0  0.05
1346  2636.0  0.05
1347  2636.0  0.05
1348  2636.0  0.05
1349  2636.0  0.05
1350  2636.0  0.05
1351  2636.0  0.05
1352  2636.0  0.05
1353  2636.0  0.05
1354  2636.0  0.05
1355  2636.0  0.05
1356  2636.0  0.05
1357  2636.0  0.05
1358  2636.0  0.05
1359  2636.0  0.05
1360  2636.0  0.05
1361  2636.0  0.05
1362  2636.0  0.05
1363  2636.0  0.05
1364  2636.0  0.05
1365  2636.0  0.05
1366  2636.0  0.05
1367  2636.0  0.05
1368  2636.0  0.05
1369  2636.0  0.05
1370  2636.0  0.05
1371  2636.0  0.05
1372  2636.0  0.05
1373  2636.0  0.05
1374  2636.0  0.05
1375  2636.0  0.05
1376  2636.0  0.05
1377  2636.0  0.05
1378  2636.0  0.05
1379  2636.0  0.05
1380  2636.0  0.05
1381  2636.0  0.05
1382  2636.0  0.05
1383  2636.0  0.05
1384  2636.0  0.05
1385  2636.0  0.05
1386  2636.0  0.05
1387  2636.0  0.05
1388  2636.0  0.05
1389  2636.0  0.05
1390  2636.0  0.05
1391  2636.0  0.05
1392  2636.0  0.05
1393  2636.0  0.05
1394  2636.0  0.05
1395  2636.0  0.05
1396  2636.0  0.05
1397  2636.0  0.05
1398  2636.0  0.05
1399  2636.0  0.05
1400  2636.0  0.05
1401  2636.0  0.05
1402  2636.0  0.05
1403  2636.0  0.05
1404  2636.0  0.05
1405  2636.0  0.05
1406  2636.0  0.05
1407  2636.0  0.05
1408  2636.0  0.05
1409  2636.0  0.05
1410  2636.0  0.05
1411  2636.0  0.05
1412  2636.0  0.05
1413  2636.0  0.05
1414  2636.0  0.05
1415  2636.0  0.05
1416  2636.0  0.05
1417  2636.0  0.05
1418  2636.0  0.05
1419  2636.0  0.05
1420  2636.0  0.05
1421  2636.0  0.05
1422  2636.0  0.05
1423  2636.0  0.05
1424  2636.0  0.05
1425  2636.0  0.05
1426  2636.0  0.05
1427  2636.0  0.05
1428  2636.0  0.05
1429  2636.0  0.05
1430  2636.0  0.05
1431  2636.0  0.05
1432  2636.0  0.05
1433  2636.0  0.05
1434  2636.0  0.05
1435  2636.0  0.05
1436  2636.0  0.05
1437  2636.0  0.05
1438  2636.0  0.05
1439  2636.0  0.05
1440  2636.0  0.05
1441  2636.0  0.05
1442  2636.0  0.05
1443  2636.0  0.05
1444  2636.0  0.05
1445  2636.0  0.05
1446  2636.0  0.05
1447  2636.0  0.05
1448  2636.0  0.05
1449  2636.0  0.05
1450  2636.0  0.05
1451  2636.0  0.05
1452  2636.0  0.05
1453  2636.0  0.05
1454  2636.0  0.05
1455  2636.0  0.05
1456  2636.0  0.05
1457  2636.0  0.05
1458  2636.0  0.05
1459  2636.0  0.05
1460  2636.0  0.05
1461  2636.0  0.05
1462  2636.0  0.05
1463  2636.0  0.05
1464  2636.0  0.05
1465  2636.0  0.05
1466  2636.0  0.05
1467  2636.0  0.05
1468  2636.0  0.05
1469  2636.0  0.05
1470  2636.0  0.05
1471  2636.0  0.05
1472  2636.0  0.05
1473  2636.0  0.05
1474  2636.0  0.05
1475  2636.0  0.05
1476  2636.0  0.05
1477  2636.0  0.05
1478  2636.0  0.05
1479  2636.0  0.05
1480  2636.0  0.05
1481  2636.0  0.05
1482  2636.0  0.05
1483  2636.0  0.05
1484  2636.0  0.05
1485  2636.0  0.05
1486  2636.0  0.05
1487  2636.0  0.05
1488  2636.0  0.05
1489  2636.0  0.05
1490  2636.0  0.05
1491  2636.0  0.05
1492  2636.0  0.05
1493  2636.0  0.05
1494  2636.0  0.05
1495  2636.0  0.05
1496  2636.0  0.05
1497  2636.0  0.05
1498  2636.0  0.05
1499  2636.0  0.05
1500  2636.0  0.05
1501  2636.0  0.05
1502  2636.0  0.05
1503  2636.0  0.05
1504  2636.0  0.05
1505  2636.0  0.05
1506  2636.0  0.05
1507  2636.0  0.05
1508  2636.0  0.05
1509  2636.0  0.05
1510  2636.0  0.05
1511  2636.0  0.05
1512  2636.0  0.05
1513  2636.0  0.05
1514  2636.0  0.05
1515  2636.0  0.05
1516  2636.0  0.05
1517  2636.0  0.05
1518  2636.0  0.05
1519  2636.0  0.05
1520  2636.0  0.05
1521  2636.0  0.05
1522  2636.0  0.05
1523  2636.0  0.05
1524  2636.0  0.05
1525  2636.0  0.05
1526  2636.0  0.05
1527  2636.0  0.05
1528  2636.0  0.05
1529  2636.0  0.05
1530  2636.0  0.05
1531  2636.0  0.05
1532  2638.0  0.04
1533  2638.0  0.04
1534  2638.0  0.04
1535  2638.0  0.04
1536  2638.0  0.04
1537  2638.0  0.04
1538  2638.0  0.04
1539  2638.0  0.04
1540  2638.0  0.04
1541  2638.0  0.04
1542  2638.0  0.04
1543  2638.0  0.04
1544  2638.0  0.04
1545  2638.0  0.04
1546  2638.0  0.04
1547  2638.0  0.04
1548  2638.0  0.04
1549  2638.0  0.04
1550  2638.0  0.04
1551  2638.0  0.04
1552  2638.0  0.04
1553  2638.0  0.04
1554  2638.0  0.04
1555  2638.0  0.04
1556  2638.0  0.04
1557  2638.0  0.04
1558  2638.0  0.04
1559  2638.0  0.04
1560  2638.0  0.04
1561  2638.0  0.04
1562  2638.0  0.04
1563  2638.0  0.04
1564  2667.0  0.02
1565  2667.0  0.02
1566  2667.0  0.02
1567  2667.0  0.02
1568  2667.0  0.02
1569  2667.0  0.02
1570  2667.0  0.02
1571  2667.0  0.02
1572  2667.0  0.02
1573  2667.0  0.02
1574  2667.0  0.02
1575  2667.0  0.02
1576  2667.0  0.02
1577  2667.0  0.02
1578  2667.0  0.02
1579  2667.0  0.02
1580  2667.0  0.02
1581  2667.0  0.02
1582  2667.0  0.02
1583  2667.0  0.02
1584  2667.0  0.02
1585  2667.0  0.02
1586  2667.0  0.02
1587  2667.0  0.02
1588  2667.0  0.02
1589  2667.0  0.02
1590  2667.0  0.02
1591  2667.0  0.02
1592  2667.0  0.02
1593  2683.0  0.03
1594  2683.0  0.03
1595  2683.0  0.03
1596  2683.0  0.03
1597  2683.0  0.03
1598  2683.0  0.03
1599  2683.0  0.03
1600  2683.0  0.03
1601  2683.0  0.03
1602  2683.0  0.03
1603  2683.0  0.03
1604  2683.0  0.03
1605  2683.0  0.03
1606  2683.0  0.03
1607  2683.0  0.03
1608  2683.0  0.03
1609  2683.0  0.03
1610  2683.0  0.03
1611  2683.0  0.03
1612  2683.0  0.03
1613  2683.0  0.03
1614  2683.0  0.03
1615  2683.0  0.03
1616  2683.0  0.03
1617  2683.0  0.03
1618  2683.0  0.03
1619  2683.0  0.03
1620  2683.0  0.03
1621  2683.0  0.03
1622  2683.0  0.03
1623  2683.0  0.03
1624  2683.0  0.03
1625  2683.0  0.03
1626  2683.0  0.03
1627  2683.0  0.03
1628  2683.0  0.03
1629  2683.0  0.03
1630  2683.0  0.03
1631  2683.0  0.03
1632  2683.0  0.03
1633  2683.0  0.03
1634  2683.0  0.03
1635  2683.0  0.03
1636  2683.0  0.03
1637  2683.0  0.03
1638  2683.0  0.03
1639  2683.0  0.03
1640  2683.0  0.03
1641  2683.0  0.03
1642  2683.0  0.03
1643  2683.0  0.03
1644  2683.0  0.03
1645  2683.0  0.03
1646  2683.0  0.03
1647  2683.0  0.03
1648  2683.0  0.03
1649  2683.0  0.03
1650  2683.0  0.03
1651  2683.0  0.03
1652  2683.0  0.03
1653  2683.0  0.03
1654  2683.0  0.03
1655  2683.0  0.03
1656  2683.0  0.03
1657  2683.0  0.03
1658  2683.0  0.03
1659  2683.0  0.03
1660  2683.0  0.03
1661  2683.0  0.03
1662  2683.0  0.03
1663  2683.0  0.03
1664  2683.0  0.03
1665  2683.0  0.03
1666  2683.0  0.03
1667  2683.0  0.03
1668  2683.0  0.03
1669  2683.0  0.03
1670  2683.0  0.03
1671  2683.0  0.03
1672  2683.0  0.03
1673  2683.0  0.03
1674  2683.0  0.03
1675  2683.0  0.03
1676  2683.0  0.03
1677  2683.0  0.03
1678  2683.0  0.03
1679  2683.0  0.03
1680  2683.0  0.03
1681  2683.0  0.03
1682  2683.0  0.03
1683  2683.0  0.03
1684  2683.0  0.03
1685  2683.0  0.03
1686  2683.0  0.03
1687  2683.0  0.03
1688  2683.0  0.03
1689  2683.0  0.03
1690  2683.0  0.03
1691  2683.0  0.03
1692  2683.0  0.03
1693  2683.0  0.03
1694  2683.0  0.03
1695  2683.0  0.03
1696  2683.0  0.03
1697  2683.0  0.03
1698  2683.0  0.03
1699  2683.0  0.03
1700  2683.0  0.03
1701  2683.0  0.03
1702  2683.0  0.03
1703  2683.0  0.03
1704  2683.0  0.03
1705  2683.0  0.03
1706  2683.0  0.03
1707  2683.0  0.03
1708  2683.0  0.03
1709  2683.0  0.03
1710  2683.0  0.03
1711  2683.0  0.03
1712  2683.0  0.03
1713  2683.0  0.03
1714  2683.0  0.03
1715  2683.0  0.03
1716  2683.0  0.03
1717  2683.0  0.03
1718  2683.0  0.03
1719  2683.0  0.03
1720  2683.0  0.03
1721  2683.0  0.03
1722  2683.0  0.03
1723  2683.0  0.03
1724  2683.0  0.03
1725  2683.0  0.03
1726  2683.0  0.03
1727  2683.0  0.03
1728  2683.0  0.03
1729  2683.0  0.03
1730  2683.0  0.03
1731  2683.0  0.03
1732  2683.0  0.03
1733  2683.0  0.03
1734  2683.0  0.03
1735  2683.0  0.03
1736  2683.0  0.03
1737  2683.0  0.03
1738  2683.0  0.03
1739  2683.0  0.03
1740  2683.0  0.03
1741  2683.0  0.03
1742  2683.0  0.03
1743  2683.0  0.03
1744  2683.0  0.03
1745  2683.0  0.03
1746  2683.0  0.03
1747  2683.0  0.03
1748  2683.0  0.03
1749  2683.0  0.03
1750  2683.0  0.03
1751  2683.0  0.03
1752  2683.0  0.03
1753  2683.0  0.03
1754  2683.0  0.03
1755  2683.0  0.03
1756  2683.0  0.03
1757  2683.0  0.03
1758  2683.0  0.03
1759  2683.0  0.03
1760  2683.0  0.03
1761  2683.0  0.03
1762  2683.0  0.03
1763  2683.0  0.03
1764  2683.0  0.03
1765  2683.0  0.03
1766  2683.0  0.03
1767  2683.0  0.03
1768  2683.0  0.03
1769  2683.0  0.03
1770  2683.0  0.03
1771  2683.0  0.03
1772  2683.0  0.03
1773  2683.0  0.03
1774  2683.0  0.03
1775  2683.0  0.03
1776  2683.0  0.03
1777  2683.0  0.03
1778  2683.0  0.03
1779  2683.0  0.03
1780  2683.0  0.03
1781  2683.0  0.03
1782  2683.0  0.03
1783  2683.0  0.03
1784  2683.0  0.03
1785  2683.0  0.03
1786  2683.0  0.03
1787  2683.0  0.03
1788  2683.0  0.03
1789  2683.0  0.03
1790  2683.0  0.03
1791  2683.0  0.03
1792  2683.0  0.03
1793  2683.0  0.03
1794  2683.0  0.03
1795  2683.0  0.03
1796  2683.0  0.03
1797  2683.0  0.03
1798  2683.0  0.03
1799  2683.0  0.03
1800  2683.0  0.03
1801  2683.0  0.03
1802  2683.0  0.03
1803  2683.0  0.03
1804  2683.0  0.03
1805  2683.0  0.03
1806  2683.0  0.03
1807  2683.0  0.03
1808  2683.0  0.03
1809  2683.0  0.03
1810  2683.0  0.03
1811  2683.0  0.03
1812  2683.0  0.03
1813  2683.0  0.03
1814  2683.0  0.03
1815  2683.0  0.03
1816  2683.0  0.03
1817  2683.0  0.03
1818  2683.0  0.03
1819  2683.0  0.03
1820  2683.0  0.03
1821  2683.0  0.03
1822  2683.0  0.03
1823  2683.0  0.03
1824  2683.0  0.03
1825  2683.0  0.03
1826  2683.0  0.03
1827  2683.0  0.03
1828  2683.0  0.03
1829  2683.0  0.03
1830  2683.0  0.03
1831  2683.0  0.03
1832  2683.0  0.03
1833  2683.0  0.03
1834  2683.0  0.03
1835  2683.0  0.03
1836  2683.0  0.03
1837  2683.0  0.03
1838  2683.0  0.03
1839  2683.0  0.03
1840  2683.0  0.03
1841  2683.0  0.03
1842  2683.0  0.03
1843  2683.0  0.03
1844  2683.0  0.03
1845  2683.0  0.03
1846  2683.0  0.03
1847  2683.0  0.03
1848  2683.0  0.03
1849  2683.0  0.03
1850  2683.0  0.03
1851  2683.0  0.03
1852  2683.0  0.03
1853  2683.0  0.03
1854  2683.0  0.03
1855  2683.0  0.03
1856  2683.0  0.03
1857  2683.0  0.03
1858  2683.0  0.03
1859  2683.0  0.03
1860  2683.0  0.03
1861  2683.0  0.03
1862  2683.0  0.03
1863  2683.0  0.03
1864  2683.0  0.03
1865  2683.0  0.03
1866  2683.0  0.03
1867  2683.0  0.03
1868  2683.0  0.03
1869  2683.0  0.03
1870  2683.0  0.03
1871  2683.0  0.03
1872  2683.0  0.03
1873  2683.0  0.03
1874  2683.0  0.03
1875  2683.0  0.03
1876  2683.0  0.03
1877  2683.0  0.03
1878  2683.0  0.03
1879  2683.0  0.03
1880  2683.0  0.03
1881  2683.0  0.03
1882  2683.0  0.03
1883  2683.0  0.03
1884  2683.0  0.03
1885  2683.0  0.03
1886  2683.0  0.03
1887  2683.0  0.03
1888  2683.0  0.03
1889  2683.0  0.03
1890  2683.0  0.03
1891  2683.0  0.03
1892  2683.0  0.03
1893  2683.0  0.03
1894  2683.0  0.03
1895  2683.0  0.03
1896  2683.0  0.03
1897  2683.0  0.03
1898  2683.0  0.03
1899  2683.0  0.03
1900  2683.0  0.03
1901  2683.0  0.03
1902  2683.0  0.03
1903  2683.0  0.03
1904  2683.0  0.03
1905  2683.0  0.03
1906  2683.0  0.03
1907  2683.0  0.03
1908  2683.0  0.03
1909  2683.0  0.03
1910  2683.0  0.03
1911  2683.0  0.03
1912  2683.0  0.03
1913  2683.0  0.03
1914  2683.0  0.03
1915  2683.0  0.03
1916  2683.0  0.03
1917  2683.0  0.03
1918  2683.0  0.03
1919  2683.0  0.03
1920  2683.0  0.03
1921  2683.0  0.03
1922  2683.0  0.03
1923  2683.0  0.03
1924  2683.0  0.03
1925  2683.0  0.03
1926  2683.0  0.03
1927  2683.0  0.03
1928  2683.0  0.03
1929  2683.0  0.03
1930  2683.0  0.03
1931  2683.0  0.03
1932  2683.0  0.03
1933  2683.0  0.03
1934  2683.0  0.03
1935  2683.0  0.03
1936  2683.0  0.03
1937  2683.0  0.03
1938  2683.0  0.03
1939  2683.0  0.03
1940  2683.0  0.03
1941  2683.0  0.03
1942  2683.0  0.03
1943  2683.0  0.03
1944  2683.0  0.03
1945  2683.0  0.03
1946  2683.0  0.03
1947  2683.0  0.03
1948  2683.0  0.03
1949  2683.0  0.03
1950  2683.0  0.03
1951  2683.0  0.03
1952  2683.0  0.03
1953  2683.0  0.03
1954  2683.0  0.03
1955  2683.0  0.03
1956  2683.0  0.03
1957  2683.0  0.03
1958  2683.0  0.03
1959  2683.0  0.03
1960  2683.0  0.03
1961  2683.0  0.03
1962  2683.0  0.03
1963  2683.0  0.03
1964  2683.0  0.03
1965  2683.0  0.03
1966  2683.0  0.03
1967  2683.0  0.03
1968  2683.0  0.03
1969  2683.0  0.03
1970  2683.0  0.03
1971  2683.0  0.03
1972  2683.0  0.03
1973  2683.0  0.03
1974  2683.0  0.03
1975  2683.0  0.03
1976  2683.0  0.03
1977  2683.0  0.03
1978  2683.0  0.03
1979  2683.0  0.03
1980  2683.0  0.03
1981  2683.0  0.03
1982  2683.0  0.03
1983  2683.0  0.03
1984  2683.0  0.03
1985  2683.0  0.03
1986  2683.0  0.03
1987  2683.0  0.03
1988  2683.0  0.03
1989  2683.0  0.03
1990  2683.0  0.03
1991  2683.0  0.03
1992  2683.0  0.03
1993  2683.0  0.03
1994  2683.0  0.03
1995  2683.0  0.03
1996  2683.0  0.03
1997  2683.0  0.03
1998  2683.0  0.03
1999  2683.0  0.03
2000  2683.0  0.03
2001  2683.0  0.03
2002  2683.0  0.03
2003  2683.0  0.03
2004  2683.0  0.03
2005  2683.0  0.03
2006  2683.0  0.03
2007  2683.0  0.03
2008  2683.0  0.03
2009  2683.0  0.03
2010  2683.0  0.03
2011  2683.0  0.03
2012  2683.0  0.03
2013  2683.0  0.03
2014  2683.0  0.03
2015  2683.0  0.03
2016  2683.0  0.03
2017  2683.0  0.03
2018  2683.0  0.03
2019  2683.0  0.03
2020  2683.0  0.03
2021  2683.0  0.03
2022  2683.0  0.03
2023  2683.0  0.03
2024  2683.0  0.03
2025  2683.0  0.03
2026  2683.0  0.03
2027  2683.0  0.03
2028  2683.0  0.03
2029  2683.0  0.03
2030  2683.0  0.03
2031  2683.0  0.03
2032  2683.0  0.03
2033  2683.0  0.03
2034  2683.0  0.03
2035  2683.0  0.03
2036  2683.0  0.03
2037  2683.0  0.03
2038  2683.0  0.03
2039  2683.0  0.03
2040  2683.0  0.03
2041  2683.0  0.03
2042  2683.0  0.03
2043  2683.0  0.03
2044  2683.0  0.03
2045  2683.0  0.03
2046  2683.0  0.03
2047  2683.0  0.03
2048  2683.0  0.03
2049  2683.0  0.03
2050  2683.0  0.03
2051  2683.0  0.03
2052  2683.0  0.03
2053  2683.0  0.03
2054  2683.0  0.03
2055  2683.0  0.03
2056  2683.0  0.03
2057  2683.0  0.03
2058  2683.0  0.03
2059  2683.0  0.03
2060  2683.0  0.03
2061  2683.0  0.03
2062  2683.0  0.03
2063  2683.0  0.03
2064  2683.0  0.03
2065  2683.0  0.03
2066  2683.0  0.03
2067  2683.0  0.03
2068  2683.0  0.03
2069  2683.0  0.03
2070  2683.0  0.03
2071  2683.0  0.03
2072  2683.0  0.03
2073  2683.0  0.03
2074  2683.0  0.03
2075  2683.0  0.03
2076  2683.0  0.03
2077  2683.0  0.03
2078  2683.0  0.03
2079  2683.0  0.03
2080  2683.0  0.03
2081  2683.0  0.03
2082  2683.0  0.03
2083  2683.0  0.03
2084  2683.0  0.03
2085  2683.0  0.03
2086  2683.0  0.03
2087  2683.0  0.03
2088  2683.0  0.03
2089  2683.0  0.03
2090  2683.0  0.03
2091  2683.0  0.03
2092  2683.0  0.03
2093  2683.0  0.03
2094  2683.0  0.03
2095  2683.0  0.03
2096  2683.0  0.03
2097  2683.0  0.03
2098  2683.0  0.03
2099  2683.0  0.03
2100  2683.0  0.03
2101  2683.0  0.03
2102  2683.0  0.03
2103  2683.0  0.03
2104  2683.0  0.03
2105  2683.0  0.03
2106  2683.0  0.03
2107  2683.0  0.03
2108  2683.0  0.03
2109  2683.0  0.03
2110  2683.0  0.03
2111  2683.0  0.03
2112  2683.0  0.03
2113  2683.0  0.03
2114  2683.0  0.03
2115  2683.0  0.03
2116  2683.0  0.03
2117  2683.0  0.03
2118  2683.0  0.03
2119  2683.0  0.03
2120  2683.0  0.03
2121  2683.0  0.03
2122  2683.0  0.03
2123  2683.0  0.03
2124  2683.0  0.03
2125  2683.0  0.03
2126  2683.0  0.03
2127  2683.0  0.03
2128  2683.0  0.03
2129  2683.0  0.03
2130  2683.0  0.03
2131  2683.0  0.03
2132  2683.0  0.03
2133  2683.0  0.03
2134  2683.0  0.03
2135  2683.0  0.03
2136  2683.0  0.03
2137  2683.0  0.03
2138  2683.0  0.03
2139  2683.0  0.03
2140  2683.0  0.03
2141  2683.0  0.03
2142  2683.0  0.03
2143  2683.0  0.03
2144  2683.0  0.03
2145  2683.0  0.03
2146  2683.0  0.03
2147  2683.0  0.03
2148  2683.0  0.03
2149  2683.0  0.03
2150  2683.0  0.03
2151  2683.0  0.03
2152  2683.0  0.03
2153  2683.0  0.03
2154  2683.0  0.03
2155  2683.0  0.03
2156  2683.0  0.03
2157  2683.0  0.03
2158  2683.0  0.03
2159  2683.0  0.03
2160  2683.0  0.03
2161  2683.0  0.03
2162  2683.0  0.03
2163  2683.0  0.03
2164  2683.0  0.03
2165  2683.0  0.03
2166  2683.0  0.03
2167  2683.0  0.03
2168  2683.0  0.03
2169  2683.0  0.03
2170  2683.0  0.03
2171  2683.0  0.03
2172  2683.0  0.03
2173  2683.0  0.03
2174  2683.0  0.03
2175  2683.0  0.03
2176  2683.0  0.03
2177  2683.0  0.03
2178  2683.0  0.03
2179  2683.0  0.03
2180  2683.0  0.03
2181  2683.0  0.03
2182  2683.0  0.03
2183  2683.0  0.03
2184  2683.0  0.03
2185  2683.0  0.03
2186  2683.0  0.03
2187  2683.0  0.03
2188  2683.0  0.03
2189  2683.0  0.03
2190  2683.0  0.03
2191  2683.0  0.03
2192  2683.0  0.03
2193  2683.0  0.03
2194  2683.0  0.03
2195  2683.0  0.03
2196  2683.0  0.03
2197  2683.0  0.03
2198  2683.0  0.03
2199  2683.0  0.03
2200  2683.0  0.03
2201  2683.0  0.03
2202  2683.0  0.03
2203  2683.0  0.03
2204  2683.0  0.03
2205  2683.0  0.03
2206  2683.0  0.03
2207  2683.0  0.03
2208  2683.0  0.03
2209  2683.0  0.03
2210  2683.0  0.03
2211  2683.0  0.03
2212  2683.0  0.03
2213  2683.0  0.03
2214  2683.0  0.03
2215  2683.0  0.03
2216  2683.0  0.03
2217  2683.0  0.03
2218  2683.0  0.03
2219  2683.0  0.03
2220  2683.0  0.03
2221  2683.0  0.03
2222  2683.0  0.03
2223  2683.0  0.03
2224  2683.0  0.03
2225  2683.0  0.03
2226  2683.0  0.03
2227  2683.0  0.03
2228  2683.0  0.03
2229  2683.0  0.03
2230  2683.0  0.03
2231  2683.0  0.03
2232  2683.0  0.03
2233  2683.0  0.03
2234  2683.0  0.03
2235  2683.0  0.03
2236  2683.0  0.03
2237  2683.0  0.03
2238  2683.0  0.03
2239  2683.0  0.03
2240  2683.0  0.03
2241  2683.0  0.03
2242  2683.0  0.03
2243  2683.0  0.03
2244  2683.0  0.03
2245  2683.0  0.03
2246  2683.0  0.03
2247  2683.0  0.03
2248  2683.0  0.03
2249  2683.0  0.03
2250  2683.0  0.03
2251  2683.0  0.03
2252  2683.0  0.03
2253  2683.0  0.03
2254  2683.0  0.03
2255  2683.0  0.03
2256  2683.0  0.03
2257  2683.0  0.03
2258  2683.0  0.03
2259  2683.0  0.03
2260  2683.0  0.03
2261  2683.0  0.03
2262  2683.0  0.03
2263  2683.0  0.03
2264  2683.0  0.03
2265  2683.0  0.03
2266  2683.0  0.03
2267  2683.0  0.03
2268  2683.0  0.03
2269  2683.0  0.03
2270  2683.0  0.03
2271  2683.0  0.03
2272  2683.0  0.03
2273  2683.0  0.03
2274  2683.0  0.03
2275  2683.0  0.03
2276  2683.0  0.03
2277  2683.0  0.03
2278  2683.0  0.03
2279  2683.0  0.03
2280  2683.0  0.03
2281  2683.0  0.03
2282  2683.0  0.03
2283  2683.0  0.03
2284  2683.0  0.03
2285  2683.0  0.03
2286  2683.0  0.03
2287  2683.0  0.03
2288  2683.0  0.03
2289  2683.0  0.03
2290  2683.0  0.03
2291  2683.0  0.03
2292  2683.0  0.03
2293  2683.0  0.03
2294  2683.0  0.03
2295  2683.0  0.03
2296  2683.0  0.03
2297  2683.0  0.03
2298  2683.0  0.03
2299  2683.0  0.03
2300  2683.0  0.03
2301  2683.0  0.03
2302  2683.0  0.03
2303  2683.0  0.03
2304  2683.0  0.03
2305  2683.0  0.03
2306  2683.0  0.03
2307  2683.0  0.03
2308  2683.0  0.03
2309  2683.0  0.03
2310  2683.0  0.03
2311  2683.0  0.03
2312  2683.0  0.03
2313  2683.0  0.03
2314  2683.0  0.03
2315  2683.0  0.03
2316  2683.0  0.03
2317  2683.0  0.03
2318  2683.0  0.03
2319  2683.0  0.03
2320  2683.0  0.03
2321  2683.0  0.03
2322  2683.0  0.03
2323  2683.0  0.03
2324  2683.0  0.03
2325  2683.0  0.03
2326  2683.0  0.03
2327  2683.0  0.03
2328  2683.0  0.03
2329  2683.0  0.03
2330  2683.0  0.03
2331  2683.0  0.03
2332  2683.0  0.03
2333  2683.0  0.03
2334  2683.0  0.03
2335  2683.0  0.03
2336  2683.0  0.03
2337  2683.0  0.03
2338  2683.0  0.03
2339  2683.0  0.03
2340  2683.0  0.03
2341  2683.0  0.03
2342  2683.0  0.03
2343  2683.0  0.03
2344  2683.0  0.03
2345  2683.0  0.03
2346  2683.0  0.03
2347  2683.0  0.03
2348  2683.0  0.03
2349  2683.0  0.03
2350  2683.0  0.03
2351  2683.0  0.03
2352  2683.0  0.03
2353  2683.0  0.03
2354  2683.0  0.03
2355  2683.0  0.03
2356  2683.0  0.03
2357  2683.0  0.03
2358  2683.0  0.03
2359  2683.0  0.03
2360  2683.0  0.03
2361  2683.0  0.03
2362  2683.0  0.03
2363  2683.0  0.03
2364  2683.0  0.03
2365  2683.0  0.03
2366  2683.0  0.03
2367  2683.0  0.03
2368  2683.0  0.03
2369  2683.0  0.03
2370  2683.0  0.03
2371  2683.0  0.03
2372  2683.0  0.03
2373  2683.0  0.03
2374  2683.0  0.03
2375  2683.0  0.03
2376  2683.0  0.03
2377  2683.0  0.03
2378  2683.0  0.03
2379  2683.0  0.03
2380  2683.0  0.03
2381  2683.0  0.03
2382  2683.0  0.03
2383  2683.0  0.03
2384  2683.0  0.03
2385  2683.0  0.03
2386  2683.0  0.03
2387  2683.0  0.03
2388  2683.0  0.03
2389  2683.0  0.03
2390  2683.0  0.03
2391  2683.0  0.03
2392  2683.0  0.03
2393  2683.0  0.03
2394  2683.0  0.03
2395  2683.0  0.03
2396  2683.0  0.03
2397  2683.0  0.03
2398  2683.0  0.03
2399  2683.0  0.03
2400  2683.0  0.03
2401  2683.0  0.03
2402  2683.0  0.03
2403  2683.0  0.03
2404  2683.0  0.03
2405  2683.0  0.03
2406  2683.0  0.03
2407  2683.0  0.03
2408  2683.0  0.03
2409  2683.0  0.03
2410  2683.0  0.03
2411  2683.0  0.03
2412  2683.0  0.03
2413  2683.0  0.03
2414  2683.0  0.03
2415  2683.0  0.03
2416  2683.0  0.03
2417  2683.0  0.03
2418  2683.0  0.03
2419  2683.0  0.03
2420  2683.0  0.03
2421  2683.0  0.03
2422  2683.0  0.03
2423  2683.0  0.03
2424  2683.0  0.03
2425  2683.0  0.03
2426  2683.0  0.03
2427  2683.0  0.03
2428  2683.0  0.03
2429  2683.0  0.03
2430  2683.0  0.03
2431  2683.0  0.03
2432  2683.0  0.03
2433  2683.0  0.03
2434  2683.0  0.03
2435  2683.0  0.03
2436  2683.0  0.03
2437  2683.0  0.03
2438  2683.0  0.03
2439  2683.0  0.03
2440  2683.0  0.03
2441  2683.0  0.03
2442  2683.0  0.03
2443  2683.0  0.03
2444  2683.0  0.03
2445  2683.0  0.03
2446  2683.0  0.03
2447  2683.0  0.03
2448  2683.0  0.03
2449  2683.0  0.03
2450  2683.0  0.03
2451  2683.0  0.03
2452  2683.0  0.03
2453  2683.0  0.03
2454  2683.0  0.03
2455  2683.0  0.03
2456  2683.0  0.03
2457  2683.0  0.03
2458  2683.0  0.03
2459  2683.0  0.03
2460  2683.0  0.03
2461  2683.0  0.03
2462  2683.0  0.03
2463  2683.0  0.03
2464  2683.0  0.03
2465  2683.0  0.03
2466  2683.0  0.03
2467  2683.0  0.03
2468  2683.0  0.03
2469  2683.0  0.03
2470  2683.0  0.03
2471  2683.0  0.03
2472  2683.0  0.03
2473  2683.0  0.03
2474  2683.0  0.03
2475  2683.0  0.03
2476  2683.0  0.03
2477  2683.0  0.03
2478  2683.0  0.03
2479  2683.0  0.03
2480  2683.0  0.03
2481  2683.0  0.03
2482  2683.0  0.03
2483  2683.0  0.03
2484  2683.0  0.03
2485  2683.0  0.03
2486  2683.0  0.03
2487  2683.0  0.03
2488  2683.0  0.03
2489  2683.0  0.03
2490  2683.0  0.03
2491  2683.0  0.03
2492  2683.0  0.03
2493  2683.0  0.03
2494  2683.0  0.03
2495  2683.0  0.03
2496  2683.0  0.03
2497  2683.0  0.03
2498  2683.0  0.03
2499  2683.0  0.03
2500  2683.0  0.03
2501  2683.0  0.03
2502  2683.0  0.03
2503  2683.0  0.03
2504  2683.0  0.03
2505  2683.0  0.03
2506  2683.0  0.03
2507  2683.0  0.03
2508  2683.0  0.03
2509  2683.0  0.03
2510  2683.0  0.03
2511  2683.0  0.03
2512  2683.0  0.03
2513  2683.0  0.03
2514  2683.0  0.03
2515  2683.0  0.03
2516  2683.0  0.03
2517  2683.0  0.03
2518  2683.0  0.03
2519  2683.0  0.03
2520  2683.0  0.03
2521  2683.0  0.03
2522  2683.0  0.03
2523  2683.0  0.03
2524  2683.0  0.03
2525  2683.0  0.03
2526  2683.0  0.03
2527  2683.0  0.03
2528  2683.0  0.03
2529  2683.0  0.03
2530  2683.0  0.03
2531  2683.0  0.03
2532  2683.0  0.03
2533  2683.0  0.03
2534  2683.0  0.03
2535  2683.0  0.03
2536  2683.0  0.03
2537  2683.0  0.03
2538  2683.0  0.03
2539  2683.0  0.03
2540  2683.0  0.03
2541  2683.0  0.03
2542  2683.0  0.03
2543  2683.0  0.03
2544  2683.0  0.03
2545  2683.0  0.03
2546  2683.0  0.03
2547  2683.0  0.03
2548  2683.0  0.03
2549  2683.0  0.03
2550  2683.0  0.03
2551  2683.0  0.03
2552  2683.0  0.03
2553  2683.0  0.03
2554  2683.0  0.03
2555  2683.0  0.03
2556  2683.0  0.03
2557  2683.0  0.03
2558  2683.0  0.03
2559  2683.0  0.03
2560  2683.0  0.03
2561  2683.0  0.03
2562  2683.0  0.03
2563  2683.0  0.03
2564  2683.0  0.03
2565  2683.0  0.03
2566  2683.0  0.03
2567  2683.0  0.03
2568  2683.0  0.03
2569  2683.0  0.03
2570  2683.0  0.03
2571  2683.0  0.03
2572  2683.0  0.03
2573  2683.0  0.03
2574  2683.0  0.03
2575  2683.0  0.03
2576  2683.0  0.03
2577  2683.0  0.03
2578  2683.0  0.03
2579  2683.0  0.03
2580  2683.0  0.03
2581  2683.0  0.03
2582  2683.0  0.03
2583  2683.0  0.03
2584  2683.0  0.03
2585  2683.0  0.03
2586  2683.0  0.03
2587  2683.0  0.03
2588  2683.0  0.03
2589  2683.0  0.03
2590  2683.0  0.03
2591  2683.0  0.03
2592  2683.0  0.03
2593  2683.0  0.03
2594  2683.0  0.03
2595  2683.0  0.03
2596  2683.0  0.03
2597  2683.0  0.03
2598  2683.0  0.03
2599  2683.0  0.03
2600  2683.0  0.03
2601  2683.0  0.03
2602  2683.0  0.03
2603  2683.0  0.03
2604  2683.0  0.03
2605  2683.0  0.03
2606  2683.0  0.03
2607  2683.0  0.03
2608  2683.0  0.03
2609  2683.0  0.03
2610  2683.0  0.03
2611  2683.0  0.03
2612  2683.0  0.03
2613  2683.0  0.03
2614  2683.0  0.03
2615  2683.0  0.03
2616  2683.0  0.03
2617  2683.0  0.03
2618  2683.0  0.03
2619  2683.0  0.03
2620  2683.0  0.03
2621  2683.0  0.03
2622  2683.0  0.03
2623  2683.0  0.03
2624  2683.0  0.03
2625  2683.0  0.03
2626  2683.0  0.03
2627  2683.0  0.03
2628  2683.0  0.03
2629  2683.0  0.03
2630  2683.0  0.03
2631  2683.0  0.03
2632  2683.0  0.03
2633  2683.0  0.03
2634  2683.0  0.03
2635  2683.0  0.03
2636  2683.0  0.03
2637  2683.0  0.03
2638  2683.0  0.03
2639  2683.0  0.03
2640  2683.0  0.03
2641  2683.0  0.03
2642  2683.0  0.03
2643  2683.0  0.03
2644  2683.0  0.03
2645  2683.0  0.03
2646  2683.0  0.03
2647  2683.0  0.03
2648  2683.0  0.03
2649  2683.0  0.03
2650  2683.0  0.03
2651  2683.0  0.03
2652  2683.0  0.03
2653  2683.0  0.03
2654  2683.0  0.03
2655  2683.0  0.03
2656  2683.0  0.03
2657  2683.0  0.03
2658  2683.0  0.03
2659  2683.0  0.03
2660  2683.0  0.03
2661  2683.0  0.03
2662  2683.0  0.03
2663  2683.0  0.03
2664  2683.0  0.03
2665  2683.0  0.03
2666  2683.0  0.03
2667  2683.0  0.03
2668  2683.0  0.03
2669  2683.0  0.03
2670  2683.0  0.03
2671  2683.0  0.03
2672  2683.0  0.03
2673  2683.0  0.03
2674  2683.0  0.03
2675  2683.0  0.03
2676  2683.0  0.03
2677  2683.0  0.03
2678  2683.0  0.03
2679  2683.0  0.03
2680  2683.0  0.03
2681  2683.0  0.03
2682  2683.0  0.03
2683  2683.0  0.03
2684  2683.0  0.03
2685  2683.0  0.03
2686  2683.0  0.03
2687  2683.0  0.03
2688  2683.0  0.03
2689  2683.0  0.03
2690  2683.0  0.03
2691  2683.0  0.03
2692  2683.0  0.03
2693  2683.0  0.03
2694  2683.0  0.03
2695  2683.0  0.03
2696  2683.0  0.03
2697  2683.0  0.03
2698  2683.0  0.03
2699  2683.0  0.03
2700  2683.0  0.03
2701  2683.0  0.03
2702  2683.0  0.03
2703  2683.0  0.03
2704  2683.0  0.03
2705  2683.0  0.03
2706  2683.0  0.03
2707  2683.0  0.03
2708  2683.0  0.03
2709  2683.0  0.03
2710  2683.0  0.03
2711  2683.0  0.03
2712  2683.0  0.03
2713  2683.0  0.03
2714  2683.0  0.03
2715  2683.0  0.03
2716  2683.0  0.03
2717  2683.0  0.03
2718  2683.0  0.03
2719  2683.0  0.03
2720  2683.0  0.03
2721  2683.0  0.03
2722  2683.0  0.03
2723  2683.0  0.03
2724  2683.0  0.03
2725  2683.0  0.03
2726  2683.0  0.03
2727  2683.0  0.03
2728  2683.0  0.03
2729  2683.0  0.03
2730  2683.0  0.03
2731  2683.0  0.03
2732  2683.0  0.03
2733  2683.0  0.03
2734  2683.0  0.03
2735  2683.0  0.03
2736  2683.0  0.03
2737  2683.0  0.03
2738  2683.0  0.03
2739  2683.0  0.03
2740  2683.0  0.03
2741  2683.0  0.03
2742  2683.0  0.03
2743  2683.0  0.03
2744  2683.0  0.03
2745  2683.0  0.03
2746  2683.0  0.03
2747  2683.0  0.03
2748  2683.0  0.03
2749  2683.0  0.03
2750  2683.0  0.03
2751  2683.0  0.03
2752  2683.0  0.03
2753  2683.0  0.03
2754  2683.0  0.03
2755  2683.0  0.03
2756  2683.0  0.03
2757  2683.0  0.03
2758  2683.0  0.03
2759  2683.0  0.03
2760  2683.0  0.03
2761  2683.0  0.03
2762  2683.0  0.03
2763  2683.0  0.03
2764  2683.0  0.03
2765  2683.0  0.03
2766  2683.0  0.03
2767  2683.0  0.03
2768  2683.0  0.03
2769  2683.0  0.03
2770  2683.0  0.03
2771  2683.0  0.03
2772  2683.0  0.03
2773  2683.0  0.03
2774  2683.0  0.03
2775  2683.0  0.03
2776  2683.0  0.03
2777  2683.0  0.03
2778  2683.0  0.03
2779  2683.0  0.03
2780  2683.0  0.03
2781  2683.0  0.03
2782  2683.0  0.03
2783  2683.0  0.03
2784  2683.0  0.03
2785  2683.0  0.03
2786  2683.0  0.03
2787  2683.0  0.03
2788  2683.0  0.03
2789  2683.0  0.03
2790  2683.0  0.03
2791  2683.0  0.03
2792  2683.0  0.03
2793  2683.0  0.03
2794  2683.0  0.03
2795  2683.0  0.03
2796  2683.0  0.03
2797  2683.0  0.03
2798  2683.0  0.03
2799  2683.0  0.03
2800  2683.0  0.03
2801  2683.0  0.03
2802  2683.0  0.03
2803  2683.0  0.03
2804  2683.0  0.03
2805  2683.0  0.03
2806  2683.0  0.03
2807  2683.0  0.03
2808  2683.0  0.03
2809  2683.0  0.03
2810  2683.0  0.03
2811  2683.0  0.03
2812  2683.0  0.03
2813  2683.0  0.03
2814  2683.0  0.03
2815  2683.0  0.03
2816  2683.0  0.03
2817  2683.0  0.03
2818  2683.0  0.03
2819  2683.0  0.03
2820  2683.0  0.03
2821  2683.0  0.03
2822  2683.0  0.03
2823  2683.0  0.03
2824  2683.0  0.03
2825  2683.0  0.03
2826  2683.0  0.03
2827  2683.0  0.03
2828  2683.0  0.03
2829  2683.0  0.03
2830  2683.0  0.03
2831  2683.0  0.03
2832  2683.0  0.03
2833  2683.0  0.03
2834  2683.0  0.03
2835  2683.0  0.03
2836  2683.0  0.03
2837  2683.0  0.03
2838  2683.0  0.03
2839  2683.0  0.03
2840  2683.0  0.03
2841  2683.0  0.03
2842  2683.0  0.03
2843  2683.0  0.03
2844  2683.0  0.03
2845  2683.0  0.03
2846  2683.0  0.03
2847  2683.0  0.03
2848  2683.0  0.03
2849  2683.0  0.03
2850  2683.0  0.03
2851  2683.0  0.03
2852  2683.0  0.03
2853  2683.0  0.03
2854  2683.0  0.03
2855  2683.0  0.03
2856  2683.0  0.03
2857  2683.0  0.03
2858  2683.0  0.03
2859  2683.0  0.03
2860  2683.0  0.03
2861  2683.0  0.03
2862  2683.0  0.03
2863  2683.0  0.03
2864  2683.0  0.03
2865  2683.0  0.03
2866  2683.0  0.03
2867  2683.0  0.03
2868  2683.0  0.03
2869  2683.0  0.03
2870  2683.0  0.03
2871  2683.0  0.03
2872  2683.0  0.03
2873  2683.0  0.03
2874  2683.0  0.03
2875  2683.0  0.03
2876  2683.0  0.03
2877  2683.0  0.03
2878  2683.0  0.03
2879  2683.0  0.03
2880  2683.0  0.03
2881  2683.0  0.03
2882  2683.0  0.03
2883  2683.0  0.03
2884  2683.0  0.03
2885  2683.0  0.03
2886  2683.0  0.03
2887  2683.0  0.03
2888  2683.0  0.03
2889  2683.0  0.03
2890  2683.0  0.03
2891  2683.0  0.03
2892  2683.0  0.03
2893  2683.0  0.03
2894  2683.0  0.03
2895  2683.0  0.03
2896  2683.0  0.03
2897  2683.0  0.03
2898  2683.0  0.03
2899  2683.0  0.03
2900  2683.0  0.03
2901  2683.0  0.03
2902  2683.0  0.03
2903  2683.0  0.03
2904  2683.0  0.03
2905  2683.0  0.03
2906  2683.0  0.03
2907  2683.0  0.03
2908  2683.0  0.03
2909  2683.0  0.03
2910  2683.0  0.03
2911  2683.0  0.03
2912  2683.0  0.03
2913  2683.0  0.03
2914  2683.0  0.03
2915  2683.0  0.03
2916  2683.0  0.03
2917  2683.0  0.03
2918  2683.0  0.03
2919  2683.0  0.03
2920  2683.0  0.03
2921  2683.0  0.03
2922  2683.0  0.03
2923  2683.0  0.03
2924  2683.0  0.03
2925  2683.0  0.03
2926  2683.0  0.03
2927  2683.0  0.03
2928  2683.0  0.03
2929  2683.0  0.03
2930  2683.0  0.03
2931  2683.0  0.03
2932  2683.0  0.03
2933  2683.0  0.03
2934  2683.0  0.03
2935  2683.0  0.03
2936  2683.0  0.03
2937  2683.0  0.03
2938  2683.0  0.03
2939  2683.0  0.03
2940  2683.0  0.03
2941  2683.0  0.03
2942  2683.0  0.03
2943  2683.0  0.03
2944  2683.0  0.03
2945  2683.0  0.03
2946  2683.0  0.03
2947  2683.0  0.03
2948  2683.0  0.03
2949  2683.0  0.03
2950  2683.0  0.03
2951  2683.0  0.03
2952  2683.0  0.03
2953  2683.0  0.03
2954  2683.0  0.03
2955  2683.0  0.03
2956  2683.0  0.03
2957  2683.0  0.03
2958  2683.0  0.03
2959  2683.0  0.03
2960  2683.0  0.03
2961  2683.0  0.03
2962  2683.0  0.03
2963  2683.0  0.03
2964  2683.0  0.03
2965  2683.0  0.03
2966  2683.0  0.03
2967  2683.0  0.03
2968  2683.0  0.03
2969  2683.0  0.03
2970  2683.0  0.03
2971  2683.0  0.03
2972  2683.0  0.03
2973  2683.0  0.03
2974  2683.0  0.03
2975  2683.0  0.03
2976  2683.0  0.03
2977  2683.0  0.03
2978  2683.0  0.03
2979  2683.0  0.03
2980  2683.0  0.03
2981  2683.0  0.03
2982  2683.0  0.03
2983  2683.0  0.03
2984  2683.0  0.03
2985  2683.0  0.03
2986  2683.0  0.03
2987  2683.0  0.03
2988  2683.0  0.03
2989  2683.0  0.03
2990  2683.0  0.03
2991  2683.0  0.03
2992  2683.0  0.03
2993  2683.0  0.03
2994  2683.0  0.03
2995  2683.0  0.03
2996  2683.0  0.03
2997  2683.0  0.03
2998  2683.0  0.03
2999  2683.0  0.03
#[-8, 0, 8, 8, 9, 9, 9, 9, 9, 9]
#[9, 9, 9, 9, 9, 9, 9, 9, 9, 9]
#[2, 6, 9, 9, 9, 9, 9, 9, 9, 9]
#[7, 9, 9, 9, 9, 9, 9, 9, 9, 9]
#[-6, 9, 9, 9, 9, 9, 9, 9, 9, 9]
#[8, 9, 9, 9, 9, 9, 9, 9, 9, 9]
#[7, 9, 9, 9, 9, 9, 9, 9, 9, 9]
#[8, 9, 9, 9, 9, 9, 9, 9, 9, 9]
#[-1, 4, 9, 9, 9, 9, 9, 9, 9, 9]
#Specialization index= [1, 9, 0.12987012987012986]
