#[3, 7, 1, 9, 9, 1, 9, 8, 7, 5]
#[8, 5, 6, 2, 5, 7, 6, 7, 3, 9]
#[6, 9, 5, 8, 9, 7, 8, 9, 0, 8]
#[6, 7, 8, 0, 6, 1, 7, 7, 7, 2]
#[6, 1, 9, 0, 5, 9, 3, 0, 4, 8]
#[4, 8, 8, 5, 1, 7, 3, 8, 0, 8]
#[1, 0, 6, 9, 8, 5, 6, 3, 7, 4]
#[3, 9, 2, 7, 2, 9, 3, 2, 3, 2]
#[9, 3, 5, 2, 8, 6, 4, 6, 3, 3]
0  1985.0  0.13
1  1985.0  0.13
2  2011.0  0.08
3  2011.0  0.08
4  2083.0  0.21
5  2139.0  0.15
6  2305.0  0.1
7  2305.0  0.1
8  2305.0  0.1
9  2305.0  0.1
10  2541.0  0.06
11  2541.0  0.06
12  2541.0  0.06
13  2541.0  0.06
14  2541.0  0.06
15  2541.0  0.06
16  2541.0  0.06
17  2541.0  0.06
18  2541.0  0.06
19  2541.0  0.06
20  2541.0  0.06
21  2541.0  0.06
22  2541.0  0.06
23  2541.0  0.06
24  2541.0  0.06
25  2541.0  0.06
26  2676.0  0.03
27  2676.0  0.03
28  2676.0  0.03
29  2676.0  0.03
30  2676.0  0.03
31  2676.0  0.03
32  2676.0  0.03
33  2676.0  0.03
34  2676.0  0.03
35  2676.0  0.03
36  2676.0  0.03
37  2676.0  0.03
38  2676.0  0.03
39  2676.0  0.03
40  2676.0  0.03
41  2676.0  0.03
42  2676.0  0.03
43  2676.0  0.03
44  2676.0  0.03
45  2676.0  0.03
46  2676.0  0.03
47  2676.0  0.03
48  2676.0  0.03
49  2676.0  0.03
50  2676.0  0.03
51  2676.0  0.03
52  2676.0  0.03
53  2676.0  0.03
54  2676.0  0.03
55  2676.0  0.03
56  2676.0  0.03
57  2676.0  0.03
58  2676.0  0.03
59  2676.0  0.03
60  2676.0  0.03
61  2676.0  0.03
62  2676.0  0.03
63  2676.0  0.03
64  2676.0  0.03
65  2676.0  0.03
66  2676.0  0.03
67  2676.0  0.03
68  2676.0  0.03
69  2676.0  0.03
70  2676.0  0.03
71  2676.0  0.03
72  2676.0  0.03
73  2676.0  0.03
74  2676.0  0.03
75  2676.0  0.03
76  2676.0  0.03
77  2676.0  0.03
78  2676.0  0.03
79  2676.0  0.03
80  2676.0  0.03
81  2676.0  0.03
82  2676.0  0.03
83  2676.0  0.03
84  2676.0  0.03
85  2676.0  0.03
86  2676.0  0.03
87  2676.0  0.03
88  2676.0  0.03
89  2676.0  0.03
90  2676.0  0.03
91  2676.0  0.03
92  2676.0  0.03
93  2676.0  0.03
94  2676.0  0.03
95  2676.0  0.03
96  2676.0  0.03
97  2676.0  0.03
98  2676.0  0.03
99  2676.0  0.03
100  2676.0  0.03
101  2676.0  0.03
102  2676.0  0.03
103  2676.0  0.03
104  2676.0  0.03
105  2676.0  0.03
106  2676.0  0.03
107  2676.0  0.03
108  2676.0  0.03
109  2676.0  0.03
110  2676.0  0.03
111  2676.0  0.03
112  2676.0  0.03
113  2676.0  0.03
114  2676.0  0.03
115  2676.0  0.03
116  2676.0  0.03
117  2676.0  0.03
118  2676.0  0.03
119  2676.0  0.03
120  2676.0  0.03
121  2676.0  0.03
122  2676.0  0.03
123  2676.0  0.03
124  2676.0  0.03
125  2676.0  0.03
126  2676.0  0.03
127  2676.0  0.03
128  2676.0  0.03
129  2676.0  0.03
130  2676.0  0.03
131  2676.0  0.03
132  2676.0  0.03
133  2676.0  0.03
134  2676.0  0.03
135  2676.0  0.03
136  2676.0  0.03
137  2676.0  0.03
138  2676.0  0.03
139  2676.0  0.03
140  2676.0  0.03
141  2676.0  0.03
142  2676.0  0.03
143  2676.0  0.03
144  2676.0  0.03
145  2676.0  0.03
146  2676.0  0.03
147  2676.0  0.03
148  2676.0  0.03
149  2676.0  0.03
150  2676.0  0.03
151  2676.0  0.03
152  2676.0  0.03
153  2676.0  0.03
154  2676.0  0.03
155  2676.0  0.03
156  2676.0  0.03
157  2676.0  0.03
158  2676.0  0.03
159  2676.0  0.03
160  2676.0  0.03
161  2676.0  0.03
162  2676.0  0.03
163  2676.0  0.03
164  2676.0  0.03
165  2676.0  0.03
166  2676.0  0.03
167  2676.0  0.03
168  2676.0  0.03
169  2676.0  0.03
170  2676.0  0.03
171  2676.0  0.03
172  2676.0  0.03
173  2676.0  0.03
174  2676.0  0.03
175  2676.0  0.03
176  2676.0  0.03
177  2676.0  0.03
178  2676.0  0.03
179  2676.0  0.03
180  2676.0  0.03
181  2676.0  0.03
182  2676.0  0.03
183  2676.0  0.03
184  2676.0  0.03
185  2676.0  0.03
186  2676.0  0.03
187  2676.0  0.03
188  2676.0  0.03
189  2676.0  0.03
190  2676.0  0.03
191  2676.0  0.03
192  2676.0  0.03
193  2676.0  0.03
194  2676.0  0.03
195  2676.0  0.03
196  2676.0  0.03
197  2676.0  0.03
198  2676.0  0.03
199  2676.0  0.03
200  2676.0  0.03
201  2676.0  0.03
202  2676.0  0.03
203  2676.0  0.03
204  2676.0  0.03
205  2676.0  0.03
206  2676.0  0.03
207  2676.0  0.03
208  2676.0  0.03
209  2676.0  0.03
210  2676.0  0.03
211  2676.0  0.03
212  2676.0  0.03
213  2676.0  0.03
214  2676.0  0.03
215  2676.0  0.03
216  2676.0  0.03
217  2676.0  0.03
218  2676.0  0.03
219  2676.0  0.03
220  2676.0  0.03
221  2676.0  0.03
222  2676.0  0.03
223  2676.0  0.03
224  2676.0  0.03
225  2676.0  0.03
226  2676.0  0.03
227  2676.0  0.03
228  2676.0  0.03
229  2676.0  0.03
230  2676.0  0.03
231  2676.0  0.03
232  2676.0  0.03
233  2676.0  0.03
234  2676.0  0.03
235  2676.0  0.03
236  2676.0  0.03
237  2676.0  0.03
238  2676.0  0.03
239  2676.0  0.03
240  2676.0  0.03
241  2676.0  0.03
242  2676.0  0.03
243  2676.0  0.03
244  2676.0  0.03
245  2676.0  0.03
246  2676.0  0.03
247  2676.0  0.03
248  2676.0  0.03
249  2676.0  0.03
250  2676.0  0.03
251  2676.0  0.03
252  2676.0  0.03
253  2676.0  0.03
254  2676.0  0.03
255  2676.0  0.03
256  2676.0  0.03
257  2676.0  0.03
258  2676.0  0.03
259  2676.0  0.03
260  2676.0  0.03
261  2676.0  0.03
262  2676.0  0.03
263  2676.0  0.03
264  2676.0  0.03
265  2676.0  0.03
266  2676.0  0.03
267  2676.0  0.03
268  2676.0  0.03
269  2676.0  0.03
270  2676.0  0.03
271  2676.0  0.03
272  2676.0  0.03
273  2676.0  0.03
274  2676.0  0.03
275  2676.0  0.03
276  2676.0  0.03
277  2676.0  0.03
278  2676.0  0.03
279  2676.0  0.03
280  2676.0  0.03
281  2676.0  0.03
282  2676.0  0.03
283  2676.0  0.03
284  2676.0  0.03
285  2676.0  0.03
286  2676.0  0.03
287  2676.0  0.03
288  2676.0  0.03
289  2676.0  0.03
290  2676.0  0.03
291  2676.0  0.03
292  2676.0  0.03
293  2676.0  0.03
294  2676.0  0.03
295  2676.0  0.03
296  2676.0  0.03
297  2676.0  0.03
298  2676.0  0.03
299  2676.0  0.03
300  2676.0  0.03
301  2676.0  0.03
302  2676.0  0.03
303  2676.0  0.03
304  2676.0  0.03
305  2676.0  0.03
306  2676.0  0.03
307  2676.0  0.03
308  2676.0  0.03
309  2676.0  0.03
310  2676.0  0.03
311  2676.0  0.03
312  2676.0  0.03
313  2676.0  0.03
314  2676.0  0.03
315  2676.0  0.03
316  2676.0  0.03
317  2676.0  0.03
318  2676.0  0.03
319  2676.0  0.03
320  2676.0  0.03
321  2676.0  0.03
322  2676.0  0.03
323  2676.0  0.03
324  2676.0  0.03
325  2676.0  0.03
326  2676.0  0.03
327  2676.0  0.03
328  2676.0  0.03
329  2676.0  0.03
330  2676.0  0.03
331  2676.0  0.03
332  2676.0  0.03
333  2676.0  0.03
334  2676.0  0.03
335  2676.0  0.03
336  2676.0  0.03
337  2676.0  0.03
338  2676.0  0.03
339  2676.0  0.03
340  2676.0  0.03
341  2676.0  0.03
342  2676.0  0.03
343  2676.0  0.03
344  2676.0  0.03
345  2676.0  0.03
346  2676.0  0.03
347  2676.0  0.03
348  2676.0  0.03
349  2676.0  0.03
350  2676.0  0.03
351  2676.0  0.03
352  2676.0  0.03
353  2676.0  0.03
354  2676.0  0.03
355  2676.0  0.03
356  2676.0  0.03
357  2676.0  0.03
358  2676.0  0.03
359  2676.0  0.03
360  2676.0  0.03
361  2676.0  0.03
362  2676.0  0.03
363  2676.0  0.03
364  2676.0  0.03
365  2676.0  0.03
366  2676.0  0.03
367  2676.0  0.03
368  2676.0  0.03
369  2676.0  0.03
370  2676.0  0.03
371  2676.0  0.03
372  2676.0  0.03
373  2676.0  0.03
374  2676.0  0.03
375  2676.0  0.03
376  2676.0  0.03
377  2676.0  0.03
378  2676.0  0.03
379  2676.0  0.03
380  2676.0  0.03
381  2676.0  0.03
382  2676.0  0.03
383  2676.0  0.03
384  2676.0  0.03
385  2676.0  0.03
386  2676.0  0.03
387  2676.0  0.03
388  2676.0  0.03
389  2676.0  0.03
390  2676.0  0.03
391  2676.0  0.03
392  2676.0  0.03
393  2676.0  0.03
394  2676.0  0.03
395  2676.0  0.03
396  2676.0  0.03
397  2676.0  0.03
398  2676.0  0.03
399  2676.0  0.03
400  2676.0  0.03
401  2676.0  0.03
402  2676.0  0.03
403  2676.0  0.03
404  2676.0  0.03
405  2676.0  0.03
406  2676.0  0.03
407  2676.0  0.03
408  2676.0  0.03
409  2676.0  0.03
410  2676.0  0.03
411  2676.0  0.03
412  2676.0  0.03
413  2676.0  0.03
414  2676.0  0.03
415  2676.0  0.03
416  2676.0  0.03
417  2676.0  0.03
418  2676.0  0.03
419  2676.0  0.03
420  2676.0  0.03
421  2676.0  0.03
422  2676.0  0.03
423  2676.0  0.03
424  2676.0  0.03
425  2676.0  0.03
426  2676.0  0.03
427  2676.0  0.03
428  2676.0  0.03
429  2676.0  0.03
430  2676.0  0.03
431  2676.0  0.03
432  2676.0  0.03
433  2676.0  0.03
434  2676.0  0.03
435  2676.0  0.03
436  2676.0  0.03
437  2676.0  0.03
438  2676.0  0.03
439  2676.0  0.03
440  2676.0  0.03
441  2676.0  0.03
442  2676.0  0.03
443  2676.0  0.03
444  2676.0  0.03
445  2676.0  0.03
446  2676.0  0.03
447  2676.0  0.03
448  2676.0  0.03
449  2676.0  0.03
450  2676.0  0.03
451  2676.0  0.03
452  2676.0  0.03
453  2676.0  0.03
454  2676.0  0.03
455  2676.0  0.03
456  2676.0  0.03
457  2676.0  0.03
458  2676.0  0.03
459  2676.0  0.03
460  2676.0  0.03
461  2676.0  0.03
462  2676.0  0.03
463  2676.0  0.03
464  2676.0  0.03
465  2676.0  0.03
466  2676.0  0.03
467  2676.0  0.03
468  2676.0  0.03
469  2676.0  0.03
470  2676.0  0.03
471  2676.0  0.03
472  2676.0  0.03
473  2676.0  0.03
474  2676.0  0.03
475  2676.0  0.03
476  2676.0  0.03
477  2676.0  0.03
478  2676.0  0.03
479  2676.0  0.03
480  2676.0  0.03
481  2676.0  0.03
482  2676.0  0.03
483  2676.0  0.03
484  2676.0  0.03
485  2676.0  0.03
486  2676.0  0.03
487  2676.0  0.03
488  2676.0  0.03
489  2676.0  0.03
490  2676.0  0.03
491  2676.0  0.03
492  2676.0  0.03
493  2676.0  0.03
494  2676.0  0.03
495  2676.0  0.03
496  2676.0  0.03
497  2676.0  0.03
498  2676.0  0.03
499  2676.0  0.03
500  2676.0  0.03
501  2676.0  0.03
502  2676.0  0.03
503  2676.0  0.03
504  2676.0  0.03
505  2676.0  0.03
506  2676.0  0.03
507  2676.0  0.03
508  2676.0  0.03
509  2676.0  0.03
510  2676.0  0.03
511  2676.0  0.03
512  2676.0  0.03
513  2676.0  0.03
514  2676.0  0.03
515  2676.0  0.03
516  2676.0  0.03
517  2676.0  0.03
518  2676.0  0.03
519  2676.0  0.03
520  2676.0  0.03
521  2676.0  0.03
522  2676.0  0.03
523  2676.0  0.03
524  2676.0  0.03
525  2676.0  0.03
526  2676.0  0.03
527  2676.0  0.03
528  2676.0  0.03
529  2676.0  0.03
530  2676.0  0.03
531  2676.0  0.03
532  2676.0  0.03
533  2676.0  0.03
534  2676.0  0.03
535  2676.0  0.03
536  2676.0  0.03
537  2676.0  0.03
538  2676.0  0.03
539  2676.0  0.03
540  2676.0  0.03
541  2676.0  0.03
542  2676.0  0.03
543  2676.0  0.03
544  2676.0  0.03
545  2676.0  0.03
546  2676.0  0.03
547  2676.0  0.03
548  2676.0  0.03
549  2676.0  0.03
550  2676.0  0.03
551  2676.0  0.03
552  2676.0  0.03
553  2676.0  0.03
554  2676.0  0.03
555  2676.0  0.03
556  2676.0  0.03
557  2676.0  0.03
558  2676.0  0.03
559  2676.0  0.03
560  2676.0  0.03
561  2676.0  0.03
562  2676.0  0.03
563  2676.0  0.03
564  2676.0  0.03
565  2676.0  0.03
566  2676.0  0.03
567  2676.0  0.03
568  2676.0  0.03
569  2676.0  0.03
570  2676.0  0.03
571  2676.0  0.03
572  2676.0  0.03
573  2676.0  0.03
574  2676.0  0.03
575  2676.0  0.03
576  2676.0  0.03
577  2676.0  0.03
578  2676.0  0.03
579  2676.0  0.03
580  2676.0  0.03
581  2676.0  0.03
582  2676.0  0.03
583  2676.0  0.03
584  2676.0  0.03
585  2676.0  0.03
586  2676.0  0.03
587  2676.0  0.03
588  2676.0  0.03
589  2676.0  0.03
590  2676.0  0.03
591  2676.0  0.03
592  2676.0  0.03
593  2676.0  0.03
594  2676.0  0.03
595  2676.0  0.03
596  2676.0  0.03
597  2676.0  0.03
598  2676.0  0.03
599  2676.0  0.03
600  2676.0  0.03
601  2676.0  0.03
602  2676.0  0.03
603  2676.0  0.03
604  2676.0  0.03
605  2676.0  0.03
606  2676.0  0.03
607  2676.0  0.03
608  2676.0  0.03
609  2676.0  0.03
610  2676.0  0.03
611  2676.0  0.03
612  2676.0  0.03
613  2676.0  0.03
614  2676.0  0.03
615  2676.0  0.03
616  2676.0  0.03
617  2676.0  0.03
618  2676.0  0.03
619  2676.0  0.03
620  2676.0  0.03
621  2676.0  0.03
622  2676.0  0.03
623  2676.0  0.03
624  2676.0  0.03
625  2676.0  0.03
626  2676.0  0.03
627  2676.0  0.03
628  2676.0  0.03
629  2676.0  0.03
630  2676.0  0.03
631  2676.0  0.03
632  2676.0  0.03
633  2676.0  0.03
634  2676.0  0.03
635  2676.0  0.03
636  2676.0  0.03
637  2676.0  0.03
638  2676.0  0.03
639  2676.0  0.03
640  2676.0  0.03
641  2676.0  0.03
642  2676.0  0.03
643  2676.0  0.03
644  2676.0  0.03
645  2676.0  0.03
646  2676.0  0.03
647  2676.0  0.03
648  2676.0  0.03
649  2676.0  0.03
650  2676.0  0.03
651  2676.0  0.03
652  2676.0  0.03
653  2676.0  0.03
654  2676.0  0.03
655  2676.0  0.03
656  2676.0  0.03
657  2676.0  0.03
658  2676.0  0.03
659  2676.0  0.03
660  2676.0  0.03
661  2676.0  0.03
662  2676.0  0.03
663  2676.0  0.03
664  2676.0  0.03
665  2676.0  0.03
666  2676.0  0.03
667  2676.0  0.03
668  2676.0  0.03
669  2676.0  0.03
670  2676.0  0.03
671  2676.0  0.03
672  2676.0  0.03
673  2676.0  0.03
674  2676.0  0.03
675  2676.0  0.03
676  2676.0  0.03
677  2676.0  0.03
678  2676.0  0.03
679  2676.0  0.03
680  2676.0  0.03
681  2676.0  0.03
682  2676.0  0.03
683  2676.0  0.03
684  2676.0  0.03
685  2676.0  0.03
686  2676.0  0.03
687  2676.0  0.03
688  2676.0  0.03
689  2676.0  0.03
690  2676.0  0.03
691  2676.0  0.03
692  2676.0  0.03
693  2676.0  0.03
694  2676.0  0.03
695  2676.0  0.03
696  2676.0  0.03
697  2676.0  0.03
698  2676.0  0.03
699  2676.0  0.03
700  2676.0  0.03
701  2676.0  0.03
702  2676.0  0.03
703  2676.0  0.03
704  2676.0  0.03
705  2676.0  0.03
706  2676.0  0.03
707  2676.0  0.03
708  2676.0  0.03
709  2676.0  0.03
710  2676.0  0.03
711  2676.0  0.03
712  2676.0  0.03
713  2676.0  0.03
714  2676.0  0.03
715  2676.0  0.03
716  2676.0  0.03
717  2676.0  0.03
718  2676.0  0.03
719  2676.0  0.03
720  2676.0  0.03
721  2676.0  0.03
722  2676.0  0.03
723  2676.0  0.03
724  2676.0  0.03
725  2676.0  0.03
726  2676.0  0.03
727  2676.0  0.03
728  2676.0  0.03
729  2676.0  0.03
730  2676.0  0.03
731  2676.0  0.03
732  2676.0  0.03
733  2676.0  0.03
734  2676.0  0.03
735  2676.0  0.03
736  2676.0  0.03
737  2676.0  0.03
738  2676.0  0.03
739  2676.0  0.03
740  2676.0  0.03
741  2676.0  0.03
742  2676.0  0.03
743  2676.0  0.03
744  2676.0  0.03
745  2676.0  0.03
746  2676.0  0.03
747  2676.0  0.03
748  2676.0  0.03
749  2676.0  0.03
750  2676.0  0.03
751  2676.0  0.03
752  2676.0  0.03
753  2676.0  0.03
754  2676.0  0.03
755  2676.0  0.03
756  2676.0  0.03
757  2676.0  0.03
758  2676.0  0.03
759  2676.0  0.03
760  2676.0  0.03
761  2676.0  0.03
762  2676.0  0.03
763  2676.0  0.03
764  2676.0  0.03
765  2676.0  0.03
766  2676.0  0.03
767  2676.0  0.03
768  2676.0  0.03
769  2676.0  0.03
770  2676.0  0.03
771  2676.0  0.03
772  2676.0  0.03
773  2676.0  0.03
774  2676.0  0.03
775  2676.0  0.03
776  2676.0  0.03
777  2676.0  0.03
778  2676.0  0.03
779  2676.0  0.03
780  2676.0  0.03
781  2676.0  0.03
782  2676.0  0.03
783  2676.0  0.03
784  2676.0  0.03
785  2676.0  0.03
786  2676.0  0.03
787  2676.0  0.03
788  2676.0  0.03
789  2676.0  0.03
790  2676.0  0.03
791  2676.0  0.03
792  2676.0  0.03
793  2676.0  0.03
794  2676.0  0.03
795  2676.0  0.03
796  2676.0  0.03
797  2676.0  0.03
798  2676.0  0.03
799  2676.0  0.03
800  2676.0  0.03
801  2676.0  0.03
802  2676.0  0.03
803  2676.0  0.03
804  2676.0  0.03
805  2676.0  0.03
806  2676.0  0.03
807  2676.0  0.03
808  2676.0  0.03
809  2676.0  0.03
810  2676.0  0.03
811  2676.0  0.03
812  2676.0  0.03
813  2676.0  0.03
814  2676.0  0.03
815  2676.0  0.03
816  2676.0  0.03
817  2676.0  0.03
818  2676.0  0.03
819  2676.0  0.03
820  2676.0  0.03
821  2676.0  0.03
822  2676.0  0.03
823  2676.0  0.03
824  2676.0  0.03
825  2676.0  0.03
826  2676.0  0.03
827  2676.0  0.03
828  2676.0  0.03
829  2676.0  0.03
830  2676.0  0.03
831  2676.0  0.03
832  2676.0  0.03
833  2676.0  0.03
834  2676.0  0.03
835  2676.0  0.03
836  2676.0  0.03
837  2676.0  0.03
838  2676.0  0.03
839  2676.0  0.03
840  2676.0  0.03
841  2676.0  0.03
842  2676.0  0.03
843  2676.0  0.03
844  2676.0  0.03
845  2676.0  0.03
846  2676.0  0.03
847  2676.0  0.03
848  2676.0  0.03
849  2676.0  0.03
850  2676.0  0.03
851  2676.0  0.03
852  2676.0  0.03
853  2676.0  0.03
854  2676.0  0.03
855  2676.0  0.03
856  2676.0  0.03
857  2676.0  0.03
858  2676.0  0.03
859  2676.0  0.03
860  2676.0  0.03
861  2676.0  0.03
862  2676.0  0.03
863  2676.0  0.03
864  2676.0  0.03
865  2676.0  0.03
866  2676.0  0.03
867  2676.0  0.03
868  2676.0  0.03
869  2676.0  0.03
870  2676.0  0.03
871  2676.0  0.03
872  2676.0  0.03
873  2676.0  0.03
874  2676.0  0.03
875  2676.0  0.03
876  2676.0  0.03
877  2676.0  0.03
878  2676.0  0.03
879  2676.0  0.03
880  2676.0  0.03
881  2676.0  0.03
882  2676.0  0.03
883  2676.0  0.03
884  2676.0  0.03
885  2676.0  0.03
886  2676.0  0.03
887  2676.0  0.03
888  2676.0  0.03
889  2676.0  0.03
890  2676.0  0.03
891  2676.0  0.03
892  2676.0  0.03
893  2676.0  0.03
894  2676.0  0.03
895  2676.0  0.03
896  2676.0  0.03
897  2676.0  0.03
898  2676.0  0.03
899  2676.0  0.03
900  2676.0  0.03
901  2676.0  0.03
902  2676.0  0.03
903  2676.0  0.03
904  2676.0  0.03
905  2676.0  0.03
906  2676.0  0.03
907  2676.0  0.03
908  2676.0  0.03
909  2676.0  0.03
910  2676.0  0.03
911  2676.0  0.03
912  2676.0  0.03
913  2676.0  0.03
914  2676.0  0.03
915  2676.0  0.03
916  2676.0  0.03
917  2676.0  0.03
918  2676.0  0.03
919  2676.0  0.03
920  2676.0  0.03
921  2676.0  0.03
922  2676.0  0.03
923  2676.0  0.03
924  2676.0  0.03
925  2676.0  0.03
926  2676.0  0.03
927  2676.0  0.03
928  2676.0  0.03
929  2676.0  0.03
930  2676.0  0.03
931  2676.0  0.03
932  2676.0  0.03
933  2676.0  0.03
934  2676.0  0.03
935  2676.0  0.03
936  2676.0  0.03
937  2676.0  0.03
938  2676.0  0.03
939  2676.0  0.03
940  2676.0  0.03
941  2676.0  0.03
942  2676.0  0.03
943  2676.0  0.03
944  2676.0  0.03
945  2676.0  0.03
946  2676.0  0.03
947  2676.0  0.03
948  2676.0  0.03
949  2676.0  0.03
950  2676.0  0.03
951  2676.0  0.03
952  2676.0  0.03
953  2676.0  0.03
954  2676.0  0.03
955  2676.0  0.03
956  2676.0  0.03
957  2676.0  0.03
958  2676.0  0.03
959  2676.0  0.03
960  2676.0  0.03
961  2676.0  0.03
962  2676.0  0.03
963  2676.0  0.03
964  2676.0  0.03
965  2676.0  0.03
966  2676.0  0.03
967  2676.0  0.03
968  2676.0  0.03
969  2676.0  0.03
970  2676.0  0.03
971  2676.0  0.03
972  2676.0  0.03
973  2676.0  0.03
974  2676.0  0.03
975  2676.0  0.03
976  2676.0  0.03
977  2676.0  0.03
978  2676.0  0.03
979  2676.0  0.03
980  2676.0  0.03
981  2676.0  0.03
982  2676.0  0.03
983  2676.0  0.03
984  2676.0  0.03
985  2676.0  0.03
986  2676.0  0.03
987  2676.0  0.03
988  2676.0  0.03
989  2676.0  0.03
990  2676.0  0.03
991  2676.0  0.03
992  2676.0  0.03
993  2676.0  0.03
994  2676.0  0.03
995  2676.0  0.03
996  2676.0  0.03
997  2676.0  0.03
998  2676.0  0.03
999  2676.0  0.03
1000  2676.0  0.03
1001  2676.0  0.03
1002  2676.0  0.03
1003  2676.0  0.03
1004  2676.0  0.03
1005  2676.0  0.03
1006  2676.0  0.03
1007  2676.0  0.03
1008  2676.0  0.03
1009  2676.0  0.03
1010  2676.0  0.03
1011  2676.0  0.03
1012  2676.0  0.03
1013  2676.0  0.03
1014  2676.0  0.03
1015  2676.0  0.03
1016  2676.0  0.03
1017  2676.0  0.03
1018  2676.0  0.03
1019  2676.0  0.03
1020  2676.0  0.03
1021  2676.0  0.03
1022  2676.0  0.03
1023  2676.0  0.03
1024  2676.0  0.03
1025  2676.0  0.03
1026  2676.0  0.03
1027  2676.0  0.03
1028  2676.0  0.03
1029  2676.0  0.03
1030  2676.0  0.03
1031  2676.0  0.03
1032  2676.0  0.03
1033  2676.0  0.03
1034  2676.0  0.03
1035  2676.0  0.03
1036  2676.0  0.03
1037  2676.0  0.03
1038  2676.0  0.03
1039  2676.0  0.03
1040  2676.0  0.03
1041  2676.0  0.03
1042  2676.0  0.03
1043  2676.0  0.03
1044  2676.0  0.03
1045  2676.0  0.03
1046  2676.0  0.03
1047  2676.0  0.03
1048  2676.0  0.03
1049  2676.0  0.03
1050  2676.0  0.03
1051  2676.0  0.03
1052  2676.0  0.03
1053  2676.0  0.03
1054  2676.0  0.03
1055  2676.0  0.03
1056  2676.0  0.03
1057  2676.0  0.03
1058  2676.0  0.03
1059  2676.0  0.03
1060  2676.0  0.03
1061  2676.0  0.03
1062  2676.0  0.03
1063  2676.0  0.03
1064  2676.0  0.03
1065  2676.0  0.03
1066  2676.0  0.03
1067  2676.0  0.03
1068  2676.0  0.03
1069  2676.0  0.03
1070  2676.0  0.03
1071  2676.0  0.03
1072  2676.0  0.03
1073  2676.0  0.03
1074  2676.0  0.03
1075  2676.0  0.03
1076  2676.0  0.03
1077  2676.0  0.03
1078  2676.0  0.03
1079  2676.0  0.03
1080  2676.0  0.03
1081  2676.0  0.03
1082  2676.0  0.03
1083  2676.0  0.03
1084  2676.0  0.03
1085  2676.0  0.03
1086  2676.0  0.03
1087  2676.0  0.03
1088  2676.0  0.03
1089  2676.0  0.03
1090  2676.0  0.03
1091  2676.0  0.03
1092  2676.0  0.03
1093  2676.0  0.03
1094  2676.0  0.03
1095  2676.0  0.03
1096  2676.0  0.03
1097  2676.0  0.03
1098  2676.0  0.03
1099  2676.0  0.03
1100  2676.0  0.03
1101  2676.0  0.03
1102  2676.0  0.03
1103  2676.0  0.03
1104  2676.0  0.03
1105  2676.0  0.03
1106  2676.0  0.03
1107  2676.0  0.03
1108  2676.0  0.03
1109  2676.0  0.03
1110  2676.0  0.03
1111  2676.0  0.03
1112  2676.0  0.03
1113  2676.0  0.03
1114  2676.0  0.03
1115  2676.0  0.03
1116  2676.0  0.03
1117  2676.0  0.03
1118  2676.0  0.03
1119  2676.0  0.03
1120  2676.0  0.03
1121  2676.0  0.03
1122  2676.0  0.03
1123  2676.0  0.03
1124  2676.0  0.03
1125  2676.0  0.03
1126  2676.0  0.03
1127  2676.0  0.03
1128  2676.0  0.03
1129  2676.0  0.03
1130  2676.0  0.03
1131  2676.0  0.03
1132  2676.0  0.03
1133  2676.0  0.03
1134  2676.0  0.03
1135  2676.0  0.03
1136  2676.0  0.03
1137  2676.0  0.03
1138  2676.0  0.03
1139  2676.0  0.03
1140  2676.0  0.03
1141  2676.0  0.03
1142  2676.0  0.03
1143  2676.0  0.03
1144  2676.0  0.03
1145  2676.0  0.03
1146  2676.0  0.03
1147  2676.0  0.03
1148  2676.0  0.03
1149  2676.0  0.03
1150  2676.0  0.03
1151  2676.0  0.03
1152  2676.0  0.03
1153  2676.0  0.03
1154  2676.0  0.03
1155  2676.0  0.03
1156  2676.0  0.03
1157  2676.0  0.03
1158  2676.0  0.03
1159  2676.0  0.03
1160  2676.0  0.03
1161  2676.0  0.03
1162  2676.0  0.03
1163  2676.0  0.03
1164  2676.0  0.03
1165  2676.0  0.03
1166  2676.0  0.03
1167  2676.0  0.03
1168  2676.0  0.03
1169  2676.0  0.03
1170  2676.0  0.03
1171  2676.0  0.03
1172  2676.0  0.03
1173  2676.0  0.03
1174  2676.0  0.03
1175  2676.0  0.03
1176  2676.0  0.03
1177  2676.0  0.03
1178  2676.0  0.03
1179  2676.0  0.03
1180  2676.0  0.03
1181  2676.0  0.03
1182  2676.0  0.03
1183  2676.0  0.03
1184  2676.0  0.03
1185  2676.0  0.03
1186  2676.0  0.03
1187  2676.0  0.03
1188  2676.0  0.03
1189  2676.0  0.03
1190  2676.0  0.03
1191  2676.0  0.03
1192  2676.0  0.03
1193  2676.0  0.03
1194  2676.0  0.03
1195  2676.0  0.03
1196  2676.0  0.03
1197  2676.0  0.03
1198  2676.0  0.03
1199  2676.0  0.03
1200  2676.0  0.03
1201  2676.0  0.03
1202  2676.0  0.03
1203  2676.0  0.03
1204  2676.0  0.03
1205  2676.0  0.03
1206  2676.0  0.03
1207  2676.0  0.03
1208  2676.0  0.03
1209  2676.0  0.03
1210  2676.0  0.03
1211  2676.0  0.03
1212  2676.0  0.03
1213  2676.0  0.03
1214  2676.0  0.03
1215  2676.0  0.03
1216  2676.0  0.03
1217  2676.0  0.03
1218  2676.0  0.03
1219  2676.0  0.03
1220  2676.0  0.03
1221  2676.0  0.03
1222  2676.0  0.03
1223  2676.0  0.03
1224  2676.0  0.03
1225  2676.0  0.03
1226  2676.0  0.03
1227  2676.0  0.03
1228  2676.0  0.03
1229  2676.0  0.03
1230  2676.0  0.03
1231  2676.0  0.03
1232  2676.0  0.03
1233  2676.0  0.03
1234  2676.0  0.03
1235  2676.0  0.03
1236  2676.0  0.03
1237  2676.0  0.03
1238  2676.0  0.03
1239  2676.0  0.03
1240  2676.0  0.03
1241  2676.0  0.03
1242  2676.0  0.03
1243  2676.0  0.03
1244  2676.0  0.03
1245  2676.0  0.03
1246  2676.0  0.03
1247  2676.0  0.03
1248  2676.0  0.03
1249  2676.0  0.03
1250  2676.0  0.03
1251  2676.0  0.03
1252  2676.0  0.03
1253  2676.0  0.03
1254  2676.0  0.03
1255  2676.0  0.03
1256  2676.0  0.03
1257  2676.0  0.03
1258  2676.0  0.03
1259  2676.0  0.03
1260  2676.0  0.03
1261  2676.0  0.03
1262  2676.0  0.03
1263  2676.0  0.03
1264  2676.0  0.03
1265  2676.0  0.03
1266  2676.0  0.03
1267  2676.0  0.03
1268  2676.0  0.03
1269  2676.0  0.03
1270  2676.0  0.03
1271  2676.0  0.03
1272  2676.0  0.03
1273  2676.0  0.03
1274  2676.0  0.03
1275  2676.0  0.03
1276  2676.0  0.03
1277  2676.0  0.03
1278  2676.0  0.03
1279  2676.0  0.03
1280  2676.0  0.03
1281  2676.0  0.03
1282  2676.0  0.03
1283  2676.0  0.03
1284  2676.0  0.03
1285  2676.0  0.03
1286  2676.0  0.03
1287  2676.0  0.03
1288  2676.0  0.03
1289  2676.0  0.03
1290  2676.0  0.03
1291  2676.0  0.03
1292  2676.0  0.03
1293  2676.0  0.03
1294  2676.0  0.03
1295  2676.0  0.03
1296  2676.0  0.03
1297  2676.0  0.03
1298  2676.0  0.03
1299  2676.0  0.03
1300  2676.0  0.03
1301  2676.0  0.03
1302  2676.0  0.03
1303  2676.0  0.03
1304  2676.0  0.03
1305  2676.0  0.03
1306  2676.0  0.03
1307  2676.0  0.03
1308  2676.0  0.03
1309  2676.0  0.03
1310  2676.0  0.03
1311  2676.0  0.03
1312  2676.0  0.03
1313  2676.0  0.03
1314  2676.0  0.03
1315  2676.0  0.03
1316  2676.0  0.03
1317  2676.0  0.03
1318  2676.0  0.03
1319  2676.0  0.03
1320  2676.0  0.03
1321  2676.0  0.03
1322  2676.0  0.03
1323  2676.0  0.03
1324  2676.0  0.03
1325  2676.0  0.03
1326  2676.0  0.03
1327  2676.0  0.03
1328  2676.0  0.03
1329  2676.0  0.03
1330  2676.0  0.03
1331  2676.0  0.03
1332  2676.0  0.03
1333  2676.0  0.03
1334  2676.0  0.03
1335  2676.0  0.03
1336  2676.0  0.03
1337  2676.0  0.03
1338  2676.0  0.03
1339  2676.0  0.03
1340  2676.0  0.03
1341  2676.0  0.03
1342  2676.0  0.03
1343  2676.0  0.03
1344  2676.0  0.03
1345  2676.0  0.03
1346  2676.0  0.03
1347  2676.0  0.03
1348  2676.0  0.03
1349  2676.0  0.03
1350  2676.0  0.03
1351  2676.0  0.03
1352  2676.0  0.03
1353  2676.0  0.03
1354  2676.0  0.03
1355  2676.0  0.03
1356  2676.0  0.03
1357  2676.0  0.03
1358  2676.0  0.03
1359  2676.0  0.03
1360  2676.0  0.03
1361  2676.0  0.03
1362  2676.0  0.03
1363  2676.0  0.03
1364  2676.0  0.03
1365  2676.0  0.03
1366  2676.0  0.03
1367  2676.0  0.03
1368  2676.0  0.03
1369  2676.0  0.03
1370  2676.0  0.03
1371  2676.0  0.03
1372  2676.0  0.03
1373  2676.0  0.03
1374  2676.0  0.03
1375  2676.0  0.03
1376  2676.0  0.03
1377  2676.0  0.03
1378  2676.0  0.03
1379  2676.0  0.03
1380  2676.0  0.03
1381  2676.0  0.03
1382  2676.0  0.03
1383  2676.0  0.03
1384  2676.0  0.03
1385  2676.0  0.03
1386  2676.0  0.03
1387  2676.0  0.03
1388  2676.0  0.03
1389  2676.0  0.03
1390  2676.0  0.03
1391  2676.0  0.03
1392  2676.0  0.03
1393  2676.0  0.03
1394  2676.0  0.03
1395  2676.0  0.03
1396  2676.0  0.03
1397  2676.0  0.03
1398  2676.0  0.03
1399  2676.0  0.03
1400  2676.0  0.03
1401  2676.0  0.03
1402  2676.0  0.03
1403  2676.0  0.03
1404  2676.0  0.03
1405  2676.0  0.03
1406  2676.0  0.03
1407  2676.0  0.03
1408  2676.0  0.03
1409  2676.0  0.03
1410  2676.0  0.03
1411  2676.0  0.03
1412  2676.0  0.03
1413  2676.0  0.03
1414  2676.0  0.03
1415  2676.0  0.03
1416  2676.0  0.03
1417  2676.0  0.03
1418  2676.0  0.03
1419  2676.0  0.03
1420  2676.0  0.03
1421  2676.0  0.03
1422  2676.0  0.03
1423  2676.0  0.03
1424  2676.0  0.03
1425  2676.0  0.03
1426  2676.0  0.03
1427  2676.0  0.03
1428  2676.0  0.03
1429  2676.0  0.03
1430  2676.0  0.03
1431  2676.0  0.03
1432  2676.0  0.03
1433  2676.0  0.03
1434  2676.0  0.03
1435  2676.0  0.03
1436  2676.0  0.03
1437  2676.0  0.03
1438  2676.0  0.03
1439  2676.0  0.03
1440  2676.0  0.03
1441  2676.0  0.03
1442  2676.0  0.03
1443  2676.0  0.03
1444  2676.0  0.03
1445  2676.0  0.03
1446  2676.0  0.03
1447  2676.0  0.03
1448  2676.0  0.03
1449  2676.0  0.03
1450  2676.0  0.03
1451  2676.0  0.03
1452  2676.0  0.03
1453  2676.0  0.03
1454  2676.0  0.03
1455  2676.0  0.03
1456  2676.0  0.03
1457  2676.0  0.03
1458  2676.0  0.03
1459  2676.0  0.03
1460  2676.0  0.03
1461  2676.0  0.03
1462  2676.0  0.03
1463  2676.0  0.03
1464  2676.0  0.03
1465  2676.0  0.03
1466  2676.0  0.03
1467  2676.0  0.03
1468  2676.0  0.03
1469  2676.0  0.03
1470  2676.0  0.03
1471  2676.0  0.03
1472  2676.0  0.03
1473  2676.0  0.03
1474  2676.0  0.03
1475  2676.0  0.03
1476  2676.0  0.03
1477  2676.0  0.03
1478  2676.0  0.03
1479  2676.0  0.03
1480  2676.0  0.03
1481  2676.0  0.03
1482  2676.0  0.03
1483  2676.0  0.03
1484  2676.0  0.03
1485  2676.0  0.03
1486  2676.0  0.03
1487  2676.0  0.03
1488  2676.0  0.03
1489  2676.0  0.03
1490  2676.0  0.03
1491  2676.0  0.03
1492  2676.0  0.03
1493  2676.0  0.03
1494  2676.0  0.03
1495  2676.0  0.03
1496  2676.0  0.03
1497  2676.0  0.03
1498  2676.0  0.03
1499  2676.0  0.03
1500  2676.0  0.03
1501  2676.0  0.03
1502  2676.0  0.03
1503  2676.0  0.03
1504  2676.0  0.03
1505  2676.0  0.03
1506  2676.0  0.03
1507  2676.0  0.03
1508  2676.0  0.03
1509  2676.0  0.03
1510  2676.0  0.03
1511  2676.0  0.03
1512  2676.0  0.03
1513  2676.0  0.03
1514  2676.0  0.03
1515  2676.0  0.03
1516  2676.0  0.03
1517  2676.0  0.03
1518  2676.0  0.03
1519  2676.0  0.03
1520  2676.0  0.03
1521  2676.0  0.03
1522  2676.0  0.03
1523  2676.0  0.03
1524  2676.0  0.03
1525  2676.0  0.03
1526  2676.0  0.03
1527  2676.0  0.03
1528  2676.0  0.03
1529  2676.0  0.03
1530  2676.0  0.03
1531  2676.0  0.03
1532  2676.0  0.03
1533  2676.0  0.03
1534  2676.0  0.03
1535  2676.0  0.03
1536  2676.0  0.03
1537  2676.0  0.03
1538  2676.0  0.03
1539  2676.0  0.03
1540  2676.0  0.03
1541  2676.0  0.03
1542  2676.0  0.03
1543  2676.0  0.03
1544  2676.0  0.03
1545  2676.0  0.03
1546  2676.0  0.03
1547  2676.0  0.03
1548  2676.0  0.03
1549  2676.0  0.03
1550  2676.0  0.03
1551  2676.0  0.03
1552  2676.0  0.03
1553  2676.0  0.03
1554  2676.0  0.03
1555  2676.0  0.03
1556  2676.0  0.03
1557  2676.0  0.03
1558  2676.0  0.03
1559  2676.0  0.03
1560  2676.0  0.03
1561  2676.0  0.03
1562  2676.0  0.03
1563  2676.0  0.03
1564  2676.0  0.03
1565  2676.0  0.03
1566  2676.0  0.03
1567  2676.0  0.03
1568  2676.0  0.03
1569  2676.0  0.03
1570  2676.0  0.03
1571  2676.0  0.03
1572  2676.0  0.03
1573  2676.0  0.03
1574  2676.0  0.03
1575  2676.0  0.03
1576  2676.0  0.03
1577  2676.0  0.03
1578  2676.0  0.03
1579  2676.0  0.03
1580  2676.0  0.03
1581  2676.0  0.03
1582  2676.0  0.03
1583  2676.0  0.03
1584  2676.0  0.03
1585  2676.0  0.03
1586  2676.0  0.03
1587  2676.0  0.03
1588  2676.0  0.03
1589  2676.0  0.03
1590  2676.0  0.03
1591  2676.0  0.03
1592  2676.0  0.03
1593  2676.0  0.03
1594  2676.0  0.03
1595  2676.0  0.03
1596  2676.0  0.03
1597  2676.0  0.03
1598  2676.0  0.03
1599  2676.0  0.03
1600  2676.0  0.03
1601  2676.0  0.03
1602  2676.0  0.03
1603  2676.0  0.03
1604  2676.0  0.03
1605  2676.0  0.03
1606  2676.0  0.03
1607  2676.0  0.03
1608  2676.0  0.03
1609  2676.0  0.03
1610  2676.0  0.03
1611  2676.0  0.03
1612  2676.0  0.03
1613  2676.0  0.03
1614  2676.0  0.03
1615  2676.0  0.03
1616  2676.0  0.03
1617  2676.0  0.03
1618  2676.0  0.03
1619  2676.0  0.03
1620  2676.0  0.03
1621  2676.0  0.03
1622  2676.0  0.03
1623  2676.0  0.03
1624  2676.0  0.03
1625  2676.0  0.03
1626  2676.0  0.03
1627  2676.0  0.03
1628  2676.0  0.03
1629  2676.0  0.03
1630  2676.0  0.03
1631  2676.0  0.03
1632  2676.0  0.03
1633  2676.0  0.03
1634  2676.0  0.03
1635  2676.0  0.03
1636  2676.0  0.03
1637  2676.0  0.03
1638  2676.0  0.03
1639  2676.0  0.03
1640  2676.0  0.03
1641  2676.0  0.03
1642  2676.0  0.03
1643  2676.0  0.03
1644  2676.0  0.03
1645  2676.0  0.03
1646  2676.0  0.03
1647  2676.0  0.03
1648  2676.0  0.03
1649  2676.0  0.03
1650  2676.0  0.03
1651  2676.0  0.03
1652  2676.0  0.03
1653  2676.0  0.03
1654  2676.0  0.03
1655  2676.0  0.03
1656  2676.0  0.03
1657  2676.0  0.03
1658  2676.0  0.03
1659  2676.0  0.03
1660  2676.0  0.03
1661  2676.0  0.03
1662  2676.0  0.03
1663  2676.0  0.03
1664  2676.0  0.03
1665  2676.0  0.03
1666  2676.0  0.03
1667  2676.0  0.03
1668  2676.0  0.03
1669  2676.0  0.03
1670  2676.0  0.03
1671  2676.0  0.03
1672  2676.0  0.03
1673  2676.0  0.03
1674  2676.0  0.03
1675  2676.0  0.03
1676  2676.0  0.03
1677  2676.0  0.03
1678  2676.0  0.03
1679  2676.0  0.03
1680  2676.0  0.03
1681  2676.0  0.03
1682  2676.0  0.03
1683  2676.0  0.03
1684  2676.0  0.03
1685  2676.0  0.03
1686  2676.0  0.03
1687  2676.0  0.03
1688  2676.0  0.03
1689  2676.0  0.03
1690  2676.0  0.03
1691  2676.0  0.03
1692  2676.0  0.03
1693  2676.0  0.03
1694  2676.0  0.03
1695  2676.0  0.03
1696  2676.0  0.03
1697  2676.0  0.03
1698  2676.0  0.03
1699  2676.0  0.03
1700  2676.0  0.03
1701  2676.0  0.03
1702  2676.0  0.03
1703  2676.0  0.03
1704  2676.0  0.03
1705  2676.0  0.03
1706  2676.0  0.03
1707  2676.0  0.03
1708  2676.0  0.03
1709  2676.0  0.03
1710  2676.0  0.03
1711  2676.0  0.03
1712  2676.0  0.03
1713  2676.0  0.03
1714  2676.0  0.03
1715  2676.0  0.03
1716  2676.0  0.03
1717  2676.0  0.03
1718  2676.0  0.03
1719  2676.0  0.03
1720  2676.0  0.03
1721  2676.0  0.03
1722  2676.0  0.03
1723  2676.0  0.03
1724  2676.0  0.03
1725  2676.0  0.03
1726  2676.0  0.03
1727  2676.0  0.03
1728  2676.0  0.03
1729  2676.0  0.03
1730  2676.0  0.03
1731  2676.0  0.03
1732  2676.0  0.03
1733  2676.0  0.03
1734  2676.0  0.03
1735  2676.0  0.03
1736  2676.0  0.03
1737  2676.0  0.03
1738  2676.0  0.03
1739  2676.0  0.03
1740  2676.0  0.03
1741  2676.0  0.03
1742  2676.0  0.03
1743  2676.0  0.03
1744  2676.0  0.03
1745  2676.0  0.03
1746  2676.0  0.03
1747  2676.0  0.03
1748  2676.0  0.03
1749  2676.0  0.03
1750  2676.0  0.03
1751  2676.0  0.03
1752  2676.0  0.03
1753  2676.0  0.03
1754  2676.0  0.03
1755  2676.0  0.03
1756  2676.0  0.03
1757  2676.0  0.03
1758  2676.0  0.03
1759  2676.0  0.03
1760  2676.0  0.03
1761  2676.0  0.03
1762  2676.0  0.03
1763  2676.0  0.03
1764  2676.0  0.03
1765  2676.0  0.03
1766  2676.0  0.03
1767  2676.0  0.03
1768  2676.0  0.03
1769  2676.0  0.03
1770  2676.0  0.03
1771  2676.0  0.03
1772  2676.0  0.03
1773  2676.0  0.03
1774  2676.0  0.03
1775  2676.0  0.03
1776  2676.0  0.03
1777  2676.0  0.03
1778  2676.0  0.03
1779  2676.0  0.03
1780  2676.0  0.03
1781  2676.0  0.03
1782  2676.0  0.03
1783  2676.0  0.03
1784  2676.0  0.03
1785  2676.0  0.03
1786  2676.0  0.03
1787  2676.0  0.03
1788  2676.0  0.03
1789  2676.0  0.03
1790  2676.0  0.03
1791  2676.0  0.03
1792  2676.0  0.03
1793  2676.0  0.03
1794  2676.0  0.03
1795  2676.0  0.03
1796  2676.0  0.03
1797  2676.0  0.03
1798  2676.0  0.03
1799  2676.0  0.03
1800  2676.0  0.03
1801  2676.0  0.03
1802  2676.0  0.03
1803  2676.0  0.03
1804  2676.0  0.03
1805  2676.0  0.03
1806  2676.0  0.03
1807  2676.0  0.03
1808  2676.0  0.03
1809  2676.0  0.03
1810  2676.0  0.03
1811  2676.0  0.03
1812  2676.0  0.03
1813  2676.0  0.03
1814  2676.0  0.03
1815  2676.0  0.03
1816  2676.0  0.03
1817  2676.0  0.03
1818  2676.0  0.03
1819  2676.0  0.03
1820  2676.0  0.03
1821  2676.0  0.03
1822  2676.0  0.03
1823  2676.0  0.03
1824  2676.0  0.03
1825  2676.0  0.03
1826  2676.0  0.03
1827  2676.0  0.03
1828  2676.0  0.03
1829  2676.0  0.03
1830  2676.0  0.03
1831  2676.0  0.03
1832  2676.0  0.03
1833  2676.0  0.03
1834  2676.0  0.03
1835  2676.0  0.03
1836  2676.0  0.03
1837  2676.0  0.03
1838  2676.0  0.03
1839  2676.0  0.03
1840  2676.0  0.03
1841  2676.0  0.03
1842  2676.0  0.03
1843  2676.0  0.03
1844  2676.0  0.03
1845  2676.0  0.03
1846  2676.0  0.03
1847  2676.0  0.03
1848  2676.0  0.03
1849  2676.0  0.03
1850  2676.0  0.03
1851  2676.0  0.03
1852  2676.0  0.03
1853  2676.0  0.03
1854  2676.0  0.03
1855  2676.0  0.03
1856  2676.0  0.03
1857  2676.0  0.03
1858  2676.0  0.03
1859  2676.0  0.03
1860  2676.0  0.03
1861  2676.0  0.03
1862  2676.0  0.03
1863  2676.0  0.03
1864  2676.0  0.03
1865  2676.0  0.03
1866  2676.0  0.03
1867  2676.0  0.03
1868  2676.0  0.03
1869  2676.0  0.03
1870  2676.0  0.03
1871  2676.0  0.03
1872  2676.0  0.03
1873  2676.0  0.03
1874  2676.0  0.03
1875  2676.0  0.03
1876  2676.0  0.03
1877  2676.0  0.03
1878  2676.0  0.03
1879  2676.0  0.03
1880  2676.0  0.03
1881  2676.0  0.03
1882  2676.0  0.03
1883  2676.0  0.03
1884  2676.0  0.03
1885  2676.0  0.03
1886  2676.0  0.03
1887  2676.0  0.03
1888  2676.0  0.03
1889  2676.0  0.03
1890  2676.0  0.03
1891  2676.0  0.03
1892  2676.0  0.03
1893  2676.0  0.03
1894  2676.0  0.03
1895  2676.0  0.03
1896  2676.0  0.03
1897  2676.0  0.03
1898  2676.0  0.03
1899  2676.0  0.03
1900  2676.0  0.03
1901  2676.0  0.03
1902  2676.0  0.03
1903  2676.0  0.03
1904  2676.0  0.03
1905  2676.0  0.03
1906  2676.0  0.03
1907  2676.0  0.03
1908  2676.0  0.03
1909  2676.0  0.03
1910  2676.0  0.03
1911  2676.0  0.03
1912  2676.0  0.03
1913  2676.0  0.03
1914  2676.0  0.03
1915  2676.0  0.03
1916  2676.0  0.03
1917  2676.0  0.03
1918  2676.0  0.03
1919  2676.0  0.03
1920  2676.0  0.03
1921  2676.0  0.03
1922  2676.0  0.03
1923  2676.0  0.03
1924  2676.0  0.03
1925  2676.0  0.03
1926  2676.0  0.03
1927  2676.0  0.03
1928  2676.0  0.03
1929  2676.0  0.03
1930  2676.0  0.03
1931  2676.0  0.03
1932  2676.0  0.03
1933  2676.0  0.03
1934  2676.0  0.03
1935  2676.0  0.03
1936  2676.0  0.03
1937  2676.0  0.03
1938  2676.0  0.03
1939  2676.0  0.03
1940  2676.0  0.03
1941  2676.0  0.03
1942  2676.0  0.03
1943  2676.0  0.03
1944  2676.0  0.03
1945  2676.0  0.03
1946  2676.0  0.03
1947  2676.0  0.03
1948  2676.0  0.03
1949  2676.0  0.03
1950  2676.0  0.03
1951  2676.0  0.03
1952  2676.0  0.03
1953  2676.0  0.03
1954  2676.0  0.03
1955  2676.0  0.03
1956  2676.0  0.03
1957  2676.0  0.03
1958  2676.0  0.03
1959  2676.0  0.03
1960  2676.0  0.03
1961  2676.0  0.03
1962  2676.0  0.03
1963  2676.0  0.03
1964  2676.0  0.03
1965  2676.0  0.03
1966  2676.0  0.03
1967  2676.0  0.03
1968  2676.0  0.03
1969  2676.0  0.03
1970  2676.0  0.03
1971  2676.0  0.03
1972  2676.0  0.03
1973  2676.0  0.03
1974  2676.0  0.03
1975  2676.0  0.03
1976  2676.0  0.03
1977  2676.0  0.03
1978  2676.0  0.03
1979  2676.0  0.03
1980  2676.0  0.03
1981  2676.0  0.03
1982  2676.0  0.03
1983  2676.0  0.03
1984  2676.0  0.03
1985  2676.0  0.03
1986  2676.0  0.03
1987  2676.0  0.03
1988  2676.0  0.03
1989  2676.0  0.03
1990  2676.0  0.03
1991  2676.0  0.03
1992  2676.0  0.03
1993  2676.0  0.03
1994  2676.0  0.03
1995  2676.0  0.03
1996  2676.0  0.03
1997  2676.0  0.03
1998  2676.0  0.03
1999  2676.0  0.03
2000  2676.0  0.03
2001  2676.0  0.03
2002  2676.0  0.03
2003  2676.0  0.03
2004  2676.0  0.03
2005  2676.0  0.03
2006  2676.0  0.03
2007  2676.0  0.03
2008  2676.0  0.03
2009  2676.0  0.03
2010  2676.0  0.03
2011  2676.0  0.03
2012  2676.0  0.03
2013  2676.0  0.03
2014  2676.0  0.03
2015  2676.0  0.03
2016  2676.0  0.03
2017  2676.0  0.03
2018  2676.0  0.03
2019  2676.0  0.03
2020  2676.0  0.03
2021  2676.0  0.03
2022  2676.0  0.03
2023  2676.0  0.03
2024  2676.0  0.03
2025  2676.0  0.03
2026  2676.0  0.03
2027  2676.0  0.03
2028  2676.0  0.03
2029  2676.0  0.03
2030  2676.0  0.03
2031  2676.0  0.03
2032  2676.0  0.03
2033  2676.0  0.03
2034  2676.0  0.03
2035  2676.0  0.03
2036  2676.0  0.03
2037  2676.0  0.03
2038  2676.0  0.03
2039  2676.0  0.03
2040  2676.0  0.03
2041  2676.0  0.03
2042  2676.0  0.03
2043  2676.0  0.03
2044  2676.0  0.03
2045  2676.0  0.03
2046  2676.0  0.03
2047  2676.0  0.03
2048  2676.0  0.03
2049  2676.0  0.03
2050  2676.0  0.03
2051  2676.0  0.03
2052  2676.0  0.03
2053  2676.0  0.03
2054  2676.0  0.03
2055  2676.0  0.03
2056  2676.0  0.03
2057  2676.0  0.03
2058  2676.0  0.03
2059  2676.0  0.03
2060  2676.0  0.03
2061  2676.0  0.03
2062  2676.0  0.03
2063  2676.0  0.03
2064  2676.0  0.03
2065  2676.0  0.03
2066  2676.0  0.03
2067  2676.0  0.03
2068  2676.0  0.03
2069  2676.0  0.03
2070  2676.0  0.03
2071  2676.0  0.03
2072  2676.0  0.03
2073  2676.0  0.03
2074  2676.0  0.03
2075  2676.0  0.03
2076  2676.0  0.03
2077  2676.0  0.03
2078  2676.0  0.03
2079  2676.0  0.03
2080  2676.0  0.03
2081  2676.0  0.03
2082  2676.0  0.03
2083  2676.0  0.03
2084  2676.0  0.03
2085  2676.0  0.03
2086  2676.0  0.03
2087  2676.0  0.03
2088  2676.0  0.03
2089  2676.0  0.03
2090  2676.0  0.03
2091  2676.0  0.03
2092  2676.0  0.03
2093  2676.0  0.03
2094  2676.0  0.03
2095  2676.0  0.03
2096  2676.0  0.03
2097  2676.0  0.03
2098  2676.0  0.03
2099  2676.0  0.03
2100  2676.0  0.03
2101  2676.0  0.03
2102  2676.0  0.03
2103  2676.0  0.03
2104  2676.0  0.03
2105  2676.0  0.03
2106  2676.0  0.03
2107  2676.0  0.03
2108  2676.0  0.03
2109  2676.0  0.03
2110  2676.0  0.03
2111  2676.0  0.03
2112  2676.0  0.03
2113  2676.0  0.03
2114  2676.0  0.03
2115  2676.0  0.03
2116  2676.0  0.03
2117  2676.0  0.03
2118  2676.0  0.03
2119  2676.0  0.03
2120  2676.0  0.03
2121  2676.0  0.03
2122  2676.0  0.03
2123  2676.0  0.03
2124  2676.0  0.03
2125  2676.0  0.03
2126  2676.0  0.03
2127  2676.0  0.03
2128  2676.0  0.03
2129  2676.0  0.03
2130  2676.0  0.03
2131  2676.0  0.03
2132  2676.0  0.03
2133  2676.0  0.03
2134  2676.0  0.03
2135  2676.0  0.03
2136  2676.0  0.03
2137  2676.0  0.03
2138  2676.0  0.03
2139  2676.0  0.03
2140  2676.0  0.03
2141  2676.0  0.03
2142  2676.0  0.03
2143  2676.0  0.03
2144  2676.0  0.03
2145  2676.0  0.03
2146  2676.0  0.03
2147  2676.0  0.03
2148  2676.0  0.03
2149  2676.0  0.03
2150  2676.0  0.03
2151  2676.0  0.03
2152  2676.0  0.03
2153  2676.0  0.03
2154  2676.0  0.03
2155  2676.0  0.03
2156  2676.0  0.03
2157  2676.0  0.03
2158  2676.0  0.03
2159  2676.0  0.03
2160  2676.0  0.03
2161  2676.0  0.03
2162  2676.0  0.03
2163  2676.0  0.03
2164  2676.0  0.03
2165  2676.0  0.03
2166  2676.0  0.03
2167  2676.0  0.03
2168  2676.0  0.03
2169  2676.0  0.03
2170  2676.0  0.03
2171  2676.0  0.03
2172  2676.0  0.03
2173  2676.0  0.03
2174  2676.0  0.03
2175  2676.0  0.03
2176  2676.0  0.03
2177  2676.0  0.03
2178  2676.0  0.03
2179  2676.0  0.03
2180  2676.0  0.03
2181  2676.0  0.03
2182  2676.0  0.03
2183  2676.0  0.03
2184  2676.0  0.03
2185  2676.0  0.03
2186  2676.0  0.03
2187  2676.0  0.03
2188  2676.0  0.03
2189  2676.0  0.03
2190  2676.0  0.03
2191  2676.0  0.03
2192  2676.0  0.03
2193  2676.0  0.03
2194  2676.0  0.03
2195  2676.0  0.03
2196  2676.0  0.03
2197  2676.0  0.03
2198  2676.0  0.03
2199  2676.0  0.03
2200  2676.0  0.03
2201  2676.0  0.03
2202  2676.0  0.03
2203  2676.0  0.03
2204  2676.0  0.03
2205  2676.0  0.03
2206  2676.0  0.03
2207  2676.0  0.03
2208  2676.0  0.03
2209  2676.0  0.03
2210  2676.0  0.03
2211  2676.0  0.03
2212  2676.0  0.03
2213  2676.0  0.03
2214  2676.0  0.03
2215  2676.0  0.03
2216  2676.0  0.03
2217  2676.0  0.03
2218  2676.0  0.03
2219  2676.0  0.03
2220  2676.0  0.03
2221  2676.0  0.03
2222  2676.0  0.03
2223  2676.0  0.03
2224  2676.0  0.03
2225  2676.0  0.03
2226  2676.0  0.03
2227  2676.0  0.03
2228  2676.0  0.03
2229  2676.0  0.03
2230  2676.0  0.03
2231  2676.0  0.03
2232  2676.0  0.03
2233  2676.0  0.03
2234  2676.0  0.03
2235  2676.0  0.03
2236  2676.0  0.03
2237  2676.0  0.03
2238  2676.0  0.03
2239  2676.0  0.03
2240  2676.0  0.03
2241  2676.0  0.03
2242  2676.0  0.03
2243  2676.0  0.03
2244  2676.0  0.03
2245  2676.0  0.03
2246  2676.0  0.03
2247  2676.0  0.03
2248  2676.0  0.03
2249  2676.0  0.03
2250  2676.0  0.03
2251  2676.0  0.03
2252  2676.0  0.03
2253  2676.0  0.03
2254  2676.0  0.03
2255  2676.0  0.03
2256  2676.0  0.03
2257  2676.0  0.03
2258  2676.0  0.03
2259  2676.0  0.03
2260  2676.0  0.03
2261  2676.0  0.03
2262  2676.0  0.03
2263  2676.0  0.03
2264  2676.0  0.03
2265  2676.0  0.03
2266  2676.0  0.03
2267  2676.0  0.03
2268  2676.0  0.03
2269  2676.0  0.03
2270  2676.0  0.03
2271  2676.0  0.03
2272  2676.0  0.03
2273  2676.0  0.03
2274  2676.0  0.03
2275  2676.0  0.03
2276  2676.0  0.03
2277  2676.0  0.03
2278  2676.0  0.03
2279  2676.0  0.03
2280  2676.0  0.03
2281  2676.0  0.03
2282  2676.0  0.03
2283  2676.0  0.03
2284  2676.0  0.03
2285  2676.0  0.03
2286  2676.0  0.03
2287  2676.0  0.03
2288  2676.0  0.03
2289  2676.0  0.03
2290  2676.0  0.03
2291  2676.0  0.03
2292  2676.0  0.03
2293  2676.0  0.03
2294  2676.0  0.03
2295  2676.0  0.03
2296  2676.0  0.03
2297  2676.0  0.03
2298  2676.0  0.03
2299  2676.0  0.03
2300  2676.0  0.03
2301  2676.0  0.03
2302  2676.0  0.03
2303  2676.0  0.03
2304  2676.0  0.03
2305  2676.0  0.03
2306  2676.0  0.03
2307  2676.0  0.03
2308  2676.0  0.03
2309  2676.0  0.03
2310  2676.0  0.03
2311  2676.0  0.03
2312  2676.0  0.03
2313  2676.0  0.03
2314  2676.0  0.03
2315  2676.0  0.03
2316  2676.0  0.03
2317  2676.0  0.03
2318  2676.0  0.03
2319  2676.0  0.03
2320  2676.0  0.03
2321  2676.0  0.03
2322  2676.0  0.03
2323  2676.0  0.03
2324  2676.0  0.03
2325  2676.0  0.03
2326  2676.0  0.03
2327  2676.0  0.03
2328  2676.0  0.03
2329  2676.0  0.03
2330  2676.0  0.03
2331  2676.0  0.03
2332  2676.0  0.03
2333  2676.0  0.03
2334  2676.0  0.03
2335  2676.0  0.03
2336  2676.0  0.03
2337  2676.0  0.03
2338  2676.0  0.03
2339  2676.0  0.03
2340  2676.0  0.03
2341  2676.0  0.03
2342  2676.0  0.03
2343  2676.0  0.03
2344  2676.0  0.03
2345  2676.0  0.03
2346  2676.0  0.03
2347  2676.0  0.03
2348  2676.0  0.03
2349  2676.0  0.03
2350  2676.0  0.03
2351  2676.0  0.03
2352  2676.0  0.03
2353  2676.0  0.03
2354  2676.0  0.03
2355  2676.0  0.03
2356  2676.0  0.03
2357  2676.0  0.03
2358  2676.0  0.03
2359  2676.0  0.03
2360  2676.0  0.03
2361  2676.0  0.03
2362  2676.0  0.03
2363  2676.0  0.03
2364  2676.0  0.03
2365  2676.0  0.03
2366  2676.0  0.03
2367  2676.0  0.03
2368  2676.0  0.03
2369  2676.0  0.03
2370  2676.0  0.03
2371  2676.0  0.03
2372  2676.0  0.03
2373  2676.0  0.03
2374  2676.0  0.03
2375  2676.0  0.03
2376  2676.0  0.03
2377  2676.0  0.03
2378  2676.0  0.03
2379  2676.0  0.03
2380  2676.0  0.03
2381  2676.0  0.03
2382  2676.0  0.03
2383  2676.0  0.03
2384  2676.0  0.03
2385  2676.0  0.03
2386  2676.0  0.03
2387  2676.0  0.03
2388  2676.0  0.03
2389  2676.0  0.03
2390  2676.0  0.03
2391  2676.0  0.03
2392  2676.0  0.03
2393  2676.0  0.03
2394  2676.0  0.03
2395  2676.0  0.03
2396  2676.0  0.03
2397  2676.0  0.03
2398  2676.0  0.03
2399  2676.0  0.03
2400  2676.0  0.03
2401  2676.0  0.03
2402  2676.0  0.03
2403  2676.0  0.03
2404  2676.0  0.03
2405  2676.0  0.03
2406  2676.0  0.03
2407  2676.0  0.03
2408  2676.0  0.03
2409  2676.0  0.03
2410  2676.0  0.03
2411  2676.0  0.03
2412  2676.0  0.03
2413  2676.0  0.03
2414  2676.0  0.03
2415  2676.0  0.03
2416  2676.0  0.03
2417  2676.0  0.03
2418  2676.0  0.03
2419  2676.0  0.03
2420  2676.0  0.03
2421  2676.0  0.03
2422  2676.0  0.03
2423  2676.0  0.03
2424  2676.0  0.03
2425  2676.0  0.03
2426  2676.0  0.03
2427  2676.0  0.03
2428  2676.0  0.03
2429  2676.0  0.03
2430  2676.0  0.03
2431  2676.0  0.03
2432  2676.0  0.03
2433  2676.0  0.03
2434  2676.0  0.03
2435  2676.0  0.03
2436  2676.0  0.03
2437  2676.0  0.03
2438  2676.0  0.03
2439  2676.0  0.03
2440  2676.0  0.03
2441  2676.0  0.03
2442  2676.0  0.03
2443  2676.0  0.03
2444  2676.0  0.03
2445  2676.0  0.03
2446  2676.0  0.03
2447  2676.0  0.03
2448  2676.0  0.03
2449  2676.0  0.03
2450  2676.0  0.03
2451  2676.0  0.03
2452  2676.0  0.03
2453  2676.0  0.03
2454  2676.0  0.03
2455  2676.0  0.03
2456  2676.0  0.03
2457  2676.0  0.03
2458  2676.0  0.03
2459  2676.0  0.03
2460  2676.0  0.03
2461  2676.0  0.03
2462  2676.0  0.03
2463  2676.0  0.03
2464  2676.0  0.03
2465  2676.0  0.03
2466  2676.0  0.03
2467  2676.0  0.03
2468  2676.0  0.03
2469  2676.0  0.03
2470  2676.0  0.03
2471  2676.0  0.03
2472  2676.0  0.03
2473  2676.0  0.03
2474  2676.0  0.03
2475  2676.0  0.03
2476  2676.0  0.03
2477  2676.0  0.03
2478  2676.0  0.03
2479  2676.0  0.03
2480  2676.0  0.03
2481  2676.0  0.03
2482  2676.0  0.03
2483  2676.0  0.03
2484  2676.0  0.03
2485  2676.0  0.03
2486  2676.0  0.03
2487  2676.0  0.03
2488  2676.0  0.03
2489  2676.0  0.03
2490  2711.0  0.02
2491  2711.0  0.02
2492  2711.0  0.02
2493  2711.0  0.02
2494  2711.0  0.02
2495  2711.0  0.02
2496  2711.0  0.02
2497  2711.0  0.02
2498  2711.0  0.02
2499  2711.0  0.02
2500  2711.0  0.02
2501  2711.0  0.02
2502  2711.0  0.02
2503  2711.0  0.02
2504  2711.0  0.02
2505  2711.0  0.02
2506  2711.0  0.02
2507  2711.0  0.02
2508  2711.0  0.02
2509  2711.0  0.02
2510  2711.0  0.02
2511  2711.0  0.02
2512  2711.0  0.02
2513  2711.0  0.02
2514  2711.0  0.02
2515  2711.0  0.02
2516  2711.0  0.02
2517  2711.0  0.02
2518  2711.0  0.02
2519  2711.0  0.02
2520  2711.0  0.02
2521  2711.0  0.02
2522  2711.0  0.02
2523  2711.0  0.02
2524  2711.0  0.02
2525  2711.0  0.02
2526  2711.0  0.02
2527  2711.0  0.02
2528  2711.0  0.02
2529  2711.0  0.02
2530  2711.0  0.02
2531  2711.0  0.02
2532  2711.0  0.02
2533  2711.0  0.02
2534  2711.0  0.02
2535  2711.0  0.02
2536  2711.0  0.02
2537  2711.0  0.02
2538  2711.0  0.02
2539  2711.0  0.02
2540  2711.0  0.02
2541  2711.0  0.02
2542  2711.0  0.02
2543  2711.0  0.02
2544  2711.0  0.02
2545  2711.0  0.02
2546  2711.0  0.02
2547  2711.0  0.02
2548  2711.0  0.02
2549  2711.0  0.02
2550  2711.0  0.02
2551  2711.0  0.02
2552  2711.0  0.02
2553  2711.0  0.02
2554  2711.0  0.02
2555  2711.0  0.02
2556  2711.0  0.02
2557  2711.0  0.02
2558  2711.0  0.02
2559  2711.0  0.02
2560  2711.0  0.02
2561  2711.0  0.02
2562  2711.0  0.02
2563  2711.0  0.02
2564  2711.0  0.02
2565  2711.0  0.02
2566  2711.0  0.02
2567  2711.0  0.02
2568  2711.0  0.02
2569  2711.0  0.02
2570  2711.0  0.02
2571  2711.0  0.02
2572  2711.0  0.02
2573  2711.0  0.02
2574  2711.0  0.02
2575  2711.0  0.02
2576  2711.0  0.02
2577  2711.0  0.02
2578  2711.0  0.02
2579  2711.0  0.02
2580  2711.0  0.02
2581  2711.0  0.02
2582  2711.0  0.02
2583  2711.0  0.02
2584  2711.0  0.02
2585  2711.0  0.02
2586  2711.0  0.02
2587  2711.0  0.02
2588  2711.0  0.02
2589  2711.0  0.02
2590  2711.0  0.02
2591  2711.0  0.02
2592  2711.0  0.02
2593  2711.0  0.02
2594  2711.0  0.02
2595  2711.0  0.02
2596  2711.0  0.02
2597  2711.0  0.02
2598  2711.0  0.02
2599  2711.0  0.02
2600  2711.0  0.02
2601  2711.0  0.02
2602  2711.0  0.02
2603  2711.0  0.02
2604  2711.0  0.02
2605  2711.0  0.02
2606  2711.0  0.02
2607  2711.0  0.02
2608  2711.0  0.02
2609  2711.0  0.02
2610  2711.0  0.02
2611  2711.0  0.02
2612  2711.0  0.02
2613  2711.0  0.02
2614  2711.0  0.02
2615  2711.0  0.02
2616  2711.0  0.02
2617  2711.0  0.02
2618  2711.0  0.02
2619  2711.0  0.02
2620  2711.0  0.02
2621  2711.0  0.02
2622  2711.0  0.02
2623  2711.0  0.02
2624  2711.0  0.02
2625  2711.0  0.02
2626  2711.0  0.02
2627  2711.0  0.02
2628  2711.0  0.02
2629  2711.0  0.02
2630  2711.0  0.02
2631  2711.0  0.02
2632  2711.0  0.02
2633  2711.0  0.02
2634  2711.0  0.02
2635  2711.0  0.02
2636  2711.0  0.02
2637  2711.0  0.02
2638  2711.0  0.02
2639  2711.0  0.02
2640  2711.0  0.02
2641  2711.0  0.02
2642  2711.0  0.02
2643  2711.0  0.02
2644  2711.0  0.02
2645  2711.0  0.02
2646  2711.0  0.02
2647  2711.0  0.02
2648  2711.0  0.02
2649  2711.0  0.02
2650  2711.0  0.02
2651  2711.0  0.02
2652  2711.0  0.02
2653  2711.0  0.02
2654  2711.0  0.02
2655  2711.0  0.02
2656  2711.0  0.02
2657  2711.0  0.02
2658  2711.0  0.02
2659  2711.0  0.02
2660  2711.0  0.02
2661  2711.0  0.02
2662  2711.0  0.02
2663  2711.0  0.02
2664  2711.0  0.02
2665  2711.0  0.02
2666  2711.0  0.02
2667  2711.0  0.02
2668  2711.0  0.02
2669  2711.0  0.02
2670  2711.0  0.02
2671  2711.0  0.02
2672  2711.0  0.02
2673  2711.0  0.02
2674  2711.0  0.02
2675  2711.0  0.02
2676  2711.0  0.02
2677  2711.0  0.02
2678  2711.0  0.02
2679  2711.0  0.02
2680  2711.0  0.02
2681  2711.0  0.02
2682  2711.0  0.02
2683  2711.0  0.02
2684  2711.0  0.02
2685  2711.0  0.02
2686  2711.0  0.02
2687  2711.0  0.02
2688  2711.0  0.02
2689  2711.0  0.02
2690  2711.0  0.02
2691  2711.0  0.02
2692  2711.0  0.02
2693  2711.0  0.02
2694  2711.0  0.02
2695  2711.0  0.02
2696  2711.0  0.02
2697  2711.0  0.02
2698  2711.0  0.02
2699  2711.0  0.02
2700  2711.0  0.02
2701  2711.0  0.02
2702  2711.0  0.02
2703  2711.0  0.02
2704  2711.0  0.02
2705  2711.0  0.02
2706  2711.0  0.02
2707  2711.0  0.02
2708  2711.0  0.02
2709  2711.0  0.02
2710  2711.0  0.02
2711  2711.0  0.02
2712  2711.0  0.02
2713  2711.0  0.02
2714  2711.0  0.02
2715  2711.0  0.02
2716  2711.0  0.02
2717  2711.0  0.02
2718  2711.0  0.02
2719  2711.0  0.02
2720  2711.0  0.02
2721  2711.0  0.02
2722  2711.0  0.02
2723  2711.0  0.02
2724  2711.0  0.02
2725  2711.0  0.02
2726  2711.0  0.02
2727  2711.0  0.02
2728  2711.0  0.02
2729  2711.0  0.02
2730  2711.0  0.02
2731  2711.0  0.02
2732  2711.0  0.02
2733  2711.0  0.02
2734  2711.0  0.02
2735  2711.0  0.02
2736  2711.0  0.02
2737  2711.0  0.02
2738  2711.0  0.02
2739  2711.0  0.02
2740  2711.0  0.02
2741  2711.0  0.02
2742  2711.0  0.02
2743  2711.0  0.02
2744  2711.0  0.02
2745  2711.0  0.02
2746  2711.0  0.02
2747  2711.0  0.02
2748  2711.0  0.02
2749  2711.0  0.02
2750  2711.0  0.02
2751  2711.0  0.02
2752  2711.0  0.02
2753  2711.0  0.02
2754  2711.0  0.02
2755  2711.0  0.02
2756  2711.0  0.02
2757  2711.0  0.02
2758  2711.0  0.02
2759  2711.0  0.02
2760  2711.0  0.02
2761  2711.0  0.02
2762  2711.0  0.02
2763  2711.0  0.02
2764  2711.0  0.02
2765  2711.0  0.02
2766  2711.0  0.02
2767  2711.0  0.02
2768  2711.0  0.02
2769  2711.0  0.02
2770  2711.0  0.02
2771  2711.0  0.02
2772  2711.0  0.02
2773  2711.0  0.02
2774  2711.0  0.02
2775  2711.0  0.02
2776  2711.0  0.02
2777  2711.0  0.02
2778  2711.0  0.02
2779  2711.0  0.02
2780  2711.0  0.02
2781  2711.0  0.02
2782  2711.0  0.02
2783  2711.0  0.02
2784  2711.0  0.02
2785  2711.0  0.02
2786  2711.0  0.02
2787  2711.0  0.02
2788  2711.0  0.02
2789  2711.0  0.02
2790  2711.0  0.02
2791  2711.0  0.02
2792  2711.0  0.02
2793  2711.0  0.02
2794  2711.0  0.02
2795  2711.0  0.02
2796  2711.0  0.02
2797  2711.0  0.02
2798  2711.0  0.02
2799  2711.0  0.02
2800  2711.0  0.02
2801  2711.0  0.02
2802  2711.0  0.02
2803  2711.0  0.02
2804  2711.0  0.02
2805  2711.0  0.02
2806  2711.0  0.02
2807  2711.0  0.02
2808  2711.0  0.02
2809  2711.0  0.02
2810  2711.0  0.02
2811  2711.0  0.02
2812  2711.0  0.02
2813  2711.0  0.02
2814  2711.0  0.02
2815  2711.0  0.02
2816  2711.0  0.02
2817  2711.0  0.02
2818  2711.0  0.02
2819  2711.0  0.02
2820  2711.0  0.02
2821  2711.0  0.02
2822  2711.0  0.02
2823  2711.0  0.02
2824  2711.0  0.02
2825  2711.0  0.02
2826  2711.0  0.02
2827  2711.0  0.02
2828  2711.0  0.02
2829  2711.0  0.02
2830  2711.0  0.02
2831  2711.0  0.02
2832  2711.0  0.02
2833  2711.0  0.02
2834  2711.0  0.02
2835  2711.0  0.02
2836  2711.0  0.02
2837  2711.0  0.02
2838  2711.0  0.02
2839  2711.0  0.02
2840  2711.0  0.02
2841  2711.0  0.02
2842  2711.0  0.02
2843  2711.0  0.02
2844  2711.0  0.02
2845  2711.0  0.02
2846  2711.0  0.02
2847  2711.0  0.02
2848  2711.0  0.02
2849  2711.0  0.02
2850  2711.0  0.02
2851  2711.0  0.02
2852  2711.0  0.02
2853  2711.0  0.02
2854  2711.0  0.02
2855  2711.0  0.02
2856  2711.0  0.02
2857  2711.0  0.02
2858  2711.0  0.02
2859  2711.0  0.02
2860  2711.0  0.02
2861  2711.0  0.02
2862  2711.0  0.02
2863  2711.0  0.02
2864  2711.0  0.02
2865  2711.0  0.02
2866  2711.0  0.02
2867  2711.0  0.02
2868  2711.0  0.02
2869  2711.0  0.02
2870  2711.0  0.02
2871  2711.0  0.02
2872  2711.0  0.02
2873  2711.0  0.02
2874  2711.0  0.02
2875  2711.0  0.02
2876  2711.0  0.02
2877  2711.0  0.02
2878  2711.0  0.02
2879  2711.0  0.02
2880  2711.0  0.02
2881  2711.0  0.02
2882  2711.0  0.02
2883  2711.0  0.02
2884  2711.0  0.02
2885  2711.0  0.02
2886  2711.0  0.02
2887  2711.0  0.02
2888  2711.0  0.02
2889  2711.0  0.02
2890  2711.0  0.02
2891  2711.0  0.02
2892  2711.0  0.02
2893  2711.0  0.02
2894  2711.0  0.02
2895  2711.0  0.02
2896  2711.0  0.02
2897  2711.0  0.02
2898  2711.0  0.02
2899  2711.0  0.02
2900  2711.0  0.02
2901  2711.0  0.02
2902  2711.0  0.02
2903  2711.0  0.02
2904  2711.0  0.02
2905  2711.0  0.02
2906  2711.0  0.02
2907  2711.0  0.02
2908  2711.0  0.02
2909  2711.0  0.02
2910  2711.0  0.02
2911  2711.0  0.02
2912  2711.0  0.02
2913  2711.0  0.02
2914  2711.0  0.02
2915  2711.0  0.02
2916  2711.0  0.02
2917  2711.0  0.02
2918  2711.0  0.02
2919  2711.0  0.02
2920  2711.0  0.02
2921  2711.0  0.02
2922  2711.0  0.02
2923  2711.0  0.02
2924  2711.0  0.02
2925  2711.0  0.02
2926  2711.0  0.02
2927  2711.0  0.02
2928  2711.0  0.02
2929  2711.0  0.02
2930  2711.0  0.02
2931  2711.0  0.02
2932  2711.0  0.02
2933  2711.0  0.02
2934  2711.0  0.02
2935  2711.0  0.02
2936  2711.0  0.02
2937  2711.0  0.02
2938  2711.0  0.02
2939  2711.0  0.02
2940  2711.0  0.02
2941  2711.0  0.02
2942  2711.0  0.02
2943  2711.0  0.02
2944  2711.0  0.02
2945  2711.0  0.02
2946  2711.0  0.02
2947  2711.0  0.02
2948  2711.0  0.02
2949  2711.0  0.02
2950  2711.0  0.02
2951  2711.0  0.02
2952  2711.0  0.02
2953  2711.0  0.02
2954  2711.0  0.02
2955  2711.0  0.02
2956  2711.0  0.02
2957  2711.0  0.02
2958  2711.0  0.02
2959  2711.0  0.02
2960  2711.0  0.02
2961  2711.0  0.02
2962  2711.0  0.02
2963  2711.0  0.02
2964  2711.0  0.02
2965  2711.0  0.02
2966  2711.0  0.02
2967  2711.0  0.02
2968  2711.0  0.02
2969  2711.0  0.02
2970  2711.0  0.02
2971  2711.0  0.02
2972  2711.0  0.02
2973  2711.0  0.02
2974  2711.0  0.02
2975  2711.0  0.02
2976  2711.0  0.02
2977  2711.0  0.02
2978  2711.0  0.02
2979  2711.0  0.02
2980  2711.0  0.02
2981  2711.0  0.02
2982  2711.0  0.02
2983  2711.0  0.02
2984  2711.0  0.02
2985  2711.0  0.02
2986  2711.0  0.02
2987  2711.0  0.02
2988  2711.0  0.02
2989  2711.0  0.02
2990  2711.0  0.02
2991  2711.0  0.02
2992  2711.0  0.02
2993  2711.0  0.02
2994  2711.0  0.02
2995  2711.0  0.02
2996  2711.0  0.02
2997  2711.0  0.02
2998  2711.0  0.02
2999  2711.0  0.02
#[-6, 2, 5, 9, 9, 9, 9, 9, 9, 9]
#[4, 9, 9, 9, 9, 9, 9, 9, 9, 9]
#[9, 9, 9, 9, 9, 9, 9, 9, 9, 9]
#[4, 9, 9, 9, 9, 9, 9, 9, 9, 9]
#[9, 9, 9, 9, 9, 9, 9, 9, 9, 9]
#[4, 9, 9, 9, 9, 9, 9, 9, 9, 9]
#[9, 9, 9, 9, 9, 9, 9, 9, 9, 9]
#[-7, 9, 9, 9, 9, 9, 9, 9, 9, 9]
#[2, 7, 9, 9, 9, 9, 9, 9, 9, 9]
#Specialization index= [2, 9, 0.12345679012345678]
