#[2, 4, 9, 1, 2, 6, 4, 3, 0, 0]
#[5, 9, 8, 7, 7, 8, 4, 9, 6, 9]
#[4, 2, 7, 6, 3, 5, 7, 5, 4, 8]
#[8, 9, 7, 9, 7, 4, 0, 9, 3, 3]
#[1, 6, 8, 1, 5, 6, 1, 8, 5, 4]
#[2, 9, 8, 9, 3, 4, 2, 9, 0, 5]
#[5, 4, 2, 3, 4, 9, 8, 9, 7, 3]
#[9, 8, 0, 7, 2, 2, 0, 5, 6, 6]
#[8, 3, 6, 2, 7, 1, 9, 9, 8, 5]
0  2061.0  0.13
1  2084.0  0.16
2  2084.0  0.16
3  2084.0  0.16
4  2084.0  0.16
5  2136.0  0.15
6  2223.0  0.11
7  2223.0  0.11
8  2223.0  0.11
9  2223.0  0.11
10  2470.0  0.1
11  2470.0  0.1
12  2470.0  0.1
13  2470.0  0.1
14  2470.0  0.1
15  2470.0  0.1
16  2470.0  0.1
17  2470.0  0.1
18  2470.0  0.1
19  2470.0  0.1
20  2470.0  0.1
21  2470.0  0.1
22  2470.0  0.1
23  2482.0  0.09
24  2482.0  0.09
25  2482.0  0.09
26  2482.0  0.09
27  2587.0  0.07
28  2587.0  0.07
29  2587.0  0.07
30  2587.0  0.07
31  2587.0  0.07
32  2587.0  0.07
33  2587.0  0.07
34  2587.0  0.07
35  2587.0  0.07
36  2587.0  0.07
37  2587.0  0.07
38  2587.0  0.07
39  2587.0  0.07
40  2587.0  0.07
41  2587.0  0.07
42  2587.0  0.07
43  2587.0  0.07
44  2587.0  0.07
45  2587.0  0.07
46  2587.0  0.07
47  2587.0  0.07
48  2587.0  0.07
49  2587.0  0.07
50  2587.0  0.07
51  2587.0  0.07
52  2587.0  0.07
53  2587.0  0.07
54  2587.0  0.07
55  2587.0  0.07
56  2587.0  0.07
57  2587.0  0.07
58  2587.0  0.07
59  2587.0  0.07
60  2587.0  0.07
61  2587.0  0.07
62  2587.0  0.07
63  2587.0  0.07
64  2587.0  0.07
65  2587.0  0.07
66  2587.0  0.07
67  2587.0  0.07
68  2587.0  0.07
69  2587.0  0.07
70  2587.0  0.07
71  2587.0  0.07
72  2587.0  0.07
73  2587.0  0.07
74  2587.0  0.07
75  2587.0  0.07
76  2587.0  0.07
77  2587.0  0.07
78  2587.0  0.07
79  2587.0  0.07
80  2587.0  0.07
81  2587.0  0.07
82  2587.0  0.07
83  2587.0  0.07
84  2587.0  0.07
85  2587.0  0.07
86  2587.0  0.07
87  2587.0  0.07
88  2587.0  0.07
89  2587.0  0.07
90  2587.0  0.07
91  2587.0  0.07
92  2587.0  0.07
93  2587.0  0.07
94  2587.0  0.07
95  2587.0  0.07
96  2587.0  0.07
97  2587.0  0.07
98  2587.0  0.07
99  2587.0  0.07
100  2587.0  0.07
101  2587.0  0.07
102  2587.0  0.07
103  2587.0  0.07
104  2587.0  0.07
105  2587.0  0.07
106  2587.0  0.07
107  2587.0  0.07
108  2587.0  0.07
109  2587.0  0.07
110  2587.0  0.07
111  2587.0  0.07
112  2587.0  0.07
113  2587.0  0.07
114  2587.0  0.07
115  2587.0  0.07
116  2587.0  0.07
117  2587.0  0.07
118  2587.0  0.07
119  2587.0  0.07
120  2587.0  0.07
121  2587.0  0.07
122  2587.0  0.07
123  2587.0  0.07
124  2587.0  0.07
125  2587.0  0.07
126  2587.0  0.07
127  2587.0  0.07
128  2587.0  0.07
129  2587.0  0.07
130  2587.0  0.07
131  2587.0  0.07
132  2587.0  0.07
133  2587.0  0.07
134  2587.0  0.07
135  2587.0  0.07
136  2587.0  0.07
137  2587.0  0.07
138  2587.0  0.07
139  2587.0  0.07
140  2587.0  0.07
141  2587.0  0.07
142  2587.0  0.07
143  2587.0  0.07
144  2587.0  0.07
145  2587.0  0.07
146  2587.0  0.07
147  2587.0  0.07
148  2587.0  0.07
149  2587.0  0.07
150  2587.0  0.07
151  2587.0  0.07
152  2587.0  0.07
153  2587.0  0.07
154  2587.0  0.07
155  2587.0  0.07
156  2587.0  0.07
157  2587.0  0.07
158  2587.0  0.07
159  2587.0  0.07
160  2587.0  0.07
161  2587.0  0.07
162  2587.0  0.07
163  2587.0  0.07
164  2587.0  0.07
165  2587.0  0.07
166  2587.0  0.07
167  2587.0  0.07
168  2587.0  0.07
169  2587.0  0.07
170  2587.0  0.07
171  2587.0  0.07
172  2587.0  0.07
173  2587.0  0.07
174  2587.0  0.07
175  2587.0  0.07
176  2587.0  0.07
177  2587.0  0.07
178  2587.0  0.07
179  2587.0  0.07
180  2587.0  0.07
181  2587.0  0.07
182  2587.0  0.07
183  2587.0  0.07
184  2587.0  0.07
185  2587.0  0.07
186  2587.0  0.07
187  2587.0  0.07
188  2587.0  0.07
189  2587.0  0.07
190  2587.0  0.07
191  2587.0  0.07
192  2587.0  0.07
193  2587.0  0.07
194  2587.0  0.07
195  2587.0  0.07
196  2587.0  0.07
197  2587.0  0.07
198  2587.0  0.07
199  2587.0  0.07
200  2587.0  0.07
201  2587.0  0.07
202  2587.0  0.07
203  2587.0  0.07
204  2587.0  0.07
205  2587.0  0.07
206  2587.0  0.07
207  2587.0  0.07
208  2587.0  0.07
209  2587.0  0.07
210  2587.0  0.07
211  2658.0  0.03
212  2658.0  0.03
213  2658.0  0.03
214  2658.0  0.03
215  2658.0  0.03
216  2658.0  0.03
217  2658.0  0.03
218  2658.0  0.03
219  2658.0  0.03
220  2658.0  0.03
221  2658.0  0.03
222  2658.0  0.03
223  2658.0  0.03
224  2658.0  0.03
225  2658.0  0.03
226  2658.0  0.03
227  2658.0  0.03
228  2658.0  0.03
229  2658.0  0.03
230  2658.0  0.03
231  2658.0  0.03
232  2658.0  0.03
233  2658.0  0.03
234  2658.0  0.03
235  2658.0  0.03
236  2658.0  0.03
237  2658.0  0.03
238  2658.0  0.03
239  2658.0  0.03
240  2658.0  0.03
241  2658.0  0.03
242  2658.0  0.03
243  2658.0  0.03
244  2658.0  0.03
245  2658.0  0.03
246  2658.0  0.03
247  2658.0  0.03
248  2658.0  0.03
249  2658.0  0.03
250  2658.0  0.03
251  2658.0  0.03
252  2658.0  0.03
253  2658.0  0.03
254  2658.0  0.03
255  2658.0  0.03
256  2658.0  0.03
257  2658.0  0.03
258  2658.0  0.03
259  2658.0  0.03
260  2658.0  0.03
261  2658.0  0.03
262  2658.0  0.03
263  2658.0  0.03
264  2658.0  0.03
265  2658.0  0.03
266  2658.0  0.03
267  2658.0  0.03
268  2658.0  0.03
269  2658.0  0.03
270  2658.0  0.03
271  2658.0  0.03
272  2658.0  0.03
273  2658.0  0.03
274  2658.0  0.03
275  2658.0  0.03
276  2658.0  0.03
277  2658.0  0.03
278  2658.0  0.03
279  2658.0  0.03
280  2658.0  0.03
281  2658.0  0.03
282  2658.0  0.03
283  2658.0  0.03
284  2658.0  0.03
285  2658.0  0.03
286  2658.0  0.03
287  2658.0  0.03
288  2658.0  0.03
289  2658.0  0.03
290  2658.0  0.03
291  2658.0  0.03
292  2658.0  0.03
293  2658.0  0.03
294  2658.0  0.03
295  2658.0  0.03
296  2658.0  0.03
297  2658.0  0.03
298  2658.0  0.03
299  2658.0  0.03
300  2658.0  0.03
301  2658.0  0.03
302  2658.0  0.03
303  2658.0  0.03
304  2658.0  0.03
305  2658.0  0.03
306  2658.0  0.03
307  2658.0  0.03
308  2658.0  0.03
309  2658.0  0.03
310  2658.0  0.03
311  2658.0  0.03
312  2658.0  0.03
313  2658.0  0.03
314  2658.0  0.03
315  2658.0  0.03
316  2658.0  0.03
317  2658.0  0.03
318  2658.0  0.03
319  2658.0  0.03
320  2658.0  0.03
321  2658.0  0.03
322  2658.0  0.03
323  2658.0  0.03
324  2658.0  0.03
325  2658.0  0.03
326  2658.0  0.03
327  2658.0  0.03
328  2658.0  0.03
329  2658.0  0.03
330  2658.0  0.03
331  2658.0  0.03
332  2658.0  0.03
333  2658.0  0.03
334  2658.0  0.03
335  2658.0  0.03
336  2658.0  0.03
337  2658.0  0.03
338  2658.0  0.03
339  2658.0  0.03
340  2658.0  0.03
341  2658.0  0.03
342  2658.0  0.03
343  2658.0  0.03
344  2658.0  0.03
345  2658.0  0.03
346  2658.0  0.03
347  2658.0  0.03
348  2658.0  0.03
349  2658.0  0.03
350  2658.0  0.03
351  2658.0  0.03
352  2658.0  0.03
353  2658.0  0.03
354  2658.0  0.03
355  2658.0  0.03
356  2658.0  0.03
357  2658.0  0.03
358  2658.0  0.03
359  2658.0  0.03
360  2658.0  0.03
361  2658.0  0.03
362  2658.0  0.03
363  2658.0  0.03
364  2658.0  0.03
365  2658.0  0.03
366  2658.0  0.03
367  2658.0  0.03
368  2658.0  0.03
369  2658.0  0.03
370  2658.0  0.03
371  2658.0  0.03
372  2658.0  0.03
373  2658.0  0.03
374  2658.0  0.03
375  2658.0  0.03
376  2658.0  0.03
377  2658.0  0.03
378  2658.0  0.03
379  2658.0  0.03
380  2658.0  0.03
381  2658.0  0.03
382  2658.0  0.03
383  2658.0  0.03
384  2658.0  0.03
385  2658.0  0.03
386  2658.0  0.03
387  2658.0  0.03
388  2658.0  0.03
389  2658.0  0.03
390  2658.0  0.03
391  2658.0  0.03
392  2658.0  0.03
393  2658.0  0.03
394  2658.0  0.03
395  2658.0  0.03
396  2658.0  0.03
397  2658.0  0.03
398  2658.0  0.03
399  2658.0  0.03
400  2658.0  0.03
401  2658.0  0.03
402  2658.0  0.03
403  2658.0  0.03
404  2658.0  0.03
405  2658.0  0.03
406  2658.0  0.03
407  2658.0  0.03
408  2658.0  0.03
409  2658.0  0.03
410  2658.0  0.03
411  2658.0  0.03
412  2658.0  0.03
413  2658.0  0.03
414  2658.0  0.03
415  2658.0  0.03
416  2658.0  0.03
417  2658.0  0.03
418  2658.0  0.03
419  2658.0  0.03
420  2658.0  0.03
421  2658.0  0.03
422  2658.0  0.03
423  2658.0  0.03
424  2658.0  0.03
425  2658.0  0.03
426  2658.0  0.03
427  2658.0  0.03
428  2658.0  0.03
429  2658.0  0.03
430  2658.0  0.03
431  2658.0  0.03
432  2658.0  0.03
433  2658.0  0.03
434  2658.0  0.03
435  2658.0  0.03
436  2658.0  0.03
437  2658.0  0.03
438  2658.0  0.03
439  2658.0  0.03
440  2658.0  0.03
441  2658.0  0.03
442  2658.0  0.03
443  2658.0  0.03
444  2658.0  0.03
445  2658.0  0.03
446  2658.0  0.03
447  2658.0  0.03
448  2658.0  0.03
449  2658.0  0.03
450  2658.0  0.03
451  2658.0  0.03
452  2658.0  0.03
453  2658.0  0.03
454  2658.0  0.03
455  2658.0  0.03
456  2658.0  0.03
457  2658.0  0.03
458  2658.0  0.03
459  2658.0  0.03
460  2658.0  0.03
461  2658.0  0.03
462  2658.0  0.03
463  2658.0  0.03
464  2658.0  0.03
465  2658.0  0.03
466  2658.0  0.03
467  2658.0  0.03
468  2658.0  0.03
469  2658.0  0.03
470  2658.0  0.03
471  2658.0  0.03
472  2658.0  0.03
473  2658.0  0.03
474  2658.0  0.03
475  2658.0  0.03
476  2658.0  0.03
477  2658.0  0.03
478  2658.0  0.03
479  2658.0  0.03
480  2658.0  0.03
481  2658.0  0.03
482  2658.0  0.03
483  2658.0  0.03
484  2658.0  0.03
485  2658.0  0.03
486  2658.0  0.03
487  2658.0  0.03
488  2658.0  0.03
489  2658.0  0.03
490  2658.0  0.03
491  2658.0  0.03
492  2658.0  0.03
493  2658.0  0.03
494  2658.0  0.03
495  2658.0  0.03
496  2658.0  0.03
497  2658.0  0.03
498  2658.0  0.03
499  2658.0  0.03
500  2658.0  0.03
501  2658.0  0.03
502  2658.0  0.03
503  2658.0  0.03
504  2658.0  0.03
505  2658.0  0.03
506  2658.0  0.03
507  2658.0  0.03
508  2658.0  0.03
509  2658.0  0.03
510  2658.0  0.03
511  2658.0  0.03
512  2658.0  0.03
513  2658.0  0.03
514  2658.0  0.03
515  2658.0  0.03
516  2658.0  0.03
517  2658.0  0.03
518  2658.0  0.03
519  2658.0  0.03
520  2658.0  0.03
521  2658.0  0.03
522  2658.0  0.03
523  2658.0  0.03
524  2658.0  0.03
525  2658.0  0.03
526  2658.0  0.03
527  2658.0  0.03
528  2658.0  0.03
529  2658.0  0.03
530  2658.0  0.03
531  2658.0  0.03
532  2658.0  0.03
533  2658.0  0.03
534  2658.0  0.03
535  2658.0  0.03
536  2658.0  0.03
537  2658.0  0.03
538  2658.0  0.03
539  2658.0  0.03
540  2658.0  0.03
541  2658.0  0.03
542  2658.0  0.03
543  2658.0  0.03
544  2658.0  0.03
545  2658.0  0.03
546  2658.0  0.03
547  2658.0  0.03
548  2658.0  0.03
549  2658.0  0.03
550  2658.0  0.03
551  2658.0  0.03
552  2658.0  0.03
553  2658.0  0.03
554  2658.0  0.03
555  2658.0  0.03
556  2658.0  0.03
557  2658.0  0.03
558  2658.0  0.03
559  2658.0  0.03
560  2658.0  0.03
561  2658.0  0.03
562  2658.0  0.03
563  2658.0  0.03
564  2658.0  0.03
565  2658.0  0.03
566  2658.0  0.03
567  2658.0  0.03
568  2658.0  0.03
569  2658.0  0.03
570  2658.0  0.03
571  2658.0  0.03
572  2658.0  0.03
573  2658.0  0.03
574  2658.0  0.03
575  2658.0  0.03
576  2658.0  0.03
577  2658.0  0.03
578  2658.0  0.03
579  2658.0  0.03
580  2658.0  0.03
581  2658.0  0.03
582  2658.0  0.03
583  2658.0  0.03
584  2658.0  0.03
585  2658.0  0.03
586  2658.0  0.03
587  2658.0  0.03
588  2658.0  0.03
589  2658.0  0.03
590  2658.0  0.03
591  2658.0  0.03
592  2658.0  0.03
593  2658.0  0.03
594  2658.0  0.03
595  2658.0  0.03
596  2658.0  0.03
597  2658.0  0.03
598  2658.0  0.03
599  2658.0  0.03
600  2658.0  0.03
601  2658.0  0.03
602  2658.0  0.03
603  2658.0  0.03
604  2658.0  0.03
605  2658.0  0.03
606  2658.0  0.03
607  2658.0  0.03
608  2658.0  0.03
609  2658.0  0.03
610  2658.0  0.03
611  2658.0  0.03
612  2658.0  0.03
613  2658.0  0.03
614  2658.0  0.03
615  2658.0  0.03
616  2658.0  0.03
617  2658.0  0.03
618  2658.0  0.03
619  2658.0  0.03
620  2658.0  0.03
621  2658.0  0.03
622  2658.0  0.03
623  2658.0  0.03
624  2658.0  0.03
625  2658.0  0.03
626  2658.0  0.03
627  2658.0  0.03
628  2658.0  0.03
629  2658.0  0.03
630  2658.0  0.03
631  2658.0  0.03
632  2658.0  0.03
633  2658.0  0.03
634  2658.0  0.03
635  2658.0  0.03
636  2658.0  0.03
637  2658.0  0.03
638  2658.0  0.03
639  2658.0  0.03
640  2658.0  0.03
641  2658.0  0.03
642  2658.0  0.03
643  2658.0  0.03
644  2658.0  0.03
645  2658.0  0.03
646  2658.0  0.03
647  2658.0  0.03
648  2658.0  0.03
649  2658.0  0.03
650  2658.0  0.03
651  2658.0  0.03
652  2658.0  0.03
653  2658.0  0.03
654  2658.0  0.03
655  2658.0  0.03
656  2658.0  0.03
657  2658.0  0.03
658  2658.0  0.03
659  2658.0  0.03
660  2658.0  0.03
661  2658.0  0.03
662  2658.0  0.03
663  2658.0  0.03
664  2658.0  0.03
665  2658.0  0.03
666  2658.0  0.03
667  2658.0  0.03
668  2658.0  0.03
669  2658.0  0.03
670  2658.0  0.03
671  2658.0  0.03
672  2658.0  0.03
673  2658.0  0.03
674  2658.0  0.03
675  2658.0  0.03
676  2658.0  0.03
677  2658.0  0.03
678  2658.0  0.03
679  2658.0  0.03
680  2658.0  0.03
681  2658.0  0.03
682  2658.0  0.03
683  2658.0  0.03
684  2658.0  0.03
685  2658.0  0.03
686  2658.0  0.03
687  2658.0  0.03
688  2658.0  0.03
689  2658.0  0.03
690  2658.0  0.03
691  2658.0  0.03
692  2658.0  0.03
693  2658.0  0.03
694  2658.0  0.03
695  2658.0  0.03
696  2658.0  0.03
697  2658.0  0.03
698  2658.0  0.03
699  2658.0  0.03
700  2658.0  0.03
701  2658.0  0.03
702  2658.0  0.03
703  2658.0  0.03
704  2658.0  0.03
705  2658.0  0.03
706  2658.0  0.03
707  2658.0  0.03
708  2658.0  0.03
709  2658.0  0.03
710  2658.0  0.03
711  2658.0  0.03
712  2658.0  0.03
713  2658.0  0.03
714  2658.0  0.03
715  2658.0  0.03
716  2658.0  0.03
717  2658.0  0.03
718  2658.0  0.03
719  2658.0  0.03
720  2658.0  0.03
721  2658.0  0.03
722  2658.0  0.03
723  2658.0  0.03
724  2658.0  0.03
725  2658.0  0.03
726  2658.0  0.03
727  2658.0  0.03
728  2658.0  0.03
729  2658.0  0.03
730  2658.0  0.03
731  2658.0  0.03
732  2658.0  0.03
733  2658.0  0.03
734  2658.0  0.03
735  2658.0  0.03
736  2658.0  0.03
737  2658.0  0.03
738  2658.0  0.03
739  2658.0  0.03
740  2658.0  0.03
741  2658.0  0.03
742  2658.0  0.03
743  2658.0  0.03
744  2658.0  0.03
745  2658.0  0.03
746  2658.0  0.03
747  2658.0  0.03
748  2658.0  0.03
749  2658.0  0.03
750  2658.0  0.03
751  2658.0  0.03
752  2658.0  0.03
753  2658.0  0.03
754  2658.0  0.03
755  2658.0  0.03
756  2658.0  0.03
757  2658.0  0.03
758  2658.0  0.03
759  2658.0  0.03
760  2658.0  0.03
761  2658.0  0.03
762  2658.0  0.03
763  2658.0  0.03
764  2658.0  0.03
765  2658.0  0.03
766  2658.0  0.03
767  2658.0  0.03
768  2658.0  0.03
769  2658.0  0.03
770  2658.0  0.03
771  2658.0  0.03
772  2658.0  0.03
773  2658.0  0.03
774  2658.0  0.03
775  2658.0  0.03
776  2658.0  0.03
777  2658.0  0.03
778  2658.0  0.03
779  2658.0  0.03
780  2658.0  0.03
781  2658.0  0.03
782  2658.0  0.03
783  2658.0  0.03
784  2658.0  0.03
785  2658.0  0.03
786  2658.0  0.03
787  2658.0  0.03
788  2658.0  0.03
789  2658.0  0.03
790  2658.0  0.03
791  2658.0  0.03
792  2658.0  0.03
793  2658.0  0.03
794  2658.0  0.03
795  2658.0  0.03
796  2658.0  0.03
797  2658.0  0.03
798  2658.0  0.03
799  2658.0  0.03
800  2658.0  0.03
801  2658.0  0.03
802  2658.0  0.03
803  2658.0  0.03
804  2658.0  0.03
805  2658.0  0.03
806  2658.0  0.03
807  2658.0  0.03
808  2658.0  0.03
809  2658.0  0.03
810  2658.0  0.03
811  2658.0  0.03
812  2658.0  0.03
813  2658.0  0.03
814  2658.0  0.03
815  2658.0  0.03
816  2658.0  0.03
817  2658.0  0.03
818  2658.0  0.03
819  2658.0  0.03
820  2658.0  0.03
821  2658.0  0.03
822  2658.0  0.03
823  2658.0  0.03
824  2658.0  0.03
825  2658.0  0.03
826  2658.0  0.03
827  2658.0  0.03
828  2658.0  0.03
829  2658.0  0.03
830  2658.0  0.03
831  2658.0  0.03
832  2658.0  0.03
833  2658.0  0.03
834  2658.0  0.03
835  2658.0  0.03
836  2658.0  0.03
837  2658.0  0.03
838  2658.0  0.03
839  2658.0  0.03
840  2658.0  0.03
841  2658.0  0.03
842  2658.0  0.03
843  2658.0  0.03
844  2658.0  0.03
845  2658.0  0.03
846  2658.0  0.03
847  2658.0  0.03
848  2658.0  0.03
849  2658.0  0.03
850  2658.0  0.03
851  2658.0  0.03
852  2658.0  0.03
853  2658.0  0.03
854  2658.0  0.03
855  2658.0  0.03
856  2658.0  0.03
857  2658.0  0.03
858  2658.0  0.03
859  2658.0  0.03
860  2658.0  0.03
861  2658.0  0.03
862  2658.0  0.03
863  2658.0  0.03
864  2658.0  0.03
865  2658.0  0.03
866  2658.0  0.03
867  2658.0  0.03
868  2658.0  0.03
869  2658.0  0.03
870  2658.0  0.03
871  2658.0  0.03
872  2658.0  0.03
873  2658.0  0.03
874  2658.0  0.03
875  2658.0  0.03
876  2658.0  0.03
877  2658.0  0.03
878  2658.0  0.03
879  2658.0  0.03
880  2658.0  0.03
881  2658.0  0.03
882  2658.0  0.03
883  2658.0  0.03
884  2658.0  0.03
885  2658.0  0.03
886  2658.0  0.03
887  2658.0  0.03
888  2658.0  0.03
889  2658.0  0.03
890  2658.0  0.03
891  2658.0  0.03
892  2658.0  0.03
893  2658.0  0.03
894  2658.0  0.03
895  2658.0  0.03
896  2658.0  0.03
897  2658.0  0.03
898  2658.0  0.03
899  2658.0  0.03
900  2658.0  0.03
901  2658.0  0.03
902  2658.0  0.03
903  2658.0  0.03
904  2658.0  0.03
905  2658.0  0.03
906  2658.0  0.03
907  2658.0  0.03
908  2658.0  0.03
909  2658.0  0.03
910  2658.0  0.03
911  2658.0  0.03
912  2658.0  0.03
913  2658.0  0.03
914  2658.0  0.03
915  2658.0  0.03
916  2658.0  0.03
917  2658.0  0.03
918  2658.0  0.03
919  2658.0  0.03
920  2658.0  0.03
921  2658.0  0.03
922  2658.0  0.03
923  2658.0  0.03
924  2658.0  0.03
925  2658.0  0.03
926  2658.0  0.03
927  2658.0  0.03
928  2658.0  0.03
929  2658.0  0.03
930  2658.0  0.03
931  2658.0  0.03
932  2658.0  0.03
933  2658.0  0.03
934  2658.0  0.03
935  2658.0  0.03
936  2658.0  0.03
937  2658.0  0.03
938  2658.0  0.03
939  2658.0  0.03
940  2658.0  0.03
941  2658.0  0.03
942  2658.0  0.03
943  2658.0  0.03
944  2658.0  0.03
945  2658.0  0.03
946  2658.0  0.03
947  2658.0  0.03
948  2658.0  0.03
949  2658.0  0.03
950  2658.0  0.03
951  2658.0  0.03
952  2658.0  0.03
953  2658.0  0.03
954  2658.0  0.03
955  2658.0  0.03
956  2658.0  0.03
957  2658.0  0.03
958  2658.0  0.03
959  2658.0  0.03
960  2658.0  0.03
961  2658.0  0.03
962  2658.0  0.03
963  2658.0  0.03
964  2658.0  0.03
965  2658.0  0.03
966  2658.0  0.03
967  2658.0  0.03
968  2658.0  0.03
969  2658.0  0.03
970  2658.0  0.03
971  2658.0  0.03
972  2658.0  0.03
973  2658.0  0.03
974  2658.0  0.03
975  2658.0  0.03
976  2658.0  0.03
977  2658.0  0.03
978  2658.0  0.03
979  2658.0  0.03
980  2658.0  0.03
981  2658.0  0.03
982  2658.0  0.03
983  2658.0  0.03
984  2658.0  0.03
985  2658.0  0.03
986  2658.0  0.03
987  2658.0  0.03
988  2658.0  0.03
989  2658.0  0.03
990  2658.0  0.03
991  2658.0  0.03
992  2658.0  0.03
993  2658.0  0.03
994  2658.0  0.03
995  2658.0  0.03
996  2658.0  0.03
997  2658.0  0.03
998  2658.0  0.03
999  2658.0  0.03
1000  2658.0  0.03
1001  2658.0  0.03
1002  2658.0  0.03
1003  2658.0  0.03
1004  2658.0  0.03
1005  2658.0  0.03
1006  2658.0  0.03
1007  2658.0  0.03
1008  2658.0  0.03
1009  2658.0  0.03
1010  2658.0  0.03
1011  2658.0  0.03
1012  2658.0  0.03
1013  2658.0  0.03
1014  2658.0  0.03
1015  2658.0  0.03
1016  2658.0  0.03
1017  2658.0  0.03
1018  2658.0  0.03
1019  2658.0  0.03
1020  2658.0  0.03
1021  2658.0  0.03
1022  2658.0  0.03
1023  2658.0  0.03
1024  2658.0  0.03
1025  2658.0  0.03
1026  2658.0  0.03
1027  2658.0  0.03
1028  2658.0  0.03
1029  2658.0  0.03
1030  2658.0  0.03
1031  2658.0  0.03
1032  2658.0  0.03
1033  2658.0  0.03
1034  2658.0  0.03
1035  2658.0  0.03
1036  2658.0  0.03
1037  2658.0  0.03
1038  2660.0  0.04
1039  2660.0  0.04
1040  2660.0  0.04
1041  2660.0  0.04
1042  2660.0  0.04
1043  2660.0  0.04
1044  2660.0  0.04
1045  2660.0  0.04
1046  2660.0  0.04
1047  2660.0  0.04
1048  2660.0  0.04
1049  2660.0  0.04
1050  2660.0  0.04
1051  2660.0  0.04
1052  2660.0  0.04
1053  2660.0  0.04
1054  2660.0  0.04
1055  2660.0  0.04
1056  2660.0  0.04
1057  2660.0  0.04
1058  2660.0  0.04
1059  2660.0  0.04
1060  2660.0  0.04
1061  2660.0  0.04
1062  2660.0  0.04
1063  2660.0  0.04
1064  2660.0  0.04
1065  2660.0  0.04
1066  2660.0  0.04
1067  2660.0  0.04
1068  2660.0  0.04
1069  2660.0  0.04
1070  2660.0  0.04
1071  2660.0  0.04
1072  2660.0  0.04
1073  2660.0  0.04
1074  2660.0  0.04
1075  2660.0  0.04
1076  2660.0  0.04
1077  2660.0  0.04
1078  2660.0  0.04
1079  2660.0  0.04
1080  2660.0  0.04
1081  2660.0  0.04
1082  2660.0  0.04
1083  2660.0  0.04
1084  2660.0  0.04
1085  2660.0  0.04
1086  2660.0  0.04
1087  2660.0  0.04
1088  2660.0  0.04
1089  2660.0  0.04
1090  2660.0  0.04
1091  2660.0  0.04
1092  2660.0  0.04
1093  2660.0  0.04
1094  2660.0  0.04
1095  2660.0  0.04
1096  2660.0  0.04
1097  2660.0  0.04
1098  2660.0  0.04
1099  2660.0  0.04
1100  2660.0  0.04
1101  2660.0  0.04
1102  2660.0  0.04
1103  2660.0  0.04
1104  2660.0  0.04
1105  2660.0  0.04
1106  2660.0  0.04
1107  2660.0  0.04
1108  2660.0  0.04
1109  2660.0  0.04
1110  2660.0  0.04
1111  2660.0  0.04
1112  2660.0  0.04
1113  2660.0  0.04
1114  2660.0  0.04
1115  2660.0  0.04
1116  2660.0  0.04
1117  2660.0  0.04
1118  2660.0  0.04
1119  2660.0  0.04
1120  2660.0  0.04
1121  2660.0  0.04
1122  2660.0  0.04
1123  2660.0  0.04
1124  2660.0  0.04
1125  2660.0  0.04
1126  2660.0  0.04
1127  2660.0  0.04
1128  2660.0  0.04
1129  2660.0  0.04
1130  2660.0  0.04
1131  2660.0  0.04
1132  2660.0  0.04
1133  2660.0  0.04
1134  2660.0  0.04
1135  2660.0  0.04
1136  2660.0  0.04
1137  2660.0  0.04
1138  2660.0  0.04
1139  2660.0  0.04
1140  2660.0  0.04
1141  2660.0  0.04
1142  2660.0  0.04
1143  2660.0  0.04
1144  2660.0  0.04
1145  2660.0  0.04
1146  2660.0  0.04
1147  2660.0  0.04
1148  2660.0  0.04
1149  2660.0  0.04
1150  2660.0  0.04
1151  2660.0  0.04
1152  2660.0  0.04
1153  2660.0  0.04
1154  2660.0  0.04
1155  2660.0  0.04
1156  2660.0  0.04
1157  2660.0  0.04
1158  2660.0  0.04
1159  2660.0  0.04
1160  2660.0  0.04
1161  2660.0  0.04
1162  2660.0  0.04
1163  2660.0  0.04
1164  2660.0  0.04
1165  2660.0  0.04
1166  2660.0  0.04
1167  2660.0  0.04
1168  2660.0  0.04
1169  2660.0  0.04
1170  2660.0  0.04
1171  2660.0  0.04
1172  2660.0  0.04
1173  2660.0  0.04
1174  2660.0  0.04
1175  2660.0  0.04
1176  2660.0  0.04
1177  2660.0  0.04
1178  2660.0  0.04
1179  2660.0  0.04
1180  2660.0  0.04
1181  2660.0  0.04
1182  2660.0  0.04
1183  2660.0  0.04
1184  2660.0  0.04
1185  2660.0  0.04
1186  2660.0  0.04
1187  2660.0  0.04
1188  2660.0  0.04
1189  2660.0  0.04
1190  2660.0  0.04
1191  2660.0  0.04
1192  2660.0  0.04
1193  2660.0  0.04
1194  2660.0  0.04
1195  2660.0  0.04
1196  2660.0  0.04
1197  2660.0  0.04
1198  2660.0  0.04
1199  2660.0  0.04
1200  2660.0  0.04
1201  2660.0  0.04
1202  2660.0  0.04
1203  2660.0  0.04
1204  2660.0  0.04
1205  2660.0  0.04
1206  2660.0  0.04
1207  2660.0  0.04
1208  2660.0  0.04
1209  2660.0  0.04
1210  2660.0  0.04
1211  2660.0  0.04
1212  2660.0  0.04
1213  2660.0  0.04
1214  2660.0  0.04
1215  2660.0  0.04
1216  2660.0  0.04
1217  2660.0  0.04
1218  2660.0  0.04
1219  2660.0  0.04
1220  2660.0  0.04
1221  2660.0  0.04
1222  2660.0  0.04
1223  2660.0  0.04
1224  2660.0  0.04
1225  2660.0  0.04
1226  2660.0  0.04
1227  2660.0  0.04
1228  2660.0  0.04
1229  2660.0  0.04
1230  2660.0  0.04
1231  2660.0  0.04
1232  2660.0  0.04
1233  2660.0  0.04
1234  2660.0  0.04
1235  2660.0  0.04
1236  2660.0  0.04
1237  2660.0  0.04
1238  2660.0  0.04
1239  2660.0  0.04
1240  2660.0  0.04
1241  2660.0  0.04
1242  2660.0  0.04
1243  2660.0  0.04
1244  2660.0  0.04
1245  2660.0  0.04
1246  2660.0  0.04
1247  2660.0  0.04
1248  2660.0  0.04
1249  2660.0  0.04
1250  2660.0  0.04
1251  2660.0  0.04
1252  2660.0  0.04
1253  2660.0  0.04
1254  2660.0  0.04
1255  2660.0  0.04
1256  2660.0  0.04
1257  2660.0  0.04
1258  2660.0  0.04
1259  2660.0  0.04
1260  2660.0  0.04
1261  2660.0  0.04
1262  2660.0  0.04
1263  2660.0  0.04
1264  2660.0  0.04
1265  2660.0  0.04
1266  2660.0  0.04
1267  2660.0  0.04
1268  2660.0  0.04
1269  2660.0  0.04
1270  2660.0  0.04
1271  2660.0  0.04
1272  2660.0  0.04
1273  2660.0  0.04
1274  2660.0  0.04
1275  2660.0  0.04
1276  2660.0  0.04
1277  2660.0  0.04
1278  2660.0  0.04
1279  2660.0  0.04
1280  2660.0  0.04
1281  2660.0  0.04
1282  2660.0  0.04
1283  2660.0  0.04
1284  2660.0  0.04
1285  2660.0  0.04
1286  2660.0  0.04
1287  2660.0  0.04
1288  2660.0  0.04
1289  2660.0  0.04
1290  2660.0  0.04
1291  2660.0  0.04
1292  2660.0  0.04
1293  2660.0  0.04
1294  2660.0  0.04
1295  2660.0  0.04
1296  2660.0  0.04
1297  2660.0  0.04
1298  2660.0  0.04
1299  2660.0  0.04
1300  2660.0  0.04
1301  2660.0  0.04
1302  2660.0  0.04
1303  2660.0  0.04
1304  2660.0  0.04
1305  2660.0  0.04
1306  2660.0  0.04
1307  2660.0  0.04
1308  2660.0  0.04
1309  2660.0  0.04
1310  2660.0  0.04
1311  2660.0  0.04
1312  2660.0  0.04
1313  2660.0  0.04
1314  2660.0  0.04
1315  2660.0  0.04
1316  2660.0  0.04
1317  2660.0  0.04
1318  2660.0  0.04
1319  2660.0  0.04
1320  2660.0  0.04
1321  2660.0  0.04
1322  2660.0  0.04
1323  2660.0  0.04
1324  2660.0  0.04
1325  2660.0  0.04
1326  2660.0  0.04
1327  2660.0  0.04
1328  2660.0  0.04
1329  2660.0  0.04
1330  2660.0  0.04
1331  2660.0  0.04
1332  2660.0  0.04
1333  2660.0  0.04
1334  2660.0  0.04
1335  2660.0  0.04
1336  2660.0  0.04
1337  2660.0  0.04
1338  2660.0  0.04
1339  2660.0  0.04
1340  2660.0  0.04
1341  2660.0  0.04
1342  2660.0  0.04
1343  2660.0  0.04
1344  2660.0  0.04
1345  2660.0  0.04
1346  2660.0  0.04
1347  2660.0  0.04
1348  2660.0  0.04
1349  2660.0  0.04
1350  2660.0  0.04
1351  2660.0  0.04
1352  2660.0  0.04
1353  2660.0  0.04
1354  2660.0  0.04
1355  2660.0  0.04
1356  2660.0  0.04
1357  2660.0  0.04
1358  2660.0  0.04
1359  2660.0  0.04
1360  2660.0  0.04
1361  2660.0  0.04
1362  2660.0  0.04
1363  2660.0  0.04
1364  2660.0  0.04
1365  2660.0  0.04
1366  2660.0  0.04
1367  2660.0  0.04
1368  2660.0  0.04
1369  2660.0  0.04
1370  2660.0  0.04
1371  2660.0  0.04
1372  2660.0  0.04
1373  2660.0  0.04
1374  2660.0  0.04
1375  2660.0  0.04
1376  2660.0  0.04
1377  2660.0  0.04
1378  2660.0  0.04
1379  2660.0  0.04
1380  2660.0  0.04
1381  2660.0  0.04
1382  2660.0  0.04
1383  2660.0  0.04
1384  2660.0  0.04
1385  2660.0  0.04
1386  2660.0  0.04
1387  2660.0  0.04
1388  2660.0  0.04
1389  2660.0  0.04
1390  2660.0  0.04
1391  2660.0  0.04
1392  2660.0  0.04
1393  2660.0  0.04
1394  2660.0  0.04
1395  2660.0  0.04
1396  2660.0  0.04
1397  2660.0  0.04
1398  2660.0  0.04
1399  2660.0  0.04
1400  2660.0  0.04
1401  2660.0  0.04
1402  2660.0  0.04
1403  2660.0  0.04
1404  2660.0  0.04
1405  2660.0  0.04
1406  2660.0  0.04
1407  2660.0  0.04
1408  2660.0  0.04
1409  2660.0  0.04
1410  2660.0  0.04
1411  2660.0  0.04
1412  2660.0  0.04
1413  2660.0  0.04
1414  2660.0  0.04
1415  2660.0  0.04
1416  2660.0  0.04
1417  2660.0  0.04
1418  2660.0  0.04
1419  2660.0  0.04
1420  2660.0  0.04
1421  2660.0  0.04
1422  2660.0  0.04
1423  2660.0  0.04
1424  2660.0  0.04
1425  2660.0  0.04
1426  2660.0  0.04
1427  2660.0  0.04
1428  2660.0  0.04
1429  2660.0  0.04
1430  2660.0  0.04
1431  2660.0  0.04
1432  2660.0  0.04
1433  2660.0  0.04
1434  2660.0  0.04
1435  2660.0  0.04
1436  2660.0  0.04
1437  2660.0  0.04
1438  2660.0  0.04
1439  2660.0  0.04
1440  2660.0  0.04
1441  2660.0  0.04
1442  2660.0  0.04
1443  2660.0  0.04
1444  2660.0  0.04
1445  2660.0  0.04
1446  2660.0  0.04
1447  2660.0  0.04
1448  2660.0  0.04
1449  2660.0  0.04
1450  2660.0  0.04
1451  2660.0  0.04
1452  2660.0  0.04
1453  2660.0  0.04
1454  2660.0  0.04
1455  2660.0  0.04
1456  2660.0  0.04
1457  2660.0  0.04
1458  2660.0  0.04
1459  2660.0  0.04
1460  2660.0  0.04
1461  2660.0  0.04
1462  2660.0  0.04
1463  2660.0  0.04
1464  2660.0  0.04
1465  2660.0  0.04
1466  2660.0  0.04
1467  2660.0  0.04
1468  2660.0  0.04
1469  2660.0  0.04
1470  2660.0  0.04
1471  2660.0  0.04
1472  2660.0  0.04
1473  2660.0  0.04
1474  2660.0  0.04
1475  2660.0  0.04
1476  2660.0  0.04
1477  2660.0  0.04
1478  2660.0  0.04
1479  2660.0  0.04
1480  2660.0  0.04
1481  2660.0  0.04
1482  2660.0  0.04
1483  2660.0  0.04
1484  2660.0  0.04
1485  2660.0  0.04
1486  2660.0  0.04
1487  2660.0  0.04
1488  2660.0  0.04
1489  2660.0  0.04
1490  2660.0  0.04
1491  2660.0  0.04
1492  2660.0  0.04
1493  2660.0  0.04
1494  2660.0  0.04
1495  2660.0  0.04
1496  2660.0  0.04
1497  2660.0  0.04
1498  2660.0  0.04
1499  2660.0  0.04
1500  2660.0  0.04
1501  2660.0  0.04
1502  2660.0  0.04
1503  2660.0  0.04
1504  2660.0  0.04
1505  2660.0  0.04
1506  2660.0  0.04
1507  2660.0  0.04
1508  2660.0  0.04
1509  2660.0  0.04
1510  2660.0  0.04
1511  2660.0  0.04
1512  2660.0  0.04
1513  2660.0  0.04
1514  2660.0  0.04
1515  2660.0  0.04
1516  2660.0  0.04
1517  2660.0  0.04
1518  2660.0  0.04
1519  2660.0  0.04
1520  2660.0  0.04
1521  2660.0  0.04
1522  2660.0  0.04
1523  2660.0  0.04
1524  2660.0  0.04
1525  2660.0  0.04
1526  2660.0  0.04
1527  2660.0  0.04
1528  2660.0  0.04
1529  2660.0  0.04
1530  2660.0  0.04
1531  2660.0  0.04
1532  2660.0  0.04
1533  2660.0  0.04
1534  2660.0  0.04
1535  2660.0  0.04
1536  2660.0  0.04
1537  2660.0  0.04
1538  2660.0  0.04
1539  2660.0  0.04
1540  2660.0  0.04
1541  2660.0  0.04
1542  2660.0  0.04
1543  2660.0  0.04
1544  2660.0  0.04
1545  2660.0  0.04
1546  2660.0  0.04
1547  2660.0  0.04
1548  2660.0  0.04
1549  2660.0  0.04
1550  2660.0  0.04
1551  2660.0  0.04
1552  2660.0  0.04
1553  2660.0  0.04
1554  2660.0  0.04
1555  2660.0  0.04
1556  2660.0  0.04
1557  2660.0  0.04
1558  2660.0  0.04
1559  2660.0  0.04
1560  2660.0  0.04
1561  2660.0  0.04
1562  2660.0  0.04
1563  2660.0  0.04
1564  2660.0  0.04
1565  2660.0  0.04
1566  2660.0  0.04
1567  2660.0  0.04
1568  2660.0  0.04
1569  2660.0  0.04
1570  2660.0  0.04
1571  2660.0  0.04
1572  2660.0  0.04
1573  2660.0  0.04
1574  2660.0  0.04
1575  2660.0  0.04
1576  2660.0  0.04
1577  2660.0  0.04
1578  2660.0  0.04
1579  2660.0  0.04
1580  2660.0  0.04
1581  2660.0  0.04
1582  2660.0  0.04
1583  2660.0  0.04
1584  2660.0  0.04
1585  2660.0  0.04
1586  2660.0  0.04
1587  2660.0  0.04
1588  2660.0  0.04
1589  2660.0  0.04
1590  2660.0  0.04
1591  2660.0  0.04
1592  2660.0  0.04
1593  2660.0  0.04
1594  2660.0  0.04
1595  2660.0  0.04
1596  2660.0  0.04
1597  2660.0  0.04
1598  2660.0  0.04
1599  2660.0  0.04
1600  2660.0  0.04
1601  2660.0  0.04
1602  2660.0  0.04
1603  2660.0  0.04
1604  2660.0  0.04
1605  2660.0  0.04
1606  2660.0  0.04
1607  2660.0  0.04
1608  2660.0  0.04
1609  2660.0  0.04
1610  2660.0  0.04
1611  2660.0  0.04
1612  2660.0  0.04
1613  2660.0  0.04
1614  2660.0  0.04
1615  2660.0  0.04
1616  2660.0  0.04
1617  2660.0  0.04
1618  2660.0  0.04
1619  2660.0  0.04
1620  2660.0  0.04
1621  2660.0  0.04
1622  2660.0  0.04
1623  2660.0  0.04
1624  2660.0  0.04
1625  2660.0  0.04
1626  2660.0  0.04
1627  2660.0  0.04
1628  2660.0  0.04
1629  2660.0  0.04
1630  2660.0  0.04
1631  2660.0  0.04
1632  2660.0  0.04
1633  2660.0  0.04
1634  2660.0  0.04
1635  2660.0  0.04
1636  2660.0  0.04
1637  2660.0  0.04
1638  2660.0  0.04
1639  2660.0  0.04
1640  2660.0  0.04
1641  2660.0  0.04
1642  2660.0  0.04
1643  2660.0  0.04
1644  2660.0  0.04
1645  2660.0  0.04
1646  2660.0  0.04
1647  2660.0  0.04
1648  2660.0  0.04
1649  2660.0  0.04
1650  2660.0  0.04
1651  2660.0  0.04
1652  2660.0  0.04
1653  2660.0  0.04
1654  2660.0  0.04
1655  2660.0  0.04
1656  2660.0  0.04
1657  2660.0  0.04
1658  2660.0  0.04
1659  2660.0  0.04
1660  2660.0  0.04
1661  2660.0  0.04
1662  2660.0  0.04
1663  2660.0  0.04
1664  2660.0  0.04
1665  2660.0  0.04
1666  2660.0  0.04
1667  2660.0  0.04
1668  2660.0  0.04
1669  2660.0  0.04
1670  2660.0  0.04
1671  2660.0  0.04
1672  2660.0  0.04
1673  2660.0  0.04
1674  2660.0  0.04
1675  2660.0  0.04
1676  2660.0  0.04
1677  2660.0  0.04
1678  2660.0  0.04
1679  2660.0  0.04
1680  2660.0  0.04
1681  2660.0  0.04
1682  2660.0  0.04
1683  2660.0  0.04
1684  2660.0  0.04
1685  2660.0  0.04
1686  2660.0  0.04
1687  2660.0  0.04
1688  2660.0  0.04
1689  2660.0  0.04
1690  2660.0  0.04
1691  2660.0  0.04
1692  2660.0  0.04
1693  2660.0  0.04
1694  2660.0  0.04
1695  2660.0  0.04
1696  2660.0  0.04
1697  2660.0  0.04
1698  2660.0  0.04
1699  2660.0  0.04
1700  2660.0  0.04
1701  2660.0  0.04
1702  2660.0  0.04
1703  2660.0  0.04
1704  2660.0  0.04
1705  2660.0  0.04
1706  2660.0  0.04
1707  2660.0  0.04
1708  2660.0  0.04
1709  2660.0  0.04
1710  2660.0  0.04
1711  2660.0  0.04
1712  2660.0  0.04
1713  2660.0  0.04
1714  2660.0  0.04
1715  2660.0  0.04
1716  2660.0  0.04
1717  2660.0  0.04
1718  2660.0  0.04
1719  2660.0  0.04
1720  2660.0  0.04
1721  2660.0  0.04
1722  2660.0  0.04
1723  2660.0  0.04
1724  2660.0  0.04
1725  2660.0  0.04
1726  2660.0  0.04
1727  2660.0  0.04
1728  2660.0  0.04
1729  2660.0  0.04
1730  2660.0  0.04
1731  2660.0  0.04
1732  2660.0  0.04
1733  2660.0  0.04
1734  2660.0  0.04
1735  2660.0  0.04
1736  2660.0  0.04
1737  2660.0  0.04
1738  2660.0  0.04
1739  2660.0  0.04
1740  2660.0  0.04
1741  2660.0  0.04
1742  2660.0  0.04
1743  2660.0  0.04
1744  2660.0  0.04
1745  2660.0  0.04
1746  2660.0  0.04
1747  2660.0  0.04
1748  2660.0  0.04
1749  2660.0  0.04
1750  2660.0  0.04
1751  2660.0  0.04
1752  2660.0  0.04
1753  2660.0  0.04
1754  2660.0  0.04
1755  2660.0  0.04
1756  2660.0  0.04
1757  2660.0  0.04
1758  2660.0  0.04
1759  2660.0  0.04
1760  2660.0  0.04
1761  2660.0  0.04
1762  2660.0  0.04
1763  2660.0  0.04
1764  2660.0  0.04
1765  2660.0  0.04
1766  2660.0  0.04
1767  2660.0  0.04
1768  2660.0  0.04
1769  2660.0  0.04
1770  2660.0  0.04
1771  2660.0  0.04
1772  2660.0  0.04
1773  2660.0  0.04
1774  2660.0  0.04
1775  2660.0  0.04
1776  2660.0  0.04
1777  2660.0  0.04
1778  2660.0  0.04
1779  2660.0  0.04
1780  2660.0  0.04
1781  2660.0  0.04
1782  2660.0  0.04
1783  2660.0  0.04
1784  2660.0  0.04
1785  2660.0  0.04
1786  2660.0  0.04
1787  2660.0  0.04
1788  2660.0  0.04
1789  2660.0  0.04
1790  2660.0  0.04
1791  2660.0  0.04
1792  2660.0  0.04
1793  2660.0  0.04
1794  2660.0  0.04
1795  2660.0  0.04
1796  2660.0  0.04
1797  2660.0  0.04
1798  2660.0  0.04
1799  2660.0  0.04
1800  2660.0  0.04
1801  2660.0  0.04
1802  2660.0  0.04
1803  2660.0  0.04
1804  2660.0  0.04
1805  2660.0  0.04
1806  2660.0  0.04
1807  2660.0  0.04
1808  2660.0  0.04
1809  2660.0  0.04
1810  2660.0  0.04
1811  2660.0  0.04
1812  2660.0  0.04
1813  2660.0  0.04
1814  2660.0  0.04
1815  2660.0  0.04
1816  2660.0  0.04
1817  2660.0  0.04
1818  2660.0  0.04
1819  2660.0  0.04
1820  2660.0  0.04
1821  2660.0  0.04
1822  2660.0  0.04
1823  2660.0  0.04
1824  2660.0  0.04
1825  2660.0  0.04
1826  2660.0  0.04
1827  2660.0  0.04
1828  2660.0  0.04
1829  2660.0  0.04
1830  2660.0  0.04
1831  2660.0  0.04
1832  2660.0  0.04
1833  2660.0  0.04
1834  2660.0  0.04
1835  2660.0  0.04
1836  2660.0  0.04
1837  2660.0  0.04
1838  2660.0  0.04
1839  2660.0  0.04
1840  2660.0  0.04
1841  2660.0  0.04
1842  2660.0  0.04
1843  2660.0  0.04
1844  2660.0  0.04
1845  2660.0  0.04
1846  2660.0  0.04
1847  2660.0  0.04
1848  2660.0  0.04
1849  2660.0  0.04
1850  2660.0  0.04
1851  2660.0  0.04
1852  2660.0  0.04
1853  2660.0  0.04
1854  2660.0  0.04
1855  2660.0  0.04
1856  2660.0  0.04
1857  2660.0  0.04
1858  2660.0  0.04
1859  2660.0  0.04
1860  2660.0  0.04
1861  2660.0  0.04
1862  2660.0  0.04
1863  2660.0  0.04
1864  2660.0  0.04
1865  2660.0  0.04
1866  2660.0  0.04
1867  2660.0  0.04
1868  2660.0  0.04
1869  2660.0  0.04
1870  2660.0  0.04
1871  2660.0  0.04
1872  2660.0  0.04
1873  2660.0  0.04
1874  2660.0  0.04
1875  2660.0  0.04
1876  2660.0  0.04
1877  2660.0  0.04
1878  2660.0  0.04
1879  2660.0  0.04
1880  2660.0  0.04
1881  2660.0  0.04
1882  2660.0  0.04
1883  2660.0  0.04
1884  2660.0  0.04
1885  2660.0  0.04
1886  2660.0  0.04
1887  2660.0  0.04
1888  2660.0  0.04
1889  2660.0  0.04
1890  2660.0  0.04
1891  2660.0  0.04
1892  2660.0  0.04
1893  2660.0  0.04
1894  2660.0  0.04
1895  2660.0  0.04
1896  2660.0  0.04
1897  2660.0  0.04
1898  2660.0  0.04
1899  2660.0  0.04
1900  2660.0  0.04
1901  2660.0  0.04
1902  2660.0  0.04
1903  2660.0  0.04
1904  2660.0  0.04
1905  2660.0  0.04
1906  2660.0  0.04
1907  2660.0  0.04
1908  2660.0  0.04
1909  2660.0  0.04
1910  2660.0  0.04
1911  2660.0  0.04
1912  2660.0  0.04
1913  2660.0  0.04
1914  2660.0  0.04
1915  2660.0  0.04
1916  2660.0  0.04
1917  2660.0  0.04
1918  2660.0  0.04
1919  2660.0  0.04
1920  2660.0  0.04
1921  2660.0  0.04
1922  2660.0  0.04
1923  2660.0  0.04
1924  2660.0  0.04
1925  2660.0  0.04
1926  2660.0  0.04
1927  2660.0  0.04
1928  2660.0  0.04
1929  2660.0  0.04
1930  2660.0  0.04
1931  2660.0  0.04
1932  2660.0  0.04
1933  2660.0  0.04
1934  2660.0  0.04
1935  2660.0  0.04
1936  2660.0  0.04
1937  2660.0  0.04
1938  2660.0  0.04
1939  2660.0  0.04
1940  2660.0  0.04
1941  2660.0  0.04
1942  2660.0  0.04
1943  2660.0  0.04
1944  2660.0  0.04
1945  2660.0  0.04
1946  2660.0  0.04
1947  2660.0  0.04
1948  2660.0  0.04
1949  2660.0  0.04
1950  2660.0  0.04
1951  2660.0  0.04
1952  2660.0  0.04
1953  2660.0  0.04
1954  2660.0  0.04
1955  2660.0  0.04
1956  2660.0  0.04
1957  2660.0  0.04
1958  2660.0  0.04
1959  2660.0  0.04
1960  2660.0  0.04
1961  2660.0  0.04
1962  2660.0  0.04
1963  2660.0  0.04
1964  2660.0  0.04
1965  2660.0  0.04
1966  2660.0  0.04
1967  2660.0  0.04
1968  2660.0  0.04
1969  2660.0  0.04
1970  2660.0  0.04
1971  2660.0  0.04
1972  2660.0  0.04
1973  2660.0  0.04
1974  2660.0  0.04
1975  2660.0  0.04
1976  2660.0  0.04
1977  2660.0  0.04
1978  2660.0  0.04
1979  2660.0  0.04
1980  2660.0  0.04
1981  2660.0  0.04
1982  2660.0  0.04
1983  2660.0  0.04
1984  2660.0  0.04
1985  2660.0  0.04
1986  2660.0  0.04
1987  2660.0  0.04
1988  2660.0  0.04
1989  2660.0  0.04
1990  2660.0  0.04
1991  2660.0  0.04
1992  2660.0  0.04
1993  2660.0  0.04
1994  2660.0  0.04
1995  2660.0  0.04
1996  2660.0  0.04
1997  2660.0  0.04
1998  2660.0  0.04
1999  2660.0  0.04
2000  2660.0  0.04
2001  2660.0  0.04
2002  2660.0  0.04
2003  2660.0  0.04
2004  2660.0  0.04
2005  2660.0  0.04
2006  2660.0  0.04
2007  2660.0  0.04
2008  2660.0  0.04
2009  2660.0  0.04
2010  2660.0  0.04
2011  2660.0  0.04
2012  2660.0  0.04
2013  2660.0  0.04
2014  2660.0  0.04
2015  2660.0  0.04
2016  2660.0  0.04
2017  2660.0  0.04
2018  2660.0  0.04
2019  2660.0  0.04
2020  2660.0  0.04
2021  2660.0  0.04
2022  2660.0  0.04
2023  2660.0  0.04
2024  2660.0  0.04
2025  2660.0  0.04
2026  2660.0  0.04
2027  2660.0  0.04
2028  2660.0  0.04
2029  2660.0  0.04
2030  2660.0  0.04
2031  2660.0  0.04
2032  2660.0  0.04
2033  2660.0  0.04
2034  2660.0  0.04
2035  2660.0  0.04
2036  2660.0  0.04
2037  2660.0  0.04
2038  2660.0  0.04
2039  2660.0  0.04
2040  2660.0  0.04
2041  2660.0  0.04
2042  2660.0  0.04
2043  2660.0  0.04
2044  2660.0  0.04
2045  2660.0  0.04
2046  2660.0  0.04
2047  2660.0  0.04
2048  2660.0  0.04
2049  2660.0  0.04
2050  2660.0  0.04
2051  2660.0  0.04
2052  2660.0  0.04
2053  2660.0  0.04
2054  2660.0  0.04
2055  2660.0  0.04
2056  2660.0  0.04
2057  2660.0  0.04
2058  2660.0  0.04
2059  2660.0  0.04
2060  2660.0  0.04
2061  2660.0  0.04
2062  2660.0  0.04
2063  2660.0  0.04
2064  2660.0  0.04
2065  2660.0  0.04
2066  2660.0  0.04
2067  2660.0  0.04
2068  2660.0  0.04
2069  2660.0  0.04
2070  2660.0  0.04
2071  2660.0  0.04
2072  2660.0  0.04
2073  2660.0  0.04
2074  2660.0  0.04
2075  2660.0  0.04
2076  2660.0  0.04
2077  2660.0  0.04
2078  2660.0  0.04
2079  2660.0  0.04
2080  2660.0  0.04
2081  2660.0  0.04
2082  2660.0  0.04
2083  2660.0  0.04
2084  2660.0  0.04
2085  2660.0  0.04
2086  2660.0  0.04
2087  2660.0  0.04
2088  2660.0  0.04
2089  2660.0  0.04
2090  2660.0  0.04
2091  2660.0  0.04
2092  2660.0  0.04
2093  2660.0  0.04
2094  2660.0  0.04
2095  2660.0  0.04
2096  2660.0  0.04
2097  2660.0  0.04
2098  2660.0  0.04
2099  2660.0  0.04
2100  2660.0  0.04
2101  2660.0  0.04
2102  2660.0  0.04
2103  2660.0  0.04
2104  2660.0  0.04
2105  2660.0  0.04
2106  2660.0  0.04
2107  2660.0  0.04
2108  2660.0  0.04
2109  2660.0  0.04
2110  2660.0  0.04
2111  2660.0  0.04
2112  2660.0  0.04
2113  2660.0  0.04
2114  2660.0  0.04
2115  2660.0  0.04
2116  2660.0  0.04
2117  2660.0  0.04
2118  2660.0  0.04
2119  2660.0  0.04
2120  2660.0  0.04
2121  2660.0  0.04
2122  2660.0  0.04
2123  2660.0  0.04
2124  2660.0  0.04
2125  2660.0  0.04
2126  2660.0  0.04
2127  2660.0  0.04
2128  2660.0  0.04
2129  2660.0  0.04
2130  2660.0  0.04
2131  2660.0  0.04
2132  2660.0  0.04
2133  2660.0  0.04
2134  2660.0  0.04
2135  2660.0  0.04
2136  2660.0  0.04
2137  2660.0  0.04
2138  2660.0  0.04
2139  2660.0  0.04
2140  2660.0  0.04
2141  2660.0  0.04
2142  2660.0  0.04
2143  2660.0  0.04
2144  2660.0  0.04
2145  2660.0  0.04
2146  2660.0  0.04
2147  2660.0  0.04
2148  2660.0  0.04
2149  2660.0  0.04
2150  2660.0  0.04
2151  2660.0  0.04
2152  2660.0  0.04
2153  2660.0  0.04
2154  2660.0  0.04
2155  2660.0  0.04
2156  2660.0  0.04
2157  2660.0  0.04
2158  2660.0  0.04
2159  2660.0  0.04
2160  2660.0  0.04
2161  2660.0  0.04
2162  2660.0  0.04
2163  2660.0  0.04
2164  2660.0  0.04
2165  2660.0  0.04
2166  2660.0  0.04
2167  2660.0  0.04
2168  2660.0  0.04
2169  2660.0  0.04
2170  2660.0  0.04
2171  2660.0  0.04
2172  2660.0  0.04
2173  2660.0  0.04
2174  2660.0  0.04
2175  2660.0  0.04
2176  2660.0  0.04
2177  2660.0  0.04
2178  2660.0  0.04
2179  2660.0  0.04
2180  2660.0  0.04
2181  2660.0  0.04
2182  2660.0  0.04
2183  2660.0  0.04
2184  2660.0  0.04
2185  2660.0  0.04
2186  2660.0  0.04
2187  2660.0  0.04
2188  2660.0  0.04
2189  2660.0  0.04
2190  2660.0  0.04
2191  2660.0  0.04
2192  2660.0  0.04
2193  2660.0  0.04
2194  2660.0  0.04
2195  2660.0  0.04
2196  2660.0  0.04
2197  2660.0  0.04
2198  2660.0  0.04
2199  2660.0  0.04
2200  2660.0  0.04
2201  2660.0  0.04
2202  2660.0  0.04
2203  2660.0  0.04
2204  2660.0  0.04
2205  2660.0  0.04
2206  2660.0  0.04
2207  2660.0  0.04
2208  2660.0  0.04
2209  2660.0  0.04
2210  2660.0  0.04
2211  2660.0  0.04
2212  2660.0  0.04
2213  2660.0  0.04
2214  2660.0  0.04
2215  2660.0  0.04
2216  2660.0  0.04
2217  2660.0  0.04
2218  2660.0  0.04
2219  2660.0  0.04
2220  2660.0  0.04
2221  2660.0  0.04
2222  2660.0  0.04
2223  2660.0  0.04
2224  2660.0  0.04
2225  2660.0  0.04
2226  2660.0  0.04
2227  2660.0  0.04
2228  2660.0  0.04
2229  2660.0  0.04
2230  2660.0  0.04
2231  2660.0  0.04
2232  2660.0  0.04
2233  2660.0  0.04
2234  2660.0  0.04
2235  2660.0  0.04
2236  2660.0  0.04
2237  2660.0  0.04
2238  2660.0  0.04
2239  2660.0  0.04
2240  2660.0  0.04
2241  2660.0  0.04
2242  2660.0  0.04
2243  2660.0  0.04
2244  2660.0  0.04
2245  2660.0  0.04
2246  2660.0  0.04
2247  2660.0  0.04
2248  2660.0  0.04
2249  2660.0  0.04
2250  2660.0  0.04
2251  2660.0  0.04
2252  2660.0  0.04
2253  2660.0  0.04
2254  2660.0  0.04
2255  2660.0  0.04
2256  2660.0  0.04
2257  2660.0  0.04
2258  2660.0  0.04
2259  2660.0  0.04
2260  2660.0  0.04
2261  2660.0  0.04
2262  2660.0  0.04
2263  2660.0  0.04
2264  2660.0  0.04
2265  2660.0  0.04
2266  2660.0  0.04
2267  2660.0  0.04
2268  2660.0  0.04
2269  2660.0  0.04
2270  2660.0  0.04
2271  2660.0  0.04
2272  2660.0  0.04
2273  2660.0  0.04
2274  2660.0  0.04
2275  2660.0  0.04
2276  2660.0  0.04
2277  2660.0  0.04
2278  2660.0  0.04
2279  2660.0  0.04
2280  2660.0  0.04
2281  2660.0  0.04
2282  2660.0  0.04
2283  2660.0  0.04
2284  2660.0  0.04
2285  2660.0  0.04
2286  2660.0  0.04
2287  2660.0  0.04
2288  2660.0  0.04
2289  2660.0  0.04
2290  2660.0  0.04
2291  2660.0  0.04
2292  2660.0  0.04
2293  2660.0  0.04
2294  2660.0  0.04
2295  2660.0  0.04
2296  2660.0  0.04
2297  2660.0  0.04
2298  2660.0  0.04
2299  2660.0  0.04
2300  2660.0  0.04
2301  2660.0  0.04
2302  2660.0  0.04
2303  2660.0  0.04
2304  2660.0  0.04
2305  2660.0  0.04
2306  2660.0  0.04
2307  2660.0  0.04
2308  2660.0  0.04
2309  2660.0  0.04
2310  2660.0  0.04
2311  2660.0  0.04
2312  2660.0  0.04
2313  2660.0  0.04
2314  2660.0  0.04
2315  2660.0  0.04
2316  2660.0  0.04
2317  2660.0  0.04
2318  2660.0  0.04
2319  2660.0  0.04
2320  2660.0  0.04
2321  2660.0  0.04
2322  2660.0  0.04
2323  2660.0  0.04
2324  2660.0  0.04
2325  2660.0  0.04
2326  2660.0  0.04
2327  2660.0  0.04
2328  2660.0  0.04
2329  2660.0  0.04
2330  2660.0  0.04
2331  2660.0  0.04
2332  2660.0  0.04
2333  2660.0  0.04
2334  2660.0  0.04
2335  2660.0  0.04
2336  2660.0  0.04
2337  2660.0  0.04
2338  2660.0  0.04
2339  2660.0  0.04
2340  2660.0  0.04
2341  2660.0  0.04
2342  2660.0  0.04
2343  2660.0  0.04
2344  2660.0  0.04
2345  2660.0  0.04
2346  2660.0  0.04
2347  2660.0  0.04
2348  2660.0  0.04
2349  2660.0  0.04
2350  2660.0  0.04
2351  2660.0  0.04
2352  2660.0  0.04
2353  2660.0  0.04
2354  2660.0  0.04
2355  2660.0  0.04
2356  2660.0  0.04
2357  2660.0  0.04
2358  2660.0  0.04
2359  2660.0  0.04
2360  2660.0  0.04
2361  2660.0  0.04
2362  2660.0  0.04
2363  2660.0  0.04
2364  2660.0  0.04
2365  2660.0  0.04
2366  2660.0  0.04
2367  2660.0  0.04
2368  2660.0  0.04
2369  2660.0  0.04
2370  2660.0  0.04
2371  2660.0  0.04
2372  2660.0  0.04
2373  2660.0  0.04
2374  2660.0  0.04
2375  2660.0  0.04
2376  2660.0  0.04
2377  2660.0  0.04
2378  2660.0  0.04
2379  2660.0  0.04
2380  2660.0  0.04
2381  2660.0  0.04
2382  2660.0  0.04
2383  2660.0  0.04
2384  2660.0  0.04
2385  2660.0  0.04
2386  2660.0  0.04
2387  2660.0  0.04
2388  2660.0  0.04
2389  2660.0  0.04
2390  2660.0  0.04
2391  2660.0  0.04
2392  2660.0  0.04
2393  2660.0  0.04
2394  2660.0  0.04
2395  2660.0  0.04
2396  2660.0  0.04
2397  2660.0  0.04
2398  2660.0  0.04
2399  2660.0  0.04
2400  2660.0  0.04
2401  2660.0  0.04
2402  2660.0  0.04
2403  2660.0  0.04
2404  2660.0  0.04
2405  2660.0  0.04
2406  2660.0  0.04
2407  2660.0  0.04
2408  2660.0  0.04
2409  2660.0  0.04
2410  2660.0  0.04
2411  2660.0  0.04
2412  2660.0  0.04
2413  2660.0  0.04
2414  2660.0  0.04
2415  2660.0  0.04
2416  2660.0  0.04
2417  2660.0  0.04
2418  2690.0  0.05
2419  2690.0  0.05
2420  2690.0  0.05
2421  2690.0  0.05
2422  2690.0  0.05
2423  2690.0  0.05
2424  2690.0  0.05
2425  2690.0  0.05
2426  2690.0  0.05
2427  2690.0  0.05
2428  2690.0  0.05
2429  2690.0  0.05
2430  2690.0  0.05
2431  2690.0  0.05
2432  2690.0  0.05
2433  2690.0  0.05
2434  2690.0  0.05
2435  2690.0  0.05
2436  2690.0  0.05
2437  2690.0  0.05
2438  2690.0  0.05
2439  2690.0  0.05
2440  2690.0  0.05
2441  2690.0  0.05
2442  2690.0  0.05
2443  2690.0  0.05
2444  2690.0  0.05
2445  2690.0  0.05
2446  2690.0  0.05
2447  2690.0  0.05
2448  2690.0  0.05
2449  2690.0  0.05
2450  2690.0  0.05
2451  2690.0  0.05
2452  2690.0  0.05
2453  2690.0  0.05
2454  2690.0  0.05
2455  2690.0  0.05
2456  2690.0  0.05
2457  2690.0  0.05
2458  2690.0  0.05
2459  2690.0  0.05
2460  2690.0  0.05
2461  2690.0  0.05
2462  2690.0  0.05
2463  2690.0  0.05
2464  2690.0  0.05
2465  2690.0  0.05
2466  2690.0  0.05
2467  2690.0  0.05
2468  2690.0  0.05
2469  2690.0  0.05
2470  2690.0  0.05
2471  2690.0  0.05
2472  2690.0  0.05
2473  2690.0  0.05
2474  2690.0  0.05
2475  2690.0  0.05
2476  2690.0  0.05
2477  2690.0  0.05
2478  2690.0  0.05
2479  2690.0  0.05
2480  2690.0  0.05
2481  2690.0  0.05
2482  2690.0  0.05
2483  2690.0  0.05
2484  2690.0  0.05
2485  2690.0  0.05
2486  2690.0  0.05
2487  2690.0  0.05
2488  2690.0  0.05
2489  2690.0  0.05
2490  2690.0  0.05
2491  2690.0  0.05
2492  2690.0  0.05
2493  2690.0  0.05
2494  2690.0  0.05
2495  2690.0  0.05
2496  2690.0  0.05
2497  2690.0  0.05
2498  2690.0  0.05
2499  2690.0  0.05
2500  2690.0  0.05
2501  2690.0  0.05
2502  2690.0  0.05
2503  2690.0  0.05
2504  2690.0  0.05
2505  2690.0  0.05
2506  2690.0  0.05
2507  2690.0  0.05
2508  2690.0  0.05
2509  2690.0  0.05
2510  2690.0  0.05
2511  2690.0  0.05
2512  2690.0  0.05
2513  2690.0  0.05
2514  2690.0  0.05
2515  2690.0  0.05
2516  2690.0  0.05
2517  2690.0  0.05
2518  2690.0  0.05
2519  2690.0  0.05
2520  2690.0  0.05
2521  2690.0  0.05
2522  2690.0  0.05
2523  2690.0  0.05
2524  2690.0  0.05
2525  2690.0  0.05
2526  2690.0  0.05
2527  2690.0  0.05
2528  2690.0  0.05
2529  2690.0  0.05
2530  2690.0  0.05
2531  2690.0  0.05
2532  2690.0  0.05
2533  2690.0  0.05
2534  2690.0  0.05
2535  2690.0  0.05
2536  2690.0  0.05
2537  2690.0  0.05
2538  2690.0  0.05
2539  2690.0  0.05
2540  2690.0  0.05
2541  2690.0  0.05
2542  2690.0  0.05
2543  2690.0  0.05
2544  2690.0  0.05
2545  2690.0  0.05
2546  2690.0  0.05
2547  2690.0  0.05
2548  2690.0  0.05
2549  2690.0  0.05
2550  2690.0  0.05
2551  2690.0  0.05
2552  2690.0  0.05
2553  2690.0  0.05
2554  2690.0  0.05
2555  2690.0  0.05
2556  2690.0  0.05
2557  2690.0  0.05
2558  2690.0  0.05
2559  2690.0  0.05
2560  2690.0  0.05
2561  2690.0  0.05
2562  2690.0  0.05
2563  2690.0  0.05
2564  2690.0  0.05
2565  2690.0  0.05
2566  2690.0  0.05
2567  2690.0  0.05
2568  2690.0  0.05
2569  2690.0  0.05
2570  2690.0  0.05
2571  2690.0  0.05
2572  2690.0  0.05
2573  2690.0  0.05
2574  2690.0  0.05
2575  2690.0  0.05
2576  2690.0  0.05
2577  2690.0  0.05
2578  2690.0  0.05
2579  2690.0  0.05
2580  2690.0  0.05
2581  2690.0  0.05
2582  2690.0  0.05
2583  2690.0  0.05
2584  2690.0  0.05
2585  2690.0  0.05
2586  2690.0  0.05
2587  2690.0  0.05
2588  2690.0  0.05
2589  2690.0  0.05
2590  2690.0  0.05
2591  2690.0  0.05
2592  2690.0  0.05
2593  2690.0  0.05
2594  2690.0  0.05
2595  2690.0  0.05
2596  2690.0  0.05
2597  2690.0  0.05
2598  2690.0  0.05
2599  2690.0  0.05
2600  2690.0  0.05
2601  2690.0  0.05
2602  2690.0  0.05
2603  2690.0  0.05
2604  2690.0  0.05
2605  2690.0  0.05
2606  2690.0  0.05
2607  2690.0  0.05
2608  2690.0  0.05
2609  2690.0  0.05
2610  2690.0  0.05
2611  2690.0  0.05
2612  2690.0  0.05
2613  2690.0  0.05
2614  2690.0  0.05
2615  2690.0  0.05
2616  2690.0  0.05
2617  2690.0  0.05
2618  2690.0  0.05
2619  2690.0  0.05
2620  2690.0  0.05
2621  2690.0  0.05
2622  2690.0  0.05
2623  2690.0  0.05
2624  2690.0  0.05
2625  2690.0  0.05
2626  2690.0  0.05
2627  2690.0  0.05
2628  2690.0  0.05
2629  2690.0  0.05
2630  2690.0  0.05
2631  2690.0  0.05
2632  2690.0  0.05
2633  2690.0  0.05
2634  2690.0  0.05
2635  2690.0  0.05
2636  2690.0  0.05
2637  2690.0  0.05
2638  2690.0  0.05
2639  2690.0  0.05
2640  2690.0  0.05
2641  2690.0  0.05
2642  2690.0  0.05
2643  2690.0  0.05
2644  2690.0  0.05
2645  2690.0  0.05
2646  2690.0  0.05
2647  2690.0  0.05
2648  2690.0  0.05
2649  2690.0  0.05
2650  2690.0  0.05
2651  2690.0  0.05
2652  2690.0  0.05
2653  2690.0  0.05
2654  2690.0  0.05
2655  2690.0  0.05
2656  2690.0  0.05
2657  2690.0  0.05
2658  2690.0  0.05
2659  2690.0  0.05
2660  2690.0  0.05
2661  2690.0  0.05
2662  2690.0  0.05
2663  2690.0  0.05
2664  2690.0  0.05
2665  2690.0  0.05
2666  2690.0  0.05
2667  2690.0  0.05
2668  2690.0  0.05
2669  2690.0  0.05
2670  2690.0  0.05
2671  2690.0  0.05
2672  2690.0  0.05
2673  2690.0  0.05
2674  2690.0  0.05
2675  2690.0  0.05
2676  2690.0  0.05
2677  2690.0  0.05
2678  2690.0  0.05
2679  2690.0  0.05
2680  2690.0  0.05
2681  2690.0  0.05
2682  2690.0  0.05
2683  2690.0  0.05
2684  2690.0  0.05
2685  2690.0  0.05
2686  2690.0  0.05
2687  2690.0  0.05
2688  2690.0  0.05
2689  2690.0  0.05
2690  2690.0  0.05
2691  2690.0  0.05
2692  2690.0  0.05
2693  2690.0  0.05
2694  2690.0  0.05
2695  2690.0  0.05
2696  2690.0  0.05
2697  2690.0  0.05
2698  2690.0  0.05
2699  2690.0  0.05
2700  2690.0  0.05
2701  2690.0  0.05
2702  2690.0  0.05
2703  2690.0  0.05
2704  2690.0  0.05
2705  2690.0  0.05
2706  2690.0  0.05
2707  2690.0  0.05
2708  2690.0  0.05
2709  2690.0  0.05
2710  2690.0  0.05
2711  2690.0  0.05
2712  2690.0  0.05
2713  2690.0  0.05
2714  2690.0  0.05
2715  2690.0  0.05
2716  2690.0  0.05
2717  2690.0  0.05
2718  2690.0  0.05
2719  2690.0  0.05
2720  2690.0  0.05
2721  2690.0  0.05
2722  2690.0  0.05
2723  2690.0  0.05
2724  2690.0  0.05
2725  2690.0  0.05
2726  2690.0  0.05
2727  2690.0  0.05
2728  2690.0  0.05
2729  2690.0  0.05
2730  2690.0  0.05
2731  2690.0  0.05
2732  2690.0  0.05
2733  2690.0  0.05
2734  2690.0  0.05
2735  2690.0  0.05
2736  2690.0  0.05
2737  2690.0  0.05
2738  2690.0  0.05
2739  2690.0  0.05
2740  2690.0  0.05
2741  2690.0  0.05
2742  2690.0  0.05
2743  2690.0  0.05
2744  2690.0  0.05
2745  2690.0  0.05
2746  2690.0  0.05
2747  2690.0  0.05
2748  2690.0  0.05
2749  2690.0  0.05
2750  2690.0  0.05
2751  2690.0  0.05
2752  2690.0  0.05
2753  2690.0  0.05
2754  2690.0  0.05
2755  2690.0  0.05
2756  2690.0  0.05
2757  2690.0  0.05
2758  2690.0  0.05
2759  2690.0  0.05
2760  2690.0  0.05
2761  2690.0  0.05
2762  2690.0  0.05
2763  2690.0  0.05
2764  2690.0  0.05
2765  2690.0  0.05
2766  2690.0  0.05
2767  2690.0  0.05
2768  2690.0  0.05
2769  2690.0  0.05
2770  2690.0  0.05
2771  2690.0  0.05
2772  2690.0  0.05
2773  2690.0  0.05
2774  2690.0  0.05
2775  2690.0  0.05
2776  2690.0  0.05
2777  2690.0  0.05
2778  2690.0  0.05
2779  2690.0  0.05
2780  2690.0  0.05
2781  2690.0  0.05
2782  2690.0  0.05
2783  2690.0  0.05
2784  2690.0  0.05
2785  2690.0  0.05
2786  2690.0  0.05
2787  2690.0  0.05
2788  2690.0  0.05
2789  2690.0  0.05
2790  2690.0  0.05
2791  2690.0  0.05
2792  2690.0  0.05
2793  2690.0  0.05
2794  2690.0  0.05
2795  2690.0  0.05
2796  2690.0  0.05
2797  2690.0  0.05
2798  2690.0  0.05
2799  2690.0  0.05
2800  2690.0  0.05
2801  2690.0  0.05
2802  2690.0  0.05
2803  2690.0  0.05
2804  2690.0  0.05
2805  2690.0  0.05
2806  2690.0  0.05
2807  2690.0  0.05
2808  2690.0  0.05
2809  2690.0  0.05
2810  2690.0  0.05
2811  2690.0  0.05
2812  2690.0  0.05
2813  2690.0  0.05
2814  2690.0  0.05
2815  2690.0  0.05
2816  2690.0  0.05
2817  2690.0  0.05
2818  2690.0  0.05
2819  2690.0  0.05
2820  2690.0  0.05
2821  2690.0  0.05
2822  2690.0  0.05
2823  2690.0  0.05
2824  2690.0  0.05
2825  2690.0  0.05
2826  2690.0  0.05
2827  2690.0  0.05
2828  2690.0  0.05
2829  2690.0  0.05
2830  2690.0  0.05
2831  2690.0  0.05
2832  2690.0  0.05
2833  2690.0  0.05
2834  2690.0  0.05
2835  2690.0  0.05
2836  2690.0  0.05
2837  2690.0  0.05
2838  2690.0  0.05
2839  2690.0  0.05
2840  2690.0  0.05
2841  2690.0  0.05
2842  2690.0  0.05
2843  2690.0  0.05
2844  2690.0  0.05
2845  2690.0  0.05
2846  2690.0  0.05
2847  2690.0  0.05
2848  2690.0  0.05
2849  2690.0  0.05
2850  2690.0  0.05
2851  2690.0  0.05
2852  2690.0  0.05
2853  2690.0  0.05
2854  2690.0  0.05
2855  2690.0  0.05
2856  2690.0  0.05
2857  2690.0  0.05
2858  2690.0  0.05
2859  2690.0  0.05
2860  2690.0  0.05
2861  2690.0  0.05
2862  2690.0  0.05
2863  2690.0  0.05
2864  2690.0  0.05
2865  2690.0  0.05
2866  2690.0  0.05
2867  2690.0  0.05
2868  2690.0  0.05
2869  2690.0  0.05
2870  2690.0  0.05
2871  2690.0  0.05
2872  2690.0  0.05
2873  2690.0  0.05
2874  2690.0  0.05
2875  2690.0  0.05
2876  2690.0  0.05
2877  2690.0  0.05
2878  2690.0  0.05
2879  2690.0  0.05
2880  2690.0  0.05
2881  2690.0  0.05
2882  2690.0  0.05
2883  2690.0  0.05
2884  2690.0  0.05
2885  2690.0  0.05
2886  2690.0  0.05
2887  2690.0  0.05
2888  2690.0  0.05
2889  2690.0  0.05
2890  2690.0  0.05
2891  2690.0  0.05
2892  2690.0  0.05
2893  2690.0  0.05
2894  2690.0  0.05
2895  2690.0  0.05
2896  2690.0  0.05
2897  2690.0  0.05
2898  2690.0  0.05
2899  2690.0  0.05
2900  2690.0  0.05
2901  2690.0  0.05
2902  2690.0  0.05
2903  2690.0  0.05
2904  2690.0  0.05
2905  2690.0  0.05
2906  2690.0  0.05
2907  2690.0  0.05
2908  2690.0  0.05
2909  2690.0  0.05
2910  2690.0  0.05
2911  2690.0  0.05
2912  2690.0  0.05
2913  2690.0  0.05
2914  2690.0  0.05
2915  2690.0  0.05
2916  2690.0  0.05
2917  2690.0  0.05
2918  2690.0  0.05
2919  2690.0  0.05
2920  2690.0  0.05
2921  2690.0  0.05
2922  2690.0  0.05
2923  2690.0  0.05
2924  2690.0  0.05
2925  2690.0  0.05
2926  2690.0  0.05
2927  2690.0  0.05
2928  2690.0  0.05
2929  2690.0  0.05
2930  2690.0  0.05
2931  2690.0  0.05
2932  2690.0  0.05
2933  2690.0  0.05
2934  2690.0  0.05
2935  2690.0  0.05
2936  2690.0  0.05
2937  2690.0  0.05
2938  2690.0  0.05
2939  2690.0  0.05
2940  2690.0  0.05
2941  2690.0  0.05
2942  2690.0  0.05
2943  2690.0  0.05
2944  2690.0  0.05
2945  2690.0  0.05
2946  2690.0  0.05
2947  2690.0  0.05
2948  2690.0  0.05
2949  2690.0  0.05
2950  2690.0  0.05
2951  2690.0  0.05
2952  2690.0  0.05
2953  2690.0  0.05
2954  2690.0  0.05
2955  2690.0  0.05
2956  2690.0  0.05
2957  2690.0  0.05
2958  2690.0  0.05
2959  2690.0  0.05
2960  2690.0  0.05
2961  2690.0  0.05
2962  2690.0  0.05
2963  2690.0  0.05
2964  2690.0  0.05
2965  2690.0  0.05
2966  2690.0  0.05
2967  2690.0  0.05
2968  2690.0  0.05
2969  2690.0  0.05
2970  2690.0  0.05
2971  2690.0  0.05
2972  2690.0  0.05
2973  2690.0  0.05
2974  2690.0  0.05
2975  2690.0  0.05
2976  2690.0  0.05
2977  2690.0  0.05
2978  2690.0  0.05
2979  2690.0  0.05
2980  2690.0  0.05
2981  2690.0  0.05
2982  2690.0  0.05
2983  2690.0  0.05
2984  2690.0  0.05
2985  2690.0  0.05
2986  2690.0  0.05
2987  2690.0  0.05
2988  2690.0  0.05
2989  2690.0  0.05
2990  2690.0  0.05
2991  2690.0  0.05
2992  2690.0  0.05
2993  2690.0  0.05
2994  2690.0  0.05
2995  2690.0  0.05
2996  2690.0  0.05
2997  2690.0  0.05
2998  2690.0  0.05
2999  2690.0  0.05
#[-3, 9, 9, 9, 9, 9, 9, 9, 9, 9]
#[7, 9, 9, 9, 9, 9, 9, 9, 9, 9]
#[-2, 9, 9, 9, 9, 9, 9, 9, 9, 9]
#[9, 9, 9, 9, 9, 9, 9, 9, 9, 9]
#[-3, 9, 9, 9, 9, 9, 9, 9, 9, 9]
#[-7, 5, 9, 9, 9, 9, 9, 9, 9, 9]
#[5, 9, 9, 9, 9, 9, 9, 9, 9, 9]
#[-7, 9, 9, 9, 9, 9, 9, 9, 9, 9]
#[9, 9, 9, 9, 9, 9, 9, 9, 9, 9]
#Specialization index= [3, 9, 0.12195121951219512]
