#[6, 6, 5, 7, 0, 7, 5, 5, 9, 3]
#[8, 5, 3, 7, 4, 4, 7, 6, 9, 0]
#[3, 3, 7, 8, 2, 2, 4, 5, 9, 7]
#[3, 8, 2, 6, 6, 5, 6, 1, 8, 4]
#[0, 7, 1, 3, 8, 0, 2, 1, 1, 9]
#[5, 1, 8, 0, 6, 8, 5, 9, 2, 3]
#[3, 9, 7, 1, 9, 9, 8, 2, 7, 0]
#[1, 9, 7, 8, 5, 2, 4, 6, 3, 5]
#[1, 3, 9, 6, 6, 2, 7, 4, 8, 9]
0  5548.0  0.0
1  5548.0  0.0
2  5548.0  0.0
3  5548.0  0.0
4  5548.0  0.0
5  5548.0  0.0
6  5548.0  0.0
7  6328.52148438  0.18
8  6327.81744385  0.18
9  6327.53058338  0.18
10  6327.41370255  0.18
11  6327.36607964  0.18
12  6327.34667576  0.18
13  6327.33876968  0.18
14  6327.33554837  0.18
15  6327.33423584  0.18
16  6327.33370106  0.18
17  6327.33348316  0.18
18  6327.33339438  0.18
19  6327.33335821  0.18
20  6327.33334347  0.18
21  6327.33333746  0.18
22  6327.33333502  0.18
23  6327.33333402  0.18
24  6327.33333361  0.18
25  6327.33333345  0.18
26  6327.33333338  0.18
27  6327.33333335  0.18
28  6327.33333334  0.18
29  6327.33333334  0.18
30  6327.33333333  0.18
31  6327.33333333  0.18
32  6327.33333333  0.18
33  6327.33333333  0.18
34  6327.33333333  0.18
35  6327.33333333  0.18
36  6327.33333333  0.18
37  6327.33333333  0.18
38  6327.33333333  0.18
39  6327.33333333  0.18
40  6327.33333333  0.18
41  6327.33333333  0.18
42  6327.33333333  0.18
43  6327.33333333  0.18
44  6327.33333333  0.18
45  6327.33333333  0.18
46  6327.33333333  0.18
47  6327.33333333  0.18
48  6327.33333333  0.18
49  6327.33333333  0.18
50  6327.33333333  0.18
51  6327.33333333  0.18
52  6327.33333333  0.18
53  6327.33333333  0.18
54  6327.33333333  0.18
55  6327.33333333  0.18
56  6327.33333333  0.18
57  6327.33333333  0.18
58  6327.33333333  0.18
59  6327.33333333  0.18
60  6327.33333333  0.18
61  6327.33333333  0.18
62  6327.33333333  0.18
63  6327.33333333  0.18
64  6327.33333333  0.18
65  6327.33333333  0.18
66  6327.33333333  0.18
67  6327.33333333  0.18
68  6327.33333333  0.18
69  6327.33333333  0.18
70  6327.33333333  0.18
71  6327.33333333  0.18
72  6327.33333333  0.18
73  6327.33333333  0.18
74  6327.33333333  0.18
75  6327.33333333  0.18
76  6327.33333333  0.18
77  6327.33333333  0.18
78  6327.33333333  0.18
79  6327.33333333  0.18
80  6327.33333333  0.18
81  6327.33333333  0.18
82  6327.33333333  0.18
83  6327.33333333  0.18
84  6327.33333333  0.18
85  6327.33333333  0.18
86  6500.0  0.19
87  6500.0  0.19
88  6500.0  0.19
89  6500.0  0.19
90  6500.0  0.19
91  6500.0  0.19
92  6500.0  0.19
93  6500.0  0.19
94  6500.0  0.19
95  6500.0  0.19
96  6500.0  0.19
97  6500.0  0.19
98  6500.0  0.19
99  6500.0  0.19
100  6500.0  0.19
101  6500.0  0.19
102  6500.0  0.19
103  6500.0  0.19
104  6500.0  0.19
105  6500.0  0.19
106  6500.0  0.19
107  6500.0  0.19
108  6500.0  0.19
109  6500.0  0.19
110  6500.0  0.19
111  6500.0  0.19
112  6500.0  0.19
113  6500.0  0.19
114  6500.0  0.19
115  6500.0  0.19
116  6500.0  0.19
117  6500.0  0.19
118  6500.0  0.19
119  6500.0  0.19
120  6500.0  0.19
121  6500.0  0.19
122  6500.0  0.19
123  6500.0  0.19
124  6500.0  0.19
125  6500.0  0.19
126  6500.0  0.19
127  6500.0  0.19
128  6500.0  0.19
129  6500.0  0.19
130  6500.0  0.19
131  6500.0  0.19
132  6500.0  0.19
133  6500.0  0.19
134  6500.0  0.19
135  6500.0  0.19
136  6500.0  0.19
137  6500.0  0.19
138  6500.0  0.19
139  6500.0  0.19
140  6500.0  0.19
141  6500.0  0.19
142  6500.0  0.19
143  6500.0  0.19
144  6500.0  0.19
145  6500.0  0.19
146  6500.0  0.19
147  6500.0  0.19
148  6500.0  0.19
149  6500.0  0.19
150  6500.0  0.19
151  6500.0  0.19
152  6500.0  0.19
153  6500.0  0.19
154  6500.0  0.19
155  6500.0  0.19
156  6500.0  0.19
157  6500.0  0.19
158  6500.0  0.19
159  6500.0  0.19
160  6500.0  0.19
161  6500.0  0.19
162  6500.0  0.19
163  6500.0  0.19
164  6500.0  0.19
165  6500.0  0.19
166  6500.0  0.19
167  6500.0  0.19
168  6500.0  0.19
169  6500.0  0.19
170  6500.0  0.19
171  6500.0  0.19
172  6500.0  0.19
173  6500.0  0.19
174  6500.0  0.19
175  6500.0  0.19
176  6500.0  0.19
177  6500.0  0.19
178  6500.0  0.19
179  6500.0  0.19
180  6500.0  0.19
181  6500.0  0.19
182  6500.0  0.19
183  6500.0  0.19
184  6500.0  0.19
185  6500.0  0.19
186  6500.0  0.19
187  6500.0  0.19
188  6500.0  0.19
189  6500.0  0.19
190  6500.0  0.19
191  6500.0  0.19
192  6500.0  0.19
193  6500.0  0.19
194  6500.0  0.19
195  6500.0  0.19
196  6500.0  0.19
197  6500.0  0.19
198  6500.0  0.19
199  6500.0  0.19
200  6500.0  0.19
201  6500.0  0.19
202  6500.0  0.19
203  6500.0  0.19
204  6500.0  0.19
205  6500.0  0.19
206  6500.0  0.19
207  6500.0  0.19
208  6500.0  0.19
209  6500.0  0.19
210  6500.0  0.19
211  6500.0  0.19
212  6500.0  0.19
213  6500.0  0.19
214  6500.0  0.19
215  6500.0  0.19
216  6500.0  0.19
217  6500.0  0.19
218  6500.0  0.19
219  6500.0  0.19
220  6500.0  0.19
221  6500.0  0.19
222  6500.0  0.19
223  6500.0  0.19
224  6500.0  0.19
225  6500.0  0.19
226  6500.0  0.19
227  6500.0  0.19
228  6500.0  0.19
229  6500.0  0.19
230  6500.0  0.19
231  6500.0  0.19
232  6500.0  0.19
233  6500.0  0.19
234  6500.0  0.19
235  6500.0  0.19
236  6734.76171875  0.1
237  6734.22979736  0.1
238  6734.07398605  0.1
239  6734.02465039  0.1
240  6734.00835134  0.1
241  6734.00285167  0.1
242  6734.00097728  0.1
243  6734.00033547  0.1
244  6734.00011525  0.1
245  6734.0000396  0.1
246  6734.00001361  0.1
247  7451.0  0.11
248  7451.0  0.11
249  7451.0  0.11
250  7451.0  0.11
251  7451.0  0.11
252  7451.0  0.11
253  7451.0  0.11
254  7451.0  0.11
255  7451.0  0.11
256  7451.0  0.11
257  7451.0  0.11
258  7451.0  0.11
259  7451.0  0.11
260  7451.0  0.11
261  7451.0  0.11
262  7451.0  0.11
263  7451.0  0.11
264  7451.0  0.11
265  7451.0  0.11
266  7451.0  0.11
267  7451.0  0.11
268  7451.0  0.11
269  7451.0  0.11
270  7451.0  0.11
271  7451.0  0.11
272  7451.0  0.11
273  7451.0  0.11
274  7451.0  0.11
275  7451.0  0.11
276  7451.0  0.11
277  7451.0  0.11
278  7451.0  0.11
279  7451.0  0.11
280  7451.0  0.11
281  7451.0  0.11
282  7451.0  0.11
283  7451.0  0.11
284  7451.0  0.11
285  7451.0  0.11
286  7451.0  0.11
287  7451.0  0.11
288  7451.0  0.11
289  7451.0  0.11
290  7451.0  0.11
291  7451.0  0.11
292  7451.0  0.11
293  7451.0  0.11
294  7451.0  0.11
295  7451.0  0.11
296  7451.0  0.11
297  7451.0  0.11
298  7451.0  0.11
299  7451.0  0.11
300  7451.0  0.11
301  7451.0  0.11
302  7451.0  0.11
303  7451.0  0.11
304  7451.0  0.11
305  7451.0  0.11
306  7451.0  0.11
307  7451.0  0.11
308  7451.0  0.11
309  7451.0  0.11
310  7451.0  0.11
311  7451.0  0.11
312  7451.0  0.11
313  7451.0  0.11
314  7451.0  0.11
315  7451.0  0.11
316  7451.0  0.11
317  7451.0  0.11
318  7451.0  0.11
319  7451.0  0.11
320  7451.0  0.11
321  7451.0  0.11
322  7451.0  0.11
323  7451.0  0.11
324  7451.0  0.11
325  7451.0  0.11
326  7451.0  0.11
327  7451.0  0.11
328  7451.0  0.11
329  7451.0  0.11
330  7451.0  0.11
331  7451.0  0.11
332  7451.0  0.11
333  7451.0  0.11
334  7451.0  0.11
335  7451.0  0.11
336  7451.0  0.11
337  7451.0  0.11
338  7451.0  0.11
339  7451.0  0.11
340  7451.0  0.11
341  7451.0  0.11
342  7451.0  0.11
343  7451.0  0.11
344  7451.0  0.11
345  7451.0  0.11
346  7451.0  0.11
347  7451.0  0.11
348  7451.0  0.11
349  7451.0  0.11
350  7451.0  0.11
351  7451.0  0.11
352  7451.0  0.11
353  7451.0  0.11
354  7451.0  0.11
355  7451.0  0.11
356  7451.0  0.11
357  7451.0  0.11
358  7451.0  0.11
359  7451.0  0.11
360  7451.0  0.11
361  7451.0  0.11
362  7451.0  0.11
363  7451.0  0.11
364  7451.0  0.11
365  7451.0  0.11
366  7451.0  0.11
367  7451.0  0.11
368  7451.0  0.11
369  7451.0  0.11
370  7451.0  0.11
371  7451.0  0.11
372  7451.0  0.11
373  7451.0  0.11
374  7451.0  0.11
375  7451.0  0.11
376  7451.0  0.11
377  7451.0  0.11
378  7451.0  0.11
379  7451.0  0.11
380  7451.0  0.11
381  7451.0  0.11
382  7451.0  0.11
383  7451.0  0.11
384  7451.0  0.11
385  7451.0  0.11
386  7451.0  0.11
387  7451.0  0.11
388  7451.0  0.11
389  7451.0  0.11
390  7451.0  0.11
391  7451.0  0.11
392  7451.0  0.11
393  7451.0  0.11
394  7451.0  0.11
395  7451.0  0.11
396  7451.0  0.11
397  7451.0  0.11
398  7451.0  0.11
399  7451.0  0.11
400  7451.0  0.11
401  7451.0  0.11
402  7451.0  0.11
403  7451.0  0.11
404  7451.0  0.11
405  7451.0  0.11
406  7451.0  0.11
407  7451.0  0.11
408  7451.0  0.11
409  7451.0  0.11
410  7451.0  0.11
411  7451.0  0.11
412  7451.0  0.11
413  7451.0  0.11
414  7451.0  0.11
415  7451.0  0.11
416  7451.0  0.11
417  7451.0  0.11
418  7451.0  0.11
419  7451.0  0.11
420  7451.0  0.11
421  7451.0  0.11
422  7451.0  0.11
423  7451.0  0.11
424  7451.0  0.11
425  7451.0  0.11
426  7451.0  0.11
427  7451.0  0.11
428  7451.0  0.11
429  7451.0  0.11
430  7451.0  0.11
431  7451.0  0.11
432  7451.0  0.11
433  7451.0  0.11
434  7451.0  0.11
435  7451.0  0.11
436  7451.0  0.11
437  7451.0  0.11
438  7451.0  0.11
439  7451.0  0.11
440  7451.0  0.11
441  7451.0  0.11
442  7451.0  0.11
443  7451.0  0.11
444  7451.0  0.11
445  7451.0  0.11
446  7451.0  0.11
447  7451.0  0.11
448  7451.0  0.11
449  7451.0  0.11
450  7451.0  0.11
451  7451.0  0.11
452  7451.0  0.11
453  7451.0  0.11
454  7451.0  0.11
455  7451.0  0.11
456  7451.0  0.11
457  7451.0  0.11
458  7451.0  0.11
459  7451.0  0.11
460  7451.0  0.11
461  7451.0  0.11
462  7451.0  0.11
463  7451.0  0.11
464  7451.0  0.11
465  7451.0  0.11
466  7451.0  0.11
467  7451.0  0.11
468  7451.0  0.11
469  7451.0  0.11
470  7451.0  0.11
471  7451.0  0.11
472  7451.0  0.11
473  7451.0  0.11
474  7451.0  0.11
475  7451.0  0.11
476  7451.0  0.11
477  7451.0  0.11
478  7451.0  0.11
479  7451.0  0.11
480  7451.0  0.11
481  7451.0  0.11
482  7451.0  0.11
483  7451.0  0.11
484  7451.0  0.11
485  7451.0  0.11
486  7451.0  0.11
487  7451.0  0.11
488  7451.0  0.11
489  7451.0  0.11
490  7451.0  0.11
491  7451.0  0.11
492  7451.0  0.11
493  7451.0  0.11
494  7451.0  0.11
495  7451.0  0.11
496  7451.0  0.11
497  7451.0  0.11
498  7451.0  0.11
499  7451.0  0.11
500  7451.0  0.11
501  7451.0  0.11
502  7451.0  0.11
503  7451.0  0.11
504  7451.0  0.11
505  7451.0  0.11
506  7451.0  0.11
507  7451.0  0.11
508  7451.0  0.11
509  7451.0  0.11
510  7451.0  0.11
511  7451.0  0.11
512  7451.0  0.11
513  7451.0  0.11
514  7451.0  0.11
515  7451.0  0.11
516  7451.0  0.11
517  7451.0  0.11
518  7451.0  0.11
519  7451.0  0.11
520  7451.0  0.11
521  7451.0  0.11
522  7451.0  0.11
523  7451.0  0.11
524  7451.0  0.11
525  7451.0  0.11
526  7451.0  0.11
527  7451.0  0.11
528  7451.0  0.11
529  7451.0  0.11
530  7451.0  0.11
531  7451.0  0.11
532  7451.0  0.11
533  7451.0  0.11
534  7451.0  0.11
535  7451.0  0.11
536  7451.0  0.11
537  7451.0  0.11
538  7451.0  0.11
539  7451.0  0.11
540  7451.0  0.11
541  7451.0  0.11
542  7451.0  0.11
543  7451.0  0.11
544  7451.0  0.11
545  7451.0  0.11
546  7451.0  0.11
547  7451.0  0.11
548  7451.0  0.11
549  7451.0  0.11
550  7451.0  0.11
551  7451.0  0.11
552  7451.0  0.11
553  7451.0  0.11
554  7451.0  0.11
555  7451.0  0.11
556  7451.0  0.11
557  7451.0  0.11
558  7451.0  0.11
559  7451.0  0.11
560  7451.0  0.11
561  7451.0  0.11
562  7451.0  0.11
563  7451.0  0.11
564  7451.0  0.11
565  7451.0  0.11
566  7451.0  0.11
567  7451.0  0.11
568  7451.0  0.11
569  7451.0  0.11
570  7451.0  0.11
571  7451.0  0.11
572  7451.0  0.11
573  7451.0  0.11
574  7451.0  0.11
575  7451.0  0.11
576  7451.0  0.11
577  7451.0  0.11
578  7451.0  0.11
579  7451.0  0.11
580  7451.0  0.11
581  7451.0  0.11
582  7451.0  0.11
583  7451.0  0.11
584  7451.0  0.11
585  7451.0  0.11
586  7451.0  0.11
587  7451.0  0.11
588  7451.0  0.11
589  7451.0  0.11
590  7451.0  0.11
591  7451.0  0.11
592  7451.0  0.11
593  7451.0  0.11
594  7451.0  0.11
595  7451.0  0.11
596  7451.0  0.11
597  7451.0  0.11
598  7451.0  0.11
599  7451.0  0.11
600  7451.0  0.11
601  7451.0  0.11
602  7451.0  0.11
603  7451.0  0.11
604  7451.0  0.11
605  7451.0  0.11
606  7451.0  0.11
607  7451.0  0.11
608  7451.0  0.11
609  7451.0  0.11
610  7451.0  0.11
611  7451.0  0.11
612  7451.0  0.11
613  7451.0  0.11
614  7451.0  0.11
615  7451.0  0.11
616  7451.0  0.11
617  7451.0  0.11
618  7451.0  0.11
619  7451.0  0.11
620  7451.0  0.11
621  7451.0  0.11
622  7451.0  0.11
623  7451.0  0.11
624  7451.0  0.11
625  7451.0  0.11
626  7451.0  0.11
627  7451.0  0.11
628  7451.0  0.11
629  7451.0  0.11
630  7451.0  0.11
631  7451.0  0.11
632  7451.0  0.11
633  7451.0  0.11
634  7451.0  0.11
635  7451.0  0.11
636  7451.0  0.11
637  7451.0  0.11
638  7451.0  0.11
639  7451.0  0.11
640  7451.0  0.11
641  7451.0  0.11
642  7451.0  0.11
643  7451.0  0.11
644  7451.0  0.11
645  7451.0  0.11
646  7451.0  0.11
647  7451.0  0.11
648  7451.0  0.11
649  7451.0  0.11
650  7451.0  0.11
651  7451.0  0.11
652  7451.0  0.11
653  7451.0  0.11
654  7451.0  0.11
655  7451.0  0.11
656  7451.0  0.11
657  7451.0  0.11
658  7451.0  0.11
659  7451.0  0.11
660  7451.0  0.11
661  7451.0  0.11
662  7451.0  0.11
663  7451.0  0.11
664  7451.0  0.11
665  7451.0  0.11
666  7451.0  0.11
667  7451.0  0.11
668  7451.0  0.11
669  7451.0  0.11
670  7451.0  0.11
671  7451.0  0.11
672  7451.0  0.11
673  7451.0  0.11
674  7451.0  0.11
675  7451.0  0.11
676  7451.0  0.11
677  7451.0  0.11
678  7451.0  0.11
679  7451.0  0.11
680  7451.0  0.11
681  7451.0  0.11
682  7451.0  0.11
683  7451.0  0.11
684  7451.0  0.11
685  7451.0  0.11
686  7451.0  0.11
687  7451.0  0.11
688  7451.0  0.11
689  7451.0  0.11
690  7451.0  0.11
691  7451.0  0.11
692  7451.0  0.11
693  7451.0  0.11
694  7451.0  0.11
695  7451.0  0.11
696  7451.0  0.11
697  7451.0  0.11
698  7451.0  0.11
699  7451.0  0.11
700  7451.0  0.11
701  7451.0  0.11
702  7451.0  0.11
703  7451.0  0.11
704  7451.0  0.11
705  7451.0  0.11
706  7451.0  0.11
707  7451.0  0.11
708  7451.0  0.11
709  7451.0  0.11
710  7451.0  0.11
711  7451.0  0.11
712  7451.0  0.11
713  7451.0  0.11
714  7451.0  0.11
715  7451.0  0.11
716  7451.0  0.11
717  7451.0  0.11
718  7451.0  0.11
719  7451.0  0.11
720  7451.0  0.11
721  7451.0  0.11
722  7451.0  0.11
723  7451.0  0.11
724  7451.0  0.11
725  7451.0  0.11
726  7451.0  0.11
727  7451.0  0.11
728  7451.0  0.11
729  7451.0  0.11
730  7451.0  0.11
731  7451.0  0.11
732  7451.0  0.11
733  7451.0  0.11
734  7451.0  0.11
735  7451.0  0.11
736  7451.0  0.11
737  7451.0  0.11
738  7451.0  0.11
739  7451.0  0.11
740  7451.0  0.11
741  7451.0  0.11
742  7451.0  0.11
743  7451.0  0.11
744  7451.0  0.11
745  7451.0  0.11
746  7451.0  0.11
747  7451.0  0.11
748  7451.0  0.11
749  7451.0  0.11
750  7451.0  0.11
751  7451.0  0.11
752  7451.0  0.11
753  7451.0  0.11
754  7451.0  0.11
755  7451.0  0.11
756  7451.0  0.11
757  7451.0  0.11
758  7451.0  0.11
759  7451.0  0.11
760  7451.0  0.11
761  7451.0  0.11
762  7451.0  0.11
763  7451.0  0.11
764  7451.0  0.11
765  7451.0  0.11
766  7451.0  0.11
767  7451.0  0.11
768  7451.0  0.11
769  7451.0  0.11
770  7451.0  0.11
771  7451.0  0.11
772  7451.0  0.11
773  7451.0  0.11
774  7451.0  0.11
775  7451.0  0.11
776  7451.0  0.11
777  7451.0  0.11
778  7451.0  0.11
779  7451.0  0.11
780  7451.0  0.11
781  7451.0  0.11
782  7451.0  0.11
783  7451.0  0.11
784  7147.57738095  0.11
785  7147.57738095  0.11
786  7147.57738095  0.11
787  7147.57738095  0.11
788  7147.57738095  0.11
789  7147.57738095  0.11
790  7147.57738095  0.11
791  7147.57738095  0.11
792  7147.57738095  0.11
793  7147.57738095  0.11
794  7147.57738095  0.11
795  7147.57738095  0.11
796  7147.57738095  0.11
797  7147.57738095  0.11
798  7147.57738095  0.11
799  7147.57738095  0.11
800  7147.57738095  0.11
801  7147.57738095  0.11
802  7147.57738095  0.11
803  7147.57738095  0.11
804  7147.57738095  0.11
805  7147.57738095  0.11
806  7147.57738095  0.11
807  7147.57738095  0.11
808  7147.57738095  0.11
809  7147.57738095  0.11
810  7147.57738095  0.11
811  7147.57738095  0.11
812  7147.57738095  0.11
813  7147.57738095  0.11
814  7147.57738095  0.11
815  7147.57738095  0.11
816  7147.57738095  0.11
817  7147.57738095  0.11
818  7147.57738095  0.11
819  7147.57738095  0.11
820  7147.57738095  0.11
821  7147.57738095  0.11
822  7147.57738095  0.11
823  7147.57738095  0.11
824  7147.57738095  0.11
825  7147.57738095  0.11
826  7147.57738095  0.11
827  7147.57738095  0.11
828  7147.57738095  0.11
829  7147.57738095  0.11
830  7147.57738095  0.11
831  7147.57738095  0.11
832  7147.57738095  0.11
833  7147.57738095  0.11
834  7147.57738095  0.11
835  7147.57738095  0.11
836  7147.57738095  0.11
837  7147.57738095  0.11
838  7147.57738095  0.11
839  7147.57738095  0.11
840  7147.57738095  0.11
841  7147.57738095  0.11
842  7147.57738095  0.11
843  7147.57738095  0.11
844  7147.57738095  0.11
845  7147.57738095  0.11
846  7147.57738095  0.11
847  7147.57738095  0.11
848  7147.57738095  0.11
849  7147.57738095  0.11
850  7147.57738095  0.11
851  7147.57738095  0.11
852  7147.57738095  0.11
853  7147.57738095  0.11
854  7147.57738095  0.11
855  7147.57738095  0.11
856  7147.57738095  0.11
857  7147.57738095  0.11
858  7147.57738095  0.11
859  7147.57738095  0.11
860  7147.57738095  0.11
861  7147.57738095  0.11
862  7147.57738095  0.11
863  7147.57738095  0.11
864  7147.57738095  0.11
865  7147.57738095  0.11
866  7147.57738095  0.11
867  7147.57738095  0.11
868  7147.57738095  0.11
869  7147.57738095  0.11
870  7147.57738095  0.11
871  7147.57738095  0.11
872  7147.57738095  0.11
873  7147.57738095  0.11
874  7147.57738095  0.11
875  7147.57738095  0.11
876  7147.57738095  0.11
877  7147.57738095  0.11
878  7147.57738095  0.11
879  7147.57738095  0.11
880  7147.57738095  0.11
881  7147.57738095  0.11
882  7147.57738095  0.11
883  7147.57738095  0.11
884  7147.57738095  0.11
885  7147.57738095  0.11
886  7147.57738095  0.11
887  7147.57738095  0.11
888  7147.57738095  0.11
889  7147.57738095  0.11
890  7147.57738095  0.11
891  7147.57738095  0.11
892  7147.57738095  0.11
893  7147.57738095  0.11
894  7147.57738095  0.11
895  7147.57738095  0.11
896  7147.57738095  0.11
897  7147.57738095  0.11
898  7147.57738095  0.11
899  7147.57738095  0.11
900  7147.57738095  0.11
901  7147.57738095  0.11
902  7147.57738095  0.11
903  7147.57738095  0.11
904  7147.57738095  0.11
905  7147.57738095  0.11
906  7147.57738095  0.11
907  7147.57738095  0.11
908  7147.57738095  0.11
909  7147.57738095  0.11
910  7147.57738095  0.11
911  7147.57738095  0.11
912  7147.57738095  0.11
913  7147.57738095  0.11
914  7147.57738095  0.11
915  7147.57738095  0.11
916  7147.57738095  0.11
917  7147.57738095  0.11
918  7147.57738095  0.11
919  7147.57738095  0.11
920  7147.57738095  0.11
921  7147.57738095  0.11
922  7147.57738095  0.11
923  7147.57738095  0.11
924  7147.57738095  0.11
925  7147.57738095  0.11
926  7147.57738095  0.11
927  7147.57738095  0.11
928  7147.57738095  0.11
929  7147.57738095  0.11
930  7147.57738095  0.11
931  7147.57738095  0.11
932  7147.57738095  0.11
933  7147.57738095  0.11
934  7147.57738095  0.11
935  7147.57738095  0.11
936  7147.57738095  0.11
937  7147.57738095  0.11
938  7147.57738095  0.11
939  7147.57738095  0.11
940  7147.57738095  0.11
941  7147.57738095  0.11
942  7147.57738095  0.11
943  7147.57738095  0.11
944  7147.57738095  0.11
945  7147.57738095  0.11
946  7147.57738095  0.11
947  7147.57738095  0.11
948  7147.57738095  0.11
949  7147.57738095  0.11
950  7147.57738095  0.11
951  7147.57738095  0.11
952  7147.57738095  0.11
953  7147.57738095  0.11
954  7147.57738095  0.11
955  7147.57738095  0.11
956  7147.57738095  0.11
957  7147.57738095  0.11
958  7147.57738095  0.11
959  7147.57738095  0.11
960  7147.57738095  0.11
961  7147.57738095  0.11
962  7147.57738095  0.11
963  7147.57738095  0.11
964  7147.57738095  0.11
965  7147.57738095  0.11
966  7147.57738095  0.11
967  7147.57738095  0.11
968  7147.57738095  0.11
969  7147.57738095  0.11
970  7147.57738095  0.11
971  7147.57738095  0.11
972  7147.57738095  0.11
973  7147.57738095  0.11
974  7147.57738095  0.11
975  7147.57738095  0.11
976  7147.57738095  0.11
977  7147.57738095  0.11
978  7147.57738095  0.11
979  7147.57738095  0.11
980  7147.57738095  0.11
981  7147.57738095  0.11
982  7147.57738095  0.11
983  7147.57738095  0.11
984  7147.57738095  0.11
985  7147.57738095  0.11
986  7147.57738095  0.11
987  7147.57738095  0.11
988  7147.57738095  0.11
989  7147.57738095  0.11
990  7147.57738095  0.11
991  7147.57738095  0.11
992  7147.57738095  0.11
993  7147.57738095  0.11
994  7147.57738095  0.11
995  7147.57738095  0.11
996  7147.57738095  0.11
997  7147.57738095  0.11
998  7147.57738095  0.11
999  7147.57738095  0.11
1000  7147.57738095  0.11
1001  7147.57738095  0.11
1002  7147.57738095  0.11
1003  7147.57738095  0.11
1004  7147.57738095  0.11
1005  7147.57738095  0.11
1006  7147.57738095  0.11
1007  7147.57738095  0.11
1008  7147.57738095  0.11
1009  7147.57738095  0.11
1010  7147.57738095  0.11
1011  7147.57738095  0.11
1012  7147.57738095  0.11
1013  7147.57738095  0.11
1014  7147.57738095  0.11
1015  7147.57738095  0.11
1016  7147.57738095  0.11
1017  7147.57738095  0.11
1018  7147.57738095  0.11
1019  7147.57738095  0.11
1020  7147.57738095  0.11
1021  7147.57738095  0.11
1022  7147.57738095  0.11
1023  7147.57738095  0.11
1024  7147.57738095  0.11
1025  7147.57738095  0.11
1026  7147.57738095  0.11
1027  7147.57738095  0.11
1028  7147.57738095  0.11
1029  7147.57738095  0.11
1030  7147.57738095  0.11
1031  7147.57738095  0.11
1032  7147.57738095  0.11
1033  7147.57738095  0.11
1034  7147.57738095  0.11
1035  7147.57738095  0.11
1036  7147.57738095  0.11
1037  7147.57738095  0.11
1038  7147.57738095  0.11
1039  7147.57738095  0.11
1040  7147.57738095  0.11
1041  7147.57738095  0.11
1042  7147.57738095  0.11
1043  7147.57738095  0.11
1044  7147.57738095  0.11
1045  7147.57738095  0.11
1046  7147.57738095  0.11
1047  7147.57738095  0.11
1048  7147.57738095  0.11
1049  7147.57738095  0.11
1050  7147.57738095  0.11
1051  7147.57738095  0.11
1052  7147.57738095  0.11
1053  7147.57738095  0.11
1054  7147.57738095  0.11
1055  7147.57738095  0.11
1056  7147.57738095  0.11
1057  7147.57738095  0.11
1058  7147.57738095  0.11
1059  7147.57738095  0.11
1060  7147.57738095  0.11
1061  7147.57738095  0.11
1062  7147.57738095  0.11
1063  7147.57738095  0.11
1064  7147.57738095  0.11
1065  7147.57738095  0.11
1066  7147.57738095  0.11
1067  7147.57738095  0.11
1068  7147.57738095  0.11
1069  7147.57738095  0.11
1070  7147.57738095  0.11
1071  7147.57738095  0.11
1072  7147.57738095  0.11
1073  7147.57738095  0.11
1074  7147.57738095  0.11
1075  7147.57738095  0.11
1076  7147.57738095  0.11
1077  7147.57738095  0.11
1078  7147.57738095  0.11
1079  7147.57738095  0.11
1080  7147.57738095  0.11
1081  7147.57738095  0.11
1082  7147.57738095  0.11
1083  7147.57738095  0.11
1084  7147.57738095  0.11
1085  7147.57738095  0.11
1086  7147.57738095  0.11
1087  7147.57738095  0.11
1088  7147.57738095  0.11
1089  7147.57738095  0.11
1090  7147.57738095  0.11
1091  7147.57738095  0.11
1092  7147.57738095  0.11
1093  7147.57738095  0.11
1094  7147.57738095  0.11
1095  7147.57738095  0.11
1096  7147.57738095  0.11
1097  7147.57738095  0.11
1098  7147.57738095  0.11
1099  7147.57738095  0.11
1100  7147.57738095  0.11
1101  7147.57738095  0.11
1102  7147.57738095  0.11
1103  7147.57738095  0.11
1104  7147.57738095  0.11
1105  7147.57738095  0.11
1106  7147.57738095  0.11
1107  7147.57738095  0.11
1108  7147.57738095  0.11
1109  7147.57738095  0.11
1110  7147.57738095  0.11
1111  7147.57738095  0.11
1112  7147.57738095  0.11
1113  7147.57738095  0.11
1114  7147.57738095  0.11
1115  7147.57738095  0.11
1116  7147.57738095  0.11
1117  7147.57738095  0.11
1118  7147.57738095  0.11
1119  7147.57738095  0.11
1120  7147.57738095  0.11
1121  7147.57738095  0.11
1122  7147.57738095  0.11
1123  7147.57738095  0.11
1124  7147.57738095  0.11
1125  7147.57738095  0.11
1126  7147.57738095  0.11
1127  7147.57738095  0.11
1128  7147.57738095  0.11
1129  7147.57738095  0.11
1130  7147.57738095  0.11
1131  7147.57738095  0.11
1132  7147.57738095  0.11
1133  7147.57738095  0.11
1134  7147.57738095  0.11
1135  7147.57738095  0.11
1136  7147.57738095  0.11
1137  7147.57738095  0.11
1138  7147.57738095  0.11
1139  7147.57738095  0.11
1140  7147.57738095  0.11
1141  7147.57738095  0.11
1142  7147.57738095  0.11
1143  7147.57738095  0.11
1144  7147.57738095  0.11
1145  7147.57738095  0.11
1146  7147.57738095  0.11
1147  7147.57738095  0.11
1148  7147.57738095  0.11
1149  7147.57738095  0.11
1150  7147.57738095  0.11
1151  7147.57738095  0.11
1152  7147.57738095  0.11
1153  7147.57738095  0.11
1154  7147.57738095  0.11
1155  7147.57738095  0.11
1156  7147.57738095  0.11
1157  7147.57738095  0.11
1158  7147.57738095  0.11
1159  7147.57738095  0.11
1160  7147.57738095  0.11
1161  7147.57738095  0.11
1162  7147.57738095  0.11
1163  7147.57738095  0.11
1164  7147.57738095  0.11
1165  7147.57738095  0.11
1166  7147.57738095  0.11
1167  7147.57738095  0.11
1168  7147.57738095  0.11
1169  7147.57738095  0.11
1170  7147.57738095  0.11
1171  7147.57738095  0.11
1172  7147.57738095  0.11
1173  7147.57738095  0.11
1174  7147.57738095  0.11
1175  7147.57738095  0.11
1176  7147.57738095  0.11
1177  7147.57738095  0.11
1178  7147.57738095  0.11
1179  7147.57738095  0.11
1180  7147.57738095  0.11
1181  7147.57738095  0.11
1182  7147.57738095  0.11
1183  7147.57738095  0.11
1184  7147.57738095  0.11
1185  7147.57738095  0.11
1186  7147.57738095  0.11
1187  7147.57738095  0.11
1188  7147.57738095  0.11
1189  7147.57738095  0.11
1190  7147.57738095  0.11
1191  7147.57738095  0.11
1192  7147.57738095  0.11
1193  7147.57738095  0.11
1194  7147.57738095  0.11
1195  7147.57738095  0.11
1196  7147.57738095  0.11
1197  7147.57738095  0.11
1198  7147.57738095  0.11
1199  7147.57738095  0.11
1200  7147.57738095  0.11
1201  7147.57738095  0.11
1202  7147.57738095  0.11
1203  7147.57738095  0.11
1204  7147.57738095  0.11
1205  7147.57738095  0.11
1206  7147.57738095  0.11
1207  7147.57738095  0.11
1208  7147.57738095  0.11
1209  7147.57738095  0.11
1210  7147.57738095  0.11
1211  7147.57738095  0.11
1212  7147.57738095  0.11
1213  7147.57738095  0.11
1214  7147.57738095  0.11
1215  7147.57738095  0.11
1216  7147.57738095  0.11
1217  7147.57738095  0.11
1218  7147.57738095  0.11
1219  7147.57738095  0.11
1220  7147.57738095  0.11
1221  7147.57738095  0.11
1222  7147.57738095  0.11
1223  7147.57738095  0.11
1224  7147.57738095  0.11
1225  7147.57738095  0.11
1226  7147.57738095  0.11
1227  7147.57738095  0.11
1228  7147.57738095  0.11
1229  7147.57738095  0.11
1230  7147.57738095  0.11
1231  7147.57738095  0.11
1232  7147.57738095  0.11
1233  7147.57738095  0.11
1234  7147.57738095  0.11
1235  7147.57738095  0.11
1236  7147.57738095  0.11
1237  7147.57738095  0.11
1238  7147.57738095  0.11
1239  7147.57738095  0.11
1240  7147.57738095  0.11
1241  7147.57738095  0.11
1242  7147.57738095  0.11
1243  7147.57738095  0.11
1244  7147.57738095  0.11
1245  7147.57738095  0.11
1246  7147.57738095  0.11
1247  7147.57738095  0.11
1248  7147.57738095  0.11
1249  7147.57738095  0.11
1250  7147.57738095  0.11
1251  7147.57738095  0.11
1252  7147.57738095  0.11
1253  7147.57738095  0.11
1254  7147.57738095  0.11
1255  7147.57738095  0.11
1256  7147.57738095  0.11
1257  7147.57738095  0.11
1258  7147.57738095  0.11
1259  7147.57738095  0.11
1260  7147.57738095  0.11
1261  7147.57738095  0.11
1262  7147.57738095  0.11
1263  7147.57738095  0.11
1264  7147.57738095  0.11
1265  7147.57738095  0.11
1266  7147.57738095  0.11
1267  7147.57738095  0.11
1268  7147.57738095  0.11
1269  7147.57738095  0.11
1270  7147.57738095  0.11
1271  7147.57738095  0.11
1272  7147.57738095  0.11
1273  7147.57738095  0.11
1274  7147.57738095  0.11
1275  7147.57738095  0.11
1276  7147.57738095  0.11
1277  7147.57738095  0.11
1278  7147.57738095  0.11
1279  7147.57738095  0.11
1280  7147.57738095  0.11
1281  7147.57738095  0.11
1282  7147.57738095  0.11
1283  7147.57738095  0.11
1284  7147.57738095  0.11
1285  7147.57738095  0.11
1286  7147.57738095  0.11
1287  7147.57738095  0.11
1288  7147.57738095  0.11
1289  7147.57738095  0.11
1290  7147.57738095  0.11
1291  7147.57738095  0.11
1292  7147.57738095  0.11
1293  7147.57738095  0.11
1294  7147.57738095  0.11
1295  7147.57738095  0.11
1296  7147.57738095  0.11
1297  7147.57738095  0.11
1298  7147.57738095  0.11
1299  7147.57738095  0.11
1300  7147.57738095  0.11
1301  7147.57738095  0.11
1302  7147.57738095  0.11
1303  7147.57738095  0.11
1304  7147.57738095  0.11
1305  7147.57738095  0.11
1306  7147.57738095  0.11
1307  7147.57738095  0.11
1308  7147.57738095  0.11
1309  7147.57738095  0.11
1310  7147.57738095  0.11
1311  7147.57738095  0.11
1312  7147.57738095  0.11
1313  7147.57738095  0.11
1314  7147.57738095  0.11
1315  7147.57738095  0.11
1316  7147.57738095  0.11
1317  7147.57738095  0.11
1318  7147.57738095  0.11
1319  7147.57738095  0.11
1320  7147.57738095  0.11
1321  7147.57738095  0.11
1322  7147.57738095  0.11
1323  7147.57738095  0.11
1324  7147.57738095  0.11
1325  7147.57738095  0.11
1326  7147.57738095  0.11
1327  7147.57738095  0.11
1328  7147.57738095  0.11
1329  7147.57738095  0.11
1330  7147.57738095  0.11
1331  7147.57738095  0.11
1332  7147.57738095  0.11
1333  7147.57738095  0.11
1334  7147.57738095  0.11
1335  7147.57738095  0.11
1336  7147.57738095  0.11
1337  7147.57738095  0.11
1338  7147.57738095  0.11
1339  7147.57738095  0.11
1340  7147.57738095  0.11
1341  7147.57738095  0.11
1342  7147.57738095  0.11
1343  7147.57738095  0.11
1344  7147.57738095  0.11
1345  7147.57738095  0.11
1346  7147.57738095  0.11
1347  7147.57738095  0.11
1348  7147.57738095  0.11
1349  7147.57738095  0.11
1350  7147.57738095  0.11
1351  7147.57738095  0.11
1352  7147.57738095  0.11
1353  7147.57738095  0.11
1354  7147.57738095  0.11
1355  7147.57738095  0.11
1356  7147.57738095  0.11
1357  7147.57738095  0.11
1358  7147.57738095  0.11
1359  7147.57738095  0.11
1360  7147.57738095  0.11
1361  7147.57738095  0.11
1362  7147.57738095  0.11
1363  7147.57738095  0.11
1364  7147.57738095  0.11
1365  7147.57738095  0.11
1366  7147.57738095  0.11
1367  7147.57738095  0.11
1368  7147.57738095  0.11
1369  7147.57738095  0.11
1370  7147.57738095  0.11
1371  7147.57738095  0.11
1372  7147.57738095  0.11
1373  7147.57738095  0.11
1374  7147.57738095  0.11
1375  7147.57738095  0.11
1376  7147.57738095  0.11
1377  7147.57738095  0.11
1378  7147.57738095  0.11
1379  7147.57738095  0.11
1380  7147.57738095  0.11
1381  7147.57738095  0.11
1382  7147.57738095  0.11
1383  7147.57738095  0.11
1384  7147.57738095  0.11
1385  7147.57738095  0.11
1386  7147.57738095  0.11
1387  7147.57738095  0.11
1388  7147.57738095  0.11
1389  7147.57738095  0.11
1390  7147.57738095  0.11
1391  7147.57738095  0.11
1392  7147.57738095  0.11
1393  7147.57738095  0.11
1394  7147.57738095  0.11
1395  7147.57738095  0.11
1396  7147.57738095  0.11
1397  7147.57738095  0.11
1398  7147.57738095  0.11
1399  7147.57738095  0.11
1400  7147.57738095  0.11
1401  7147.57738095  0.11
1402  7147.57738095  0.11
1403  7147.57738095  0.11
1404  7147.57738095  0.11
1405  7147.57738095  0.11
1406  7147.57738095  0.11
1407  7147.57738095  0.11
1408  7147.57738095  0.11
1409  7147.57738095  0.11
1410  7147.57738095  0.11
1411  7147.57738095  0.11
1412  7147.57738095  0.11
1413  7147.57738095  0.11
1414  7147.57738095  0.11
1415  7147.57738095  0.11
1416  7147.57738095  0.11
1417  7147.57738095  0.11
1418  7147.57738095  0.11
1419  7147.57738095  0.11
1420  7147.57738095  0.11
1421  7147.57738095  0.11
1422  7147.57738095  0.11
1423  7147.57738095  0.11
1424  7147.57738095  0.11
1425  7147.57738095  0.11
1426  7147.57738095  0.11
1427  7147.57738095  0.11
1428  7147.57738095  0.11
1429  7147.57738095  0.11
1430  7147.57738095  0.11
1431  7147.57738095  0.11
1432  7147.57738095  0.11
1433  7147.57738095  0.11
1434  7147.57738095  0.11
1435  7147.57738095  0.11
1436  7147.57738095  0.11
1437  7147.57738095  0.11
1438  7147.57738095  0.11
1439  7147.57738095  0.11
1440  7147.57738095  0.11
1441  7147.57738095  0.11
1442  7147.57738095  0.11
1443  7147.57738095  0.11
1444  7147.57738095  0.11
1445  7147.57738095  0.11
1446  7147.57738095  0.11
1447  7147.57738095  0.11
1448  7147.57738095  0.11
1449  7147.57738095  0.11
1450  7147.57738095  0.11
1451  7147.57738095  0.11
1452  7147.57738095  0.11
1453  7147.57738095  0.11
1454  7147.57738095  0.11
1455  7147.57738095  0.11
1456  7147.57738095  0.11
1457  7147.57738095  0.11
1458  7147.57738095  0.11
1459  7147.57738095  0.11
1460  7147.57738095  0.11
1461  7147.57738095  0.11
1462  7147.57738095  0.11
1463  7147.57738095  0.11
1464  7147.57738095  0.11
1465  7147.57738095  0.11
1466  7147.57738095  0.11
1467  7147.57738095  0.11
1468  7147.57738095  0.11
1469  7147.57738095  0.11
1470  7147.57738095  0.11
1471  7147.57738095  0.11
1472  7147.57738095  0.11
1473  7147.57738095  0.11
1474  7147.57738095  0.11
1475  7147.57738095  0.11
1476  7147.57738095  0.11
1477  7147.57738095  0.11
1478  7147.57738095  0.11
1479  7147.57738095  0.11
1480  7147.57738095  0.11
1481  7147.57738095  0.11
1482  7147.57738095  0.11
1483  7147.57738095  0.11
1484  7147.57738095  0.11
1485  7147.57738095  0.11
1486  7147.57738095  0.11
1487  7147.57738095  0.11
1488  7147.57738095  0.11
1489  7147.57738095  0.11
1490  7147.57738095  0.11
1491  7147.57738095  0.11
1492  7147.57738095  0.11
1493  7147.57738095  0.11
1494  7147.57738095  0.11
1495  7147.57738095  0.11
1496  7147.57738095  0.11
1497  7147.57738095  0.11
1498  7147.57738095  0.11
1499  7147.57738095  0.11
1500  7147.57738095  0.11
1501  7147.57738095  0.11
1502  7147.57738095  0.11
1503  7147.57738095  0.11
1504  7147.57738095  0.11
1505  7147.57738095  0.11
1506  7147.57738095  0.11
1507  7147.57738095  0.11
1508  7147.57738095  0.11
1509  7147.57738095  0.11
1510  7147.57738095  0.11
1511  7147.57738095  0.11
1512  7147.57738095  0.11
1513  7147.57738095  0.11
1514  7147.57738095  0.11
1515  7147.57738095  0.11
1516  7147.57738095  0.11
1517  7147.57738095  0.11
1518  7147.57738095  0.11
1519  7147.57738095  0.11
1520  7147.57738095  0.11
1521  7147.57738095  0.11
1522  7147.57738095  0.11
1523  7147.57738095  0.11
1524  7147.57738095  0.11
1525  7147.57738095  0.11
1526  7147.57738095  0.11
1527  7147.57738095  0.11
1528  7147.57738095  0.11
1529  7147.57738095  0.11
1530  7147.57738095  0.11
1531  7147.57738095  0.11
1532  7147.57738095  0.11
1533  7147.57738095  0.11
1534  7147.57738095  0.11
1535  7147.57738095  0.11
1536  7147.57738095  0.11
1537  7147.57738095  0.11
1538  7147.57738095  0.11
1539  7147.57738095  0.11
1540  7147.57738095  0.11
1541  7147.57738095  0.11
1542  7147.57738095  0.11
1543  7147.57738095  0.11
1544  7147.57738095  0.11
1545  7147.57738095  0.11
1546  7147.57738095  0.11
1547  7147.57738095  0.11
1548  7147.57738095  0.11
1549  7147.57738095  0.11
1550  7147.57738095  0.11
1551  7147.57738095  0.11
1552  7147.57738095  0.11
1553  7147.57738095  0.11
1554  7147.57738095  0.11
1555  7147.57738095  0.11
1556  7147.57738095  0.11
1557  7147.57738095  0.11
1558  7147.57738095  0.11
1559  7147.57738095  0.11
1560  7147.57738095  0.11
1561  7147.57738095  0.11
1562  7147.57738095  0.11
1563  7147.57738095  0.11
1564  7147.57738095  0.11
1565  7147.57738095  0.11
1566  7147.57738095  0.11
1567  7147.57738095  0.11
1568  7147.57738095  0.11
1569  7147.57738095  0.11
1570  7147.57738095  0.11
1571  7147.57738095  0.11
1572  7147.57738095  0.11
1573  7147.57738095  0.11
1574  7147.57738095  0.11
1575  7147.57738095  0.11
1576  7147.57738095  0.11
1577  7147.57738095  0.11
1578  7147.57738095  0.11
1579  7147.57738095  0.11
1580  7147.57738095  0.11
1581  7147.57738095  0.11
1582  7147.57738095  0.11
1583  7147.57738095  0.11
1584  7147.57738095  0.11
1585  7147.57738095  0.11
1586  7147.57738095  0.11
1587  7147.57738095  0.11
1588  7147.57738095  0.11
1589  7147.57738095  0.11
1590  7147.57738095  0.11
1591  7147.57738095  0.11
1592  7147.57738095  0.11
1593  7147.57738095  0.11
1594  7147.57738095  0.11
1595  7147.57738095  0.11
1596  7147.57738095  0.11
1597  7147.57738095  0.11
1598  7147.57738095  0.11
1599  7147.57738095  0.11
1600  7147.57738095  0.11
1601  7147.57738095  0.11
1602  7147.57738095  0.11
1603  7147.57738095  0.11
1604  7147.57738095  0.11
1605  7147.57738095  0.11
1606  7147.57738095  0.11
1607  7147.57738095  0.11
1608  7147.57738095  0.11
1609  7147.57738095  0.11
1610  7147.57738095  0.11
1611  7147.57738095  0.11
1612  7147.57738095  0.11
1613  7147.57738095  0.11
1614  7147.57738095  0.11
1615  7147.57738095  0.11
1616  7147.57738095  0.11
1617  7147.57738095  0.11
1618  7147.57738095  0.11
1619  7147.57738095  0.11
1620  7147.57738095  0.11
1621  7147.57738095  0.11
1622  7147.57738095  0.11
1623  7147.57738095  0.11
1624  7147.57738095  0.11
1625  7147.57738095  0.11
1626  7147.57738095  0.11
1627  7147.57738095  0.11
1628  7147.57738095  0.11
1629  7147.57738095  0.11
1630  7147.57738095  0.11
1631  7147.57738095  0.11
1632  7147.57738095  0.11
1633  7147.57738095  0.11
1634  7147.57738095  0.11
1635  7147.57738095  0.11
1636  7147.57738095  0.11
1637  7147.57738095  0.11
1638  7147.57738095  0.11
1639  7147.57738095  0.11
1640  7147.57738095  0.11
1641  7147.57738095  0.11
1642  7147.57738095  0.11
1643  7147.57738095  0.11
1644  7147.57738095  0.11
1645  7147.57738095  0.11
1646  7147.57738095  0.11
1647  7147.57738095  0.11
1648  7147.57738095  0.11
1649  7147.57738095  0.11
1650  7147.57738095  0.11
1651  7147.57738095  0.11
1652  7147.57738095  0.11
1653  7147.57738095  0.11
1654  7147.57738095  0.11
1655  7147.57738095  0.11
1656  7147.57738095  0.11
1657  7147.57738095  0.11
1658  7147.57738095  0.11
1659  7147.57738095  0.11
1660  7147.57738095  0.11
1661  7147.57738095  0.11
1662  7147.57738095  0.11
1663  7147.57738095  0.11
1664  7147.57738095  0.11
1665  7147.57738095  0.11
1666  7147.57738095  0.11
1667  7147.57738095  0.11
1668  7147.57738095  0.11
1669  7147.57738095  0.11
1670  7147.57738095  0.11
1671  7147.57738095  0.11
1672  7147.57738095  0.11
1673  7147.57738095  0.11
1674  7147.57738095  0.11
1675  7147.57738095  0.11
1676  7147.57738095  0.11
1677  7147.57738095  0.11
1678  7147.57738095  0.11
1679  7147.57738095  0.11
1680  7147.57738095  0.11
1681  7147.57738095  0.11
1682  7147.57738095  0.11
1683  7147.57738095  0.11
1684  7147.57738095  0.11
1685  7147.57738095  0.11
1686  7147.57738095  0.11
1687  7147.57738095  0.11
1688  7147.57738095  0.11
1689  7147.57738095  0.11
1690  7147.57738095  0.11
1691  7147.57738095  0.11
1692  7147.57738095  0.11
1693  7147.57738095  0.11
1694  7147.57738095  0.11
1695  7147.57738095  0.11
1696  7147.57738095  0.11
1697  7147.57738095  0.11
1698  7147.57738095  0.11
1699  7147.57738095  0.11
1700  7147.57738095  0.11
1701  7147.57738095  0.11
1702  7147.57738095  0.11
1703  7147.57738095  0.11
1704  7147.57738095  0.11
1705  7147.57738095  0.11
1706  7147.57738095  0.11
1707  7147.57738095  0.11
1708  7147.57738095  0.11
1709  7147.57738095  0.11
1710  7147.57738095  0.11
1711  7147.57738095  0.11
1712  7147.57738095  0.11
1713  7147.57738095  0.11
1714  7147.57738095  0.11
1715  7147.57738095  0.11
1716  7147.57738095  0.11
1717  7147.57738095  0.11
1718  7147.57738095  0.11
1719  7147.57738095  0.11
1720  7147.57738095  0.11
1721  7147.57738095  0.11
1722  7147.57738095  0.11
1723  7147.57738095  0.11
1724  7147.57738095  0.11
1725  7147.57738095  0.11
1726  7147.57738095  0.11
1727  7147.57738095  0.11
1728  7147.57738095  0.11
1729  7147.57738095  0.11
1730  7147.57738095  0.11
1731  7147.57738095  0.11
1732  7147.57738095  0.11
1733  7147.57738095  0.11
1734  7147.57738095  0.11
1735  7147.57738095  0.11
1736  7147.57738095  0.11
1737  7147.57738095  0.11
1738  7147.57738095  0.11
1739  7147.57738095  0.11
1740  7147.57738095  0.11
1741  7147.57738095  0.11
1742  7147.57738095  0.11
1743  7147.57738095  0.11
1744  7147.57738095  0.11
1745  7147.57738095  0.11
1746  7147.57738095  0.11
1747  7147.57738095  0.11
1748  7147.57738095  0.11
1749  7147.57738095  0.11
1750  7147.57738095  0.11
1751  7147.57738095  0.11
1752  7147.57738095  0.11
1753  7147.57738095  0.11
1754  7147.57738095  0.11
1755  7147.57738095  0.11
1756  7147.57738095  0.11
1757  7147.57738095  0.11
1758  7147.57738095  0.11
1759  7147.57738095  0.11
1760  7147.57738095  0.11
1761  7147.57738095  0.11
1762  7147.57738095  0.11
1763  7147.57738095  0.11
1764  7147.57738095  0.11
1765  7147.57738095  0.11
1766  7147.57738095  0.11
1767  7147.57738095  0.11
1768  7147.57738095  0.11
1769  7147.57738095  0.11
1770  7147.57738095  0.11
1771  7147.57738095  0.11
1772  7147.57738095  0.11
1773  7147.57738095  0.11
1774  7147.57738095  0.11
1775  7147.57738095  0.11
1776  7147.57738095  0.11
1777  7147.57738095  0.11
1778  7147.57738095  0.11
1779  7147.57738095  0.11
1780  7147.57738095  0.11
1781  7147.57738095  0.11
1782  7147.57738095  0.11
1783  7147.57738095  0.11
1784  7147.57738095  0.11
1785  7147.57738095  0.11
1786  7147.57738095  0.11
1787  7147.57738095  0.11
1788  7147.57738095  0.11
1789  7147.57738095  0.11
1790  7147.57738095  0.11
1791  7147.57738095  0.11
1792  7147.57738095  0.11
1793  7147.57738095  0.11
1794  7147.57738095  0.11
1795  7147.57738095  0.11
1796  7147.57738095  0.11
1797  7147.57738095  0.11
1798  7147.57738095  0.11
1799  7147.57738095  0.11
1800  7147.57738095  0.11
1801  7147.57738095  0.11
1802  7147.57738095  0.11
1803  7147.57738095  0.11
1804  7147.57738095  0.11
1805  7147.57738095  0.11
1806  7147.57738095  0.11
1807  7147.57738095  0.11
1808  7147.57738095  0.11
1809  7147.57738095  0.11
1810  7147.57738095  0.11
1811  7147.57738095  0.11
1812  7147.57738095  0.11
1813  7147.57738095  0.11
1814  7147.57738095  0.11
1815  7147.57738095  0.11
1816  7147.57738095  0.11
1817  7147.57738095  0.11
1818  7147.57738095  0.11
1819  7147.57738095  0.11
1820  7147.57738095  0.11
1821  7147.57738095  0.11
1822  7147.57738095  0.11
1823  7147.57738095  0.11
1824  7147.57738095  0.11
1825  7147.57738095  0.11
1826  7147.57738095  0.11
1827  7147.57738095  0.11
1828  7147.57738095  0.11
1829  7147.57738095  0.11
1830  7147.57738095  0.11
1831  7147.57738095  0.11
1832  7147.57738095  0.11
1833  7147.57738095  0.11
1834  7147.57738095  0.11
1835  7147.57738095  0.11
1836  7147.57738095  0.11
1837  7147.57738095  0.11
1838  7147.57738095  0.11
1839  7147.57738095  0.11
1840  7147.57738095  0.11
1841  7147.57738095  0.11
1842  7147.57738095  0.11
1843  7147.57738095  0.11
1844  7147.57738095  0.11
1845  7147.57738095  0.11
1846  7147.57738095  0.11
1847  7147.57738095  0.11
1848  7147.57738095  0.11
1849  7147.57738095  0.11
1850  7147.57738095  0.11
1851  7147.57738095  0.11
1852  7147.57738095  0.11
1853  7147.57738095  0.11
1854  7147.57738095  0.11
1855  7147.57738095  0.11
1856  7147.57738095  0.11
1857  7147.57738095  0.11
1858  7147.57738095  0.11
1859  7147.57738095  0.11
1860  7147.57738095  0.11
1861  7147.57738095  0.11
1862  7147.57738095  0.11
1863  7147.57738095  0.11
1864  7147.57738095  0.11
1865  7147.57738095  0.11
1866  7147.57738095  0.11
1867  7147.57738095  0.11
1868  7147.57738095  0.11
1869  7147.57738095  0.11
1870  7147.57738095  0.11
1871  7147.57738095  0.11
1872  7147.57738095  0.11
1873  7147.57738095  0.11
1874  7147.57738095  0.11
1875  7147.57738095  0.11
1876  7147.57738095  0.11
1877  7147.57738095  0.11
1878  7147.57738095  0.11
1879  7147.57738095  0.11
1880  7147.57738095  0.11
1881  7147.57738095  0.11
1882  7147.57738095  0.11
1883  7147.57738095  0.11
1884  7147.57738095  0.11
1885  7147.57738095  0.11
1886  7147.57738095  0.11
1887  7147.57738095  0.11
1888  7147.57738095  0.11
1889  7147.57738095  0.11
1890  7147.57738095  0.11
1891  7147.57738095  0.11
1892  7147.57738095  0.11
1893  7147.57738095  0.11
1894  7147.57738095  0.11
1895  7147.57738095  0.11
1896  7147.57738095  0.11
1897  7147.57738095  0.11
1898  7147.57738095  0.11
1899  7147.57738095  0.11
1900  7147.57738095  0.11
1901  7147.57738095  0.11
1902  7147.57738095  0.11
1903  7147.57738095  0.11
1904  7147.57738095  0.11
1905  7147.57738095  0.11
1906  7147.57738095  0.11
1907  7147.57738095  0.11
1908  7147.57738095  0.11
1909  7147.57738095  0.11
1910  7147.57738095  0.11
1911  7147.57738095  0.11
1912  7147.57738095  0.11
1913  7147.57738095  0.11
1914  7147.57738095  0.11
1915  7147.57738095  0.11
1916  7147.57738095  0.11
1917  7147.57738095  0.11
1918  7147.57738095  0.11
1919  7147.57738095  0.11
1920  7147.57738095  0.11
1921  7147.57738095  0.11
1922  7147.57738095  0.11
1923  7147.57738095  0.11
1924  7147.57738095  0.11
1925  7147.57738095  0.11
1926  7147.57738095  0.11
1927  7147.57738095  0.11
1928  7147.57738095  0.11
1929  7147.57738095  0.11
1930  7147.57738095  0.11
1931  7147.57738095  0.11
1932  7147.57738095  0.11
1933  7147.57738095  0.11
1934  7147.57738095  0.11
1935  7147.57738095  0.11
1936  7147.57738095  0.11
1937  7147.57738095  0.11
1938  7147.57738095  0.11
1939  7147.57738095  0.11
1940  7147.57738095  0.11
1941  7147.57738095  0.11
1942  7147.57738095  0.11
1943  7147.57738095  0.11
1944  7147.57738095  0.11
1945  7147.57738095  0.11
1946  7147.57738095  0.11
1947  7147.57738095  0.11
1948  7147.57738095  0.11
1949  7147.57738095  0.11
1950  7147.57738095  0.11
1951  7147.57738095  0.11
1952  7147.57738095  0.11
1953  7147.57738095  0.11
1954  7147.57738095  0.11
1955  7147.57738095  0.11
1956  7147.57738095  0.11
1957  7147.57738095  0.11
1958  7147.57738095  0.11
1959  7147.57738095  0.11
1960  7147.57738095  0.11
1961  7147.57738095  0.11
1962  7147.57738095  0.11
1963  7147.57738095  0.11
1964  7147.57738095  0.11
1965  7147.57738095  0.11
1966  7147.57738095  0.11
1967  7147.57738095  0.11
1968  7147.57738095  0.11
1969  7147.57738095  0.11
1970  7147.57738095  0.11
1971  7147.57738095  0.11
1972  7147.57738095  0.11
1973  7147.57738095  0.11
1974  7147.57738095  0.11
1975  7147.57738095  0.11
1976  7147.57738095  0.11
1977  7147.57738095  0.11
1978  7147.57738095  0.11
1979  7147.57738095  0.11
1980  7147.57738095  0.11
1981  7147.57738095  0.11
1982  7147.57738095  0.11
1983  7147.57738095  0.11
1984  7147.57738095  0.11
1985  7147.57738095  0.11
1986  7147.57738095  0.11
1987  7147.57738095  0.11
1988  7147.57738095  0.11
1989  7147.57738095  0.11
1990  7147.57738095  0.11
1991  7147.57738095  0.11
1992  7147.57738095  0.11
1993  7147.57738095  0.11
1994  7147.57738095  0.11
1995  7147.57738095  0.11
1996  7147.57738095  0.11
1997  7147.57738095  0.11
1998  7147.57738095  0.11
1999  7147.57738095  0.11
2000  7147.57738095  0.11
2001  7147.57738095  0.11
2002  7147.57738095  0.11
2003  7147.57738095  0.11
2004  7147.57738095  0.11
2005  7147.57738095  0.11
2006  7147.57738095  0.11
2007  7147.57738095  0.11
2008  7147.57738095  0.11
2009  7147.57738095  0.11
2010  7147.57738095  0.11
2011  7147.57738095  0.11
2012  7147.57738095  0.11
2013  7147.57738095  0.11
2014  7147.57738095  0.11
2015  7147.57738095  0.11
2016  7147.57738095  0.11
2017  7147.57738095  0.11
2018  7147.57738095  0.11
2019  7147.57738095  0.11
2020  7147.57738095  0.11
2021  7147.57738095  0.11
2022  7147.57738095  0.11
2023  7147.57738095  0.11
2024  7147.57738095  0.11
2025  7147.57738095  0.11
2026  7147.57738095  0.11
2027  7147.57738095  0.11
2028  7147.57738095  0.11
2029  7147.57738095  0.11
2030  7147.57738095  0.11
2031  7147.57738095  0.11
2032  7147.57738095  0.11
2033  7147.57738095  0.11
2034  7147.57738095  0.11
2035  7147.57738095  0.11
2036  7147.57738095  0.11
2037  7147.57738095  0.11
2038  7147.57738095  0.11
2039  7147.57738095  0.11
2040  7147.57738095  0.11
2041  7147.57738095  0.11
2042  7147.57738095  0.11
2043  7147.57738095  0.11
2044  7147.57738095  0.11
2045  7147.57738095  0.11
2046  7147.57738095  0.11
2047  7147.57738095  0.11
2048  7147.57738095  0.11
2049  7147.57738095  0.11
2050  7147.57738095  0.11
2051  7147.57738095  0.11
2052  7147.57738095  0.11
2053  7147.57738095  0.11
2054  7147.57738095  0.11
2055  7147.57738095  0.11
2056  7147.57738095  0.11
2057  7147.57738095  0.11
2058  7147.57738095  0.11
2059  7147.57738095  0.11
2060  7147.57738095  0.11
2061  7147.57738095  0.11
2062  7147.57738095  0.11
2063  7147.57738095  0.11
2064  7147.57738095  0.11
2065  7147.57738095  0.11
2066  7147.57738095  0.11
2067  7147.57738095  0.11
2068  7147.57738095  0.11
2069  7147.57738095  0.11
2070  7147.57738095  0.11
2071  7147.57738095  0.11
2072  7147.57738095  0.11
2073  7147.57738095  0.11
2074  7147.57738095  0.11
2075  7147.57738095  0.11
2076  7147.57738095  0.11
2077  7147.57738095  0.11
2078  7147.57738095  0.11
2079  7147.57738095  0.11
2080  7147.57738095  0.11
2081  7147.57738095  0.11
2082  7147.57738095  0.11
2083  7147.57738095  0.11
2084  7147.57738095  0.11
2085  7147.57738095  0.11
2086  7147.57738095  0.11
2087  7147.57738095  0.11
2088  7147.57738095  0.11
2089  7147.57738095  0.11
2090  7147.57738095  0.11
2091  7147.57738095  0.11
2092  7147.57738095  0.11
2093  7147.57738095  0.11
2094  7147.57738095  0.11
2095  7147.57738095  0.11
2096  7147.57738095  0.11
2097  7147.57738095  0.11
2098  7147.57738095  0.11
2099  7147.57738095  0.11
2100  7147.57738095  0.11
2101  7147.57738095  0.11
2102  7147.57738095  0.11
2103  7147.57738095  0.11
2104  7147.57738095  0.11
2105  7147.57738095  0.11
2106  7147.57738095  0.11
2107  7147.57738095  0.11
2108  7147.57738095  0.11
2109  7147.57738095  0.11
2110  7147.57738095  0.11
2111  7147.57738095  0.11
2112  7147.57738095  0.11
2113  7147.57738095  0.11
2114  7147.57738095  0.11
2115  7147.57738095  0.11
2116  7147.57738095  0.11
2117  7147.57738095  0.11
2118  7147.57738095  0.11
2119  7147.57738095  0.11
2120  7147.57738095  0.11
2121  7147.57738095  0.11
2122  7147.57738095  0.11
2123  7147.57738095  0.11
2124  7147.57738095  0.11
2125  7147.57738095  0.11
2126  7147.57738095  0.11
2127  7147.57738095  0.11
2128  7147.57738095  0.11
2129  7147.57738095  0.11
2130  7147.57738095  0.11
2131  7147.57738095  0.11
2132  7147.57738095  0.11
2133  7147.57738095  0.11
2134  7147.57738095  0.11
2135  7147.57738095  0.11
2136  7147.57738095  0.11
2137  7147.57738095  0.11
2138  7147.57738095  0.11
2139  7147.57738095  0.11
2140  7147.57738095  0.11
2141  7147.57738095  0.11
2142  7147.57738095  0.11
2143  7147.57738095  0.11
2144  7147.57738095  0.11
2145  7147.57738095  0.11
2146  7147.57738095  0.11
2147  7147.57738095  0.11
2148  7147.57738095  0.11
2149  7147.57738095  0.11
2150  7147.57738095  0.11
2151  7147.57738095  0.11
2152  7147.57738095  0.11
2153  7147.57738095  0.11
2154  7147.57738095  0.11
2155  7147.57738095  0.11
2156  7147.57738095  0.11
2157  7147.57738095  0.11
2158  7147.57738095  0.11
2159  7147.57738095  0.11
2160  7147.57738095  0.11
2161  7147.57738095  0.11
2162  7147.57738095  0.11
2163  7147.57738095  0.11
2164  7147.57738095  0.11
2165  7147.57738095  0.11
2166  7147.57738095  0.11
2167  7147.57738095  0.11
2168  7147.57738095  0.11
2169  7147.57738095  0.11
2170  7147.57738095  0.11
2171  7147.57738095  0.11
2172  7147.57738095  0.11
2173  7147.57738095  0.11
2174  7147.57738095  0.11
2175  7147.57738095  0.11
2176  7147.57738095  0.11
2177  7147.57738095  0.11
2178  7147.57738095  0.11
2179  7147.57738095  0.11
2180  7147.57738095  0.11
2181  7147.57738095  0.11
2182  7147.57738095  0.11
2183  7147.57738095  0.11
2184  7147.57738095  0.11
2185  7147.57738095  0.11
2186  7147.57738095  0.11
2187  7147.57738095  0.11
2188  7147.57738095  0.11
2189  7147.57738095  0.11
2190  7147.57738095  0.11
2191  7147.57738095  0.11
2192  7147.57738095  0.11
2193  7147.57738095  0.11
2194  7147.57738095  0.11
2195  7147.57738095  0.11
2196  7147.57738095  0.11
2197  7147.57738095  0.11
2198  7147.57738095  0.11
2199  7147.57738095  0.11
2200  7147.57738095  0.11
2201  7147.57738095  0.11
2202  7147.57738095  0.11
2203  7147.57738095  0.11
2204  7147.57738095  0.11
2205  7147.57738095  0.11
2206  7147.57738095  0.11
2207  7147.57738095  0.11
2208  7147.57738095  0.11
2209  7147.57738095  0.11
2210  7147.57738095  0.11
2211  7147.57738095  0.11
2212  7147.57738095  0.11
2213  7147.57738095  0.11
2214  7147.57738095  0.11
2215  7147.57738095  0.11
2216  7147.57738095  0.11
2217  7147.57738095  0.11
2218  7147.57738095  0.11
2219  7147.57738095  0.11
2220  7147.57738095  0.11
2221  7147.57738095  0.11
2222  7147.57738095  0.11
2223  7147.57738095  0.11
2224  7147.57738095  0.11
2225  7147.57738095  0.11
2226  7147.57738095  0.11
2227  7147.57738095  0.11
2228  7147.57738095  0.11
2229  7147.57738095  0.11
2230  7147.57738095  0.11
2231  7147.57738095  0.11
2232  7147.57738095  0.11
2233  7147.57738095  0.11
2234  7147.57738095  0.11
2235  7147.57738095  0.11
2236  7147.57738095  0.11
2237  7147.57738095  0.11
2238  7147.57738095  0.11
2239  7147.57738095  0.11
2240  7147.57738095  0.11
2241  7147.57738095  0.11
2242  7147.57738095  0.11
2243  7147.57738095  0.11
2244  7147.57738095  0.11
2245  7147.57738095  0.11
2246  7147.57738095  0.11
2247  7147.57738095  0.11
2248  7147.57738095  0.11
2249  7147.57738095  0.11
2250  7147.57738095  0.11
2251  7147.57738095  0.11
2252  7147.57738095  0.11
2253  7147.57738095  0.11
2254  7147.57738095  0.11
2255  7147.57738095  0.11
2256  7147.57738095  0.11
2257  7147.57738095  0.11
2258  7147.57738095  0.11
2259  7147.57738095  0.11
2260  7147.57738095  0.11
2261  7147.57738095  0.11
2262  7147.57738095  0.11
2263  7147.57738095  0.11
2264  7147.57738095  0.11
2265  7147.57738095  0.11
2266  7147.57738095  0.11
2267  7147.57738095  0.11
2268  7147.57738095  0.11
2269  7147.57738095  0.11
2270  7147.57738095  0.11
2271  7147.57738095  0.11
2272  7147.57738095  0.11
2273  7147.57738095  0.11
2274  7147.57738095  0.11
2275  7147.57738095  0.11
2276  7147.57738095  0.11
2277  7147.57738095  0.11
2278  7147.57738095  0.11
2279  7147.57738095  0.11
2280  7147.57738095  0.11
2281  7147.57738095  0.11
2282  7147.57738095  0.11
2283  7147.57738095  0.11
2284  7147.57738095  0.11
2285  7147.57738095  0.11
2286  7147.57738095  0.11
2287  7147.57738095  0.11
2288  7147.57738095  0.11
2289  7147.57738095  0.11
2290  7147.57738095  0.11
2291  7147.57738095  0.11
2292  7147.57738095  0.11
2293  7147.57738095  0.11
2294  7147.57738095  0.11
2295  7147.57738095  0.11
2296  7147.57738095  0.11
2297  7147.57738095  0.11
2298  7147.57738095  0.11
2299  7147.57738095  0.11
2300  7147.57738095  0.11
2301  7147.57738095  0.11
2302  7147.57738095  0.11
2303  7147.57738095  0.11
2304  7147.57738095  0.11
2305  7147.57738095  0.11
2306  7147.57738095  0.11
2307  7147.57738095  0.11
2308  7147.57738095  0.11
2309  7147.57738095  0.11
2310  7147.57738095  0.11
2311  7147.57738095  0.11
2312  7147.57738095  0.11
2313  7147.57738095  0.11
2314  7147.57738095  0.11
2315  7147.57738095  0.11
2316  7147.57738095  0.11
2317  7147.57738095  0.11
2318  7147.57738095  0.11
2319  7147.57738095  0.11
2320  7147.57738095  0.11
2321  7147.57738095  0.11
2322  7147.57738095  0.11
2323  7147.57738095  0.11
2324  7147.57738095  0.11
2325  7147.57738095  0.11
2326  7147.57738095  0.11
2327  7147.57738095  0.11
2328  7147.57738095  0.11
2329  7147.57738095  0.11
2330  7147.57738095  0.11
2331  7147.57738095  0.11
2332  7147.57738095  0.11
2333  7147.57738095  0.11
2334  7147.57738095  0.11
2335  7147.57738095  0.11
2336  7147.57738095  0.11
2337  7147.57738095  0.11
2338  7147.57738095  0.11
2339  7147.57738095  0.11
2340  7147.57738095  0.11
2341  7147.57738095  0.11
2342  7147.57738095  0.11
2343  7147.57738095  0.11
2344  7147.57738095  0.11
2345  7147.57738095  0.11
2346  7147.57738095  0.11
2347  7147.57738095  0.11
2348  7147.57738095  0.11
2349  7147.57738095  0.11
2350  7147.57738095  0.11
2351  7147.57738095  0.11
2352  7147.57738095  0.11
2353  7147.57738095  0.11
2354  7147.57738095  0.11
2355  7147.57738095  0.11
2356  7147.57738095  0.11
2357  7147.57738095  0.11
2358  7147.57738095  0.11
2359  7147.57738095  0.11
2360  7147.57738095  0.11
2361  7147.57738095  0.11
2362  7147.57738095  0.11
2363  7147.57738095  0.11
2364  7147.57738095  0.11
2365  7147.57738095  0.11
2366  7147.57738095  0.11
2367  7147.57738095  0.11
2368  7147.57738095  0.11
2369  7147.57738095  0.11
2370  7147.57738095  0.11
2371  7147.57738095  0.11
2372  7147.57738095  0.11
2373  7147.57738095  0.11
2374  7147.57738095  0.11
2375  7147.57738095  0.11
2376  7147.57738095  0.11
2377  7147.57738095  0.11
2378  7147.57738095  0.11
2379  7147.57738095  0.11
2380  7147.57738095  0.11
2381  7147.57738095  0.11
2382  7147.57738095  0.11
2383  7147.57738095  0.11
2384  7147.57738095  0.11
2385  7147.57738095  0.11
2386  7147.57738095  0.11
2387  7147.57738095  0.11
2388  7147.57738095  0.11
2389  7147.57738095  0.11
2390  7147.57738095  0.11
2391  7147.57738095  0.11
2392  7147.57738095  0.11
2393  7147.57738095  0.11
2394  7147.57738095  0.11
2395  7147.57738095  0.11
2396  7147.57738095  0.11
2397  7147.57738095  0.11
2398  7147.57738095  0.11
2399  7147.57738095  0.11
2400  7147.57738095  0.11
2401  7147.57738095  0.11
2402  7147.57738095  0.11
2403  7147.57738095  0.11
2404  7147.57738095  0.11
2405  7147.57738095  0.11
2406  7147.57738095  0.11
2407  7147.57738095  0.11
2408  7147.57738095  0.11
2409  7147.57738095  0.11
2410  7147.57738095  0.11
2411  7147.57738095  0.11
2412  7147.57738095  0.11
2413  7147.57738095  0.11
2414  7147.57738095  0.11
2415  7147.57738095  0.11
2416  7147.57738095  0.11
2417  7147.57738095  0.11
2418  7147.57738095  0.11
2419  7147.57738095  0.11
2420  7147.57738095  0.11
2421  7147.57738095  0.11
2422  7147.57738095  0.11
2423  7147.57738095  0.11
2424  7147.57738095  0.11
2425  7147.57738095  0.11
2426  7147.57738095  0.11
2427  7147.57738095  0.11
2428  7147.57738095  0.11
2429  7147.57738095  0.11
2430  7147.57738095  0.11
2431  7147.57738095  0.11
2432  7147.57738095  0.11
2433  7147.57738095  0.11
2434  7147.57738095  0.11
2435  7147.57738095  0.11
2436  7147.57738095  0.11
2437  7147.57738095  0.11
2438  7147.57738095  0.11
2439  7147.57738095  0.11
2440  7147.57738095  0.11
2441  7147.57738095  0.11
2442  7147.57738095  0.11
2443  7147.57738095  0.11
2444  7147.57738095  0.11
2445  7147.57738095  0.11
2446  7147.57738095  0.11
2447  7147.57738095  0.11
2448  7147.57738095  0.11
2449  7147.57738095  0.11
2450  7147.57738095  0.11
2451  7147.57738095  0.11
2452  7147.57738095  0.11
2453  7147.57738095  0.11
2454  7147.57738095  0.11
2455  7147.57738095  0.11
2456  7147.57738095  0.11
2457  7147.57738095  0.11
2458  7147.57738095  0.11
2459  7147.57738095  0.11
2460  7147.57738095  0.11
2461  7147.57738095  0.11
2462  7147.57738095  0.11
2463  7147.57738095  0.11
2464  7147.57738095  0.11
2465  7147.57738095  0.11
2466  7147.57738095  0.11
2467  7147.57738095  0.11
2468  7147.57738095  0.11
2469  7147.57738095  0.11
2470  7147.57738095  0.11
2471  7147.57738095  0.11
2472  7147.57738095  0.11
2473  7147.57738095  0.11
2474  7147.57738095  0.11
2475  7147.57738095  0.11
2476  7147.57738095  0.11
2477  7147.57738095  0.11
2478  7147.57738095  0.11
2479  7147.57738095  0.11
2480  7147.57738095  0.11
2481  7147.57738095  0.11
2482  7147.57738095  0.11
2483  7147.57738095  0.11
2484  7147.57738095  0.11
2485  7147.57738095  0.11
2486  7147.57738095  0.11
2487  7147.57738095  0.11
2488  7147.57738095  0.11
2489  7147.57738095  0.11
2490  7147.57738095  0.11
2491  7147.57738095  0.11
2492  7147.57738095  0.11
2493  7147.57738095  0.11
2494  7147.57738095  0.11
2495  7147.57738095  0.11
2496  7147.57738095  0.11
2497  7147.57738095  0.11
2498  7147.57738095  0.11
2499  7147.57738095  0.11
2500  7147.57738095  0.11
2501  7147.57738095  0.11
2502  7147.57738095  0.11
2503  7147.57738095  0.11
2504  7147.57738095  0.11
2505  7147.57738095  0.11
2506  7147.57738095  0.11
2507  7147.57738095  0.11
2508  7147.57738095  0.11
2509  7147.57738095  0.11
2510  7147.57738095  0.11
2511  7147.57738095  0.11
2512  7147.57738095  0.11
2513  7147.57738095  0.11
2514  7147.57738095  0.11
2515  7147.57738095  0.11
2516  7147.57738095  0.11
2517  7147.57738095  0.11
2518  7147.57738095  0.11
2519  7147.57738095  0.11
2520  7147.57738095  0.11
2521  7147.57738095  0.11
2522  7147.57738095  0.11
2523  7147.57738095  0.11
2524  7147.57738095  0.11
2525  7147.57738095  0.11
2526  7147.57738095  0.11
2527  7147.57738095  0.11
2528  7147.57738095  0.11
2529  7147.57738095  0.11
2530  7147.57738095  0.11
2531  7147.57738095  0.11
2532  7147.57738095  0.11
2533  7147.57738095  0.11
2534  7147.57738095  0.11
2535  7147.57738095  0.11
2536  7147.57738095  0.11
2537  7147.57738095  0.11
2538  7147.57738095  0.11
2539  7147.57738095  0.11
2540  7147.57738095  0.11
2541  7147.57738095  0.11
2542  7147.57738095  0.11
2543  7147.57738095  0.11
2544  7147.57738095  0.11
2545  7147.57738095  0.11
2546  7147.57738095  0.11
2547  7147.57738095  0.11
2548  7147.57738095  0.11
2549  7147.57738095  0.11
2550  7147.57738095  0.11
2551  7147.57738095  0.11
2552  7147.57738095  0.11
2553  7147.57738095  0.11
2554  7147.57738095  0.11
2555  7147.57738095  0.11
2556  7147.57738095  0.11
2557  7147.57738095  0.11
2558  7147.57738095  0.11
2559  7147.57738095  0.11
2560  7147.57738095  0.11
2561  7147.57738095  0.11
2562  7147.57738095  0.11
2563  7147.57738095  0.11
2564  7147.57738095  0.11
2565  7147.57738095  0.11
2566  7147.57738095  0.11
2567  7147.57738095  0.11
2568  7147.57738095  0.11
2569  7147.57738095  0.11
2570  7147.57738095  0.11
2571  7147.57738095  0.11
2572  7147.57738095  0.11
2573  7147.57738095  0.11
2574  7147.57738095  0.11
2575  7147.57738095  0.11
2576  7147.57738095  0.11
2577  7147.57738095  0.11
2578  7147.57738095  0.11
2579  7147.57738095  0.11
2580  7147.57738095  0.11
2581  7147.57738095  0.11
2582  7147.57738095  0.11
2583  7147.57738095  0.11
2584  7147.57738095  0.11
2585  7147.57738095  0.11
2586  7147.57738095  0.11
2587  7147.57738095  0.11
2588  7147.57738095  0.11
2589  7147.57738095  0.11
2590  7147.57738095  0.11
2591  7147.57738095  0.11
2592  7147.57738095  0.11
2593  7147.57738095  0.11
2594  7147.57738095  0.11
2595  7147.57738095  0.11
2596  7147.57738095  0.11
2597  7147.57738095  0.11
2598  7147.57738095  0.11
2599  7147.57738095  0.11
2600  7147.57738095  0.11
2601  7147.57738095  0.11
2602  7147.57738095  0.11
2603  7147.57738095  0.11
2604  7147.57738095  0.11
2605  7147.57738095  0.11
2606  7147.57738095  0.11
2607  7147.57738095  0.11
2608  7147.57738095  0.11
2609  7147.57738095  0.11
2610  7147.57738095  0.11
2611  7147.57738095  0.11
2612  7147.57738095  0.11
2613  7147.57738095  0.11
2614  7147.57738095  0.11
2615  7147.57738095  0.11
2616  7147.57738095  0.11
2617  7147.57738095  0.11
2618  7147.57738095  0.11
2619  7147.57738095  0.11
2620  7147.57738095  0.11
2621  7147.57738095  0.11
2622  7147.57738095  0.11
2623  7147.57738095  0.11
2624  7147.57738095  0.11
2625  7147.57738095  0.11
2626  7147.57738095  0.11
2627  7147.57738095  0.11
2628  7147.57738095  0.11
2629  7147.57738095  0.11
2630  7147.57738095  0.11
2631  7147.57738095  0.11
2632  7147.57738095  0.11
2633  7147.57738095  0.11
2634  7147.57738095  0.11
2635  7147.57738095  0.11
2636  7147.57738095  0.11
2637  7147.57738095  0.11
2638  7147.57738095  0.11
2639  7147.57738095  0.11
2640  7147.57738095  0.11
2641  7147.57738095  0.11
2642  7147.57738095  0.11
2643  7147.57738095  0.11
2644  7147.57738095  0.11
2645  7147.57738095  0.11
2646  7147.57738095  0.11
2647  7147.57738095  0.11
2648  7147.57738095  0.11
2649  7147.57738095  0.11
2650  7147.57738095  0.11
2651  7147.57738095  0.11
2652  7147.57738095  0.11
2653  7147.57738095  0.11
2654  7147.57738095  0.11
2655  7147.57738095  0.11
2656  7147.57738095  0.11
2657  7147.57738095  0.11
2658  7147.57738095  0.11
2659  7147.57738095  0.11
2660  7147.57738095  0.11
2661  7147.57738095  0.11
2662  7147.57738095  0.11
2663  7147.57738095  0.11
2664  7147.57738095  0.11
2665  7147.57738095  0.11
2666  7147.57738095  0.11
2667  7147.57738095  0.11
2668  7147.57738095  0.11
2669  7147.57738095  0.11
2670  7147.57738095  0.11
2671  7147.57738095  0.11
2672  7147.57738095  0.11
2673  7147.57738095  0.11
2674  7147.57738095  0.11
2675  7147.57738095  0.11
2676  7147.57738095  0.11
2677  7147.57738095  0.11
2678  7147.57738095  0.11
2679  7147.57738095  0.11
2680  7147.57738095  0.11
2681  7147.57738095  0.11
2682  7147.57738095  0.11
2683  7147.57738095  0.11
2684  7147.57738095  0.11
2685  7147.57738095  0.11
2686  7147.57738095  0.11
2687  7147.57738095  0.11
2688  7147.57738095  0.11
2689  7147.57738095  0.11
2690  7147.57738095  0.11
2691  7147.57738095  0.11
2692  7147.57738095  0.11
2693  7147.57738095  0.11
2694  7147.57738095  0.11
2695  7147.57738095  0.11
2696  7147.57738095  0.11
2697  7147.57738095  0.11
2698  7147.57738095  0.11
2699  7147.57738095  0.11
2700  7147.57738095  0.11
2701  7147.57738095  0.11
2702  7147.57738095  0.11
2703  7147.57738095  0.11
2704  7147.57738095  0.11
2705  7147.57738095  0.11
2706  7147.57738095  0.11
2707  7147.57738095  0.11
2708  7147.57738095  0.11
2709  7147.57738095  0.11
2710  7147.57738095  0.11
2711  7147.57738095  0.11
2712  7147.57738095  0.11
2713  7147.57738095  0.11
2714  7147.57738095  0.11
2715  7147.57738095  0.11
2716  7147.57738095  0.11
2717  7147.57738095  0.11
2718  7147.57738095  0.11
2719  7147.57738095  0.11
2720  7147.57738095  0.11
2721  7147.57738095  0.11
2722  7147.57738095  0.11
2723  7147.57738095  0.11
2724  7147.57738095  0.11
2725  7147.57738095  0.11
2726  7147.57738095  0.11
2727  7147.57738095  0.11
2728  7147.57738095  0.11
2729  7147.57738095  0.11
2730  7147.57738095  0.11
2731  7147.57738095  0.11
2732  7147.57738095  0.11
2733  7147.57738095  0.11
2734  7147.57738095  0.11
2735  7147.57738095  0.11
2736  7147.57738095  0.11
2737  7147.57738095  0.11
2738  7147.57738095  0.11
2739  7147.57738095  0.11
2740  7147.57738095  0.11
2741  7147.57738095  0.11
2742  7147.57738095  0.11
2743  7147.57738095  0.11
2744  7147.57738095  0.11
2745  7147.57738095  0.11
2746  7147.57738095  0.11
2747  7147.57738095  0.11
2748  7147.57738095  0.11
2749  7147.57738095  0.11
2750  7147.57738095  0.11
2751  7147.57738095  0.11
2752  7147.57738095  0.11
2753  7147.57738095  0.11
2754  7147.57738095  0.11
2755  7147.57738095  0.11
2756  7147.57738095  0.11
2757  7147.57738095  0.11
2758  7147.57738095  0.11
2759  7147.57738095  0.11
2760  7147.57738095  0.11
2761  7147.57738095  0.11
2762  7147.57738095  0.11
2763  7147.57738095  0.11
2764  7147.57738095  0.11
2765  7147.57738095  0.11
2766  7147.57738095  0.11
2767  7147.57738095  0.11
2768  7147.57738095  0.11
2769  7147.57738095  0.11
2770  7147.57738095  0.11
2771  7147.57738095  0.11
2772  7147.57738095  0.11
2773  7147.57738095  0.11
2774  7147.57738095  0.11
2775  7147.57738095  0.11
2776  7147.57738095  0.11
2777  7147.57738095  0.11
2778  7147.57738095  0.11
2779  7147.57738095  0.11
2780  7147.57738095  0.11
2781  7147.57738095  0.11
2782  7147.57738095  0.11
2783  7147.57738095  0.11
2784  7147.57738095  0.11
2785  7147.57738095  0.11
2786  7147.57738095  0.11
2787  7147.57738095  0.11
2788  7147.57738095  0.11
2789  7147.57738095  0.11
2790  7147.57738095  0.11
2791  7147.57738095  0.11
2792  7147.57738095  0.11
2793  7147.57738095  0.11
2794  7147.57738095  0.11
2795  7147.57738095  0.11
2796  7147.57738095  0.11
2797  7147.57738095  0.11
2798  7147.57738095  0.11
2799  7147.57738095  0.11
2800  7147.57738095  0.11
2801  7147.57738095  0.11
2802  7147.57738095  0.11
2803  7147.57738095  0.11
2804  7147.57738095  0.11
2805  7147.57738095  0.11
2806  7147.57738095  0.11
2807  7147.57738095  0.11
2808  7147.57738095  0.11
2809  7147.57738095  0.11
2810  7147.57738095  0.11
2811  7147.57738095  0.11
2812  7147.57738095  0.11
2813  7147.57738095  0.11
2814  7147.57738095  0.11
2815  7147.57738095  0.11
2816  7147.57738095  0.11
2817  7147.57738095  0.11
2818  7147.57738095  0.11
2819  7147.57738095  0.11
2820  7147.57738095  0.11
2821  7147.57738095  0.11
2822  7147.57738095  0.11
2823  7147.57738095  0.11
2824  7147.57738095  0.11
2825  7147.57738095  0.11
2826  7147.57738095  0.11
2827  7147.57738095  0.11
2828  7147.57738095  0.11
2829  7147.57738095  0.11
2830  7147.57738095  0.11
2831  7147.57738095  0.11
2832  7147.57738095  0.11
2833  7147.57738095  0.11
2834  7147.57738095  0.11
2835  7147.57738095  0.11
2836  7147.57738095  0.11
2837  7147.57738095  0.11
2838  7147.57738095  0.11
2839  7147.57738095  0.11
2840  7147.57738095  0.11
2841  7147.57738095  0.11
2842  7147.57738095  0.11
2843  7147.57738095  0.11
2844  7147.57738095  0.11
2845  7147.57738095  0.11
2846  7147.57738095  0.11
2847  7147.57738095  0.11
2848  7147.57738095  0.11
2849  7147.57738095  0.11
2850  7147.57738095  0.11
2851  7147.57738095  0.11
2852  7147.57738095  0.11
2853  7147.57738095  0.11
2854  7147.57738095  0.11
2855  7147.57738095  0.11
2856  7147.57738095  0.11
2857  7147.57738095  0.11
2858  7147.57738095  0.11
2859  7147.57738095  0.11
2860  7147.57738095  0.11
2861  7147.57738095  0.11
2862  7147.57738095  0.11
2863  7147.57738095  0.11
2864  7147.57738095  0.11
2865  7147.57738095  0.11
2866  7147.57738095  0.11
2867  7147.57738095  0.11
2868  7147.57738095  0.11
2869  7147.57738095  0.11
2870  7147.57738095  0.11
2871  7147.57738095  0.11
2872  7147.57738095  0.11
2873  7147.57738095  0.11
2874  7147.57738095  0.11
2875  7147.57738095  0.11
2876  7147.57738095  0.11
2877  7147.57738095  0.11
2878  7147.57738095  0.11
2879  7147.57738095  0.11
2880  7147.57738095  0.11
2881  7147.57738095  0.11
2882  7147.57738095  0.11
2883  7147.57738095  0.11
2884  7147.57738095  0.11
2885  7147.57738095  0.11
2886  7147.57738095  0.11
2887  7147.57738095  0.11
2888  7147.57738095  0.11
2889  7147.57738095  0.11
2890  7147.57738095  0.11
2891  7147.57738095  0.11
2892  7147.57738095  0.11
2893  7147.57738095  0.11
2894  7147.57738095  0.11
2895  7147.57738095  0.11
2896  7147.57738095  0.11
2897  7147.57738095  0.11
2898  7147.57738095  0.11
2899  7147.57738095  0.11
2900  7147.57738095  0.11
2901  7147.57738095  0.11
2902  7147.57738095  0.11
2903  7147.57738095  0.11
2904  7147.57738095  0.11
2905  7147.57738095  0.11
2906  7147.57738095  0.11
2907  7147.57738095  0.11
2908  7147.57738095  0.11
2909  7147.57738095  0.11
2910  7147.57738095  0.11
2911  7147.57738095  0.11
2912  7147.57738095  0.11
2913  7147.57738095  0.11
2914  7147.57738095  0.11
2915  7147.57738095  0.11
2916  7147.57738095  0.11
2917  7147.57738095  0.11
2918  7147.57738095  0.11
2919  7147.57738095  0.11
2920  7147.57738095  0.11
2921  7147.57738095  0.11
2922  7147.57738095  0.11
2923  7147.57738095  0.11
2924  7147.57738095  0.11
2925  7147.57738095  0.11
2926  7147.57738095  0.11
2927  7147.57738095  0.11
2928  7147.57738095  0.11
2929  7147.57738095  0.11
2930  7147.57738095  0.11
2931  7147.57738095  0.11
2932  7147.57738095  0.11
2933  7147.57738095  0.11
2934  7147.57738095  0.11
2935  7147.57738095  0.11
2936  7147.57738095  0.11
2937  7147.57738095  0.11
2938  7147.57738095  0.11
2939  7147.57738095  0.11
2940  7147.57738095  0.11
2941  7147.57738095  0.11
2942  7147.57738095  0.11
2943  7147.57738095  0.11
2944  7147.57738095  0.11
2945  7147.57738095  0.11
2946  7147.57738095  0.11
2947  7147.57738095  0.11
2948  7147.57738095  0.11
2949  7147.57738095  0.11
2950  7147.57738095  0.11
2951  7147.57738095  0.11
2952  7147.57738095  0.11
2953  7147.57738095  0.11
2954  7147.57738095  0.11
2955  7147.57738095  0.11
2956  7147.57738095  0.11
2957  7147.57738095  0.11
2958  7147.57738095  0.11
2959  7147.57738095  0.11
2960  7147.57738095  0.11
2961  7147.57738095  0.11
2962  7147.57738095  0.11
2963  7147.57738095  0.11
2964  7147.57738095  0.11
2965  7147.57738095  0.11
2966  7147.57738095  0.11
2967  7147.57738095  0.11
2968  7147.57738095  0.11
2969  7147.57738095  0.11
2970  7147.57738095  0.11
2971  7147.57738095  0.11
2972  7147.57738095  0.11
2973  7147.57738095  0.11
2974  7147.57738095  0.11
2975  7147.57738095  0.11
2976  7147.57738095  0.11
2977  7147.57738095  0.11
2978  7147.57738095  0.11
2979  7147.57738095  0.11
2980  7147.57738095  0.11
2981  7147.57738095  0.11
2982  7147.57738095  0.11
2983  7147.57738095  0.11
2984  7147.57738095  0.11
2985  7147.57738095  0.11
2986  7147.57738095  0.11
2987  7147.57738095  0.11
2988  7147.57738095  0.11
2989  7147.57738095  0.11
2990  7147.57738095  0.11
2991  7147.57738095  0.11
2992  7147.57738095  0.11
2993  7147.57738095  0.11
2994  7147.57738095  0.11
2995  7147.57738095  0.11
2996  7147.57738095  0.11
2997  7147.57738095  0.11
2998  7147.57738095  0.11
2999  7147.57738095  0.11
#[-6, -4, -4, 4, 5, 6, 7, 8, 8, 8]
#[-7, 5, 5, 5, 5, 5, 5, 5, 5, 7]
#[-3, 2, 4, 5, 5, 5, 5, 5, 5, 5]
#[3, 5, 5, 5, 5, 5, 5, 5, 5, 5]
#[-4, 4, 5, 5, 5, 5, 5, 5, 5, 5]
#[5, 5, 5, 5, 5, 5, 5, 5, 5, 5]
#[-7, 5, 5, 5, 5, 5, 5, 5, 5, 8]
#[-8, -3, 5, 5, 5, 5, 5, 5, 5, 8]
#[-9, -7, 0, 5, 5, 5, 5, 5, 5, 9]
#Specialization index= [0, 8, 0.6]
