#[2, 8, 1, 6, 9, 1, 2, 5, 1, 2]
#[2, 9, 0, 5, 6, 8, 6, 9, 3, 4]
#[6, 0, 5, 6, 6, 3, 6, 9, 5, 8]
#[3, 8, 7, 9, 7, 3, 9, 1, 5, 6]
#[8, 4, 5, 2, 6, 2, 9, 6, 8, 7]
#[9, 8, 9, 3, 7, 4, 4, 8, 6, 5]
#[3, 0, 5, 9, 2, 9, 1, 4, 8, 7]
#[4, 5, 5, 9, 0, 5, 6, 8, 0, 0]
#[9, 5, 1, 1, 7, 0, 3, 1, 3, 8]
0  5025.11120605  0.0
1  5025.11120605  0.0
2  5115.61595678  0.27
3  5508.7895596  0.24
4  6153.66686851  0.18
5  6164.70465967  0.18
6  6173.05621823  0.18
7  6179.39827626  0.18
8  6184.23216514  0.18
9  6187.93030285  0.18
10  6190.77015059  0.18
11  6192.95905864  0.18
12  6194.65247973  0.18
13  6195.96734721  0.18
14  6196.99192288  0.18
15  6197.79306288  0.18
16  6198.421592  0.18
17  6198.91628927  0.18
18  6199.30685195  0.18
19  6199.61610634  0.18
20  6199.86166186  0.18
21  6510.92384756  0.19
22  6509.93458467  0.19
23  6509.2547812  0.19
24  6508.80253848  0.19
25  6508.51528061  0.19
26  6508.34570283  0.19
27  6508.25842833  0.19
28  6508.22729804  0.19
29  6508.23320524  0.19
30  6508.26238664  0.19
31  6508.30508823  0.19
32  6508.35453403  0.19
33  6555.23120499  0.15
34  6565.26402327  0.15
35  6572.0434149  0.15
36  6576.71840785  0.15
37  6580.00023417  0.15
38  6582.33913409  0.15
39  6584.02686037  0.15
40  6585.25689886  0.15
41  6586.16041718  0.15
42  6803.5637033  0.14
43  6800.0380094  0.14
44  6797.28356104  0.14
45  6795.13164826  0.14
46  6793.4504664  0.14
47  6792.13704307  0.14
48  6791.11093109  0.14
49  6790.30928111  0.14
50  6789.68299206  0.14
51  6789.19370375  0.14
52  6788.81144725  0.14
53  6788.51280936  0.14
54  6788.27949851  0.14
55  6788.0972244  0.14
56  6787.95482276  0.14
57  6787.84357148  0.14
58  6787.75665641  0.14
59  6787.68875402  0.14
60  6787.63570527  0.14
61  6787.59426094  0.14
62  6787.56188255  0.14
63  6787.53658694  0.14
64  6787.51682474  0.14
65  6787.50138553  0.14
66  6787.48932364  0.14
67  6787.47990029  0.14
68  6787.4725383  0.14
69  6787.46678674  0.14
70  6787.46229334  0.14
71  6787.45878286  0.14
72  6787.45604031  0.14
73  6787.45389769  0.14
74  6787.45222376  0.14
75  7108.14378071  0.1
76  7107.88171172  0.1
77  7107.68515998  0.1
78  7107.53774618  0.1
79  7107.42718582  0.1
80  7107.34426556  0.1
81  7107.28207536  0.1
82  7107.23543271  0.1
83  7107.20045072  0.1
84  7107.17421423  0.1
85  7107.15453686  0.1
86  7107.13977884  0.1
87  7107.12871032  0.1
88  7107.12040893  0.1
89  7107.11418289  0.1
90  7107.10951336  0.1
91  7107.10601121  0.1
92  7107.1033846  0.1
93  7107.10141464  0.1
94  7107.09993717  0.1
95  7107.09882907  0.1
96  7107.09799799  0.1
97  7107.09737468  0.1
98  7107.0969072  0.1
99  7107.09655659  0.1
100  7107.09629363  0.1
101  7107.09609642  0.1
102  7107.0959485  0.1
103  7107.09583757  0.1
104  7107.09575437  0.1
105  7107.09569196  0.1
106  7107.09564516  0.1
107  7107.09561006  0.1
108  7107.09558374  0.1
109  7107.09556399  0.1
110  7107.09554918  0.1
111  7107.09553808  0.1
112  7107.09552975  0.1
113  7107.0955235  0.1
114  7107.09551882  0.1
115  7107.0955153  0.1
116  7107.09551267  0.1
117  7107.09551069  0.1
118  7107.09550921  0.1
119  7107.0955081  0.1
120  7107.09550726  0.1
121  7107.09550664  0.1
122  7107.09550617  0.1
123  7107.09550582  0.1
124  7107.09550555  0.1
125  7107.09550535  0.1
126  7107.09550521  0.1
127  7107.09550509  0.1
128  7107.09550501  0.1
129  7107.09550495  0.1
130  7107.0955049  0.1
131  7107.09550487  0.1
132  7107.09550484  0.1
133  7107.09550482  0.1
134  7107.09550481  0.1
135  7107.09550479  0.1
136  7107.09550479  0.1
137  7107.09550478  0.1
138  7107.09550477  0.1
139  7107.09550477  0.1
140  7107.09550477  0.1
141  7107.09550477  0.1
142  7107.09550477  0.1
143  7107.09550476  0.1
144  7107.09550476  0.1
145  7107.09550476  0.1
146  7107.09550476  0.1
147  7107.09550476  0.1
148  7107.09550476  0.1
149  7107.09550476  0.1
150  7107.09550476  0.1
151  7107.09550476  0.1
152  7107.09550476  0.1
153  7107.09550476  0.1
154  7107.09550476  0.1
155  7107.09550476  0.1
156  7107.09550476  0.1
157  7107.09550476  0.1
158  7107.09550476  0.1
159  7107.09550476  0.1
160  7107.09550476  0.1
161  7107.09550476  0.1
162  7107.09550476  0.1
163  7107.09550476  0.1
164  7107.09550476  0.1
165  7107.09550476  0.1
166  7107.09550476  0.1
167  7107.09550476  0.1
168  7107.09550476  0.1
169  7107.09550476  0.1
170  7107.09550476  0.1
171  7107.09550476  0.1
172  7107.09550476  0.1
173  7107.09550476  0.1
174  7107.09550476  0.1
175  7107.09550476  0.1
176  7107.09550476  0.1
177  7107.09550476  0.1
178  7107.09550476  0.1
179  7107.09550476  0.1
180  7107.09550476  0.1
181  7107.09550476  0.1
182  7107.09550476  0.1
183  7107.09550476  0.1
184  7107.09550476  0.1
185  7107.09550476  0.1
186  7107.09550476  0.1
187  7107.09550476  0.1
188  7107.09550476  0.1
189  7107.09550476  0.1
190  7107.09550476  0.1
191  7107.09550476  0.1
192  7107.09550476  0.1
193  7107.09550476  0.1
194  7107.09550476  0.1
195  7107.09550476  0.1
196  7107.09550476  0.1
197  7107.09550476  0.1
198  7107.09550476  0.1
199  7107.09550476  0.1
200  7107.09550476  0.1
201  7107.09550476  0.1
202  7107.09550476  0.1
203  7107.09550476  0.1
204  7107.09550476  0.1
205  7107.09550476  0.1
206  7107.09550476  0.1
207  7107.09550476  0.1
208  7107.09550476  0.1
209  7107.09550476  0.1
210  7107.09550476  0.1
211  7107.09550476  0.1
212  7107.09550476  0.1
213  7107.09550476  0.1
214  7107.09550476  0.1
215  7107.09550476  0.1
216  7107.09550476  0.1
217  7107.09550476  0.1
218  7107.09550476  0.1
219  7107.09550476  0.1
220  7107.09550476  0.1
221  7107.09550476  0.1
222  7107.09550476  0.1
223  7107.09550476  0.1
224  7107.09550476  0.1
225  7107.09550476  0.1
226  7107.09550476  0.1
227  7107.09550476  0.1
228  7107.09550476  0.1
229  7107.09550476  0.1
230  7107.09550476  0.1
231  7107.09550476  0.1
232  7107.09550476  0.1
233  7107.09550476  0.1
234  7107.09550476  0.1
235  7107.09550476  0.1
236  7107.09550476  0.1
237  7107.09550476  0.1
238  7107.09550476  0.1
239  7107.09550476  0.1
240  7107.09550476  0.1
241  7107.09550476  0.1
242  7107.09550476  0.1
243  7107.09550476  0.1
244  7107.09550476  0.1
245  7107.09550476  0.1
246  7107.09550476  0.1
247  7107.09550476  0.1
248  7107.09550476  0.1
249  7107.09550476  0.1
250  7107.09550476  0.1
251  7107.09550476  0.1
252  7107.09550476  0.1
253  7107.09550476  0.1
254  7107.09550476  0.1
255  7107.09550476  0.1
256  7107.09550476  0.1
257  7107.09550476  0.1
258  7107.09550476  0.1
259  7107.09550476  0.1
260  7107.09550476  0.1
261  7107.09550476  0.1
262  7107.09550476  0.1
263  7107.09550476  0.1
264  7107.09550476  0.1
265  7107.09550476  0.1
266  7107.09550476  0.1
267  7107.09550476  0.1
268  7107.09550476  0.1
269  7107.09550476  0.1
270  7107.09550476  0.1
271  7107.09550476  0.1
272  7107.09550476  0.1
273  7107.09550476  0.1
274  7107.09550476  0.1
275  7107.09550476  0.1
276  7107.09550476  0.1
277  7107.09550476  0.1
278  7107.09550476  0.1
279  7107.09550476  0.1
280  7107.09550476  0.1
281  7107.09550476  0.1
282  7107.09550476  0.1
283  7107.09550476  0.1
284  7107.09550476  0.1
285  7107.09550476  0.1
286  7107.09550476  0.1
287  7107.09550476  0.1
288  7107.09550476  0.1
289  7107.09550476  0.1
290  7107.09550476  0.1
291  7107.09550476  0.1
292  7107.09550476  0.1
293  7107.09550476  0.1
294  7107.09550476  0.1
295  7107.09550476  0.1
296  7107.09550476  0.1
297  7236.08604813  0.14
298  7232.0224371  0.14
299  7228.97472882  0.14
300  7226.68894762  0.14
301  7224.97461171  0.14
302  7223.68885979  0.14
303  7222.72454584  0.14
304  7222.00131038  0.14
305  7221.45888379  0.14
306  7221.05206384  0.14
307  7220.74694888  0.14
308  7220.51811266  0.14
309  7220.3464855  0.14
310  7220.21776512  0.14
311  7220.12122484  0.14
312  7220.04881963  0.14
313  7219.99451573  0.14
314  7219.9537878  0.14
315  7219.92324185  0.14
316  7219.90033239  0.14
317  7219.88315029  0.14
318  7219.87026372  0.14
319  7219.86059879  0.14
320  7219.85335009  0.14
321  7219.84791357  0.14
322  7219.84383618  0.14
323  7219.84077814  0.14
324  7219.8384846  0.14
325  7219.83676445  0.14
326  7219.83547434  0.14
327  7219.83450676  0.14
328  7219.83378107  0.14
329  7219.8332368  0.14
330  7219.8328286  0.14
331  7219.83252245  0.14
332  7219.83229284  0.14
333  7219.83212063  0.14
334  7219.83199147  0.14
335  7219.83189461  0.14
336  7219.83182196  0.14
337  7219.83176747  0.14
338  7219.8317266  0.14
339  7219.83169595  0.14
340  7219.83167297  0.14
341  7219.83165573  0.14
342  7219.83164279  0.14
343  7219.8316331  0.14
344  7219.83162582  0.14
345  7219.83162037  0.14
346  7219.83161628  0.14
347  7219.83161321  0.14
348  7219.83161091  0.14
349  7219.83160918  0.14
350  7219.83160789  0.14
351  7219.83160692  0.14
352  7219.83160619  0.14
353  7219.83160564  0.14
354  7219.83160523  0.14
355  7219.83160493  0.14
356  7219.8316047  0.14
357  7219.83160452  0.14
358  7219.83160439  0.14
359  7219.8316043  0.14
360  7219.83160422  0.14
361  7219.83160417  0.14
362  7219.83160413  0.14
363  7219.8316041  0.14
364  7219.83160407  0.14
365  7219.83160406  0.14
366  7219.83160404  0.14
367  7219.83160403  0.14
368  7219.83160403  0.14
369  7219.83160402  0.14
370  7219.83160402  0.14
371  7219.83160401  0.14
372  7219.83160401  0.14
373  7219.83160401  0.14
374  7219.83160401  0.14
375  7219.83160401  0.14
376  7219.83160401  0.14
377  7219.83160401  0.14
378  7219.83160401  0.14
379  7219.831604  0.14
380  7219.831604  0.14
381  7219.831604  0.14
382  7219.831604  0.14
383  7219.831604  0.14
384  7219.831604  0.14
385  7219.831604  0.14
386  7219.831604  0.14
387  7219.831604  0.14
388  7219.831604  0.14
389  7219.831604  0.14
390  7219.831604  0.14
391  7219.831604  0.14
392  7219.831604  0.14
393  7219.831604  0.14
394  7219.831604  0.14
395  7219.831604  0.14
396  7219.831604  0.14
397  7219.831604  0.14
398  7219.831604  0.14
399  7219.831604  0.14
400  7219.831604  0.14
401  7219.831604  0.14
402  7219.831604  0.14
403  7219.831604  0.14
404  7219.831604  0.14
405  7219.831604  0.14
406  7219.831604  0.14
407  7219.831604  0.14
408  7219.831604  0.14
409  7219.831604  0.14
410  7219.831604  0.14
411  7219.831604  0.14
412  7219.831604  0.14
413  7219.831604  0.14
414  7219.831604  0.14
415  7219.831604  0.14
416  7219.831604  0.14
417  7219.831604  0.14
418  7219.831604  0.14
419  7219.831604  0.14
420  7219.831604  0.14
421  7219.831604  0.14
422  7219.831604  0.14
423  7219.831604  0.14
424  7219.831604  0.14
425  7219.831604  0.14
426  7219.831604  0.14
427  7219.831604  0.14
428  7219.831604  0.14
429  7219.831604  0.14
430  7219.831604  0.14
431  7219.831604  0.14
432  7219.831604  0.14
433  7219.831604  0.14
434  7219.831604  0.14
435  7219.831604  0.14
436  7219.831604  0.14
437  7219.831604  0.14
438  7219.831604  0.14
439  7219.831604  0.14
440  7219.831604  0.14
441  7219.831604  0.14
442  7219.831604  0.14
443  7219.831604  0.14
444  7219.831604  0.14
445  7219.831604  0.14
446  7219.831604  0.14
447  7219.831604  0.14
448  7219.831604  0.14
449  7219.831604  0.14
450  7219.831604  0.14
451  7219.831604  0.14
452  7219.831604  0.14
453  7219.831604  0.14
454  7219.831604  0.14
455  7219.831604  0.14
456  7219.831604  0.14
457  7219.831604  0.14
458  7219.831604  0.14
459  7219.831604  0.14
460  7219.831604  0.14
461  7219.831604  0.14
462  7219.831604  0.14
463  7219.831604  0.14
464  7219.831604  0.14
465  7219.831604  0.14
466  7219.831604  0.14
467  7219.831604  0.14
468  7219.831604  0.14
469  7219.831604  0.14
470  7219.831604  0.14
471  7219.831604  0.14
472  7219.831604  0.14
473  7219.831604  0.14
474  7219.831604  0.14
475  7219.831604  0.14
476  7219.831604  0.14
477  7219.831604  0.14
478  7219.831604  0.14
479  7219.831604  0.14
480  7219.831604  0.14
481  7219.831604  0.14
482  7219.831604  0.14
483  7219.831604  0.14
484  7219.831604  0.14
485  7219.831604  0.14
486  7219.831604  0.14
487  7219.831604  0.14
488  7219.831604  0.14
489  7219.831604  0.14
490  7219.831604  0.14
491  7219.831604  0.14
492  7219.831604  0.14
493  7219.831604  0.14
494  7219.831604  0.14
495  7219.831604  0.14
496  7219.831604  0.14
497  7219.831604  0.14
498  7219.831604  0.14
499  7219.831604  0.14
500  7219.831604  0.14
501  7219.831604  0.14
502  7219.831604  0.14
503  7219.831604  0.14
504  7219.831604  0.14
505  7219.831604  0.14
506  7219.831604  0.14
507  7219.831604  0.14
508  7219.831604  0.14
509  7219.831604  0.14
510  7219.831604  0.14
511  7219.831604  0.14
512  7219.831604  0.14
513  7219.831604  0.14
514  7219.831604  0.14
515  7219.831604  0.14
516  7219.831604  0.14
517  7219.831604  0.14
518  7219.831604  0.14
519  7219.831604  0.14
520  7219.831604  0.14
521  7219.831604  0.14
522  7219.831604  0.14
523  7219.831604  0.14
524  7219.831604  0.14
525  7219.831604  0.14
526  7219.831604  0.14
527  7219.831604  0.14
528  7219.831604  0.14
529  7219.831604  0.14
530  7219.831604  0.14
531  7219.831604  0.14
532  7219.831604  0.14
533  7219.831604  0.14
534  7219.831604  0.14
535  7219.831604  0.14
536  7219.831604  0.14
537  7219.831604  0.14
538  7219.831604  0.14
539  7219.831604  0.14
540  7219.831604  0.14
541  7219.831604  0.14
542  7219.831604  0.14
543  7219.831604  0.14
544  7219.831604  0.14
545  7219.831604  0.14
546  7219.831604  0.14
547  7219.831604  0.14
548  7219.831604  0.14
549  7219.831604  0.14
550  7219.831604  0.14
551  7219.831604  0.14
552  7219.831604  0.14
553  7219.831604  0.14
554  7219.831604  0.14
555  7219.831604  0.14
556  7219.831604  0.14
557  7219.831604  0.14
558  7219.831604  0.14
559  7219.831604  0.14
560  7219.831604  0.14
561  7219.831604  0.14
562  7219.831604  0.14
563  7219.831604  0.14
564  7219.831604  0.14
565  7219.831604  0.14
566  7219.831604  0.14
567  7219.831604  0.14
568  7219.831604  0.14
569  7219.831604  0.14
570  7219.831604  0.14
571  7219.831604  0.14
572  7219.831604  0.14
573  7219.831604  0.14
574  7219.831604  0.14
575  7219.831604  0.14
576  7219.831604  0.14
577  7219.831604  0.14
578  7219.831604  0.14
579  7219.831604  0.14
580  7219.831604  0.14
581  7219.831604  0.14
582  7219.831604  0.14
583  7219.831604  0.14
584  7219.831604  0.14
585  7219.831604  0.14
586  7219.831604  0.14
587  7219.831604  0.14
588  7219.831604  0.14
589  7219.831604  0.14
590  7219.831604  0.14
591  7219.831604  0.14
592  7219.831604  0.14
593  7219.831604  0.14
594  7219.831604  0.14
595  7219.831604  0.14
596  7219.831604  0.14
597  7219.831604  0.14
598  7219.831604  0.14
599  7219.831604  0.14
600  7219.831604  0.14
601  7219.831604  0.14
602  7219.831604  0.14
603  7219.831604  0.14
604  7219.831604  0.14
605  7219.831604  0.14
606  7219.831604  0.14
607  7219.831604  0.14
608  7219.831604  0.14
609  7219.831604  0.14
610  7219.831604  0.14
611  7219.831604  0.14
612  7219.831604  0.14
613  7219.831604  0.14
614  7219.831604  0.14
615  7219.831604  0.14
616  7219.831604  0.14
617  7219.831604  0.14
618  7219.831604  0.14
619  7219.831604  0.14
620  7219.831604  0.14
621  7219.831604  0.14
622  7219.831604  0.14
623  7219.831604  0.14
624  7219.831604  0.14
625  7219.831604  0.14
626  7219.831604  0.14
627  7219.831604  0.14
628  7219.831604  0.14
629  7219.831604  0.14
630  7219.831604  0.14
631  7219.831604  0.14
632  7219.831604  0.14
633  7219.831604  0.14
634  7219.831604  0.14
635  7219.831604  0.14
636  7219.831604  0.14
637  7219.831604  0.14
638  7219.831604  0.14
639  7219.831604  0.14
640  7219.831604  0.14
641  7219.831604  0.14
642  7219.831604  0.14
643  7219.831604  0.14
644  7219.831604  0.14
645  7219.831604  0.14
646  7219.831604  0.14
647  7219.831604  0.14
648  7219.831604  0.14
649  7219.831604  0.14
650  7219.831604  0.14
651  7219.831604  0.14
652  7219.831604  0.14
653  7219.831604  0.14
654  7219.831604  0.14
655  7219.831604  0.14
656  7219.831604  0.14
657  7219.831604  0.14
658  7219.831604  0.14
659  7219.831604  0.14
660  7219.831604  0.14
661  7219.831604  0.14
662  7219.831604  0.14
663  7219.831604  0.14
664  7219.831604  0.14
665  7219.831604  0.14
666  7219.831604  0.14
667  7219.831604  0.14
668  7219.831604  0.14
669  7219.831604  0.14
670  7219.831604  0.14
671  7219.831604  0.14
672  7219.831604  0.14
673  7219.831604  0.14
674  7219.831604  0.14
675  7219.831604  0.14
676  7219.831604  0.14
677  7219.831604  0.14
678  7219.831604  0.14
679  7219.831604  0.14
680  7219.831604  0.14
681  7219.831604  0.14
682  7219.831604  0.14
683  7219.831604  0.14
684  7219.831604  0.14
685  7219.831604  0.14
686  7219.831604  0.14
687  7219.831604  0.14
688  7219.831604  0.14
689  7219.831604  0.14
690  7219.831604  0.14
691  7219.831604  0.14
692  7219.831604  0.14
693  7219.831604  0.14
694  7219.831604  0.14
695  7219.831604  0.14
696  7219.831604  0.14
697  7219.831604  0.14
698  7219.831604  0.14
699  7219.831604  0.14
700  7219.831604  0.14
701  7219.831604  0.14
702  7219.831604  0.14
703  7219.831604  0.14
704  7219.831604  0.14
705  7219.831604  0.14
706  7219.831604  0.14
707  7219.831604  0.14
708  7219.831604  0.14
709  7219.831604  0.14
710  7219.831604  0.14
711  7219.831604  0.14
712  7219.831604  0.14
713  7219.831604  0.14
714  7219.831604  0.14
715  7219.831604  0.14
716  7219.831604  0.14
717  7219.831604  0.14
718  7219.831604  0.14
719  7219.831604  0.14
720  7219.831604  0.14
721  7219.831604  0.14
722  7219.831604  0.14
723  7219.831604  0.14
724  7219.831604  0.14
725  7219.831604  0.14
726  7219.831604  0.14
727  7219.831604  0.14
728  7219.831604  0.14
729  7219.831604  0.14
730  7219.831604  0.14
731  7219.831604  0.14
732  7219.831604  0.14
733  7219.831604  0.14
734  7219.831604  0.14
735  7219.831604  0.14
736  7219.831604  0.14
737  7219.831604  0.14
738  7219.831604  0.14
739  7219.831604  0.14
740  7219.831604  0.14
741  7219.831604  0.14
742  7219.831604  0.14
743  7219.831604  0.14
744  7219.831604  0.14
745  7219.831604  0.14
746  7219.831604  0.14
747  7219.831604  0.14
748  7219.831604  0.14
749  7219.831604  0.14
750  7219.831604  0.14
751  7219.831604  0.14
752  7219.831604  0.14
753  7219.831604  0.14
754  7219.831604  0.14
755  7219.831604  0.14
756  7219.831604  0.14
757  7219.831604  0.14
758  7219.831604  0.14
759  7219.831604  0.14
760  7219.831604  0.14
761  7219.831604  0.14
762  7219.831604  0.14
763  7219.831604  0.14
764  7219.831604  0.14
765  7219.831604  0.14
766  7219.831604  0.14
767  7219.831604  0.14
768  7219.831604  0.14
769  7219.831604  0.14
770  7219.831604  0.14
771  7219.831604  0.14
772  7219.831604  0.14
773  7219.831604  0.14
774  7219.831604  0.14
775  7219.831604  0.14
776  7219.831604  0.14
777  7219.831604  0.14
778  7219.831604  0.14
779  7219.831604  0.14
780  7219.831604  0.14
781  7219.831604  0.14
782  7219.831604  0.14
783  7219.831604  0.14
784  7219.831604  0.14
785  7219.831604  0.14
786  7219.831604  0.14
787  7219.831604  0.14
788  7219.831604  0.14
789  7219.831604  0.14
790  7219.831604  0.14
791  7219.831604  0.14
792  7219.831604  0.14
793  7219.831604  0.14
794  7219.831604  0.14
795  7219.831604  0.14
796  7219.831604  0.14
797  7219.831604  0.14
798  7219.831604  0.14
799  7219.831604  0.14
800  7219.831604  0.14
801  7219.831604  0.14
802  7219.831604  0.14
803  7219.831604  0.14
804  7219.831604  0.14
805  7219.831604  0.14
806  7219.831604  0.14
807  7219.831604  0.14
808  7219.831604  0.14
809  7219.831604  0.14
810  7219.831604  0.14
811  7219.831604  0.14
812  7219.831604  0.14
813  7219.831604  0.14
814  7219.831604  0.14
815  7219.831604  0.14
816  7219.831604  0.14
817  7219.831604  0.14
818  7219.831604  0.14
819  7219.831604  0.14
820  7219.831604  0.14
821  7219.831604  0.14
822  7219.831604  0.14
823  7219.831604  0.14
824  7219.831604  0.14
825  7219.831604  0.14
826  7219.831604  0.14
827  7219.831604  0.14
828  7219.831604  0.14
829  7219.831604  0.14
830  7219.831604  0.14
831  7219.831604  0.14
832  7219.831604  0.14
833  7219.831604  0.14
834  7219.831604  0.14
835  7219.831604  0.14
836  7219.831604  0.14
837  7219.831604  0.14
838  7219.831604  0.14
839  7219.831604  0.14
840  7219.831604  0.14
841  7219.831604  0.14
842  7219.831604  0.14
843  7219.831604  0.14
844  7219.831604  0.14
845  7219.831604  0.14
846  7219.831604  0.14
847  7219.831604  0.14
848  7219.831604  0.14
849  7219.831604  0.14
850  7219.831604  0.14
851  7219.831604  0.14
852  7219.831604  0.14
853  7219.831604  0.14
854  7219.831604  0.14
855  7219.831604  0.14
856  7219.831604  0.14
857  7219.831604  0.14
858  7219.831604  0.14
859  7219.831604  0.14
860  7219.831604  0.14
861  7219.831604  0.14
862  7219.831604  0.14
863  7219.831604  0.14
864  7219.831604  0.14
865  7219.831604  0.14
866  7219.831604  0.14
867  7219.831604  0.14
868  7219.831604  0.14
869  7219.831604  0.14
870  7219.831604  0.14
871  7219.831604  0.14
872  7219.831604  0.14
873  7219.831604  0.14
874  7219.831604  0.14
875  7219.831604  0.14
876  7219.831604  0.14
877  7219.831604  0.14
878  7219.831604  0.14
879  7219.831604  0.14
880  7219.831604  0.14
881  7219.831604  0.14
882  7219.831604  0.14
883  7219.831604  0.14
884  7219.831604  0.14
885  7219.831604  0.14
886  7219.831604  0.14
887  7219.831604  0.14
888  7219.831604  0.14
889  7219.831604  0.14
890  7219.831604  0.14
891  7219.831604  0.14
892  7219.831604  0.14
893  7219.831604  0.14
894  7219.831604  0.14
895  7219.831604  0.14
896  7219.831604  0.14
897  7219.831604  0.14
898  7219.831604  0.14
899  7219.831604  0.14
900  7219.831604  0.14
901  7219.831604  0.14
902  7219.831604  0.14
903  7219.831604  0.14
904  7219.831604  0.14
905  7219.831604  0.14
906  7219.831604  0.14
907  7219.831604  0.14
908  7219.831604  0.14
909  7219.831604  0.14
910  7219.831604  0.14
911  7219.831604  0.14
912  7219.831604  0.14
913  7219.831604  0.14
914  7219.831604  0.14
915  7219.831604  0.14
916  7219.831604  0.14
917  7219.831604  0.14
918  7219.831604  0.14
919  7219.831604  0.14
920  7219.831604  0.14
921  7219.831604  0.14
922  7219.831604  0.14
923  7219.831604  0.14
924  7219.831604  0.14
925  7219.831604  0.14
926  7219.831604  0.14
927  7219.831604  0.14
928  7219.831604  0.14
929  7219.831604  0.14
930  7219.831604  0.14
931  7219.831604  0.14
932  7219.831604  0.14
933  7219.831604  0.14
934  7219.831604  0.14
935  7219.831604  0.14
936  7219.831604  0.14
937  7219.831604  0.14
938  7219.831604  0.14
939  7219.831604  0.14
940  7219.831604  0.14
941  7219.831604  0.14
942  7219.831604  0.14
943  7219.831604  0.14
944  7219.831604  0.14
945  7219.831604  0.14
946  7219.831604  0.14
947  7219.831604  0.14
948  7219.831604  0.14
949  7219.831604  0.14
950  7219.831604  0.14
951  7219.831604  0.14
952  7219.831604  0.14
953  7219.831604  0.14
954  7219.831604  0.14
955  7219.831604  0.14
956  7219.831604  0.14
957  7219.831604  0.14
958  7219.831604  0.14
959  7219.831604  0.14
960  7219.831604  0.14
961  7219.831604  0.14
962  7219.831604  0.14
963  7219.831604  0.14
964  7219.831604  0.14
965  7219.831604  0.14
966  7219.831604  0.14
967  7219.831604  0.14
968  7219.831604  0.14
969  7219.831604  0.14
970  7219.831604  0.14
971  7219.831604  0.14
972  7219.831604  0.14
973  7219.831604  0.14
974  7219.831604  0.14
975  7219.831604  0.14
976  7219.831604  0.14
977  7219.831604  0.14
978  7219.831604  0.14
979  7219.831604  0.14
980  7219.831604  0.14
981  7219.831604  0.14
982  7219.831604  0.14
983  7219.831604  0.14
984  7219.831604  0.14
985  7219.831604  0.14
986  7219.831604  0.14
987  7219.831604  0.14
988  7219.831604  0.14
989  7219.831604  0.14
990  7219.831604  0.14
991  7219.831604  0.14
992  7219.831604  0.14
993  7219.831604  0.14
994  7219.831604  0.14
995  7219.831604  0.14
996  7219.831604  0.14
997  7219.831604  0.14
998  7219.831604  0.14
999  7219.831604  0.14
1000  7219.831604  0.14
1001  7219.831604  0.14
1002  7219.831604  0.14
1003  7219.831604  0.14
1004  7219.831604  0.14
1005  7219.831604  0.14
1006  7219.831604  0.14
1007  7219.831604  0.14
1008  7219.831604  0.14
1009  7219.831604  0.14
1010  7219.831604  0.14
1011  7219.831604  0.14
1012  7219.831604  0.14
1013  7219.831604  0.14
1014  7219.831604  0.14
1015  7219.831604  0.14
1016  7219.831604  0.14
1017  7219.831604  0.14
1018  7219.831604  0.14
1019  7219.831604  0.14
1020  7219.831604  0.14
1021  7219.831604  0.14
1022  7219.831604  0.14
1023  7219.831604  0.14
1024  7219.831604  0.14
1025  7219.831604  0.14
1026  7219.831604  0.14
1027  7219.831604  0.14
1028  7219.831604  0.14
1029  7219.831604  0.14
1030  7219.831604  0.14
1031  7219.831604  0.14
1032  7219.831604  0.14
1033  7219.831604  0.14
1034  7219.831604  0.14
1035  7219.831604  0.14
1036  7219.831604  0.14
1037  7219.831604  0.14
1038  7219.831604  0.14
1039  7219.831604  0.14
1040  7219.831604  0.14
1041  7219.831604  0.14
1042  7219.831604  0.14
1043  7219.831604  0.14
1044  7219.831604  0.14
1045  7219.831604  0.14
1046  7219.831604  0.14
1047  7219.831604  0.14
1048  7219.831604  0.14
1049  7219.831604  0.14
1050  7219.831604  0.14
1051  7219.831604  0.14
1052  7219.831604  0.14
1053  7219.831604  0.14
1054  7219.831604  0.14
1055  7219.831604  0.14
1056  7219.831604  0.14
1057  7219.831604  0.14
1058  7219.831604  0.14
1059  7219.831604  0.14
1060  7219.831604  0.14
1061  7219.831604  0.14
1062  7219.831604  0.14
1063  7219.831604  0.14
1064  7219.831604  0.14
1065  7219.831604  0.14
1066  7219.831604  0.14
1067  7219.831604  0.14
1068  7219.831604  0.14
1069  7219.831604  0.14
1070  7219.831604  0.14
1071  7219.831604  0.14
1072  7219.831604  0.14
1073  7219.831604  0.14
1074  7219.831604  0.14
1075  7219.831604  0.14
1076  7219.831604  0.14
1077  7219.831604  0.14
1078  7219.831604  0.14
1079  7219.831604  0.14
1080  7219.831604  0.14
1081  7219.831604  0.14
1082  7219.831604  0.14
1083  7219.831604  0.14
1084  7219.831604  0.14
1085  7219.831604  0.14
1086  7219.831604  0.14
1087  7219.831604  0.14
1088  7219.831604  0.14
1089  7219.831604  0.14
1090  7219.831604  0.14
1091  7219.831604  0.14
1092  7219.831604  0.14
1093  7219.831604  0.14
1094  7219.831604  0.14
1095  7219.831604  0.14
1096  7219.831604  0.14
1097  7219.831604  0.14
1098  7219.831604  0.14
1099  7219.831604  0.14
1100  7219.831604  0.14
1101  7219.831604  0.14
1102  7219.831604  0.14
1103  7219.831604  0.14
1104  7219.831604  0.14
1105  7219.831604  0.14
1106  7219.831604  0.14
1107  7219.831604  0.14
1108  7219.831604  0.14
1109  7219.831604  0.14
1110  7219.831604  0.14
1111  7219.831604  0.14
1112  7219.831604  0.14
1113  7219.831604  0.14
1114  7219.831604  0.14
1115  7219.831604  0.14
1116  7219.831604  0.14
1117  7219.831604  0.14
1118  7219.831604  0.14
1119  7219.831604  0.14
1120  7219.831604  0.14
1121  7219.831604  0.14
1122  7219.831604  0.14
1123  7219.831604  0.14
1124  7219.831604  0.14
1125  7219.831604  0.14
1126  7219.831604  0.14
1127  7219.831604  0.14
1128  7219.831604  0.14
1129  7219.831604  0.14
1130  7219.831604  0.14
1131  7219.831604  0.14
1132  7219.831604  0.14
1133  7219.831604  0.14
1134  7219.831604  0.14
1135  7219.831604  0.14
1136  7219.831604  0.14
1137  7219.831604  0.14
1138  7219.831604  0.14
1139  7219.831604  0.14
1140  7219.831604  0.14
1141  7219.831604  0.14
1142  7219.831604  0.14
1143  7219.831604  0.14
1144  7219.831604  0.14
1145  7219.831604  0.14
1146  7219.831604  0.14
1147  7219.831604  0.14
1148  7219.831604  0.14
1149  7219.831604  0.14
1150  7219.831604  0.14
1151  7219.831604  0.14
1152  7219.831604  0.14
1153  7219.831604  0.14
1154  7219.831604  0.14
1155  7219.831604  0.14
1156  7219.831604  0.14
1157  7219.831604  0.14
1158  7219.831604  0.14
1159  7219.831604  0.14
1160  7219.831604  0.14
1161  7219.831604  0.14
1162  7219.831604  0.14
1163  7219.831604  0.14
1164  7219.831604  0.14
1165  7219.831604  0.14
1166  7219.831604  0.14
1167  7219.831604  0.14
1168  7219.831604  0.14
1169  7219.831604  0.14
1170  7219.831604  0.14
1171  7219.831604  0.14
1172  7219.831604  0.14
1173  7219.831604  0.14
1174  7219.831604  0.14
1175  7219.831604  0.14
1176  7219.831604  0.14
1177  7219.831604  0.14
1178  7219.831604  0.14
1179  7219.831604  0.14
1180  7219.831604  0.14
1181  7219.831604  0.14
1182  7219.831604  0.14
1183  7219.831604  0.14
1184  7219.831604  0.14
1185  7598.07385254  0.15
1186  7598.07385254  0.15
1187  7598.07385254  0.15
1188  7598.07385254  0.15
1189  7598.07385254  0.15
1190  7598.07385254  0.15
1191  7598.07385254  0.15
1192  7598.07385254  0.15
1193  7598.07385254  0.15
1194  7598.07385254  0.15
1195  7598.07385254  0.15
1196  7598.07385254  0.15
1197  7598.07385254  0.15
1198  7598.07385254  0.15
1199  7598.07385254  0.15
1200  7598.07385254  0.15
1201  7598.07385254  0.15
1202  7598.07385254  0.15
1203  7598.07385254  0.15
1204  7598.07385254  0.15
1205  7598.07385254  0.15
1206  7598.07385254  0.15
1207  7598.07385254  0.15
1208  7598.07385254  0.15
1209  7598.07385254  0.15
1210  7598.07385254  0.15
1211  7598.07385254  0.15
1212  7598.07385254  0.15
1213  7598.07385254  0.15
1214  7598.07385254  0.15
1215  7598.07385254  0.15
1216  7598.07385254  0.15
1217  7598.07385254  0.15
1218  7598.07385254  0.15
1219  7598.07385254  0.15
1220  7598.07385254  0.15
1221  7598.07385254  0.15
1222  7598.07385254  0.15
1223  7598.07385254  0.15
1224  7598.07385254  0.15
1225  7598.07385254  0.15
1226  7598.07385254  0.15
1227  7598.07385254  0.15
1228  7598.07385254  0.15
1229  7598.07385254  0.15
1230  7598.07385254  0.15
1231  7598.07385254  0.15
1232  7598.07385254  0.15
1233  7598.07385254  0.15
1234  7598.07385254  0.15
1235  7598.07385254  0.15
1236  7598.07385254  0.15
1237  7598.07385254  0.15
1238  7598.07385254  0.15
1239  7598.07385254  0.15
1240  7598.07385254  0.15
1241  7598.07385254  0.15
1242  7598.07385254  0.15
1243  7598.07385254  0.15
1244  7598.07385254  0.15
1245  7598.07385254  0.15
1246  7598.07385254  0.15
1247  7598.07385254  0.15
1248  7598.07385254  0.15
1249  7598.07385254  0.15
1250  7598.07385254  0.15
1251  7598.07385254  0.15
1252  7598.07385254  0.15
1253  7598.07385254  0.15
1254  7598.07385254  0.15
1255  7598.07385254  0.15
1256  7598.07385254  0.15
1257  7598.07385254  0.15
1258  7598.07385254  0.15
1259  7598.07385254  0.15
1260  7598.07385254  0.15
1261  7598.07385254  0.15
1262  7598.07385254  0.15
1263  7598.07385254  0.15
1264  7598.07385254  0.15
1265  7598.07385254  0.15
1266  7598.07385254  0.15
1267  7598.07385254  0.15
1268  7598.07385254  0.15
1269  7598.07385254  0.15
1270  7598.07385254  0.15
1271  7598.07385254  0.15
1272  7598.07385254  0.15
1273  7598.07385254  0.15
1274  7598.07385254  0.15
1275  7598.07385254  0.15
1276  7598.07385254  0.15
1277  7598.07385254  0.15
1278  7598.07385254  0.15
1279  7598.07385254  0.15
1280  7598.07385254  0.15
1281  7598.07385254  0.15
1282  7598.07385254  0.15
1283  7598.07385254  0.15
1284  7598.07385254  0.15
1285  7598.07385254  0.15
1286  7598.07385254  0.15
1287  7598.07385254  0.15
1288  7598.07385254  0.15
1289  7598.07385254  0.15
1290  7598.07385254  0.15
1291  7598.07385254  0.15
1292  7598.07385254  0.15
1293  7598.07385254  0.15
1294  7598.07385254  0.15
1295  7598.07385254  0.15
1296  7598.07385254  0.15
1297  7598.07385254  0.15
1298  7598.07385254  0.15
1299  7598.07385254  0.15
1300  7598.07385254  0.15
1301  7598.07385254  0.15
1302  7598.07385254  0.15
1303  7598.07385254  0.15
1304  7598.07385254  0.15
1305  7598.07385254  0.15
1306  7598.07385254  0.15
1307  7598.07385254  0.15
1308  7598.07385254  0.15
1309  7598.07385254  0.15
1310  7598.07385254  0.15
1311  7598.07385254  0.15
1312  7598.07385254  0.15
1313  7598.07385254  0.15
1314  7598.07385254  0.15
1315  7598.07385254  0.15
1316  7598.07385254  0.15
1317  7598.07385254  0.15
1318  7598.07385254  0.15
1319  7598.07385254  0.15
1320  7598.07385254  0.15
1321  7598.07385254  0.15
1322  7598.07385254  0.15
1323  7598.07385254  0.15
1324  7598.07385254  0.15
1325  7598.07385254  0.15
1326  7598.07385254  0.15
1327  7598.07385254  0.15
1328  7598.07385254  0.15
1329  7598.07385254  0.15
1330  7598.07385254  0.15
1331  7598.07385254  0.15
1332  7598.07385254  0.15
1333  7598.07385254  0.15
1334  7598.07385254  0.15
1335  7598.07385254  0.15
1336  7598.07385254  0.15
1337  7598.07385254  0.15
1338  7598.07385254  0.15
1339  7598.07385254  0.15
1340  7598.07385254  0.15
1341  7598.07385254  0.15
1342  7598.07385254  0.15
1343  7598.07385254  0.15
1344  7598.07385254  0.15
1345  7598.07385254  0.15
1346  7598.07385254  0.15
1347  7598.07385254  0.15
1348  7598.07385254  0.15
1349  7598.07385254  0.15
1350  7598.07385254  0.15
1351  7598.07385254  0.15
1352  7598.07385254  0.15
1353  7598.07385254  0.15
1354  7598.07385254  0.15
1355  7598.07385254  0.15
1356  7598.07385254  0.15
1357  7598.07385254  0.15
1358  7598.07385254  0.15
1359  7598.07385254  0.15
1360  7598.07385254  0.15
1361  7598.07385254  0.15
1362  7598.07385254  0.15
1363  7598.07385254  0.15
1364  7598.07385254  0.15
1365  7598.07385254  0.15
1366  7598.07385254  0.15
1367  7598.07385254  0.15
1368  7598.07385254  0.15
1369  7598.07385254  0.15
1370  7598.07385254  0.15
1371  7598.07385254  0.15
1372  7598.07385254  0.15
1373  7598.07385254  0.15
1374  7598.07385254  0.15
1375  7598.07385254  0.15
1376  7598.07385254  0.15
1377  7598.07385254  0.15
1378  7598.07385254  0.15
1379  7598.07385254  0.15
1380  7598.07385254  0.15
1381  7598.07385254  0.15
1382  7598.07385254  0.15
1383  7598.07385254  0.15
1384  7598.07385254  0.15
1385  7598.07385254  0.15
1386  7598.07385254  0.15
1387  7598.07385254  0.15
1388  7598.07385254  0.15
1389  7598.07385254  0.15
1390  7598.07385254  0.15
1391  7598.07385254  0.15
1392  7598.07385254  0.15
1393  7598.07385254  0.15
1394  7598.07385254  0.15
1395  7598.07385254  0.15
1396  7598.07385254  0.15
1397  7598.07385254  0.15
1398  7598.07385254  0.15
1399  7598.07385254  0.15
1400  7598.07385254  0.15
1401  7598.07385254  0.15
1402  7598.07385254  0.15
1403  7598.07385254  0.15
1404  7598.07385254  0.15
1405  7598.07385254  0.15
1406  7598.07385254  0.15
1407  7598.07385254  0.15
1408  7598.07385254  0.15
1409  7598.07385254  0.15
1410  7598.07385254  0.15
1411  7598.07385254  0.15
1412  7598.07385254  0.15
1413  7598.07385254  0.15
1414  7598.07385254  0.15
1415  7598.07385254  0.15
1416  7598.07385254  0.15
1417  7598.07385254  0.15
1418  7598.07385254  0.15
1419  7598.07385254  0.15
1420  7598.07385254  0.15
1421  7598.07385254  0.15
1422  7598.07385254  0.15
1423  7598.07385254  0.15
1424  7598.07385254  0.15
1425  7598.07385254  0.15
1426  7598.07385254  0.15
1427  7598.07385254  0.15
1428  7598.07385254  0.15
1429  7598.07385254  0.15
1430  7598.07385254  0.15
1431  7598.07385254  0.15
1432  7598.07385254  0.15
1433  7598.07385254  0.15
1434  7598.07385254  0.15
1435  7598.07385254  0.15
1436  7598.07385254  0.15
1437  7598.07385254  0.15
1438  7598.07385254  0.15
1439  7598.07385254  0.15
1440  7598.07385254  0.15
1441  7598.07385254  0.15
1442  7598.07385254  0.15
1443  7598.07385254  0.15
1444  7598.07385254  0.15
1445  7598.07385254  0.15
1446  7598.07385254  0.15
1447  7598.07385254  0.15
1448  7598.07385254  0.15
1449  7598.07385254  0.15
1450  7598.07385254  0.15
1451  7598.07385254  0.15
1452  7598.07385254  0.15
1453  7598.07385254  0.15
1454  7598.07385254  0.15
1455  7598.07385254  0.15
1456  7598.07385254  0.15
1457  7598.07385254  0.15
1458  7598.07385254  0.15
1459  7598.07385254  0.15
1460  7598.07385254  0.15
1461  7598.07385254  0.15
1462  7598.07385254  0.15
1463  7598.07385254  0.15
1464  7598.07385254  0.15
1465  7598.07385254  0.15
1466  7598.07385254  0.15
1467  7598.07385254  0.15
1468  7598.07385254  0.15
1469  7598.07385254  0.15
1470  7598.07385254  0.15
1471  7598.07385254  0.15
1472  7598.07385254  0.15
1473  7598.07385254  0.15
1474  7598.07385254  0.15
1475  7598.07385254  0.15
1476  7598.07385254  0.15
1477  7598.07385254  0.15
1478  7598.07385254  0.15
1479  7598.07385254  0.15
1480  7598.07385254  0.15
1481  7598.07385254  0.15
1482  7598.07385254  0.15
1483  7598.07385254  0.15
1484  7598.07385254  0.15
1485  7598.07385254  0.15
1486  7598.07385254  0.15
1487  7598.07385254  0.15
1488  7598.07385254  0.15
1489  7598.07385254  0.15
1490  7598.07385254  0.15
1491  7598.07385254  0.15
1492  7598.07385254  0.15
1493  7598.07385254  0.15
1494  7598.07385254  0.15
1495  7598.07385254  0.15
1496  7598.07385254  0.15
1497  7598.07385254  0.15
1498  7598.07385254  0.15
1499  7598.07385254  0.15
1500  7598.07385254  0.15
1501  7598.07385254  0.15
1502  7598.07385254  0.15
1503  7598.07385254  0.15
1504  7598.07385254  0.15
1505  7598.07385254  0.15
1506  7598.07385254  0.15
1507  7598.07385254  0.15
1508  7598.07385254  0.15
1509  7598.07385254  0.15
1510  7598.07385254  0.15
1511  7598.07385254  0.15
1512  7598.07385254  0.15
1513  7598.07385254  0.15
1514  7598.07385254  0.15
1515  7598.07385254  0.15
1516  7598.07385254  0.15
1517  7598.07385254  0.15
1518  7598.07385254  0.15
1519  7598.07385254  0.15
1520  7598.07385254  0.15
1521  7598.07385254  0.15
1522  7598.07385254  0.15
1523  7598.07385254  0.15
1524  7598.07385254  0.15
1525  7598.07385254  0.15
1526  7598.07385254  0.15
1527  7598.07385254  0.15
1528  7598.07385254  0.15
1529  7598.07385254  0.15
1530  7598.07385254  0.15
1531  7598.07385254  0.15
1532  7598.07385254  0.15
1533  7598.07385254  0.15
1534  7598.07385254  0.15
1535  7598.07385254  0.15
1536  7598.07385254  0.15
1537  7598.07385254  0.15
1538  7598.07385254  0.15
1539  7598.07385254  0.15
1540  7598.07385254  0.15
1541  7598.07385254  0.15
1542  7598.07385254  0.15
1543  7598.07385254  0.15
1544  7598.07385254  0.15
1545  7598.07385254  0.15
1546  7598.07385254  0.15
1547  7598.07385254  0.15
1548  7598.07385254  0.15
1549  7598.07385254  0.15
1550  7598.07385254  0.15
1551  7598.07385254  0.15
1552  7598.07385254  0.15
1553  7598.07385254  0.15
1554  7598.07385254  0.15
1555  7598.07385254  0.15
1556  7598.07385254  0.15
1557  7598.07385254  0.15
1558  7598.07385254  0.15
1559  7598.07385254  0.15
1560  7598.07385254  0.15
1561  7598.07385254  0.15
1562  7598.07385254  0.15
1563  7598.07385254  0.15
1564  7598.07385254  0.15
1565  7598.07385254  0.15
1566  7598.07385254  0.15
1567  7598.07385254  0.15
1568  7598.07385254  0.15
1569  7598.07385254  0.15
1570  7598.07385254  0.15
1571  7598.07385254  0.15
1572  7598.07385254  0.15
1573  7598.07385254  0.15
1574  7598.07385254  0.15
1575  7598.07385254  0.15
1576  7598.07385254  0.15
1577  7598.07385254  0.15
1578  7598.07385254  0.15
1579  7598.07385254  0.15
1580  7598.07385254  0.15
1581  7598.07385254  0.15
1582  7598.07385254  0.15
1583  7598.07385254  0.15
1584  7598.07385254  0.15
1585  7598.07385254  0.15
1586  7598.07385254  0.15
1587  7598.07385254  0.15
1588  7598.07385254  0.15
1589  7598.07385254  0.15
1590  7598.07385254  0.15
1591  7598.07385254  0.15
1592  7598.07385254  0.15
1593  7598.07385254  0.15
1594  7598.07385254  0.15
1595  7598.07385254  0.15
1596  7598.07385254  0.15
1597  7598.07385254  0.15
1598  7598.07385254  0.15
1599  7598.07385254  0.15
1600  7598.07385254  0.15
1601  7598.07385254  0.15
1602  7598.07385254  0.15
1603  7598.07385254  0.15
1604  7598.07385254  0.15
1605  7598.07385254  0.15
1606  7598.07385254  0.15
1607  7598.07385254  0.15
1608  7598.07385254  0.15
1609  7598.07385254  0.15
1610  7598.07385254  0.15
1611  7598.07385254  0.15
1612  7598.07385254  0.15
1613  7598.07385254  0.15
1614  7598.07385254  0.15
1615  7598.07385254  0.15
1616  7598.07385254  0.15
1617  7598.07385254  0.15
1618  7598.07385254  0.15
1619  7598.07385254  0.15
1620  7598.07385254  0.15
1621  7598.07385254  0.15
1622  7598.07385254  0.15
1623  7598.07385254  0.15
1624  7598.07385254  0.15
1625  7598.07385254  0.15
1626  7598.07385254  0.15
1627  7598.07385254  0.15
1628  7598.07385254  0.15
1629  7598.07385254  0.15
1630  7598.07385254  0.15
1631  7598.07385254  0.15
1632  7598.07385254  0.15
1633  7598.07385254  0.15
1634  7598.07385254  0.15
1635  7598.07385254  0.15
1636  7598.07385254  0.15
1637  7598.07385254  0.15
1638  7598.07385254  0.15
1639  7598.07385254  0.15
1640  7598.07385254  0.15
1641  7598.07385254  0.15
1642  7598.07385254  0.15
1643  7598.07385254  0.15
1644  7598.07385254  0.15
1645  7598.07385254  0.15
1646  7598.07385254  0.15
1647  7598.07385254  0.15
1648  7598.07385254  0.15
1649  7598.07385254  0.15
1650  7598.07385254  0.15
1651  7598.07385254  0.15
1652  7598.07385254  0.15
1653  7598.07385254  0.15
1654  7598.07385254  0.15
1655  7598.07385254  0.15
1656  7598.07385254  0.15
1657  7598.07385254  0.15
1658  7598.07385254  0.15
1659  7598.07385254  0.15
1660  7598.07385254  0.15
1661  7598.07385254  0.15
1662  7598.07385254  0.15
1663  7598.07385254  0.15
1664  7598.07385254  0.15
1665  7598.07385254  0.15
1666  7598.07385254  0.15
1667  7598.07385254  0.15
1668  7598.07385254  0.15
1669  7598.07385254  0.15
1670  7598.07385254  0.15
1671  7598.07385254  0.15
1672  7598.07385254  0.15
1673  7598.07385254  0.15
1674  7598.07385254  0.15
1675  7598.07385254  0.15
1676  7598.07385254  0.15
1677  7598.07385254  0.15
1678  7598.07385254  0.15
1679  7598.07385254  0.15
1680  7598.07385254  0.15
1681  7598.07385254  0.15
1682  7598.07385254  0.15
1683  7598.07385254  0.15
1684  7598.07385254  0.15
1685  7598.07385254  0.15
1686  7598.07385254  0.15
1687  7598.07385254  0.15
1688  7598.07385254  0.15
1689  7598.07385254  0.15
1690  7598.07385254  0.15
1691  7598.07385254  0.15
1692  7598.07385254  0.15
1693  7598.07385254  0.15
1694  7598.07385254  0.15
1695  7598.07385254  0.15
1696  7598.07385254  0.15
1697  7598.07385254  0.15
1698  7598.07385254  0.15
1699  7598.07385254  0.15
1700  7598.07385254  0.15
1701  7598.07385254  0.15
1702  7598.07385254  0.15
1703  7598.07385254  0.15
1704  7598.07385254  0.15
1705  7598.07385254  0.15
1706  7598.07385254  0.15
1707  7598.07385254  0.15
1708  7598.07385254  0.15
1709  7598.07385254  0.15
1710  7598.07385254  0.15
1711  7598.07385254  0.15
1712  7598.07385254  0.15
1713  7598.07385254  0.15
1714  7598.07385254  0.15
1715  7598.07385254  0.15
1716  7598.07385254  0.15
1717  7598.07385254  0.15
1718  7598.07385254  0.15
1719  7598.07385254  0.15
1720  7598.07385254  0.15
1721  7598.07385254  0.15
1722  7598.07385254  0.15
1723  7598.07385254  0.15
1724  7598.07385254  0.15
1725  7598.07385254  0.15
1726  7598.07385254  0.15
1727  7598.07385254  0.15
1728  7598.07385254  0.15
1729  7598.07385254  0.15
1730  7598.07385254  0.15
1731  7598.07385254  0.15
1732  7598.07385254  0.15
1733  7598.07385254  0.15
1734  7598.07385254  0.15
1735  7598.07385254  0.15
1736  7598.07385254  0.15
1737  7598.07385254  0.15
1738  7598.07385254  0.15
1739  7598.07385254  0.15
1740  7598.07385254  0.15
1741  7598.07385254  0.15
1742  7598.07385254  0.15
1743  7598.07385254  0.15
1744  7598.07385254  0.15
1745  7598.07385254  0.15
1746  7598.07385254  0.15
1747  7598.07385254  0.15
1748  7598.07385254  0.15
1749  7598.07385254  0.15
1750  7598.07385254  0.15
1751  7598.07385254  0.15
1752  7598.07385254  0.15
1753  7598.07385254  0.15
1754  7598.07385254  0.15
1755  7598.07385254  0.15
1756  7598.07385254  0.15
1757  7598.07385254  0.15
1758  7598.07385254  0.15
1759  7598.07385254  0.15
1760  7598.07385254  0.15
1761  7598.07385254  0.15
1762  7598.07385254  0.15
1763  7598.07385254  0.15
1764  7598.07385254  0.15
1765  7598.07385254  0.15
1766  7598.07385254  0.15
1767  7598.07385254  0.15
1768  7598.07385254  0.15
1769  7598.07385254  0.15
1770  7598.07385254  0.15
1771  7598.07385254  0.15
1772  7598.07385254  0.15
1773  7598.07385254  0.15
1774  7598.07385254  0.15
1775  7598.07385254  0.15
1776  7598.07385254  0.15
1777  7598.07385254  0.15
1778  7598.07385254  0.15
1779  7598.07385254  0.15
1780  7598.07385254  0.15
1781  7598.07385254  0.15
1782  7598.07385254  0.15
1783  7598.07385254  0.15
1784  7598.07385254  0.15
1785  7598.07385254  0.15
1786  7598.07385254  0.15
1787  7598.07385254  0.15
1788  7598.07385254  0.15
1789  7598.07385254  0.15
1790  7598.07385254  0.15
1791  7598.07385254  0.15
1792  7598.07385254  0.15
1793  7598.07385254  0.15
1794  7598.07385254  0.15
1795  7598.07385254  0.15
1796  7598.07385254  0.15
1797  7598.07385254  0.15
1798  7598.07385254  0.15
1799  7598.07385254  0.15
1800  7598.07385254  0.15
1801  7598.07385254  0.15
1802  7598.07385254  0.15
1803  7598.07385254  0.15
1804  7598.07385254  0.15
1805  7598.07385254  0.15
1806  7598.07385254  0.15
1807  7598.07385254  0.15
1808  7598.07385254  0.15
1809  7598.07385254  0.15
1810  7598.07385254  0.15
1811  7598.07385254  0.15
1812  7598.07385254  0.15
1813  7598.07385254  0.15
1814  7598.07385254  0.15
1815  7598.07385254  0.15
1816  7598.07385254  0.15
1817  7598.07385254  0.15
1818  7598.07385254  0.15
1819  7598.07385254  0.15
1820  7598.07385254  0.15
1821  7598.07385254  0.15
1822  7598.07385254  0.15
1823  7598.07385254  0.15
1824  7598.07385254  0.15
1825  7598.07385254  0.15
1826  7598.07385254  0.15
1827  7598.07385254  0.15
1828  7598.07385254  0.15
1829  7598.07385254  0.15
1830  7598.07385254  0.15
1831  7598.07385254  0.15
1832  7598.07385254  0.15
1833  7598.07385254  0.15
1834  7598.07385254  0.15
1835  7598.07385254  0.15
1836  7598.07385254  0.15
1837  7598.07385254  0.15
1838  7598.07385254  0.15
1839  7598.07385254  0.15
1840  7598.07385254  0.15
1841  7598.07385254  0.15
1842  7598.07385254  0.15
1843  7598.07385254  0.15
1844  7598.07385254  0.15
1845  7598.07385254  0.15
1846  7598.07385254  0.15
1847  7598.07385254  0.15
1848  7598.07385254  0.15
1849  7598.07385254  0.15
1850  7598.07385254  0.15
1851  7598.07385254  0.15
1852  7598.07385254  0.15
1853  7598.07385254  0.15
1854  7598.07385254  0.15
1855  7598.07385254  0.15
1856  7598.07385254  0.15
1857  7598.07385254  0.15
1858  7598.07385254  0.15
1859  7598.07385254  0.15
1860  7598.07385254  0.15
1861  7598.07385254  0.15
1862  7598.07385254  0.15
1863  7598.07385254  0.15
1864  7598.07385254  0.15
1865  7598.07385254  0.15
1866  7598.07385254  0.15
1867  7598.07385254  0.15
1868  7598.07385254  0.15
1869  7598.07385254  0.15
1870  7598.07385254  0.15
1871  7598.07385254  0.15
1872  7598.07385254  0.15
1873  7598.07385254  0.15
1874  7598.07385254  0.15
1875  7598.07385254  0.15
1876  7598.07385254  0.15
1877  7598.07385254  0.15
1878  7598.07385254  0.15
1879  7598.07385254  0.15
1880  7598.07385254  0.15
1881  7598.07385254  0.15
1882  7598.07385254  0.15
1883  7598.07385254  0.15
1884  7598.07385254  0.15
1885  7598.07385254  0.15
1886  7598.07385254  0.15
1887  7598.07385254  0.15
1888  7598.07385254  0.15
1889  7598.07385254  0.15
1890  7598.07385254  0.15
1891  7598.07385254  0.15
1892  7598.07385254  0.15
1893  7598.07385254  0.15
1894  7598.07385254  0.15
1895  7598.07385254  0.15
1896  7598.07385254  0.15
1897  7598.07385254  0.15
1898  7598.07385254  0.15
1899  7598.07385254  0.15
1900  7598.07385254  0.15
1901  7598.07385254  0.15
1902  7598.07385254  0.15
1903  7598.07385254  0.15
1904  7598.07385254  0.15
1905  7598.07385254  0.15
1906  7598.07385254  0.15
1907  7598.07385254  0.15
1908  7598.07385254  0.15
1909  7598.07385254  0.15
1910  7598.07385254  0.15
1911  7598.07385254  0.15
1912  7598.07385254  0.15
1913  7598.07385254  0.15
1914  7598.07385254  0.15
1915  7598.07385254  0.15
1916  7598.07385254  0.15
1917  7598.07385254  0.15
1918  7598.07385254  0.15
1919  7598.07385254  0.15
1920  7598.07385254  0.15
1921  7598.07385254  0.15
1922  7598.07385254  0.15
1923  7598.07385254  0.15
1924  7598.07385254  0.15
1925  7598.07385254  0.15
1926  7598.07385254  0.15
1927  7598.07385254  0.15
1928  7598.07385254  0.15
1929  7598.07385254  0.15
1930  7598.07385254  0.15
1931  7598.07385254  0.15
1932  7598.07385254  0.15
1933  7598.07385254  0.15
1934  7598.07385254  0.15
1935  7598.07385254  0.15
1936  7598.07385254  0.15
1937  7598.07385254  0.15
1938  7598.07385254  0.15
1939  7598.07385254  0.15
1940  7598.07385254  0.15
1941  7598.07385254  0.15
1942  7598.07385254  0.15
1943  7598.07385254  0.15
1944  7598.07385254  0.15
1945  7598.07385254  0.15
1946  7598.07385254  0.15
1947  7598.07385254  0.15
1948  7598.07385254  0.15
1949  7598.07385254  0.15
1950  7598.07385254  0.15
1951  7598.07385254  0.15
1952  7598.07385254  0.15
1953  7598.07385254  0.15
1954  7598.07385254  0.15
1955  7598.07385254  0.15
1956  7598.07385254  0.15
1957  7598.07385254  0.15
1958  7598.07385254  0.15
1959  7598.07385254  0.15
1960  7598.07385254  0.15
1961  7598.07385254  0.15
1962  7598.07385254  0.15
1963  7598.07385254  0.15
1964  7598.07385254  0.15
1965  7598.07385254  0.15
1966  7598.07385254  0.15
1967  7598.07385254  0.15
1968  7598.07385254  0.15
1969  7598.07385254  0.15
1970  7598.07385254  0.15
1971  7598.07385254  0.15
1972  7598.07385254  0.15
1973  7598.07385254  0.15
1974  7598.07385254  0.15
1975  7598.07385254  0.15
1976  7598.07385254  0.15
1977  7598.07385254  0.15
1978  7598.07385254  0.15
1979  7598.07385254  0.15
1980  7598.07385254  0.15
1981  7598.07385254  0.15
1982  7598.07385254  0.15
1983  7598.07385254  0.15
1984  7598.07385254  0.15
1985  7598.07385254  0.15
1986  7598.07385254  0.15
1987  7598.07385254  0.15
1988  7598.07385254  0.15
1989  7598.07385254  0.15
1990  7598.07385254  0.15
1991  7598.07385254  0.15
1992  7598.07385254  0.15
1993  7598.07385254  0.15
1994  7598.07385254  0.15
1995  7598.07385254  0.15
1996  7598.07385254  0.15
1997  7598.07385254  0.15
1998  7598.07385254  0.15
1999  7598.07385254  0.15
2000  7598.07385254  0.15
2001  7598.07385254  0.15
2002  7598.07385254  0.15
2003  7598.07385254  0.15
2004  7598.07385254  0.15
2005  7598.07385254  0.15
2006  7598.07385254  0.15
2007  7598.07385254  0.15
2008  7598.07385254  0.15
2009  7598.07385254  0.15
2010  7598.07385254  0.15
2011  7598.07385254  0.15
2012  7598.07385254  0.15
2013  7598.07385254  0.15
2014  7598.07385254  0.15
2015  7598.07385254  0.15
2016  7598.07385254  0.15
2017  7598.07385254  0.15
2018  7598.07385254  0.15
2019  7598.07385254  0.15
2020  7598.07385254  0.15
2021  7598.07385254  0.15
2022  7598.07385254  0.15
2023  7598.07385254  0.15
2024  7598.07385254  0.15
2025  7598.07385254  0.15
2026  7598.07385254  0.15
2027  7598.07385254  0.15
2028  7598.07385254  0.15
2029  7598.07385254  0.15
2030  7598.07385254  0.15
2031  7598.07385254  0.15
2032  7598.07385254  0.15
2033  7598.07385254  0.15
2034  7598.07385254  0.15
2035  7598.07385254  0.15
2036  7598.07385254  0.15
2037  7598.07385254  0.15
2038  7598.07385254  0.15
2039  7598.07385254  0.15
2040  7598.07385254  0.15
2041  7598.07385254  0.15
2042  7598.07385254  0.15
2043  7598.07385254  0.15
2044  7598.07385254  0.15
2045  7598.07385254  0.15
2046  7598.07385254  0.15
2047  7598.07385254  0.15
2048  7598.07385254  0.15
2049  7598.07385254  0.15
2050  7598.07385254  0.15
2051  7598.07385254  0.15
2052  7598.07385254  0.15
2053  7598.07385254  0.15
2054  7598.07385254  0.15
2055  7598.07385254  0.15
2056  7598.07385254  0.15
2057  7598.07385254  0.15
2058  7598.07385254  0.15
2059  7598.07385254  0.15
2060  7598.07385254  0.15
2061  7598.07385254  0.15
2062  7598.07385254  0.15
2063  7598.07385254  0.15
2064  7598.07385254  0.15
2065  7598.07385254  0.15
2066  7598.07385254  0.15
2067  7598.07385254  0.15
2068  7598.07385254  0.15
2069  7598.07385254  0.15
2070  7598.07385254  0.15
2071  7598.07385254  0.15
2072  7598.07385254  0.15
2073  7598.07385254  0.15
2074  7598.07385254  0.15
2075  7598.07385254  0.15
2076  7598.07385254  0.15
2077  7598.07385254  0.15
2078  7598.07385254  0.15
2079  7598.07385254  0.15
2080  7598.07385254  0.15
2081  7598.07385254  0.15
2082  7598.07385254  0.15
2083  7598.07385254  0.15
2084  7598.07385254  0.15
2085  7598.07385254  0.15
2086  7598.07385254  0.15
2087  7598.07385254  0.15
2088  7598.07385254  0.15
2089  7598.07385254  0.15
2090  7598.07385254  0.15
2091  7598.07385254  0.15
2092  7598.07385254  0.15
2093  7598.07385254  0.15
2094  7598.07385254  0.15
2095  7598.07385254  0.15
2096  7598.07385254  0.15
2097  7598.07385254  0.15
2098  7598.07385254  0.15
2099  7598.07385254  0.15
2100  7598.07385254  0.15
2101  7598.07385254  0.15
2102  7598.07385254  0.15
2103  7598.07385254  0.15
2104  7598.07385254  0.15
2105  7598.07385254  0.15
2106  7598.07385254  0.15
2107  7598.07385254  0.15
2108  7598.07385254  0.15
2109  7598.07385254  0.15
2110  7598.07385254  0.15
2111  7598.07385254  0.15
2112  7598.07385254  0.15
2113  7598.07385254  0.15
2114  7598.07385254  0.15
2115  7598.07385254  0.15
2116  7598.07385254  0.15
2117  7598.07385254  0.15
2118  7598.07385254  0.15
2119  7598.07385254  0.15
2120  7598.07385254  0.15
2121  7598.07385254  0.15
2122  7598.07385254  0.15
2123  7598.07385254  0.15
2124  7598.07385254  0.15
2125  7598.07385254  0.15
2126  7598.07385254  0.15
2127  7598.07385254  0.15
2128  7598.07385254  0.15
2129  7598.07385254  0.15
2130  7598.07385254  0.15
2131  7598.07385254  0.15
2132  7598.07385254  0.15
2133  7598.07385254  0.15
2134  7598.07385254  0.15
2135  7598.07385254  0.15
2136  7598.07385254  0.15
2137  7598.07385254  0.15
2138  7598.07385254  0.15
2139  7598.07385254  0.15
2140  7598.07385254  0.15
2141  7598.07385254  0.15
2142  7598.07385254  0.15
2143  7598.07385254  0.15
2144  7598.07385254  0.15
2145  7598.07385254  0.15
2146  7598.07385254  0.15
2147  7598.07385254  0.15
2148  7598.07385254  0.15
2149  7598.07385254  0.15
2150  7598.07385254  0.15
2151  7598.07385254  0.15
2152  7598.07385254  0.15
2153  7598.07385254  0.15
2154  7598.07385254  0.15
2155  7598.07385254  0.15
2156  7598.07385254  0.15
2157  7598.07385254  0.15
2158  7598.07385254  0.15
2159  7598.07385254  0.15
2160  7598.07385254  0.15
2161  7598.07385254  0.15
2162  7598.07385254  0.15
2163  7598.07385254  0.15
2164  7598.07385254  0.15
2165  7598.07385254  0.15
2166  7598.07385254  0.15
2167  7598.07385254  0.15
2168  7598.07385254  0.15
2169  7598.07385254  0.15
2170  7598.07385254  0.15
2171  7598.07385254  0.15
2172  7598.07385254  0.15
2173  7598.07385254  0.15
2174  7598.07385254  0.15
2175  7598.07385254  0.15
2176  7598.07385254  0.15
2177  7598.07385254  0.15
2178  7598.07385254  0.15
2179  7598.07385254  0.15
2180  7598.07385254  0.15
2181  7598.07385254  0.15
2182  7598.07385254  0.15
2183  7598.07385254  0.15
2184  7598.07385254  0.15
2185  7598.07385254  0.15
2186  7598.07385254  0.15
2187  7598.07385254  0.15
2188  7598.07385254  0.15
2189  7598.07385254  0.15
2190  7598.07385254  0.15
2191  7598.07385254  0.15
2192  7598.07385254  0.15
2193  7598.07385254  0.15
2194  7598.07385254  0.15
2195  7598.07385254  0.15
2196  7598.07385254  0.15
2197  7598.07385254  0.15
2198  7598.07385254  0.15
2199  7598.07385254  0.15
2200  7598.07385254  0.15
2201  7598.07385254  0.15
2202  7598.07385254  0.15
2203  7598.07385254  0.15
2204  7598.07385254  0.15
2205  7598.07385254  0.15
2206  7598.07385254  0.15
2207  7598.07385254  0.15
2208  7598.07385254  0.15
2209  7598.07385254  0.15
2210  7598.07385254  0.15
2211  7598.07385254  0.15
2212  7598.07385254  0.15
2213  7598.07385254  0.15
2214  7598.07385254  0.15
2215  7598.07385254  0.15
2216  7598.07385254  0.15
2217  7598.07385254  0.15
2218  7598.07385254  0.15
2219  7598.07385254  0.15
2220  7598.07385254  0.15
2221  7598.07385254  0.15
2222  7598.07385254  0.15
2223  7598.07385254  0.15
2224  7598.07385254  0.15
2225  7598.07385254  0.15
2226  7598.07385254  0.15
2227  7598.07385254  0.15
2228  7598.07385254  0.15
2229  7598.07385254  0.15
2230  7598.07385254  0.15
2231  7598.07385254  0.15
2232  7598.07385254  0.15
2233  7598.07385254  0.15
2234  7598.07385254  0.15
2235  7598.07385254  0.15
2236  7598.07385254  0.15
2237  7598.07385254  0.15
2238  7598.07385254  0.15
2239  7598.07385254  0.15
2240  7598.07385254  0.15
2241  7598.07385254  0.15
2242  7598.07385254  0.15
2243  7598.07385254  0.15
2244  7598.07385254  0.15
2245  7598.07385254  0.15
2246  7598.07385254  0.15
2247  7598.07385254  0.15
2248  7598.07385254  0.15
2249  7598.07385254  0.15
2250  7598.07385254  0.15
2251  7598.07385254  0.15
2252  7598.07385254  0.15
2253  7598.07385254  0.15
2254  7598.07385254  0.15
2255  7598.07385254  0.15
2256  7598.07385254  0.15
2257  7598.07385254  0.15
2258  7598.07385254  0.15
2259  7598.07385254  0.15
2260  7598.07385254  0.15
2261  7598.07385254  0.15
2262  7598.07385254  0.15
2263  7598.07385254  0.15
2264  7598.07385254  0.15
2265  7598.07385254  0.15
2266  7598.07385254  0.15
2267  7598.07385254  0.15
2268  7598.07385254  0.15
2269  7598.07385254  0.15
2270  7598.07385254  0.15
2271  7598.07385254  0.15
2272  7598.07385254  0.15
2273  7598.07385254  0.15
2274  7598.07385254  0.15
2275  7598.07385254  0.15
2276  7598.07385254  0.15
2277  7598.07385254  0.15
2278  7598.07385254  0.15
2279  7598.07385254  0.15
2280  7598.07385254  0.15
2281  7598.07385254  0.15
2282  7598.07385254  0.15
2283  7598.07385254  0.15
2284  7598.07385254  0.15
2285  7598.07385254  0.15
2286  7598.07385254  0.15
2287  7598.07385254  0.15
2288  7598.07385254  0.15
2289  7598.07385254  0.15
2290  7598.07385254  0.15
2291  7598.07385254  0.15
2292  7598.07385254  0.15
2293  7598.07385254  0.15
2294  7598.07385254  0.15
2295  7598.07385254  0.15
2296  7598.07385254  0.15
2297  7598.07385254  0.15
2298  7598.07385254  0.15
2299  7598.07385254  0.15
2300  7598.07385254  0.15
2301  7598.07385254  0.15
2302  7598.07385254  0.15
2303  7598.07385254  0.15
2304  7598.07385254  0.15
2305  7598.07385254  0.15
2306  7598.07385254  0.15
2307  7598.07385254  0.15
2308  7598.07385254  0.15
2309  7598.07385254  0.15
2310  7598.07385254  0.15
2311  7598.07385254  0.15
2312  7598.07385254  0.15
2313  7598.07385254  0.15
2314  7598.07385254  0.15
2315  7598.07385254  0.15
2316  7598.07385254  0.15
2317  7598.07385254  0.15
2318  7598.07385254  0.15
2319  7598.07385254  0.15
2320  7598.07385254  0.15
2321  7598.07385254  0.15
2322  7598.07385254  0.15
2323  7598.07385254  0.15
2324  7598.07385254  0.15
2325  7598.07385254  0.15
2326  7598.07385254  0.15
2327  7598.07385254  0.15
2328  7598.07385254  0.15
2329  7598.07385254  0.15
2330  7598.07385254  0.15
2331  7598.07385254  0.15
2332  7598.07385254  0.15
2333  7598.07385254  0.15
2334  7598.07385254  0.15
2335  7598.07385254  0.15
2336  7598.07385254  0.15
2337  7598.07385254  0.15
2338  7598.07385254  0.15
2339  7598.07385254  0.15
2340  7598.07385254  0.15
2341  7598.07385254  0.15
2342  7598.07385254  0.15
2343  7598.07385254  0.15
2344  7598.07385254  0.15
2345  7598.07385254  0.15
2346  7598.07385254  0.15
2347  7598.07385254  0.15
2348  7598.07385254  0.15
2349  7598.07385254  0.15
2350  7598.07385254  0.15
2351  7598.07385254  0.15
2352  7598.07385254  0.15
2353  7598.07385254  0.15
2354  7598.07385254  0.15
2355  7598.07385254  0.15
2356  7598.07385254  0.15
2357  7598.07385254  0.15
2358  7598.07385254  0.15
2359  7598.07385254  0.15
2360  7598.07385254  0.15
2361  7598.07385254  0.15
2362  7598.07385254  0.15
2363  7598.07385254  0.15
2364  7598.07385254  0.15
2365  7598.07385254  0.15
2366  7598.07385254  0.15
2367  7598.07385254  0.15
2368  7598.07385254  0.15
2369  7598.07385254  0.15
2370  7598.07385254  0.15
2371  7598.07385254  0.15
2372  7598.07385254  0.15
2373  7598.07385254  0.15
2374  7598.07385254  0.15
2375  7598.07385254  0.15
2376  7598.07385254  0.15
2377  7598.07385254  0.15
2378  7598.07385254  0.15
2379  7598.07385254  0.15
2380  7598.07385254  0.15
2381  7598.07385254  0.15
2382  7598.07385254  0.15
2383  7598.07385254  0.15
2384  7598.07385254  0.15
2385  7598.07385254  0.15
2386  7598.07385254  0.15
2387  7598.07385254  0.15
2388  7598.07385254  0.15
2389  7598.07385254  0.15
2390  7598.07385254  0.15
2391  7598.07385254  0.15
2392  7598.07385254  0.15
2393  7598.07385254  0.15
2394  7598.07385254  0.15
2395  7598.07385254  0.15
2396  7598.07385254  0.15
2397  7598.07385254  0.15
2398  7598.07385254  0.15
2399  7598.07385254  0.15
2400  7598.07385254  0.15
2401  7598.07385254  0.15
2402  7598.07385254  0.15
2403  7598.07385254  0.15
2404  7598.07385254  0.15
2405  7598.07385254  0.15
2406  7598.07385254  0.15
2407  7598.07385254  0.15
2408  7598.07385254  0.15
2409  7598.07385254  0.15
2410  7598.07385254  0.15
2411  7598.07385254  0.15
2412  7598.07385254  0.15
2413  7598.07385254  0.15
2414  7598.07385254  0.15
2415  7598.07385254  0.15
2416  7598.07385254  0.15
2417  7598.07385254  0.15
2418  7598.07385254  0.15
2419  7598.07385254  0.15
2420  7598.07385254  0.15
2421  7598.07385254  0.15
2422  7598.07385254  0.15
2423  7598.07385254  0.15
2424  7598.07385254  0.15
2425  7598.07385254  0.15
2426  7598.07385254  0.15
2427  7598.07385254  0.15
2428  7598.07385254  0.15
2429  7598.07385254  0.15
2430  7598.07385254  0.15
2431  7598.07385254  0.15
2432  7598.07385254  0.15
2433  7598.07385254  0.15
2434  7598.07385254  0.15
2435  7598.07385254  0.15
2436  7598.07385254  0.15
2437  7598.07385254  0.15
2438  7598.07385254  0.15
2439  7598.07385254  0.15
2440  7598.07385254  0.15
2441  7598.07385254  0.15
2442  7598.07385254  0.15
2443  7598.07385254  0.15
2444  7598.07385254  0.15
2445  7598.07385254  0.15
2446  7598.07385254  0.15
2447  7598.07385254  0.15
2448  7598.07385254  0.15
2449  7598.07385254  0.15
2450  7598.07385254  0.15
2451  7598.07385254  0.15
2452  7598.07385254  0.15
2453  7598.07385254  0.15
2454  7598.07385254  0.15
2455  7598.07385254  0.15
2456  7598.07385254  0.15
2457  7598.07385254  0.15
2458  7598.07385254  0.15
2459  7598.07385254  0.15
2460  7598.07385254  0.15
2461  7598.07385254  0.15
2462  7598.07385254  0.15
2463  7598.07385254  0.15
2464  7598.07385254  0.15
2465  7598.07385254  0.15
2466  7598.07385254  0.15
2467  7598.07385254  0.15
2468  7598.07385254  0.15
2469  7598.07385254  0.15
2470  7598.07385254  0.15
2471  7598.07385254  0.15
2472  7598.07385254  0.15
2473  7598.07385254  0.15
2474  7598.07385254  0.15
2475  7598.07385254  0.15
2476  7598.07385254  0.15
2477  7598.07385254  0.15
2478  7598.07385254  0.15
2479  7598.07385254  0.15
2480  7598.07385254  0.15
2481  7598.07385254  0.15
2482  7598.07385254  0.15
2483  7598.07385254  0.15
2484  7598.07385254  0.15
2485  7598.07385254  0.15
2486  7598.07385254  0.15
2487  7598.07385254  0.15
2488  7598.07385254  0.15
2489  7598.07385254  0.15
2490  7598.07385254  0.15
2491  7598.07385254  0.15
2492  7598.07385254  0.15
2493  7598.07385254  0.15
2494  7598.07385254  0.15
2495  7598.07385254  0.15
2496  7598.07385254  0.15
2497  7598.07385254  0.15
2498  7598.07385254  0.15
2499  7598.07385254  0.15
2500  7598.07385254  0.15
2501  7598.07385254  0.15
2502  7598.07385254  0.15
2503  7598.07385254  0.15
2504  7598.07385254  0.15
2505  7598.07385254  0.15
2506  7598.07385254  0.15
2507  7598.07385254  0.15
2508  7598.07385254  0.15
2509  7598.07385254  0.15
2510  7598.07385254  0.15
2511  7598.07385254  0.15
2512  7598.07385254  0.15
2513  7598.07385254  0.15
2514  7598.07385254  0.15
2515  7598.07385254  0.15
2516  7598.07385254  0.15
2517  7598.07385254  0.15
2518  7598.07385254  0.15
2519  7598.07385254  0.15
2520  7598.07385254  0.15
2521  7598.07385254  0.15
2522  7598.07385254  0.15
2523  7598.07385254  0.15
2524  7598.07385254  0.15
2525  7598.07385254  0.15
2526  7598.07385254  0.15
2527  7598.07385254  0.15
2528  7598.07385254  0.15
2529  7598.07385254  0.15
2530  7598.07385254  0.15
2531  7598.07385254  0.15
2532  7598.07385254  0.15
2533  7598.07385254  0.15
2534  7598.07385254  0.15
2535  7598.07385254  0.15
2536  7598.07385254  0.15
2537  7598.07385254  0.15
2538  7598.07385254  0.15
2539  7598.07385254  0.15
2540  7598.07385254  0.15
2541  7598.07385254  0.15
2542  7598.07385254  0.15
2543  7598.07385254  0.15
2544  7598.07385254  0.15
2545  7598.07385254  0.15
2546  7598.07385254  0.15
2547  7598.07385254  0.15
2548  7598.07385254  0.15
2549  7598.07385254  0.15
2550  7598.07385254  0.15
2551  7598.07385254  0.15
2552  7598.07385254  0.15
2553  7598.07385254  0.15
2554  7598.07385254  0.15
2555  7598.07385254  0.15
2556  7598.07385254  0.15
2557  7598.07385254  0.15
2558  7598.07385254  0.15
2559  7598.07385254  0.15
2560  7598.07385254  0.15
2561  7598.07385254  0.15
2562  7598.07385254  0.15
2563  7598.07385254  0.15
2564  7598.07385254  0.15
2565  7598.07385254  0.15
2566  7598.07385254  0.15
2567  7598.07385254  0.15
2568  7598.07385254  0.15
2569  7598.07385254  0.15
2570  7598.07385254  0.15
2571  7598.07385254  0.15
2572  7598.07385254  0.15
2573  7598.07385254  0.15
2574  7598.07385254  0.15
2575  7598.07385254  0.15
2576  7598.07385254  0.15
2577  7598.07385254  0.15
2578  7598.07385254  0.15
2579  7598.07385254  0.15
2580  7598.07385254  0.15
2581  7598.07385254  0.15
2582  7598.07385254  0.15
2583  7598.07385254  0.15
2584  7598.07385254  0.15
2585  7598.07385254  0.15
2586  7598.07385254  0.15
2587  7598.07385254  0.15
2588  7598.07385254  0.15
2589  7598.07385254  0.15
2590  7598.07385254  0.15
2591  7598.07385254  0.15
2592  7598.07385254  0.15
2593  7598.07385254  0.15
2594  7598.07385254  0.15
2595  7598.07385254  0.15
2596  7598.07385254  0.15
2597  7598.07385254  0.15
2598  7598.07385254  0.15
2599  7598.07385254  0.15
2600  7598.07385254  0.15
2601  7598.07385254  0.15
2602  7598.07385254  0.15
2603  7598.07385254  0.15
2604  7598.07385254  0.15
2605  7598.07385254  0.15
2606  7598.07385254  0.15
2607  7598.07385254  0.15
2608  7598.07385254  0.15
2609  7598.07385254  0.15
2610  7598.07385254  0.15
2611  7598.07385254  0.15
2612  7598.07385254  0.15
2613  7598.07385254  0.15
2614  7598.07385254  0.15
2615  7598.07385254  0.15
2616  7598.07385254  0.15
2617  7598.07385254  0.15
2618  7598.07385254  0.15
2619  7598.07385254  0.15
2620  7598.07385254  0.15
2621  7598.07385254  0.15
2622  7598.07385254  0.15
2623  7598.07385254  0.15
2624  7598.07385254  0.15
2625  7598.07385254  0.15
2626  7598.07385254  0.15
2627  7598.07385254  0.15
2628  7598.07385254  0.15
2629  7598.07385254  0.15
2630  7598.07385254  0.15
2631  7598.07385254  0.15
2632  7598.07385254  0.15
2633  7598.07385254  0.15
2634  7598.07385254  0.15
2635  7598.07385254  0.15
2636  7598.07385254  0.15
2637  7598.07385254  0.15
2638  7598.07385254  0.15
2639  7598.07385254  0.15
2640  7598.07385254  0.15
2641  7598.07385254  0.15
2642  7598.07385254  0.15
2643  7598.07385254  0.15
2644  7598.07385254  0.15
2645  7598.07385254  0.15
2646  7598.07385254  0.15
2647  7598.07385254  0.15
2648  7598.07385254  0.15
2649  7598.07385254  0.15
2650  7598.07385254  0.15
2651  7598.07385254  0.15
2652  7598.07385254  0.15
2653  7598.07385254  0.15
2654  7598.07385254  0.15
2655  7598.07385254  0.15
2656  7598.07385254  0.15
2657  7598.07385254  0.15
2658  7598.07385254  0.15
2659  7598.07385254  0.15
2660  7598.07385254  0.15
2661  7598.07385254  0.15
2662  7598.07385254  0.15
2663  7598.07385254  0.15
2664  7598.07385254  0.15
2665  7598.07385254  0.15
2666  7598.07385254  0.15
2667  7598.07385254  0.15
2668  7598.07385254  0.15
2669  7598.07385254  0.15
2670  7598.07385254  0.15
2671  7598.07385254  0.15
2672  7598.07385254  0.15
2673  7598.07385254  0.15
2674  7598.07385254  0.15
2675  7598.07385254  0.15
2676  7598.07385254  0.15
2677  7598.07385254  0.15
2678  7598.07385254  0.15
2679  7598.07385254  0.15
2680  7598.07385254  0.15
2681  7598.07385254  0.15
2682  7598.07385254  0.15
2683  7598.07385254  0.15
2684  7598.07385254  0.15
2685  7598.07385254  0.15
2686  7598.07385254  0.15
2687  7598.07385254  0.15
2688  7598.07385254  0.15
2689  7598.07385254  0.15
2690  7598.07385254  0.15
2691  7598.07385254  0.15
2692  7598.07385254  0.15
2693  7598.07385254  0.15
2694  7598.07385254  0.15
2695  7598.07385254  0.15
2696  7598.07385254  0.15
2697  7598.07385254  0.15
2698  7598.07385254  0.15
2699  7598.07385254  0.15
2700  7598.07385254  0.15
2701  7598.07385254  0.15
2702  7598.07385254  0.15
2703  7598.07385254  0.15
2704  7598.07385254  0.15
2705  7598.07385254  0.15
2706  7598.07385254  0.15
2707  7598.07385254  0.15
2708  7598.07385254  0.15
2709  7598.07385254  0.15
2710  7598.07385254  0.15
2711  7598.07385254  0.15
2712  7598.07385254  0.15
2713  7598.07385254  0.15
2714  7598.07385254  0.15
2715  7598.07385254  0.15
2716  7598.07385254  0.15
2717  7598.07385254  0.15
2718  7598.07385254  0.15
2719  7598.07385254  0.15
2720  7598.07385254  0.15
2721  7598.07385254  0.15
2722  7598.07385254  0.15
2723  7598.07385254  0.15
2724  7598.07385254  0.15
2725  7598.07385254  0.15
2726  7598.07385254  0.15
2727  7598.07385254  0.15
2728  7598.07385254  0.15
2729  7598.07385254  0.15
2730  7598.07385254  0.15
2731  7598.07385254  0.15
2732  7598.07385254  0.15
2733  7598.07385254  0.15
2734  7598.07385254  0.15
2735  7598.07385254  0.15
2736  7598.07385254  0.15
2737  7598.07385254  0.15
2738  7598.07385254  0.15
2739  7598.07385254  0.15
2740  7598.07385254  0.15
2741  7598.07385254  0.15
2742  7598.07385254  0.15
2743  7598.07385254  0.15
2744  7598.07385254  0.15
2745  7598.07385254  0.15
2746  7598.07385254  0.15
2747  7598.07385254  0.15
2748  7598.07385254  0.15
2749  7598.07385254  0.15
2750  7598.07385254  0.15
2751  7598.07385254  0.15
2752  7598.07385254  0.15
2753  7598.07385254  0.15
2754  7598.07385254  0.15
2755  7598.07385254  0.15
2756  7598.07385254  0.15
2757  7598.07385254  0.15
2758  7598.07385254  0.15
2759  7598.07385254  0.15
2760  7598.07385254  0.15
2761  7598.07385254  0.15
2762  7598.07385254  0.15
2763  7598.07385254  0.15
2764  7598.07385254  0.15
2765  7598.07385254  0.15
2766  7598.07385254  0.15
2767  7598.07385254  0.15
2768  7598.07385254  0.15
2769  7598.07385254  0.15
2770  7598.07385254  0.15
2771  7598.07385254  0.15
2772  7598.07385254  0.15
2773  7598.07385254  0.15
2774  7598.07385254  0.15
2775  7598.07385254  0.15
2776  7598.07385254  0.15
2777  7598.07385254  0.15
2778  7598.07385254  0.15
2779  7598.07385254  0.15
2780  7598.07385254  0.15
2781  7598.07385254  0.15
2782  7598.07385254  0.15
2783  7598.07385254  0.15
2784  7598.07385254  0.15
2785  7598.07385254  0.15
2786  7598.07385254  0.15
2787  7598.07385254  0.15
2788  7598.07385254  0.15
2789  7598.07385254  0.15
2790  7598.07385254  0.15
2791  7598.07385254  0.15
2792  7598.07385254  0.15
2793  7598.07385254  0.15
2794  7598.07385254  0.15
2795  7598.07385254  0.15
2796  7598.07385254  0.15
2797  7598.07385254  0.15
2798  7598.07385254  0.15
2799  7598.07385254  0.15
2800  7598.07385254  0.15
2801  7598.07385254  0.15
2802  7598.07385254  0.15
2803  7598.07385254  0.15
2804  7598.07385254  0.15
2805  7598.07385254  0.15
2806  7598.07385254  0.15
2807  7598.07385254  0.15
2808  7598.07385254  0.15
2809  7598.07385254  0.15
2810  7598.07385254  0.15
2811  7598.07385254  0.15
2812  7598.07385254  0.15
2813  7598.07385254  0.15
2814  7598.07385254  0.15
2815  7598.07385254  0.15
2816  7598.07385254  0.15
2817  7598.07385254  0.15
2818  7598.07385254  0.15
2819  7598.07385254  0.15
2820  7598.07385254  0.15
2821  7598.07385254  0.15
2822  7598.07385254  0.15
2823  7598.07385254  0.15
2824  7598.07385254  0.15
2825  7598.07385254  0.15
2826  7598.07385254  0.15
2827  7598.07385254  0.15
2828  7598.07385254  0.15
2829  7598.07385254  0.15
2830  7598.07385254  0.15
2831  7598.07385254  0.15
2832  7598.07385254  0.15
2833  7598.07385254  0.15
2834  7598.07385254  0.15
2835  7598.07385254  0.15
2836  7598.07385254  0.15
2837  7598.07385254  0.15
2838  7598.07385254  0.15
2839  7598.07385254  0.15
2840  7598.07385254  0.15
2841  7598.07385254  0.15
2842  7598.07385254  0.15
2843  7598.07385254  0.15
2844  7598.07385254  0.15
2845  7598.07385254  0.15
2846  7598.07385254  0.15
2847  7598.07385254  0.15
2848  7598.07385254  0.15
2849  7598.07385254  0.15
2850  7598.07385254  0.15
2851  7598.07385254  0.15
2852  7598.07385254  0.15
2853  7598.07385254  0.15
2854  7598.07385254  0.15
2855  7598.07385254  0.15
2856  7598.07385254  0.15
2857  7598.07385254  0.15
2858  7598.07385254  0.15
2859  7598.07385254  0.15
2860  7598.07385254  0.15
2861  7598.07385254  0.15
2862  7598.07385254  0.15
2863  7598.07385254  0.15
2864  7598.07385254  0.15
2865  7598.07385254  0.15
2866  7598.07385254  0.15
2867  7598.07385254  0.15
2868  7598.07385254  0.15
2869  7598.07385254  0.15
2870  7598.07385254  0.15
2871  7598.07385254  0.15
2872  7598.07385254  0.15
2873  7598.07385254  0.15
2874  7598.07385254  0.15
2875  7598.07385254  0.15
2876  7598.07385254  0.15
2877  7598.07385254  0.15
2878  7598.07385254  0.15
2879  7598.07385254  0.15
2880  7598.07385254  0.15
2881  7598.07385254  0.15
2882  7598.07385254  0.15
2883  7598.07385254  0.15
2884  7598.07385254  0.15
2885  7598.07385254  0.15
2886  7598.07385254  0.15
2887  7598.07385254  0.15
2888  7598.07385254  0.15
2889  7598.07385254  0.15
2890  7598.07385254  0.15
2891  7598.07385254  0.15
2892  7598.07385254  0.15
2893  7598.07385254  0.15
2894  7598.07385254  0.15
2895  7598.07385254  0.15
2896  7598.07385254  0.15
2897  7598.07385254  0.15
2898  7598.07385254  0.15
2899  7598.07385254  0.15
2900  7598.07385254  0.15
2901  7598.07385254  0.15
2902  7598.07385254  0.15
2903  7598.07385254  0.15
2904  7598.07385254  0.15
2905  7598.07385254  0.15
2906  7598.07385254  0.15
2907  7598.07385254  0.15
2908  7598.07385254  0.15
2909  7598.07385254  0.15
2910  7598.07385254  0.15
2911  7598.07385254  0.15
2912  7598.07385254  0.15
2913  7598.07385254  0.15
2914  7598.07385254  0.15
2915  7598.07385254  0.15
2916  7598.07385254  0.15
2917  7598.07385254  0.15
2918  7598.07385254  0.15
2919  7598.07385254  0.15
2920  7598.07385254  0.15
2921  7598.07385254  0.15
2922  7598.07385254  0.15
2923  7598.07385254  0.15
2924  7598.07385254  0.15
2925  7598.07385254  0.15
2926  7598.07385254  0.15
2927  7598.07385254  0.15
2928  7598.07385254  0.15
2929  7598.07385254  0.15
2930  7598.07385254  0.15
2931  7598.07385254  0.15
2932  7598.07385254  0.15
2933  7598.07385254  0.15
2934  7598.07385254  0.15
2935  7598.07385254  0.15
2936  7598.07385254  0.15
2937  7598.07385254  0.15
2938  7598.07385254  0.15
2939  7598.07385254  0.15
2940  7598.07385254  0.15
2941  7598.07385254  0.15
2942  7598.07385254  0.15
2943  7598.07385254  0.15
2944  7598.07385254  0.15
2945  7598.07385254  0.15
2946  7598.07385254  0.15
2947  7598.07385254  0.15
2948  7598.07385254  0.15
2949  7598.07385254  0.15
2950  7598.07385254  0.15
2951  7598.07385254  0.15
2952  7598.07385254  0.15
2953  7598.07385254  0.15
2954  7598.07385254  0.15
2955  7598.07385254  0.15
2956  7598.07385254  0.15
2957  7598.07385254  0.15
2958  7598.07385254  0.15
2959  7598.07385254  0.15
2960  7598.07385254  0.15
2961  7598.07385254  0.15
2962  7598.07385254  0.15
2963  7598.07385254  0.15
2964  7598.07385254  0.15
2965  7598.07385254  0.15
2966  7598.07385254  0.15
2967  7598.07385254  0.15
2968  7598.07385254  0.15
2969  7598.07385254  0.15
2970  7598.07385254  0.15
2971  7598.07385254  0.15
2972  7598.07385254  0.15
2973  7598.07385254  0.15
2974  7598.07385254  0.15
2975  7598.07385254  0.15
2976  7598.07385254  0.15
2977  7598.07385254  0.15
2978  7598.07385254  0.15
2979  7598.07385254  0.15
2980  7598.07385254  0.15
2981  7598.07385254  0.15
2982  7598.07385254  0.15
2983  7598.07385254  0.15
2984  7598.07385254  0.15
2985  7598.07385254  0.15
2986  7598.07385254  0.15
2987  7598.07385254  0.15
2988  7598.07385254  0.15
2989  7598.07385254  0.15
2990  7598.07385254  0.15
2991  7598.07385254  0.15
2992  7598.07385254  0.15
2993  7598.07385254  0.15
2994  7598.07385254  0.15
2995  7598.07385254  0.15
2996  7598.07385254  0.15
2997  7598.07385254  0.15
2998  7598.07385254  0.15
2999  7598.07385254  0.15
#[-9, -7, -5, -5, -1, 2, 4, 5, 6, 7]
#[-8, -8, -8, -6, 6, 7, 8, 8, 9, 9]
#[-9, -5, -1, 4, 4, 4, 5, 6, 7, 9]
#[4, 4, 4, 4, 4, 4, 4, 4, 4, 4]
#[4, 4, 4, 4, 4, 4, 4, 4, 4, 9]
#[-8, 4, 4, 4, 4, 4, 4, 4, 4, 4]
#[4, 4, 4, 4, 4, 4, 4, 4, 4, 4]
#[-8, 1, 1, 4, 4, 4, 4, 4, 4, 4]
#[-4, 4, 4, 4, 4, 4, 4, 4, 4, 4]
#Specialization index= [0, 2, 1.0]
