#[4, 4, 6, 8, 4, 5, 5, 4, 8, 3, 9, 4, 5, 9, 8]
#[9, 9, 6, 7, 0, 9, 7, 1, 9, 7, 7, 7, 3, 4, 8]
#[2, 0, 8, 8, 2, 8, 9, 3, 8, 0, 2, 1, 0, 9, 3]
#[2, 3, 9, 7, 6, 3, 9, 6, 6, 8, 9, 5, 8, 9, 4]
#[6, 9, 8, 2, 8, 6, 9, 1, 6, 9, 2, 7, 3, 9, 4]
#[4, 9, 6, 7, 6, 2, 2, 9, 2, 0, 2, 9, 0, 0, 1]
#[5, 9, 9, 1, 7, 0, 5, 5, 0, 6, 4, 9, 6, 0, 9]
#[6, 9, 6, 6, 0, 4, 3, 3, 5, 4, 0, 7, 1, 5, 5]
#[7, 2, 7, 4, 6, 9, 8, 9, 8, 2, 2, 4, 1, 7, 3]
0  3384.0  0.113333333333
1  3661.0  0.0733333333333
2  3661.0  0.0733333333333
3  3661.0  0.0733333333333
4  3661.0  0.0733333333333
5  3665.0  0.0933333333333
6  3665.0  0.0933333333333
7  3665.0  0.0933333333333
8  3665.0  0.0933333333333
9  3665.0  0.0933333333333
10  3665.0  0.0933333333333
11  3665.0  0.0933333333333
12  3665.0  0.0933333333333
13  3665.0  0.0933333333333
14  3665.0  0.0933333333333
15  3665.0  0.0933333333333
16  3760.0  0.0866666666667
17  3760.0  0.0866666666667
18  3760.0  0.0866666666667
19  3760.0  0.0866666666667
20  3760.0  0.0866666666667
21  3760.0  0.0866666666667
22  3760.0  0.0866666666667
23  3760.0  0.0866666666667
24  3760.0  0.0866666666667
25  3760.0  0.0866666666667
26  3760.0  0.0866666666667
27  3760.0  0.0866666666667
28  3760.0  0.0866666666667
29  3760.0  0.0866666666667
30  3760.0  0.0866666666667
31  3760.0  0.0866666666667
32  3760.0  0.0866666666667
33  3760.0  0.0866666666667
34  3868.0  0.0666666666667
35  3868.0  0.0666666666667
36  3868.0  0.0666666666667
37  3868.0  0.0666666666667
38  3868.0  0.0666666666667
39  3868.0  0.0666666666667
40  3868.0  0.0666666666667
41  3868.0  0.0666666666667
42  3868.0  0.0666666666667
43  3868.0  0.0666666666667
44  3868.0  0.0666666666667
45  3868.0  0.0666666666667
46  3868.0  0.0666666666667
47  3868.0  0.0666666666667
48  3868.0  0.0666666666667
49  3868.0  0.0666666666667
50  3868.0  0.0666666666667
51  3868.0  0.0666666666667
52  3868.0  0.0666666666667
53  3868.0  0.0666666666667
54  3868.0  0.0666666666667
55  3868.0  0.0666666666667
56  3868.0  0.0666666666667
57  3868.0  0.0666666666667
58  3868.0  0.0666666666667
59  3868.0  0.0666666666667
60  3868.0  0.0666666666667
61  3868.0  0.0666666666667
62  3868.0  0.0666666666667
63  3868.0  0.0666666666667
64  3868.0  0.0666666666667
65  3868.0  0.0666666666667
66  3868.0  0.0666666666667
67  3868.0  0.0666666666667
68  3868.0  0.0666666666667
69  3868.0  0.0666666666667
70  3868.0  0.0666666666667
71  3868.0  0.0666666666667
72  3868.0  0.0666666666667
73  3868.0  0.0666666666667
74  3868.0  0.0666666666667
75  3868.0  0.0666666666667
76  3868.0  0.0666666666667
77  3868.0  0.0666666666667
78  3868.0  0.0666666666667
79  3868.0  0.0666666666667
80  3868.0  0.0666666666667
81  3868.0  0.0666666666667
82  3868.0  0.0666666666667
83  3868.0  0.0666666666667
84  3868.0  0.0666666666667
85  3868.0  0.0666666666667
86  3868.0  0.0666666666667
87  3868.0  0.0666666666667
88  3868.0  0.0666666666667
89  3868.0  0.0666666666667
90  3868.0  0.0666666666667
91  3868.0  0.0666666666667
92  3868.0  0.0666666666667
93  3868.0  0.0666666666667
94  3868.0  0.0666666666667
95  3868.0  0.0666666666667
96  3868.0  0.0666666666667
97  3868.0  0.0666666666667
98  3868.0  0.0666666666667
99  3868.0  0.0666666666667
100  3868.0  0.0666666666667
101  3868.0  0.0666666666667
102  3868.0  0.0666666666667
103  3868.0  0.0666666666667
104  3868.0  0.0666666666667
105  3868.0  0.0666666666667
106  3868.0  0.0666666666667
107  3868.0  0.0666666666667
108  3868.0  0.0666666666667
109  3868.0  0.0666666666667
110  3868.0  0.0666666666667
111  3868.0  0.0666666666667
112  3868.0  0.0666666666667
113  3868.0  0.0666666666667
114  3868.0  0.0666666666667
115  3868.0  0.0666666666667
116  3868.0  0.0666666666667
117  3868.0  0.0666666666667
118  3868.0  0.0666666666667
119  3868.0  0.0666666666667
120  3868.0  0.0666666666667
121  3868.0  0.0666666666667
122  3868.0  0.0666666666667
123  3868.0  0.0666666666667
124  3868.0  0.0666666666667
125  3868.0  0.0666666666667
126  3868.0  0.0666666666667
127  3868.0  0.0666666666667
128  3868.0  0.0666666666667
129  3868.0  0.0666666666667
130  3868.0  0.0666666666667
131  3868.0  0.0666666666667
132  3868.0  0.0666666666667
133  3868.0  0.0666666666667
134  3868.0  0.0666666666667
135  3868.0  0.0666666666667
136  3868.0  0.0666666666667
137  3868.0  0.0666666666667
138  3868.0  0.0666666666667
139  3868.0  0.0666666666667
140  3868.0  0.0666666666667
141  3868.0  0.0666666666667
142  3868.0  0.0666666666667
143  3868.0  0.0666666666667
144  3868.0  0.0666666666667
145  3868.0  0.0666666666667
146  3868.0  0.0666666666667
147  3868.0  0.0666666666667
148  3868.0  0.0666666666667
149  3868.0  0.0666666666667
150  3868.0  0.0666666666667
151  3868.0  0.0666666666667
152  3868.0  0.0666666666667
153  3868.0  0.0666666666667
154  3868.0  0.0666666666667
155  3868.0  0.0666666666667
156  3868.0  0.0666666666667
157  3868.0  0.0666666666667
158  3868.0  0.0666666666667
159  3868.0  0.0666666666667
160  3868.0  0.0666666666667
161  3868.0  0.0666666666667
162  3868.0  0.0666666666667
163  3868.0  0.0666666666667
164  3868.0  0.0666666666667
165  3868.0  0.0666666666667
166  3868.0  0.0666666666667
167  3868.0  0.0666666666667
168  3868.0  0.0666666666667
169  3868.0  0.0666666666667
170  3868.0  0.0666666666667
171  3868.0  0.0666666666667
172  3868.0  0.0666666666667
173  3868.0  0.0666666666667
174  3868.0  0.0666666666667
175  3868.0  0.0666666666667
176  3868.0  0.0666666666667
177  3868.0  0.0666666666667
178  3868.0  0.0666666666667
179  3868.0  0.0666666666667
180  3868.0  0.0666666666667
181  3868.0  0.0666666666667
182  3868.0  0.0666666666667
183  3868.0  0.0666666666667
184  3868.0  0.0666666666667
185  3868.0  0.0666666666667
186  3868.0  0.0666666666667
187  3868.0  0.0666666666667
188  3868.0  0.0666666666667
189  3868.0  0.0666666666667
190  3868.0  0.0666666666667
191  3868.0  0.0666666666667
192  3868.0  0.0666666666667
193  3868.0  0.0666666666667
194  3868.0  0.0666666666667
195  3868.0  0.0666666666667
196  3868.0  0.0666666666667
197  3868.0  0.0666666666667
198  3868.0  0.0666666666667
199  3868.0  0.0666666666667
200  3868.0  0.0666666666667
201  3868.0  0.0666666666667
202  3868.0  0.0666666666667
203  3868.0  0.0666666666667
204  3868.0  0.0666666666667
205  3868.0  0.0666666666667
206  3868.0  0.0666666666667
207  3868.0  0.0666666666667
208  3868.0  0.0666666666667
209  3868.0  0.0666666666667
210  3868.0  0.0666666666667
211  3868.0  0.0666666666667
212  3868.0  0.0666666666667
213  3868.0  0.0666666666667
214  3868.0  0.0666666666667
215  3868.0  0.0666666666667
216  3868.0  0.0666666666667
217  3868.0  0.0666666666667
218  3868.0  0.0666666666667
219  3868.0  0.0666666666667
220  3868.0  0.0666666666667
221  3868.0  0.0666666666667
222  3868.0  0.0666666666667
223  3868.0  0.0666666666667
224  3868.0  0.0666666666667
225  3868.0  0.0666666666667
226  3868.0  0.0666666666667
227  3868.0  0.0666666666667
228  3868.0  0.0666666666667
229  3868.0  0.0666666666667
230  3868.0  0.0666666666667
231  3868.0  0.0666666666667
232  3868.0  0.0666666666667
233  3868.0  0.0666666666667
234  3868.0  0.0666666666667
235  3868.0  0.0666666666667
236  3868.0  0.0666666666667
237  3868.0  0.0666666666667
238  3868.0  0.0666666666667
239  3868.0  0.0666666666667
240  3868.0  0.0666666666667
241  3868.0  0.0666666666667
242  3868.0  0.0666666666667
243  3868.0  0.0666666666667
244  3868.0  0.0666666666667
245  3868.0  0.0666666666667
246  3868.0  0.0666666666667
247  3868.0  0.0666666666667
248  3868.0  0.0666666666667
249  3868.0  0.0666666666667
250  3868.0  0.0666666666667
251  3868.0  0.0666666666667
252  3868.0  0.0666666666667
253  3868.0  0.0666666666667
254  3868.0  0.0666666666667
255  3868.0  0.0666666666667
256  3868.0  0.0666666666667
257  3868.0  0.0666666666667
258  3868.0  0.0666666666667
259  3868.0  0.0666666666667
260  3868.0  0.0666666666667
261  3868.0  0.0666666666667
262  3868.0  0.0666666666667
263  3868.0  0.0666666666667
264  3868.0  0.0666666666667
265  3868.0  0.0666666666667
266  3868.0  0.0666666666667
267  3868.0  0.0666666666667
268  3868.0  0.0666666666667
269  3868.0  0.0666666666667
270  3868.0  0.0666666666667
271  3868.0  0.0666666666667
272  3868.0  0.0666666666667
273  3868.0  0.0666666666667
274  3868.0  0.0666666666667
275  3868.0  0.0666666666667
276  3868.0  0.0666666666667
277  3868.0  0.0666666666667
278  3868.0  0.0666666666667
279  3868.0  0.0666666666667
280  3868.0  0.0666666666667
281  3868.0  0.0666666666667
282  3868.0  0.0666666666667
283  3868.0  0.0666666666667
284  3868.0  0.0666666666667
285  3868.0  0.0666666666667
286  3868.0  0.0666666666667
287  3868.0  0.0666666666667
288  3868.0  0.0666666666667
289  3868.0  0.0666666666667
290  3868.0  0.0666666666667
291  3868.0  0.0666666666667
292  3868.0  0.0666666666667
293  3868.0  0.0666666666667
294  3868.0  0.0666666666667
295  3868.0  0.0666666666667
296  3868.0  0.0666666666667
297  3868.0  0.0666666666667
298  3868.0  0.0666666666667
299  3868.0  0.0666666666667
300  3868.0  0.0666666666667
301  3868.0  0.0666666666667
302  3868.0  0.0666666666667
303  3868.0  0.0666666666667
304  3868.0  0.0666666666667
305  3868.0  0.0666666666667
306  3868.0  0.0666666666667
307  3868.0  0.0666666666667
308  3868.0  0.0666666666667
309  3868.0  0.0666666666667
310  3868.0  0.0666666666667
311  3868.0  0.0666666666667
312  3868.0  0.0666666666667
313  3868.0  0.0666666666667
314  3868.0  0.0666666666667
315  3868.0  0.0666666666667
316  3868.0  0.0666666666667
317  3868.0  0.0666666666667
318  3868.0  0.0666666666667
319  3868.0  0.0666666666667
320  3868.0  0.0666666666667
321  3868.0  0.0666666666667
322  3868.0  0.0666666666667
323  3868.0  0.0666666666667
324  3868.0  0.0666666666667
325  3868.0  0.0666666666667
326  3868.0  0.0666666666667
327  3868.0  0.0666666666667
328  3868.0  0.0666666666667
329  3868.0  0.0666666666667
330  3868.0  0.0666666666667
331  3868.0  0.0666666666667
332  3868.0  0.0666666666667
333  3868.0  0.0666666666667
334  3868.0  0.0666666666667
335  3868.0  0.0666666666667
336  3868.0  0.0666666666667
337  3868.0  0.0666666666667
338  3868.0  0.0666666666667
339  3868.0  0.0666666666667
340  3868.0  0.0666666666667
341  3868.0  0.0666666666667
342  3868.0  0.0666666666667
343  3868.0  0.0666666666667
344  3868.0  0.0666666666667
345  3868.0  0.0666666666667
346  3868.0  0.0666666666667
347  3868.0  0.0666666666667
348  3868.0  0.0666666666667
349  3868.0  0.0666666666667
350  3868.0  0.0666666666667
351  3868.0  0.0666666666667
352  3868.0  0.0666666666667
353  3868.0  0.0666666666667
354  3868.0  0.0666666666667
355  3868.0  0.0666666666667
356  3868.0  0.0666666666667
357  3868.0  0.0666666666667
358  3868.0  0.0666666666667
359  3868.0  0.0666666666667
360  3868.0  0.0666666666667
361  3868.0  0.0666666666667
362  3868.0  0.0666666666667
363  3868.0  0.0666666666667
364  3868.0  0.0666666666667
365  3868.0  0.0666666666667
366  3868.0  0.0666666666667
367  3868.0  0.0666666666667
368  3868.0  0.0666666666667
369  3868.0  0.0666666666667
370  3868.0  0.0666666666667
371  3868.0  0.0666666666667
372  3868.0  0.0666666666667
373  3868.0  0.0666666666667
374  3868.0  0.0666666666667
375  3868.0  0.0666666666667
376  3868.0  0.0666666666667
377  3868.0  0.0666666666667
378  3868.0  0.0666666666667
379  3868.0  0.0666666666667
380  3868.0  0.0666666666667
381  3868.0  0.0666666666667
382  3868.0  0.0666666666667
383  3868.0  0.0666666666667
384  3868.0  0.0666666666667
385  3868.0  0.0666666666667
386  3868.0  0.0666666666667
387  3868.0  0.0666666666667
388  3868.0  0.0666666666667
389  3868.0  0.0666666666667
390  3868.0  0.0666666666667
391  3868.0  0.0666666666667
392  3868.0  0.0666666666667
393  3868.0  0.0666666666667
394  3868.0  0.0666666666667
395  3868.0  0.0666666666667
396  3868.0  0.0666666666667
397  3868.0  0.0666666666667
398  3868.0  0.0666666666667
399  3868.0  0.0666666666667
400  3868.0  0.0666666666667
401  3868.0  0.0666666666667
402  3868.0  0.0666666666667
403  3868.0  0.0666666666667
404  3868.0  0.0666666666667
405  3868.0  0.0666666666667
406  3868.0  0.0666666666667
407  3868.0  0.0666666666667
408  3868.0  0.0666666666667
409  3868.0  0.0666666666667
410  3868.0  0.0666666666667
411  3868.0  0.0666666666667
412  3868.0  0.0666666666667
413  3868.0  0.0666666666667
414  3868.0  0.0666666666667
415  3868.0  0.0666666666667
416  3868.0  0.0666666666667
417  3868.0  0.0666666666667
418  3868.0  0.0666666666667
419  3868.0  0.0666666666667
420  3868.0  0.0666666666667
421  3868.0  0.0666666666667
422  3868.0  0.0666666666667
423  3868.0  0.0666666666667
424  3868.0  0.0666666666667
425  3868.0  0.0666666666667
426  3868.0  0.0666666666667
427  3868.0  0.0666666666667
428  3868.0  0.0666666666667
429  3868.0  0.0666666666667
430  3868.0  0.0666666666667
431  3868.0  0.0666666666667
432  3868.0  0.0666666666667
433  3868.0  0.0666666666667
434  3868.0  0.0666666666667
435  3868.0  0.0666666666667
436  3868.0  0.0666666666667
437  3868.0  0.0666666666667
438  3868.0  0.0666666666667
439  3868.0  0.0666666666667
440  3868.0  0.0666666666667
441  3868.0  0.0666666666667
442  3868.0  0.0666666666667
443  3868.0  0.0666666666667
444  3868.0  0.0666666666667
445  3868.0  0.0666666666667
446  3868.0  0.0666666666667
447  3868.0  0.0666666666667
448  3868.0  0.0666666666667
449  3868.0  0.0666666666667
450  3868.0  0.0666666666667
451  3868.0  0.0666666666667
452  3868.0  0.0666666666667
453  3868.0  0.0666666666667
454  3868.0  0.0666666666667
455  3868.0  0.0666666666667
456  3868.0  0.0666666666667
457  3868.0  0.0666666666667
458  3868.0  0.0666666666667
459  3868.0  0.0666666666667
460  3868.0  0.0666666666667
461  3868.0  0.0666666666667
462  3868.0  0.0666666666667
463  3868.0  0.0666666666667
464  3868.0  0.0666666666667
465  3868.0  0.0666666666667
466  3868.0  0.0666666666667
467  3868.0  0.0666666666667
468  3868.0  0.0666666666667
469  3868.0  0.0666666666667
470  3868.0  0.0666666666667
471  3868.0  0.0666666666667
472  3868.0  0.0666666666667
473  3868.0  0.0666666666667
474  3868.0  0.0666666666667
475  3868.0  0.0666666666667
476  3868.0  0.0666666666667
477  3868.0  0.0666666666667
478  3868.0  0.0666666666667
479  3868.0  0.0666666666667
480  3868.0  0.0666666666667
481  3868.0  0.0666666666667
482  3868.0  0.0666666666667
483  3868.0  0.0666666666667
484  3868.0  0.0666666666667
485  3868.0  0.0666666666667
486  3868.0  0.0666666666667
487  3868.0  0.0666666666667
488  3868.0  0.0666666666667
489  3868.0  0.0666666666667
490  3868.0  0.0666666666667
491  3868.0  0.0666666666667
492  3868.0  0.0666666666667
493  3868.0  0.0666666666667
494  3868.0  0.0666666666667
495  3868.0  0.0666666666667
496  3868.0  0.0666666666667
497  3868.0  0.0666666666667
498  3868.0  0.0666666666667
499  3868.0  0.0666666666667
500  3868.0  0.0666666666667
501  3868.0  0.0666666666667
502  3868.0  0.0666666666667
503  3868.0  0.0666666666667
504  3868.0  0.0666666666667
505  3868.0  0.0666666666667
506  3868.0  0.0666666666667
507  3868.0  0.0666666666667
508  3868.0  0.0666666666667
509  3868.0  0.0666666666667
510  3868.0  0.0666666666667
511  3915.0  0.06
512  3915.0  0.06
513  3915.0  0.06
514  3915.0  0.06
515  3915.0  0.06
516  3915.0  0.06
517  3915.0  0.06
518  3915.0  0.06
519  3915.0  0.06
520  3915.0  0.06
521  3915.0  0.06
522  3915.0  0.06
523  3915.0  0.06
524  3915.0  0.06
525  3915.0  0.06
526  3915.0  0.06
527  3915.0  0.06
528  3915.0  0.06
529  3915.0  0.06
530  3915.0  0.06
531  3915.0  0.06
532  3915.0  0.06
533  3915.0  0.06
534  3915.0  0.06
535  3915.0  0.06
536  3915.0  0.06
537  3915.0  0.06
538  3915.0  0.06
539  3915.0  0.06
540  3915.0  0.06
541  3915.0  0.06
542  3915.0  0.06
543  3915.0  0.06
544  3915.0  0.06
545  3915.0  0.06
546  3915.0  0.06
547  3915.0  0.06
548  3915.0  0.06
549  3915.0  0.06
550  3915.0  0.06
551  3915.0  0.06
552  3915.0  0.06
553  3915.0  0.06
554  3915.0  0.06
555  3915.0  0.06
556  3915.0  0.06
557  3915.0  0.06
558  3915.0  0.06
559  3915.0  0.06
560  3915.0  0.06
561  3915.0  0.06
562  3915.0  0.06
563  3915.0  0.06
564  3915.0  0.06
565  3915.0  0.06
566  3915.0  0.06
567  3915.0  0.06
568  3915.0  0.06
569  3915.0  0.06
570  3915.0  0.06
571  3915.0  0.06
572  3915.0  0.06
573  3915.0  0.06
574  3915.0  0.06
575  3915.0  0.06
576  3915.0  0.06
577  3915.0  0.06
578  3915.0  0.06
579  3915.0  0.06
580  3915.0  0.06
581  3915.0  0.06
582  3915.0  0.06
583  3915.0  0.06
584  3915.0  0.06
585  3915.0  0.06
586  3915.0  0.06
587  3915.0  0.06
588  3915.0  0.06
589  3915.0  0.06
590  3915.0  0.06
591  3915.0  0.06
592  3915.0  0.06
593  3915.0  0.06
594  3915.0  0.06
595  3915.0  0.06
596  3915.0  0.06
597  3915.0  0.06
598  3915.0  0.06
599  3915.0  0.06
600  3915.0  0.06
601  3915.0  0.06
602  3915.0  0.06
603  3915.0  0.06
604  3915.0  0.06
605  3915.0  0.06
606  3915.0  0.06
607  3915.0  0.06
608  3915.0  0.06
609  3915.0  0.06
610  3915.0  0.06
611  3915.0  0.06
612  3915.0  0.06
613  3915.0  0.06
614  3915.0  0.06
615  3915.0  0.06
616  3915.0  0.06
617  3915.0  0.06
618  3915.0  0.06
619  3915.0  0.06
620  3915.0  0.06
621  3915.0  0.06
622  3915.0  0.06
623  3915.0  0.06
624  3915.0  0.06
625  3915.0  0.06
626  3915.0  0.06
627  3915.0  0.06
628  3915.0  0.06
629  3915.0  0.06
630  3915.0  0.06
631  3915.0  0.06
632  3915.0  0.06
633  3915.0  0.06
634  3915.0  0.06
635  3915.0  0.06
636  3915.0  0.06
637  3915.0  0.06
638  3915.0  0.06
639  3915.0  0.06
640  3915.0  0.06
641  3915.0  0.06
642  3915.0  0.06
643  3915.0  0.06
644  3915.0  0.06
645  3915.0  0.06
646  3915.0  0.06
647  3915.0  0.06
648  3915.0  0.06
649  3915.0  0.06
650  3915.0  0.06
651  3915.0  0.06
652  3915.0  0.06
653  3915.0  0.06
654  3915.0  0.06
655  3915.0  0.06
656  3915.0  0.06
657  3915.0  0.06
658  3915.0  0.06
659  3915.0  0.06
660  3915.0  0.06
661  3915.0  0.06
662  3915.0  0.06
663  3915.0  0.06
664  3915.0  0.06
665  3915.0  0.06
666  3915.0  0.06
667  3915.0  0.06
668  3915.0  0.06
669  3915.0  0.06
670  3915.0  0.06
671  3915.0  0.06
672  3915.0  0.06
673  3915.0  0.06
674  3915.0  0.06
675  3915.0  0.06
676  3915.0  0.06
677  3915.0  0.06
678  3915.0  0.06
679  3915.0  0.06
680  3915.0  0.06
681  3915.0  0.06
682  3915.0  0.06
683  3915.0  0.06
684  3915.0  0.06
685  3915.0  0.06
686  3915.0  0.06
687  3915.0  0.06
688  3915.0  0.06
689  3915.0  0.06
690  3915.0  0.06
691  3915.0  0.06
692  3915.0  0.06
693  3915.0  0.06
694  3915.0  0.06
695  3915.0  0.06
696  3915.0  0.06
697  3915.0  0.06
698  3915.0  0.06
699  3915.0  0.06
700  3915.0  0.06
701  3915.0  0.06
702  3915.0  0.06
703  3915.0  0.06
704  3915.0  0.06
705  3915.0  0.06
706  3915.0  0.06
707  3915.0  0.06
708  3915.0  0.06
709  3915.0  0.06
710  3915.0  0.06
711  3915.0  0.06
712  3915.0  0.06
713  3915.0  0.06
714  3915.0  0.06
715  3915.0  0.06
716  3915.0  0.06
717  3915.0  0.06
718  3915.0  0.06
719  3915.0  0.06
720  3915.0  0.06
721  3915.0  0.06
722  3915.0  0.06
723  3915.0  0.06
724  3915.0  0.06
725  3915.0  0.06
726  3915.0  0.06
727  3915.0  0.06
728  3915.0  0.06
729  3915.0  0.06
730  3915.0  0.06
731  3915.0  0.06
732  3915.0  0.06
733  3915.0  0.06
734  3915.0  0.06
735  3915.0  0.06
736  3915.0  0.06
737  3915.0  0.06
738  3915.0  0.06
739  3915.0  0.06
740  3915.0  0.06
741  3915.0  0.06
742  3915.0  0.06
743  3915.0  0.06
744  3915.0  0.06
745  3915.0  0.06
746  3915.0  0.06
747  3915.0  0.06
748  3915.0  0.06
749  3915.0  0.06
750  3915.0  0.06
751  3915.0  0.06
752  3915.0  0.06
753  3915.0  0.06
754  3915.0  0.06
755  3915.0  0.06
756  3915.0  0.06
757  3915.0  0.06
758  3915.0  0.06
759  3915.0  0.06
760  3915.0  0.06
761  3915.0  0.06
762  3915.0  0.06
763  3915.0  0.06
764  3915.0  0.06
765  3915.0  0.06
766  3915.0  0.06
767  3915.0  0.06
768  3915.0  0.06
769  3915.0  0.06
770  3915.0  0.06
771  3915.0  0.06
772  3915.0  0.06
773  3915.0  0.06
774  3915.0  0.06
775  3915.0  0.06
776  3915.0  0.06
777  3915.0  0.06
778  3915.0  0.06
779  3915.0  0.06
780  3915.0  0.06
781  3915.0  0.06
782  3915.0  0.06
783  3915.0  0.06
784  3915.0  0.06
785  3915.0  0.06
786  3915.0  0.06
787  3915.0  0.06
788  3915.0  0.06
789  3915.0  0.06
790  3915.0  0.06
791  3915.0  0.06
792  3915.0  0.06
793  3915.0  0.06
794  3915.0  0.06
795  3915.0  0.06
796  3915.0  0.06
797  3915.0  0.06
798  3915.0  0.06
799  3915.0  0.06
800  3915.0  0.06
801  3915.0  0.06
802  3915.0  0.06
803  3915.0  0.06
804  3915.0  0.06
805  3915.0  0.06
806  3915.0  0.06
807  3915.0  0.06
808  3915.0  0.06
809  3915.0  0.06
810  3915.0  0.06
811  3915.0  0.06
812  3915.0  0.06
813  3915.0  0.06
814  3915.0  0.06
815  3915.0  0.06
816  3915.0  0.06
817  3915.0  0.06
818  3915.0  0.06
819  3915.0  0.06
820  3915.0  0.06
821  3915.0  0.06
822  3915.0  0.06
823  3915.0  0.06
824  3915.0  0.06
825  3915.0  0.06
826  3915.0  0.06
827  3915.0  0.06
828  3915.0  0.06
829  3915.0  0.06
830  3915.0  0.06
831  3915.0  0.06
832  3915.0  0.06
833  3915.0  0.06
834  3915.0  0.06
835  3915.0  0.06
836  3915.0  0.06
837  3915.0  0.06
838  3915.0  0.06
839  3915.0  0.06
840  3915.0  0.06
841  3915.0  0.06
842  3915.0  0.06
843  3915.0  0.06
844  3915.0  0.06
845  3915.0  0.06
846  3915.0  0.06
847  3915.0  0.06
848  3915.0  0.06
849  3915.0  0.06
850  3915.0  0.06
851  3915.0  0.06
852  3915.0  0.06
853  3915.0  0.06
854  3915.0  0.06
855  3915.0  0.06
856  3915.0  0.06
857  3915.0  0.06
858  3915.0  0.06
859  3915.0  0.06
860  3915.0  0.06
861  3915.0  0.06
862  3915.0  0.06
863  3915.0  0.06
864  3915.0  0.06
865  3915.0  0.06
866  3915.0  0.06
867  3915.0  0.06
868  3915.0  0.06
869  3915.0  0.06
870  3915.0  0.06
871  3915.0  0.06
872  3915.0  0.06
873  3915.0  0.06
874  3915.0  0.06
875  3915.0  0.06
876  3915.0  0.06
877  3915.0  0.06
878  3915.0  0.06
879  3915.0  0.06
880  3915.0  0.06
881  3915.0  0.06
882  3915.0  0.06
883  3915.0  0.06
884  3915.0  0.06
885  3915.0  0.06
886  3915.0  0.06
887  3915.0  0.06
888  3915.0  0.06
889  3915.0  0.06
890  3915.0  0.06
891  3915.0  0.06
892  3915.0  0.06
893  3915.0  0.06
894  3915.0  0.06
895  3915.0  0.06
896  3915.0  0.06
897  3915.0  0.06
898  3915.0  0.06
899  3915.0  0.06
900  3915.0  0.06
901  3915.0  0.06
902  3930.0  0.0533333333333
903  3930.0  0.0533333333333
904  3930.0  0.0533333333333
905  3930.0  0.0533333333333
906  3930.0  0.0533333333333
907  3930.0  0.0533333333333
908  3930.0  0.0533333333333
909  3930.0  0.0533333333333
910  3930.0  0.0533333333333
911  3930.0  0.0533333333333
912  3930.0  0.0533333333333
913  3930.0  0.0533333333333
914  3930.0  0.0533333333333
915  3930.0  0.0533333333333
916  3930.0  0.0533333333333
917  3930.0  0.0533333333333
918  3930.0  0.0533333333333
919  3930.0  0.0533333333333
920  3930.0  0.0533333333333
921  3930.0  0.0533333333333
922  3930.0  0.0533333333333
923  3930.0  0.0533333333333
924  3930.0  0.0533333333333
925  3930.0  0.0533333333333
926  3930.0  0.0533333333333
927  3930.0  0.0533333333333
928  3930.0  0.0533333333333
929  3930.0  0.0533333333333
930  3930.0  0.0533333333333
931  3930.0  0.0533333333333
932  3930.0  0.0533333333333
933  3930.0  0.0533333333333
934  3930.0  0.0533333333333
935  3930.0  0.0533333333333
936  3930.0  0.0533333333333
937  3930.0  0.0533333333333
938  3930.0  0.0533333333333
939  3930.0  0.0533333333333
940  3930.0  0.0533333333333
941  3930.0  0.0533333333333
942  3930.0  0.0533333333333
943  3930.0  0.0533333333333
944  3930.0  0.0533333333333
945  3930.0  0.0533333333333
946  3930.0  0.0533333333333
947  3930.0  0.0533333333333
948  3930.0  0.0533333333333
949  3930.0  0.0533333333333
950  3930.0  0.0533333333333
951  3930.0  0.0533333333333
952  3930.0  0.0533333333333
953  3930.0  0.0533333333333
954  3930.0  0.0533333333333
955  3930.0  0.0533333333333
956  3930.0  0.0533333333333
957  3930.0  0.0533333333333
958  3930.0  0.0533333333333
959  3930.0  0.0533333333333
960  3930.0  0.0533333333333
961  3930.0  0.0533333333333
962  3930.0  0.0533333333333
963  3930.0  0.0533333333333
964  3930.0  0.0533333333333
965  3930.0  0.0533333333333
966  3930.0  0.0533333333333
967  3930.0  0.0533333333333
968  3930.0  0.0533333333333
969  3930.0  0.0533333333333
970  3930.0  0.0533333333333
971  3930.0  0.0533333333333
972  3930.0  0.0533333333333
973  3930.0  0.0533333333333
974  3930.0  0.0533333333333
975  3930.0  0.0533333333333
976  3930.0  0.0533333333333
977  3930.0  0.0533333333333
978  3930.0  0.0533333333333
979  3930.0  0.0533333333333
980  3930.0  0.0533333333333
981  3930.0  0.0533333333333
982  3930.0  0.0533333333333
983  3930.0  0.0533333333333
984  3930.0  0.0533333333333
985  3930.0  0.0533333333333
986  3930.0  0.0533333333333
987  3930.0  0.0533333333333
988  3930.0  0.0533333333333
989  3930.0  0.0533333333333
990  3930.0  0.0533333333333
991  3930.0  0.0533333333333
992  3930.0  0.0533333333333
993  3930.0  0.0533333333333
994  3930.0  0.0533333333333
995  3930.0  0.0533333333333
996  3930.0  0.0533333333333
997  3930.0  0.0533333333333
998  3930.0  0.0533333333333
999  3930.0  0.0533333333333
1000  3930.0  0.0533333333333
1001  3930.0  0.0533333333333
1002  3930.0  0.0533333333333
1003  3930.0  0.0533333333333
1004  3930.0  0.0533333333333
1005  3930.0  0.0533333333333
1006  3930.0  0.0533333333333
1007  3930.0  0.0533333333333
1008  3930.0  0.0533333333333
1009  3930.0  0.0533333333333
1010  3930.0  0.0533333333333
1011  3930.0  0.0533333333333
1012  3930.0  0.0533333333333
1013  3930.0  0.0533333333333
1014  3930.0  0.0533333333333
1015  3930.0  0.0533333333333
1016  3930.0  0.0533333333333
1017  3930.0  0.0533333333333
1018  3930.0  0.0533333333333
1019  3930.0  0.0533333333333
1020  3930.0  0.0533333333333
1021  3930.0  0.0533333333333
1022  3930.0  0.0533333333333
1023  3930.0  0.0533333333333
1024  3930.0  0.0533333333333
1025  3930.0  0.0533333333333
1026  3930.0  0.0533333333333
1027  3930.0  0.0533333333333
1028  3930.0  0.0533333333333
1029  3930.0  0.0533333333333
1030  3930.0  0.0533333333333
1031  3930.0  0.0533333333333
1032  3930.0  0.0533333333333
1033  3930.0  0.0533333333333
1034  3930.0  0.0533333333333
1035  3930.0  0.0533333333333
1036  3930.0  0.0533333333333
1037  3930.0  0.0533333333333
1038  3930.0  0.0533333333333
1039  3930.0  0.0533333333333
1040  3930.0  0.0533333333333
1041  3930.0  0.0533333333333
1042  3930.0  0.0533333333333
1043  3930.0  0.0533333333333
1044  3930.0  0.0533333333333
1045  3930.0  0.0533333333333
1046  3930.0  0.0533333333333
1047  3930.0  0.0533333333333
1048  3930.0  0.0533333333333
1049  3930.0  0.0533333333333
1050  3930.0  0.0533333333333
1051  3930.0  0.0533333333333
1052  3930.0  0.0533333333333
1053  3930.0  0.0533333333333
1054  3930.0  0.0533333333333
1055  3930.0  0.0533333333333
1056  3930.0  0.0533333333333
1057  3930.0  0.0533333333333
1058  3930.0  0.0533333333333
1059  3930.0  0.0533333333333
1060  3930.0  0.0533333333333
1061  3930.0  0.0533333333333
1062  3930.0  0.0533333333333
1063  3930.0  0.0533333333333
1064  3930.0  0.0533333333333
1065  3930.0  0.0533333333333
1066  3930.0  0.0533333333333
1067  3930.0  0.0533333333333
1068  3930.0  0.0533333333333
1069  3930.0  0.0533333333333
1070  3930.0  0.0533333333333
1071  3930.0  0.0533333333333
1072  3930.0  0.0533333333333
1073  3930.0  0.0533333333333
1074  3930.0  0.0533333333333
1075  3930.0  0.0533333333333
1076  3930.0  0.0533333333333
1077  3930.0  0.0533333333333
1078  3930.0  0.0533333333333
1079  3930.0  0.0533333333333
1080  3930.0  0.0533333333333
1081  3930.0  0.0533333333333
1082  3930.0  0.0533333333333
1083  3930.0  0.0533333333333
1084  3930.0  0.0533333333333
1085  3930.0  0.0533333333333
1086  3930.0  0.0533333333333
1087  3930.0  0.0533333333333
1088  3930.0  0.0533333333333
1089  3930.0  0.0533333333333
1090  3930.0  0.0533333333333
1091  3930.0  0.0533333333333
1092  3930.0  0.0533333333333
1093  3930.0  0.0533333333333
1094  3930.0  0.0533333333333
1095  3930.0  0.0533333333333
1096  3930.0  0.0533333333333
1097  3930.0  0.0533333333333
1098  3930.0  0.0533333333333
1099  3930.0  0.0533333333333
1100  3930.0  0.0533333333333
1101  3930.0  0.0533333333333
1102  3930.0  0.0533333333333
1103  3930.0  0.0533333333333
1104  3930.0  0.0533333333333
1105  3930.0  0.0533333333333
1106  3930.0  0.0533333333333
1107  3930.0  0.0533333333333
1108  3930.0  0.0533333333333
1109  3930.0  0.0533333333333
1110  3930.0  0.0533333333333
1111  3930.0  0.0533333333333
1112  3930.0  0.0533333333333
1113  3930.0  0.0533333333333
1114  3930.0  0.0533333333333
1115  3930.0  0.0533333333333
1116  3930.0  0.0533333333333
1117  3930.0  0.0533333333333
1118  3930.0  0.0533333333333
1119  3930.0  0.0533333333333
1120  3930.0  0.0533333333333
1121  3930.0  0.0533333333333
1122  3930.0  0.0533333333333
1123  3930.0  0.0533333333333
1124  3930.0  0.0533333333333
1125  3930.0  0.0533333333333
1126  3930.0  0.0533333333333
1127  3930.0  0.0533333333333
1128  3930.0  0.0533333333333
1129  3930.0  0.0533333333333
1130  3930.0  0.0533333333333
1131  3930.0  0.0533333333333
1132  3930.0  0.0533333333333
1133  3930.0  0.0533333333333
1134  3930.0  0.0533333333333
1135  3930.0  0.0533333333333
1136  3930.0  0.0533333333333
1137  3930.0  0.0533333333333
1138  3930.0  0.0533333333333
1139  3930.0  0.0533333333333
1140  3930.0  0.0533333333333
1141  3930.0  0.0533333333333
1142  3930.0  0.0533333333333
1143  3930.0  0.0533333333333
1144  3930.0  0.0533333333333
1145  3930.0  0.0533333333333
1146  3930.0  0.0533333333333
1147  3930.0  0.0533333333333
1148  3951.0  0.06
1149  3951.0  0.06
1150  3951.0  0.06
1151  3951.0  0.06
1152  3951.0  0.06
1153  3951.0  0.06
1154  3951.0  0.06
1155  3951.0  0.06
1156  3951.0  0.06
1157  3951.0  0.06
1158  3951.0  0.06
1159  3951.0  0.06
1160  3951.0  0.06
1161  3951.0  0.06
1162  3951.0  0.06
1163  3951.0  0.06
1164  3951.0  0.06
1165  3951.0  0.06
1166  3951.0  0.06
1167  3951.0  0.06
1168  3951.0  0.06
1169  3951.0  0.06
1170  3951.0  0.06
1171  3951.0  0.06
1172  3951.0  0.06
1173  3951.0  0.06
1174  3951.0  0.06
1175  3951.0  0.06
1176  3951.0  0.06
1177  3951.0  0.06
1178  3951.0  0.06
1179  3951.0  0.06
1180  3951.0  0.06
1181  3951.0  0.06
1182  3951.0  0.06
1183  3951.0  0.06
1184  3951.0  0.06
1185  3951.0  0.06
1186  3951.0  0.06
1187  3951.0  0.06
1188  3951.0  0.06
1189  3951.0  0.06
1190  3951.0  0.06
1191  3951.0  0.06
1192  3951.0  0.06
1193  3951.0  0.06
1194  3951.0  0.06
1195  3951.0  0.06
1196  3951.0  0.06
1197  3951.0  0.06
1198  3951.0  0.06
1199  3951.0  0.06
1200  3951.0  0.06
1201  3951.0  0.06
1202  3951.0  0.06
1203  3951.0  0.06
1204  3951.0  0.06
1205  3951.0  0.06
1206  3951.0  0.06
1207  3951.0  0.06
1208  3951.0  0.06
1209  3951.0  0.06
1210  3951.0  0.06
1211  3951.0  0.06
1212  3951.0  0.06
1213  3951.0  0.06
1214  3951.0  0.06
1215  3951.0  0.06
1216  3951.0  0.06
1217  3951.0  0.06
1218  3951.0  0.06
1219  3951.0  0.06
1220  3951.0  0.06
1221  3951.0  0.06
1222  3951.0  0.06
1223  3951.0  0.06
1224  3951.0  0.06
1225  3951.0  0.06
1226  3951.0  0.06
1227  3951.0  0.06
1228  3951.0  0.06
1229  3951.0  0.06
1230  3951.0  0.06
1231  3951.0  0.06
1232  3951.0  0.06
1233  3951.0  0.06
1234  3951.0  0.06
1235  3951.0  0.06
1236  3951.0  0.06
1237  3951.0  0.06
1238  3951.0  0.06
1239  3951.0  0.06
1240  3951.0  0.06
1241  3951.0  0.06
1242  3951.0  0.06
1243  3951.0  0.06
1244  3951.0  0.06
1245  3951.0  0.06
1246  3951.0  0.06
1247  3951.0  0.06
1248  3951.0  0.06
1249  3951.0  0.06
1250  3951.0  0.06
1251  3951.0  0.06
1252  3951.0  0.06
1253  3951.0  0.06
1254  3951.0  0.06
1255  3951.0  0.06
1256  3951.0  0.06
1257  3951.0  0.06
1258  3951.0  0.06
1259  3951.0  0.06
1260  3951.0  0.06
1261  3951.0  0.06
1262  3951.0  0.06
1263  3951.0  0.06
1264  3951.0  0.06
1265  3951.0  0.06
1266  3951.0  0.06
1267  3951.0  0.06
1268  3951.0  0.06
1269  3951.0  0.06
1270  3951.0  0.06
1271  3951.0  0.06
1272  3951.0  0.06
1273  3951.0  0.06
1274  3951.0  0.06
1275  3951.0  0.06
1276  3951.0  0.06
1277  3951.0  0.06
1278  3951.0  0.06
1279  3951.0  0.06
1280  3951.0  0.06
1281  3951.0  0.06
1282  3951.0  0.06
1283  3951.0  0.06
1284  3951.0  0.06
1285  3951.0  0.06
1286  3951.0  0.06
1287  3951.0  0.06
1288  3951.0  0.06
1289  3951.0  0.06
1290  3951.0  0.06
1291  3951.0  0.06
1292  3951.0  0.06
1293  3951.0  0.06
1294  3951.0  0.06
1295  3951.0  0.06
1296  3951.0  0.06
1297  3951.0  0.06
1298  3951.0  0.06
1299  3951.0  0.06
1300  3951.0  0.06
1301  3951.0  0.06
1302  3951.0  0.06
1303  3951.0  0.06
1304  3951.0  0.06
1305  3951.0  0.06
1306  3951.0  0.06
1307  3951.0  0.06
1308  3951.0  0.06
1309  3951.0  0.06
1310  3951.0  0.06
1311  3951.0  0.06
1312  3951.0  0.06
1313  3951.0  0.06
1314  3951.0  0.06
1315  3951.0  0.06
1316  3951.0  0.06
1317  3951.0  0.06
1318  3951.0  0.06
1319  3951.0  0.06
1320  3951.0  0.06
1321  3951.0  0.06
1322  3951.0  0.06
1323  3951.0  0.06
1324  3951.0  0.06
1325  3951.0  0.06
1326  3951.0  0.06
1327  3951.0  0.06
1328  3951.0  0.06
1329  3951.0  0.06
1330  3951.0  0.06
1331  3951.0  0.06
1332  3951.0  0.06
1333  3951.0  0.06
1334  3951.0  0.06
1335  3951.0  0.06
1336  3951.0  0.06
1337  3951.0  0.06
1338  3951.0  0.06
1339  3951.0  0.06
1340  3951.0  0.06
1341  3951.0  0.06
1342  3951.0  0.06
1343  3951.0  0.06
1344  3951.0  0.06
1345  3951.0  0.06
1346  3951.0  0.06
1347  3951.0  0.06
1348  3951.0  0.06
1349  3951.0  0.06
1350  3951.0  0.06
1351  3951.0  0.06
1352  3951.0  0.06
1353  3951.0  0.06
1354  3951.0  0.06
1355  3951.0  0.06
1356  3951.0  0.06
1357  3951.0  0.06
1358  3951.0  0.06
1359  3951.0  0.06
1360  3951.0  0.06
1361  3951.0  0.06
1362  3951.0  0.06
1363  3951.0  0.06
1364  3951.0  0.06
1365  3951.0  0.06
1366  3951.0  0.06
1367  3951.0  0.06
1368  3951.0  0.06
1369  3951.0  0.06
1370  3951.0  0.06
1371  3951.0  0.06
1372  3951.0  0.06
1373  3951.0  0.06
1374  3951.0  0.06
1375  3951.0  0.06
1376  3951.0  0.06
1377  3951.0  0.06
1378  3951.0  0.06
1379  3951.0  0.06
1380  3951.0  0.06
1381  3951.0  0.06
1382  3951.0  0.06
1383  3951.0  0.06
1384  3951.0  0.06
1385  3951.0  0.06
1386  3951.0  0.06
1387  3951.0  0.06
1388  3951.0  0.06
1389  3951.0  0.06
1390  3951.0  0.06
1391  3951.0  0.06
1392  3951.0  0.06
1393  3951.0  0.06
1394  3951.0  0.06
1395  3951.0  0.06
1396  3972.0  0.0533333333333
1397  3972.0  0.0533333333333
1398  3972.0  0.0533333333333
1399  3972.0  0.0533333333333
1400  3972.0  0.0533333333333
1401  3972.0  0.0533333333333
1402  3972.0  0.0533333333333
1403  3972.0  0.0533333333333
1404  3972.0  0.0533333333333
1405  3972.0  0.0533333333333
1406  3972.0  0.0533333333333
1407  3972.0  0.0533333333333
1408  3972.0  0.0533333333333
1409  3972.0  0.0533333333333
1410  3972.0  0.0533333333333
1411  3972.0  0.0533333333333
1412  3972.0  0.0533333333333
1413  3972.0  0.0533333333333
1414  3972.0  0.0533333333333
1415  3972.0  0.0533333333333
1416  3972.0  0.0533333333333
1417  3972.0  0.0533333333333
1418  3972.0  0.0533333333333
1419  3972.0  0.0533333333333
1420  3972.0  0.0533333333333
1421  3972.0  0.0533333333333
1422  3972.0  0.0533333333333
1423  3972.0  0.0533333333333
1424  3972.0  0.0533333333333
1425  3972.0  0.0533333333333
1426  3972.0  0.0533333333333
1427  3972.0  0.0533333333333
1428  3972.0  0.0533333333333
1429  3972.0  0.0533333333333
1430  3972.0  0.0533333333333
1431  3972.0  0.0533333333333
1432  3972.0  0.0533333333333
1433  3972.0  0.0533333333333
1434  3972.0  0.0533333333333
1435  3972.0  0.0533333333333
1436  3972.0  0.0533333333333
1437  3972.0  0.0533333333333
1438  3972.0  0.0533333333333
1439  3972.0  0.0533333333333
1440  3972.0  0.0533333333333
1441  3972.0  0.0533333333333
1442  3972.0  0.0533333333333
1443  3972.0  0.0533333333333
1444  3972.0  0.0533333333333
1445  3972.0  0.0533333333333
1446  3972.0  0.0533333333333
1447  3972.0  0.0533333333333
1448  3972.0  0.0533333333333
1449  3972.0  0.0533333333333
1450  3972.0  0.0533333333333
1451  3972.0  0.0533333333333
1452  3972.0  0.0533333333333
1453  3972.0  0.0533333333333
1454  3972.0  0.0533333333333
1455  3972.0  0.0533333333333
1456  3972.0  0.0533333333333
1457  3972.0  0.0533333333333
1458  3972.0  0.0533333333333
1459  3972.0  0.0533333333333
1460  3972.0  0.0533333333333
1461  3972.0  0.0533333333333
1462  3972.0  0.0533333333333
1463  3972.0  0.0533333333333
1464  3972.0  0.0533333333333
1465  3972.0  0.0533333333333
1466  3972.0  0.0533333333333
1467  3972.0  0.0533333333333
1468  3972.0  0.0533333333333
1469  3972.0  0.0533333333333
1470  3972.0  0.0533333333333
1471  3972.0  0.0533333333333
1472  3972.0  0.0533333333333
1473  3972.0  0.0533333333333
1474  3972.0  0.0533333333333
1475  3972.0  0.0533333333333
1476  3972.0  0.0533333333333
1477  3972.0  0.0533333333333
1478  3972.0  0.0533333333333
1479  3972.0  0.0533333333333
1480  3972.0  0.0533333333333
1481  3972.0  0.0533333333333
1482  3972.0  0.0533333333333
1483  3972.0  0.0533333333333
1484  3972.0  0.0533333333333
1485  3972.0  0.0533333333333
1486  3972.0  0.0533333333333
1487  3972.0  0.0533333333333
1488  3972.0  0.0533333333333
1489  3972.0  0.0533333333333
1490  3972.0  0.0533333333333
1491  3972.0  0.0533333333333
1492  3972.0  0.0533333333333
1493  3972.0  0.0533333333333
1494  3972.0  0.0533333333333
1495  3972.0  0.0533333333333
1496  3972.0  0.0533333333333
1497  3972.0  0.0533333333333
1498  3972.0  0.0533333333333
1499  3972.0  0.0533333333333
1500  3972.0  0.0533333333333
1501  3972.0  0.0533333333333
1502  3972.0  0.0533333333333
1503  3972.0  0.0533333333333
1504  3972.0  0.0533333333333
1505  3972.0  0.0533333333333
1506  3972.0  0.0533333333333
1507  3972.0  0.0533333333333
1508  3972.0  0.0533333333333
1509  3974.0  0.04
1510  3974.0  0.04
1511  3974.0  0.04
1512  3974.0  0.04
1513  3974.0  0.04
1514  3974.0  0.04
1515  3974.0  0.04
1516  3974.0  0.04
1517  3974.0  0.04
1518  3974.0  0.04
1519  3974.0  0.04
1520  3974.0  0.04
1521  3974.0  0.04
1522  3974.0  0.04
1523  3974.0  0.04
1524  3974.0  0.04
1525  3974.0  0.04
1526  3974.0  0.04
1527  3974.0  0.04
1528  3974.0  0.04
1529  3974.0  0.04
1530  3974.0  0.04
1531  3974.0  0.04
1532  3974.0  0.04
1533  3974.0  0.04
1534  3974.0  0.04
1535  3974.0  0.04
1536  3974.0  0.04
1537  3974.0  0.04
1538  3974.0  0.04
1539  3974.0  0.04
1540  3974.0  0.04
1541  3974.0  0.04
1542  3974.0  0.04
1543  3974.0  0.04
1544  3974.0  0.04
1545  3974.0  0.04
1546  3974.0  0.04
1547  3974.0  0.04
1548  3974.0  0.04
1549  3974.0  0.04
1550  3974.0  0.04
1551  3974.0  0.04
1552  3974.0  0.04
1553  3974.0  0.04
1554  3974.0  0.04
1555  3974.0  0.04
1556  3974.0  0.04
1557  3974.0  0.04
1558  3974.0  0.04
1559  3974.0  0.04
1560  3974.0  0.04
1561  3974.0  0.04
1562  3974.0  0.04
1563  3974.0  0.04
1564  3974.0  0.04
1565  3974.0  0.04
1566  3974.0  0.04
1567  3974.0  0.04
1568  3974.0  0.04
1569  3974.0  0.04
1570  3974.0  0.04
1571  3974.0  0.04
1572  3974.0  0.04
1573  3974.0  0.04
1574  3974.0  0.04
1575  3974.0  0.04
1576  3974.0  0.04
1577  3974.0  0.04
1578  3974.0  0.04
1579  3974.0  0.04
1580  3974.0  0.04
1581  3974.0  0.04
1582  3974.0  0.04
1583  3974.0  0.04
1584  3974.0  0.04
1585  3974.0  0.04
1586  3974.0  0.04
1587  3974.0  0.04
1588  3974.0  0.04
1589  3974.0  0.04
1590  3974.0  0.04
1591  3974.0  0.04
1592  3974.0  0.04
1593  3974.0  0.04
1594  3974.0  0.04
1595  3974.0  0.04
1596  3974.0  0.04
1597  3974.0  0.04
1598  3974.0  0.04
1599  3974.0  0.04
1600  3974.0  0.04
1601  3974.0  0.04
1602  3974.0  0.04
1603  3974.0  0.04
1604  3974.0  0.04
1605  3974.0  0.04
1606  3974.0  0.04
1607  3974.0  0.04
1608  3974.0  0.04
1609  3974.0  0.04
1610  3974.0  0.04
1611  3974.0  0.04
1612  3974.0  0.04
1613  3974.0  0.04
1614  3974.0  0.04
1615  3974.0  0.04
1616  3974.0  0.04
1617  3974.0  0.04
1618  3974.0  0.04
1619  3974.0  0.04
1620  3974.0  0.04
1621  3974.0  0.04
1622  3974.0  0.04
1623  3974.0  0.04
1624  3974.0  0.04
1625  3974.0  0.04
1626  3974.0  0.04
1627  3974.0  0.04
1628  3974.0  0.04
1629  3974.0  0.04
1630  3974.0  0.04
1631  3974.0  0.04
1632  3974.0  0.04
1633  3974.0  0.04
1634  3974.0  0.04
1635  3974.0  0.04
1636  3974.0  0.04
1637  3974.0  0.04
1638  3974.0  0.04
1639  3974.0  0.04
1640  3974.0  0.04
1641  3974.0  0.04
1642  3974.0  0.04
1643  3974.0  0.04
1644  3974.0  0.04
1645  3974.0  0.04
1646  3974.0  0.04
1647  3974.0  0.04
1648  3974.0  0.04
1649  3974.0  0.04
1650  3974.0  0.04
1651  3974.0  0.04
1652  3974.0  0.04
1653  3974.0  0.04
1654  3974.0  0.04
1655  3974.0  0.04
1656  3974.0  0.04
1657  3974.0  0.04
1658  3974.0  0.04
1659  3974.0  0.04
1660  3974.0  0.04
1661  3974.0  0.04
1662  3974.0  0.04
1663  3974.0  0.04
1664  3974.0  0.04
1665  3974.0  0.04
1666  3974.0  0.04
1667  3974.0  0.04
1668  3988.0  0.0333333333333
1669  3988.0  0.0333333333333
1670  3988.0  0.0333333333333
1671  3988.0  0.0333333333333
1672  3988.0  0.0333333333333
1673  3988.0  0.0333333333333
1674  3988.0  0.0333333333333
1675  3988.0  0.0333333333333
1676  3988.0  0.0333333333333
1677  3988.0  0.0333333333333
1678  3988.0  0.0333333333333
1679  3988.0  0.0333333333333
1680  3988.0  0.0333333333333
1681  3988.0  0.0333333333333
1682  3988.0  0.0333333333333
1683  3988.0  0.0333333333333
1684  3988.0  0.0333333333333
1685  3988.0  0.0333333333333
1686  3988.0  0.0333333333333
1687  3988.0  0.0333333333333
1688  3988.0  0.0333333333333
1689  3988.0  0.0333333333333
1690  3988.0  0.0333333333333
1691  3988.0  0.0333333333333
1692  3988.0  0.0333333333333
1693  3988.0  0.0333333333333
1694  3988.0  0.0333333333333
1695  3988.0  0.0333333333333
1696  3988.0  0.0333333333333
1697  3988.0  0.0333333333333
1698  3988.0  0.0333333333333
1699  3988.0  0.0333333333333
1700  3988.0  0.0333333333333
1701  3988.0  0.0333333333333
1702  3988.0  0.0333333333333
1703  3988.0  0.0333333333333
1704  3988.0  0.0333333333333
1705  3988.0  0.0333333333333
1706  3988.0  0.0333333333333
1707  3988.0  0.0333333333333
1708  3988.0  0.0333333333333
1709  3988.0  0.0333333333333
1710  3988.0  0.0333333333333
1711  3988.0  0.0333333333333
1712  3988.0  0.0333333333333
1713  3988.0  0.0333333333333
1714  3988.0  0.0333333333333
1715  3988.0  0.0333333333333
1716  3988.0  0.0333333333333
1717  3988.0  0.0333333333333
1718  3988.0  0.0333333333333
1719  3988.0  0.0333333333333
1720  3988.0  0.0333333333333
1721  3988.0  0.0333333333333
1722  3988.0  0.0333333333333
1723  3988.0  0.0333333333333
1724  3988.0  0.0333333333333
1725  3988.0  0.0333333333333
1726  3988.0  0.0333333333333
1727  3988.0  0.0333333333333
1728  3988.0  0.0333333333333
1729  3988.0  0.0333333333333
1730  3988.0  0.0333333333333
1731  3988.0  0.0333333333333
1732  3988.0  0.0333333333333
1733  3988.0  0.0333333333333
1734  3988.0  0.0333333333333
1735  3988.0  0.0333333333333
1736  3988.0  0.0333333333333
1737  3988.0  0.0333333333333
1738  3988.0  0.0333333333333
1739  3988.0  0.0333333333333
1740  3988.0  0.0333333333333
1741  3988.0  0.0333333333333
1742  3988.0  0.0333333333333
1743  3988.0  0.0333333333333
1744  3988.0  0.0333333333333
1745  3988.0  0.0333333333333
1746  3988.0  0.0333333333333
1747  3988.0  0.0333333333333
1748  3988.0  0.0333333333333
1749  3988.0  0.0333333333333
1750  3988.0  0.0333333333333
1751  3988.0  0.0333333333333
1752  3988.0  0.0333333333333
1753  3988.0  0.0333333333333
1754  3988.0  0.0333333333333
1755  3988.0  0.0333333333333
1756  3988.0  0.0333333333333
1757  3988.0  0.0333333333333
1758  3988.0  0.0333333333333
1759  3988.0  0.0333333333333
1760  3988.0  0.0333333333333
1761  3988.0  0.0333333333333
1762  3988.0  0.0333333333333
1763  3988.0  0.0333333333333
1764  3988.0  0.0333333333333
1765  3988.0  0.0333333333333
1766  3988.0  0.0333333333333
1767  3988.0  0.0333333333333
1768  3988.0  0.0333333333333
1769  3988.0  0.0333333333333
1770  3988.0  0.0333333333333
1771  3988.0  0.0333333333333
1772  3988.0  0.0333333333333
1773  3988.0  0.0333333333333
1774  3988.0  0.0333333333333
1775  3988.0  0.0333333333333
1776  3988.0  0.0333333333333
1777  3988.0  0.0333333333333
1778  3988.0  0.0333333333333
1779  3988.0  0.0333333333333
1780  3988.0  0.0333333333333
1781  3988.0  0.0333333333333
1782  3988.0  0.0333333333333
1783  3988.0  0.0333333333333
1784  3988.0  0.0333333333333
1785  3988.0  0.0333333333333
1786  3988.0  0.0333333333333
1787  3988.0  0.0333333333333
1788  3988.0  0.0333333333333
1789  3988.0  0.0333333333333
1790  3988.0  0.0333333333333
1791  3988.0  0.0333333333333
1792  3988.0  0.0333333333333
1793  3988.0  0.0333333333333
1794  3988.0  0.0333333333333
1795  3988.0  0.0333333333333
1796  3988.0  0.0333333333333
1797  3988.0  0.0333333333333
1798  3988.0  0.0333333333333
1799  3988.0  0.0333333333333
1800  3988.0  0.0333333333333
1801  3988.0  0.0333333333333
1802  3988.0  0.0333333333333
1803  3988.0  0.0333333333333
1804  3988.0  0.0333333333333
1805  3988.0  0.0333333333333
1806  3988.0  0.0333333333333
1807  3988.0  0.0333333333333
1808  3988.0  0.0333333333333
1809  3988.0  0.0333333333333
1810  3988.0  0.0333333333333
1811  3988.0  0.0333333333333
1812  3988.0  0.0333333333333
1813  3988.0  0.0333333333333
1814  3988.0  0.0333333333333
1815  3988.0  0.0333333333333
1816  3988.0  0.0333333333333
1817  3988.0  0.0333333333333
1818  3988.0  0.0333333333333
1819  3988.0  0.0333333333333
1820  3988.0  0.0333333333333
1821  3988.0  0.0333333333333
1822  3988.0  0.0333333333333
1823  3988.0  0.0333333333333
1824  3988.0  0.0333333333333
1825  3988.0  0.0333333333333
1826  3988.0  0.0333333333333
1827  3988.0  0.0333333333333
1828  3988.0  0.0333333333333
1829  3988.0  0.0333333333333
1830  3988.0  0.0333333333333
1831  3988.0  0.0333333333333
1832  3988.0  0.0333333333333
1833  3988.0  0.0333333333333
1834  3988.0  0.0333333333333
1835  3988.0  0.0333333333333
1836  3988.0  0.0333333333333
1837  3988.0  0.0333333333333
1838  3988.0  0.0333333333333
1839  3988.0  0.0333333333333
1840  3988.0  0.0333333333333
1841  3988.0  0.0333333333333
1842  3988.0  0.0333333333333
1843  3988.0  0.0333333333333
1844  3988.0  0.0333333333333
1845  3988.0  0.0333333333333
1846  3988.0  0.0333333333333
1847  3988.0  0.0333333333333
1848  3988.0  0.0333333333333
1849  3988.0  0.0333333333333
1850  3988.0  0.0333333333333
1851  3988.0  0.0333333333333
1852  3988.0  0.0333333333333
1853  3988.0  0.0333333333333
1854  3988.0  0.0333333333333
1855  3988.0  0.0333333333333
1856  3988.0  0.0333333333333
1857  3988.0  0.0333333333333
1858  3988.0  0.0333333333333
1859  3988.0  0.0333333333333
1860  3988.0  0.0333333333333
1861  3988.0  0.0333333333333
1862  3988.0  0.0333333333333
1863  3988.0  0.0333333333333
1864  3988.0  0.0333333333333
1865  3988.0  0.0333333333333
1866  3988.0  0.0333333333333
1867  3988.0  0.0333333333333
1868  3988.0  0.0333333333333
1869  3988.0  0.0333333333333
1870  3988.0  0.0333333333333
1871  3988.0  0.0333333333333
1872  3988.0  0.0333333333333
1873  3988.0  0.0333333333333
1874  3988.0  0.0333333333333
1875  3988.0  0.0333333333333
1876  3988.0  0.0333333333333
1877  3988.0  0.0333333333333
1878  3988.0  0.0333333333333
1879  3988.0  0.0333333333333
1880  3988.0  0.0333333333333
1881  3988.0  0.0333333333333
1882  3988.0  0.0333333333333
1883  3988.0  0.0333333333333
1884  3988.0  0.0333333333333
1885  3988.0  0.0333333333333
1886  3988.0  0.0333333333333
1887  3988.0  0.0333333333333
1888  3988.0  0.0333333333333
1889  3988.0  0.0333333333333
1890  3988.0  0.0333333333333
1891  3988.0  0.0333333333333
1892  3988.0  0.0333333333333
1893  3988.0  0.0333333333333
1894  3988.0  0.0333333333333
1895  3988.0  0.0333333333333
1896  3988.0  0.0333333333333
1897  3988.0  0.0333333333333
1898  3988.0  0.0333333333333
1899  3988.0  0.0333333333333
1900  3988.0  0.0333333333333
1901  3988.0  0.0333333333333
1902  3988.0  0.0333333333333
1903  3988.0  0.0333333333333
1904  3988.0  0.0333333333333
1905  3988.0  0.0333333333333
1906  3988.0  0.0333333333333
1907  3988.0  0.0333333333333
1908  3988.0  0.0333333333333
1909  3988.0  0.0333333333333
1910  3988.0  0.0333333333333
1911  3988.0  0.0333333333333
1912  3988.0  0.0333333333333
1913  3988.0  0.0333333333333
1914  3988.0  0.0333333333333
1915  3988.0  0.0333333333333
1916  3988.0  0.0333333333333
1917  3988.0  0.0333333333333
1918  3988.0  0.0333333333333
1919  3988.0  0.0333333333333
1920  3988.0  0.0333333333333
1921  3988.0  0.0333333333333
1922  3988.0  0.0333333333333
1923  3988.0  0.0333333333333
1924  3988.0  0.0333333333333
1925  3988.0  0.0333333333333
1926  3988.0  0.0333333333333
1927  3988.0  0.0333333333333
1928  3988.0  0.0333333333333
1929  3988.0  0.0333333333333
1930  3988.0  0.0333333333333
1931  3988.0  0.0333333333333
1932  3988.0  0.0333333333333
1933  3988.0  0.0333333333333
1934  3988.0  0.0333333333333
1935  3988.0  0.0333333333333
1936  3988.0  0.0333333333333
1937  3988.0  0.0333333333333
1938  3988.0  0.0333333333333
1939  3988.0  0.0333333333333
1940  3988.0  0.0333333333333
1941  3988.0  0.0333333333333
1942  3988.0  0.0333333333333
1943  3988.0  0.0333333333333
1944  3988.0  0.0333333333333
1945  3988.0  0.0333333333333
1946  3988.0  0.0333333333333
1947  3988.0  0.0333333333333
1948  3988.0  0.0333333333333
1949  3988.0  0.0333333333333
1950  3988.0  0.0333333333333
1951  3988.0  0.0333333333333
1952  3988.0  0.0333333333333
1953  3988.0  0.0333333333333
1954  3988.0  0.0333333333333
1955  3988.0  0.0333333333333
1956  3988.0  0.0333333333333
1957  3988.0  0.0333333333333
1958  3988.0  0.0333333333333
1959  3988.0  0.0333333333333
1960  3988.0  0.0333333333333
1961  3988.0  0.0333333333333
1962  3988.0  0.0333333333333
1963  3988.0  0.0333333333333
1964  3988.0  0.0333333333333
1965  3988.0  0.0333333333333
1966  3988.0  0.0333333333333
1967  3988.0  0.0333333333333
1968  3988.0  0.0333333333333
1969  3988.0  0.0333333333333
1970  3988.0  0.0333333333333
1971  3988.0  0.0333333333333
1972  3988.0  0.0333333333333
1973  3988.0  0.0333333333333
1974  3988.0  0.0333333333333
1975  3988.0  0.0333333333333
1976  3988.0  0.0333333333333
1977  3988.0  0.0333333333333
1978  3988.0  0.0333333333333
1979  3988.0  0.0333333333333
1980  3988.0  0.0333333333333
1981  3988.0  0.0333333333333
1982  3988.0  0.0333333333333
1983  3988.0  0.0333333333333
1984  3988.0  0.0333333333333
1985  3988.0  0.0333333333333
1986  3988.0  0.0333333333333
1987  3988.0  0.0333333333333
1988  3988.0  0.0333333333333
1989  3988.0  0.0333333333333
1990  3988.0  0.0333333333333
1991  3988.0  0.0333333333333
1992  3988.0  0.0333333333333
1993  3988.0  0.0333333333333
1994  3988.0  0.0333333333333
1995  3988.0  0.0333333333333
1996  3988.0  0.0333333333333
1997  3988.0  0.0333333333333
1998  3988.0  0.0333333333333
1999  3988.0  0.0333333333333
2000  3988.0  0.0333333333333
2001  3988.0  0.0333333333333
2002  3988.0  0.0333333333333
2003  3988.0  0.0333333333333
2004  3988.0  0.0333333333333
2005  3988.0  0.0333333333333
2006  3988.0  0.0333333333333
2007  3988.0  0.0333333333333
2008  3988.0  0.0333333333333
2009  3988.0  0.0333333333333
2010  3988.0  0.0333333333333
2011  3988.0  0.0333333333333
2012  3988.0  0.0333333333333
2013  3988.0  0.0333333333333
2014  3988.0  0.0333333333333
2015  3988.0  0.0333333333333
2016  3988.0  0.0333333333333
2017  3988.0  0.0333333333333
2018  3988.0  0.0333333333333
2019  3988.0  0.0333333333333
2020  3988.0  0.0333333333333
2021  3988.0  0.0333333333333
2022  3988.0  0.0333333333333
2023  3988.0  0.0333333333333
2024  3988.0  0.0333333333333
2025  3988.0  0.0333333333333
2026  3988.0  0.0333333333333
2027  3988.0  0.0333333333333
2028  3988.0  0.0333333333333
2029  3988.0  0.0333333333333
2030  3988.0  0.0333333333333
2031  3988.0  0.0333333333333
2032  3988.0  0.0333333333333
2033  3988.0  0.0333333333333
2034  3988.0  0.0333333333333
2035  3988.0  0.0333333333333
2036  3988.0  0.0333333333333
2037  3988.0  0.0333333333333
2038  3988.0  0.0333333333333
2039  3988.0  0.0333333333333
2040  3988.0  0.0333333333333
2041  3988.0  0.0333333333333
2042  3988.0  0.0333333333333
2043  3988.0  0.0333333333333
2044  3988.0  0.0333333333333
2045  3988.0  0.0333333333333
2046  3988.0  0.0333333333333
2047  3988.0  0.0333333333333
2048  3988.0  0.0333333333333
2049  3988.0  0.0333333333333
2050  3988.0  0.0333333333333
2051  3988.0  0.0333333333333
2052  3988.0  0.0333333333333
2053  3988.0  0.0333333333333
2054  3988.0  0.0333333333333
2055  3988.0  0.0333333333333
2056  3988.0  0.0333333333333
2057  3988.0  0.0333333333333
2058  3988.0  0.0333333333333
2059  3988.0  0.0333333333333
2060  3988.0  0.0333333333333
2061  3988.0  0.0333333333333
2062  3988.0  0.0333333333333
2063  3988.0  0.0333333333333
2064  3988.0  0.0333333333333
2065  3988.0  0.0333333333333
2066  3988.0  0.0333333333333
2067  3988.0  0.0333333333333
2068  3988.0  0.0333333333333
2069  3988.0  0.0333333333333
2070  3988.0  0.0333333333333
2071  3988.0  0.0333333333333
2072  3988.0  0.0333333333333
2073  3988.0  0.0333333333333
2074  3988.0  0.0333333333333
2075  3988.0  0.0333333333333
2076  3988.0  0.0333333333333
2077  3988.0  0.0333333333333
2078  3988.0  0.0333333333333
2079  3988.0  0.0333333333333
2080  3988.0  0.0333333333333
2081  3988.0  0.0333333333333
2082  3988.0  0.0333333333333
2083  3988.0  0.0333333333333
2084  3988.0  0.0333333333333
2085  3988.0  0.0333333333333
2086  3988.0  0.0333333333333
2087  3988.0  0.0333333333333
2088  3988.0  0.0333333333333
2089  3988.0  0.0333333333333
2090  3988.0  0.0333333333333
2091  3988.0  0.0333333333333
2092  3988.0  0.0333333333333
2093  3988.0  0.0333333333333
2094  3988.0  0.0333333333333
2095  3988.0  0.0333333333333
2096  3988.0  0.0333333333333
2097  3988.0  0.0333333333333
2098  3988.0  0.0333333333333
2099  3988.0  0.0333333333333
2100  3988.0  0.0333333333333
2101  3988.0  0.0333333333333
2102  3988.0  0.0333333333333
2103  3988.0  0.0333333333333
2104  3988.0  0.0333333333333
2105  3988.0  0.0333333333333
2106  3988.0  0.0333333333333
2107  3988.0  0.0333333333333
2108  3988.0  0.0333333333333
2109  3988.0  0.0333333333333
2110  3988.0  0.0333333333333
2111  3988.0  0.0333333333333
2112  3988.0  0.0333333333333
2113  3988.0  0.0333333333333
2114  3988.0  0.0333333333333
2115  3988.0  0.0333333333333
2116  3988.0  0.0333333333333
2117  3988.0  0.0333333333333
2118  3988.0  0.0333333333333
2119  3988.0  0.0333333333333
2120  3988.0  0.0333333333333
2121  3988.0  0.0333333333333
2122  3988.0  0.0333333333333
2123  3988.0  0.0333333333333
2124  3988.0  0.0333333333333
2125  3988.0  0.0333333333333
2126  3988.0  0.0333333333333
2127  3988.0  0.0333333333333
2128  3988.0  0.0333333333333
2129  3988.0  0.0333333333333
2130  3988.0  0.0333333333333
2131  3988.0  0.0333333333333
2132  3988.0  0.0333333333333
2133  3988.0  0.0333333333333
2134  3988.0  0.0333333333333
2135  3988.0  0.0333333333333
2136  3988.0  0.0333333333333
2137  3988.0  0.0333333333333
2138  3988.0  0.0333333333333
2139  3988.0  0.0333333333333
2140  3988.0  0.0333333333333
2141  3988.0  0.0333333333333
2142  3988.0  0.0333333333333
2143  3988.0  0.0333333333333
2144  3988.0  0.0333333333333
2145  3988.0  0.0333333333333
2146  3988.0  0.0333333333333
2147  3988.0  0.0333333333333
2148  3988.0  0.0333333333333
2149  3988.0  0.0333333333333
2150  3988.0  0.0333333333333
2151  3988.0  0.0333333333333
2152  3988.0  0.0333333333333
2153  3988.0  0.0333333333333
2154  3988.0  0.0333333333333
2155  3988.0  0.0333333333333
2156  3988.0  0.0333333333333
2157  3988.0  0.0333333333333
2158  3988.0  0.0333333333333
2159  3988.0  0.0333333333333
2160  3988.0  0.0333333333333
2161  3988.0  0.0333333333333
2162  3988.0  0.0333333333333
2163  3988.0  0.0333333333333
2164  3988.0  0.0333333333333
2165  3988.0  0.0333333333333
2166  3988.0  0.0333333333333
2167  3988.0  0.0333333333333
2168  3988.0  0.0333333333333
2169  3988.0  0.0333333333333
2170  3988.0  0.0333333333333
2171  3988.0  0.0333333333333
2172  3988.0  0.0333333333333
2173  3988.0  0.0333333333333
2174  3988.0  0.0333333333333
2175  3988.0  0.0333333333333
2176  3988.0  0.0333333333333
2177  3988.0  0.0333333333333
2178  3988.0  0.0333333333333
2179  3988.0  0.0333333333333
2180  3988.0  0.0333333333333
2181  3988.0  0.0333333333333
2182  3988.0  0.0333333333333
2183  3988.0  0.0333333333333
2184  3988.0  0.0333333333333
2185  3988.0  0.0333333333333
2186  3988.0  0.0333333333333
2187  3988.0  0.0333333333333
2188  3988.0  0.0333333333333
2189  3988.0  0.0333333333333
2190  3988.0  0.0333333333333
2191  3988.0  0.0333333333333
2192  3988.0  0.0333333333333
2193  3988.0  0.0333333333333
2194  3988.0  0.0333333333333
2195  3988.0  0.0333333333333
2196  3988.0  0.0333333333333
2197  3988.0  0.0333333333333
2198  3988.0  0.0333333333333
2199  3988.0  0.0333333333333
2200  3988.0  0.0333333333333
2201  3988.0  0.0333333333333
2202  3988.0  0.0333333333333
2203  3988.0  0.0333333333333
2204  3988.0  0.0333333333333
2205  3988.0  0.0333333333333
2206  3988.0  0.0333333333333
2207  3988.0  0.0333333333333
2208  3988.0  0.0333333333333
2209  3988.0  0.0333333333333
2210  3988.0  0.0333333333333
2211  3988.0  0.0333333333333
2212  3988.0  0.0333333333333
2213  3988.0  0.0333333333333
2214  3988.0  0.0333333333333
2215  3988.0  0.0333333333333
2216  3988.0  0.0333333333333
2217  3988.0  0.0333333333333
2218  3988.0  0.0333333333333
2219  3988.0  0.0333333333333
2220  3988.0  0.0333333333333
2221  3988.0  0.0333333333333
2222  3988.0  0.0333333333333
2223  3988.0  0.0333333333333
2224  3988.0  0.0333333333333
2225  3988.0  0.0333333333333
2226  3988.0  0.0333333333333
2227  3988.0  0.0333333333333
2228  3988.0  0.0333333333333
2229  3988.0  0.0333333333333
2230  3988.0  0.0333333333333
2231  3988.0  0.0333333333333
2232  3988.0  0.0333333333333
2233  3988.0  0.0333333333333
2234  3988.0  0.0333333333333
2235  3988.0  0.0333333333333
2236  3988.0  0.0333333333333
2237  3988.0  0.0333333333333
2238  3988.0  0.0333333333333
2239  3988.0  0.0333333333333
2240  3988.0  0.0333333333333
2241  3988.0  0.0333333333333
2242  3988.0  0.0333333333333
2243  3988.0  0.0333333333333
2244  3988.0  0.0333333333333
2245  3988.0  0.0333333333333
2246  3988.0  0.0333333333333
2247  3988.0  0.0333333333333
2248  3988.0  0.0333333333333
2249  3988.0  0.0333333333333
2250  3988.0  0.0333333333333
2251  3988.0  0.0333333333333
2252  3988.0  0.0333333333333
2253  3988.0  0.0333333333333
2254  3988.0  0.0333333333333
2255  3988.0  0.0333333333333
2256  3988.0  0.0333333333333
2257  3988.0  0.0333333333333
2258  3988.0  0.0333333333333
2259  3988.0  0.0333333333333
2260  3988.0  0.0333333333333
2261  3988.0  0.0333333333333
2262  3988.0  0.0333333333333
2263  3988.0  0.0333333333333
2264  3988.0  0.0333333333333
2265  3988.0  0.0333333333333
2266  3988.0  0.0333333333333
2267  3988.0  0.0333333333333
2268  3988.0  0.0333333333333
2269  3988.0  0.0333333333333
2270  3988.0  0.0333333333333
2271  3988.0  0.0333333333333
2272  3988.0  0.0333333333333
2273  3988.0  0.0333333333333
2274  3988.0  0.0333333333333
2275  3988.0  0.0333333333333
2276  3988.0  0.0333333333333
2277  3988.0  0.0333333333333
2278  3988.0  0.0333333333333
2279  3988.0  0.0333333333333
2280  3988.0  0.0333333333333
2281  3988.0  0.0333333333333
2282  3988.0  0.0333333333333
2283  3988.0  0.0333333333333
2284  3988.0  0.0333333333333
2285  3988.0  0.0333333333333
2286  3988.0  0.0333333333333
2287  3988.0  0.0333333333333
2288  3988.0  0.0333333333333
2289  3988.0  0.0333333333333
2290  3988.0  0.0333333333333
2291  3988.0  0.0333333333333
2292  3988.0  0.0333333333333
2293  3988.0  0.0333333333333
2294  3988.0  0.0333333333333
2295  3988.0  0.0333333333333
2296  3988.0  0.0333333333333
2297  3988.0  0.0333333333333
2298  3988.0  0.0333333333333
2299  3988.0  0.0333333333333
2300  3988.0  0.0333333333333
2301  3988.0  0.0333333333333
2302  3988.0  0.0333333333333
2303  3988.0  0.0333333333333
2304  3988.0  0.0333333333333
2305  3988.0  0.0333333333333
2306  3988.0  0.0333333333333
2307  3988.0  0.0333333333333
2308  3988.0  0.0333333333333
2309  3988.0  0.0333333333333
2310  3988.0  0.0333333333333
2311  3988.0  0.0333333333333
2312  3988.0  0.0333333333333
2313  3988.0  0.0333333333333
2314  3988.0  0.0333333333333
2315  3988.0  0.0333333333333
2316  3988.0  0.0333333333333
2317  3988.0  0.0333333333333
2318  3988.0  0.0333333333333
2319  3988.0  0.0333333333333
2320  3988.0  0.0333333333333
2321  3988.0  0.0333333333333
2322  3988.0  0.0333333333333
2323  3988.0  0.0333333333333
2324  3988.0  0.0333333333333
2325  3988.0  0.0333333333333
2326  3988.0  0.0333333333333
2327  3988.0  0.0333333333333
2328  3988.0  0.0333333333333
2329  3988.0  0.0333333333333
2330  3988.0  0.0333333333333
2331  3988.0  0.0333333333333
2332  3988.0  0.0333333333333
2333  3988.0  0.0333333333333
2334  3988.0  0.0333333333333
2335  3988.0  0.0333333333333
2336  3988.0  0.0333333333333
2337  3988.0  0.0333333333333
2338  3988.0  0.0333333333333
2339  3988.0  0.0333333333333
2340  3988.0  0.0333333333333
2341  3988.0  0.0333333333333
2342  3988.0  0.0333333333333
2343  3988.0  0.0333333333333
2344  3988.0  0.0333333333333
2345  3988.0  0.0333333333333
2346  3988.0  0.0333333333333
2347  3988.0  0.0333333333333
2348  3988.0  0.0333333333333
2349  3988.0  0.0333333333333
2350  3988.0  0.0333333333333
2351  3988.0  0.0333333333333
2352  3988.0  0.0333333333333
2353  3988.0  0.0333333333333
2354  3988.0  0.0333333333333
2355  3988.0  0.0333333333333
2356  3988.0  0.0333333333333
2357  3988.0  0.0333333333333
2358  3988.0  0.0333333333333
2359  3988.0  0.0333333333333
2360  3988.0  0.0333333333333
2361  3988.0  0.0333333333333
2362  3988.0  0.0333333333333
2363  3988.0  0.0333333333333
2364  3988.0  0.0333333333333
2365  3988.0  0.0333333333333
2366  3988.0  0.0333333333333
2367  3988.0  0.0333333333333
2368  3988.0  0.0333333333333
2369  3988.0  0.0333333333333
2370  3988.0  0.0333333333333
2371  3988.0  0.0333333333333
2372  3988.0  0.0333333333333
2373  3988.0  0.0333333333333
2374  3988.0  0.0333333333333
2375  3988.0  0.0333333333333
2376  3988.0  0.0333333333333
2377  3988.0  0.0333333333333
2378  3988.0  0.0333333333333
2379  3988.0  0.0333333333333
2380  3988.0  0.0333333333333
2381  3988.0  0.0333333333333
2382  3988.0  0.0333333333333
2383  3988.0  0.0333333333333
2384  3988.0  0.0333333333333
2385  3988.0  0.0333333333333
2386  3988.0  0.0333333333333
2387  3988.0  0.0333333333333
2388  3988.0  0.0333333333333
2389  3988.0  0.0333333333333
2390  3988.0  0.0333333333333
2391  3988.0  0.0333333333333
2392  3988.0  0.0333333333333
2393  3988.0  0.0333333333333
2394  3988.0  0.0333333333333
2395  3988.0  0.0333333333333
2396  3988.0  0.0333333333333
2397  3988.0  0.0333333333333
2398  3988.0  0.0333333333333
2399  3988.0  0.0333333333333
2400  3988.0  0.0333333333333
2401  3988.0  0.0333333333333
2402  3988.0  0.0333333333333
2403  3988.0  0.0333333333333
2404  3988.0  0.0333333333333
2405  3988.0  0.0333333333333
2406  3988.0  0.0333333333333
2407  3988.0  0.0333333333333
2408  3988.0  0.0333333333333
2409  3988.0  0.0333333333333
2410  3988.0  0.0333333333333
2411  3988.0  0.0333333333333
2412  3988.0  0.0333333333333
2413  3988.0  0.0333333333333
2414  3988.0  0.0333333333333
2415  3988.0  0.0333333333333
2416  3988.0  0.0333333333333
2417  3988.0  0.0333333333333
2418  3988.0  0.0333333333333
2419  3988.0  0.0333333333333
2420  3988.0  0.0333333333333
2421  3988.0  0.0333333333333
2422  3988.0  0.0333333333333
2423  3988.0  0.0333333333333
2424  3988.0  0.0333333333333
2425  3988.0  0.0333333333333
2426  3988.0  0.0333333333333
2427  3988.0  0.0333333333333
2428  3988.0  0.0333333333333
2429  3988.0  0.0333333333333
2430  3988.0  0.0333333333333
2431  3988.0  0.0333333333333
2432  3988.0  0.0333333333333
2433  3988.0  0.0333333333333
2434  3988.0  0.0333333333333
2435  3988.0  0.0333333333333
2436  3988.0  0.0333333333333
2437  3988.0  0.0333333333333
2438  3988.0  0.0333333333333
2439  3988.0  0.0333333333333
2440  3988.0  0.0333333333333
2441  3988.0  0.0333333333333
2442  3988.0  0.0333333333333
2443  3988.0  0.0333333333333
2444  3988.0  0.0333333333333
2445  3988.0  0.0333333333333
2446  3988.0  0.0333333333333
2447  3988.0  0.0333333333333
2448  3988.0  0.0333333333333
2449  3988.0  0.0333333333333
2450  3988.0  0.0333333333333
2451  3988.0  0.0333333333333
2452  3988.0  0.0333333333333
2453  3988.0  0.0333333333333
2454  3988.0  0.0333333333333
2455  3988.0  0.0333333333333
2456  3988.0  0.0333333333333
2457  3988.0  0.0333333333333
2458  3988.0  0.0333333333333
2459  3988.0  0.0333333333333
2460  3988.0  0.0333333333333
2461  3988.0  0.0333333333333
2462  3988.0  0.0333333333333
2463  3988.0  0.0333333333333
2464  3988.0  0.0333333333333
2465  3988.0  0.0333333333333
2466  3988.0  0.0333333333333
2467  3988.0  0.0333333333333
2468  3988.0  0.0333333333333
2469  3988.0  0.0333333333333
2470  3988.0  0.0333333333333
2471  3988.0  0.0333333333333
2472  3988.0  0.0333333333333
2473  3988.0  0.0333333333333
2474  3988.0  0.0333333333333
2475  3988.0  0.0333333333333
2476  3988.0  0.0333333333333
2477  3988.0  0.0333333333333
2478  3988.0  0.0333333333333
2479  3988.0  0.0333333333333
2480  3988.0  0.0333333333333
2481  3988.0  0.0333333333333
2482  3988.0  0.0333333333333
2483  3988.0  0.0333333333333
2484  3988.0  0.0333333333333
2485  3988.0  0.0333333333333
2486  3988.0  0.0333333333333
2487  3988.0  0.0333333333333
2488  3988.0  0.0333333333333
2489  3988.0  0.0333333333333
2490  3988.0  0.0333333333333
2491  3988.0  0.0333333333333
2492  3988.0  0.0333333333333
2493  3988.0  0.0333333333333
2494  3988.0  0.0333333333333
2495  3988.0  0.0333333333333
2496  3988.0  0.0333333333333
2497  3988.0  0.0333333333333
2498  3988.0  0.0333333333333
2499  3988.0  0.0333333333333
2500  3988.0  0.0333333333333
2501  3988.0  0.0333333333333
2502  3988.0  0.0333333333333
2503  3988.0  0.0333333333333
2504  3988.0  0.0333333333333
2505  3988.0  0.0333333333333
2506  3988.0  0.0333333333333
2507  3988.0  0.0333333333333
2508  3988.0  0.0333333333333
2509  3988.0  0.0333333333333
2510  3988.0  0.0333333333333
2511  3988.0  0.0333333333333
2512  3988.0  0.0333333333333
2513  3988.0  0.0333333333333
2514  3988.0  0.0333333333333
2515  3988.0  0.0333333333333
2516  3988.0  0.0333333333333
2517  3988.0  0.0333333333333
2518  3988.0  0.0333333333333
2519  3988.0  0.0333333333333
2520  3988.0  0.0333333333333
2521  3988.0  0.0333333333333
2522  3988.0  0.0333333333333
2523  3988.0  0.0333333333333
2524  3988.0  0.0333333333333
2525  3988.0  0.0333333333333
2526  3988.0  0.0333333333333
2527  3988.0  0.0333333333333
2528  3988.0  0.0333333333333
2529  3988.0  0.0333333333333
2530  3988.0  0.0333333333333
2531  3988.0  0.0333333333333
2532  3988.0  0.0333333333333
2533  3988.0  0.0333333333333
2534  3988.0  0.0333333333333
2535  3988.0  0.0333333333333
2536  3988.0  0.0333333333333
2537  3988.0  0.0333333333333
2538  3988.0  0.0333333333333
2539  3988.0  0.0333333333333
2540  3988.0  0.0333333333333
2541  3988.0  0.0333333333333
2542  3988.0  0.0333333333333
2543  3988.0  0.0333333333333
2544  3988.0  0.0333333333333
2545  3988.0  0.0333333333333
2546  3988.0  0.0333333333333
2547  3988.0  0.0333333333333
2548  3988.0  0.0333333333333
2549  3988.0  0.0333333333333
2550  3988.0  0.0333333333333
2551  3988.0  0.0333333333333
2552  3988.0  0.0333333333333
2553  3988.0  0.0333333333333
2554  3988.0  0.0333333333333
2555  3988.0  0.0333333333333
2556  3988.0  0.0333333333333
2557  3988.0  0.0333333333333
2558  3988.0  0.0333333333333
2559  3988.0  0.0333333333333
2560  3988.0  0.0333333333333
2561  3988.0  0.0333333333333
2562  3988.0  0.0333333333333
2563  3988.0  0.0333333333333
2564  3988.0  0.0333333333333
2565  3988.0  0.0333333333333
2566  3988.0  0.0333333333333
2567  3988.0  0.0333333333333
2568  3988.0  0.0333333333333
2569  3988.0  0.0333333333333
2570  3988.0  0.0333333333333
2571  3988.0  0.0333333333333
2572  3988.0  0.0333333333333
2573  3988.0  0.0333333333333
2574  3988.0  0.0333333333333
2575  3988.0  0.0333333333333
2576  3988.0  0.0333333333333
2577  3988.0  0.0333333333333
2578  3988.0  0.0333333333333
2579  3988.0  0.0333333333333
2580  3988.0  0.0333333333333
2581  3988.0  0.0333333333333
2582  3988.0  0.0333333333333
2583  3988.0  0.0333333333333
2584  3988.0  0.0333333333333
2585  3988.0  0.0333333333333
2586  3988.0  0.0333333333333
2587  3988.0  0.0333333333333
2588  3988.0  0.0333333333333
2589  3988.0  0.0333333333333
2590  3988.0  0.0333333333333
2591  3988.0  0.0333333333333
2592  3988.0  0.0333333333333
2593  3988.0  0.0333333333333
2594  3988.0  0.0333333333333
2595  3988.0  0.0333333333333
2596  3988.0  0.0333333333333
2597  3988.0  0.0333333333333
2598  3988.0  0.0333333333333
2599  3988.0  0.0333333333333
2600  3988.0  0.0333333333333
2601  3988.0  0.0333333333333
2602  3988.0  0.0333333333333
2603  3988.0  0.0333333333333
2604  3988.0  0.0333333333333
2605  3988.0  0.0333333333333
2606  3988.0  0.0333333333333
2607  3988.0  0.0333333333333
2608  3988.0  0.0333333333333
2609  3988.0  0.0333333333333
2610  3988.0  0.0333333333333
2611  3988.0  0.0333333333333
2612  3988.0  0.0333333333333
2613  3988.0  0.0333333333333
2614  3988.0  0.0333333333333
2615  3988.0  0.0333333333333
2616  3988.0  0.0333333333333
2617  3988.0  0.0333333333333
2618  3988.0  0.0333333333333
2619  3988.0  0.0333333333333
2620  3988.0  0.0333333333333
2621  3988.0  0.0333333333333
2622  3988.0  0.0333333333333
2623  3988.0  0.0333333333333
2624  3988.0  0.0333333333333
2625  3988.0  0.0333333333333
2626  3988.0  0.0333333333333
2627  3988.0  0.0333333333333
2628  3988.0  0.0333333333333
2629  3988.0  0.0333333333333
2630  3988.0  0.0333333333333
2631  3988.0  0.0333333333333
2632  3988.0  0.0333333333333
2633  3988.0  0.0333333333333
2634  3988.0  0.0333333333333
2635  3988.0  0.0333333333333
2636  3988.0  0.0333333333333
2637  3988.0  0.0333333333333
2638  3988.0  0.0333333333333
2639  3988.0  0.0333333333333
2640  3988.0  0.0333333333333
2641  3988.0  0.0333333333333
2642  3988.0  0.0333333333333
2643  3988.0  0.0333333333333
2644  3988.0  0.0333333333333
2645  3988.0  0.0333333333333
2646  3988.0  0.0333333333333
2647  3988.0  0.0333333333333
2648  3988.0  0.0333333333333
2649  3988.0  0.0333333333333
2650  3988.0  0.0333333333333
2651  3988.0  0.0333333333333
2652  3988.0  0.0333333333333
2653  3988.0  0.0333333333333
2654  3988.0  0.0333333333333
2655  3988.0  0.0333333333333
2656  3988.0  0.0333333333333
2657  3988.0  0.0333333333333
2658  3988.0  0.0333333333333
2659  3988.0  0.0333333333333
2660  3988.0  0.0333333333333
2661  3988.0  0.0333333333333
2662  3988.0  0.0333333333333
2663  3988.0  0.0333333333333
2664  3988.0  0.0333333333333
2665  3988.0  0.0333333333333
2666  3988.0  0.0333333333333
2667  3988.0  0.0333333333333
2668  3988.0  0.0333333333333
2669  3988.0  0.0333333333333
2670  3988.0  0.0333333333333
2671  3988.0  0.0333333333333
2672  3988.0  0.0333333333333
2673  3988.0  0.0333333333333
2674  3988.0  0.0333333333333
2675  3988.0  0.0333333333333
2676  3988.0  0.0333333333333
2677  3988.0  0.0333333333333
2678  3988.0  0.0333333333333
2679  3988.0  0.0333333333333
2680  3988.0  0.0333333333333
2681  3988.0  0.0333333333333
2682  3988.0  0.0333333333333
2683  3988.0  0.0333333333333
2684  3988.0  0.0333333333333
2685  3988.0  0.0333333333333
2686  3988.0  0.0333333333333
2687  3988.0  0.0333333333333
2688  3988.0  0.0333333333333
2689  3988.0  0.0333333333333
2690  3988.0  0.0333333333333
2691  3988.0  0.0333333333333
2692  3988.0  0.0333333333333
2693  3988.0  0.0333333333333
2694  3988.0  0.0333333333333
2695  3988.0  0.0333333333333
2696  3988.0  0.0333333333333
2697  3988.0  0.0333333333333
2698  3988.0  0.0333333333333
2699  3988.0  0.0333333333333
2700  3988.0  0.0333333333333
2701  3988.0  0.0333333333333
2702  3988.0  0.0333333333333
2703  3988.0  0.0333333333333
2704  3988.0  0.0333333333333
2705  3988.0  0.0333333333333
2706  3988.0  0.0333333333333
2707  3988.0  0.0333333333333
2708  3988.0  0.0333333333333
2709  3988.0  0.0333333333333
2710  3988.0  0.0333333333333
2711  3988.0  0.0333333333333
2712  3988.0  0.0333333333333
2713  3988.0  0.0333333333333
2714  3988.0  0.0333333333333
2715  3988.0  0.0333333333333
2716  3988.0  0.0333333333333
2717  3988.0  0.0333333333333
2718  3988.0  0.0333333333333
2719  3988.0  0.0333333333333
2720  3988.0  0.0333333333333
2721  3988.0  0.0333333333333
2722  3988.0  0.0333333333333
2723  3988.0  0.0333333333333
2724  3988.0  0.0333333333333
2725  3988.0  0.0333333333333
2726  3988.0  0.0333333333333
2727  3988.0  0.0333333333333
2728  3988.0  0.0333333333333
2729  3988.0  0.0333333333333
2730  3988.0  0.0333333333333
2731  3988.0  0.0333333333333
2732  3988.0  0.0333333333333
2733  3988.0  0.0333333333333
2734  3988.0  0.0333333333333
2735  3988.0  0.0333333333333
2736  3988.0  0.0333333333333
2737  3988.0  0.0333333333333
2738  3988.0  0.0333333333333
2739  3988.0  0.0333333333333
2740  3988.0  0.0333333333333
2741  3988.0  0.0333333333333
2742  3988.0  0.0333333333333
2743  3988.0  0.0333333333333
2744  3988.0  0.0333333333333
2745  3988.0  0.0333333333333
2746  3988.0  0.0333333333333
2747  3988.0  0.0333333333333
2748  3988.0  0.0333333333333
2749  3988.0  0.0333333333333
2750  3988.0  0.0333333333333
2751  3988.0  0.0333333333333
2752  3988.0  0.0333333333333
2753  3988.0  0.0333333333333
2754  3988.0  0.0333333333333
2755  3988.0  0.0333333333333
2756  3988.0  0.0333333333333
2757  3988.0  0.0333333333333
2758  3988.0  0.0333333333333
2759  3988.0  0.0333333333333
2760  3988.0  0.0333333333333
2761  3988.0  0.0333333333333
2762  3988.0  0.0333333333333
2763  3988.0  0.0333333333333
2764  3988.0  0.0333333333333
2765  3988.0  0.0333333333333
2766  3988.0  0.0333333333333
2767  3988.0  0.0333333333333
2768  3988.0  0.0333333333333
2769  3988.0  0.0333333333333
2770  3988.0  0.0333333333333
2771  3988.0  0.0333333333333
2772  3988.0  0.0333333333333
2773  3988.0  0.0333333333333
2774  3988.0  0.0333333333333
2775  3988.0  0.0333333333333
2776  3988.0  0.0333333333333
2777  3988.0  0.0333333333333
2778  3988.0  0.0333333333333
2779  3988.0  0.0333333333333
2780  3988.0  0.0333333333333
2781  3988.0  0.0333333333333
2782  3988.0  0.0333333333333
2783  3988.0  0.0333333333333
2784  3988.0  0.0333333333333
2785  3988.0  0.0333333333333
2786  3988.0  0.0333333333333
2787  3988.0  0.0333333333333
2788  3988.0  0.0333333333333
2789  3988.0  0.0333333333333
2790  3988.0  0.0333333333333
2791  3988.0  0.0333333333333
2792  3988.0  0.0333333333333
2793  3988.0  0.0333333333333
2794  3988.0  0.0333333333333
2795  3988.0  0.0333333333333
2796  3988.0  0.0333333333333
2797  3988.0  0.0333333333333
2798  3988.0  0.0333333333333
2799  3988.0  0.0333333333333
2800  3988.0  0.0333333333333
2801  3988.0  0.0333333333333
2802  3988.0  0.0333333333333
2803  3988.0  0.0333333333333
2804  3988.0  0.0333333333333
2805  3988.0  0.0333333333333
2806  3988.0  0.0333333333333
2807  3988.0  0.0333333333333
2808  3988.0  0.0333333333333
2809  3988.0  0.0333333333333
2810  3988.0  0.0333333333333
2811  3988.0  0.0333333333333
2812  3988.0  0.0333333333333
2813  3988.0  0.0333333333333
2814  3988.0  0.0333333333333
2815  3988.0  0.0333333333333
2816  3988.0  0.0333333333333
2817  3988.0  0.0333333333333
2818  3988.0  0.0333333333333
2819  3988.0  0.0333333333333
2820  3988.0  0.0333333333333
2821  3988.0  0.0333333333333
2822  3988.0  0.0333333333333
2823  3988.0  0.0333333333333
2824  3988.0  0.0333333333333
2825  3988.0  0.0333333333333
2826  3988.0  0.0333333333333
2827  3988.0  0.0333333333333
2828  3988.0  0.0333333333333
2829  3988.0  0.0333333333333
2830  3988.0  0.0333333333333
2831  3988.0  0.0333333333333
2832  3988.0  0.0333333333333
2833  3988.0  0.0333333333333
2834  3988.0  0.0333333333333
2835  3988.0  0.0333333333333
2836  3988.0  0.0333333333333
2837  3988.0  0.0333333333333
2838  3988.0  0.0333333333333
2839  3988.0  0.0333333333333
2840  3988.0  0.0333333333333
2841  3988.0  0.0333333333333
2842  3988.0  0.0333333333333
2843  3988.0  0.0333333333333
2844  3988.0  0.0333333333333
2845  3988.0  0.0333333333333
2846  3988.0  0.0333333333333
2847  3988.0  0.0333333333333
2848  3988.0  0.0333333333333
2849  3988.0  0.0333333333333
2850  3988.0  0.0333333333333
2851  3988.0  0.0333333333333
2852  3988.0  0.0333333333333
2853  3988.0  0.0333333333333
2854  3988.0  0.0333333333333
2855  3988.0  0.0333333333333
2856  3988.0  0.0333333333333
2857  3988.0  0.0333333333333
2858  3988.0  0.0333333333333
2859  3988.0  0.0333333333333
2860  3988.0  0.0333333333333
2861  3988.0  0.0333333333333
2862  3988.0  0.0333333333333
2863  3988.0  0.0333333333333
2864  3988.0  0.0333333333333
2865  3988.0  0.0333333333333
2866  3988.0  0.0333333333333
2867  3988.0  0.0333333333333
2868  3988.0  0.0333333333333
2869  3988.0  0.0333333333333
2870  3988.0  0.0333333333333
2871  3988.0  0.0333333333333
2872  3988.0  0.0333333333333
2873  3988.0  0.0333333333333
2874  3988.0  0.0333333333333
2875  3988.0  0.0333333333333
2876  3988.0  0.0333333333333
2877  3988.0  0.0333333333333
2878  3988.0  0.0333333333333
2879  3988.0  0.0333333333333
2880  3988.0  0.0333333333333
2881  3988.0  0.0333333333333
2882  3988.0  0.0333333333333
2883  3988.0  0.0333333333333
2884  3988.0  0.0333333333333
2885  3988.0  0.0333333333333
2886  3988.0  0.0333333333333
2887  3988.0  0.0333333333333
2888  3988.0  0.0333333333333
2889  3988.0  0.0333333333333
2890  3988.0  0.0333333333333
2891  3988.0  0.0333333333333
2892  3988.0  0.0333333333333
2893  3988.0  0.0333333333333
2894  3988.0  0.0333333333333
2895  3988.0  0.0333333333333
2896  3988.0  0.0333333333333
2897  3988.0  0.0333333333333
2898  3988.0  0.0333333333333
2899  3988.0  0.0333333333333
2900  3988.0  0.0333333333333
2901  3988.0  0.0333333333333
2902  3988.0  0.0333333333333
2903  3988.0  0.0333333333333
2904  3988.0  0.0333333333333
2905  3988.0  0.0333333333333
2906  3988.0  0.0333333333333
2907  3988.0  0.0333333333333
2908  3988.0  0.0333333333333
2909  3988.0  0.0333333333333
2910  3988.0  0.0333333333333
2911  3988.0  0.0333333333333
2912  3988.0  0.0333333333333
2913  3988.0  0.0333333333333
2914  3988.0  0.0333333333333
2915  3988.0  0.0333333333333
2916  3988.0  0.0333333333333
2917  3988.0  0.0333333333333
2918  3988.0  0.0333333333333
2919  3988.0  0.0333333333333
2920  3988.0  0.0333333333333
2921  3988.0  0.0333333333333
2922  3988.0  0.0333333333333
2923  3988.0  0.0333333333333
2924  3988.0  0.0333333333333
2925  3988.0  0.0333333333333
2926  3988.0  0.0333333333333
2927  3988.0  0.0333333333333
2928  3988.0  0.0333333333333
2929  3988.0  0.0333333333333
2930  3988.0  0.0333333333333
2931  3988.0  0.0333333333333
2932  3988.0  0.0333333333333
2933  3988.0  0.0333333333333
2934  3988.0  0.0333333333333
2935  3988.0  0.0333333333333
2936  3988.0  0.0333333333333
2937  3988.0  0.0333333333333
2938  3988.0  0.0333333333333
2939  3988.0  0.0333333333333
2940  3988.0  0.0333333333333
2941  3988.0  0.0333333333333
2942  3988.0  0.0333333333333
2943  3988.0  0.0333333333333
2944  3988.0  0.0333333333333
2945  3988.0  0.0333333333333
2946  3988.0  0.0333333333333
2947  3988.0  0.0333333333333
2948  3988.0  0.0333333333333
2949  3988.0  0.0333333333333
2950  3988.0  0.0333333333333
2951  3988.0  0.0333333333333
2952  3988.0  0.0333333333333
2953  3988.0  0.0333333333333
2954  3988.0  0.0333333333333
2955  3988.0  0.0333333333333
2956  3988.0  0.0333333333333
2957  3988.0  0.0333333333333
2958  3988.0  0.0333333333333
2959  3988.0  0.0333333333333
2960  3988.0  0.0333333333333
2961  3988.0  0.0333333333333
2962  3988.0  0.0333333333333
2963  3988.0  0.0333333333333
2964  3988.0  0.0333333333333
2965  3988.0  0.0333333333333
2966  3988.0  0.0333333333333
2967  3988.0  0.0333333333333
2968  3988.0  0.0333333333333
2969  3988.0  0.0333333333333
2970  3988.0  0.0333333333333
2971  3988.0  0.0333333333333
2972  3988.0  0.0333333333333
2973  3988.0  0.0333333333333
2974  3988.0  0.0333333333333
2975  3988.0  0.0333333333333
2976  3988.0  0.0333333333333
2977  3988.0  0.0333333333333
2978  3988.0  0.0333333333333
2979  3988.0  0.0333333333333
2980  3988.0  0.0333333333333
2981  3988.0  0.0333333333333
2982  3988.0  0.0333333333333
2983  3988.0  0.0333333333333
2984  3988.0  0.0333333333333
2985  3988.0  0.0333333333333
2986  3988.0  0.0333333333333
2987  3988.0  0.0333333333333
2988  3988.0  0.0333333333333
2989  3988.0  0.0333333333333
2990  3988.0  0.0333333333333
2991  3988.0  0.0333333333333
2992  3988.0  0.0333333333333
2993  3988.0  0.0333333333333
2994  3988.0  0.0333333333333
2995  3988.0  0.0333333333333
2996  3988.0  0.0333333333333
2997  3988.0  0.0333333333333
2998  3988.0  0.0333333333333
2999  3988.0  0.0333333333333
#[-3, 0, 4, 5, 9, 9, 9, 9, 9, 9, 9, 9, 9, 9, 9]
#[-1, 1, 5, 6, 6, 9, 9, 9, 9, 9, 9, 9, 9, 9, 9]
#[9, 9, 9, 9, 9, 9, 9, 9, 9, 9, 9, 9, 9, 9, 9]
#[-7, 7, 9, 9, 9, 9, 9, 9, 9, 9, 9, 9, 9, 9, 9]
#[9, 9, 9, 9, 9, 9, 9, 9, 9, 9, 9, 9, 9, 9, 9]
#[6, 8, 9, 9, 9, 9, 9, 9, 9, 9, 9, 9, 9, 9, 9]
#[0, 7, 8, 9, 9, 9, 9, 9, 9, 9, 9, 9, 9, 9, 9]
#[-6, -4, 9, 9, 9, 9, 9, 9, 9, 9, 9, 9, 9, 9, 9]
#[9, 9, 9, 9, 9, 9, 9, 9, 9, 9, 9, 9, 9, 9, 9]
#Specialization index= [2, 9, 0.1282051282051282]
