#[6, 9, 7, 4, 7, 9, 0, 6, 9, 5, 4, 7, 8, 6, 4]
#[7, 4, 6, 7, 3, 1, 4, 8, 7, 3, 0, 2, 4, 1, 8]
#[8, 4, 7, 4, 5, 6, 7, 5, 1, 2, 9, 4, 5, 5, 2]
#[2, 0, 5, 3, 1, 6, 3, 6, 9, 5, 0, 3, 1, 7, 6]
#[6, 7, 1, 0, 7, 4, 3, 7, 1, 5, 2, 7, 7, 1, 7]
#[5, 4, 9, 8, 3, 5, 9, 9, 6, 5, 7, 9, 2, 8, 6]
#[6, 6, 1, 6, 5, 9, 3, 8, 2, 0, 7, 0, 5, 2, 0]
#[9, 4, 5, 8, 6, 0, 4, 8, 7, 8, 5, 3, 5, 2, 9]
#[8, 0, 5, 3, 8, 8, 4, 6, 4, 8, 7, 4, 3, 3, 4]
#[8, 6, 3, 1, 8, 6, 9, 9, 8, 9, 5, 9, 7, 5, 8]
#[5, 1, 3, 2, 9, 6, 7, 6, 3, 0, 7, 7, 5, 0, 5]
#[3, 8, 7, 1, 5, 5, 4, 3, 9, 9, 5, 6, 6, 3, 0]
#[5, 1, 9, 1, 6, 4, 7, 8, 8, 7, 9, 0, 7, 4, 6]
#[8, 9, 4, 0, 4, 2, 3, 9, 8, 5, 7, 6, 7, 4, 3]
#[6, 1, 9, 5, 8, 4, 3, 8, 5, 5, 9, 3, 3, 6, 8]
#[5, 6, 9, 2, 3, 5, 8, 2, 6, 9, 4, 7, 0, 5, 7]
#[6, 2, 2, 7, 6, 2, 6, 9, 3, 4, 8, 4, 7, 5, 6]
#[3, 8, 6, 4, 9, 4, 7, 2, 4, 5, 2, 8, 3, 5, 0]
#[8, 7, 4, 6, 5, 1, 2, 3, 0, 2, 9, 8, 9, 8, 8]
#[3, 1, 9, 1, 4, 8, 8, 6, 8, 0, 1, 5, 0, 7, 0]
#[6, 5, 9, 7, 2, 6, 1, 0, 1, 7, 9, 6, 8, 4, 4]
#[7, 4, 3, 9, 2, 2, 9, 3, 6, 4, 1, 5, 9, 3, 7]
#[8, 3, 7, 1, 5, 9, 3, 6, 9, 6, 3, 6, 8, 5, 5]
#[0, 4, 8, 0, 9, 1, 9, 0, 1, 1, 7, 3, 6, 3, 2]
#[7, 7, 2, 5, 8, 9, 9, 0, 1, 4, 6, 6, 6, 0, 6]
0  16301.0  0.0
1  16301.0  0.0
2  16301.0  0.0
3  16301.0  0.0
4  16301.0  0.0
5  16301.0  0.0
6  16301.0  0.0
7  16301.0  0.0
8  16301.0  0.0
9  16301.0  0.0
10  16301.0  0.0
11  16301.0  0.0
12  16301.0  0.0
13  16301.0  0.0
14  16301.0  0.0
15  16301.0  0.0
16  16301.0  0.0
17  16301.0  0.0
18  16301.0  0.0
19  16301.0  0.0
20  16301.0  0.0
21  16301.0  0.0
22  16301.0  0.0
23  16301.0  0.0
24  16301.0  0.0
25  16301.0  0.0
26  16301.0  0.0
27  16301.0  0.0
28  16301.0  0.0
29  16301.0  0.0
30  16301.0  0.0
31  16301.0  0.0
32  16301.0  0.0
33  16301.0  0.0
34  16301.0  0.0
35  16301.0  0.0
36  16301.0  0.0
37  16301.0  0.0
38  16301.0  0.0
39  16301.0  0.0
40  16301.0  0.0
41  16301.0  0.0
42  16301.0  0.0
43  16301.0  0.0
44  16301.0  0.0
45  16301.0  0.0
46  16301.0  0.0
47  16301.0  0.0
48  16301.0  0.0
49  16301.0  0.0
50  16301.0  0.0
51  16301.0  0.0
52  16301.0  0.0
53  16301.0  0.0
54  16301.0  0.0
55  16301.0  0.0
56  16301.0  0.0
57  16301.0  0.0
58  16301.0  0.0
59  16301.0  0.0
60  16301.0  0.0
61  16301.0  0.0
62  16301.0  0.0
63  16301.0  0.0
64  16301.0  0.0
65  16301.0  0.0
66  16301.0  0.0
67  16301.0  0.0
68  16301.0  0.0
69  16301.0  0.0
70  16301.0  0.0
71  16301.0  0.0
72  16301.0  0.0
73  16301.0  0.0
74  16301.0  0.0
75  16301.0  0.0
76  16301.0  0.0
77  16301.0  0.0
78  16301.0  0.0
79  16301.0  0.0
80  16301.0  0.0
81  16301.0  0.0
82  16301.0  0.0
83  16301.0  0.0
84  16301.0  0.0
85  16301.0  0.0
86  16301.0  0.0
87  16301.0  0.0
88  16301.0  0.0
89  16301.0  0.0
90  16301.0  0.0
91  16301.0  0.0
92  16301.0  0.0
93  16301.0  0.0
94  16301.0  0.0
95  16301.0  0.0
96  16301.0  0.0
97  16301.0  0.0
98  16301.0  0.0
99  16301.0  0.0
100  16301.0  0.0
101  16301.0  0.0
102  16301.0  0.0
103  16301.0  0.0
104  16301.0  0.0
105  16301.0  0.0
106  16301.0  0.0
107  16301.0  0.0
108  16301.0  0.0
109  16301.0  0.0
110  16301.0  0.0
111  16301.0  0.0
112  16301.0  0.0
113  16301.0  0.0
114  16301.0  0.0
115  16301.0  0.0
116  16301.0  0.0
117  16301.0  0.0
118  16301.0  0.0
119  16301.0  0.0
120  16301.0  0.0
121  16301.0  0.0
122  16301.0  0.0
123  16301.0  0.0
124  16301.0  0.0
125  16301.0  0.0
126  16301.0  0.0
127  16301.0  0.0
128  16301.0  0.0
129  16301.0  0.0
130  16301.0  0.0
131  16301.0  0.0
132  16301.0  0.0
133  16301.0  0.0
134  16301.0  0.0
135  16301.0  0.0
136  16301.0  0.0
137  16301.0  0.0
138  16301.0  0.0
139  16301.0  0.0
140  16301.0  0.0
141  16301.0  0.0
142  16301.0  0.0
143  16301.0  0.0
144  16301.0  0.0
145  16301.0  0.0
146  16301.0  0.0
147  16301.0  0.0
148  16301.0  0.0
149  16301.0  0.0
150  16301.0  0.0
151  16301.0  0.0
152  16301.0  0.0
153  16301.0  0.0
154  16301.0  0.0
155  16301.0  0.0
156  16301.0  0.0
157  16301.0  0.0
158  16301.0  0.0
159  16301.0  0.0
160  16301.0  0.0
161  16301.0  0.0
162  16301.0  0.0
163  16301.0  0.0
164  16301.0  0.0
165  16301.0  0.0
166  16301.0  0.0
167  16301.0  0.0
168  16301.0  0.0
169  16301.0  0.0
170  16301.0  0.0
171  16301.0  0.0
172  16301.0  0.0
173  16301.0  0.0
174  16301.0  0.0
175  16301.0  0.0
176  16301.0  0.0
177  16301.0  0.0
178  16301.0  0.0
179  16301.0  0.0
180  16301.0  0.0
181  16301.0  0.0
182  16301.0  0.0
183  16301.0  0.0
184  16301.0  0.0
185  16301.0  0.0
186  16301.0  0.0
187  16301.0  0.0
188  16301.0  0.0
189  16301.0  0.0
190  16301.0  0.0
191  16301.0  0.0
192  16301.0  0.0
193  16301.0  0.0
194  16301.0  0.0
195  16301.0  0.0
196  16301.0  0.0
197  16301.0  0.0
198  16301.0  0.0
199  16301.0  0.0
200  16301.0  0.0
201  16301.0  0.0
202  16301.0  0.0
203  16301.0  0.0
204  16301.0  0.0
205  16301.0  0.0
206  16301.0  0.0
207  16301.0  0.0
208  16301.0  0.0
209  16301.0  0.0
210  16301.0  0.0
211  16301.0  0.0
212  16301.0  0.0
213  16301.0  0.0
214  16301.0  0.0
215  16301.0  0.0
216  16301.0  0.0
217  16301.0  0.0
218  16301.0  0.0
219  16301.0  0.0
220  16301.0  0.0
221  16301.0  0.0
222  16301.0  0.0
223  16301.0  0.0
224  16301.0  0.0
225  16301.0  0.0
226  16301.0  0.0
227  16301.0  0.0
228  16301.0  0.0
229  16301.0  0.0
230  16301.0  0.0
231  16301.0  0.0
232  16301.0  0.0
233  16301.0  0.0
234  16301.0  0.0
235  16301.0  0.0
236  16301.0  0.0
237  16301.0  0.0
238  16301.0  0.0
239  16301.0  0.0
240  16301.0  0.0
241  16301.0  0.0
242  16301.0  0.0
243  16301.0  0.0
244  16301.0  0.0
245  16301.0  0.0
246  16301.0  0.0
247  16301.0  0.0
248  16301.0  0.0
249  16301.0  0.0
250  16301.0  0.0
251  16301.0  0.0
252  16301.0  0.0
253  16301.0  0.0
254  16301.0  0.0
255  16301.0  0.0
256  16301.0  0.0
257  16301.0  0.0
258  16301.0  0.0
259  16301.0  0.0
260  16301.0  0.0
261  16301.0  0.0
262  16301.0  0.0
263  16301.0  0.0
264  16301.0  0.0
265  16301.0  0.0
266  16301.0  0.0
267  16301.0  0.0
268  16301.0  0.0
269  16301.0  0.0
270  16301.0  0.0
271  16301.0  0.0
272  16301.0  0.0
273  16301.0  0.0
274  16301.0  0.0
275  16301.0  0.0
276  16301.0  0.0
277  16301.0  0.0
278  16301.0  0.0
279  16301.0  0.0
280  16301.0  0.0
281  16301.0  0.0
282  16301.0  0.0
283  16301.0  0.0
284  16301.0  0.0
285  16301.0  0.0
286  16301.0  0.0
287  16301.0  0.0
288  16301.0  0.0
289  16301.0  0.0
290  16301.0  0.0
291  16301.0  0.0
292  16301.0  0.0
293  16301.0  0.0
294  16301.0  0.0
295  16301.0  0.0
296  16301.0  0.0
297  16301.0  0.0
298  16301.0  0.0
299  16301.0  0.0
300  16301.0  0.0
301  16301.0  0.0
302  16301.0  0.0
303  16301.0  0.0
304  16301.0  0.0
305  16301.0  0.0
306  16301.0  0.0
307  16301.0  0.0
308  16301.0  0.0
309  16301.0  0.0
310  16301.0  0.0
311  16301.0  0.0
312  16301.0  0.0
313  16301.0  0.0
314  16301.0  0.0
315  16301.0  0.0
316  16301.0  0.0
317  16301.0  0.0
318  16301.0  0.0
319  16301.0  0.0
320  16301.0  0.0
321  16301.0  0.0
322  16301.0  0.0
323  16301.0  0.0
324  16301.0  0.0
325  16301.0  0.0
326  16301.0  0.0
327  16301.0  0.0
328  16301.0  0.0
329  16301.0  0.0
330  16301.0  0.0
331  16301.0  0.0
332  16301.0  0.0
333  16301.0  0.0
334  16301.0  0.0
335  16301.0  0.0
336  16301.0  0.0
337  16301.0  0.0
338  16301.0  0.0
339  16301.0  0.0
340  16301.0  0.0
341  16301.0  0.0
342  16301.0  0.0
343  16301.0  0.0
344  16301.0  0.0
345  16301.0  0.0
346  16301.0  0.0
347  16301.0  0.0
348  16301.0  0.0
349  16301.0  0.0
350  16301.0  0.0
351  16301.0  0.0
352  16301.0  0.0
353  16301.0  0.0
354  16301.0  0.0
355  16301.0  0.0
356  16301.0  0.0
357  16301.0  0.0
358  16301.0  0.0
359  16301.0  0.0
360  16301.0  0.0
361  16301.0  0.0
362  16301.0  0.0
363  16301.0  0.0
364  16301.0  0.0
365  16301.0  0.0
366  16301.0  0.0
367  16301.0  0.0
368  16301.0  0.0
369  16301.0  0.0
370  16301.0  0.0
371  16301.0  0.0
372  16301.0  0.0
373  16301.0  0.0
374  16301.0  0.0
375  16301.0  0.0
376  16301.0  0.0
377  16301.0  0.0
378  16301.0  0.0
379  16301.0  0.0
380  16301.0  0.0
381  16301.0  0.0
382  16301.0  0.0
383  16301.0  0.0
384  16301.0  0.0
385  16301.0  0.0
386  16301.0  0.0
387  16301.0  0.0
388  16301.0  0.0
389  16301.0  0.0
390  16301.0  0.0
391  16301.0  0.0
392  16301.0  0.0
393  16301.0  0.0
394  16301.0  0.0
395  16301.0  0.0
396  16301.0  0.0
397  16301.0  0.0
398  16301.0  0.0
399  16301.0  0.0
400  16301.0  0.0
401  16301.0  0.0
402  16301.0  0.0
403  16301.0  0.0
404  16301.0  0.0
405  16301.0  0.0
406  16301.0  0.0
407  16301.0  0.0
408  16301.0  0.0
409  16301.0  0.0
410  16301.0  0.0
411  16301.0  0.0
412  16301.0  0.0
413  16301.0  0.0
414  16301.0  0.0
415  16301.0  0.0
416  16301.0  0.0
417  16301.0  0.0
418  16301.0  0.0
419  16301.0  0.0
420  16301.0  0.0
421  16301.0  0.0
422  16301.0  0.0
423  16301.0  0.0
424  16301.0  0.0
425  16301.0  0.0
426  16301.0  0.0
427  16301.0  0.0
428  16301.0  0.0
429  16301.0  0.0
430  16301.0  0.0
431  16301.0  0.0
432  16301.0  0.0
433  16301.0  0.0
434  16301.0  0.0
435  16301.0  0.0
436  16301.0  0.0
437  16301.0  0.0
438  16301.0  0.0
439  16301.0  0.0
440  16301.0  0.0
441  16301.0  0.0
442  16301.0  0.0
443  16301.0  0.0
444  16301.0  0.0
445  16301.0  0.0
446  16301.0  0.0
447  16301.0  0.0
448  16301.0  0.0
449  16301.0  0.0
450  16301.0  0.0
451  16301.0  0.0
452  16301.0  0.0
453  16301.0  0.0
454  16301.0  0.0
455  16301.0  0.0
456  16301.0  0.0
457  16301.0  0.0
458  16301.0  0.0
459  16301.0  0.0
460  16301.0  0.0
461  16301.0  0.0
462  16301.0  0.0
463  16301.0  0.0
464  16301.0  0.0
465  16301.0  0.0
466  16301.0  0.0
467  16301.0  0.0
468  16301.0  0.0
469  16301.0  0.0
470  16301.0  0.0
471  16301.0  0.0
472  16301.0  0.0
473  16301.0  0.0
474  16301.0  0.0
475  16301.0  0.0
476  16301.0  0.0
477  16301.0  0.0
478  16301.0  0.0
479  16301.0  0.0
480  16301.0  0.0
481  16301.0  0.0
482  16301.0  0.0
483  16301.0  0.0
484  16301.0  0.0
485  16301.0  0.0
486  16301.0  0.0
487  16301.0  0.0
488  16301.0  0.0
489  16301.0  0.0
490  16301.0  0.0
491  16301.0  0.0
492  16301.0  0.0
493  16301.0  0.0
494  16301.0  0.0
495  16301.0  0.0
496  16301.0  0.0
497  16301.0  0.0
498  16301.0  0.0
499  16301.0  0.0
500  16301.0  0.0
501  16301.0  0.0
502  16301.0  0.0
503  16301.0  0.0
504  16301.0  0.0
505  16301.0  0.0
506  16301.0  0.0
507  16301.0  0.0
508  16301.0  0.0
509  16301.0  0.0
510  16301.0  0.0
511  16301.0  0.0
512  16301.0  0.0
513  16301.0  0.0
514  16301.0  0.0
515  16301.0  0.0
516  16301.0  0.0
517  16301.0  0.0
518  16301.0  0.0
519  16301.0  0.0
520  16301.0  0.0
521  16301.0  0.0
522  16301.0  0.0
523  16301.0  0.0
524  16301.0  0.0
525  16301.0  0.0
526  16301.0  0.0
527  16301.0  0.0
528  16301.0  0.0
529  16301.0  0.0
530  16301.0  0.0
531  16301.0  0.0
532  16301.0  0.0
533  16301.0  0.0
534  16301.0  0.0
535  16301.0  0.0
536  16301.0  0.0
537  16301.0  0.0
538  16301.0  0.0
539  16301.0  0.0
540  16301.0  0.0
541  16301.0  0.0
542  16301.0  0.0
543  16301.0  0.0
544  16301.0  0.0
545  16301.0  0.0
546  16301.0  0.0
547  16301.0  0.0
548  16301.0  0.0
549  16301.0  0.0
550  16301.0  0.0
551  16301.0  0.0
552  16301.0  0.0
553  16301.0  0.0
554  16301.0  0.0
555  16301.0  0.0
556  16301.0  0.0
557  16301.0  0.0
558  16301.0  0.0
559  16301.0  0.0
560  16301.0  0.0
561  16301.0  0.0
562  16301.0  0.0
563  16301.0  0.0
564  16301.0  0.0
565  16301.0  0.0
566  16301.0  0.0
567  16301.0  0.0
568  16301.0  0.0
569  16301.0  0.0
570  16301.0  0.0
571  16301.0  0.0
572  16301.0  0.0
573  16301.0  0.0
574  16301.0  0.0
575  16301.0  0.0
576  16301.0  0.0
577  16301.0  0.0
578  16301.0  0.0
579  16301.0  0.0
580  16301.0  0.0
581  16301.0  0.0
582  16301.0  0.0
583  16301.0  0.0
584  16301.0  0.0
585  16301.0  0.0
586  16301.0  0.0
587  16301.0  0.0
588  16301.0  0.0
589  16301.0  0.0
590  16301.0  0.0
591  16301.0  0.0
592  16301.0  0.0
593  16301.0  0.0
594  16301.0  0.0
595  16301.0  0.0
596  16301.0  0.0
597  16301.0  0.0
598  16301.0  0.0
599  16301.0  0.0
600  16301.0  0.0
601  16301.0  0.0
602  16301.0  0.0
603  16301.0  0.0
604  16301.0  0.0
605  16301.0  0.0
606  16301.0  0.0
607  16301.0  0.0
608  16301.0  0.0
609  16301.0  0.0
610  16301.0  0.0
611  16301.0  0.0
612  16301.0  0.0
613  16301.0  0.0
614  16301.0  0.0
615  16301.0  0.0
616  16301.0  0.0
617  16301.0  0.0
618  16301.0  0.0
619  16301.0  0.0
620  16301.0  0.0
621  16301.0  0.0
622  16301.0  0.0
623  16301.0  0.0
624  16301.0  0.0
625  16301.0  0.0
626  16301.0  0.0
627  16301.0  0.0
628  16301.0  0.0
629  16301.0  0.0
630  16301.0  0.0
631  16301.0  0.0
632  16301.0  0.0
633  16301.0  0.0
634  16301.0  0.0
635  16301.0  0.0
636  16301.0  0.0
637  16301.0  0.0
638  16301.0  0.0
639  16301.0  0.0
640  16301.0  0.0
641  16301.0  0.0
642  16301.0  0.0
643  16301.0  0.0
644  16301.0  0.0
645  16301.0  0.0
646  16301.0  0.0
647  16301.0  0.0
648  16301.0  0.0
649  16301.0  0.0
650  16301.0  0.0
651  16301.0  0.0
652  16301.0  0.0
653  16301.0  0.0
654  16301.0  0.0
655  16301.0  0.0
656  16301.0  0.0
657  16301.0  0.0
658  16301.0  0.0
659  16301.0  0.0
660  16301.0  0.0
661  16301.0  0.0
662  16301.0  0.0
663  16301.0  0.0
664  16301.0  0.0
665  16301.0  0.0
666  16301.0  0.0
667  16301.0  0.0
668  16301.0  0.0
669  16301.0  0.0
670  16301.0  0.0
671  16301.0  0.0
672  16301.0  0.0
673  16301.0  0.0
674  16301.0  0.0
675  16301.0  0.0
676  16301.0  0.0
677  16301.0  0.0
678  16301.0  0.0
679  16301.0  0.0
680  16301.0  0.0
681  16301.0  0.0
682  16301.0  0.0
683  16301.0  0.0
684  16301.0  0.0
685  16301.0  0.0
686  16301.0  0.0
687  16301.0  0.0
688  16301.0  0.0
689  16301.0  0.0
690  16301.0  0.0
691  16301.0  0.0
692  16301.0  0.0
693  16301.0  0.0
694  16301.0  0.0
695  16301.0  0.0
696  16301.0  0.0
697  16301.0  0.0
698  16301.0  0.0
699  16301.0  0.0
700  16301.0  0.0
701  16301.0  0.0
702  16301.0  0.0
703  16301.0  0.0
704  16301.0  0.0
705  16301.0  0.0
706  16301.0  0.0
707  16301.0  0.0
708  16301.0  0.0
709  16301.0  0.0
710  16301.0  0.0
711  16301.0  0.0
712  16301.0  0.0
713  16301.0  0.0
714  16301.0  0.0
715  16301.0  0.0
716  16301.0  0.0
717  16301.0  0.0
718  16301.0  0.0
719  16301.0  0.0
720  16301.0  0.0
721  16301.0  0.0
722  16301.0  0.0
723  16301.0  0.0
724  16301.0  0.0
725  16301.0  0.0
726  16301.0  0.0
727  16301.0  0.0
728  16301.0  0.0
729  16301.0  0.0
730  16301.0  0.0
731  16301.0  0.0
732  16301.0  0.0
733  16301.0  0.0
734  16301.0  0.0
735  16301.0  0.0
736  16301.0  0.0
737  16301.0  0.0
738  16301.0  0.0
739  16301.0  0.0
740  16301.0  0.0
741  16301.0  0.0
742  16301.0  0.0
743  16301.0  0.0
744  16301.0  0.0
745  16301.0  0.0
746  16301.0  0.0
747  16301.0  0.0
748  16301.0  0.0
749  16301.0  0.0
750  16301.0  0.0
751  16301.0  0.0
752  16301.0  0.0
753  16301.0  0.0
754  16301.0  0.0
755  16301.0  0.0
756  16301.0  0.0
757  16301.0  0.0
758  16301.0  0.0
759  16301.0  0.0
760  16301.0  0.0
761  16301.0  0.0
762  16301.0  0.0
763  16301.0  0.0
764  16301.0  0.0
765  16301.0  0.0
766  16301.0  0.0
767  16301.0  0.0
768  16301.0  0.0
769  16301.0  0.0
770  16301.0  0.0
771  16301.0  0.0
772  16301.0  0.0
773  16301.0  0.0
774  16301.0  0.0
775  16301.0  0.0
776  16301.0  0.0
777  16301.0  0.0
778  16301.0  0.0
779  16301.0  0.0
780  16301.0  0.0
781  16301.0  0.0
782  16301.0  0.0
783  16301.0  0.0
784  16301.0  0.0
785  16301.0  0.0
786  16301.0  0.0
787  16301.0  0.0
788  16301.0  0.0
789  16301.0  0.0
790  16301.0  0.0
791  16301.0  0.0
792  16301.0  0.0
793  16301.0  0.0
794  16301.0  0.0
795  16301.0  0.0
796  16301.0  0.0
797  16301.0  0.0
798  16301.0  0.0
799  16301.0  0.0
800  16301.0  0.0
801  16301.0  0.0
802  16301.0  0.0
803  16301.0  0.0
804  16301.0  0.0
805  16301.0  0.0
806  16301.0  0.0
807  16301.0  0.0
808  16301.0  0.0
809  16301.0  0.0
810  16301.0  0.0
811  16301.0  0.0
812  16301.0  0.0
813  16301.0  0.0
814  16301.0  0.0
815  16301.0  0.0
816  16301.0  0.0
817  16301.0  0.0
818  16301.0  0.0
819  16301.0  0.0
820  16301.0  0.0
821  16301.0  0.0
822  16301.0  0.0
823  16301.0  0.0
824  16301.0  0.0
825  16301.0  0.0
826  16301.0  0.0
827  16301.0  0.0
828  16301.0  0.0
829  16301.0  0.0
830  16301.0  0.0
831  16301.0  0.0
832  16301.0  0.0
833  16301.0  0.0
834  16301.0  0.0
835  16301.0  0.0
836  16301.0  0.0
837  16301.0  0.0
838  16301.0  0.0
839  16301.0  0.0
840  16301.0  0.0
841  16301.0  0.0
842  16301.0  0.0
843  16301.0  0.0
844  16301.0  0.0
845  16301.0  0.0
846  16301.0  0.0
847  16301.0  0.0
848  16301.0  0.0
849  16301.0  0.0
850  16301.0  0.0
851  16301.0  0.0
852  16301.0  0.0
853  16301.0  0.0
854  16301.0  0.0
855  16301.0  0.0
856  16301.0  0.0
857  16301.0  0.0
858  16301.0  0.0
859  16301.0  0.0
860  16301.0  0.0
861  16301.0  0.0
862  16301.0  0.0
863  16301.0  0.0
864  16301.0  0.0
865  16301.0  0.0
866  16301.0  0.0
867  16301.0  0.0
868  16301.0  0.0
869  16301.0  0.0
870  16301.0  0.0
871  16301.0  0.0
872  16301.0  0.0
873  16301.0  0.0
874  16301.0  0.0
875  16301.0  0.0
876  16301.0  0.0
877  16301.0  0.0
878  16301.0  0.0
879  16301.0  0.0
880  16301.0  0.0
881  16301.0  0.0
882  16301.0  0.0
883  16301.0  0.0
884  16301.0  0.0
885  16301.0  0.0
886  16301.0  0.0
887  16301.0  0.0
888  16301.0  0.0
889  16301.0  0.0
890  16301.0  0.0
891  16301.0  0.0
892  16301.0  0.0
893  16301.0  0.0
894  16301.0  0.0
895  16301.0  0.0
896  16301.0  0.0
897  16301.0  0.0
898  16301.0  0.0
899  16301.0  0.0
900  16301.0  0.0
901  16301.0  0.0
902  16301.0  0.0
903  16301.0  0.0
904  16301.0  0.0
905  16301.0  0.0
906  16301.0  0.0
907  16301.0  0.0
908  16301.0  0.0
909  16301.0  0.0
910  16301.0  0.0
911  16301.0  0.0
912  16301.0  0.0
913  16301.0  0.0
914  16301.0  0.0
915  16301.0  0.0
916  16301.0  0.0
917  16301.0  0.0
918  16301.0  0.0
919  16301.0  0.0
920  16301.0  0.0
921  16301.0  0.0
922  16301.0  0.0
923  16301.0  0.0
924  16301.0  0.0
925  16301.0  0.0
926  16301.0  0.0
927  16301.0  0.0
928  16301.0  0.0
929  16301.0  0.0
930  16301.0  0.0
931  16301.0  0.0
932  16301.0  0.0
933  16301.0  0.0
934  16301.0  0.0
935  16301.0  0.0
936  16301.0  0.0
937  16301.0  0.0
938  16301.0  0.0
939  16301.0  0.0
940  16301.0  0.0
941  16301.0  0.0
942  16301.0  0.0
943  16301.0  0.0
944  16301.0  0.0
945  16301.0  0.0
946  16301.0  0.0
947  16301.0  0.0
948  16301.0  0.0
949  16301.0  0.0
950  16301.0  0.0
951  16301.0  0.0
952  16301.0  0.0
953  16301.0  0.0
954  16301.0  0.0
955  16301.0  0.0
956  16301.0  0.0
957  16301.0  0.0
958  16301.0  0.0
959  16301.0  0.0
960  16301.0  0.0
961  16301.0  0.0
962  16301.0  0.0
963  16301.0  0.0
964  16301.0  0.0
965  16301.0  0.0
966  16301.0  0.0
967  16301.0  0.0
968  16301.0  0.0
969  16301.0  0.0
970  16301.0  0.0
971  16301.0  0.0
972  16301.0  0.0
973  16301.0  0.0
974  16301.0  0.0
975  16301.0  0.0
976  16301.0  0.0
977  16301.0  0.0
978  16301.0  0.0
979  16301.0  0.0
980  16301.0  0.0
981  16301.0  0.0
982  16301.0  0.0
983  16301.0  0.0
984  16301.0  0.0
985  16301.0  0.0
986  16301.0  0.0
987  16301.0  0.0
988  16301.0  0.0
989  16301.0  0.0
990  16301.0  0.0
991  16301.0  0.0
992  16301.0  0.0
993  16301.0  0.0
994  16301.0  0.0
995  16301.0  0.0
996  16301.0  0.0
997  16301.0  0.0
998  16301.0  0.0
999  16301.0  0.0
1000  16301.0  0.0
1001  16301.0  0.0
1002  16301.0  0.0
1003  16301.0  0.0
1004  16301.0  0.0
1005  16301.0  0.0
1006  16301.0  0.0
1007  16301.0  0.0
1008  16301.0  0.0
1009  16301.0  0.0
1010  16301.0  0.0
1011  16301.0  0.0
1012  16301.0  0.0
1013  16301.0  0.0
1014  16301.0  0.0
1015  16301.0  0.0
1016  16301.0  0.0
1017  16301.0  0.0
1018  16301.0  0.0
1019  16301.0  0.0
1020  16301.0  0.0
1021  16301.0  0.0
1022  16301.0  0.0
1023  16301.0  0.0
1024  16301.0  0.0
1025  16301.0  0.0
1026  16301.0  0.0
1027  16301.0  0.0
1028  16301.0  0.0
1029  16301.0  0.0
1030  16301.0  0.0
1031  16301.0  0.0
1032  16301.0  0.0
1033  16301.0  0.0
1034  16301.0  0.0
1035  16301.0  0.0
1036  16301.0  0.0
1037  16301.0  0.0
1038  16301.0  0.0
1039  16301.0  0.0
1040  16301.0  0.0
1041  16301.0  0.0
1042  16301.0  0.0
1043  16301.0  0.0
1044  16301.0  0.0
1045  16301.0  0.0
1046  16301.0  0.0
1047  16301.0  0.0
1048  16301.0  0.0
1049  16301.0  0.0
1050  16301.0  0.0
1051  16301.0  0.0
1052  16301.0  0.0
1053  16301.0  0.0
1054  16301.0  0.0
1055  16301.0  0.0
1056  16301.0  0.0
1057  16301.0  0.0
1058  16301.0  0.0
1059  16301.0  0.0
1060  16301.0  0.0
1061  16301.0  0.0
1062  16301.0  0.0
1063  16301.0  0.0
1064  16301.0  0.0
1065  16301.0  0.0
1066  16301.0  0.0
1067  16301.0  0.0
1068  16301.0  0.0
1069  16301.0  0.0
1070  16301.0  0.0
1071  16301.0  0.0
1072  16301.0  0.0
1073  16301.0  0.0
1074  16301.0  0.0
1075  16301.0  0.0
1076  16301.0  0.0
1077  16301.0  0.0
1078  16301.0  0.0
1079  16301.0  0.0
1080  16301.0  0.0
1081  16301.0  0.0
1082  16301.0  0.0
1083  16301.0  0.0
1084  16301.0  0.0
1085  16301.0  0.0
1086  16301.0  0.0
1087  16301.0  0.0
1088  16301.0  0.0
1089  16301.0  0.0
1090  16301.0  0.0
1091  16301.0  0.0
1092  16301.0  0.0
1093  16301.0  0.0
1094  16301.0  0.0
1095  16301.0  0.0
1096  16301.0  0.0
1097  16301.0  0.0
1098  16301.0  0.0
1099  16301.0  0.0
1100  16301.0  0.0
1101  16301.0  0.0
1102  16301.0  0.0
1103  16301.0  0.0
1104  16301.0  0.0
1105  16301.0  0.0
1106  16301.0  0.0
1107  16301.0  0.0
1108  16301.0  0.0
1109  16301.0  0.0
1110  16301.0  0.0
1111  16301.0  0.0
1112  16301.0  0.0
1113  16301.0  0.0
1114  16301.0  0.0
1115  16301.0  0.0
1116  16301.0  0.0
1117  16301.0  0.0
1118  16301.0  0.0
1119  16301.0  0.0
1120  16301.0  0.0
1121  16301.0  0.0
1122  16301.0  0.0
1123  16301.0  0.0
1124  16301.0  0.0
1125  16301.0  0.0
1126  16301.0  0.0
1127  16301.0  0.0
1128  16301.0  0.0
1129  16301.0  0.0
1130  16301.0  0.0
1131  16301.0  0.0
1132  16301.0  0.0
1133  16301.0  0.0
1134  16301.0  0.0
1135  16301.0  0.0
1136  16301.0  0.0
1137  16301.0  0.0
1138  16301.0  0.0
1139  16301.0  0.0
1140  16301.0  0.0
1141  16301.0  0.0
1142  16301.0  0.0
1143  16301.0  0.0
1144  16301.0  0.0
1145  16301.0  0.0
1146  16301.0  0.0
1147  16301.0  0.0
1148  16301.0  0.0
1149  16301.0  0.0
1150  16301.0  0.0
1151  16301.0  0.0
1152  16301.0  0.0
1153  16301.0  0.0
1154  16301.0  0.0
1155  16301.0  0.0
1156  16301.0  0.0
1157  16301.0  0.0
1158  16301.0  0.0
1159  16301.0  0.0
1160  16301.0  0.0
1161  16301.0  0.0
1162  16301.0  0.0
1163  16301.0  0.0
1164  16301.0  0.0
1165  16301.0  0.0
1166  16301.0  0.0
1167  16301.0  0.0
1168  16301.0  0.0
1169  16301.0  0.0
1170  16301.0  0.0
1171  16301.0  0.0
1172  16301.0  0.0
1173  16301.0  0.0
1174  16301.0  0.0
1175  16301.0  0.0
1176  16301.0  0.0
1177  16301.0  0.0
1178  16301.0  0.0
1179  16301.0  0.0
1180  16301.0  0.0
1181  16301.0  0.0
1182  16301.0  0.0
1183  16301.0  0.0
1184  16301.0  0.0
1185  16301.0  0.0
1186  16301.0  0.0
1187  16301.0  0.0
1188  16301.0  0.0
1189  16301.0  0.0
1190  16301.0  0.0
1191  16301.0  0.0
1192  16301.0  0.0
1193  16301.0  0.0
1194  16301.0  0.0
1195  16301.0  0.0
1196  16301.0  0.0
1197  16301.0  0.0
1198  16301.0  0.0
1199  16301.0  0.0
1200  16301.0  0.0
1201  16301.0  0.0
1202  16301.0  0.0
1203  16301.0  0.0
1204  16301.0  0.0
1205  16301.0  0.0
1206  16301.0  0.0
1207  16301.0  0.0
1208  16301.0  0.0
1209  16301.0  0.0
1210  16301.0  0.0
1211  16301.0  0.0
1212  16301.0  0.0
1213  16301.0  0.0
1214  16301.0  0.0
1215  16301.0  0.0
1216  16301.0  0.0
1217  16301.0  0.0
1218  16301.0  0.0
1219  16301.0  0.0
1220  16301.0  0.0
1221  16301.0  0.0
1222  16301.0  0.0
1223  16301.0  0.0
1224  16301.0  0.0
1225  16301.0  0.0
1226  16301.0  0.0
1227  16301.0  0.0
1228  16301.0  0.0
1229  16301.0  0.0
1230  16301.0  0.0
1231  16301.0  0.0
1232  16301.0  0.0
1233  16301.0  0.0
1234  16301.0  0.0
1235  16301.0  0.0
1236  16301.0  0.0
1237  16301.0  0.0
1238  16301.0  0.0
1239  16301.0  0.0
1240  16301.0  0.0
1241  16301.0  0.0
1242  16301.0  0.0
1243  16301.0  0.0
1244  16301.0  0.0
1245  16301.0  0.0
1246  16301.0  0.0
1247  16301.0  0.0
1248  16301.0  0.0
1249  16301.0  0.0
1250  16301.0  0.0
1251  16301.0  0.0
1252  16301.0  0.0
1253  16301.0  0.0
1254  16301.0  0.0
1255  16301.0  0.0
1256  16301.0  0.0
1257  16301.0  0.0
1258  16301.0  0.0
1259  16301.0  0.0
1260  16301.0  0.0
1261  16301.0  0.0
1262  16301.0  0.0
1263  16301.0  0.0
1264  16301.0  0.0
1265  16301.0  0.0
1266  16301.0  0.0
1267  16301.0  0.0
1268  16301.0  0.0
1269  16301.0  0.0
1270  16301.0  0.0
1271  16301.0  0.0
1272  16301.0  0.0
1273  16301.0  0.0
1274  16301.0  0.0
1275  16301.0  0.0
1276  16301.0  0.0
1277  16301.0  0.0
1278  16301.0  0.0
1279  16301.0  0.0
1280  16301.0  0.0
1281  16301.0  0.0
1282  16301.0  0.0
1283  16301.0  0.0
1284  16301.0  0.0
1285  16301.0  0.0
1286  16301.0  0.0
1287  16301.0  0.0
1288  16301.0  0.0
1289  16301.0  0.0
1290  16301.0  0.0
1291  16301.0  0.0
1292  16301.0  0.0
1293  16301.0  0.0
1294  16301.0  0.0
1295  16301.0  0.0
1296  16301.0  0.0
1297  16301.0  0.0
1298  16301.0  0.0
1299  16301.0  0.0
1300  16301.0  0.0
1301  16301.0  0.0
1302  16301.0  0.0
1303  16301.0  0.0
1304  16301.0  0.0
1305  16301.0  0.0
1306  16301.0  0.0
1307  16301.0  0.0
1308  16301.0  0.0
1309  16301.0  0.0
1310  16301.0  0.0
1311  16301.0  0.0
1312  16301.0  0.0
1313  16301.0  0.0
1314  16301.0  0.0
1315  16301.0  0.0
1316  16301.0  0.0
1317  16301.0  0.0
1318  16301.0  0.0
1319  16301.0  0.0
1320  16301.0  0.0
1321  16301.0  0.0
1322  16301.0  0.0
1323  16301.0  0.0
1324  16301.0  0.0
1325  16301.0  0.0
1326  16301.0  0.0
1327  16301.0  0.0
1328  16301.0  0.0
1329  16301.0  0.0
1330  16301.0  0.0
1331  16301.0  0.0
1332  16301.0  0.0
1333  16301.0  0.0
1334  16301.0  0.0
1335  16301.0  0.0
1336  16301.0  0.0
1337  16301.0  0.0
1338  16301.0  0.0
1339  16301.0  0.0
1340  16301.0  0.0
1341  16301.0  0.0
1342  16301.0  0.0
1343  16301.0  0.0
1344  16301.0  0.0
1345  16301.0  0.0
1346  16301.0  0.0
1347  16301.0  0.0
1348  16301.0  0.0
1349  16301.0  0.0
1350  16301.0  0.0
1351  16301.0  0.0
1352  16301.0  0.0
1353  16301.0  0.0
1354  16301.0  0.0
1355  16301.0  0.0
1356  16301.0  0.0
1357  16301.0  0.0
1358  16301.0  0.0
1359  16301.0  0.0
1360  16301.0  0.0
1361  16301.0  0.0
1362  16301.0  0.0
1363  16301.0  0.0
1364  16301.0  0.0
1365  16301.0  0.0
1366  16301.0  0.0
1367  16301.0  0.0
1368  16301.0  0.0
1369  16301.0  0.0
1370  16301.0  0.0
1371  16301.0  0.0
1372  16301.0  0.0
1373  16301.0  0.0
1374  16301.0  0.0
1375  16301.0  0.0
1376  16301.0  0.0
1377  16301.0  0.0
1378  16301.0  0.0
1379  16301.0  0.0
1380  16301.0  0.0
1381  16301.0  0.0
1382  16301.0  0.0
1383  16301.0  0.0
1384  16301.0  0.0
1385  16301.0  0.0
1386  16301.0  0.0
1387  16301.0  0.0
1388  16301.0  0.0
1389  16301.0  0.0
1390  16301.0  0.0
1391  16301.0  0.0
1392  16301.0  0.0
1393  16301.0  0.0
1394  16301.0  0.0
1395  16301.0  0.0
1396  16301.0  0.0
1397  16301.0  0.0
1398  16301.0  0.0
1399  16301.0  0.0
1400  16301.0  0.0
1401  16301.0  0.0
1402  16301.0  0.0
1403  16301.0  0.0
1404  16301.0  0.0
1405  16301.0  0.0
1406  16301.0  0.0
1407  16301.0  0.0
1408  16301.0  0.0
1409  16301.0  0.0
1410  16301.0  0.0
1411  16301.0  0.0
1412  16301.0  0.0
1413  16301.0  0.0
1414  16301.0  0.0
1415  16301.0  0.0
1416  16301.0  0.0
1417  16301.0  0.0
1418  16301.0  0.0
1419  16301.0  0.0
1420  16301.0  0.0
1421  16301.0  0.0
1422  16301.0  0.0
1423  16301.0  0.0
1424  16301.0  0.0
1425  16301.0  0.0
1426  16301.0  0.0
1427  16301.0  0.0
1428  16301.0  0.0
1429  16301.0  0.0
1430  16301.0  0.0
1431  16301.0  0.0
1432  16301.0  0.0
1433  16301.0  0.0
1434  16301.0  0.0
1435  16301.0  0.0
1436  16301.0  0.0
1437  16301.0  0.0
1438  16301.0  0.0
1439  16301.0  0.0
1440  16301.0  0.0
1441  16301.0  0.0
1442  16301.0  0.0
1443  16301.0  0.0
1444  16301.0  0.0
1445  16301.0  0.0
1446  16301.0  0.0
1447  16301.0  0.0
1448  16301.0  0.0
1449  16301.0  0.0
1450  16301.0  0.0
1451  16301.0  0.0
1452  16301.0  0.0
1453  16301.0  0.0
1454  16301.0  0.0
1455  16301.0  0.0
1456  16301.0  0.0
1457  16301.0  0.0
1458  16301.0  0.0
1459  16301.0  0.0
1460  16301.0  0.0
1461  16301.0  0.0
1462  16301.0  0.0
1463  16301.0  0.0
1464  16301.0  0.0
1465  16301.0  0.0
1466  16301.0  0.0
1467  16301.0  0.0
1468  16301.0  0.0
1469  16301.0  0.0
1470  16301.0  0.0
1471  16301.0  0.0
1472  16301.0  0.0
1473  16301.0  0.0
1474  16301.0  0.0
1475  16301.0  0.0
1476  16301.0  0.0
1477  16301.0  0.0
1478  16301.0  0.0
1479  16301.0  0.0
1480  16301.0  0.0
1481  16301.0  0.0
1482  16301.0  0.0
1483  16301.0  0.0
1484  16301.0  0.0
1485  16301.0  0.0
1486  16301.0  0.0
1487  16301.0  0.0
1488  16301.0  0.0
1489  16301.0  0.0
1490  16301.0  0.0
1491  16301.0  0.0
1492  16301.0  0.0
1493  16301.0  0.0
1494  16301.0  0.0
1495  16301.0  0.0
1496  16301.0  0.0
1497  16301.0  0.0
1498  16301.0  0.0
1499  16301.0  0.0
1500  16301.0  0.0
1501  16301.0  0.0
1502  16301.0  0.0
1503  16301.0  0.0
1504  16301.0  0.0
1505  16301.0  0.0
1506  16301.0  0.0
1507  16301.0  0.0
1508  16301.0  0.0
1509  16301.0  0.0
1510  16301.0  0.0
1511  16301.0  0.0
1512  16301.0  0.0
1513  16301.0  0.0
1514  16301.0  0.0
1515  16301.0  0.0
1516  16301.0  0.0
1517  16301.0  0.0
1518  16301.0  0.0
1519  16301.0  0.0
1520  16301.0  0.0
1521  16301.0  0.0
1522  16301.0  0.0
1523  16301.0  0.0
1524  16301.0  0.0
1525  16301.0  0.0
1526  16301.0  0.0
1527  16301.0  0.0
1528  16301.0  0.0
1529  16301.0  0.0
1530  16301.0  0.0
1531  16301.0  0.0
1532  16301.0  0.0
1533  16301.0  0.0
1534  16301.0  0.0
1535  16301.0  0.0
1536  16301.0  0.0
1537  16301.0  0.0
1538  16301.0  0.0
1539  16301.0  0.0
1540  16301.0  0.0
1541  16301.0  0.0
1542  16301.0  0.0
1543  16301.0  0.0
1544  16301.0  0.0
1545  16301.0  0.0
1546  16301.0  0.0
1547  16301.0  0.0
1548  16301.0  0.0
1549  16301.0  0.0
1550  16301.0  0.0
1551  16301.0  0.0
1552  16301.0  0.0
1553  16301.0  0.0
1554  16301.0  0.0
1555  16301.0  0.0
1556  16301.0  0.0
1557  16301.0  0.0
1558  16301.0  0.0
1559  16301.0  0.0
1560  16301.0  0.0
1561  16301.0  0.0
1562  16301.0  0.0
1563  16301.0  0.0
1564  16301.0  0.0
1565  16301.0  0.0
1566  16301.0  0.0
1567  16301.0  0.0
1568  16301.0  0.0
1569  16301.0  0.0
1570  16301.0  0.0
1571  16301.0  0.0
1572  16301.0  0.0
1573  16301.0  0.0
1574  16301.0  0.0
1575  16301.0  0.0
1576  16301.0  0.0
1577  16301.0  0.0
1578  16301.0  0.0
1579  16301.0  0.0
1580  16301.0  0.0
1581  16301.0  0.0
1582  16301.0  0.0
1583  16301.0  0.0
1584  16301.0  0.0
1585  16301.0  0.0
1586  16301.0  0.0
1587  16301.0  0.0
1588  16301.0  0.0
1589  16301.0  0.0
1590  16301.0  0.0
1591  16301.0  0.0
1592  16301.0  0.0
1593  16301.0  0.0
1594  16301.0  0.0
1595  16301.0  0.0
1596  16301.0  0.0
1597  16301.0  0.0
1598  16301.0  0.0
1599  16301.0  0.0
1600  16301.0  0.0
1601  16301.0  0.0
1602  16301.0  0.0
1603  16301.0  0.0
1604  16301.0  0.0
1605  16301.0  0.0
1606  16301.0  0.0
1607  16301.0  0.0
1608  16301.0  0.0
1609  16301.0  0.0
1610  16301.0  0.0
1611  16301.0  0.0
1612  16301.0  0.0
1613  16301.0  0.0
1614  16301.0  0.0
1615  16301.0  0.0
1616  16301.0  0.0
1617  16301.0  0.0
1618  16301.0  0.0
1619  16301.0  0.0
1620  16301.0  0.0
1621  16301.0  0.0
1622  16301.0  0.0
1623  16301.0  0.0
1624  16301.0  0.0
1625  16301.0  0.0
1626  16301.0  0.0
1627  16301.0  0.0
1628  16301.0  0.0
1629  16301.0  0.0
1630  16301.0  0.0
1631  16301.0  0.0
1632  16301.0  0.0
1633  16301.0  0.0
1634  16301.0  0.0
1635  16301.0  0.0
1636  16301.0  0.0
1637  16301.0  0.0
1638  16301.0  0.0
1639  16301.0  0.0
1640  16301.0  0.0
1641  16301.0  0.0
1642  16301.0  0.0
1643  16301.0  0.0
1644  16301.0  0.0
1645  16301.0  0.0
1646  16301.0  0.0
1647  16301.0  0.0
1648  16301.0  0.0
1649  16301.0  0.0
1650  16301.0  0.0
1651  16301.0  0.0
1652  16301.0  0.0
1653  16301.0  0.0
1654  16301.0  0.0
1655  16301.0  0.0
1656  16301.0  0.0
1657  16301.0  0.0
1658  16301.0  0.0
1659  16301.0  0.0
1660  16301.0  0.0
1661  16301.0  0.0
1662  16301.0  0.0
1663  16301.0  0.0
1664  16301.0  0.0
1665  16301.0  0.0
1666  16301.0  0.0
1667  16301.0  0.0
1668  16301.0  0.0
1669  16301.0  0.0
1670  16301.0  0.0
1671  16301.0  0.0
1672  16301.0  0.0
1673  16301.0  0.0
1674  16301.0  0.0
1675  16301.0  0.0
1676  16301.0  0.0
1677  16301.0  0.0
1678  16301.0  0.0
1679  16301.0  0.0
1680  16301.0  0.0
1681  16301.0  0.0
1682  16301.0  0.0
1683  16301.0  0.0
1684  16301.0  0.0
1685  16301.0  0.0
1686  16301.0  0.0
1687  16301.0  0.0
1688  16301.0  0.0
1689  16301.0  0.0
1690  16301.0  0.0
1691  16301.0  0.0
1692  16301.0  0.0
1693  16301.0  0.0
1694  16301.0  0.0
1695  16301.0  0.0
1696  16301.0  0.0
1697  16301.0  0.0
1698  16301.0  0.0
1699  16301.0  0.0
1700  16301.0  0.0
1701  16301.0  0.0
1702  16301.0  0.0
1703  16301.0  0.0
1704  16301.0  0.0
1705  16301.0  0.0
1706  16301.0  0.0
1707  16301.0  0.0
1708  16301.0  0.0
1709  16301.0  0.0
1710  16301.0  0.0
1711  16301.0  0.0
1712  16301.0  0.0
1713  16301.0  0.0
1714  16301.0  0.0
1715  16301.0  0.0
1716  16301.0  0.0
1717  16301.0  0.0
1718  16301.0  0.0
1719  16301.0  0.0
1720  16301.0  0.0
1721  16301.0  0.0
1722  16301.0  0.0
1723  16301.0  0.0
1724  16301.0  0.0
1725  16301.0  0.0
1726  16301.0  0.0
1727  16301.0  0.0
1728  16301.0  0.0
1729  16301.0  0.0
1730  16301.0  0.0
1731  16301.0  0.0
1732  16301.0  0.0
1733  16301.0  0.0
1734  16301.0  0.0
1735  16301.0  0.0
1736  16301.0  0.0
1737  16301.0  0.0
1738  16301.0  0.0
1739  16301.0  0.0
1740  16301.0  0.0
1741  16301.0  0.0
1742  16301.0  0.0
1743  16301.0  0.0
1744  16301.0  0.0
1745  16301.0  0.0
1746  16301.0  0.0
1747  16301.0  0.0
1748  16301.0  0.0
1749  16301.0  0.0
1750  16301.0  0.0
1751  16301.0  0.0
1752  16301.0  0.0
1753  16301.0  0.0
1754  16301.0  0.0
1755  16301.0  0.0
1756  16301.0  0.0
1757  16301.0  0.0
1758  16301.0  0.0
1759  16301.0  0.0
1760  16301.0  0.0
1761  16301.0  0.0
1762  16301.0  0.0
1763  16301.0  0.0
1764  16301.0  0.0
1765  16301.0  0.0
1766  16301.0  0.0
1767  16301.0  0.0
1768  16301.0  0.0
1769  16301.0  0.0
1770  16301.0  0.0
1771  16301.0  0.0
1772  16301.0  0.0
1773  16301.0  0.0
1774  16301.0  0.0
1775  16301.0  0.0
1776  16301.0  0.0
1777  16301.0  0.0
1778  16301.0  0.0
1779  16301.0  0.0
1780  16301.0  0.0
1781  16301.0  0.0
1782  16301.0  0.0
1783  16301.0  0.0
1784  16301.0  0.0
1785  16301.0  0.0
1786  16301.0  0.0
1787  16301.0  0.0
1788  16301.0  0.0
1789  16301.0  0.0
1790  16301.0  0.0
1791  16301.0  0.0
1792  16301.0  0.0
1793  16301.0  0.0
1794  16301.0  0.0
1795  16301.0  0.0
1796  16301.0  0.0
1797  16301.0  0.0
1798  16301.0  0.0
1799  16301.0  0.0
1800  16301.0  0.0
1801  16301.0  0.0
1802  16301.0  0.0
1803  16301.0  0.0
1804  16301.0  0.0
1805  16301.0  0.0
1806  16301.0  0.0
1807  16301.0  0.0
1808  16301.0  0.0
1809  16301.0  0.0
1810  16301.0  0.0
1811  16301.0  0.0
1812  16301.0  0.0
1813  16301.0  0.0
1814  16301.0  0.0
1815  16301.0  0.0
1816  16301.0  0.0
1817  16301.0  0.0
1818  16301.0  0.0
1819  16301.0  0.0
1820  16301.0  0.0
1821  16301.0  0.0
1822  16301.0  0.0
1823  16301.0  0.0
1824  16301.0  0.0
1825  16301.0  0.0
1826  16301.0  0.0
1827  16301.0  0.0
1828  16301.0  0.0
1829  16301.0  0.0
1830  16301.0  0.0
1831  16301.0  0.0
1832  16301.0  0.0
1833  16301.0  0.0
1834  16301.0  0.0
1835  16301.0  0.0
1836  16301.0  0.0
1837  16301.0  0.0
1838  16301.0  0.0
1839  16301.0  0.0
1840  16301.0  0.0
1841  16301.0  0.0
1842  16301.0  0.0
1843  16301.0  0.0
1844  16301.0  0.0
1845  16301.0  0.0
1846  16301.0  0.0
1847  16301.0  0.0
1848  16301.0  0.0
1849  16301.0  0.0
1850  16301.0  0.0
1851  16301.0  0.0
1852  16301.0  0.0
1853  16301.0  0.0
1854  16301.0  0.0
1855  16301.0  0.0
1856  16301.0  0.0
1857  16301.0  0.0
1858  16301.0  0.0
1859  16301.0  0.0
1860  16301.0  0.0
1861  16301.0  0.0
1862  16301.0  0.0
1863  16301.0  0.0
1864  16301.0  0.0
1865  16301.0  0.0
1866  16301.0  0.0
1867  16301.0  0.0
1868  16301.0  0.0
1869  16301.0  0.0
1870  16301.0  0.0
1871  16301.0  0.0
1872  16301.0  0.0
1873  16301.0  0.0
1874  16301.0  0.0
1875  16301.0  0.0
1876  16301.0  0.0
1877  16301.0  0.0
1878  16301.0  0.0
1879  16301.0  0.0
1880  16301.0  0.0
1881  16301.0  0.0
1882  16301.0  0.0
1883  16301.0  0.0
1884  16301.0  0.0
1885  16301.0  0.0
1886  16301.0  0.0
1887  16301.0  0.0
1888  16301.0  0.0
1889  16301.0  0.0
1890  16301.0  0.0
1891  16301.0  0.0
1892  16301.0  0.0
1893  16301.0  0.0
1894  16301.0  0.0
1895  16301.0  0.0
1896  16301.0  0.0
1897  16301.0  0.0
1898  16301.0  0.0
1899  16301.0  0.0
1900  16301.0  0.0
1901  16301.0  0.0
1902  16301.0  0.0
1903  16301.0  0.0
1904  16301.0  0.0
1905  16301.0  0.0
1906  16301.0  0.0
1907  16301.0  0.0
1908  16301.0  0.0
1909  16301.0  0.0
1910  16301.0  0.0
1911  16301.0  0.0
1912  16301.0  0.0
1913  16301.0  0.0
1914  16301.0  0.0
1915  16301.0  0.0
1916  16301.0  0.0
1917  16301.0  0.0
1918  16301.0  0.0
1919  16301.0  0.0
1920  16301.0  0.0
1921  16301.0  0.0
1922  16301.0  0.0
1923  16301.0  0.0
1924  16301.0  0.0
1925  16301.0  0.0
1926  16301.0  0.0
1927  16301.0  0.0
1928  16301.0  0.0
1929  16301.0  0.0
1930  16301.0  0.0
1931  16301.0  0.0
1932  16301.0  0.0
1933  16301.0  0.0
1934  16301.0  0.0
1935  16301.0  0.0
1936  16301.0  0.0
1937  16301.0  0.0
1938  16301.0  0.0
1939  16301.0  0.0
1940  16301.0  0.0
1941  16301.0  0.0
1942  16301.0  0.0
1943  16301.0  0.0
1944  16301.0  0.0
1945  16301.0  0.0
1946  16301.0  0.0
1947  16301.0  0.0
1948  16301.0  0.0
1949  16301.0  0.0
1950  16301.0  0.0
1951  16301.0  0.0
1952  16301.0  0.0
1953  16301.0  0.0
1954  16301.0  0.0
1955  16301.0  0.0
1956  16301.0  0.0
1957  16301.0  0.0
1958  16301.0  0.0
1959  16301.0  0.0
1960  16301.0  0.0
1961  16301.0  0.0
1962  16301.0  0.0
1963  16301.0  0.0
1964  16301.0  0.0
1965  16301.0  0.0
1966  16301.0  0.0
1967  16301.0  0.0
1968  16301.0  0.0
1969  16301.0  0.0
1970  16301.0  0.0
1971  16301.0  0.0
1972  16301.0  0.0
1973  16301.0  0.0
1974  16301.0  0.0
1975  16301.0  0.0
1976  16301.0  0.0
1977  16301.0  0.0
1978  16301.0  0.0
1979  16301.0  0.0
1980  16301.0  0.0
1981  16301.0  0.0
1982  16301.0  0.0
1983  16301.0  0.0
1984  16301.0  0.0
1985  16301.0  0.0
1986  16301.0  0.0
1987  16301.0  0.0
1988  16301.0  0.0
1989  16301.0  0.0
1990  16301.0  0.0
1991  16301.0  0.0
1992  16301.0  0.0
1993  16301.0  0.0
1994  16301.0  0.0
1995  16301.0  0.0
1996  16301.0  0.0
1997  16301.0  0.0
1998  16301.0  0.0
1999  16301.0  0.0
2000  16301.0  0.0
2001  16301.0  0.0
2002  16301.0  0.0
2003  16301.0  0.0
2004  16301.0  0.0
2005  16301.0  0.0
2006  16301.0  0.0
2007  16301.0  0.0
2008  16301.0  0.0
2009  16301.0  0.0
2010  16301.0  0.0
2011  16301.0  0.0
2012  16301.0  0.0
2013  16301.0  0.0
2014  16301.0  0.0
2015  16301.0  0.0
2016  16301.0  0.0
2017  16301.0  0.0
2018  16301.0  0.0
2019  16301.0  0.0
2020  16301.0  0.0
2021  16301.0  0.0
2022  16301.0  0.0
2023  16301.0  0.0
2024  16301.0  0.0
2025  16301.0  0.0
2026  16301.0  0.0
2027  16301.0  0.0
2028  16301.0  0.0
2029  16301.0  0.0
2030  16301.0  0.0
2031  16301.0  0.0
2032  16301.0  0.0
2033  16301.0  0.0
2034  16301.0  0.0
2035  16301.0  0.0
2036  16301.0  0.0
2037  16301.0  0.0
2038  16301.0  0.0
2039  16301.0  0.0
2040  16301.0  0.0
2041  16301.0  0.0
2042  16301.0  0.0
2043  16301.0  0.0
2044  16301.0  0.0
2045  16301.0  0.0
2046  16301.0  0.0
2047  16301.0  0.0
2048  16301.0  0.0
2049  16301.0  0.0
2050  16301.0  0.0
2051  16301.0  0.0
2052  16301.0  0.0
2053  16301.0  0.0
2054  16301.0  0.0
2055  16301.0  0.0
2056  16301.0  0.0
2057  16301.0  0.0
2058  16301.0  0.0
2059  16301.0  0.0
2060  16301.0  0.0
2061  16301.0  0.0
2062  16301.0  0.0
2063  16301.0  0.0
2064  16301.0  0.0
2065  16301.0  0.0
2066  16301.0  0.0
2067  16301.0  0.0
2068  16301.0  0.0
2069  16301.0  0.0
2070  16301.0  0.0
2071  16301.0  0.0
2072  16301.0  0.0
2073  16301.0  0.0
2074  16301.0  0.0
2075  16301.0  0.0
2076  16301.0  0.0
2077  16301.0  0.0
2078  16301.0  0.0
2079  16301.0  0.0
2080  16301.0  0.0
2081  16301.0  0.0
2082  16301.0  0.0
2083  16301.0  0.0
2084  16301.0  0.0
2085  16301.0  0.0
2086  16301.0  0.0
2087  16301.0  0.0
2088  16301.0  0.0
2089  16301.0  0.0
2090  16301.0  0.0
2091  16301.0  0.0
2092  16301.0  0.0
2093  16301.0  0.0
2094  16301.0  0.0
2095  16301.0  0.0
2096  16301.0  0.0
2097  16301.0  0.0
2098  16301.0  0.0
2099  16301.0  0.0
2100  16301.0  0.0
2101  16301.0  0.0
2102  16301.0  0.0
2103  16301.0  0.0
2104  16301.0  0.0
2105  16301.0  0.0
2106  16301.0  0.0
2107  16301.0  0.0
2108  16301.0  0.0
2109  16301.0  0.0
2110  16301.0  0.0
2111  16301.0  0.0
2112  16301.0  0.0
2113  16301.0  0.0
2114  16301.0  0.0
2115  16301.0  0.0
2116  16301.0  0.0
2117  16301.0  0.0
2118  16301.0  0.0
2119  16301.0  0.0
2120  16301.0  0.0
2121  16301.0  0.0
2122  16301.0  0.0
2123  16301.0  0.0
2124  16301.0  0.0
2125  16301.0  0.0
2126  16301.0  0.0
2127  16301.0  0.0
2128  16301.0  0.0
2129  16301.0  0.0
2130  16301.0  0.0
2131  16301.0  0.0
2132  16301.0  0.0
2133  16301.0  0.0
2134  16301.0  0.0
2135  16301.0  0.0
2136  16301.0  0.0
2137  16301.0  0.0
2138  16301.0  0.0
2139  16301.0  0.0
2140  16301.0  0.0
2141  16301.0  0.0
2142  16301.0  0.0
2143  16301.0  0.0
2144  16301.0  0.0
2145  16301.0  0.0
2146  16301.0  0.0
2147  16301.0  0.0
2148  16301.0  0.0
2149  16301.0  0.0
2150  16301.0  0.0
2151  16301.0  0.0
2152  16301.0  0.0
2153  16301.0  0.0
2154  16301.0  0.0
2155  16301.0  0.0
2156  16301.0  0.0
2157  16301.0  0.0
2158  16301.0  0.0
2159  16301.0  0.0
2160  16301.0  0.0
2161  16301.0  0.0
2162  16301.0  0.0
2163  16301.0  0.0
2164  16301.0  0.0
2165  16301.0  0.0
2166  16301.0  0.0
2167  16301.0  0.0
2168  16301.0  0.0
2169  16301.0  0.0
2170  16301.0  0.0
2171  16301.0  0.0
2172  16301.0  0.0
2173  16301.0  0.0
2174  16301.0  0.0
2175  16301.0  0.0
2176  16301.0  0.0
2177  16301.0  0.0
2178  16301.0  0.0
2179  16301.0  0.0
2180  16301.0  0.0
2181  16301.0  0.0
2182  16301.0  0.0
2183  16301.0  0.0
2184  16301.0  0.0
2185  16301.0  0.0
2186  16301.0  0.0
2187  16301.0  0.0
2188  16301.0  0.0
2189  16301.0  0.0
2190  16301.0  0.0
2191  16301.0  0.0
2192  16301.0  0.0
2193  16301.0  0.0
2194  16301.0  0.0
2195  16301.0  0.0
2196  16301.0  0.0
2197  16301.0  0.0
2198  16301.0  0.0
2199  16301.0  0.0
2200  16301.0  0.0
2201  16301.0  0.0
2202  16301.0  0.0
2203  16301.0  0.0
2204  16301.0  0.0
2205  16301.0  0.0
2206  16301.0  0.0
2207  16301.0  0.0
2208  16301.0  0.0
2209  16301.0  0.0
2210  16301.0  0.0
2211  16301.0  0.0
2212  16301.0  0.0
2213  16301.0  0.0
2214  16301.0  0.0
2215  16301.0  0.0
2216  16301.0  0.0
2217  16301.0  0.0
2218  16301.0  0.0
2219  16301.0  0.0
2220  16301.0  0.0
2221  16301.0  0.0
2222  16301.0  0.0
2223  16301.0  0.0
2224  16301.0  0.0
2225  16301.0  0.0
2226  16301.0  0.0
2227  16301.0  0.0
2228  16301.0  0.0
2229  16301.0  0.0
2230  16301.0  0.0
2231  16301.0  0.0
2232  16301.0  0.0
2233  16301.0  0.0
2234  16301.0  0.0
2235  16301.0  0.0
2236  16301.0  0.0
2237  16301.0  0.0
2238  16301.0  0.0
2239  16301.0  0.0
2240  16301.0  0.0
2241  16301.0  0.0
2242  16301.0  0.0
2243  16301.0  0.0
2244  16301.0  0.0
2245  16301.0  0.0
2246  16301.0  0.0
2247  16301.0  0.0
2248  16301.0  0.0
2249  16301.0  0.0
2250  16301.0  0.0
2251  16301.0  0.0
2252  16301.0  0.0
2253  16301.0  0.0
2254  16301.0  0.0
2255  16301.0  0.0
2256  16301.0  0.0
2257  16301.0  0.0
2258  16301.0  0.0
2259  16301.0  0.0
2260  16301.0  0.0
2261  16301.0  0.0
2262  16301.0  0.0
2263  16301.0  0.0
2264  16301.0  0.0
2265  16301.0  0.0
2266  16301.0  0.0
2267  16301.0  0.0
2268  16301.0  0.0
2269  16301.0  0.0
2270  16301.0  0.0
2271  16301.0  0.0
2272  16301.0  0.0
2273  16301.0  0.0
2274  16301.0  0.0
2275  16301.0  0.0
2276  16301.0  0.0
2277  16301.0  0.0
2278  16301.0  0.0
2279  16301.0  0.0
2280  16301.0  0.0
2281  16301.0  0.0
2282  16301.0  0.0
2283  16301.0  0.0
2284  16301.0  0.0
2285  16301.0  0.0
2286  16301.0  0.0
2287  16301.0  0.0
2288  16301.0  0.0
2289  16301.0  0.0
2290  16301.0  0.0
2291  16301.0  0.0
2292  16301.0  0.0
2293  16301.0  0.0
2294  16301.0  0.0
2295  16301.0  0.0
2296  16301.0  0.0
2297  16301.0  0.0
2298  16301.0  0.0
2299  16301.0  0.0
2300  16301.0  0.0
2301  16301.0  0.0
2302  16301.0  0.0
2303  16301.0  0.0
2304  16301.0  0.0
2305  16301.0  0.0
2306  16301.0  0.0
2307  16301.0  0.0
2308  16301.0  0.0
2309  16301.0  0.0
2310  16301.0  0.0
2311  16301.0  0.0
2312  16301.0  0.0
2313  16301.0  0.0
2314  16301.0  0.0
2315  16301.0  0.0
2316  16301.0  0.0
2317  16301.0  0.0
2318  16301.0  0.0
2319  16301.0  0.0
2320  16301.0  0.0
2321  16301.0  0.0
2322  16301.0  0.0
2323  16301.0  0.0
2324  16301.0  0.0
2325  16301.0  0.0
2326  16301.0  0.0
2327  16301.0  0.0
2328  16301.0  0.0
2329  16301.0  0.0
2330  16301.0  0.0
2331  16301.0  0.0
2332  16301.0  0.0
2333  16301.0  0.0
2334  16301.0  0.0
2335  16301.0  0.0
2336  16301.0  0.0
2337  16301.0  0.0
2338  16301.0  0.0
2339  16301.0  0.0
2340  16301.0  0.0
2341  16301.0  0.0
2342  16301.0  0.0
2343  16301.0  0.0
2344  16301.0  0.0
2345  16301.0  0.0
2346  16301.0  0.0
2347  16301.0  0.0
2348  16301.0  0.0
2349  16301.0  0.0
2350  16301.0  0.0
2351  16301.0  0.0
2352  16301.0  0.0
2353  16301.0  0.0
2354  16301.0  0.0
2355  16301.0  0.0
2356  16301.0  0.0
2357  16301.0  0.0
2358  16301.0  0.0
2359  16301.0  0.0
2360  16301.0  0.0
2361  16301.0  0.0
2362  16301.0  0.0
2363  16301.0  0.0
2364  16301.0  0.0
2365  16301.0  0.0
2366  16301.0  0.0
2367  16301.0  0.0
2368  16301.0  0.0
2369  16301.0  0.0
2370  16301.0  0.0
2371  16301.0  0.0
2372  16301.0  0.0
2373  16301.0  0.0
2374  16301.0  0.0
2375  16301.0  0.0
2376  16301.0  0.0
2377  16301.0  0.0
2378  16301.0  0.0
2379  16301.0  0.0
2380  16301.0  0.0
2381  16301.0  0.0
2382  16301.0  0.0
2383  16301.0  0.0
2384  16301.0  0.0
2385  16301.0  0.0
2386  16301.0  0.0
2387  16301.0  0.0
2388  16301.0  0.0
2389  16301.0  0.0
2390  16301.0  0.0
2391  16301.0  0.0
2392  16301.0  0.0
2393  16301.0  0.0
2394  16301.0  0.0
2395  16301.0  0.0
2396  16301.0  0.0
2397  16301.0  0.0
2398  16301.0  0.0
2399  16301.0  0.0
2400  16301.0  0.0
2401  16301.0  0.0
2402  16301.0  0.0
2403  16301.0  0.0
2404  16301.0  0.0
2405  16301.0  0.0
2406  16301.0  0.0
2407  16301.0  0.0
2408  16301.0  0.0
2409  16301.0  0.0
2410  16301.0  0.0
2411  16301.0  0.0
2412  16301.0  0.0
2413  16301.0  0.0
2414  16301.0  0.0
2415  16301.0  0.0
2416  16301.0  0.0
2417  16301.0  0.0
2418  16301.0  0.0
2419  16301.0  0.0
2420  16301.0  0.0
2421  16301.0  0.0
2422  16301.0  0.0
2423  16301.0  0.0
2424  16301.0  0.0
2425  16301.0  0.0
2426  16301.0  0.0
2427  16301.0  0.0
2428  16301.0  0.0
2429  16301.0  0.0
2430  16301.0  0.0
2431  16301.0  0.0
2432  16301.0  0.0
2433  16301.0  0.0
2434  16301.0  0.0
2435  16301.0  0.0
2436  16301.0  0.0
2437  16301.0  0.0
2438  16301.0  0.0
2439  16301.0  0.0
2440  16301.0  0.0
2441  16301.0  0.0
2442  16301.0  0.0
2443  16301.0  0.0
2444  16301.0  0.0
2445  16301.0  0.0
2446  16301.0  0.0
2447  16301.0  0.0
2448  16301.0  0.0
2449  16301.0  0.0
2450  16301.0  0.0
2451  16301.0  0.0
2452  16301.0  0.0
2453  16301.0  0.0
2454  16301.0  0.0
2455  16301.0  0.0
2456  16301.0  0.0
2457  16301.0  0.0
2458  16301.0  0.0
2459  16301.0  0.0
2460  16301.0  0.0
2461  16301.0  0.0
2462  16301.0  0.0
2463  16301.0  0.0
2464  16301.0  0.0
2465  16301.0  0.0
2466  16301.0  0.0
2467  16301.0  0.0
2468  16301.0  0.0
2469  16301.0  0.0
2470  16301.0  0.0
2471  16301.0  0.0
2472  16301.0  0.0
2473  16301.0  0.0
2474  16301.0  0.0
2475  16301.0  0.0
2476  16301.0  0.0
2477  16301.0  0.0
2478  16301.0  0.0
2479  16301.0  0.0
2480  16301.0  0.0
2481  16301.0  0.0
2482  16301.0  0.0
2483  16301.0  0.0
2484  16301.0  0.0
2485  16301.0  0.0
2486  16301.0  0.0
2487  16301.0  0.0
2488  16301.0  0.0
2489  16301.0  0.0
2490  16301.0  0.0
2491  16301.0  0.0
2492  16301.0  0.0
2493  16301.0  0.0
2494  16301.0  0.0
2495  16301.0  0.0
2496  16301.0  0.0
2497  16301.0  0.0
2498  16301.0  0.0
2499  16301.0  0.0
2500  16301.0  0.0
2501  16301.0  0.0
2502  16301.0  0.0
2503  16301.0  0.0
2504  16301.0  0.0
2505  16301.0  0.0
2506  16301.0  0.0
2507  16301.0  0.0
2508  16301.0  0.0
2509  16301.0  0.0
2510  16301.0  0.0
2511  16301.0  0.0
2512  16301.0  0.0
2513  16301.0  0.0
2514  16301.0  0.0
2515  16301.0  0.0
2516  16301.0  0.0
2517  16301.0  0.0
2518  16301.0  0.0
2519  16301.0  0.0
2520  16301.0  0.0
2521  16301.0  0.0
2522  16301.0  0.0
2523  16301.0  0.0
2524  16301.0  0.0
2525  16301.0  0.0
2526  16301.0  0.0
2527  16301.0  0.0
2528  16301.0  0.0
2529  16301.0  0.0
2530  16301.0  0.0
2531  16301.0  0.0
2532  16301.0  0.0
2533  16301.0  0.0
2534  16301.0  0.0
2535  16301.0  0.0
2536  16301.0  0.0
2537  16301.0  0.0
2538  16301.0  0.0
2539  16301.0  0.0
2540  16301.0  0.0
2541  16301.0  0.0
2542  16301.0  0.0
2543  16301.0  0.0
2544  16301.0  0.0
2545  16301.0  0.0
2546  16301.0  0.0
2547  16301.0  0.0
2548  16301.0  0.0
2549  16301.0  0.0
2550  16301.0  0.0
2551  16301.0  0.0
2552  16301.0  0.0
2553  16301.0  0.0
2554  16301.0  0.0
2555  16301.0  0.0
2556  16301.0  0.0
2557  16301.0  0.0
2558  16301.0  0.0
2559  16301.0  0.0
2560  16301.0  0.0
2561  16301.0  0.0
2562  16301.0  0.0
2563  16301.0  0.0
2564  16301.0  0.0
2565  16301.0  0.0
2566  16301.0  0.0
2567  16301.0  0.0
2568  16301.0  0.0
2569  16301.0  0.0
2570  16301.0  0.0
2571  16301.0  0.0
2572  16301.0  0.0
2573  16301.0  0.0
2574  16301.0  0.0
2575  16301.0  0.0
2576  16301.0  0.0
2577  16301.0  0.0
2578  16301.0  0.0
2579  16301.0  0.0
2580  16301.0  0.0
2581  16301.0  0.0
2582  16301.0  0.0
2583  16301.0  0.0
2584  16301.0  0.0
2585  16301.0  0.0
2586  16301.0  0.0
2587  16301.0  0.0
2588  16301.0  0.0
2589  16301.0  0.0
2590  16301.0  0.0
2591  16301.0  0.0
2592  16301.0  0.0
2593  16301.0  0.0
2594  16301.0  0.0
2595  16301.0  0.0
2596  16301.0  0.0
2597  16301.0  0.0
2598  16301.0  0.0
2599  16301.0  0.0
2600  16301.0  0.0
2601  16301.0  0.0
2602  16301.0  0.0
2603  16301.0  0.0
2604  16301.0  0.0
2605  16301.0  0.0
2606  16301.0  0.0
2607  16301.0  0.0
2608  16301.0  0.0
2609  16301.0  0.0
2610  16301.0  0.0
2611  16301.0  0.0
2612  16301.0  0.0
2613  16301.0  0.0
2614  16301.0  0.0
2615  16301.0  0.0
2616  16301.0  0.0
2617  16301.0  0.0
2618  16301.0  0.0
2619  16301.0  0.0
2620  16301.0  0.0
2621  16301.0  0.0
2622  16301.0  0.0
2623  16301.0  0.0
2624  16301.0  0.0
2625  16301.0  0.0
2626  16301.0  0.0
2627  16301.0  0.0
2628  16301.0  0.0
2629  16301.0  0.0
2630  16301.0  0.0
2631  16301.0  0.0
2632  16301.0  0.0
2633  16301.0  0.0
2634  16301.0  0.0
2635  16301.0  0.0
2636  16301.0  0.0
2637  16301.0  0.0
2638  16301.0  0.0
2639  16301.0  0.0
2640  16301.0  0.0
2641  16301.0  0.0
2642  16301.0  0.0
2643  16301.0  0.0
2644  16301.0  0.0
2645  16301.0  0.0
2646  16301.0  0.0
2647  16301.0  0.0
2648  16301.0  0.0
2649  16301.0  0.0
2650  16301.0  0.0
2651  16301.0  0.0
2652  16301.0  0.0
2653  16301.0  0.0
2654  16301.0  0.0
2655  16301.0  0.0
2656  16301.0  0.0
2657  16301.0  0.0
2658  16301.0  0.0
2659  16301.0  0.0
2660  16301.0  0.0
2661  16301.0  0.0
2662  16301.0  0.0
2663  16301.0  0.0
2664  16301.0  0.0
2665  16301.0  0.0
2666  16301.0  0.0
2667  16301.0  0.0
2668  16301.0  0.0
2669  16301.0  0.0
2670  16301.0  0.0
2671  16301.0  0.0
2672  16301.0  0.0
2673  16301.0  0.0
2674  16301.0  0.0
2675  16301.0  0.0
2676  16301.0  0.0
2677  16301.0  0.0
2678  16301.0  0.0
2679  16301.0  0.0
2680  16301.0  0.0
2681  16301.0  0.0
2682  16301.0  0.0
2683  16301.0  0.0
2684  16301.0  0.0
2685  16301.0  0.0
2686  16301.0  0.0
2687  16301.0  0.0
2688  16301.0  0.0
2689  16301.0  0.0
2690  16301.0  0.0
2691  16301.0  0.0
2692  16301.0  0.0
2693  16301.0  0.0
2694  16301.0  0.0
2695  16301.0  0.0
2696  16301.0  0.0
2697  16301.0  0.0
2698  16301.0  0.0
2699  16301.0  0.0
2700  16301.0  0.0
2701  16301.0  0.0
2702  16301.0  0.0
2703  16301.0  0.0
2704  16301.0  0.0
2705  16301.0  0.0
2706  16301.0  0.0
2707  16301.0  0.0
2708  16301.0  0.0
2709  16301.0  0.0
2710  16301.0  0.0
2711  16301.0  0.0
2712  16301.0  0.0
2713  16301.0  0.0
2714  16301.0  0.0
2715  16301.0  0.0
2716  16301.0  0.0
2717  16301.0  0.0
2718  16301.0  0.0
2719  16301.0  0.0
2720  16301.0  0.0
2721  16301.0  0.0
2722  16301.0  0.0
2723  16301.0  0.0
2724  16301.0  0.0
2725  16301.0  0.0
2726  16301.0  0.0
2727  16301.0  0.0
2728  16301.0  0.0
2729  16301.0  0.0
2730  16301.0  0.0
2731  16301.0  0.0
2732  16301.0  0.0
2733  16301.0  0.0
2734  16301.0  0.0
2735  16301.0  0.0
2736  16301.0  0.0
2737  16301.0  0.0
2738  16301.0  0.0
2739  16301.0  0.0
2740  16301.0  0.0
2741  16301.0  0.0
2742  16301.0  0.0
2743  16301.0  0.0
2744  16301.0  0.0
2745  16301.0  0.0
2746  16301.0  0.0
2747  16301.0  0.0
2748  16301.0  0.0
2749  16301.0  0.0
2750  16301.0  0.0
2751  16301.0  0.0
2752  16301.0  0.0
2753  16301.0  0.0
2754  16301.0  0.0
2755  16301.0  0.0
2756  16301.0  0.0
2757  16301.0  0.0
2758  16301.0  0.0
2759  16301.0  0.0
2760  16301.0  0.0
2761  16301.0  0.0
2762  16301.0  0.0
2763  16301.0  0.0
2764  16301.0  0.0
2765  16301.0  0.0
2766  16301.0  0.0
2767  16301.0  0.0
2768  16301.0  0.0
2769  16301.0  0.0
2770  16301.0  0.0
2771  16301.0  0.0
2772  16301.0  0.0
2773  16301.0  0.0
2774  16301.0  0.0
2775  16301.0  0.0
2776  16301.0  0.0
2777  16301.0  0.0
2778  16301.0  0.0
2779  16301.0  0.0
2780  16301.0  0.0
2781  16301.0  0.0
2782  16301.0  0.0
2783  16301.0  0.0
2784  16301.0  0.0
2785  16301.0  0.0
2786  16301.0  0.0
2787  16301.0  0.0
2788  16301.0  0.0
2789  16301.0  0.0
2790  16301.0  0.0
2791  16301.0  0.0
2792  16301.0  0.0
2793  16301.0  0.0
2794  16301.0  0.0
2795  16301.0  0.0
2796  16301.0  0.0
2797  16301.0  0.0
2798  16301.0  0.0
2799  16301.0  0.0
2800  16301.0  0.0
2801  16301.0  0.0
2802  16301.0  0.0
2803  16301.0  0.0
2804  16301.0  0.0
2805  16301.0  0.0
2806  16301.0  0.0
2807  16301.0  0.0
2808  16301.0  0.0
2809  16301.0  0.0
2810  16301.0  0.0
2811  16301.0  0.0
2812  16301.0  0.0
2813  16301.0  0.0
2814  16301.0  0.0
2815  16301.0  0.0
2816  16301.0  0.0
2817  16301.0  0.0
2818  16301.0  0.0
2819  16301.0  0.0
2820  16301.0  0.0
2821  16301.0  0.0
2822  16301.0  0.0
2823  16301.0  0.0
2824  16301.0  0.0
2825  16301.0  0.0
2826  16301.0  0.0
2827  16301.0  0.0
2828  16301.0  0.0
2829  16301.0  0.0
2830  16301.0  0.0
2831  16301.0  0.0
2832  16301.0  0.0
2833  16301.0  0.0
2834  16301.0  0.0
2835  16301.0  0.0
2836  16301.0  0.0
2837  16301.0  0.0
2838  16301.0  0.0
2839  16301.0  0.0
2840  16301.0  0.0
2841  16301.0  0.0
2842  16301.0  0.0
2843  16301.0  0.0
2844  16301.0  0.0
2845  16301.0  0.0
2846  16301.0  0.0
2847  16301.0  0.0
2848  16301.0  0.0
2849  16301.0  0.0
2850  16301.0  0.0
2851  16301.0  0.0
2852  16301.0  0.0
2853  16301.0  0.0
2854  16301.0  0.0
2855  16301.0  0.0
2856  16301.0  0.0
2857  16301.0  0.0
2858  16301.0  0.0
2859  16301.0  0.0
2860  16301.0  0.0
2861  16301.0  0.0
2862  16301.0  0.0
2863  16301.0  0.0
2864  16301.0  0.0
2865  16301.0  0.0
2866  16301.0  0.0
2867  16301.0  0.0
2868  16301.0  0.0
2869  16301.0  0.0
2870  16301.0  0.0
2871  16301.0  0.0
2872  16301.0  0.0
2873  16301.0  0.0
2874  16301.0  0.0
2875  16301.0  0.0
2876  16301.0  0.0
2877  16301.0  0.0
2878  16301.0  0.0
2879  16301.0  0.0
2880  16301.0  0.0
2881  16301.0  0.0
2882  16301.0  0.0
2883  16301.0  0.0
2884  16301.0  0.0
2885  16301.0  0.0
2886  16301.0  0.0
2887  16301.0  0.0
2888  16301.0  0.0
2889  16301.0  0.0
2890  16301.0  0.0
2891  16301.0  0.0
2892  16301.0  0.0
2893  16301.0  0.0
2894  16301.0  0.0
2895  16301.0  0.0
2896  16301.0  0.0
2897  16301.0  0.0
2898  16301.0  0.0
2899  16301.0  0.0
2900  16301.0  0.0
2901  16301.0  0.0
2902  16301.0  0.0
2903  16301.0  0.0
2904  16301.0  0.0
2905  16301.0  0.0
2906  16301.0  0.0
2907  16301.0  0.0
2908  16301.0  0.0
2909  16301.0  0.0
2910  16301.0  0.0
2911  16301.0  0.0
2912  16301.0  0.0
2913  16301.0  0.0
2914  16301.0  0.0
2915  16301.0  0.0
2916  16301.0  0.0
2917  16301.0  0.0
2918  16301.0  0.0
2919  16301.0  0.0
2920  16301.0  0.0
2921  16301.0  0.0
2922  16301.0  0.0
2923  16301.0  0.0
2924  16301.0  0.0
2925  16301.0  0.0
2926  16301.0  0.0
2927  16301.0  0.0
2928  16301.0  0.0
2929  16301.0  0.0
2930  16301.0  0.0
2931  16301.0  0.0
2932  16301.0  0.0
2933  16301.0  0.0
2934  16301.0  0.0
2935  16301.0  0.0
2936  16301.0  0.0
2937  16301.0  0.0
2938  16301.0  0.0
2939  16301.0  0.0
2940  16301.0  0.0
2941  16301.0  0.0
2942  16301.0  0.0
2943  16301.0  0.0
2944  16301.0  0.0
2945  16301.0  0.0
2946  16301.0  0.0
2947  16301.0  0.0
2948  16301.0  0.0
2949  16301.0  0.0
2950  16301.0  0.0
2951  16301.0  0.0
2952  16301.0  0.0
2953  16301.0  0.0
2954  16301.0  0.0
2955  16301.0  0.0
2956  16301.0  0.0
2957  16301.0  0.0
2958  16301.0  0.0
2959  16301.0  0.0
2960  16301.0  0.0
2961  16301.0  0.0
2962  16301.0  0.0
2963  16301.0  0.0
2964  16301.0  0.0
2965  16301.0  0.0
2966  16301.0  0.0
2967  16301.0  0.0
2968  16301.0  0.0
2969  16301.0  0.0
2970  16301.0  0.0
2971  16301.0  0.0
2972  16301.0  0.0
2973  16301.0  0.0
2974  16301.0  0.0
2975  16301.0  0.0
2976  16301.0  0.0
2977  16301.0  0.0
2978  16301.0  0.0
2979  16301.0  0.0
2980  16301.0  0.0
2981  16301.0  0.0
2982  16301.0  0.0
2983  16301.0  0.0
2984  16301.0  0.0
2985  16301.0  0.0
2986  16301.0  0.0
2987  16301.0  0.0
2988  16301.0  0.0
2989  16301.0  0.0
2990  16301.0  0.0
2991  16301.0  0.0
2992  16301.0  0.0
2993  16301.0  0.0
2994  16301.0  0.0
2995  16301.0  0.0
2996  16301.0  0.0
2997  16301.0  0.0
2998  16301.0  0.0
2999  16301.0  0.0
#[0, 4, 4, 4, 5, 6, 6, 6, 7, 7, 7, 8, 9, 9, 9]
#[0, 1, 1, 2, 3, 3, 4, 4, 4, 6, 7, 7, 7, 8, 8]
#[1, 2, 2, 4, 4, 4, 5, 5, 5, 5, 6, 7, 7, 8, 9]
#[0, 0, 1, 1, 2, 3, 3, 3, 5, 5, 6, 6, 6, 7, 9]
#[0, 1, 1, 1, 2, 3, 4, 5, 6, 7, 7, 7, 7, 7, 7]
#[2, 3, 4, 5, 5, 5, 6, 6, 7, 8, 8, 9, 9, 9, 9]
#[0, 0, 0, 1, 2, 2, 3, 5, 5, 6, 6, 6, 7, 8, 9]
#[0, 2, 3, 4, 4, 5, 5, 5, 6, 7, 8, 8, 8, 9, 9]
#[0, 3, 3, 3, 4, 4, 4, 4, 5, 6, 7, 8, 8, 8, 8]
#[1, 3, 5, 5, 6, 6, 7, 8, 8, 8, 8, 9, 9, 9, 9]
#[0, 0, 1, 2, 3, 3, 5, 5, 5, 6, 6, 7, 7, 7, 9]
#[0, 1, 3, 3, 3, 4, 5, 5, 5, 6, 6, 7, 8, 9, 9]
#[0, 1, 1, 4, 4, 5, 6, 6, 7, 7, 7, 8, 8, 9, 9]
#[0, 2, 3, 3, 4, 4, 4, 5, 6, 7, 7, 8, 8, 9, 9]
#[1, 3, 3, 3, 4, 5, 5, 5, 6, 6, 8, 8, 8, 9, 9]
#[0, 2, 2, 3, 4, 5, 5, 5, 6, 6, 7, 7, 8, 9, 9]
#[2, 2, 2, 3, 4, 4, 5, 6, 6, 6, 6, 7, 7, 8, 9]
#[0, 2, 2, 3, 3, 4, 4, 4, 5, 5, 6, 7, 8, 8, 9]
#[0, 1, 2, 2, 3, 4, 5, 6, 7, 8, 8, 8, 8, 9, 9]
#[0, 0, 0, 1, 1, 1, 3, 4, 5, 6, 7, 8, 8, 8, 9]
#[0, 1, 1, 2, 4, 4, 5, 6, 6, 6, 7, 7, 8, 9, 9]
#[1, 2, 2, 3, 3, 3, 4, 4, 5, 6, 7, 7, 9, 9, 9]
#[1, 3, 3, 3, 5, 5, 5, 6, 6, 6, 7, 8, 8, 9, 9]
#[0, 0, 0, 1, 1, 1, 2, 3, 3, 4, 6, 7, 8, 9, 9]
#[0, 0, 1, 2, 4, 5, 6, 6, 6, 6, 7, 7, 8, 9, 9]
#Specialization index= [4, 7, 0.13636363636363635]
