#[1, 1, 7, 0, 9, 7, 6, 8, 0, 9, 5, 2, 8, 1, 9]
#[8, 6, 9, 6, 2, 8, 9, 9, 6, 2, 8, 7, 7, 8, 8]
#[9, 4, 1, 6, 2, 7, 4, 6, 6, 9, 2, 6, 3, 7, 8]
#[5, 7, 2, 1, 1, 1, 9, 3, 9, 3, 4, 1, 7, 7, 4]
#[7, 6, 6, 3, 9, 2, 8, 8, 4, 6, 5, 3, 0, 8, 6]
#[7, 1, 8, 2, 3, 5, 0, 5, 8, 8, 5, 7, 2, 0, 4]
#[9, 4, 7, 3, 5, 3, 1, 2, 9, 8, 9, 0, 2, 3, 6]
#[7, 9, 6, 4, 1, 0, 0, 0, 5, 7, 1, 4, 5, 4, 1]
#[5, 2, 4, 8, 8, 2, 8, 3, 2, 2, 5, 6, 0, 0, 7]
#[3, 5, 3, 1, 3, 8, 0, 2, 0, 6, 3, 3, 2, 3, 0]
#[6, 6, 3, 4, 4, 1, 8, 8, 3, 5, 5, 2, 7, 6, 5]
#[7, 5, 9, 5, 9, 5, 3, 2, 2, 3, 5, 0, 7, 8, 5]
#[9, 4, 5, 5, 3, 4, 7, 6, 1, 0, 2, 9, 9, 3, 7]
#[7, 3, 6, 9, 2, 7, 2, 5, 7, 0, 6, 6, 9, 3, 9]
#[0, 6, 2, 6, 5, 2, 0, 5, 1, 0, 3, 2, 9, 2, 1]
#[8, 3, 8, 2, 5, 5, 7, 2, 3, 5, 9, 8, 2, 0, 7]
#[5, 9, 7, 4, 3, 3, 3, 6, 3, 6, 1, 7, 2, 8, 1]
#[0, 2, 9, 7, 7, 3, 5, 0, 9, 6, 8, 4, 5, 5, 3]
#[1, 6, 2, 0, 8, 8, 9, 2, 2, 6, 7, 7, 7, 9, 3]
#[8, 3, 8, 8, 7, 0, 3, 8, 8, 4, 3, 6, 1, 6, 5]
#[5, 0, 7, 6, 9, 7, 5, 4, 7, 4, 3, 6, 5, 9, 8]
#[2, 1, 4, 7, 6, 5, 8, 5, 7, 4, 6, 6, 9, 5, 0]
#[8, 8, 9, 6, 8, 4, 8, 8, 3, 3, 7, 5, 9, 6, 2]
#[1, 7, 2, 9, 2, 7, 9, 2, 4, 3, 3, 4, 0, 6, 9]
#[8, 8, 9, 3, 7, 6, 1, 7, 5, 3, 6, 5, 6, 3, 7]
0  8444.5  0.161538461538
1  9977.5  0.120512820513
2  9988.5  0.120512820513
3  9990.5  0.120512820513
4  9990.5  0.120512820513
5  9990.5  0.120512820513
6  9990.5  0.120512820513
7  9990.5  0.120512820513
8  9990.5  0.120512820513
9  10075.0  0.107692307692
10  10089.5  0.107692307692
11  10091.5  0.107692307692
12  10091.5  0.107692307692
13  10091.5  0.107692307692
14  10091.5  0.107692307692
15  10091.5  0.107692307692
16  10392.5  0.0846153846154
17  10412.0  0.0846153846154
18  10415.5  0.0846153846154
19  10417.5  0.0846153846154
20  10653.5  0.0666666666667
21  10657.0  0.0666666666667
22  10658.0  0.0666666666667
23  10661.5  0.0666666666667
24  10661.5  0.0666666666667
25  10661.5  0.0666666666667
26  10661.5  0.0666666666667
27  10661.5  0.0666666666667
28  10661.5  0.0666666666667
29  10661.5  0.0666666666667
30  10661.5  0.0666666666667
31  10661.5  0.0666666666667
32  10661.5  0.0666666666667
33  10661.5  0.0666666666667
34  10661.5  0.0666666666667
35  10661.5  0.0666666666667
36  10661.5  0.0666666666667
37  10661.5  0.0666666666667
38  10661.5  0.0666666666667
39  10661.5  0.0666666666667
40  10661.5  0.0666666666667
41  10661.5  0.0666666666667
42  10661.5  0.0666666666667
43  10661.5  0.0666666666667
44  10661.5  0.0666666666667
45  10661.5  0.0666666666667
46  10661.5  0.0666666666667
47  10661.5  0.0666666666667
48  10661.5  0.0666666666667
49  10661.5  0.0666666666667
50  10661.5  0.0666666666667
51  10661.5  0.0666666666667
52  10661.5  0.0666666666667
53  10661.5  0.0666666666667
54  10661.5  0.0666666666667
55  10661.5  0.0666666666667
56  10661.5  0.0666666666667
57  10661.5  0.0666666666667
58  10661.5  0.0666666666667
59  10661.5  0.0666666666667
60  10661.5  0.0666666666667
61  10661.5  0.0666666666667
62  10661.5  0.0666666666667
63  10661.5  0.0666666666667
64  10661.5  0.0666666666667
65  10661.5  0.0666666666667
66  10661.5  0.0666666666667
67  10661.5  0.0666666666667
68  10661.5  0.0666666666667
69  10661.5  0.0666666666667
70  10661.5  0.0666666666667
71  10661.5  0.0666666666667
72  10661.5  0.0666666666667
73  10661.5  0.0666666666667
74  10661.5  0.0666666666667
75  10661.5  0.0666666666667
76  10661.5  0.0666666666667
77  10661.5  0.0666666666667
78  10661.5  0.0666666666667
79  10661.5  0.0666666666667
80  10661.5  0.0666666666667
81  10661.5  0.0666666666667
82  10661.5  0.0666666666667
83  10661.5  0.0666666666667
84  10661.5  0.0666666666667
85  10661.5  0.0666666666667
86  10661.5  0.0666666666667
87  10661.5  0.0666666666667
88  10661.5  0.0666666666667
89  10661.5  0.0666666666667
90  10661.5  0.0666666666667
91  10661.5  0.0666666666667
92  10661.5  0.0666666666667
93  10661.5  0.0666666666667
94  10661.5  0.0666666666667
95  10661.5  0.0666666666667
96  10661.5  0.0666666666667
97  10661.5  0.0666666666667
98  10661.5  0.0666666666667
99  10661.5  0.0666666666667
100  10661.5  0.0666666666667
101  10661.5  0.0666666666667
102  10661.5  0.0666666666667
103  10661.5  0.0666666666667
104  10661.5  0.0666666666667
105  10661.5  0.0666666666667
106  10661.5  0.0666666666667
107  10661.5  0.0666666666667
108  10661.5  0.0666666666667
109  10661.5  0.0666666666667
110  10661.5  0.0666666666667
111  10661.5  0.0666666666667
112  10661.5  0.0666666666667
113  10661.5  0.0666666666667
114  10661.5  0.0666666666667
115  10661.5  0.0666666666667
116  10661.5  0.0666666666667
117  10661.5  0.0666666666667
118  10661.5  0.0666666666667
119  10661.5  0.0666666666667
120  10661.5  0.0666666666667
121  10661.5  0.0666666666667
122  10661.5  0.0666666666667
123  10661.5  0.0666666666667
124  10661.5  0.0666666666667
125  10661.5  0.0666666666667
126  10661.5  0.0666666666667
127  10661.5  0.0666666666667
128  10661.5  0.0666666666667
129  10661.5  0.0666666666667
130  10661.5  0.0666666666667
131  10661.5  0.0666666666667
132  10661.5  0.0666666666667
133  10661.5  0.0666666666667
134  10661.5  0.0666666666667
135  10661.5  0.0666666666667
136  10661.5  0.0666666666667
137  10661.5  0.0666666666667
138  10661.5  0.0666666666667
139  10661.5  0.0666666666667
140  10661.5  0.0666666666667
141  10661.5  0.0666666666667
142  10661.5  0.0666666666667
143  10661.5  0.0666666666667
144  10661.5  0.0666666666667
145  10661.5  0.0666666666667
146  10661.5  0.0666666666667
147  10661.5  0.0666666666667
148  10661.5  0.0666666666667
149  10661.5  0.0666666666667
150  10661.5  0.0666666666667
151  10661.5  0.0666666666667
152  10661.5  0.0666666666667
153  10661.5  0.0666666666667
154  10661.5  0.0666666666667
155  10661.5  0.0666666666667
156  10661.5  0.0666666666667
157  10661.5  0.0666666666667
158  10661.5  0.0666666666667
159  10661.5  0.0666666666667
160  10661.5  0.0666666666667
161  10661.5  0.0666666666667
162  10661.5  0.0666666666667
163  10661.5  0.0666666666667
164  10661.5  0.0666666666667
165  10661.5  0.0666666666667
166  10661.5  0.0666666666667
167  10661.5  0.0666666666667
168  10661.5  0.0666666666667
169  10661.5  0.0666666666667
170  10661.5  0.0666666666667
171  10661.5  0.0666666666667
172  10661.5  0.0666666666667
173  10661.5  0.0666666666667
174  10661.5  0.0666666666667
175  10661.5  0.0666666666667
176  10661.5  0.0666666666667
177  10661.5  0.0666666666667
178  10661.5  0.0666666666667
179  10661.5  0.0666666666667
180  10661.5  0.0666666666667
181  10661.5  0.0666666666667
182  10661.5  0.0666666666667
183  10661.5  0.0666666666667
184  10661.5  0.0666666666667
185  10661.5  0.0666666666667
186  10661.5  0.0666666666667
187  10661.5  0.0666666666667
188  10661.5  0.0666666666667
189  10661.5  0.0666666666667
190  10661.5  0.0666666666667
191  10661.5  0.0666666666667
192  10661.5  0.0666666666667
193  10661.5  0.0666666666667
194  10661.5  0.0666666666667
195  10661.5  0.0666666666667
196  10661.5  0.0666666666667
197  10661.5  0.0666666666667
198  10661.5  0.0666666666667
199  10661.5  0.0666666666667
200  10661.5  0.0666666666667
201  10661.5  0.0666666666667
202  10661.5  0.0666666666667
203  10661.5  0.0666666666667
204  10661.5  0.0666666666667
205  10661.5  0.0666666666667
206  10661.5  0.0666666666667
207  10661.5  0.0666666666667
208  10661.5  0.0666666666667
209  10661.5  0.0666666666667
210  10661.5  0.0666666666667
211  10661.5  0.0666666666667
212  10661.5  0.0666666666667
213  10661.5  0.0666666666667
214  10661.5  0.0666666666667
215  10661.5  0.0666666666667
216  10661.5  0.0666666666667
217  10661.5  0.0666666666667
218  10661.5  0.0666666666667
219  10661.5  0.0666666666667
220  10661.5  0.0666666666667
221  10661.5  0.0666666666667
222  10661.5  0.0666666666667
223  10661.5  0.0666666666667
224  10661.5  0.0666666666667
225  10661.5  0.0666666666667
226  10661.5  0.0666666666667
227  10661.5  0.0666666666667
228  10661.5  0.0666666666667
229  10661.5  0.0666666666667
230  10661.5  0.0666666666667
231  10661.5  0.0666666666667
232  10661.5  0.0666666666667
233  10661.5  0.0666666666667
234  10661.5  0.0666666666667
235  10661.5  0.0666666666667
236  10661.5  0.0666666666667
237  10661.5  0.0666666666667
238  10661.5  0.0666666666667
239  10661.5  0.0666666666667
240  10661.5  0.0666666666667
241  10661.5  0.0666666666667
242  10661.5  0.0666666666667
243  10661.5  0.0666666666667
244  10661.5  0.0666666666667
245  10661.5  0.0666666666667
246  10661.5  0.0666666666667
247  10661.5  0.0666666666667
248  10661.5  0.0666666666667
249  10661.5  0.0666666666667
250  10661.5  0.0666666666667
251  10661.5  0.0666666666667
252  10661.5  0.0666666666667
253  10661.5  0.0666666666667
254  10661.5  0.0666666666667
255  10661.5  0.0666666666667
256  10661.5  0.0666666666667
257  10661.5  0.0666666666667
258  10661.5  0.0666666666667
259  10661.5  0.0666666666667
260  10661.5  0.0666666666667
261  10661.5  0.0666666666667
262  10661.5  0.0666666666667
263  10661.5  0.0666666666667
264  10661.5  0.0666666666667
265  10661.5  0.0666666666667
266  10661.5  0.0666666666667
267  10661.5  0.0666666666667
268  10661.5  0.0666666666667
269  10661.5  0.0666666666667
270  10661.5  0.0666666666667
271  10661.5  0.0666666666667
272  10661.5  0.0666666666667
273  10661.5  0.0666666666667
274  10661.5  0.0666666666667
275  10661.5  0.0666666666667
276  10661.5  0.0666666666667
277  10661.5  0.0666666666667
278  10661.5  0.0666666666667
279  10661.5  0.0666666666667
280  10661.5  0.0666666666667
281  10661.5  0.0666666666667
282  10661.5  0.0666666666667
283  10661.5  0.0666666666667
284  10661.5  0.0666666666667
285  10661.5  0.0666666666667
286  10661.5  0.0666666666667
287  10661.5  0.0666666666667
288  10661.5  0.0666666666667
289  10661.5  0.0666666666667
290  10661.5  0.0666666666667
291  10661.5  0.0666666666667
292  10661.5  0.0666666666667
293  10661.5  0.0666666666667
294  10661.5  0.0666666666667
295  10661.5  0.0666666666667
296  10661.5  0.0666666666667
297  10661.5  0.0666666666667
298  10661.5  0.0666666666667
299  10661.5  0.0666666666667
300  10661.5  0.0666666666667
301  10661.5  0.0666666666667
302  10661.5  0.0666666666667
303  10661.5  0.0666666666667
304  10661.5  0.0666666666667
305  10661.5  0.0666666666667
306  10661.5  0.0666666666667
307  10661.5  0.0666666666667
308  10661.5  0.0666666666667
309  10661.5  0.0666666666667
310  10661.5  0.0666666666667
311  10661.5  0.0666666666667
312  10661.5  0.0666666666667
313  10661.5  0.0666666666667
314  10661.5  0.0666666666667
315  10661.5  0.0666666666667
316  10661.5  0.0666666666667
317  10661.5  0.0666666666667
318  10661.5  0.0666666666667
319  10661.5  0.0666666666667
320  10661.5  0.0666666666667
321  10661.5  0.0666666666667
322  10661.5  0.0666666666667
323  10661.5  0.0666666666667
324  10661.5  0.0666666666667
325  10661.5  0.0666666666667
326  10661.5  0.0666666666667
327  10661.5  0.0666666666667
328  10661.5  0.0666666666667
329  10661.5  0.0666666666667
330  10661.5  0.0666666666667
331  10661.5  0.0666666666667
332  10661.5  0.0666666666667
333  10661.5  0.0666666666667
334  10661.5  0.0666666666667
335  10661.5  0.0666666666667
336  10661.5  0.0666666666667
337  10661.5  0.0666666666667
338  10661.5  0.0666666666667
339  10661.5  0.0666666666667
340  10661.5  0.0666666666667
341  10661.5  0.0666666666667
342  10661.5  0.0666666666667
343  10661.5  0.0666666666667
344  10661.5  0.0666666666667
345  10661.5  0.0666666666667
346  10661.5  0.0666666666667
347  10661.5  0.0666666666667
348  10661.5  0.0666666666667
349  10661.5  0.0666666666667
350  10661.5  0.0666666666667
351  10661.5  0.0666666666667
352  10661.5  0.0666666666667
353  10661.5  0.0666666666667
354  10661.5  0.0666666666667
355  10661.5  0.0666666666667
356  10661.5  0.0666666666667
357  10661.5  0.0666666666667
358  10661.5  0.0666666666667
359  10661.5  0.0666666666667
360  10661.5  0.0666666666667
361  10661.5  0.0666666666667
362  10661.5  0.0666666666667
363  10661.5  0.0666666666667
364  10661.5  0.0666666666667
365  10661.5  0.0666666666667
366  10661.5  0.0666666666667
367  10661.5  0.0666666666667
368  10661.5  0.0666666666667
369  10661.5  0.0666666666667
370  10661.5  0.0666666666667
371  10661.5  0.0666666666667
372  10661.5  0.0666666666667
373  10661.5  0.0666666666667
374  10661.5  0.0666666666667
375  10661.5  0.0666666666667
376  10661.5  0.0666666666667
377  10661.5  0.0666666666667
378  10661.5  0.0666666666667
379  10661.5  0.0666666666667
380  10661.5  0.0666666666667
381  10661.5  0.0666666666667
382  10661.5  0.0666666666667
383  10661.5  0.0666666666667
384  10661.5  0.0666666666667
385  10661.5  0.0666666666667
386  10661.5  0.0666666666667
387  10661.5  0.0666666666667
388  10661.5  0.0666666666667
389  10661.5  0.0666666666667
390  10661.5  0.0666666666667
391  10661.5  0.0666666666667
392  10661.5  0.0666666666667
393  10661.5  0.0666666666667
394  10661.5  0.0666666666667
395  10661.5  0.0666666666667
396  10661.5  0.0666666666667
397  10661.5  0.0666666666667
398  10661.5  0.0666666666667
399  10661.5  0.0666666666667
400  10661.5  0.0666666666667
401  10661.5  0.0666666666667
402  10661.5  0.0666666666667
403  10661.5  0.0666666666667
404  10661.5  0.0666666666667
405  10661.5  0.0666666666667
406  10661.5  0.0666666666667
407  10661.5  0.0666666666667
408  10661.5  0.0666666666667
409  10661.5  0.0666666666667
410  10661.5  0.0666666666667
411  10661.5  0.0666666666667
412  10661.5  0.0666666666667
413  10661.5  0.0666666666667
414  10661.5  0.0666666666667
415  10661.5  0.0666666666667
416  10661.5  0.0666666666667
417  10661.5  0.0666666666667
418  10661.5  0.0666666666667
419  10661.5  0.0666666666667
420  10661.5  0.0666666666667
421  10661.5  0.0666666666667
422  10661.5  0.0666666666667
423  10661.5  0.0666666666667
424  10661.5  0.0666666666667
425  10661.5  0.0666666666667
426  10661.5  0.0666666666667
427  10661.5  0.0666666666667
428  10661.5  0.0666666666667
429  10661.5  0.0666666666667
430  10661.5  0.0666666666667
431  10661.5  0.0666666666667
432  10661.5  0.0666666666667
433  10661.5  0.0666666666667
434  10661.5  0.0666666666667
435  10661.5  0.0666666666667
436  10661.5  0.0666666666667
437  10661.5  0.0666666666667
438  10661.5  0.0666666666667
439  10661.5  0.0666666666667
440  10661.5  0.0666666666667
441  10661.5  0.0666666666667
442  10661.5  0.0666666666667
443  10661.5  0.0666666666667
444  10661.5  0.0666666666667
445  10661.5  0.0666666666667
446  10661.5  0.0666666666667
447  10661.5  0.0666666666667
448  10661.5  0.0666666666667
449  10661.5  0.0666666666667
450  10661.5  0.0666666666667
451  10661.5  0.0666666666667
452  10661.5  0.0666666666667
453  10661.5  0.0666666666667
454  10661.5  0.0666666666667
455  10661.5  0.0666666666667
456  10661.5  0.0666666666667
457  10661.5  0.0666666666667
458  10661.5  0.0666666666667
459  10661.5  0.0666666666667
460  10661.5  0.0666666666667
461  10661.5  0.0666666666667
462  10661.5  0.0666666666667
463  10661.5  0.0666666666667
464  10661.5  0.0666666666667
465  10661.5  0.0666666666667
466  10661.5  0.0666666666667
467  10661.5  0.0666666666667
468  10661.5  0.0666666666667
469  10661.5  0.0666666666667
470  10661.5  0.0666666666667
471  10661.5  0.0666666666667
472  10661.5  0.0666666666667
473  10661.5  0.0666666666667
474  10661.5  0.0666666666667
475  10661.5  0.0666666666667
476  10661.5  0.0666666666667
477  10661.5  0.0666666666667
478  10661.5  0.0666666666667
479  10661.5  0.0666666666667
480  10661.5  0.0666666666667
481  10661.5  0.0666666666667
482  10661.5  0.0666666666667
483  10661.5  0.0666666666667
484  10661.5  0.0666666666667
485  10661.5  0.0666666666667
486  10661.5  0.0666666666667
487  10661.5  0.0666666666667
488  10661.5  0.0666666666667
489  10661.5  0.0666666666667
490  10661.5  0.0666666666667
491  10661.5  0.0666666666667
492  10661.5  0.0666666666667
493  10661.5  0.0666666666667
494  10661.5  0.0666666666667
495  10661.5  0.0666666666667
496  10661.5  0.0666666666667
497  10661.5  0.0666666666667
498  10661.5  0.0666666666667
499  10661.5  0.0666666666667
500  10661.5  0.0666666666667
501  10661.5  0.0666666666667
502  10661.5  0.0666666666667
503  10661.5  0.0666666666667
504  10661.5  0.0666666666667
505  10661.5  0.0666666666667
506  10661.5  0.0666666666667
507  10661.5  0.0666666666667
508  10661.5  0.0666666666667
509  10661.5  0.0666666666667
510  10661.5  0.0666666666667
511  10661.5  0.0666666666667
512  10661.5  0.0666666666667
513  10661.5  0.0666666666667
514  10661.5  0.0666666666667
515  10661.5  0.0666666666667
516  10661.5  0.0666666666667
517  10661.5  0.0666666666667
518  10661.5  0.0666666666667
519  10661.5  0.0666666666667
520  10661.5  0.0666666666667
521  10661.5  0.0666666666667
522  10661.5  0.0666666666667
523  10661.5  0.0666666666667
524  10661.5  0.0666666666667
525  10661.5  0.0666666666667
526  10661.5  0.0666666666667
527  10661.5  0.0666666666667
528  10661.5  0.0666666666667
529  10661.5  0.0666666666667
530  10661.5  0.0666666666667
531  10661.5  0.0666666666667
532  10661.5  0.0666666666667
533  10661.5  0.0666666666667
534  10661.5  0.0666666666667
535  10661.5  0.0666666666667
536  10661.5  0.0666666666667
537  10661.5  0.0666666666667
538  10661.5  0.0666666666667
539  10661.5  0.0666666666667
540  10661.5  0.0666666666667
541  10661.5  0.0666666666667
542  10661.5  0.0666666666667
543  10661.5  0.0666666666667
544  10661.5  0.0666666666667
545  10661.5  0.0666666666667
546  10661.5  0.0666666666667
547  10661.5  0.0666666666667
548  10661.5  0.0666666666667
549  10661.5  0.0666666666667
550  10661.5  0.0666666666667
551  10661.5  0.0666666666667
552  10661.5  0.0666666666667
553  10661.5  0.0666666666667
554  10661.5  0.0666666666667
555  10661.5  0.0666666666667
556  10661.5  0.0666666666667
557  10661.5  0.0666666666667
558  10661.5  0.0666666666667
559  10661.5  0.0666666666667
560  10661.5  0.0666666666667
561  10661.5  0.0666666666667
562  10661.5  0.0666666666667
563  10661.5  0.0666666666667
564  10661.5  0.0666666666667
565  10661.5  0.0666666666667
566  10661.5  0.0666666666667
567  10661.5  0.0666666666667
568  10661.5  0.0666666666667
569  10661.5  0.0666666666667
570  10661.5  0.0666666666667
571  10661.5  0.0666666666667
572  10661.5  0.0666666666667
573  10661.5  0.0666666666667
574  10661.5  0.0666666666667
575  10661.5  0.0666666666667
576  10661.5  0.0666666666667
577  10661.5  0.0666666666667
578  10661.5  0.0666666666667
579  10661.5  0.0666666666667
580  10661.5  0.0666666666667
581  10661.5  0.0666666666667
582  10661.5  0.0666666666667
583  10661.5  0.0666666666667
584  10661.5  0.0666666666667
585  10661.5  0.0666666666667
586  10661.5  0.0666666666667
587  10661.5  0.0666666666667
588  10661.5  0.0666666666667
589  10661.5  0.0666666666667
590  10661.5  0.0666666666667
591  10661.5  0.0666666666667
592  10661.5  0.0666666666667
593  10661.5  0.0666666666667
594  10661.5  0.0666666666667
595  10661.5  0.0666666666667
596  10661.5  0.0666666666667
597  10661.5  0.0666666666667
598  10661.5  0.0666666666667
599  10661.5  0.0666666666667
600  10661.5  0.0666666666667
601  10661.5  0.0666666666667
602  10661.5  0.0666666666667
603  10661.5  0.0666666666667
604  10661.5  0.0666666666667
605  10661.5  0.0666666666667
606  10661.5  0.0666666666667
607  10661.5  0.0666666666667
608  10661.5  0.0666666666667
609  10661.5  0.0666666666667
610  10661.5  0.0666666666667
611  10661.5  0.0666666666667
612  10661.5  0.0666666666667
613  10661.5  0.0666666666667
614  10661.5  0.0666666666667
615  10661.5  0.0666666666667
616  10661.5  0.0666666666667
617  10661.5  0.0666666666667
618  10661.5  0.0666666666667
619  10661.5  0.0666666666667
620  10661.5  0.0666666666667
621  10661.5  0.0666666666667
622  10661.5  0.0666666666667
623  10661.5  0.0666666666667
624  10661.5  0.0666666666667
625  10661.5  0.0666666666667
626  10661.5  0.0666666666667
627  10661.5  0.0666666666667
628  10661.5  0.0666666666667
629  10661.5  0.0666666666667
630  10661.5  0.0666666666667
631  10661.5  0.0666666666667
632  10661.5  0.0666666666667
633  10661.5  0.0666666666667
634  10661.5  0.0666666666667
635  10661.5  0.0666666666667
636  10661.5  0.0666666666667
637  10661.5  0.0666666666667
638  10661.5  0.0666666666667
639  10661.5  0.0666666666667
640  10661.5  0.0666666666667
641  10661.5  0.0666666666667
642  10661.5  0.0666666666667
643  10661.5  0.0666666666667
644  10661.5  0.0666666666667
645  10661.5  0.0666666666667
646  10661.5  0.0666666666667
647  10661.5  0.0666666666667
648  10661.5  0.0666666666667
649  10661.5  0.0666666666667
650  10661.5  0.0666666666667
651  10661.5  0.0666666666667
652  10661.5  0.0666666666667
653  10661.5  0.0666666666667
654  10661.5  0.0666666666667
655  10661.5  0.0666666666667
656  10661.5  0.0666666666667
657  10661.5  0.0666666666667
658  10661.5  0.0666666666667
659  10661.5  0.0666666666667
660  10661.5  0.0666666666667
661  10661.5  0.0666666666667
662  10661.5  0.0666666666667
663  10661.5  0.0666666666667
664  10661.5  0.0666666666667
665  10661.5  0.0666666666667
666  10661.5  0.0666666666667
667  10661.5  0.0666666666667
668  10661.5  0.0666666666667
669  10661.5  0.0666666666667
670  10661.5  0.0666666666667
671  10661.5  0.0666666666667
672  10661.5  0.0666666666667
673  10661.5  0.0666666666667
674  10661.5  0.0666666666667
675  10661.5  0.0666666666667
676  10661.5  0.0666666666667
677  10661.5  0.0666666666667
678  10661.5  0.0666666666667
679  10661.5  0.0666666666667
680  10661.5  0.0666666666667
681  10661.5  0.0666666666667
682  10661.5  0.0666666666667
683  10661.5  0.0666666666667
684  10661.5  0.0666666666667
685  10661.5  0.0666666666667
686  10661.5  0.0666666666667
687  10661.5  0.0666666666667
688  10661.5  0.0666666666667
689  10661.5  0.0666666666667
690  10661.5  0.0666666666667
691  10661.5  0.0666666666667
692  10661.5  0.0666666666667
693  10661.5  0.0666666666667
694  10661.5  0.0666666666667
695  10661.5  0.0666666666667
696  10661.5  0.0666666666667
697  10661.5  0.0666666666667
698  10661.5  0.0666666666667
699  10661.5  0.0666666666667
700  10661.5  0.0666666666667
701  10661.5  0.0666666666667
702  10661.5  0.0666666666667
703  10661.5  0.0666666666667
704  10661.5  0.0666666666667
705  10661.5  0.0666666666667
706  10661.5  0.0666666666667
707  10661.5  0.0666666666667
708  10661.5  0.0666666666667
709  10661.5  0.0666666666667
710  10661.5  0.0666666666667
711  10661.5  0.0666666666667
712  10661.5  0.0666666666667
713  10661.5  0.0666666666667
714  10661.5  0.0666666666667
715  10661.5  0.0666666666667
716  10661.5  0.0666666666667
717  10661.5  0.0666666666667
718  10661.5  0.0666666666667
719  10661.5  0.0666666666667
720  10661.5  0.0666666666667
721  10661.5  0.0666666666667
722  10661.5  0.0666666666667
723  10661.5  0.0666666666667
724  10661.5  0.0666666666667
725  10661.5  0.0666666666667
726  10661.5  0.0666666666667
727  10661.5  0.0666666666667
728  10661.5  0.0666666666667
729  10661.5  0.0666666666667
730  10661.5  0.0666666666667
731  10661.5  0.0666666666667
732  10661.5  0.0666666666667
733  10661.5  0.0666666666667
734  10661.5  0.0666666666667
735  10661.5  0.0666666666667
736  10661.5  0.0666666666667
737  10661.5  0.0666666666667
738  10661.5  0.0666666666667
739  10661.5  0.0666666666667
740  10661.5  0.0666666666667
741  10661.5  0.0666666666667
742  10661.5  0.0666666666667
743  10661.5  0.0666666666667
744  10661.5  0.0666666666667
745  10661.5  0.0666666666667
746  10661.5  0.0666666666667
747  10661.5  0.0666666666667
748  10661.5  0.0666666666667
749  10661.5  0.0666666666667
750  10661.5  0.0666666666667
751  10661.5  0.0666666666667
752  10661.5  0.0666666666667
753  10661.5  0.0666666666667
754  10661.5  0.0666666666667
755  10661.5  0.0666666666667
756  10661.5  0.0666666666667
757  10661.5  0.0666666666667
758  10661.5  0.0666666666667
759  10661.5  0.0666666666667
760  10661.5  0.0666666666667
761  10661.5  0.0666666666667
762  10661.5  0.0666666666667
763  10661.5  0.0666666666667
764  10661.5  0.0666666666667
765  10661.5  0.0666666666667
766  10661.5  0.0666666666667
767  10661.5  0.0666666666667
768  10661.5  0.0666666666667
769  10661.5  0.0666666666667
770  10661.5  0.0666666666667
771  10661.5  0.0666666666667
772  10661.5  0.0666666666667
773  10661.5  0.0666666666667
774  10661.5  0.0666666666667
775  10661.5  0.0666666666667
776  10661.5  0.0666666666667
777  10661.5  0.0666666666667
778  10661.5  0.0666666666667
779  10661.5  0.0666666666667
780  10661.5  0.0666666666667
781  10661.5  0.0666666666667
782  10661.5  0.0666666666667
783  10661.5  0.0666666666667
784  10661.5  0.0666666666667
785  10661.5  0.0666666666667
786  10661.5  0.0666666666667
787  10661.5  0.0666666666667
788  10661.5  0.0666666666667
789  10661.5  0.0666666666667
790  10661.5  0.0666666666667
791  10661.5  0.0666666666667
792  10661.5  0.0666666666667
793  10661.5  0.0666666666667
794  10661.5  0.0666666666667
795  10661.5  0.0666666666667
796  10661.5  0.0666666666667
797  10661.5  0.0666666666667
798  10661.5  0.0666666666667
799  10661.5  0.0666666666667
800  10661.5  0.0666666666667
801  10661.5  0.0666666666667
802  10661.5  0.0666666666667
803  10661.5  0.0666666666667
804  10661.5  0.0666666666667
805  10661.5  0.0666666666667
806  10661.5  0.0666666666667
807  10661.5  0.0666666666667
808  10661.5  0.0666666666667
809  10661.5  0.0666666666667
810  10661.5  0.0666666666667
811  10661.5  0.0666666666667
812  10661.5  0.0666666666667
813  10661.5  0.0666666666667
814  10661.5  0.0666666666667
815  10661.5  0.0666666666667
816  10661.5  0.0666666666667
817  10661.5  0.0666666666667
818  10661.5  0.0666666666667
819  10661.5  0.0666666666667
820  10661.5  0.0666666666667
821  10661.5  0.0666666666667
822  10661.5  0.0666666666667
823  10661.5  0.0666666666667
824  10661.5  0.0666666666667
825  10661.5  0.0666666666667
826  10661.5  0.0666666666667
827  10661.5  0.0666666666667
828  10661.5  0.0666666666667
829  10661.5  0.0666666666667
830  10661.5  0.0666666666667
831  10661.5  0.0666666666667
832  10661.5  0.0666666666667
833  10661.5  0.0666666666667
834  10661.5  0.0666666666667
835  10661.5  0.0666666666667
836  10661.5  0.0666666666667
837  10661.5  0.0666666666667
838  10661.5  0.0666666666667
839  10661.5  0.0666666666667
840  10661.5  0.0666666666667
841  10661.5  0.0666666666667
842  10661.5  0.0666666666667
843  10661.5  0.0666666666667
844  10661.5  0.0666666666667
845  10661.5  0.0666666666667
846  10661.5  0.0666666666667
847  10661.5  0.0666666666667
848  10661.5  0.0666666666667
849  10661.5  0.0666666666667
850  10661.5  0.0666666666667
851  10661.5  0.0666666666667
852  10661.5  0.0666666666667
853  10661.5  0.0666666666667
854  10661.5  0.0666666666667
855  10661.5  0.0666666666667
856  10661.5  0.0666666666667
857  10661.5  0.0666666666667
858  10661.5  0.0666666666667
859  10661.5  0.0666666666667
860  10661.5  0.0666666666667
861  10661.5  0.0666666666667
862  10661.5  0.0666666666667
863  10661.5  0.0666666666667
864  10661.5  0.0666666666667
865  10661.5  0.0666666666667
866  10661.5  0.0666666666667
867  10661.5  0.0666666666667
868  10661.5  0.0666666666667
869  10661.5  0.0666666666667
870  10661.5  0.0666666666667
871  10661.5  0.0666666666667
872  10661.5  0.0666666666667
873  10661.5  0.0666666666667
874  10661.5  0.0666666666667
875  10661.5  0.0666666666667
876  10661.5  0.0666666666667
877  10661.5  0.0666666666667
878  10661.5  0.0666666666667
879  10661.5  0.0666666666667
880  10661.5  0.0666666666667
881  10661.5  0.0666666666667
882  10661.5  0.0666666666667
883  10661.5  0.0666666666667
884  10661.5  0.0666666666667
885  10661.5  0.0666666666667
886  10661.5  0.0666666666667
887  10661.5  0.0666666666667
888  10661.5  0.0666666666667
889  10661.5  0.0666666666667
890  10661.5  0.0666666666667
891  10661.5  0.0666666666667
892  10661.5  0.0666666666667
893  10661.5  0.0666666666667
894  10661.5  0.0666666666667
895  10661.5  0.0666666666667
896  10661.5  0.0666666666667
897  10661.5  0.0666666666667
898  10661.5  0.0666666666667
899  10661.5  0.0666666666667
900  10661.5  0.0666666666667
901  10661.5  0.0666666666667
902  10661.5  0.0666666666667
903  10661.5  0.0666666666667
904  10661.5  0.0666666666667
905  10661.5  0.0666666666667
906  10661.5  0.0666666666667
907  10661.5  0.0666666666667
908  10661.5  0.0666666666667
909  10661.5  0.0666666666667
910  10661.5  0.0666666666667
911  10661.5  0.0666666666667
912  10661.5  0.0666666666667
913  10661.5  0.0666666666667
914  10661.5  0.0666666666667
915  10661.5  0.0666666666667
916  10661.5  0.0666666666667
917  10661.5  0.0666666666667
918  10661.5  0.0666666666667
919  10661.5  0.0666666666667
920  10661.5  0.0666666666667
921  10661.5  0.0666666666667
922  10661.5  0.0666666666667
923  10661.5  0.0666666666667
924  10661.5  0.0666666666667
925  10661.5  0.0666666666667
926  10661.5  0.0666666666667
927  10661.5  0.0666666666667
928  10661.5  0.0666666666667
929  10661.5  0.0666666666667
930  10661.5  0.0666666666667
931  10661.5  0.0666666666667
932  10661.5  0.0666666666667
933  10661.5  0.0666666666667
934  10661.5  0.0666666666667
935  10661.5  0.0666666666667
936  10661.5  0.0666666666667
937  10661.5  0.0666666666667
938  10661.5  0.0666666666667
939  10661.5  0.0666666666667
940  10661.5  0.0666666666667
941  10661.5  0.0666666666667
942  10661.5  0.0666666666667
943  10661.5  0.0666666666667
944  10661.5  0.0666666666667
945  10661.5  0.0666666666667
946  10661.5  0.0666666666667
947  10661.5  0.0666666666667
948  10661.5  0.0666666666667
949  10661.5  0.0666666666667
950  10661.5  0.0666666666667
951  10661.5  0.0666666666667
952  10661.5  0.0666666666667
953  10661.5  0.0666666666667
954  10661.5  0.0666666666667
955  10661.5  0.0666666666667
956  10661.5  0.0666666666667
957  10661.5  0.0666666666667
958  10661.5  0.0666666666667
959  10661.5  0.0666666666667
960  10661.5  0.0666666666667
961  10661.5  0.0666666666667
962  10661.5  0.0666666666667
963  10661.5  0.0666666666667
964  10661.5  0.0666666666667
965  10661.5  0.0666666666667
966  10661.5  0.0666666666667
967  10661.5  0.0666666666667
968  10661.5  0.0666666666667
969  10661.5  0.0666666666667
970  10661.5  0.0666666666667
971  10661.5  0.0666666666667
972  10661.5  0.0666666666667
973  10661.5  0.0666666666667
974  10661.5  0.0666666666667
975  10661.5  0.0666666666667
976  10661.5  0.0666666666667
977  10661.5  0.0666666666667
978  10661.5  0.0666666666667
979  10661.5  0.0666666666667
980  10661.5  0.0666666666667
981  10661.5  0.0666666666667
982  10661.5  0.0666666666667
983  10661.5  0.0666666666667
984  10661.5  0.0666666666667
985  10661.5  0.0666666666667
986  10661.5  0.0666666666667
987  10661.5  0.0666666666667
988  10661.5  0.0666666666667
989  10661.5  0.0666666666667
990  10661.5  0.0666666666667
991  10661.5  0.0666666666667
992  10661.5  0.0666666666667
993  10661.5  0.0666666666667
994  10661.5  0.0666666666667
995  10661.5  0.0666666666667
996  10661.5  0.0666666666667
997  10661.5  0.0666666666667
998  10661.5  0.0666666666667
999  10661.5  0.0666666666667
1000  10661.5  0.0666666666667
1001  10661.5  0.0666666666667
1002  10661.5  0.0666666666667
1003  10661.5  0.0666666666667
1004  10661.5  0.0666666666667
1005  10661.5  0.0666666666667
1006  10661.5  0.0666666666667
1007  10661.5  0.0666666666667
1008  10661.5  0.0666666666667
1009  10661.5  0.0666666666667
1010  10661.5  0.0666666666667
1011  10661.5  0.0666666666667
1012  10661.5  0.0666666666667
1013  10661.5  0.0666666666667
1014  10661.5  0.0666666666667
1015  10661.5  0.0666666666667
1016  10661.5  0.0666666666667
1017  10661.5  0.0666666666667
1018  10661.5  0.0666666666667
1019  10661.5  0.0666666666667
1020  10661.5  0.0666666666667
1021  10661.5  0.0666666666667
1022  10661.5  0.0666666666667
1023  10661.5  0.0666666666667
1024  10661.5  0.0666666666667
1025  10661.5  0.0666666666667
1026  10661.5  0.0666666666667
1027  10661.5  0.0666666666667
1028  10661.5  0.0666666666667
1029  10661.5  0.0666666666667
1030  10661.5  0.0666666666667
1031  10661.5  0.0666666666667
1032  10661.5  0.0666666666667
1033  10661.5  0.0666666666667
1034  10661.5  0.0666666666667
1035  10661.5  0.0666666666667
1036  10661.5  0.0666666666667
1037  10661.5  0.0666666666667
1038  10661.5  0.0666666666667
1039  10661.5  0.0666666666667
1040  10661.5  0.0666666666667
1041  10661.5  0.0666666666667
1042  10661.5  0.0666666666667
1043  10661.5  0.0666666666667
1044  10661.5  0.0666666666667
1045  10661.5  0.0666666666667
1046  10661.5  0.0666666666667
1047  10661.5  0.0666666666667
1048  10661.5  0.0666666666667
1049  10661.5  0.0666666666667
1050  10661.5  0.0666666666667
1051  10661.5  0.0666666666667
1052  10661.5  0.0666666666667
1053  10661.5  0.0666666666667
1054  10661.5  0.0666666666667
1055  10661.5  0.0666666666667
1056  10661.5  0.0666666666667
1057  10661.5  0.0666666666667
1058  10661.5  0.0666666666667
1059  10661.5  0.0666666666667
1060  10661.5  0.0666666666667
1061  10661.5  0.0666666666667
1062  10661.5  0.0666666666667
1063  10661.5  0.0666666666667
1064  10661.5  0.0666666666667
1065  10661.5  0.0666666666667
1066  10661.5  0.0666666666667
1067  10661.5  0.0666666666667
1068  10661.5  0.0666666666667
1069  10661.5  0.0666666666667
1070  10661.5  0.0666666666667
1071  10661.5  0.0666666666667
1072  10661.5  0.0666666666667
1073  10661.5  0.0666666666667
1074  10661.5  0.0666666666667
1075  10661.5  0.0666666666667
1076  10661.5  0.0666666666667
1077  10661.5  0.0666666666667
1078  10661.5  0.0666666666667
1079  10661.5  0.0666666666667
1080  10661.5  0.0666666666667
1081  10661.5  0.0666666666667
1082  10661.5  0.0666666666667
1083  10661.5  0.0666666666667
1084  10661.5  0.0666666666667
1085  10661.5  0.0666666666667
1086  10661.5  0.0666666666667
1087  10661.5  0.0666666666667
1088  10661.5  0.0666666666667
1089  10661.5  0.0666666666667
1090  10661.5  0.0666666666667
1091  10661.5  0.0666666666667
1092  10661.5  0.0666666666667
1093  10661.5  0.0666666666667
1094  10661.5  0.0666666666667
1095  10661.5  0.0666666666667
1096  10661.5  0.0666666666667
1097  10661.5  0.0666666666667
1098  10661.5  0.0666666666667
1099  10661.5  0.0666666666667
1100  10661.5  0.0666666666667
1101  10661.5  0.0666666666667
1102  10661.5  0.0666666666667
1103  10661.5  0.0666666666667
1104  10661.5  0.0666666666667
1105  10661.5  0.0666666666667
1106  10661.5  0.0666666666667
1107  10661.5  0.0666666666667
1108  10661.5  0.0666666666667
1109  10661.5  0.0666666666667
1110  10661.5  0.0666666666667
1111  10661.5  0.0666666666667
1112  10661.5  0.0666666666667
1113  10661.5  0.0666666666667
1114  10661.5  0.0666666666667
1115  10661.5  0.0666666666667
1116  10661.5  0.0666666666667
1117  10661.5  0.0666666666667
1118  10661.5  0.0666666666667
1119  10661.5  0.0666666666667
1120  10661.5  0.0666666666667
1121  10661.5  0.0666666666667
1122  10661.5  0.0666666666667
1123  10661.5  0.0666666666667
1124  10661.5  0.0666666666667
1125  10661.5  0.0666666666667
1126  10661.5  0.0666666666667
1127  10661.5  0.0666666666667
1128  10661.5  0.0666666666667
1129  10661.5  0.0666666666667
1130  10661.5  0.0666666666667
1131  10661.5  0.0666666666667
1132  10661.5  0.0666666666667
1133  10661.5  0.0666666666667
1134  10661.5  0.0666666666667
1135  10661.5  0.0666666666667
1136  10661.5  0.0666666666667
1137  10661.5  0.0666666666667
1138  10661.5  0.0666666666667
1139  10661.5  0.0666666666667
1140  10661.5  0.0666666666667
1141  10661.5  0.0666666666667
1142  10661.5  0.0666666666667
1143  10661.5  0.0666666666667
1144  10661.5  0.0666666666667
1145  10661.5  0.0666666666667
1146  10661.5  0.0666666666667
1147  10661.5  0.0666666666667
1148  10661.5  0.0666666666667
1149  10661.5  0.0666666666667
1150  10661.5  0.0666666666667
1151  10661.5  0.0666666666667
1152  10661.5  0.0666666666667
1153  10661.5  0.0666666666667
1154  10661.5  0.0666666666667
1155  10661.5  0.0666666666667
1156  10661.5  0.0666666666667
1157  10661.5  0.0666666666667
1158  10661.5  0.0666666666667
1159  10661.5  0.0666666666667
1160  10661.5  0.0666666666667
1161  10661.5  0.0666666666667
1162  10661.5  0.0666666666667
1163  10661.5  0.0666666666667
1164  10661.5  0.0666666666667
1165  10661.5  0.0666666666667
1166  10661.5  0.0666666666667
1167  10661.5  0.0666666666667
1168  10661.5  0.0666666666667
1169  10661.5  0.0666666666667
1170  10661.5  0.0666666666667
1171  10661.5  0.0666666666667
1172  10661.5  0.0666666666667
1173  10661.5  0.0666666666667
1174  10661.5  0.0666666666667
1175  10661.5  0.0666666666667
1176  10661.5  0.0666666666667
1177  10661.5  0.0666666666667
1178  10661.5  0.0666666666667
1179  10661.5  0.0666666666667
1180  10661.5  0.0666666666667
1181  10661.5  0.0666666666667
1182  10661.5  0.0666666666667
1183  10661.5  0.0666666666667
1184  10661.5  0.0666666666667
1185  10661.5  0.0666666666667
1186  10661.5  0.0666666666667
1187  10661.5  0.0666666666667
1188  10661.5  0.0666666666667
1189  10661.5  0.0666666666667
1190  10661.5  0.0666666666667
1191  10661.5  0.0666666666667
1192  10661.5  0.0666666666667
1193  10661.5  0.0666666666667
1194  10661.5  0.0666666666667
1195  10661.5  0.0666666666667
1196  10661.5  0.0666666666667
1197  10661.5  0.0666666666667
1198  10661.5  0.0666666666667
1199  10661.5  0.0666666666667
1200  10661.5  0.0666666666667
1201  10661.5  0.0666666666667
1202  10661.5  0.0666666666667
1203  10661.5  0.0666666666667
1204  10661.5  0.0666666666667
1205  10661.5  0.0666666666667
1206  10661.5  0.0666666666667
1207  10661.5  0.0666666666667
1208  10661.5  0.0666666666667
1209  10661.5  0.0666666666667
1210  10661.5  0.0666666666667
1211  10661.5  0.0666666666667
1212  10661.5  0.0666666666667
1213  10661.5  0.0666666666667
1214  10661.5  0.0666666666667
1215  10661.5  0.0666666666667
1216  10661.5  0.0666666666667
1217  10661.5  0.0666666666667
1218  10661.5  0.0666666666667
1219  10661.5  0.0666666666667
1220  10661.5  0.0666666666667
1221  10661.5  0.0666666666667
1222  10661.5  0.0666666666667
1223  10661.5  0.0666666666667
1224  10661.5  0.0666666666667
1225  10661.5  0.0666666666667
1226  10661.5  0.0666666666667
1227  10661.5  0.0666666666667
1228  10661.5  0.0666666666667
1229  10661.5  0.0666666666667
1230  10661.5  0.0666666666667
1231  10661.5  0.0666666666667
1232  10661.5  0.0666666666667
1233  10661.5  0.0666666666667
1234  10661.5  0.0666666666667
1235  10661.5  0.0666666666667
1236  10661.5  0.0666666666667
1237  10661.5  0.0666666666667
1238  10661.5  0.0666666666667
1239  10661.5  0.0666666666667
1240  10661.5  0.0666666666667
1241  10661.5  0.0666666666667
1242  10661.5  0.0666666666667
1243  10661.5  0.0666666666667
1244  10661.5  0.0666666666667
1245  10661.5  0.0666666666667
1246  10661.5  0.0666666666667
1247  10661.5  0.0666666666667
1248  10661.5  0.0666666666667
1249  10661.5  0.0666666666667
1250  10661.5  0.0666666666667
1251  10661.5  0.0666666666667
1252  10661.5  0.0666666666667
1253  10661.5  0.0666666666667
1254  10661.5  0.0666666666667
1255  10661.5  0.0666666666667
1256  10661.5  0.0666666666667
1257  10661.5  0.0666666666667
1258  10661.5  0.0666666666667
1259  10661.5  0.0666666666667
1260  10661.5  0.0666666666667
1261  10661.5  0.0666666666667
1262  10661.5  0.0666666666667
1263  10661.5  0.0666666666667
1264  10661.5  0.0666666666667
1265  10661.5  0.0666666666667
1266  10661.5  0.0666666666667
1267  10661.5  0.0666666666667
1268  10661.5  0.0666666666667
1269  10661.5  0.0666666666667
1270  10661.5  0.0666666666667
1271  10661.5  0.0666666666667
1272  10661.5  0.0666666666667
1273  10661.5  0.0666666666667
1274  10661.5  0.0666666666667
1275  10661.5  0.0666666666667
1276  10661.5  0.0666666666667
1277  10661.5  0.0666666666667
1278  10661.5  0.0666666666667
1279  10661.5  0.0666666666667
1280  10661.5  0.0666666666667
1281  10661.5  0.0666666666667
1282  10661.5  0.0666666666667
1283  10661.5  0.0666666666667
1284  10661.5  0.0666666666667
1285  10661.5  0.0666666666667
1286  10661.5  0.0666666666667
1287  10661.5  0.0666666666667
1288  10661.5  0.0666666666667
1289  10661.5  0.0666666666667
1290  10661.5  0.0666666666667
1291  10661.5  0.0666666666667
1292  10661.5  0.0666666666667
1293  10661.5  0.0666666666667
1294  10661.5  0.0666666666667
1295  10661.5  0.0666666666667
1296  10661.5  0.0666666666667
1297  10661.5  0.0666666666667
1298  10661.5  0.0666666666667
1299  10661.5  0.0666666666667
1300  10661.5  0.0666666666667
1301  10661.5  0.0666666666667
1302  10661.5  0.0666666666667
1303  10661.5  0.0666666666667
1304  10661.5  0.0666666666667
1305  10661.5  0.0666666666667
1306  10661.5  0.0666666666667
1307  10661.5  0.0666666666667
1308  10661.5  0.0666666666667
1309  10661.5  0.0666666666667
1310  10661.5  0.0666666666667
1311  10661.5  0.0666666666667
1312  10661.5  0.0666666666667
1313  10661.5  0.0666666666667
1314  10661.5  0.0666666666667
1315  10661.5  0.0666666666667
1316  10661.5  0.0666666666667
1317  10661.5  0.0666666666667
1318  10661.5  0.0666666666667
1319  10661.5  0.0666666666667
1320  10661.5  0.0666666666667
1321  10661.5  0.0666666666667
1322  10661.5  0.0666666666667
1323  10661.5  0.0666666666667
1324  10661.5  0.0666666666667
1325  10661.5  0.0666666666667
1326  10661.5  0.0666666666667
1327  10661.5  0.0666666666667
1328  10661.5  0.0666666666667
1329  10661.5  0.0666666666667
1330  10661.5  0.0666666666667
1331  10661.5  0.0666666666667
1332  10661.5  0.0666666666667
1333  10661.5  0.0666666666667
1334  10661.5  0.0666666666667
1335  10661.5  0.0666666666667
1336  10661.5  0.0666666666667
1337  10661.5  0.0666666666667
1338  10661.5  0.0666666666667
1339  10661.5  0.0666666666667
1340  10661.5  0.0666666666667
1341  10661.5  0.0666666666667
1342  10661.5  0.0666666666667
1343  10661.5  0.0666666666667
1344  10661.5  0.0666666666667
1345  10661.5  0.0666666666667
1346  10661.5  0.0666666666667
1347  10661.5  0.0666666666667
1348  10661.5  0.0666666666667
1349  10661.5  0.0666666666667
1350  10661.5  0.0666666666667
1351  10661.5  0.0666666666667
1352  10661.5  0.0666666666667
1353  10661.5  0.0666666666667
1354  10661.5  0.0666666666667
1355  10661.5  0.0666666666667
1356  10661.5  0.0666666666667
1357  10661.5  0.0666666666667
1358  10661.5  0.0666666666667
1359  10661.5  0.0666666666667
1360  10661.5  0.0666666666667
1361  10661.5  0.0666666666667
1362  10661.5  0.0666666666667
1363  10661.5  0.0666666666667
1364  10661.5  0.0666666666667
1365  10661.5  0.0666666666667
1366  10661.5  0.0666666666667
1367  10661.5  0.0666666666667
1368  10661.5  0.0666666666667
1369  10661.5  0.0666666666667
1370  10661.5  0.0666666666667
1371  10661.5  0.0666666666667
1372  10661.5  0.0666666666667
1373  10661.5  0.0666666666667
1374  10661.5  0.0666666666667
1375  10661.5  0.0666666666667
1376  10661.5  0.0666666666667
1377  10661.5  0.0666666666667
1378  10661.5  0.0666666666667
1379  10661.5  0.0666666666667
1380  10661.5  0.0666666666667
1381  10661.5  0.0666666666667
1382  10661.5  0.0666666666667
1383  10661.5  0.0666666666667
1384  10661.5  0.0666666666667
1385  10661.5  0.0666666666667
1386  10661.5  0.0666666666667
1387  10661.5  0.0666666666667
1388  10661.5  0.0666666666667
1389  10661.5  0.0666666666667
1390  10661.5  0.0666666666667
1391  10661.5  0.0666666666667
1392  10661.5  0.0666666666667
1393  10661.5  0.0666666666667
1394  10661.5  0.0666666666667
1395  10661.5  0.0666666666667
1396  10661.5  0.0666666666667
1397  10661.5  0.0666666666667
1398  10661.5  0.0666666666667
1399  10661.5  0.0666666666667
1400  10661.5  0.0666666666667
1401  10661.5  0.0666666666667
1402  10661.5  0.0666666666667
1403  10661.5  0.0666666666667
1404  10661.5  0.0666666666667
1405  10661.5  0.0666666666667
1406  10661.5  0.0666666666667
1407  10661.5  0.0666666666667
1408  10661.5  0.0666666666667
1409  10661.5  0.0666666666667
1410  10661.5  0.0666666666667
1411  10661.5  0.0666666666667
1412  10661.5  0.0666666666667
1413  10661.5  0.0666666666667
1414  10661.5  0.0666666666667
1415  10661.5  0.0666666666667
1416  10661.5  0.0666666666667
1417  10661.5  0.0666666666667
1418  10661.5  0.0666666666667
1419  10661.5  0.0666666666667
1420  10661.5  0.0666666666667
1421  10661.5  0.0666666666667
1422  10661.5  0.0666666666667
1423  10661.5  0.0666666666667
1424  10661.5  0.0666666666667
1425  10661.5  0.0666666666667
1426  10661.5  0.0666666666667
1427  10661.5  0.0666666666667
1428  10661.5  0.0666666666667
1429  10661.5  0.0666666666667
1430  10661.5  0.0666666666667
1431  10661.5  0.0666666666667
1432  10661.5  0.0666666666667
1433  10661.5  0.0666666666667
1434  10661.5  0.0666666666667
1435  10661.5  0.0666666666667
1436  10661.5  0.0666666666667
1437  10661.5  0.0666666666667
1438  10661.5  0.0666666666667
1439  10661.5  0.0666666666667
1440  10661.5  0.0666666666667
1441  10661.5  0.0666666666667
1442  10661.5  0.0666666666667
1443  10661.5  0.0666666666667
1444  10661.5  0.0666666666667
1445  10661.5  0.0666666666667
1446  10661.5  0.0666666666667
1447  10661.5  0.0666666666667
1448  10661.5  0.0666666666667
1449  10661.5  0.0666666666667
1450  10661.5  0.0666666666667
1451  10661.5  0.0666666666667
1452  10661.5  0.0666666666667
1453  10661.5  0.0666666666667
1454  10661.5  0.0666666666667
1455  10661.5  0.0666666666667
1456  10661.5  0.0666666666667
1457  10661.5  0.0666666666667
1458  10661.5  0.0666666666667
1459  10661.5  0.0666666666667
1460  10661.5  0.0666666666667
1461  10661.5  0.0666666666667
1462  10661.5  0.0666666666667
1463  10661.5  0.0666666666667
1464  10661.5  0.0666666666667
1465  10661.5  0.0666666666667
1466  10661.5  0.0666666666667
1467  10661.5  0.0666666666667
1468  10661.5  0.0666666666667
1469  10661.5  0.0666666666667
1470  10661.5  0.0666666666667
1471  10661.5  0.0666666666667
1472  10661.5  0.0666666666667
1473  10661.5  0.0666666666667
1474  10661.5  0.0666666666667
1475  10661.5  0.0666666666667
1476  10661.5  0.0666666666667
1477  10661.5  0.0666666666667
1478  10661.5  0.0666666666667
1479  10661.5  0.0666666666667
1480  10661.5  0.0666666666667
1481  10661.5  0.0666666666667
1482  10661.5  0.0666666666667
1483  10661.5  0.0666666666667
1484  10661.5  0.0666666666667
1485  10661.5  0.0666666666667
1486  10661.5  0.0666666666667
1487  10661.5  0.0666666666667
1488  10661.5  0.0666666666667
1489  10661.5  0.0666666666667
1490  10661.5  0.0666666666667
1491  10661.5  0.0666666666667
1492  10661.5  0.0666666666667
1493  10661.5  0.0666666666667
1494  10661.5  0.0666666666667
1495  10661.5  0.0666666666667
1496  10661.5  0.0666666666667
1497  10661.5  0.0666666666667
1498  10661.5  0.0666666666667
1499  10661.5  0.0666666666667
1500  10661.5  0.0666666666667
1501  10661.5  0.0666666666667
1502  10661.5  0.0666666666667
1503  10661.5  0.0666666666667
1504  10661.5  0.0666666666667
1505  10661.5  0.0666666666667
1506  10661.5  0.0666666666667
1507  10661.5  0.0666666666667
1508  10661.5  0.0666666666667
1509  10661.5  0.0666666666667
1510  10661.5  0.0666666666667
1511  10661.5  0.0666666666667
1512  10661.5  0.0666666666667
1513  10661.5  0.0666666666667
1514  10661.5  0.0666666666667
1515  10661.5  0.0666666666667
1516  10661.5  0.0666666666667
1517  10661.5  0.0666666666667
1518  10661.5  0.0666666666667
1519  10661.5  0.0666666666667
1520  10661.5  0.0666666666667
1521  10661.5  0.0666666666667
1522  10661.5  0.0666666666667
1523  10661.5  0.0666666666667
1524  10661.5  0.0666666666667
1525  10661.5  0.0666666666667
1526  10661.5  0.0666666666667
1527  10661.5  0.0666666666667
1528  10661.5  0.0666666666667
1529  10661.5  0.0666666666667
1530  10661.5  0.0666666666667
1531  10661.5  0.0666666666667
1532  10661.5  0.0666666666667
1533  10661.5  0.0666666666667
1534  10661.5  0.0666666666667
1535  10661.5  0.0666666666667
1536  10661.5  0.0666666666667
1537  10661.5  0.0666666666667
1538  10661.5  0.0666666666667
1539  10661.5  0.0666666666667
1540  10661.5  0.0666666666667
1541  10661.5  0.0666666666667
1542  10661.5  0.0666666666667
1543  10661.5  0.0666666666667
1544  10661.5  0.0666666666667
1545  10661.5  0.0666666666667
1546  10661.5  0.0666666666667
1547  10661.5  0.0666666666667
1548  10661.5  0.0666666666667
1549  10661.5  0.0666666666667
1550  10661.5  0.0666666666667
1551  10661.5  0.0666666666667
1552  10661.5  0.0666666666667
1553  10661.5  0.0666666666667
1554  10661.5  0.0666666666667
1555  10661.5  0.0666666666667
1556  10661.5  0.0666666666667
1557  10661.5  0.0666666666667
1558  10661.5  0.0666666666667
1559  10661.5  0.0666666666667
1560  10661.5  0.0666666666667
1561  10661.5  0.0666666666667
1562  10661.5  0.0666666666667
1563  10661.5  0.0666666666667
1564  10661.5  0.0666666666667
1565  10661.5  0.0666666666667
1566  10661.5  0.0666666666667
1567  10661.5  0.0666666666667
1568  10661.5  0.0666666666667
1569  10661.5  0.0666666666667
1570  10661.5  0.0666666666667
1571  10661.5  0.0666666666667
1572  10661.5  0.0666666666667
1573  10661.5  0.0666666666667
1574  10661.5  0.0666666666667
1575  10661.5  0.0666666666667
1576  10661.5  0.0666666666667
1577  10661.5  0.0666666666667
1578  10661.5  0.0666666666667
1579  10661.5  0.0666666666667
1580  10661.5  0.0666666666667
1581  10661.5  0.0666666666667
1582  10661.5  0.0666666666667
1583  10661.5  0.0666666666667
1584  10661.5  0.0666666666667
1585  10661.5  0.0666666666667
1586  10661.5  0.0666666666667
1587  10661.5  0.0666666666667
1588  10661.5  0.0666666666667
1589  10661.5  0.0666666666667
1590  10661.5  0.0666666666667
1591  10661.5  0.0666666666667
1592  10661.5  0.0666666666667
1593  10661.5  0.0666666666667
1594  10661.5  0.0666666666667
1595  10661.5  0.0666666666667
1596  10661.5  0.0666666666667
1597  10661.5  0.0666666666667
1598  10661.5  0.0666666666667
1599  10661.5  0.0666666666667
1600  10661.5  0.0666666666667
1601  10661.5  0.0666666666667
1602  10661.5  0.0666666666667
1603  10661.5  0.0666666666667
1604  10661.5  0.0666666666667
1605  10661.5  0.0666666666667
1606  10661.5  0.0666666666667
1607  10661.5  0.0666666666667
1608  10661.5  0.0666666666667
1609  10661.5  0.0666666666667
1610  10661.5  0.0666666666667
1611  10661.5  0.0666666666667
1612  10661.5  0.0666666666667
1613  10661.5  0.0666666666667
1614  10661.5  0.0666666666667
1615  10661.5  0.0666666666667
1616  10661.5  0.0666666666667
1617  10661.5  0.0666666666667
1618  10661.5  0.0666666666667
1619  10661.5  0.0666666666667
1620  10661.5  0.0666666666667
1621  10661.5  0.0666666666667
1622  10661.5  0.0666666666667
1623  10661.5  0.0666666666667
1624  10661.5  0.0666666666667
1625  10661.5  0.0666666666667
1626  10661.5  0.0666666666667
1627  10661.5  0.0666666666667
1628  10661.5  0.0666666666667
1629  10661.5  0.0666666666667
1630  10661.5  0.0666666666667
1631  10661.5  0.0666666666667
1632  10661.5  0.0666666666667
1633  10661.5  0.0666666666667
1634  10661.5  0.0666666666667
1635  10661.5  0.0666666666667
1636  10661.5  0.0666666666667
1637  10661.5  0.0666666666667
1638  10661.5  0.0666666666667
1639  10661.5  0.0666666666667
1640  10661.5  0.0666666666667
1641  10661.5  0.0666666666667
1642  10661.5  0.0666666666667
1643  10661.5  0.0666666666667
1644  10661.5  0.0666666666667
1645  10661.5  0.0666666666667
1646  10661.5  0.0666666666667
1647  10661.5  0.0666666666667
1648  10661.5  0.0666666666667
1649  10661.5  0.0666666666667
1650  10661.5  0.0666666666667
1651  10661.5  0.0666666666667
1652  10661.5  0.0666666666667
1653  10661.5  0.0666666666667
1654  10661.5  0.0666666666667
1655  10661.5  0.0666666666667
1656  10661.5  0.0666666666667
1657  10661.5  0.0666666666667
1658  10661.5  0.0666666666667
1659  10661.5  0.0666666666667
1660  10661.5  0.0666666666667
1661  10661.5  0.0666666666667
1662  10661.5  0.0666666666667
1663  10661.5  0.0666666666667
1664  10661.5  0.0666666666667
1665  10661.5  0.0666666666667
1666  10661.5  0.0666666666667
1667  10661.5  0.0666666666667
1668  10661.5  0.0666666666667
1669  10661.5  0.0666666666667
1670  10661.5  0.0666666666667
1671  10661.5  0.0666666666667
1672  10661.5  0.0666666666667
1673  10661.5  0.0666666666667
1674  10661.5  0.0666666666667
1675  10661.5  0.0666666666667
1676  10661.5  0.0666666666667
1677  10661.5  0.0666666666667
1678  10661.5  0.0666666666667
1679  10661.5  0.0666666666667
1680  10661.5  0.0666666666667
1681  10661.5  0.0666666666667
1682  10661.5  0.0666666666667
1683  10661.5  0.0666666666667
1684  10661.5  0.0666666666667
1685  10661.5  0.0666666666667
1686  10661.5  0.0666666666667
1687  10661.5  0.0666666666667
1688  10661.5  0.0666666666667
1689  10661.5  0.0666666666667
1690  10661.5  0.0666666666667
1691  10661.5  0.0666666666667
1692  10661.5  0.0666666666667
1693  10661.5  0.0666666666667
1694  10661.5  0.0666666666667
1695  10661.5  0.0666666666667
1696  10661.5  0.0666666666667
1697  10661.5  0.0666666666667
1698  10661.5  0.0666666666667
1699  10661.5  0.0666666666667
1700  10661.5  0.0666666666667
1701  10661.5  0.0666666666667
1702  10661.5  0.0666666666667
1703  10661.5  0.0666666666667
1704  10661.5  0.0666666666667
1705  10661.5  0.0666666666667
1706  10661.5  0.0666666666667
1707  10661.5  0.0666666666667
1708  10661.5  0.0666666666667
1709  10661.5  0.0666666666667
1710  10661.5  0.0666666666667
1711  10661.5  0.0666666666667
1712  10661.5  0.0666666666667
1713  10661.5  0.0666666666667
1714  10661.5  0.0666666666667
1715  10661.5  0.0666666666667
1716  10661.5  0.0666666666667
1717  10661.5  0.0666666666667
1718  10661.5  0.0666666666667
1719  10661.5  0.0666666666667
1720  10661.5  0.0666666666667
1721  10661.5  0.0666666666667
1722  10661.5  0.0666666666667
1723  10661.5  0.0666666666667
1724  10661.5  0.0666666666667
1725  10661.5  0.0666666666667
1726  10661.5  0.0666666666667
1727  10661.5  0.0666666666667
1728  10661.5  0.0666666666667
1729  10661.5  0.0666666666667
1730  10661.5  0.0666666666667
1731  10661.5  0.0666666666667
1732  10661.5  0.0666666666667
1733  10661.5  0.0666666666667
1734  10661.5  0.0666666666667
1735  10661.5  0.0666666666667
1736  10661.5  0.0666666666667
1737  10661.5  0.0666666666667
1738  10661.5  0.0666666666667
1739  10661.5  0.0666666666667
1740  10661.5  0.0666666666667
1741  10661.5  0.0666666666667
1742  10661.5  0.0666666666667
1743  10661.5  0.0666666666667
1744  10661.5  0.0666666666667
1745  10661.5  0.0666666666667
1746  10661.5  0.0666666666667
1747  10661.5  0.0666666666667
1748  10661.5  0.0666666666667
1749  10661.5  0.0666666666667
1750  10661.5  0.0666666666667
1751  10661.5  0.0666666666667
1752  10661.5  0.0666666666667
1753  10661.5  0.0666666666667
1754  10661.5  0.0666666666667
1755  10661.5  0.0666666666667
1756  10661.5  0.0666666666667
1757  10661.5  0.0666666666667
1758  10661.5  0.0666666666667
1759  10661.5  0.0666666666667
1760  10661.5  0.0666666666667
1761  10661.5  0.0666666666667
1762  10661.5  0.0666666666667
1763  10661.5  0.0666666666667
1764  10661.5  0.0666666666667
1765  10661.5  0.0666666666667
1766  10661.5  0.0666666666667
1767  10661.5  0.0666666666667
1768  10661.5  0.0666666666667
1769  10661.5  0.0666666666667
1770  10661.5  0.0666666666667
1771  10661.5  0.0666666666667
1772  10661.5  0.0666666666667
1773  10661.5  0.0666666666667
1774  10661.5  0.0666666666667
1775  10661.5  0.0666666666667
1776  10661.5  0.0666666666667
1777  10661.5  0.0666666666667
1778  10661.5  0.0666666666667
1779  10661.5  0.0666666666667
1780  10661.5  0.0666666666667
1781  10661.5  0.0666666666667
1782  10661.5  0.0666666666667
1783  10661.5  0.0666666666667
1784  10661.5  0.0666666666667
1785  10661.5  0.0666666666667
1786  10661.5  0.0666666666667
1787  10661.5  0.0666666666667
1788  10661.5  0.0666666666667
1789  10661.5  0.0666666666667
1790  10661.5  0.0666666666667
1791  10661.5  0.0666666666667
1792  10661.5  0.0666666666667
1793  10661.5  0.0666666666667
1794  10661.5  0.0666666666667
1795  10661.5  0.0666666666667
1796  10661.5  0.0666666666667
1797  10661.5  0.0666666666667
1798  10661.5  0.0666666666667
1799  10661.5  0.0666666666667
1800  10661.5  0.0666666666667
1801  10661.5  0.0666666666667
1802  10661.5  0.0666666666667
1803  10661.5  0.0666666666667
1804  10661.5  0.0666666666667
1805  10661.5  0.0666666666667
1806  10661.5  0.0666666666667
1807  10661.5  0.0666666666667
1808  10661.5  0.0666666666667
1809  10661.5  0.0666666666667
1810  10661.5  0.0666666666667
1811  10661.5  0.0666666666667
1812  10661.5  0.0666666666667
1813  10661.5  0.0666666666667
1814  10661.5  0.0666666666667
1815  10661.5  0.0666666666667
1816  10661.5  0.0666666666667
1817  10661.5  0.0666666666667
1818  10661.5  0.0666666666667
1819  10661.5  0.0666666666667
1820  10661.5  0.0666666666667
1821  10661.5  0.0666666666667
1822  10661.5  0.0666666666667
1823  10661.5  0.0666666666667
1824  10661.5  0.0666666666667
1825  10661.5  0.0666666666667
1826  10661.5  0.0666666666667
1827  10661.5  0.0666666666667
1828  10661.5  0.0666666666667
1829  10661.5  0.0666666666667
1830  10661.5  0.0666666666667
1831  10661.5  0.0666666666667
1832  10661.5  0.0666666666667
1833  10661.5  0.0666666666667
1834  10661.5  0.0666666666667
1835  10661.5  0.0666666666667
1836  10661.5  0.0666666666667
1837  10661.5  0.0666666666667
1838  10661.5  0.0666666666667
1839  10661.5  0.0666666666667
1840  10661.5  0.0666666666667
1841  10661.5  0.0666666666667
1842  10661.5  0.0666666666667
1843  10661.5  0.0666666666667
1844  10661.5  0.0666666666667
1845  10661.5  0.0666666666667
1846  10661.5  0.0666666666667
1847  10661.5  0.0666666666667
1848  10661.5  0.0666666666667
1849  10661.5  0.0666666666667
1850  10661.5  0.0666666666667
1851  10661.5  0.0666666666667
1852  10661.5  0.0666666666667
1853  10661.5  0.0666666666667
1854  10661.5  0.0666666666667
1855  10661.5  0.0666666666667
1856  10661.5  0.0666666666667
1857  10661.5  0.0666666666667
1858  10661.5  0.0666666666667
1859  10661.5  0.0666666666667
1860  10661.5  0.0666666666667
1861  10661.5  0.0666666666667
1862  10661.5  0.0666666666667
1863  10661.5  0.0666666666667
1864  10661.5  0.0666666666667
1865  10661.5  0.0666666666667
1866  10661.5  0.0666666666667
1867  10661.5  0.0666666666667
1868  10661.5  0.0666666666667
1869  10661.5  0.0666666666667
1870  10661.5  0.0666666666667
1871  10661.5  0.0666666666667
1872  10661.5  0.0666666666667
1873  10661.5  0.0666666666667
1874  10661.5  0.0666666666667
1875  10661.5  0.0666666666667
1876  10661.5  0.0666666666667
1877  10661.5  0.0666666666667
1878  10661.5  0.0666666666667
1879  10661.5  0.0666666666667
1880  10661.5  0.0666666666667
1881  10661.5  0.0666666666667
1882  10661.5  0.0666666666667
1883  10661.5  0.0666666666667
1884  10661.5  0.0666666666667
1885  10661.5  0.0666666666667
1886  10661.5  0.0666666666667
1887  10661.5  0.0666666666667
1888  10661.5  0.0666666666667
1889  10661.5  0.0666666666667
1890  10661.5  0.0666666666667
1891  10661.5  0.0666666666667
1892  10661.5  0.0666666666667
1893  10661.5  0.0666666666667
1894  10661.5  0.0666666666667
1895  10661.5  0.0666666666667
1896  10661.5  0.0666666666667
1897  10661.5  0.0666666666667
1898  10661.5  0.0666666666667
1899  10661.5  0.0666666666667
1900  10661.5  0.0666666666667
1901  10661.5  0.0666666666667
1902  10661.5  0.0666666666667
1903  10661.5  0.0666666666667
1904  10661.5  0.0666666666667
1905  10661.5  0.0666666666667
1906  10661.5  0.0666666666667
1907  10661.5  0.0666666666667
1908  10661.5  0.0666666666667
1909  10661.5  0.0666666666667
1910  10661.5  0.0666666666667
1911  10661.5  0.0666666666667
1912  10661.5  0.0666666666667
1913  10661.5  0.0666666666667
1914  10661.5  0.0666666666667
1915  10661.5  0.0666666666667
1916  10661.5  0.0666666666667
1917  10661.5  0.0666666666667
1918  10661.5  0.0666666666667
1919  10661.5  0.0666666666667
1920  10661.5  0.0666666666667
1921  10661.5  0.0666666666667
1922  10661.5  0.0666666666667
1923  10661.5  0.0666666666667
1924  10661.5  0.0666666666667
1925  10661.5  0.0666666666667
1926  10661.5  0.0666666666667
1927  10661.5  0.0666666666667
1928  10661.5  0.0666666666667
1929  10661.5  0.0666666666667
1930  10661.5  0.0666666666667
1931  10661.5  0.0666666666667
1932  10661.5  0.0666666666667
1933  10661.5  0.0666666666667
1934  10661.5  0.0666666666667
1935  10661.5  0.0666666666667
1936  10661.5  0.0666666666667
1937  10661.5  0.0666666666667
1938  10661.5  0.0666666666667
1939  10661.5  0.0666666666667
1940  10661.5  0.0666666666667
1941  10661.5  0.0666666666667
1942  10661.5  0.0666666666667
1943  10661.5  0.0666666666667
1944  10661.5  0.0666666666667
1945  10661.5  0.0666666666667
1946  10661.5  0.0666666666667
1947  10661.5  0.0666666666667
1948  10661.5  0.0666666666667
1949  10661.5  0.0666666666667
1950  10661.5  0.0666666666667
1951  10661.5  0.0666666666667
1952  10661.5  0.0666666666667
1953  10661.5  0.0666666666667
1954  10661.5  0.0666666666667
1955  10661.5  0.0666666666667
1956  10661.5  0.0666666666667
1957  10661.5  0.0666666666667
1958  10661.5  0.0666666666667
1959  10661.5  0.0666666666667
1960  10661.5  0.0666666666667
1961  10661.5  0.0666666666667
1962  10661.5  0.0666666666667
1963  10661.5  0.0666666666667
1964  10661.5  0.0666666666667
1965  10661.5  0.0666666666667
1966  10661.5  0.0666666666667
1967  10661.5  0.0666666666667
1968  10661.5  0.0666666666667
1969  10661.5  0.0666666666667
1970  10661.5  0.0666666666667
1971  10661.5  0.0666666666667
1972  10661.5  0.0666666666667
1973  10661.5  0.0666666666667
1974  10661.5  0.0666666666667
1975  10661.5  0.0666666666667
1976  10661.5  0.0666666666667
1977  10661.5  0.0666666666667
1978  10661.5  0.0666666666667
1979  10661.5  0.0666666666667
1980  10661.5  0.0666666666667
1981  10661.5  0.0666666666667
1982  10661.5  0.0666666666667
1983  10661.5  0.0666666666667
1984  10661.5  0.0666666666667
1985  10661.5  0.0666666666667
1986  10661.5  0.0666666666667
1987  10661.5  0.0666666666667
1988  10661.5  0.0666666666667
1989  10661.5  0.0666666666667
1990  10661.5  0.0666666666667
1991  10661.5  0.0666666666667
1992  10661.5  0.0666666666667
1993  10661.5  0.0666666666667
1994  10661.5  0.0666666666667
1995  10661.5  0.0666666666667
1996  10661.5  0.0666666666667
1997  10661.5  0.0666666666667
1998  10661.5  0.0666666666667
1999  10661.5  0.0666666666667
2000  10661.5  0.0666666666667
2001  10661.5  0.0666666666667
2002  10661.5  0.0666666666667
2003  10661.5  0.0666666666667
2004  10661.5  0.0666666666667
2005  10661.5  0.0666666666667
2006  10661.5  0.0666666666667
2007  10661.5  0.0666666666667
2008  10661.5  0.0666666666667
2009  10661.5  0.0666666666667
2010  10661.5  0.0666666666667
2011  10661.5  0.0666666666667
2012  10661.5  0.0666666666667
2013  10661.5  0.0666666666667
2014  10661.5  0.0666666666667
2015  10661.5  0.0666666666667
2016  10661.5  0.0666666666667
2017  10661.5  0.0666666666667
2018  10661.5  0.0666666666667
2019  10661.5  0.0666666666667
2020  10661.5  0.0666666666667
2021  10661.5  0.0666666666667
2022  10661.5  0.0666666666667
2023  10661.5  0.0666666666667
2024  10661.5  0.0666666666667
2025  10661.5  0.0666666666667
2026  10661.5  0.0666666666667
2027  10661.5  0.0666666666667
2028  10661.5  0.0666666666667
2029  10661.5  0.0666666666667
2030  10661.5  0.0666666666667
2031  10661.5  0.0666666666667
2032  10661.5  0.0666666666667
2033  10661.5  0.0666666666667
2034  10661.5  0.0666666666667
2035  10661.5  0.0666666666667
2036  10661.5  0.0666666666667
2037  10661.5  0.0666666666667
2038  10661.5  0.0666666666667
2039  10661.5  0.0666666666667
2040  10661.5  0.0666666666667
2041  10661.5  0.0666666666667
2042  10661.5  0.0666666666667
2043  10661.5  0.0666666666667
2044  10661.5  0.0666666666667
2045  10661.5  0.0666666666667
2046  10661.5  0.0666666666667
2047  10661.5  0.0666666666667
2048  10661.5  0.0666666666667
2049  10661.5  0.0666666666667
2050  10661.5  0.0666666666667
2051  10661.5  0.0666666666667
2052  10661.5  0.0666666666667
2053  10661.5  0.0666666666667
2054  10661.5  0.0666666666667
2055  10661.5  0.0666666666667
2056  10661.5  0.0666666666667
2057  10661.5  0.0666666666667
2058  10661.5  0.0666666666667
2059  10661.5  0.0666666666667
2060  10661.5  0.0666666666667
2061  10661.5  0.0666666666667
2062  10661.5  0.0666666666667
2063  10661.5  0.0666666666667
2064  10661.5  0.0666666666667
2065  10661.5  0.0666666666667
2066  10661.5  0.0666666666667
2067  10661.5  0.0666666666667
2068  10661.5  0.0666666666667
2069  10661.5  0.0666666666667
2070  10661.5  0.0666666666667
2071  10661.5  0.0666666666667
2072  10661.5  0.0666666666667
2073  10661.5  0.0666666666667
2074  10661.5  0.0666666666667
2075  10661.5  0.0666666666667
2076  10661.5  0.0666666666667
2077  10661.5  0.0666666666667
2078  10661.5  0.0666666666667
2079  10661.5  0.0666666666667
2080  10661.5  0.0666666666667
2081  10661.5  0.0666666666667
2082  10661.5  0.0666666666667
2083  10661.5  0.0666666666667
2084  10661.5  0.0666666666667
2085  10661.5  0.0666666666667
2086  10661.5  0.0666666666667
2087  10661.5  0.0666666666667
2088  10661.5  0.0666666666667
2089  10661.5  0.0666666666667
2090  10661.5  0.0666666666667
2091  10661.5  0.0666666666667
2092  10661.5  0.0666666666667
2093  10661.5  0.0666666666667
2094  10661.5  0.0666666666667
2095  10661.5  0.0666666666667
2096  10661.5  0.0666666666667
2097  10661.5  0.0666666666667
2098  10661.5  0.0666666666667
2099  10661.5  0.0666666666667
2100  10661.5  0.0666666666667
2101  10661.5  0.0666666666667
2102  10661.5  0.0666666666667
2103  10661.5  0.0666666666667
2104  10661.5  0.0666666666667
2105  10661.5  0.0666666666667
2106  10661.5  0.0666666666667
2107  10661.5  0.0666666666667
2108  10661.5  0.0666666666667
2109  10661.5  0.0666666666667
2110  10661.5  0.0666666666667
2111  10661.5  0.0666666666667
2112  10661.5  0.0666666666667
2113  10661.5  0.0666666666667
2114  10661.5  0.0666666666667
2115  10661.5  0.0666666666667
2116  10661.5  0.0666666666667
2117  10661.5  0.0666666666667
2118  10661.5  0.0666666666667
2119  10661.5  0.0666666666667
2120  10661.5  0.0666666666667
2121  10661.5  0.0666666666667
2122  10661.5  0.0666666666667
2123  10661.5  0.0666666666667
2124  10725.0  0.0769230769231
2125  10738.5  0.0769230769231
2126  10739.5  0.0769230769231
2127  10739.5  0.0769230769231
2128  10739.5  0.0769230769231
2129  10739.5  0.0769230769231
2130  10739.5  0.0769230769231
2131  10739.5  0.0769230769231
2132  10739.5  0.0769230769231
2133  10739.5  0.0769230769231
2134  10739.5  0.0769230769231
2135  10739.5  0.0769230769231
2136  10739.5  0.0769230769231
2137  10739.5  0.0769230769231
2138  10739.5  0.0769230769231
2139  10739.5  0.0769230769231
2140  10739.5  0.0769230769231
2141  10739.5  0.0769230769231
2142  10739.5  0.0769230769231
2143  10739.5  0.0769230769231
2144  10739.5  0.0769230769231
2145  10739.5  0.0769230769231
2146  10739.5  0.0769230769231
2147  10739.5  0.0769230769231
2148  10739.5  0.0769230769231
2149  10739.5  0.0769230769231
2150  10739.5  0.0769230769231
2151  10739.5  0.0769230769231
2152  10739.5  0.0769230769231
2153  10739.5  0.0769230769231
2154  10739.5  0.0769230769231
2155  10739.5  0.0769230769231
2156  10739.5  0.0769230769231
2157  10739.5  0.0769230769231
2158  10739.5  0.0769230769231
2159  10739.5  0.0769230769231
2160  10739.5  0.0769230769231
2161  10739.5  0.0769230769231
2162  10739.5  0.0769230769231
2163  10739.5  0.0769230769231
2164  10739.5  0.0769230769231
2165  10739.5  0.0769230769231
2166  10739.5  0.0769230769231
2167  10739.5  0.0769230769231
2168  10739.5  0.0769230769231
2169  10739.5  0.0769230769231
2170  10739.5  0.0769230769231
2171  10739.5  0.0769230769231
2172  10739.5  0.0769230769231
2173  10739.5  0.0769230769231
2174  10739.5  0.0769230769231
2175  10739.5  0.0769230769231
2176  10739.5  0.0769230769231
2177  10739.5  0.0769230769231
2178  10739.5  0.0769230769231
2179  10739.5  0.0769230769231
2180  10739.5  0.0769230769231
2181  10739.5  0.0769230769231
2182  10739.5  0.0769230769231
2183  10739.5  0.0769230769231
2184  10739.5  0.0769230769231
2185  10739.5  0.0769230769231
2186  10739.5  0.0769230769231
2187  10739.5  0.0769230769231
2188  10739.5  0.0769230769231
2189  10739.5  0.0769230769231
2190  10739.5  0.0769230769231
2191  10739.5  0.0769230769231
2192  10739.5  0.0769230769231
2193  10739.5  0.0769230769231
2194  10739.5  0.0769230769231
2195  10739.5  0.0769230769231
2196  10739.5  0.0769230769231
2197  10739.5  0.0769230769231
2198  10739.5  0.0769230769231
2199  10739.5  0.0769230769231
2200  10739.5  0.0769230769231
2201  10739.5  0.0769230769231
2202  10739.5  0.0769230769231
2203  10739.5  0.0769230769231
2204  10739.5  0.0769230769231
2205  10739.5  0.0769230769231
2206  10739.5  0.0769230769231
2207  10739.5  0.0769230769231
2208  10739.5  0.0769230769231
2209  10739.5  0.0769230769231
2210  10739.5  0.0769230769231
2211  10739.5  0.0769230769231
2212  10739.5  0.0769230769231
2213  10739.5  0.0769230769231
2214  10739.5  0.0769230769231
2215  10739.5  0.0769230769231
2216  10739.5  0.0769230769231
2217  10739.5  0.0769230769231
2218  10739.5  0.0769230769231
2219  10739.5  0.0769230769231
2220  10739.5  0.0769230769231
2221  10739.5  0.0769230769231
2222  10739.5  0.0769230769231
2223  10739.5  0.0769230769231
2224  10739.5  0.0769230769231
2225  10739.5  0.0769230769231
2226  10739.5  0.0769230769231
2227  10739.5  0.0769230769231
2228  10739.5  0.0769230769231
2229  10739.5  0.0769230769231
2230  10739.5  0.0769230769231
2231  10739.5  0.0769230769231
2232  10739.5  0.0769230769231
2233  10739.5  0.0769230769231
2234  10739.5  0.0769230769231
2235  10739.5  0.0769230769231
2236  10739.5  0.0769230769231
2237  10739.5  0.0769230769231
2238  10739.5  0.0769230769231
2239  10739.5  0.0769230769231
2240  10739.5  0.0769230769231
2241  10739.5  0.0769230769231
2242  10739.5  0.0769230769231
2243  10739.5  0.0769230769231
2244  10739.5  0.0769230769231
2245  10739.5  0.0769230769231
2246  10739.5  0.0769230769231
2247  10739.5  0.0769230769231
2248  10739.5  0.0769230769231
2249  10739.5  0.0769230769231
2250  10739.5  0.0769230769231
2251  10739.5  0.0769230769231
2252  10739.5  0.0769230769231
2253  10739.5  0.0769230769231
2254  10739.5  0.0769230769231
2255  10739.5  0.0769230769231
2256  10739.5  0.0769230769231
2257  10739.5  0.0769230769231
2258  10739.5  0.0769230769231
2259  10739.5  0.0769230769231
2260  10739.5  0.0769230769231
2261  10739.5  0.0769230769231
2262  10739.5  0.0769230769231
2263  10739.5  0.0769230769231
2264  10739.5  0.0769230769231
2265  10739.5  0.0769230769231
2266  10739.5  0.0769230769231
2267  10739.5  0.0769230769231
2268  10739.5  0.0769230769231
2269  10739.5  0.0769230769231
2270  10739.5  0.0769230769231
2271  10739.5  0.0769230769231
2272  10739.5  0.0769230769231
2273  10739.5  0.0769230769231
2274  10739.5  0.0769230769231
2275  10739.5  0.0769230769231
2276  10739.5  0.0769230769231
2277  10739.5  0.0769230769231
2278  10739.5  0.0769230769231
2279  10739.5  0.0769230769231
2280  10739.5  0.0769230769231
2281  10739.5  0.0769230769231
2282  10739.5  0.0769230769231
2283  10739.5  0.0769230769231
2284  10739.5  0.0769230769231
2285  10739.5  0.0769230769231
2286  10739.5  0.0769230769231
2287  10739.5  0.0769230769231
2288  10739.5  0.0769230769231
2289  10739.5  0.0769230769231
2290  10739.5  0.0769230769231
2291  10739.5  0.0769230769231
2292  10739.5  0.0769230769231
2293  10739.5  0.0769230769231
2294  10739.5  0.0769230769231
2295  10739.5  0.0769230769231
2296  10739.5  0.0769230769231
2297  10739.5  0.0769230769231
2298  10739.5  0.0769230769231
2299  10739.5  0.0769230769231
2300  10739.5  0.0769230769231
2301  10739.5  0.0769230769231
2302  10739.5  0.0769230769231
2303  10739.5  0.0769230769231
2304  10739.5  0.0769230769231
2305  10739.5  0.0769230769231
2306  10739.5  0.0769230769231
2307  10739.5  0.0769230769231
2308  10739.5  0.0769230769231
2309  10739.5  0.0769230769231
2310  10739.5  0.0769230769231
2311  10739.5  0.0769230769231
2312  10739.5  0.0769230769231
2313  10739.5  0.0769230769231
2314  10739.5  0.0769230769231
2315  10739.5  0.0769230769231
2316  10739.5  0.0769230769231
2317  10739.5  0.0769230769231
2318  10739.5  0.0769230769231
2319  10739.5  0.0769230769231
2320  10739.5  0.0769230769231
2321  10739.5  0.0769230769231
2322  10739.5  0.0769230769231
2323  10739.5  0.0769230769231
2324  10739.5  0.0769230769231
2325  10739.5  0.0769230769231
2326  10739.5  0.0769230769231
2327  10739.5  0.0769230769231
2328  10739.5  0.0769230769231
2329  10739.5  0.0769230769231
2330  10739.5  0.0769230769231
2331  10739.5  0.0769230769231
2332  10739.5  0.0769230769231
2333  10739.5  0.0769230769231
2334  10739.5  0.0769230769231
2335  10739.5  0.0769230769231
2336  10739.5  0.0769230769231
2337  10739.5  0.0769230769231
2338  10739.5  0.0769230769231
2339  10739.5  0.0769230769231
2340  10739.5  0.0769230769231
2341  10739.5  0.0769230769231
2342  10739.5  0.0769230769231
2343  10739.5  0.0769230769231
2344  10739.5  0.0769230769231
2345  10739.5  0.0769230769231
2346  10739.5  0.0769230769231
2347  10739.5  0.0769230769231
2348  10739.5  0.0769230769231
2349  10739.5  0.0769230769231
2350  10739.5  0.0769230769231
2351  10739.5  0.0769230769231
2352  10739.5  0.0769230769231
2353  10739.5  0.0769230769231
2354  10739.5  0.0769230769231
2355  10739.5  0.0769230769231
2356  10739.5  0.0769230769231
2357  10739.5  0.0769230769231
2358  10739.5  0.0769230769231
2359  10739.5  0.0769230769231
2360  10739.5  0.0769230769231
2361  10739.5  0.0769230769231
2362  10739.5  0.0769230769231
2363  10739.5  0.0769230769231
2364  10739.5  0.0769230769231
2365  10739.5  0.0769230769231
2366  10739.5  0.0769230769231
2367  10739.5  0.0769230769231
2368  10739.5  0.0769230769231
2369  10739.5  0.0769230769231
2370  10739.5  0.0769230769231
2371  10739.5  0.0769230769231
2372  10739.5  0.0769230769231
2373  10739.5  0.0769230769231
2374  10739.5  0.0769230769231
2375  10739.5  0.0769230769231
2376  10739.5  0.0769230769231
2377  10739.5  0.0769230769231
2378  10739.5  0.0769230769231
2379  10739.5  0.0769230769231
2380  10739.5  0.0769230769231
2381  10739.5  0.0769230769231
2382  10739.5  0.0769230769231
2383  10739.5  0.0769230769231
2384  10739.5  0.0769230769231
2385  10739.5  0.0769230769231
2386  10739.5  0.0769230769231
2387  10739.5  0.0769230769231
2388  10739.5  0.0769230769231
2389  10739.5  0.0769230769231
2390  10739.5  0.0769230769231
2391  10739.5  0.0769230769231
2392  10739.5  0.0769230769231
2393  10739.5  0.0769230769231
2394  10739.5  0.0769230769231
2395  10739.5  0.0769230769231
2396  10739.5  0.0769230769231
2397  10739.5  0.0769230769231
2398  10739.5  0.0769230769231
2399  10739.5  0.0769230769231
2400  10739.5  0.0769230769231
2401  10739.5  0.0769230769231
2402  10739.5  0.0769230769231
2403  10739.5  0.0769230769231
2404  10739.5  0.0769230769231
2405  10739.5  0.0769230769231
2406  10739.5  0.0769230769231
2407  10739.5  0.0769230769231
2408  10739.5  0.0769230769231
2409  10739.5  0.0769230769231
2410  10739.5  0.0769230769231
2411  10739.5  0.0769230769231
2412  10739.5  0.0769230769231
2413  10739.5  0.0769230769231
2414  10739.5  0.0769230769231
2415  10739.5  0.0769230769231
2416  10739.5  0.0769230769231
2417  10739.5  0.0769230769231
2418  10739.5  0.0769230769231
2419  10739.5  0.0769230769231
2420  10739.5  0.0769230769231
2421  10739.5  0.0769230769231
2422  10739.5  0.0769230769231
2423  10739.5  0.0769230769231
2424  10739.5  0.0769230769231
2425  10739.5  0.0769230769231
2426  10739.5  0.0769230769231
2427  10739.5  0.0769230769231
2428  10739.5  0.0769230769231
2429  10739.5  0.0769230769231
2430  10739.5  0.0769230769231
2431  10739.5  0.0769230769231
2432  10739.5  0.0769230769231
2433  10739.5  0.0769230769231
2434  10739.5  0.0769230769231
2435  10739.5  0.0769230769231
2436  10739.5  0.0769230769231
2437  10739.5  0.0769230769231
2438  10739.5  0.0769230769231
2439  10739.5  0.0769230769231
2440  10739.5  0.0769230769231
2441  10739.5  0.0769230769231
2442  10739.5  0.0769230769231
2443  10739.5  0.0769230769231
2444  10739.5  0.0769230769231
2445  10739.5  0.0769230769231
2446  10739.5  0.0769230769231
2447  10739.5  0.0769230769231
2448  10739.5  0.0769230769231
2449  10739.5  0.0769230769231
2450  10739.5  0.0769230769231
2451  10739.5  0.0769230769231
2452  10739.5  0.0769230769231
2453  10739.5  0.0769230769231
2454  10739.5  0.0769230769231
2455  10739.5  0.0769230769231
2456  10739.5  0.0769230769231
2457  10739.5  0.0769230769231
2458  10739.5  0.0769230769231
2459  10739.5  0.0769230769231
2460  10739.5  0.0769230769231
2461  10739.5  0.0769230769231
2462  10739.5  0.0769230769231
2463  10739.5  0.0769230769231
2464  10739.5  0.0769230769231
2465  10739.5  0.0769230769231
2466  10739.5  0.0769230769231
2467  10739.5  0.0769230769231
2468  10739.5  0.0769230769231
2469  10739.5  0.0769230769231
2470  10739.5  0.0769230769231
2471  10739.5  0.0769230769231
2472  10739.5  0.0769230769231
2473  10739.5  0.0769230769231
2474  10739.5  0.0769230769231
2475  10739.5  0.0769230769231
2476  10739.5  0.0769230769231
2477  10739.5  0.0769230769231
2478  10739.5  0.0769230769231
2479  10739.5  0.0769230769231
2480  10739.5  0.0769230769231
2481  10739.5  0.0769230769231
2482  10739.5  0.0769230769231
2483  10739.5  0.0769230769231
2484  10739.5  0.0769230769231
2485  10739.5  0.0769230769231
2486  10739.5  0.0769230769231
2487  10739.5  0.0769230769231
2488  10739.5  0.0769230769231
2489  10739.5  0.0769230769231
2490  10739.5  0.0769230769231
2491  10739.5  0.0769230769231
2492  10739.5  0.0769230769231
2493  10739.5  0.0769230769231
2494  10739.5  0.0769230769231
2495  10739.5  0.0769230769231
2496  10739.5  0.0769230769231
2497  10739.5  0.0769230769231
2498  10739.5  0.0769230769231
2499  10739.5  0.0769230769231
2500  10739.5  0.0769230769231
2501  10739.5  0.0769230769231
2502  10739.5  0.0769230769231
2503  10739.5  0.0769230769231
2504  10739.5  0.0769230769231
2505  10739.5  0.0769230769231
2506  10739.5  0.0769230769231
2507  10739.5  0.0769230769231
2508  10739.5  0.0769230769231
2509  10739.5  0.0769230769231
2510  10739.5  0.0769230769231
2511  10739.5  0.0769230769231
2512  10739.5  0.0769230769231
2513  10739.5  0.0769230769231
2514  10739.5  0.0769230769231
2515  10739.5  0.0769230769231
2516  10739.5  0.0769230769231
2517  10739.5  0.0769230769231
2518  10739.5  0.0769230769231
2519  10739.5  0.0769230769231
2520  10739.5  0.0769230769231
2521  10739.5  0.0769230769231
2522  10739.5  0.0769230769231
2523  10739.5  0.0769230769231
2524  10739.5  0.0769230769231
2525  10739.5  0.0769230769231
2526  10739.5  0.0769230769231
2527  10739.5  0.0769230769231
2528  10739.5  0.0769230769231
2529  10739.5  0.0769230769231
2530  10739.5  0.0769230769231
2531  10739.5  0.0769230769231
2532  10739.5  0.0769230769231
2533  10739.5  0.0769230769231
2534  10739.5  0.0769230769231
2535  10739.5  0.0769230769231
2536  10739.5  0.0769230769231
2537  10739.5  0.0769230769231
2538  10739.5  0.0769230769231
2539  10739.5  0.0769230769231
2540  10739.5  0.0769230769231
2541  10739.5  0.0769230769231
2542  10739.5  0.0769230769231
2543  10739.5  0.0769230769231
2544  10739.5  0.0769230769231
2545  10739.5  0.0769230769231
2546  10739.5  0.0769230769231
2547  10739.5  0.0769230769231
2548  10739.5  0.0769230769231
2549  10739.5  0.0769230769231
2550  10739.5  0.0769230769231
2551  10739.5  0.0769230769231
2552  10739.5  0.0769230769231
2553  10739.5  0.0769230769231
2554  10739.5  0.0769230769231
2555  10739.5  0.0769230769231
2556  10739.5  0.0769230769231
2557  10739.5  0.0769230769231
2558  10739.5  0.0769230769231
2559  10739.5  0.0769230769231
2560  10739.5  0.0769230769231
2561  10739.5  0.0769230769231
2562  10739.5  0.0769230769231
2563  10739.5  0.0769230769231
2564  10739.5  0.0769230769231
2565  10739.5  0.0769230769231
2566  10739.5  0.0769230769231
2567  10739.5  0.0769230769231
2568  10739.5  0.0769230769231
2569  10739.5  0.0769230769231
2570  10739.5  0.0769230769231
2571  10739.5  0.0769230769231
2572  10739.5  0.0769230769231
2573  10739.5  0.0769230769231
2574  10739.5  0.0769230769231
2575  10739.5  0.0769230769231
2576  10739.5  0.0769230769231
2577  10739.5  0.0769230769231
2578  10739.5  0.0769230769231
2579  10739.5  0.0769230769231
2580  10739.5  0.0769230769231
2581  10739.5  0.0769230769231
2582  10739.5  0.0769230769231
2583  10739.5  0.0769230769231
2584  10739.5  0.0769230769231
2585  10739.5  0.0769230769231
2586  10739.5  0.0769230769231
2587  10739.5  0.0769230769231
2588  10739.5  0.0769230769231
2589  10739.5  0.0769230769231
2590  10739.5  0.0769230769231
2591  10739.5  0.0769230769231
2592  10739.5  0.0769230769231
2593  10739.5  0.0769230769231
2594  10739.5  0.0769230769231
2595  10739.5  0.0769230769231
2596  10739.5  0.0769230769231
2597  10739.5  0.0769230769231
2598  10739.5  0.0769230769231
2599  10739.5  0.0769230769231
2600  10739.5  0.0769230769231
2601  10739.5  0.0769230769231
2602  10739.5  0.0769230769231
2603  10739.5  0.0769230769231
2604  10739.5  0.0769230769231
2605  10739.5  0.0769230769231
2606  10739.5  0.0769230769231
2607  10739.5  0.0769230769231
2608  10739.5  0.0769230769231
2609  10739.5  0.0769230769231
2610  10739.5  0.0769230769231
2611  10739.5  0.0769230769231
2612  10739.5  0.0769230769231
2613  10739.5  0.0769230769231
2614  10739.5  0.0769230769231
2615  10739.5  0.0769230769231
2616  10739.5  0.0769230769231
2617  10739.5  0.0769230769231
2618  10739.5  0.0769230769231
2619  10739.5  0.0769230769231
2620  10739.5  0.0769230769231
2621  10739.5  0.0769230769231
2622  10739.5  0.0769230769231
2623  10739.5  0.0769230769231
2624  10739.5  0.0769230769231
2625  10739.5  0.0769230769231
2626  10739.5  0.0769230769231
2627  10739.5  0.0769230769231
2628  10739.5  0.0769230769231
2629  10739.5  0.0769230769231
2630  10739.5  0.0769230769231
2631  10739.5  0.0769230769231
2632  10739.5  0.0769230769231
2633  10739.5  0.0769230769231
2634  10739.5  0.0769230769231
2635  10739.5  0.0769230769231
2636  10739.5  0.0769230769231
2637  10739.5  0.0769230769231
2638  10739.5  0.0769230769231
2639  10739.5  0.0769230769231
2640  10739.5  0.0769230769231
2641  10739.5  0.0769230769231
2642  10739.5  0.0769230769231
2643  10739.5  0.0769230769231
2644  10739.5  0.0769230769231
2645  10739.5  0.0769230769231
2646  10739.5  0.0769230769231
2647  10739.5  0.0769230769231
2648  10739.5  0.0769230769231
2649  10739.5  0.0769230769231
2650  10739.5  0.0769230769231
2651  10739.5  0.0769230769231
2652  10739.5  0.0769230769231
2653  10739.5  0.0769230769231
2654  10739.5  0.0769230769231
2655  10739.5  0.0769230769231
2656  10739.5  0.0769230769231
2657  10739.5  0.0769230769231
2658  10739.5  0.0769230769231
2659  10739.5  0.0769230769231
2660  10739.5  0.0769230769231
2661  10739.5  0.0769230769231
2662  10739.5  0.0769230769231
2663  10739.5  0.0769230769231
2664  10739.5  0.0769230769231
2665  10739.5  0.0769230769231
2666  10739.5  0.0769230769231
2667  10739.5  0.0769230769231
2668  10739.5  0.0769230769231
2669  10739.5  0.0769230769231
2670  10739.5  0.0769230769231
2671  10739.5  0.0769230769231
2672  10739.5  0.0769230769231
2673  10739.5  0.0769230769231
2674  10739.5  0.0769230769231
2675  10739.5  0.0769230769231
2676  10739.5  0.0769230769231
2677  10739.5  0.0769230769231
2678  10739.5  0.0769230769231
2679  10739.5  0.0769230769231
2680  10739.5  0.0769230769231
2681  10739.5  0.0769230769231
2682  10739.5  0.0769230769231
2683  10739.5  0.0769230769231
2684  10739.5  0.0769230769231
2685  10739.5  0.0769230769231
2686  10739.5  0.0769230769231
2687  10739.5  0.0769230769231
2688  10739.5  0.0769230769231
2689  10739.5  0.0769230769231
2690  10739.5  0.0769230769231
2691  10739.5  0.0769230769231
2692  10739.5  0.0769230769231
2693  10739.5  0.0769230769231
2694  10739.5  0.0769230769231
2695  10739.5  0.0769230769231
2696  10739.5  0.0769230769231
2697  10739.5  0.0769230769231
2698  10739.5  0.0769230769231
2699  10739.5  0.0769230769231
2700  10739.5  0.0769230769231
2701  10739.5  0.0769230769231
2702  10739.5  0.0769230769231
2703  10739.5  0.0769230769231
2704  10739.5  0.0769230769231
2705  10739.5  0.0769230769231
2706  10739.5  0.0769230769231
2707  10739.5  0.0769230769231
2708  10739.5  0.0769230769231
2709  10739.5  0.0769230769231
2710  10739.5  0.0769230769231
2711  10739.5  0.0769230769231
2712  10739.5  0.0769230769231
2713  10739.5  0.0769230769231
2714  10739.5  0.0769230769231
2715  10739.5  0.0769230769231
2716  10739.5  0.0769230769231
2717  10739.5  0.0769230769231
2718  10739.5  0.0769230769231
2719  10739.5  0.0769230769231
2720  10739.5  0.0769230769231
2721  10739.5  0.0769230769231
2722  10739.5  0.0769230769231
2723  10739.5  0.0769230769231
2724  10739.5  0.0769230769231
2725  10739.5  0.0769230769231
2726  10739.5  0.0769230769231
2727  10739.5  0.0769230769231
2728  10739.5  0.0769230769231
2729  10739.5  0.0769230769231
2730  10739.5  0.0769230769231
2731  10739.5  0.0769230769231
2732  10739.5  0.0769230769231
2733  10739.5  0.0769230769231
2734  10739.5  0.0769230769231
2735  10739.5  0.0769230769231
2736  10739.5  0.0769230769231
2737  10739.5  0.0769230769231
2738  10739.5  0.0769230769231
2739  10739.5  0.0769230769231
2740  10739.5  0.0769230769231
2741  10739.5  0.0769230769231
2742  10739.5  0.0769230769231
2743  10739.5  0.0769230769231
2744  10739.5  0.0769230769231
2745  10739.5  0.0769230769231
2746  10739.5  0.0769230769231
2747  10739.5  0.0769230769231
2748  10739.5  0.0769230769231
2749  10739.5  0.0769230769231
2750  10739.5  0.0769230769231
2751  10739.5  0.0769230769231
2752  10739.5  0.0769230769231
2753  10739.5  0.0769230769231
2754  10739.5  0.0769230769231
2755  10739.5  0.0769230769231
2756  10739.5  0.0769230769231
2757  10739.5  0.0769230769231
2758  10739.5  0.0769230769231
2759  10739.5  0.0769230769231
2760  10739.5  0.0769230769231
2761  10739.5  0.0769230769231
2762  10739.5  0.0769230769231
2763  10739.5  0.0769230769231
2764  10739.5  0.0769230769231
2765  10739.5  0.0769230769231
2766  10739.5  0.0769230769231
2767  10739.5  0.0769230769231
2768  10739.5  0.0769230769231
2769  10739.5  0.0769230769231
2770  10739.5  0.0769230769231
2771  10739.5  0.0769230769231
2772  10739.5  0.0769230769231
2773  10739.5  0.0769230769231
2774  10739.5  0.0769230769231
2775  10739.5  0.0769230769231
2776  10739.5  0.0769230769231
2777  10739.5  0.0769230769231
2778  10739.5  0.0769230769231
2779  10739.5  0.0769230769231
2780  10739.5  0.0769230769231
2781  10739.5  0.0769230769231
2782  10739.5  0.0769230769231
2783  10739.5  0.0769230769231
2784  10739.5  0.0769230769231
2785  10739.5  0.0769230769231
2786  10739.5  0.0769230769231
2787  10739.5  0.0769230769231
2788  10739.5  0.0769230769231
2789  10739.5  0.0769230769231
2790  10739.5  0.0769230769231
2791  10739.5  0.0769230769231
2792  10739.5  0.0769230769231
2793  10739.5  0.0769230769231
2794  10739.5  0.0769230769231
2795  10739.5  0.0769230769231
2796  10739.5  0.0769230769231
2797  10739.5  0.0769230769231
2798  10739.5  0.0769230769231
2799  10739.5  0.0769230769231
2800  10739.5  0.0769230769231
2801  10739.5  0.0769230769231
2802  10739.5  0.0769230769231
2803  10739.5  0.0769230769231
2804  10739.5  0.0769230769231
2805  10739.5  0.0769230769231
2806  10739.5  0.0769230769231
2807  10739.5  0.0769230769231
2808  10739.5  0.0769230769231
2809  10739.5  0.0769230769231
2810  10739.5  0.0769230769231
2811  10739.5  0.0769230769231
2812  10739.5  0.0769230769231
2813  10739.5  0.0769230769231
2814  10739.5  0.0769230769231
2815  10739.5  0.0769230769231
2816  10739.5  0.0769230769231
2817  10739.5  0.0769230769231
2818  10739.5  0.0769230769231
2819  10739.5  0.0769230769231
2820  10739.5  0.0769230769231
2821  10739.5  0.0769230769231
2822  10739.5  0.0769230769231
2823  10739.5  0.0769230769231
2824  10739.5  0.0769230769231
2825  10739.5  0.0769230769231
2826  10739.5  0.0769230769231
2827  10739.5  0.0769230769231
2828  10739.5  0.0769230769231
2829  10739.5  0.0769230769231
2830  10739.5  0.0769230769231
2831  10739.5  0.0769230769231
2832  10739.5  0.0769230769231
2833  10739.5  0.0769230769231
2834  10739.5  0.0769230769231
2835  10739.5  0.0769230769231
2836  10739.5  0.0769230769231
2837  10739.5  0.0769230769231
2838  10739.5  0.0769230769231
2839  10739.5  0.0769230769231
2840  10739.5  0.0769230769231
2841  10739.5  0.0769230769231
2842  10739.5  0.0769230769231
2843  10739.5  0.0769230769231
2844  10739.5  0.0769230769231
2845  10739.5  0.0769230769231
2846  10739.5  0.0769230769231
2847  10739.5  0.0769230769231
2848  10739.5  0.0769230769231
2849  10739.5  0.0769230769231
2850  10739.5  0.0769230769231
2851  10739.5  0.0769230769231
2852  10739.5  0.0769230769231
2853  10739.5  0.0769230769231
2854  10739.5  0.0769230769231
2855  10739.5  0.0769230769231
2856  10739.5  0.0769230769231
2857  10739.5  0.0769230769231
2858  10739.5  0.0769230769231
2859  10739.5  0.0769230769231
2860  10739.5  0.0769230769231
2861  10739.5  0.0769230769231
2862  10739.5  0.0769230769231
2863  10739.5  0.0769230769231
2864  10739.5  0.0769230769231
2865  10739.5  0.0769230769231
2866  10739.5  0.0769230769231
2867  10739.5  0.0769230769231
2868  10739.5  0.0769230769231
2869  10739.5  0.0769230769231
2870  10739.5  0.0769230769231
2871  10739.5  0.0769230769231
2872  10739.5  0.0769230769231
2873  10739.5  0.0769230769231
2874  10739.5  0.0769230769231
2875  10739.5  0.0769230769231
2876  10739.5  0.0769230769231
2877  10739.5  0.0769230769231
2878  10739.5  0.0769230769231
2879  10739.5  0.0769230769231
2880  10739.5  0.0769230769231
2881  10739.5  0.0769230769231
2882  10739.5  0.0769230769231
2883  10739.5  0.0769230769231
2884  10739.5  0.0769230769231
2885  10739.5  0.0769230769231
2886  10739.5  0.0769230769231
2887  10739.5  0.0769230769231
2888  10739.5  0.0769230769231
2889  10739.5  0.0769230769231
2890  10739.5  0.0769230769231
2891  10739.5  0.0769230769231
2892  10739.5  0.0769230769231
2893  10739.5  0.0769230769231
2894  10739.5  0.0769230769231
2895  10739.5  0.0769230769231
2896  10739.5  0.0769230769231
2897  10739.5  0.0769230769231
2898  10739.5  0.0769230769231
2899  10739.5  0.0769230769231
2900  10739.5  0.0769230769231
2901  10739.5  0.0769230769231
2902  10739.5  0.0769230769231
2903  10739.5  0.0769230769231
2904  10739.5  0.0769230769231
2905  10739.5  0.0769230769231
2906  10739.5  0.0769230769231
2907  10739.5  0.0769230769231
2908  10739.5  0.0769230769231
2909  10739.5  0.0769230769231
2910  10739.5  0.0769230769231
2911  10739.5  0.0769230769231
2912  10739.5  0.0769230769231
2913  10739.5  0.0769230769231
2914  10739.5  0.0769230769231
2915  10739.5  0.0769230769231
2916  10739.5  0.0769230769231
2917  10739.5  0.0769230769231
2918  10739.5  0.0769230769231
2919  10739.5  0.0769230769231
2920  10739.5  0.0769230769231
2921  10739.5  0.0769230769231
2922  10739.5  0.0769230769231
2923  10739.5  0.0769230769231
2924  10739.5  0.0769230769231
2925  10739.5  0.0769230769231
2926  10739.5  0.0769230769231
2927  10739.5  0.0769230769231
2928  10739.5  0.0769230769231
2929  10739.5  0.0769230769231
2930  10739.5  0.0769230769231
2931  10739.5  0.0769230769231
2932  10739.5  0.0769230769231
2933  10739.5  0.0769230769231
2934  10739.5  0.0769230769231
2935  10739.5  0.0769230769231
2936  10739.5  0.0769230769231
2937  10739.5  0.0769230769231
2938  10739.5  0.0769230769231
2939  10739.5  0.0769230769231
2940  10739.5  0.0769230769231
2941  10739.5  0.0769230769231
2942  10739.5  0.0769230769231
2943  10739.5  0.0769230769231
2944  10739.5  0.0769230769231
2945  10739.5  0.0769230769231
2946  10739.5  0.0769230769231
2947  10739.5  0.0769230769231
2948  10739.5  0.0769230769231
2949  10739.5  0.0769230769231
2950  10739.5  0.0769230769231
2951  10739.5  0.0769230769231
2952  10739.5  0.0769230769231
2953  10739.5  0.0769230769231
2954  10739.5  0.0769230769231
2955  10739.5  0.0769230769231
2956  10739.5  0.0769230769231
2957  10739.5  0.0769230769231
2958  10739.5  0.0769230769231
2959  10739.5  0.0769230769231
2960  10739.5  0.0769230769231
2961  10739.5  0.0769230769231
2962  10739.5  0.0769230769231
2963  10739.5  0.0769230769231
2964  10739.5  0.0769230769231
2965  10739.5  0.0769230769231
2966  10739.5  0.0769230769231
2967  10739.5  0.0769230769231
2968  10739.5  0.0769230769231
2969  10739.5  0.0769230769231
2970  10739.5  0.0769230769231
2971  10739.5  0.0769230769231
2972  10739.5  0.0769230769231
2973  10739.5  0.0769230769231
2974  10739.5  0.0769230769231
2975  10739.5  0.0769230769231
2976  10739.5  0.0769230769231
2977  10739.5  0.0769230769231
2978  10739.5  0.0769230769231
2979  10739.5  0.0769230769231
2980  10739.5  0.0769230769231
2981  10739.5  0.0769230769231
2982  10739.5  0.0769230769231
2983  10739.5  0.0769230769231
2984  10739.5  0.0769230769231
2985  10739.5  0.0769230769231
2986  10739.5  0.0769230769231
2987  10739.5  0.0769230769231
2988  10739.5  0.0769230769231
2989  10739.5  0.0769230769231
2990  10739.5  0.0769230769231
2991  10739.5  0.0769230769231
2992  10739.5  0.0769230769231
2993  10739.5  0.0769230769231
2994  10739.5  0.0769230769231
2995  10739.5  0.0769230769231
2996  10739.5  0.0769230769231
2997  10739.5  0.0769230769231
2998  10739.5  0.0769230769231
2999  10739.5  0.0769230769231
#[-9, -8, -8, -6, -5, -4, -4, -1, -1, 2, 3, 5, 8, 9, 9]
#[-4, 9, 9, 9, 9, 9, 9, 9, 9, 9, 9, 9, 9, 9, 9]
#[-9, 4, 9, 9, 9, 9, 9, 9, 9, 9, 9, 9, 9, 9, 9]
#[-8, 9, 9, 9, 9, 9, 9, 9, 9, 9, 9, 9, 9, 9, 9]
#[9, 9, 9, 9, 9, 9, 9, 9, 9, 9, 9, 9, 9, 9, 9]
#[5, 7, 9, 9, 9, 9, 9, 9, 9, 9, 9, 9, 9, 9, 9]
#[2, 5, 7, 9, 9, 9, 9, 9, 9, 9, 9, 9, 9, 9, 9]
#[9, 9, 9, 9, 9, 9, 9, 9, 9, 9, 9, 9, 9, 9, 9]
#[9, 9, 9, 9, 9, 9, 9, 9, 9, 9, 9, 9, 9, 9, 9]
#[-7, -3, 0, 3, 9, 9, 9, 9, 9, 9, 9, 9, 9, 9, 9]
#[9, 9, 9, 9, 9, 9, 9, 9, 9, 9, 9, 9, 9, 9, 9]
#[-2, 0, 9, 9, 9, 9, 9, 9, 9, 9, 9, 9, 9, 9, 9]
#[-2, 9, 9, 9, 9, 9, 9, 9, 9, 9, 9, 9, 9, 9, 9]
#[-7, -6, -6, -2, 6, 9, 9, 9, 9, 9, 9, 9, 9, 9, 9]
#[-7, 6, 9, 9, 9, 9, 9, 9, 9, 9, 9, 9, 9, 9, 9]
#[-6, -3, 4, 4, 6, 9, 9, 9, 9, 9, 9, 9, 9, 9, 9]
#[5, 6, 9, 9, 9, 9, 9, 9, 9, 9, 9, 9, 9, 9, 9]
#[9, 9, 9, 9, 9, 9, 9, 9, 9, 9, 9, 9, 9, 9, 9]
#[-6, -4, 4, 9, 9, 9, 9, 9, 9, 9, 9, 9, 9, 9, 9]
#[-1, 1, 2, 9, 9, 9, 9, 9, 9, 9, 9, 9, 9, 9, 9]
#[-6, 0, 6, 7, 9, 9, 9, 9, 9, 9, 9, 9, 9, 9, 9]
#[9, 9, 9, 9, 9, 9, 9, 9, 9, 9, 9, 9, 9, 9, 9]
#[-5, -1, 1, 8, 9, 9, 9, 9, 9, 9, 9, 9, 9, 9, 9]
#[7, 8, 9, 9, 9, 9, 9, 9, 9, 9, 9, 9, 9, 9, 9]
#[-4, 8, 9, 9, 9, 9, 9, 9, 9, 9, 9, 9, 9, 9, 9]
#Specialization index= [4, 9, 0.04777070063694268]
