#[6, 6, 6, 8, 8]
#[7, 7, 4, 8, 9]
#[4, 6, 5, 4, 9]
#[7, 8, 2, 6, 9]
#[2, 3, 7, 8, 9]
#[7, 9, 3, 6, 0]
#[4, 0, 4, 4, 2]
#[2, 7, 7, 3, 4]
#[7, 2, 3, 1, 3]
#[7, 6, 2, 2, 9]
#[3, 6, 6, 9, 2]
#[4, 8, 9, 5, 0]
#[6, 3, 8, 8, 6]
#[5, 7, 1, 9, 0]
#[4, 6, 3, 7, 5]
#[7, 5, 8, 9, 9]
0  1947.0  0.117647058824
1  1947.0  0.117647058824
2  1947.0  0.117647058824
3  1947.0  0.117647058824
4  1957.0  0.129411764706
5  2021.0  0.105882352941
6  2021.0  0.105882352941
7  2021.0  0.105882352941
8  2021.0  0.105882352941
9  2135.0  0.105882352941
10  2135.0  0.105882352941
11  2135.0  0.105882352941
12  2135.0  0.105882352941
13  2135.0  0.105882352941
14  2135.0  0.105882352941
15  2135.0  0.105882352941
16  2345.0  0.0470588235294
17  2345.0  0.0470588235294
18  2345.0  0.0470588235294
19  2345.0  0.0470588235294
20  2345.0  0.0470588235294
21  2345.0  0.0470588235294
22  2345.0  0.0470588235294
23  2345.0  0.0470588235294
24  2345.0  0.0470588235294
25  2345.0  0.0470588235294
26  2345.0  0.0470588235294
27  2345.0  0.0470588235294
28  2345.0  0.0470588235294
29  2345.0  0.0470588235294
30  2345.0  0.0470588235294
31  2345.0  0.0470588235294
32  2345.0  0.0470588235294
33  2345.0  0.0470588235294
34  2345.0  0.0470588235294
35  2345.0  0.0470588235294
36  2345.0  0.0470588235294
37  2345.0  0.0470588235294
38  2345.0  0.0470588235294
39  2345.0  0.0470588235294
40  2345.0  0.0470588235294
41  2345.0  0.0470588235294
42  2345.0  0.0470588235294
43  2345.0  0.0470588235294
44  2345.0  0.0470588235294
45  2345.0  0.0470588235294
46  2345.0  0.0470588235294
47  2345.0  0.0470588235294
48  2345.0  0.0470588235294
49  2345.0  0.0470588235294
50  2345.0  0.0470588235294
51  2345.0  0.0470588235294
52  2345.0  0.0470588235294
53  2345.0  0.0470588235294
54  2345.0  0.0470588235294
55  2345.0  0.0470588235294
56  2345.0  0.0470588235294
57  2345.0  0.0470588235294
58  2345.0  0.0470588235294
59  2345.0  0.0470588235294
60  2345.0  0.0470588235294
61  2345.0  0.0470588235294
62  2345.0  0.0470588235294
63  2345.0  0.0470588235294
64  2345.0  0.0470588235294
65  2345.0  0.0470588235294
66  2345.0  0.0470588235294
67  2345.0  0.0470588235294
68  2345.0  0.0470588235294
69  2345.0  0.0470588235294
70  2345.0  0.0470588235294
71  2345.0  0.0470588235294
72  2345.0  0.0470588235294
73  2345.0  0.0470588235294
74  2345.0  0.0470588235294
75  2345.0  0.0470588235294
76  2345.0  0.0470588235294
77  2345.0  0.0470588235294
78  2345.0  0.0470588235294
79  2345.0  0.0470588235294
80  2345.0  0.0470588235294
81  2345.0  0.0470588235294
82  2345.0  0.0470588235294
83  2345.0  0.0470588235294
84  2345.0  0.0470588235294
85  2345.0  0.0470588235294
86  2345.0  0.0470588235294
87  2345.0  0.0470588235294
88  2345.0  0.0470588235294
89  2345.0  0.0470588235294
90  2345.0  0.0470588235294
91  2345.0  0.0470588235294
92  2345.0  0.0470588235294
93  2345.0  0.0470588235294
94  2345.0  0.0470588235294
95  2345.0  0.0470588235294
96  2345.0  0.0470588235294
97  2345.0  0.0470588235294
98  2345.0  0.0470588235294
99  2345.0  0.0470588235294
100  2345.0  0.0470588235294
101  2345.0  0.0470588235294
102  2345.0  0.0470588235294
103  2345.0  0.0470588235294
104  2345.0  0.0470588235294
105  2345.0  0.0470588235294
106  2345.0  0.0470588235294
107  2345.0  0.0470588235294
108  2345.0  0.0470588235294
109  2345.0  0.0470588235294
110  2345.0  0.0470588235294
111  2345.0  0.0470588235294
112  2345.0  0.0470588235294
113  2345.0  0.0470588235294
114  2345.0  0.0470588235294
115  2345.0  0.0470588235294
116  2345.0  0.0470588235294
117  2345.0  0.0470588235294
118  2345.0  0.0470588235294
119  2345.0  0.0470588235294
120  2345.0  0.0470588235294
121  2345.0  0.0470588235294
122  2345.0  0.0470588235294
123  2345.0  0.0470588235294
124  2345.0  0.0470588235294
125  2345.0  0.0470588235294
126  2345.0  0.0470588235294
127  2345.0  0.0470588235294
128  2345.0  0.0470588235294
129  2345.0  0.0470588235294
130  2345.0  0.0470588235294
131  2345.0  0.0470588235294
132  2345.0  0.0470588235294
133  2345.0  0.0470588235294
134  2345.0  0.0470588235294
135  2345.0  0.0470588235294
136  2345.0  0.0470588235294
137  2345.0  0.0470588235294
138  2345.0  0.0470588235294
139  2345.0  0.0470588235294
140  2345.0  0.0470588235294
141  2345.0  0.0470588235294
142  2345.0  0.0470588235294
143  2345.0  0.0470588235294
144  2345.0  0.0470588235294
145  2345.0  0.0470588235294
146  2345.0  0.0470588235294
147  2345.0  0.0470588235294
148  2345.0  0.0470588235294
149  2345.0  0.0470588235294
150  2345.0  0.0470588235294
151  2345.0  0.0470588235294
152  2345.0  0.0470588235294
153  2345.0  0.0470588235294
154  2345.0  0.0470588235294
155  2345.0  0.0470588235294
156  2345.0  0.0470588235294
157  2345.0  0.0470588235294
158  2345.0  0.0470588235294
159  2345.0  0.0470588235294
160  2345.0  0.0470588235294
161  2345.0  0.0470588235294
162  2345.0  0.0470588235294
163  2345.0  0.0470588235294
164  2345.0  0.0470588235294
165  2345.0  0.0470588235294
166  2345.0  0.0470588235294
167  2345.0  0.0470588235294
168  2345.0  0.0470588235294
169  2345.0  0.0470588235294
170  2345.0  0.0470588235294
171  2345.0  0.0470588235294
172  2345.0  0.0470588235294
173  2345.0  0.0470588235294
174  2345.0  0.0470588235294
175  2345.0  0.0470588235294
176  2345.0  0.0470588235294
177  2345.0  0.0470588235294
178  2345.0  0.0470588235294
179  2345.0  0.0470588235294
180  2345.0  0.0470588235294
181  2345.0  0.0470588235294
182  2345.0  0.0470588235294
183  2345.0  0.0470588235294
184  2345.0  0.0470588235294
185  2345.0  0.0470588235294
186  2345.0  0.0470588235294
187  2345.0  0.0470588235294
188  2345.0  0.0470588235294
189  2345.0  0.0470588235294
190  2345.0  0.0470588235294
191  2345.0  0.0470588235294
192  2345.0  0.0470588235294
193  2345.0  0.0470588235294
194  2345.0  0.0470588235294
195  2345.0  0.0470588235294
196  2345.0  0.0470588235294
197  2345.0  0.0470588235294
198  2345.0  0.0470588235294
199  2345.0  0.0470588235294
200  2345.0  0.0470588235294
201  2345.0  0.0470588235294
202  2345.0  0.0470588235294
203  2345.0  0.0470588235294
204  2345.0  0.0470588235294
205  2345.0  0.0470588235294
206  2345.0  0.0470588235294
207  2345.0  0.0470588235294
208  2345.0  0.0470588235294
209  2345.0  0.0470588235294
210  2345.0  0.0470588235294
211  2345.0  0.0470588235294
212  2345.0  0.0470588235294
213  2345.0  0.0470588235294
214  2345.0  0.0470588235294
215  2345.0  0.0470588235294
216  2345.0  0.0470588235294
217  2345.0  0.0470588235294
218  2345.0  0.0470588235294
219  2345.0  0.0470588235294
220  2345.0  0.0470588235294
221  2345.0  0.0470588235294
222  2345.0  0.0470588235294
223  2345.0  0.0470588235294
224  2345.0  0.0470588235294
225  2345.0  0.0470588235294
226  2345.0  0.0470588235294
227  2345.0  0.0470588235294
228  2345.0  0.0470588235294
229  2345.0  0.0470588235294
230  2345.0  0.0470588235294
231  2345.0  0.0470588235294
232  2345.0  0.0470588235294
233  2345.0  0.0470588235294
234  2345.0  0.0470588235294
235  2345.0  0.0470588235294
236  2345.0  0.0470588235294
237  2345.0  0.0470588235294
238  2345.0  0.0470588235294
239  2345.0  0.0470588235294
240  2345.0  0.0470588235294
241  2345.0  0.0470588235294
242  2345.0  0.0470588235294
243  2345.0  0.0470588235294
244  2345.0  0.0470588235294
245  2345.0  0.0470588235294
246  2345.0  0.0470588235294
247  2345.0  0.0470588235294
248  2345.0  0.0470588235294
249  2345.0  0.0470588235294
250  2345.0  0.0470588235294
251  2345.0  0.0470588235294
252  2345.0  0.0470588235294
253  2345.0  0.0470588235294
254  2345.0  0.0470588235294
255  2345.0  0.0470588235294
256  2345.0  0.0470588235294
257  2345.0  0.0470588235294
258  2345.0  0.0470588235294
259  2345.0  0.0470588235294
260  2345.0  0.0470588235294
261  2345.0  0.0470588235294
262  2345.0  0.0470588235294
263  2345.0  0.0470588235294
264  2345.0  0.0470588235294
265  2345.0  0.0470588235294
266  2345.0  0.0470588235294
267  2345.0  0.0470588235294
268  2345.0  0.0470588235294
269  2345.0  0.0470588235294
270  2345.0  0.0470588235294
271  2345.0  0.0470588235294
272  2345.0  0.0470588235294
273  2345.0  0.0470588235294
274  2345.0  0.0470588235294
275  2345.0  0.0470588235294
276  2345.0  0.0470588235294
277  2345.0  0.0470588235294
278  2345.0  0.0470588235294
279  2345.0  0.0470588235294
280  2345.0  0.0470588235294
281  2345.0  0.0470588235294
282  2345.0  0.0470588235294
283  2345.0  0.0470588235294
284  2345.0  0.0470588235294
285  2345.0  0.0470588235294
286  2345.0  0.0470588235294
287  2345.0  0.0470588235294
288  2345.0  0.0470588235294
289  2345.0  0.0470588235294
290  2345.0  0.0470588235294
291  2345.0  0.0470588235294
292  2355.0  0.0352941176471
293  2355.0  0.0352941176471
294  2355.0  0.0352941176471
295  2355.0  0.0352941176471
296  2355.0  0.0352941176471
297  2355.0  0.0352941176471
298  2355.0  0.0352941176471
299  2355.0  0.0352941176471
300  2355.0  0.0352941176471
301  2355.0  0.0352941176471
302  2355.0  0.0352941176471
303  2355.0  0.0352941176471
304  2355.0  0.0352941176471
305  2355.0  0.0352941176471
306  2355.0  0.0352941176471
307  2355.0  0.0352941176471
308  2355.0  0.0352941176471
309  2355.0  0.0352941176471
310  2355.0  0.0352941176471
311  2355.0  0.0352941176471
312  2355.0  0.0352941176471
313  2355.0  0.0352941176471
314  2355.0  0.0352941176471
315  2355.0  0.0352941176471
316  2355.0  0.0352941176471
317  2355.0  0.0352941176471
318  2355.0  0.0352941176471
319  2355.0  0.0352941176471
320  2355.0  0.0352941176471
321  2355.0  0.0352941176471
322  2355.0  0.0352941176471
323  2355.0  0.0352941176471
324  2355.0  0.0352941176471
325  2355.0  0.0352941176471
326  2355.0  0.0352941176471
327  2355.0  0.0352941176471
328  2355.0  0.0352941176471
329  2355.0  0.0352941176471
330  2355.0  0.0352941176471
331  2355.0  0.0352941176471
332  2355.0  0.0352941176471
333  2355.0  0.0352941176471
334  2355.0  0.0352941176471
335  2355.0  0.0352941176471
336  2355.0  0.0352941176471
337  2355.0  0.0352941176471
338  2355.0  0.0352941176471
339  2355.0  0.0352941176471
340  2355.0  0.0352941176471
341  2355.0  0.0352941176471
342  2355.0  0.0352941176471
343  2355.0  0.0352941176471
344  2355.0  0.0352941176471
345  2355.0  0.0352941176471
346  2355.0  0.0352941176471
347  2355.0  0.0352941176471
348  2355.0  0.0352941176471
349  2355.0  0.0352941176471
350  2355.0  0.0352941176471
351  2355.0  0.0352941176471
352  2355.0  0.0352941176471
353  2355.0  0.0352941176471
354  2355.0  0.0352941176471
355  2355.0  0.0352941176471
356  2355.0  0.0352941176471
357  2355.0  0.0352941176471
358  2355.0  0.0352941176471
359  2355.0  0.0352941176471
360  2355.0  0.0352941176471
361  2355.0  0.0352941176471
362  2355.0  0.0352941176471
363  2355.0  0.0352941176471
364  2355.0  0.0352941176471
365  2355.0  0.0352941176471
366  2355.0  0.0352941176471
367  2355.0  0.0352941176471
368  2355.0  0.0352941176471
369  2355.0  0.0352941176471
370  2355.0  0.0352941176471
371  2355.0  0.0352941176471
372  2355.0  0.0352941176471
373  2355.0  0.0352941176471
374  2355.0  0.0352941176471
375  2355.0  0.0352941176471
376  2355.0  0.0352941176471
377  2355.0  0.0352941176471
378  2355.0  0.0352941176471
379  2355.0  0.0352941176471
380  2355.0  0.0352941176471
381  2355.0  0.0352941176471
382  2355.0  0.0352941176471
383  2355.0  0.0352941176471
384  2355.0  0.0352941176471
385  2355.0  0.0352941176471
386  2355.0  0.0352941176471
387  2355.0  0.0352941176471
388  2355.0  0.0352941176471
389  2355.0  0.0352941176471
390  2355.0  0.0352941176471
391  2355.0  0.0352941176471
392  2355.0  0.0352941176471
393  2355.0  0.0352941176471
394  2355.0  0.0352941176471
395  2355.0  0.0352941176471
396  2355.0  0.0352941176471
397  2355.0  0.0352941176471
398  2355.0  0.0352941176471
399  2355.0  0.0352941176471
400  2355.0  0.0352941176471
401  2355.0  0.0352941176471
402  2355.0  0.0352941176471
403  2355.0  0.0352941176471
404  2355.0  0.0352941176471
405  2355.0  0.0352941176471
406  2355.0  0.0352941176471
407  2355.0  0.0352941176471
408  2355.0  0.0352941176471
409  2355.0  0.0352941176471
410  2355.0  0.0352941176471
411  2355.0  0.0352941176471
412  2355.0  0.0352941176471
413  2355.0  0.0352941176471
414  2355.0  0.0352941176471
415  2355.0  0.0352941176471
416  2355.0  0.0352941176471
417  2355.0  0.0352941176471
418  2355.0  0.0352941176471
419  2355.0  0.0352941176471
420  2355.0  0.0352941176471
421  2355.0  0.0352941176471
422  2355.0  0.0352941176471
423  2355.0  0.0352941176471
424  2355.0  0.0352941176471
425  2355.0  0.0352941176471
426  2355.0  0.0352941176471
427  2355.0  0.0352941176471
428  2355.0  0.0352941176471
429  2355.0  0.0352941176471
430  2355.0  0.0352941176471
431  2355.0  0.0352941176471
432  2355.0  0.0352941176471
433  2355.0  0.0352941176471
434  2355.0  0.0352941176471
435  2355.0  0.0352941176471
436  2355.0  0.0352941176471
437  2355.0  0.0352941176471
438  2355.0  0.0352941176471
439  2355.0  0.0352941176471
440  2355.0  0.0352941176471
441  2355.0  0.0352941176471
442  2355.0  0.0352941176471
443  2355.0  0.0352941176471
444  2355.0  0.0352941176471
445  2355.0  0.0352941176471
446  2355.0  0.0352941176471
447  2355.0  0.0352941176471
448  2355.0  0.0352941176471
449  2355.0  0.0352941176471
450  2355.0  0.0352941176471
451  2355.0  0.0352941176471
452  2355.0  0.0352941176471
453  2355.0  0.0352941176471
454  2355.0  0.0352941176471
455  2355.0  0.0352941176471
456  2355.0  0.0352941176471
457  2355.0  0.0352941176471
458  2355.0  0.0352941176471
459  2355.0  0.0352941176471
460  2355.0  0.0352941176471
461  2355.0  0.0352941176471
462  2355.0  0.0352941176471
463  2355.0  0.0352941176471
464  2355.0  0.0352941176471
465  2355.0  0.0352941176471
466  2355.0  0.0352941176471
467  2355.0  0.0352941176471
468  2355.0  0.0352941176471
469  2355.0  0.0352941176471
470  2355.0  0.0352941176471
471  2355.0  0.0352941176471
472  2355.0  0.0352941176471
473  2355.0  0.0352941176471
474  2355.0  0.0352941176471
475  2355.0  0.0352941176471
476  2355.0  0.0352941176471
477  2355.0  0.0352941176471
478  2355.0  0.0352941176471
479  2355.0  0.0352941176471
480  2355.0  0.0352941176471
481  2355.0  0.0352941176471
482  2355.0  0.0352941176471
483  2355.0  0.0352941176471
484  2355.0  0.0352941176471
485  2355.0  0.0352941176471
486  2355.0  0.0352941176471
487  2355.0  0.0352941176471
488  2355.0  0.0352941176471
489  2355.0  0.0352941176471
490  2355.0  0.0352941176471
491  2355.0  0.0352941176471
492  2355.0  0.0352941176471
493  2355.0  0.0352941176471
494  2355.0  0.0352941176471
495  2355.0  0.0352941176471
496  2355.0  0.0352941176471
497  2355.0  0.0352941176471
498  2355.0  0.0352941176471
499  2355.0  0.0352941176471
500  2355.0  0.0352941176471
501  2355.0  0.0352941176471
502  2355.0  0.0352941176471
503  2355.0  0.0352941176471
504  2355.0  0.0352941176471
505  2355.0  0.0352941176471
506  2355.0  0.0352941176471
507  2355.0  0.0352941176471
508  2355.0  0.0352941176471
509  2355.0  0.0352941176471
510  2355.0  0.0352941176471
511  2355.0  0.0352941176471
512  2355.0  0.0352941176471
513  2355.0  0.0352941176471
514  2355.0  0.0352941176471
515  2355.0  0.0352941176471
516  2355.0  0.0352941176471
517  2355.0  0.0352941176471
518  2355.0  0.0352941176471
519  2355.0  0.0352941176471
520  2355.0  0.0352941176471
521  2355.0  0.0352941176471
522  2355.0  0.0352941176471
523  2355.0  0.0352941176471
524  2355.0  0.0352941176471
525  2355.0  0.0352941176471
526  2355.0  0.0352941176471
527  2355.0  0.0352941176471
528  2355.0  0.0352941176471
529  2355.0  0.0352941176471
530  2355.0  0.0352941176471
531  2355.0  0.0352941176471
532  2355.0  0.0352941176471
533  2355.0  0.0352941176471
534  2355.0  0.0352941176471
535  2355.0  0.0352941176471
536  2355.0  0.0352941176471
537  2355.0  0.0352941176471
538  2355.0  0.0352941176471
539  2355.0  0.0352941176471
540  2355.0  0.0352941176471
541  2355.0  0.0352941176471
542  2355.0  0.0352941176471
543  2355.0  0.0352941176471
544  2355.0  0.0352941176471
545  2355.0  0.0352941176471
546  2355.0  0.0352941176471
547  2355.0  0.0352941176471
548  2355.0  0.0352941176471
549  2355.0  0.0352941176471
550  2355.0  0.0352941176471
551  2355.0  0.0352941176471
552  2355.0  0.0352941176471
553  2355.0  0.0352941176471
554  2355.0  0.0352941176471
555  2355.0  0.0352941176471
556  2355.0  0.0352941176471
557  2355.0  0.0352941176471
558  2355.0  0.0352941176471
559  2355.0  0.0352941176471
560  2355.0  0.0352941176471
561  2355.0  0.0352941176471
562  2355.0  0.0352941176471
563  2355.0  0.0352941176471
564  2355.0  0.0352941176471
565  2355.0  0.0352941176471
566  2355.0  0.0352941176471
567  2355.0  0.0352941176471
568  2355.0  0.0352941176471
569  2355.0  0.0352941176471
570  2355.0  0.0352941176471
571  2355.0  0.0352941176471
572  2355.0  0.0352941176471
573  2355.0  0.0352941176471
574  2355.0  0.0352941176471
575  2355.0  0.0352941176471
576  2355.0  0.0352941176471
577  2355.0  0.0352941176471
578  2355.0  0.0352941176471
579  2355.0  0.0352941176471
580  2355.0  0.0352941176471
581  2355.0  0.0352941176471
582  2355.0  0.0352941176471
583  2355.0  0.0352941176471
584  2355.0  0.0352941176471
585  2355.0  0.0352941176471
586  2355.0  0.0352941176471
587  2355.0  0.0352941176471
588  2355.0  0.0352941176471
589  2355.0  0.0352941176471
590  2355.0  0.0352941176471
591  2355.0  0.0352941176471
592  2355.0  0.0352941176471
593  2355.0  0.0352941176471
594  2355.0  0.0352941176471
595  2355.0  0.0352941176471
596  2355.0  0.0352941176471
597  2355.0  0.0352941176471
598  2355.0  0.0352941176471
599  2355.0  0.0352941176471
600  2355.0  0.0352941176471
601  2355.0  0.0352941176471
602  2355.0  0.0352941176471
603  2355.0  0.0352941176471
604  2355.0  0.0352941176471
605  2355.0  0.0352941176471
606  2355.0  0.0352941176471
607  2355.0  0.0352941176471
608  2355.0  0.0352941176471
609  2355.0  0.0352941176471
610  2355.0  0.0352941176471
611  2355.0  0.0352941176471
612  2355.0  0.0352941176471
613  2355.0  0.0352941176471
614  2355.0  0.0352941176471
615  2355.0  0.0352941176471
616  2355.0  0.0352941176471
617  2355.0  0.0352941176471
618  2355.0  0.0352941176471
619  2355.0  0.0352941176471
620  2355.0  0.0352941176471
621  2355.0  0.0352941176471
622  2355.0  0.0352941176471
623  2355.0  0.0352941176471
624  2355.0  0.0352941176471
625  2355.0  0.0352941176471
626  2355.0  0.0352941176471
627  2355.0  0.0352941176471
628  2355.0  0.0352941176471
629  2355.0  0.0352941176471
630  2355.0  0.0352941176471
631  2355.0  0.0352941176471
632  2355.0  0.0352941176471
633  2355.0  0.0352941176471
634  2355.0  0.0352941176471
635  2355.0  0.0352941176471
636  2355.0  0.0352941176471
637  2355.0  0.0352941176471
638  2355.0  0.0352941176471
639  2355.0  0.0352941176471
640  2355.0  0.0352941176471
641  2355.0  0.0352941176471
642  2355.0  0.0352941176471
643  2355.0  0.0352941176471
644  2355.0  0.0352941176471
645  2355.0  0.0352941176471
646  2355.0  0.0352941176471
647  2355.0  0.0352941176471
648  2355.0  0.0352941176471
649  2355.0  0.0352941176471
650  2355.0  0.0352941176471
651  2355.0  0.0352941176471
652  2355.0  0.0352941176471
653  2355.0  0.0352941176471
654  2355.0  0.0352941176471
655  2355.0  0.0352941176471
656  2355.0  0.0352941176471
657  2355.0  0.0352941176471
658  2355.0  0.0352941176471
659  2355.0  0.0352941176471
660  2355.0  0.0352941176471
661  2355.0  0.0352941176471
662  2355.0  0.0352941176471
663  2355.0  0.0352941176471
664  2355.0  0.0352941176471
665  2355.0  0.0352941176471
666  2355.0  0.0352941176471
667  2355.0  0.0352941176471
668  2355.0  0.0352941176471
669  2355.0  0.0352941176471
670  2355.0  0.0352941176471
671  2355.0  0.0352941176471
672  2355.0  0.0352941176471
673  2355.0  0.0352941176471
674  2355.0  0.0352941176471
675  2355.0  0.0352941176471
676  2355.0  0.0352941176471
677  2355.0  0.0352941176471
678  2355.0  0.0352941176471
679  2355.0  0.0352941176471
680  2355.0  0.0352941176471
681  2355.0  0.0352941176471
682  2355.0  0.0352941176471
683  2355.0  0.0352941176471
684  2355.0  0.0352941176471
685  2355.0  0.0352941176471
686  2355.0  0.0352941176471
687  2355.0  0.0352941176471
688  2355.0  0.0352941176471
689  2355.0  0.0352941176471
690  2355.0  0.0352941176471
691  2355.0  0.0352941176471
692  2355.0  0.0352941176471
693  2355.0  0.0352941176471
694  2355.0  0.0352941176471
695  2355.0  0.0352941176471
696  2355.0  0.0352941176471
697  2355.0  0.0352941176471
698  2355.0  0.0352941176471
699  2355.0  0.0352941176471
700  2355.0  0.0352941176471
701  2355.0  0.0352941176471
702  2355.0  0.0352941176471
703  2355.0  0.0352941176471
704  2355.0  0.0352941176471
705  2355.0  0.0352941176471
706  2355.0  0.0352941176471
707  2355.0  0.0352941176471
708  2355.0  0.0352941176471
709  2355.0  0.0352941176471
710  2355.0  0.0352941176471
711  2355.0  0.0352941176471
712  2355.0  0.0352941176471
713  2355.0  0.0352941176471
714  2355.0  0.0352941176471
715  2355.0  0.0352941176471
716  2355.0  0.0352941176471
717  2355.0  0.0352941176471
718  2355.0  0.0352941176471
719  2355.0  0.0352941176471
720  2355.0  0.0352941176471
721  2355.0  0.0352941176471
722  2355.0  0.0352941176471
723  2355.0  0.0352941176471
724  2355.0  0.0352941176471
725  2355.0  0.0352941176471
726  2355.0  0.0352941176471
727  2355.0  0.0352941176471
728  2355.0  0.0352941176471
729  2355.0  0.0352941176471
730  2355.0  0.0352941176471
731  2355.0  0.0352941176471
732  2355.0  0.0352941176471
733  2355.0  0.0352941176471
734  2355.0  0.0352941176471
735  2355.0  0.0352941176471
736  2355.0  0.0352941176471
737  2355.0  0.0352941176471
738  2355.0  0.0352941176471
739  2355.0  0.0352941176471
740  2355.0  0.0352941176471
741  2355.0  0.0352941176471
742  2355.0  0.0352941176471
743  2355.0  0.0352941176471
744  2355.0  0.0352941176471
745  2355.0  0.0352941176471
746  2355.0  0.0352941176471
747  2355.0  0.0352941176471
748  2355.0  0.0352941176471
749  2355.0  0.0352941176471
750  2355.0  0.0352941176471
751  2355.0  0.0352941176471
752  2355.0  0.0352941176471
753  2355.0  0.0352941176471
754  2355.0  0.0352941176471
755  2355.0  0.0352941176471
756  2355.0  0.0352941176471
757  2355.0  0.0352941176471
758  2355.0  0.0352941176471
759  2355.0  0.0352941176471
760  2355.0  0.0352941176471
761  2355.0  0.0352941176471
762  2355.0  0.0352941176471
763  2355.0  0.0352941176471
764  2355.0  0.0352941176471
765  2355.0  0.0352941176471
766  2355.0  0.0352941176471
767  2355.0  0.0352941176471
768  2355.0  0.0352941176471
769  2355.0  0.0352941176471
770  2355.0  0.0352941176471
771  2355.0  0.0352941176471
772  2355.0  0.0352941176471
773  2355.0  0.0352941176471
774  2355.0  0.0352941176471
775  2355.0  0.0352941176471
776  2355.0  0.0352941176471
777  2355.0  0.0352941176471
778  2355.0  0.0352941176471
779  2355.0  0.0352941176471
780  2355.0  0.0352941176471
781  2355.0  0.0352941176471
782  2355.0  0.0352941176471
783  2355.0  0.0352941176471
784  2355.0  0.0352941176471
785  2355.0  0.0352941176471
786  2355.0  0.0352941176471
787  2355.0  0.0352941176471
788  2355.0  0.0352941176471
789  2355.0  0.0352941176471
790  2355.0  0.0352941176471
791  2355.0  0.0352941176471
792  2355.0  0.0352941176471
793  2355.0  0.0352941176471
794  2355.0  0.0352941176471
795  2355.0  0.0352941176471
796  2355.0  0.0352941176471
797  2355.0  0.0352941176471
798  2355.0  0.0352941176471
799  2355.0  0.0352941176471
800  2355.0  0.0352941176471
801  2355.0  0.0352941176471
802  2355.0  0.0352941176471
803  2355.0  0.0352941176471
804  2355.0  0.0352941176471
805  2355.0  0.0352941176471
806  2355.0  0.0352941176471
807  2355.0  0.0352941176471
808  2355.0  0.0352941176471
809  2355.0  0.0352941176471
810  2355.0  0.0352941176471
811  2355.0  0.0352941176471
812  2355.0  0.0352941176471
813  2355.0  0.0352941176471
814  2355.0  0.0352941176471
815  2355.0  0.0352941176471
816  2355.0  0.0352941176471
817  2355.0  0.0352941176471
818  2355.0  0.0352941176471
819  2355.0  0.0352941176471
820  2355.0  0.0352941176471
821  2355.0  0.0352941176471
822  2355.0  0.0352941176471
823  2355.0  0.0352941176471
824  2355.0  0.0352941176471
825  2355.0  0.0352941176471
826  2355.0  0.0352941176471
827  2355.0  0.0352941176471
828  2355.0  0.0352941176471
829  2355.0  0.0352941176471
830  2355.0  0.0352941176471
831  2355.0  0.0352941176471
832  2355.0  0.0352941176471
833  2355.0  0.0352941176471
834  2355.0  0.0352941176471
835  2355.0  0.0352941176471
836  2355.0  0.0352941176471
837  2355.0  0.0352941176471
838  2355.0  0.0352941176471
839  2355.0  0.0352941176471
840  2355.0  0.0352941176471
841  2355.0  0.0352941176471
842  2355.0  0.0352941176471
843  2355.0  0.0352941176471
844  2355.0  0.0352941176471
845  2355.0  0.0352941176471
846  2355.0  0.0352941176471
847  2355.0  0.0352941176471
848  2355.0  0.0352941176471
849  2355.0  0.0352941176471
850  2355.0  0.0352941176471
851  2355.0  0.0352941176471
852  2355.0  0.0352941176471
853  2355.0  0.0352941176471
854  2355.0  0.0352941176471
855  2355.0  0.0352941176471
856  2355.0  0.0352941176471
857  2355.0  0.0352941176471
858  2355.0  0.0352941176471
859  2355.0  0.0352941176471
860  2355.0  0.0352941176471
861  2355.0  0.0352941176471
862  2355.0  0.0352941176471
863  2355.0  0.0352941176471
864  2355.0  0.0352941176471
865  2355.0  0.0352941176471
866  2355.0  0.0352941176471
867  2355.0  0.0352941176471
868  2355.0  0.0352941176471
869  2355.0  0.0352941176471
870  2355.0  0.0352941176471
871  2355.0  0.0352941176471
872  2355.0  0.0352941176471
873  2355.0  0.0352941176471
874  2355.0  0.0352941176471
875  2355.0  0.0352941176471
876  2355.0  0.0352941176471
877  2355.0  0.0352941176471
878  2355.0  0.0352941176471
879  2355.0  0.0352941176471
880  2355.0  0.0352941176471
881  2355.0  0.0352941176471
882  2355.0  0.0352941176471
883  2355.0  0.0352941176471
884  2355.0  0.0352941176471
885  2355.0  0.0352941176471
886  2355.0  0.0352941176471
887  2355.0  0.0352941176471
888  2355.0  0.0352941176471
889  2355.0  0.0352941176471
890  2355.0  0.0352941176471
891  2355.0  0.0352941176471
892  2355.0  0.0352941176471
893  2355.0  0.0352941176471
894  2355.0  0.0352941176471
895  2355.0  0.0352941176471
896  2355.0  0.0352941176471
897  2355.0  0.0352941176471
898  2355.0  0.0352941176471
899  2355.0  0.0352941176471
900  2355.0  0.0352941176471
901  2355.0  0.0352941176471
902  2355.0  0.0352941176471
903  2355.0  0.0352941176471
904  2355.0  0.0352941176471
905  2355.0  0.0352941176471
906  2355.0  0.0352941176471
907  2355.0  0.0352941176471
908  2355.0  0.0352941176471
909  2355.0  0.0352941176471
910  2355.0  0.0352941176471
911  2355.0  0.0352941176471
912  2355.0  0.0352941176471
913  2355.0  0.0352941176471
914  2355.0  0.0352941176471
915  2355.0  0.0352941176471
916  2355.0  0.0352941176471
917  2355.0  0.0352941176471
918  2355.0  0.0352941176471
919  2355.0  0.0352941176471
920  2355.0  0.0352941176471
921  2355.0  0.0352941176471
922  2355.0  0.0352941176471
923  2355.0  0.0352941176471
924  2355.0  0.0352941176471
925  2355.0  0.0352941176471
926  2355.0  0.0352941176471
927  2355.0  0.0352941176471
928  2355.0  0.0352941176471
929  2355.0  0.0352941176471
930  2355.0  0.0352941176471
931  2355.0  0.0352941176471
932  2355.0  0.0352941176471
933  2355.0  0.0352941176471
934  2355.0  0.0352941176471
935  2355.0  0.0352941176471
936  2355.0  0.0352941176471
937  2355.0  0.0352941176471
938  2355.0  0.0352941176471
939  2355.0  0.0352941176471
940  2355.0  0.0352941176471
941  2355.0  0.0352941176471
942  2355.0  0.0352941176471
943  2355.0  0.0352941176471
944  2355.0  0.0352941176471
945  2355.0  0.0352941176471
946  2355.0  0.0352941176471
947  2355.0  0.0352941176471
948  2355.0  0.0352941176471
949  2355.0  0.0352941176471
950  2355.0  0.0352941176471
951  2355.0  0.0352941176471
952  2355.0  0.0352941176471
953  2355.0  0.0352941176471
954  2355.0  0.0352941176471
955  2355.0  0.0352941176471
956  2355.0  0.0352941176471
957  2355.0  0.0352941176471
958  2355.0  0.0352941176471
959  2355.0  0.0352941176471
960  2355.0  0.0352941176471
961  2355.0  0.0352941176471
962  2355.0  0.0352941176471
963  2355.0  0.0352941176471
964  2355.0  0.0352941176471
965  2355.0  0.0352941176471
966  2355.0  0.0352941176471
967  2355.0  0.0352941176471
968  2355.0  0.0352941176471
969  2355.0  0.0352941176471
970  2355.0  0.0352941176471
971  2355.0  0.0352941176471
972  2355.0  0.0352941176471
973  2355.0  0.0352941176471
974  2355.0  0.0352941176471
975  2355.0  0.0352941176471
976  2355.0  0.0352941176471
977  2355.0  0.0352941176471
978  2355.0  0.0352941176471
979  2355.0  0.0352941176471
980  2355.0  0.0352941176471
981  2355.0  0.0352941176471
982  2355.0  0.0352941176471
983  2355.0  0.0352941176471
984  2355.0  0.0352941176471
985  2355.0  0.0352941176471
986  2355.0  0.0352941176471
987  2355.0  0.0352941176471
988  2355.0  0.0352941176471
989  2355.0  0.0352941176471
990  2355.0  0.0352941176471
991  2355.0  0.0352941176471
992  2355.0  0.0352941176471
993  2355.0  0.0352941176471
994  2355.0  0.0352941176471
995  2355.0  0.0352941176471
996  2355.0  0.0352941176471
997  2355.0  0.0352941176471
998  2355.0  0.0352941176471
999  2355.0  0.0352941176471
1000  2355.0  0.0352941176471
1001  2355.0  0.0352941176471
1002  2355.0  0.0352941176471
1003  2355.0  0.0352941176471
1004  2355.0  0.0352941176471
1005  2355.0  0.0352941176471
1006  2355.0  0.0352941176471
1007  2355.0  0.0352941176471
1008  2355.0  0.0352941176471
1009  2355.0  0.0352941176471
1010  2355.0  0.0352941176471
1011  2355.0  0.0352941176471
1012  2355.0  0.0352941176471
1013  2355.0  0.0352941176471
1014  2355.0  0.0352941176471
1015  2355.0  0.0352941176471
1016  2355.0  0.0352941176471
1017  2355.0  0.0352941176471
1018  2355.0  0.0352941176471
1019  2355.0  0.0352941176471
1020  2355.0  0.0352941176471
1021  2355.0  0.0352941176471
1022  2355.0  0.0352941176471
1023  2355.0  0.0352941176471
1024  2355.0  0.0352941176471
1025  2355.0  0.0352941176471
1026  2355.0  0.0352941176471
1027  2355.0  0.0352941176471
1028  2355.0  0.0352941176471
1029  2355.0  0.0352941176471
1030  2355.0  0.0352941176471
1031  2355.0  0.0352941176471
1032  2355.0  0.0352941176471
1033  2355.0  0.0352941176471
1034  2355.0  0.0352941176471
1035  2355.0  0.0352941176471
1036  2355.0  0.0352941176471
1037  2355.0  0.0352941176471
1038  2355.0  0.0352941176471
1039  2355.0  0.0352941176471
1040  2355.0  0.0352941176471
1041  2355.0  0.0352941176471
1042  2355.0  0.0352941176471
1043  2355.0  0.0352941176471
1044  2355.0  0.0352941176471
1045  2355.0  0.0352941176471
1046  2355.0  0.0352941176471
1047  2355.0  0.0352941176471
1048  2355.0  0.0352941176471
1049  2355.0  0.0352941176471
1050  2355.0  0.0352941176471
1051  2355.0  0.0352941176471
1052  2355.0  0.0352941176471
1053  2355.0  0.0352941176471
1054  2355.0  0.0352941176471
1055  2355.0  0.0352941176471
1056  2355.0  0.0352941176471
1057  2355.0  0.0352941176471
1058  2355.0  0.0352941176471
1059  2355.0  0.0352941176471
1060  2355.0  0.0352941176471
1061  2355.0  0.0352941176471
1062  2355.0  0.0352941176471
1063  2355.0  0.0352941176471
1064  2355.0  0.0352941176471
1065  2355.0  0.0352941176471
1066  2355.0  0.0352941176471
1067  2355.0  0.0352941176471
1068  2355.0  0.0352941176471
1069  2355.0  0.0352941176471
1070  2355.0  0.0352941176471
1071  2355.0  0.0352941176471
1072  2355.0  0.0352941176471
1073  2355.0  0.0352941176471
1074  2355.0  0.0352941176471
1075  2355.0  0.0352941176471
1076  2355.0  0.0352941176471
1077  2355.0  0.0352941176471
1078  2355.0  0.0352941176471
1079  2355.0  0.0352941176471
1080  2355.0  0.0352941176471
1081  2355.0  0.0352941176471
1082  2355.0  0.0352941176471
1083  2355.0  0.0352941176471
1084  2355.0  0.0352941176471
1085  2355.0  0.0352941176471
1086  2355.0  0.0352941176471
1087  2355.0  0.0352941176471
1088  2355.0  0.0352941176471
1089  2355.0  0.0352941176471
1090  2355.0  0.0352941176471
1091  2355.0  0.0352941176471
1092  2355.0  0.0352941176471
1093  2355.0  0.0352941176471
1094  2355.0  0.0352941176471
1095  2355.0  0.0352941176471
1096  2355.0  0.0352941176471
1097  2355.0  0.0352941176471
1098  2355.0  0.0352941176471
1099  2355.0  0.0352941176471
1100  2355.0  0.0352941176471
1101  2355.0  0.0352941176471
1102  2355.0  0.0352941176471
1103  2396.0  0.0470588235294
1104  2396.0  0.0470588235294
1105  2396.0  0.0470588235294
1106  2396.0  0.0470588235294
1107  2396.0  0.0470588235294
1108  2396.0  0.0470588235294
1109  2396.0  0.0470588235294
1110  2396.0  0.0470588235294
1111  2396.0  0.0470588235294
1112  2396.0  0.0470588235294
1113  2396.0  0.0470588235294
1114  2396.0  0.0470588235294
1115  2396.0  0.0470588235294
1116  2396.0  0.0470588235294
1117  2396.0  0.0470588235294
1118  2396.0  0.0470588235294
1119  2396.0  0.0470588235294
1120  2396.0  0.0470588235294
1121  2396.0  0.0470588235294
1122  2396.0  0.0470588235294
1123  2396.0  0.0470588235294
1124  2396.0  0.0470588235294
1125  2396.0  0.0470588235294
1126  2396.0  0.0470588235294
1127  2396.0  0.0470588235294
1128  2396.0  0.0470588235294
1129  2396.0  0.0470588235294
1130  2396.0  0.0470588235294
1131  2396.0  0.0470588235294
1132  2396.0  0.0470588235294
1133  2396.0  0.0470588235294
1134  2396.0  0.0470588235294
1135  2396.0  0.0470588235294
1136  2396.0  0.0470588235294
1137  2396.0  0.0470588235294
1138  2396.0  0.0470588235294
1139  2396.0  0.0470588235294
1140  2396.0  0.0470588235294
1141  2396.0  0.0470588235294
1142  2396.0  0.0470588235294
1143  2396.0  0.0470588235294
1144  2396.0  0.0470588235294
1145  2396.0  0.0470588235294
1146  2396.0  0.0470588235294
1147  2396.0  0.0470588235294
1148  2396.0  0.0470588235294
1149  2396.0  0.0470588235294
1150  2396.0  0.0470588235294
1151  2396.0  0.0470588235294
1152  2396.0  0.0470588235294
1153  2396.0  0.0470588235294
1154  2396.0  0.0470588235294
1155  2396.0  0.0470588235294
1156  2396.0  0.0470588235294
1157  2396.0  0.0470588235294
1158  2396.0  0.0470588235294
1159  2396.0  0.0470588235294
1160  2396.0  0.0470588235294
1161  2396.0  0.0470588235294
1162  2396.0  0.0470588235294
1163  2396.0  0.0470588235294
1164  2396.0  0.0470588235294
1165  2396.0  0.0470588235294
1166  2396.0  0.0470588235294
1167  2396.0  0.0470588235294
1168  2396.0  0.0470588235294
1169  2396.0  0.0470588235294
1170  2396.0  0.0470588235294
1171  2396.0  0.0470588235294
1172  2396.0  0.0470588235294
1173  2396.0  0.0470588235294
1174  2396.0  0.0470588235294
1175  2396.0  0.0470588235294
1176  2396.0  0.0470588235294
1177  2396.0  0.0470588235294
1178  2396.0  0.0470588235294
1179  2396.0  0.0470588235294
1180  2396.0  0.0470588235294
1181  2396.0  0.0470588235294
1182  2396.0  0.0470588235294
1183  2396.0  0.0470588235294
1184  2396.0  0.0470588235294
1185  2396.0  0.0470588235294
1186  2396.0  0.0470588235294
1187  2396.0  0.0470588235294
1188  2396.0  0.0470588235294
1189  2396.0  0.0470588235294
1190  2396.0  0.0470588235294
1191  2396.0  0.0470588235294
1192  2396.0  0.0470588235294
1193  2396.0  0.0470588235294
1194  2396.0  0.0470588235294
1195  2396.0  0.0470588235294
1196  2396.0  0.0470588235294
1197  2396.0  0.0470588235294
1198  2396.0  0.0470588235294
1199  2396.0  0.0470588235294
1200  2396.0  0.0470588235294
1201  2396.0  0.0470588235294
1202  2396.0  0.0470588235294
1203  2396.0  0.0470588235294
1204  2396.0  0.0470588235294
1205  2396.0  0.0470588235294
1206  2396.0  0.0470588235294
1207  2396.0  0.0470588235294
1208  2396.0  0.0470588235294
1209  2396.0  0.0470588235294
1210  2396.0  0.0470588235294
1211  2396.0  0.0470588235294
1212  2396.0  0.0470588235294
1213  2396.0  0.0470588235294
1214  2396.0  0.0470588235294
1215  2396.0  0.0470588235294
1216  2396.0  0.0470588235294
1217  2396.0  0.0470588235294
1218  2396.0  0.0470588235294
1219  2396.0  0.0470588235294
1220  2396.0  0.0470588235294
1221  2396.0  0.0470588235294
1222  2396.0  0.0470588235294
1223  2396.0  0.0470588235294
1224  2396.0  0.0470588235294
1225  2396.0  0.0470588235294
1226  2396.0  0.0470588235294
1227  2396.0  0.0470588235294
1228  2396.0  0.0470588235294
1229  2396.0  0.0470588235294
1230  2396.0  0.0470588235294
1231  2396.0  0.0470588235294
1232  2396.0  0.0470588235294
1233  2396.0  0.0470588235294
1234  2396.0  0.0470588235294
1235  2396.0  0.0470588235294
1236  2396.0  0.0470588235294
1237  2396.0  0.0470588235294
1238  2396.0  0.0470588235294
1239  2396.0  0.0470588235294
1240  2396.0  0.0470588235294
1241  2396.0  0.0470588235294
1242  2396.0  0.0470588235294
1243  2396.0  0.0470588235294
1244  2396.0  0.0470588235294
1245  2396.0  0.0470588235294
1246  2396.0  0.0470588235294
1247  2396.0  0.0470588235294
1248  2396.0  0.0470588235294
1249  2396.0  0.0470588235294
1250  2396.0  0.0470588235294
1251  2396.0  0.0470588235294
1252  2396.0  0.0470588235294
1253  2396.0  0.0470588235294
1254  2396.0  0.0470588235294
1255  2396.0  0.0470588235294
1256  2396.0  0.0470588235294
1257  2396.0  0.0470588235294
1258  2396.0  0.0470588235294
1259  2396.0  0.0470588235294
1260  2396.0  0.0470588235294
1261  2396.0  0.0470588235294
1262  2396.0  0.0470588235294
1263  2396.0  0.0470588235294
1264  2396.0  0.0470588235294
1265  2396.0  0.0470588235294
1266  2396.0  0.0470588235294
1267  2396.0  0.0470588235294
1268  2396.0  0.0470588235294
1269  2396.0  0.0470588235294
1270  2396.0  0.0470588235294
1271  2396.0  0.0470588235294
1272  2396.0  0.0470588235294
1273  2396.0  0.0470588235294
1274  2396.0  0.0470588235294
1275  2396.0  0.0470588235294
1276  2396.0  0.0470588235294
1277  2396.0  0.0470588235294
1278  2396.0  0.0470588235294
1279  2396.0  0.0470588235294
1280  2396.0  0.0470588235294
1281  2396.0  0.0470588235294
1282  2396.0  0.0470588235294
1283  2396.0  0.0470588235294
1284  2396.0  0.0470588235294
1285  2396.0  0.0470588235294
1286  2396.0  0.0470588235294
1287  2396.0  0.0470588235294
1288  2396.0  0.0470588235294
1289  2396.0  0.0470588235294
1290  2396.0  0.0470588235294
1291  2396.0  0.0470588235294
1292  2396.0  0.0470588235294
1293  2396.0  0.0470588235294
1294  2396.0  0.0470588235294
1295  2396.0  0.0470588235294
1296  2396.0  0.0470588235294
1297  2396.0  0.0470588235294
1298  2396.0  0.0470588235294
1299  2396.0  0.0470588235294
1300  2396.0  0.0470588235294
1301  2396.0  0.0470588235294
1302  2396.0  0.0470588235294
1303  2396.0  0.0470588235294
1304  2396.0  0.0470588235294
1305  2396.0  0.0470588235294
1306  2396.0  0.0470588235294
1307  2396.0  0.0470588235294
1308  2396.0  0.0470588235294
1309  2396.0  0.0470588235294
1310  2396.0  0.0470588235294
1311  2396.0  0.0470588235294
1312  2396.0  0.0470588235294
1313  2396.0  0.0470588235294
1314  2396.0  0.0470588235294
1315  2396.0  0.0470588235294
1316  2396.0  0.0470588235294
1317  2396.0  0.0470588235294
1318  2396.0  0.0470588235294
1319  2396.0  0.0470588235294
1320  2396.0  0.0470588235294
1321  2396.0  0.0470588235294
1322  2396.0  0.0470588235294
1323  2396.0  0.0470588235294
1324  2396.0  0.0470588235294
1325  2396.0  0.0470588235294
1326  2396.0  0.0470588235294
1327  2396.0  0.0470588235294
1328  2396.0  0.0470588235294
1329  2396.0  0.0470588235294
1330  2396.0  0.0470588235294
1331  2396.0  0.0470588235294
1332  2396.0  0.0470588235294
1333  2396.0  0.0470588235294
1334  2396.0  0.0470588235294
1335  2396.0  0.0470588235294
1336  2396.0  0.0470588235294
1337  2396.0  0.0470588235294
1338  2396.0  0.0470588235294
1339  2396.0  0.0470588235294
1340  2396.0  0.0470588235294
1341  2396.0  0.0470588235294
1342  2396.0  0.0470588235294
1343  2396.0  0.0470588235294
1344  2396.0  0.0470588235294
1345  2396.0  0.0470588235294
1346  2396.0  0.0470588235294
1347  2396.0  0.0470588235294
1348  2396.0  0.0470588235294
1349  2396.0  0.0470588235294
1350  2396.0  0.0470588235294
1351  2396.0  0.0470588235294
1352  2396.0  0.0470588235294
1353  2396.0  0.0470588235294
1354  2396.0  0.0470588235294
1355  2396.0  0.0470588235294
1356  2396.0  0.0470588235294
1357  2396.0  0.0470588235294
1358  2396.0  0.0470588235294
1359  2396.0  0.0470588235294
1360  2396.0  0.0470588235294
1361  2396.0  0.0470588235294
1362  2396.0  0.0470588235294
1363  2396.0  0.0470588235294
1364  2396.0  0.0470588235294
1365  2396.0  0.0470588235294
1366  2396.0  0.0470588235294
1367  2396.0  0.0470588235294
1368  2396.0  0.0470588235294
1369  2396.0  0.0470588235294
1370  2396.0  0.0470588235294
1371  2396.0  0.0470588235294
1372  2396.0  0.0470588235294
1373  2396.0  0.0470588235294
1374  2396.0  0.0470588235294
1375  2396.0  0.0470588235294
1376  2396.0  0.0470588235294
1377  2396.0  0.0470588235294
1378  2396.0  0.0470588235294
1379  2396.0  0.0470588235294
1380  2396.0  0.0470588235294
1381  2396.0  0.0470588235294
1382  2396.0  0.0470588235294
1383  2396.0  0.0470588235294
1384  2396.0  0.0470588235294
1385  2396.0  0.0470588235294
1386  2396.0  0.0470588235294
1387  2396.0  0.0470588235294
1388  2396.0  0.0470588235294
1389  2396.0  0.0470588235294
1390  2396.0  0.0470588235294
1391  2396.0  0.0470588235294
1392  2396.0  0.0470588235294
1393  2396.0  0.0470588235294
1394  2396.0  0.0470588235294
1395  2396.0  0.0470588235294
1396  2396.0  0.0470588235294
1397  2396.0  0.0470588235294
1398  2396.0  0.0470588235294
1399  2396.0  0.0470588235294
1400  2396.0  0.0470588235294
1401  2396.0  0.0470588235294
1402  2396.0  0.0470588235294
1403  2396.0  0.0470588235294
1404  2396.0  0.0470588235294
1405  2396.0  0.0470588235294
1406  2396.0  0.0470588235294
1407  2396.0  0.0470588235294
1408  2396.0  0.0470588235294
1409  2396.0  0.0470588235294
1410  2396.0  0.0470588235294
1411  2396.0  0.0470588235294
1412  2396.0  0.0470588235294
1413  2396.0  0.0470588235294
1414  2396.0  0.0470588235294
1415  2396.0  0.0470588235294
1416  2396.0  0.0470588235294
1417  2396.0  0.0470588235294
1418  2396.0  0.0470588235294
1419  2396.0  0.0470588235294
1420  2396.0  0.0470588235294
1421  2396.0  0.0470588235294
1422  2396.0  0.0470588235294
1423  2396.0  0.0470588235294
1424  2396.0  0.0470588235294
1425  2396.0  0.0470588235294
1426  2396.0  0.0470588235294
1427  2396.0  0.0470588235294
1428  2396.0  0.0470588235294
1429  2396.0  0.0470588235294
1430  2396.0  0.0470588235294
1431  2396.0  0.0470588235294
1432  2396.0  0.0470588235294
1433  2396.0  0.0470588235294
1434  2396.0  0.0470588235294
1435  2396.0  0.0470588235294
1436  2396.0  0.0470588235294
1437  2396.0  0.0470588235294
1438  2396.0  0.0470588235294
1439  2396.0  0.0470588235294
1440  2396.0  0.0470588235294
1441  2396.0  0.0470588235294
1442  2396.0  0.0470588235294
1443  2396.0  0.0470588235294
1444  2396.0  0.0470588235294
1445  2396.0  0.0470588235294
1446  2396.0  0.0470588235294
1447  2396.0  0.0470588235294
1448  2396.0  0.0470588235294
1449  2396.0  0.0470588235294
1450  2396.0  0.0470588235294
1451  2396.0  0.0470588235294
1452  2396.0  0.0470588235294
1453  2396.0  0.0470588235294
1454  2396.0  0.0470588235294
1455  2396.0  0.0470588235294
1456  2396.0  0.0470588235294
1457  2396.0  0.0470588235294
1458  2396.0  0.0470588235294
1459  2396.0  0.0470588235294
1460  2396.0  0.0470588235294
1461  2396.0  0.0470588235294
1462  2396.0  0.0470588235294
1463  2396.0  0.0470588235294
1464  2396.0  0.0470588235294
1465  2396.0  0.0470588235294
1466  2396.0  0.0470588235294
1467  2396.0  0.0470588235294
1468  2396.0  0.0470588235294
1469  2396.0  0.0470588235294
1470  2396.0  0.0470588235294
1471  2396.0  0.0470588235294
1472  2396.0  0.0470588235294
1473  2396.0  0.0470588235294
1474  2396.0  0.0470588235294
1475  2396.0  0.0470588235294
1476  2396.0  0.0470588235294
1477  2396.0  0.0470588235294
1478  2396.0  0.0470588235294
1479  2396.0  0.0470588235294
1480  2396.0  0.0470588235294
1481  2396.0  0.0470588235294
1482  2396.0  0.0470588235294
1483  2396.0  0.0470588235294
1484  2396.0  0.0470588235294
1485  2396.0  0.0470588235294
1486  2396.0  0.0470588235294
1487  2396.0  0.0470588235294
1488  2396.0  0.0470588235294
1489  2396.0  0.0470588235294
1490  2396.0  0.0470588235294
1491  2396.0  0.0470588235294
1492  2396.0  0.0470588235294
1493  2396.0  0.0470588235294
1494  2396.0  0.0470588235294
1495  2396.0  0.0470588235294
1496  2396.0  0.0470588235294
1497  2396.0  0.0470588235294
1498  2396.0  0.0470588235294
1499  2396.0  0.0470588235294
1500  2396.0  0.0470588235294
1501  2396.0  0.0470588235294
1502  2396.0  0.0470588235294
1503  2396.0  0.0470588235294
1504  2396.0  0.0470588235294
1505  2396.0  0.0470588235294
1506  2396.0  0.0470588235294
1507  2396.0  0.0470588235294
1508  2396.0  0.0470588235294
1509  2396.0  0.0470588235294
1510  2396.0  0.0470588235294
1511  2396.0  0.0470588235294
1512  2396.0  0.0470588235294
1513  2396.0  0.0470588235294
1514  2396.0  0.0470588235294
1515  2396.0  0.0470588235294
1516  2396.0  0.0470588235294
1517  2396.0  0.0470588235294
1518  2396.0  0.0470588235294
1519  2396.0  0.0470588235294
1520  2396.0  0.0470588235294
1521  2396.0  0.0470588235294
1522  2396.0  0.0470588235294
1523  2396.0  0.0470588235294
1524  2396.0  0.0470588235294
1525  2396.0  0.0470588235294
1526  2396.0  0.0470588235294
1527  2396.0  0.0470588235294
1528  2396.0  0.0470588235294
1529  2396.0  0.0470588235294
1530  2396.0  0.0470588235294
1531  2396.0  0.0470588235294
1532  2396.0  0.0470588235294
1533  2396.0  0.0470588235294
1534  2396.0  0.0470588235294
1535  2396.0  0.0470588235294
1536  2396.0  0.0470588235294
1537  2396.0  0.0470588235294
1538  2396.0  0.0470588235294
1539  2396.0  0.0470588235294
1540  2396.0  0.0470588235294
1541  2396.0  0.0470588235294
1542  2396.0  0.0470588235294
1543  2396.0  0.0470588235294
1544  2396.0  0.0470588235294
1545  2396.0  0.0470588235294
1546  2396.0  0.0470588235294
1547  2396.0  0.0470588235294
1548  2396.0  0.0470588235294
1549  2396.0  0.0470588235294
1550  2396.0  0.0470588235294
1551  2396.0  0.0470588235294
1552  2396.0  0.0470588235294
1553  2396.0  0.0470588235294
1554  2396.0  0.0470588235294
1555  2396.0  0.0470588235294
1556  2396.0  0.0470588235294
1557  2396.0  0.0470588235294
1558  2396.0  0.0470588235294
1559  2396.0  0.0470588235294
1560  2396.0  0.0470588235294
1561  2396.0  0.0470588235294
1562  2396.0  0.0470588235294
1563  2396.0  0.0470588235294
1564  2396.0  0.0470588235294
1565  2396.0  0.0470588235294
1566  2396.0  0.0470588235294
1567  2396.0  0.0470588235294
1568  2396.0  0.0470588235294
1569  2396.0  0.0470588235294
1570  2396.0  0.0470588235294
1571  2396.0  0.0470588235294
1572  2396.0  0.0470588235294
1573  2396.0  0.0470588235294
1574  2396.0  0.0470588235294
1575  2396.0  0.0470588235294
1576  2396.0  0.0470588235294
1577  2396.0  0.0470588235294
1578  2396.0  0.0470588235294
1579  2396.0  0.0470588235294
1580  2396.0  0.0470588235294
1581  2396.0  0.0470588235294
1582  2396.0  0.0470588235294
1583  2396.0  0.0470588235294
1584  2396.0  0.0470588235294
1585  2396.0  0.0470588235294
1586  2396.0  0.0470588235294
1587  2396.0  0.0470588235294
1588  2396.0  0.0470588235294
1589  2396.0  0.0470588235294
1590  2396.0  0.0470588235294
1591  2396.0  0.0470588235294
1592  2396.0  0.0470588235294
1593  2396.0  0.0470588235294
1594  2396.0  0.0470588235294
1595  2396.0  0.0470588235294
1596  2396.0  0.0470588235294
1597  2396.0  0.0470588235294
1598  2396.0  0.0470588235294
1599  2396.0  0.0470588235294
1600  2396.0  0.0470588235294
1601  2396.0  0.0470588235294
1602  2396.0  0.0470588235294
1603  2396.0  0.0470588235294
1604  2396.0  0.0470588235294
1605  2396.0  0.0470588235294
1606  2396.0  0.0470588235294
1607  2396.0  0.0470588235294
1608  2396.0  0.0470588235294
1609  2396.0  0.0470588235294
1610  2396.0  0.0470588235294
1611  2396.0  0.0470588235294
1612  2396.0  0.0470588235294
1613  2396.0  0.0470588235294
1614  2396.0  0.0470588235294
1615  2396.0  0.0470588235294
1616  2396.0  0.0470588235294
1617  2396.0  0.0470588235294
1618  2396.0  0.0470588235294
1619  2396.0  0.0470588235294
1620  2396.0  0.0470588235294
1621  2396.0  0.0470588235294
1622  2396.0  0.0470588235294
1623  2396.0  0.0470588235294
1624  2396.0  0.0470588235294
1625  2396.0  0.0470588235294
1626  2396.0  0.0470588235294
1627  2396.0  0.0470588235294
1628  2396.0  0.0470588235294
1629  2396.0  0.0470588235294
1630  2396.0  0.0470588235294
1631  2396.0  0.0470588235294
1632  2396.0  0.0470588235294
1633  2396.0  0.0470588235294
1634  2396.0  0.0470588235294
1635  2396.0  0.0470588235294
1636  2396.0  0.0470588235294
1637  2396.0  0.0470588235294
1638  2396.0  0.0470588235294
1639  2396.0  0.0470588235294
1640  2396.0  0.0470588235294
1641  2396.0  0.0470588235294
1642  2396.0  0.0470588235294
1643  2396.0  0.0470588235294
1644  2396.0  0.0470588235294
1645  2396.0  0.0470588235294
1646  2396.0  0.0470588235294
1647  2396.0  0.0470588235294
1648  2396.0  0.0470588235294
1649  2396.0  0.0470588235294
1650  2396.0  0.0470588235294
1651  2396.0  0.0470588235294
1652  2396.0  0.0470588235294
1653  2396.0  0.0470588235294
1654  2396.0  0.0470588235294
1655  2396.0  0.0470588235294
1656  2396.0  0.0470588235294
1657  2396.0  0.0470588235294
1658  2396.0  0.0470588235294
1659  2396.0  0.0470588235294
1660  2396.0  0.0470588235294
1661  2396.0  0.0470588235294
1662  2396.0  0.0470588235294
1663  2396.0  0.0470588235294
1664  2396.0  0.0470588235294
1665  2396.0  0.0470588235294
1666  2396.0  0.0470588235294
1667  2396.0  0.0470588235294
1668  2396.0  0.0470588235294
1669  2396.0  0.0470588235294
1670  2396.0  0.0470588235294
1671  2396.0  0.0470588235294
1672  2396.0  0.0470588235294
1673  2396.0  0.0470588235294
1674  2396.0  0.0470588235294
1675  2396.0  0.0470588235294
1676  2396.0  0.0470588235294
1677  2396.0  0.0470588235294
1678  2396.0  0.0470588235294
1679  2396.0  0.0470588235294
1680  2396.0  0.0470588235294
1681  2396.0  0.0470588235294
1682  2396.0  0.0470588235294
1683  2396.0  0.0470588235294
1684  2396.0  0.0470588235294
1685  2396.0  0.0470588235294
1686  2396.0  0.0470588235294
1687  2396.0  0.0470588235294
1688  2396.0  0.0470588235294
1689  2396.0  0.0470588235294
1690  2396.0  0.0470588235294
1691  2396.0  0.0470588235294
1692  2396.0  0.0470588235294
1693  2396.0  0.0470588235294
1694  2396.0  0.0470588235294
1695  2396.0  0.0470588235294
1696  2396.0  0.0470588235294
1697  2396.0  0.0470588235294
1698  2396.0  0.0470588235294
1699  2396.0  0.0470588235294
1700  2396.0  0.0470588235294
1701  2396.0  0.0470588235294
1702  2396.0  0.0470588235294
1703  2396.0  0.0470588235294
1704  2396.0  0.0470588235294
1705  2396.0  0.0470588235294
1706  2396.0  0.0470588235294
1707  2396.0  0.0470588235294
1708  2396.0  0.0470588235294
1709  2396.0  0.0470588235294
1710  2396.0  0.0470588235294
1711  2396.0  0.0470588235294
1712  2396.0  0.0470588235294
1713  2396.0  0.0470588235294
1714  2396.0  0.0470588235294
1715  2396.0  0.0470588235294
1716  2396.0  0.0470588235294
1717  2396.0  0.0470588235294
1718  2396.0  0.0470588235294
1719  2396.0  0.0470588235294
1720  2396.0  0.0470588235294
1721  2396.0  0.0470588235294
1722  2396.0  0.0470588235294
1723  2396.0  0.0470588235294
1724  2396.0  0.0470588235294
1725  2396.0  0.0470588235294
1726  2396.0  0.0470588235294
1727  2396.0  0.0470588235294
1728  2396.0  0.0470588235294
1729  2396.0  0.0470588235294
1730  2396.0  0.0470588235294
1731  2396.0  0.0470588235294
1732  2396.0  0.0470588235294
1733  2396.0  0.0470588235294
1734  2396.0  0.0470588235294
1735  2396.0  0.0470588235294
1736  2396.0  0.0470588235294
1737  2396.0  0.0470588235294
1738  2396.0  0.0470588235294
1739  2396.0  0.0470588235294
1740  2396.0  0.0470588235294
1741  2396.0  0.0470588235294
1742  2396.0  0.0470588235294
1743  2396.0  0.0470588235294
1744  2396.0  0.0470588235294
1745  2396.0  0.0470588235294
1746  2396.0  0.0470588235294
1747  2396.0  0.0470588235294
1748  2396.0  0.0470588235294
1749  2396.0  0.0470588235294
1750  2417.0  0.0470588235294
1751  2417.0  0.0470588235294
1752  2417.0  0.0470588235294
1753  2417.0  0.0470588235294
1754  2417.0  0.0470588235294
1755  2417.0  0.0470588235294
1756  2417.0  0.0470588235294
1757  2417.0  0.0470588235294
1758  2417.0  0.0470588235294
1759  2417.0  0.0470588235294
1760  2417.0  0.0470588235294
1761  2417.0  0.0470588235294
1762  2417.0  0.0470588235294
1763  2417.0  0.0470588235294
1764  2417.0  0.0470588235294
1765  2417.0  0.0470588235294
1766  2417.0  0.0470588235294
1767  2417.0  0.0470588235294
1768  2417.0  0.0470588235294
1769  2417.0  0.0470588235294
1770  2417.0  0.0470588235294
1771  2417.0  0.0470588235294
1772  2417.0  0.0470588235294
1773  2417.0  0.0470588235294
1774  2417.0  0.0470588235294
1775  2417.0  0.0470588235294
1776  2417.0  0.0470588235294
1777  2417.0  0.0470588235294
1778  2417.0  0.0470588235294
1779  2417.0  0.0470588235294
1780  2417.0  0.0470588235294
1781  2417.0  0.0470588235294
1782  2417.0  0.0470588235294
1783  2417.0  0.0470588235294
1784  2417.0  0.0470588235294
1785  2417.0  0.0470588235294
1786  2417.0  0.0470588235294
1787  2417.0  0.0470588235294
1788  2417.0  0.0470588235294
1789  2417.0  0.0470588235294
1790  2417.0  0.0470588235294
1791  2417.0  0.0470588235294
1792  2417.0  0.0470588235294
1793  2417.0  0.0470588235294
1794  2417.0  0.0470588235294
1795  2417.0  0.0470588235294
1796  2417.0  0.0470588235294
1797  2417.0  0.0470588235294
1798  2417.0  0.0470588235294
1799  2417.0  0.0470588235294
1800  2417.0  0.0470588235294
1801  2417.0  0.0470588235294
1802  2417.0  0.0470588235294
1803  2417.0  0.0470588235294
1804  2417.0  0.0470588235294
1805  2417.0  0.0470588235294
1806  2417.0  0.0470588235294
1807  2417.0  0.0470588235294
1808  2417.0  0.0470588235294
1809  2417.0  0.0470588235294
1810  2417.0  0.0470588235294
1811  2417.0  0.0470588235294
1812  2417.0  0.0470588235294
1813  2417.0  0.0470588235294
1814  2417.0  0.0470588235294
1815  2417.0  0.0470588235294
1816  2417.0  0.0470588235294
1817  2417.0  0.0470588235294
1818  2417.0  0.0470588235294
1819  2417.0  0.0470588235294
1820  2417.0  0.0470588235294
1821  2417.0  0.0470588235294
1822  2417.0  0.0470588235294
1823  2417.0  0.0470588235294
1824  2417.0  0.0470588235294
1825  2417.0  0.0470588235294
1826  2417.0  0.0470588235294
1827  2417.0  0.0470588235294
1828  2417.0  0.0470588235294
1829  2417.0  0.0470588235294
1830  2417.0  0.0470588235294
1831  2417.0  0.0470588235294
1832  2417.0  0.0470588235294
1833  2417.0  0.0470588235294
1834  2417.0  0.0470588235294
1835  2417.0  0.0470588235294
1836  2417.0  0.0470588235294
1837  2417.0  0.0470588235294
1838  2417.0  0.0470588235294
1839  2417.0  0.0470588235294
1840  2417.0  0.0470588235294
1841  2417.0  0.0470588235294
1842  2417.0  0.0470588235294
1843  2417.0  0.0470588235294
1844  2417.0  0.0470588235294
1845  2417.0  0.0470588235294
1846  2417.0  0.0470588235294
1847  2417.0  0.0470588235294
1848  2417.0  0.0470588235294
1849  2417.0  0.0470588235294
1850  2417.0  0.0470588235294
1851  2417.0  0.0470588235294
1852  2417.0  0.0470588235294
1853  2417.0  0.0470588235294
1854  2417.0  0.0470588235294
1855  2417.0  0.0470588235294
1856  2417.0  0.0470588235294
1857  2417.0  0.0470588235294
1858  2417.0  0.0470588235294
1859  2417.0  0.0470588235294
1860  2417.0  0.0470588235294
1861  2417.0  0.0470588235294
1862  2417.0  0.0470588235294
1863  2417.0  0.0470588235294
1864  2417.0  0.0470588235294
1865  2417.0  0.0470588235294
1866  2417.0  0.0470588235294
1867  2417.0  0.0470588235294
1868  2417.0  0.0470588235294
1869  2417.0  0.0470588235294
1870  2417.0  0.0470588235294
1871  2417.0  0.0470588235294
1872  2417.0  0.0470588235294
1873  2417.0  0.0470588235294
1874  2417.0  0.0470588235294
1875  2417.0  0.0470588235294
1876  2417.0  0.0470588235294
1877  2417.0  0.0470588235294
1878  2417.0  0.0470588235294
1879  2417.0  0.0470588235294
1880  2417.0  0.0470588235294
1881  2417.0  0.0470588235294
1882  2417.0  0.0470588235294
1883  2417.0  0.0470588235294
1884  2417.0  0.0470588235294
1885  2417.0  0.0470588235294
1886  2417.0  0.0470588235294
1887  2417.0  0.0470588235294
1888  2417.0  0.0470588235294
1889  2417.0  0.0470588235294
1890  2417.0  0.0470588235294
1891  2417.0  0.0470588235294
1892  2417.0  0.0470588235294
1893  2417.0  0.0470588235294
1894  2417.0  0.0470588235294
1895  2417.0  0.0470588235294
1896  2417.0  0.0470588235294
1897  2417.0  0.0470588235294
1898  2417.0  0.0470588235294
1899  2417.0  0.0470588235294
1900  2417.0  0.0470588235294
1901  2417.0  0.0470588235294
1902  2417.0  0.0470588235294
1903  2417.0  0.0470588235294
1904  2417.0  0.0470588235294
1905  2417.0  0.0470588235294
1906  2417.0  0.0470588235294
1907  2417.0  0.0470588235294
1908  2417.0  0.0470588235294
1909  2417.0  0.0470588235294
1910  2417.0  0.0470588235294
1911  2417.0  0.0470588235294
1912  2417.0  0.0470588235294
1913  2417.0  0.0470588235294
1914  2417.0  0.0470588235294
1915  2417.0  0.0470588235294
1916  2417.0  0.0470588235294
1917  2417.0  0.0470588235294
1918  2417.0  0.0470588235294
1919  2417.0  0.0470588235294
1920  2417.0  0.0470588235294
1921  2417.0  0.0470588235294
1922  2417.0  0.0470588235294
1923  2417.0  0.0470588235294
1924  2417.0  0.0470588235294
1925  2417.0  0.0470588235294
1926  2417.0  0.0470588235294
1927  2417.0  0.0470588235294
1928  2417.0  0.0470588235294
1929  2417.0  0.0470588235294
1930  2417.0  0.0470588235294
1931  2417.0  0.0470588235294
1932  2417.0  0.0470588235294
1933  2417.0  0.0470588235294
1934  2417.0  0.0470588235294
1935  2417.0  0.0470588235294
1936  2417.0  0.0470588235294
1937  2417.0  0.0470588235294
1938  2417.0  0.0470588235294
1939  2417.0  0.0470588235294
1940  2417.0  0.0470588235294
1941  2417.0  0.0470588235294
1942  2417.0  0.0470588235294
1943  2417.0  0.0470588235294
1944  2417.0  0.0470588235294
1945  2417.0  0.0470588235294
1946  2417.0  0.0470588235294
1947  2417.0  0.0470588235294
1948  2417.0  0.0470588235294
1949  2417.0  0.0470588235294
1950  2417.0  0.0470588235294
1951  2417.0  0.0470588235294
1952  2417.0  0.0470588235294
1953  2417.0  0.0470588235294
1954  2417.0  0.0470588235294
1955  2417.0  0.0470588235294
1956  2417.0  0.0470588235294
1957  2417.0  0.0470588235294
1958  2417.0  0.0470588235294
1959  2417.0  0.0470588235294
1960  2417.0  0.0470588235294
1961  2417.0  0.0470588235294
1962  2417.0  0.0470588235294
1963  2417.0  0.0470588235294
1964  2417.0  0.0470588235294
1965  2417.0  0.0470588235294
1966  2417.0  0.0470588235294
1967  2417.0  0.0470588235294
1968  2417.0  0.0470588235294
1969  2417.0  0.0470588235294
1970  2417.0  0.0470588235294
1971  2417.0  0.0470588235294
1972  2417.0  0.0470588235294
1973  2417.0  0.0470588235294
1974  2417.0  0.0470588235294
1975  2417.0  0.0470588235294
1976  2417.0  0.0470588235294
1977  2417.0  0.0470588235294
1978  2417.0  0.0470588235294
1979  2417.0  0.0470588235294
1980  2417.0  0.0470588235294
1981  2417.0  0.0470588235294
1982  2417.0  0.0470588235294
1983  2417.0  0.0470588235294
1984  2417.0  0.0470588235294
1985  2417.0  0.0470588235294
1986  2417.0  0.0470588235294
1987  2417.0  0.0470588235294
1988  2417.0  0.0470588235294
1989  2417.0  0.0470588235294
1990  2417.0  0.0470588235294
1991  2417.0  0.0470588235294
1992  2417.0  0.0470588235294
1993  2417.0  0.0470588235294
1994  2417.0  0.0470588235294
1995  2417.0  0.0470588235294
1996  2417.0  0.0470588235294
1997  2417.0  0.0470588235294
1998  2417.0  0.0470588235294
1999  2417.0  0.0470588235294
2000  2417.0  0.0470588235294
2001  2417.0  0.0470588235294
2002  2417.0  0.0470588235294
2003  2417.0  0.0470588235294
2004  2417.0  0.0470588235294
2005  2417.0  0.0470588235294
2006  2417.0  0.0470588235294
2007  2417.0  0.0470588235294
2008  2417.0  0.0470588235294
2009  2417.0  0.0470588235294
2010  2417.0  0.0470588235294
2011  2417.0  0.0470588235294
2012  2417.0  0.0470588235294
2013  2417.0  0.0470588235294
2014  2417.0  0.0470588235294
2015  2417.0  0.0470588235294
2016  2417.0  0.0470588235294
2017  2417.0  0.0470588235294
2018  2417.0  0.0470588235294
2019  2417.0  0.0470588235294
2020  2417.0  0.0470588235294
2021  2417.0  0.0470588235294
2022  2417.0  0.0470588235294
2023  2417.0  0.0470588235294
2024  2417.0  0.0470588235294
2025  2417.0  0.0470588235294
2026  2417.0  0.0470588235294
2027  2417.0  0.0470588235294
2028  2417.0  0.0470588235294
2029  2417.0  0.0470588235294
2030  2417.0  0.0470588235294
2031  2417.0  0.0470588235294
2032  2417.0  0.0470588235294
2033  2417.0  0.0470588235294
2034  2417.0  0.0470588235294
2035  2417.0  0.0470588235294
2036  2417.0  0.0470588235294
2037  2417.0  0.0470588235294
2038  2417.0  0.0470588235294
2039  2417.0  0.0470588235294
2040  2417.0  0.0470588235294
2041  2417.0  0.0470588235294
2042  2417.0  0.0470588235294
2043  2417.0  0.0470588235294
2044  2417.0  0.0470588235294
2045  2417.0  0.0470588235294
2046  2417.0  0.0470588235294
2047  2417.0  0.0470588235294
2048  2417.0  0.0470588235294
2049  2417.0  0.0470588235294
2050  2417.0  0.0470588235294
2051  2417.0  0.0470588235294
2052  2417.0  0.0470588235294
2053  2417.0  0.0470588235294
2054  2417.0  0.0470588235294
2055  2417.0  0.0470588235294
2056  2417.0  0.0470588235294
2057  2417.0  0.0470588235294
2058  2417.0  0.0470588235294
2059  2417.0  0.0470588235294
2060  2417.0  0.0470588235294
2061  2417.0  0.0470588235294
2062  2417.0  0.0470588235294
2063  2417.0  0.0470588235294
2064  2417.0  0.0470588235294
2065  2417.0  0.0470588235294
2066  2417.0  0.0470588235294
2067  2417.0  0.0470588235294
2068  2417.0  0.0470588235294
2069  2417.0  0.0470588235294
2070  2417.0  0.0470588235294
2071  2417.0  0.0470588235294
2072  2417.0  0.0470588235294
2073  2417.0  0.0470588235294
2074  2417.0  0.0470588235294
2075  2417.0  0.0470588235294
2076  2417.0  0.0470588235294
2077  2417.0  0.0470588235294
2078  2417.0  0.0470588235294
2079  2417.0  0.0470588235294
2080  2417.0  0.0470588235294
2081  2417.0  0.0470588235294
2082  2417.0  0.0470588235294
2083  2417.0  0.0470588235294
2084  2417.0  0.0470588235294
2085  2417.0  0.0470588235294
2086  2417.0  0.0470588235294
2087  2417.0  0.0470588235294
2088  2417.0  0.0470588235294
2089  2417.0  0.0470588235294
2090  2417.0  0.0470588235294
2091  2417.0  0.0470588235294
2092  2417.0  0.0470588235294
2093  2417.0  0.0470588235294
2094  2417.0  0.0470588235294
2095  2417.0  0.0470588235294
2096  2417.0  0.0470588235294
2097  2417.0  0.0470588235294
2098  2417.0  0.0470588235294
2099  2417.0  0.0470588235294
2100  2417.0  0.0470588235294
2101  2417.0  0.0470588235294
2102  2417.0  0.0470588235294
2103  2417.0  0.0470588235294
2104  2417.0  0.0470588235294
2105  2417.0  0.0470588235294
2106  2417.0  0.0470588235294
2107  2417.0  0.0470588235294
2108  2417.0  0.0470588235294
2109  2417.0  0.0470588235294
2110  2417.0  0.0470588235294
2111  2417.0  0.0470588235294
2112  2417.0  0.0470588235294
2113  2417.0  0.0470588235294
2114  2417.0  0.0470588235294
2115  2417.0  0.0470588235294
2116  2417.0  0.0470588235294
2117  2417.0  0.0470588235294
2118  2417.0  0.0470588235294
2119  2417.0  0.0470588235294
2120  2417.0  0.0470588235294
2121  2417.0  0.0470588235294
2122  2417.0  0.0470588235294
2123  2417.0  0.0470588235294
2124  2417.0  0.0470588235294
2125  2417.0  0.0470588235294
2126  2417.0  0.0470588235294
2127  2417.0  0.0470588235294
2128  2417.0  0.0470588235294
2129  2417.0  0.0470588235294
2130  2417.0  0.0470588235294
2131  2417.0  0.0470588235294
2132  2417.0  0.0470588235294
2133  2417.0  0.0470588235294
2134  2417.0  0.0470588235294
2135  2417.0  0.0470588235294
2136  2417.0  0.0470588235294
2137  2417.0  0.0470588235294
2138  2417.0  0.0470588235294
2139  2417.0  0.0470588235294
2140  2417.0  0.0470588235294
2141  2417.0  0.0470588235294
2142  2417.0  0.0470588235294
2143  2417.0  0.0470588235294
2144  2417.0  0.0470588235294
2145  2417.0  0.0470588235294
2146  2417.0  0.0470588235294
2147  2417.0  0.0470588235294
2148  2417.0  0.0470588235294
2149  2417.0  0.0470588235294
2150  2417.0  0.0470588235294
2151  2417.0  0.0470588235294
2152  2417.0  0.0470588235294
2153  2417.0  0.0470588235294
2154  2417.0  0.0470588235294
2155  2417.0  0.0470588235294
2156  2417.0  0.0470588235294
2157  2417.0  0.0470588235294
2158  2417.0  0.0470588235294
2159  2417.0  0.0470588235294
2160  2417.0  0.0470588235294
2161  2417.0  0.0470588235294
2162  2417.0  0.0470588235294
2163  2417.0  0.0470588235294
2164  2417.0  0.0470588235294
2165  2417.0  0.0470588235294
2166  2417.0  0.0470588235294
2167  2417.0  0.0470588235294
2168  2417.0  0.0470588235294
2169  2417.0  0.0470588235294
2170  2417.0  0.0470588235294
2171  2417.0  0.0470588235294
2172  2417.0  0.0470588235294
2173  2417.0  0.0470588235294
2174  2417.0  0.0470588235294
2175  2417.0  0.0470588235294
2176  2417.0  0.0470588235294
2177  2417.0  0.0470588235294
2178  2417.0  0.0470588235294
2179  2417.0  0.0470588235294
2180  2417.0  0.0470588235294
2181  2417.0  0.0470588235294
2182  2417.0  0.0470588235294
2183  2417.0  0.0470588235294
2184  2417.0  0.0470588235294
2185  2417.0  0.0470588235294
2186  2417.0  0.0470588235294
2187  2417.0  0.0470588235294
2188  2417.0  0.0470588235294
2189  2417.0  0.0470588235294
2190  2417.0  0.0470588235294
2191  2417.0  0.0470588235294
2192  2417.0  0.0470588235294
2193  2417.0  0.0470588235294
2194  2417.0  0.0470588235294
2195  2417.0  0.0470588235294
2196  2417.0  0.0470588235294
2197  2417.0  0.0470588235294
2198  2417.0  0.0470588235294
2199  2417.0  0.0470588235294
2200  2417.0  0.0470588235294
2201  2417.0  0.0470588235294
2202  2417.0  0.0470588235294
2203  2417.0  0.0470588235294
2204  2417.0  0.0470588235294
2205  2417.0  0.0470588235294
2206  2417.0  0.0470588235294
2207  2417.0  0.0470588235294
2208  2417.0  0.0470588235294
2209  2417.0  0.0470588235294
2210  2417.0  0.0470588235294
2211  2417.0  0.0470588235294
2212  2417.0  0.0470588235294
2213  2417.0  0.0470588235294
2214  2417.0  0.0470588235294
2215  2417.0  0.0470588235294
2216  2417.0  0.0470588235294
2217  2417.0  0.0470588235294
2218  2417.0  0.0470588235294
2219  2417.0  0.0470588235294
2220  2417.0  0.0470588235294
2221  2417.0  0.0470588235294
2222  2417.0  0.0470588235294
2223  2417.0  0.0470588235294
2224  2417.0  0.0470588235294
2225  2417.0  0.0470588235294
2226  2417.0  0.0470588235294
2227  2417.0  0.0470588235294
2228  2417.0  0.0470588235294
2229  2417.0  0.0470588235294
2230  2417.0  0.0470588235294
2231  2417.0  0.0470588235294
2232  2417.0  0.0470588235294
2233  2417.0  0.0470588235294
2234  2417.0  0.0470588235294
2235  2417.0  0.0470588235294
2236  2417.0  0.0470588235294
2237  2417.0  0.0470588235294
2238  2417.0  0.0470588235294
2239  2417.0  0.0470588235294
2240  2417.0  0.0470588235294
2241  2417.0  0.0470588235294
2242  2417.0  0.0470588235294
2243  2417.0  0.0470588235294
2244  2417.0  0.0470588235294
2245  2417.0  0.0470588235294
2246  2417.0  0.0470588235294
2247  2417.0  0.0470588235294
2248  2417.0  0.0470588235294
2249  2417.0  0.0470588235294
2250  2417.0  0.0470588235294
2251  2417.0  0.0470588235294
2252  2417.0  0.0470588235294
2253  2417.0  0.0470588235294
2254  2417.0  0.0470588235294
2255  2417.0  0.0470588235294
2256  2417.0  0.0470588235294
2257  2417.0  0.0470588235294
2258  2417.0  0.0470588235294
2259  2417.0  0.0470588235294
2260  2417.0  0.0470588235294
2261  2417.0  0.0470588235294
2262  2417.0  0.0470588235294
2263  2417.0  0.0470588235294
2264  2417.0  0.0470588235294
2265  2417.0  0.0470588235294
2266  2417.0  0.0470588235294
2267  2417.0  0.0470588235294
2268  2417.0  0.0470588235294
2269  2417.0  0.0470588235294
2270  2417.0  0.0470588235294
2271  2417.0  0.0470588235294
2272  2417.0  0.0470588235294
2273  2417.0  0.0470588235294
2274  2417.0  0.0470588235294
2275  2417.0  0.0470588235294
2276  2417.0  0.0470588235294
2277  2417.0  0.0470588235294
2278  2417.0  0.0470588235294
2279  2417.0  0.0470588235294
2280  2417.0  0.0470588235294
2281  2417.0  0.0470588235294
2282  2417.0  0.0470588235294
2283  2417.0  0.0470588235294
2284  2417.0  0.0470588235294
2285  2417.0  0.0470588235294
2286  2417.0  0.0470588235294
2287  2417.0  0.0470588235294
2288  2417.0  0.0470588235294
2289  2417.0  0.0470588235294
2290  2417.0  0.0470588235294
2291  2417.0  0.0470588235294
2292  2417.0  0.0470588235294
2293  2417.0  0.0470588235294
2294  2417.0  0.0470588235294
2295  2417.0  0.0470588235294
2296  2417.0  0.0470588235294
2297  2417.0  0.0470588235294
2298  2417.0  0.0470588235294
2299  2417.0  0.0470588235294
2300  2417.0  0.0470588235294
2301  2417.0  0.0470588235294
2302  2417.0  0.0470588235294
2303  2417.0  0.0470588235294
2304  2417.0  0.0470588235294
2305  2417.0  0.0470588235294
2306  2417.0  0.0470588235294
2307  2417.0  0.0470588235294
2308  2417.0  0.0470588235294
2309  2417.0  0.0470588235294
2310  2417.0  0.0470588235294
2311  2417.0  0.0470588235294
2312  2417.0  0.0470588235294
2313  2417.0  0.0470588235294
2314  2417.0  0.0470588235294
2315  2417.0  0.0470588235294
2316  2417.0  0.0470588235294
2317  2417.0  0.0470588235294
2318  2417.0  0.0470588235294
2319  2417.0  0.0470588235294
2320  2417.0  0.0470588235294
2321  2417.0  0.0470588235294
2322  2417.0  0.0470588235294
2323  2417.0  0.0470588235294
2324  2417.0  0.0470588235294
2325  2417.0  0.0470588235294
2326  2417.0  0.0470588235294
2327  2417.0  0.0470588235294
2328  2417.0  0.0470588235294
2329  2417.0  0.0470588235294
2330  2417.0  0.0470588235294
2331  2417.0  0.0470588235294
2332  2417.0  0.0470588235294
2333  2417.0  0.0470588235294
2334  2417.0  0.0470588235294
2335  2417.0  0.0470588235294
2336  2417.0  0.0470588235294
2337  2417.0  0.0470588235294
2338  2417.0  0.0470588235294
2339  2417.0  0.0470588235294
2340  2417.0  0.0470588235294
2341  2417.0  0.0470588235294
2342  2417.0  0.0470588235294
2343  2417.0  0.0470588235294
2344  2417.0  0.0470588235294
2345  2417.0  0.0470588235294
2346  2417.0  0.0470588235294
2347  2417.0  0.0470588235294
2348  2417.0  0.0470588235294
2349  2417.0  0.0470588235294
2350  2417.0  0.0470588235294
2351  2417.0  0.0470588235294
2352  2417.0  0.0470588235294
2353  2417.0  0.0470588235294
2354  2417.0  0.0470588235294
2355  2417.0  0.0470588235294
2356  2417.0  0.0470588235294
2357  2417.0  0.0470588235294
2358  2417.0  0.0470588235294
2359  2417.0  0.0470588235294
2360  2417.0  0.0470588235294
2361  2417.0  0.0470588235294
2362  2417.0  0.0470588235294
2363  2417.0  0.0470588235294
2364  2417.0  0.0470588235294
2365  2417.0  0.0470588235294
2366  2417.0  0.0470588235294
2367  2417.0  0.0470588235294
2368  2417.0  0.0470588235294
2369  2417.0  0.0470588235294
2370  2417.0  0.0470588235294
2371  2417.0  0.0470588235294
2372  2417.0  0.0470588235294
2373  2417.0  0.0470588235294
2374  2417.0  0.0470588235294
2375  2417.0  0.0470588235294
2376  2417.0  0.0470588235294
2377  2417.0  0.0470588235294
2378  2417.0  0.0470588235294
2379  2417.0  0.0470588235294
2380  2417.0  0.0470588235294
2381  2417.0  0.0470588235294
2382  2417.0  0.0470588235294
2383  2417.0  0.0470588235294
2384  2417.0  0.0470588235294
2385  2417.0  0.0470588235294
2386  2417.0  0.0470588235294
2387  2417.0  0.0470588235294
2388  2417.0  0.0470588235294
2389  2417.0  0.0470588235294
2390  2417.0  0.0470588235294
2391  2417.0  0.0470588235294
2392  2417.0  0.0470588235294
2393  2417.0  0.0470588235294
2394  2417.0  0.0470588235294
2395  2417.0  0.0470588235294
2396  2417.0  0.0470588235294
2397  2417.0  0.0470588235294
2398  2417.0  0.0470588235294
2399  2417.0  0.0470588235294
2400  2417.0  0.0470588235294
2401  2417.0  0.0470588235294
2402  2417.0  0.0470588235294
2403  2417.0  0.0470588235294
2404  2417.0  0.0470588235294
2405  2417.0  0.0470588235294
2406  2417.0  0.0470588235294
2407  2417.0  0.0470588235294
2408  2417.0  0.0470588235294
2409  2417.0  0.0470588235294
2410  2417.0  0.0470588235294
2411  2417.0  0.0470588235294
2412  2417.0  0.0470588235294
2413  2417.0  0.0470588235294
2414  2417.0  0.0470588235294
2415  2417.0  0.0470588235294
2416  2417.0  0.0470588235294
2417  2417.0  0.0470588235294
2418  2417.0  0.0470588235294
2419  2417.0  0.0470588235294
2420  2417.0  0.0470588235294
2421  2417.0  0.0470588235294
2422  2417.0  0.0470588235294
2423  2417.0  0.0470588235294
2424  2417.0  0.0470588235294
2425  2417.0  0.0470588235294
2426  2417.0  0.0470588235294
2427  2417.0  0.0470588235294
2428  2417.0  0.0470588235294
2429  2417.0  0.0470588235294
2430  2417.0  0.0470588235294
2431  2417.0  0.0470588235294
2432  2417.0  0.0470588235294
2433  2417.0  0.0470588235294
2434  2417.0  0.0470588235294
2435  2417.0  0.0470588235294
2436  2417.0  0.0470588235294
2437  2417.0  0.0470588235294
2438  2417.0  0.0470588235294
2439  2417.0  0.0470588235294
2440  2417.0  0.0470588235294
2441  2417.0  0.0470588235294
2442  2417.0  0.0470588235294
2443  2417.0  0.0470588235294
2444  2417.0  0.0470588235294
2445  2417.0  0.0470588235294
2446  2417.0  0.0470588235294
2447  2417.0  0.0470588235294
2448  2417.0  0.0470588235294
2449  2417.0  0.0470588235294
2450  2417.0  0.0470588235294
2451  2417.0  0.0470588235294
2452  2417.0  0.0470588235294
2453  2417.0  0.0470588235294
2454  2417.0  0.0470588235294
2455  2417.0  0.0470588235294
2456  2417.0  0.0470588235294
2457  2417.0  0.0470588235294
2458  2417.0  0.0470588235294
2459  2417.0  0.0470588235294
2460  2417.0  0.0470588235294
2461  2417.0  0.0470588235294
2462  2417.0  0.0470588235294
2463  2417.0  0.0470588235294
2464  2417.0  0.0470588235294
2465  2417.0  0.0470588235294
2466  2417.0  0.0470588235294
2467  2417.0  0.0470588235294
2468  2417.0  0.0470588235294
2469  2417.0  0.0470588235294
2470  2417.0  0.0470588235294
2471  2417.0  0.0470588235294
2472  2417.0  0.0470588235294
2473  2417.0  0.0470588235294
2474  2417.0  0.0470588235294
2475  2417.0  0.0470588235294
2476  2417.0  0.0470588235294
2477  2417.0  0.0470588235294
2478  2417.0  0.0470588235294
2479  2417.0  0.0470588235294
2480  2417.0  0.0470588235294
2481  2417.0  0.0470588235294
2482  2417.0  0.0470588235294
2483  2417.0  0.0470588235294
2484  2417.0  0.0470588235294
2485  2417.0  0.0470588235294
2486  2417.0  0.0470588235294
2487  2417.0  0.0470588235294
2488  2417.0  0.0470588235294
2489  2417.0  0.0470588235294
2490  2417.0  0.0470588235294
2491  2417.0  0.0470588235294
2492  2417.0  0.0470588235294
2493  2417.0  0.0470588235294
2494  2417.0  0.0470588235294
2495  2417.0  0.0470588235294
2496  2417.0  0.0470588235294
2497  2417.0  0.0470588235294
2498  2417.0  0.0470588235294
2499  2417.0  0.0470588235294
2500  2417.0  0.0470588235294
2501  2417.0  0.0470588235294
2502  2417.0  0.0470588235294
2503  2417.0  0.0470588235294
2504  2417.0  0.0470588235294
2505  2417.0  0.0470588235294
2506  2417.0  0.0470588235294
2507  2417.0  0.0470588235294
2508  2417.0  0.0470588235294
2509  2417.0  0.0470588235294
2510  2417.0  0.0470588235294
2511  2417.0  0.0470588235294
2512  2417.0  0.0470588235294
2513  2417.0  0.0470588235294
2514  2417.0  0.0470588235294
2515  2417.0  0.0470588235294
2516  2417.0  0.0470588235294
2517  2417.0  0.0470588235294
2518  2417.0  0.0470588235294
2519  2417.0  0.0470588235294
2520  2417.0  0.0470588235294
2521  2417.0  0.0470588235294
2522  2417.0  0.0470588235294
2523  2417.0  0.0470588235294
2524  2417.0  0.0470588235294
2525  2417.0  0.0470588235294
2526  2417.0  0.0470588235294
2527  2417.0  0.0470588235294
2528  2417.0  0.0470588235294
2529  2417.0  0.0470588235294
2530  2417.0  0.0470588235294
2531  2417.0  0.0470588235294
2532  2417.0  0.0470588235294
2533  2417.0  0.0470588235294
2534  2417.0  0.0470588235294
2535  2417.0  0.0470588235294
2536  2417.0  0.0470588235294
2537  2417.0  0.0470588235294
2538  2417.0  0.0470588235294
2539  2417.0  0.0470588235294
2540  2417.0  0.0470588235294
2541  2417.0  0.0470588235294
2542  2417.0  0.0470588235294
2543  2417.0  0.0470588235294
2544  2417.0  0.0470588235294
2545  2417.0  0.0470588235294
2546  2417.0  0.0470588235294
2547  2417.0  0.0470588235294
2548  2417.0  0.0470588235294
2549  2417.0  0.0470588235294
2550  2417.0  0.0470588235294
2551  2417.0  0.0470588235294
2552  2417.0  0.0470588235294
2553  2417.0  0.0470588235294
2554  2417.0  0.0470588235294
2555  2417.0  0.0470588235294
2556  2417.0  0.0470588235294
2557  2417.0  0.0470588235294
2558  2417.0  0.0470588235294
2559  2417.0  0.0470588235294
2560  2417.0  0.0470588235294
2561  2417.0  0.0470588235294
2562  2417.0  0.0470588235294
2563  2417.0  0.0470588235294
2564  2417.0  0.0470588235294
2565  2417.0  0.0470588235294
2566  2417.0  0.0470588235294
2567  2417.0  0.0470588235294
2568  2417.0  0.0470588235294
2569  2417.0  0.0470588235294
2570  2417.0  0.0470588235294
2571  2417.0  0.0470588235294
2572  2417.0  0.0470588235294
2573  2417.0  0.0470588235294
2574  2417.0  0.0470588235294
2575  2417.0  0.0470588235294
2576  2417.0  0.0470588235294
2577  2417.0  0.0470588235294
2578  2417.0  0.0470588235294
2579  2417.0  0.0470588235294
2580  2417.0  0.0470588235294
2581  2417.0  0.0470588235294
2582  2417.0  0.0470588235294
2583  2417.0  0.0470588235294
2584  2417.0  0.0470588235294
2585  2417.0  0.0470588235294
2586  2417.0  0.0470588235294
2587  2417.0  0.0470588235294
2588  2417.0  0.0470588235294
2589  2417.0  0.0470588235294
2590  2417.0  0.0470588235294
2591  2417.0  0.0470588235294
2592  2417.0  0.0470588235294
2593  2417.0  0.0470588235294
2594  2417.0  0.0470588235294
2595  2417.0  0.0470588235294
2596  2417.0  0.0470588235294
2597  2417.0  0.0470588235294
2598  2417.0  0.0470588235294
2599  2417.0  0.0470588235294
2600  2417.0  0.0470588235294
2601  2417.0  0.0470588235294
2602  2417.0  0.0470588235294
2603  2417.0  0.0470588235294
2604  2417.0  0.0470588235294
2605  2417.0  0.0470588235294
2606  2417.0  0.0470588235294
2607  2417.0  0.0470588235294
2608  2417.0  0.0470588235294
2609  2417.0  0.0470588235294
2610  2417.0  0.0470588235294
2611  2417.0  0.0470588235294
2612  2417.0  0.0470588235294
2613  2417.0  0.0470588235294
2614  2417.0  0.0470588235294
2615  2417.0  0.0470588235294
2616  2417.0  0.0470588235294
2617  2417.0  0.0470588235294
2618  2417.0  0.0470588235294
2619  2417.0  0.0470588235294
2620  2417.0  0.0470588235294
2621  2417.0  0.0470588235294
2622  2417.0  0.0470588235294
2623  2417.0  0.0470588235294
2624  2417.0  0.0470588235294
2625  2417.0  0.0470588235294
2626  2417.0  0.0470588235294
2627  2417.0  0.0470588235294
2628  2417.0  0.0470588235294
2629  2417.0  0.0470588235294
2630  2417.0  0.0470588235294
2631  2417.0  0.0470588235294
2632  2417.0  0.0470588235294
2633  2417.0  0.0470588235294
2634  2417.0  0.0470588235294
2635  2417.0  0.0470588235294
2636  2417.0  0.0470588235294
2637  2417.0  0.0470588235294
2638  2417.0  0.0470588235294
2639  2417.0  0.0470588235294
2640  2417.0  0.0470588235294
2641  2417.0  0.0470588235294
2642  2417.0  0.0470588235294
2643  2417.0  0.0470588235294
2644  2417.0  0.0470588235294
2645  2417.0  0.0470588235294
2646  2417.0  0.0470588235294
2647  2417.0  0.0470588235294
2648  2417.0  0.0470588235294
2649  2417.0  0.0470588235294
2650  2417.0  0.0470588235294
2651  2417.0  0.0470588235294
2652  2417.0  0.0470588235294
2653  2417.0  0.0470588235294
2654  2417.0  0.0470588235294
2655  2417.0  0.0470588235294
2656  2417.0  0.0470588235294
2657  2417.0  0.0470588235294
2658  2417.0  0.0470588235294
2659  2417.0  0.0470588235294
2660  2417.0  0.0470588235294
2661  2417.0  0.0470588235294
2662  2417.0  0.0470588235294
2663  2417.0  0.0470588235294
2664  2417.0  0.0470588235294
2665  2417.0  0.0470588235294
2666  2417.0  0.0470588235294
2667  2417.0  0.0470588235294
2668  2417.0  0.0470588235294
2669  2417.0  0.0470588235294
2670  2417.0  0.0470588235294
2671  2417.0  0.0470588235294
2672  2417.0  0.0470588235294
2673  2417.0  0.0470588235294
2674  2417.0  0.0470588235294
2675  2417.0  0.0470588235294
2676  2417.0  0.0470588235294
2677  2417.0  0.0470588235294
2678  2417.0  0.0470588235294
2679  2417.0  0.0470588235294
2680  2417.0  0.0470588235294
2681  2417.0  0.0470588235294
2682  2417.0  0.0470588235294
2683  2417.0  0.0470588235294
2684  2417.0  0.0470588235294
2685  2417.0  0.0470588235294
2686  2417.0  0.0470588235294
2687  2417.0  0.0470588235294
2688  2417.0  0.0470588235294
2689  2417.0  0.0470588235294
2690  2417.0  0.0470588235294
2691  2417.0  0.0470588235294
2692  2417.0  0.0470588235294
2693  2417.0  0.0470588235294
2694  2417.0  0.0470588235294
2695  2417.0  0.0470588235294
2696  2417.0  0.0470588235294
2697  2417.0  0.0470588235294
2698  2417.0  0.0470588235294
2699  2417.0  0.0470588235294
2700  2417.0  0.0470588235294
2701  2417.0  0.0470588235294
2702  2417.0  0.0470588235294
2703  2417.0  0.0470588235294
2704  2417.0  0.0470588235294
2705  2417.0  0.0470588235294
2706  2417.0  0.0470588235294
2707  2417.0  0.0470588235294
2708  2417.0  0.0470588235294
2709  2417.0  0.0470588235294
2710  2417.0  0.0470588235294
2711  2417.0  0.0470588235294
2712  2417.0  0.0470588235294
2713  2417.0  0.0470588235294
2714  2417.0  0.0470588235294
2715  2417.0  0.0470588235294
2716  2417.0  0.0470588235294
2717  2417.0  0.0470588235294
2718  2417.0  0.0470588235294
2719  2417.0  0.0470588235294
2720  2417.0  0.0470588235294
2721  2417.0  0.0470588235294
2722  2417.0  0.0470588235294
2723  2417.0  0.0470588235294
2724  2417.0  0.0470588235294
2725  2417.0  0.0470588235294
2726  2417.0  0.0470588235294
2727  2417.0  0.0470588235294
2728  2417.0  0.0470588235294
2729  2417.0  0.0470588235294
2730  2417.0  0.0470588235294
2731  2417.0  0.0470588235294
2732  2417.0  0.0470588235294
2733  2417.0  0.0470588235294
2734  2417.0  0.0470588235294
2735  2417.0  0.0470588235294
2736  2417.0  0.0470588235294
2737  2417.0  0.0470588235294
2738  2417.0  0.0470588235294
2739  2417.0  0.0470588235294
2740  2417.0  0.0470588235294
2741  2417.0  0.0470588235294
2742  2417.0  0.0470588235294
2743  2417.0  0.0470588235294
2744  2417.0  0.0470588235294
2745  2417.0  0.0470588235294
2746  2417.0  0.0470588235294
2747  2417.0  0.0470588235294
2748  2417.0  0.0470588235294
2749  2417.0  0.0470588235294
2750  2417.0  0.0470588235294
2751  2417.0  0.0470588235294
2752  2417.0  0.0470588235294
2753  2417.0  0.0470588235294
2754  2417.0  0.0470588235294
2755  2417.0  0.0470588235294
2756  2417.0  0.0470588235294
2757  2417.0  0.0470588235294
2758  2417.0  0.0470588235294
2759  2417.0  0.0470588235294
2760  2417.0  0.0470588235294
2761  2417.0  0.0470588235294
2762  2417.0  0.0470588235294
2763  2417.0  0.0470588235294
2764  2417.0  0.0470588235294
2765  2417.0  0.0470588235294
2766  2417.0  0.0470588235294
2767  2417.0  0.0470588235294
2768  2417.0  0.0470588235294
2769  2417.0  0.0470588235294
2770  2417.0  0.0470588235294
2771  2417.0  0.0470588235294
2772  2417.0  0.0470588235294
2773  2417.0  0.0470588235294
2774  2417.0  0.0470588235294
2775  2417.0  0.0470588235294
2776  2417.0  0.0470588235294
2777  2417.0  0.0470588235294
2778  2417.0  0.0470588235294
2779  2417.0  0.0470588235294
2780  2417.0  0.0470588235294
2781  2417.0  0.0470588235294
2782  2417.0  0.0470588235294
2783  2417.0  0.0470588235294
2784  2417.0  0.0470588235294
2785  2417.0  0.0470588235294
2786  2417.0  0.0470588235294
2787  2417.0  0.0470588235294
2788  2417.0  0.0470588235294
2789  2417.0  0.0470588235294
2790  2417.0  0.0470588235294
2791  2417.0  0.0470588235294
2792  2417.0  0.0470588235294
2793  2417.0  0.0470588235294
2794  2417.0  0.0470588235294
2795  2417.0  0.0470588235294
2796  2417.0  0.0470588235294
2797  2417.0  0.0470588235294
2798  2417.0  0.0470588235294
2799  2417.0  0.0470588235294
2800  2417.0  0.0470588235294
2801  2417.0  0.0470588235294
2802  2417.0  0.0470588235294
2803  2417.0  0.0470588235294
2804  2417.0  0.0470588235294
2805  2417.0  0.0470588235294
2806  2417.0  0.0470588235294
2807  2417.0  0.0470588235294
2808  2417.0  0.0470588235294
2809  2417.0  0.0470588235294
2810  2417.0  0.0470588235294
2811  2417.0  0.0470588235294
2812  2417.0  0.0470588235294
2813  2417.0  0.0470588235294
2814  2417.0  0.0470588235294
2815  2417.0  0.0470588235294
2816  2417.0  0.0470588235294
2817  2417.0  0.0470588235294
2818  2417.0  0.0470588235294
2819  2417.0  0.0470588235294
2820  2417.0  0.0470588235294
2821  2417.0  0.0470588235294
2822  2417.0  0.0470588235294
2823  2417.0  0.0470588235294
2824  2417.0  0.0470588235294
2825  2417.0  0.0470588235294
2826  2417.0  0.0470588235294
2827  2417.0  0.0470588235294
2828  2417.0  0.0470588235294
2829  2417.0  0.0470588235294
2830  2417.0  0.0470588235294
2831  2417.0  0.0470588235294
2832  2417.0  0.0470588235294
2833  2417.0  0.0470588235294
2834  2417.0  0.0470588235294
2835  2417.0  0.0470588235294
2836  2417.0  0.0470588235294
2837  2417.0  0.0470588235294
2838  2417.0  0.0470588235294
2839  2417.0  0.0470588235294
2840  2417.0  0.0470588235294
2841  2417.0  0.0470588235294
2842  2417.0  0.0470588235294
2843  2417.0  0.0470588235294
2844  2417.0  0.0470588235294
2845  2417.0  0.0470588235294
2846  2417.0  0.0470588235294
2847  2417.0  0.0470588235294
2848  2417.0  0.0470588235294
2849  2417.0  0.0470588235294
2850  2417.0  0.0470588235294
2851  2417.0  0.0470588235294
2852  2417.0  0.0470588235294
2853  2417.0  0.0470588235294
2854  2417.0  0.0470588235294
2855  2417.0  0.0470588235294
2856  2417.0  0.0470588235294
2857  2417.0  0.0470588235294
2858  2417.0  0.0470588235294
2859  2417.0  0.0470588235294
2860  2417.0  0.0470588235294
2861  2417.0  0.0470588235294
2862  2417.0  0.0470588235294
2863  2417.0  0.0470588235294
2864  2417.0  0.0470588235294
2865  2417.0  0.0470588235294
2866  2417.0  0.0470588235294
2867  2417.0  0.0470588235294
2868  2417.0  0.0470588235294
2869  2417.0  0.0470588235294
2870  2417.0  0.0470588235294
2871  2417.0  0.0470588235294
2872  2417.0  0.0470588235294
2873  2417.0  0.0470588235294
2874  2417.0  0.0470588235294
2875  2417.0  0.0470588235294
2876  2417.0  0.0470588235294
2877  2417.0  0.0470588235294
2878  2417.0  0.0470588235294
2879  2417.0  0.0470588235294
2880  2417.0  0.0470588235294
2881  2417.0  0.0470588235294
2882  2417.0  0.0470588235294
2883  2417.0  0.0470588235294
2884  2417.0  0.0470588235294
2885  2417.0  0.0470588235294
2886  2417.0  0.0470588235294
2887  2417.0  0.0470588235294
2888  2417.0  0.0470588235294
2889  2417.0  0.0470588235294
2890  2417.0  0.0470588235294
2891  2417.0  0.0470588235294
2892  2417.0  0.0470588235294
2893  2417.0  0.0470588235294
2894  2417.0  0.0470588235294
2895  2417.0  0.0470588235294
2896  2417.0  0.0470588235294
2897  2417.0  0.0470588235294
2898  2417.0  0.0470588235294
2899  2417.0  0.0470588235294
2900  2417.0  0.0470588235294
2901  2417.0  0.0470588235294
2902  2417.0  0.0470588235294
2903  2417.0  0.0470588235294
2904  2417.0  0.0470588235294
2905  2417.0  0.0470588235294
2906  2417.0  0.0470588235294
2907  2417.0  0.0470588235294
2908  2417.0  0.0470588235294
2909  2417.0  0.0470588235294
2910  2417.0  0.0470588235294
2911  2417.0  0.0470588235294
2912  2417.0  0.0470588235294
2913  2417.0  0.0470588235294
2914  2417.0  0.0470588235294
2915  2417.0  0.0470588235294
2916  2417.0  0.0470588235294
2917  2417.0  0.0470588235294
2918  2417.0  0.0470588235294
2919  2417.0  0.0470588235294
2920  2417.0  0.0470588235294
2921  2417.0  0.0470588235294
2922  2417.0  0.0470588235294
2923  2417.0  0.0470588235294
2924  2417.0  0.0470588235294
2925  2417.0  0.0470588235294
2926  2417.0  0.0470588235294
2927  2417.0  0.0470588235294
2928  2417.0  0.0470588235294
2929  2417.0  0.0470588235294
2930  2417.0  0.0470588235294
2931  2417.0  0.0470588235294
2932  2417.0  0.0470588235294
2933  2417.0  0.0470588235294
2934  2417.0  0.0470588235294
2935  2417.0  0.0470588235294
2936  2417.0  0.0470588235294
2937  2417.0  0.0470588235294
2938  2417.0  0.0470588235294
2939  2417.0  0.0470588235294
2940  2417.0  0.0470588235294
2941  2417.0  0.0470588235294
2942  2417.0  0.0470588235294
2943  2417.0  0.0470588235294
2944  2417.0  0.0470588235294
2945  2417.0  0.0470588235294
2946  2417.0  0.0470588235294
2947  2417.0  0.0470588235294
2948  2417.0  0.0470588235294
2949  2417.0  0.0470588235294
2950  2417.0  0.0470588235294
2951  2417.0  0.0470588235294
2952  2417.0  0.0470588235294
2953  2417.0  0.0470588235294
2954  2417.0  0.0470588235294
2955  2417.0  0.0470588235294
2956  2417.0  0.0470588235294
2957  2417.0  0.0470588235294
2958  2417.0  0.0470588235294
2959  2417.0  0.0470588235294
2960  2417.0  0.0470588235294
2961  2417.0  0.0470588235294
2962  2417.0  0.0470588235294
2963  2417.0  0.0470588235294
2964  2417.0  0.0470588235294
2965  2417.0  0.0470588235294
2966  2417.0  0.0470588235294
2967  2417.0  0.0470588235294
2968  2417.0  0.0470588235294
2969  2417.0  0.0470588235294
2970  2417.0  0.0470588235294
2971  2417.0  0.0470588235294
2972  2417.0  0.0470588235294
2973  2417.0  0.0470588235294
2974  2417.0  0.0470588235294
2975  2417.0  0.0470588235294
2976  2417.0  0.0470588235294
2977  2417.0  0.0470588235294
2978  2417.0  0.0470588235294
2979  2417.0  0.0470588235294
2980  2417.0  0.0470588235294
2981  2417.0  0.0470588235294
2982  2417.0  0.0470588235294
2983  2417.0  0.0470588235294
2984  2417.0  0.0470588235294
2985  2417.0  0.0470588235294
2986  2417.0  0.0470588235294
2987  2417.0  0.0470588235294
2988  2417.0  0.0470588235294
2989  2417.0  0.0470588235294
2990  2417.0  0.0470588235294
2991  2417.0  0.0470588235294
2992  2417.0  0.0470588235294
2993  2417.0  0.0470588235294
2994  2417.0  0.0470588235294
2995  2417.0  0.0470588235294
2996  2417.0  0.0470588235294
2997  2417.0  0.0470588235294
2998  2417.0  0.0470588235294
2999  2417.0  0.0470588235294
#[-2, 8, 9, 9, 9]
#[9, 9, 9, 9, 9]
#[-3, 5, 9, 9, 9]
#[-6, 9, 9, 9, 9]
#[9, 9, 9, 9, 9]
#[9, 9, 9, 9, 9]
#[9, 9, 9, 9, 9]
#[9, 9, 9, 9, 9]
#[9, 9, 9, 9, 9]
#[9, 9, 9, 9, 9]
#[9, 9, 9, 9, 9]
#[-4, 9, 9, 9, 9]
#[9, 9, 9, 9, 9]
#[9, 9, 9, 9, 9]
#[9, 9, 9, 9, 9]
#[9, 9, 9, 9, 9]
#Specialization index= [1, 9, 0.06756756756756757]
