#[7, 5, 5, 8, 0, 9, 9, 9, 3, 9]
#[6, 0, 7, 2, 0, 5, 6, 0, 9, 9]
#[8, 4, 4, 6, 2, 5, 6, 2, 6, 8]
#[6, 9, 5, 0, 4, 1, 8, 7, 3, 7]
#[7, 4, 7, 4, 1, 6, 1, 9, 9, 7]
#[7, 4, 0, 7, 6, 9, 6, 1, 1, 8]
#[1, 4, 5, 2, 4, 9, 0, 3, 2, 2]
#[8, 8, 7, 7, 6, 4, 1, 5, 1, 7]
#[4, 6, 6, 8, 8, 9, 7, 2, 4, 9]
0  2077.0  0.15
1  2190.0  0.12
2  2401.0  0.1
3  2401.0  0.1
4  2401.0  0.1
5  2401.0  0.1
6  2401.0  0.1
7  2401.0  0.1
8  2401.0  0.1
9  2401.0  0.1
10  2411.0  0.1
11  2411.0  0.1
12  2411.0  0.1
13  2411.0  0.1
14  2411.0  0.1
15  2411.0  0.1
16  2411.0  0.1
17  2411.0  0.1
18  2411.0  0.1
19  2411.0  0.1
20  2587.0  0.07
21  2587.0  0.07
22  2587.0  0.07
23  2587.0  0.07
24  2587.0  0.07
25  2587.0  0.07
26  2587.0  0.07
27  2587.0  0.07
28  2587.0  0.07
29  2587.0  0.07
30  2587.0  0.07
31  2587.0  0.07
32  2587.0  0.07
33  2587.0  0.07
34  2587.0  0.07
35  2587.0  0.07
36  2587.0  0.07
37  2587.0  0.07
38  2587.0  0.07
39  2587.0  0.07
40  2587.0  0.07
41  2587.0  0.07
42  2587.0  0.07
43  2587.0  0.07
44  2587.0  0.07
45  2587.0  0.07
46  2587.0  0.07
47  2587.0  0.07
48  2587.0  0.07
49  2587.0  0.07
50  2587.0  0.07
51  2587.0  0.07
52  2587.0  0.07
53  2587.0  0.07
54  2587.0  0.07
55  2587.0  0.07
56  2587.0  0.07
57  2587.0  0.07
58  2587.0  0.07
59  2587.0  0.07
60  2587.0  0.07
61  2587.0  0.07
62  2587.0  0.07
63  2587.0  0.07
64  2587.0  0.07
65  2587.0  0.07
66  2587.0  0.07
67  2587.0  0.07
68  2587.0  0.07
69  2587.0  0.07
70  2587.0  0.07
71  2587.0  0.07
72  2587.0  0.07
73  2587.0  0.07
74  2587.0  0.07
75  2587.0  0.07
76  2587.0  0.07
77  2587.0  0.07
78  2587.0  0.07
79  2587.0  0.07
80  2587.0  0.07
81  2587.0  0.07
82  2587.0  0.07
83  2587.0  0.07
84  2587.0  0.07
85  2587.0  0.07
86  2587.0  0.07
87  2587.0  0.07
88  2587.0  0.07
89  2587.0  0.07
90  2587.0  0.07
91  2587.0  0.07
92  2587.0  0.07
93  2587.0  0.07
94  2587.0  0.07
95  2587.0  0.07
96  2587.0  0.07
97  2587.0  0.07
98  2587.0  0.07
99  2587.0  0.07
100  2587.0  0.07
101  2587.0  0.07
102  2587.0  0.07
103  2587.0  0.07
104  2587.0  0.07
105  2587.0  0.07
106  2587.0  0.07
107  2587.0  0.07
108  2587.0  0.07
109  2587.0  0.07
110  2587.0  0.07
111  2587.0  0.07
112  2587.0  0.07
113  2587.0  0.07
114  2587.0  0.07
115  2587.0  0.07
116  2587.0  0.07
117  2587.0  0.07
118  2587.0  0.07
119  2587.0  0.07
120  2587.0  0.07
121  2587.0  0.07
122  2587.0  0.07
123  2587.0  0.07
124  2587.0  0.07
125  2587.0  0.07
126  2587.0  0.07
127  2587.0  0.07
128  2587.0  0.07
129  2587.0  0.07
130  2587.0  0.07
131  2587.0  0.07
132  2587.0  0.07
133  2587.0  0.07
134  2587.0  0.07
135  2587.0  0.07
136  2587.0  0.07
137  2587.0  0.07
138  2587.0  0.07
139  2587.0  0.07
140  2587.0  0.07
141  2587.0  0.07
142  2587.0  0.07
143  2587.0  0.07
144  2587.0  0.07
145  2587.0  0.07
146  2587.0  0.07
147  2587.0  0.07
148  2587.0  0.07
149  2587.0  0.07
150  2587.0  0.07
151  2587.0  0.07
152  2587.0  0.07
153  2587.0  0.07
154  2587.0  0.07
155  2587.0  0.07
156  2587.0  0.07
157  2587.0  0.07
158  2587.0  0.07
159  2587.0  0.07
160  2589.0  0.06
161  2589.0  0.06
162  2589.0  0.06
163  2589.0  0.06
164  2589.0  0.06
165  2589.0  0.06
166  2589.0  0.06
167  2589.0  0.06
168  2589.0  0.06
169  2589.0  0.06
170  2589.0  0.06
171  2589.0  0.06
172  2589.0  0.06
173  2589.0  0.06
174  2589.0  0.06
175  2589.0  0.06
176  2589.0  0.06
177  2589.0  0.06
178  2589.0  0.06
179  2589.0  0.06
180  2589.0  0.06
181  2589.0  0.06
182  2589.0  0.06
183  2589.0  0.06
184  2589.0  0.06
185  2589.0  0.06
186  2589.0  0.06
187  2589.0  0.06
188  2589.0  0.06
189  2589.0  0.06
190  2589.0  0.06
191  2589.0  0.06
192  2589.0  0.06
193  2589.0  0.06
194  2589.0  0.06
195  2589.0  0.06
196  2589.0  0.06
197  2589.0  0.06
198  2589.0  0.06
199  2589.0  0.06
200  2589.0  0.06
201  2589.0  0.06
202  2589.0  0.06
203  2589.0  0.06
204  2589.0  0.06
205  2589.0  0.06
206  2589.0  0.06
207  2589.0  0.06
208  2589.0  0.06
209  2589.0  0.06
210  2589.0  0.06
211  2589.0  0.06
212  2589.0  0.06
213  2589.0  0.06
214  2589.0  0.06
215  2589.0  0.06
216  2589.0  0.06
217  2589.0  0.06
218  2589.0  0.06
219  2589.0  0.06
220  2589.0  0.06
221  2589.0  0.06
222  2589.0  0.06
223  2589.0  0.06
224  2589.0  0.06
225  2589.0  0.06
226  2589.0  0.06
227  2589.0  0.06
228  2589.0  0.06
229  2589.0  0.06
230  2589.0  0.06
231  2589.0  0.06
232  2589.0  0.06
233  2589.0  0.06
234  2589.0  0.06
235  2589.0  0.06
236  2589.0  0.06
237  2589.0  0.06
238  2589.0  0.06
239  2589.0  0.06
240  2589.0  0.06
241  2589.0  0.06
242  2589.0  0.06
243  2589.0  0.06
244  2589.0  0.06
245  2589.0  0.06
246  2589.0  0.06
247  2589.0  0.06
248  2589.0  0.06
249  2589.0  0.06
250  2589.0  0.06
251  2589.0  0.06
252  2589.0  0.06
253  2589.0  0.06
254  2589.0  0.06
255  2589.0  0.06
256  2589.0  0.06
257  2589.0  0.06
258  2589.0  0.06
259  2589.0  0.06
260  2589.0  0.06
261  2589.0  0.06
262  2589.0  0.06
263  2589.0  0.06
264  2589.0  0.06
265  2589.0  0.06
266  2589.0  0.06
267  2589.0  0.06
268  2589.0  0.06
269  2589.0  0.06
270  2589.0  0.06
271  2589.0  0.06
272  2589.0  0.06
273  2589.0  0.06
274  2589.0  0.06
275  2589.0  0.06
276  2589.0  0.06
277  2589.0  0.06
278  2589.0  0.06
279  2589.0  0.06
280  2589.0  0.06
281  2589.0  0.06
282  2589.0  0.06
283  2589.0  0.06
284  2589.0  0.06
285  2589.0  0.06
286  2589.0  0.06
287  2589.0  0.06
288  2589.0  0.06
289  2589.0  0.06
290  2589.0  0.06
291  2589.0  0.06
292  2589.0  0.06
293  2589.0  0.06
294  2589.0  0.06
295  2589.0  0.06
296  2589.0  0.06
297  2589.0  0.06
298  2589.0  0.06
299  2589.0  0.06
300  2589.0  0.06
301  2589.0  0.06
302  2589.0  0.06
303  2589.0  0.06
304  2589.0  0.06
305  2589.0  0.06
306  2589.0  0.06
307  2589.0  0.06
308  2589.0  0.06
309  2589.0  0.06
310  2589.0  0.06
311  2589.0  0.06
312  2589.0  0.06
313  2589.0  0.06
314  2589.0  0.06
315  2589.0  0.06
316  2589.0  0.06
317  2589.0  0.06
318  2589.0  0.06
319  2589.0  0.06
320  2589.0  0.06
321  2589.0  0.06
322  2589.0  0.06
323  2589.0  0.06
324  2589.0  0.06
325  2589.0  0.06
326  2589.0  0.06
327  2589.0  0.06
328  2589.0  0.06
329  2589.0  0.06
330  2589.0  0.06
331  2589.0  0.06
332  2589.0  0.06
333  2589.0  0.06
334  2589.0  0.06
335  2638.0  0.04
336  2638.0  0.04
337  2638.0  0.04
338  2638.0  0.04
339  2638.0  0.04
340  2638.0  0.04
341  2638.0  0.04
342  2638.0  0.04
343  2638.0  0.04
344  2638.0  0.04
345  2638.0  0.04
346  2638.0  0.04
347  2638.0  0.04
348  2638.0  0.04
349  2638.0  0.04
350  2638.0  0.04
351  2638.0  0.04
352  2638.0  0.04
353  2638.0  0.04
354  2638.0  0.04
355  2638.0  0.04
356  2638.0  0.04
357  2638.0  0.04
358  2638.0  0.04
359  2638.0  0.04
360  2638.0  0.04
361  2638.0  0.04
362  2638.0  0.04
363  2638.0  0.04
364  2638.0  0.04
365  2638.0  0.04
366  2638.0  0.04
367  2638.0  0.04
368  2638.0  0.04
369  2638.0  0.04
370  2638.0  0.04
371  2638.0  0.04
372  2638.0  0.04
373  2638.0  0.04
374  2638.0  0.04
375  2638.0  0.04
376  2638.0  0.04
377  2638.0  0.04
378  2638.0  0.04
379  2638.0  0.04
380  2638.0  0.04
381  2638.0  0.04
382  2638.0  0.04
383  2638.0  0.04
384  2638.0  0.04
385  2638.0  0.04
386  2638.0  0.04
387  2638.0  0.04
388  2638.0  0.04
389  2638.0  0.04
390  2638.0  0.04
391  2638.0  0.04
392  2638.0  0.04
393  2638.0  0.04
394  2638.0  0.04
395  2638.0  0.04
396  2638.0  0.04
397  2638.0  0.04
398  2638.0  0.04
399  2638.0  0.04
400  2638.0  0.04
401  2638.0  0.04
402  2638.0  0.04
403  2638.0  0.04
404  2638.0  0.04
405  2638.0  0.04
406  2638.0  0.04
407  2638.0  0.04
408  2638.0  0.04
409  2638.0  0.04
410  2638.0  0.04
411  2638.0  0.04
412  2638.0  0.04
413  2638.0  0.04
414  2638.0  0.04
415  2638.0  0.04
416  2638.0  0.04
417  2638.0  0.04
418  2638.0  0.04
419  2638.0  0.04
420  2638.0  0.04
421  2638.0  0.04
422  2638.0  0.04
423  2638.0  0.04
424  2638.0  0.04
425  2638.0  0.04
426  2638.0  0.04
427  2638.0  0.04
428  2638.0  0.04
429  2638.0  0.04
430  2638.0  0.04
431  2638.0  0.04
432  2638.0  0.04
433  2638.0  0.04
434  2638.0  0.04
435  2638.0  0.04
436  2638.0  0.04
437  2638.0  0.04
438  2638.0  0.04
439  2638.0  0.04
440  2638.0  0.04
441  2638.0  0.04
442  2638.0  0.04
443  2638.0  0.04
444  2638.0  0.04
445  2638.0  0.04
446  2638.0  0.04
447  2638.0  0.04
448  2638.0  0.04
449  2638.0  0.04
450  2638.0  0.04
451  2638.0  0.04
452  2638.0  0.04
453  2638.0  0.04
454  2638.0  0.04
455  2638.0  0.04
456  2638.0  0.04
457  2638.0  0.04
458  2638.0  0.04
459  2638.0  0.04
460  2638.0  0.04
461  2638.0  0.04
462  2638.0  0.04
463  2638.0  0.04
464  2638.0  0.04
465  2638.0  0.04
466  2638.0  0.04
467  2638.0  0.04
468  2638.0  0.04
469  2638.0  0.04
470  2638.0  0.04
471  2638.0  0.04
472  2638.0  0.04
473  2638.0  0.04
474  2638.0  0.04
475  2638.0  0.04
476  2638.0  0.04
477  2638.0  0.04
478  2638.0  0.04
479  2638.0  0.04
480  2638.0  0.04
481  2638.0  0.04
482  2638.0  0.04
483  2638.0  0.04
484  2638.0  0.04
485  2638.0  0.04
486  2638.0  0.04
487  2638.0  0.04
488  2638.0  0.04
489  2638.0  0.04
490  2638.0  0.04
491  2638.0  0.04
492  2638.0  0.04
493  2638.0  0.04
494  2638.0  0.04
495  2638.0  0.04
496  2638.0  0.04
497  2638.0  0.04
498  2638.0  0.04
499  2638.0  0.04
500  2638.0  0.04
501  2638.0  0.04
502  2638.0  0.04
503  2638.0  0.04
504  2638.0  0.04
505  2638.0  0.04
506  2638.0  0.04
507  2638.0  0.04
508  2638.0  0.04
509  2638.0  0.04
510  2638.0  0.04
511  2638.0  0.04
512  2638.0  0.04
513  2638.0  0.04
514  2638.0  0.04
515  2638.0  0.04
516  2638.0  0.04
517  2638.0  0.04
518  2638.0  0.04
519  2638.0  0.04
520  2638.0  0.04
521  2638.0  0.04
522  2638.0  0.04
523  2638.0  0.04
524  2638.0  0.04
525  2638.0  0.04
526  2638.0  0.04
527  2638.0  0.04
528  2638.0  0.04
529  2638.0  0.04
530  2638.0  0.04
531  2638.0  0.04
532  2638.0  0.04
533  2638.0  0.04
534  2638.0  0.04
535  2638.0  0.04
536  2638.0  0.04
537  2638.0  0.04
538  2638.0  0.04
539  2638.0  0.04
540  2638.0  0.04
541  2638.0  0.04
542  2638.0  0.04
543  2638.0  0.04
544  2638.0  0.04
545  2638.0  0.04
546  2638.0  0.04
547  2638.0  0.04
548  2638.0  0.04
549  2638.0  0.04
550  2638.0  0.04
551  2638.0  0.04
552  2638.0  0.04
553  2638.0  0.04
554  2638.0  0.04
555  2638.0  0.04
556  2638.0  0.04
557  2638.0  0.04
558  2638.0  0.04
559  2638.0  0.04
560  2638.0  0.04
561  2638.0  0.04
562  2638.0  0.04
563  2638.0  0.04
564  2638.0  0.04
565  2638.0  0.04
566  2638.0  0.04
567  2638.0  0.04
568  2638.0  0.04
569  2638.0  0.04
570  2638.0  0.04
571  2638.0  0.04
572  2638.0  0.04
573  2638.0  0.04
574  2638.0  0.04
575  2638.0  0.04
576  2638.0  0.04
577  2638.0  0.04
578  2638.0  0.04
579  2638.0  0.04
580  2638.0  0.04
581  2638.0  0.04
582  2638.0  0.04
583  2638.0  0.04
584  2638.0  0.04
585  2638.0  0.04
586  2638.0  0.04
587  2638.0  0.04
588  2638.0  0.04
589  2638.0  0.04
590  2638.0  0.04
591  2638.0  0.04
592  2638.0  0.04
593  2638.0  0.04
594  2638.0  0.04
595  2638.0  0.04
596  2638.0  0.04
597  2638.0  0.04
598  2638.0  0.04
599  2638.0  0.04
600  2638.0  0.04
601  2638.0  0.04
602  2638.0  0.04
603  2638.0  0.04
604  2638.0  0.04
605  2638.0  0.04
606  2638.0  0.04
607  2638.0  0.04
608  2638.0  0.04
609  2638.0  0.04
610  2638.0  0.04
611  2638.0  0.04
612  2638.0  0.04
613  2638.0  0.04
614  2638.0  0.04
615  2638.0  0.04
616  2638.0  0.04
617  2638.0  0.04
618  2638.0  0.04
619  2638.0  0.04
620  2638.0  0.04
621  2638.0  0.04
622  2638.0  0.04
623  2638.0  0.04
624  2638.0  0.04
625  2638.0  0.04
626  2638.0  0.04
627  2638.0  0.04
628  2638.0  0.04
629  2638.0  0.04
630  2638.0  0.04
631  2638.0  0.04
632  2638.0  0.04
633  2638.0  0.04
634  2638.0  0.04
635  2638.0  0.04
636  2638.0  0.04
637  2638.0  0.04
638  2638.0  0.04
639  2638.0  0.04
640  2638.0  0.04
641  2638.0  0.04
642  2638.0  0.04
643  2638.0  0.04
644  2638.0  0.04
645  2638.0  0.04
646  2638.0  0.04
647  2638.0  0.04
648  2638.0  0.04
649  2638.0  0.04
650  2638.0  0.04
651  2638.0  0.04
652  2638.0  0.04
653  2638.0  0.04
654  2638.0  0.04
655  2638.0  0.04
656  2638.0  0.04
657  2638.0  0.04
658  2638.0  0.04
659  2638.0  0.04
660  2638.0  0.04
661  2638.0  0.04
662  2638.0  0.04
663  2638.0  0.04
664  2638.0  0.04
665  2638.0  0.04
666  2638.0  0.04
667  2638.0  0.04
668  2638.0  0.04
669  2638.0  0.04
670  2638.0  0.04
671  2638.0  0.04
672  2638.0  0.04
673  2638.0  0.04
674  2638.0  0.04
675  2638.0  0.04
676  2638.0  0.04
677  2638.0  0.04
678  2638.0  0.04
679  2638.0  0.04
680  2638.0  0.04
681  2638.0  0.04
682  2638.0  0.04
683  2638.0  0.04
684  2638.0  0.04
685  2638.0  0.04
686  2638.0  0.04
687  2638.0  0.04
688  2638.0  0.04
689  2638.0  0.04
690  2638.0  0.04
691  2638.0  0.04
692  2638.0  0.04
693  2638.0  0.04
694  2638.0  0.04
695  2638.0  0.04
696  2638.0  0.04
697  2638.0  0.04
698  2638.0  0.04
699  2638.0  0.04
700  2638.0  0.04
701  2638.0  0.04
702  2638.0  0.04
703  2638.0  0.04
704  2638.0  0.04
705  2638.0  0.04
706  2638.0  0.04
707  2638.0  0.04
708  2638.0  0.04
709  2638.0  0.04
710  2638.0  0.04
711  2638.0  0.04
712  2638.0  0.04
713  2638.0  0.04
714  2638.0  0.04
715  2638.0  0.04
716  2638.0  0.04
717  2638.0  0.04
718  2638.0  0.04
719  2638.0  0.04
720  2638.0  0.04
721  2638.0  0.04
722  2638.0  0.04
723  2638.0  0.04
724  2638.0  0.04
725  2638.0  0.04
726  2638.0  0.04
727  2638.0  0.04
728  2638.0  0.04
729  2638.0  0.04
730  2638.0  0.04
731  2638.0  0.04
732  2638.0  0.04
733  2638.0  0.04
734  2638.0  0.04
735  2638.0  0.04
736  2638.0  0.04
737  2638.0  0.04
738  2638.0  0.04
739  2638.0  0.04
740  2638.0  0.04
741  2638.0  0.04
742  2638.0  0.04
743  2638.0  0.04
744  2638.0  0.04
745  2638.0  0.04
746  2638.0  0.04
747  2638.0  0.04
748  2638.0  0.04
749  2638.0  0.04
750  2638.0  0.04
751  2638.0  0.04
752  2638.0  0.04
753  2638.0  0.04
754  2638.0  0.04
755  2638.0  0.04
756  2638.0  0.04
757  2638.0  0.04
758  2638.0  0.04
759  2638.0  0.04
760  2638.0  0.04
761  2638.0  0.04
762  2638.0  0.04
763  2638.0  0.04
764  2638.0  0.04
765  2638.0  0.04
766  2638.0  0.04
767  2638.0  0.04
768  2638.0  0.04
769  2638.0  0.04
770  2638.0  0.04
771  2638.0  0.04
772  2638.0  0.04
773  2638.0  0.04
774  2638.0  0.04
775  2638.0  0.04
776  2638.0  0.04
777  2638.0  0.04
778  2638.0  0.04
779  2638.0  0.04
780  2638.0  0.04
781  2638.0  0.04
782  2638.0  0.04
783  2638.0  0.04
784  2638.0  0.04
785  2638.0  0.04
786  2638.0  0.04
787  2638.0  0.04
788  2638.0  0.04
789  2638.0  0.04
790  2638.0  0.04
791  2638.0  0.04
792  2638.0  0.04
793  2638.0  0.04
794  2638.0  0.04
795  2638.0  0.04
796  2638.0  0.04
797  2638.0  0.04
798  2638.0  0.04
799  2638.0  0.04
800  2638.0  0.04
801  2638.0  0.04
802  2638.0  0.04
803  2638.0  0.04
804  2638.0  0.04
805  2638.0  0.04
806  2638.0  0.04
807  2638.0  0.04
808  2638.0  0.04
809  2638.0  0.04
810  2638.0  0.04
811  2638.0  0.04
812  2638.0  0.04
813  2638.0  0.04
814  2638.0  0.04
815  2638.0  0.04
816  2638.0  0.04
817  2638.0  0.04
818  2638.0  0.04
819  2638.0  0.04
820  2638.0  0.04
821  2638.0  0.04
822  2638.0  0.04
823  2638.0  0.04
824  2638.0  0.04
825  2638.0  0.04
826  2638.0  0.04
827  2638.0  0.04
828  2638.0  0.04
829  2638.0  0.04
830  2638.0  0.04
831  2638.0  0.04
832  2638.0  0.04
833  2638.0  0.04
834  2638.0  0.04
835  2638.0  0.04
836  2638.0  0.04
837  2638.0  0.04
838  2638.0  0.04
839  2638.0  0.04
840  2638.0  0.04
841  2638.0  0.04
842  2638.0  0.04
843  2638.0  0.04
844  2638.0  0.04
845  2638.0  0.04
846  2638.0  0.04
847  2638.0  0.04
848  2638.0  0.04
849  2638.0  0.04
850  2638.0  0.04
851  2638.0  0.04
852  2638.0  0.04
853  2638.0  0.04
854  2638.0  0.04
855  2638.0  0.04
856  2638.0  0.04
857  2638.0  0.04
858  2638.0  0.04
859  2638.0  0.04
860  2638.0  0.04
861  2638.0  0.04
862  2638.0  0.04
863  2638.0  0.04
864  2638.0  0.04
865  2638.0  0.04
866  2638.0  0.04
867  2638.0  0.04
868  2638.0  0.04
869  2638.0  0.04
870  2638.0  0.04
871  2638.0  0.04
872  2638.0  0.04
873  2638.0  0.04
874  2638.0  0.04
875  2638.0  0.04
876  2638.0  0.04
877  2638.0  0.04
878  2638.0  0.04
879  2638.0  0.04
880  2638.0  0.04
881  2638.0  0.04
882  2638.0  0.04
883  2638.0  0.04
884  2638.0  0.04
885  2638.0  0.04
886  2638.0  0.04
887  2638.0  0.04
888  2638.0  0.04
889  2638.0  0.04
890  2638.0  0.04
891  2638.0  0.04
892  2638.0  0.04
893  2638.0  0.04
894  2638.0  0.04
895  2638.0  0.04
896  2638.0  0.04
897  2638.0  0.04
898  2638.0  0.04
899  2638.0  0.04
900  2638.0  0.04
901  2638.0  0.04
902  2638.0  0.04
903  2638.0  0.04
904  2638.0  0.04
905  2638.0  0.04
906  2638.0  0.04
907  2638.0  0.04
908  2638.0  0.04
909  2638.0  0.04
910  2638.0  0.04
911  2638.0  0.04
912  2638.0  0.04
913  2638.0  0.04
914  2638.0  0.04
915  2638.0  0.04
916  2638.0  0.04
917  2638.0  0.04
918  2638.0  0.04
919  2638.0  0.04
920  2638.0  0.04
921  2638.0  0.04
922  2638.0  0.04
923  2638.0  0.04
924  2638.0  0.04
925  2638.0  0.04
926  2638.0  0.04
927  2638.0  0.04
928  2638.0  0.04
929  2638.0  0.04
930  2638.0  0.04
931  2638.0  0.04
932  2638.0  0.04
933  2638.0  0.04
934  2638.0  0.04
935  2638.0  0.04
936  2638.0  0.04
937  2638.0  0.04
938  2638.0  0.04
939  2638.0  0.04
940  2638.0  0.04
941  2638.0  0.04
942  2638.0  0.04
943  2638.0  0.04
944  2638.0  0.04
945  2638.0  0.04
946  2638.0  0.04
947  2638.0  0.04
948  2638.0  0.04
949  2638.0  0.04
950  2638.0  0.04
951  2638.0  0.04
952  2638.0  0.04
953  2638.0  0.04
954  2638.0  0.04
955  2638.0  0.04
956  2638.0  0.04
957  2638.0  0.04
958  2638.0  0.04
959  2638.0  0.04
960  2638.0  0.04
961  2638.0  0.04
962  2638.0  0.04
963  2638.0  0.04
964  2638.0  0.04
965  2638.0  0.04
966  2638.0  0.04
967  2638.0  0.04
968  2638.0  0.04
969  2638.0  0.04
970  2638.0  0.04
971  2638.0  0.04
972  2638.0  0.04
973  2638.0  0.04
974  2638.0  0.04
975  2638.0  0.04
976  2638.0  0.04
977  2638.0  0.04
978  2638.0  0.04
979  2638.0  0.04
980  2638.0  0.04
981  2638.0  0.04
982  2638.0  0.04
983  2638.0  0.04
984  2638.0  0.04
985  2638.0  0.04
986  2638.0  0.04
987  2638.0  0.04
988  2638.0  0.04
989  2638.0  0.04
990  2638.0  0.04
991  2638.0  0.04
992  2638.0  0.04
993  2638.0  0.04
994  2638.0  0.04
995  2638.0  0.04
996  2638.0  0.04
997  2638.0  0.04
998  2638.0  0.04
999  2638.0  0.04
1000  2638.0  0.04
1001  2638.0  0.04
1002  2638.0  0.04
1003  2638.0  0.04
1004  2638.0  0.04
1005  2638.0  0.04
1006  2638.0  0.04
1007  2638.0  0.04
1008  2638.0  0.04
1009  2638.0  0.04
1010  2638.0  0.04
1011  2638.0  0.04
1012  2638.0  0.04
1013  2638.0  0.04
1014  2638.0  0.04
1015  2638.0  0.04
1016  2638.0  0.04
1017  2638.0  0.04
1018  2638.0  0.04
1019  2638.0  0.04
1020  2638.0  0.04
1021  2638.0  0.04
1022  2638.0  0.04
1023  2638.0  0.04
1024  2638.0  0.04
1025  2638.0  0.04
1026  2638.0  0.04
1027  2638.0  0.04
1028  2638.0  0.04
1029  2638.0  0.04
1030  2638.0  0.04
1031  2638.0  0.04
1032  2638.0  0.04
1033  2638.0  0.04
1034  2638.0  0.04
1035  2638.0  0.04
1036  2638.0  0.04
1037  2638.0  0.04
1038  2638.0  0.04
1039  2638.0  0.04
1040  2638.0  0.04
1041  2638.0  0.04
1042  2638.0  0.04
1043  2638.0  0.04
1044  2638.0  0.04
1045  2638.0  0.04
1046  2638.0  0.04
1047  2638.0  0.04
1048  2638.0  0.04
1049  2638.0  0.04
1050  2638.0  0.04
1051  2638.0  0.04
1052  2638.0  0.04
1053  2638.0  0.04
1054  2638.0  0.04
1055  2638.0  0.04
1056  2638.0  0.04
1057  2638.0  0.04
1058  2638.0  0.04
1059  2638.0  0.04
1060  2638.0  0.04
1061  2638.0  0.04
1062  2638.0  0.04
1063  2638.0  0.04
1064  2638.0  0.04
1065  2638.0  0.04
1066  2638.0  0.04
1067  2638.0  0.04
1068  2638.0  0.04
1069  2638.0  0.04
1070  2638.0  0.04
1071  2638.0  0.04
1072  2638.0  0.04
1073  2638.0  0.04
1074  2638.0  0.04
1075  2638.0  0.04
1076  2638.0  0.04
1077  2638.0  0.04
1078  2638.0  0.04
1079  2638.0  0.04
1080  2638.0  0.04
1081  2638.0  0.04
1082  2638.0  0.04
1083  2638.0  0.04
1084  2638.0  0.04
1085  2638.0  0.04
1086  2638.0  0.04
1087  2638.0  0.04
1088  2638.0  0.04
1089  2638.0  0.04
1090  2638.0  0.04
1091  2638.0  0.04
1092  2638.0  0.04
1093  2638.0  0.04
1094  2638.0  0.04
1095  2638.0  0.04
1096  2638.0  0.04
1097  2638.0  0.04
1098  2638.0  0.04
1099  2638.0  0.04
1100  2638.0  0.04
1101  2638.0  0.04
1102  2638.0  0.04
1103  2638.0  0.04
1104  2638.0  0.04
1105  2638.0  0.04
1106  2638.0  0.04
1107  2638.0  0.04
1108  2638.0  0.04
1109  2638.0  0.04
1110  2638.0  0.04
1111  2638.0  0.04
1112  2638.0  0.04
1113  2638.0  0.04
1114  2638.0  0.04
1115  2638.0  0.04
1116  2638.0  0.04
1117  2638.0  0.04
1118  2638.0  0.04
1119  2638.0  0.04
1120  2638.0  0.04
1121  2638.0  0.04
1122  2638.0  0.04
1123  2638.0  0.04
1124  2638.0  0.04
1125  2638.0  0.04
1126  2638.0  0.04
1127  2638.0  0.04
1128  2638.0  0.04
1129  2638.0  0.04
1130  2638.0  0.04
1131  2638.0  0.04
1132  2638.0  0.04
1133  2638.0  0.04
1134  2638.0  0.04
1135  2638.0  0.04
1136  2638.0  0.04
1137  2638.0  0.04
1138  2638.0  0.04
1139  2638.0  0.04
1140  2638.0  0.04
1141  2638.0  0.04
1142  2638.0  0.04
1143  2638.0  0.04
1144  2638.0  0.04
1145  2638.0  0.04
1146  2638.0  0.04
1147  2638.0  0.04
1148  2638.0  0.04
1149  2638.0  0.04
1150  2638.0  0.04
1151  2638.0  0.04
1152  2638.0  0.04
1153  2638.0  0.04
1154  2638.0  0.04
1155  2638.0  0.04
1156  2638.0  0.04
1157  2638.0  0.04
1158  2638.0  0.04
1159  2638.0  0.04
1160  2638.0  0.04
1161  2638.0  0.04
1162  2638.0  0.04
1163  2638.0  0.04
1164  2638.0  0.04
1165  2638.0  0.04
1166  2638.0  0.04
1167  2638.0  0.04
1168  2638.0  0.04
1169  2638.0  0.04
1170  2638.0  0.04
1171  2638.0  0.04
1172  2638.0  0.04
1173  2638.0  0.04
1174  2638.0  0.04
1175  2638.0  0.04
1176  2638.0  0.04
1177  2638.0  0.04
1178  2638.0  0.04
1179  2638.0  0.04
1180  2638.0  0.04
1181  2638.0  0.04
1182  2638.0  0.04
1183  2638.0  0.04
1184  2638.0  0.04
1185  2638.0  0.04
1186  2638.0  0.04
1187  2638.0  0.04
1188  2638.0  0.04
1189  2638.0  0.04
1190  2638.0  0.04
1191  2638.0  0.04
1192  2638.0  0.04
1193  2638.0  0.04
1194  2638.0  0.04
1195  2638.0  0.04
1196  2638.0  0.04
1197  2638.0  0.04
1198  2638.0  0.04
1199  2638.0  0.04
1200  2638.0  0.04
1201  2638.0  0.04
1202  2638.0  0.04
1203  2638.0  0.04
1204  2638.0  0.04
1205  2638.0  0.04
1206  2638.0  0.04
1207  2638.0  0.04
1208  2638.0  0.04
1209  2638.0  0.04
1210  2638.0  0.04
1211  2638.0  0.04
1212  2638.0  0.04
1213  2638.0  0.04
1214  2638.0  0.04
1215  2638.0  0.04
1216  2638.0  0.04
1217  2638.0  0.04
1218  2638.0  0.04
1219  2638.0  0.04
1220  2638.0  0.04
1221  2638.0  0.04
1222  2638.0  0.04
1223  2638.0  0.04
1224  2638.0  0.04
1225  2638.0  0.04
1226  2638.0  0.04
1227  2638.0  0.04
1228  2638.0  0.04
1229  2638.0  0.04
1230  2638.0  0.04
1231  2638.0  0.04
1232  2638.0  0.04
1233  2638.0  0.04
1234  2638.0  0.04
1235  2638.0  0.04
1236  2638.0  0.04
1237  2638.0  0.04
1238  2638.0  0.04
1239  2638.0  0.04
1240  2638.0  0.04
1241  2638.0  0.04
1242  2638.0  0.04
1243  2638.0  0.04
1244  2638.0  0.04
1245  2638.0  0.04
1246  2638.0  0.04
1247  2638.0  0.04
1248  2638.0  0.04
1249  2638.0  0.04
1250  2638.0  0.04
1251  2638.0  0.04
1252  2638.0  0.04
1253  2638.0  0.04
1254  2638.0  0.04
1255  2638.0  0.04
1256  2638.0  0.04
1257  2638.0  0.04
1258  2638.0  0.04
1259  2638.0  0.04
1260  2638.0  0.04
1261  2638.0  0.04
1262  2638.0  0.04
1263  2638.0  0.04
1264  2638.0  0.04
1265  2638.0  0.04
1266  2638.0  0.04
1267  2638.0  0.04
1268  2638.0  0.04
1269  2638.0  0.04
1270  2638.0  0.04
1271  2638.0  0.04
1272  2638.0  0.04
1273  2638.0  0.04
1274  2638.0  0.04
1275  2638.0  0.04
1276  2638.0  0.04
1277  2638.0  0.04
1278  2638.0  0.04
1279  2638.0  0.04
1280  2638.0  0.04
1281  2638.0  0.04
1282  2638.0  0.04
1283  2638.0  0.04
1284  2638.0  0.04
1285  2649.0  0.04
1286  2649.0  0.04
1287  2649.0  0.04
1288  2649.0  0.04
1289  2649.0  0.04
1290  2649.0  0.04
1291  2649.0  0.04
1292  2649.0  0.04
1293  2649.0  0.04
1294  2649.0  0.04
1295  2649.0  0.04
1296  2649.0  0.04
1297  2649.0  0.04
1298  2649.0  0.04
1299  2649.0  0.04
1300  2649.0  0.04
1301  2649.0  0.04
1302  2649.0  0.04
1303  2649.0  0.04
1304  2649.0  0.04
1305  2649.0  0.04
1306  2649.0  0.04
1307  2649.0  0.04
1308  2649.0  0.04
1309  2649.0  0.04
1310  2649.0  0.04
1311  2649.0  0.04
1312  2649.0  0.04
1313  2649.0  0.04
1314  2649.0  0.04
1315  2649.0  0.04
1316  2649.0  0.04
1317  2649.0  0.04
1318  2649.0  0.04
1319  2649.0  0.04
1320  2649.0  0.04
1321  2649.0  0.04
1322  2649.0  0.04
1323  2649.0  0.04
1324  2649.0  0.04
1325  2649.0  0.04
1326  2649.0  0.04
1327  2649.0  0.04
1328  2649.0  0.04
1329  2649.0  0.04
1330  2649.0  0.04
1331  2649.0  0.04
1332  2649.0  0.04
1333  2649.0  0.04
1334  2649.0  0.04
1335  2649.0  0.04
1336  2649.0  0.04
1337  2649.0  0.04
1338  2649.0  0.04
1339  2649.0  0.04
1340  2649.0  0.04
1341  2649.0  0.04
1342  2649.0  0.04
1343  2649.0  0.04
1344  2649.0  0.04
1345  2649.0  0.04
1346  2649.0  0.04
1347  2649.0  0.04
1348  2649.0  0.04
1349  2649.0  0.04
1350  2649.0  0.04
1351  2649.0  0.04
1352  2649.0  0.04
1353  2649.0  0.04
1354  2649.0  0.04
1355  2649.0  0.04
1356  2649.0  0.04
1357  2649.0  0.04
1358  2649.0  0.04
1359  2649.0  0.04
1360  2649.0  0.04
1361  2649.0  0.04
1362  2649.0  0.04
1363  2649.0  0.04
1364  2649.0  0.04
1365  2649.0  0.04
1366  2649.0  0.04
1367  2649.0  0.04
1368  2649.0  0.04
1369  2649.0  0.04
1370  2649.0  0.04
1371  2649.0  0.04
1372  2649.0  0.04
1373  2649.0  0.04
1374  2649.0  0.04
1375  2649.0  0.04
1376  2649.0  0.04
1377  2649.0  0.04
1378  2649.0  0.04
1379  2649.0  0.04
1380  2649.0  0.04
1381  2649.0  0.04
1382  2649.0  0.04
1383  2649.0  0.04
1384  2649.0  0.04
1385  2649.0  0.04
1386  2649.0  0.04
1387  2649.0  0.04
1388  2649.0  0.04
1389  2649.0  0.04
1390  2649.0  0.04
1391  2649.0  0.04
1392  2649.0  0.04
1393  2649.0  0.04
1394  2649.0  0.04
1395  2649.0  0.04
1396  2649.0  0.04
1397  2649.0  0.04
1398  2649.0  0.04
1399  2649.0  0.04
1400  2649.0  0.04
1401  2649.0  0.04
1402  2649.0  0.04
1403  2649.0  0.04
1404  2649.0  0.04
1405  2649.0  0.04
1406  2649.0  0.04
1407  2649.0  0.04
1408  2649.0  0.04
1409  2649.0  0.04
1410  2649.0  0.04
1411  2649.0  0.04
1412  2649.0  0.04
1413  2649.0  0.04
1414  2649.0  0.04
1415  2649.0  0.04
1416  2649.0  0.04
1417  2649.0  0.04
1418  2649.0  0.04
1419  2649.0  0.04
1420  2649.0  0.04
1421  2649.0  0.04
1422  2649.0  0.04
1423  2649.0  0.04
1424  2649.0  0.04
1425  2649.0  0.04
1426  2649.0  0.04
1427  2649.0  0.04
1428  2649.0  0.04
1429  2649.0  0.04
1430  2649.0  0.04
1431  2649.0  0.04
1432  2649.0  0.04
1433  2649.0  0.04
1434  2649.0  0.04
1435  2649.0  0.04
1436  2649.0  0.04
1437  2649.0  0.04
1438  2649.0  0.04
1439  2649.0  0.04
1440  2649.0  0.04
1441  2649.0  0.04
1442  2649.0  0.04
1443  2649.0  0.04
1444  2649.0  0.04
1445  2649.0  0.04
1446  2649.0  0.04
1447  2649.0  0.04
1448  2649.0  0.04
1449  2649.0  0.04
1450  2649.0  0.04
1451  2649.0  0.04
1452  2649.0  0.04
1453  2649.0  0.04
1454  2649.0  0.04
1455  2649.0  0.04
1456  2649.0  0.04
1457  2649.0  0.04
1458  2649.0  0.04
1459  2649.0  0.04
1460  2649.0  0.04
1461  2649.0  0.04
1462  2649.0  0.04
1463  2649.0  0.04
1464  2649.0  0.04
1465  2649.0  0.04
1466  2649.0  0.04
1467  2649.0  0.04
1468  2649.0  0.04
1469  2649.0  0.04
1470  2649.0  0.04
1471  2649.0  0.04
1472  2649.0  0.04
1473  2649.0  0.04
1474  2649.0  0.04
1475  2649.0  0.04
1476  2649.0  0.04
1477  2649.0  0.04
1478  2649.0  0.04
1479  2649.0  0.04
1480  2649.0  0.04
1481  2649.0  0.04
1482  2649.0  0.04
1483  2649.0  0.04
1484  2649.0  0.04
1485  2649.0  0.04
1486  2649.0  0.04
1487  2649.0  0.04
1488  2649.0  0.04
1489  2649.0  0.04
1490  2649.0  0.04
1491  2649.0  0.04
1492  2649.0  0.04
1493  2649.0  0.04
1494  2649.0  0.04
1495  2649.0  0.04
1496  2649.0  0.04
1497  2649.0  0.04
1498  2649.0  0.04
1499  2649.0  0.04
1500  2649.0  0.04
1501  2649.0  0.04
1502  2649.0  0.04
1503  2649.0  0.04
1504  2649.0  0.04
1505  2649.0  0.04
1506  2649.0  0.04
1507  2649.0  0.04
1508  2649.0  0.04
1509  2649.0  0.04
1510  2649.0  0.04
1511  2649.0  0.04
1512  2649.0  0.04
1513  2649.0  0.04
1514  2649.0  0.04
1515  2649.0  0.04
1516  2649.0  0.04
1517  2649.0  0.04
1518  2649.0  0.04
1519  2649.0  0.04
1520  2649.0  0.04
1521  2649.0  0.04
1522  2649.0  0.04
1523  2649.0  0.04
1524  2649.0  0.04
1525  2649.0  0.04
1526  2649.0  0.04
1527  2649.0  0.04
1528  2649.0  0.04
1529  2649.0  0.04
1530  2649.0  0.04
1531  2649.0  0.04
1532  2649.0  0.04
1533  2649.0  0.04
1534  2649.0  0.04
1535  2649.0  0.04
1536  2649.0  0.04
1537  2649.0  0.04
1538  2649.0  0.04
1539  2649.0  0.04
1540  2649.0  0.04
1541  2649.0  0.04
1542  2649.0  0.04
1543  2649.0  0.04
1544  2649.0  0.04
1545  2649.0  0.04
1546  2649.0  0.04
1547  2649.0  0.04
1548  2649.0  0.04
1549  2649.0  0.04
1550  2649.0  0.04
1551  2649.0  0.04
1552  2649.0  0.04
1553  2649.0  0.04
1554  2649.0  0.04
1555  2649.0  0.04
1556  2649.0  0.04
1557  2649.0  0.04
1558  2649.0  0.04
1559  2649.0  0.04
1560  2649.0  0.04
1561  2649.0  0.04
1562  2649.0  0.04
1563  2649.0  0.04
1564  2649.0  0.04
1565  2649.0  0.04
1566  2649.0  0.04
1567  2649.0  0.04
1568  2649.0  0.04
1569  2649.0  0.04
1570  2649.0  0.04
1571  2649.0  0.04
1572  2649.0  0.04
1573  2649.0  0.04
1574  2649.0  0.04
1575  2649.0  0.04
1576  2649.0  0.04
1577  2649.0  0.04
1578  2649.0  0.04
1579  2649.0  0.04
1580  2649.0  0.04
1581  2649.0  0.04
1582  2649.0  0.04
1583  2649.0  0.04
1584  2649.0  0.04
1585  2649.0  0.04
1586  2649.0  0.04
1587  2649.0  0.04
1588  2649.0  0.04
1589  2649.0  0.04
1590  2649.0  0.04
1591  2649.0  0.04
1592  2649.0  0.04
1593  2649.0  0.04
1594  2649.0  0.04
1595  2649.0  0.04
1596  2649.0  0.04
1597  2649.0  0.04
1598  2649.0  0.04
1599  2649.0  0.04
1600  2649.0  0.04
1601  2649.0  0.04
1602  2649.0  0.04
1603  2649.0  0.04
1604  2649.0  0.04
1605  2649.0  0.04
1606  2649.0  0.04
1607  2649.0  0.04
1608  2649.0  0.04
1609  2649.0  0.04
1610  2649.0  0.04
1611  2649.0  0.04
1612  2649.0  0.04
1613  2649.0  0.04
1614  2649.0  0.04
1615  2649.0  0.04
1616  2649.0  0.04
1617  2649.0  0.04
1618  2649.0  0.04
1619  2649.0  0.04
1620  2649.0  0.04
1621  2649.0  0.04
1622  2649.0  0.04
1623  2649.0  0.04
1624  2649.0  0.04
1625  2649.0  0.04
1626  2649.0  0.04
1627  2649.0  0.04
1628  2649.0  0.04
1629  2649.0  0.04
1630  2649.0  0.04
1631  2649.0  0.04
1632  2649.0  0.04
1633  2649.0  0.04
1634  2649.0  0.04
1635  2649.0  0.04
1636  2649.0  0.04
1637  2649.0  0.04
1638  2649.0  0.04
1639  2649.0  0.04
1640  2649.0  0.04
1641  2649.0  0.04
1642  2649.0  0.04
1643  2649.0  0.04
1644  2649.0  0.04
1645  2649.0  0.04
1646  2649.0  0.04
1647  2649.0  0.04
1648  2649.0  0.04
1649  2649.0  0.04
1650  2649.0  0.04
1651  2649.0  0.04
1652  2649.0  0.04
1653  2649.0  0.04
1654  2649.0  0.04
1655  2649.0  0.04
1656  2649.0  0.04
1657  2649.0  0.04
1658  2649.0  0.04
1659  2649.0  0.04
1660  2649.0  0.04
1661  2649.0  0.04
1662  2649.0  0.04
1663  2649.0  0.04
1664  2649.0  0.04
1665  2649.0  0.04
1666  2649.0  0.04
1667  2649.0  0.04
1668  2649.0  0.04
1669  2649.0  0.04
1670  2649.0  0.04
1671  2649.0  0.04
1672  2649.0  0.04
1673  2649.0  0.04
1674  2649.0  0.04
1675  2649.0  0.04
1676  2649.0  0.04
1677  2649.0  0.04
1678  2649.0  0.04
1679  2649.0  0.04
1680  2649.0  0.04
1681  2649.0  0.04
1682  2649.0  0.04
1683  2649.0  0.04
1684  2649.0  0.04
1685  2649.0  0.04
1686  2649.0  0.04
1687  2649.0  0.04
1688  2649.0  0.04
1689  2649.0  0.04
1690  2649.0  0.04
1691  2649.0  0.04
1692  2649.0  0.04
1693  2649.0  0.04
1694  2649.0  0.04
1695  2649.0  0.04
1696  2649.0  0.04
1697  2649.0  0.04
1698  2649.0  0.04
1699  2649.0  0.04
1700  2649.0  0.04
1701  2649.0  0.04
1702  2649.0  0.04
1703  2649.0  0.04
1704  2649.0  0.04
1705  2649.0  0.04
1706  2649.0  0.04
1707  2649.0  0.04
1708  2649.0  0.04
1709  2649.0  0.04
1710  2649.0  0.04
1711  2649.0  0.04
1712  2649.0  0.04
1713  2649.0  0.04
1714  2649.0  0.04
1715  2649.0  0.04
1716  2649.0  0.04
1717  2649.0  0.04
1718  2649.0  0.04
1719  2649.0  0.04
1720  2649.0  0.04
1721  2649.0  0.04
1722  2649.0  0.04
1723  2649.0  0.04
1724  2649.0  0.04
1725  2649.0  0.04
1726  2649.0  0.04
1727  2649.0  0.04
1728  2649.0  0.04
1729  2649.0  0.04
1730  2649.0  0.04
1731  2649.0  0.04
1732  2649.0  0.04
1733  2649.0  0.04
1734  2649.0  0.04
1735  2649.0  0.04
1736  2649.0  0.04
1737  2649.0  0.04
1738  2649.0  0.04
1739  2649.0  0.04
1740  2649.0  0.04
1741  2649.0  0.04
1742  2649.0  0.04
1743  2649.0  0.04
1744  2649.0  0.04
1745  2649.0  0.04
1746  2649.0  0.04
1747  2649.0  0.04
1748  2649.0  0.04
1749  2649.0  0.04
1750  2649.0  0.04
1751  2649.0  0.04
1752  2649.0  0.04
1753  2649.0  0.04
1754  2649.0  0.04
1755  2649.0  0.04
1756  2649.0  0.04
1757  2649.0  0.04
1758  2649.0  0.04
1759  2649.0  0.04
1760  2649.0  0.04
1761  2649.0  0.04
1762  2649.0  0.04
1763  2649.0  0.04
1764  2649.0  0.04
1765  2649.0  0.04
1766  2649.0  0.04
1767  2649.0  0.04
1768  2649.0  0.04
1769  2649.0  0.04
1770  2649.0  0.04
1771  2649.0  0.04
1772  2649.0  0.04
1773  2649.0  0.04
1774  2649.0  0.04
1775  2649.0  0.04
1776  2649.0  0.04
1777  2649.0  0.04
1778  2649.0  0.04
1779  2649.0  0.04
1780  2649.0  0.04
1781  2649.0  0.04
1782  2649.0  0.04
1783  2649.0  0.04
1784  2649.0  0.04
1785  2649.0  0.04
1786  2649.0  0.04
1787  2649.0  0.04
1788  2649.0  0.04
1789  2649.0  0.04
1790  2649.0  0.04
1791  2649.0  0.04
1792  2649.0  0.04
1793  2649.0  0.04
1794  2649.0  0.04
1795  2649.0  0.04
1796  2649.0  0.04
1797  2649.0  0.04
1798  2649.0  0.04
1799  2649.0  0.04
1800  2649.0  0.04
1801  2649.0  0.04
1802  2649.0  0.04
1803  2649.0  0.04
1804  2649.0  0.04
1805  2649.0  0.04
1806  2649.0  0.04
1807  2649.0  0.04
1808  2649.0  0.04
1809  2649.0  0.04
1810  2649.0  0.04
1811  2649.0  0.04
1812  2649.0  0.04
1813  2649.0  0.04
1814  2649.0  0.04
1815  2649.0  0.04
1816  2649.0  0.04
1817  2649.0  0.04
1818  2649.0  0.04
1819  2649.0  0.04
1820  2649.0  0.04
1821  2649.0  0.04
1822  2649.0  0.04
1823  2649.0  0.04
1824  2649.0  0.04
1825  2649.0  0.04
1826  2649.0  0.04
1827  2649.0  0.04
1828  2649.0  0.04
1829  2649.0  0.04
1830  2649.0  0.04
1831  2649.0  0.04
1832  2649.0  0.04
1833  2649.0  0.04
1834  2649.0  0.04
1835  2649.0  0.04
1836  2649.0  0.04
1837  2649.0  0.04
1838  2649.0  0.04
1839  2649.0  0.04
1840  2649.0  0.04
1841  2649.0  0.04
1842  2649.0  0.04
1843  2649.0  0.04
1844  2649.0  0.04
1845  2649.0  0.04
1846  2649.0  0.04
1847  2649.0  0.04
1848  2649.0  0.04
1849  2649.0  0.04
1850  2649.0  0.04
1851  2649.0  0.04
1852  2649.0  0.04
1853  2649.0  0.04
1854  2649.0  0.04
1855  2649.0  0.04
1856  2649.0  0.04
1857  2649.0  0.04
1858  2649.0  0.04
1859  2649.0  0.04
1860  2649.0  0.04
1861  2649.0  0.04
1862  2649.0  0.04
1863  2649.0  0.04
1864  2649.0  0.04
1865  2649.0  0.04
1866  2649.0  0.04
1867  2649.0  0.04
1868  2649.0  0.04
1869  2649.0  0.04
1870  2649.0  0.04
1871  2649.0  0.04
1872  2649.0  0.04
1873  2649.0  0.04
1874  2649.0  0.04
1875  2649.0  0.04
1876  2649.0  0.04
1877  2649.0  0.04
1878  2649.0  0.04
1879  2649.0  0.04
1880  2649.0  0.04
1881  2649.0  0.04
1882  2649.0  0.04
1883  2649.0  0.04
1884  2649.0  0.04
1885  2649.0  0.04
1886  2649.0  0.04
1887  2649.0  0.04
1888  2649.0  0.04
1889  2649.0  0.04
1890  2649.0  0.04
1891  2649.0  0.04
1892  2649.0  0.04
1893  2649.0  0.04
1894  2649.0  0.04
1895  2649.0  0.04
1896  2649.0  0.04
1897  2649.0  0.04
1898  2649.0  0.04
1899  2649.0  0.04
1900  2649.0  0.04
1901  2649.0  0.04
1902  2649.0  0.04
1903  2649.0  0.04
1904  2649.0  0.04
1905  2649.0  0.04
1906  2649.0  0.04
1907  2649.0  0.04
1908  2649.0  0.04
1909  2649.0  0.04
1910  2649.0  0.04
1911  2649.0  0.04
1912  2649.0  0.04
1913  2649.0  0.04
1914  2649.0  0.04
1915  2649.0  0.04
1916  2649.0  0.04
1917  2649.0  0.04
1918  2649.0  0.04
1919  2649.0  0.04
1920  2649.0  0.04
1921  2649.0  0.04
1922  2649.0  0.04
1923  2649.0  0.04
1924  2649.0  0.04
1925  2649.0  0.04
1926  2649.0  0.04
1927  2649.0  0.04
1928  2649.0  0.04
1929  2649.0  0.04
1930  2649.0  0.04
1931  2649.0  0.04
1932  2649.0  0.04
1933  2649.0  0.04
1934  2649.0  0.04
1935  2649.0  0.04
1936  2649.0  0.04
1937  2649.0  0.04
1938  2649.0  0.04
1939  2649.0  0.04
1940  2649.0  0.04
1941  2649.0  0.04
1942  2649.0  0.04
1943  2649.0  0.04
1944  2649.0  0.04
1945  2649.0  0.04
1946  2649.0  0.04
1947  2649.0  0.04
1948  2649.0  0.04
1949  2649.0  0.04
1950  2649.0  0.04
1951  2649.0  0.04
1952  2649.0  0.04
1953  2649.0  0.04
1954  2649.0  0.04
1955  2649.0  0.04
1956  2649.0  0.04
1957  2649.0  0.04
1958  2649.0  0.04
1959  2649.0  0.04
1960  2649.0  0.04
1961  2649.0  0.04
1962  2649.0  0.04
1963  2649.0  0.04
1964  2649.0  0.04
1965  2649.0  0.04
1966  2649.0  0.04
1967  2649.0  0.04
1968  2649.0  0.04
1969  2649.0  0.04
1970  2649.0  0.04
1971  2649.0  0.04
1972  2649.0  0.04
1973  2649.0  0.04
1974  2649.0  0.04
1975  2649.0  0.04
1976  2649.0  0.04
1977  2649.0  0.04
1978  2649.0  0.04
1979  2649.0  0.04
1980  2649.0  0.04
1981  2649.0  0.04
1982  2649.0  0.04
1983  2649.0  0.04
1984  2649.0  0.04
1985  2649.0  0.04
1986  2649.0  0.04
1987  2649.0  0.04
1988  2649.0  0.04
1989  2678.0  0.05
1990  2678.0  0.05
1991  2678.0  0.05
1992  2678.0  0.05
1993  2678.0  0.05
1994  2678.0  0.05
1995  2678.0  0.05
1996  2678.0  0.05
1997  2678.0  0.05
1998  2678.0  0.05
1999  2678.0  0.05
2000  2678.0  0.05
2001  2678.0  0.05
2002  2678.0  0.05
2003  2678.0  0.05
2004  2678.0  0.05
2005  2678.0  0.05
2006  2678.0  0.05
2007  2678.0  0.05
2008  2678.0  0.05
2009  2678.0  0.05
2010  2678.0  0.05
2011  2678.0  0.05
2012  2678.0  0.05
2013  2678.0  0.05
2014  2678.0  0.05
2015  2678.0  0.05
2016  2678.0  0.05
2017  2678.0  0.05
2018  2678.0  0.05
2019  2678.0  0.05
2020  2678.0  0.05
2021  2678.0  0.05
2022  2678.0  0.05
2023  2678.0  0.05
2024  2678.0  0.05
2025  2678.0  0.05
2026  2678.0  0.05
2027  2678.0  0.05
2028  2678.0  0.05
2029  2678.0  0.05
2030  2678.0  0.05
2031  2678.0  0.05
2032  2678.0  0.05
2033  2678.0  0.05
2034  2678.0  0.05
2035  2678.0  0.05
2036  2678.0  0.05
2037  2678.0  0.05
2038  2678.0  0.05
2039  2678.0  0.05
2040  2678.0  0.05
2041  2678.0  0.05
2042  2678.0  0.05
2043  2678.0  0.05
2044  2678.0  0.05
2045  2678.0  0.05
2046  2678.0  0.05
2047  2678.0  0.05
2048  2678.0  0.05
2049  2678.0  0.05
2050  2678.0  0.05
2051  2678.0  0.05
2052  2678.0  0.05
2053  2678.0  0.05
2054  2678.0  0.05
2055  2678.0  0.05
2056  2678.0  0.05
2057  2678.0  0.05
2058  2678.0  0.05
2059  2678.0  0.05
2060  2678.0  0.05
2061  2678.0  0.05
2062  2678.0  0.05
2063  2678.0  0.05
2064  2678.0  0.05
2065  2678.0  0.05
2066  2678.0  0.05
2067  2678.0  0.05
2068  2678.0  0.05
2069  2678.0  0.05
2070  2678.0  0.05
2071  2678.0  0.05
2072  2678.0  0.05
2073  2678.0  0.05
2074  2678.0  0.05
2075  2678.0  0.05
2076  2678.0  0.05
2077  2678.0  0.05
2078  2678.0  0.05
2079  2678.0  0.05
2080  2678.0  0.05
2081  2678.0  0.05
2082  2678.0  0.05
2083  2678.0  0.05
2084  2678.0  0.05
2085  2678.0  0.05
2086  2678.0  0.05
2087  2678.0  0.05
2088  2678.0  0.05
2089  2678.0  0.05
2090  2678.0  0.05
2091  2678.0  0.05
2092  2678.0  0.05
2093  2678.0  0.05
2094  2678.0  0.05
2095  2678.0  0.05
2096  2678.0  0.05
2097  2678.0  0.05
2098  2678.0  0.05
2099  2678.0  0.05
2100  2678.0  0.05
2101  2678.0  0.05
2102  2678.0  0.05
2103  2678.0  0.05
2104  2678.0  0.05
2105  2678.0  0.05
2106  2678.0  0.05
2107  2678.0  0.05
2108  2678.0  0.05
2109  2678.0  0.05
2110  2678.0  0.05
2111  2678.0  0.05
2112  2678.0  0.05
2113  2678.0  0.05
2114  2678.0  0.05
2115  2678.0  0.05
2116  2678.0  0.05
2117  2678.0  0.05
2118  2678.0  0.05
2119  2678.0  0.05
2120  2678.0  0.05
2121  2678.0  0.05
2122  2678.0  0.05
2123  2678.0  0.05
2124  2678.0  0.05
2125  2678.0  0.05
2126  2678.0  0.05
2127  2678.0  0.05
2128  2678.0  0.05
2129  2678.0  0.05
2130  2678.0  0.05
2131  2678.0  0.05
2132  2678.0  0.05
2133  2678.0  0.05
2134  2678.0  0.05
2135  2678.0  0.05
2136  2678.0  0.05
2137  2678.0  0.05
2138  2678.0  0.05
2139  2678.0  0.05
2140  2678.0  0.05
2141  2678.0  0.05
2142  2678.0  0.05
2143  2678.0  0.05
2144  2678.0  0.05
2145  2678.0  0.05
2146  2678.0  0.05
2147  2678.0  0.05
2148  2678.0  0.05
2149  2678.0  0.05
2150  2678.0  0.05
2151  2678.0  0.05
2152  2678.0  0.05
2153  2678.0  0.05
2154  2678.0  0.05
2155  2678.0  0.05
2156  2678.0  0.05
2157  2678.0  0.05
2158  2678.0  0.05
2159  2678.0  0.05
2160  2678.0  0.05
2161  2678.0  0.05
2162  2678.0  0.05
2163  2678.0  0.05
2164  2678.0  0.05
2165  2678.0  0.05
2166  2678.0  0.05
2167  2678.0  0.05
2168  2678.0  0.05
2169  2678.0  0.05
2170  2678.0  0.05
2171  2678.0  0.05
2172  2678.0  0.05
2173  2678.0  0.05
2174  2678.0  0.05
2175  2678.0  0.05
2176  2678.0  0.05
2177  2678.0  0.05
2178  2678.0  0.05
2179  2678.0  0.05
2180  2678.0  0.05
2181  2678.0  0.05
2182  2678.0  0.05
2183  2678.0  0.05
2184  2678.0  0.05
2185  2678.0  0.05
2186  2678.0  0.05
2187  2678.0  0.05
2188  2678.0  0.05
2189  2678.0  0.05
2190  2678.0  0.05
2191  2678.0  0.05
2192  2678.0  0.05
2193  2678.0  0.05
2194  2678.0  0.05
2195  2678.0  0.05
2196  2678.0  0.05
2197  2678.0  0.05
2198  2678.0  0.05
2199  2678.0  0.05
2200  2678.0  0.05
2201  2678.0  0.05
2202  2678.0  0.05
2203  2678.0  0.05
2204  2678.0  0.05
2205  2678.0  0.05
2206  2678.0  0.05
2207  2678.0  0.05
2208  2678.0  0.05
2209  2678.0  0.05
2210  2678.0  0.05
2211  2678.0  0.05
2212  2678.0  0.05
2213  2678.0  0.05
2214  2678.0  0.05
2215  2678.0  0.05
2216  2678.0  0.05
2217  2678.0  0.05
2218  2678.0  0.05
2219  2678.0  0.05
2220  2678.0  0.05
2221  2678.0  0.05
2222  2678.0  0.05
2223  2678.0  0.05
2224  2678.0  0.05
2225  2678.0  0.05
2226  2678.0  0.05
2227  2678.0  0.05
2228  2678.0  0.05
2229  2678.0  0.05
2230  2678.0  0.05
2231  2678.0  0.05
2232  2678.0  0.05
2233  2678.0  0.05
2234  2678.0  0.05
2235  2678.0  0.05
2236  2678.0  0.05
2237  2678.0  0.05
2238  2678.0  0.05
2239  2678.0  0.05
2240  2678.0  0.05
2241  2678.0  0.05
2242  2678.0  0.05
2243  2678.0  0.05
2244  2678.0  0.05
2245  2678.0  0.05
2246  2678.0  0.05
2247  2678.0  0.05
2248  2678.0  0.05
2249  2678.0  0.05
2250  2678.0  0.05
2251  2678.0  0.05
2252  2678.0  0.05
2253  2678.0  0.05
2254  2678.0  0.05
2255  2678.0  0.05
2256  2678.0  0.05
2257  2678.0  0.05
2258  2678.0  0.05
2259  2678.0  0.05
2260  2678.0  0.05
2261  2678.0  0.05
2262  2678.0  0.05
2263  2678.0  0.05
2264  2678.0  0.05
2265  2678.0  0.05
2266  2678.0  0.05
2267  2678.0  0.05
2268  2678.0  0.05
2269  2678.0  0.05
2270  2678.0  0.05
2271  2678.0  0.05
2272  2678.0  0.05
2273  2678.0  0.05
2274  2678.0  0.05
2275  2678.0  0.05
2276  2678.0  0.05
2277  2678.0  0.05
2278  2678.0  0.05
2279  2678.0  0.05
2280  2678.0  0.05
2281  2678.0  0.05
2282  2678.0  0.05
2283  2678.0  0.05
2284  2678.0  0.05
2285  2678.0  0.05
2286  2678.0  0.05
2287  2678.0  0.05
2288  2678.0  0.05
2289  2678.0  0.05
2290  2678.0  0.05
2291  2678.0  0.05
2292  2678.0  0.05
2293  2678.0  0.05
2294  2678.0  0.05
2295  2678.0  0.05
2296  2678.0  0.05
2297  2678.0  0.05
2298  2678.0  0.05
2299  2678.0  0.05
2300  2678.0  0.05
2301  2678.0  0.05
2302  2678.0  0.05
2303  2678.0  0.05
2304  2678.0  0.05
2305  2678.0  0.05
2306  2678.0  0.05
2307  2678.0  0.05
2308  2678.0  0.05
2309  2678.0  0.05
2310  2678.0  0.05
2311  2678.0  0.05
2312  2678.0  0.05
2313  2678.0  0.05
2314  2678.0  0.05
2315  2678.0  0.05
2316  2678.0  0.05
2317  2678.0  0.05
2318  2678.0  0.05
2319  2678.0  0.05
2320  2678.0  0.05
2321  2678.0  0.05
2322  2678.0  0.05
2323  2678.0  0.05
2324  2678.0  0.05
2325  2678.0  0.05
2326  2678.0  0.05
2327  2678.0  0.05
2328  2678.0  0.05
2329  2678.0  0.05
2330  2678.0  0.05
2331  2678.0  0.05
2332  2678.0  0.05
2333  2678.0  0.05
2334  2678.0  0.05
2335  2678.0  0.05
2336  2678.0  0.05
2337  2678.0  0.05
2338  2678.0  0.05
2339  2678.0  0.05
2340  2678.0  0.05
2341  2678.0  0.05
2342  2678.0  0.05
2343  2678.0  0.05
2344  2678.0  0.05
2345  2678.0  0.05
2346  2678.0  0.05
2347  2678.0  0.05
2348  2678.0  0.05
2349  2678.0  0.05
2350  2678.0  0.05
2351  2678.0  0.05
2352  2678.0  0.05
2353  2678.0  0.05
2354  2678.0  0.05
2355  2678.0  0.05
2356  2678.0  0.05
2357  2678.0  0.05
2358  2678.0  0.05
2359  2678.0  0.05
2360  2678.0  0.05
2361  2678.0  0.05
2362  2678.0  0.05
2363  2678.0  0.05
2364  2678.0  0.05
2365  2678.0  0.05
2366  2678.0  0.05
2367  2678.0  0.05
2368  2678.0  0.05
2369  2678.0  0.05
2370  2678.0  0.05
2371  2678.0  0.05
2372  2678.0  0.05
2373  2678.0  0.05
2374  2678.0  0.05
2375  2678.0  0.05
2376  2678.0  0.05
2377  2678.0  0.05
2378  2678.0  0.05
2379  2678.0  0.05
2380  2678.0  0.05
2381  2678.0  0.05
2382  2678.0  0.05
2383  2678.0  0.05
2384  2678.0  0.05
2385  2678.0  0.05
2386  2678.0  0.05
2387  2678.0  0.05
2388  2678.0  0.05
2389  2678.0  0.05
2390  2678.0  0.05
2391  2678.0  0.05
2392  2678.0  0.05
2393  2678.0  0.05
2394  2678.0  0.05
2395  2678.0  0.05
2396  2678.0  0.05
2397  2678.0  0.05
2398  2678.0  0.05
2399  2678.0  0.05
2400  2678.0  0.05
2401  2678.0  0.05
2402  2678.0  0.05
2403  2678.0  0.05
2404  2678.0  0.05
2405  2678.0  0.05
2406  2678.0  0.05
2407  2678.0  0.05
2408  2678.0  0.05
2409  2678.0  0.05
2410  2678.0  0.05
2411  2678.0  0.05
2412  2678.0  0.05
2413  2678.0  0.05
2414  2678.0  0.05
2415  2678.0  0.05
2416  2678.0  0.05
2417  2678.0  0.05
2418  2678.0  0.05
2419  2678.0  0.05
2420  2678.0  0.05
2421  2678.0  0.05
2422  2678.0  0.05
2423  2678.0  0.05
2424  2678.0  0.05
2425  2678.0  0.05
2426  2678.0  0.05
2427  2678.0  0.05
2428  2678.0  0.05
2429  2678.0  0.05
2430  2678.0  0.05
2431  2678.0  0.05
2432  2678.0  0.05
2433  2678.0  0.05
2434  2678.0  0.05
2435  2678.0  0.05
2436  2678.0  0.05
2437  2678.0  0.05
2438  2678.0  0.05
2439  2678.0  0.05
2440  2678.0  0.05
2441  2678.0  0.05
2442  2678.0  0.05
2443  2678.0  0.05
2444  2678.0  0.05
2445  2678.0  0.05
2446  2678.0  0.05
2447  2678.0  0.05
2448  2678.0  0.05
2449  2678.0  0.05
2450  2678.0  0.05
2451  2678.0  0.05
2452  2678.0  0.05
2453  2678.0  0.05
2454  2678.0  0.05
2455  2678.0  0.05
2456  2678.0  0.05
2457  2678.0  0.05
2458  2678.0  0.05
2459  2678.0  0.05
2460  2678.0  0.05
2461  2678.0  0.05
2462  2678.0  0.05
2463  2678.0  0.05
2464  2678.0  0.05
2465  2678.0  0.05
2466  2678.0  0.05
2467  2678.0  0.05
2468  2678.0  0.05
2469  2678.0  0.05
2470  2678.0  0.05
2471  2678.0  0.05
2472  2678.0  0.05
2473  2678.0  0.05
2474  2678.0  0.05
2475  2678.0  0.05
2476  2678.0  0.05
2477  2678.0  0.05
2478  2678.0  0.05
2479  2678.0  0.05
2480  2678.0  0.05
2481  2678.0  0.05
2482  2678.0  0.05
2483  2678.0  0.05
2484  2678.0  0.05
2485  2678.0  0.05
2486  2678.0  0.05
2487  2678.0  0.05
2488  2678.0  0.05
2489  2678.0  0.05
2490  2678.0  0.05
2491  2678.0  0.05
2492  2678.0  0.05
2493  2678.0  0.05
2494  2678.0  0.05
2495  2678.0  0.05
2496  2678.0  0.05
2497  2678.0  0.05
2498  2678.0  0.05
2499  2678.0  0.05
2500  2678.0  0.05
2501  2678.0  0.05
2502  2678.0  0.05
2503  2678.0  0.05
2504  2678.0  0.05
2505  2678.0  0.05
2506  2678.0  0.05
2507  2678.0  0.05
2508  2678.0  0.05
2509  2678.0  0.05
2510  2678.0  0.05
2511  2678.0  0.05
2512  2678.0  0.05
2513  2678.0  0.05
2514  2678.0  0.05
2515  2678.0  0.05
2516  2678.0  0.05
2517  2678.0  0.05
2518  2678.0  0.05
2519  2678.0  0.05
2520  2678.0  0.05
2521  2678.0  0.05
2522  2678.0  0.05
2523  2678.0  0.05
2524  2678.0  0.05
2525  2678.0  0.05
2526  2678.0  0.05
2527  2678.0  0.05
2528  2678.0  0.05
2529  2678.0  0.05
2530  2678.0  0.05
2531  2678.0  0.05
2532  2678.0  0.05
2533  2678.0  0.05
2534  2678.0  0.05
2535  2678.0  0.05
2536  2678.0  0.05
2537  2678.0  0.05
2538  2678.0  0.05
2539  2678.0  0.05
2540  2678.0  0.05
2541  2678.0  0.05
2542  2678.0  0.05
2543  2678.0  0.05
2544  2678.0  0.05
2545  2678.0  0.05
2546  2678.0  0.05
2547  2678.0  0.05
2548  2678.0  0.05
2549  2678.0  0.05
2550  2678.0  0.05
2551  2678.0  0.05
2552  2678.0  0.05
2553  2678.0  0.05
2554  2678.0  0.05
2555  2678.0  0.05
2556  2678.0  0.05
2557  2678.0  0.05
2558  2678.0  0.05
2559  2678.0  0.05
2560  2678.0  0.05
2561  2678.0  0.05
2562  2678.0  0.05
2563  2678.0  0.05
2564  2678.0  0.05
2565  2678.0  0.05
2566  2678.0  0.05
2567  2678.0  0.05
2568  2678.0  0.05
2569  2678.0  0.05
2570  2678.0  0.05
2571  2678.0  0.05
2572  2678.0  0.05
2573  2678.0  0.05
2574  2678.0  0.05
2575  2678.0  0.05
2576  2678.0  0.05
2577  2678.0  0.05
2578  2678.0  0.05
2579  2678.0  0.05
2580  2678.0  0.05
2581  2678.0  0.05
2582  2678.0  0.05
2583  2678.0  0.05
2584  2678.0  0.05
2585  2678.0  0.05
2586  2678.0  0.05
2587  2678.0  0.05
2588  2678.0  0.05
2589  2678.0  0.05
2590  2678.0  0.05
2591  2678.0  0.05
2592  2678.0  0.05
2593  2678.0  0.05
2594  2678.0  0.05
2595  2678.0  0.05
2596  2678.0  0.05
2597  2678.0  0.05
2598  2678.0  0.05
2599  2678.0  0.05
2600  2678.0  0.05
2601  2678.0  0.05
2602  2678.0  0.05
2603  2678.0  0.05
2604  2678.0  0.05
2605  2678.0  0.05
2606  2678.0  0.05
2607  2678.0  0.05
2608  2678.0  0.05
2609  2678.0  0.05
2610  2678.0  0.05
2611  2678.0  0.05
2612  2678.0  0.05
2613  2678.0  0.05
2614  2678.0  0.05
2615  2678.0  0.05
2616  2678.0  0.05
2617  2678.0  0.05
2618  2678.0  0.05
2619  2678.0  0.05
2620  2678.0  0.05
2621  2678.0  0.05
2622  2678.0  0.05
2623  2678.0  0.05
2624  2678.0  0.05
2625  2678.0  0.05
2626  2678.0  0.05
2627  2678.0  0.05
2628  2678.0  0.05
2629  2678.0  0.05
2630  2678.0  0.05
2631  2678.0  0.05
2632  2678.0  0.05
2633  2678.0  0.05
2634  2678.0  0.05
2635  2678.0  0.05
2636  2678.0  0.05
2637  2678.0  0.05
2638  2678.0  0.05
2639  2678.0  0.05
2640  2678.0  0.05
2641  2678.0  0.05
2642  2678.0  0.05
2643  2678.0  0.05
2644  2678.0  0.05
2645  2678.0  0.05
2646  2678.0  0.05
2647  2678.0  0.05
2648  2678.0  0.05
2649  2678.0  0.05
2650  2678.0  0.05
2651  2678.0  0.05
2652  2678.0  0.05
2653  2678.0  0.05
2654  2678.0  0.05
2655  2678.0  0.05
2656  2678.0  0.05
2657  2678.0  0.05
2658  2678.0  0.05
2659  2678.0  0.05
2660  2678.0  0.05
2661  2678.0  0.05
2662  2678.0  0.05
2663  2678.0  0.05
2664  2678.0  0.05
2665  2678.0  0.05
2666  2678.0  0.05
2667  2678.0  0.05
2668  2678.0  0.05
2669  2678.0  0.05
2670  2678.0  0.05
2671  2678.0  0.05
2672  2678.0  0.05
2673  2678.0  0.05
2674  2678.0  0.05
2675  2678.0  0.05
2676  2678.0  0.05
2677  2678.0  0.05
2678  2678.0  0.05
2679  2678.0  0.05
2680  2678.0  0.05
2681  2678.0  0.05
2682  2678.0  0.05
2683  2678.0  0.05
2684  2678.0  0.05
2685  2678.0  0.05
2686  2678.0  0.05
2687  2678.0  0.05
2688  2678.0  0.05
2689  2678.0  0.05
2690  2678.0  0.05
2691  2678.0  0.05
2692  2678.0  0.05
2693  2678.0  0.05
2694  2678.0  0.05
2695  2678.0  0.05
2696  2678.0  0.05
2697  2678.0  0.05
2698  2678.0  0.05
2699  2678.0  0.05
2700  2678.0  0.05
2701  2678.0  0.05
2702  2678.0  0.05
2703  2678.0  0.05
2704  2678.0  0.05
2705  2678.0  0.05
2706  2678.0  0.05
2707  2678.0  0.05
2708  2678.0  0.05
2709  2678.0  0.05
2710  2678.0  0.05
2711  2678.0  0.05
2712  2678.0  0.05
2713  2678.0  0.05
2714  2678.0  0.05
2715  2678.0  0.05
2716  2678.0  0.05
2717  2678.0  0.05
2718  2678.0  0.05
2719  2678.0  0.05
2720  2678.0  0.05
2721  2678.0  0.05
2722  2678.0  0.05
2723  2678.0  0.05
2724  2678.0  0.05
2725  2678.0  0.05
2726  2678.0  0.05
2727  2678.0  0.05
2728  2678.0  0.05
2729  2678.0  0.05
2730  2678.0  0.05
2731  2678.0  0.05
2732  2678.0  0.05
2733  2678.0  0.05
2734  2678.0  0.05
2735  2678.0  0.05
2736  2678.0  0.05
2737  2678.0  0.05
2738  2678.0  0.05
2739  2678.0  0.05
2740  2678.0  0.05
2741  2678.0  0.05
2742  2678.0  0.05
2743  2678.0  0.05
2744  2678.0  0.05
2745  2678.0  0.05
2746  2678.0  0.05
2747  2678.0  0.05
2748  2678.0  0.05
2749  2678.0  0.05
2750  2678.0  0.05
2751  2678.0  0.05
2752  2678.0  0.05
2753  2678.0  0.05
2754  2678.0  0.05
2755  2678.0  0.05
2756  2678.0  0.05
2757  2678.0  0.05
2758  2678.0  0.05
2759  2678.0  0.05
2760  2678.0  0.05
2761  2678.0  0.05
2762  2678.0  0.05
2763  2678.0  0.05
2764  2678.0  0.05
2765  2678.0  0.05
2766  2678.0  0.05
2767  2678.0  0.05
2768  2678.0  0.05
2769  2678.0  0.05
2770  2678.0  0.05
2771  2678.0  0.05
2772  2678.0  0.05
2773  2678.0  0.05
2774  2678.0  0.05
2775  2678.0  0.05
2776  2678.0  0.05
2777  2678.0  0.05
2778  2678.0  0.05
2779  2678.0  0.05
2780  2678.0  0.05
2781  2678.0  0.05
2782  2678.0  0.05
2783  2678.0  0.05
2784  2678.0  0.05
2785  2678.0  0.05
2786  2678.0  0.05
2787  2678.0  0.05
2788  2678.0  0.05
2789  2678.0  0.05
2790  2678.0  0.05
2791  2678.0  0.05
2792  2678.0  0.05
2793  2678.0  0.05
2794  2678.0  0.05
2795  2678.0  0.05
2796  2678.0  0.05
2797  2678.0  0.05
2798  2678.0  0.05
2799  2678.0  0.05
2800  2678.0  0.05
2801  2678.0  0.05
2802  2678.0  0.05
2803  2678.0  0.05
2804  2678.0  0.05
2805  2678.0  0.05
2806  2678.0  0.05
2807  2678.0  0.05
2808  2678.0  0.05
2809  2678.0  0.05
2810  2678.0  0.05
2811  2678.0  0.05
2812  2678.0  0.05
2813  2678.0  0.05
2814  2678.0  0.05
2815  2678.0  0.05
2816  2678.0  0.05
2817  2678.0  0.05
2818  2678.0  0.05
2819  2678.0  0.05
2820  2678.0  0.05
2821  2678.0  0.05
2822  2678.0  0.05
2823  2678.0  0.05
2824  2678.0  0.05
2825  2678.0  0.05
2826  2678.0  0.05
2827  2678.0  0.05
2828  2678.0  0.05
2829  2678.0  0.05
2830  2678.0  0.05
2831  2678.0  0.05
2832  2678.0  0.05
2833  2678.0  0.05
2834  2678.0  0.05
2835  2678.0  0.05
2836  2678.0  0.05
2837  2678.0  0.05
2838  2678.0  0.05
2839  2678.0  0.05
2840  2678.0  0.05
2841  2678.0  0.05
2842  2678.0  0.05
2843  2678.0  0.05
2844  2678.0  0.05
2845  2678.0  0.05
2846  2678.0  0.05
2847  2678.0  0.05
2848  2678.0  0.05
2849  2678.0  0.05
2850  2678.0  0.05
2851  2678.0  0.05
2852  2678.0  0.05
2853  2678.0  0.05
2854  2678.0  0.05
2855  2678.0  0.05
2856  2678.0  0.05
2857  2678.0  0.05
2858  2678.0  0.05
2859  2678.0  0.05
2860  2678.0  0.05
2861  2678.0  0.05
2862  2678.0  0.05
2863  2678.0  0.05
2864  2678.0  0.05
2865  2678.0  0.05
2866  2678.0  0.05
2867  2678.0  0.05
2868  2678.0  0.05
2869  2678.0  0.05
2870  2678.0  0.05
2871  2678.0  0.05
2872  2678.0  0.05
2873  2678.0  0.05
2874  2678.0  0.05
2875  2678.0  0.05
2876  2678.0  0.05
2877  2678.0  0.05
2878  2678.0  0.05
2879  2678.0  0.05
2880  2678.0  0.05
2881  2678.0  0.05
2882  2678.0  0.05
2883  2678.0  0.05
2884  2678.0  0.05
2885  2678.0  0.05
2886  2678.0  0.05
2887  2678.0  0.05
2888  2678.0  0.05
2889  2678.0  0.05
2890  2678.0  0.05
2891  2678.0  0.05
2892  2678.0  0.05
2893  2678.0  0.05
2894  2678.0  0.05
2895  2678.0  0.05
2896  2678.0  0.05
2897  2678.0  0.05
2898  2678.0  0.05
2899  2678.0  0.05
2900  2678.0  0.05
2901  2678.0  0.05
2902  2678.0  0.05
2903  2678.0  0.05
2904  2678.0  0.05
2905  2678.0  0.05
2906  2678.0  0.05
2907  2678.0  0.05
2908  2678.0  0.05
2909  2678.0  0.05
2910  2678.0  0.05
2911  2678.0  0.05
2912  2678.0  0.05
2913  2678.0  0.05
2914  2678.0  0.05
2915  2678.0  0.05
2916  2678.0  0.05
2917  2678.0  0.05
2918  2678.0  0.05
2919  2678.0  0.05
2920  2678.0  0.05
2921  2678.0  0.05
2922  2678.0  0.05
2923  2678.0  0.05
2924  2678.0  0.05
2925  2678.0  0.05
2926  2678.0  0.05
2927  2678.0  0.05
2928  2678.0  0.05
2929  2678.0  0.05
2930  2678.0  0.05
2931  2678.0  0.05
2932  2678.0  0.05
2933  2678.0  0.05
2934  2678.0  0.05
2935  2678.0  0.05
2936  2678.0  0.05
2937  2678.0  0.05
2938  2678.0  0.05
2939  2678.0  0.05
2940  2678.0  0.05
2941  2678.0  0.05
2942  2678.0  0.05
2943  2678.0  0.05
2944  2678.0  0.05
2945  2678.0  0.05
2946  2678.0  0.05
2947  2678.0  0.05
2948  2678.0  0.05
2949  2678.0  0.05
2950  2678.0  0.05
2951  2678.0  0.05
2952  2678.0  0.05
2953  2678.0  0.05
2954  2678.0  0.05
2955  2678.0  0.05
2956  2678.0  0.05
2957  2678.0  0.05
2958  2678.0  0.05
2959  2678.0  0.05
2960  2678.0  0.05
2961  2678.0  0.05
2962  2678.0  0.05
2963  2678.0  0.05
2964  2678.0  0.05
2965  2678.0  0.05
2966  2678.0  0.05
2967  2678.0  0.05
2968  2678.0  0.05
2969  2678.0  0.05
2970  2678.0  0.05
2971  2678.0  0.05
2972  2678.0  0.05
2973  2678.0  0.05
2974  2678.0  0.05
2975  2678.0  0.05
2976  2678.0  0.05
2977  2678.0  0.05
2978  2678.0  0.05
2979  2678.0  0.05
2980  2678.0  0.05
2981  2678.0  0.05
2982  2678.0  0.05
2983  2678.0  0.05
2984  2678.0  0.05
2985  2678.0  0.05
2986  2678.0  0.05
2987  2678.0  0.05
2988  2678.0  0.05
2989  2678.0  0.05
2990  2678.0  0.05
2991  2678.0  0.05
2992  2678.0  0.05
2993  2678.0  0.05
2994  2678.0  0.05
2995  2678.0  0.05
2996  2678.0  0.05
2997  2678.0  0.05
2998  2678.0  0.05
2999  2678.0  0.05
#[9, 9, 9, 9, 9, 9, 9, 9, 9, 9]
#[9, 9, 9, 9, 9, 9, 9, 9, 9, 9]
#[4, 9, 9, 9, 9, 9, 9, 9, 9, 9]
#[9, 9, 9, 9, 9, 9, 9, 9, 9, 9]
#[-7, 9, 9, 9, 9, 9, 9, 9, 9, 9]
#[-5, -1, 8, 9, 9, 9, 9, 9, 9, 9]
#[1, 9, 9, 9, 9, 9, 9, 9, 9, 9]
#[-8, -5, 9, 9, 9, 9, 9, 9, 9, 9]
#[9, 9, 9, 9, 9, 9, 9, 9, 9, 9]
#Specialization index= [0, 9, 0.12195121951219512]
