#[8, 1, 8, 7, 9, 2, 7, 6, 8, 9]
#[3, 2, 2, 4, 9, 4, 7, 4, 3, 7]
#[0, 7, 6, 4, 6, 9, 1, 6, 7, 4]
#[8, 9, 4, 0, 3, 0, 9, 7, 5, 8]
#[7, 2, 3, 2, 6, 1, 0, 9, 8, 5]
#[9, 3, 1, 9, 6, 7, 7, 1, 3, 8]
#[5, 0, 1, 6, 1, 8, 7, 4, 4, 9]
#[3, 4, 3, 2, 5, 7, 8, 7, 6, 7]
#[8, 4, 6, 5, 2, 2, 3, 9, 2, 5]
0  11580.0  0.39
1  12562.0  0.32
2  13027.1298828  0.22
3  13057.4805231  0.22
4  13078.2645947  0.22
5  13093.2572967  0.22
6  13662.9091797  0.25
7  14425.0  0.26
8  14425.0  0.26
9  14425.0  0.26
10  14425.0  0.26
11  14425.0  0.26
12  16635.0  0.19
13  16635.0  0.19
14  16635.0  0.19
15  16635.0  0.19
16  16635.0  0.19
17  16635.0  0.19
18  16635.0  0.19
19  16635.0  0.19
20  16635.0  0.19
21  16635.0  0.19
22  16635.0  0.19
23  16635.0  0.19
24  16635.0  0.19
25  16635.0  0.19
26  16635.0  0.19
27  16635.0  0.19
28  16635.0  0.19
29  16635.0  0.19
30  16635.0  0.19
31  16635.0  0.19
32  16635.0  0.19
33  16635.0  0.19
34  16635.0  0.19
35  16635.0  0.19
36  16635.0  0.19
37  16635.0  0.19
38  16635.0  0.19
39  16635.0  0.19
40  16635.0  0.19
41  16635.0  0.19
42  16635.0  0.19
43  16635.0  0.19
44  16635.0  0.19
45  16635.0  0.19
46  16635.0  0.19
47  16635.0  0.19
48  16635.0  0.19
49  16635.0  0.19
50  16635.0  0.19
51  16635.0  0.19
52  16635.0  0.19
53  16635.0  0.19
54  16635.0  0.19
55  16635.0  0.19
56  16635.0  0.19
57  16635.0  0.19
58  16635.0  0.19
59  16635.0  0.19
60  16635.0  0.19
61  16635.0  0.19
62  16635.0  0.19
63  16635.0  0.19
64  16635.0  0.19
65  16635.0  0.19
66  16958.4375  0.22
67  16957.2167969  0.22
68  16956.2631226  0.22
69  16955.5180645  0.22
70  16954.9359879  0.22
71  16954.4812405  0.22
72  16954.1259692  0.22
73  16953.8484134  0.22
74  16953.631573  0.22
75  16953.4621664  0.22
76  16953.3298175  0.22
77  16953.2264199  0.22
78  16953.1456406  0.22
79  16953.0825317  0.22
80  16953.0332279  0.22
81  16952.9947093  0.22
82  16952.9646166  0.22
83  16952.9411067  0.22
84  16952.9227396  0.22
85  16952.9083903  0.22
86  16952.89718  0.22
87  16952.8884218  0.22
88  16952.8815796  0.22
89  16952.876234  0.22
90  16952.8720578  0.22
91  16952.8687952  0.22
92  16952.8662462  0.22
93  16952.8642549  0.22
94  16952.8626991  0.22
95  16952.8614837  0.22
96  16952.8605341  0.22
97  16952.8597923  0.22
98  16952.8592127  0.22
99  16952.8587599  0.22
100  16952.8584062  0.22
101  16952.8581298  0.22
102  16952.8579139  0.22
103  16952.8577453  0.22
104  16952.8576135  0.22
105  16952.8575105  0.22
106  16952.8574301  0.22
107  16952.8573673  0.22
108  16952.8573182  0.22
109  16952.8572798  0.22
110  16952.8572499  0.22
111  16952.8572265  0.22
112  16952.8572082  0.22
113  16952.8571939  0.22
114  16952.8571827  0.22
115  16952.857174  0.22
116  16952.8571672  0.22
117  16952.8571619  0.22
118  16952.8571577  0.22
119  16952.8571545  0.22
120  16952.8571519  0.22
121  16952.8571499  0.22
122  16952.8571484  0.22
123  16952.8571472  0.22
124  16952.8571462  0.22
125  16952.8571455  0.22
126  16952.8571449  0.22
127  16952.8571445  0.22
128  16952.8571441  0.22
129  16952.8571438  0.22
130  16952.8571436  0.22
131  16952.8571435  0.22
132  16952.8571433  0.22
133  16952.8571432  0.22
134  16952.8571431  0.22
135  16952.8571431  0.22
136  16952.857143  0.22
137  16952.857143  0.22
138  16952.857143  0.22
139  16952.8571429  0.22
140  16952.8571429  0.22
141  16952.8571429  0.22
142  16952.8571429  0.22
143  17804.0  0.21
144  17804.0  0.21
145  17804.0  0.21
146  17804.0  0.21
147  17804.0  0.21
148  17804.0  0.21
149  17804.0  0.21
150  17804.0  0.21
151  17804.0  0.21
152  17804.0  0.21
153  17804.0  0.21
154  17804.0  0.21
155  17804.0  0.21
156  17804.0  0.21
157  17804.0  0.21
158  17804.0  0.21
159  17804.0  0.21
160  17804.0  0.21
161  17804.0  0.21
162  17804.0  0.21
163  17804.0  0.21
164  17804.0  0.21
165  17804.0  0.21
166  17804.0  0.21
167  17804.0  0.21
168  17804.0  0.21
169  17804.0  0.21
170  17804.0  0.21
171  17804.0  0.21
172  17804.0  0.21
173  17804.0  0.21
174  17804.0  0.21
175  17804.0  0.21
176  17804.0  0.21
177  17804.0  0.21
178  17804.0  0.21
179  17804.0  0.21
180  17804.0  0.21
181  17804.0  0.21
182  17804.0  0.21
183  17804.0  0.21
184  17804.0  0.21
185  17804.0  0.21
186  17804.0  0.21
187  17804.0  0.21
188  17804.0  0.21
189  17804.0  0.21
190  17804.0  0.21
191  17804.0  0.21
192  17804.0  0.21
193  17804.0  0.21
194  17804.0  0.21
195  17804.0  0.21
196  17804.0  0.21
197  17804.0  0.21
198  17804.0  0.21
199  17804.0  0.21
200  17804.0  0.21
201  17804.0  0.21
202  17804.0  0.21
203  17804.0  0.21
204  17804.0  0.21
205  17804.0  0.21
206  17804.0  0.21
207  17804.0  0.21
208  17804.0  0.21
209  17804.0  0.21
210  17804.0  0.21
211  17804.0  0.21
212  17804.0  0.21
213  17804.0  0.21
214  17804.0  0.21
215  17804.0  0.21
216  17804.0  0.21
217  17804.0  0.21
218  17804.0  0.21
219  17804.0  0.21
220  17804.0  0.21
221  17804.0  0.21
222  17804.0  0.21
223  17804.0  0.21
224  17804.0  0.21
225  17804.0  0.21
226  17804.0  0.21
227  17804.0  0.21
228  17804.0  0.21
229  17804.0  0.21
230  17804.0  0.21
231  17804.0  0.21
232  17804.0  0.21
233  17804.0  0.21
234  17804.0  0.21
235  17804.0  0.21
236  17804.0  0.21
237  17804.0  0.21
238  17804.0  0.21
239  17804.0  0.21
240  17804.0  0.21
241  17804.0  0.21
242  17804.0  0.21
243  17804.0  0.21
244  17804.0  0.21
245  17804.0  0.21
246  17804.0  0.21
247  17804.0  0.21
248  17804.0  0.21
249  17804.0  0.21
250  17804.0  0.21
251  17804.0  0.21
252  17804.0  0.21
253  17804.0  0.21
254  17804.0  0.21
255  17804.0  0.21
256  17804.0  0.21
257  17804.0  0.21
258  17804.0  0.21
259  17804.0  0.21
260  17804.0  0.21
261  17804.0  0.21
262  17804.0  0.21
263  17804.0  0.21
264  17804.0  0.21
265  17804.0  0.21
266  17804.0  0.21
267  17804.0  0.21
268  17804.0  0.21
269  17804.0  0.21
270  17804.0  0.21
271  17804.0  0.21
272  17804.0  0.21
273  17804.0  0.21
274  17804.0  0.21
275  17804.0  0.21
276  17804.0  0.21
277  17804.0  0.21
278  17804.0  0.21
279  17804.0  0.21
280  17804.0  0.21
281  17804.0  0.21
282  17804.0  0.21
283  17804.0  0.21
284  17804.0  0.21
285  17804.0  0.21
286  17804.0  0.21
287  17804.0  0.21
288  17804.0  0.21
289  17804.0  0.21
290  17804.0  0.21
291  17804.0  0.21
292  17804.0  0.21
293  17804.0  0.21
294  17804.0  0.21
295  17804.0  0.21
296  17804.0  0.21
297  17804.0  0.21
298  17804.0  0.21
299  17804.0  0.21
300  17804.0  0.21
301  17804.0  0.21
302  17804.0  0.21
303  17804.0  0.21
304  17804.0  0.21
305  17804.0  0.21
306  17804.0  0.21
307  17804.0  0.21
308  17804.0  0.21
309  17804.0  0.21
310  17804.0  0.21
311  17804.0  0.21
312  17804.0  0.21
313  17804.0  0.21
314  17804.0  0.21
315  17804.0  0.21
316  17804.0  0.21
317  17804.0  0.21
318  17804.0  0.21
319  17804.0  0.21
320  17804.0  0.21
321  17804.0  0.21
322  17804.0  0.21
323  17804.0  0.21
324  17804.0  0.21
325  17804.0  0.21
326  17804.0  0.21
327  17804.0  0.21
328  17804.0  0.21
329  17804.0  0.21
330  17804.0  0.21
331  17804.0  0.21
332  17804.0  0.21
333  17804.0  0.21
334  17804.0  0.21
335  17804.0  0.21
336  17804.0  0.21
337  17804.0  0.21
338  17804.0  0.21
339  17804.0  0.21
340  17804.0  0.21
341  17804.0  0.21
342  17804.0  0.21
343  17804.0  0.21
344  17804.0  0.21
345  17804.0  0.21
346  17804.0  0.21
347  17804.0  0.21
348  17804.0  0.21
349  17804.0  0.21
350  17804.0  0.21
351  17804.0  0.21
352  17804.0  0.21
353  17804.0  0.21
354  17804.0  0.21
355  17804.0  0.21
356  17804.0  0.21
357  17804.0  0.21
358  17804.0  0.21
359  17804.0  0.21
360  17804.0  0.21
361  17804.0  0.21
362  17804.0  0.21
363  17804.0  0.21
364  17804.0  0.21
365  17804.0  0.21
366  17804.0  0.21
367  17804.0  0.21
368  17804.0  0.21
369  17804.0  0.21
370  17804.0  0.21
371  17804.0  0.21
372  17804.0  0.21
373  17804.0  0.21
374  17804.0  0.21
375  17804.0  0.21
376  17804.0  0.21
377  17804.0  0.21
378  17804.0  0.21
379  17804.0  0.21
380  17804.0  0.21
381  17804.0  0.21
382  17804.0  0.21
383  17804.0  0.21
384  17804.0  0.21
385  17804.0  0.21
386  17804.0  0.21
387  17804.0  0.21
388  17804.0  0.21
389  17804.0  0.21
390  17804.0  0.21
391  17804.0  0.21
392  17804.0  0.21
393  17804.0  0.21
394  17804.0  0.21
395  17804.0  0.21
396  17804.0  0.21
397  17804.0  0.21
398  17804.0  0.21
399  17804.0  0.21
400  17804.0  0.21
401  17804.0  0.21
402  17804.0  0.21
403  17804.0  0.21
404  17804.0  0.21
405  17804.0  0.21
406  17804.0  0.21
407  17804.0  0.21
408  17804.0  0.21
409  17804.0  0.21
410  17804.0  0.21
411  17804.0  0.21
412  17804.0  0.21
413  17804.0  0.21
414  17804.0  0.21
415  17804.0  0.21
416  17804.0  0.21
417  17804.0  0.21
418  17804.0  0.21
419  17804.0  0.21
420  17804.0  0.21
421  17804.0  0.21
422  17804.0  0.21
423  17804.0  0.21
424  17804.0  0.21
425  17804.0  0.21
426  17804.0  0.21
427  17804.0  0.21
428  17804.0  0.21
429  17804.0  0.21
430  17804.0  0.21
431  17804.0  0.21
432  17804.0  0.21
433  17804.0  0.21
434  17804.0  0.21
435  17804.0  0.21
436  17804.0  0.21
437  17804.0  0.21
438  17804.0  0.21
439  17804.0  0.21
440  17804.0  0.21
441  17804.0  0.21
442  17804.0  0.21
443  17804.0  0.21
444  17804.0  0.21
445  17804.0  0.21
446  17804.0  0.21
447  17804.0  0.21
448  17804.0  0.21
449  17804.0  0.21
450  17804.0  0.21
451  17804.0  0.21
452  17804.0  0.21
453  17804.0  0.21
454  17804.0  0.21
455  17804.0  0.21
456  17804.0  0.21
457  17804.0  0.21
458  17804.0  0.21
459  17804.0  0.21
460  17804.0  0.21
461  17804.0  0.21
462  17804.0  0.21
463  17804.0  0.21
464  17804.0  0.21
465  17804.0  0.21
466  17804.0  0.21
467  17804.0  0.21
468  17804.0  0.21
469  17804.0  0.21
470  17804.0  0.21
471  17804.0  0.21
472  17804.0  0.21
473  17804.0  0.21
474  17804.0  0.21
475  17804.0  0.21
476  17804.0  0.21
477  17804.0  0.21
478  17804.0  0.21
479  17804.0  0.21
480  17804.0  0.21
481  17804.0  0.21
482  17804.0  0.21
483  17804.0  0.21
484  17804.0  0.21
485  17804.0  0.21
486  17804.0  0.21
487  17804.0  0.21
488  17804.0  0.21
489  17804.0  0.21
490  17804.0  0.21
491  17804.0  0.21
492  17804.0  0.21
493  17804.0  0.21
494  17804.0  0.21
495  17804.0  0.21
496  17804.0  0.21
497  17804.0  0.21
498  17804.0  0.21
499  17804.0  0.21
500  17804.0  0.21
501  17804.0  0.21
502  17804.0  0.21
503  17804.0  0.21
504  17804.0  0.21
505  17804.0  0.21
506  17804.0  0.21
507  17804.0  0.21
508  17804.0  0.21
509  17804.0  0.21
510  17804.0  0.21
511  17804.0  0.21
512  17804.0  0.21
513  17804.0  0.21
514  17804.0  0.21
515  17804.0  0.21
516  17804.0  0.21
517  17804.0  0.21
518  17804.0  0.21
519  17804.0  0.21
520  17804.0  0.21
521  17804.0  0.21
522  17804.0  0.21
523  17804.0  0.21
524  17804.0  0.21
525  17804.0  0.21
526  17804.0  0.21
527  17804.0  0.21
528  17804.0  0.21
529  17804.0  0.21
530  17804.0  0.21
531  17804.0  0.21
532  17804.0  0.21
533  17804.0  0.21
534  17804.0  0.21
535  17804.0  0.21
536  17804.0  0.21
537  17804.0  0.21
538  17804.0  0.21
539  17804.0  0.21
540  17804.0  0.21
541  17804.0  0.21
542  17804.0  0.21
543  17804.0  0.21
544  17804.0  0.21
545  17804.0  0.21
546  17804.0  0.21
547  17804.0  0.21
548  17804.0  0.21
549  17804.0  0.21
550  17804.0  0.21
551  17804.0  0.21
552  17804.0  0.21
553  17804.0  0.21
554  17804.0  0.21
555  17804.0  0.21
556  17804.0  0.21
557  17804.0  0.21
558  17804.0  0.21
559  17804.0  0.21
560  17804.0  0.21
561  17804.0  0.21
562  17804.0  0.21
563  17804.0  0.21
564  17804.0  0.21
565  17804.0  0.21
566  17804.0  0.21
567  17804.0  0.21
568  17804.0  0.21
569  17804.0  0.21
570  17804.0  0.21
571  17804.0  0.21
572  17804.0  0.21
573  17804.0  0.21
574  17804.0  0.21
575  17804.0  0.21
576  17804.0  0.21
577  17804.0  0.21
578  17804.0  0.21
579  17804.0  0.21
580  17804.0  0.21
581  17804.0  0.21
582  17804.0  0.21
583  17804.0  0.21
584  17804.0  0.21
585  17804.0  0.21
586  17804.0  0.21
587  17804.0  0.21
588  17804.0  0.21
589  17804.0  0.21
590  17804.0  0.21
591  17804.0  0.21
592  17804.0  0.21
593  17804.0  0.21
594  17804.0  0.21
595  17804.0  0.21
596  17804.0  0.21
597  17804.0  0.21
598  17804.0  0.21
599  17804.0  0.21
600  17804.0  0.21
601  17804.0  0.21
602  17804.0  0.21
603  17804.0  0.21
604  17804.0  0.21
605  17804.0  0.21
606  17804.0  0.21
607  17804.0  0.21
608  17804.0  0.21
609  17804.0  0.21
610  17804.0  0.21
611  17804.0  0.21
612  17804.0  0.21
613  17804.0  0.21
614  17804.0  0.21
615  17804.0  0.21
616  17804.0  0.21
617  17804.0  0.21
618  17804.0  0.21
619  17804.0  0.21
620  17804.0  0.21
621  17804.0  0.21
622  17804.0  0.21
623  17804.0  0.21
624  17804.0  0.21
625  17804.0  0.21
626  17804.0  0.21
627  17804.0  0.21
628  17804.0  0.21
629  17804.0  0.21
630  17804.0  0.21
631  17804.0  0.21
632  17804.0  0.21
633  17804.0  0.21
634  17804.0  0.21
635  17804.0  0.21
636  17804.0  0.21
637  17804.0  0.21
638  17804.0  0.21
639  17804.0  0.21
640  17804.0  0.21
641  17804.0  0.21
642  17804.0  0.21
643  17804.0  0.21
644  17804.0  0.21
645  17804.0  0.21
646  17804.0  0.21
647  17804.0  0.21
648  17804.0  0.21
649  17804.0  0.21
650  17804.0  0.21
651  17804.0  0.21
652  17804.0  0.21
653  17804.0  0.21
654  17804.0  0.21
655  17804.0  0.21
656  17804.0  0.21
657  17804.0  0.21
658  17804.0  0.21
659  17804.0  0.21
660  17804.0  0.21
661  17804.0  0.21
662  17804.0  0.21
663  17804.0  0.21
664  17804.0  0.21
665  17804.0  0.21
666  17804.0  0.21
667  17804.0  0.21
668  17804.0  0.21
669  17804.0  0.21
670  17804.0  0.21
671  17804.0  0.21
672  17804.0  0.21
673  17804.0  0.21
674  17804.0  0.21
675  17804.0  0.21
676  17804.0  0.21
677  17804.0  0.21
678  17804.0  0.21
679  17804.0  0.21
680  17804.0  0.21
681  17804.0  0.21
682  17804.0  0.21
683  17804.0  0.21
684  17804.0  0.21
685  17804.0  0.21
686  17804.0  0.21
687  17804.0  0.21
688  17804.0  0.21
689  17804.0  0.21
690  17804.0  0.21
691  17804.0  0.21
692  17804.0  0.21
693  17804.0  0.21
694  17804.0  0.21
695  17804.0  0.21
696  17804.0  0.21
697  17804.0  0.21
698  17804.0  0.21
699  17804.0  0.21
700  17804.0  0.21
701  17804.0  0.21
702  17804.0  0.21
703  17804.0  0.21
704  17804.0  0.21
705  17804.0  0.21
706  17804.0  0.21
707  17804.0  0.21
708  17804.0  0.21
709  17804.0  0.21
710  17804.0  0.21
711  17804.0  0.21
712  17804.0  0.21
713  17804.0  0.21
714  17804.0  0.21
715  17804.0  0.21
716  17804.0  0.21
717  17804.0  0.21
718  17804.0  0.21
719  17804.0  0.21
720  17804.0  0.21
721  17804.0  0.21
722  17804.0  0.21
723  17804.0  0.21
724  17804.0  0.21
725  17804.0  0.21
726  17804.0  0.21
727  17804.0  0.21
728  17804.0  0.21
729  17804.0  0.21
730  17804.0  0.21
731  17804.0  0.21
732  17804.0  0.21
733  17804.0  0.21
734  17804.0  0.21
735  17804.0  0.21
736  17804.0  0.21
737  17804.0  0.21
738  17804.0  0.21
739  17804.0  0.21
740  17804.0  0.21
741  17804.0  0.21
742  17804.0  0.21
743  17804.0  0.21
744  17804.0  0.21
745  17804.0  0.21
746  17804.0  0.21
747  17804.0  0.21
748  17804.0  0.21
749  17804.0  0.21
750  17804.0  0.21
751  17804.0  0.21
752  17804.0  0.21
753  17804.0  0.21
754  17804.0  0.21
755  17804.0  0.21
756  17804.0  0.21
757  17804.0  0.21
758  17804.0  0.21
759  17804.0  0.21
760  17804.0  0.21
761  17804.0  0.21
762  17804.0  0.21
763  17804.0  0.21
764  17804.0  0.21
765  17804.0  0.21
766  17804.0  0.21
767  17804.0  0.21
768  17804.0  0.21
769  17804.0  0.21
770  17804.0  0.21
771  17804.0  0.21
772  17804.0  0.21
773  17804.0  0.21
774  17804.0  0.21
775  17804.0  0.21
776  17804.0  0.21
777  17804.0  0.21
778  17804.0  0.21
779  17804.0  0.21
780  17804.0  0.21
781  17804.0  0.21
782  17804.0  0.21
783  17804.0  0.21
784  17804.0  0.21
785  17804.0  0.21
786  17804.0  0.21
787  17804.0  0.21
788  17804.0  0.21
789  17804.0  0.21
790  17804.0  0.21
791  17804.0  0.21
792  17804.0  0.21
793  17804.0  0.21
794  17804.0  0.21
795  17804.0  0.21
796  17804.0  0.21
797  17804.0  0.21
798  17804.0  0.21
799  17804.0  0.21
800  17804.0  0.21
801  17804.0  0.21
802  17804.0  0.21
803  17804.0  0.21
804  17804.0  0.21
805  17804.0  0.21
806  17804.0  0.21
807  17804.0  0.21
808  17804.0  0.21
809  17804.0  0.21
810  17804.0  0.21
811  17804.0  0.21
812  17804.0  0.21
813  17804.0  0.21
814  17804.0  0.21
815  17804.0  0.21
816  17804.0  0.21
817  17804.0  0.21
818  17804.0  0.21
819  17804.0  0.21
820  17804.0  0.21
821  17804.0  0.21
822  17804.0  0.21
823  17804.0  0.21
824  17804.0  0.21
825  17804.0  0.21
826  17804.0  0.21
827  17804.0  0.21
828  17804.0  0.21
829  17804.0  0.21
830  17804.0  0.21
831  17804.0  0.21
832  17804.0  0.21
833  17804.0  0.21
834  17804.0  0.21
835  17804.0  0.21
836  17804.0  0.21
837  17804.0  0.21
838  17804.0  0.21
839  17804.0  0.21
840  17804.0  0.21
841  17804.0  0.21
842  17804.0  0.21
843  17804.0  0.21
844  17804.0  0.21
845  17804.0  0.21
846  17804.0  0.21
847  17804.0  0.21
848  17804.0  0.21
849  17804.0  0.21
850  17804.0  0.21
851  17804.0  0.21
852  17804.0  0.21
853  17804.0  0.21
854  17804.0  0.21
855  17804.0  0.21
856  17804.0  0.21
857  17804.0  0.21
858  17804.0  0.21
859  17804.0  0.21
860  17804.0  0.21
861  17804.0  0.21
862  17804.0  0.21
863  17804.0  0.21
864  17804.0  0.21
865  17804.0  0.21
866  17804.0  0.21
867  17804.0  0.21
868  17804.0  0.21
869  17804.0  0.21
870  17804.0  0.21
871  17804.0  0.21
872  17804.0  0.21
873  17804.0  0.21
874  17804.0  0.21
875  17804.0  0.21
876  17804.0  0.21
877  17804.0  0.21
878  17804.0  0.21
879  17804.0  0.21
880  17804.0  0.21
881  17804.0  0.21
882  17804.0  0.21
883  17804.0  0.21
884  17804.0  0.21
885  17804.0  0.21
886  17804.0  0.21
887  17804.0  0.21
888  17804.0  0.21
889  17804.0  0.21
890  17804.0  0.21
891  17804.0  0.21
892  17804.0  0.21
893  17804.0  0.21
894  17804.0  0.21
895  17804.0  0.21
896  17804.0  0.21
897  17804.0  0.21
898  17804.0  0.21
899  17804.0  0.21
900  17804.0  0.21
901  17804.0  0.21
902  17804.0  0.21
903  17804.0  0.21
904  17804.0  0.21
905  17804.0  0.21
906  17804.0  0.21
907  17804.0  0.21
908  17804.0  0.21
909  17804.0  0.21
910  17804.0  0.21
911  17804.0  0.21
912  17804.0  0.21
913  17804.0  0.21
914  17804.0  0.21
915  17804.0  0.21
916  17804.0  0.21
917  17804.0  0.21
918  17804.0  0.21
919  17804.0  0.21
920  17804.0  0.21
921  17804.0  0.21
922  17804.0  0.21
923  17804.0  0.21
924  17804.0  0.21
925  17804.0  0.21
926  17804.0  0.21
927  17804.0  0.21
928  17804.0  0.21
929  17804.0  0.21
930  17804.0  0.21
931  17804.0  0.21
932  17804.0  0.21
933  17804.0  0.21
934  17804.0  0.21
935  17804.0  0.21
936  17804.0  0.21
937  17804.0  0.21
938  17804.0  0.21
939  17804.0  0.21
940  17804.0  0.21
941  17804.0  0.21
942  17804.0  0.21
943  17804.0  0.21
944  17804.0  0.21
945  17804.0  0.21
946  17804.0  0.21
947  17804.0  0.21
948  17804.0  0.21
949  17804.0  0.21
950  17804.0  0.21
951  17804.0  0.21
952  17804.0  0.21
953  17804.0  0.21
954  17804.0  0.21
955  17804.0  0.21
956  17804.0  0.21
957  17804.0  0.21
958  17804.0  0.21
959  17804.0  0.21
960  17804.0  0.21
961  17804.0  0.21
962  17804.0  0.21
963  17804.0  0.21
964  17804.0  0.21
965  17804.0  0.21
966  17804.0  0.21
967  17804.0  0.21
968  17804.0  0.21
969  17804.0  0.21
970  17804.0  0.21
971  17804.0  0.21
972  17804.0  0.21
973  17804.0  0.21
974  17804.0  0.21
975  17804.0  0.21
976  17804.0  0.21
977  17804.0  0.21
978  17804.0  0.21
979  17804.0  0.21
980  17804.0  0.21
981  17804.0  0.21
982  17804.0  0.21
983  17804.0  0.21
984  17804.0  0.21
985  17804.0  0.21
986  17804.0  0.21
987  17804.0  0.21
988  17804.0  0.21
989  17804.0  0.21
990  17804.0  0.21
991  17804.0  0.21
992  17804.0  0.21
993  17804.0  0.21
994  17804.0  0.21
995  17804.0  0.21
996  17804.0  0.21
997  17804.0  0.21
998  17804.0  0.21
999  17804.0  0.21
1000  17804.0  0.21
1001  17804.0  0.21
1002  17804.0  0.21
1003  17804.0  0.21
1004  17804.0  0.21
1005  17804.0  0.21
1006  17804.0  0.21
1007  17804.0  0.21
1008  17804.0  0.21
1009  17804.0  0.21
1010  17804.0  0.21
1011  17804.0  0.21
1012  17804.0  0.21
1013  17804.0  0.21
1014  17804.0  0.21
1015  17804.0  0.21
1016  17804.0  0.21
1017  17804.0  0.21
1018  17804.0  0.21
1019  17804.0  0.21
1020  17804.0  0.21
1021  17804.0  0.21
1022  17804.0  0.21
1023  17804.0  0.21
1024  17804.0  0.21
1025  17804.0  0.21
1026  17804.0  0.21
1027  17804.0  0.21
1028  17804.0  0.21
1029  17804.0  0.21
1030  17804.0  0.21
1031  17804.0  0.21
1032  17804.0  0.21
1033  17804.0  0.21
1034  17804.0  0.21
1035  17804.0  0.21
1036  17804.0  0.21
1037  17804.0  0.21
1038  17804.0  0.21
1039  17804.0  0.21
1040  17804.0  0.21
1041  17804.0  0.21
1042  17804.0  0.21
1043  17804.0  0.21
1044  17804.0  0.21
1045  17804.0  0.21
1046  17804.0  0.21
1047  17804.0  0.21
1048  17804.0  0.21
1049  17804.0  0.21
1050  17804.0  0.21
1051  17804.0  0.21
1052  17804.0  0.21
1053  17804.0  0.21
1054  17804.0  0.21
1055  17804.0  0.21
1056  17804.0  0.21
1057  17804.0  0.21
1058  17804.0  0.21
1059  17804.0  0.21
1060  17804.0  0.21
1061  17804.0  0.21
1062  17804.0  0.21
1063  17804.0  0.21
1064  17804.0  0.21
1065  17804.0  0.21
1066  17804.0  0.21
1067  17804.0  0.21
1068  17804.0  0.21
1069  17804.0  0.21
1070  17804.0  0.21
1071  17804.0  0.21
1072  17804.0  0.21
1073  17804.0  0.21
1074  17804.0  0.21
1075  17804.0  0.21
1076  17804.0  0.21
1077  17804.0  0.21
1078  17804.0  0.21
1079  17804.0  0.21
1080  17804.0  0.21
1081  17804.0  0.21
1082  17804.0  0.21
1083  17804.0  0.21
1084  17804.0  0.21
1085  17804.0  0.21
1086  17804.0  0.21
1087  17804.0  0.21
1088  17804.0  0.21
1089  17804.0  0.21
1090  17804.0  0.21
1091  17804.0  0.21
1092  17804.0  0.21
1093  17804.0  0.21
1094  17804.0  0.21
1095  17804.0  0.21
1096  17804.0  0.21
1097  17804.0  0.21
1098  17804.0  0.21
1099  17804.0  0.21
1100  17804.0  0.21
1101  17804.0  0.21
1102  17804.0  0.21
1103  17804.0  0.21
1104  17804.0  0.21
1105  17804.0  0.21
1106  17804.0  0.21
1107  17804.0  0.21
1108  17804.0  0.21
1109  17804.0  0.21
1110  17804.0  0.21
1111  17804.0  0.21
1112  17804.0  0.21
1113  17804.0  0.21
1114  17804.0  0.21
1115  17804.0  0.21
1116  17804.0  0.21
1117  17804.0  0.21
1118  17804.0  0.21
1119  17804.0  0.21
1120  17804.0  0.21
1121  17804.0  0.21
1122  17804.0  0.21
1123  17804.0  0.21
1124  17804.0  0.21
1125  17804.0  0.21
1126  17804.0  0.21
1127  17804.0  0.21
1128  17804.0  0.21
1129  17804.0  0.21
1130  17804.0  0.21
1131  17804.0  0.21
1132  17804.0  0.21
1133  17804.0  0.21
1134  17804.0  0.21
1135  17804.0  0.21
1136  17804.0  0.21
1137  17804.0  0.21
1138  17804.0  0.21
1139  17804.0  0.21
1140  17804.0  0.21
1141  17804.0  0.21
1142  17804.0  0.21
1143  17804.0  0.21
1144  17804.0  0.21
1145  17804.0  0.21
1146  17804.0  0.21
1147  17804.0  0.21
1148  17804.0  0.21
1149  17804.0  0.21
1150  17804.0  0.21
1151  17804.0  0.21
1152  17804.0  0.21
1153  17804.0  0.21
1154  17804.0  0.21
1155  17804.0  0.21
1156  17804.0  0.21
1157  17804.0  0.21
1158  17804.0  0.21
1159  17804.0  0.21
1160  17804.0  0.21
1161  17804.0  0.21
1162  17804.0  0.21
1163  17804.0  0.21
1164  17804.0  0.21
1165  17804.0  0.21
1166  17804.0  0.21
1167  17804.0  0.21
1168  17804.0  0.21
1169  17804.0  0.21
1170  17804.0  0.21
1171  17804.0  0.21
1172  17804.0  0.21
1173  17804.0  0.21
1174  17804.0  0.21
1175  17804.0  0.21
1176  17804.0  0.21
1177  17804.0  0.21
1178  17804.0  0.21
1179  17804.0  0.21
1180  17804.0  0.21
1181  17804.0  0.21
1182  17804.0  0.21
1183  17804.0  0.21
1184  17804.0  0.21
1185  17804.0  0.21
1186  17804.0  0.21
1187  17804.0  0.21
1188  17804.0  0.21
1189  17804.0  0.21
1190  17804.0  0.21
1191  17804.0  0.21
1192  17804.0  0.21
1193  17804.0  0.21
1194  17804.0  0.21
1195  17804.0  0.21
1196  17804.0  0.21
1197  17804.0  0.21
1198  17804.0  0.21
1199  17804.0  0.21
1200  17804.0  0.21
1201  17804.0  0.21
1202  17804.0  0.21
1203  17804.0  0.21
1204  17804.0  0.21
1205  17804.0  0.21
1206  17804.0  0.21
1207  17804.0  0.21
1208  17804.0  0.21
1209  17804.0  0.21
1210  17804.0  0.21
1211  17804.0  0.21
1212  17804.0  0.21
1213  17804.0  0.21
1214  17804.0  0.21
1215  17804.0  0.21
1216  17804.0  0.21
1217  17804.0  0.21
1218  17804.0  0.21
1219  17804.0  0.21
1220  17804.0  0.21
1221  17804.0  0.21
1222  17804.0  0.21
1223  17804.0  0.21
1224  17804.0  0.21
1225  17804.0  0.21
1226  17804.0  0.21
1227  17804.0  0.21
1228  17804.0  0.21
1229  17804.0  0.21
1230  17804.0  0.21
1231  17804.0  0.21
1232  17804.0  0.21
1233  17804.0  0.21
1234  17804.0  0.21
1235  17804.0  0.21
1236  17804.0  0.21
1237  17804.0  0.21
1238  17804.0  0.21
1239  17804.0  0.21
1240  17804.0  0.21
1241  17804.0  0.21
1242  17804.0  0.21
1243  17804.0  0.21
1244  17804.0  0.21
1245  17804.0  0.21
1246  17804.0  0.21
1247  17804.0  0.21
1248  17804.0  0.21
1249  17804.0  0.21
1250  17804.0  0.21
1251  17804.0  0.21
1252  17804.0  0.21
1253  17804.0  0.21
1254  17804.0  0.21
1255  17804.0  0.21
1256  17804.0  0.21
1257  17804.0  0.21
1258  17804.0  0.21
1259  17804.0  0.21
1260  17804.0  0.21
1261  17804.0  0.21
1262  17804.0  0.21
1263  17804.0  0.21
1264  17804.0  0.21
1265  17804.0  0.21
1266  17804.0  0.21
1267  17804.0  0.21
1268  17804.0  0.21
1269  17804.0  0.21
1270  17804.0  0.21
1271  17804.0  0.21
1272  17804.0  0.21
1273  17804.0  0.21
1274  17804.0  0.21
1275  17804.0  0.21
1276  17804.0  0.21
1277  17804.0  0.21
1278  17804.0  0.21
1279  17804.0  0.21
1280  17804.0  0.21
1281  17804.0  0.21
1282  17804.0  0.21
1283  17804.0  0.21
1284  17804.0  0.21
1285  17804.0  0.21
1286  17804.0  0.21
1287  17804.0  0.21
1288  17804.0  0.21
1289  17804.0  0.21
1290  17804.0  0.21
1291  17804.0  0.21
1292  17804.0  0.21
1293  17804.0  0.21
1294  17804.0  0.21
1295  17804.0  0.21
1296  17804.0  0.21
1297  17804.0  0.21
1298  17804.0  0.21
1299  17804.0  0.21
1300  17804.0  0.21
1301  17804.0  0.21
1302  17804.0  0.21
1303  17804.0  0.21
1304  17804.0  0.21
1305  17804.0  0.21
1306  17804.0  0.21
1307  17804.0  0.21
1308  17804.0  0.21
1309  17804.0  0.21
1310  17804.0  0.21
1311  17804.0  0.21
1312  17804.0  0.21
1313  17804.0  0.21
1314  17804.0  0.21
1315  17804.0  0.21
1316  17804.0  0.21
1317  17804.0  0.21
1318  17804.0  0.21
1319  17804.0  0.21
1320  17804.0  0.21
1321  17804.0  0.21
1322  17804.0  0.21
1323  17804.0  0.21
1324  17804.0  0.21
1325  17804.0  0.21
1326  17804.0  0.21
1327  17804.0  0.21
1328  17804.0  0.21
1329  17804.0  0.21
1330  17804.0  0.21
1331  17804.0  0.21
1332  17804.0  0.21
1333  18780.0  0.17
1334  18780.0  0.17
1335  18780.0  0.17
1336  18780.0  0.17
1337  18780.0  0.17
1338  18780.0  0.17
1339  18780.0  0.17
1340  18780.0  0.17
1341  18780.0  0.17
1342  18780.0  0.17
1343  18780.0  0.17
1344  18780.0  0.17
1345  18780.0  0.17
1346  18780.0  0.17
1347  18780.0  0.17
1348  18780.0  0.17
1349  18780.0  0.17
1350  18780.0  0.17
1351  18780.0  0.17
1352  18780.0  0.17
1353  18780.0  0.17
1354  18780.0  0.17
1355  18780.0  0.17
1356  18780.0  0.17
1357  18780.0  0.17
1358  18780.0  0.17
1359  18780.0  0.17
1360  18780.0  0.17
1361  18780.0  0.17
1362  18780.0  0.17
1363  18780.0  0.17
1364  18780.0  0.17
1365  18780.0  0.17
1366  18780.0  0.17
1367  18780.0  0.17
1368  18780.0  0.17
1369  18780.0  0.17
1370  18780.0  0.17
1371  18780.0  0.17
1372  18780.0  0.17
1373  18780.0  0.17
1374  18780.0  0.17
1375  18780.0  0.17
1376  18780.0  0.17
1377  18780.0  0.17
1378  18780.0  0.17
1379  18780.0  0.17
1380  18780.0  0.17
1381  18780.0  0.17
1382  18780.0  0.17
1383  18780.0  0.17
1384  18780.0  0.17
1385  18780.0  0.17
1386  18780.0  0.17
1387  18780.0  0.17
1388  18780.0  0.17
1389  18780.0  0.17
1390  18780.0  0.17
1391  18780.0  0.17
1392  18780.0  0.17
1393  18780.0  0.17
1394  18780.0  0.17
1395  18780.0  0.17
1396  18780.0  0.17
1397  18780.0  0.17
1398  18780.0  0.17
1399  18780.0  0.17
1400  18780.0  0.17
1401  18780.0  0.17
1402  18780.0  0.17
1403  18780.0  0.17
1404  18780.0  0.17
1405  18780.0  0.17
1406  18780.0  0.17
1407  18780.0  0.17
1408  18780.0  0.17
1409  18780.0  0.17
1410  18780.0  0.17
1411  18780.0  0.17
1412  18780.0  0.17
1413  18780.0  0.17
1414  18780.0  0.17
1415  18780.0  0.17
1416  18780.0  0.17
1417  18780.0  0.17
1418  18780.0  0.17
1419  18780.0  0.17
1420  18780.0  0.17
1421  18780.0  0.17
1422  18780.0  0.17
1423  18780.0  0.17
1424  18780.0  0.17
1425  18780.0  0.17
1426  18780.0  0.17
1427  18780.0  0.17
1428  18780.0  0.17
1429  18780.0  0.17
1430  18780.0  0.17
1431  18780.0  0.17
1432  18780.0  0.17
1433  18780.0  0.17
1434  18780.0  0.17
1435  18780.0  0.17
1436  18780.0  0.17
1437  18780.0  0.17
1438  18780.0  0.17
1439  18780.0  0.17
1440  18780.0  0.17
1441  18780.0  0.17
1442  18780.0  0.17
1443  18780.0  0.17
1444  18780.0  0.17
1445  18780.0  0.17
1446  18780.0  0.17
1447  18780.0  0.17
1448  18780.0  0.17
1449  18780.0  0.17
1450  18780.0  0.17
1451  18780.0  0.17
1452  18780.0  0.17
1453  18780.0  0.17
1454  18780.0  0.17
1455  18780.0  0.17
1456  18780.0  0.17
1457  18780.0  0.17
1458  18780.0  0.17
1459  18780.0  0.17
1460  18780.0  0.17
1461  18780.0  0.17
1462  18780.0  0.17
1463  18780.0  0.17
1464  18780.0  0.17
1465  18780.0  0.17
1466  18780.0  0.17
1467  18780.0  0.17
1468  18780.0  0.17
1469  18780.0  0.17
1470  18780.0  0.17
1471  18780.0  0.17
1472  18780.0  0.17
1473  18780.0  0.17
1474  18780.0  0.17
1475  18780.0  0.17
1476  18780.0  0.17
1477  18780.0  0.17
1478  18780.0  0.17
1479  18780.0  0.17
1480  18780.0  0.17
1481  18780.0  0.17
1482  18780.0  0.17
1483  18780.0  0.17
1484  18780.0  0.17
1485  18780.0  0.17
1486  18780.0  0.17
1487  18780.0  0.17
1488  18780.0  0.17
1489  18780.0  0.17
1490  18780.0  0.17
1491  18780.0  0.17
1492  18780.0  0.17
1493  18780.0  0.17
1494  18780.0  0.17
1495  18780.0  0.17
1496  18780.0  0.17
1497  18780.0  0.17
1498  18780.0  0.17
1499  18780.0  0.17
1500  18780.0  0.17
1501  18780.0  0.17
1502  18780.0  0.17
1503  18780.0  0.17
1504  18780.0  0.17
1505  18780.0  0.17
1506  18780.0  0.17
1507  18780.0  0.17
1508  18780.0  0.17
1509  18780.0  0.17
1510  18780.0  0.17
1511  18780.0  0.17
1512  18780.0  0.17
1513  18780.0  0.17
1514  18780.0  0.17
1515  18780.0  0.17
1516  18780.0  0.17
1517  18780.0  0.17
1518  18780.0  0.17
1519  18780.0  0.17
1520  18780.0  0.17
1521  18780.0  0.17
1522  18780.0  0.17
1523  18780.0  0.17
1524  18780.0  0.17
1525  18780.0  0.17
1526  18780.0  0.17
1527  18780.0  0.17
1528  18780.0  0.17
1529  18780.0  0.17
1530  18780.0  0.17
1531  18780.0  0.17
1532  18780.0  0.17
1533  18780.0  0.17
1534  18780.0  0.17
1535  18780.0  0.17
1536  18780.0  0.17
1537  18780.0  0.17
1538  18780.0  0.17
1539  18780.0  0.17
1540  18780.0  0.17
1541  18780.0  0.17
1542  18780.0  0.17
1543  18780.0  0.17
1544  18780.0  0.17
1545  18780.0  0.17
1546  18780.0  0.17
1547  18780.0  0.17
1548  18780.0  0.17
1549  18780.0  0.17
1550  18780.0  0.17
1551  18780.0  0.17
1552  18780.0  0.17
1553  18780.0  0.17
1554  18780.0  0.17
1555  18780.0  0.17
1556  18780.0  0.17
1557  18780.0  0.17
1558  18780.0  0.17
1559  18780.0  0.17
1560  18780.0  0.17
1561  18780.0  0.17
1562  18780.0  0.17
1563  18780.0  0.17
1564  18780.0  0.17
1565  18780.0  0.17
1566  18780.0  0.17
1567  18780.0  0.17
1568  18780.0  0.17
1569  18780.0  0.17
1570  18780.0  0.17
1571  18780.0  0.17
1572  18780.0  0.17
1573  18780.0  0.17
1574  18780.0  0.17
1575  18780.0  0.17
1576  18780.0  0.17
1577  18780.0  0.17
1578  18780.0  0.17
1579  18780.0  0.17
1580  18780.0  0.17
1581  18780.0  0.17
1582  18780.0  0.17
1583  18780.0  0.17
1584  18780.0  0.17
1585  18780.0  0.17
1586  18780.0  0.17
1587  18780.0  0.17
1588  18780.0  0.17
1589  18780.0  0.17
1590  18780.0  0.17
1591  18780.0  0.17
1592  18780.0  0.17
1593  18780.0  0.17
1594  18780.0  0.17
1595  18780.0  0.17
1596  18780.0  0.17
1597  18780.0  0.17
1598  18780.0  0.17
1599  18780.0  0.17
1600  18780.0  0.17
1601  18780.0  0.17
1602  18780.0  0.17
1603  18780.0  0.17
1604  18780.0  0.17
1605  18780.0  0.17
1606  18780.0  0.17
1607  18780.0  0.17
1608  18780.0  0.17
1609  18780.0  0.17
1610  18780.0  0.17
1611  18780.0  0.17
1612  18780.0  0.17
1613  18780.0  0.17
1614  18780.0  0.17
1615  18780.0  0.17
1616  18780.0  0.17
1617  18780.0  0.17
1618  18780.0  0.17
1619  18780.0  0.17
1620  18780.0  0.17
1621  18780.0  0.17
1622  18780.0  0.17
1623  18780.0  0.17
1624  18780.0  0.17
1625  18780.0  0.17
1626  18780.0  0.17
1627  18780.0  0.17
1628  18780.0  0.17
1629  18780.0  0.17
1630  18780.0  0.17
1631  18780.0  0.17
1632  18780.0  0.17
1633  18780.0  0.17
1634  18780.0  0.17
1635  18780.0  0.17
1636  18780.0  0.17
1637  18780.0  0.17
1638  18780.0  0.17
1639  18780.0  0.17
1640  18780.0  0.17
1641  18780.0  0.17
1642  18780.0  0.17
1643  18780.0  0.17
1644  18780.0  0.17
1645  18780.0  0.17
1646  18780.0  0.17
1647  18780.0  0.17
1648  18780.0  0.17
1649  18780.0  0.17
1650  18780.0  0.17
1651  18780.0  0.17
1652  18780.0  0.17
1653  18780.0  0.17
1654  18780.0  0.17
1655  18780.0  0.17
1656  18780.0  0.17
1657  18780.0  0.17
1658  18780.0  0.17
1659  18780.0  0.17
1660  18780.0  0.17
1661  18780.0  0.17
1662  18780.0  0.17
1663  18780.0  0.17
1664  18780.0  0.17
1665  18780.0  0.17
1666  18780.0  0.17
1667  18780.0  0.17
1668  18780.0  0.17
1669  18780.0  0.17
1670  18780.0  0.17
1671  18780.0  0.17
1672  18780.0  0.17
1673  18780.0  0.17
1674  18780.0  0.17
1675  18780.0  0.17
1676  18780.0  0.17
1677  18780.0  0.17
1678  18780.0  0.17
1679  18780.0  0.17
1680  18780.0  0.17
1681  18780.0  0.17
1682  18780.0  0.17
1683  18780.0  0.17
1684  18780.0  0.17
1685  18780.0  0.17
1686  18780.0  0.17
1687  18780.0  0.17
1688  18780.0  0.17
1689  18780.0  0.17
1690  18780.0  0.17
1691  18780.0  0.17
1692  18780.0  0.17
1693  18780.0  0.17
1694  18780.0  0.17
1695  18780.0  0.17
1696  18780.0  0.17
1697  18780.0  0.17
1698  18780.0  0.17
1699  18780.0  0.17
1700  18780.0  0.17
1701  18780.0  0.17
1702  18780.0  0.17
1703  18780.0  0.17
1704  18780.0  0.17
1705  18780.0  0.17
1706  18780.0  0.17
1707  18780.0  0.17
1708  18780.0  0.17
1709  18780.0  0.17
1710  18780.0  0.17
1711  18780.0  0.17
1712  18780.0  0.17
1713  18780.0  0.17
1714  18780.0  0.17
1715  18780.0  0.17
1716  18780.0  0.17
1717  18780.0  0.17
1718  18780.0  0.17
1719  18780.0  0.17
1720  18780.0  0.17
1721  18780.0  0.17
1722  18780.0  0.17
1723  18780.0  0.17
1724  18780.0  0.17
1725  18780.0  0.17
1726  18780.0  0.17
1727  18780.0  0.17
1728  18780.0  0.17
1729  18780.0  0.17
1730  18780.0  0.17
1731  18780.0  0.17
1732  18780.0  0.17
1733  18780.0  0.17
1734  18780.0  0.17
1735  18780.0  0.17
1736  18780.0  0.17
1737  18780.0  0.17
1738  18780.0  0.17
1739  18780.0  0.17
1740  18780.0  0.17
1741  18780.0  0.17
1742  18780.0  0.17
1743  18780.0  0.17
1744  18780.0  0.17
1745  18780.0  0.17
1746  18780.0  0.17
1747  18780.0  0.17
1748  18780.0  0.17
1749  18780.0  0.17
1750  18780.0  0.17
1751  18780.0  0.17
1752  18780.0  0.17
1753  18780.0  0.17
1754  18780.0  0.17
1755  18780.0  0.17
1756  18780.0  0.17
1757  18780.0  0.17
1758  18780.0  0.17
1759  18780.0  0.17
1760  18780.0  0.17
1761  18780.0  0.17
1762  18780.0  0.17
1763  18780.0  0.17
1764  18780.0  0.17
1765  18780.0  0.17
1766  18780.0  0.17
1767  18780.0  0.17
1768  18780.0  0.17
1769  18780.0  0.17
1770  18780.0  0.17
1771  18780.0  0.17
1772  18780.0  0.17
1773  18780.0  0.17
1774  18780.0  0.17
1775  18780.0  0.17
1776  18780.0  0.17
1777  18780.0  0.17
1778  18780.0  0.17
1779  18780.0  0.17
1780  18780.0  0.17
1781  18780.0  0.17
1782  18780.0  0.17
1783  18780.0  0.17
1784  18780.0  0.17
1785  18780.0  0.17
1786  18780.0  0.17
1787  18780.0  0.17
1788  18780.0  0.17
1789  18780.0  0.17
1790  18780.0  0.17
1791  18780.0  0.17
1792  18780.0  0.17
1793  18780.0  0.17
1794  18780.0  0.17
1795  18780.0  0.17
1796  18780.0  0.17
1797  18780.0  0.17
1798  18780.0  0.17
1799  18780.0  0.17
1800  18780.0  0.17
1801  18780.0  0.17
1802  18780.0  0.17
1803  18780.0  0.17
1804  18780.0  0.17
1805  18780.0  0.17
1806  18780.0  0.17
1807  18780.0  0.17
1808  18780.0  0.17
1809  18780.0  0.17
1810  18780.0  0.17
1811  18780.0  0.17
1812  18780.0  0.17
1813  18780.0  0.17
1814  18780.0  0.17
1815  18780.0  0.17
1816  18844.0  0.21
1817  18844.0  0.21
1818  18844.0  0.21
1819  18844.0  0.21
1820  18844.0  0.21
1821  18844.0  0.21
1822  18844.0  0.21
1823  18844.0  0.21
1824  18844.0  0.21
1825  18844.0  0.21
1826  18844.0  0.21
1827  18844.0  0.21
1828  18844.0  0.21
1829  18844.0  0.21
1830  18844.0  0.21
1831  18844.0  0.21
1832  18844.0  0.21
1833  18844.0  0.21
1834  18844.0  0.21
1835  18844.0  0.21
1836  18844.0  0.21
1837  18844.0  0.21
1838  18844.0  0.21
1839  18844.0  0.21
1840  18844.0  0.21
1841  18844.0  0.21
1842  18844.0  0.21
1843  18844.0  0.21
1844  18844.0  0.21
1845  18844.0  0.21
1846  18844.0  0.21
1847  18844.0  0.21
1848  18844.0  0.21
1849  18844.0  0.21
1850  18844.0  0.21
1851  18844.0  0.21
1852  18844.0  0.21
1853  18844.0  0.21
1854  18844.0  0.21
1855  18844.0  0.21
1856  18844.0  0.21
1857  18844.0  0.21
1858  18844.0  0.21
1859  18844.0  0.21
1860  18844.0  0.21
1861  18844.0  0.21
1862  18844.0  0.21
1863  18844.0  0.21
1864  18844.0  0.21
1865  18844.0  0.21
1866  18844.0  0.21
1867  18844.0  0.21
1868  18844.0  0.21
1869  18844.0  0.21
1870  18844.0  0.21
1871  18844.0  0.21
1872  18844.0  0.21
1873  18844.0  0.21
1874  18844.0  0.21
1875  18844.0  0.21
1876  18844.0  0.21
1877  18844.0  0.21
1878  18844.0  0.21
1879  18844.0  0.21
1880  18844.0  0.21
1881  18844.0  0.21
1882  18844.0  0.21
1883  18844.0  0.21
1884  18844.0  0.21
1885  18844.0  0.21
1886  18844.0  0.21
1887  18844.0  0.21
1888  18844.0  0.21
1889  18844.0  0.21
1890  18844.0  0.21
1891  18844.0  0.21
1892  18844.0  0.21
1893  18844.0  0.21
1894  18844.0  0.21
1895  18844.0  0.21
1896  18844.0  0.21
1897  18844.0  0.21
1898  18844.0  0.21
1899  18844.0  0.21
1900  18844.0  0.21
1901  18844.0  0.21
1902  18844.0  0.21
1903  18844.0  0.21
1904  18844.0  0.21
1905  18844.0  0.21
1906  18844.0  0.21
1907  18844.0  0.21
1908  18844.0  0.21
1909  18844.0  0.21
1910  18844.0  0.21
1911  18844.0  0.21
1912  18844.0  0.21
1913  18844.0  0.21
1914  18844.0  0.21
1915  18844.0  0.21
1916  18844.0  0.21
1917  18844.0  0.21
1918  18844.0  0.21
1919  18844.0  0.21
1920  18844.0  0.21
1921  18844.0  0.21
1922  18844.0  0.21
1923  18844.0  0.21
1924  18844.0  0.21
1925  18844.0  0.21
1926  18844.0  0.21
1927  18844.0  0.21
1928  18844.0  0.21
1929  18844.0  0.21
1930  18844.0  0.21
1931  18844.0  0.21
1932  18844.0  0.21
1933  18844.0  0.21
1934  18844.0  0.21
1935  18844.0  0.21
1936  18844.0  0.21
1937  18844.0  0.21
1938  18844.0  0.21
1939  18844.0  0.21
1940  18844.0  0.21
1941  18844.0  0.21
1942  18844.0  0.21
1943  18844.0  0.21
1944  18844.0  0.21
1945  18844.0  0.21
1946  18844.0  0.21
1947  18844.0  0.21
1948  18844.0  0.21
1949  18844.0  0.21
1950  18844.0  0.21
1951  18844.0  0.21
1952  18844.0  0.21
1953  18844.0  0.21
1954  18844.0  0.21
1955  18844.0  0.21
1956  18844.0  0.21
1957  18844.0  0.21
1958  18844.0  0.21
1959  18844.0  0.21
1960  18844.0  0.21
1961  18844.0  0.21
1962  18844.0  0.21
1963  18844.0  0.21
1964  18844.0  0.21
1965  18844.0  0.21
1966  18844.0  0.21
1967  18844.0  0.21
1968  18844.0  0.21
1969  18844.0  0.21
1970  18844.0  0.21
1971  18844.0  0.21
1972  18844.0  0.21
1973  18844.0  0.21
1974  18844.0  0.21
1975  18844.0  0.21
1976  18844.0  0.21
1977  18844.0  0.21
1978  18844.0  0.21
1979  18844.0  0.21
1980  18844.0  0.21
1981  18844.0  0.21
1982  18844.0  0.21
1983  18844.0  0.21
1984  18844.0  0.21
1985  18844.0  0.21
1986  18844.0  0.21
1987  18844.0  0.21
1988  18844.0  0.21
1989  18844.0  0.21
1990  18844.0  0.21
1991  18844.0  0.21
1992  18844.0  0.21
1993  18844.0  0.21
1994  18844.0  0.21
1995  18844.0  0.21
1996  18844.0  0.21
1997  18844.0  0.21
1998  18844.0  0.21
1999  18844.0  0.21
2000  18844.0  0.21
2001  18844.0  0.21
2002  18844.0  0.21
2003  18844.0  0.21
2004  18844.0  0.21
2005  18844.0  0.21
2006  18844.0  0.21
2007  18844.0  0.21
2008  18844.0  0.21
2009  18844.0  0.21
2010  18844.0  0.21
2011  18844.0  0.21
2012  18844.0  0.21
2013  18844.0  0.21
2014  18844.0  0.21
2015  18844.0  0.21
2016  18844.0  0.21
2017  18844.0  0.21
2018  18844.0  0.21
2019  18844.0  0.21
2020  18844.0  0.21
2021  18844.0  0.21
2022  18844.0  0.21
2023  18844.0  0.21
2024  18844.0  0.21
2025  18844.0  0.21
2026  18844.0  0.21
2027  18844.0  0.21
2028  18844.0  0.21
2029  18844.0  0.21
2030  18844.0  0.21
2031  18844.0  0.21
2032  18844.0  0.21
2033  18844.0  0.21
2034  18844.0  0.21
2035  18844.0  0.21
2036  18844.0  0.21
2037  18844.0  0.21
2038  18844.0  0.21
2039  18844.0  0.21
2040  18844.0  0.21
2041  18844.0  0.21
2042  18844.0  0.21
2043  18844.0  0.21
2044  18844.0  0.21
2045  18844.0  0.21
2046  18844.0  0.21
2047  18844.0  0.21
2048  18844.0  0.21
2049  18844.0  0.21
2050  18844.0  0.21
2051  18844.0  0.21
2052  18844.0  0.21
2053  18844.0  0.21
2054  18844.0  0.21
2055  18844.0  0.21
2056  18844.0  0.21
2057  18844.0  0.21
2058  18844.0  0.21
2059  18844.0  0.21
2060  18844.0  0.21
2061  18844.0  0.21
2062  18844.0  0.21
2063  18844.0  0.21
2064  18844.0  0.21
2065  18844.0  0.21
2066  18844.0  0.21
2067  18844.0  0.21
2068  18844.0  0.21
2069  18844.0  0.21
2070  18844.0  0.21
2071  18844.0  0.21
2072  18844.0  0.21
2073  18844.0  0.21
2074  18844.0  0.21
2075  18844.0  0.21
2076  18844.0  0.21
2077  18844.0  0.21
2078  18844.0  0.21
2079  18844.0  0.21
2080  18844.0  0.21
2081  18844.0  0.21
2082  18844.0  0.21
2083  18844.0  0.21
2084  18844.0  0.21
2085  18844.0  0.21
2086  18844.0  0.21
2087  18844.0  0.21
2088  18844.0  0.21
2089  18844.0  0.21
2090  18844.0  0.21
2091  18844.0  0.21
2092  18844.0  0.21
2093  18844.0  0.21
2094  18844.0  0.21
2095  18844.0  0.21
2096  18844.0  0.21
2097  18844.0  0.21
2098  18844.0  0.21
2099  18844.0  0.21
2100  18844.0  0.21
2101  18844.0  0.21
2102  18844.0  0.21
2103  18844.0  0.21
2104  18844.0  0.21
2105  18844.0  0.21
2106  18844.0  0.21
2107  18844.0  0.21
2108  18844.0  0.21
2109  18844.0  0.21
2110  18844.0  0.21
2111  18844.0  0.21
2112  18844.0  0.21
2113  18844.0  0.21
2114  18844.0  0.21
2115  18844.0  0.21
2116  18844.0  0.21
2117  18844.0  0.21
2118  18844.0  0.21
2119  18844.0  0.21
2120  18844.0  0.21
2121  18844.0  0.21
2122  18844.0  0.21
2123  18844.0  0.21
2124  18844.0  0.21
2125  18844.0  0.21
2126  18844.0  0.21
2127  18844.0  0.21
2128  18844.0  0.21
2129  18844.0  0.21
2130  18844.0  0.21
2131  18844.0  0.21
2132  18844.0  0.21
2133  18844.0  0.21
2134  18844.0  0.21
2135  18844.0  0.21
2136  18844.0  0.21
2137  18844.0  0.21
2138  18844.0  0.21
2139  18844.0  0.21
2140  18844.0  0.21
2141  18844.0  0.21
2142  18844.0  0.21
2143  18844.0  0.21
2144  18844.0  0.21
2145  18844.0  0.21
2146  18844.0  0.21
2147  18844.0  0.21
2148  18844.0  0.21
2149  18844.0  0.21
2150  18844.0  0.21
2151  18844.0  0.21
2152  18844.0  0.21
2153  18844.0  0.21
2154  18844.0  0.21
2155  18844.0  0.21
2156  18844.0  0.21
2157  19719.0  0.14
2158  19719.0  0.14
2159  19719.0  0.14
2160  19719.0  0.14
2161  19719.0  0.14
2162  19719.0  0.14
2163  19719.0  0.14
2164  19719.0  0.14
2165  19719.0  0.14
2166  19719.0  0.14
2167  19719.0  0.14
2168  19719.0  0.14
2169  19719.0  0.14
2170  19719.0  0.14
2171  19719.0  0.14
2172  19719.0  0.14
2173  19719.0  0.14
2174  19719.0  0.14
2175  19719.0  0.14
2176  19719.0  0.14
2177  19719.0  0.14
2178  19719.0  0.14
2179  19719.0  0.14
2180  19719.0  0.14
2181  19719.0  0.14
2182  19719.0  0.14
2183  19719.0  0.14
2184  19719.0  0.14
2185  19719.0  0.14
2186  19719.0  0.14
2187  19719.0  0.14
2188  19719.0  0.14
2189  19719.0  0.14
2190  19719.0  0.14
2191  19719.0  0.14
2192  19719.0  0.14
2193  19719.0  0.14
2194  19719.0  0.14
2195  19719.0  0.14
2196  19719.0  0.14
2197  19719.0  0.14
2198  19719.0  0.14
2199  19719.0  0.14
2200  19719.0  0.14
2201  19719.0  0.14
2202  19719.0  0.14
2203  19719.0  0.14
2204  19719.0  0.14
2205  19719.0  0.14
2206  19719.0  0.14
2207  19719.0  0.14
2208  19719.0  0.14
2209  19719.0  0.14
2210  19719.0  0.14
2211  19719.0  0.14
2212  19719.0  0.14
2213  19719.0  0.14
2214  19719.0  0.14
2215  19719.0  0.14
2216  19719.0  0.14
2217  19719.0  0.14
2218  19719.0  0.14
2219  19719.0  0.14
2220  19719.0  0.14
2221  19719.0  0.14
2222  19719.0  0.14
2223  19719.0  0.14
2224  19719.0  0.14
2225  19719.0  0.14
2226  19719.0  0.14
2227  19719.0  0.14
2228  19719.0  0.14
2229  19719.0  0.14
2230  19719.0  0.14
2231  19719.0  0.14
2232  19719.0  0.14
2233  19719.0  0.14
2234  19719.0  0.14
2235  19719.0  0.14
2236  19719.0  0.14
2237  19719.0  0.14
2238  19719.0  0.14
2239  19719.0  0.14
2240  19719.0  0.14
2241  19719.0  0.14
2242  19719.0  0.14
2243  19719.0  0.14
2244  19719.0  0.14
2245  19719.0  0.14
2246  19719.0  0.14
2247  19719.0  0.14
2248  19719.0  0.14
2249  19719.0  0.14
2250  19719.0  0.14
2251  19719.0  0.14
2252  19719.0  0.14
2253  19719.0  0.14
2254  19719.0  0.14
2255  19719.0  0.14
2256  19719.0  0.14
2257  19719.0  0.14
2258  19719.0  0.14
2259  19719.0  0.14
2260  19719.0  0.14
2261  19719.0  0.14
2262  19719.0  0.14
2263  19719.0  0.14
2264  19719.0  0.14
2265  19719.0  0.14
2266  19719.0  0.14
2267  19719.0  0.14
2268  19719.0  0.14
2269  19719.0  0.14
2270  19719.0  0.14
2271  19719.0  0.14
2272  19719.0  0.14
2273  19719.0  0.14
2274  19719.0  0.14
2275  19719.0  0.14
2276  19719.0  0.14
2277  19719.0  0.14
2278  19719.0  0.14
2279  19719.0  0.14
2280  19719.0  0.14
2281  19719.0  0.14
2282  19719.0  0.14
2283  19719.0  0.14
2284  19719.0  0.14
2285  19719.0  0.14
2286  19719.0  0.14
2287  19719.0  0.14
2288  19719.0  0.14
2289  19719.0  0.14
2290  19719.0  0.14
2291  19719.0  0.14
2292  19719.0  0.14
2293  19719.0  0.14
2294  19719.0  0.14
2295  19719.0  0.14
2296  19719.0  0.14
2297  19719.0  0.14
2298  19719.0  0.14
2299  19719.0  0.14
2300  19719.0  0.14
2301  19719.0  0.14
2302  19719.0  0.14
2303  19719.0  0.14
2304  19719.0  0.14
2305  19719.0  0.14
2306  19719.0  0.14
2307  19719.0  0.14
2308  19719.0  0.14
2309  19719.0  0.14
2310  19719.0  0.14
2311  19719.0  0.14
2312  19719.0  0.14
2313  19719.0  0.14
2314  19719.0  0.14
2315  19719.0  0.14
2316  19719.0  0.14
2317  19719.0  0.14
2318  19719.0  0.14
2319  19719.0  0.14
2320  19719.0  0.14
2321  19719.0  0.14
2322  19719.0  0.14
2323  19719.0  0.14
2324  19719.0  0.14
2325  19719.0  0.14
2326  19719.0  0.14
2327  19719.0  0.14
2328  19719.0  0.14
2329  19719.0  0.14
2330  19719.0  0.14
2331  19719.0  0.14
2332  19719.0  0.14
2333  19719.0  0.14
2334  19719.0  0.14
2335  19719.0  0.14
2336  19719.0  0.14
2337  19719.0  0.14
2338  19719.0  0.14
2339  19719.0  0.14
2340  19719.0  0.14
2341  19719.0  0.14
2342  19719.0  0.14
2343  19719.0  0.14
2344  19719.0  0.14
2345  19719.0  0.14
2346  19719.0  0.14
2347  19719.0  0.14
2348  19719.0  0.14
2349  19719.0  0.14
2350  19719.0  0.14
2351  19719.0  0.14
2352  19719.0  0.14
2353  19719.0  0.14
2354  19719.0  0.14
2355  19719.0  0.14
2356  19719.0  0.14
2357  19719.0  0.14
2358  19719.0  0.14
2359  19719.0  0.14
2360  19719.0  0.14
2361  19719.0  0.14
2362  19719.0  0.14
2363  19719.0  0.14
2364  19719.0  0.14
2365  19719.0  0.14
2366  19719.0  0.14
2367  19719.0  0.14
2368  19719.0  0.14
2369  19719.0  0.14
2370  19719.0  0.14
2371  19719.0  0.14
2372  19719.0  0.14
2373  19719.0  0.14
2374  19719.0  0.14
2375  19719.0  0.14
2376  19719.0  0.14
2377  19719.0  0.14
2378  19719.0  0.14
2379  19719.0  0.14
2380  19719.0  0.14
2381  19719.0  0.14
2382  19719.0  0.14
2383  19719.0  0.14
2384  19719.0  0.14
2385  19719.0  0.14
2386  19719.0  0.14
2387  19719.0  0.14
2388  19719.0  0.14
2389  19719.0  0.14
2390  19719.0  0.14
2391  19719.0  0.14
2392  19719.0  0.14
2393  19719.0  0.14
2394  19719.0  0.14
2395  19719.0  0.14
2396  19719.0  0.14
2397  19719.0  0.14
2398  19719.0  0.14
2399  19719.0  0.14
2400  19719.0  0.14
2401  19719.0  0.14
2402  19719.0  0.14
2403  19719.0  0.14
2404  19719.0  0.14
2405  19719.0  0.14
2406  19719.0  0.14
2407  19719.0  0.14
2408  19719.0  0.14
2409  19719.0  0.14
2410  19719.0  0.14
2411  19719.0  0.14
2412  19719.0  0.14
2413  19719.0  0.14
2414  19719.0  0.14
2415  19719.0  0.14
2416  19719.0  0.14
2417  19719.0  0.14
2418  19719.0  0.14
2419  19719.0  0.14
2420  19719.0  0.14
2421  19719.0  0.14
2422  19719.0  0.14
2423  19719.0  0.14
2424  19719.0  0.14
2425  19719.0  0.14
2426  19719.0  0.14
2427  19719.0  0.14
2428  19719.0  0.14
2429  19719.0  0.14
2430  19719.0  0.14
2431  19719.0  0.14
2432  19719.0  0.14
2433  19719.0  0.14
2434  19719.0  0.14
2435  19719.0  0.14
2436  19719.0  0.14
2437  19719.0  0.14
2438  19719.0  0.14
2439  19719.0  0.14
2440  19719.0  0.14
2441  19719.0  0.14
2442  19719.0  0.14
2443  19719.0  0.14
2444  19719.0  0.14
2445  19719.0  0.14
2446  19719.0  0.14
2447  19719.0  0.14
2448  19719.0  0.14
2449  19719.0  0.14
2450  19719.0  0.14
2451  19719.0  0.14
2452  19719.0  0.14
2453  19719.0  0.14
2454  19719.0  0.14
2455  19719.0  0.14
2456  19719.0  0.14
2457  19719.0  0.14
2458  19719.0  0.14
2459  19719.0  0.14
2460  19719.0  0.14
2461  19719.0  0.14
2462  19719.0  0.14
2463  19719.0  0.14
2464  19719.0  0.14
2465  19719.0  0.14
2466  19719.0  0.14
2467  19719.0  0.14
2468  19719.0  0.14
2469  19719.0  0.14
2470  19719.0  0.14
2471  19719.0  0.14
2472  19719.0  0.14
2473  19719.0  0.14
2474  19719.0  0.14
2475  19719.0  0.14
2476  19719.0  0.14
2477  19719.0  0.14
2478  19719.0  0.14
2479  19719.0  0.14
2480  19719.0  0.14
2481  19719.0  0.14
2482  19719.0  0.14
2483  19719.0  0.14
2484  19719.0  0.14
2485  19719.0  0.14
2486  19719.0  0.14
2487  19719.0  0.14
2488  19719.0  0.14
2489  19719.0  0.14
2490  19719.0  0.14
2491  19719.0  0.14
2492  19719.0  0.14
2493  19719.0  0.14
2494  19719.0  0.14
2495  19719.0  0.14
2496  19719.0  0.14
2497  19719.0  0.14
2498  19719.0  0.14
2499  19719.0  0.14
2500  19719.0  0.14
2501  19719.0  0.14
2502  19719.0  0.14
2503  19719.0  0.14
2504  19719.0  0.14
2505  19719.0  0.14
2506  19719.0  0.14
2507  19719.0  0.14
2508  19719.0  0.14
2509  19719.0  0.14
2510  19719.0  0.14
2511  19719.0  0.14
2512  19719.0  0.14
2513  19719.0  0.14
2514  19719.0  0.14
2515  19719.0  0.14
2516  19719.0  0.14
2517  19719.0  0.14
2518  19719.0  0.14
2519  19719.0  0.14
2520  19719.0  0.14
2521  19719.0  0.14
2522  19719.0  0.14
2523  19719.0  0.14
2524  19719.0  0.14
2525  19719.0  0.14
2526  19719.0  0.14
2527  19719.0  0.14
2528  19719.0  0.14
2529  19719.0  0.14
2530  19719.0  0.14
2531  19719.0  0.14
2532  19719.0  0.14
2533  19719.0  0.14
2534  19719.0  0.14
2535  19719.0  0.14
2536  19719.0  0.14
2537  19719.0  0.14
2538  19719.0  0.14
2539  19719.0  0.14
2540  19719.0  0.14
2541  19719.0  0.14
2542  19719.0  0.14
2543  19719.0  0.14
2544  19719.0  0.14
2545  19719.0  0.14
2546  19719.0  0.14
2547  19719.0  0.14
2548  19719.0  0.14
2549  19719.0  0.14
2550  19719.0  0.14
2551  19719.0  0.14
2552  19719.0  0.14
2553  19719.0  0.14
2554  19719.0  0.14
2555  19719.0  0.14
2556  19719.0  0.14
2557  19719.0  0.14
2558  19719.0  0.14
2559  19719.0  0.14
2560  19719.0  0.14
2561  19719.0  0.14
2562  19719.0  0.14
2563  19719.0  0.14
2564  19719.0  0.14
2565  19719.0  0.14
2566  19719.0  0.14
2567  19719.0  0.14
2568  19719.0  0.14
2569  19719.0  0.14
2570  19719.0  0.14
2571  19719.0  0.14
2572  19719.0  0.14
2573  19719.0  0.14
2574  19719.0  0.14
2575  19719.0  0.14
2576  19719.0  0.14
2577  19719.0  0.14
2578  19719.0  0.14
2579  19719.0  0.14
2580  19719.0  0.14
2581  19719.0  0.14
2582  19719.0  0.14
2583  19719.0  0.14
2584  19719.0  0.14
2585  19719.0  0.14
2586  19719.0  0.14
2587  19719.0  0.14
2588  19719.0  0.14
2589  19719.0  0.14
2590  19719.0  0.14
2591  19719.0  0.14
2592  19719.0  0.14
2593  19719.0  0.14
2594  19719.0  0.14
2595  19719.0  0.14
2596  19719.0  0.14
2597  19719.0  0.14
2598  19719.0  0.14
2599  19719.0  0.14
2600  19719.0  0.14
2601  19719.0  0.14
2602  19719.0  0.14
2603  19719.0  0.14
2604  19719.0  0.14
2605  19719.0  0.14
2606  19719.0  0.14
2607  19719.0  0.14
2608  19719.0  0.14
2609  19719.0  0.14
2610  19719.0  0.14
2611  19719.0  0.14
2612  19719.0  0.14
2613  19719.0  0.14
2614  19719.0  0.14
2615  19719.0  0.14
2616  19719.0  0.14
2617  19719.0  0.14
2618  19719.0  0.14
2619  19719.0  0.14
2620  19719.0  0.14
2621  19719.0  0.14
2622  19719.0  0.14
2623  19719.0  0.14
2624  19719.0  0.14
2625  19719.0  0.14
2626  19719.0  0.14
2627  19719.0  0.14
2628  19719.0  0.14
2629  19719.0  0.14
2630  19719.0  0.14
2631  19719.0  0.14
2632  19719.0  0.14
2633  19719.0  0.14
2634  19719.0  0.14
2635  19719.0  0.14
2636  19719.0  0.14
2637  19719.0  0.14
2638  19719.0  0.14
2639  19719.0  0.14
2640  19719.0  0.14
2641  19719.0  0.14
2642  19719.0  0.14
2643  19719.0  0.14
2644  19719.0  0.14
2645  19719.0  0.14
2646  19719.0  0.14
2647  19719.0  0.14
2648  19719.0  0.14
2649  19719.0  0.14
2650  19719.0  0.14
2651  19719.0  0.14
2652  19719.0  0.14
2653  19719.0  0.14
2654  19719.0  0.14
2655  19719.0  0.14
2656  19719.0  0.14
2657  19719.0  0.14
2658  19719.0  0.14
2659  19719.0  0.14
2660  19719.0  0.14
2661  19719.0  0.14
2662  19719.0  0.14
2663  19719.0  0.14
2664  19719.0  0.14
2665  19719.0  0.14
2666  19719.0  0.14
2667  19719.0  0.14
2668  19719.0  0.14
2669  19719.0  0.14
2670  19719.0  0.14
2671  19719.0  0.14
2672  19719.0  0.14
2673  19719.0  0.14
2674  19719.0  0.14
2675  19719.0  0.14
2676  19719.0  0.14
2677  19719.0  0.14
2678  19719.0  0.14
2679  19719.0  0.14
2680  19719.0  0.14
2681  19719.0  0.14
2682  19719.0  0.14
2683  19719.0  0.14
2684  19719.0  0.14
2685  19719.0  0.14
2686  19719.0  0.14
2687  19719.0  0.14
2688  19719.0  0.14
2689  19719.0  0.14
2690  19719.0  0.14
2691  19719.0  0.14
2692  19719.0  0.14
2693  19719.0  0.14
2694  19719.0  0.14
2695  19719.0  0.14
2696  19719.0  0.14
2697  19719.0  0.14
2698  19719.0  0.14
2699  19719.0  0.14
2700  19719.0  0.14
2701  19719.0  0.14
2702  19719.0  0.14
2703  19719.0  0.14
2704  19719.0  0.14
2705  19719.0  0.14
2706  19719.0  0.14
2707  19719.0  0.14
2708  19719.0  0.14
2709  19719.0  0.14
2710  19719.0  0.14
2711  19719.0  0.14
2712  19719.0  0.14
2713  19719.0  0.14
2714  19719.0  0.14
2715  19719.0  0.14
2716  19719.0  0.14
2717  19719.0  0.14
2718  19719.0  0.14
2719  19719.0  0.14
2720  19719.0  0.14
2721  19719.0  0.14
2722  19719.0  0.14
2723  19719.0  0.14
2724  19719.0  0.14
2725  19719.0  0.14
2726  19719.0  0.14
2727  19719.0  0.14
2728  19719.0  0.14
2729  19719.0  0.14
2730  19719.0  0.14
2731  19719.0  0.14
2732  19719.0  0.14
2733  19719.0  0.14
2734  19719.0  0.14
2735  19719.0  0.14
2736  19719.0  0.14
2737  19719.0  0.14
2738  19719.0  0.14
2739  19719.0  0.14
2740  19719.0  0.14
2741  19719.0  0.14
2742  19719.0  0.14
2743  19719.0  0.14
2744  19719.0  0.14
2745  19719.0  0.14
2746  19719.0  0.14
2747  19719.0  0.14
2748  19719.0  0.14
2749  19719.0  0.14
2750  19719.0  0.14
2751  19719.0  0.14
2752  19719.0  0.14
2753  19719.0  0.14
2754  19719.0  0.14
2755  19719.0  0.14
2756  19719.0  0.14
2757  19719.0  0.14
2758  19719.0  0.14
2759  19719.0  0.14
2760  19719.0  0.14
2761  19719.0  0.14
2762  19719.0  0.14
2763  19719.0  0.14
2764  19719.0  0.14
2765  19719.0  0.14
2766  19719.0  0.14
2767  19719.0  0.14
2768  19719.0  0.14
2769  19719.0  0.14
2770  19719.0  0.14
2771  19719.0  0.14
2772  19719.0  0.14
2773  19719.0  0.14
2774  19719.0  0.14
2775  19719.0  0.14
2776  19719.0  0.14
2777  19719.0  0.14
2778  19719.0  0.14
2779  19719.0  0.14
2780  19719.0  0.14
2781  19719.0  0.14
2782  19719.0  0.14
2783  19719.0  0.14
2784  19719.0  0.14
2785  19719.0  0.14
2786  19719.0  0.14
2787  19719.0  0.14
2788  19719.0  0.14
2789  19719.0  0.14
2790  19719.0  0.14
2791  19719.0  0.14
2792  19719.0  0.14
2793  19719.0  0.14
2794  19719.0  0.14
2795  19719.0  0.14
2796  19719.0  0.14
2797  19719.0  0.14
2798  19719.0  0.14
2799  19719.0  0.14
2800  19719.0  0.14
2801  19719.0  0.14
2802  19719.0  0.14
2803  19719.0  0.14
2804  19719.0  0.14
2805  19719.0  0.14
2806  19719.0  0.14
2807  19719.0  0.14
2808  19719.0  0.14
2809  19719.0  0.14
2810  19719.0  0.14
2811  19719.0  0.14
2812  19719.0  0.14
2813  19719.0  0.14
2814  19719.0  0.14
2815  19719.0  0.14
2816  19719.0  0.14
2817  19719.0  0.14
2818  19719.0  0.14
2819  19719.0  0.14
2820  19719.0  0.14
2821  19719.0  0.14
2822  19719.0  0.14
2823  19719.0  0.14
2824  19719.0  0.14
2825  19719.0  0.14
2826  19719.0  0.14
2827  19719.0  0.14
2828  19719.0  0.14
2829  19719.0  0.14
2830  19719.0  0.14
2831  19719.0  0.14
2832  19719.0  0.14
2833  19719.0  0.14
2834  19719.0  0.14
2835  19719.0  0.14
2836  19719.0  0.14
2837  19719.0  0.14
2838  19719.0  0.14
2839  19719.0  0.14
2840  19719.0  0.14
2841  19719.0  0.14
2842  19719.0  0.14
2843  19719.0  0.14
2844  19719.0  0.14
2845  19719.0  0.14
2846  19719.0  0.14
2847  19719.0  0.14
2848  19719.0  0.14
2849  19719.0  0.14
2850  19719.0  0.14
2851  19719.0  0.14
2852  19719.0  0.14
2853  19719.0  0.14
2854  19719.0  0.14
2855  19719.0  0.14
2856  19719.0  0.14
2857  19719.0  0.14
2858  19719.0  0.14
2859  19719.0  0.14
2860  19719.0  0.14
2861  19719.0  0.14
2862  19719.0  0.14
2863  19719.0  0.14
2864  19719.0  0.14
2865  19719.0  0.14
2866  19719.0  0.14
2867  19719.0  0.14
2868  19719.0  0.14
2869  19719.0  0.14
2870  19719.0  0.14
2871  19719.0  0.14
2872  19719.0  0.14
2873  19719.0  0.14
2874  19719.0  0.14
2875  19719.0  0.14
2876  19719.0  0.14
2877  19719.0  0.14
2878  19719.0  0.14
2879  19719.0  0.14
2880  19719.0  0.14
2881  19719.0  0.14
2882  19719.0  0.14
2883  19719.0  0.14
2884  19719.0  0.14
2885  19719.0  0.14
2886  19719.0  0.14
2887  19719.0  0.14
2888  19719.0  0.14
2889  19719.0  0.14
2890  19719.0  0.14
2891  19719.0  0.14
2892  19719.0  0.14
2893  19719.0  0.14
2894  19719.0  0.14
2895  19719.0  0.14
2896  19719.0  0.14
2897  19719.0  0.14
2898  19719.0  0.14
2899  19719.0  0.14
2900  19719.0  0.14
2901  19719.0  0.14
2902  19719.0  0.14
2903  19719.0  0.14
2904  19719.0  0.14
2905  19719.0  0.14
2906  19719.0  0.14
2907  19719.0  0.14
2908  19719.0  0.14
2909  19719.0  0.14
2910  19719.0  0.14
2911  19719.0  0.14
2912  19719.0  0.14
2913  19719.0  0.14
2914  19719.0  0.14
2915  19719.0  0.14
2916  19719.0  0.14
2917  19719.0  0.14
2918  19719.0  0.14
2919  19719.0  0.14
2920  19719.0  0.14
2921  19719.0  0.14
2922  19719.0  0.14
2923  19719.0  0.14
2924  19719.0  0.14
2925  19719.0  0.14
2926  19719.0  0.14
2927  19719.0  0.14
2928  19719.0  0.14
2929  19719.0  0.14
2930  19719.0  0.14
2931  19719.0  0.14
2932  19719.0  0.14
2933  19719.0  0.14
2934  19719.0  0.14
2935  19719.0  0.14
2936  19719.0  0.14
2937  19719.0  0.14
2938  19719.0  0.14
2939  19719.0  0.14
2940  19719.0  0.14
2941  19719.0  0.14
2942  19719.0  0.14
2943  19719.0  0.14
2944  19719.0  0.14
2945  19719.0  0.14
2946  19719.0  0.14
2947  19719.0  0.14
2948  19719.0  0.14
2949  19719.0  0.14
2950  19719.0  0.14
2951  19719.0  0.14
2952  19719.0  0.14
2953  19719.0  0.14
2954  19719.0  0.14
2955  19719.0  0.14
2956  19719.0  0.14
2957  19719.0  0.14
2958  19719.0  0.14
2959  19719.0  0.14
2960  19719.0  0.14
2961  19719.0  0.14
2962  19719.0  0.14
2963  19719.0  0.14
2964  19719.0  0.14
2965  19719.0  0.14
2966  19719.0  0.14
2967  19719.0  0.14
2968  19719.0  0.14
2969  19719.0  0.14
2970  19719.0  0.14
2971  19719.0  0.14
2972  19719.0  0.14
2973  19719.0  0.14
2974  19719.0  0.14
2975  19719.0  0.14
2976  19719.0  0.14
2977  19719.0  0.14
2978  19719.0  0.14
2979  19719.0  0.14
2980  19719.0  0.14
2981  19719.0  0.14
2982  19719.0  0.14
2983  19719.0  0.14
2984  19719.0  0.14
2985  19719.0  0.14
2986  19719.0  0.14
2987  19719.0  0.14
2988  19719.0  0.14
2989  19719.0  0.14
2990  19719.0  0.14
2991  19719.0  0.14
2992  19719.0  0.14
2993  19719.0  0.14
2994  19719.0  0.14
2995  19719.0  0.14
2996  19719.0  0.14
2997  19719.0  0.14
2998  19719.0  0.14
2999  19719.0  0.14
#[-9, -7, -6, -5, 1, 5, 6, 7, 7, 9]
#[-8, -6, -6, -3, 3, 4, 5, 5, 8, 8]
#[-4, -3, 0, 1, 1, 3, 3, 4, 6, 9]
#[-9, 3, 3, 3, 3, 3, 3, 3, 3, 8]
#[-3, 1, 3, 3, 3, 3, 3, 3, 3, 5]
#[-3, 3, 3, 3, 3, 3, 3, 3, 3, 9]
#[3, 3, 3, 3, 3, 3, 3, 3, 3, 3]
#[-6, 0, 2, 3, 3, 3, 3, 3, 3, 3]
#[1, 3, 3, 3, 3, 3, 3, 3, 3, 3]
#Specialization index= [0, 7, 1.0]
