#[1, 3, 4, 7, 7, 9, 2, 6, 8, 1]
#[3, 2, 3, 7, 2, 3, 7, 4, 3, 0]
#[5, 3, 7, 1, 9, 3, 6, 2, 1, 0]
#[0, 4, 6, 1, 8, 9, 7, 5, 9, 9]
#[5, 7, 9, 3, 8, 4, 8, 9, 6, 6]
#[1, 7, 5, 4, 8, 9, 4, 6, 3, 8]
#[5, 6, 0, 2, 1, 8, 1, 5, 0, 7]
#[4, 8, 0, 7, 8, 2, 3, 2, 3, 3]
#[6, 9, 6, 9, 0, 1, 0, 8, 9, 7]
0  9614.0  0.0
1  9614.0  0.0
2  9614.0  0.0
3  9614.0  0.0
4  9614.0  0.0
5  9614.0  0.0
6  9614.0  0.0
7  9614.0  0.0
8  9614.0  0.0
9  9614.0  0.0
10  9614.0  0.0
11  9614.0  0.0
12  9614.0  0.0
13  9614.0  0.0
14  9614.0  0.0
15  9614.0  0.0
16  9614.0  0.0
17  9614.0  0.0
18  9614.0  0.0
19  9614.0  0.0
20  9614.0  0.0
21  9614.0  0.0
22  9614.0  0.0
23  9614.0  0.0
24  9614.0  0.0
25  9614.0  0.0
26  9614.0  0.0
27  9614.0  0.0
28  9614.0  0.0
29  9614.0  0.0
30  9614.0  0.0
31  9614.0  0.0
32  9614.0  0.0
33  9614.0  0.0
34  9614.0  0.0
35  9614.0  0.0
36  9614.0  0.0
37  9614.0  0.0
38  9614.0  0.0
39  9614.0  0.0
40  9614.0  0.0
41  9614.0  0.0
42  9614.0  0.0
43  9614.0  0.0
44  9614.0  0.0
45  9614.0  0.0
46  9614.0  0.0
47  9614.0  0.0
48  9614.0  0.0
49  9614.0  0.0
50  9614.0  0.0
51  9614.0  0.0
52  9614.0  0.0
53  9614.0  0.0
54  9614.0  0.0
55  9614.0  0.0
56  9614.0  0.0
57  9614.0  0.0
58  9614.0  0.0
59  9614.0  0.0
60  9614.0  0.0
61  9614.0  0.0
62  9614.0  0.0
63  9614.0  0.0
64  9614.0  0.0
65  9614.0  0.0
66  9614.0  0.0
67  9614.0  0.0
68  9614.0  0.0
69  9614.0  0.0
70  9614.0  0.0
71  9614.0  0.0
72  9614.0  0.0
73  9614.0  0.0
74  9614.0  0.0
75  9614.0  0.0
76  9614.0  0.0
77  9614.0  0.0
78  9614.0  0.0
79  9614.0  0.0
80  9614.0  0.0
81  9614.0  0.0
82  9614.0  0.0
83  9614.0  0.0
84  9614.0  0.0
85  9614.0  0.0
86  9614.0  0.0
87  9614.0  0.0
88  9614.0  0.0
89  9614.0  0.0
90  9614.0  0.0
91  9614.0  0.0
92  9614.0  0.0
93  9614.0  0.0
94  9614.0  0.0
95  9614.0  0.0
96  9614.0  0.0
97  9614.0  0.0
98  9614.0  0.0
99  9614.0  0.0
100  9614.0  0.0
101  9614.0  0.0
102  9614.0  0.0
103  9614.0  0.0
104  9614.0  0.0
105  9614.0  0.0
106  9614.0  0.0
107  9614.0  0.0
108  9614.0  0.0
109  9614.0  0.0
110  9614.0  0.0
111  9614.0  0.0
112  9614.0  0.0
113  9614.0  0.0
114  9614.0  0.0
115  9614.0  0.0
116  9614.0  0.0
117  9614.0  0.0
118  9614.0  0.0
119  9614.0  0.0
120  9614.0  0.0
121  9614.0  0.0
122  9614.0  0.0
123  9614.0  0.0
124  9614.0  0.0
125  9614.0  0.0
126  9614.0  0.0
127  9614.0  0.0
128  9614.0  0.0
129  9614.0  0.0
130  9614.0  0.0
131  9614.0  0.0
132  9614.0  0.0
133  9614.0  0.0
134  9614.0  0.0
135  9614.0  0.0
136  9614.0  0.0
137  9614.0  0.0
138  9614.0  0.0
139  9614.0  0.0
140  9614.0  0.0
141  9614.0  0.0
142  9614.0  0.0
143  9614.0  0.0
144  9614.0  0.0
145  9614.0  0.0
146  9614.0  0.0
147  9614.0  0.0
148  9614.0  0.0
149  9614.0  0.0
150  9614.0  0.0
151  9614.0  0.0
152  9614.0  0.0
153  9614.0  0.0
154  9614.0  0.0
155  9614.0  0.0
156  9614.0  0.0
157  9614.0  0.0
158  9614.0  0.0
159  9614.0  0.0
160  9614.0  0.0
161  9614.0  0.0
162  9614.0  0.0
163  9614.0  0.0
164  9614.0  0.0
165  9614.0  0.0
166  9614.0  0.0
167  9614.0  0.0
168  9614.0  0.0
169  9614.0  0.0
170  9614.0  0.0
171  9614.0  0.0
172  9614.0  0.0
173  9614.0  0.0
174  9614.0  0.0
175  9614.0  0.0
176  9614.0  0.0
177  9614.0  0.0
178  9614.0  0.0
179  9614.0  0.0
180  9614.0  0.0
181  9614.0  0.0
182  9614.0  0.0
183  9614.0  0.0
184  9614.0  0.0
185  9614.0  0.0
186  9614.0  0.0
187  9614.0  0.0
188  9614.0  0.0
189  9614.0  0.0
190  9614.0  0.0
191  9614.0  0.0
192  9614.0  0.0
193  9614.0  0.0
194  9614.0  0.0
195  9614.0  0.0
196  9614.0  0.0
197  9614.0  0.0
198  9614.0  0.0
199  9614.0  0.0
200  9614.0  0.0
201  9614.0  0.0
202  9614.0  0.0
203  9614.0  0.0
204  9614.0  0.0
205  9614.0  0.0
206  9614.0  0.0
207  9614.0  0.0
208  9614.0  0.0
209  9614.0  0.0
210  9614.0  0.0
211  9614.0  0.0
212  9614.0  0.0
213  9614.0  0.0
214  9614.0  0.0
215  9614.0  0.0
216  9614.0  0.0
217  9614.0  0.0
218  9614.0  0.0
219  9614.0  0.0
220  9614.0  0.0
221  9614.0  0.0
222  9614.0  0.0
223  9614.0  0.0
224  9614.0  0.0
225  9614.0  0.0
226  9614.0  0.0
227  9614.0  0.0
228  9614.0  0.0
229  9614.0  0.0
230  9614.0  0.0
231  9614.0  0.0
232  9614.0  0.0
233  9614.0  0.0
234  9614.0  0.0
235  9614.0  0.0
236  9614.0  0.0
237  9614.0  0.0
238  9614.0  0.0
239  9614.0  0.0
240  9614.0  0.0
241  9614.0  0.0
242  9614.0  0.0
243  9614.0  0.0
244  9614.0  0.0
245  9614.0  0.0
246  9614.0  0.0
247  9614.0  0.0
248  9614.0  0.0
249  9614.0  0.0
250  9614.0  0.0
251  9614.0  0.0
252  9614.0  0.0
253  9614.0  0.0
254  9614.0  0.0
255  9614.0  0.0
256  9614.0  0.0
257  9614.0  0.0
258  9614.0  0.0
259  9614.0  0.0
260  9614.0  0.0
261  9614.0  0.0
262  9614.0  0.0
263  9614.0  0.0
264  9614.0  0.0
265  9614.0  0.0
266  9614.0  0.0
267  9614.0  0.0
268  9614.0  0.0
269  9614.0  0.0
270  9614.0  0.0
271  9614.0  0.0
272  9614.0  0.0
273  9614.0  0.0
274  9614.0  0.0
275  9614.0  0.0
276  9614.0  0.0
277  9614.0  0.0
278  9614.0  0.0
279  9614.0  0.0
280  9614.0  0.0
281  9614.0  0.0
282  9614.0  0.0
283  9614.0  0.0
284  9614.0  0.0
285  9614.0  0.0
286  9614.0  0.0
287  9614.0  0.0
288  9614.0  0.0
289  9614.0  0.0
290  9614.0  0.0
291  9614.0  0.0
292  9614.0  0.0
293  9614.0  0.0
294  9614.0  0.0
295  9614.0  0.0
296  9614.0  0.0
297  9614.0  0.0
298  9614.0  0.0
299  9614.0  0.0
300  9614.0  0.0
301  9614.0  0.0
302  9614.0  0.0
303  9614.0  0.0
304  9614.0  0.0
305  9614.0  0.0
306  9614.0  0.0
307  9614.0  0.0
308  9614.0  0.0
309  9614.0  0.0
310  9614.0  0.0
311  9614.0  0.0
312  9614.0  0.0
313  9614.0  0.0
314  9614.0  0.0
315  9614.0  0.0
316  9614.0  0.0
317  9614.0  0.0
318  9614.0  0.0
319  9614.0  0.0
320  9614.0  0.0
321  9614.0  0.0
322  9614.0  0.0
323  9614.0  0.0
324  9614.0  0.0
325  9614.0  0.0
326  9614.0  0.0
327  9614.0  0.0
328  9614.0  0.0
329  9614.0  0.0
330  9614.0  0.0
331  9614.0  0.0
332  9614.0  0.0
333  9614.0  0.0
334  9614.0  0.0
335  9614.0  0.0
336  9614.0  0.0
337  9614.0  0.0
338  9614.0  0.0
339  9614.0  0.0
340  9614.0  0.0
341  9614.0  0.0
342  9614.0  0.0
343  9614.0  0.0
344  9614.0  0.0
345  9614.0  0.0
346  9614.0  0.0
347  9614.0  0.0
348  9614.0  0.0
349  9614.0  0.0
350  9614.0  0.0
351  9614.0  0.0
352  9614.0  0.0
353  9614.0  0.0
354  9614.0  0.0
355  9614.0  0.0
356  9614.0  0.0
357  9614.0  0.0
358  9614.0  0.0
359  9614.0  0.0
360  9614.0  0.0
361  9614.0  0.0
362  9614.0  0.0
363  9614.0  0.0
364  9614.0  0.0
365  9614.0  0.0
366  9614.0  0.0
367  9614.0  0.0
368  9614.0  0.0
369  9614.0  0.0
370  9614.0  0.0
371  9614.0  0.0
372  9614.0  0.0
373  9614.0  0.0
374  9614.0  0.0
375  9614.0  0.0
376  9614.0  0.0
377  9614.0  0.0
378  9614.0  0.0
379  9614.0  0.0
380  9614.0  0.0
381  9614.0  0.0
382  9614.0  0.0
383  9614.0  0.0
384  9614.0  0.0
385  9614.0  0.0
386  9614.0  0.0
387  9614.0  0.0
388  9614.0  0.0
389  9614.0  0.0
390  9614.0  0.0
391  9614.0  0.0
392  9614.0  0.0
393  9614.0  0.0
394  9614.0  0.0
395  9614.0  0.0
396  9614.0  0.0
397  9614.0  0.0
398  9614.0  0.0
399  9614.0  0.0
400  9614.0  0.0
401  9614.0  0.0
402  9614.0  0.0
403  9614.0  0.0
404  9614.0  0.0
405  9614.0  0.0
406  9614.0  0.0
407  9614.0  0.0
408  9614.0  0.0
409  9614.0  0.0
410  9614.0  0.0
411  9614.0  0.0
412  9614.0  0.0
413  9614.0  0.0
414  9614.0  0.0
415  9614.0  0.0
416  9614.0  0.0
417  9614.0  0.0
418  9614.0  0.0
419  9614.0  0.0
420  9614.0  0.0
421  9614.0  0.0
422  9614.0  0.0
423  9614.0  0.0
424  9614.0  0.0
425  9614.0  0.0
426  9614.0  0.0
427  9614.0  0.0
428  9614.0  0.0
429  9614.0  0.0
430  9614.0  0.0
431  9614.0  0.0
432  9614.0  0.0
433  9614.0  0.0
434  9614.0  0.0
435  9614.0  0.0
436  9614.0  0.0
437  9614.0  0.0
438  9614.0  0.0
439  9614.0  0.0
440  9614.0  0.0
441  9614.0  0.0
442  9614.0  0.0
443  9614.0  0.0
444  9614.0  0.0
445  9614.0  0.0
446  9614.0  0.0
447  9614.0  0.0
448  9614.0  0.0
449  9614.0  0.0
450  9614.0  0.0
451  9614.0  0.0
452  9614.0  0.0
453  9614.0  0.0
454  9614.0  0.0
455  9614.0  0.0
456  9614.0  0.0
457  9614.0  0.0
458  9614.0  0.0
459  9614.0  0.0
460  9614.0  0.0
461  9614.0  0.0
462  9614.0  0.0
463  9614.0  0.0
464  9614.0  0.0
465  9614.0  0.0
466  9614.0  0.0
467  9614.0  0.0
468  9614.0  0.0
469  9614.0  0.0
470  9614.0  0.0
471  9614.0  0.0
472  9614.0  0.0
473  9614.0  0.0
474  9614.0  0.0
475  9614.0  0.0
476  9614.0  0.0
477  9614.0  0.0
478  9614.0  0.0
479  9614.0  0.0
480  9614.0  0.0
481  9614.0  0.0
482  9614.0  0.0
483  9614.0  0.0
484  9614.0  0.0
485  9614.0  0.0
486  9614.0  0.0
487  9614.0  0.0
488  9614.0  0.0
489  9614.0  0.0
490  9614.0  0.0
491  9614.0  0.0
492  9614.0  0.0
493  9614.0  0.0
494  9614.0  0.0
495  9614.0  0.0
496  9614.0  0.0
497  9614.0  0.0
498  9614.0  0.0
499  9614.0  0.0
500  9614.0  0.0
501  9614.0  0.0
502  9614.0  0.0
503  9614.0  0.0
504  9614.0  0.0
505  9614.0  0.0
506  9614.0  0.0
507  9614.0  0.0
508  9614.0  0.0
509  9614.0  0.0
510  9614.0  0.0
511  9614.0  0.0
512  9614.0  0.0
513  9614.0  0.0
514  9614.0  0.0
515  9614.0  0.0
516  9614.0  0.0
517  9614.0  0.0
518  9614.0  0.0
519  9614.0  0.0
520  9614.0  0.0
521  9614.0  0.0
522  9614.0  0.0
523  9614.0  0.0
524  9614.0  0.0
525  9614.0  0.0
526  9614.0  0.0
527  9614.0  0.0
528  9614.0  0.0
529  9614.0  0.0
530  9614.0  0.0
531  9614.0  0.0
532  9614.0  0.0
533  9614.0  0.0
534  9614.0  0.0
535  9614.0  0.0
536  9614.0  0.0
537  9614.0  0.0
538  9614.0  0.0
539  9614.0  0.0
540  9614.0  0.0
541  9614.0  0.0
542  9614.0  0.0
543  9614.0  0.0
544  9614.0  0.0
545  9614.0  0.0
546  9614.0  0.0
547  9614.0  0.0
548  9614.0  0.0
549  9614.0  0.0
550  9614.0  0.0
551  9614.0  0.0
552  9614.0  0.0
553  9614.0  0.0
554  9614.0  0.0
555  9614.0  0.0
556  9614.0  0.0
557  9614.0  0.0
558  9614.0  0.0
559  9614.0  0.0
560  9614.0  0.0
561  9614.0  0.0
562  9614.0  0.0
563  9614.0  0.0
564  9614.0  0.0
565  9614.0  0.0
566  9614.0  0.0
567  9614.0  0.0
568  9614.0  0.0
569  9614.0  0.0
570  9614.0  0.0
571  9614.0  0.0
572  9614.0  0.0
573  9614.0  0.0
574  9614.0  0.0
575  9614.0  0.0
576  9614.0  0.0
577  9614.0  0.0
578  9614.0  0.0
579  9614.0  0.0
580  9614.0  0.0
581  9614.0  0.0
582  9614.0  0.0
583  9614.0  0.0
584  9614.0  0.0
585  9614.0  0.0
586  9614.0  0.0
587  9614.0  0.0
588  9614.0  0.0
589  9614.0  0.0
590  9614.0  0.0
591  9614.0  0.0
592  9614.0  0.0
593  9614.0  0.0
594  9614.0  0.0
595  9614.0  0.0
596  9614.0  0.0
597  9614.0  0.0
598  9614.0  0.0
599  9614.0  0.0
600  9614.0  0.0
601  9614.0  0.0
602  9614.0  0.0
603  9614.0  0.0
604  9614.0  0.0
605  9614.0  0.0
606  9614.0  0.0
607  9614.0  0.0
608  9614.0  0.0
609  9614.0  0.0
610  9614.0  0.0
611  9614.0  0.0
612  9614.0  0.0
613  9614.0  0.0
614  9614.0  0.0
615  9614.0  0.0
616  9614.0  0.0
617  9614.0  0.0
618  9614.0  0.0
619  9614.0  0.0
620  9614.0  0.0
621  9614.0  0.0
622  9614.0  0.0
623  9614.0  0.0
624  9614.0  0.0
625  9614.0  0.0
626  9614.0  0.0
627  9614.0  0.0
628  9614.0  0.0
629  9614.0  0.0
630  9614.0  0.0
631  9614.0  0.0
632  9614.0  0.0
633  9614.0  0.0
634  9614.0  0.0
635  9614.0  0.0
636  9614.0  0.0
637  9614.0  0.0
638  9614.0  0.0
639  9614.0  0.0
640  9614.0  0.0
641  9614.0  0.0
642  9614.0  0.0
643  9614.0  0.0
644  9614.0  0.0
645  9614.0  0.0
646  9614.0  0.0
647  9614.0  0.0
648  9614.0  0.0
649  9614.0  0.0
650  9614.0  0.0
651  9614.0  0.0
652  9614.0  0.0
653  9614.0  0.0
654  9614.0  0.0
655  9614.0  0.0
656  9614.0  0.0
657  9614.0  0.0
658  9614.0  0.0
659  9614.0  0.0
660  9614.0  0.0
661  9614.0  0.0
662  9614.0  0.0
663  9614.0  0.0
664  9614.0  0.0
665  9614.0  0.0
666  9614.0  0.0
667  9614.0  0.0
668  9614.0  0.0
669  9614.0  0.0
670  9614.0  0.0
671  9614.0  0.0
672  9614.0  0.0
673  9614.0  0.0
674  9614.0  0.0
675  9614.0  0.0
676  9614.0  0.0
677  9614.0  0.0
678  9614.0  0.0
679  9614.0  0.0
680  9614.0  0.0
681  9614.0  0.0
682  9614.0  0.0
683  9614.0  0.0
684  9614.0  0.0
685  9614.0  0.0
686  9614.0  0.0
687  9614.0  0.0
688  9614.0  0.0
689  9614.0  0.0
690  9614.0  0.0
691  9614.0  0.0
692  9614.0  0.0
693  9614.0  0.0
694  9614.0  0.0
695  9614.0  0.0
696  9614.0  0.0
697  9614.0  0.0
698  9614.0  0.0
699  9614.0  0.0
700  9614.0  0.0
701  9614.0  0.0
702  9614.0  0.0
703  9614.0  0.0
704  9614.0  0.0
705  9614.0  0.0
706  9614.0  0.0
707  9614.0  0.0
708  9614.0  0.0
709  9614.0  0.0
710  9614.0  0.0
711  9614.0  0.0
712  9614.0  0.0
713  9614.0  0.0
714  9614.0  0.0
715  9614.0  0.0
716  9614.0  0.0
717  9614.0  0.0
718  9614.0  0.0
719  9614.0  0.0
720  9614.0  0.0
721  9614.0  0.0
722  9614.0  0.0
723  9614.0  0.0
724  9614.0  0.0
725  9614.0  0.0
726  9614.0  0.0
727  9614.0  0.0
728  9614.0  0.0
729  9614.0  0.0
730  9614.0  0.0
731  9614.0  0.0
732  9614.0  0.0
733  9614.0  0.0
734  9614.0  0.0
735  9614.0  0.0
736  9614.0  0.0
737  9614.0  0.0
738  9614.0  0.0
739  9614.0  0.0
740  9614.0  0.0
741  9614.0  0.0
742  9614.0  0.0
743  9614.0  0.0
744  9614.0  0.0
745  9614.0  0.0
746  9614.0  0.0
747  9614.0  0.0
748  9614.0  0.0
749  9614.0  0.0
750  9614.0  0.0
751  9614.0  0.0
752  9614.0  0.0
753  9614.0  0.0
754  9614.0  0.0
755  9614.0  0.0
756  9614.0  0.0
757  9614.0  0.0
758  9614.0  0.0
759  9614.0  0.0
760  9614.0  0.0
761  9614.0  0.0
762  9614.0  0.0
763  9614.0  0.0
764  9614.0  0.0
765  9614.0  0.0
766  9614.0  0.0
767  9614.0  0.0
768  9614.0  0.0
769  9614.0  0.0
770  9614.0  0.0
771  9614.0  0.0
772  9614.0  0.0
773  9614.0  0.0
774  9614.0  0.0
775  9614.0  0.0
776  9614.0  0.0
777  9614.0  0.0
778  9614.0  0.0
779  9614.0  0.0
780  9614.0  0.0
781  9614.0  0.0
782  9614.0  0.0
783  9614.0  0.0
784  9614.0  0.0
785  9614.0  0.0
786  9614.0  0.0
787  9614.0  0.0
788  9614.0  0.0
789  9614.0  0.0
790  9614.0  0.0
791  9614.0  0.0
792  9614.0  0.0
793  9614.0  0.0
794  9614.0  0.0
795  9614.0  0.0
796  9614.0  0.0
797  9614.0  0.0
798  9614.0  0.0
799  9614.0  0.0
800  9614.0  0.0
801  9614.0  0.0
802  9614.0  0.0
803  9614.0  0.0
804  9614.0  0.0
805  9614.0  0.0
806  9614.0  0.0
807  9614.0  0.0
808  9614.0  0.0
809  9614.0  0.0
810  9614.0  0.0
811  9614.0  0.0
812  9614.0  0.0
813  9614.0  0.0
814  9614.0  0.0
815  9614.0  0.0
816  9614.0  0.0
817  9614.0  0.0
818  9614.0  0.0
819  9614.0  0.0
820  9614.0  0.0
821  9614.0  0.0
822  9614.0  0.0
823  9614.0  0.0
824  9614.0  0.0
825  9614.0  0.0
826  9614.0  0.0
827  9614.0  0.0
828  9614.0  0.0
829  9614.0  0.0
830  9614.0  0.0
831  9614.0  0.0
832  9614.0  0.0
833  9614.0  0.0
834  9614.0  0.0
835  9614.0  0.0
836  9614.0  0.0
837  9614.0  0.0
838  9614.0  0.0
839  9614.0  0.0
840  9614.0  0.0
841  9614.0  0.0
842  9614.0  0.0
843  9614.0  0.0
844  9614.0  0.0
845  9614.0  0.0
846  9614.0  0.0
847  9614.0  0.0
848  9614.0  0.0
849  9614.0  0.0
850  9614.0  0.0
851  9614.0  0.0
852  9614.0  0.0
853  9614.0  0.0
854  9614.0  0.0
855  9614.0  0.0
856  9614.0  0.0
857  9614.0  0.0
858  9614.0  0.0
859  9614.0  0.0
860  9614.0  0.0
861  9614.0  0.0
862  9614.0  0.0
863  9614.0  0.0
864  9614.0  0.0
865  9614.0  0.0
866  9614.0  0.0
867  9614.0  0.0
868  9614.0  0.0
869  9614.0  0.0
870  9614.0  0.0
871  9614.0  0.0
872  9614.0  0.0
873  9614.0  0.0
874  9614.0  0.0
875  9614.0  0.0
876  9614.0  0.0
877  9614.0  0.0
878  9614.0  0.0
879  9614.0  0.0
880  9614.0  0.0
881  9614.0  0.0
882  9614.0  0.0
883  9614.0  0.0
884  9614.0  0.0
885  9614.0  0.0
886  9614.0  0.0
887  9614.0  0.0
888  9614.0  0.0
889  9614.0  0.0
890  9614.0  0.0
891  9614.0  0.0
892  9614.0  0.0
893  9614.0  0.0
894  9614.0  0.0
895  9614.0  0.0
896  9614.0  0.0
897  9614.0  0.0
898  9614.0  0.0
899  9614.0  0.0
900  9614.0  0.0
901  9614.0  0.0
902  9614.0  0.0
903  9614.0  0.0
904  9614.0  0.0
905  9614.0  0.0
906  9614.0  0.0
907  9614.0  0.0
908  9614.0  0.0
909  9614.0  0.0
910  9614.0  0.0
911  9614.0  0.0
912  9614.0  0.0
913  9614.0  0.0
914  9614.0  0.0
915  9614.0  0.0
916  9614.0  0.0
917  9614.0  0.0
918  9614.0  0.0
919  9614.0  0.0
920  9614.0  0.0
921  9614.0  0.0
922  9614.0  0.0
923  9614.0  0.0
924  9614.0  0.0
925  9614.0  0.0
926  9614.0  0.0
927  9614.0  0.0
928  9614.0  0.0
929  9614.0  0.0
930  9614.0  0.0
931  9614.0  0.0
932  9614.0  0.0
933  9614.0  0.0
934  9614.0  0.0
935  9614.0  0.0
936  9614.0  0.0
937  9614.0  0.0
938  9614.0  0.0
939  9614.0  0.0
940  9614.0  0.0
941  9614.0  0.0
942  9614.0  0.0
943  9614.0  0.0
944  9614.0  0.0
945  9614.0  0.0
946  9614.0  0.0
947  9614.0  0.0
948  9614.0  0.0
949  9614.0  0.0
950  9614.0  0.0
951  9614.0  0.0
952  9614.0  0.0
953  9614.0  0.0
954  9614.0  0.0
955  9614.0  0.0
956  9614.0  0.0
957  9614.0  0.0
958  9614.0  0.0
959  9614.0  0.0
960  9614.0  0.0
961  9614.0  0.0
962  9614.0  0.0
963  9614.0  0.0
964  9614.0  0.0
965  9614.0  0.0
966  9614.0  0.0
967  9614.0  0.0
968  9614.0  0.0
969  9614.0  0.0
970  9614.0  0.0
971  9614.0  0.0
972  9614.0  0.0
973  9614.0  0.0
974  9614.0  0.0
975  9614.0  0.0
976  9614.0  0.0
977  9614.0  0.0
978  9614.0  0.0
979  9614.0  0.0
980  9614.0  0.0
981  9614.0  0.0
982  9614.0  0.0
983  9614.0  0.0
984  9614.0  0.0
985  9614.0  0.0
986  9614.0  0.0
987  9614.0  0.0
988  9614.0  0.0
989  9614.0  0.0
990  9614.0  0.0
991  9614.0  0.0
992  9614.0  0.0
993  9614.0  0.0
994  9614.0  0.0
995  9614.0  0.0
996  9614.0  0.0
997  9614.0  0.0
998  9614.0  0.0
999  9614.0  0.0
1000  9614.0  0.0
1001  9614.0  0.0
1002  9614.0  0.0
1003  9614.0  0.0
1004  9614.0  0.0
1005  9614.0  0.0
1006  9614.0  0.0
1007  9614.0  0.0
1008  9614.0  0.0
1009  9614.0  0.0
1010  9614.0  0.0
1011  9614.0  0.0
1012  9614.0  0.0
1013  9614.0  0.0
1014  9614.0  0.0
1015  9614.0  0.0
1016  9614.0  0.0
1017  9614.0  0.0
1018  9614.0  0.0
1019  9614.0  0.0
1020  9614.0  0.0
1021  9614.0  0.0
1022  9614.0  0.0
1023  9614.0  0.0
1024  9614.0  0.0
1025  9614.0  0.0
1026  9614.0  0.0
1027  9614.0  0.0
1028  9614.0  0.0
1029  9614.0  0.0
1030  9614.0  0.0
1031  9614.0  0.0
1032  9614.0  0.0
1033  9614.0  0.0
1034  9614.0  0.0
1035  9614.0  0.0
1036  9614.0  0.0
1037  9614.0  0.0
1038  9614.0  0.0
1039  9614.0  0.0
1040  9614.0  0.0
1041  9614.0  0.0
1042  9614.0  0.0
1043  9614.0  0.0
1044  9614.0  0.0
1045  9614.0  0.0
1046  9614.0  0.0
1047  9614.0  0.0
1048  9614.0  0.0
1049  9614.0  0.0
1050  9614.0  0.0
1051  9614.0  0.0
1052  9614.0  0.0
1053  9614.0  0.0
1054  9614.0  0.0
1055  9614.0  0.0
1056  9614.0  0.0
1057  9614.0  0.0
1058  9614.0  0.0
1059  9614.0  0.0
1060  9614.0  0.0
1061  9614.0  0.0
1062  9614.0  0.0
1063  9614.0  0.0
1064  9614.0  0.0
1065  9614.0  0.0
1066  9614.0  0.0
1067  9614.0  0.0
1068  9614.0  0.0
1069  9614.0  0.0
1070  9614.0  0.0
1071  9614.0  0.0
1072  9614.0  0.0
1073  9614.0  0.0
1074  9614.0  0.0
1075  9614.0  0.0
1076  9614.0  0.0
1077  9614.0  0.0
1078  9614.0  0.0
1079  9614.0  0.0
1080  9614.0  0.0
1081  9614.0  0.0
1082  9614.0  0.0
1083  9614.0  0.0
1084  9614.0  0.0
1085  9614.0  0.0
1086  9614.0  0.0
1087  9614.0  0.0
1088  9614.0  0.0
1089  9614.0  0.0
1090  9614.0  0.0
1091  9614.0  0.0
1092  9614.0  0.0
1093  9614.0  0.0
1094  9614.0  0.0
1095  9614.0  0.0
1096  9614.0  0.0
1097  9614.0  0.0
1098  9614.0  0.0
1099  9614.0  0.0
1100  9614.0  0.0
1101  9614.0  0.0
1102  9614.0  0.0
1103  9614.0  0.0
1104  9614.0  0.0
1105  9614.0  0.0
1106  9614.0  0.0
1107  9614.0  0.0
1108  9614.0  0.0
1109  9614.0  0.0
1110  9614.0  0.0
1111  9614.0  0.0
1112  9614.0  0.0
1113  9614.0  0.0
1114  9614.0  0.0
1115  9614.0  0.0
1116  9614.0  0.0
1117  9614.0  0.0
1118  9614.0  0.0
1119  9614.0  0.0
1120  9614.0  0.0
1121  9614.0  0.0
1122  9614.0  0.0
1123  9614.0  0.0
1124  9614.0  0.0
1125  9614.0  0.0
1126  9614.0  0.0
1127  9614.0  0.0
1128  9614.0  0.0
1129  9614.0  0.0
1130  9614.0  0.0
1131  9614.0  0.0
1132  9614.0  0.0
1133  9614.0  0.0
1134  9614.0  0.0
1135  9614.0  0.0
1136  9614.0  0.0
1137  9614.0  0.0
1138  9614.0  0.0
1139  9614.0  0.0
1140  9614.0  0.0
1141  9614.0  0.0
1142  9614.0  0.0
1143  9614.0  0.0
1144  9614.0  0.0
1145  9614.0  0.0
1146  9614.0  0.0
1147  9614.0  0.0
1148  9614.0  0.0
1149  9614.0  0.0
1150  9614.0  0.0
1151  9614.0  0.0
1152  9614.0  0.0
1153  9614.0  0.0
1154  9614.0  0.0
1155  9614.0  0.0
1156  9614.0  0.0
1157  9614.0  0.0
1158  9614.0  0.0
1159  9614.0  0.0
1160  9614.0  0.0
1161  9614.0  0.0
1162  9614.0  0.0
1163  9614.0  0.0
1164  9614.0  0.0
1165  9614.0  0.0
1166  9614.0  0.0
1167  9614.0  0.0
1168  9614.0  0.0
1169  9614.0  0.0
1170  9614.0  0.0
1171  9614.0  0.0
1172  9614.0  0.0
1173  9614.0  0.0
1174  9614.0  0.0
1175  9614.0  0.0
1176  9614.0  0.0
1177  9614.0  0.0
1178  9614.0  0.0
1179  9614.0  0.0
1180  9614.0  0.0
1181  9614.0  0.0
1182  9614.0  0.0
1183  9614.0  0.0
1184  9614.0  0.0
1185  9614.0  0.0
1186  9614.0  0.0
1187  9614.0  0.0
1188  9614.0  0.0
1189  9614.0  0.0
1190  9614.0  0.0
1191  9614.0  0.0
1192  9614.0  0.0
1193  9614.0  0.0
1194  9614.0  0.0
1195  9614.0  0.0
1196  9614.0  0.0
1197  9614.0  0.0
1198  9614.0  0.0
1199  9614.0  0.0
1200  9614.0  0.0
1201  9614.0  0.0
1202  9614.0  0.0
1203  9614.0  0.0
1204  9614.0  0.0
1205  9614.0  0.0
1206  9614.0  0.0
1207  9614.0  0.0
1208  9614.0  0.0
1209  9614.0  0.0
1210  9614.0  0.0
1211  9614.0  0.0
1212  9614.0  0.0
1213  9614.0  0.0
1214  9614.0  0.0
1215  9614.0  0.0
1216  9614.0  0.0
1217  9614.0  0.0
1218  9614.0  0.0
1219  9614.0  0.0
1220  9614.0  0.0
1221  9614.0  0.0
1222  9614.0  0.0
1223  9614.0  0.0
1224  9614.0  0.0
1225  9614.0  0.0
1226  9614.0  0.0
1227  9614.0  0.0
1228  9614.0  0.0
1229  9614.0  0.0
1230  9614.0  0.0
1231  9614.0  0.0
1232  9614.0  0.0
1233  9614.0  0.0
1234  9614.0  0.0
1235  9614.0  0.0
1236  9614.0  0.0
1237  9614.0  0.0
1238  9614.0  0.0
1239  9614.0  0.0
1240  9614.0  0.0
1241  9614.0  0.0
1242  9614.0  0.0
1243  9614.0  0.0
1244  9614.0  0.0
1245  9614.0  0.0
1246  9614.0  0.0
1247  9614.0  0.0
1248  9614.0  0.0
1249  9614.0  0.0
1250  9614.0  0.0
1251  9614.0  0.0
1252  9614.0  0.0
1253  9614.0  0.0
1254  9614.0  0.0
1255  9614.0  0.0
1256  9614.0  0.0
1257  9614.0  0.0
1258  9614.0  0.0
1259  9614.0  0.0
1260  9614.0  0.0
1261  9614.0  0.0
1262  9614.0  0.0
1263  9614.0  0.0
1264  9614.0  0.0
1265  9614.0  0.0
1266  9614.0  0.0
1267  9614.0  0.0
1268  9614.0  0.0
1269  9614.0  0.0
1270  9614.0  0.0
1271  9614.0  0.0
1272  9614.0  0.0
1273  9614.0  0.0
1274  9614.0  0.0
1275  9614.0  0.0
1276  9614.0  0.0
1277  9614.0  0.0
1278  9614.0  0.0
1279  9614.0  0.0
1280  9614.0  0.0
1281  9614.0  0.0
1282  9614.0  0.0
1283  9614.0  0.0
1284  9614.0  0.0
1285  9614.0  0.0
1286  9614.0  0.0
1287  9614.0  0.0
1288  9614.0  0.0
1289  9614.0  0.0
1290  9614.0  0.0
1291  9614.0  0.0
1292  9614.0  0.0
1293  9614.0  0.0
1294  9614.0  0.0
1295  9614.0  0.0
1296  9614.0  0.0
1297  9614.0  0.0
1298  9614.0  0.0
1299  9614.0  0.0
1300  9614.0  0.0
1301  9614.0  0.0
1302  9614.0  0.0
1303  9614.0  0.0
1304  9614.0  0.0
1305  9614.0  0.0
1306  9614.0  0.0
1307  9614.0  0.0
1308  9614.0  0.0
1309  9614.0  0.0
1310  9614.0  0.0
1311  9614.0  0.0
1312  9614.0  0.0
1313  9614.0  0.0
1314  9614.0  0.0
1315  9614.0  0.0
1316  9614.0  0.0
1317  9614.0  0.0
1318  9614.0  0.0
1319  9614.0  0.0
1320  9614.0  0.0
1321  9614.0  0.0
1322  9614.0  0.0
1323  9614.0  0.0
1324  9614.0  0.0
1325  9614.0  0.0
1326  9614.0  0.0
1327  9614.0  0.0
1328  9614.0  0.0
1329  9614.0  0.0
1330  9614.0  0.0
1331  9614.0  0.0
1332  9614.0  0.0
1333  9614.0  0.0
1334  9614.0  0.0
1335  9614.0  0.0
1336  9614.0  0.0
1337  9614.0  0.0
1338  9614.0  0.0
1339  9614.0  0.0
1340  9614.0  0.0
1341  9614.0  0.0
1342  9614.0  0.0
1343  9614.0  0.0
1344  9614.0  0.0
1345  9614.0  0.0
1346  9614.0  0.0
1347  9614.0  0.0
1348  9614.0  0.0
1349  9614.0  0.0
1350  9614.0  0.0
1351  9614.0  0.0
1352  9614.0  0.0
1353  9614.0  0.0
1354  9614.0  0.0
1355  9614.0  0.0
1356  9614.0  0.0
1357  9614.0  0.0
1358  9614.0  0.0
1359  9614.0  0.0
1360  9614.0  0.0
1361  9614.0  0.0
1362  9614.0  0.0
1363  9614.0  0.0
1364  9614.0  0.0
1365  9614.0  0.0
1366  9614.0  0.0
1367  9614.0  0.0
1368  9614.0  0.0
1369  9614.0  0.0
1370  9614.0  0.0
1371  9614.0  0.0
1372  9614.0  0.0
1373  9614.0  0.0
1374  9614.0  0.0
1375  9614.0  0.0
1376  9614.0  0.0
1377  9614.0  0.0
1378  9614.0  0.0
1379  9614.0  0.0
1380  9614.0  0.0
1381  9614.0  0.0
1382  9614.0  0.0
1383  9614.0  0.0
1384  9614.0  0.0
1385  9614.0  0.0
1386  9614.0  0.0
1387  9614.0  0.0
1388  9614.0  0.0
1389  9614.0  0.0
1390  9614.0  0.0
1391  9614.0  0.0
1392  9614.0  0.0
1393  9614.0  0.0
1394  9614.0  0.0
1395  9614.0  0.0
1396  9614.0  0.0
1397  9614.0  0.0
1398  9614.0  0.0
1399  9614.0  0.0
1400  9614.0  0.0
1401  9614.0  0.0
1402  9614.0  0.0
1403  9614.0  0.0
1404  9614.0  0.0
1405  9614.0  0.0
1406  9614.0  0.0
1407  9614.0  0.0
1408  9614.0  0.0
1409  9614.0  0.0
1410  9614.0  0.0
1411  9614.0  0.0
1412  9614.0  0.0
1413  9614.0  0.0
1414  9614.0  0.0
1415  9614.0  0.0
1416  9614.0  0.0
1417  9614.0  0.0
1418  9614.0  0.0
1419  9614.0  0.0
1420  9614.0  0.0
1421  9614.0  0.0
1422  9614.0  0.0
1423  9614.0  0.0
1424  9614.0  0.0
1425  9614.0  0.0
1426  9614.0  0.0
1427  9614.0  0.0
1428  9614.0  0.0
1429  9614.0  0.0
1430  9614.0  0.0
1431  9614.0  0.0
1432  9614.0  0.0
1433  9614.0  0.0
1434  9614.0  0.0
1435  9614.0  0.0
1436  9614.0  0.0
1437  9614.0  0.0
1438  9614.0  0.0
1439  9614.0  0.0
1440  9614.0  0.0
1441  9614.0  0.0
1442  9614.0  0.0
1443  9614.0  0.0
1444  9614.0  0.0
1445  9614.0  0.0
1446  9614.0  0.0
1447  9614.0  0.0
1448  9614.0  0.0
1449  9614.0  0.0
1450  9614.0  0.0
1451  9614.0  0.0
1452  9614.0  0.0
1453  9614.0  0.0
1454  9614.0  0.0
1455  9614.0  0.0
1456  9614.0  0.0
1457  9614.0  0.0
1458  9614.0  0.0
1459  9614.0  0.0
1460  9614.0  0.0
1461  9614.0  0.0
1462  9614.0  0.0
1463  9614.0  0.0
1464  9614.0  0.0
1465  9614.0  0.0
1466  9614.0  0.0
1467  9614.0  0.0
1468  9614.0  0.0
1469  9614.0  0.0
1470  9614.0  0.0
1471  9614.0  0.0
1472  9614.0  0.0
1473  9614.0  0.0
1474  9614.0  0.0
1475  9614.0  0.0
1476  9614.0  0.0
1477  9614.0  0.0
1478  9614.0  0.0
1479  9614.0  0.0
1480  9614.0  0.0
1481  9614.0  0.0
1482  9614.0  0.0
1483  9614.0  0.0
1484  9614.0  0.0
1485  9614.0  0.0
1486  9614.0  0.0
1487  9614.0  0.0
1488  9614.0  0.0
1489  9614.0  0.0
1490  9614.0  0.0
1491  9614.0  0.0
1492  9614.0  0.0
1493  9614.0  0.0
1494  9614.0  0.0
1495  9614.0  0.0
1496  9614.0  0.0
1497  9614.0  0.0
1498  9614.0  0.0
1499  9614.0  0.0
1500  9614.0  0.0
1501  9614.0  0.0
1502  9614.0  0.0
1503  9614.0  0.0
1504  9614.0  0.0
1505  9614.0  0.0
1506  9614.0  0.0
1507  9614.0  0.0
1508  9614.0  0.0
1509  9614.0  0.0
1510  9614.0  0.0
1511  9614.0  0.0
1512  9614.0  0.0
1513  9614.0  0.0
1514  9614.0  0.0
1515  9614.0  0.0
1516  9614.0  0.0
1517  9614.0  0.0
1518  9614.0  0.0
1519  9614.0  0.0
1520  9614.0  0.0
1521  9614.0  0.0
1522  9614.0  0.0
1523  9614.0  0.0
1524  9614.0  0.0
1525  9614.0  0.0
1526  9614.0  0.0
1527  9614.0  0.0
1528  9614.0  0.0
1529  9614.0  0.0
1530  9614.0  0.0
1531  9614.0  0.0
1532  9614.0  0.0
1533  9614.0  0.0
1534  9614.0  0.0
1535  9614.0  0.0
1536  9614.0  0.0
1537  9614.0  0.0
1538  9614.0  0.0
1539  9614.0  0.0
1540  9614.0  0.0
1541  9614.0  0.0
1542  9614.0  0.0
1543  9614.0  0.0
1544  9614.0  0.0
1545  9614.0  0.0
1546  9614.0  0.0
1547  9614.0  0.0
1548  9614.0  0.0
1549  9614.0  0.0
1550  9614.0  0.0
1551  9614.0  0.0
1552  9614.0  0.0
1553  9614.0  0.0
1554  9614.0  0.0
1555  9614.0  0.0
1556  9614.0  0.0
1557  9614.0  0.0
1558  9614.0  0.0
1559  9614.0  0.0
1560  9614.0  0.0
1561  9614.0  0.0
1562  9614.0  0.0
1563  9614.0  0.0
1564  9614.0  0.0
1565  9614.0  0.0
1566  9614.0  0.0
1567  9614.0  0.0
1568  9614.0  0.0
1569  9614.0  0.0
1570  9614.0  0.0
1571  9614.0  0.0
1572  9614.0  0.0
1573  9614.0  0.0
1574  9614.0  0.0
1575  9614.0  0.0
1576  9614.0  0.0
1577  9614.0  0.0
1578  9614.0  0.0
1579  9614.0  0.0
1580  9614.0  0.0
1581  9614.0  0.0
1582  9614.0  0.0
1583  9614.0  0.0
1584  9614.0  0.0
1585  9614.0  0.0
1586  9614.0  0.0
1587  9614.0  0.0
1588  9614.0  0.0
1589  9614.0  0.0
1590  9614.0  0.0
1591  9614.0  0.0
1592  9614.0  0.0
1593  9614.0  0.0
1594  9614.0  0.0
1595  9614.0  0.0
1596  9614.0  0.0
1597  9614.0  0.0
1598  9614.0  0.0
1599  9614.0  0.0
1600  9614.0  0.0
1601  9614.0  0.0
1602  9614.0  0.0
1603  9614.0  0.0
1604  9614.0  0.0
1605  9614.0  0.0
1606  9614.0  0.0
1607  9614.0  0.0
1608  9614.0  0.0
1609  9614.0  0.0
1610  9614.0  0.0
1611  9614.0  0.0
1612  9614.0  0.0
1613  9614.0  0.0
1614  9614.0  0.0
1615  9614.0  0.0
1616  9614.0  0.0
1617  9614.0  0.0
1618  9614.0  0.0
1619  9614.0  0.0
1620  9614.0  0.0
1621  9614.0  0.0
1622  9614.0  0.0
1623  9614.0  0.0
1624  9614.0  0.0
1625  9614.0  0.0
1626  9614.0  0.0
1627  9614.0  0.0
1628  9614.0  0.0
1629  9614.0  0.0
1630  9614.0  0.0
1631  9614.0  0.0
1632  9614.0  0.0
1633  9614.0  0.0
1634  9614.0  0.0
1635  9614.0  0.0
1636  9614.0  0.0
1637  9614.0  0.0
1638  9614.0  0.0
1639  9614.0  0.0
1640  9614.0  0.0
1641  9614.0  0.0
1642  9614.0  0.0
1643  9614.0  0.0
1644  9614.0  0.0
1645  9614.0  0.0
1646  9614.0  0.0
1647  9614.0  0.0
1648  9614.0  0.0
1649  9614.0  0.0
1650  9614.0  0.0
1651  9614.0  0.0
1652  9614.0  0.0
1653  9614.0  0.0
1654  9614.0  0.0
1655  9614.0  0.0
1656  9614.0  0.0
1657  9614.0  0.0
1658  9614.0  0.0
1659  9614.0  0.0
1660  9614.0  0.0
1661  9614.0  0.0
1662  9614.0  0.0
1663  9614.0  0.0
1664  9614.0  0.0
1665  9614.0  0.0
1666  9614.0  0.0
1667  9614.0  0.0
1668  9614.0  0.0
1669  9614.0  0.0
1670  9614.0  0.0
1671  9614.0  0.0
1672  9614.0  0.0
1673  9614.0  0.0
1674  9614.0  0.0
1675  9614.0  0.0
1676  9614.0  0.0
1677  9614.0  0.0
1678  9614.0  0.0
1679  9614.0  0.0
1680  9614.0  0.0
1681  9614.0  0.0
1682  9614.0  0.0
1683  9614.0  0.0
1684  9614.0  0.0
1685  9614.0  0.0
1686  9614.0  0.0
1687  9614.0  0.0
1688  9614.0  0.0
1689  9614.0  0.0
1690  9614.0  0.0
1691  9614.0  0.0
1692  9614.0  0.0
1693  9614.0  0.0
1694  9614.0  0.0
1695  9614.0  0.0
1696  9614.0  0.0
1697  9614.0  0.0
1698  9614.0  0.0
1699  9614.0  0.0
1700  9614.0  0.0
1701  9614.0  0.0
1702  9614.0  0.0
1703  9614.0  0.0
1704  9614.0  0.0
1705  9614.0  0.0
1706  9614.0  0.0
1707  9614.0  0.0
1708  9614.0  0.0
1709  9614.0  0.0
1710  9614.0  0.0
1711  9614.0  0.0
1712  9614.0  0.0
1713  9614.0  0.0
1714  9614.0  0.0
1715  9614.0  0.0
1716  9614.0  0.0
1717  9614.0  0.0
1718  9614.0  0.0
1719  9614.0  0.0
1720  9614.0  0.0
1721  9614.0  0.0
1722  9614.0  0.0
1723  9614.0  0.0
1724  9614.0  0.0
1725  9614.0  0.0
1726  9614.0  0.0
1727  9614.0  0.0
1728  9614.0  0.0
1729  9614.0  0.0
1730  9614.0  0.0
1731  9614.0  0.0
1732  9614.0  0.0
1733  9614.0  0.0
1734  9614.0  0.0
1735  9614.0  0.0
1736  9614.0  0.0
1737  9614.0  0.0
1738  9614.0  0.0
1739  9614.0  0.0
1740  9614.0  0.0
1741  9614.0  0.0
1742  9614.0  0.0
1743  9614.0  0.0
1744  9614.0  0.0
1745  9614.0  0.0
1746  9614.0  0.0
1747  9614.0  0.0
1748  9614.0  0.0
1749  9614.0  0.0
1750  9614.0  0.0
1751  9614.0  0.0
1752  9614.0  0.0
1753  9614.0  0.0
1754  9614.0  0.0
1755  9614.0  0.0
1756  9614.0  0.0
1757  9614.0  0.0
1758  9614.0  0.0
1759  9614.0  0.0
1760  9614.0  0.0
1761  9614.0  0.0
1762  9614.0  0.0
1763  9614.0  0.0
1764  9614.0  0.0
1765  9614.0  0.0
1766  9614.0  0.0
1767  9614.0  0.0
1768  9614.0  0.0
1769  9614.0  0.0
1770  9614.0  0.0
1771  9614.0  0.0
1772  9614.0  0.0
1773  9614.0  0.0
1774  9614.0  0.0
1775  9614.0  0.0
1776  9614.0  0.0
1777  9614.0  0.0
1778  9614.0  0.0
1779  9614.0  0.0
1780  9614.0  0.0
1781  9614.0  0.0
1782  9614.0  0.0
1783  9614.0  0.0
1784  9614.0  0.0
1785  9614.0  0.0
1786  9614.0  0.0
1787  9614.0  0.0
1788  9614.0  0.0
1789  9614.0  0.0
1790  9614.0  0.0
1791  9614.0  0.0
1792  9614.0  0.0
1793  9614.0  0.0
1794  9614.0  0.0
1795  9614.0  0.0
1796  9614.0  0.0
1797  9614.0  0.0
1798  9614.0  0.0
1799  9614.0  0.0
1800  9614.0  0.0
1801  9614.0  0.0
1802  9614.0  0.0
1803  9614.0  0.0
1804  9614.0  0.0
1805  9614.0  0.0
1806  9614.0  0.0
1807  9614.0  0.0
1808  9614.0  0.0
1809  9614.0  0.0
1810  9614.0  0.0
1811  9614.0  0.0
1812  9614.0  0.0
1813  9614.0  0.0
1814  9614.0  0.0
1815  9614.0  0.0
1816  9614.0  0.0
1817  9614.0  0.0
1818  9614.0  0.0
1819  9614.0  0.0
1820  9614.0  0.0
1821  9614.0  0.0
1822  9614.0  0.0
1823  9614.0  0.0
1824  9614.0  0.0
1825  9614.0  0.0
1826  9614.0  0.0
1827  9614.0  0.0
1828  9614.0  0.0
1829  9614.0  0.0
1830  9614.0  0.0
1831  9614.0  0.0
1832  9614.0  0.0
1833  9614.0  0.0
1834  9614.0  0.0
1835  9614.0  0.0
1836  9614.0  0.0
1837  9614.0  0.0
1838  9614.0  0.0
1839  9614.0  0.0
1840  9614.0  0.0
1841  9614.0  0.0
1842  9614.0  0.0
1843  9614.0  0.0
1844  9614.0  0.0
1845  9614.0  0.0
1846  9614.0  0.0
1847  9614.0  0.0
1848  9614.0  0.0
1849  9614.0  0.0
1850  9614.0  0.0
1851  9614.0  0.0
1852  9614.0  0.0
1853  9614.0  0.0
1854  9614.0  0.0
1855  9614.0  0.0
1856  9614.0  0.0
1857  9614.0  0.0
1858  9614.0  0.0
1859  9614.0  0.0
1860  9614.0  0.0
1861  9614.0  0.0
1862  9614.0  0.0
1863  9614.0  0.0
1864  9614.0  0.0
1865  9614.0  0.0
1866  9614.0  0.0
1867  9614.0  0.0
1868  9614.0  0.0
1869  9614.0  0.0
1870  9614.0  0.0
1871  9614.0  0.0
1872  9614.0  0.0
1873  9614.0  0.0
1874  9614.0  0.0
1875  9614.0  0.0
1876  9614.0  0.0
1877  9614.0  0.0
1878  9614.0  0.0
1879  9614.0  0.0
1880  9614.0  0.0
1881  9614.0  0.0
1882  9614.0  0.0
1883  9614.0  0.0
1884  9614.0  0.0
1885  9614.0  0.0
1886  9614.0  0.0
1887  9614.0  0.0
1888  9614.0  0.0
1889  9614.0  0.0
1890  9614.0  0.0
1891  9614.0  0.0
1892  9614.0  0.0
1893  9614.0  0.0
1894  9614.0  0.0
1895  9614.0  0.0
1896  9614.0  0.0
1897  9614.0  0.0
1898  9614.0  0.0
1899  9614.0  0.0
1900  9614.0  0.0
1901  9614.0  0.0
1902  9614.0  0.0
1903  9614.0  0.0
1904  9614.0  0.0
1905  9614.0  0.0
1906  9614.0  0.0
1907  9614.0  0.0
1908  9614.0  0.0
1909  9614.0  0.0
1910  9614.0  0.0
1911  9614.0  0.0
1912  9614.0  0.0
1913  9614.0  0.0
1914  9614.0  0.0
1915  9614.0  0.0
1916  9614.0  0.0
1917  9614.0  0.0
1918  9614.0  0.0
1919  9614.0  0.0
1920  9614.0  0.0
1921  9614.0  0.0
1922  9614.0  0.0
1923  9614.0  0.0
1924  9614.0  0.0
1925  9614.0  0.0
1926  9614.0  0.0
1927  9614.0  0.0
1928  9614.0  0.0
1929  9614.0  0.0
1930  9614.0  0.0
1931  9614.0  0.0
1932  9614.0  0.0
1933  9614.0  0.0
1934  9614.0  0.0
1935  9614.0  0.0
1936  9614.0  0.0
1937  9614.0  0.0
1938  9614.0  0.0
1939  9614.0  0.0
1940  9614.0  0.0
1941  9614.0  0.0
1942  9614.0  0.0
1943  9614.0  0.0
1944  9614.0  0.0
1945  9614.0  0.0
1946  9614.0  0.0
1947  9614.0  0.0
1948  9614.0  0.0
1949  9614.0  0.0
1950  9614.0  0.0
1951  9614.0  0.0
1952  9614.0  0.0
1953  9614.0  0.0
1954  9614.0  0.0
1955  9614.0  0.0
1956  9614.0  0.0
1957  9614.0  0.0
1958  9614.0  0.0
1959  9614.0  0.0
1960  9614.0  0.0
1961  9614.0  0.0
1962  9614.0  0.0
1963  9614.0  0.0
1964  9614.0  0.0
1965  9614.0  0.0
1966  9614.0  0.0
1967  9614.0  0.0
1968  9614.0  0.0
1969  9614.0  0.0
1970  9614.0  0.0
1971  9614.0  0.0
1972  9614.0  0.0
1973  9614.0  0.0
1974  9614.0  0.0
1975  9614.0  0.0
1976  9614.0  0.0
1977  9614.0  0.0
1978  9614.0  0.0
1979  9614.0  0.0
1980  9614.0  0.0
1981  9614.0  0.0
1982  9614.0  0.0
1983  9614.0  0.0
1984  9614.0  0.0
1985  9614.0  0.0
1986  9614.0  0.0
1987  9614.0  0.0
1988  9614.0  0.0
1989  9614.0  0.0
1990  9614.0  0.0
1991  9614.0  0.0
1992  9614.0  0.0
1993  9614.0  0.0
1994  9614.0  0.0
1995  9614.0  0.0
1996  9614.0  0.0
1997  9614.0  0.0
1998  9614.0  0.0
1999  9614.0  0.0
2000  9614.0  0.0
2001  9614.0  0.0
2002  9614.0  0.0
2003  9614.0  0.0
2004  9614.0  0.0
2005  9614.0  0.0
2006  9614.0  0.0
2007  9614.0  0.0
2008  9614.0  0.0
2009  9614.0  0.0
2010  9614.0  0.0
2011  9614.0  0.0
2012  9614.0  0.0
2013  9614.0  0.0
2014  9614.0  0.0
2015  9614.0  0.0
2016  9614.0  0.0
2017  9614.0  0.0
2018  9614.0  0.0
2019  9614.0  0.0
2020  9614.0  0.0
2021  9614.0  0.0
2022  9614.0  0.0
2023  9614.0  0.0
2024  9614.0  0.0
2025  9614.0  0.0
2026  9614.0  0.0
2027  9614.0  0.0
2028  9614.0  0.0
2029  9614.0  0.0
2030  9614.0  0.0
2031  9614.0  0.0
2032  9614.0  0.0
2033  9614.0  0.0
2034  9614.0  0.0
2035  9614.0  0.0
2036  9614.0  0.0
2037  9614.0  0.0
2038  9614.0  0.0
2039  9614.0  0.0
2040  9614.0  0.0
2041  9614.0  0.0
2042  9614.0  0.0
2043  9614.0  0.0
2044  9614.0  0.0
2045  9614.0  0.0
2046  9614.0  0.0
2047  9614.0  0.0
2048  9614.0  0.0
2049  9614.0  0.0
2050  9614.0  0.0
2051  9614.0  0.0
2052  9614.0  0.0
2053  9614.0  0.0
2054  9614.0  0.0
2055  9614.0  0.0
2056  9614.0  0.0
2057  9614.0  0.0
2058  9614.0  0.0
2059  9614.0  0.0
2060  9614.0  0.0
2061  9614.0  0.0
2062  9614.0  0.0
2063  9614.0  0.0
2064  9614.0  0.0
2065  9614.0  0.0
2066  9614.0  0.0
2067  9614.0  0.0
2068  9614.0  0.0
2069  9614.0  0.0
2070  9614.0  0.0
2071  9614.0  0.0
2072  9614.0  0.0
2073  9614.0  0.0
2074  9614.0  0.0
2075  9614.0  0.0
2076  9614.0  0.0
2077  9614.0  0.0
2078  9614.0  0.0
2079  9614.0  0.0
2080  9614.0  0.0
2081  9614.0  0.0
2082  9614.0  0.0
2083  9614.0  0.0
2084  9614.0  0.0
2085  9614.0  0.0
2086  9614.0  0.0
2087  9614.0  0.0
2088  9614.0  0.0
2089  9614.0  0.0
2090  9614.0  0.0
2091  9614.0  0.0
2092  9614.0  0.0
2093  9614.0  0.0
2094  9614.0  0.0
2095  9614.0  0.0
2096  9614.0  0.0
2097  9614.0  0.0
2098  9614.0  0.0
2099  9614.0  0.0
2100  9614.0  0.0
2101  9614.0  0.0
2102  9614.0  0.0
2103  9614.0  0.0
2104  9614.0  0.0
2105  9614.0  0.0
2106  9614.0  0.0
2107  9614.0  0.0
2108  9614.0  0.0
2109  9614.0  0.0
2110  9614.0  0.0
2111  9614.0  0.0
2112  9614.0  0.0
2113  9614.0  0.0
2114  9614.0  0.0
2115  9614.0  0.0
2116  9614.0  0.0
2117  9614.0  0.0
2118  9614.0  0.0
2119  9614.0  0.0
2120  9614.0  0.0
2121  9614.0  0.0
2122  9614.0  0.0
2123  9614.0  0.0
2124  9614.0  0.0
2125  9614.0  0.0
2126  9614.0  0.0
2127  9614.0  0.0
2128  9614.0  0.0
2129  9614.0  0.0
2130  9614.0  0.0
2131  9614.0  0.0
2132  9614.0  0.0
2133  9614.0  0.0
2134  9614.0  0.0
2135  9614.0  0.0
2136  9614.0  0.0
2137  9614.0  0.0
2138  9614.0  0.0
2139  9614.0  0.0
2140  9614.0  0.0
2141  9614.0  0.0
2142  9614.0  0.0
2143  9614.0  0.0
2144  9614.0  0.0
2145  9614.0  0.0
2146  9614.0  0.0
2147  9614.0  0.0
2148  9614.0  0.0
2149  9614.0  0.0
2150  9614.0  0.0
2151  9614.0  0.0
2152  9614.0  0.0
2153  9614.0  0.0
2154  9614.0  0.0
2155  9614.0  0.0
2156  9614.0  0.0
2157  9614.0  0.0
2158  9614.0  0.0
2159  9614.0  0.0
2160  9614.0  0.0
2161  9614.0  0.0
2162  9614.0  0.0
2163  9614.0  0.0
2164  9614.0  0.0
2165  9614.0  0.0
2166  9614.0  0.0
2167  9614.0  0.0
2168  9614.0  0.0
2169  9614.0  0.0
2170  9614.0  0.0
2171  9614.0  0.0
2172  9614.0  0.0
2173  9614.0  0.0
2174  9614.0  0.0
2175  9614.0  0.0
2176  9614.0  0.0
2177  9614.0  0.0
2178  9614.0  0.0
2179  9614.0  0.0
2180  9614.0  0.0
2181  9614.0  0.0
2182  9614.0  0.0
2183  9614.0  0.0
2184  9614.0  0.0
2185  9614.0  0.0
2186  9614.0  0.0
2187  9614.0  0.0
2188  9614.0  0.0
2189  9614.0  0.0
2190  9614.0  0.0
2191  9614.0  0.0
2192  9614.0  0.0
2193  9614.0  0.0
2194  9614.0  0.0
2195  9614.0  0.0
2196  9614.0  0.0
2197  9614.0  0.0
2198  9614.0  0.0
2199  9614.0  0.0
2200  9614.0  0.0
2201  9614.0  0.0
2202  9614.0  0.0
2203  9614.0  0.0
2204  9614.0  0.0
2205  9614.0  0.0
2206  9614.0  0.0
2207  9614.0  0.0
2208  9614.0  0.0
2209  9614.0  0.0
2210  9614.0  0.0
2211  9614.0  0.0
2212  9614.0  0.0
2213  9614.0  0.0
2214  9614.0  0.0
2215  9614.0  0.0
2216  9614.0  0.0
2217  9614.0  0.0
2218  9614.0  0.0
2219  9614.0  0.0
2220  9614.0  0.0
2221  9614.0  0.0
2222  9614.0  0.0
2223  9614.0  0.0
2224  9614.0  0.0
2225  9614.0  0.0
2226  9614.0  0.0
2227  9614.0  0.0
2228  9614.0  0.0
2229  9614.0  0.0
2230  9614.0  0.0
2231  9614.0  0.0
2232  9614.0  0.0
2233  9614.0  0.0
2234  9614.0  0.0
2235  9614.0  0.0
2236  9614.0  0.0
2237  9614.0  0.0
2238  9614.0  0.0
2239  9614.0  0.0
2240  9614.0  0.0
2241  9614.0  0.0
2242  9614.0  0.0
2243  9614.0  0.0
2244  9614.0  0.0
2245  9614.0  0.0
2246  9614.0  0.0
2247  9614.0  0.0
2248  9614.0  0.0
2249  9614.0  0.0
2250  9614.0  0.0
2251  9614.0  0.0
2252  9614.0  0.0
2253  9614.0  0.0
2254  9614.0  0.0
2255  9614.0  0.0
2256  9614.0  0.0
2257  9614.0  0.0
2258  9614.0  0.0
2259  9614.0  0.0
2260  9614.0  0.0
2261  9614.0  0.0
2262  9614.0  0.0
2263  9614.0  0.0
2264  9614.0  0.0
2265  9614.0  0.0
2266  9614.0  0.0
2267  9614.0  0.0
2268  9614.0  0.0
2269  9614.0  0.0
2270  9614.0  0.0
2271  9614.0  0.0
2272  9614.0  0.0
2273  9614.0  0.0
2274  9614.0  0.0
2275  9614.0  0.0
2276  9614.0  0.0
2277  9614.0  0.0
2278  9614.0  0.0
2279  9614.0  0.0
2280  9614.0  0.0
2281  9614.0  0.0
2282  9614.0  0.0
2283  9614.0  0.0
2284  9614.0  0.0
2285  9614.0  0.0
2286  9614.0  0.0
2287  9614.0  0.0
2288  9614.0  0.0
2289  9614.0  0.0
2290  9614.0  0.0
2291  9614.0  0.0
2292  9614.0  0.0
2293  9614.0  0.0
2294  9614.0  0.0
2295  9614.0  0.0
2296  9614.0  0.0
2297  9614.0  0.0
2298  9614.0  0.0
2299  9614.0  0.0
2300  9614.0  0.0
2301  9614.0  0.0
2302  9614.0  0.0
2303  9614.0  0.0
2304  9614.0  0.0
2305  9614.0  0.0
2306  9614.0  0.0
2307  9614.0  0.0
2308  9614.0  0.0
2309  9614.0  0.0
2310  9614.0  0.0
2311  9614.0  0.0
2312  9614.0  0.0
2313  9614.0  0.0
2314  9614.0  0.0
2315  9614.0  0.0
2316  9614.0  0.0
2317  9614.0  0.0
2318  9614.0  0.0
2319  9614.0  0.0
2320  9614.0  0.0
2321  9614.0  0.0
2322  9614.0  0.0
2323  9614.0  0.0
2324  9614.0  0.0
2325  9614.0  0.0
2326  9614.0  0.0
2327  9614.0  0.0
2328  9614.0  0.0
2329  9614.0  0.0
2330  9614.0  0.0
2331  9614.0  0.0
2332  9614.0  0.0
2333  9614.0  0.0
2334  9614.0  0.0
2335  9614.0  0.0
2336  9614.0  0.0
2337  9614.0  0.0
2338  9614.0  0.0
2339  9614.0  0.0
2340  9614.0  0.0
2341  9614.0  0.0
2342  9614.0  0.0
2343  9614.0  0.0
2344  9614.0  0.0
2345  9614.0  0.0
2346  9614.0  0.0
2347  9614.0  0.0
2348  9614.0  0.0
2349  9614.0  0.0
2350  9614.0  0.0
2351  9614.0  0.0
2352  9614.0  0.0
2353  9614.0  0.0
2354  9614.0  0.0
2355  9614.0  0.0
2356  9614.0  0.0
2357  9614.0  0.0
2358  9614.0  0.0
2359  9614.0  0.0
2360  9614.0  0.0
2361  9614.0  0.0
2362  9614.0  0.0
2363  9614.0  0.0
2364  9614.0  0.0
2365  9614.0  0.0
2366  9614.0  0.0
2367  9614.0  0.0
2368  9614.0  0.0
2369  9614.0  0.0
2370  9614.0  0.0
2371  9614.0  0.0
2372  9614.0  0.0
2373  9614.0  0.0
2374  9614.0  0.0
2375  9614.0  0.0
2376  9614.0  0.0
2377  9614.0  0.0
2378  9614.0  0.0
2379  9614.0  0.0
2380  9614.0  0.0
2381  9614.0  0.0
2382  9614.0  0.0
2383  9614.0  0.0
2384  9614.0  0.0
2385  9614.0  0.0
2386  9614.0  0.0
2387  9614.0  0.0
2388  9614.0  0.0
2389  9614.0  0.0
2390  9614.0  0.0
2391  9614.0  0.0
2392  9614.0  0.0
2393  9614.0  0.0
2394  9614.0  0.0
2395  9614.0  0.0
2396  9614.0  0.0
2397  9614.0  0.0
2398  9614.0  0.0
2399  9614.0  0.0
2400  9614.0  0.0
2401  9614.0  0.0
2402  9614.0  0.0
2403  9614.0  0.0
2404  9614.0  0.0
2405  9614.0  0.0
2406  9614.0  0.0
2407  9614.0  0.0
2408  9614.0  0.0
2409  9614.0  0.0
2410  9614.0  0.0
2411  9614.0  0.0
2412  9614.0  0.0
2413  9614.0  0.0
2414  9614.0  0.0
2415  9614.0  0.0
2416  9614.0  0.0
2417  9614.0  0.0
2418  9614.0  0.0
2419  9614.0  0.0
2420  9614.0  0.0
2421  9614.0  0.0
2422  9614.0  0.0
2423  9614.0  0.0
2424  9614.0  0.0
2425  9614.0  0.0
2426  9614.0  0.0
2427  9614.0  0.0
2428  9614.0  0.0
2429  9614.0  0.0
2430  9614.0  0.0
2431  9614.0  0.0
2432  9614.0  0.0
2433  9614.0  0.0
2434  9614.0  0.0
2435  9614.0  0.0
2436  9614.0  0.0
2437  9614.0  0.0
2438  9614.0  0.0
2439  9614.0  0.0
2440  9614.0  0.0
2441  9614.0  0.0
2442  9614.0  0.0
2443  9614.0  0.0
2444  9614.0  0.0
2445  9614.0  0.0
2446  9614.0  0.0
2447  9614.0  0.0
2448  9614.0  0.0
2449  9614.0  0.0
2450  9614.0  0.0
2451  9614.0  0.0
2452  9614.0  0.0
2453  9614.0  0.0
2454  9614.0  0.0
2455  9614.0  0.0
2456  9614.0  0.0
2457  9614.0  0.0
2458  9614.0  0.0
2459  9614.0  0.0
2460  9614.0  0.0
2461  9614.0  0.0
2462  9614.0  0.0
2463  9614.0  0.0
2464  9614.0  0.0
2465  9614.0  0.0
2466  9614.0  0.0
2467  9614.0  0.0
2468  9614.0  0.0
2469  9614.0  0.0
2470  9614.0  0.0
2471  9614.0  0.0
2472  9614.0  0.0
2473  9614.0  0.0
2474  9614.0  0.0
2475  9614.0  0.0
2476  9614.0  0.0
2477  9614.0  0.0
2478  9614.0  0.0
2479  9614.0  0.0
2480  9614.0  0.0
2481  9614.0  0.0
2482  9614.0  0.0
2483  9614.0  0.0
2484  9614.0  0.0
2485  9614.0  0.0
2486  9614.0  0.0
2487  9614.0  0.0
2488  9614.0  0.0
2489  9614.0  0.0
2490  9614.0  0.0
2491  9614.0  0.0
2492  9614.0  0.0
2493  9614.0  0.0
2494  9614.0  0.0
2495  9614.0  0.0
2496  9614.0  0.0
2497  9614.0  0.0
2498  9614.0  0.0
2499  9614.0  0.0
2500  9614.0  0.0
2501  9614.0  0.0
2502  9614.0  0.0
2503  9614.0  0.0
2504  9614.0  0.0
2505  9614.0  0.0
2506  9614.0  0.0
2507  9614.0  0.0
2508  9614.0  0.0
2509  9614.0  0.0
2510  9614.0  0.0
2511  9614.0  0.0
2512  9614.0  0.0
2513  9614.0  0.0
2514  9614.0  0.0
2515  9614.0  0.0
2516  9614.0  0.0
2517  9614.0  0.0
2518  9614.0  0.0
2519  9614.0  0.0
2520  9614.0  0.0
2521  9614.0  0.0
2522  9614.0  0.0
2523  9614.0  0.0
2524  9614.0  0.0
2525  9614.0  0.0
2526  9614.0  0.0
2527  9614.0  0.0
2528  9614.0  0.0
2529  9614.0  0.0
2530  9614.0  0.0
2531  9614.0  0.0
2532  9614.0  0.0
2533  9614.0  0.0
2534  9614.0  0.0
2535  9614.0  0.0
2536  9614.0  0.0
2537  9614.0  0.0
2538  9614.0  0.0
2539  9614.0  0.0
2540  9614.0  0.0
2541  9614.0  0.0
2542  9614.0  0.0
2543  9614.0  0.0
2544  9614.0  0.0
2545  9614.0  0.0
2546  9614.0  0.0
2547  9614.0  0.0
2548  9614.0  0.0
2549  9614.0  0.0
2550  9614.0  0.0
2551  9614.0  0.0
2552  9614.0  0.0
2553  9614.0  0.0
2554  9614.0  0.0
2555  9614.0  0.0
2556  9614.0  0.0
2557  9614.0  0.0
2558  9614.0  0.0
2559  9614.0  0.0
2560  9614.0  0.0
2561  9614.0  0.0
2562  9614.0  0.0
2563  9614.0  0.0
2564  9614.0  0.0
2565  9614.0  0.0
2566  9614.0  0.0
2567  9614.0  0.0
2568  9614.0  0.0
2569  9614.0  0.0
2570  9614.0  0.0
2571  9614.0  0.0
2572  9614.0  0.0
2573  9614.0  0.0
2574  9614.0  0.0
2575  9614.0  0.0
2576  9614.0  0.0
2577  9614.0  0.0
2578  9614.0  0.0
2579  9614.0  0.0
2580  9614.0  0.0
2581  9614.0  0.0
2582  9614.0  0.0
2583  9614.0  0.0
2584  9614.0  0.0
2585  9614.0  0.0
2586  9614.0  0.0
2587  9614.0  0.0
2588  9614.0  0.0
2589  9614.0  0.0
2590  9614.0  0.0
2591  9614.0  0.0
2592  9614.0  0.0
2593  9614.0  0.0
2594  9614.0  0.0
2595  9614.0  0.0
2596  9614.0  0.0
2597  9614.0  0.0
2598  9614.0  0.0
2599  9614.0  0.0
2600  9614.0  0.0
2601  9614.0  0.0
2602  9614.0  0.0
2603  9614.0  0.0
2604  9614.0  0.0
2605  9614.0  0.0
2606  9614.0  0.0
2607  9614.0  0.0
2608  9614.0  0.0
2609  9614.0  0.0
2610  9614.0  0.0
2611  9614.0  0.0
2612  9614.0  0.0
2613  9614.0  0.0
2614  9614.0  0.0
2615  9614.0  0.0
2616  9614.0  0.0
2617  9614.0  0.0
2618  9614.0  0.0
2619  9614.0  0.0
2620  9614.0  0.0
2621  9614.0  0.0
2622  9614.0  0.0
2623  9614.0  0.0
2624  9614.0  0.0
2625  9614.0  0.0
2626  9614.0  0.0
2627  9614.0  0.0
2628  9614.0  0.0
2629  9614.0  0.0
2630  9614.0  0.0
2631  9614.0  0.0
2632  9614.0  0.0
2633  9614.0  0.0
2634  9614.0  0.0
2635  9614.0  0.0
2636  9614.0  0.0
2637  9614.0  0.0
2638  9614.0  0.0
2639  9614.0  0.0
2640  9614.0  0.0
2641  9614.0  0.0
2642  9614.0  0.0
2643  9614.0  0.0
2644  9614.0  0.0
2645  9614.0  0.0
2646  9614.0  0.0
2647  9614.0  0.0
2648  9614.0  0.0
2649  9614.0  0.0
2650  9614.0  0.0
2651  9614.0  0.0
2652  9614.0  0.0
2653  9614.0  0.0
2654  9614.0  0.0
2655  9614.0  0.0
2656  9614.0  0.0
2657  9614.0  0.0
2658  9614.0  0.0
2659  9614.0  0.0
2660  9614.0  0.0
2661  9614.0  0.0
2662  9614.0  0.0
2663  9614.0  0.0
2664  9614.0  0.0
2665  9614.0  0.0
2666  9614.0  0.0
2667  9614.0  0.0
2668  9614.0  0.0
2669  9614.0  0.0
2670  9614.0  0.0
2671  9614.0  0.0
2672  9614.0  0.0
2673  9614.0  0.0
2674  9614.0  0.0
2675  9614.0  0.0
2676  9614.0  0.0
2677  9614.0  0.0
2678  9614.0  0.0
2679  9614.0  0.0
2680  9614.0  0.0
2681  9614.0  0.0
2682  9614.0  0.0
2683  9614.0  0.0
2684  9614.0  0.0
2685  9614.0  0.0
2686  9614.0  0.0
2687  9614.0  0.0
2688  9614.0  0.0
2689  9614.0  0.0
2690  9614.0  0.0
2691  9614.0  0.0
2692  9614.0  0.0
2693  9614.0  0.0
2694  9614.0  0.0
2695  9614.0  0.0
2696  9614.0  0.0
2697  9614.0  0.0
2698  9614.0  0.0
2699  9614.0  0.0
2700  9614.0  0.0
2701  9614.0  0.0
2702  9614.0  0.0
2703  9614.0  0.0
2704  9614.0  0.0
2705  9614.0  0.0
2706  9614.0  0.0
2707  9614.0  0.0
2708  9614.0  0.0
2709  9614.0  0.0
2710  9614.0  0.0
2711  9614.0  0.0
2712  9614.0  0.0
2713  9614.0  0.0
2714  9614.0  0.0
2715  9614.0  0.0
2716  9614.0  0.0
2717  9614.0  0.0
2718  9614.0  0.0
2719  9614.0  0.0
2720  9614.0  0.0
2721  9614.0  0.0
2722  9614.0  0.0
2723  9614.0  0.0
2724  9614.0  0.0
2725  9614.0  0.0
2726  9614.0  0.0
2727  9614.0  0.0
2728  9614.0  0.0
2729  9614.0  0.0
2730  9614.0  0.0
2731  9614.0  0.0
2732  9614.0  0.0
2733  9614.0  0.0
2734  9614.0  0.0
2735  9614.0  0.0
2736  9614.0  0.0
2737  9614.0  0.0
2738  9614.0  0.0
2739  9614.0  0.0
2740  9614.0  0.0
2741  9614.0  0.0
2742  9614.0  0.0
2743  9614.0  0.0
2744  9614.0  0.0
2745  9614.0  0.0
2746  9614.0  0.0
2747  9614.0  0.0
2748  9614.0  0.0
2749  9614.0  0.0
2750  9614.0  0.0
2751  9614.0  0.0
2752  9614.0  0.0
2753  9614.0  0.0
2754  9614.0  0.0
2755  9614.0  0.0
2756  9614.0  0.0
2757  9614.0  0.0
2758  9614.0  0.0
2759  9614.0  0.0
2760  9614.0  0.0
2761  9614.0  0.0
2762  9614.0  0.0
2763  9614.0  0.0
2764  9614.0  0.0
2765  9614.0  0.0
2766  9614.0  0.0
2767  9614.0  0.0
2768  9614.0  0.0
2769  9614.0  0.0
2770  9614.0  0.0
2771  9614.0  0.0
2772  9614.0  0.0
2773  9614.0  0.0
2774  9614.0  0.0
2775  9614.0  0.0
2776  9614.0  0.0
2777  9614.0  0.0
2778  9614.0  0.0
2779  9614.0  0.0
2780  9614.0  0.0
2781  9614.0  0.0
2782  9614.0  0.0
2783  9614.0  0.0
2784  9614.0  0.0
2785  9614.0  0.0
2786  9614.0  0.0
2787  9614.0  0.0
2788  9614.0  0.0
2789  9614.0  0.0
2790  9614.0  0.0
2791  9614.0  0.0
2792  9614.0  0.0
2793  9614.0  0.0
2794  9614.0  0.0
2795  9614.0  0.0
2796  9614.0  0.0
2797  9614.0  0.0
2798  9614.0  0.0
2799  9614.0  0.0
2800  9614.0  0.0
2801  9614.0  0.0
2802  9614.0  0.0
2803  9614.0  0.0
2804  9614.0  0.0
2805  9614.0  0.0
2806  9614.0  0.0
2807  9614.0  0.0
2808  9614.0  0.0
2809  9614.0  0.0
2810  9614.0  0.0
2811  9614.0  0.0
2812  9614.0  0.0
2813  9614.0  0.0
2814  9614.0  0.0
2815  9614.0  0.0
2816  9614.0  0.0
2817  9614.0  0.0
2818  9614.0  0.0
2819  9614.0  0.0
2820  9614.0  0.0
2821  9614.0  0.0
2822  9614.0  0.0
2823  9614.0  0.0
2824  9614.0  0.0
2825  9614.0  0.0
2826  9614.0  0.0
2827  9614.0  0.0
2828  9614.0  0.0
2829  9614.0  0.0
2830  9614.0  0.0
2831  9614.0  0.0
2832  9614.0  0.0
2833  9614.0  0.0
2834  9614.0  0.0
2835  9614.0  0.0
2836  9614.0  0.0
2837  9614.0  0.0
2838  9614.0  0.0
2839  9614.0  0.0
2840  9614.0  0.0
2841  9614.0  0.0
2842  9614.0  0.0
2843  9614.0  0.0
2844  9614.0  0.0
2845  9614.0  0.0
2846  9614.0  0.0
2847  9614.0  0.0
2848  9614.0  0.0
2849  9614.0  0.0
2850  9614.0  0.0
2851  9614.0  0.0
2852  9614.0  0.0
2853  9614.0  0.0
2854  9614.0  0.0
2855  9614.0  0.0
2856  9614.0  0.0
2857  9614.0  0.0
2858  9614.0  0.0
2859  9614.0  0.0
2860  9614.0  0.0
2861  9614.0  0.0
2862  9614.0  0.0
2863  9614.0  0.0
2864  9614.0  0.0
2865  9614.0  0.0
2866  9614.0  0.0
2867  9614.0  0.0
2868  9614.0  0.0
2869  9614.0  0.0
2870  9614.0  0.0
2871  9614.0  0.0
2872  9614.0  0.0
2873  9614.0  0.0
2874  9614.0  0.0
2875  9614.0  0.0
2876  9614.0  0.0
2877  9614.0  0.0
2878  9614.0  0.0
2879  9614.0  0.0
2880  9614.0  0.0
2881  9614.0  0.0
2882  9614.0  0.0
2883  9614.0  0.0
2884  9614.0  0.0
2885  9614.0  0.0
2886  9614.0  0.0
2887  9614.0  0.0
2888  9614.0  0.0
2889  9614.0  0.0
2890  9614.0  0.0
2891  9614.0  0.0
2892  9614.0  0.0
2893  9614.0  0.0
2894  9614.0  0.0
2895  9614.0  0.0
2896  9614.0  0.0
2897  9614.0  0.0
2898  9614.0  0.0
2899  9614.0  0.0
2900  9614.0  0.0
2901  9614.0  0.0
2902  9614.0  0.0
2903  9614.0  0.0
2904  9614.0  0.0
2905  9614.0  0.0
2906  9614.0  0.0
2907  9614.0  0.0
2908  9614.0  0.0
2909  9614.0  0.0
2910  9614.0  0.0
2911  9614.0  0.0
2912  9614.0  0.0
2913  9614.0  0.0
2914  9614.0  0.0
2915  9614.0  0.0
2916  9614.0  0.0
2917  9614.0  0.0
2918  9614.0  0.0
2919  9614.0  0.0
2920  9614.0  0.0
2921  9614.0  0.0
2922  9614.0  0.0
2923  9614.0  0.0
2924  9614.0  0.0
2925  9614.0  0.0
2926  9614.0  0.0
2927  9614.0  0.0
2928  9614.0  0.0
2929  9614.0  0.0
2930  9614.0  0.0
2931  9614.0  0.0
2932  9614.0  0.0
2933  9614.0  0.0
2934  9614.0  0.0
2935  9614.0  0.0
2936  9614.0  0.0
2937  9614.0  0.0
2938  9614.0  0.0
2939  9614.0  0.0
2940  9614.0  0.0
2941  9614.0  0.0
2942  9614.0  0.0
2943  9614.0  0.0
2944  9614.0  0.0
2945  9614.0  0.0
2946  9614.0  0.0
2947  9614.0  0.0
2948  9614.0  0.0
2949  9614.0  0.0
2950  9614.0  0.0
2951  9614.0  0.0
2952  9614.0  0.0
2953  9614.0  0.0
2954  9614.0  0.0
2955  9614.0  0.0
2956  9614.0  0.0
2957  9614.0  0.0
2958  9614.0  0.0
2959  9614.0  0.0
2960  9614.0  0.0
2961  9614.0  0.0
2962  9614.0  0.0
2963  9614.0  0.0
2964  9614.0  0.0
2965  9614.0  0.0
2966  9614.0  0.0
2967  9614.0  0.0
2968  9614.0  0.0
2969  9614.0  0.0
2970  9614.0  0.0
2971  9614.0  0.0
2972  9614.0  0.0
2973  9614.0  0.0
2974  9614.0  0.0
2975  9614.0  0.0
2976  9614.0  0.0
2977  9614.0  0.0
2978  9614.0  0.0
2979  9614.0  0.0
2980  9614.0  0.0
2981  9614.0  0.0
2982  9614.0  0.0
2983  9614.0  0.0
2984  9614.0  0.0
2985  9614.0  0.0
2986  9614.0  0.0
2987  9614.0  0.0
2988  9614.0  0.0
2989  9614.0  0.0
2990  9614.0  0.0
2991  9614.0  0.0
2992  9614.0  0.0
2993  9614.0  0.0
2994  9614.0  0.0
2995  9614.0  0.0
2996  9614.0  0.0
2997  9614.0  0.0
2998  9614.0  0.0
2999  9614.0  0.0
#[1, 1, 2, 3, 4, 6, 7, 7, 8, 9]
#[0, 2, 2, 3, 3, 3, 3, 4, 7, 7]
#[0, 1, 1, 2, 3, 3, 5, 6, 7, 9]
#[0, 1, 4, 5, 6, 7, 8, 9, 9, 9]
#[3, 4, 5, 6, 6, 7, 8, 8, 9, 9]
#[1, 3, 4, 4, 5, 6, 7, 8, 8, 9]
#[0, 0, 1, 1, 2, 5, 5, 6, 7, 8]
#[0, 2, 2, 3, 3, 3, 4, 7, 8, 8]
#[0, 0, 1, 6, 6, 7, 8, 9, 9, 9]
#Specialization index= [1, 3, 0.3333333333333333]
