#[9, 6, 4, 4, 8, 2, 2, 9, 6, 9]
#[2, 6, 4, 5, 7, 4, 9, 0, 4, 1]
#[8, 3, 6, 0, 5, 2, 9, 2, 7, 7]
#[1, 2, 9, 7, 3, 2, 6, 7, 8, 4]
#[0, 6, 8, 9, 9, 4, 9, 9, 8, 7]
#[0, 5, 1, 5, 8, 4, 6, 7, 7, 8]
#[0, 2, 6, 7, 9, 9, 4, 7, 5, 0]
#[3, 2, 7, 8, 8, 1, 6, 7, 1, 9]
#[3, 5, 1, 3, 7, 8, 3, 4, 8, 4]
0  2537.5  0.06
1  2537.5  0.06
2  2537.5  0.06
3  2537.5  0.06
4  2537.5  0.06
5  2537.5  0.06
6  2537.5  0.06
7  2537.5  0.06
8  2537.5  0.06
9  2537.5  0.06
10  2537.5  0.06
11  2537.5  0.06
12  2537.5  0.06
13  2537.5  0.06
14  2537.5  0.06
15  2537.5  0.06
16  2537.5  0.06
17  2537.5  0.06
18  2537.5  0.06
19  2537.5  0.06
20  2537.5  0.06
21  2537.5  0.06
22  2537.5  0.06
23  2537.5  0.06
24  2537.5  0.06
25  2537.5  0.06
26  2537.5  0.06
27  2537.5  0.06
28  2537.5  0.06
29  2537.5  0.06
30  2537.5  0.06
31  2537.5  0.06
32  2537.5  0.06
33  2537.5  0.06
34  2537.5  0.06
35  2537.5  0.06
36  2537.5  0.06
37  2537.5  0.06
38  2537.5  0.06
39  2537.5  0.06
40  2537.5  0.06
41  2537.5  0.06
42  2537.5  0.06
43  2537.5  0.06
44  2537.5  0.06
45  2537.5  0.06
46  2537.5  0.06
47  2537.5  0.06
48  2537.5  0.06
49  2537.5  0.06
50  2537.5  0.06
51  2537.5  0.06
52  2546.5  0.08
53  2546.5  0.08
54  2546.5  0.08
55  2546.5  0.08
56  2546.5  0.08
57  2546.5  0.08
58  2546.5  0.08
59  2546.5  0.08
60  2546.5  0.08
61  2546.5  0.08
62  2546.5  0.08
63  2546.5  0.08
64  2546.5  0.08
65  2546.5  0.08
66  2546.5  0.08
67  2546.5  0.08
68  2546.5  0.08
69  2546.5  0.08
70  2546.5  0.08
71  2546.5  0.08
72  2546.5  0.08
73  2546.5  0.08
74  2546.5  0.08
75  2546.5  0.08
76  2546.5  0.08
77  2546.5  0.08
78  2548.5  0.07
79  2548.5  0.07
80  2548.5  0.07
81  2548.5  0.07
82  2548.5  0.07
83  2548.5  0.07
84  2548.5  0.07
85  2548.5  0.07
86  2548.5  0.07
87  2548.5  0.07
88  2548.5  0.07
89  2548.5  0.07
90  2548.5  0.07
91  2548.5  0.07
92  2548.5  0.07
93  2548.5  0.07
94  2548.5  0.07
95  2548.5  0.07
96  2548.5  0.07
97  2548.5  0.07
98  2548.5  0.07
99  2548.5  0.07
100  2548.5  0.07
101  2548.5  0.07
102  2548.5  0.07
103  2548.5  0.07
104  2548.5  0.07
105  2548.5  0.07
106  2548.5  0.07
107  2548.5  0.07
108  2548.5  0.07
109  2548.5  0.07
110  2579.0  0.07
111  2579.0  0.07
112  2579.0  0.07
113  2579.0  0.07
114  2579.0  0.07
115  2579.0  0.07
116  2579.0  0.07
117  2579.0  0.07
118  2579.0  0.07
119  2579.0  0.07
120  2579.0  0.07
121  2579.0  0.07
122  2579.0  0.07
123  2579.0  0.07
124  2579.0  0.07
125  2579.0  0.07
126  2579.0  0.07
127  2579.0  0.07
128  2579.0  0.07
129  2579.0  0.07
130  2579.0  0.07
131  2579.0  0.07
132  2579.0  0.07
133  2579.0  0.07
134  2579.0  0.07
135  2579.0  0.07
136  2579.0  0.07
137  2579.0  0.07
138  2579.0  0.07
139  2579.0  0.07
140  2579.0  0.07
141  2579.0  0.07
142  2579.0  0.07
143  2579.0  0.07
144  2579.0  0.07
145  2579.0  0.07
146  2579.0  0.07
147  2579.0  0.07
148  2579.0  0.07
149  2579.0  0.07
150  2579.0  0.07
151  2579.0  0.07
152  2579.0  0.07
153  2579.0  0.07
154  2579.0  0.07
155  2579.0  0.07
156  2579.0  0.07
157  2579.0  0.07
158  2579.0  0.07
159  2579.0  0.07
160  2579.0  0.07
161  2579.0  0.07
162  2579.0  0.07
163  2579.0  0.07
164  2579.0  0.07
165  2579.0  0.07
166  2579.0  0.07
167  2579.0  0.07
168  2579.0  0.07
169  2579.0  0.07
170  2579.0  0.07
171  2579.0  0.07
172  2579.0  0.07
173  2579.0  0.07
174  2579.0  0.07
175  2579.0  0.07
176  2579.0  0.07
177  2579.0  0.07
178  2579.0  0.07
179  2579.0  0.07
180  2579.0  0.07
181  2579.0  0.07
182  2579.0  0.07
183  2579.0  0.07
184  2579.0  0.07
185  2579.0  0.07
186  2579.0  0.07
187  2579.0  0.07
188  2579.0  0.07
189  2579.0  0.07
190  2579.0  0.07
191  2579.0  0.07
192  2579.0  0.07
193  2579.0  0.07
194  2579.0  0.07
195  2579.0  0.07
196  2579.0  0.07
197  2579.0  0.07
198  2579.0  0.07
199  2579.0  0.07
200  2579.0  0.07
201  2579.0  0.07
202  2579.0  0.07
203  2579.0  0.07
204  2579.0  0.07
205  2579.0  0.07
206  2579.0  0.07
207  2579.0  0.07
208  2579.0  0.07
209  2579.0  0.07
210  2579.0  0.07
211  2579.0  0.07
212  2579.0  0.07
213  2579.0  0.07
214  2579.0  0.07
215  2579.0  0.07
216  2579.0  0.07
217  2579.0  0.07
218  2579.0  0.07
219  2579.0  0.07
220  2579.0  0.07
221  2579.0  0.07
222  2579.0  0.07
223  2579.0  0.07
224  2579.0  0.07
225  2579.0  0.07
226  2579.0  0.07
227  2579.0  0.07
228  2579.0  0.07
229  2579.0  0.07
230  2579.0  0.07
231  2579.0  0.07
232  2579.0  0.07
233  2579.0  0.07
234  2579.0  0.07
235  2579.0  0.07
236  2579.0  0.07
237  2579.0  0.07
238  2579.0  0.07
239  2579.0  0.07
240  2579.0  0.07
241  2579.0  0.07
242  2579.0  0.07
243  2579.0  0.07
244  2579.0  0.07
245  2579.0  0.07
246  2579.0  0.07
247  2579.0  0.07
248  2579.0  0.07
249  2579.0  0.07
250  2579.0  0.07
251  2579.0  0.07
252  2579.0  0.07
253  2579.0  0.07
254  2579.0  0.07
255  2579.0  0.07
256  2579.0  0.07
257  2579.0  0.07
258  2579.0  0.07
259  2579.0  0.07
260  2579.0  0.07
261  2579.0  0.07
262  2579.0  0.07
263  2579.0  0.07
264  2579.0  0.07
265  2579.0  0.07
266  2579.0  0.07
267  2579.0  0.07
268  2579.0  0.07
269  2579.0  0.07
270  2579.0  0.07
271  2579.0  0.07
272  2579.0  0.07
273  2579.0  0.07
274  2579.0  0.07
275  2579.0  0.07
276  2579.0  0.07
277  2579.0  0.07
278  2579.0  0.07
279  2579.0  0.07
280  2579.0  0.07
281  2579.0  0.07
282  2579.0  0.07
283  2579.0  0.07
284  2579.0  0.07
285  2579.0  0.07
286  2579.0  0.07
287  2579.0  0.07
288  2579.0  0.07
289  2579.0  0.07
290  2579.0  0.07
291  2579.0  0.07
292  2579.0  0.07
293  2579.0  0.07
294  2579.0  0.07
295  2579.0  0.07
296  2579.0  0.07
297  2579.0  0.07
298  2579.0  0.07
299  2579.0  0.07
300  2579.0  0.07
301  2579.0  0.07
302  2579.0  0.07
303  2579.0  0.07
304  2579.0  0.07
305  2579.0  0.07
306  2579.0  0.07
307  2579.0  0.07
308  2579.0  0.07
309  2579.0  0.07
310  2579.0  0.07
311  2579.0  0.07
312  2579.0  0.07
313  2579.0  0.07
314  2579.0  0.07
315  2579.0  0.07
316  2579.0  0.07
317  2579.0  0.07
318  2579.0  0.07
319  2579.0  0.07
320  2579.0  0.07
321  2579.0  0.07
322  2579.0  0.07
323  2579.0  0.07
324  2579.0  0.07
325  2579.0  0.07
326  2579.0  0.07
327  2579.0  0.07
328  2579.0  0.07
329  2579.0  0.07
330  2579.0  0.07
331  2579.0  0.07
332  2579.0  0.07
333  2579.0  0.07
334  2579.0  0.07
335  2579.0  0.07
336  2579.0  0.07
337  2579.0  0.07
338  2579.0  0.07
339  2579.0  0.07
340  2579.0  0.07
341  2579.0  0.07
342  2579.0  0.07
343  2579.0  0.07
344  2579.0  0.07
345  2579.0  0.07
346  2579.0  0.07
347  2579.0  0.07
348  2579.0  0.07
349  2579.0  0.07
350  2579.0  0.07
351  2579.0  0.07
352  2579.0  0.07
353  2579.0  0.07
354  2579.0  0.07
355  2579.0  0.07
356  2579.0  0.07
357  2579.0  0.07
358  2579.0  0.07
359  2579.0  0.07
360  2579.0  0.07
361  2579.0  0.07
362  2579.0  0.07
363  2579.0  0.07
364  2579.0  0.07
365  2579.0  0.07
366  2579.0  0.07
367  2579.0  0.07
368  2579.0  0.07
369  2579.0  0.07
370  2579.0  0.07
371  2579.0  0.07
372  2579.0  0.07
373  2579.0  0.07
374  2579.0  0.07
375  2579.0  0.07
376  2579.0  0.07
377  2579.0  0.07
378  2579.0  0.07
379  2579.0  0.07
380  2579.0  0.07
381  2636.5  0.06
382  2636.5  0.06
383  2636.5  0.06
384  2636.5  0.06
385  2636.5  0.06
386  2636.5  0.06
387  2636.5  0.06
388  2636.5  0.06
389  2636.5  0.06
390  2636.5  0.06
391  2636.5  0.06
392  2636.5  0.06
393  2636.5  0.06
394  2636.5  0.06
395  2636.5  0.06
396  2636.5  0.06
397  2636.5  0.06
398  2636.5  0.06
399  2636.5  0.06
400  2636.5  0.06
401  2636.5  0.06
402  2636.5  0.06
403  2636.5  0.06
404  2636.5  0.06
405  2636.5  0.06
406  2636.5  0.06
407  2636.5  0.06
408  2636.5  0.06
409  2636.5  0.06
410  2636.5  0.06
411  2636.5  0.06
412  2636.5  0.06
413  2636.5  0.06
414  2636.5  0.06
415  2636.5  0.06
416  2636.5  0.06
417  2636.5  0.06
418  2636.5  0.06
419  2636.5  0.06
420  2636.5  0.06
421  2636.5  0.06
422  2636.5  0.06
423  2636.5  0.06
424  2636.5  0.06
425  2636.5  0.06
426  2636.5  0.06
427  2636.5  0.06
428  2636.5  0.06
429  2636.5  0.06
430  2636.5  0.06
431  2636.5  0.06
432  2636.5  0.06
433  2636.5  0.06
434  2636.5  0.06
435  2636.5  0.06
436  2636.5  0.06
437  2636.5  0.06
438  2636.5  0.06
439  2636.5  0.06
440  2636.5  0.06
441  2636.5  0.06
442  2636.5  0.06
443  2636.5  0.06
444  2636.5  0.06
445  2636.5  0.06
446  2636.5  0.06
447  2636.5  0.06
448  2636.5  0.06
449  2636.5  0.06
450  2636.5  0.06
451  2636.5  0.06
452  2636.5  0.06
453  2636.5  0.06
454  2636.5  0.06
455  2636.5  0.06
456  2636.5  0.06
457  2636.5  0.06
458  2636.5  0.06
459  2636.5  0.06
460  2636.5  0.06
461  2636.5  0.06
462  2636.5  0.06
463  2636.5  0.06
464  2636.5  0.06
465  2636.5  0.06
466  2636.5  0.06
467  2636.5  0.06
468  2636.5  0.06
469  2636.5  0.06
470  2636.5  0.06
471  2636.5  0.06
472  2636.5  0.06
473  2636.5  0.06
474  2636.5  0.06
475  2636.5  0.06
476  2636.5  0.06
477  2636.5  0.06
478  2636.5  0.06
479  2636.5  0.06
480  2636.5  0.06
481  2636.5  0.06
482  2636.5  0.06
483  2636.5  0.06
484  2636.5  0.06
485  2636.5  0.06
486  2636.5  0.06
487  2636.5  0.06
488  2636.5  0.06
489  2636.5  0.06
490  2636.5  0.06
491  2636.5  0.06
492  2636.5  0.06
493  2636.5  0.06
494  2636.5  0.06
495  2636.5  0.06
496  2636.5  0.06
497  2636.5  0.06
498  2636.5  0.06
499  2636.5  0.06
500  2636.5  0.06
501  2636.5  0.06
502  2636.5  0.06
503  2636.5  0.06
504  2636.5  0.06
505  2636.5  0.06
506  2636.5  0.06
507  2636.5  0.06
508  2636.5  0.06
509  2636.5  0.06
510  2636.5  0.06
511  2636.5  0.06
512  2636.5  0.06
513  2636.5  0.06
514  2636.5  0.06
515  2636.5  0.06
516  2636.5  0.06
517  2636.5  0.06
518  2636.5  0.06
519  2636.5  0.06
520  2636.5  0.06
521  2636.5  0.06
522  2636.5  0.06
523  2636.5  0.06
524  2636.5  0.06
525  2636.5  0.06
526  2636.5  0.06
527  2636.5  0.06
528  2636.5  0.06
529  2636.5  0.06
530  2636.5  0.06
531  2636.5  0.06
532  2636.5  0.06
533  2636.5  0.06
534  2636.5  0.06
535  2636.5  0.06
536  2636.5  0.06
537  2636.5  0.06
538  2636.5  0.06
539  2664.5  0.03
540  2664.5  0.03
541  2664.5  0.03
542  2664.5  0.03
543  2664.5  0.03
544  2664.5  0.03
545  2664.5  0.03
546  2664.5  0.03
547  2664.5  0.03
548  2664.5  0.03
549  2664.5  0.03
550  2664.5  0.03
551  2664.5  0.03
552  2664.5  0.03
553  2664.5  0.03
554  2664.5  0.03
555  2664.5  0.03
556  2664.5  0.03
557  2664.5  0.03
558  2664.5  0.03
559  2664.5  0.03
560  2664.5  0.03
561  2664.5  0.03
562  2664.5  0.03
563  2664.5  0.03
564  2664.5  0.03
565  2664.5  0.03
566  2664.5  0.03
567  2664.5  0.03
568  2664.5  0.03
569  2664.5  0.03
570  2664.5  0.03
571  2664.5  0.03
572  2664.5  0.03
573  2664.5  0.03
574  2664.5  0.03
575  2664.5  0.03
576  2664.5  0.03
577  2664.5  0.03
578  2664.5  0.03
579  2664.5  0.03
580  2664.5  0.03
581  2664.5  0.03
582  2664.5  0.03
583  2664.5  0.03
584  2664.5  0.03
585  2664.5  0.03
586  2664.5  0.03
587  2664.5  0.03
588  2664.5  0.03
589  2664.5  0.03
590  2664.5  0.03
591  2664.5  0.03
592  2664.5  0.03
593  2664.5  0.03
594  2664.5  0.03
595  2664.5  0.03
596  2664.5  0.03
597  2664.5  0.03
598  2664.5  0.03
599  2664.5  0.03
600  2664.5  0.03
601  2664.5  0.03
602  2664.5  0.03
603  2664.5  0.03
604  2664.5  0.03
605  2664.5  0.03
606  2664.5  0.03
607  2664.5  0.03
608  2664.5  0.03
609  2664.5  0.03
610  2664.5  0.03
611  2664.5  0.03
612  2664.5  0.03
613  2664.5  0.03
614  2664.5  0.03
615  2664.5  0.03
616  2664.5  0.03
617  2664.5  0.03
618  2664.5  0.03
619  2664.5  0.03
620  2664.5  0.03
621  2664.5  0.03
622  2664.5  0.03
623  2664.5  0.03
624  2664.5  0.03
625  2664.5  0.03
626  2664.5  0.03
627  2664.5  0.03
628  2664.5  0.03
629  2664.5  0.03
630  2664.5  0.03
631  2664.5  0.03
632  2664.5  0.03
633  2664.5  0.03
634  2664.5  0.03
635  2664.5  0.03
636  2664.5  0.03
637  2664.5  0.03
638  2664.5  0.03
639  2664.5  0.03
640  2664.5  0.03
641  2664.5  0.03
642  2664.5  0.03
643  2664.5  0.03
644  2664.5  0.03
645  2664.5  0.03
646  2664.5  0.03
647  2664.5  0.03
648  2664.5  0.03
649  2664.5  0.03
650  2664.5  0.03
651  2664.5  0.03
652  2664.5  0.03
653  2664.5  0.03
654  2664.5  0.03
655  2664.5  0.03
656  2664.5  0.03
657  2664.5  0.03
658  2664.5  0.03
659  2664.5  0.03
660  2664.5  0.03
661  2664.5  0.03
662  2664.5  0.03
663  2664.5  0.03
664  2664.5  0.03
665  2664.5  0.03
666  2664.5  0.03
667  2664.5  0.03
668  2664.5  0.03
669  2664.5  0.03
670  2664.5  0.03
671  2664.5  0.03
672  2664.5  0.03
673  2664.5  0.03
674  2664.5  0.03
675  2664.5  0.03
676  2664.5  0.03
677  2664.5  0.03
678  2664.5  0.03
679  2664.5  0.03
680  2664.5  0.03
681  2664.5  0.03
682  2664.5  0.03
683  2664.5  0.03
684  2664.5  0.03
685  2664.5  0.03
686  2664.5  0.03
687  2664.5  0.03
688  2664.5  0.03
689  2664.5  0.03
690  2664.5  0.03
691  2664.5  0.03
692  2664.5  0.03
693  2664.5  0.03
694  2664.5  0.03
695  2664.5  0.03
696  2664.5  0.03
697  2664.5  0.03
698  2664.5  0.03
699  2664.5  0.03
700  2664.5  0.03
701  2664.5  0.03
702  2664.5  0.03
703  2664.5  0.03
704  2664.5  0.03
705  2664.5  0.03
706  2664.5  0.03
707  2664.5  0.03
708  2664.5  0.03
709  2664.5  0.03
710  2664.5  0.03
711  2664.5  0.03
712  2664.5  0.03
713  2664.5  0.03
714  2664.5  0.03
715  2664.5  0.03
716  2664.5  0.03
717  2664.5  0.03
718  2664.5  0.03
719  2664.5  0.03
720  2664.5  0.03
721  2664.5  0.03
722  2664.5  0.03
723  2664.5  0.03
724  2664.5  0.03
725  2664.5  0.03
726  2664.5  0.03
727  2664.5  0.03
728  2664.5  0.03
729  2664.5  0.03
730  2664.5  0.03
731  2664.5  0.03
732  2664.5  0.03
733  2664.5  0.03
734  2664.5  0.03
735  2664.5  0.03
736  2664.5  0.03
737  2664.5  0.03
738  2664.5  0.03
739  2664.5  0.03
740  2664.5  0.03
741  2664.5  0.03
742  2664.5  0.03
743  2664.5  0.03
744  2664.5  0.03
745  2664.5  0.03
746  2664.5  0.03
747  2664.5  0.03
748  2664.5  0.03
749  2664.5  0.03
750  2664.5  0.03
751  2664.5  0.03
752  2664.5  0.03
753  2664.5  0.03
754  2664.5  0.03
755  2664.5  0.03
756  2664.5  0.03
757  2664.5  0.03
758  2664.5  0.03
759  2664.5  0.03
760  2664.5  0.03
761  2664.5  0.03
762  2664.5  0.03
763  2664.5  0.03
764  2664.5  0.03
765  2664.5  0.03
766  2664.5  0.03
767  2664.5  0.03
768  2664.5  0.03
769  2664.5  0.03
770  2664.5  0.03
771  2664.5  0.03
772  2664.5  0.03
773  2664.5  0.03
774  2664.5  0.03
775  2664.5  0.03
776  2664.5  0.03
777  2664.5  0.03
778  2664.5  0.03
779  2664.5  0.03
780  2664.5  0.03
781  2664.5  0.03
782  2664.5  0.03
783  2664.5  0.03
784  2664.5  0.03
785  2664.5  0.03
786  2664.5  0.03
787  2664.5  0.03
788  2664.5  0.03
789  2664.5  0.03
790  2664.5  0.03
791  2664.5  0.03
792  2664.5  0.03
793  2664.5  0.03
794  2664.5  0.03
795  2664.5  0.03
796  2664.5  0.03
797  2664.5  0.03
798  2664.5  0.03
799  2664.5  0.03
800  2664.5  0.03
801  2664.5  0.03
802  2664.5  0.03
803  2664.5  0.03
804  2664.5  0.03
805  2664.5  0.03
806  2664.5  0.03
807  2664.5  0.03
808  2664.5  0.03
809  2664.5  0.03
810  2664.5  0.03
811  2664.5  0.03
812  2664.5  0.03
813  2664.5  0.03
814  2664.5  0.03
815  2664.5  0.03
816  2664.5  0.03
817  2664.5  0.03
818  2664.5  0.03
819  2664.5  0.03
820  2664.5  0.03
821  2664.5  0.03
822  2664.5  0.03
823  2664.5  0.03
824  2664.5  0.03
825  2664.5  0.03
826  2664.5  0.03
827  2664.5  0.03
828  2664.5  0.03
829  2664.5  0.03
830  2664.5  0.03
831  2664.5  0.03
832  2664.5  0.03
833  2664.5  0.03
834  2664.5  0.03
835  2664.5  0.03
836  2664.5  0.03
837  2664.5  0.03
838  2664.5  0.03
839  2664.5  0.03
840  2664.5  0.03
841  2664.5  0.03
842  2664.5  0.03
843  2664.5  0.03
844  2664.5  0.03
845  2664.5  0.03
846  2664.5  0.03
847  2664.5  0.03
848  2664.5  0.03
849  2664.5  0.03
850  2664.5  0.03
851  2664.5  0.03
852  2664.5  0.03
853  2664.5  0.03
854  2664.5  0.03
855  2664.5  0.03
856  2664.5  0.03
857  2664.5  0.03
858  2664.5  0.03
859  2664.5  0.03
860  2664.5  0.03
861  2664.5  0.03
862  2664.5  0.03
863  2664.5  0.03
864  2664.5  0.03
865  2664.5  0.03
866  2664.5  0.03
867  2664.5  0.03
868  2664.5  0.03
869  2664.5  0.03
870  2664.5  0.03
871  2664.5  0.03
872  2664.5  0.03
873  2664.5  0.03
874  2664.5  0.03
875  2664.5  0.03
876  2664.5  0.03
877  2664.5  0.03
878  2664.5  0.03
879  2664.5  0.03
880  2664.5  0.03
881  2664.5  0.03
882  2664.5  0.03
883  2664.5  0.03
884  2664.5  0.03
885  2664.5  0.03
886  2664.5  0.03
887  2664.5  0.03
888  2664.5  0.03
889  2664.5  0.03
890  2664.5  0.03
891  2664.5  0.03
892  2664.5  0.03
893  2664.5  0.03
894  2664.5  0.03
895  2664.5  0.03
896  2664.5  0.03
897  2664.5  0.03
898  2664.5  0.03
899  2664.5  0.03
900  2664.5  0.03
901  2664.5  0.03
902  2664.5  0.03
903  2664.5  0.03
904  2664.5  0.03
905  2664.5  0.03
906  2664.5  0.03
907  2664.5  0.03
908  2664.5  0.03
909  2664.5  0.03
910  2664.5  0.03
911  2664.5  0.03
912  2664.5  0.03
913  2664.5  0.03
914  2664.5  0.03
915  2664.5  0.03
916  2664.5  0.03
917  2664.5  0.03
918  2664.5  0.03
919  2664.5  0.03
920  2664.5  0.03
921  2664.5  0.03
922  2664.5  0.03
923  2664.5  0.03
924  2664.5  0.03
925  2664.5  0.03
926  2664.5  0.03
927  2664.5  0.03
928  2664.5  0.03
929  2664.5  0.03
930  2664.5  0.03
931  2664.5  0.03
932  2716.5  0.02
933  2716.5  0.02
934  2716.5  0.02
935  2716.5  0.02
936  2716.5  0.02
937  2716.5  0.02
938  2716.5  0.02
939  2716.5  0.02
940  2716.5  0.02
941  2716.5  0.02
942  2716.5  0.02
943  2716.5  0.02
944  2716.5  0.02
945  2716.5  0.02
946  2716.5  0.02
947  2716.5  0.02
948  2716.5  0.02
949  2716.5  0.02
950  2716.5  0.02
951  2716.5  0.02
952  2716.5  0.02
953  2716.5  0.02
954  2716.5  0.02
955  2716.5  0.02
956  2716.5  0.02
957  2716.5  0.02
958  2716.5  0.02
959  2716.5  0.02
960  2716.5  0.02
961  2716.5  0.02
962  2716.5  0.02
963  2716.5  0.02
964  2716.5  0.02
965  2716.5  0.02
966  2716.5  0.02
967  2716.5  0.02
968  2716.5  0.02
969  2716.5  0.02
970  2716.5  0.02
971  2716.5  0.02
972  2716.5  0.02
973  2716.5  0.02
974  2716.5  0.02
975  2716.5  0.02
976  2716.5  0.02
977  2716.5  0.02
978  2716.5  0.02
979  2716.5  0.02
980  2716.5  0.02
981  2716.5  0.02
982  2716.5  0.02
983  2716.5  0.02
984  2716.5  0.02
985  2716.5  0.02
986  2716.5  0.02
987  2716.5  0.02
988  2716.5  0.02
989  2716.5  0.02
990  2716.5  0.02
991  2716.5  0.02
992  2716.5  0.02
993  2716.5  0.02
994  2716.5  0.02
995  2716.5  0.02
996  2716.5  0.02
997  2716.5  0.02
998  2716.5  0.02
999  2716.5  0.02
1000  2716.5  0.02
1001  2716.5  0.02
1002  2716.5  0.02
1003  2716.5  0.02
1004  2716.5  0.02
1005  2716.5  0.02
1006  2716.5  0.02
1007  2716.5  0.02
1008  2716.5  0.02
1009  2716.5  0.02
1010  2716.5  0.02
1011  2716.5  0.02
1012  2716.5  0.02
1013  2716.5  0.02
1014  2716.5  0.02
1015  2716.5  0.02
1016  2716.5  0.02
1017  2716.5  0.02
1018  2716.5  0.02
1019  2716.5  0.02
1020  2716.5  0.02
1021  2716.5  0.02
1022  2716.5  0.02
1023  2716.5  0.02
1024  2747.0  0.02
1025  2747.0  0.02
1026  2747.0  0.02
1027  2747.0  0.02
1028  2747.0  0.02
1029  2747.0  0.02
1030  2747.0  0.02
1031  2747.0  0.02
1032  2747.0  0.02
1033  2747.0  0.02
1034  2747.0  0.02
1035  2747.0  0.02
1036  2747.0  0.02
1037  2747.0  0.02
1038  2747.0  0.02
1039  2747.0  0.02
1040  2747.0  0.02
1041  2747.0  0.02
1042  2747.0  0.02
1043  2747.0  0.02
1044  2747.0  0.02
1045  2747.0  0.02
1046  2747.0  0.02
1047  2747.0  0.02
1048  2747.0  0.02
1049  2747.0  0.02
1050  2747.0  0.02
1051  2747.0  0.02
1052  2747.0  0.02
1053  2747.0  0.02
1054  2747.0  0.02
1055  2747.0  0.02
1056  2747.0  0.02
1057  2747.0  0.02
1058  2747.0  0.02
1059  2747.0  0.02
1060  2747.0  0.02
1061  2747.0  0.02
1062  2747.0  0.02
1063  2747.0  0.02
1064  2747.0  0.02
1065  2747.0  0.02
1066  2747.0  0.02
1067  2747.0  0.02
1068  2747.0  0.02
1069  2747.0  0.02
1070  2747.0  0.02
1071  2747.0  0.02
1072  2747.0  0.02
1073  2747.0  0.02
1074  2747.0  0.02
1075  2747.0  0.02
1076  2747.0  0.02
1077  2747.0  0.02
1078  2747.0  0.02
1079  2747.0  0.02
1080  2747.0  0.02
1081  2747.0  0.02
1082  2747.0  0.02
1083  2747.0  0.02
1084  2747.0  0.02
1085  2747.0  0.02
1086  2747.0  0.02
1087  2747.0  0.02
1088  2747.0  0.02
1089  2747.0  0.02
1090  2747.0  0.02
1091  2747.0  0.02
1092  2747.0  0.02
1093  2747.0  0.02
1094  2747.0  0.02
1095  2747.0  0.02
1096  2747.0  0.02
1097  2747.0  0.02
1098  2747.0  0.02
1099  2747.0  0.02
1100  2747.0  0.02
1101  2747.0  0.02
1102  2747.0  0.02
1103  2747.0  0.02
1104  2747.0  0.02
1105  2747.0  0.02
1106  2747.0  0.02
1107  2747.0  0.02
1108  2747.0  0.02
1109  2747.0  0.02
1110  2747.0  0.02
1111  2747.0  0.02
1112  2747.0  0.02
1113  2747.0  0.02
1114  2747.0  0.02
1115  2747.0  0.02
1116  2747.0  0.02
1117  2747.0  0.02
1118  2747.0  0.02
1119  2747.0  0.02
1120  2747.0  0.02
1121  2747.0  0.02
1122  2747.0  0.02
1123  2747.0  0.02
1124  2747.0  0.02
1125  2747.0  0.02
1126  2747.0  0.02
1127  2747.0  0.02
1128  2747.0  0.02
1129  2747.0  0.02
1130  2747.0  0.02
1131  2747.0  0.02
1132  2747.0  0.02
1133  2747.0  0.02
1134  2747.0  0.02
1135  2747.0  0.02
1136  2747.0  0.02
1137  2747.0  0.02
1138  2747.0  0.02
1139  2747.0  0.02
1140  2747.0  0.02
1141  2747.0  0.02
1142  2747.0  0.02
1143  2747.0  0.02
1144  2747.0  0.02
1145  2747.0  0.02
1146  2747.0  0.02
1147  2747.0  0.02
1148  2747.0  0.02
1149  2747.0  0.02
1150  2747.0  0.02
1151  2747.0  0.02
1152  2747.0  0.02
1153  2747.0  0.02
1154  2747.0  0.02
1155  2747.0  0.02
1156  2747.0  0.02
1157  2747.0  0.02
1158  2747.0  0.02
1159  2747.0  0.02
1160  2747.0  0.02
1161  2747.0  0.02
1162  2747.0  0.02
1163  2747.0  0.02
1164  2747.0  0.02
1165  2747.0  0.02
1166  2747.0  0.02
1167  2747.0  0.02
1168  2747.0  0.02
1169  2747.0  0.02
1170  2747.0  0.02
1171  2747.0  0.02
1172  2747.0  0.02
1173  2747.0  0.02
1174  2747.0  0.02
1175  2747.0  0.02
1176  2747.0  0.02
1177  2747.0  0.02
1178  2747.0  0.02
1179  2747.0  0.02
1180  2747.0  0.02
1181  2747.0  0.02
1182  2747.0  0.02
1183  2747.0  0.02
1184  2747.0  0.02
1185  2747.0  0.02
1186  2747.0  0.02
1187  2747.0  0.02
1188  2747.0  0.02
1189  2747.0  0.02
1190  2747.0  0.02
1191  2747.0  0.02
1192  2747.0  0.02
1193  2747.0  0.02
1194  2747.0  0.02
1195  2747.0  0.02
1196  2747.0  0.02
1197  2747.0  0.02
1198  2747.0  0.02
1199  2747.0  0.02
1200  2747.0  0.02
1201  2747.0  0.02
1202  2747.0  0.02
1203  2747.0  0.02
1204  2747.0  0.02
1205  2747.0  0.02
1206  2747.0  0.02
1207  2747.0  0.02
1208  2747.0  0.02
1209  2747.0  0.02
1210  2747.0  0.02
1211  2747.0  0.02
1212  2747.0  0.02
1213  2747.0  0.02
1214  2747.0  0.02
1215  2747.0  0.02
1216  2747.0  0.02
1217  2747.0  0.02
1218  2747.0  0.02
1219  2747.0  0.02
1220  2747.0  0.02
1221  2747.0  0.02
1222  2747.0  0.02
1223  2747.0  0.02
1224  2747.0  0.02
1225  2747.0  0.02
1226  2747.0  0.02
1227  2747.0  0.02
1228  2747.0  0.02
1229  2747.0  0.02
1230  2747.0  0.02
1231  2747.0  0.02
1232  2747.0  0.02
1233  2747.0  0.02
1234  2747.0  0.02
1235  2747.0  0.02
1236  2747.0  0.02
1237  2747.0  0.02
1238  2747.0  0.02
1239  2747.0  0.02
1240  2747.0  0.02
1241  2747.0  0.02
1242  2747.0  0.02
1243  2747.0  0.02
1244  2747.0  0.02
1245  2747.0  0.02
1246  2747.0  0.02
1247  2747.0  0.02
1248  2747.0  0.02
1249  2747.0  0.02
1250  2747.0  0.02
1251  2747.0  0.02
1252  2747.0  0.02
1253  2747.0  0.02
1254  2747.0  0.02
1255  2747.0  0.02
1256  2747.0  0.02
1257  2747.0  0.02
1258  2747.0  0.02
1259  2747.0  0.02
1260  2747.0  0.02
1261  2747.0  0.02
1262  2747.0  0.02
1263  2747.0  0.02
1264  2747.0  0.02
1265  2747.0  0.02
1266  2747.0  0.02
1267  2747.0  0.02
1268  2747.0  0.02
1269  2747.0  0.02
1270  2747.0  0.02
1271  2747.0  0.02
1272  2747.0  0.02
1273  2747.0  0.02
1274  2747.0  0.02
1275  2747.0  0.02
1276  2747.0  0.02
1277  2747.0  0.02
1278  2747.0  0.02
1279  2747.0  0.02
1280  2747.0  0.02
1281  2747.0  0.02
1282  2747.0  0.02
1283  2747.0  0.02
1284  2747.0  0.02
1285  2747.0  0.02
1286  2747.0  0.02
1287  2747.0  0.02
1288  2747.0  0.02
1289  2747.0  0.02
1290  2747.0  0.02
1291  2747.0  0.02
1292  2747.0  0.02
1293  2747.0  0.02
1294  2747.0  0.02
1295  2747.0  0.02
1296  2747.0  0.02
1297  2747.0  0.02
1298  2747.0  0.02
1299  2747.0  0.02
1300  2747.0  0.02
1301  2747.0  0.02
1302  2747.0  0.02
1303  2747.0  0.02
1304  2747.0  0.02
1305  2747.0  0.02
1306  2747.0  0.02
1307  2747.0  0.02
1308  2747.0  0.02
1309  2747.0  0.02
1310  2747.0  0.02
1311  2747.0  0.02
1312  2747.0  0.02
1313  2747.0  0.02
1314  2747.0  0.02
1315  2747.0  0.02
1316  2747.0  0.02
1317  2747.0  0.02
1318  2747.0  0.02
1319  2747.0  0.02
1320  2747.0  0.02
1321  2747.0  0.02
1322  2747.0  0.02
1323  2747.0  0.02
1324  2747.0  0.02
1325  2747.0  0.02
1326  2747.0  0.02
1327  2747.0  0.02
1328  2747.0  0.02
1329  2747.0  0.02
1330  2747.0  0.02
1331  2747.0  0.02
1332  2747.0  0.02
1333  2747.0  0.02
1334  2747.0  0.02
1335  2747.0  0.02
1336  2747.0  0.02
1337  2747.0  0.02
1338  2747.0  0.02
1339  2747.0  0.02
1340  2747.0  0.02
1341  2747.0  0.02
1342  2747.0  0.02
1343  2747.0  0.02
1344  2747.0  0.02
1345  2747.0  0.02
1346  2747.0  0.02
1347  2747.0  0.02
1348  2747.0  0.02
1349  2747.0  0.02
1350  2747.0  0.02
1351  2747.0  0.02
1352  2747.0  0.02
1353  2747.0  0.02
1354  2747.0  0.02
1355  2747.0  0.02
1356  2747.0  0.02
1357  2747.0  0.02
1358  2747.0  0.02
1359  2747.0  0.02
1360  2747.0  0.02
1361  2747.0  0.02
1362  2747.0  0.02
1363  2747.0  0.02
1364  2747.0  0.02
1365  2747.0  0.02
1366  2747.0  0.02
1367  2747.0  0.02
1368  2747.0  0.02
1369  2747.0  0.02
1370  2747.0  0.02
1371  2747.0  0.02
1372  2747.0  0.02
1373  2747.0  0.02
1374  2747.0  0.02
1375  2747.0  0.02
1376  2747.0  0.02
1377  2747.0  0.02
1378  2747.0  0.02
1379  2747.0  0.02
1380  2747.0  0.02
1381  2747.0  0.02
1382  2747.0  0.02
1383  2747.0  0.02
1384  2747.0  0.02
1385  2747.0  0.02
1386  2747.0  0.02
1387  2747.0  0.02
1388  2747.0  0.02
1389  2747.0  0.02
1390  2747.0  0.02
1391  2747.0  0.02
1392  2747.0  0.02
1393  2747.0  0.02
1394  2747.0  0.02
1395  2747.0  0.02
1396  2747.0  0.02
1397  2747.0  0.02
1398  2747.0  0.02
1399  2747.0  0.02
1400  2747.0  0.02
1401  2747.0  0.02
1402  2747.0  0.02
1403  2747.0  0.02
1404  2747.0  0.02
1405  2747.0  0.02
1406  2747.0  0.02
1407  2747.0  0.02
1408  2747.0  0.02
1409  2747.0  0.02
1410  2747.0  0.02
1411  2747.0  0.02
1412  2747.0  0.02
1413  2747.0  0.02
1414  2747.0  0.02
1415  2747.0  0.02
1416  2747.0  0.02
1417  2747.0  0.02
1418  2747.0  0.02
1419  2747.0  0.02
1420  2747.0  0.02
1421  2747.0  0.02
1422  2747.0  0.02
1423  2747.0  0.02
1424  2747.0  0.02
1425  2747.0  0.02
1426  2747.0  0.02
1427  2747.0  0.02
1428  2747.0  0.02
1429  2747.0  0.02
1430  2747.0  0.02
1431  2747.0  0.02
1432  2747.0  0.02
1433  2747.0  0.02
1434  2747.0  0.02
1435  2747.0  0.02
1436  2747.0  0.02
1437  2747.0  0.02
1438  2747.0  0.02
1439  2747.0  0.02
1440  2747.0  0.02
1441  2747.0  0.02
1442  2747.0  0.02
1443  2747.0  0.02
1444  2747.0  0.02
1445  2747.0  0.02
1446  2747.0  0.02
1447  2747.0  0.02
1448  2747.0  0.02
1449  2747.0  0.02
1450  2747.0  0.02
1451  2747.0  0.02
1452  2747.0  0.02
1453  2747.0  0.02
1454  2747.0  0.02
1455  2747.0  0.02
1456  2747.0  0.02
1457  2747.0  0.02
1458  2747.0  0.02
1459  2747.0  0.02
1460  2747.0  0.02
1461  2747.0  0.02
1462  2747.0  0.02
1463  2747.0  0.02
1464  2747.0  0.02
1465  2747.0  0.02
1466  2747.0  0.02
1467  2747.0  0.02
1468  2747.0  0.02
1469  2747.0  0.02
1470  2747.0  0.02
1471  2747.0  0.02
1472  2747.0  0.02
1473  2747.0  0.02
1474  2747.0  0.02
1475  2747.0  0.02
1476  2747.0  0.02
1477  2747.0  0.02
1478  2747.0  0.02
1479  2747.0  0.02
1480  2747.0  0.02
1481  2747.0  0.02
1482  2747.0  0.02
1483  2747.0  0.02
1484  2747.0  0.02
1485  2747.0  0.02
1486  2747.0  0.02
1487  2747.0  0.02
1488  2747.0  0.02
1489  2747.0  0.02
1490  2747.0  0.02
1491  2747.0  0.02
1492  2747.0  0.02
1493  2747.0  0.02
1494  2747.0  0.02
1495  2747.0  0.02
1496  2747.0  0.02
1497  2747.0  0.02
1498  2747.0  0.02
1499  2747.0  0.02
1500  2747.0  0.02
1501  2747.0  0.02
1502  2747.0  0.02
1503  2747.0  0.02
1504  2747.0  0.02
1505  2747.0  0.02
1506  2747.0  0.02
1507  2747.0  0.02
1508  2747.0  0.02
1509  2747.0  0.02
1510  2747.0  0.02
1511  2747.0  0.02
1512  2747.0  0.02
1513  2747.0  0.02
1514  2747.0  0.02
1515  2747.0  0.02
1516  2747.0  0.02
1517  2747.0  0.02
1518  2747.0  0.02
1519  2747.0  0.02
1520  2747.0  0.02
1521  2747.0  0.02
1522  2747.0  0.02
1523  2747.0  0.02
1524  2747.0  0.02
1525  2747.0  0.02
1526  2747.0  0.02
1527  2747.0  0.02
1528  2747.0  0.02
1529  2747.0  0.02
1530  2747.0  0.02
1531  2747.0  0.02
1532  2747.0  0.02
1533  2747.0  0.02
1534  2747.0  0.02
1535  2747.0  0.02
1536  2747.0  0.02
1537  2747.0  0.02
1538  2747.0  0.02
1539  2747.0  0.02
1540  2747.0  0.02
1541  2747.0  0.02
1542  2747.0  0.02
1543  2747.0  0.02
1544  2747.0  0.02
1545  2747.0  0.02
1546  2747.0  0.02
1547  2747.0  0.02
1548  2747.0  0.02
1549  2747.0  0.02
1550  2747.0  0.02
1551  2747.0  0.02
1552  2747.0  0.02
1553  2747.0  0.02
1554  2747.0  0.02
1555  2747.0  0.02
1556  2747.0  0.02
1557  2747.0  0.02
1558  2747.0  0.02
1559  2747.0  0.02
1560  2747.0  0.02
1561  2747.0  0.02
1562  2747.0  0.02
1563  2747.0  0.02
1564  2747.0  0.02
1565  2747.0  0.02
1566  2747.0  0.02
1567  2747.0  0.02
1568  2747.0  0.02
1569  2747.0  0.02
1570  2747.0  0.02
1571  2747.0  0.02
1572  2747.0  0.02
1573  2747.0  0.02
1574  2747.0  0.02
1575  2747.0  0.02
1576  2747.0  0.02
1577  2747.0  0.02
1578  2747.0  0.02
1579  2747.0  0.02
1580  2747.0  0.02
1581  2747.0  0.02
1582  2747.0  0.02
1583  2747.0  0.02
1584  2747.0  0.02
1585  2747.0  0.02
1586  2747.0  0.02
1587  2747.0  0.02
1588  2747.0  0.02
1589  2747.0  0.02
1590  2747.0  0.02
1591  2747.0  0.02
1592  2747.0  0.02
1593  2747.0  0.02
1594  2747.0  0.02
1595  2747.0  0.02
1596  2747.0  0.02
1597  2747.0  0.02
1598  2747.0  0.02
1599  2747.0  0.02
1600  2747.0  0.02
1601  2747.0  0.02
1602  2747.0  0.02
1603  2747.0  0.02
1604  2747.0  0.02
1605  2747.0  0.02
1606  2747.0  0.02
1607  2747.0  0.02
1608  2747.0  0.02
1609  2747.0  0.02
1610  2747.0  0.02
1611  2747.0  0.02
1612  2747.0  0.02
1613  2747.0  0.02
1614  2747.0  0.02
1615  2747.0  0.02
1616  2747.0  0.02
1617  2747.0  0.02
1618  2747.0  0.02
1619  2747.0  0.02
1620  2747.0  0.02
1621  2747.0  0.02
1622  2747.0  0.02
1623  2747.0  0.02
1624  2747.0  0.02
1625  2747.0  0.02
1626  2747.0  0.02
1627  2747.0  0.02
1628  2747.0  0.02
1629  2747.0  0.02
1630  2747.0  0.02
1631  2747.0  0.02
1632  2747.0  0.02
1633  2747.0  0.02
1634  2747.0  0.02
1635  2747.0  0.02
1636  2747.0  0.02
1637  2747.0  0.02
1638  2747.0  0.02
1639  2747.0  0.02
1640  2747.0  0.02
1641  2747.0  0.02
1642  2747.0  0.02
1643  2747.0  0.02
1644  2747.0  0.02
1645  2747.0  0.02
1646  2747.0  0.02
1647  2747.0  0.02
1648  2747.0  0.02
1649  2747.0  0.02
1650  2747.0  0.02
1651  2747.0  0.02
1652  2747.0  0.02
1653  2747.0  0.02
1654  2747.0  0.02
1655  2747.0  0.02
1656  2747.0  0.02
1657  2747.0  0.02
1658  2747.0  0.02
1659  2747.0  0.02
1660  2747.0  0.02
1661  2747.0  0.02
1662  2747.0  0.02
1663  2747.0  0.02
1664  2747.0  0.02
1665  2747.0  0.02
1666  2747.0  0.02
1667  2747.0  0.02
1668  2747.0  0.02
1669  2747.0  0.02
1670  2747.0  0.02
1671  2747.0  0.02
1672  2747.0  0.02
1673  2747.0  0.02
1674  2747.0  0.02
1675  2747.0  0.02
1676  2747.0  0.02
1677  2747.0  0.02
1678  2747.0  0.02
1679  2747.0  0.02
1680  2747.0  0.02
1681  2747.0  0.02
1682  2747.0  0.02
1683  2747.0  0.02
1684  2747.0  0.02
1685  2747.0  0.02
1686  2747.0  0.02
1687  2747.0  0.02
1688  2747.0  0.02
1689  2747.0  0.02
1690  2747.0  0.02
1691  2747.0  0.02
1692  2747.0  0.02
1693  2747.0  0.02
1694  2747.0  0.02
1695  2747.0  0.02
1696  2747.0  0.02
1697  2747.0  0.02
1698  2747.0  0.02
1699  2747.0  0.02
1700  2747.0  0.02
1701  2747.0  0.02
1702  2747.0  0.02
1703  2747.0  0.02
1704  2747.0  0.02
1705  2747.0  0.02
1706  2747.0  0.02
1707  2747.0  0.02
1708  2747.0  0.02
1709  2747.0  0.02
1710  2747.0  0.02
1711  2747.0  0.02
1712  2747.0  0.02
1713  2747.0  0.02
1714  2747.0  0.02
1715  2747.0  0.02
1716  2747.0  0.02
1717  2747.0  0.02
1718  2747.0  0.02
1719  2747.0  0.02
1720  2747.0  0.02
1721  2747.0  0.02
1722  2747.0  0.02
1723  2747.0  0.02
1724  2747.0  0.02
1725  2747.0  0.02
1726  2747.0  0.02
1727  2747.0  0.02
1728  2747.0  0.02
1729  2747.0  0.02
1730  2747.0  0.02
1731  2747.0  0.02
1732  2747.0  0.02
1733  2747.0  0.02
1734  2747.0  0.02
1735  2747.0  0.02
1736  2747.0  0.02
1737  2747.0  0.02
1738  2747.0  0.02
1739  2747.0  0.02
1740  2747.0  0.02
1741  2747.0  0.02
1742  2747.0  0.02
1743  2747.0  0.02
1744  2747.0  0.02
1745  2747.0  0.02
1746  2747.0  0.02
1747  2747.0  0.02
1748  2747.0  0.02
1749  2747.0  0.02
1750  2747.0  0.02
1751  2747.0  0.02
1752  2747.0  0.02
1753  2747.0  0.02
1754  2747.0  0.02
1755  2747.0  0.02
1756  2747.0  0.02
1757  2747.0  0.02
1758  2747.0  0.02
1759  2747.0  0.02
1760  2747.0  0.02
1761  2747.0  0.02
1762  2747.0  0.02
1763  2747.0  0.02
1764  2747.0  0.02
1765  2747.0  0.02
1766  2747.0  0.02
1767  2747.0  0.02
1768  2747.0  0.02
1769  2747.0  0.02
1770  2747.0  0.02
1771  2747.0  0.02
1772  2747.0  0.02
1773  2747.0  0.02
1774  2747.0  0.02
1775  2747.0  0.02
1776  2747.0  0.02
1777  2747.0  0.02
1778  2747.0  0.02
1779  2747.0  0.02
1780  2747.0  0.02
1781  2747.0  0.02
1782  2747.0  0.02
1783  2747.0  0.02
1784  2747.0  0.02
1785  2747.0  0.02
1786  2747.0  0.02
1787  2747.0  0.02
1788  2747.0  0.02
1789  2747.0  0.02
1790  2747.0  0.02
1791  2747.0  0.02
1792  2747.0  0.02
1793  2747.0  0.02
1794  2747.0  0.02
1795  2747.0  0.02
1796  2747.0  0.02
1797  2747.0  0.02
1798  2747.0  0.02
1799  2747.0  0.02
1800  2747.0  0.02
1801  2747.0  0.02
1802  2747.0  0.02
1803  2747.0  0.02
1804  2747.0  0.02
1805  2747.0  0.02
1806  2747.0  0.02
1807  2747.0  0.02
1808  2747.0  0.02
1809  2747.0  0.02
1810  2747.0  0.02
1811  2747.0  0.02
1812  2747.0  0.02
1813  2747.0  0.02
1814  2747.0  0.02
1815  2747.0  0.02
1816  2747.0  0.02
1817  2747.0  0.02
1818  2747.0  0.02
1819  2747.0  0.02
1820  2747.0  0.02
1821  2747.0  0.02
1822  2747.0  0.02
1823  2747.0  0.02
1824  2747.0  0.02
1825  2747.0  0.02
1826  2747.0  0.02
1827  2747.0  0.02
1828  2747.0  0.02
1829  2747.0  0.02
1830  2747.0  0.02
1831  2747.0  0.02
1832  2747.0  0.02
1833  2747.0  0.02
1834  2747.0  0.02
1835  2747.0  0.02
1836  2747.0  0.02
1837  2747.0  0.02
1838  2747.0  0.02
1839  2747.0  0.02
1840  2747.0  0.02
1841  2747.0  0.02
1842  2747.0  0.02
1843  2747.0  0.02
1844  2747.0  0.02
1845  2747.0  0.02
1846  2747.0  0.02
1847  2747.0  0.02
1848  2747.0  0.02
1849  2747.0  0.02
1850  2747.0  0.02
1851  2747.0  0.02
1852  2747.0  0.02
1853  2747.0  0.02
1854  2747.0  0.02
1855  2747.0  0.02
1856  2747.0  0.02
1857  2747.0  0.02
1858  2747.0  0.02
1859  2747.0  0.02
1860  2747.0  0.02
1861  2747.0  0.02
1862  2747.0  0.02
1863  2747.0  0.02
1864  2747.0  0.02
1865  2747.0  0.02
1866  2747.0  0.02
1867  2747.0  0.02
1868  2747.0  0.02
1869  2747.0  0.02
1870  2747.0  0.02
1871  2747.0  0.02
1872  2747.0  0.02
1873  2747.0  0.02
1874  2747.0  0.02
1875  2747.0  0.02
1876  2747.0  0.02
1877  2747.0  0.02
1878  2747.0  0.02
1879  2747.0  0.02
1880  2747.0  0.02
1881  2747.0  0.02
1882  2747.0  0.02
1883  2747.0  0.02
1884  2747.0  0.02
1885  2747.0  0.02
1886  2747.0  0.02
1887  2747.0  0.02
1888  2747.0  0.02
1889  2747.0  0.02
1890  2747.0  0.02
1891  2747.0  0.02
1892  2747.0  0.02
1893  2747.0  0.02
1894  2747.0  0.02
1895  2747.0  0.02
1896  2747.0  0.02
1897  2747.0  0.02
1898  2747.0  0.02
1899  2747.0  0.02
1900  2747.0  0.02
1901  2747.0  0.02
1902  2747.0  0.02
1903  2747.0  0.02
1904  2747.0  0.02
1905  2747.0  0.02
1906  2747.0  0.02
1907  2747.0  0.02
1908  2747.0  0.02
1909  2747.0  0.02
1910  2747.0  0.02
1911  2747.0  0.02
1912  2747.0  0.02
1913  2747.0  0.02
1914  2747.0  0.02
1915  2747.0  0.02
1916  2747.0  0.02
1917  2747.0  0.02
1918  2747.0  0.02
1919  2747.0  0.02
1920  2747.0  0.02
1921  2747.0  0.02
1922  2747.0  0.02
1923  2747.0  0.02
1924  2747.0  0.02
1925  2747.0  0.02
1926  2747.0  0.02
1927  2747.0  0.02
1928  2747.0  0.02
1929  2747.0  0.02
1930  2747.0  0.02
1931  2747.0  0.02
1932  2747.0  0.02
1933  2747.0  0.02
1934  2747.0  0.02
1935  2747.0  0.02
1936  2747.0  0.02
1937  2747.0  0.02
1938  2747.0  0.02
1939  2747.0  0.02
1940  2747.0  0.02
1941  2747.0  0.02
1942  2747.0  0.02
1943  2747.0  0.02
1944  2747.0  0.02
1945  2747.0  0.02
1946  2747.0  0.02
1947  2747.0  0.02
1948  2747.0  0.02
1949  2747.0  0.02
1950  2747.0  0.02
1951  2747.0  0.02
1952  2747.0  0.02
1953  2747.0  0.02
1954  2747.0  0.02
1955  2747.0  0.02
1956  2747.0  0.02
1957  2747.0  0.02
1958  2747.0  0.02
1959  2747.0  0.02
1960  2747.0  0.02
1961  2747.0  0.02
1962  2747.0  0.02
1963  2747.0  0.02
1964  2747.0  0.02
1965  2747.0  0.02
1966  2747.0  0.02
1967  2747.0  0.02
1968  2747.0  0.02
1969  2747.0  0.02
1970  2747.0  0.02
1971  2747.0  0.02
1972  2747.0  0.02
1973  2747.0  0.02
1974  2747.0  0.02
1975  2747.0  0.02
1976  2747.0  0.02
1977  2747.0  0.02
1978  2747.0  0.02
1979  2747.0  0.02
1980  2747.0  0.02
1981  2747.0  0.02
1982  2747.0  0.02
1983  2747.0  0.02
1984  2747.0  0.02
1985  2747.0  0.02
1986  2747.0  0.02
1987  2747.0  0.02
1988  2747.0  0.02
1989  2747.0  0.02
1990  2747.0  0.02
1991  2747.0  0.02
1992  2747.0  0.02
1993  2747.0  0.02
1994  2747.0  0.02
1995  2747.0  0.02
1996  2747.0  0.02
1997  2747.0  0.02
1998  2747.0  0.02
1999  2747.0  0.02
2000  2747.0  0.02
2001  2747.0  0.02
2002  2747.0  0.02
2003  2747.0  0.02
2004  2747.0  0.02
2005  2747.0  0.02
2006  2747.0  0.02
2007  2747.0  0.02
2008  2747.0  0.02
2009  2747.0  0.02
2010  2747.0  0.02
2011  2747.0  0.02
2012  2747.0  0.02
2013  2747.0  0.02
2014  2747.0  0.02
2015  2747.0  0.02
2016  2747.0  0.02
2017  2747.0  0.02
2018  2747.0  0.02
2019  2747.0  0.02
2020  2747.0  0.02
2021  2747.0  0.02
2022  2747.0  0.02
2023  2747.0  0.02
2024  2747.0  0.02
2025  2747.0  0.02
2026  2747.0  0.02
2027  2747.0  0.02
2028  2747.0  0.02
2029  2747.0  0.02
2030  2747.0  0.02
2031  2747.0  0.02
2032  2747.0  0.02
2033  2747.0  0.02
2034  2747.0  0.02
2035  2747.0  0.02
2036  2747.0  0.02
2037  2747.0  0.02
2038  2747.0  0.02
2039  2747.0  0.02
2040  2747.0  0.02
2041  2747.0  0.02
2042  2747.0  0.02
2043  2747.0  0.02
2044  2747.0  0.02
2045  2747.0  0.02
2046  2747.0  0.02
2047  2747.0  0.02
2048  2747.0  0.02
2049  2747.0  0.02
2050  2747.0  0.02
2051  2747.0  0.02
2052  2747.0  0.02
2053  2747.0  0.02
2054  2747.0  0.02
2055  2747.0  0.02
2056  2747.0  0.02
2057  2747.0  0.02
2058  2747.0  0.02
2059  2747.0  0.02
2060  2747.0  0.02
2061  2747.0  0.02
2062  2747.0  0.02
2063  2747.0  0.02
2064  2747.0  0.02
2065  2747.0  0.02
2066  2747.0  0.02
2067  2747.0  0.02
2068  2747.0  0.02
2069  2747.0  0.02
2070  2747.0  0.02
2071  2747.0  0.02
2072  2747.0  0.02
2073  2747.0  0.02
2074  2747.0  0.02
2075  2747.0  0.02
2076  2747.0  0.02
2077  2747.0  0.02
2078  2747.0  0.02
2079  2747.0  0.02
2080  2747.0  0.02
2081  2747.0  0.02
2082  2747.0  0.02
2083  2747.0  0.02
2084  2747.0  0.02
2085  2747.0  0.02
2086  2747.0  0.02
2087  2747.0  0.02
2088  2747.0  0.02
2089  2747.0  0.02
2090  2747.0  0.02
2091  2747.0  0.02
2092  2747.0  0.02
2093  2747.0  0.02
2094  2747.0  0.02
2095  2747.0  0.02
2096  2747.0  0.02
2097  2747.0  0.02
2098  2747.0  0.02
2099  2747.0  0.02
2100  2747.0  0.02
2101  2747.0  0.02
2102  2747.0  0.02
2103  2747.0  0.02
2104  2747.0  0.02
2105  2747.0  0.02
2106  2747.0  0.02
2107  2747.0  0.02
2108  2747.0  0.02
2109  2747.0  0.02
2110  2747.0  0.02
2111  2747.0  0.02
2112  2747.0  0.02
2113  2747.0  0.02
2114  2747.0  0.02
2115  2747.0  0.02
2116  2747.0  0.02
2117  2747.0  0.02
2118  2747.0  0.02
2119  2747.0  0.02
2120  2747.0  0.02
2121  2747.0  0.02
2122  2747.0  0.02
2123  2747.0  0.02
2124  2747.0  0.02
2125  2747.0  0.02
2126  2747.0  0.02
2127  2747.0  0.02
2128  2747.0  0.02
2129  2747.0  0.02
2130  2747.0  0.02
2131  2747.0  0.02
2132  2747.0  0.02
2133  2747.0  0.02
2134  2747.0  0.02
2135  2747.0  0.02
2136  2747.0  0.02
2137  2747.0  0.02
2138  2747.0  0.02
2139  2747.0  0.02
2140  2747.0  0.02
2141  2747.0  0.02
2142  2747.0  0.02
2143  2747.0  0.02
2144  2747.0  0.02
2145  2747.0  0.02
2146  2747.0  0.02
2147  2747.0  0.02
2148  2747.0  0.02
2149  2747.0  0.02
2150  2747.0  0.02
2151  2747.0  0.02
2152  2747.0  0.02
2153  2747.0  0.02
2154  2747.0  0.02
2155  2747.0  0.02
2156  2747.0  0.02
2157  2747.0  0.02
2158  2747.0  0.02
2159  2747.0  0.02
2160  2747.0  0.02
2161  2747.0  0.02
2162  2747.0  0.02
2163  2747.0  0.02
2164  2747.0  0.02
2165  2747.0  0.02
2166  2747.0  0.02
2167  2747.0  0.02
2168  2747.0  0.02
2169  2747.0  0.02
2170  2747.0  0.02
2171  2747.0  0.02
2172  2747.0  0.02
2173  2747.0  0.02
2174  2747.0  0.02
2175  2747.0  0.02
2176  2747.0  0.02
2177  2747.0  0.02
2178  2747.0  0.02
2179  2747.0  0.02
2180  2747.0  0.02
2181  2747.0  0.02
2182  2747.0  0.02
2183  2747.0  0.02
2184  2747.0  0.02
2185  2747.0  0.02
2186  2747.0  0.02
2187  2747.0  0.02
2188  2747.0  0.02
2189  2747.0  0.02
2190  2747.0  0.02
2191  2747.0  0.02
2192  2747.0  0.02
2193  2747.0  0.02
2194  2747.0  0.02
2195  2747.0  0.02
2196  2747.0  0.02
2197  2747.0  0.02
2198  2747.0  0.02
2199  2747.0  0.02
2200  2747.0  0.02
2201  2747.0  0.02
2202  2747.0  0.02
2203  2747.0  0.02
2204  2747.0  0.02
2205  2747.0  0.02
2206  2747.0  0.02
2207  2747.0  0.02
2208  2747.0  0.02
2209  2747.0  0.02
2210  2747.0  0.02
2211  2747.0  0.02
2212  2747.0  0.02
2213  2747.0  0.02
2214  2747.0  0.02
2215  2747.0  0.02
2216  2747.0  0.02
2217  2747.0  0.02
2218  2747.0  0.02
2219  2747.0  0.02
2220  2747.0  0.02
2221  2747.0  0.02
2222  2747.0  0.02
2223  2747.0  0.02
2224  2747.0  0.02
2225  2747.0  0.02
2226  2747.0  0.02
2227  2747.0  0.02
2228  2747.0  0.02
2229  2747.0  0.02
2230  2747.0  0.02
2231  2747.0  0.02
2232  2747.0  0.02
2233  2747.0  0.02
2234  2747.0  0.02
2235  2747.0  0.02
2236  2747.0  0.02
2237  2747.0  0.02
2238  2747.0  0.02
2239  2747.0  0.02
2240  2747.0  0.02
2241  2747.0  0.02
2242  2747.0  0.02
2243  2747.0  0.02
2244  2747.0  0.02
2245  2747.0  0.02
2246  2747.0  0.02
2247  2747.0  0.02
2248  2747.0  0.02
2249  2747.0  0.02
2250  2747.0  0.02
2251  2747.0  0.02
2252  2747.0  0.02
2253  2747.0  0.02
2254  2747.0  0.02
2255  2747.0  0.02
2256  2747.0  0.02
2257  2747.0  0.02
2258  2747.0  0.02
2259  2747.0  0.02
2260  2747.0  0.02
2261  2747.0  0.02
2262  2747.0  0.02
2263  2747.0  0.02
2264  2747.0  0.02
2265  2747.0  0.02
2266  2747.0  0.02
2267  2747.0  0.02
2268  2747.0  0.02
2269  2747.0  0.02
2270  2747.0  0.02
2271  2747.0  0.02
2272  2747.0  0.02
2273  2747.0  0.02
2274  2747.0  0.02
2275  2747.0  0.02
2276  2747.0  0.02
2277  2747.0  0.02
2278  2747.0  0.02
2279  2747.0  0.02
2280  2747.0  0.02
2281  2747.0  0.02
2282  2747.0  0.02
2283  2747.0  0.02
2284  2747.0  0.02
2285  2747.0  0.02
2286  2747.0  0.02
2287  2747.0  0.02
2288  2747.0  0.02
2289  2747.0  0.02
2290  2747.0  0.02
2291  2747.0  0.02
2292  2747.0  0.02
2293  2747.0  0.02
2294  2747.0  0.02
2295  2747.0  0.02
2296  2747.0  0.02
2297  2747.0  0.02
2298  2747.0  0.02
2299  2747.0  0.02
2300  2747.0  0.02
2301  2747.0  0.02
2302  2747.0  0.02
2303  2747.0  0.02
2304  2747.0  0.02
2305  2747.0  0.02
2306  2747.0  0.02
2307  2747.0  0.02
2308  2747.0  0.02
2309  2747.0  0.02
2310  2747.0  0.02
2311  2747.0  0.02
2312  2747.0  0.02
2313  2747.0  0.02
2314  2747.0  0.02
2315  2747.0  0.02
2316  2747.0  0.02
2317  2747.0  0.02
2318  2747.0  0.02
2319  2747.0  0.02
2320  2747.0  0.02
2321  2747.0  0.02
2322  2747.0  0.02
2323  2747.0  0.02
2324  2747.0  0.02
2325  2747.0  0.02
2326  2747.0  0.02
2327  2747.0  0.02
2328  2747.0  0.02
2329  2747.0  0.02
2330  2747.0  0.02
2331  2747.0  0.02
2332  2747.0  0.02
2333  2747.0  0.02
2334  2747.0  0.02
2335  2747.0  0.02
2336  2747.0  0.02
2337  2747.0  0.02
2338  2747.0  0.02
2339  2747.0  0.02
2340  2747.0  0.02
2341  2747.0  0.02
2342  2747.0  0.02
2343  2747.0  0.02
2344  2747.0  0.02
2345  2747.0  0.02
2346  2747.0  0.02
2347  2747.0  0.02
2348  2747.0  0.02
2349  2747.0  0.02
2350  2747.0  0.02
2351  2747.0  0.02
2352  2747.0  0.02
2353  2747.0  0.02
2354  2747.0  0.02
2355  2747.0  0.02
2356  2747.0  0.02
2357  2747.0  0.02
2358  2747.0  0.02
2359  2747.0  0.02
2360  2747.0  0.02
2361  2747.0  0.02
2362  2747.0  0.02
2363  2747.0  0.02
2364  2747.0  0.02
2365  2747.0  0.02
2366  2747.0  0.02
2367  2747.0  0.02
2368  2747.0  0.02
2369  2747.0  0.02
2370  2747.0  0.02
2371  2747.0  0.02
2372  2747.0  0.02
2373  2747.0  0.02
2374  2747.0  0.02
2375  2747.0  0.02
2376  2747.0  0.02
2377  2747.0  0.02
2378  2747.0  0.02
2379  2747.0  0.02
2380  2747.0  0.02
2381  2747.0  0.02
2382  2747.0  0.02
2383  2747.0  0.02
2384  2747.0  0.02
2385  2747.0  0.02
2386  2747.0  0.02
2387  2747.0  0.02
2388  2747.0  0.02
2389  2747.0  0.02
2390  2747.0  0.02
2391  2747.0  0.02
2392  2747.0  0.02
2393  2747.0  0.02
2394  2747.0  0.02
2395  2747.0  0.02
2396  2747.0  0.02
2397  2747.0  0.02
2398  2747.0  0.02
2399  2747.0  0.02
2400  2747.0  0.02
2401  2747.0  0.02
2402  2747.0  0.02
2403  2747.0  0.02
2404  2747.0  0.02
2405  2747.0  0.02
2406  2747.0  0.02
2407  2747.0  0.02
2408  2747.0  0.02
2409  2747.0  0.02
2410  2747.0  0.02
2411  2747.0  0.02
2412  2747.0  0.02
2413  2747.0  0.02
2414  2747.0  0.02
2415  2747.0  0.02
2416  2747.0  0.02
2417  2747.0  0.02
2418  2747.0  0.02
2419  2747.0  0.02
2420  2747.0  0.02
2421  2747.0  0.02
2422  2747.0  0.02
2423  2747.0  0.02
2424  2747.0  0.02
2425  2747.0  0.02
2426  2747.0  0.02
2427  2747.0  0.02
2428  2747.0  0.02
2429  2747.0  0.02
2430  2747.0  0.02
2431  2747.0  0.02
2432  2747.0  0.02
2433  2747.0  0.02
2434  2747.0  0.02
2435  2747.0  0.02
2436  2747.0  0.02
2437  2747.0  0.02
2438  2747.0  0.02
2439  2747.0  0.02
2440  2747.0  0.02
2441  2747.0  0.02
2442  2747.0  0.02
2443  2747.0  0.02
2444  2747.0  0.02
2445  2747.0  0.02
2446  2747.0  0.02
2447  2747.0  0.02
2448  2747.0  0.02
2449  2747.0  0.02
2450  2747.0  0.02
2451  2747.0  0.02
2452  2747.0  0.02
2453  2747.0  0.02
2454  2747.0  0.02
2455  2747.0  0.02
2456  2747.0  0.02
2457  2747.0  0.02
2458  2747.0  0.02
2459  2747.0  0.02
2460  2747.0  0.02
2461  2747.0  0.02
2462  2747.0  0.02
2463  2747.0  0.02
2464  2747.0  0.02
2465  2747.0  0.02
2466  2747.0  0.02
2467  2747.0  0.02
2468  2747.0  0.02
2469  2747.0  0.02
2470  2747.0  0.02
2471  2747.0  0.02
2472  2747.0  0.02
2473  2747.0  0.02
2474  2747.0  0.02
2475  2747.0  0.02
2476  2747.0  0.02
2477  2747.0  0.02
2478  2747.0  0.02
2479  2747.0  0.02
2480  2747.0  0.02
2481  2747.0  0.02
2482  2747.0  0.02
2483  2747.0  0.02
2484  2747.0  0.02
2485  2747.0  0.02
2486  2747.0  0.02
2487  2747.0  0.02
2488  2747.0  0.02
2489  2747.0  0.02
2490  2747.0  0.02
2491  2747.0  0.02
2492  2747.0  0.02
2493  2747.0  0.02
2494  2747.0  0.02
2495  2747.0  0.02
2496  2747.0  0.02
2497  2747.0  0.02
2498  2747.0  0.02
2499  2747.0  0.02
2500  2747.0  0.02
2501  2747.0  0.02
2502  2747.0  0.02
2503  2747.0  0.02
2504  2747.0  0.02
2505  2747.0  0.02
2506  2747.0  0.02
2507  2747.0  0.02
2508  2747.0  0.02
2509  2747.0  0.02
2510  2747.0  0.02
2511  2747.0  0.02
2512  2747.0  0.02
2513  2747.0  0.02
2514  2747.0  0.02
2515  2747.0  0.02
2516  2747.0  0.02
2517  2747.0  0.02
2518  2747.0  0.02
2519  2747.0  0.02
2520  2747.0  0.02
2521  2747.0  0.02
2522  2747.0  0.02
2523  2747.0  0.02
2524  2747.0  0.02
2525  2747.0  0.02
2526  2747.0  0.02
2527  2747.0  0.02
2528  2747.0  0.02
2529  2747.0  0.02
2530  2747.0  0.02
2531  2747.0  0.02
2532  2747.0  0.02
2533  2747.0  0.02
2534  2747.0  0.02
2535  2747.0  0.02
2536  2747.0  0.02
2537  2747.0  0.02
2538  2747.0  0.02
2539  2747.0  0.02
2540  2747.0  0.02
2541  2747.0  0.02
2542  2747.0  0.02
2543  2747.0  0.02
2544  2747.0  0.02
2545  2747.0  0.02
2546  2747.0  0.02
2547  2747.0  0.02
2548  2747.0  0.02
2549  2747.0  0.02
2550  2747.0  0.02
2551  2747.0  0.02
2552  2747.0  0.02
2553  2747.0  0.02
2554  2747.0  0.02
2555  2747.0  0.02
2556  2747.0  0.02
2557  2747.0  0.02
2558  2747.0  0.02
2559  2747.0  0.02
2560  2747.0  0.02
2561  2747.0  0.02
2562  2747.0  0.02
2563  2747.0  0.02
2564  2747.0  0.02
2565  2747.0  0.02
2566  2747.0  0.02
2567  2747.0  0.02
2568  2747.0  0.02
2569  2747.0  0.02
2570  2747.0  0.02
2571  2747.0  0.02
2572  2747.0  0.02
2573  2747.0  0.02
2574  2747.0  0.02
2575  2747.0  0.02
2576  2747.0  0.02
2577  2747.0  0.02
2578  2747.0  0.02
2579  2747.0  0.02
2580  2747.0  0.02
2581  2747.0  0.02
2582  2747.0  0.02
2583  2747.0  0.02
2584  2747.0  0.02
2585  2747.0  0.02
2586  2747.0  0.02
2587  2747.0  0.02
2588  2747.0  0.02
2589  2747.0  0.02
2590  2747.0  0.02
2591  2747.0  0.02
2592  2747.0  0.02
2593  2747.0  0.02
2594  2747.0  0.02
2595  2747.0  0.02
2596  2747.0  0.02
2597  2747.0  0.02
2598  2747.0  0.02
2599  2747.0  0.02
2600  2747.0  0.02
2601  2747.0  0.02
2602  2747.0  0.02
2603  2747.0  0.02
2604  2747.0  0.02
2605  2747.0  0.02
2606  2747.0  0.02
2607  2747.0  0.02
2608  2747.0  0.02
2609  2747.0  0.02
2610  2747.0  0.02
2611  2747.0  0.02
2612  2747.0  0.02
2613  2747.0  0.02
2614  2747.0  0.02
2615  2747.0  0.02
2616  2747.0  0.02
2617  2747.0  0.02
2618  2747.0  0.02
2619  2747.0  0.02
2620  2747.0  0.02
2621  2747.0  0.02
2622  2747.0  0.02
2623  2747.0  0.02
2624  2747.0  0.02
2625  2747.0  0.02
2626  2747.0  0.02
2627  2747.0  0.02
2628  2747.0  0.02
2629  2747.0  0.02
2630  2747.0  0.02
2631  2747.0  0.02
2632  2747.0  0.02
2633  2747.0  0.02
2634  2747.0  0.02
2635  2747.0  0.02
2636  2747.0  0.02
2637  2747.0  0.02
2638  2747.0  0.02
2639  2747.0  0.02
2640  2747.0  0.02
2641  2747.0  0.02
2642  2747.0  0.02
2643  2747.0  0.02
2644  2747.0  0.02
2645  2747.0  0.02
2646  2747.0  0.02
2647  2747.0  0.02
2648  2747.0  0.02
2649  2747.0  0.02
2650  2747.0  0.02
2651  2747.0  0.02
2652  2747.0  0.02
2653  2747.0  0.02
2654  2747.0  0.02
2655  2747.0  0.02
2656  2747.0  0.02
2657  2747.0  0.02
2658  2747.0  0.02
2659  2747.0  0.02
2660  2747.0  0.02
2661  2747.0  0.02
2662  2747.0  0.02
2663  2747.0  0.02
2664  2747.0  0.02
2665  2747.0  0.02
2666  2747.0  0.02
2667  2747.0  0.02
2668  2747.0  0.02
2669  2747.0  0.02
2670  2747.0  0.02
2671  2747.0  0.02
2672  2747.0  0.02
2673  2747.0  0.02
2674  2747.0  0.02
2675  2747.0  0.02
2676  2747.0  0.02
2677  2747.0  0.02
2678  2747.0  0.02
2679  2747.0  0.02
2680  2747.0  0.02
2681  2747.0  0.02
2682  2747.0  0.02
2683  2747.0  0.02
2684  2747.0  0.02
2685  2747.0  0.02
2686  2747.0  0.02
2687  2747.0  0.02
2688  2747.0  0.02
2689  2747.0  0.02
2690  2747.0  0.02
2691  2747.0  0.02
2692  2747.0  0.02
2693  2747.0  0.02
2694  2747.0  0.02
2695  2747.0  0.02
2696  2747.0  0.02
2697  2747.0  0.02
2698  2747.0  0.02
2699  2747.0  0.02
2700  2747.0  0.02
2701  2747.0  0.02
2702  2747.0  0.02
2703  2747.0  0.02
2704  2747.0  0.02
2705  2747.0  0.02
2706  2747.0  0.02
2707  2747.0  0.02
2708  2747.0  0.02
2709  2747.0  0.02
2710  2747.0  0.02
2711  2747.0  0.02
2712  2747.0  0.02
2713  2747.0  0.02
2714  2747.0  0.02
2715  2747.0  0.02
2716  2747.0  0.02
2717  2747.0  0.02
2718  2747.0  0.02
2719  2747.0  0.02
2720  2747.0  0.02
2721  2747.0  0.02
2722  2747.0  0.02
2723  2747.0  0.02
2724  2747.0  0.02
2725  2747.0  0.02
2726  2747.0  0.02
2727  2747.0  0.02
2728  2747.0  0.02
2729  2747.0  0.02
2730  2747.0  0.02
2731  2747.0  0.02
2732  2747.0  0.02
2733  2747.0  0.02
2734  2747.0  0.02
2735  2747.0  0.02
2736  2747.0  0.02
2737  2747.0  0.02
2738  2747.0  0.02
2739  2747.0  0.02
2740  2747.0  0.02
2741  2747.0  0.02
2742  2747.0  0.02
2743  2747.0  0.02
2744  2747.0  0.02
2745  2747.0  0.02
2746  2747.0  0.02
2747  2747.0  0.02
2748  2747.0  0.02
2749  2747.0  0.02
2750  2747.0  0.02
2751  2747.0  0.02
2752  2747.0  0.02
2753  2747.0  0.02
2754  2747.0  0.02
2755  2747.0  0.02
2756  2747.0  0.02
2757  2747.0  0.02
2758  2747.0  0.02
2759  2747.0  0.02
2760  2747.0  0.02
2761  2747.0  0.02
2762  2747.0  0.02
2763  2747.0  0.02
2764  2747.0  0.02
2765  2747.0  0.02
2766  2747.0  0.02
2767  2747.0  0.02
2768  2747.0  0.02
2769  2747.0  0.02
2770  2747.0  0.02
2771  2747.0  0.02
2772  2747.0  0.02
2773  2747.0  0.02
2774  2747.0  0.02
2775  2747.0  0.02
2776  2747.0  0.02
2777  2747.0  0.02
2778  2747.0  0.02
2779  2747.0  0.02
2780  2747.0  0.02
2781  2747.0  0.02
2782  2747.0  0.02
2783  2747.0  0.02
2784  2747.0  0.02
2785  2747.0  0.02
2786  2747.0  0.02
2787  2747.0  0.02
2788  2747.0  0.02
2789  2747.0  0.02
2790  2747.0  0.02
2791  2747.0  0.02
2792  2747.0  0.02
2793  2747.0  0.02
2794  2747.0  0.02
2795  2747.0  0.02
2796  2747.0  0.02
2797  2747.0  0.02
2798  2747.0  0.02
2799  2747.0  0.02
2800  2747.0  0.02
2801  2747.0  0.02
2802  2747.0  0.02
2803  2747.0  0.02
2804  2747.0  0.02
2805  2747.0  0.02
2806  2747.0  0.02
2807  2747.0  0.02
2808  2747.0  0.02
2809  2747.0  0.02
2810  2747.0  0.02
2811  2747.0  0.02
2812  2747.0  0.02
2813  2747.0  0.02
2814  2747.0  0.02
2815  2747.0  0.02
2816  2747.0  0.02
2817  2747.0  0.02
2818  2747.0  0.02
2819  2747.0  0.02
2820  2747.0  0.02
2821  2747.0  0.02
2822  2747.0  0.02
2823  2747.0  0.02
2824  2747.0  0.02
2825  2747.0  0.02
2826  2747.0  0.02
2827  2747.0  0.02
2828  2747.0  0.02
2829  2747.0  0.02
2830  2747.0  0.02
2831  2747.0  0.02
2832  2747.0  0.02
2833  2747.0  0.02
2834  2747.0  0.02
2835  2747.0  0.02
2836  2747.0  0.02
2837  2747.0  0.02
2838  2747.0  0.02
2839  2747.0  0.02
2840  2747.0  0.02
2841  2747.0  0.02
2842  2747.0  0.02
2843  2747.0  0.02
2844  2747.0  0.02
2845  2747.0  0.02
2846  2747.0  0.02
2847  2747.0  0.02
2848  2747.0  0.02
2849  2747.0  0.02
2850  2747.0  0.02
2851  2747.0  0.02
2852  2747.0  0.02
2853  2747.0  0.02
2854  2747.0  0.02
2855  2747.0  0.02
2856  2747.0  0.02
2857  2747.0  0.02
2858  2747.0  0.02
2859  2747.0  0.02
2860  2747.0  0.02
2861  2747.0  0.02
2862  2747.0  0.02
2863  2747.0  0.02
2864  2747.0  0.02
2865  2747.0  0.02
2866  2747.0  0.02
2867  2747.0  0.02
2868  2747.0  0.02
2869  2747.0  0.02
2870  2747.0  0.02
2871  2747.0  0.02
2872  2747.0  0.02
2873  2747.0  0.02
2874  2747.0  0.02
2875  2747.0  0.02
2876  2747.0  0.02
2877  2747.0  0.02
2878  2747.0  0.02
2879  2747.0  0.02
2880  2747.0  0.02
2881  2747.0  0.02
2882  2747.0  0.02
2883  2747.0  0.02
2884  2747.0  0.02
2885  2747.0  0.02
2886  2747.0  0.02
2887  2747.0  0.02
2888  2747.0  0.02
2889  2747.0  0.02
2890  2747.0  0.02
2891  2747.0  0.02
2892  2747.0  0.02
2893  2747.0  0.02
2894  2747.0  0.02
2895  2747.0  0.02
2896  2747.0  0.02
2897  2747.0  0.02
2898  2747.0  0.02
2899  2747.0  0.02
2900  2747.0  0.02
2901  2747.0  0.02
2902  2747.0  0.02
2903  2747.0  0.02
2904  2747.0  0.02
2905  2747.0  0.02
2906  2747.0  0.02
2907  2747.0  0.02
2908  2747.0  0.02
2909  2747.0  0.02
2910  2747.0  0.02
2911  2747.0  0.02
2912  2747.0  0.02
2913  2747.0  0.02
2914  2747.0  0.02
2915  2747.0  0.02
2916  2747.0  0.02
2917  2747.0  0.02
2918  2747.0  0.02
2919  2747.0  0.02
2920  2747.0  0.02
2921  2747.0  0.02
2922  2747.0  0.02
2923  2747.0  0.02
2924  2747.0  0.02
2925  2747.0  0.02
2926  2747.0  0.02
2927  2747.0  0.02
2928  2747.0  0.02
2929  2747.0  0.02
2930  2747.0  0.02
2931  2747.0  0.02
2932  2747.0  0.02
2933  2747.0  0.02
2934  2747.0  0.02
2935  2747.0  0.02
2936  2747.0  0.02
2937  2747.0  0.02
2938  2747.0  0.02
2939  2747.0  0.02
2940  2747.0  0.02
2941  2747.0  0.02
2942  2747.0  0.02
2943  2747.0  0.02
2944  2747.0  0.02
2945  2747.0  0.02
2946  2747.0  0.02
2947  2747.0  0.02
2948  2747.0  0.02
2949  2747.0  0.02
2950  2747.0  0.02
2951  2747.0  0.02
2952  2747.0  0.02
2953  2747.0  0.02
2954  2747.0  0.02
2955  2747.0  0.02
2956  2747.0  0.02
2957  2747.0  0.02
2958  2747.0  0.02
2959  2747.0  0.02
2960  2747.0  0.02
2961  2747.0  0.02
2962  2747.0  0.02
2963  2747.0  0.02
2964  2747.0  0.02
2965  2747.0  0.02
2966  2747.0  0.02
2967  2747.0  0.02
2968  2747.0  0.02
2969  2747.0  0.02
2970  2747.0  0.02
2971  2747.0  0.02
2972  2747.0  0.02
2973  2747.0  0.02
2974  2747.0  0.02
2975  2747.0  0.02
2976  2747.0  0.02
2977  2747.0  0.02
2978  2747.0  0.02
2979  2747.0  0.02
2980  2747.0  0.02
2981  2747.0  0.02
2982  2747.0  0.02
2983  2747.0  0.02
2984  2747.0  0.02
2985  2747.0  0.02
2986  2747.0  0.02
2987  2747.0  0.02
2988  2747.0  0.02
2989  2747.0  0.02
2990  2747.0  0.02
2991  2747.0  0.02
2992  2747.0  0.02
2993  2747.0  0.02
2994  2747.0  0.02
2995  2747.0  0.02
2996  2747.0  0.02
2997  2747.0  0.02
2998  2747.0  0.02
2999  2747.0  0.02
#[-8, -4, 5, 9, 9, 9, 9, 9, 9, 9]
#[9, 9, 9, 9, 9, 9, 9, 9, 9, 9]
#[6, 9, 9, 9, 9, 9, 9, 9, 9, 9]
#[9, 9, 9, 9, 9, 9, 9, 9, 9, 9]
#[4, 9, 9, 9, 9, 9, 9, 9, 9, 9]
#[1, 9, 9, 9, 9, 9, 9, 9, 9, 9]
#[9, 9, 9, 9, 9, 9, 9, 9, 9, 9]
#[8, 9, 9, 9, 9, 9, 9, 9, 9, 9]
#[6, 9, 9, 9, 9, 9, 9, 9, 9, 9]
#Specialization index= [1, 9, 0.12195121951219512]
