#[9, 9, 6, 9, 2, 3, 7, 2, 1, 3]
#[9, 7, 1, 5, 7, 7, 0, 8, 9, 4]
#[2, 7, 3, 9, 7, 9, 7, 3, 9, 6]
#[5, 8, 7, 6, 0, 1, 5, 2, 6, 5]
#[8, 4, 8, 2, 6, 7, 6, 7, 5, 2]
#[1, 9, 8, 6, 5, 0, 6, 8, 9, 6]
#[8, 5, 6, 0, 1, 8, 7, 7, 5, 8]
#[3, 7, 7, 1, 4, 9, 3, 4, 5, 7]
#[9, 5, 6, 1, 3, 9, 6, 8, 3, 2]
0  2788.17382812  0.11
1  2788.20751953  0.11
2  2801.16357422  0.15
3  2800.89216614  0.15
4  2800.79886961  0.15
5  2800.76679893  0.15
6  2800.75577463  0.15
7  2983.75  0.06
8  2983.75  0.06
9  2983.75  0.06
10  2983.75  0.06
11  2983.75  0.06
12  2983.75  0.06
13  2983.75  0.06
14  2983.75  0.06
15  2983.75  0.06
16  2983.75  0.06
17  2983.75  0.06
18  2983.75  0.06
19  2983.75  0.06
20  2983.75  0.06
21  2983.75  0.06
22  2983.75  0.06
23  2983.75  0.06
24  2983.75  0.06
25  2983.75  0.06
26  2983.75  0.06
27  2983.75  0.06
28  2983.75  0.06
29  2983.75  0.06
30  2983.75  0.06
31  2983.75  0.06
32  2983.75  0.06
33  2983.75  0.06
34  2983.75  0.06
35  2983.75  0.06
36  2983.75  0.06
37  2983.75  0.06
38  2983.75  0.06
39  2983.75  0.06
40  2983.75  0.06
41  2983.75  0.06
42  2983.75  0.06
43  2983.75  0.06
44  2983.75  0.06
45  2983.75  0.06
46  2983.75  0.06
47  2983.75  0.06
48  2983.75  0.06
49  2983.75  0.06
50  2983.75  0.06
51  2983.75  0.06
52  2983.75  0.06
53  2983.75  0.06
54  2983.75  0.06
55  2983.75  0.06
56  2983.75  0.06
57  2983.75  0.06
58  2983.75  0.06
59  2983.75  0.06
60  2983.75  0.06
61  2983.75  0.06
62  2983.75  0.06
63  2983.75  0.06
64  2983.75  0.06
65  2983.75  0.06
66  2983.75  0.06
67  2983.75  0.06
68  2983.75  0.06
69  2983.75  0.06
70  2983.75  0.06
71  2983.75  0.06
72  2983.75  0.06
73  2983.75  0.06
74  2983.75  0.06
75  2983.75  0.06
76  2983.75  0.06
77  2983.75  0.06
78  2983.75  0.06
79  2983.75  0.06
80  2983.75  0.06
81  2983.75  0.06
82  2983.75  0.06
83  2983.75  0.06
84  2983.75  0.06
85  2983.75  0.06
86  2983.75  0.06
87  2983.75  0.06
88  2983.75  0.06
89  2983.75  0.06
90  2983.75  0.06
91  2983.75  0.06
92  2983.75  0.06
93  2983.75  0.06
94  2983.75  0.06
95  2983.75  0.06
96  2983.75  0.06
97  2983.75  0.06
98  2983.75  0.06
99  2983.75  0.06
100  2983.75  0.06
101  2983.75  0.06
102  2983.75  0.06
103  2983.75  0.06
104  2983.75  0.06
105  2983.75  0.06
106  2983.75  0.06
107  2983.75  0.06
108  2983.75  0.06
109  2983.75  0.06
110  2983.75  0.06
111  2983.75  0.06
112  2983.75  0.06
113  2983.75  0.06
114  2983.75  0.06
115  2983.75  0.06
116  2983.75  0.06
117  2983.75  0.06
118  2983.75  0.06
119  2983.75  0.06
120  2983.75  0.06
121  2983.75  0.06
122  2983.75  0.06
123  2983.75  0.06
124  2983.75  0.06
125  2983.75  0.06
126  2983.75  0.06
127  2983.75  0.06
128  2983.75  0.06
129  2983.75  0.06
130  2983.75  0.06
131  2983.75  0.06
132  2983.75  0.06
133  2983.75  0.06
134  2983.75  0.06
135  2983.75  0.06
136  2983.75  0.06
137  2983.75  0.06
138  2983.75  0.06
139  2983.75  0.06
140  2983.75  0.06
141  2983.75  0.06
142  2983.75  0.06
143  2983.75  0.06
144  2983.75  0.06
145  2983.75  0.06
146  2983.75  0.06
147  2983.75  0.06
148  2983.75  0.06
149  2983.75  0.06
150  2983.75  0.06
151  2983.75  0.06
152  2983.75  0.06
153  2983.75  0.06
154  2983.75  0.06
155  2983.75  0.06
156  2983.75  0.06
157  2983.75  0.06
158  2983.75  0.06
159  2983.75  0.06
160  2983.75  0.06
161  2983.75  0.06
162  2983.75  0.06
163  2983.75  0.06
164  2983.75  0.06
165  2983.75  0.06
166  2983.75  0.06
167  2983.75  0.06
168  2983.75  0.06
169  2983.75  0.06
170  2983.75  0.06
171  2983.75  0.06
172  2983.75  0.06
173  2983.75  0.06
174  2983.75  0.06
175  2983.75  0.06
176  2983.75  0.06
177  2983.75  0.06
178  2983.75  0.06
179  2983.75  0.06
180  2983.75  0.06
181  2983.75  0.06
182  2983.75  0.06
183  2983.75  0.06
184  2983.75  0.06
185  2983.75  0.06
186  2983.75  0.06
187  2983.75  0.06
188  2983.75  0.06
189  2983.75  0.06
190  2983.75  0.06
191  2983.75  0.06
192  2983.75  0.06
193  2983.75  0.06
194  2983.75  0.06
195  2983.75  0.06
196  2983.75  0.06
197  2983.75  0.06
198  2983.75  0.06
199  2983.75  0.06
200  2983.75  0.06
201  2983.75  0.06
202  2983.75  0.06
203  2983.75  0.06
204  2983.75  0.06
205  2983.75  0.06
206  2983.75  0.06
207  2983.75  0.06
208  2983.75  0.06
209  2983.75  0.06
210  2983.75  0.06
211  2983.75  0.06
212  2983.75  0.06
213  2983.75  0.06
214  2983.75  0.06
215  2983.75  0.06
216  2983.75  0.06
217  2983.75  0.06
218  2983.75  0.06
219  2983.75  0.06
220  2983.75  0.06
221  2983.75  0.06
222  2983.75  0.06
223  2983.75  0.06
224  2983.75  0.06
225  2983.75  0.06
226  2983.75  0.06
227  2983.75  0.06
228  2983.75  0.06
229  2983.75  0.06
230  2983.75  0.06
231  2983.75  0.06
232  2983.75  0.06
233  2983.75  0.06
234  2983.75  0.06
235  2983.75  0.06
236  2983.75  0.06
237  2983.75  0.06
238  2983.75  0.06
239  2983.75  0.06
240  2983.75  0.06
241  2983.75  0.06
242  2983.75  0.06
243  2983.75  0.06
244  2983.75  0.06
245  2983.75  0.06
246  2983.75  0.06
247  2983.75  0.06
248  2983.75  0.06
249  2983.75  0.06
250  2983.75  0.06
251  2983.75  0.06
252  2983.75  0.06
253  2983.75  0.06
254  2983.75  0.06
255  2983.75  0.06
256  2983.75  0.06
257  2983.75  0.06
258  2983.75  0.06
259  2983.75  0.06
260  2983.75  0.06
261  2983.75  0.06
262  2983.75  0.06
263  2983.75  0.06
264  2983.75  0.06
265  2983.75  0.06
266  2983.75  0.06
267  2986.87011719  0.12
268  2986.81472778  0.12
269  2986.79568768  0.12
270  2986.78914264  0.12
271  2986.78689278  0.12
272  2986.78611939  0.12
273  2986.78585354  0.12
274  2986.78576215  0.12
275  2986.78573074  0.12
276  2986.78571994  0.12
277  2986.78571623  0.12
278  2986.78571495  0.12
279  2986.78571452  0.12
280  2986.78571436  0.12
281  2986.78571431  0.12
282  2986.7857143  0.12
283  2986.78571429  0.12
284  2986.78571429  0.12
285  2986.78571429  0.12
286  2986.78571429  0.12
287  2986.78571429  0.12
288  2986.78571429  0.12
289  2986.78571429  0.12
290  2986.78571429  0.12
291  2986.78571429  0.12
292  2986.78571429  0.12
293  2986.78571429  0.12
294  2986.78571429  0.12
295  2986.78571429  0.12
296  2986.78571429  0.12
297  2986.78571429  0.12
298  2986.78571429  0.12
299  2986.78571429  0.12
300  2986.78571429  0.12
301  2986.78571429  0.12
302  2986.78571429  0.12
303  2986.78571429  0.12
304  2986.78571429  0.12
305  2986.78571429  0.12
306  2986.78571429  0.12
307  2986.78571429  0.12
308  2986.78571429  0.12
309  2986.78571429  0.12
310  2986.78571429  0.12
311  2986.78571429  0.12
312  2986.78571429  0.12
313  2986.78571429  0.12
314  2986.78571429  0.12
315  2986.78571429  0.12
316  2986.78571429  0.12
317  2986.78571429  0.12
318  2986.78571429  0.12
319  2986.78571429  0.12
320  2986.78571429  0.12
321  2986.78571429  0.12
322  2986.78571429  0.12
323  2986.78571429  0.12
324  2986.78571429  0.12
325  2986.78571429  0.12
326  2986.78571429  0.12
327  2986.78571429  0.12
328  2986.78571429  0.12
329  2986.78571429  0.12
330  2986.78571429  0.12
331  2986.78571429  0.12
332  2986.78571429  0.12
333  2986.78571429  0.12
334  2986.78571429  0.12
335  2986.78571429  0.12
336  2986.78571429  0.12
337  2986.78571429  0.12
338  2986.78571429  0.12
339  2986.78571429  0.12
340  2986.78571429  0.12
341  2986.78571429  0.12
342  2986.78571429  0.12
343  2986.78571429  0.12
344  2986.78571429  0.12
345  2986.78571429  0.12
346  2986.78571429  0.12
347  2986.78571429  0.12
348  2986.78571429  0.12
349  2986.78571429  0.12
350  2986.78571429  0.12
351  2986.78571429  0.12
352  2986.78571429  0.12
353  2986.78571429  0.12
354  2986.78571429  0.12
355  2986.78571429  0.12
356  2986.78571429  0.12
357  2986.78571429  0.12
358  2986.78571429  0.12
359  2986.78571429  0.12
360  2986.78571429  0.12
361  2986.78571429  0.12
362  2986.78571429  0.12
363  2986.78571429  0.12
364  2986.78571429  0.12
365  2986.78571429  0.12
366  2986.78571429  0.12
367  2986.78571429  0.12
368  2986.78571429  0.12
369  2986.78571429  0.12
370  2986.78571429  0.12
371  2986.78571429  0.12
372  2986.78571429  0.12
373  2986.78571429  0.12
374  2986.78571429  0.12
375  2986.78571429  0.12
376  2986.78571429  0.12
377  2986.78571429  0.12
378  2986.78571429  0.12
379  2986.78571429  0.12
380  2986.78571429  0.12
381  2986.78571429  0.12
382  2986.78571429  0.12
383  2986.78571429  0.12
384  2986.78571429  0.12
385  2986.78571429  0.12
386  2986.78571429  0.12
387  2986.78571429  0.12
388  2986.78571429  0.12
389  2986.78571429  0.12
390  2986.78571429  0.12
391  2986.78571429  0.12
392  2986.78571429  0.12
393  2986.78571429  0.12
394  2986.78571429  0.12
395  2986.78571429  0.12
396  2986.78571429  0.12
397  2986.78571429  0.12
398  2986.78571429  0.12
399  2986.78571429  0.12
400  2986.78571429  0.12
401  2986.78571429  0.12
402  2986.78571429  0.12
403  2986.78571429  0.12
404  2986.78571429  0.12
405  2986.78571429  0.12
406  2986.78571429  0.12
407  2986.78571429  0.12
408  2986.78571429  0.12
409  2986.78571429  0.12
410  2986.78571429  0.12
411  2986.78571429  0.12
412  2986.78571429  0.12
413  2986.78571429  0.12
414  2986.78571429  0.12
415  2986.78571429  0.12
416  2986.78571429  0.12
417  2986.78571429  0.12
418  2986.78571429  0.12
419  2986.78571429  0.12
420  2986.78571429  0.12
421  2986.78571429  0.12
422  2986.78571429  0.12
423  2986.78571429  0.12
424  2986.78571429  0.12
425  2986.78571429  0.12
426  2986.78571429  0.12
427  2986.78571429  0.12
428  2986.78571429  0.12
429  2986.78571429  0.12
430  2986.78571429  0.12
431  2986.78571429  0.12
432  2986.78571429  0.12
433  2986.78571429  0.12
434  2986.78571429  0.12
435  2986.78571429  0.12
436  2986.78571429  0.12
437  2986.78571429  0.12
438  2986.78571429  0.12
439  2986.78571429  0.12
440  2986.78571429  0.12
441  2986.78571429  0.12
442  2986.78571429  0.12
443  2986.78571429  0.12
444  2986.78571429  0.12
445  2986.78571429  0.12
446  2986.78571429  0.12
447  2986.78571429  0.12
448  2986.78571429  0.12
449  2986.78571429  0.12
450  2986.78571429  0.12
451  2986.78571429  0.12
452  2986.78571429  0.12
453  2986.78571429  0.12
454  2986.78571429  0.12
455  2986.78571429  0.12
456  2986.78571429  0.12
457  2986.78571429  0.12
458  2986.78571429  0.12
459  2986.78571429  0.12
460  2986.78571429  0.12
461  2986.78571429  0.12
462  2986.78571429  0.12
463  2986.78571429  0.12
464  2986.78571429  0.12
465  2986.78571429  0.12
466  2986.78571429  0.12
467  2986.78571429  0.12
468  2986.78571429  0.12
469  2986.78571429  0.12
470  2986.78571429  0.12
471  2986.78571429  0.12
472  2986.78571429  0.12
473  2986.78571429  0.12
474  2986.78571429  0.12
475  2986.78571429  0.12
476  2986.78571429  0.12
477  2986.78571429  0.12
478  2986.78571429  0.12
479  2986.78571429  0.12
480  2986.78571429  0.12
481  2986.78571429  0.12
482  2986.78571429  0.12
483  2986.78571429  0.12
484  2986.78571429  0.12
485  2986.78571429  0.12
486  2986.78571429  0.12
487  2986.78571429  0.12
488  2986.78571429  0.12
489  2986.78571429  0.12
490  2986.78571429  0.12
491  2986.78571429  0.12
492  2986.78571429  0.12
493  2986.78571429  0.12
494  2986.78571429  0.12
495  2986.78571429  0.12
496  2986.78571429  0.12
497  2986.78571429  0.12
498  2986.78571429  0.12
499  2986.78571429  0.12
500  2986.78571429  0.12
501  2986.78571429  0.12
502  2986.78571429  0.12
503  2986.78571429  0.12
504  2986.78571429  0.12
505  2986.78571429  0.12
506  2986.78571429  0.12
507  2986.78571429  0.12
508  2986.78571429  0.12
509  2986.78571429  0.12
510  2986.78571429  0.12
511  2986.78571429  0.12
512  2986.78571429  0.12
513  2986.78571429  0.12
514  2986.78571429  0.12
515  2986.78571429  0.12
516  2986.78571429  0.12
517  2986.78571429  0.12
518  2986.78571429  0.12
519  2986.78571429  0.12
520  2986.78571429  0.12
521  2986.78571429  0.12
522  2986.78571429  0.12
523  2986.78571429  0.12
524  2986.78571429  0.12
525  2986.78571429  0.12
526  2986.78571429  0.12
527  2986.78571429  0.12
528  2986.78571429  0.12
529  2986.78571429  0.12
530  2986.78571429  0.12
531  2986.78571429  0.12
532  2986.78571429  0.12
533  2986.78571429  0.12
534  2986.78571429  0.12
535  2986.78571429  0.12
536  2986.78571429  0.12
537  2986.78571429  0.12
538  2986.78571429  0.12
539  2986.78571429  0.12
540  2986.78571429  0.12
541  2986.78571429  0.12
542  2986.78571429  0.12
543  2986.78571429  0.12
544  2986.78571429  0.12
545  2986.78571429  0.12
546  2986.78571429  0.12
547  2986.78571429  0.12
548  2986.78571429  0.12
549  2986.78571429  0.12
550  2986.78571429  0.12
551  2986.78571429  0.12
552  2986.78571429  0.12
553  2986.78571429  0.12
554  2986.78571429  0.12
555  2986.78571429  0.12
556  2986.78571429  0.12
557  2986.78571429  0.12
558  2986.78571429  0.12
559  2986.78571429  0.12
560  2986.78571429  0.12
561  2986.78571429  0.12
562  2986.78571429  0.12
563  2986.78571429  0.12
564  2986.78571429  0.12
565  2986.78571429  0.12
566  2986.78571429  0.12
567  2986.78571429  0.12
568  2986.78571429  0.12
569  2986.78571429  0.12
570  2986.78571429  0.12
571  2986.78571429  0.12
572  2986.78571429  0.12
573  2986.78571429  0.12
574  2986.78571429  0.12
575  2986.78571429  0.12
576  2986.78571429  0.12
577  2986.78571429  0.12
578  2986.78571429  0.12
579  2986.78571429  0.12
580  2986.78571429  0.12
581  2986.78571429  0.12
582  2986.78571429  0.12
583  2986.78571429  0.12
584  2986.78571429  0.12
585  2986.78571429  0.12
586  2986.78571429  0.12
587  2986.78571429  0.12
588  2986.78571429  0.12
589  2986.78571429  0.12
590  2986.78571429  0.12
591  2986.78571429  0.12
592  2986.78571429  0.12
593  2986.78571429  0.12
594  2986.78571429  0.12
595  2986.78571429  0.12
596  2986.78571429  0.12
597  2986.78571429  0.12
598  2986.78571429  0.12
599  2986.78571429  0.12
600  2986.78571429  0.12
601  2986.78571429  0.12
602  2986.78571429  0.12
603  2986.78571429  0.12
604  2986.78571429  0.12
605  2986.78571429  0.12
606  2986.78571429  0.12
607  2986.78571429  0.12
608  2986.78571429  0.12
609  2986.78571429  0.12
610  2986.78571429  0.12
611  2986.78571429  0.12
612  2986.78571429  0.12
613  2986.78571429  0.12
614  2986.78571429  0.12
615  2986.78571429  0.12
616  2986.78571429  0.12
617  2986.78571429  0.12
618  2986.78571429  0.12
619  2986.78571429  0.12
620  2986.78571429  0.12
621  2986.78571429  0.12
622  2986.78571429  0.12
623  2986.78571429  0.12
624  2986.78571429  0.12
625  2986.78571429  0.12
626  2986.78571429  0.12
627  2986.78571429  0.12
628  2986.78571429  0.12
629  2986.78571429  0.12
630  2986.78571429  0.12
631  2986.78571429  0.12
632  2986.78571429  0.12
633  2986.78571429  0.12
634  2986.78571429  0.12
635  2986.78571429  0.12
636  2986.78571429  0.12
637  2986.78571429  0.12
638  2986.78571429  0.12
639  2986.78571429  0.12
640  2986.78571429  0.12
641  2986.78571429  0.12
642  2986.78571429  0.12
643  2986.78571429  0.12
644  2986.78571429  0.12
645  2986.78571429  0.12
646  2986.78571429  0.12
647  2986.78571429  0.12
648  2986.78571429  0.12
649  2986.78571429  0.12
650  2986.78571429  0.12
651  2986.78571429  0.12
652  2986.78571429  0.12
653  2986.78571429  0.12
654  2986.78571429  0.12
655  2986.78571429  0.12
656  2986.78571429  0.12
657  2986.78571429  0.12
658  2986.78571429  0.12
659  2986.78571429  0.12
660  2986.78571429  0.12
661  2986.78571429  0.12
662  2986.78571429  0.12
663  2986.78571429  0.12
664  2986.78571429  0.12
665  2986.78571429  0.12
666  2986.78571429  0.12
667  2986.78571429  0.12
668  2986.78571429  0.12
669  2986.78571429  0.12
670  2986.78571429  0.12
671  2986.78571429  0.12
672  2986.78571429  0.12
673  2986.78571429  0.12
674  2986.78571429  0.12
675  2986.78571429  0.12
676  2986.78571429  0.12
677  2986.78571429  0.12
678  2986.78571429  0.12
679  2986.78571429  0.12
680  2986.78571429  0.12
681  2986.78571429  0.12
682  2986.78571429  0.12
683  2986.78571429  0.12
684  2986.78571429  0.12
685  2986.78571429  0.12
686  2986.78571429  0.12
687  2986.78571429  0.12
688  2986.78571429  0.12
689  2986.78571429  0.12
690  2986.78571429  0.12
691  2986.78571429  0.12
692  2986.78571429  0.12
693  2986.78571429  0.12
694  2986.78571429  0.12
695  2986.78571429  0.12
696  2986.78571429  0.12
697  2986.78571429  0.12
698  2986.78571429  0.12
699  2986.78571429  0.12
700  2986.78571429  0.12
701  2986.78571429  0.12
702  2986.78571429  0.12
703  2986.78571429  0.12
704  2986.78571429  0.12
705  2986.78571429  0.12
706  2986.78571429  0.12
707  2986.78571429  0.12
708  2986.78571429  0.12
709  2986.78571429  0.12
710  2986.78571429  0.12
711  2986.78571429  0.12
712  2986.78571429  0.12
713  2986.78571429  0.12
714  2986.78571429  0.12
715  2986.78571429  0.12
716  2986.78571429  0.12
717  2986.78571429  0.12
718  2986.78571429  0.12
719  2986.78571429  0.12
720  2986.78571429  0.12
721  2986.78571429  0.12
722  2986.78571429  0.12
723  2986.78571429  0.12
724  2986.78571429  0.12
725  2986.78571429  0.12
726  2986.78571429  0.12
727  2986.78571429  0.12
728  2986.78571429  0.12
729  2986.78571429  0.12
730  2986.78571429  0.12
731  2986.78571429  0.12
732  2986.78571429  0.12
733  2986.78571429  0.12
734  2986.78571429  0.12
735  2986.78571429  0.12
736  2986.78571429  0.12
737  2986.78571429  0.12
738  2986.78571429  0.12
739  2986.78571429  0.12
740  2986.78571429  0.12
741  2986.78571429  0.12
742  2986.78571429  0.12
743  2986.78571429  0.12
744  2986.78571429  0.12
745  2986.78571429  0.12
746  2986.78571429  0.12
747  2986.78571429  0.12
748  2986.78571429  0.12
749  2986.78571429  0.12
750  2986.78571429  0.12
751  2986.78571429  0.12
752  2986.78571429  0.12
753  2986.78571429  0.12
754  2986.78571429  0.12
755  2986.78571429  0.12
756  2986.78571429  0.12
757  2986.78571429  0.12
758  2986.78571429  0.12
759  2986.78571429  0.12
760  2986.78571429  0.12
761  2986.78571429  0.12
762  2986.78571429  0.12
763  2986.78571429  0.12
764  2986.78571429  0.12
765  2986.78571429  0.12
766  2986.78571429  0.12
767  2986.78571429  0.12
768  2986.78571429  0.12
769  2986.78571429  0.12
770  2986.78571429  0.12
771  2986.78571429  0.12
772  2986.78571429  0.12
773  2986.78571429  0.12
774  2986.78571429  0.12
775  2986.78571429  0.12
776  2986.78571429  0.12
777  2986.78571429  0.12
778  2986.78571429  0.12
779  2986.78571429  0.12
780  2986.78571429  0.12
781  2986.78571429  0.12
782  2986.78571429  0.12
783  2986.78571429  0.12
784  2986.78571429  0.12
785  2986.78571429  0.12
786  2986.78571429  0.12
787  2986.78571429  0.12
788  2986.78571429  0.12
789  2986.78571429  0.12
790  2986.78571429  0.12
791  2986.78571429  0.12
792  2986.78571429  0.12
793  2986.78571429  0.12
794  2986.78571429  0.12
795  2986.78571429  0.12
796  2986.78571429  0.12
797  2986.78571429  0.12
798  2986.78571429  0.12
799  2986.78571429  0.12
800  2986.78571429  0.12
801  2986.78571429  0.12
802  2986.78571429  0.12
803  2986.78571429  0.12
804  2976.82142857  0.12
805  2976.82142857  0.12
806  2976.82142857  0.12
807  2976.82142857  0.12
808  2976.82142857  0.12
809  2976.82142857  0.12
810  2976.82142857  0.12
811  2976.82142857  0.12
812  2976.82142857  0.12
813  2976.82142857  0.12
814  2976.82142857  0.12
815  2976.82142857  0.12
816  2976.82142857  0.12
817  2976.82142857  0.12
818  2976.82142857  0.12
819  2976.82142857  0.12
820  2976.82142857  0.12
821  2976.82142857  0.12
822  2976.82142857  0.12
823  2976.82142857  0.12
824  2976.82142857  0.12
825  2976.82142857  0.12
826  2976.82142857  0.12
827  2976.82142857  0.12
828  2976.82142857  0.12
829  2976.82142857  0.12
830  2976.82142857  0.12
831  2976.82142857  0.12
832  2976.82142857  0.12
833  2976.82142857  0.12
834  2976.82142857  0.12
835  2976.82142857  0.12
836  2976.82142857  0.12
837  2976.82142857  0.12
838  2976.82142857  0.12
839  2976.82142857  0.12
840  2976.82142857  0.12
841  2976.82142857  0.12
842  2976.82142857  0.12
843  2976.82142857  0.12
844  2976.82142857  0.12
845  2976.82142857  0.12
846  2976.82142857  0.12
847  2976.82142857  0.12
848  2976.82142857  0.12
849  2976.82142857  0.12
850  2976.82142857  0.12
851  2976.82142857  0.12
852  2976.82142857  0.12
853  2976.82142857  0.12
854  2976.82142857  0.12
855  2976.82142857  0.12
856  2976.82142857  0.12
857  2976.82142857  0.12
858  2976.82142857  0.12
859  2976.82142857  0.12
860  2976.82142857  0.12
861  2976.82142857  0.12
862  2976.82142857  0.12
863  2976.82142857  0.12
864  2976.82142857  0.12
865  2976.82142857  0.12
866  2976.82142857  0.12
867  2976.82142857  0.12
868  2976.82142857  0.12
869  2976.82142857  0.12
870  2976.82142857  0.12
871  2976.82142857  0.12
872  2976.82142857  0.12
873  2976.82142857  0.12
874  2976.82142857  0.12
875  2976.82142857  0.12
876  2976.82142857  0.12
877  2976.82142857  0.12
878  2976.82142857  0.12
879  2976.82142857  0.12
880  2976.82142857  0.12
881  2966.85714286  0.12
882  2943.14285714  0.12
883  2943.14285714  0.12
884  2943.14285714  0.12
885  2943.14285714  0.12
886  2943.14285714  0.12
887  2943.14285714  0.12
888  2943.14285714  0.12
889  2943.14285714  0.12
890  2943.14285714  0.12
891  2943.14285714  0.12
892  2943.14285714  0.12
893  2943.14285714  0.12
894  2943.14285714  0.12
895  2943.14285714  0.12
896  2943.14285714  0.12
897  2943.14285714  0.12
898  2943.14285714  0.12
899  2943.14285714  0.12
900  2943.14285714  0.12
901  2943.14285714  0.12
902  2943.14285714  0.12
903  2943.14285714  0.12
904  2943.14285714  0.12
905  2943.14285714  0.12
906  2943.14285714  0.12
907  2943.14285714  0.12
908  2943.14285714  0.12
909  2943.14285714  0.12
910  2943.14285714  0.12
911  2943.14285714  0.12
912  2943.14285714  0.12
913  2943.14285714  0.12
914  2943.14285714  0.12
915  2943.14285714  0.12
916  2943.14285714  0.12
917  2943.14285714  0.12
918  2998.1652832  0.11
919  2998.2677536  0.11
920  2998.3029778  0.11
921  2998.31508612  0.11
922  2998.31924835  0.11
923  2998.32067912  0.11
924  2998.32117095  0.11
925  2998.32134001  0.11
926  2998.32139813  0.11
927  2998.32141811  0.11
928  2998.32142497  0.11
929  2998.32142733  0.11
930  2998.32142815  0.11
931  2998.32142843  0.11
932  2998.32142852  0.11
933  2998.32142855  0.11
934  2998.32142857  0.11
935  2998.32142857  0.11
936  2998.32142857  0.11
937  2998.32142857  0.11
938  2998.32142857  0.11
939  2998.32142857  0.11
940  2998.32142857  0.11
941  2998.32142857  0.11
942  2998.32142857  0.11
943  2998.32142857  0.11
944  2998.32142857  0.11
945  2998.32142857  0.11
946  2998.32142857  0.11
947  2998.32142857  0.11
948  2998.32142857  0.11
949  2998.32142857  0.11
950  2998.32142857  0.11
951  2998.32142857  0.11
952  2998.32142857  0.11
953  2998.32142857  0.11
954  2998.32142857  0.11
955  2998.32142857  0.11
956  2998.32142857  0.11
957  2998.32142857  0.11
958  3038.25  0.06
959  3038.25  0.06
960  3038.25  0.06
961  3038.25  0.06
962  3038.25  0.06
963  3038.25  0.06
964  3038.25  0.06
965  3038.25  0.06
966  3038.25  0.06
967  3038.25  0.06
968  3038.25  0.06
969  3038.25  0.06
970  3038.25  0.06
971  3038.25  0.06
972  3038.25  0.06
973  3038.25  0.06
974  3038.25  0.06
975  3038.25  0.06
976  3038.25  0.06
977  3038.25  0.06
978  3038.25  0.06
979  3038.25  0.06
980  3038.25  0.06
981  3038.25  0.06
982  3038.25  0.06
983  3038.25  0.06
984  3038.25  0.06
985  3038.25  0.06
986  3038.25  0.06
987  3038.25  0.06
988  3038.25  0.06
989  3038.25  0.06
990  3038.25  0.06
991  3038.25  0.06
992  3038.25  0.06
993  3038.25  0.06
994  3038.25  0.06
995  3038.25  0.06
996  3038.25  0.06
997  3038.25  0.06
998  3038.25  0.06
999  3038.25  0.06
1000  3038.25  0.06
1001  3038.25  0.06
1002  3038.25  0.06
1003  3038.25  0.06
1004  3038.25  0.06
1005  3038.25  0.06
1006  3038.25  0.06
1007  3038.25  0.06
1008  3038.25  0.06
1009  3038.25  0.06
1010  3038.25  0.06
1011  3038.25  0.06
1012  3038.25  0.06
1013  3038.25  0.06
1014  3038.25  0.06
1015  3038.25  0.06
1016  3038.25  0.06
1017  3038.25  0.06
1018  3038.25  0.06
1019  3038.25  0.06
1020  3038.25  0.06
1021  3038.25  0.06
1022  3038.25  0.06
1023  3038.25  0.06
1024  3038.25  0.06
1025  3038.25  0.06
1026  3038.25  0.06
1027  3038.25  0.06
1028  3038.25  0.06
1029  3038.25  0.06
1030  3038.25  0.06
1031  3038.25  0.06
1032  3038.25  0.06
1033  3038.25  0.06
1034  3038.25  0.06
1035  3038.25  0.06
1036  3038.25  0.06
1037  3038.25  0.06
1038  3038.25  0.06
1039  3038.25  0.06
1040  3038.25  0.06
1041  3038.25  0.06
1042  3038.25  0.06
1043  3038.25  0.06
1044  3038.25  0.06
1045  3038.25  0.06
1046  3038.25  0.06
1047  3038.25  0.06
1048  3038.25  0.06
1049  3038.25  0.06
1050  3038.25  0.06
1051  3038.25  0.06
1052  3038.25  0.06
1053  3038.25  0.06
1054  3038.25  0.06
1055  3038.25  0.06
1056  3038.25  0.06
1057  3038.25  0.06
1058  3038.25  0.06
1059  3038.25  0.06
1060  3038.25  0.06
1061  3038.25  0.06
1062  3038.25  0.06
1063  3038.25  0.06
1064  3038.25  0.06
1065  3038.25  0.06
1066  3038.25  0.06
1067  3038.25  0.06
1068  3038.25  0.06
1069  3038.25  0.06
1070  3038.25  0.06
1071  3038.25  0.06
1072  3038.25  0.06
1073  3038.25  0.06
1074  3038.25  0.06
1075  3038.25  0.06
1076  3038.25  0.06
1077  3038.25  0.06
1078  3038.25  0.06
1079  3038.25  0.06
1080  3038.25  0.06
1081  3038.25  0.06
1082  3038.25  0.06
1083  3038.25  0.06
1084  3038.25  0.06
1085  3038.25  0.06
1086  3038.25  0.06
1087  3038.25  0.06
1088  3038.25  0.06
1089  3038.25  0.06
1090  3038.25  0.06
1091  3038.25  0.06
1092  3038.25  0.06
1093  3038.25  0.06
1094  3038.25  0.06
1095  3038.25  0.06
1096  3038.25  0.06
1097  3038.25  0.06
1098  3038.25  0.06
1099  3038.25  0.06
1100  3038.25  0.06
1101  3038.25  0.06
1102  3038.25  0.06
1103  3038.25  0.06
1104  3038.25  0.06
1105  3038.25  0.06
1106  3038.25  0.06
1107  3038.25  0.06
1108  3038.25  0.06
1109  3038.25  0.06
1110  3038.25  0.06
1111  3038.25  0.06
1112  3038.25  0.06
1113  3038.25  0.06
1114  3038.25  0.06
1115  3038.25  0.06
1116  3038.25  0.06
1117  3038.25  0.06
1118  3038.25  0.06
1119  3038.25  0.06
1120  3038.25  0.06
1121  3038.25  0.06
1122  3038.25  0.06
1123  3038.25  0.06
1124  3038.25  0.06
1125  3038.25  0.06
1126  3038.25  0.06
1127  3038.25  0.06
1128  3038.25  0.06
1129  3038.25  0.06
1130  3038.25  0.06
1131  3038.25  0.06
1132  3038.25  0.06
1133  3038.25  0.06
1134  3038.25  0.06
1135  3038.25  0.06
1136  3038.25  0.06
1137  3038.25  0.06
1138  3038.25  0.06
1139  3038.25  0.06
1140  3038.25  0.06
1141  3038.25  0.06
1142  3038.25  0.06
1143  3038.25  0.06
1144  3038.25  0.06
1145  3038.25  0.06
1146  3038.25  0.06
1147  3038.25  0.06
1148  3038.25  0.06
1149  3038.25  0.06
1150  3038.25  0.06
1151  3038.25  0.06
1152  3038.25  0.06
1153  3038.25  0.06
1154  3038.25  0.06
1155  3038.25  0.06
1156  3038.25  0.06
1157  3038.25  0.06
1158  3038.25  0.06
1159  3038.25  0.06
1160  3038.25  0.06
1161  3038.25  0.06
1162  3038.25  0.06
1163  3038.25  0.06
1164  3038.25  0.06
1165  3038.25  0.06
1166  3038.25  0.06
1167  3038.25  0.06
1168  3038.25  0.06
1169  3038.25  0.06
1170  3038.25  0.06
1171  3038.25  0.06
1172  3038.25  0.06
1173  3038.25  0.06
1174  3038.25  0.06
1175  3038.25  0.06
1176  3038.25  0.06
1177  3038.25  0.06
1178  3038.25  0.06
1179  3038.25  0.06
1180  3038.25  0.06
1181  3038.25  0.06
1182  3110.75  0.09
1183  3110.75  0.09
1184  3110.75  0.09
1185  3110.75  0.09
1186  3110.75  0.09
1187  3110.75  0.09
1188  3110.75  0.09
1189  3110.75  0.09
1190  3110.75  0.09
1191  3110.75  0.09
1192  3110.75  0.09
1193  3110.75  0.09
1194  3110.75  0.09
1195  3110.75  0.09
1196  3110.75  0.09
1197  3110.75  0.09
1198  3110.75  0.09
1199  3110.75  0.09
1200  3110.75  0.09
1201  3110.75  0.09
1202  3110.75  0.09
1203  3110.75  0.09
1204  3110.75  0.09
1205  3110.75  0.09
1206  3110.75  0.09
1207  3110.75  0.09
1208  3110.75  0.09
1209  3110.75  0.09
1210  3110.75  0.09
1211  3110.75  0.09
1212  3110.75  0.09
1213  3110.75  0.09
1214  3110.75  0.09
1215  3110.75  0.09
1216  3110.75  0.09
1217  3110.75  0.09
1218  3110.75  0.09
1219  3110.75  0.09
1220  3110.75  0.09
1221  3110.75  0.09
1222  3110.75  0.09
1223  3110.75  0.09
1224  3110.75  0.09
1225  3110.75  0.09
1226  3110.75  0.09
1227  3110.75  0.09
1228  3110.75  0.09
1229  3110.75  0.09
1230  3110.75  0.09
1231  3110.75  0.09
1232  3110.75  0.09
1233  3110.75  0.09
1234  3110.75  0.09
1235  3110.75  0.09
1236  3110.75  0.09
1237  3110.75  0.09
1238  3110.75  0.09
1239  3110.75  0.09
1240  3110.75  0.09
1241  3110.75  0.09
1242  3110.75  0.09
1243  3110.75  0.09
1244  3110.75  0.09
1245  3110.75  0.09
1246  3110.75  0.09
1247  3110.75  0.09
1248  3110.75  0.09
1249  3110.75  0.09
1250  3110.75  0.09
1251  3110.75  0.09
1252  3110.75  0.09
1253  3110.75  0.09
1254  3110.75  0.09
1255  3110.75  0.09
1256  3110.75  0.09
1257  3110.75  0.09
1258  3110.75  0.09
1259  3110.75  0.09
1260  3110.75  0.09
1261  3110.75  0.09
1262  3110.75  0.09
1263  3110.75  0.09
1264  3110.75  0.09
1265  3110.75  0.09
1266  3110.75  0.09
1267  3110.75  0.09
1268  3110.75  0.09
1269  3110.75  0.09
1270  3110.75  0.09
1271  3110.75  0.09
1272  3110.75  0.09
1273  3110.75  0.09
1274  3110.75  0.09
1275  3110.75  0.09
1276  3110.75  0.09
1277  3110.75  0.09
1278  3110.75  0.09
1279  3110.75  0.09
1280  3110.75  0.09
1281  3110.75  0.09
1282  3110.75  0.09
1283  3110.75  0.09
1284  3110.75  0.09
1285  3110.75  0.09
1286  3110.75  0.09
1287  3110.75  0.09
1288  3110.75  0.09
1289  3110.75  0.09
1290  3110.75  0.09
1291  3110.75  0.09
1292  3110.75  0.09
1293  3110.75  0.09
1294  3110.75  0.09
1295  3110.75  0.09
1296  3110.75  0.09
1297  3110.75  0.09
1298  3110.75  0.09
1299  3110.75  0.09
1300  3110.75  0.09
1301  3110.75  0.09
1302  3110.75  0.09
1303  3110.75  0.09
1304  3110.75  0.09
1305  3110.75  0.09
1306  3110.75  0.09
1307  3110.75  0.09
1308  3110.75  0.09
1309  3110.75  0.09
1310  3110.75  0.09
1311  3110.75  0.09
1312  3110.75  0.09
1313  3110.75  0.09
1314  3110.75  0.09
1315  3110.75  0.09
1316  3110.75  0.09
1317  3110.75  0.09
1318  3110.75  0.09
1319  3110.75  0.09
1320  3110.75  0.09
1321  3110.75  0.09
1322  3110.75  0.09
1323  3110.75  0.09
1324  3110.75  0.09
1325  3110.75  0.09
1326  3110.75  0.09
1327  3110.75  0.09
1328  3110.75  0.09
1329  3110.75  0.09
1330  3110.75  0.09
1331  3110.75  0.09
1332  3110.75  0.09
1333  3110.75  0.09
1334  3110.75  0.09
1335  3110.75  0.09
1336  3110.75  0.09
1337  3110.75  0.09
1338  3110.75  0.09
1339  3110.75  0.09
1340  3110.75  0.09
1341  3110.75  0.09
1342  3110.75  0.09
1343  3110.75  0.09
1344  3110.75  0.09
1345  3110.75  0.09
1346  3110.75  0.09
1347  3110.75  0.09
1348  3110.75  0.09
1349  3110.75  0.09
1350  3110.75  0.09
1351  3110.75  0.09
1352  3110.75  0.09
1353  3110.75  0.09
1354  3110.75  0.09
1355  3110.75  0.09
1356  3110.75  0.09
1357  3110.75  0.09
1358  3110.75  0.09
1359  3110.75  0.09
1360  3110.75  0.09
1361  3110.75  0.09
1362  3110.75  0.09
1363  3110.75  0.09
1364  3110.75  0.09
1365  3110.75  0.09
1366  3110.75  0.09
1367  3110.75  0.09
1368  3110.75  0.09
1369  3110.75  0.09
1370  3110.75  0.09
1371  3110.75  0.09
1372  3110.75  0.09
1373  3110.75  0.09
1374  3110.75  0.09
1375  3110.75  0.09
1376  3110.75  0.09
1377  3110.75  0.09
1378  3110.75  0.09
1379  3110.75  0.09
1380  3110.75  0.09
1381  3110.75  0.09
1382  3110.75  0.09
1383  3110.75  0.09
1384  3110.75  0.09
1385  3110.75  0.09
1386  3110.75  0.09
1387  3110.75  0.09
1388  3110.75  0.09
1389  3110.75  0.09
1390  3110.75  0.09
1391  3110.75  0.09
1392  3110.75  0.09
1393  3110.75  0.09
1394  3110.75  0.09
1395  3110.75  0.09
1396  3110.75  0.09
1397  3110.75  0.09
1398  3110.75  0.09
1399  3110.75  0.09
1400  3110.75  0.09
1401  3110.75  0.09
1402  3110.75  0.09
1403  3110.75  0.09
1404  3110.75  0.09
1405  3110.75  0.09
1406  3110.75  0.09
1407  3110.75  0.09
1408  3110.75  0.09
1409  3110.75  0.09
1410  3110.75  0.09
1411  3110.75  0.09
1412  3110.75  0.09
1413  3110.75  0.09
1414  3110.75  0.09
1415  3110.75  0.09
1416  3110.75  0.09
1417  3110.75  0.09
1418  3110.75  0.09
1419  3110.75  0.09
1420  3110.75  0.09
1421  3110.75  0.09
1422  3110.75  0.09
1423  3110.75  0.09
1424  3110.75  0.09
1425  3110.75  0.09
1426  3110.75  0.09
1427  3110.75  0.09
1428  3110.75  0.09
1429  3110.75  0.09
1430  3110.75  0.09
1431  3110.75  0.09
1432  3110.75  0.09
1433  3110.75  0.09
1434  3110.75  0.09
1435  3110.75  0.09
1436  3110.75  0.09
1437  3110.75  0.09
1438  3110.75  0.09
1439  3110.75  0.09
1440  3110.75  0.09
1441  3110.75  0.09
1442  3110.75  0.09
1443  3110.75  0.09
1444  3110.75  0.09
1445  3110.75  0.09
1446  3110.75  0.09
1447  3110.75  0.09
1448  3110.75  0.09
1449  3110.75  0.09
1450  3110.75  0.09
1451  3110.75  0.09
1452  3110.75  0.09
1453  3110.75  0.09
1454  3110.75  0.09
1455  3110.75  0.09
1456  3110.75  0.09
1457  3110.75  0.09
1458  3110.75  0.09
1459  3110.75  0.09
1460  3110.75  0.09
1461  3110.75  0.09
1462  3110.75  0.09
1463  3110.75  0.09
1464  3110.75  0.09
1465  3110.75  0.09
1466  3110.75  0.09
1467  3110.75  0.09
1468  3110.75  0.09
1469  3110.75  0.09
1470  3110.75  0.09
1471  3110.75  0.09
1472  3110.75  0.09
1473  3110.75  0.09
1474  3110.75  0.09
1475  3110.75  0.09
1476  3110.75  0.09
1477  3110.75  0.09
1478  3110.75  0.09
1479  3110.75  0.09
1480  3110.75  0.09
1481  3110.75  0.09
1482  3110.75  0.09
1483  3110.75  0.09
1484  3110.75  0.09
1485  3110.75  0.09
1486  3110.75  0.09
1487  3110.75  0.09
1488  3110.75  0.09
1489  3110.75  0.09
1490  3110.75  0.09
1491  3110.75  0.09
1492  3110.75  0.09
1493  3110.75  0.09
1494  3110.75  0.09
1495  3110.75  0.09
1496  3110.75  0.09
1497  3110.75  0.09
1498  3110.75  0.09
1499  3110.75  0.09
1500  3110.75  0.09
1501  3110.75  0.09
1502  3110.75  0.09
1503  3110.75  0.09
1504  3110.75  0.09
1505  3110.75  0.09
1506  3110.75  0.09
1507  3110.75  0.09
1508  3110.75  0.09
1509  3110.75  0.09
1510  3110.75  0.09
1511  3110.75  0.09
1512  3110.75  0.09
1513  3110.75  0.09
1514  3110.75  0.09
1515  3110.75  0.09
1516  3110.75  0.09
1517  3110.75  0.09
1518  3110.75  0.09
1519  3110.75  0.09
1520  3110.75  0.09
1521  3110.75  0.09
1522  3110.75  0.09
1523  3110.75  0.09
1524  3110.75  0.09
1525  3110.75  0.09
1526  3110.75  0.09
1527  3110.75  0.09
1528  3110.75  0.09
1529  3110.75  0.09
1530  3110.75  0.09
1531  3110.75  0.09
1532  3110.75  0.09
1533  3110.75  0.09
1534  3110.75  0.09
1535  3110.75  0.09
1536  3110.75  0.09
1537  3110.75  0.09
1538  3110.75  0.09
1539  3110.75  0.09
1540  3110.75  0.09
1541  3110.75  0.09
1542  3110.75  0.09
1543  3110.75  0.09
1544  3110.75  0.09
1545  3110.75  0.09
1546  3110.75  0.09
1547  3110.75  0.09
1548  3110.75  0.09
1549  3110.75  0.09
1550  3110.75  0.09
1551  3110.75  0.09
1552  3110.75  0.09
1553  3110.75  0.09
1554  3110.75  0.09
1555  3110.75  0.09
1556  3110.75  0.09
1557  3110.75  0.09
1558  3110.75  0.09
1559  3110.75  0.09
1560  3110.75  0.09
1561  3110.75  0.09
1562  3110.75  0.09
1563  3110.75  0.09
1564  3110.75  0.09
1565  3110.75  0.09
1566  3110.75  0.09
1567  3110.75  0.09
1568  3110.75  0.09
1569  3110.75  0.09
1570  3110.75  0.09
1571  3110.75  0.09
1572  3110.75  0.09
1573  3110.75  0.09
1574  3110.75  0.09
1575  3110.75  0.09
1576  3110.75  0.09
1577  3110.75  0.09
1578  3110.75  0.09
1579  3110.75  0.09
1580  3110.75  0.09
1581  3110.75  0.09
1582  3110.75  0.09
1583  3110.75  0.09
1584  3110.75  0.09
1585  3110.75  0.09
1586  3110.75  0.09
1587  3110.75  0.09
1588  3110.75  0.09
1589  3110.75  0.09
1590  3110.75  0.09
1591  3110.75  0.09
1592  3110.75  0.09
1593  3110.75  0.09
1594  3110.75  0.09
1595  3110.75  0.09
1596  3110.75  0.09
1597  3110.75  0.09
1598  3110.75  0.09
1599  3110.75  0.09
1600  3110.75  0.09
1601  3110.75  0.09
1602  3110.75  0.09
1603  3110.75  0.09
1604  3110.75  0.09
1605  3110.75  0.09
1606  3110.75  0.09
1607  3110.75  0.09
1608  3110.75  0.09
1609  3110.75  0.09
1610  3110.75  0.09
1611  3110.75  0.09
1612  3110.75  0.09
1613  3110.75  0.09
1614  3110.75  0.09
1615  3110.75  0.09
1616  3110.75  0.09
1617  3110.75  0.09
1618  3110.75  0.09
1619  3110.75  0.09
1620  3110.75  0.09
1621  3110.75  0.09
1622  3110.75  0.09
1623  3110.75  0.09
1624  3110.75  0.09
1625  3110.75  0.09
1626  3110.75  0.09
1627  3110.75  0.09
1628  3110.75  0.09
1629  3110.75  0.09
1630  3110.75  0.09
1631  3110.75  0.09
1632  3110.75  0.09
1633  3110.75  0.09
1634  3110.75  0.09
1635  3110.75  0.09
1636  3110.75  0.09
1637  3110.75  0.09
1638  3110.75  0.09
1639  3110.75  0.09
1640  3110.75  0.09
1641  3110.75  0.09
1642  3110.75  0.09
1643  3110.75  0.09
1644  3110.75  0.09
1645  3110.75  0.09
1646  3110.75  0.09
1647  3110.75  0.09
1648  3110.75  0.09
1649  3110.75  0.09
1650  3110.75  0.09
1651  3110.75  0.09
1652  3110.75  0.09
1653  3110.75  0.09
1654  3110.75  0.09
1655  3110.75  0.09
1656  3110.75  0.09
1657  3110.75  0.09
1658  3110.75  0.09
1659  3110.75  0.09
1660  3110.75  0.09
1661  3110.75  0.09
1662  3110.75  0.09
1663  3110.75  0.09
1664  3110.75  0.09
1665  3110.75  0.09
1666  3110.75  0.09
1667  3110.75  0.09
1668  3110.75  0.09
1669  3110.75  0.09
1670  3110.75  0.09
1671  3110.75  0.09
1672  3110.75  0.09
1673  3110.75  0.09
1674  3110.75  0.09
1675  3110.75  0.09
1676  3110.75  0.09
1677  3110.75  0.09
1678  3110.75  0.09
1679  3110.75  0.09
1680  3110.75  0.09
1681  3110.75  0.09
1682  3110.75  0.09
1683  3110.75  0.09
1684  3110.75  0.09
1685  3110.75  0.09
1686  3110.75  0.09
1687  3110.75  0.09
1688  3110.75  0.09
1689  3110.75  0.09
1690  3111.25  0.08
1691  3111.25  0.08
1692  3111.25  0.08
1693  3111.25  0.08
1694  3111.25  0.08
1695  3111.25  0.08
1696  3111.25  0.08
1697  3111.25  0.08
1698  3111.25  0.08
1699  3111.25  0.08
1700  3111.25  0.08
1701  3111.25  0.08
1702  3111.25  0.08
1703  3111.25  0.08
1704  3111.25  0.08
1705  3111.25  0.08
1706  3111.25  0.08
1707  3111.25  0.08
1708  3111.25  0.08
1709  3111.25  0.08
1710  3111.25  0.08
1711  3111.25  0.08
1712  3111.25  0.08
1713  3111.25  0.08
1714  3111.25  0.08
1715  3111.25  0.08
1716  3111.25  0.08
1717  3111.25  0.08
1718  3111.25  0.08
1719  3111.25  0.08
1720  3111.25  0.08
1721  3111.25  0.08
1722  3111.25  0.08
1723  3111.25  0.08
1724  3111.25  0.08
1725  3111.25  0.08
1726  3111.25  0.08
1727  3111.25  0.08
1728  3111.25  0.08
1729  3111.25  0.08
1730  3111.25  0.08
1731  3111.25  0.08
1732  3111.25  0.08
1733  3111.25  0.08
1734  3111.25  0.08
1735  3111.25  0.08
1736  3111.25  0.08
1737  3111.25  0.08
1738  3111.25  0.08
1739  3111.25  0.08
1740  3111.25  0.08
1741  3111.25  0.08
1742  3111.25  0.08
1743  3111.25  0.08
1744  3111.25  0.08
1745  3111.25  0.08
1746  3111.25  0.08
1747  3111.25  0.08
1748  3111.25  0.08
1749  3111.25  0.08
1750  3111.25  0.08
1751  3111.25  0.08
1752  3111.25  0.08
1753  3111.25  0.08
1754  3111.25  0.08
1755  3111.25  0.08
1756  3111.25  0.08
1757  3111.25  0.08
1758  3111.25  0.08
1759  3111.25  0.08
1760  3111.25  0.08
1761  3111.25  0.08
1762  3111.25  0.08
1763  3111.25  0.08
1764  3111.25  0.08
1765  3111.25  0.08
1766  3111.25  0.08
1767  3111.25  0.08
1768  3111.25  0.08
1769  3111.25  0.08
1770  3111.25  0.08
1771  3111.25  0.08
1772  3111.25  0.08
1773  3111.25  0.08
1774  3111.25  0.08
1775  3111.25  0.08
1776  3111.25  0.08
1777  3111.25  0.08
1778  3111.25  0.08
1779  3111.25  0.08
1780  3111.25  0.08
1781  3111.25  0.08
1782  3111.25  0.08
1783  3111.25  0.08
1784  3111.25  0.08
1785  3111.25  0.08
1786  3111.25  0.08
1787  3111.25  0.08
1788  3111.25  0.08
1789  3111.25  0.08
1790  3111.25  0.08
1791  3111.25  0.08
1792  3111.25  0.08
1793  3111.25  0.08
1794  3111.25  0.08
1795  3111.25  0.08
1796  3111.25  0.08
1797  3111.25  0.08
1798  3111.25  0.08
1799  3111.25  0.08
1800  3111.25  0.08
1801  3111.25  0.08
1802  3111.25  0.08
1803  3111.25  0.08
1804  3111.25  0.08
1805  3111.25  0.08
1806  3111.25  0.08
1807  3111.25  0.08
1808  3111.25  0.08
1809  3111.25  0.08
1810  3111.25  0.08
1811  3111.25  0.08
1812  3111.25  0.08
1813  3111.25  0.08
1814  3111.25  0.08
1815  3111.25  0.08
1816  3111.25  0.08
1817  3111.25  0.08
1818  3111.25  0.08
1819  3111.25  0.08
1820  3111.25  0.08
1821  3111.25  0.08
1822  3111.25  0.08
1823  3111.25  0.08
1824  3111.25  0.08
1825  3111.25  0.08
1826  3111.25  0.08
1827  3111.25  0.08
1828  3111.25  0.08
1829  3111.25  0.08
1830  3111.25  0.08
1831  3111.25  0.08
1832  3111.25  0.08
1833  3111.25  0.08
1834  3111.25  0.08
1835  3111.25  0.08
1836  3111.25  0.08
1837  3111.25  0.08
1838  3111.25  0.08
1839  3111.25  0.08
1840  3111.25  0.08
1841  3111.25  0.08
1842  3111.25  0.08
1843  3111.25  0.08
1844  3111.25  0.08
1845  3111.25  0.08
1846  3111.25  0.08
1847  3111.25  0.08
1848  3111.25  0.08
1849  3111.25  0.08
1850  3111.25  0.08
1851  3111.25  0.08
1852  3111.25  0.08
1853  3111.25  0.08
1854  3111.25  0.08
1855  3111.25  0.08
1856  3111.25  0.08
1857  3111.25  0.08
1858  3111.25  0.08
1859  3111.25  0.08
1860  3111.25  0.08
1861  3111.25  0.08
1862  3111.25  0.08
1863  3111.25  0.08
1864  3111.25  0.08
1865  3111.25  0.08
1866  3111.25  0.08
1867  3111.25  0.08
1868  3111.25  0.08
1869  3111.25  0.08
1870  3111.25  0.08
1871  3111.25  0.08
1872  3111.25  0.08
1873  3111.25  0.08
1874  3111.25  0.08
1875  3111.25  0.08
1876  3111.25  0.08
1877  3111.25  0.08
1878  3111.25  0.08
1879  3111.25  0.08
1880  3111.25  0.08
1881  3111.25  0.08
1882  3111.25  0.08
1883  3111.25  0.08
1884  3111.25  0.08
1885  3111.25  0.08
1886  3111.25  0.08
1887  3111.25  0.08
1888  3111.25  0.08
1889  3111.25  0.08
1890  3111.25  0.08
1891  3111.25  0.08
1892  3111.25  0.08
1893  3111.25  0.08
1894  3111.25  0.08
1895  3111.25  0.08
1896  3111.25  0.08
1897  3111.25  0.08
1898  3111.25  0.08
1899  3111.25  0.08
1900  3111.25  0.08
1901  3111.25  0.08
1902  3111.25  0.08
1903  3111.25  0.08
1904  3111.25  0.08
1905  3111.25  0.08
1906  3111.25  0.08
1907  3111.25  0.08
1908  3111.25  0.08
1909  3111.25  0.08
1910  3111.25  0.08
1911  3111.25  0.08
1912  3111.25  0.08
1913  3111.25  0.08
1914  3111.25  0.08
1915  3111.25  0.08
1916  3111.25  0.08
1917  3111.25  0.08
1918  3111.25  0.08
1919  3111.25  0.08
1920  3111.25  0.08
1921  3111.25  0.08
1922  3111.25  0.08
1923  3111.25  0.08
1924  3111.25  0.08
1925  3111.25  0.08
1926  3111.25  0.08
1927  3111.25  0.08
1928  3111.25  0.08
1929  3111.25  0.08
1930  3111.25  0.08
1931  3111.25  0.08
1932  3111.25  0.08
1933  3111.25  0.08
1934  3111.25  0.08
1935  3111.25  0.08
1936  3111.25  0.08
1937  3111.25  0.08
1938  3111.25  0.08
1939  3111.25  0.08
1940  3111.25  0.08
1941  3111.25  0.08
1942  3111.25  0.08
1943  3111.25  0.08
1944  3111.25  0.08
1945  3111.25  0.08
1946  3111.25  0.08
1947  3111.25  0.08
1948  3111.25  0.08
1949  3111.25  0.08
1950  3111.25  0.08
1951  3111.25  0.08
1952  3111.25  0.08
1953  3111.25  0.08
1954  3111.25  0.08
1955  3111.25  0.08
1956  3111.25  0.08
1957  3111.25  0.08
1958  3111.25  0.08
1959  3111.25  0.08
1960  3111.25  0.08
1961  3111.25  0.08
1962  3111.25  0.08
1963  3111.25  0.08
1964  3111.25  0.08
1965  3111.25  0.08
1966  3111.25  0.08
1967  3111.25  0.08
1968  3111.25  0.08
1969  3111.25  0.08
1970  3111.25  0.08
1971  3111.25  0.08
1972  3111.25  0.08
1973  3111.25  0.08
1974  3111.25  0.08
1975  3111.25  0.08
1976  3111.25  0.08
1977  3111.25  0.08
1978  3111.25  0.08
1979  3111.25  0.08
1980  3111.25  0.08
1981  3111.25  0.08
1982  3111.25  0.08
1983  3111.25  0.08
1984  3111.25  0.08
1985  3111.25  0.08
1986  3111.25  0.08
1987  3111.25  0.08
1988  3111.25  0.08
1989  3111.25  0.08
1990  3111.25  0.08
1991  3111.25  0.08
1992  3111.25  0.08
1993  3111.25  0.08
1994  3111.25  0.08
1995  3111.25  0.08
1996  3111.25  0.08
1997  3111.25  0.08
1998  3111.25  0.08
1999  3111.25  0.08
2000  3111.25  0.08
2001  3111.25  0.08
2002  3111.25  0.08
2003  3111.25  0.08
2004  3111.25  0.08
2005  3111.25  0.08
2006  3111.25  0.08
2007  3111.25  0.08
2008  3111.25  0.08
2009  3111.25  0.08
2010  3111.25  0.08
2011  3111.25  0.08
2012  3111.25  0.08
2013  3111.25  0.08
2014  3111.25  0.08
2015  3111.25  0.08
2016  3111.25  0.08
2017  3111.25  0.08
2018  3111.25  0.08
2019  3111.25  0.08
2020  3111.25  0.08
2021  3111.25  0.08
2022  3111.25  0.08
2023  3111.25  0.08
2024  3111.25  0.08
2025  3111.25  0.08
2026  3111.25  0.08
2027  3111.25  0.08
2028  3111.25  0.08
2029  3111.25  0.08
2030  3111.25  0.08
2031  3111.25  0.08
2032  3111.25  0.08
2033  3111.25  0.08
2034  3111.25  0.08
2035  3111.25  0.08
2036  3111.25  0.08
2037  3111.25  0.08
2038  3111.25  0.08
2039  3111.25  0.08
2040  3111.25  0.08
2041  3111.25  0.08
2042  3111.25  0.08
2043  3111.25  0.08
2044  3111.25  0.08
2045  3111.25  0.08
2046  3111.25  0.08
2047  3111.25  0.08
2048  3111.25  0.08
2049  3111.25  0.08
2050  3111.25  0.08
2051  3111.25  0.08
2052  3111.25  0.08
2053  3111.25  0.08
2054  3111.25  0.08
2055  3111.25  0.08
2056  3111.25  0.08
2057  3111.25  0.08
2058  3111.25  0.08
2059  3111.25  0.08
2060  3111.25  0.08
2061  3111.25  0.08
2062  3111.25  0.08
2063  3111.25  0.08
2064  3111.25  0.08
2065  3111.25  0.08
2066  3111.25  0.08
2067  3111.25  0.08
2068  3111.25  0.08
2069  3111.25  0.08
2070  3111.25  0.08
2071  3111.25  0.08
2072  3111.25  0.08
2073  3111.25  0.08
2074  3111.25  0.08
2075  3111.25  0.08
2076  3111.25  0.08
2077  3111.25  0.08
2078  3111.25  0.08
2079  3111.25  0.08
2080  3111.25  0.08
2081  3111.25  0.08
2082  3111.25  0.08
2083  3111.25  0.08
2084  3111.25  0.08
2085  3111.25  0.08
2086  3111.25  0.08
2087  3111.25  0.08
2088  3111.25  0.08
2089  3111.25  0.08
2090  3111.25  0.08
2091  3111.25  0.08
2092  3111.25  0.08
2093  3111.25  0.08
2094  3111.25  0.08
2095  3111.25  0.08
2096  3111.25  0.08
2097  3111.25  0.08
2098  3111.25  0.08
2099  3111.25  0.08
2100  3111.25  0.08
2101  3111.25  0.08
2102  3111.25  0.08
2103  3111.25  0.08
2104  3111.25  0.08
2105  3111.25  0.08
2106  3111.25  0.08
2107  3111.25  0.08
2108  3111.25  0.08
2109  3111.25  0.08
2110  3111.25  0.08
2111  3111.25  0.08
2112  3111.25  0.08
2113  3111.25  0.08
2114  3111.25  0.08
2115  3111.25  0.08
2116  3111.25  0.08
2117  3111.25  0.08
2118  3111.25  0.08
2119  3111.25  0.08
2120  3111.25  0.08
2121  3111.25  0.08
2122  3111.25  0.08
2123  3111.25  0.08
2124  3111.25  0.08
2125  3111.25  0.08
2126  3111.25  0.08
2127  3111.25  0.08
2128  3111.25  0.08
2129  3111.25  0.08
2130  3111.25  0.08
2131  3111.25  0.08
2132  3111.25  0.08
2133  3111.25  0.08
2134  3111.25  0.08
2135  3111.25  0.08
2136  3111.25  0.08
2137  3111.25  0.08
2138  3111.25  0.08
2139  3111.25  0.08
2140  3111.25  0.08
2141  3111.25  0.08
2142  3111.25  0.08
2143  3111.25  0.08
2144  3111.25  0.08
2145  3111.25  0.08
2146  3111.25  0.08
2147  3111.25  0.08
2148  3111.25  0.08
2149  3111.25  0.08
2150  3111.25  0.08
2151  3111.25  0.08
2152  3140.16015625  0.08
2153  3140.18066406  0.08
2154  3140.18579102  0.08
2155  3140.18707275  0.08
2156  3140.18739319  0.08
2157  3140.1874733  0.08
2158  3140.18749332  0.08
2159  3140.18749833  0.08
2160  3140.18749958  0.08
2161  3140.1874999  0.08
2162  3140.18749997  0.08
2163  3140.18749999  0.08
2164  3140.1875  0.08
2165  3140.1875  0.08
2166  3140.1875  0.08
2167  3140.1875  0.08
2168  3140.1875  0.08
2169  3140.1875  0.08
2170  3140.1875  0.08
2171  3140.1875  0.08
2172  3140.1875  0.08
2173  3140.1875  0.08
2174  3140.1875  0.08
2175  3140.1875  0.08
2176  3140.1875  0.08
2177  3140.1875  0.08
2178  3140.1875  0.08
2179  3140.1875  0.08
2180  3140.1875  0.08
2181  3140.1875  0.08
2182  3140.1875  0.08
2183  3140.1875  0.08
2184  3140.1875  0.08
2185  3140.1875  0.08
2186  3140.1875  0.08
2187  3140.1875  0.08
2188  3140.1875  0.08
2189  3140.1875  0.08
2190  3140.1875  0.08
2191  3140.1875  0.08
2192  3140.1875  0.08
2193  3140.1875  0.08
2194  3140.1875  0.08
2195  3140.1875  0.08
2196  3140.1875  0.08
2197  3140.1875  0.08
2198  3140.1875  0.08
2199  3140.1875  0.08
2200  3140.1875  0.08
2201  3140.1875  0.08
2202  3140.1875  0.08
2203  3140.1875  0.08
2204  3140.1875  0.08
2205  3140.1875  0.08
2206  3140.1875  0.08
2207  3140.1875  0.08
2208  3140.1875  0.08
2209  3140.1875  0.08
2210  3140.1875  0.08
2211  3140.1875  0.08
2212  3140.1875  0.08
2213  3140.1875  0.08
2214  3140.1875  0.08
2215  3140.1875  0.08
2216  3140.1875  0.08
2217  3140.1875  0.08
2218  3140.1875  0.08
2219  3140.1875  0.08
2220  3140.1875  0.08
2221  3140.1875  0.08
2222  3140.1875  0.08
2223  3140.1875  0.08
2224  3140.1875  0.08
2225  3140.1875  0.08
2226  3140.1875  0.08
2227  3140.1875  0.08
2228  3140.1875  0.08
2229  3140.1875  0.08
2230  3140.1875  0.08
2231  3140.1875  0.08
2232  3140.1875  0.08
2233  3140.1875  0.08
2234  3140.1875  0.08
2235  3140.1875  0.08
2236  3140.1875  0.08
2237  3140.1875  0.08
2238  3140.1875  0.08
2239  3140.1875  0.08
2240  3140.1875  0.08
2241  3140.1875  0.08
2242  3140.1875  0.08
2243  3140.1875  0.08
2244  3140.1875  0.08
2245  3140.1875  0.08
2246  3140.1875  0.08
2247  3140.1875  0.08
2248  3140.1875  0.08
2249  3140.1875  0.08
2250  3140.1875  0.08
2251  3140.1875  0.08
2252  3140.1875  0.08
2253  3140.1875  0.08
2254  3140.1875  0.08
2255  3140.1875  0.08
2256  3140.1875  0.08
2257  3140.1875  0.08
2258  3140.1875  0.08
2259  3140.1875  0.08
2260  3140.1875  0.08
2261  3140.1875  0.08
2262  3140.1875  0.08
2263  3140.1875  0.08
2264  3140.1875  0.08
2265  3140.1875  0.08
2266  3140.1875  0.08
2267  3140.1875  0.08
2268  3140.1875  0.08
2269  3140.1875  0.08
2270  3140.1875  0.08
2271  3140.1875  0.08
2272  3140.1875  0.08
2273  3140.1875  0.08
2274  3140.1875  0.08
2275  3140.1875  0.08
2276  3140.1875  0.08
2277  3140.1875  0.08
2278  3140.1875  0.08
2279  3140.1875  0.08
2280  3140.1875  0.08
2281  3140.1875  0.08
2282  3140.1875  0.08
2283  3140.1875  0.08
2284  3140.1875  0.08
2285  3140.1875  0.08
2286  3140.1875  0.08
2287  3140.1875  0.08
2288  3140.1875  0.08
2289  3140.1875  0.08
2290  3140.1875  0.08
2291  3140.1875  0.08
2292  3140.1875  0.08
2293  3140.1875  0.08
2294  3140.1875  0.08
2295  3140.1875  0.08
2296  3140.1875  0.08
2297  3140.1875  0.08
2298  3140.1875  0.08
2299  3140.1875  0.08
2300  3140.1875  0.08
2301  3140.1875  0.08
2302  3140.1875  0.08
2303  3140.1875  0.08
2304  3140.1875  0.08
2305  3140.1875  0.08
2306  3140.1875  0.08
2307  3140.1875  0.08
2308  3140.1875  0.08
2309  3140.1875  0.08
2310  3140.1875  0.08
2311  3140.1875  0.08
2312  3140.1875  0.08
2313  3140.1875  0.08
2314  3140.1875  0.08
2315  3140.1875  0.08
2316  3140.1875  0.08
2317  3140.1875  0.08
2318  3140.1875  0.08
2319  3140.1875  0.08
2320  3140.1875  0.08
2321  3140.1875  0.08
2322  3140.1875  0.08
2323  3140.1875  0.08
2324  3140.1875  0.08
2325  3140.1875  0.08
2326  3140.1875  0.08
2327  3140.1875  0.08
2328  3140.1875  0.08
2329  3140.1875  0.08
2330  3140.1875  0.08
2331  3140.1875  0.08
2332  3140.1875  0.08
2333  3140.1875  0.08
2334  3140.1875  0.08
2335  3140.1875  0.08
2336  3140.1875  0.08
2337  3140.1875  0.08
2338  3140.1875  0.08
2339  3140.1875  0.08
2340  3140.1875  0.08
2341  3140.1875  0.08
2342  3140.1875  0.08
2343  3140.1875  0.08
2344  3140.1875  0.08
2345  3140.1875  0.08
2346  3140.1875  0.08
2347  3140.1875  0.08
2348  3140.1875  0.08
2349  3140.1875  0.08
2350  3140.1875  0.08
2351  3140.1875  0.08
2352  3140.1875  0.08
2353  3140.1875  0.08
2354  3140.1875  0.08
2355  3140.1875  0.08
2356  3140.1875  0.08
2357  3140.1875  0.08
2358  3140.1875  0.08
2359  3140.1875  0.08
2360  3140.1875  0.08
2361  3140.1875  0.08
2362  3140.1875  0.08
2363  3140.1875  0.08
2364  3140.1875  0.08
2365  3140.1875  0.08
2366  3140.1875  0.08
2367  3140.1875  0.08
2368  3140.1875  0.08
2369  3140.1875  0.08
2370  3140.1875  0.08
2371  3140.1875  0.08
2372  3140.1875  0.08
2373  3140.1875  0.08
2374  3140.1875  0.08
2375  3140.1875  0.08
2376  3140.1875  0.08
2377  3140.1875  0.08
2378  3140.1875  0.08
2379  3140.1875  0.08
2380  3140.1875  0.08
2381  3140.1875  0.08
2382  3140.1875  0.08
2383  3140.1875  0.08
2384  3140.1875  0.08
2385  3140.1875  0.08
2386  3140.1875  0.08
2387  3140.1875  0.08
2388  3140.1875  0.08
2389  3140.1875  0.08
2390  3140.1875  0.08
2391  3140.1875  0.08
2392  3140.1875  0.08
2393  3140.1875  0.08
2394  3140.1875  0.08
2395  3140.1875  0.08
2396  3140.1875  0.08
2397  3140.1875  0.08
2398  3140.1875  0.08
2399  3140.1875  0.08
2400  3140.1875  0.08
2401  3140.1875  0.08
2402  3140.1875  0.08
2403  3140.1875  0.08
2404  3140.1875  0.08
2405  3140.1875  0.08
2406  3140.1875  0.08
2407  3140.1875  0.08
2408  3140.1875  0.08
2409  3140.1875  0.08
2410  3140.1875  0.08
2411  3140.1875  0.08
2412  3140.1875  0.08
2413  3140.1875  0.08
2414  3140.1875  0.08
2415  3140.1875  0.08
2416  3140.1875  0.08
2417  3140.1875  0.08
2418  3140.1875  0.08
2419  3140.1875  0.08
2420  3140.1875  0.08
2421  3140.1875  0.08
2422  3140.1875  0.08
2423  3140.1875  0.08
2424  3140.1875  0.08
2425  3140.1875  0.08
2426  3140.1875  0.08
2427  3140.1875  0.08
2428  3140.1875  0.08
2429  3140.1875  0.08
2430  3140.1875  0.08
2431  3140.1875  0.08
2432  3140.1875  0.08
2433  3140.1875  0.08
2434  3140.1875  0.08
2435  3140.1875  0.08
2436  3140.1875  0.08
2437  3140.1875  0.08
2438  3140.1875  0.08
2439  3140.1875  0.08
2440  3140.1875  0.08
2441  3140.1875  0.08
2442  3140.1875  0.08
2443  3140.1875  0.08
2444  3140.1875  0.08
2445  3140.1875  0.08
2446  3140.1875  0.08
2447  3140.1875  0.08
2448  3140.1875  0.08
2449  3140.1875  0.08
2450  3140.1875  0.08
2451  3140.1875  0.08
2452  3140.1875  0.08
2453  3140.1875  0.08
2454  3140.1875  0.08
2455  3140.1875  0.08
2456  3140.1875  0.08
2457  3140.1875  0.08
2458  3140.1875  0.08
2459  3140.1875  0.08
2460  3140.1875  0.08
2461  3140.1875  0.08
2462  3140.1875  0.08
2463  3140.1875  0.08
2464  3140.1875  0.08
2465  3140.1875  0.08
2466  3140.1875  0.08
2467  3140.1875  0.08
2468  3140.1875  0.08
2469  3140.1875  0.08
2470  3140.1875  0.08
2471  3140.1875  0.08
2472  3140.1875  0.08
2473  3140.1875  0.08
2474  3140.1875  0.08
2475  3140.1875  0.08
2476  3140.1875  0.08
2477  3140.1875  0.08
2478  3140.1875  0.08
2479  3140.1875  0.08
2480  3140.1875  0.08
2481  3140.1875  0.08
2482  3140.1875  0.08
2483  3140.1875  0.08
2484  3140.1875  0.08
2485  3140.1875  0.08
2486  3140.1875  0.08
2487  3140.1875  0.08
2488  3140.1875  0.08
2489  3140.1875  0.08
2490  3140.1875  0.08
2491  3140.1875  0.08
2492  3140.1875  0.08
2493  3140.1875  0.08
2494  3140.1875  0.08
2495  3140.1875  0.08
2496  3140.1875  0.08
2497  3140.1875  0.08
2498  3140.1875  0.08
2499  3140.1875  0.08
2500  3140.1875  0.08
2501  3140.1875  0.08
2502  3140.1875  0.08
2503  3140.1875  0.08
2504  3140.1875  0.08
2505  3140.1875  0.08
2506  3140.1875  0.08
2507  3140.1875  0.08
2508  3140.1875  0.08
2509  3140.1875  0.08
2510  3140.1875  0.08
2511  3140.1875  0.08
2512  3140.1875  0.08
2513  3140.1875  0.08
2514  3140.1875  0.08
2515  3140.1875  0.08
2516  3140.1875  0.08
2517  3140.1875  0.08
2518  3140.1875  0.08
2519  3140.1875  0.08
2520  3140.1875  0.08
2521  3140.1875  0.08
2522  3140.1875  0.08
2523  3140.1875  0.08
2524  3140.1875  0.08
2525  3140.1875  0.08
2526  3140.1875  0.08
2527  3140.1875  0.08
2528  3140.1875  0.08
2529  3140.1875  0.08
2530  3140.1875  0.08
2531  3140.1875  0.08
2532  3140.1875  0.08
2533  3140.1875  0.08
2534  3140.1875  0.08
2535  3140.1875  0.08
2536  3140.1875  0.08
2537  3140.1875  0.08
2538  3140.1875  0.08
2539  3140.1875  0.08
2540  3140.1875  0.08
2541  3140.1875  0.08
2542  3140.1875  0.08
2543  3140.1875  0.08
2544  3140.1875  0.08
2545  3140.1875  0.08
2546  3140.1875  0.08
2547  3140.1875  0.08
2548  3140.1875  0.08
2549  3140.1875  0.08
2550  3140.1875  0.08
2551  3140.1875  0.08
2552  3140.1875  0.08
2553  3140.1875  0.08
2554  3140.1875  0.08
2555  3140.1875  0.08
2556  3140.1875  0.08
2557  3140.1875  0.08
2558  3140.1875  0.08
2559  3140.1875  0.08
2560  3140.1875  0.08
2561  3140.1875  0.08
2562  3140.1875  0.08
2563  3140.1875  0.08
2564  3140.1875  0.08
2565  3140.1875  0.08
2566  3140.1875  0.08
2567  3140.1875  0.08
2568  3140.1875  0.08
2569  3140.1875  0.08
2570  3140.1875  0.08
2571  3140.1875  0.08
2572  3140.1875  0.08
2573  3140.1875  0.08
2574  3140.1875  0.08
2575  3140.1875  0.08
2576  3140.1875  0.08
2577  3140.1875  0.08
2578  3140.1875  0.08
2579  3140.1875  0.08
2580  3140.1875  0.08
2581  3140.1875  0.08
2582  3140.1875  0.08
2583  3140.1875  0.08
2584  3140.1875  0.08
2585  3140.1875  0.08
2586  3140.1875  0.08
2587  3140.1875  0.08
2588  3140.1875  0.08
2589  3140.1875  0.08
2590  3140.1875  0.08
2591  3140.1875  0.08
2592  3140.1875  0.08
2593  3140.1875  0.08
2594  3140.1875  0.08
2595  3140.1875  0.08
2596  3140.1875  0.08
2597  3140.1875  0.08
2598  3140.1875  0.08
2599  3140.1875  0.08
2600  3140.1875  0.08
2601  3140.1875  0.08
2602  3140.1875  0.08
2603  3140.1875  0.08
2604  3140.1875  0.08
2605  3140.1875  0.08
2606  3140.1875  0.08
2607  3140.1875  0.08
2608  3140.1875  0.08
2609  3140.1875  0.08
2610  3140.1875  0.08
2611  3140.1875  0.08
2612  3140.1875  0.08
2613  3140.1875  0.08
2614  3140.1875  0.08
2615  3140.1875  0.08
2616  3140.1875  0.08
2617  3140.1875  0.08
2618  3140.1875  0.08
2619  3140.1875  0.08
2620  3140.1875  0.08
2621  3140.1875  0.08
2622  3140.1875  0.08
2623  3140.1875  0.08
2624  3140.1875  0.08
2625  3140.1875  0.08
2626  3140.1875  0.08
2627  3140.1875  0.08
2628  3140.1875  0.08
2629  3140.1875  0.08
2630  3140.1875  0.08
2631  3140.1875  0.08
2632  3140.1875  0.08
2633  3140.1875  0.08
2634  3140.1875  0.08
2635  3140.1875  0.08
2636  3140.1875  0.08
2637  3140.1875  0.08
2638  3140.1875  0.08
2639  3140.1875  0.08
2640  3140.1875  0.08
2641  3140.1875  0.08
2642  3140.1875  0.08
2643  3140.1875  0.08
2644  3140.1875  0.08
2645  3140.1875  0.08
2646  3140.1875  0.08
2647  3140.1875  0.08
2648  3140.1875  0.08
2649  3140.1875  0.08
2650  3140.1875  0.08
2651  3140.1875  0.08
2652  3140.1875  0.08
2653  3140.1875  0.08
2654  3140.1875  0.08
2655  3140.1875  0.08
2656  3140.1875  0.08
2657  3140.1875  0.08
2658  3140.1875  0.08
2659  3140.1875  0.08
2660  3140.1875  0.08
2661  3140.1875  0.08
2662  3140.1875  0.08
2663  3140.1875  0.08
2664  3140.1875  0.08
2665  3140.1875  0.08
2666  3140.1875  0.08
2667  3140.1875  0.08
2668  3140.1875  0.08
2669  3140.1875  0.08
2670  3140.1875  0.08
2671  3140.1875  0.08
2672  3140.1875  0.08
2673  3140.1875  0.08
2674  3140.1875  0.08
2675  3140.1875  0.08
2676  3140.1875  0.08
2677  3140.1875  0.08
2678  3140.1875  0.08
2679  3140.1875  0.08
2680  3140.1875  0.08
2681  3140.1875  0.08
2682  3140.1875  0.08
2683  3140.1875  0.08
2684  3140.1875  0.08
2685  3140.1875  0.08
2686  3140.1875  0.08
2687  3140.1875  0.08
2688  3140.1875  0.08
2689  3094.25  0.08
2690  3094.25  0.08
2691  3094.25  0.08
2692  3094.25  0.08
2693  3094.25  0.08
2694  3094.25  0.08
2695  3094.25  0.08
2696  3094.25  0.08
2697  3094.25  0.08
2698  3094.25  0.08
2699  3094.25  0.08
2700  3094.25  0.08
2701  3094.25  0.08
2702  3094.25  0.08
2703  3094.25  0.08
2704  3094.25  0.08
2705  3094.25  0.08
2706  3094.25  0.08
2707  3094.25  0.08
2708  3094.25  0.08
2709  3094.25  0.08
2710  3094.25  0.08
2711  3094.25  0.08
2712  3094.25  0.08
2713  3094.25  0.08
2714  3094.25  0.08
2715  3094.25  0.08
2716  3094.25  0.08
2717  3094.25  0.08
2718  3094.25  0.08
2719  3094.25  0.08
2720  3094.25  0.08
2721  3094.25  0.08
2722  3094.25  0.08
2723  3094.25  0.08
2724  3094.25  0.08
2725  3094.25  0.08
2726  3094.25  0.08
2727  3094.25  0.08
2728  3094.25  0.08
2729  3094.25  0.08
2730  3094.25  0.08
2731  3094.25  0.08
2732  3094.25  0.08
2733  3094.25  0.08
2734  3094.25  0.08
2735  3094.25  0.08
2736  3094.25  0.08
2737  3094.25  0.08
2738  3094.25  0.08
2739  3094.25  0.08
2740  3094.25  0.08
2741  3094.25  0.08
2742  3094.25  0.08
2743  3094.25  0.08
2744  3094.25  0.08
2745  3094.25  0.08
2746  3094.25  0.08
2747  3094.25  0.08
2748  3094.25  0.08
2749  3094.25  0.08
2750  3094.25  0.08
2751  3094.25  0.08
2752  3094.25  0.08
2753  3094.25  0.08
2754  3094.25  0.08
2755  3094.25  0.08
2756  3094.25  0.08
2757  3094.25  0.08
2758  3094.25  0.08
2759  3094.25  0.08
2760  3094.25  0.08
2761  3094.25  0.08
2762  3094.25  0.08
2763  3094.25  0.08
2764  3094.25  0.08
2765  3060.84375  0.08
2766  3060.84375  0.08
2767  3060.84375  0.08
2768  3060.84375  0.08
2769  3060.84375  0.08
2770  3060.84375  0.08
2771  3060.84375  0.08
2772  3060.84375  0.08
2773  3060.84375  0.08
2774  3060.84375  0.08
2775  3060.84375  0.08
2776  3060.84375  0.08
2777  3060.84375  0.08
2778  3060.84375  0.08
2779  3060.84375  0.08
2780  3060.84375  0.08
2781  3060.84375  0.08
2782  3060.84375  0.08
2783  3060.84375  0.08
2784  3060.84375  0.08
2785  3060.84375  0.08
2786  3060.84375  0.08
2787  3060.84375  0.08
2788  3060.84375  0.08
2789  3060.84375  0.08
2790  3060.84375  0.08
2791  3060.84375  0.08
2792  3060.84375  0.08
2793  3060.84375  0.08
2794  3060.84375  0.08
2795  3060.84375  0.08
2796  3060.84375  0.08
2797  3060.84375  0.08
2798  3060.84375  0.08
2799  3060.84375  0.08
2800  3060.84375  0.08
2801  3060.84375  0.08
2802  3060.84375  0.08
2803  3060.84375  0.08
2804  3060.84375  0.08
2805  3060.84375  0.08
2806  3060.84375  0.08
2807  3060.84375  0.08
2808  3060.84375  0.08
2809  3060.84375  0.08
2810  3060.84375  0.08
2811  3060.84375  0.08
2812  3060.84375  0.08
2813  3060.84375  0.08
2814  3060.84375  0.08
2815  3060.84375  0.08
2816  3060.84375  0.08
2817  3060.84375  0.08
2818  3060.84375  0.08
2819  3060.84375  0.08
2820  3060.84375  0.08
2821  3060.84375  0.08
2822  3060.84375  0.08
2823  3060.84375  0.08
2824  3060.84375  0.08
2825  3060.84375  0.08
2826  3060.84375  0.08
2827  3060.84375  0.08
2828  3060.84375  0.08
2829  3060.84375  0.08
2830  3060.84375  0.08
2831  3060.84375  0.08
2832  3060.84375  0.08
2833  3060.84375  0.08
2834  3060.84375  0.08
2835  3060.84375  0.08
2836  3060.84375  0.08
2837  3060.84375  0.08
2838  3060.84375  0.08
2839  3060.84375  0.08
2840  3060.84375  0.08
2841  3060.84375  0.08
2842  3060.84375  0.08
2843  3060.84375  0.08
2844  3060.84375  0.08
2845  3060.84375  0.08
2846  3060.84375  0.08
2847  3060.84375  0.08
2848  3060.84375  0.08
2849  3060.84375  0.08
2850  3060.84375  0.08
2851  3060.84375  0.08
2852  3060.84375  0.08
2853  3060.84375  0.08
2854  3060.84375  0.08
2855  3060.84375  0.08
2856  3060.84375  0.08
2857  3060.84375  0.08
2858  3060.84375  0.08
2859  3060.84375  0.08
2860  3060.84375  0.08
2861  3060.84375  0.08
2862  3060.84375  0.08
2863  3060.84375  0.08
2864  3060.84375  0.08
2865  3060.84375  0.08
2866  3060.84375  0.08
2867  3060.84375  0.08
2868  3060.84375  0.08
2869  3060.84375  0.08
2870  3060.84375  0.08
2871  3060.84375  0.08
2872  3060.84375  0.08
2873  3060.84375  0.08
2874  3060.84375  0.08
2875  3060.84375  0.08
2876  3060.84375  0.08
2877  3060.84375  0.08
2878  3060.84375  0.08
2879  3060.84375  0.08
2880  3060.84375  0.08
2881  3060.84375  0.08
2882  3060.84375  0.08
2883  3060.84375  0.08
2884  3060.84375  0.08
2885  3060.84375  0.08
2886  3060.84375  0.08
2887  3060.84375  0.08
2888  3060.84375  0.08
2889  3060.84375  0.08
2890  3060.84375  0.08
2891  3060.84375  0.08
2892  3060.84375  0.08
2893  3060.84375  0.08
2894  3060.84375  0.08
2895  3060.84375  0.08
2896  3060.84375  0.08
2897  3060.84375  0.08
2898  3060.84375  0.08
2899  3060.84375  0.08
2900  3060.84375  0.08
2901  3060.84375  0.08
2902  3060.84375  0.08
2903  3060.84375  0.08
2904  3060.84375  0.08
2905  3060.84375  0.08
2906  3060.84375  0.08
2907  3060.84375  0.08
2908  3060.84375  0.08
2909  3060.84375  0.08
2910  3060.84375  0.08
2911  3060.84375  0.08
2912  3060.84375  0.08
2913  3060.84375  0.08
2914  3060.84375  0.08
2915  3060.84375  0.08
2916  3060.84375  0.08
2917  3060.84375  0.08
2918  3060.84375  0.08
2919  3060.84375  0.08
2920  3060.84375  0.08
2921  3060.84375  0.08
2922  3060.84375  0.08
2923  3060.84375  0.08
2924  3060.84375  0.08
2925  3060.84375  0.08
2926  3060.84375  0.08
2927  3060.84375  0.08
2928  3060.84375  0.08
2929  3060.84375  0.08
2930  3060.84375  0.08
2931  3060.84375  0.08
2932  3060.84375  0.08
2933  3060.84375  0.08
2934  3060.84375  0.08
2935  3060.84375  0.08
2936  3060.84375  0.08
2937  3060.84375  0.08
2938  3060.84375  0.08
2939  3060.84375  0.08
2940  3060.84375  0.08
2941  3060.84375  0.08
2942  3060.84375  0.08
2943  3060.84375  0.08
2944  3060.84375  0.08
2945  3060.84375  0.08
2946  3060.84375  0.08
2947  3060.84375  0.08
2948  3060.84375  0.08
2949  3060.84375  0.08
2950  3060.84375  0.08
2951  3060.84375  0.08
2952  3060.84375  0.08
2953  3060.84375  0.08
2954  3060.84375  0.08
2955  3060.84375  0.08
2956  3060.84375  0.08
2957  3060.84375  0.08
2958  3060.84375  0.08
2959  3060.84375  0.08
2960  3060.84375  0.08
2961  3060.84375  0.08
2962  3060.84375  0.08
2963  3060.84375  0.08
2964  3060.84375  0.08
2965  3060.84375  0.08
2966  3060.84375  0.08
2967  3060.84375  0.08
2968  3060.84375  0.08
2969  3060.84375  0.08
2970  3060.84375  0.08
2971  3060.84375  0.08
2972  3060.84375  0.08
2973  3060.84375  0.08
2974  3060.84375  0.08
2975  3060.84375  0.08
2976  3060.84375  0.08
2977  3060.84375  0.08
2978  3060.84375  0.08
2979  3060.84375  0.08
2980  3060.84375  0.08
2981  3060.84375  0.08
2982  3060.84375  0.08
2983  3060.84375  0.08
2984  3060.84375  0.08
2985  3060.84375  0.08
2986  3060.84375  0.08
2987  3060.84375  0.08
2988  3060.84375  0.08
2989  3060.84375  0.08
2990  3060.84375  0.08
2991  3060.84375  0.08
2992  3060.84375  0.08
2993  3060.84375  0.08
2994  3060.84375  0.08
2995  3060.84375  0.08
2996  3060.84375  0.08
2997  3060.84375  0.08
2998  3060.84375  0.08
2999  3060.84375  0.08
#[-9, -9, -3, 3, 7, 7, 7, 7, 7, 9]
#[5, 7, 7, 7, 7, 7, 7, 7, 7, 9]
#[1, 7, 7, 7, 7, 7, 7, 7, 7, 7]
#[-2, 7, 7, 7, 7, 7, 7, 7, 7, 7]
#[-1, 7, 7, 7, 7, 7, 7, 7, 7, 7]
#[7, 7, 7, 7, 7, 7, 7, 7, 7, 7]
#[7, 7, 7, 7, 7, 7, 7, 7, 7, 7]
#[-2, 7, 7, 7, 7, 7, 7, 7, 7, 7]
#[-9, -8, 7, 7, 7, 7, 7, 7, 7, 8]
#Specialization index= [5, 7, 0.13157894736842105]
