#[7, 7, 4, 2, 2, 5, 9, 9, 0, 3]
#[6, 5, 9, 1, 6, 7, 7, 6, 2, 0]
#[3, 5, 9, 8, 1, 1, 6, 7, 3, 1]
#[3, 3, 4, 6, 4, 9, 8, 6, 1, 1]
#[4, 4, 4, 3, 6, 9, 2, 9, 7, 8]
#[9, 9, 1, 7, 5, 6, 7, 8, 7, 7]
#[7, 9, 3, 2, 0, 8, 0, 7, 6, 3]
#[4, 7, 5, 8, 9, 1, 8, 2, 7, 5]
#[6, 5, 0, 7, 2, 9, 3, 8, 8, 9]
0  2314.0  0.14
1  2314.0  0.14
2  2314.0  0.14
3  2314.0  0.14
4  2314.0  0.14
5  2314.0  0.14
6  2314.0  0.14
7  2314.0  0.14
8  2383.0  0.09
9  2383.0  0.09
10  2383.0  0.09
11  2383.0  0.09
12  2383.0  0.09
13  2383.0  0.09
14  2383.0  0.09
15  2383.0  0.09
16  2383.0  0.09
17  2383.0  0.09
18  2544.0  0.08
19  2544.0  0.08
20  2544.0  0.08
21  2544.0  0.08
22  2544.0  0.08
23  2544.0  0.08
24  2554.0  0.08
25  2554.0  0.08
26  2554.0  0.08
27  2554.0  0.08
28  2554.0  0.08
29  2554.0  0.08
30  2554.0  0.08
31  2554.0  0.08
32  2554.0  0.08
33  2554.0  0.08
34  2554.0  0.08
35  2554.0  0.08
36  2554.0  0.08
37  2554.0  0.08
38  2554.0  0.08
39  2554.0  0.08
40  2554.0  0.08
41  2554.0  0.08
42  2554.0  0.08
43  2554.0  0.08
44  2554.0  0.08
45  2554.0  0.08
46  2554.0  0.08
47  2554.0  0.08
48  2554.0  0.08
49  2554.0  0.08
50  2554.0  0.08
51  2554.0  0.08
52  2554.0  0.08
53  2554.0  0.08
54  2554.0  0.08
55  2554.0  0.08
56  2554.0  0.08
57  2554.0  0.08
58  2554.0  0.08
59  2554.0  0.08
60  2554.0  0.08
61  2554.0  0.08
62  2554.0  0.08
63  2554.0  0.08
64  2554.0  0.08
65  2554.0  0.08
66  2554.0  0.08
67  2554.0  0.08
68  2609.0  0.06
69  2609.0  0.06
70  2609.0  0.06
71  2609.0  0.06
72  2609.0  0.06
73  2609.0  0.06
74  2609.0  0.06
75  2609.0  0.06
76  2609.0  0.06
77  2609.0  0.06
78  2609.0  0.06
79  2609.0  0.06
80  2609.0  0.06
81  2609.0  0.06
82  2609.0  0.06
83  2609.0  0.06
84  2609.0  0.06
85  2609.0  0.06
86  2609.0  0.06
87  2609.0  0.06
88  2609.0  0.06
89  2609.0  0.06
90  2609.0  0.06
91  2609.0  0.06
92  2609.0  0.06
93  2609.0  0.06
94  2609.0  0.06
95  2609.0  0.06
96  2609.0  0.06
97  2609.0  0.06
98  2609.0  0.06
99  2609.0  0.06
100  2609.0  0.06
101  2609.0  0.06
102  2609.0  0.06
103  2609.0  0.06
104  2609.0  0.06
105  2609.0  0.06
106  2609.0  0.06
107  2609.0  0.06
108  2609.0  0.06
109  2609.0  0.06
110  2609.0  0.06
111  2609.0  0.06
112  2609.0  0.06
113  2609.0  0.06
114  2609.0  0.06
115  2609.0  0.06
116  2609.0  0.06
117  2609.0  0.06
118  2609.0  0.06
119  2609.0  0.06
120  2609.0  0.06
121  2609.0  0.06
122  2609.0  0.06
123  2609.0  0.06
124  2609.0  0.06
125  2609.0  0.06
126  2609.0  0.06
127  2609.0  0.06
128  2609.0  0.06
129  2609.0  0.06
130  2609.0  0.06
131  2609.0  0.06
132  2609.0  0.06
133  2609.0  0.06
134  2609.0  0.06
135  2609.0  0.06
136  2609.0  0.06
137  2609.0  0.06
138  2609.0  0.06
139  2609.0  0.06
140  2609.0  0.06
141  2609.0  0.06
142  2609.0  0.06
143  2609.0  0.06
144  2609.0  0.06
145  2609.0  0.06
146  2609.0  0.06
147  2609.0  0.06
148  2609.0  0.06
149  2609.0  0.06
150  2609.0  0.06
151  2609.0  0.06
152  2609.0  0.06
153  2609.0  0.06
154  2609.0  0.06
155  2609.0  0.06
156  2609.0  0.06
157  2609.0  0.06
158  2609.0  0.06
159  2609.0  0.06
160  2609.0  0.06
161  2609.0  0.06
162  2609.0  0.06
163  2609.0  0.06
164  2609.0  0.06
165  2630.0  0.06
166  2630.0  0.06
167  2630.0  0.06
168  2630.0  0.06
169  2630.0  0.06
170  2630.0  0.06
171  2630.0  0.06
172  2630.0  0.06
173  2630.0  0.06
174  2630.0  0.06
175  2630.0  0.06
176  2630.0  0.06
177  2630.0  0.06
178  2630.0  0.06
179  2630.0  0.06
180  2630.0  0.06
181  2630.0  0.06
182  2630.0  0.06
183  2630.0  0.06
184  2630.0  0.06
185  2630.0  0.06
186  2630.0  0.06
187  2630.0  0.06
188  2630.0  0.06
189  2630.0  0.06
190  2630.0  0.06
191  2630.0  0.06
192  2630.0  0.06
193  2630.0  0.06
194  2630.0  0.06
195  2630.0  0.06
196  2630.0  0.06
197  2630.0  0.06
198  2630.0  0.06
199  2630.0  0.06
200  2630.0  0.06
201  2630.0  0.06
202  2630.0  0.06
203  2630.0  0.06
204  2630.0  0.06
205  2630.0  0.06
206  2630.0  0.06
207  2630.0  0.06
208  2630.0  0.06
209  2630.0  0.06
210  2630.0  0.06
211  2630.0  0.06
212  2630.0  0.06
213  2630.0  0.06
214  2630.0  0.06
215  2630.0  0.06
216  2630.0  0.06
217  2630.0  0.06
218  2630.0  0.06
219  2630.0  0.06
220  2630.0  0.06
221  2630.0  0.06
222  2630.0  0.06
223  2630.0  0.06
224  2630.0  0.06
225  2630.0  0.06
226  2630.0  0.06
227  2630.0  0.06
228  2630.0  0.06
229  2630.0  0.06
230  2630.0  0.06
231  2630.0  0.06
232  2630.0  0.06
233  2630.0  0.06
234  2630.0  0.06
235  2630.0  0.06
236  2630.0  0.06
237  2630.0  0.06
238  2630.0  0.06
239  2630.0  0.06
240  2630.0  0.06
241  2630.0  0.06
242  2630.0  0.06
243  2630.0  0.06
244  2630.0  0.06
245  2630.0  0.06
246  2630.0  0.06
247  2630.0  0.06
248  2630.0  0.06
249  2630.0  0.06
250  2630.0  0.06
251  2630.0  0.06
252  2630.0  0.06
253  2630.0  0.06
254  2630.0  0.06
255  2630.0  0.06
256  2630.0  0.06
257  2630.0  0.06
258  2630.0  0.06
259  2630.0  0.06
260  2630.0  0.06
261  2630.0  0.06
262  2630.0  0.06
263  2630.0  0.06
264  2630.0  0.06
265  2630.0  0.06
266  2630.0  0.06
267  2630.0  0.06
268  2630.0  0.06
269  2630.0  0.06
270  2630.0  0.06
271  2630.0  0.06
272  2630.0  0.06
273  2630.0  0.06
274  2630.0  0.06
275  2630.0  0.06
276  2630.0  0.06
277  2630.0  0.06
278  2630.0  0.06
279  2630.0  0.06
280  2630.0  0.06
281  2630.0  0.06
282  2630.0  0.06
283  2630.0  0.06
284  2630.0  0.06
285  2630.0  0.06
286  2630.0  0.06
287  2630.0  0.06
288  2630.0  0.06
289  2630.0  0.06
290  2630.0  0.06
291  2630.0  0.06
292  2630.0  0.06
293  2630.0  0.06
294  2630.0  0.06
295  2630.0  0.06
296  2630.0  0.06
297  2630.0  0.06
298  2630.0  0.06
299  2630.0  0.06
300  2630.0  0.06
301  2630.0  0.06
302  2630.0  0.06
303  2630.0  0.06
304  2630.0  0.06
305  2630.0  0.06
306  2630.0  0.06
307  2630.0  0.06
308  2630.0  0.06
309  2630.0  0.06
310  2630.0  0.06
311  2630.0  0.06
312  2630.0  0.06
313  2630.0  0.06
314  2630.0  0.06
315  2630.0  0.06
316  2630.0  0.06
317  2630.0  0.06
318  2630.0  0.06
319  2630.0  0.06
320  2630.0  0.06
321  2630.0  0.06
322  2630.0  0.06
323  2630.0  0.06
324  2630.0  0.06
325  2630.0  0.06
326  2630.0  0.06
327  2630.0  0.06
328  2630.0  0.06
329  2630.0  0.06
330  2630.0  0.06
331  2630.0  0.06
332  2630.0  0.06
333  2630.0  0.06
334  2630.0  0.06
335  2630.0  0.06
336  2630.0  0.06
337  2630.0  0.06
338  2630.0  0.06
339  2630.0  0.06
340  2630.0  0.06
341  2630.0  0.06
342  2630.0  0.06
343  2630.0  0.06
344  2630.0  0.06
345  2630.0  0.06
346  2630.0  0.06
347  2630.0  0.06
348  2630.0  0.06
349  2630.0  0.06
350  2630.0  0.06
351  2630.0  0.06
352  2630.0  0.06
353  2630.0  0.06
354  2630.0  0.06
355  2630.0  0.06
356  2630.0  0.06
357  2630.0  0.06
358  2630.0  0.06
359  2630.0  0.06
360  2630.0  0.06
361  2630.0  0.06
362  2630.0  0.06
363  2630.0  0.06
364  2630.0  0.06
365  2630.0  0.06
366  2630.0  0.06
367  2630.0  0.06
368  2630.0  0.06
369  2630.0  0.06
370  2630.0  0.06
371  2630.0  0.06
372  2630.0  0.06
373  2630.0  0.06
374  2630.0  0.06
375  2630.0  0.06
376  2630.0  0.06
377  2630.0  0.06
378  2630.0  0.06
379  2630.0  0.06
380  2630.0  0.06
381  2630.0  0.06
382  2630.0  0.06
383  2630.0  0.06
384  2630.0  0.06
385  2630.0  0.06
386  2630.0  0.06
387  2630.0  0.06
388  2630.0  0.06
389  2630.0  0.06
390  2630.0  0.06
391  2630.0  0.06
392  2630.0  0.06
393  2630.0  0.06
394  2630.0  0.06
395  2630.0  0.06
396  2630.0  0.06
397  2630.0  0.06
398  2630.0  0.06
399  2630.0  0.06
400  2630.0  0.06
401  2630.0  0.06
402  2630.0  0.06
403  2630.0  0.06
404  2630.0  0.06
405  2630.0  0.06
406  2630.0  0.06
407  2630.0  0.06
408  2630.0  0.06
409  2630.0  0.06
410  2630.0  0.06
411  2630.0  0.06
412  2630.0  0.06
413  2630.0  0.06
414  2630.0  0.06
415  2630.0  0.06
416  2630.0  0.06
417  2630.0  0.06
418  2630.0  0.06
419  2630.0  0.06
420  2630.0  0.06
421  2630.0  0.06
422  2630.0  0.06
423  2630.0  0.06
424  2630.0  0.06
425  2630.0  0.06
426  2630.0  0.06
427  2630.0  0.06
428  2630.0  0.06
429  2630.0  0.06
430  2630.0  0.06
431  2630.0  0.06
432  2630.0  0.06
433  2630.0  0.06
434  2630.0  0.06
435  2630.0  0.06
436  2630.0  0.06
437  2630.0  0.06
438  2630.0  0.06
439  2630.0  0.06
440  2630.0  0.06
441  2630.0  0.06
442  2630.0  0.06
443  2630.0  0.06
444  2630.0  0.06
445  2630.0  0.06
446  2630.0  0.06
447  2630.0  0.06
448  2630.0  0.06
449  2630.0  0.06
450  2630.0  0.06
451  2630.0  0.06
452  2630.0  0.06
453  2630.0  0.06
454  2630.0  0.06
455  2630.0  0.06
456  2630.0  0.06
457  2630.0  0.06
458  2630.0  0.06
459  2630.0  0.06
460  2630.0  0.06
461  2630.0  0.06
462  2630.0  0.06
463  2630.0  0.06
464  2630.0  0.06
465  2630.0  0.06
466  2630.0  0.06
467  2630.0  0.06
468  2630.0  0.06
469  2630.0  0.06
470  2630.0  0.06
471  2630.0  0.06
472  2630.0  0.06
473  2630.0  0.06
474  2630.0  0.06
475  2630.0  0.06
476  2630.0  0.06
477  2630.0  0.06
478  2630.0  0.06
479  2630.0  0.06
480  2630.0  0.06
481  2630.0  0.06
482  2630.0  0.06
483  2630.0  0.06
484  2630.0  0.06
485  2630.0  0.06
486  2630.0  0.06
487  2630.0  0.06
488  2630.0  0.06
489  2630.0  0.06
490  2630.0  0.06
491  2630.0  0.06
492  2630.0  0.06
493  2630.0  0.06
494  2630.0  0.06
495  2630.0  0.06
496  2630.0  0.06
497  2630.0  0.06
498  2630.0  0.06
499  2630.0  0.06
500  2630.0  0.06
501  2630.0  0.06
502  2630.0  0.06
503  2630.0  0.06
504  2630.0  0.06
505  2630.0  0.06
506  2630.0  0.06
507  2630.0  0.06
508  2630.0  0.06
509  2630.0  0.06
510  2630.0  0.06
511  2630.0  0.06
512  2630.0  0.06
513  2630.0  0.06
514  2630.0  0.06
515  2630.0  0.06
516  2630.0  0.06
517  2630.0  0.06
518  2630.0  0.06
519  2630.0  0.06
520  2630.0  0.06
521  2630.0  0.06
522  2630.0  0.06
523  2630.0  0.06
524  2630.0  0.06
525  2630.0  0.06
526  2630.0  0.06
527  2630.0  0.06
528  2630.0  0.06
529  2630.0  0.06
530  2630.0  0.06
531  2630.0  0.06
532  2630.0  0.06
533  2630.0  0.06
534  2630.0  0.06
535  2630.0  0.06
536  2630.0  0.06
537  2630.0  0.06
538  2630.0  0.06
539  2630.0  0.06
540  2630.0  0.06
541  2630.0  0.06
542  2630.0  0.06
543  2630.0  0.06
544  2630.0  0.06
545  2630.0  0.06
546  2630.0  0.06
547  2630.0  0.06
548  2630.0  0.06
549  2630.0  0.06
550  2630.0  0.06
551  2630.0  0.06
552  2630.0  0.06
553  2630.0  0.06
554  2630.0  0.06
555  2630.0  0.06
556  2630.0  0.06
557  2630.0  0.06
558  2630.0  0.06
559  2630.0  0.06
560  2630.0  0.06
561  2630.0  0.06
562  2630.0  0.06
563  2630.0  0.06
564  2630.0  0.06
565  2630.0  0.06
566  2630.0  0.06
567  2630.0  0.06
568  2630.0  0.06
569  2630.0  0.06
570  2630.0  0.06
571  2630.0  0.06
572  2630.0  0.06
573  2630.0  0.06
574  2630.0  0.06
575  2630.0  0.06
576  2630.0  0.06
577  2630.0  0.06
578  2630.0  0.06
579  2630.0  0.06
580  2630.0  0.06
581  2630.0  0.06
582  2630.0  0.06
583  2630.0  0.06
584  2630.0  0.06
585  2630.0  0.06
586  2630.0  0.06
587  2630.0  0.06
588  2630.0  0.06
589  2630.0  0.06
590  2630.0  0.06
591  2630.0  0.06
592  2630.0  0.06
593  2630.0  0.06
594  2630.0  0.06
595  2630.0  0.06
596  2630.0  0.06
597  2630.0  0.06
598  2630.0  0.06
599  2630.0  0.06
600  2630.0  0.06
601  2630.0  0.06
602  2630.0  0.06
603  2630.0  0.06
604  2630.0  0.06
605  2630.0  0.06
606  2630.0  0.06
607  2630.0  0.06
608  2630.0  0.06
609  2630.0  0.06
610  2630.0  0.06
611  2630.0  0.06
612  2630.0  0.06
613  2630.0  0.06
614  2630.0  0.06
615  2630.0  0.06
616  2630.0  0.06
617  2630.0  0.06
618  2630.0  0.06
619  2630.0  0.06
620  2630.0  0.06
621  2630.0  0.06
622  2630.0  0.06
623  2630.0  0.06
624  2630.0  0.06
625  2630.0  0.06
626  2630.0  0.06
627  2630.0  0.06
628  2630.0  0.06
629  2630.0  0.06
630  2630.0  0.06
631  2630.0  0.06
632  2630.0  0.06
633  2630.0  0.06
634  2630.0  0.06
635  2630.0  0.06
636  2630.0  0.06
637  2630.0  0.06
638  2630.0  0.06
639  2630.0  0.06
640  2630.0  0.06
641  2630.0  0.06
642  2630.0  0.06
643  2630.0  0.06
644  2630.0  0.06
645  2630.0  0.06
646  2630.0  0.06
647  2630.0  0.06
648  2630.0  0.06
649  2630.0  0.06
650  2630.0  0.06
651  2630.0  0.06
652  2630.0  0.06
653  2630.0  0.06
654  2630.0  0.06
655  2630.0  0.06
656  2630.0  0.06
657  2630.0  0.06
658  2630.0  0.06
659  2630.0  0.06
660  2630.0  0.06
661  2630.0  0.06
662  2630.0  0.06
663  2630.0  0.06
664  2630.0  0.06
665  2630.0  0.06
666  2630.0  0.06
667  2630.0  0.06
668  2630.0  0.06
669  2630.0  0.06
670  2630.0  0.06
671  2630.0  0.06
672  2630.0  0.06
673  2630.0  0.06
674  2630.0  0.06
675  2630.0  0.06
676  2630.0  0.06
677  2630.0  0.06
678  2630.0  0.06
679  2630.0  0.06
680  2630.0  0.06
681  2630.0  0.06
682  2630.0  0.06
683  2630.0  0.06
684  2630.0  0.06
685  2630.0  0.06
686  2630.0  0.06
687  2630.0  0.06
688  2630.0  0.06
689  2630.0  0.06
690  2630.0  0.06
691  2630.0  0.06
692  2630.0  0.06
693  2630.0  0.06
694  2630.0  0.06
695  2630.0  0.06
696  2630.0  0.06
697  2630.0  0.06
698  2630.0  0.06
699  2630.0  0.06
700  2630.0  0.06
701  2630.0  0.06
702  2630.0  0.06
703  2628.0  0.06
704  2628.0  0.06
705  2628.0  0.06
706  2628.0  0.06
707  2628.0  0.06
708  2628.0  0.06
709  2628.0  0.06
710  2628.0  0.06
711  2628.0  0.06
712  2628.0  0.06
713  2628.0  0.06
714  2628.0  0.06
715  2628.0  0.06
716  2628.0  0.06
717  2628.0  0.06
718  2628.0  0.06
719  2628.0  0.06
720  2628.0  0.06
721  2628.0  0.06
722  2628.0  0.06
723  2628.0  0.06
724  2628.0  0.06
725  2628.0  0.06
726  2628.0  0.06
727  2628.0  0.06
728  2628.0  0.06
729  2628.0  0.06
730  2628.0  0.06
731  2628.0  0.06
732  2628.0  0.06
733  2628.0  0.06
734  2628.0  0.06
735  2628.0  0.06
736  2628.0  0.06
737  2628.0  0.06
738  2628.0  0.06
739  2628.0  0.06
740  2628.0  0.06
741  2628.0  0.06
742  2628.0  0.06
743  2628.0  0.06
744  2628.0  0.06
745  2628.0  0.06
746  2628.0  0.06
747  2628.0  0.06
748  2628.0  0.06
749  2628.0  0.06
750  2628.0  0.06
751  2628.0  0.06
752  2628.0  0.06
753  2628.0  0.06
754  2628.0  0.06
755  2628.0  0.06
756  2628.0  0.06
757  2628.0  0.06
758  2628.0  0.06
759  2628.0  0.06
760  2628.0  0.06
761  2628.0  0.06
762  2628.0  0.06
763  2628.0  0.06
764  2628.0  0.06
765  2628.0  0.06
766  2628.0  0.06
767  2628.0  0.06
768  2628.0  0.06
769  2628.0  0.06
770  2628.0  0.06
771  2628.0  0.06
772  2628.0  0.06
773  2628.0  0.06
774  2628.0  0.06
775  2628.0  0.06
776  2628.0  0.06
777  2628.0  0.06
778  2628.0  0.06
779  2628.0  0.06
780  2628.0  0.06
781  2628.0  0.06
782  2628.0  0.06
783  2628.0  0.06
784  2628.0  0.06
785  2628.0  0.06
786  2628.0  0.06
787  2628.0  0.06
788  2628.0  0.06
789  2628.0  0.06
790  2628.0  0.06
791  2628.0  0.06
792  2628.0  0.06
793  2628.0  0.06
794  2628.0  0.06
795  2628.0  0.06
796  2628.0  0.06
797  2628.0  0.06
798  2628.0  0.06
799  2628.0  0.06
800  2628.0  0.06
801  2628.0  0.06
802  2628.0  0.06
803  2628.0  0.06
804  2628.0  0.06
805  2628.0  0.06
806  2628.0  0.06
807  2628.0  0.06
808  2628.0  0.06
809  2628.0  0.06
810  2628.0  0.06
811  2628.0  0.06
812  2628.0  0.06
813  2628.0  0.06
814  2628.0  0.06
815  2628.0  0.06
816  2628.0  0.06
817  2628.0  0.06
818  2628.0  0.06
819  2628.0  0.06
820  2628.0  0.06
821  2628.0  0.06
822  2628.0  0.06
823  2628.0  0.06
824  2628.0  0.06
825  2628.0  0.06
826  2628.0  0.06
827  2628.0  0.06
828  2628.0  0.06
829  2628.0  0.06
830  2628.0  0.06
831  2628.0  0.06
832  2628.0  0.06
833  2628.0  0.06
834  2628.0  0.06
835  2628.0  0.06
836  2628.0  0.06
837  2628.0  0.06
838  2628.0  0.06
839  2628.0  0.06
840  2628.0  0.06
841  2628.0  0.06
842  2628.0  0.06
843  2628.0  0.06
844  2628.0  0.06
845  2628.0  0.06
846  2628.0  0.06
847  2628.0  0.06
848  2628.0  0.06
849  2628.0  0.06
850  2628.0  0.06
851  2628.0  0.06
852  2628.0  0.06
853  2628.0  0.06
854  2628.0  0.06
855  2628.0  0.06
856  2628.0  0.06
857  2628.0  0.06
858  2628.0  0.06
859  2628.0  0.06
860  2628.0  0.06
861  2625.0  0.06
862  2625.0  0.06
863  2625.0  0.06
864  2625.0  0.06
865  2625.0  0.06
866  2625.0  0.06
867  2625.0  0.06
868  2625.0  0.06
869  2625.0  0.06
870  2625.0  0.06
871  2625.0  0.06
872  2625.0  0.06
873  2625.0  0.06
874  2625.0  0.06
875  2625.0  0.06
876  2625.0  0.06
877  2625.0  0.06
878  2625.0  0.06
879  2625.0  0.06
880  2625.0  0.06
881  2625.0  0.06
882  2625.0  0.06
883  2625.0  0.06
884  2625.0  0.06
885  2625.0  0.06
886  2625.0  0.06
887  2625.0  0.06
888  2625.0  0.06
889  2625.0  0.06
890  2625.0  0.06
891  2625.0  0.06
892  2625.0  0.06
893  2625.0  0.06
894  2625.0  0.06
895  2625.0  0.06
896  2625.0  0.06
897  2625.0  0.06
898  2625.0  0.06
899  2625.0  0.06
900  2625.0  0.06
901  2625.0  0.06
902  2625.0  0.06
903  2625.0  0.06
904  2625.0  0.06
905  2625.0  0.06
906  2625.0  0.06
907  2625.0  0.06
908  2625.0  0.06
909  2625.0  0.06
910  2625.0  0.06
911  2625.0  0.06
912  2625.0  0.06
913  2625.0  0.06
914  2625.0  0.06
915  2625.0  0.06
916  2625.0  0.06
917  2625.0  0.06
918  2625.0  0.06
919  2625.0  0.06
920  2625.0  0.06
921  2625.0  0.06
922  2625.0  0.06
923  2625.0  0.06
924  2625.0  0.06
925  2625.0  0.06
926  2625.0  0.06
927  2625.0  0.06
928  2625.0  0.06
929  2625.0  0.06
930  2625.0  0.06
931  2625.0  0.06
932  2625.0  0.06
933  2625.0  0.06
934  2625.0  0.06
935  2625.0  0.06
936  2625.0  0.06
937  2625.0  0.06
938  2625.0  0.06
939  2625.0  0.06
940  2625.0  0.06
941  2625.0  0.06
942  2625.0  0.06
943  2625.0  0.06
944  2625.0  0.06
945  2625.0  0.06
946  2625.0  0.06
947  2625.0  0.06
948  2625.0  0.06
949  2625.0  0.06
950  2625.0  0.06
951  2625.0  0.06
952  2625.0  0.06
953  2625.0  0.06
954  2625.0  0.06
955  2625.0  0.06
956  2625.0  0.06
957  2625.0  0.06
958  2625.0  0.06
959  2625.0  0.06
960  2625.0  0.06
961  2625.0  0.06
962  2625.0  0.06
963  2625.0  0.06
964  2625.0  0.06
965  2625.0  0.06
966  2625.0  0.06
967  2625.0  0.06
968  2625.0  0.06
969  2625.0  0.06
970  2625.0  0.06
971  2625.0  0.06
972  2625.0  0.06
973  2625.0  0.06
974  2625.0  0.06
975  2625.0  0.06
976  2625.0  0.06
977  2625.0  0.06
978  2625.0  0.06
979  2625.0  0.06
980  2625.0  0.06
981  2625.0  0.06
982  2625.0  0.06
983  2625.0  0.06
984  2625.0  0.06
985  2625.0  0.06
986  2625.0  0.06
987  2625.0  0.06
988  2625.0  0.06
989  2625.0  0.06
990  2625.0  0.06
991  2625.0  0.06
992  2625.0  0.06
993  2625.0  0.06
994  2625.0  0.06
995  2625.0  0.06
996  2625.0  0.06
997  2625.0  0.06
998  2625.0  0.06
999  2625.0  0.06
1000  2625.0  0.06
1001  2625.0  0.06
1002  2625.0  0.06
1003  2625.0  0.06
1004  2625.0  0.06
1005  2625.0  0.06
1006  2625.0  0.06
1007  2625.0  0.06
1008  2625.0  0.06
1009  2625.0  0.06
1010  2625.0  0.06
1011  2625.0  0.06
1012  2625.0  0.06
1013  2625.0  0.06
1014  2625.0  0.06
1015  2625.0  0.06
1016  2625.0  0.06
1017  2625.0  0.06
1018  2625.0  0.06
1019  2625.0  0.06
1020  2625.0  0.06
1021  2625.0  0.06
1022  2625.0  0.06
1023  2625.0  0.06
1024  2625.0  0.06
1025  2625.0  0.06
1026  2625.0  0.06
1027  2625.0  0.06
1028  2625.0  0.06
1029  2625.0  0.06
1030  2625.0  0.06
1031  2625.0  0.06
1032  2625.0  0.06
1033  2625.0  0.06
1034  2625.0  0.06
1035  2625.0  0.06
1036  2625.0  0.06
1037  2625.0  0.06
1038  2625.0  0.06
1039  2625.0  0.06
1040  2625.0  0.06
1041  2625.0  0.06
1042  2625.0  0.06
1043  2625.0  0.06
1044  2625.0  0.06
1045  2625.0  0.06
1046  2625.0  0.06
1047  2625.0  0.06
1048  2625.0  0.06
1049  2625.0  0.06
1050  2625.0  0.06
1051  2625.0  0.06
1052  2625.0  0.06
1053  2625.0  0.06
1054  2625.0  0.06
1055  2625.0  0.06
1056  2625.0  0.06
1057  2625.0  0.06
1058  2625.0  0.06
1059  2625.0  0.06
1060  2625.0  0.06
1061  2625.0  0.06
1062  2625.0  0.06
1063  2625.0  0.06
1064  2625.0  0.06
1065  2625.0  0.06
1066  2625.0  0.06
1067  2625.0  0.06
1068  2625.0  0.06
1069  2625.0  0.06
1070  2625.0  0.06
1071  2625.0  0.06
1072  2625.0  0.06
1073  2625.0  0.06
1074  2625.0  0.06
1075  2625.0  0.06
1076  2625.0  0.06
1077  2625.0  0.06
1078  2625.0  0.06
1079  2625.0  0.06
1080  2625.0  0.06
1081  2625.0  0.06
1082  2625.0  0.06
1083  2625.0  0.06
1084  2625.0  0.06
1085  2625.0  0.06
1086  2625.0  0.06
1087  2625.0  0.06
1088  2625.0  0.06
1089  2625.0  0.06
1090  2625.0  0.06
1091  2625.0  0.06
1092  2625.0  0.06
1093  2625.0  0.06
1094  2625.0  0.06
1095  2625.0  0.06
1096  2625.0  0.06
1097  2625.0  0.06
1098  2625.0  0.06
1099  2625.0  0.06
1100  2625.0  0.06
1101  2625.0  0.06
1102  2625.0  0.06
1103  2625.0  0.06
1104  2625.0  0.06
1105  2625.0  0.06
1106  2625.0  0.06
1107  2625.0  0.06
1108  2625.0  0.06
1109  2625.0  0.06
1110  2625.0  0.06
1111  2625.0  0.06
1112  2625.0  0.06
1113  2625.0  0.06
1114  2625.0  0.06
1115  2625.0  0.06
1116  2625.0  0.06
1117  2625.0  0.06
1118  2625.0  0.06
1119  2625.0  0.06
1120  2625.0  0.06
1121  2625.0  0.06
1122  2625.0  0.06
1123  2625.0  0.06
1124  2625.0  0.06
1125  2625.0  0.06
1126  2625.0  0.06
1127  2625.0  0.06
1128  2625.0  0.06
1129  2625.0  0.06
1130  2625.0  0.06
1131  2625.0  0.06
1132  2625.0  0.06
1133  2625.0  0.06
1134  2625.0  0.06
1135  2625.0  0.06
1136  2625.0  0.06
1137  2625.0  0.06
1138  2625.0  0.06
1139  2625.0  0.06
1140  2625.0  0.06
1141  2625.0  0.06
1142  2625.0  0.06
1143  2625.0  0.06
1144  2625.0  0.06
1145  2625.0  0.06
1146  2625.0  0.06
1147  2625.0  0.06
1148  2625.0  0.06
1149  2625.0  0.06
1150  2625.0  0.06
1151  2625.0  0.06
1152  2625.0  0.06
1153  2625.0  0.06
1154  2625.0  0.06
1155  2625.0  0.06
1156  2625.0  0.06
1157  2625.0  0.06
1158  2625.0  0.06
1159  2625.0  0.06
1160  2625.0  0.06
1161  2625.0  0.06
1162  2625.0  0.06
1163  2625.0  0.06
1164  2625.0  0.06
1165  2625.0  0.06
1166  2625.0  0.06
1167  2625.0  0.06
1168  2625.0  0.06
1169  2625.0  0.06
1170  2625.0  0.06
1171  2625.0  0.06
1172  2625.0  0.06
1173  2625.0  0.06
1174  2625.0  0.06
1175  2625.0  0.06
1176  2625.0  0.06
1177  2625.0  0.06
1178  2625.0  0.06
1179  2625.0  0.06
1180  2625.0  0.06
1181  2625.0  0.06
1182  2625.0  0.06
1183  2625.0  0.06
1184  2625.0  0.06
1185  2625.0  0.06
1186  2625.0  0.06
1187  2625.0  0.06
1188  2625.0  0.06
1189  2625.0  0.06
1190  2625.0  0.06
1191  2625.0  0.06
1192  2625.0  0.06
1193  2625.0  0.06
1194  2625.0  0.06
1195  2625.0  0.06
1196  2625.0  0.06
1197  2625.0  0.06
1198  2625.0  0.06
1199  2625.0  0.06
1200  2625.0  0.06
1201  2625.0  0.06
1202  2625.0  0.06
1203  2625.0  0.06
1204  2625.0  0.06
1205  2625.0  0.06
1206  2625.0  0.06
1207  2625.0  0.06
1208  2625.0  0.06
1209  2625.0  0.06
1210  2625.0  0.06
1211  2625.0  0.06
1212  2625.0  0.06
1213  2625.0  0.06
1214  2625.0  0.06
1215  2625.0  0.06
1216  2625.0  0.06
1217  2625.0  0.06
1218  2625.0  0.06
1219  2625.0  0.06
1220  2667.0  0.04
1221  2667.0  0.04
1222  2667.0  0.04
1223  2667.0  0.04
1224  2667.0  0.04
1225  2667.0  0.04
1226  2667.0  0.04
1227  2667.0  0.04
1228  2667.0  0.04
1229  2667.0  0.04
1230  2667.0  0.04
1231  2667.0  0.04
1232  2667.0  0.04
1233  2667.0  0.04
1234  2667.0  0.04
1235  2667.0  0.04
1236  2667.0  0.04
1237  2667.0  0.04
1238  2667.0  0.04
1239  2667.0  0.04
1240  2667.0  0.04
1241  2667.0  0.04
1242  2667.0  0.04
1243  2667.0  0.04
1244  2667.0  0.04
1245  2667.0  0.04
1246  2667.0  0.04
1247  2667.0  0.04
1248  2667.0  0.04
1249  2667.0  0.04
1250  2667.0  0.04
1251  2667.0  0.04
1252  2667.0  0.04
1253  2667.0  0.04
1254  2667.0  0.04
1255  2667.0  0.04
1256  2667.0  0.04
1257  2667.0  0.04
1258  2667.0  0.04
1259  2667.0  0.04
1260  2667.0  0.04
1261  2667.0  0.04
1262  2667.0  0.04
1263  2667.0  0.04
1264  2667.0  0.04
1265  2667.0  0.04
1266  2667.0  0.04
1267  2667.0  0.04
1268  2667.0  0.04
1269  2667.0  0.04
1270  2667.0  0.04
1271  2667.0  0.04
1272  2667.0  0.04
1273  2667.0  0.04
1274  2667.0  0.04
1275  2667.0  0.04
1276  2667.0  0.04
1277  2667.0  0.04
1278  2667.0  0.04
1279  2667.0  0.04
1280  2667.0  0.04
1281  2667.0  0.04
1282  2667.0  0.04
1283  2667.0  0.04
1284  2667.0  0.04
1285  2667.0  0.04
1286  2667.0  0.04
1287  2667.0  0.04
1288  2667.0  0.04
1289  2667.0  0.04
1290  2667.0  0.04
1291  2667.0  0.04
1292  2667.0  0.04
1293  2667.0  0.04
1294  2667.0  0.04
1295  2667.0  0.04
1296  2667.0  0.04
1297  2667.0  0.04
1298  2667.0  0.04
1299  2667.0  0.04
1300  2667.0  0.04
1301  2667.0  0.04
1302  2667.0  0.04
1303  2667.0  0.04
1304  2667.0  0.04
1305  2667.0  0.04
1306  2667.0  0.04
1307  2667.0  0.04
1308  2667.0  0.04
1309  2667.0  0.04
1310  2667.0  0.04
1311  2667.0  0.04
1312  2667.0  0.04
1313  2667.0  0.04
1314  2667.0  0.04
1315  2667.0  0.04
1316  2667.0  0.04
1317  2667.0  0.04
1318  2667.0  0.04
1319  2667.0  0.04
1320  2667.0  0.04
1321  2667.0  0.04
1322  2667.0  0.04
1323  2667.0  0.04
1324  2667.0  0.04
1325  2667.0  0.04
1326  2667.0  0.04
1327  2667.0  0.04
1328  2667.0  0.04
1329  2667.0  0.04
1330  2667.0  0.04
1331  2667.0  0.04
1332  2667.0  0.04
1333  2667.0  0.04
1334  2667.0  0.04
1335  2667.0  0.04
1336  2667.0  0.04
1337  2667.0  0.04
1338  2667.0  0.04
1339  2667.0  0.04
1340  2667.0  0.04
1341  2667.0  0.04
1342  2667.0  0.04
1343  2667.0  0.04
1344  2667.0  0.04
1345  2667.0  0.04
1346  2667.0  0.04
1347  2667.0  0.04
1348  2667.0  0.04
1349  2667.0  0.04
1350  2667.0  0.04
1351  2667.0  0.04
1352  2667.0  0.04
1353  2667.0  0.04
1354  2667.0  0.04
1355  2667.0  0.04
1356  2667.0  0.04
1357  2667.0  0.04
1358  2667.0  0.04
1359  2667.0  0.04
1360  2667.0  0.04
1361  2667.0  0.04
1362  2667.0  0.04
1363  2667.0  0.04
1364  2667.0  0.04
1365  2667.0  0.04
1366  2667.0  0.04
1367  2667.0  0.04
1368  2667.0  0.04
1369  2667.0  0.04
1370  2667.0  0.04
1371  2667.0  0.04
1372  2667.0  0.04
1373  2667.0  0.04
1374  2667.0  0.04
1375  2667.0  0.04
1376  2667.0  0.04
1377  2667.0  0.04
1378  2667.0  0.04
1379  2667.0  0.04
1380  2667.0  0.04
1381  2667.0  0.04
1382  2667.0  0.04
1383  2667.0  0.04
1384  2667.0  0.04
1385  2667.0  0.04
1386  2667.0  0.04
1387  2667.0  0.04
1388  2667.0  0.04
1389  2667.0  0.04
1390  2667.0  0.04
1391  2667.0  0.04
1392  2667.0  0.04
1393  2667.0  0.04
1394  2667.0  0.04
1395  2667.0  0.04
1396  2667.0  0.04
1397  2667.0  0.04
1398  2667.0  0.04
1399  2667.0  0.04
1400  2667.0  0.04
1401  2667.0  0.04
1402  2667.0  0.04
1403  2667.0  0.04
1404  2667.0  0.04
1405  2667.0  0.04
1406  2667.0  0.04
1407  2667.0  0.04
1408  2667.0  0.04
1409  2667.0  0.04
1410  2667.0  0.04
1411  2667.0  0.04
1412  2667.0  0.04
1413  2667.0  0.04
1414  2667.0  0.04
1415  2667.0  0.04
1416  2667.0  0.04
1417  2667.0  0.04
1418  2667.0  0.04
1419  2667.0  0.04
1420  2667.0  0.04
1421  2667.0  0.04
1422  2667.0  0.04
1423  2667.0  0.04
1424  2667.0  0.04
1425  2667.0  0.04
1426  2667.0  0.04
1427  2667.0  0.04
1428  2667.0  0.04
1429  2667.0  0.04
1430  2667.0  0.04
1431  2667.0  0.04
1432  2667.0  0.04
1433  2667.0  0.04
1434  2667.0  0.04
1435  2667.0  0.04
1436  2667.0  0.04
1437  2667.0  0.04
1438  2667.0  0.04
1439  2667.0  0.04
1440  2667.0  0.04
1441  2667.0  0.04
1442  2667.0  0.04
1443  2667.0  0.04
1444  2667.0  0.04
1445  2667.0  0.04
1446  2667.0  0.04
1447  2667.0  0.04
1448  2667.0  0.04
1449  2667.0  0.04
1450  2667.0  0.04
1451  2667.0  0.04
1452  2667.0  0.04
1453  2667.0  0.04
1454  2667.0  0.04
1455  2667.0  0.04
1456  2667.0  0.04
1457  2667.0  0.04
1458  2667.0  0.04
1459  2667.0  0.04
1460  2667.0  0.04
1461  2667.0  0.04
1462  2667.0  0.04
1463  2667.0  0.04
1464  2667.0  0.04
1465  2667.0  0.04
1466  2667.0  0.04
1467  2667.0  0.04
1468  2667.0  0.04
1469  2667.0  0.04
1470  2667.0  0.04
1471  2667.0  0.04
1472  2667.0  0.04
1473  2667.0  0.04
1474  2667.0  0.04
1475  2667.0  0.04
1476  2667.0  0.04
1477  2667.0  0.04
1478  2667.0  0.04
1479  2667.0  0.04
1480  2667.0  0.04
1481  2667.0  0.04
1482  2667.0  0.04
1483  2667.0  0.04
1484  2667.0  0.04
1485  2667.0  0.04
1486  2667.0  0.04
1487  2667.0  0.04
1488  2667.0  0.04
1489  2667.0  0.04
1490  2667.0  0.04
1491  2667.0  0.04
1492  2667.0  0.04
1493  2667.0  0.04
1494  2667.0  0.04
1495  2667.0  0.04
1496  2667.0  0.04
1497  2667.0  0.04
1498  2667.0  0.04
1499  2667.0  0.04
1500  2667.0  0.04
1501  2667.0  0.04
1502  2667.0  0.04
1503  2667.0  0.04
1504  2667.0  0.04
1505  2667.0  0.04
1506  2667.0  0.04
1507  2667.0  0.04
1508  2667.0  0.04
1509  2667.0  0.04
1510  2667.0  0.04
1511  2667.0  0.04
1512  2667.0  0.04
1513  2667.0  0.04
1514  2667.0  0.04
1515  2667.0  0.04
1516  2667.0  0.04
1517  2667.0  0.04
1518  2667.0  0.04
1519  2667.0  0.04
1520  2667.0  0.04
1521  2667.0  0.04
1522  2667.0  0.04
1523  2667.0  0.04
1524  2667.0  0.04
1525  2667.0  0.04
1526  2667.0  0.04
1527  2667.0  0.04
1528  2667.0  0.04
1529  2667.0  0.04
1530  2667.0  0.04
1531  2667.0  0.04
1532  2667.0  0.04
1533  2667.0  0.04
1534  2667.0  0.04
1535  2667.0  0.04
1536  2667.0  0.04
1537  2667.0  0.04
1538  2667.0  0.04
1539  2667.0  0.04
1540  2667.0  0.04
1541  2667.0  0.04
1542  2667.0  0.04
1543  2667.0  0.04
1544  2667.0  0.04
1545  2667.0  0.04
1546  2667.0  0.04
1547  2667.0  0.04
1548  2667.0  0.04
1549  2667.0  0.04
1550  2667.0  0.04
1551  2667.0  0.04
1552  2667.0  0.04
1553  2667.0  0.04
1554  2667.0  0.04
1555  2667.0  0.04
1556  2667.0  0.04
1557  2667.0  0.04
1558  2667.0  0.04
1559  2667.0  0.04
1560  2667.0  0.04
1561  2667.0  0.04
1562  2667.0  0.04
1563  2667.0  0.04
1564  2667.0  0.04
1565  2667.0  0.04
1566  2667.0  0.04
1567  2667.0  0.04
1568  2667.0  0.04
1569  2667.0  0.04
1570  2667.0  0.04
1571  2667.0  0.04
1572  2667.0  0.04
1573  2667.0  0.04
1574  2667.0  0.04
1575  2667.0  0.04
1576  2667.0  0.04
1577  2667.0  0.04
1578  2667.0  0.04
1579  2667.0  0.04
1580  2667.0  0.04
1581  2667.0  0.04
1582  2667.0  0.04
1583  2667.0  0.04
1584  2667.0  0.04
1585  2667.0  0.04
1586  2667.0  0.04
1587  2667.0  0.04
1588  2667.0  0.04
1589  2667.0  0.04
1590  2667.0  0.04
1591  2667.0  0.04
1592  2667.0  0.04
1593  2667.0  0.04
1594  2667.0  0.04
1595  2667.0  0.04
1596  2667.0  0.04
1597  2667.0  0.04
1598  2667.0  0.04
1599  2667.0  0.04
1600  2667.0  0.04
1601  2667.0  0.04
1602  2667.0  0.04
1603  2667.0  0.04
1604  2667.0  0.04
1605  2667.0  0.04
1606  2667.0  0.04
1607  2667.0  0.04
1608  2667.0  0.04
1609  2667.0  0.04
1610  2667.0  0.04
1611  2667.0  0.04
1612  2667.0  0.04
1613  2667.0  0.04
1614  2667.0  0.04
1615  2667.0  0.04
1616  2667.0  0.04
1617  2667.0  0.04
1618  2667.0  0.04
1619  2667.0  0.04
1620  2667.0  0.04
1621  2667.0  0.04
1622  2667.0  0.04
1623  2667.0  0.04
1624  2667.0  0.04
1625  2667.0  0.04
1626  2667.0  0.04
1627  2667.0  0.04
1628  2667.0  0.04
1629  2667.0  0.04
1630  2667.0  0.04
1631  2667.0  0.04
1632  2667.0  0.04
1633  2667.0  0.04
1634  2667.0  0.04
1635  2667.0  0.04
1636  2667.0  0.04
1637  2667.0  0.04
1638  2667.0  0.04
1639  2667.0  0.04
1640  2667.0  0.04
1641  2667.0  0.04
1642  2667.0  0.04
1643  2667.0  0.04
1644  2667.0  0.04
1645  2667.0  0.04
1646  2667.0  0.04
1647  2667.0  0.04
1648  2667.0  0.04
1649  2667.0  0.04
1650  2667.0  0.04
1651  2667.0  0.04
1652  2667.0  0.04
1653  2667.0  0.04
1654  2667.0  0.04
1655  2667.0  0.04
1656  2667.0  0.04
1657  2667.0  0.04
1658  2667.0  0.04
1659  2667.0  0.04
1660  2667.0  0.04
1661  2667.0  0.04
1662  2667.0  0.04
1663  2667.0  0.04
1664  2667.0  0.04
1665  2667.0  0.04
1666  2667.0  0.04
1667  2667.0  0.04
1668  2667.0  0.04
1669  2667.0  0.04
1670  2667.0  0.04
1671  2667.0  0.04
1672  2667.0  0.04
1673  2667.0  0.04
1674  2667.0  0.04
1675  2667.0  0.04
1676  2667.0  0.04
1677  2667.0  0.04
1678  2667.0  0.04
1679  2667.0  0.04
1680  2667.0  0.04
1681  2667.0  0.04
1682  2667.0  0.04
1683  2667.0  0.04
1684  2667.0  0.04
1685  2667.0  0.04
1686  2667.0  0.04
1687  2667.0  0.04
1688  2667.0  0.04
1689  2667.0  0.04
1690  2667.0  0.04
1691  2667.0  0.04
1692  2667.0  0.04
1693  2667.0  0.04
1694  2667.0  0.04
1695  2667.0  0.04
1696  2667.0  0.04
1697  2667.0  0.04
1698  2667.0  0.04
1699  2667.0  0.04
1700  2667.0  0.04
1701  2667.0  0.04
1702  2667.0  0.04
1703  2667.0  0.04
1704  2667.0  0.04
1705  2667.0  0.04
1706  2667.0  0.04
1707  2667.0  0.04
1708  2667.0  0.04
1709  2667.0  0.04
1710  2667.0  0.04
1711  2667.0  0.04
1712  2667.0  0.04
1713  2667.0  0.04
1714  2667.0  0.04
1715  2667.0  0.04
1716  2667.0  0.04
1717  2667.0  0.04
1718  2667.0  0.04
1719  2667.0  0.04
1720  2667.0  0.04
1721  2667.0  0.04
1722  2667.0  0.04
1723  2667.0  0.04
1724  2667.0  0.04
1725  2667.0  0.04
1726  2667.0  0.04
1727  2667.0  0.04
1728  2667.0  0.04
1729  2667.0  0.04
1730  2667.0  0.04
1731  2667.0  0.04
1732  2667.0  0.04
1733  2667.0  0.04
1734  2667.0  0.04
1735  2667.0  0.04
1736  2667.0  0.04
1737  2667.0  0.04
1738  2667.0  0.04
1739  2667.0  0.04
1740  2667.0  0.04
1741  2667.0  0.04
1742  2667.0  0.04
1743  2667.0  0.04
1744  2667.0  0.04
1745  2667.0  0.04
1746  2667.0  0.04
1747  2667.0  0.04
1748  2667.0  0.04
1749  2667.0  0.04
1750  2667.0  0.04
1751  2667.0  0.04
1752  2667.0  0.04
1753  2667.0  0.04
1754  2667.0  0.04
1755  2667.0  0.04
1756  2667.0  0.04
1757  2667.0  0.04
1758  2665.0  0.04
1759  2665.0  0.04
1760  2665.0  0.04
1761  2665.0  0.04
1762  2665.0  0.04
1763  2665.0  0.04
1764  2665.0  0.04
1765  2665.0  0.04
1766  2665.0  0.04
1767  2665.0  0.04
1768  2665.0  0.04
1769  2665.0  0.04
1770  2665.0  0.04
1771  2665.0  0.04
1772  2665.0  0.04
1773  2665.0  0.04
1774  2665.0  0.04
1775  2665.0  0.04
1776  2665.0  0.04
1777  2665.0  0.04
1778  2665.0  0.04
1779  2665.0  0.04
1780  2665.0  0.04
1781  2665.0  0.04
1782  2665.0  0.04
1783  2665.0  0.04
1784  2665.0  0.04
1785  2665.0  0.04
1786  2665.0  0.04
1787  2665.0  0.04
1788  2665.0  0.04
1789  2665.0  0.04
1790  2665.0  0.04
1791  2665.0  0.04
1792  2665.0  0.04
1793  2665.0  0.04
1794  2665.0  0.04
1795  2665.0  0.04
1796  2665.0  0.04
1797  2665.0  0.04
1798  2665.0  0.04
1799  2665.0  0.04
1800  2665.0  0.04
1801  2665.0  0.04
1802  2665.0  0.04
1803  2665.0  0.04
1804  2665.0  0.04
1805  2665.0  0.04
1806  2665.0  0.04
1807  2665.0  0.04
1808  2665.0  0.04
1809  2665.0  0.04
1810  2665.0  0.04
1811  2665.0  0.04
1812  2665.0  0.04
1813  2665.0  0.04
1814  2665.0  0.04
1815  2665.0  0.04
1816  2665.0  0.04
1817  2665.0  0.04
1818  2665.0  0.04
1819  2665.0  0.04
1820  2665.0  0.04
1821  2665.0  0.04
1822  2665.0  0.04
1823  2665.0  0.04
1824  2665.0  0.04
1825  2665.0  0.04
1826  2665.0  0.04
1827  2665.0  0.04
1828  2665.0  0.04
1829  2665.0  0.04
1830  2665.0  0.04
1831  2665.0  0.04
1832  2665.0  0.04
1833  2665.0  0.04
1834  2665.0  0.04
1835  2665.0  0.04
1836  2665.0  0.04
1837  2665.0  0.04
1838  2665.0  0.04
1839  2665.0  0.04
1840  2665.0  0.04
1841  2665.0  0.04
1842  2665.0  0.04
1843  2665.0  0.04
1844  2665.0  0.04
1845  2665.0  0.04
1846  2665.0  0.04
1847  2665.0  0.04
1848  2665.0  0.04
1849  2665.0  0.04
1850  2665.0  0.04
1851  2665.0  0.04
1852  2665.0  0.04
1853  2665.0  0.04
1854  2665.0  0.04
1855  2665.0  0.04
1856  2665.0  0.04
1857  2665.0  0.04
1858  2665.0  0.04
1859  2665.0  0.04
1860  2665.0  0.04
1861  2665.0  0.04
1862  2665.0  0.04
1863  2665.0  0.04
1864  2665.0  0.04
1865  2665.0  0.04
1866  2665.0  0.04
1867  2665.0  0.04
1868  2665.0  0.04
1869  2665.0  0.04
1870  2665.0  0.04
1871  2665.0  0.04
1872  2665.0  0.04
1873  2665.0  0.04
1874  2665.0  0.04
1875  2665.0  0.04
1876  2665.0  0.04
1877  2665.0  0.04
1878  2665.0  0.04
1879  2665.0  0.04
1880  2665.0  0.04
1881  2665.0  0.04
1882  2665.0  0.04
1883  2665.0  0.04
1884  2665.0  0.04
1885  2665.0  0.04
1886  2665.0  0.04
1887  2665.0  0.04
1888  2665.0  0.04
1889  2665.0  0.04
1890  2665.0  0.04
1891  2665.0  0.04
1892  2665.0  0.04
1893  2665.0  0.04
1894  2665.0  0.04
1895  2665.0  0.04
1896  2665.0  0.04
1897  2665.0  0.04
1898  2665.0  0.04
1899  2665.0  0.04
1900  2665.0  0.04
1901  2665.0  0.04
1902  2665.0  0.04
1903  2665.0  0.04
1904  2665.0  0.04
1905  2665.0  0.04
1906  2665.0  0.04
1907  2665.0  0.04
1908  2665.0  0.04
1909  2665.0  0.04
1910  2665.0  0.04
1911  2665.0  0.04
1912  2665.0  0.04
1913  2665.0  0.04
1914  2665.0  0.04
1915  2665.0  0.04
1916  2665.0  0.04
1917  2665.0  0.04
1918  2665.0  0.04
1919  2665.0  0.04
1920  2665.0  0.04
1921  2665.0  0.04
1922  2665.0  0.04
1923  2665.0  0.04
1924  2665.0  0.04
1925  2665.0  0.04
1926  2665.0  0.04
1927  2665.0  0.04
1928  2665.0  0.04
1929  2665.0  0.04
1930  2665.0  0.04
1931  2665.0  0.04
1932  2665.0  0.04
1933  2665.0  0.04
1934  2665.0  0.04
1935  2665.0  0.04
1936  2665.0  0.04
1937  2665.0  0.04
1938  2665.0  0.04
1939  2665.0  0.04
1940  2665.0  0.04
1941  2665.0  0.04
1942  2665.0  0.04
1943  2665.0  0.04
1944  2665.0  0.04
1945  2665.0  0.04
1946  2665.0  0.04
1947  2665.0  0.04
1948  2665.0  0.04
1949  2665.0  0.04
1950  2665.0  0.04
1951  2665.0  0.04
1952  2665.0  0.04
1953  2665.0  0.04
1954  2665.0  0.04
1955  2665.0  0.04
1956  2665.0  0.04
1957  2665.0  0.04
1958  2665.0  0.04
1959  2665.0  0.04
1960  2665.0  0.04
1961  2665.0  0.04
1962  2665.0  0.04
1963  2665.0  0.04
1964  2665.0  0.04
1965  2665.0  0.04
1966  2665.0  0.04
1967  2665.0  0.04
1968  2665.0  0.04
1969  2665.0  0.04
1970  2665.0  0.04
1971  2665.0  0.04
1972  2665.0  0.04
1973  2665.0  0.04
1974  2665.0  0.04
1975  2665.0  0.04
1976  2665.0  0.04
1977  2665.0  0.04
1978  2665.0  0.04
1979  2665.0  0.04
1980  2665.0  0.04
1981  2665.0  0.04
1982  2665.0  0.04
1983  2665.0  0.04
1984  2665.0  0.04
1985  2665.0  0.04
1986  2665.0  0.04
1987  2665.0  0.04
1988  2665.0  0.04
1989  2665.0  0.04
1990  2665.0  0.04
1991  2665.0  0.04
1992  2665.0  0.04
1993  2665.0  0.04
1994  2665.0  0.04
1995  2665.0  0.04
1996  2665.0  0.04
1997  2665.0  0.04
1998  2665.0  0.04
1999  2665.0  0.04
2000  2665.0  0.04
2001  2665.0  0.04
2002  2665.0  0.04
2003  2665.0  0.04
2004  2665.0  0.04
2005  2665.0  0.04
2006  2665.0  0.04
2007  2665.0  0.04
2008  2665.0  0.04
2009  2665.0  0.04
2010  2665.0  0.04
2011  2665.0  0.04
2012  2665.0  0.04
2013  2665.0  0.04
2014  2665.0  0.04
2015  2665.0  0.04
2016  2665.0  0.04
2017  2665.0  0.04
2018  2665.0  0.04
2019  2665.0  0.04
2020  2665.0  0.04
2021  2665.0  0.04
2022  2665.0  0.04
2023  2665.0  0.04
2024  2665.0  0.04
2025  2665.0  0.04
2026  2665.0  0.04
2027  2665.0  0.04
2028  2665.0  0.04
2029  2665.0  0.04
2030  2665.0  0.04
2031  2665.0  0.04
2032  2665.0  0.04
2033  2665.0  0.04
2034  2665.0  0.04
2035  2665.0  0.04
2036  2665.0  0.04
2037  2665.0  0.04
2038  2665.0  0.04
2039  2665.0  0.04
2040  2665.0  0.04
2041  2665.0  0.04
2042  2665.0  0.04
2043  2665.0  0.04
2044  2665.0  0.04
2045  2665.0  0.04
2046  2665.0  0.04
2047  2665.0  0.04
2048  2665.0  0.04
2049  2665.0  0.04
2050  2665.0  0.04
2051  2665.0  0.04
2052  2665.0  0.04
2053  2665.0  0.04
2054  2665.0  0.04
2055  2665.0  0.04
2056  2665.0  0.04
2057  2665.0  0.04
2058  2665.0  0.04
2059  2665.0  0.04
2060  2665.0  0.04
2061  2665.0  0.04
2062  2665.0  0.04
2063  2665.0  0.04
2064  2665.0  0.04
2065  2665.0  0.04
2066  2665.0  0.04
2067  2665.0  0.04
2068  2665.0  0.04
2069  2665.0  0.04
2070  2665.0  0.04
2071  2665.0  0.04
2072  2665.0  0.04
2073  2665.0  0.04
2074  2665.0  0.04
2075  2665.0  0.04
2076  2665.0  0.04
2077  2665.0  0.04
2078  2665.0  0.04
2079  2665.0  0.04
2080  2665.0  0.04
2081  2665.0  0.04
2082  2665.0  0.04
2083  2665.0  0.04
2084  2665.0  0.04
2085  2665.0  0.04
2086  2665.0  0.04
2087  2665.0  0.04
2088  2665.0  0.04
2089  2665.0  0.04
2090  2665.0  0.04
2091  2665.0  0.04
2092  2665.0  0.04
2093  2665.0  0.04
2094  2665.0  0.04
2095  2665.0  0.04
2096  2665.0  0.04
2097  2665.0  0.04
2098  2665.0  0.04
2099  2665.0  0.04
2100  2665.0  0.04
2101  2665.0  0.04
2102  2665.0  0.04
2103  2665.0  0.04
2104  2665.0  0.04
2105  2665.0  0.04
2106  2665.0  0.04
2107  2665.0  0.04
2108  2665.0  0.04
2109  2665.0  0.04
2110  2665.0  0.04
2111  2665.0  0.04
2112  2665.0  0.04
2113  2665.0  0.04
2114  2665.0  0.04
2115  2665.0  0.04
2116  2665.0  0.04
2117  2665.0  0.04
2118  2665.0  0.04
2119  2665.0  0.04
2120  2665.0  0.04
2121  2665.0  0.04
2122  2665.0  0.04
2123  2665.0  0.04
2124  2665.0  0.04
2125  2665.0  0.04
2126  2665.0  0.04
2127  2665.0  0.04
2128  2665.0  0.04
2129  2665.0  0.04
2130  2665.0  0.04
2131  2665.0  0.04
2132  2665.0  0.04
2133  2665.0  0.04
2134  2665.0  0.04
2135  2665.0  0.04
2136  2665.0  0.04
2137  2665.0  0.04
2138  2665.0  0.04
2139  2665.0  0.04
2140  2665.0  0.04
2141  2665.0  0.04
2142  2665.0  0.04
2143  2665.0  0.04
2144  2665.0  0.04
2145  2665.0  0.04
2146  2665.0  0.04
2147  2665.0  0.04
2148  2665.0  0.04
2149  2665.0  0.04
2150  2665.0  0.04
2151  2665.0  0.04
2152  2665.0  0.04
2153  2665.0  0.04
2154  2665.0  0.04
2155  2665.0  0.04
2156  2665.0  0.04
2157  2665.0  0.04
2158  2665.0  0.04
2159  2665.0  0.04
2160  2665.0  0.04
2161  2665.0  0.04
2162  2665.0  0.04
2163  2665.0  0.04
2164  2665.0  0.04
2165  2665.0  0.04
2166  2665.0  0.04
2167  2665.0  0.04
2168  2665.0  0.04
2169  2665.0  0.04
2170  2665.0  0.04
2171  2665.0  0.04
2172  2665.0  0.04
2173  2665.0  0.04
2174  2665.0  0.04
2175  2665.0  0.04
2176  2665.0  0.04
2177  2665.0  0.04
2178  2665.0  0.04
2179  2665.0  0.04
2180  2665.0  0.04
2181  2665.0  0.04
2182  2665.0  0.04
2183  2665.0  0.04
2184  2665.0  0.04
2185  2665.0  0.04
2186  2665.0  0.04
2187  2665.0  0.04
2188  2665.0  0.04
2189  2665.0  0.04
2190  2665.0  0.04
2191  2665.0  0.04
2192  2665.0  0.04
2193  2665.0  0.04
2194  2665.0  0.04
2195  2665.0  0.04
2196  2665.0  0.04
2197  2665.0  0.04
2198  2665.0  0.04
2199  2665.0  0.04
2200  2665.0  0.04
2201  2665.0  0.04
2202  2665.0  0.04
2203  2665.0  0.04
2204  2665.0  0.04
2205  2665.0  0.04
2206  2665.0  0.04
2207  2665.0  0.04
2208  2665.0  0.04
2209  2665.0  0.04
2210  2665.0  0.04
2211  2665.0  0.04
2212  2665.0  0.04
2213  2665.0  0.04
2214  2665.0  0.04
2215  2665.0  0.04
2216  2665.0  0.04
2217  2665.0  0.04
2218  2665.0  0.04
2219  2665.0  0.04
2220  2665.0  0.04
2221  2665.0  0.04
2222  2665.0  0.04
2223  2665.0  0.04
2224  2665.0  0.04
2225  2665.0  0.04
2226  2665.0  0.04
2227  2665.0  0.04
2228  2665.0  0.04
2229  2665.0  0.04
2230  2665.0  0.04
2231  2665.0  0.04
2232  2665.0  0.04
2233  2665.0  0.04
2234  2665.0  0.04
2235  2665.0  0.04
2236  2665.0  0.04
2237  2665.0  0.04
2238  2665.0  0.04
2239  2665.0  0.04
2240  2665.0  0.04
2241  2665.0  0.04
2242  2665.0  0.04
2243  2665.0  0.04
2244  2665.0  0.04
2245  2665.0  0.04
2246  2665.0  0.04
2247  2665.0  0.04
2248  2665.0  0.04
2249  2665.0  0.04
2250  2665.0  0.04
2251  2665.0  0.04
2252  2665.0  0.04
2253  2665.0  0.04
2254  2665.0  0.04
2255  2665.0  0.04
2256  2665.0  0.04
2257  2665.0  0.04
2258  2665.0  0.04
2259  2665.0  0.04
2260  2665.0  0.04
2261  2665.0  0.04
2262  2665.0  0.04
2263  2665.0  0.04
2264  2665.0  0.04
2265  2665.0  0.04
2266  2665.0  0.04
2267  2665.0  0.04
2268  2665.0  0.04
2269  2665.0  0.04
2270  2665.0  0.04
2271  2665.0  0.04
2272  2665.0  0.04
2273  2665.0  0.04
2274  2665.0  0.04
2275  2665.0  0.04
2276  2665.0  0.04
2277  2665.0  0.04
2278  2665.0  0.04
2279  2665.0  0.04
2280  2665.0  0.04
2281  2665.0  0.04
2282  2665.0  0.04
2283  2665.0  0.04
2284  2665.0  0.04
2285  2665.0  0.04
2286  2665.0  0.04
2287  2665.0  0.04
2288  2665.0  0.04
2289  2665.0  0.04
2290  2665.0  0.04
2291  2665.0  0.04
2292  2665.0  0.04
2293  2665.0  0.04
2294  2665.0  0.04
2295  2665.0  0.04
2296  2665.0  0.04
2297  2665.0  0.04
2298  2665.0  0.04
2299  2665.0  0.04
2300  2665.0  0.04
2301  2665.0  0.04
2302  2665.0  0.04
2303  2665.0  0.04
2304  2665.0  0.04
2305  2665.0  0.04
2306  2665.0  0.04
2307  2665.0  0.04
2308  2665.0  0.04
2309  2665.0  0.04
2310  2665.0  0.04
2311  2665.0  0.04
2312  2665.0  0.04
2313  2665.0  0.04
2314  2665.0  0.04
2315  2665.0  0.04
2316  2665.0  0.04
2317  2665.0  0.04
2318  2665.0  0.04
2319  2665.0  0.04
2320  2665.0  0.04
2321  2665.0  0.04
2322  2665.0  0.04
2323  2665.0  0.04
2324  2665.0  0.04
2325  2665.0  0.04
2326  2665.0  0.04
2327  2665.0  0.04
2328  2665.0  0.04
2329  2665.0  0.04
2330  2665.0  0.04
2331  2665.0  0.04
2332  2665.0  0.04
2333  2665.0  0.04
2334  2665.0  0.04
2335  2665.0  0.04
2336  2665.0  0.04
2337  2665.0  0.04
2338  2665.0  0.04
2339  2665.0  0.04
2340  2665.0  0.04
2341  2665.0  0.04
2342  2665.0  0.04
2343  2665.0  0.04
2344  2665.0  0.04
2345  2665.0  0.04
2346  2665.0  0.04
2347  2665.0  0.04
2348  2665.0  0.04
2349  2665.0  0.04
2350  2665.0  0.04
2351  2665.0  0.04
2352  2665.0  0.04
2353  2665.0  0.04
2354  2665.0  0.04
2355  2665.0  0.04
2356  2665.0  0.04
2357  2665.0  0.04
2358  2665.0  0.04
2359  2665.0  0.04
2360  2665.0  0.04
2361  2665.0  0.04
2362  2665.0  0.04
2363  2665.0  0.04
2364  2665.0  0.04
2365  2665.0  0.04
2366  2665.0  0.04
2367  2665.0  0.04
2368  2665.0  0.04
2369  2665.0  0.04
2370  2665.0  0.04
2371  2665.0  0.04
2372  2665.0  0.04
2373  2665.0  0.04
2374  2665.0  0.04
2375  2665.0  0.04
2376  2665.0  0.04
2377  2665.0  0.04
2378  2665.0  0.04
2379  2665.0  0.04
2380  2665.0  0.04
2381  2665.0  0.04
2382  2665.0  0.04
2383  2665.0  0.04
2384  2665.0  0.04
2385  2665.0  0.04
2386  2665.0  0.04
2387  2665.0  0.04
2388  2665.0  0.04
2389  2665.0  0.04
2390  2665.0  0.04
2391  2665.0  0.04
2392  2665.0  0.04
2393  2665.0  0.04
2394  2665.0  0.04
2395  2665.0  0.04
2396  2665.0  0.04
2397  2665.0  0.04
2398  2665.0  0.04
2399  2665.0  0.04
2400  2665.0  0.04
2401  2665.0  0.04
2402  2665.0  0.04
2403  2665.0  0.04
2404  2665.0  0.04
2405  2665.0  0.04
2406  2665.0  0.04
2407  2665.0  0.04
2408  2665.0  0.04
2409  2665.0  0.04
2410  2665.0  0.04
2411  2665.0  0.04
2412  2665.0  0.04
2413  2665.0  0.04
2414  2665.0  0.04
2415  2665.0  0.04
2416  2665.0  0.04
2417  2665.0  0.04
2418  2665.0  0.04
2419  2665.0  0.04
2420  2665.0  0.04
2421  2665.0  0.04
2422  2665.0  0.04
2423  2665.0  0.04
2424  2665.0  0.04
2425  2665.0  0.04
2426  2665.0  0.04
2427  2665.0  0.04
2428  2665.0  0.04
2429  2665.0  0.04
2430  2665.0  0.04
2431  2665.0  0.04
2432  2665.0  0.04
2433  2665.0  0.04
2434  2665.0  0.04
2435  2665.0  0.04
2436  2665.0  0.04
2437  2665.0  0.04
2438  2665.0  0.04
2439  2665.0  0.04
2440  2665.0  0.04
2441  2665.0  0.04
2442  2665.0  0.04
2443  2665.0  0.04
2444  2665.0  0.04
2445  2665.0  0.04
2446  2665.0  0.04
2447  2665.0  0.04
2448  2665.0  0.04
2449  2665.0  0.04
2450  2665.0  0.04
2451  2665.0  0.04
2452  2665.0  0.04
2453  2665.0  0.04
2454  2665.0  0.04
2455  2665.0  0.04
2456  2665.0  0.04
2457  2665.0  0.04
2458  2665.0  0.04
2459  2665.0  0.04
2460  2665.0  0.04
2461  2665.0  0.04
2462  2665.0  0.04
2463  2665.0  0.04
2464  2665.0  0.04
2465  2665.0  0.04
2466  2665.0  0.04
2467  2665.0  0.04
2468  2665.0  0.04
2469  2665.0  0.04
2470  2665.0  0.04
2471  2665.0  0.04
2472  2665.0  0.04
2473  2665.0  0.04
2474  2665.0  0.04
2475  2665.0  0.04
2476  2665.0  0.04
2477  2665.0  0.04
2478  2665.0  0.04
2479  2665.0  0.04
2480  2665.0  0.04
2481  2665.0  0.04
2482  2665.0  0.04
2483  2665.0  0.04
2484  2665.0  0.04
2485  2665.0  0.04
2486  2665.0  0.04
2487  2665.0  0.04
2488  2665.0  0.04
2489  2665.0  0.04
2490  2665.0  0.04
2491  2665.0  0.04
2492  2665.0  0.04
2493  2665.0  0.04
2494  2665.0  0.04
2495  2665.0  0.04
2496  2665.0  0.04
2497  2665.0  0.04
2498  2665.0  0.04
2499  2665.0  0.04
2500  2665.0  0.04
2501  2665.0  0.04
2502  2665.0  0.04
2503  2665.0  0.04
2504  2665.0  0.04
2505  2665.0  0.04
2506  2665.0  0.04
2507  2665.0  0.04
2508  2665.0  0.04
2509  2665.0  0.04
2510  2665.0  0.04
2511  2665.0  0.04
2512  2665.0  0.04
2513  2665.0  0.04
2514  2665.0  0.04
2515  2665.0  0.04
2516  2665.0  0.04
2517  2665.0  0.04
2518  2665.0  0.04
2519  2665.0  0.04
2520  2665.0  0.04
2521  2665.0  0.04
2522  2665.0  0.04
2523  2665.0  0.04
2524  2665.0  0.04
2525  2665.0  0.04
2526  2665.0  0.04
2527  2665.0  0.04
2528  2665.0  0.04
2529  2665.0  0.04
2530  2665.0  0.04
2531  2665.0  0.04
2532  2665.0  0.04
2533  2665.0  0.04
2534  2665.0  0.04
2535  2665.0  0.04
2536  2665.0  0.04
2537  2665.0  0.04
2538  2665.0  0.04
2539  2665.0  0.04
2540  2665.0  0.04
2541  2665.0  0.04
2542  2665.0  0.04
2543  2665.0  0.04
2544  2665.0  0.04
2545  2665.0  0.04
2546  2665.0  0.04
2547  2665.0  0.04
2548  2665.0  0.04
2549  2665.0  0.04
2550  2665.0  0.04
2551  2665.0  0.04
2552  2665.0  0.04
2553  2665.0  0.04
2554  2665.0  0.04
2555  2665.0  0.04
2556  2665.0  0.04
2557  2665.0  0.04
2558  2665.0  0.04
2559  2665.0  0.04
2560  2665.0  0.04
2561  2665.0  0.04
2562  2665.0  0.04
2563  2665.0  0.04
2564  2665.0  0.04
2565  2665.0  0.04
2566  2665.0  0.04
2567  2665.0  0.04
2568  2665.0  0.04
2569  2665.0  0.04
2570  2665.0  0.04
2571  2665.0  0.04
2572  2665.0  0.04
2573  2665.0  0.04
2574  2665.0  0.04
2575  2665.0  0.04
2576  2665.0  0.04
2577  2665.0  0.04
2578  2665.0  0.04
2579  2665.0  0.04
2580  2665.0  0.04
2581  2665.0  0.04
2582  2665.0  0.04
2583  2665.0  0.04
2584  2665.0  0.04
2585  2665.0  0.04
2586  2665.0  0.04
2587  2665.0  0.04
2588  2665.0  0.04
2589  2665.0  0.04
2590  2665.0  0.04
2591  2665.0  0.04
2592  2665.0  0.04
2593  2665.0  0.04
2594  2665.0  0.04
2595  2665.0  0.04
2596  2665.0  0.04
2597  2665.0  0.04
2598  2665.0  0.04
2599  2665.0  0.04
2600  2665.0  0.04
2601  2665.0  0.04
2602  2665.0  0.04
2603  2665.0  0.04
2604  2665.0  0.04
2605  2665.0  0.04
2606  2665.0  0.04
2607  2665.0  0.04
2608  2665.0  0.04
2609  2665.0  0.04
2610  2665.0  0.04
2611  2665.0  0.04
2612  2665.0  0.04
2613  2665.0  0.04
2614  2665.0  0.04
2615  2665.0  0.04
2616  2665.0  0.04
2617  2665.0  0.04
2618  2665.0  0.04
2619  2665.0  0.04
2620  2665.0  0.04
2621  2665.0  0.04
2622  2665.0  0.04
2623  2665.0  0.04
2624  2665.0  0.04
2625  2665.0  0.04
2626  2665.0  0.04
2627  2665.0  0.04
2628  2665.0  0.04
2629  2665.0  0.04
2630  2665.0  0.04
2631  2665.0  0.04
2632  2665.0  0.04
2633  2665.0  0.04
2634  2665.0  0.04
2635  2665.0  0.04
2636  2665.0  0.04
2637  2665.0  0.04
2638  2665.0  0.04
2639  2665.0  0.04
2640  2665.0  0.04
2641  2665.0  0.04
2642  2665.0  0.04
2643  2665.0  0.04
2644  2665.0  0.04
2645  2665.0  0.04
2646  2665.0  0.04
2647  2665.0  0.04
2648  2665.0  0.04
2649  2665.0  0.04
2650  2665.0  0.04
2651  2665.0  0.04
2652  2665.0  0.04
2653  2665.0  0.04
2654  2665.0  0.04
2655  2665.0  0.04
2656  2665.0  0.04
2657  2665.0  0.04
2658  2665.0  0.04
2659  2665.0  0.04
2660  2665.0  0.04
2661  2665.0  0.04
2662  2665.0  0.04
2663  2665.0  0.04
2664  2665.0  0.04
2665  2665.0  0.04
2666  2665.0  0.04
2667  2665.0  0.04
2668  2665.0  0.04
2669  2665.0  0.04
2670  2665.0  0.04
2671  2665.0  0.04
2672  2665.0  0.04
2673  2665.0  0.04
2674  2665.0  0.04
2675  2665.0  0.04
2676  2665.0  0.04
2677  2665.0  0.04
2678  2665.0  0.04
2679  2665.0  0.04
2680  2665.0  0.04
2681  2665.0  0.04
2682  2665.0  0.04
2683  2665.0  0.04
2684  2665.0  0.04
2685  2665.0  0.04
2686  2665.0  0.04
2687  2665.0  0.04
2688  2665.0  0.04
2689  2665.0  0.04
2690  2665.0  0.04
2691  2665.0  0.04
2692  2665.0  0.04
2693  2665.0  0.04
2694  2665.0  0.04
2695  2665.0  0.04
2696  2665.0  0.04
2697  2665.0  0.04
2698  2665.0  0.04
2699  2665.0  0.04
2700  2665.0  0.04
2701  2665.0  0.04
2702  2665.0  0.04
2703  2665.0  0.04
2704  2665.0  0.04
2705  2665.0  0.04
2706  2665.0  0.04
2707  2665.0  0.04
2708  2665.0  0.04
2709  2665.0  0.04
2710  2665.0  0.04
2711  2665.0  0.04
2712  2665.0  0.04
2713  2665.0  0.04
2714  2665.0  0.04
2715  2665.0  0.04
2716  2665.0  0.04
2717  2665.0  0.04
2718  2665.0  0.04
2719  2665.0  0.04
2720  2665.0  0.04
2721  2665.0  0.04
2722  2665.0  0.04
2723  2665.0  0.04
2724  2665.0  0.04
2725  2665.0  0.04
2726  2665.0  0.04
2727  2665.0  0.04
2728  2665.0  0.04
2729  2665.0  0.04
2730  2665.0  0.04
2731  2665.0  0.04
2732  2665.0  0.04
2733  2665.0  0.04
2734  2665.0  0.04
2735  2665.0  0.04
2736  2665.0  0.04
2737  2665.0  0.04
2738  2665.0  0.04
2739  2665.0  0.04
2740  2665.0  0.04
2741  2665.0  0.04
2742  2665.0  0.04
2743  2665.0  0.04
2744  2665.0  0.04
2745  2665.0  0.04
2746  2665.0  0.04
2747  2665.0  0.04
2748  2665.0  0.04
2749  2665.0  0.04
2750  2665.0  0.04
2751  2665.0  0.04
2752  2665.0  0.04
2753  2665.0  0.04
2754  2665.0  0.04
2755  2665.0  0.04
2756  2665.0  0.04
2757  2665.0  0.04
2758  2665.0  0.04
2759  2665.0  0.04
2760  2665.0  0.04
2761  2665.0  0.04
2762  2665.0  0.04
2763  2665.0  0.04
2764  2665.0  0.04
2765  2665.0  0.04
2766  2665.0  0.04
2767  2665.0  0.04
2768  2665.0  0.04
2769  2665.0  0.04
2770  2665.0  0.04
2771  2665.0  0.04
2772  2665.0  0.04
2773  2665.0  0.04
2774  2665.0  0.04
2775  2665.0  0.04
2776  2665.0  0.04
2777  2665.0  0.04
2778  2665.0  0.04
2779  2665.0  0.04
2780  2665.0  0.04
2781  2665.0  0.04
2782  2665.0  0.04
2783  2665.0  0.04
2784  2665.0  0.04
2785  2665.0  0.04
2786  2665.0  0.04
2787  2665.0  0.04
2788  2665.0  0.04
2789  2665.0  0.04
2790  2665.0  0.04
2791  2665.0  0.04
2792  2665.0  0.04
2793  2665.0  0.04
2794  2665.0  0.04
2795  2665.0  0.04
2796  2665.0  0.04
2797  2665.0  0.04
2798  2665.0  0.04
2799  2665.0  0.04
2800  2665.0  0.04
2801  2665.0  0.04
2802  2665.0  0.04
2803  2665.0  0.04
2804  2665.0  0.04
2805  2665.0  0.04
2806  2665.0  0.04
2807  2665.0  0.04
2808  2665.0  0.04
2809  2665.0  0.04
2810  2665.0  0.04
2811  2665.0  0.04
2812  2665.0  0.04
2813  2665.0  0.04
2814  2665.0  0.04
2815  2665.0  0.04
2816  2665.0  0.04
2817  2665.0  0.04
2818  2665.0  0.04
2819  2665.0  0.04
2820  2665.0  0.04
2821  2665.0  0.04
2822  2665.0  0.04
2823  2665.0  0.04
2824  2665.0  0.04
2825  2665.0  0.04
2826  2665.0  0.04
2827  2665.0  0.04
2828  2665.0  0.04
2829  2665.0  0.04
2830  2665.0  0.04
2831  2665.0  0.04
2832  2665.0  0.04
2833  2665.0  0.04
2834  2665.0  0.04
2835  2665.0  0.04
2836  2665.0  0.04
2837  2665.0  0.04
2838  2665.0  0.04
2839  2665.0  0.04
2840  2665.0  0.04
2841  2665.0  0.04
2842  2665.0  0.04
2843  2665.0  0.04
2844  2665.0  0.04
2845  2665.0  0.04
2846  2665.0  0.04
2847  2665.0  0.04
2848  2665.0  0.04
2849  2665.0  0.04
2850  2665.0  0.04
2851  2665.0  0.04
2852  2665.0  0.04
2853  2665.0  0.04
2854  2665.0  0.04
2855  2665.0  0.04
2856  2665.0  0.04
2857  2665.0  0.04
2858  2665.0  0.04
2859  2665.0  0.04
2860  2665.0  0.04
2861  2665.0  0.04
2862  2665.0  0.04
2863  2665.0  0.04
2864  2665.0  0.04
2865  2665.0  0.04
2866  2665.0  0.04
2867  2665.0  0.04
2868  2665.0  0.04
2869  2665.0  0.04
2870  2665.0  0.04
2871  2665.0  0.04
2872  2665.0  0.04
2873  2665.0  0.04
2874  2665.0  0.04
2875  2665.0  0.04
2876  2665.0  0.04
2877  2665.0  0.04
2878  2665.0  0.04
2879  2665.0  0.04
2880  2665.0  0.04
2881  2665.0  0.04
2882  2665.0  0.04
2883  2665.0  0.04
2884  2665.0  0.04
2885  2665.0  0.04
2886  2665.0  0.04
2887  2665.0  0.04
2888  2665.0  0.04
2889  2665.0  0.04
2890  2665.0  0.04
2891  2665.0  0.04
2892  2665.0  0.04
2893  2665.0  0.04
2894  2665.0  0.04
2895  2665.0  0.04
2896  2665.0  0.04
2897  2665.0  0.04
2898  2665.0  0.04
2899  2665.0  0.04
2900  2665.0  0.04
2901  2665.0  0.04
2902  2665.0  0.04
2903  2665.0  0.04
2904  2665.0  0.04
2905  2665.0  0.04
2906  2665.0  0.04
2907  2665.0  0.04
2908  2665.0  0.04
2909  2665.0  0.04
2910  2665.0  0.04
2911  2665.0  0.04
2912  2665.0  0.04
2913  2665.0  0.04
2914  2665.0  0.04
2915  2665.0  0.04
2916  2665.0  0.04
2917  2665.0  0.04
2918  2665.0  0.04
2919  2665.0  0.04
2920  2665.0  0.04
2921  2665.0  0.04
2922  2665.0  0.04
2923  2665.0  0.04
2924  2665.0  0.04
2925  2665.0  0.04
2926  2665.0  0.04
2927  2665.0  0.04
2928  2665.0  0.04
2929  2665.0  0.04
2930  2665.0  0.04
2931  2665.0  0.04
2932  2665.0  0.04
2933  2665.0  0.04
2934  2665.0  0.04
2935  2665.0  0.04
2936  2665.0  0.04
2937  2665.0  0.04
2938  2665.0  0.04
2939  2665.0  0.04
2940  2665.0  0.04
2941  2665.0  0.04
2942  2665.0  0.04
2943  2665.0  0.04
2944  2665.0  0.04
2945  2665.0  0.04
2946  2665.0  0.04
2947  2665.0  0.04
2948  2665.0  0.04
2949  2665.0  0.04
2950  2665.0  0.04
2951  2665.0  0.04
2952  2665.0  0.04
2953  2665.0  0.04
2954  2665.0  0.04
2955  2665.0  0.04
2956  2665.0  0.04
2957  2665.0  0.04
2958  2665.0  0.04
2959  2665.0  0.04
2960  2665.0  0.04
2961  2665.0  0.04
2962  2665.0  0.04
2963  2665.0  0.04
2964  2665.0  0.04
2965  2665.0  0.04
2966  2665.0  0.04
2967  2665.0  0.04
2968  2665.0  0.04
2969  2665.0  0.04
2970  2665.0  0.04
2971  2665.0  0.04
2972  2665.0  0.04
2973  2665.0  0.04
2974  2665.0  0.04
2975  2665.0  0.04
2976  2665.0  0.04
2977  2665.0  0.04
2978  2665.0  0.04
2979  2665.0  0.04
2980  2665.0  0.04
2981  2665.0  0.04
2982  2665.0  0.04
2983  2665.0  0.04
2984  2665.0  0.04
2985  2665.0  0.04
2986  2665.0  0.04
2987  2665.0  0.04
2988  2665.0  0.04
2989  2665.0  0.04
2990  2665.0  0.04
2991  2665.0  0.04
2992  2665.0  0.04
2993  2665.0  0.04
2994  2665.0  0.04
2995  2665.0  0.04
2996  2665.0  0.04
2997  2665.0  0.04
2998  2665.0  0.04
2999  2665.0  0.04
#[9, 9, 9, 9, 9, 9, 9, 9, 9, 9]
#[-9, 4, 6, 9, 9, 9, 9, 9, 9, 9]
#[5, 8, 9, 9, 9, 9, 9, 9, 9, 9]
#[9, 9, 9, 9, 9, 9, 9, 9, 9, 9]
#[3, 8, 9, 9, 9, 9, 9, 9, 9, 9]
#[-6, 9, 9, 9, 9, 9, 9, 9, 9, 9]
#[4, 6, 9, 9, 9, 9, 9, 9, 9, 9]
#[-7, -1, 5, 9, 9, 9, 9, 9, 9, 9]
#[8, 9, 9, 9, 9, 9, 9, 9, 9, 9]
#Specialization index= [0, 9, 0.13157894736842105]
