#[2, 5, 5, 6, 2, 7, 2, 8, 1, 6]
#[6, 7, 9, 1, 6, 5, 4, 7, 1, 5]
#[7, 7, 6, 0, 8, 2, 6, 4, 8, 1]
#[2, 8, 2, 9, 8, 9, 7, 8, 3, 5]
#[8, 5, 1, 4, 9, 5, 9, 9, 8, 3]
#[8, 4, 4, 9, 0, 3, 4, 5, 4, 8]
#[1, 8, 9, 9, 5, 6, 8, 1, 7, 9]
#[5, 9, 2, 8, 4, 7, 9, 9, 9, 0]
#[7, 7, 9, 8, 1, 3, 6, 3, 4, 7]
0  2389.0  0.07
1  2389.0  0.07
2  2389.0  0.07
3  2389.0  0.07
4  2389.0  0.07
5  2464.0  0.12
6  2464.0  0.12
7  2464.0  0.12
8  2464.0  0.12
9  2464.0  0.12
10  2464.0  0.12
11  2464.0  0.12
12  2464.0  0.12
13  2464.0  0.12
14  2464.0  0.12
15  2464.0  0.12
16  2464.0  0.12
17  2464.0  0.12
18  2464.0  0.12
19  2464.0  0.12
20  2464.0  0.12
21  2464.0  0.12
22  2464.0  0.12
23  2464.0  0.12
24  2464.0  0.12
25  2464.0  0.12
26  2464.0  0.12
27  2464.0  0.12
28  2464.0  0.12
29  2464.0  0.12
30  2464.0  0.12
31  2464.0  0.12
32  2464.0  0.12
33  2548.0  0.07
34  2548.0  0.07
35  2548.0  0.07
36  2548.0  0.07
37  2548.0  0.07
38  2548.0  0.07
39  2548.0  0.07
40  2548.0  0.07
41  2548.0  0.07
42  2548.0  0.07
43  2548.0  0.07
44  2548.0  0.07
45  2548.0  0.07
46  2548.0  0.07
47  2548.0  0.07
48  2548.0  0.07
49  2548.0  0.07
50  2548.0  0.07
51  2548.0  0.07
52  2548.0  0.07
53  2548.0  0.07
54  2548.0  0.07
55  2548.0  0.07
56  2548.0  0.07
57  2548.0  0.07
58  2548.0  0.07
59  2548.0  0.07
60  2548.0  0.07
61  2584.0  0.05
62  2617.0  0.02
63  2617.0  0.02
64  2617.0  0.02
65  2617.0  0.02
66  2617.0  0.02
67  2617.0  0.02
68  2617.0  0.02
69  2617.0  0.02
70  2617.0  0.02
71  2617.0  0.02
72  2617.0  0.02
73  2617.0  0.02
74  2617.0  0.02
75  2617.0  0.02
76  2617.0  0.02
77  2617.0  0.02
78  2617.0  0.02
79  2617.0  0.02
80  2617.0  0.02
81  2617.0  0.02
82  2617.0  0.02
83  2617.0  0.02
84  2617.0  0.02
85  2617.0  0.02
86  2617.0  0.02
87  2617.0  0.02
88  2617.0  0.02
89  2617.0  0.02
90  2617.0  0.02
91  2617.0  0.02
92  2617.0  0.02
93  2617.0  0.02
94  2617.0  0.02
95  2617.0  0.02
96  2617.0  0.02
97  2617.0  0.02
98  2617.0  0.02
99  2617.0  0.02
100  2617.0  0.02
101  2617.0  0.02
102  2617.0  0.02
103  2617.0  0.02
104  2617.0  0.02
105  2617.0  0.02
106  2617.0  0.02
107  2617.0  0.02
108  2617.0  0.02
109  2617.0  0.02
110  2617.0  0.02
111  2617.0  0.02
112  2617.0  0.02
113  2617.0  0.02
114  2617.0  0.02
115  2617.0  0.02
116  2617.0  0.02
117  2617.0  0.02
118  2617.0  0.02
119  2617.0  0.02
120  2617.0  0.02
121  2617.0  0.02
122  2617.0  0.02
123  2617.0  0.02
124  2617.0  0.02
125  2617.0  0.02
126  2617.0  0.02
127  2617.0  0.02
128  2617.0  0.02
129  2617.0  0.02
130  2617.0  0.02
131  2617.0  0.02
132  2617.0  0.02
133  2617.0  0.02
134  2617.0  0.02
135  2617.0  0.02
136  2617.0  0.02
137  2617.0  0.02
138  2617.0  0.02
139  2617.0  0.02
140  2617.0  0.02
141  2617.0  0.02
142  2617.0  0.02
143  2617.0  0.02
144  2617.0  0.02
145  2617.0  0.02
146  2617.0  0.02
147  2617.0  0.02
148  2617.0  0.02
149  2617.0  0.02
150  2617.0  0.02
151  2617.0  0.02
152  2617.0  0.02
153  2617.0  0.02
154  2617.0  0.02
155  2617.0  0.02
156  2617.0  0.02
157  2617.0  0.02
158  2617.0  0.02
159  2617.0  0.02
160  2617.0  0.02
161  2617.0  0.02
162  2617.0  0.02
163  2617.0  0.02
164  2617.0  0.02
165  2617.0  0.02
166  2617.0  0.02
167  2617.0  0.02
168  2617.0  0.02
169  2617.0  0.02
170  2617.0  0.02
171  2617.0  0.02
172  2617.0  0.02
173  2617.0  0.02
174  2617.0  0.02
175  2617.0  0.02
176  2617.0  0.02
177  2617.0  0.02
178  2617.0  0.02
179  2617.0  0.02
180  2617.0  0.02
181  2617.0  0.02
182  2617.0  0.02
183  2617.0  0.02
184  2617.0  0.02
185  2617.0  0.02
186  2617.0  0.02
187  2617.0  0.02
188  2617.0  0.02
189  2617.0  0.02
190  2617.0  0.02
191  2617.0  0.02
192  2617.0  0.02
193  2617.0  0.02
194  2617.0  0.02
195  2617.0  0.02
196  2617.0  0.02
197  2617.0  0.02
198  2617.0  0.02
199  2617.0  0.02
200  2617.0  0.02
201  2617.0  0.02
202  2617.0  0.02
203  2617.0  0.02
204  2617.0  0.02
205  2617.0  0.02
206  2617.0  0.02
207  2617.0  0.02
208  2617.0  0.02
209  2617.0  0.02
210  2617.0  0.02
211  2617.0  0.02
212  2617.0  0.02
213  2617.0  0.02
214  2617.0  0.02
215  2617.0  0.02
216  2617.0  0.02
217  2617.0  0.02
218  2617.0  0.02
219  2617.0  0.02
220  2617.0  0.02
221  2617.0  0.02
222  2617.0  0.02
223  2617.0  0.02
224  2617.0  0.02
225  2617.0  0.02
226  2617.0  0.02
227  2617.0  0.02
228  2617.0  0.02
229  2617.0  0.02
230  2617.0  0.02
231  2617.0  0.02
232  2617.0  0.02
233  2617.0  0.02
234  2617.0  0.02
235  2617.0  0.02
236  2617.0  0.02
237  2617.0  0.02
238  2617.0  0.02
239  2617.0  0.02
240  2617.0  0.02
241  2617.0  0.02
242  2617.0  0.02
243  2617.0  0.02
244  2617.0  0.02
245  2617.0  0.02
246  2617.0  0.02
247  2617.0  0.02
248  2617.0  0.02
249  2617.0  0.02
250  2617.0  0.02
251  2631.0  0.04
252  2631.0  0.04
253  2631.0  0.04
254  2631.0  0.04
255  2631.0  0.04
256  2631.0  0.04
257  2631.0  0.04
258  2631.0  0.04
259  2631.0  0.04
260  2631.0  0.04
261  2631.0  0.04
262  2631.0  0.04
263  2631.0  0.04
264  2631.0  0.04
265  2631.0  0.04
266  2631.0  0.04
267  2631.0  0.04
268  2631.0  0.04
269  2631.0  0.04
270  2631.0  0.04
271  2631.0  0.04
272  2631.0  0.04
273  2631.0  0.04
274  2631.0  0.04
275  2631.0  0.04
276  2631.0  0.04
277  2631.0  0.04
278  2631.0  0.04
279  2631.0  0.04
280  2631.0  0.04
281  2631.0  0.04
282  2631.0  0.04
283  2631.0  0.04
284  2631.0  0.04
285  2631.0  0.04
286  2631.0  0.04
287  2631.0  0.04
288  2631.0  0.04
289  2631.0  0.04
290  2631.0  0.04
291  2631.0  0.04
292  2631.0  0.04
293  2631.0  0.04
294  2631.0  0.04
295  2631.0  0.04
296  2631.0  0.04
297  2631.0  0.04
298  2631.0  0.04
299  2631.0  0.04
300  2631.0  0.04
301  2631.0  0.04
302  2631.0  0.04
303  2631.0  0.04
304  2631.0  0.04
305  2631.0  0.04
306  2631.0  0.04
307  2631.0  0.04
308  2631.0  0.04
309  2631.0  0.04
310  2631.0  0.04
311  2631.0  0.04
312  2631.0  0.04
313  2631.0  0.04
314  2631.0  0.04
315  2631.0  0.04
316  2631.0  0.04
317  2631.0  0.04
318  2631.0  0.04
319  2631.0  0.04
320  2631.0  0.04
321  2631.0  0.04
322  2631.0  0.04
323  2631.0  0.04
324  2631.0  0.04
325  2631.0  0.04
326  2631.0  0.04
327  2631.0  0.04
328  2631.0  0.04
329  2631.0  0.04
330  2631.0  0.04
331  2631.0  0.04
332  2631.0  0.04
333  2631.0  0.04
334  2631.0  0.04
335  2631.0  0.04
336  2631.0  0.04
337  2631.0  0.04
338  2631.0  0.04
339  2631.0  0.04
340  2631.0  0.04
341  2631.0  0.04
342  2631.0  0.04
343  2631.0  0.04
344  2631.0  0.04
345  2631.0  0.04
346  2631.0  0.04
347  2631.0  0.04
348  2631.0  0.04
349  2631.0  0.04
350  2631.0  0.04
351  2631.0  0.04
352  2631.0  0.04
353  2631.0  0.04
354  2631.0  0.04
355  2631.0  0.04
356  2631.0  0.04
357  2631.0  0.04
358  2631.0  0.04
359  2631.0  0.04
360  2631.0  0.04
361  2631.0  0.04
362  2631.0  0.04
363  2631.0  0.04
364  2631.0  0.04
365  2631.0  0.04
366  2631.0  0.04
367  2631.0  0.04
368  2631.0  0.04
369  2631.0  0.04
370  2631.0  0.04
371  2631.0  0.04
372  2631.0  0.04
373  2631.0  0.04
374  2631.0  0.04
375  2631.0  0.04
376  2631.0  0.04
377  2631.0  0.04
378  2631.0  0.04
379  2631.0  0.04
380  2631.0  0.04
381  2631.0  0.04
382  2631.0  0.04
383  2631.0  0.04
384  2631.0  0.04
385  2631.0  0.04
386  2631.0  0.04
387  2631.0  0.04
388  2631.0  0.04
389  2631.0  0.04
390  2631.0  0.04
391  2631.0  0.04
392  2631.0  0.04
393  2631.0  0.04
394  2631.0  0.04
395  2631.0  0.04
396  2631.0  0.04
397  2631.0  0.04
398  2631.0  0.04
399  2631.0  0.04
400  2631.0  0.04
401  2631.0  0.04
402  2631.0  0.04
403  2631.0  0.04
404  2631.0  0.04
405  2631.0  0.04
406  2631.0  0.04
407  2631.0  0.04
408  2631.0  0.04
409  2631.0  0.04
410  2631.0  0.04
411  2631.0  0.04
412  2631.0  0.04
413  2631.0  0.04
414  2631.0  0.04
415  2631.0  0.04
416  2631.0  0.04
417  2631.0  0.04
418  2631.0  0.04
419  2631.0  0.04
420  2631.0  0.04
421  2631.0  0.04
422  2631.0  0.04
423  2631.0  0.04
424  2631.0  0.04
425  2631.0  0.04
426  2631.0  0.04
427  2631.0  0.04
428  2631.0  0.04
429  2631.0  0.04
430  2631.0  0.04
431  2631.0  0.04
432  2631.0  0.04
433  2631.0  0.04
434  2631.0  0.04
435  2631.0  0.04
436  2631.0  0.04
437  2631.0  0.04
438  2631.0  0.04
439  2631.0  0.04
440  2631.0  0.04
441  2631.0  0.04
442  2631.0  0.04
443  2631.0  0.04
444  2631.0  0.04
445  2631.0  0.04
446  2631.0  0.04
447  2631.0  0.04
448  2631.0  0.04
449  2631.0  0.04
450  2631.0  0.04
451  2631.0  0.04
452  2631.0  0.04
453  2631.0  0.04
454  2631.0  0.04
455  2631.0  0.04
456  2631.0  0.04
457  2631.0  0.04
458  2631.0  0.04
459  2631.0  0.04
460  2631.0  0.04
461  2631.0  0.04
462  2631.0  0.04
463  2631.0  0.04
464  2631.0  0.04
465  2631.0  0.04
466  2631.0  0.04
467  2631.0  0.04
468  2631.0  0.04
469  2631.0  0.04
470  2631.0  0.04
471  2631.0  0.04
472  2631.0  0.04
473  2631.0  0.04
474  2631.0  0.04
475  2631.0  0.04
476  2631.0  0.04
477  2631.0  0.04
478  2631.0  0.04
479  2631.0  0.04
480  2631.0  0.04
481  2631.0  0.04
482  2631.0  0.04
483  2631.0  0.04
484  2631.0  0.04
485  2632.0  0.05
486  2632.0  0.05
487  2632.0  0.05
488  2632.0  0.05
489  2632.0  0.05
490  2632.0  0.05
491  2632.0  0.05
492  2632.0  0.05
493  2632.0  0.05
494  2632.0  0.05
495  2632.0  0.05
496  2632.0  0.05
497  2632.0  0.05
498  2632.0  0.05
499  2632.0  0.05
500  2632.0  0.05
501  2632.0  0.05
502  2632.0  0.05
503  2632.0  0.05
504  2632.0  0.05
505  2632.0  0.05
506  2632.0  0.05
507  2632.0  0.05
508  2632.0  0.05
509  2632.0  0.05
510  2632.0  0.05
511  2632.0  0.05
512  2632.0  0.05
513  2632.0  0.05
514  2632.0  0.05
515  2632.0  0.05
516  2632.0  0.05
517  2632.0  0.05
518  2632.0  0.05
519  2632.0  0.05
520  2649.0  0.03
521  2649.0  0.03
522  2649.0  0.03
523  2649.0  0.03
524  2649.0  0.03
525  2649.0  0.03
526  2649.0  0.03
527  2649.0  0.03
528  2649.0  0.03
529  2649.0  0.03
530  2649.0  0.03
531  2649.0  0.03
532  2649.0  0.03
533  2649.0  0.03
534  2649.0  0.03
535  2649.0  0.03
536  2649.0  0.03
537  2649.0  0.03
538  2649.0  0.03
539  2649.0  0.03
540  2649.0  0.03
541  2649.0  0.03
542  2649.0  0.03
543  2649.0  0.03
544  2649.0  0.03
545  2649.0  0.03
546  2649.0  0.03
547  2649.0  0.03
548  2649.0  0.03
549  2649.0  0.03
550  2649.0  0.03
551  2649.0  0.03
552  2649.0  0.03
553  2649.0  0.03
554  2649.0  0.03
555  2649.0  0.03
556  2649.0  0.03
557  2649.0  0.03
558  2649.0  0.03
559  2649.0  0.03
560  2649.0  0.03
561  2649.0  0.03
562  2649.0  0.03
563  2649.0  0.03
564  2649.0  0.03
565  2649.0  0.03
566  2649.0  0.03
567  2649.0  0.03
568  2649.0  0.03
569  2649.0  0.03
570  2649.0  0.03
571  2649.0  0.03
572  2649.0  0.03
573  2649.0  0.03
574  2649.0  0.03
575  2649.0  0.03
576  2649.0  0.03
577  2649.0  0.03
578  2649.0  0.03
579  2649.0  0.03
580  2649.0  0.03
581  2649.0  0.03
582  2649.0  0.03
583  2649.0  0.03
584  2649.0  0.03
585  2649.0  0.03
586  2649.0  0.03
587  2649.0  0.03
588  2649.0  0.03
589  2649.0  0.03
590  2649.0  0.03
591  2649.0  0.03
592  2649.0  0.03
593  2649.0  0.03
594  2649.0  0.03
595  2649.0  0.03
596  2649.0  0.03
597  2649.0  0.03
598  2649.0  0.03
599  2649.0  0.03
600  2649.0  0.03
601  2649.0  0.03
602  2649.0  0.03
603  2649.0  0.03
604  2649.0  0.03
605  2649.0  0.03
606  2649.0  0.03
607  2649.0  0.03
608  2649.0  0.03
609  2649.0  0.03
610  2649.0  0.03
611  2649.0  0.03
612  2649.0  0.03
613  2649.0  0.03
614  2649.0  0.03
615  2649.0  0.03
616  2649.0  0.03
617  2649.0  0.03
618  2649.0  0.03
619  2649.0  0.03
620  2649.0  0.03
621  2649.0  0.03
622  2649.0  0.03
623  2649.0  0.03
624  2649.0  0.03
625  2649.0  0.03
626  2649.0  0.03
627  2649.0  0.03
628  2649.0  0.03
629  2649.0  0.03
630  2649.0  0.03
631  2649.0  0.03
632  2649.0  0.03
633  2649.0  0.03
634  2649.0  0.03
635  2649.0  0.03
636  2649.0  0.03
637  2649.0  0.03
638  2649.0  0.03
639  2649.0  0.03
640  2649.0  0.03
641  2649.0  0.03
642  2649.0  0.03
643  2649.0  0.03
644  2649.0  0.03
645  2649.0  0.03
646  2649.0  0.03
647  2649.0  0.03
648  2649.0  0.03
649  2649.0  0.03
650  2649.0  0.03
651  2649.0  0.03
652  2649.0  0.03
653  2649.0  0.03
654  2649.0  0.03
655  2649.0  0.03
656  2649.0  0.03
657  2649.0  0.03
658  2649.0  0.03
659  2649.0  0.03
660  2649.0  0.03
661  2649.0  0.03
662  2649.0  0.03
663  2649.0  0.03
664  2649.0  0.03
665  2649.0  0.03
666  2649.0  0.03
667  2649.0  0.03
668  2649.0  0.03
669  2649.0  0.03
670  2649.0  0.03
671  2649.0  0.03
672  2649.0  0.03
673  2649.0  0.03
674  2649.0  0.03
675  2649.0  0.03
676  2649.0  0.03
677  2649.0  0.03
678  2649.0  0.03
679  2649.0  0.03
680  2649.0  0.03
681  2649.0  0.03
682  2649.0  0.03
683  2649.0  0.03
684  2649.0  0.03
685  2649.0  0.03
686  2649.0  0.03
687  2649.0  0.03
688  2649.0  0.03
689  2649.0  0.03
690  2649.0  0.03
691  2649.0  0.03
692  2649.0  0.03
693  2649.0  0.03
694  2649.0  0.03
695  2649.0  0.03
696  2649.0  0.03
697  2649.0  0.03
698  2649.0  0.03
699  2649.0  0.03
700  2649.0  0.03
701  2649.0  0.03
702  2649.0  0.03
703  2649.0  0.03
704  2649.0  0.03
705  2649.0  0.03
706  2649.0  0.03
707  2649.0  0.03
708  2649.0  0.03
709  2649.0  0.03
710  2649.0  0.03
711  2649.0  0.03
712  2649.0  0.03
713  2649.0  0.03
714  2649.0  0.03
715  2649.0  0.03
716  2649.0  0.03
717  2649.0  0.03
718  2649.0  0.03
719  2649.0  0.03
720  2649.0  0.03
721  2649.0  0.03
722  2649.0  0.03
723  2649.0  0.03
724  2649.0  0.03
725  2649.0  0.03
726  2649.0  0.03
727  2649.0  0.03
728  2649.0  0.03
729  2649.0  0.03
730  2649.0  0.03
731  2649.0  0.03
732  2649.0  0.03
733  2649.0  0.03
734  2649.0  0.03
735  2649.0  0.03
736  2649.0  0.03
737  2649.0  0.03
738  2649.0  0.03
739  2649.0  0.03
740  2649.0  0.03
741  2649.0  0.03
742  2649.0  0.03
743  2649.0  0.03
744  2649.0  0.03
745  2649.0  0.03
746  2649.0  0.03
747  2649.0  0.03
748  2649.0  0.03
749  2649.0  0.03
750  2649.0  0.03
751  2649.0  0.03
752  2649.0  0.03
753  2649.0  0.03
754  2649.0  0.03
755  2649.0  0.03
756  2649.0  0.03
757  2649.0  0.03
758  2649.0  0.03
759  2649.0  0.03
760  2649.0  0.03
761  2649.0  0.03
762  2649.0  0.03
763  2649.0  0.03
764  2649.0  0.03
765  2649.0  0.03
766  2649.0  0.03
767  2649.0  0.03
768  2649.0  0.03
769  2649.0  0.03
770  2649.0  0.03
771  2649.0  0.03
772  2649.0  0.03
773  2649.0  0.03
774  2649.0  0.03
775  2649.0  0.03
776  2649.0  0.03
777  2649.0  0.03
778  2649.0  0.03
779  2649.0  0.03
780  2649.0  0.03
781  2649.0  0.03
782  2649.0  0.03
783  2649.0  0.03
784  2649.0  0.03
785  2649.0  0.03
786  2649.0  0.03
787  2649.0  0.03
788  2649.0  0.03
789  2649.0  0.03
790  2649.0  0.03
791  2649.0  0.03
792  2649.0  0.03
793  2649.0  0.03
794  2649.0  0.03
795  2649.0  0.03
796  2649.0  0.03
797  2649.0  0.03
798  2649.0  0.03
799  2649.0  0.03
800  2649.0  0.03
801  2649.0  0.03
802  2649.0  0.03
803  2649.0  0.03
804  2649.0  0.03
805  2649.0  0.03
806  2649.0  0.03
807  2649.0  0.03
808  2649.0  0.03
809  2649.0  0.03
810  2649.0  0.03
811  2649.0  0.03
812  2649.0  0.03
813  2649.0  0.03
814  2649.0  0.03
815  2649.0  0.03
816  2649.0  0.03
817  2649.0  0.03
818  2649.0  0.03
819  2649.0  0.03
820  2649.0  0.03
821  2649.0  0.03
822  2649.0  0.03
823  2649.0  0.03
824  2649.0  0.03
825  2649.0  0.03
826  2649.0  0.03
827  2649.0  0.03
828  2649.0  0.03
829  2649.0  0.03
830  2649.0  0.03
831  2649.0  0.03
832  2649.0  0.03
833  2649.0  0.03
834  2649.0  0.03
835  2649.0  0.03
836  2649.0  0.03
837  2649.0  0.03
838  2649.0  0.03
839  2649.0  0.03
840  2649.0  0.03
841  2649.0  0.03
842  2649.0  0.03
843  2649.0  0.03
844  2649.0  0.03
845  2649.0  0.03
846  2649.0  0.03
847  2649.0  0.03
848  2649.0  0.03
849  2649.0  0.03
850  2649.0  0.03
851  2649.0  0.03
852  2649.0  0.03
853  2649.0  0.03
854  2649.0  0.03
855  2649.0  0.03
856  2649.0  0.03
857  2649.0  0.03
858  2649.0  0.03
859  2649.0  0.03
860  2649.0  0.03
861  2649.0  0.03
862  2649.0  0.03
863  2649.0  0.03
864  2649.0  0.03
865  2649.0  0.03
866  2649.0  0.03
867  2649.0  0.03
868  2649.0  0.03
869  2649.0  0.03
870  2649.0  0.03
871  2649.0  0.03
872  2649.0  0.03
873  2649.0  0.03
874  2649.0  0.03
875  2649.0  0.03
876  2649.0  0.03
877  2649.0  0.03
878  2649.0  0.03
879  2649.0  0.03
880  2649.0  0.03
881  2649.0  0.03
882  2649.0  0.03
883  2649.0  0.03
884  2649.0  0.03
885  2649.0  0.03
886  2649.0  0.03
887  2649.0  0.03
888  2672.0  0.04
889  2672.0  0.04
890  2672.0  0.04
891  2672.0  0.04
892  2672.0  0.04
893  2672.0  0.04
894  2672.0  0.04
895  2672.0  0.04
896  2672.0  0.04
897  2672.0  0.04
898  2672.0  0.04
899  2672.0  0.04
900  2672.0  0.04
901  2672.0  0.04
902  2672.0  0.04
903  2672.0  0.04
904  2672.0  0.04
905  2672.0  0.04
906  2672.0  0.04
907  2672.0  0.04
908  2672.0  0.04
909  2672.0  0.04
910  2672.0  0.04
911  2672.0  0.04
912  2672.0  0.04
913  2672.0  0.04
914  2672.0  0.04
915  2672.0  0.04
916  2672.0  0.04
917  2672.0  0.04
918  2672.0  0.04
919  2672.0  0.04
920  2672.0  0.04
921  2672.0  0.04
922  2672.0  0.04
923  2672.0  0.04
924  2672.0  0.04
925  2672.0  0.04
926  2672.0  0.04
927  2672.0  0.04
928  2672.0  0.04
929  2672.0  0.04
930  2672.0  0.04
931  2672.0  0.04
932  2672.0  0.04
933  2672.0  0.04
934  2672.0  0.04
935  2672.0  0.04
936  2672.0  0.04
937  2672.0  0.04
938  2672.0  0.04
939  2672.0  0.04
940  2672.0  0.04
941  2672.0  0.04
942  2672.0  0.04
943  2672.0  0.04
944  2672.0  0.04
945  2672.0  0.04
946  2672.0  0.04
947  2672.0  0.04
948  2672.0  0.04
949  2672.0  0.04
950  2672.0  0.04
951  2672.0  0.04
952  2672.0  0.04
953  2672.0  0.04
954  2672.0  0.04
955  2672.0  0.04
956  2672.0  0.04
957  2672.0  0.04
958  2672.0  0.04
959  2672.0  0.04
960  2672.0  0.04
961  2672.0  0.04
962  2672.0  0.04
963  2672.0  0.04
964  2672.0  0.04
965  2672.0  0.04
966  2672.0  0.04
967  2672.0  0.04
968  2672.0  0.04
969  2690.0  0.04
970  2690.0  0.04
971  2690.0  0.04
972  2690.0  0.04
973  2690.0  0.04
974  2690.0  0.04
975  2690.0  0.04
976  2690.0  0.04
977  2690.0  0.04
978  2690.0  0.04
979  2690.0  0.04
980  2690.0  0.04
981  2690.0  0.04
982  2690.0  0.04
983  2690.0  0.04
984  2690.0  0.04
985  2690.0  0.04
986  2690.0  0.04
987  2690.0  0.04
988  2690.0  0.04
989  2690.0  0.04
990  2690.0  0.04
991  2690.0  0.04
992  2690.0  0.04
993  2690.0  0.04
994  2690.0  0.04
995  2690.0  0.04
996  2690.0  0.04
997  2690.0  0.04
998  2690.0  0.04
999  2690.0  0.04
1000  2690.0  0.04
1001  2690.0  0.04
1002  2690.0  0.04
1003  2690.0  0.04
1004  2690.0  0.04
1005  2690.0  0.04
1006  2690.0  0.04
1007  2690.0  0.04
1008  2690.0  0.04
1009  2690.0  0.04
1010  2690.0  0.04
1011  2690.0  0.04
1012  2690.0  0.04
1013  2690.0  0.04
1014  2690.0  0.04
1015  2690.0  0.04
1016  2690.0  0.04
1017  2690.0  0.04
1018  2690.0  0.04
1019  2690.0  0.04
1020  2690.0  0.04
1021  2690.0  0.04
1022  2690.0  0.04
1023  2690.0  0.04
1024  2690.0  0.04
1025  2690.0  0.04
1026  2690.0  0.04
1027  2690.0  0.04
1028  2690.0  0.04
1029  2690.0  0.04
1030  2690.0  0.04
1031  2690.0  0.04
1032  2690.0  0.04
1033  2690.0  0.04
1034  2690.0  0.04
1035  2690.0  0.04
1036  2690.0  0.04
1037  2690.0  0.04
1038  2690.0  0.04
1039  2690.0  0.04
1040  2690.0  0.04
1041  2690.0  0.04
1042  2690.0  0.04
1043  2690.0  0.04
1044  2690.0  0.04
1045  2690.0  0.04
1046  2690.0  0.04
1047  2690.0  0.04
1048  2690.0  0.04
1049  2690.0  0.04
1050  2690.0  0.04
1051  2690.0  0.04
1052  2690.0  0.04
1053  2690.0  0.04
1054  2690.0  0.04
1055  2690.0  0.04
1056  2690.0  0.04
1057  2690.0  0.04
1058  2690.0  0.04
1059  2690.0  0.04
1060  2690.0  0.04
1061  2690.0  0.04
1062  2690.0  0.04
1063  2690.0  0.04
1064  2690.0  0.04
1065  2690.0  0.04
1066  2690.0  0.04
1067  2690.0  0.04
1068  2690.0  0.04
1069  2690.0  0.04
1070  2690.0  0.04
1071  2690.0  0.04
1072  2690.0  0.04
1073  2690.0  0.04
1074  2690.0  0.04
1075  2690.0  0.04
1076  2690.0  0.04
1077  2690.0  0.04
1078  2690.0  0.04
1079  2690.0  0.04
1080  2690.0  0.04
1081  2690.0  0.04
1082  2690.0  0.04
1083  2690.0  0.04
1084  2690.0  0.04
1085  2690.0  0.04
1086  2690.0  0.04
1087  2690.0  0.04
1088  2690.0  0.04
1089  2690.0  0.04
1090  2690.0  0.04
1091  2690.0  0.04
1092  2690.0  0.04
1093  2690.0  0.04
1094  2690.0  0.04
1095  2690.0  0.04
1096  2690.0  0.04
1097  2690.0  0.04
1098  2690.0  0.04
1099  2690.0  0.04
1100  2690.0  0.04
1101  2690.0  0.04
1102  2690.0  0.04
1103  2690.0  0.04
1104  2690.0  0.04
1105  2690.0  0.04
1106  2690.0  0.04
1107  2690.0  0.04
1108  2690.0  0.04
1109  2690.0  0.04
1110  2690.0  0.04
1111  2690.0  0.04
1112  2690.0  0.04
1113  2690.0  0.04
1114  2690.0  0.04
1115  2690.0  0.04
1116  2690.0  0.04
1117  2690.0  0.04
1118  2690.0  0.04
1119  2690.0  0.04
1120  2690.0  0.04
1121  2690.0  0.04
1122  2690.0  0.04
1123  2690.0  0.04
1124  2690.0  0.04
1125  2690.0  0.04
1126  2690.0  0.04
1127  2690.0  0.04
1128  2690.0  0.04
1129  2690.0  0.04
1130  2690.0  0.04
1131  2690.0  0.04
1132  2690.0  0.04
1133  2690.0  0.04
1134  2690.0  0.04
1135  2690.0  0.04
1136  2690.0  0.04
1137  2690.0  0.04
1138  2690.0  0.04
1139  2690.0  0.04
1140  2690.0  0.04
1141  2690.0  0.04
1142  2690.0  0.04
1143  2690.0  0.04
1144  2690.0  0.04
1145  2690.0  0.04
1146  2690.0  0.04
1147  2690.0  0.04
1148  2690.0  0.04
1149  2690.0  0.04
1150  2690.0  0.04
1151  2690.0  0.04
1152  2690.0  0.04
1153  2690.0  0.04
1154  2690.0  0.04
1155  2690.0  0.04
1156  2690.0  0.04
1157  2690.0  0.04
1158  2690.0  0.04
1159  2690.0  0.04
1160  2690.0  0.04
1161  2690.0  0.04
1162  2690.0  0.04
1163  2690.0  0.04
1164  2690.0  0.04
1165  2690.0  0.04
1166  2690.0  0.04
1167  2690.0  0.04
1168  2690.0  0.04
1169  2690.0  0.04
1170  2690.0  0.04
1171  2690.0  0.04
1172  2690.0  0.04
1173  2690.0  0.04
1174  2690.0  0.04
1175  2690.0  0.04
1176  2690.0  0.04
1177  2690.0  0.04
1178  2690.0  0.04
1179  2690.0  0.04
1180  2690.0  0.04
1181  2690.0  0.04
1182  2690.0  0.04
1183  2690.0  0.04
1184  2690.0  0.04
1185  2690.0  0.04
1186  2690.0  0.04
1187  2690.0  0.04
1188  2690.0  0.04
1189  2690.0  0.04
1190  2690.0  0.04
1191  2690.0  0.04
1192  2690.0  0.04
1193  2690.0  0.04
1194  2690.0  0.04
1195  2690.0  0.04
1196  2690.0  0.04
1197  2690.0  0.04
1198  2690.0  0.04
1199  2690.0  0.04
1200  2690.0  0.04
1201  2690.0  0.04
1202  2690.0  0.04
1203  2690.0  0.04
1204  2690.0  0.04
1205  2690.0  0.04
1206  2690.0  0.04
1207  2690.0  0.04
1208  2690.0  0.04
1209  2690.0  0.04
1210  2690.0  0.04
1211  2690.0  0.04
1212  2690.0  0.04
1213  2690.0  0.04
1214  2690.0  0.04
1215  2690.0  0.04
1216  2690.0  0.04
1217  2690.0  0.04
1218  2690.0  0.04
1219  2690.0  0.04
1220  2690.0  0.04
1221  2690.0  0.04
1222  2690.0  0.04
1223  2690.0  0.04
1224  2690.0  0.04
1225  2690.0  0.04
1226  2690.0  0.04
1227  2690.0  0.04
1228  2690.0  0.04
1229  2690.0  0.04
1230  2690.0  0.04
1231  2690.0  0.04
1232  2690.0  0.04
1233  2690.0  0.04
1234  2690.0  0.04
1235  2690.0  0.04
1236  2690.0  0.04
1237  2690.0  0.04
1238  2690.0  0.04
1239  2690.0  0.04
1240  2690.0  0.04
1241  2690.0  0.04
1242  2690.0  0.04
1243  2690.0  0.04
1244  2690.0  0.04
1245  2690.0  0.04
1246  2690.0  0.04
1247  2690.0  0.04
1248  2690.0  0.04
1249  2690.0  0.04
1250  2690.0  0.04
1251  2690.0  0.04
1252  2690.0  0.04
1253  2690.0  0.04
1254  2690.0  0.04
1255  2690.0  0.04
1256  2690.0  0.04
1257  2690.0  0.04
1258  2690.0  0.04
1259  2690.0  0.04
1260  2690.0  0.04
1261  2690.0  0.04
1262  2690.0  0.04
1263  2690.0  0.04
1264  2690.0  0.04
1265  2690.0  0.04
1266  2690.0  0.04
1267  2690.0  0.04
1268  2690.0  0.04
1269  2690.0  0.04
1270  2690.0  0.04
1271  2690.0  0.04
1272  2690.0  0.04
1273  2690.0  0.04
1274  2690.0  0.04
1275  2690.0  0.04
1276  2690.0  0.04
1277  2690.0  0.04
1278  2690.0  0.04
1279  2690.0  0.04
1280  2690.0  0.04
1281  2690.0  0.04
1282  2690.0  0.04
1283  2690.0  0.04
1284  2690.0  0.04
1285  2690.0  0.04
1286  2690.0  0.04
1287  2690.0  0.04
1288  2690.0  0.04
1289  2690.0  0.04
1290  2690.0  0.04
1291  2690.0  0.04
1292  2690.0  0.04
1293  2690.0  0.04
1294  2690.0  0.04
1295  2690.0  0.04
1296  2690.0  0.04
1297  2690.0  0.04
1298  2690.0  0.04
1299  2690.0  0.04
1300  2690.0  0.04
1301  2690.0  0.04
1302  2690.0  0.04
1303  2690.0  0.04
1304  2690.0  0.04
1305  2690.0  0.04
1306  2690.0  0.04
1307  2690.0  0.04
1308  2690.0  0.04
1309  2690.0  0.04
1310  2690.0  0.04
1311  2690.0  0.04
1312  2690.0  0.04
1313  2690.0  0.04
1314  2690.0  0.04
1315  2690.0  0.04
1316  2693.0  0.02
1317  2693.0  0.02
1318  2693.0  0.02
1319  2693.0  0.02
1320  2693.0  0.02
1321  2693.0  0.02
1322  2693.0  0.02
1323  2693.0  0.02
1324  2693.0  0.02
1325  2693.0  0.02
1326  2693.0  0.02
1327  2693.0  0.02
1328  2693.0  0.02
1329  2693.0  0.02
1330  2693.0  0.02
1331  2693.0  0.02
1332  2693.0  0.02
1333  2693.0  0.02
1334  2693.0  0.02
1335  2693.0  0.02
1336  2693.0  0.02
1337  2693.0  0.02
1338  2693.0  0.02
1339  2693.0  0.02
1340  2693.0  0.02
1341  2693.0  0.02
1342  2693.0  0.02
1343  2693.0  0.02
1344  2693.0  0.02
1345  2693.0  0.02
1346  2693.0  0.02
1347  2693.0  0.02
1348  2693.0  0.02
1349  2693.0  0.02
1350  2693.0  0.02
1351  2693.0  0.02
1352  2693.0  0.02
1353  2693.0  0.02
1354  2693.0  0.02
1355  2693.0  0.02
1356  2693.0  0.02
1357  2693.0  0.02
1358  2693.0  0.02
1359  2693.0  0.02
1360  2693.0  0.02
1361  2693.0  0.02
1362  2693.0  0.02
1363  2693.0  0.02
1364  2693.0  0.02
1365  2693.0  0.02
1366  2693.0  0.02
1367  2693.0  0.02
1368  2693.0  0.02
1369  2693.0  0.02
1370  2693.0  0.02
1371  2693.0  0.02
1372  2693.0  0.02
1373  2693.0  0.02
1374  2693.0  0.02
1375  2693.0  0.02
1376  2693.0  0.02
1377  2693.0  0.02
1378  2693.0  0.02
1379  2693.0  0.02
1380  2693.0  0.02
1381  2693.0  0.02
1382  2693.0  0.02
1383  2693.0  0.02
1384  2693.0  0.02
1385  2693.0  0.02
1386  2693.0  0.02
1387  2693.0  0.02
1388  2693.0  0.02
1389  2693.0  0.02
1390  2693.0  0.02
1391  2693.0  0.02
1392  2693.0  0.02
1393  2693.0  0.02
1394  2693.0  0.02
1395  2693.0  0.02
1396  2693.0  0.02
1397  2693.0  0.02
1398  2693.0  0.02
1399  2693.0  0.02
1400  2693.0  0.02
1401  2693.0  0.02
1402  2693.0  0.02
1403  2693.0  0.02
1404  2693.0  0.02
1405  2693.0  0.02
1406  2693.0  0.02
1407  2693.0  0.02
1408  2693.0  0.02
1409  2693.0  0.02
1410  2693.0  0.02
1411  2693.0  0.02
1412  2693.0  0.02
1413  2693.0  0.02
1414  2693.0  0.02
1415  2693.0  0.02
1416  2693.0  0.02
1417  2693.0  0.02
1418  2693.0  0.02
1419  2693.0  0.02
1420  2693.0  0.02
1421  2693.0  0.02
1422  2693.0  0.02
1423  2693.0  0.02
1424  2693.0  0.02
1425  2693.0  0.02
1426  2693.0  0.02
1427  2693.0  0.02
1428  2693.0  0.02
1429  2693.0  0.02
1430  2693.0  0.02
1431  2693.0  0.02
1432  2693.0  0.02
1433  2693.0  0.02
1434  2693.0  0.02
1435  2693.0  0.02
1436  2693.0  0.02
1437  2693.0  0.02
1438  2693.0  0.02
1439  2693.0  0.02
1440  2693.0  0.02
1441  2693.0  0.02
1442  2693.0  0.02
1443  2693.0  0.02
1444  2693.0  0.02
1445  2693.0  0.02
1446  2693.0  0.02
1447  2693.0  0.02
1448  2693.0  0.02
1449  2693.0  0.02
1450  2693.0  0.02
1451  2693.0  0.02
1452  2693.0  0.02
1453  2693.0  0.02
1454  2693.0  0.02
1455  2693.0  0.02
1456  2693.0  0.02
1457  2693.0  0.02
1458  2693.0  0.02
1459  2693.0  0.02
1460  2693.0  0.02
1461  2693.0  0.02
1462  2693.0  0.02
1463  2693.0  0.02
1464  2693.0  0.02
1465  2693.0  0.02
1466  2693.0  0.02
1467  2693.0  0.02
1468  2693.0  0.02
1469  2693.0  0.02
1470  2693.0  0.02
1471  2693.0  0.02
1472  2693.0  0.02
1473  2693.0  0.02
1474  2693.0  0.02
1475  2693.0  0.02
1476  2693.0  0.02
1477  2693.0  0.02
1478  2693.0  0.02
1479  2693.0  0.02
1480  2693.0  0.02
1481  2693.0  0.02
1482  2693.0  0.02
1483  2693.0  0.02
1484  2693.0  0.02
1485  2693.0  0.02
1486  2693.0  0.02
1487  2693.0  0.02
1488  2693.0  0.02
1489  2693.0  0.02
1490  2693.0  0.02
1491  2693.0  0.02
1492  2693.0  0.02
1493  2693.0  0.02
1494  2693.0  0.02
1495  2693.0  0.02
1496  2693.0  0.02
1497  2693.0  0.02
1498  2693.0  0.02
1499  2693.0  0.02
1500  2693.0  0.02
1501  2693.0  0.02
1502  2693.0  0.02
1503  2693.0  0.02
1504  2693.0  0.02
1505  2693.0  0.02
1506  2693.0  0.02
1507  2693.0  0.02
1508  2693.0  0.02
1509  2693.0  0.02
1510  2693.0  0.02
1511  2693.0  0.02
1512  2693.0  0.02
1513  2693.0  0.02
1514  2693.0  0.02
1515  2693.0  0.02
1516  2693.0  0.02
1517  2693.0  0.02
1518  2693.0  0.02
1519  2693.0  0.02
1520  2693.0  0.02
1521  2693.0  0.02
1522  2693.0  0.02
1523  2693.0  0.02
1524  2693.0  0.02
1525  2693.0  0.02
1526  2693.0  0.02
1527  2693.0  0.02
1528  2693.0  0.02
1529  2693.0  0.02
1530  2693.0  0.02
1531  2693.0  0.02
1532  2693.0  0.02
1533  2693.0  0.02
1534  2693.0  0.02
1535  2693.0  0.02
1536  2693.0  0.02
1537  2693.0  0.02
1538  2693.0  0.02
1539  2693.0  0.02
1540  2693.0  0.02
1541  2693.0  0.02
1542  2693.0  0.02
1543  2693.0  0.02
1544  2693.0  0.02
1545  2693.0  0.02
1546  2693.0  0.02
1547  2693.0  0.02
1548  2693.0  0.02
1549  2693.0  0.02
1550  2693.0  0.02
1551  2693.0  0.02
1552  2693.0  0.02
1553  2693.0  0.02
1554  2693.0  0.02
1555  2693.0  0.02
1556  2693.0  0.02
1557  2693.0  0.02
1558  2693.0  0.02
1559  2693.0  0.02
1560  2693.0  0.02
1561  2693.0  0.02
1562  2693.0  0.02
1563  2693.0  0.02
1564  2693.0  0.02
1565  2693.0  0.02
1566  2693.0  0.02
1567  2693.0  0.02
1568  2693.0  0.02
1569  2693.0  0.02
1570  2693.0  0.02
1571  2693.0  0.02
1572  2693.0  0.02
1573  2693.0  0.02
1574  2693.0  0.02
1575  2693.0  0.02
1576  2693.0  0.02
1577  2693.0  0.02
1578  2693.0  0.02
1579  2693.0  0.02
1580  2693.0  0.02
1581  2693.0  0.02
1582  2693.0  0.02
1583  2693.0  0.02
1584  2693.0  0.02
1585  2693.0  0.02
1586  2693.0  0.02
1587  2693.0  0.02
1588  2693.0  0.02
1589  2693.0  0.02
1590  2693.0  0.02
1591  2693.0  0.02
1592  2693.0  0.02
1593  2693.0  0.02
1594  2693.0  0.02
1595  2693.0  0.02
1596  2693.0  0.02
1597  2693.0  0.02
1598  2693.0  0.02
1599  2693.0  0.02
1600  2693.0  0.02
1601  2693.0  0.02
1602  2693.0  0.02
1603  2693.0  0.02
1604  2693.0  0.02
1605  2693.0  0.02
1606  2693.0  0.02
1607  2693.0  0.02
1608  2693.0  0.02
1609  2693.0  0.02
1610  2693.0  0.02
1611  2693.0  0.02
1612  2693.0  0.02
1613  2693.0  0.02
1614  2693.0  0.02
1615  2693.0  0.02
1616  2693.0  0.02
1617  2693.0  0.02
1618  2693.0  0.02
1619  2693.0  0.02
1620  2693.0  0.02
1621  2693.0  0.02
1622  2693.0  0.02
1623  2693.0  0.02
1624  2693.0  0.02
1625  2693.0  0.02
1626  2693.0  0.02
1627  2693.0  0.02
1628  2693.0  0.02
1629  2693.0  0.02
1630  2693.0  0.02
1631  2693.0  0.02
1632  2693.0  0.02
1633  2693.0  0.02
1634  2693.0  0.02
1635  2693.0  0.02
1636  2693.0  0.02
1637  2693.0  0.02
1638  2693.0  0.02
1639  2693.0  0.02
1640  2693.0  0.02
1641  2693.0  0.02
1642  2693.0  0.02
1643  2693.0  0.02
1644  2693.0  0.02
1645  2693.0  0.02
1646  2693.0  0.02
1647  2693.0  0.02
1648  2693.0  0.02
1649  2693.0  0.02
1650  2693.0  0.02
1651  2724.0  0.01
1652  2724.0  0.01
1653  2724.0  0.01
1654  2724.0  0.01
1655  2724.0  0.01
1656  2724.0  0.01
1657  2724.0  0.01
1658  2724.0  0.01
1659  2724.0  0.01
1660  2724.0  0.01
1661  2724.0  0.01
1662  2724.0  0.01
1663  2724.0  0.01
1664  2724.0  0.01
1665  2724.0  0.01
1666  2724.0  0.01
1667  2724.0  0.01
1668  2724.0  0.01
1669  2724.0  0.01
1670  2724.0  0.01
1671  2724.0  0.01
1672  2724.0  0.01
1673  2724.0  0.01
1674  2724.0  0.01
1675  2724.0  0.01
1676  2724.0  0.01
1677  2724.0  0.01
1678  2724.0  0.01
1679  2724.0  0.01
1680  2724.0  0.01
1681  2724.0  0.01
1682  2724.0  0.01
1683  2724.0  0.01
1684  2724.0  0.01
1685  2724.0  0.01
1686  2724.0  0.01
1687  2724.0  0.01
1688  2724.0  0.01
1689  2724.0  0.01
1690  2724.0  0.01
1691  2724.0  0.01
1692  2724.0  0.01
1693  2724.0  0.01
1694  2724.0  0.01
1695  2724.0  0.01
1696  2724.0  0.01
1697  2724.0  0.01
1698  2724.0  0.01
1699  2724.0  0.01
1700  2724.0  0.01
1701  2724.0  0.01
1702  2724.0  0.01
1703  2724.0  0.01
1704  2724.0  0.01
1705  2724.0  0.01
1706  2724.0  0.01
1707  2724.0  0.01
1708  2724.0  0.01
1709  2724.0  0.01
1710  2724.0  0.01
1711  2724.0  0.01
1712  2724.0  0.01
1713  2724.0  0.01
1714  2724.0  0.01
1715  2724.0  0.01
1716  2724.0  0.01
1717  2724.0  0.01
1718  2724.0  0.01
1719  2724.0  0.01
1720  2724.0  0.01
1721  2724.0  0.01
1722  2724.0  0.01
1723  2724.0  0.01
1724  2724.0  0.01
1725  2724.0  0.01
1726  2724.0  0.01
1727  2724.0  0.01
1728  2724.0  0.01
1729  2724.0  0.01
1730  2724.0  0.01
1731  2724.0  0.01
1732  2724.0  0.01
1733  2724.0  0.01
1734  2724.0  0.01
1735  2724.0  0.01
1736  2724.0  0.01
1737  2724.0  0.01
1738  2724.0  0.01
1739  2724.0  0.01
1740  2724.0  0.01
1741  2724.0  0.01
1742  2724.0  0.01
1743  2724.0  0.01
1744  2724.0  0.01
1745  2724.0  0.01
1746  2724.0  0.01
1747  2724.0  0.01
1748  2724.0  0.01
1749  2724.0  0.01
1750  2724.0  0.01
1751  2724.0  0.01
1752  2724.0  0.01
1753  2724.0  0.01
1754  2724.0  0.01
1755  2724.0  0.01
1756  2724.0  0.01
1757  2724.0  0.01
1758  2724.0  0.01
1759  2724.0  0.01
1760  2724.0  0.01
1761  2724.0  0.01
1762  2724.0  0.01
1763  2724.0  0.01
1764  2724.0  0.01
1765  2724.0  0.01
1766  2724.0  0.01
1767  2724.0  0.01
1768  2724.0  0.01
1769  2724.0  0.01
1770  2724.0  0.01
1771  2724.0  0.01
1772  2724.0  0.01
1773  2724.0  0.01
1774  2724.0  0.01
1775  2724.0  0.01
1776  2724.0  0.01
1777  2724.0  0.01
1778  2724.0  0.01
1779  2724.0  0.01
1780  2724.0  0.01
1781  2724.0  0.01
1782  2724.0  0.01
1783  2724.0  0.01
1784  2724.0  0.01
1785  2724.0  0.01
1786  2724.0  0.01
1787  2724.0  0.01
1788  2724.0  0.01
1789  2724.0  0.01
1790  2724.0  0.01
1791  2724.0  0.01
1792  2724.0  0.01
1793  2724.0  0.01
1794  2724.0  0.01
1795  2724.0  0.01
1796  2724.0  0.01
1797  2724.0  0.01
1798  2724.0  0.01
1799  2724.0  0.01
1800  2724.0  0.01
1801  2724.0  0.01
1802  2724.0  0.01
1803  2724.0  0.01
1804  2724.0  0.01
1805  2724.0  0.01
1806  2724.0  0.01
1807  2724.0  0.01
1808  2724.0  0.01
1809  2724.0  0.01
1810  2724.0  0.01
1811  2724.0  0.01
1812  2724.0  0.01
1813  2724.0  0.01
1814  2724.0  0.01
1815  2724.0  0.01
1816  2724.0  0.01
1817  2724.0  0.01
1818  2724.0  0.01
1819  2724.0  0.01
1820  2724.0  0.01
1821  2724.0  0.01
1822  2724.0  0.01
1823  2724.0  0.01
1824  2724.0  0.01
1825  2724.0  0.01
1826  2724.0  0.01
1827  2724.0  0.01
1828  2724.0  0.01
1829  2724.0  0.01
1830  2724.0  0.01
1831  2724.0  0.01
1832  2724.0  0.01
1833  2724.0  0.01
1834  2724.0  0.01
1835  2724.0  0.01
1836  2724.0  0.01
1837  2724.0  0.01
1838  2724.0  0.01
1839  2724.0  0.01
1840  2724.0  0.01
1841  2724.0  0.01
1842  2724.0  0.01
1843  2724.0  0.01
1844  2724.0  0.01
1845  2724.0  0.01
1846  2724.0  0.01
1847  2724.0  0.01
1848  2724.0  0.01
1849  2724.0  0.01
1850  2724.0  0.01
1851  2724.0  0.01
1852  2724.0  0.01
1853  2724.0  0.01
1854  2724.0  0.01
1855  2724.0  0.01
1856  2724.0  0.01
1857  2724.0  0.01
1858  2724.0  0.01
1859  2724.0  0.01
1860  2724.0  0.01
1861  2724.0  0.01
1862  2724.0  0.01
1863  2724.0  0.01
1864  2724.0  0.01
1865  2724.0  0.01
1866  2724.0  0.01
1867  2724.0  0.01
1868  2724.0  0.01
1869  2724.0  0.01
1870  2724.0  0.01
1871  2724.0  0.01
1872  2724.0  0.01
1873  2724.0  0.01
1874  2724.0  0.01
1875  2724.0  0.01
1876  2724.0  0.01
1877  2724.0  0.01
1878  2724.0  0.01
1879  2724.0  0.01
1880  2724.0  0.01
1881  2724.0  0.01
1882  2724.0  0.01
1883  2724.0  0.01
1884  2724.0  0.01
1885  2724.0  0.01
1886  2724.0  0.01
1887  2724.0  0.01
1888  2724.0  0.01
1889  2724.0  0.01
1890  2724.0  0.01
1891  2724.0  0.01
1892  2724.0  0.01
1893  2724.0  0.01
1894  2724.0  0.01
1895  2724.0  0.01
1896  2724.0  0.01
1897  2724.0  0.01
1898  2724.0  0.01
1899  2724.0  0.01
1900  2724.0  0.01
1901  2724.0  0.01
1902  2724.0  0.01
1903  2724.0  0.01
1904  2724.0  0.01
1905  2724.0  0.01
1906  2724.0  0.01
1907  2724.0  0.01
1908  2724.0  0.01
1909  2724.0  0.01
1910  2724.0  0.01
1911  2724.0  0.01
1912  2724.0  0.01
1913  2724.0  0.01
1914  2724.0  0.01
1915  2724.0  0.01
1916  2724.0  0.01
1917  2724.0  0.01
1918  2724.0  0.01
1919  2724.0  0.01
1920  2724.0  0.01
1921  2724.0  0.01
1922  2724.0  0.01
1923  2724.0  0.01
1924  2724.0  0.01
1925  2724.0  0.01
1926  2724.0  0.01
1927  2724.0  0.01
1928  2724.0  0.01
1929  2724.0  0.01
1930  2724.0  0.01
1931  2724.0  0.01
1932  2724.0  0.01
1933  2724.0  0.01
1934  2724.0  0.01
1935  2724.0  0.01
1936  2724.0  0.01
1937  2724.0  0.01
1938  2724.0  0.01
1939  2724.0  0.01
1940  2724.0  0.01
1941  2724.0  0.01
1942  2724.0  0.01
1943  2724.0  0.01
1944  2724.0  0.01
1945  2724.0  0.01
1946  2724.0  0.01
1947  2724.0  0.01
1948  2724.0  0.01
1949  2724.0  0.01
1950  2724.0  0.01
1951  2724.0  0.01
1952  2724.0  0.01
1953  2724.0  0.01
1954  2724.0  0.01
1955  2724.0  0.01
1956  2724.0  0.01
1957  2724.0  0.01
1958  2724.0  0.01
1959  2724.0  0.01
1960  2724.0  0.01
1961  2724.0  0.01
1962  2724.0  0.01
1963  2724.0  0.01
1964  2724.0  0.01
1965  2724.0  0.01
1966  2724.0  0.01
1967  2724.0  0.01
1968  2724.0  0.01
1969  2724.0  0.01
1970  2724.0  0.01
1971  2724.0  0.01
1972  2724.0  0.01
1973  2724.0  0.01
1974  2724.0  0.01
1975  2724.0  0.01
1976  2724.0  0.01
1977  2724.0  0.01
1978  2724.0  0.01
1979  2724.0  0.01
1980  2724.0  0.01
1981  2724.0  0.01
1982  2724.0  0.01
1983  2724.0  0.01
1984  2724.0  0.01
1985  2724.0  0.01
1986  2724.0  0.01
1987  2724.0  0.01
1988  2724.0  0.01
1989  2724.0  0.01
1990  2724.0  0.01
1991  2724.0  0.01
1992  2724.0  0.01
1993  2724.0  0.01
1994  2724.0  0.01
1995  2724.0  0.01
1996  2724.0  0.01
1997  2724.0  0.01
1998  2724.0  0.01
1999  2724.0  0.01
2000  2724.0  0.01
2001  2724.0  0.01
2002  2724.0  0.01
2003  2724.0  0.01
2004  2724.0  0.01
2005  2724.0  0.01
2006  2724.0  0.01
2007  2724.0  0.01
2008  2724.0  0.01
2009  2724.0  0.01
2010  2724.0  0.01
2011  2724.0  0.01
2012  2724.0  0.01
2013  2724.0  0.01
2014  2724.0  0.01
2015  2724.0  0.01
2016  2724.0  0.01
2017  2724.0  0.01
2018  2724.0  0.01
2019  2724.0  0.01
2020  2724.0  0.01
2021  2724.0  0.01
2022  2724.0  0.01
2023  2724.0  0.01
2024  2724.0  0.01
2025  2724.0  0.01
2026  2724.0  0.01
2027  2724.0  0.01
2028  2724.0  0.01
2029  2724.0  0.01
2030  2724.0  0.01
2031  2724.0  0.01
2032  2724.0  0.01
2033  2724.0  0.01
2034  2724.0  0.01
2035  2724.0  0.01
2036  2724.0  0.01
2037  2724.0  0.01
2038  2724.0  0.01
2039  2724.0  0.01
2040  2724.0  0.01
2041  2724.0  0.01
2042  2724.0  0.01
2043  2724.0  0.01
2044  2724.0  0.01
2045  2724.0  0.01
2046  2724.0  0.01
2047  2724.0  0.01
2048  2724.0  0.01
2049  2724.0  0.01
2050  2724.0  0.01
2051  2724.0  0.01
2052  2724.0  0.01
2053  2724.0  0.01
2054  2724.0  0.01
2055  2724.0  0.01
2056  2724.0  0.01
2057  2724.0  0.01
2058  2724.0  0.01
2059  2724.0  0.01
2060  2724.0  0.01
2061  2724.0  0.01
2062  2724.0  0.01
2063  2724.0  0.01
2064  2724.0  0.01
2065  2724.0  0.01
2066  2724.0  0.01
2067  2724.0  0.01
2068  2724.0  0.01
2069  2724.0  0.01
2070  2724.0  0.01
2071  2724.0  0.01
2072  2724.0  0.01
2073  2724.0  0.01
2074  2724.0  0.01
2075  2724.0  0.01
2076  2724.0  0.01
2077  2724.0  0.01
2078  2724.0  0.01
2079  2724.0  0.01
2080  2724.0  0.01
2081  2724.0  0.01
2082  2724.0  0.01
2083  2724.0  0.01
2084  2724.0  0.01
2085  2724.0  0.01
2086  2724.0  0.01
2087  2724.0  0.01
2088  2724.0  0.01
2089  2724.0  0.01
2090  2724.0  0.01
2091  2724.0  0.01
2092  2724.0  0.01
2093  2724.0  0.01
2094  2724.0  0.01
2095  2724.0  0.01
2096  2724.0  0.01
2097  2724.0  0.01
2098  2724.0  0.01
2099  2724.0  0.01
2100  2724.0  0.01
2101  2724.0  0.01
2102  2724.0  0.01
2103  2724.0  0.01
2104  2724.0  0.01
2105  2724.0  0.01
2106  2724.0  0.01
2107  2724.0  0.01
2108  2724.0  0.01
2109  2724.0  0.01
2110  2724.0  0.01
2111  2724.0  0.01
2112  2724.0  0.01
2113  2724.0  0.01
2114  2724.0  0.01
2115  2724.0  0.01
2116  2724.0  0.01
2117  2724.0  0.01
2118  2724.0  0.01
2119  2724.0  0.01
2120  2724.0  0.01
2121  2724.0  0.01
2122  2724.0  0.01
2123  2724.0  0.01
2124  2724.0  0.01
2125  2724.0  0.01
2126  2724.0  0.01
2127  2724.0  0.01
2128  2724.0  0.01
2129  2724.0  0.01
2130  2724.0  0.01
2131  2724.0  0.01
2132  2724.0  0.01
2133  2724.0  0.01
2134  2724.0  0.01
2135  2724.0  0.01
2136  2724.0  0.01
2137  2724.0  0.01
2138  2724.0  0.01
2139  2724.0  0.01
2140  2724.0  0.01
2141  2724.0  0.01
2142  2724.0  0.01
2143  2724.0  0.01
2144  2724.0  0.01
2145  2724.0  0.01
2146  2724.0  0.01
2147  2724.0  0.01
2148  2724.0  0.01
2149  2724.0  0.01
2150  2724.0  0.01
2151  2724.0  0.01
2152  2724.0  0.01
2153  2724.0  0.01
2154  2724.0  0.01
2155  2724.0  0.01
2156  2724.0  0.01
2157  2724.0  0.01
2158  2724.0  0.01
2159  2724.0  0.01
2160  2724.0  0.01
2161  2724.0  0.01
2162  2724.0  0.01
2163  2724.0  0.01
2164  2724.0  0.01
2165  2724.0  0.01
2166  2724.0  0.01
2167  2724.0  0.01
2168  2724.0  0.01
2169  2724.0  0.01
2170  2724.0  0.01
2171  2724.0  0.01
2172  2724.0  0.01
2173  2724.0  0.01
2174  2724.0  0.01
2175  2724.0  0.01
2176  2724.0  0.01
2177  2724.0  0.01
2178  2724.0  0.01
2179  2724.0  0.01
2180  2724.0  0.01
2181  2724.0  0.01
2182  2724.0  0.01
2183  2724.0  0.01
2184  2724.0  0.01
2185  2724.0  0.01
2186  2724.0  0.01
2187  2724.0  0.01
2188  2724.0  0.01
2189  2724.0  0.01
2190  2724.0  0.01
2191  2724.0  0.01
2192  2724.0  0.01
2193  2724.0  0.01
2194  2724.0  0.01
2195  2724.0  0.01
2196  2724.0  0.01
2197  2724.0  0.01
2198  2724.0  0.01
2199  2724.0  0.01
2200  2724.0  0.01
2201  2724.0  0.01
2202  2724.0  0.01
2203  2724.0  0.01
2204  2724.0  0.01
2205  2724.0  0.01
2206  2724.0  0.01
2207  2724.0  0.01
2208  2724.0  0.01
2209  2724.0  0.01
2210  2724.0  0.01
2211  2724.0  0.01
2212  2724.0  0.01
2213  2724.0  0.01
2214  2724.0  0.01
2215  2724.0  0.01
2216  2724.0  0.01
2217  2724.0  0.01
2218  2724.0  0.01
2219  2724.0  0.01
2220  2724.0  0.01
2221  2724.0  0.01
2222  2724.0  0.01
2223  2724.0  0.01
2224  2724.0  0.01
2225  2724.0  0.01
2226  2724.0  0.01
2227  2724.0  0.01
2228  2724.0  0.01
2229  2724.0  0.01
2230  2724.0  0.01
2231  2724.0  0.01
2232  2724.0  0.01
2233  2724.0  0.01
2234  2724.0  0.01
2235  2724.0  0.01
2236  2724.0  0.01
2237  2724.0  0.01
2238  2724.0  0.01
2239  2724.0  0.01
2240  2724.0  0.01
2241  2724.0  0.01
2242  2724.0  0.01
2243  2724.0  0.01
2244  2724.0  0.01
2245  2724.0  0.01
2246  2724.0  0.01
2247  2724.0  0.01
2248  2724.0  0.01
2249  2724.0  0.01
2250  2724.0  0.01
2251  2724.0  0.01
2252  2724.0  0.01
2253  2724.0  0.01
2254  2724.0  0.01
2255  2724.0  0.01
2256  2724.0  0.01
2257  2724.0  0.01
2258  2724.0  0.01
2259  2724.0  0.01
2260  2724.0  0.01
2261  2724.0  0.01
2262  2724.0  0.01
2263  2724.0  0.01
2264  2724.0  0.01
2265  2724.0  0.01
2266  2724.0  0.01
2267  2724.0  0.01
2268  2724.0  0.01
2269  2724.0  0.01
2270  2724.0  0.01
2271  2724.0  0.01
2272  2724.0  0.01
2273  2724.0  0.01
2274  2724.0  0.01
2275  2724.0  0.01
2276  2724.0  0.01
2277  2724.0  0.01
2278  2724.0  0.01
2279  2724.0  0.01
2280  2724.0  0.01
2281  2724.0  0.01
2282  2724.0  0.01
2283  2724.0  0.01
2284  2724.0  0.01
2285  2724.0  0.01
2286  2724.0  0.01
2287  2724.0  0.01
2288  2724.0  0.01
2289  2724.0  0.01
2290  2724.0  0.01
2291  2724.0  0.01
2292  2724.0  0.01
2293  2724.0  0.01
2294  2724.0  0.01
2295  2724.0  0.01
2296  2724.0  0.01
2297  2724.0  0.01
2298  2724.0  0.01
2299  2724.0  0.01
2300  2724.0  0.01
2301  2724.0  0.01
2302  2724.0  0.01
2303  2724.0  0.01
2304  2724.0  0.01
2305  2724.0  0.01
2306  2724.0  0.01
2307  2724.0  0.01
2308  2724.0  0.01
2309  2724.0  0.01
2310  2724.0  0.01
2311  2724.0  0.01
2312  2724.0  0.01
2313  2724.0  0.01
2314  2724.0  0.01
2315  2724.0  0.01
2316  2724.0  0.01
2317  2724.0  0.01
2318  2724.0  0.01
2319  2724.0  0.01
2320  2724.0  0.01
2321  2724.0  0.01
2322  2724.0  0.01
2323  2724.0  0.01
2324  2724.0  0.01
2325  2724.0  0.01
2326  2724.0  0.01
2327  2724.0  0.01
2328  2724.0  0.01
2329  2724.0  0.01
2330  2724.0  0.01
2331  2724.0  0.01
2332  2724.0  0.01
2333  2724.0  0.01
2334  2724.0  0.01
2335  2724.0  0.01
2336  2724.0  0.01
2337  2724.0  0.01
2338  2724.0  0.01
2339  2724.0  0.01
2340  2724.0  0.01
2341  2724.0  0.01
2342  2724.0  0.01
2343  2724.0  0.01
2344  2724.0  0.01
2345  2724.0  0.01
2346  2724.0  0.01
2347  2724.0  0.01
2348  2724.0  0.01
2349  2724.0  0.01
2350  2724.0  0.01
2351  2724.0  0.01
2352  2724.0  0.01
2353  2724.0  0.01
2354  2724.0  0.01
2355  2724.0  0.01
2356  2724.0  0.01
2357  2724.0  0.01
2358  2724.0  0.01
2359  2724.0  0.01
2360  2724.0  0.01
2361  2724.0  0.01
2362  2724.0  0.01
2363  2724.0  0.01
2364  2724.0  0.01
2365  2724.0  0.01
2366  2724.0  0.01
2367  2724.0  0.01
2368  2724.0  0.01
2369  2724.0  0.01
2370  2724.0  0.01
2371  2724.0  0.01
2372  2724.0  0.01
2373  2724.0  0.01
2374  2724.0  0.01
2375  2724.0  0.01
2376  2724.0  0.01
2377  2724.0  0.01
2378  2724.0  0.01
2379  2724.0  0.01
2380  2724.0  0.01
2381  2724.0  0.01
2382  2724.0  0.01
2383  2724.0  0.01
2384  2724.0  0.01
2385  2724.0  0.01
2386  2724.0  0.01
2387  2724.0  0.01
2388  2724.0  0.01
2389  2724.0  0.01
2390  2724.0  0.01
2391  2724.0  0.01
2392  2724.0  0.01
2393  2724.0  0.01
2394  2724.0  0.01
2395  2724.0  0.01
2396  2724.0  0.01
2397  2724.0  0.01
2398  2724.0  0.01
2399  2724.0  0.01
2400  2724.0  0.01
2401  2724.0  0.01
2402  2724.0  0.01
2403  2724.0  0.01
2404  2724.0  0.01
2405  2724.0  0.01
2406  2724.0  0.01
2407  2724.0  0.01
2408  2724.0  0.01
2409  2724.0  0.01
2410  2724.0  0.01
2411  2724.0  0.01
2412  2724.0  0.01
2413  2724.0  0.01
2414  2724.0  0.01
2415  2724.0  0.01
2416  2724.0  0.01
2417  2724.0  0.01
2418  2724.0  0.01
2419  2724.0  0.01
2420  2724.0  0.01
2421  2724.0  0.01
2422  2724.0  0.01
2423  2724.0  0.01
2424  2724.0  0.01
2425  2724.0  0.01
2426  2724.0  0.01
2427  2724.0  0.01
2428  2724.0  0.01
2429  2724.0  0.01
2430  2724.0  0.01
2431  2724.0  0.01
2432  2724.0  0.01
2433  2724.0  0.01
2434  2724.0  0.01
2435  2724.0  0.01
2436  2724.0  0.01
2437  2724.0  0.01
2438  2724.0  0.01
2439  2724.0  0.01
2440  2724.0  0.01
2441  2724.0  0.01
2442  2724.0  0.01
2443  2724.0  0.01
2444  2724.0  0.01
2445  2724.0  0.01
2446  2724.0  0.01
2447  2724.0  0.01
2448  2724.0  0.01
2449  2724.0  0.01
2450  2724.0  0.01
2451  2724.0  0.01
2452  2724.0  0.01
2453  2724.0  0.01
2454  2724.0  0.01
2455  2724.0  0.01
2456  2724.0  0.01
2457  2724.0  0.01
2458  2724.0  0.01
2459  2724.0  0.01
2460  2724.0  0.01
2461  2724.0  0.01
2462  2724.0  0.01
2463  2724.0  0.01
2464  2724.0  0.01
2465  2724.0  0.01
2466  2724.0  0.01
2467  2724.0  0.01
2468  2724.0  0.01
2469  2724.0  0.01
2470  2724.0  0.01
2471  2724.0  0.01
2472  2724.0  0.01
2473  2724.0  0.01
2474  2724.0  0.01
2475  2724.0  0.01
2476  2724.0  0.01
2477  2724.0  0.01
2478  2724.0  0.01
2479  2724.0  0.01
2480  2724.0  0.01
2481  2724.0  0.01
2482  2724.0  0.01
2483  2724.0  0.01
2484  2724.0  0.01
2485  2724.0  0.01
2486  2724.0  0.01
2487  2724.0  0.01
2488  2724.0  0.01
2489  2724.0  0.01
2490  2724.0  0.01
2491  2724.0  0.01
2492  2724.0  0.01
2493  2724.0  0.01
2494  2724.0  0.01
2495  2724.0  0.01
2496  2724.0  0.01
2497  2724.0  0.01
2498  2724.0  0.01
2499  2724.0  0.01
2500  2724.0  0.01
2501  2724.0  0.01
2502  2724.0  0.01
2503  2724.0  0.01
2504  2724.0  0.01
2505  2724.0  0.01
2506  2724.0  0.01
2507  2724.0  0.01
2508  2724.0  0.01
2509  2724.0  0.01
2510  2724.0  0.01
2511  2724.0  0.01
2512  2724.0  0.01
2513  2724.0  0.01
2514  2724.0  0.01
2515  2724.0  0.01
2516  2724.0  0.01
2517  2724.0  0.01
2518  2724.0  0.01
2519  2724.0  0.01
2520  2724.0  0.01
2521  2724.0  0.01
2522  2724.0  0.01
2523  2724.0  0.01
2524  2724.0  0.01
2525  2724.0  0.01
2526  2724.0  0.01
2527  2724.0  0.01
2528  2724.0  0.01
2529  2724.0  0.01
2530  2724.0  0.01
2531  2724.0  0.01
2532  2724.0  0.01
2533  2724.0  0.01
2534  2724.0  0.01
2535  2724.0  0.01
2536  2724.0  0.01
2537  2724.0  0.01
2538  2724.0  0.01
2539  2724.0  0.01
2540  2724.0  0.01
2541  2724.0  0.01
2542  2724.0  0.01
2543  2724.0  0.01
2544  2724.0  0.01
2545  2724.0  0.01
2546  2724.0  0.01
2547  2724.0  0.01
2548  2724.0  0.01
2549  2724.0  0.01
2550  2724.0  0.01
2551  2724.0  0.01
2552  2724.0  0.01
2553  2724.0  0.01
2554  2724.0  0.01
2555  2724.0  0.01
2556  2724.0  0.01
2557  2724.0  0.01
2558  2724.0  0.01
2559  2724.0  0.01
2560  2724.0  0.01
2561  2724.0  0.01
2562  2724.0  0.01
2563  2724.0  0.01
2564  2724.0  0.01
2565  2724.0  0.01
2566  2724.0  0.01
2567  2724.0  0.01
2568  2724.0  0.01
2569  2724.0  0.01
2570  2724.0  0.01
2571  2724.0  0.01
2572  2724.0  0.01
2573  2724.0  0.01
2574  2724.0  0.01
2575  2724.0  0.01
2576  2724.0  0.01
2577  2724.0  0.01
2578  2724.0  0.01
2579  2724.0  0.01
2580  2724.0  0.01
2581  2724.0  0.01
2582  2724.0  0.01
2583  2724.0  0.01
2584  2724.0  0.01
2585  2724.0  0.01
2586  2724.0  0.01
2587  2724.0  0.01
2588  2724.0  0.01
2589  2724.0  0.01
2590  2724.0  0.01
2591  2724.0  0.01
2592  2724.0  0.01
2593  2724.0  0.01
2594  2724.0  0.01
2595  2724.0  0.01
2596  2724.0  0.01
2597  2724.0  0.01
2598  2724.0  0.01
2599  2724.0  0.01
2600  2724.0  0.01
2601  2724.0  0.01
2602  2724.0  0.01
2603  2724.0  0.01
2604  2724.0  0.01
2605  2724.0  0.01
2606  2724.0  0.01
2607  2724.0  0.01
2608  2724.0  0.01
2609  2724.0  0.01
2610  2724.0  0.01
2611  2724.0  0.01
2612  2724.0  0.01
2613  2724.0  0.01
2614  2724.0  0.01
2615  2724.0  0.01
2616  2724.0  0.01
2617  2724.0  0.01
2618  2724.0  0.01
2619  2724.0  0.01
2620  2724.0  0.01
2621  2724.0  0.01
2622  2724.0  0.01
2623  2724.0  0.01
2624  2724.0  0.01
2625  2724.0  0.01
2626  2724.0  0.01
2627  2724.0  0.01
2628  2724.0  0.01
2629  2724.0  0.01
2630  2724.0  0.01
2631  2724.0  0.01
2632  2724.0  0.01
2633  2724.0  0.01
2634  2724.0  0.01
2635  2724.0  0.01
2636  2724.0  0.01
2637  2724.0  0.01
2638  2724.0  0.01
2639  2724.0  0.01
2640  2724.0  0.01
2641  2724.0  0.01
2642  2724.0  0.01
2643  2724.0  0.01
2644  2724.0  0.01
2645  2724.0  0.01
2646  2724.0  0.01
2647  2724.0  0.01
2648  2724.0  0.01
2649  2724.0  0.01
2650  2724.0  0.01
2651  2724.0  0.01
2652  2724.0  0.01
2653  2724.0  0.01
2654  2724.0  0.01
2655  2724.0  0.01
2656  2724.0  0.01
2657  2724.0  0.01
2658  2724.0  0.01
2659  2724.0  0.01
2660  2724.0  0.01
2661  2724.0  0.01
2662  2724.0  0.01
2663  2724.0  0.01
2664  2724.0  0.01
2665  2724.0  0.01
2666  2724.0  0.01
2667  2724.0  0.01
2668  2724.0  0.01
2669  2724.0  0.01
2670  2724.0  0.01
2671  2724.0  0.01
2672  2724.0  0.01
2673  2724.0  0.01
2674  2724.0  0.01
2675  2724.0  0.01
2676  2724.0  0.01
2677  2724.0  0.01
2678  2724.0  0.01
2679  2724.0  0.01
2680  2724.0  0.01
2681  2724.0  0.01
2682  2724.0  0.01
2683  2724.0  0.01
2684  2724.0  0.01
2685  2724.0  0.01
2686  2724.0  0.01
2687  2724.0  0.01
2688  2724.0  0.01
2689  2724.0  0.01
2690  2724.0  0.01
2691  2724.0  0.01
2692  2724.0  0.01
2693  2724.0  0.01
2694  2724.0  0.01
2695  2724.0  0.01
2696  2724.0  0.01
2697  2724.0  0.01
2698  2724.0  0.01
2699  2724.0  0.01
2700  2724.0  0.01
2701  2724.0  0.01
2702  2724.0  0.01
2703  2724.0  0.01
2704  2724.0  0.01
2705  2724.0  0.01
2706  2724.0  0.01
2707  2724.0  0.01
2708  2724.0  0.01
2709  2724.0  0.01
2710  2724.0  0.01
2711  2724.0  0.01
2712  2724.0  0.01
2713  2724.0  0.01
2714  2724.0  0.01
2715  2724.0  0.01
2716  2724.0  0.01
2717  2724.0  0.01
2718  2724.0  0.01
2719  2724.0  0.01
2720  2724.0  0.01
2721  2724.0  0.01
2722  2724.0  0.01
2723  2724.0  0.01
2724  2724.0  0.01
2725  2724.0  0.01
2726  2724.0  0.01
2727  2724.0  0.01
2728  2724.0  0.01
2729  2724.0  0.01
2730  2724.0  0.01
2731  2724.0  0.01
2732  2724.0  0.01
2733  2724.0  0.01
2734  2724.0  0.01
2735  2724.0  0.01
2736  2724.0  0.01
2737  2724.0  0.01
2738  2724.0  0.01
2739  2724.0  0.01
2740  2724.0  0.01
2741  2724.0  0.01
2742  2724.0  0.01
2743  2724.0  0.01
2744  2724.0  0.01
2745  2724.0  0.01
2746  2724.0  0.01
2747  2724.0  0.01
2748  2724.0  0.01
2749  2724.0  0.01
2750  2724.0  0.01
2751  2724.0  0.01
2752  2724.0  0.01
2753  2724.0  0.01
2754  2724.0  0.01
2755  2724.0  0.01
2756  2724.0  0.01
2757  2724.0  0.01
2758  2724.0  0.01
2759  2724.0  0.01
2760  2724.0  0.01
2761  2724.0  0.01
2762  2724.0  0.01
2763  2724.0  0.01
2764  2724.0  0.01
2765  2724.0  0.01
2766  2724.0  0.01
2767  2724.0  0.01
2768  2724.0  0.01
2769  2724.0  0.01
2770  2724.0  0.01
2771  2724.0  0.01
2772  2724.0  0.01
2773  2724.0  0.01
2774  2724.0  0.01
2775  2724.0  0.01
2776  2724.0  0.01
2777  2724.0  0.01
2778  2724.0  0.01
2779  2724.0  0.01
2780  2724.0  0.01
2781  2724.0  0.01
2782  2724.0  0.01
2783  2724.0  0.01
2784  2724.0  0.01
2785  2724.0  0.01
2786  2724.0  0.01
2787  2724.0  0.01
2788  2724.0  0.01
2789  2724.0  0.01
2790  2724.0  0.01
2791  2724.0  0.01
2792  2724.0  0.01
2793  2724.0  0.01
2794  2724.0  0.01
2795  2724.0  0.01
2796  2724.0  0.01
2797  2724.0  0.01
2798  2724.0  0.01
2799  2724.0  0.01
2800  2724.0  0.01
2801  2724.0  0.01
2802  2724.0  0.01
2803  2724.0  0.01
2804  2724.0  0.01
2805  2724.0  0.01
2806  2724.0  0.01
2807  2724.0  0.01
2808  2724.0  0.01
2809  2724.0  0.01
2810  2724.0  0.01
2811  2724.0  0.01
2812  2724.0  0.01
2813  2724.0  0.01
2814  2724.0  0.01
2815  2724.0  0.01
2816  2724.0  0.01
2817  2724.0  0.01
2818  2724.0  0.01
2819  2724.0  0.01
2820  2724.0  0.01
2821  2724.0  0.01
2822  2724.0  0.01
2823  2724.0  0.01
2824  2724.0  0.01
2825  2724.0  0.01
2826  2724.0  0.01
2827  2724.0  0.01
2828  2724.0  0.01
2829  2724.0  0.01
2830  2724.0  0.01
2831  2724.0  0.01
2832  2724.0  0.01
2833  2724.0  0.01
2834  2724.0  0.01
2835  2724.0  0.01
2836  2724.0  0.01
2837  2724.0  0.01
2838  2724.0  0.01
2839  2724.0  0.01
2840  2724.0  0.01
2841  2724.0  0.01
2842  2724.0  0.01
2843  2724.0  0.01
2844  2724.0  0.01
2845  2724.0  0.01
2846  2724.0  0.01
2847  2724.0  0.01
2848  2724.0  0.01
2849  2724.0  0.01
2850  2724.0  0.01
2851  2724.0  0.01
2852  2724.0  0.01
2853  2724.0  0.01
2854  2724.0  0.01
2855  2724.0  0.01
2856  2724.0  0.01
2857  2724.0  0.01
2858  2724.0  0.01
2859  2724.0  0.01
2860  2724.0  0.01
2861  2724.0  0.01
2862  2724.0  0.01
2863  2724.0  0.01
2864  2724.0  0.01
2865  2724.0  0.01
2866  2724.0  0.01
2867  2724.0  0.01
2868  2724.0  0.01
2869  2724.0  0.01
2870  2724.0  0.01
2871  2724.0  0.01
2872  2724.0  0.01
2873  2724.0  0.01
2874  2724.0  0.01
2875  2724.0  0.01
2876  2724.0  0.01
2877  2724.0  0.01
2878  2724.0  0.01
2879  2724.0  0.01
2880  2724.0  0.01
2881  2724.0  0.01
2882  2724.0  0.01
2883  2724.0  0.01
2884  2724.0  0.01
2885  2724.0  0.01
2886  2724.0  0.01
2887  2724.0  0.01
2888  2724.0  0.01
2889  2724.0  0.01
2890  2724.0  0.01
2891  2724.0  0.01
2892  2724.0  0.01
2893  2724.0  0.01
2894  2724.0  0.01
2895  2724.0  0.01
2896  2724.0  0.01
2897  2724.0  0.01
2898  2724.0  0.01
2899  2724.0  0.01
2900  2724.0  0.01
2901  2724.0  0.01
2902  2724.0  0.01
2903  2724.0  0.01
2904  2724.0  0.01
2905  2724.0  0.01
2906  2724.0  0.01
2907  2724.0  0.01
2908  2724.0  0.01
2909  2724.0  0.01
2910  2724.0  0.01
2911  2724.0  0.01
2912  2724.0  0.01
2913  2724.0  0.01
2914  2724.0  0.01
2915  2724.0  0.01
2916  2724.0  0.01
2917  2724.0  0.01
2918  2724.0  0.01
2919  2724.0  0.01
2920  2724.0  0.01
2921  2724.0  0.01
2922  2724.0  0.01
2923  2724.0  0.01
2924  2724.0  0.01
2925  2724.0  0.01
2926  2724.0  0.01
2927  2724.0  0.01
2928  2724.0  0.01
2929  2724.0  0.01
2930  2724.0  0.01
2931  2724.0  0.01
2932  2724.0  0.01
2933  2724.0  0.01
2934  2724.0  0.01
2935  2724.0  0.01
2936  2724.0  0.01
2937  2724.0  0.01
2938  2724.0  0.01
2939  2724.0  0.01
2940  2724.0  0.01
2941  2724.0  0.01
2942  2724.0  0.01
2943  2724.0  0.01
2944  2724.0  0.01
2945  2724.0  0.01
2946  2724.0  0.01
2947  2724.0  0.01
2948  2724.0  0.01
2949  2724.0  0.01
2950  2724.0  0.01
2951  2724.0  0.01
2952  2724.0  0.01
2953  2724.0  0.01
2954  2724.0  0.01
2955  2724.0  0.01
2956  2724.0  0.01
2957  2724.0  0.01
2958  2724.0  0.01
2959  2724.0  0.01
2960  2724.0  0.01
2961  2724.0  0.01
2962  2724.0  0.01
2963  2724.0  0.01
2964  2724.0  0.01
2965  2724.0  0.01
2966  2724.0  0.01
2967  2724.0  0.01
2968  2724.0  0.01
2969  2724.0  0.01
2970  2724.0  0.01
2971  2724.0  0.01
2972  2724.0  0.01
2973  2724.0  0.01
2974  2724.0  0.01
2975  2724.0  0.01
2976  2724.0  0.01
2977  2724.0  0.01
2978  2724.0  0.01
2979  2724.0  0.01
2980  2724.0  0.01
2981  2724.0  0.01
2982  2724.0  0.01
2983  2724.0  0.01
2984  2724.0  0.01
2985  2724.0  0.01
2986  2724.0  0.01
2987  2724.0  0.01
2988  2724.0  0.01
2989  2724.0  0.01
2990  2724.0  0.01
2991  2724.0  0.01
2992  2724.0  0.01
2993  2724.0  0.01
2994  2724.0  0.01
2995  2724.0  0.01
2996  2724.0  0.01
2997  2724.0  0.01
2998  2724.0  0.01
2999  2724.0  0.01
#[1, 3, 4, 9, 9, 9, 9, 9, 9, 9]
#[1, 1, 7, 9, 9, 9, 9, 9, 9, 9]
#[3, 9, 9, 9, 9, 9, 9, 9, 9, 9]
#[9, 9, 9, 9, 9, 9, 9, 9, 9, 9]
#[7, 9, 9, 9, 9, 9, 9, 9, 9, 9]
#[9, 9, 9, 9, 9, 9, 9, 9, 9, 9]
#[9, 9, 9, 9, 9, 9, 9, 9, 9, 9]
#[-7, 9, 9, 9, 9, 9, 9, 9, 9, 9]
#[9, 9, 9, 9, 9, 9, 9, 9, 9, 9]
#Specialization index= [3, 9, 0.12345679012345678]
