#[7, 4, 7, 8, 9, 5, 9, 8, 8, 6]
#[1, 4, 2, 4, 9, 5, 9, 2, 5, 4]
#[1, 3, 1, 5, 4, 6, 7, 3, 5, 6]
#[3, 6, 4, 9, 3, 2, 5, 3, 9, 8]
#[4, 9, 0, 5, 8, 3, 3, 7, 9, 8]
#[6, 5, 6, 5, 8, 1, 2, 0, 8, 9]
#[4, 5, 6, 6, 9, 8, 7, 9, 8, 1]
#[3, 5, 0, 5, 8, 9, 7, 1, 4, 6]
#[2, 7, 3, 4, 4, 1, 6, 4, 9, 0]
0  2436.0  0.12
1  2436.0  0.12
2  2436.0  0.12
3  2436.0  0.12
4  2436.0  0.12
5  2436.0  0.12
6  2436.0  0.12
7  2436.0  0.12
8  2436.0  0.12
9  2436.0  0.12
10  2436.0  0.12
11  2436.0  0.12
12  2436.0  0.12
13  2436.0  0.12
14  2436.0  0.12
15  2436.0  0.12
16  2436.0  0.12
17  2502.0  0.09
18  2502.0  0.09
19  2562.0  0.06
20  2562.0  0.06
21  2562.0  0.06
22  2562.0  0.06
23  2562.0  0.06
24  2562.0  0.06
25  2562.0  0.06
26  2562.0  0.06
27  2562.0  0.06
28  2562.0  0.06
29  2562.0  0.06
30  2562.0  0.06
31  2562.0  0.06
32  2562.0  0.06
33  2562.0  0.06
34  2562.0  0.06
35  2562.0  0.06
36  2562.0  0.06
37  2562.0  0.06
38  2562.0  0.06
39  2562.0  0.06
40  2562.0  0.06
41  2562.0  0.06
42  2562.0  0.06
43  2562.0  0.06
44  2562.0  0.06
45  2562.0  0.06
46  2562.0  0.06
47  2562.0  0.06
48  2562.0  0.06
49  2562.0  0.06
50  2562.0  0.06
51  2562.0  0.06
52  2562.0  0.06
53  2562.0  0.06
54  2562.0  0.06
55  2562.0  0.06
56  2562.0  0.06
57  2562.0  0.06
58  2562.0  0.06
59  2562.0  0.06
60  2562.0  0.06
61  2562.0  0.06
62  2562.0  0.06
63  2562.0  0.06
64  2562.0  0.06
65  2562.0  0.06
66  2562.0  0.06
67  2562.0  0.06
68  2562.0  0.06
69  2562.0  0.06
70  2562.0  0.06
71  2562.0  0.06
72  2562.0  0.06
73  2562.0  0.06
74  2562.0  0.06
75  2562.0  0.06
76  2562.0  0.06
77  2562.0  0.06
78  2562.0  0.06
79  2562.0  0.06
80  2562.0  0.06
81  2562.0  0.06
82  2562.0  0.06
83  2562.0  0.06
84  2562.0  0.06
85  2562.0  0.06
86  2562.0  0.06
87  2562.0  0.06
88  2562.0  0.06
89  2562.0  0.06
90  2562.0  0.06
91  2562.0  0.06
92  2682.0  0.03
93  2682.0  0.03
94  2682.0  0.03
95  2682.0  0.03
96  2682.0  0.03
97  2682.0  0.03
98  2682.0  0.03
99  2682.0  0.03
100  2682.0  0.03
101  2682.0  0.03
102  2682.0  0.03
103  2682.0  0.03
104  2682.0  0.03
105  2682.0  0.03
106  2682.0  0.03
107  2682.0  0.03
108  2682.0  0.03
109  2682.0  0.03
110  2682.0  0.03
111  2682.0  0.03
112  2682.0  0.03
113  2682.0  0.03
114  2682.0  0.03
115  2682.0  0.03
116  2682.0  0.03
117  2682.0  0.03
118  2682.0  0.03
119  2682.0  0.03
120  2682.0  0.03
121  2682.0  0.03
122  2682.0  0.03
123  2682.0  0.03
124  2682.0  0.03
125  2682.0  0.03
126  2682.0  0.03
127  2682.0  0.03
128  2682.0  0.03
129  2682.0  0.03
130  2682.0  0.03
131  2682.0  0.03
132  2682.0  0.03
133  2682.0  0.03
134  2682.0  0.03
135  2682.0  0.03
136  2682.0  0.03
137  2682.0  0.03
138  2682.0  0.03
139  2682.0  0.03
140  2682.0  0.03
141  2682.0  0.03
142  2682.0  0.03
143  2682.0  0.03
144  2682.0  0.03
145  2682.0  0.03
146  2682.0  0.03
147  2682.0  0.03
148  2682.0  0.03
149  2682.0  0.03
150  2682.0  0.03
151  2682.0  0.03
152  2682.0  0.03
153  2682.0  0.03
154  2682.0  0.03
155  2682.0  0.03
156  2682.0  0.03
157  2682.0  0.03
158  2682.0  0.03
159  2682.0  0.03
160  2682.0  0.03
161  2682.0  0.03
162  2682.0  0.03
163  2682.0  0.03
164  2682.0  0.03
165  2682.0  0.03
166  2682.0  0.03
167  2682.0  0.03
168  2682.0  0.03
169  2682.0  0.03
170  2682.0  0.03
171  2682.0  0.03
172  2682.0  0.03
173  2682.0  0.03
174  2682.0  0.03
175  2682.0  0.03
176  2682.0  0.03
177  2682.0  0.03
178  2682.0  0.03
179  2682.0  0.03
180  2682.0  0.03
181  2682.0  0.03
182  2682.0  0.03
183  2682.0  0.03
184  2682.0  0.03
185  2682.0  0.03
186  2682.0  0.03
187  2682.0  0.03
188  2682.0  0.03
189  2721.0  0.03
190  2721.0  0.03
191  2721.0  0.03
192  2721.0  0.03
193  2721.0  0.03
194  2721.0  0.03
195  2721.0  0.03
196  2721.0  0.03
197  2721.0  0.03
198  2721.0  0.03
199  2721.0  0.03
200  2721.0  0.03
201  2721.0  0.03
202  2721.0  0.03
203  2721.0  0.03
204  2721.0  0.03
205  2721.0  0.03
206  2721.0  0.03
207  2721.0  0.03
208  2721.0  0.03
209  2721.0  0.03
210  2721.0  0.03
211  2721.0  0.03
212  2721.0  0.03
213  2721.0  0.03
214  2721.0  0.03
215  2721.0  0.03
216  2721.0  0.03
217  2721.0  0.03
218  2721.0  0.03
219  2721.0  0.03
220  2721.0  0.03
221  2721.0  0.03
222  2721.0  0.03
223  2721.0  0.03
224  2721.0  0.03
225  2721.0  0.03
226  2721.0  0.03
227  2721.0  0.03
228  2721.0  0.03
229  2721.0  0.03
230  2721.0  0.03
231  2721.0  0.03
232  2721.0  0.03
233  2721.0  0.03
234  2721.0  0.03
235  2721.0  0.03
236  2721.0  0.03
237  2721.0  0.03
238  2721.0  0.03
239  2721.0  0.03
240  2721.0  0.03
241  2721.0  0.03
242  2721.0  0.03
243  2721.0  0.03
244  2721.0  0.03
245  2721.0  0.03
246  2721.0  0.03
247  2721.0  0.03
248  2721.0  0.03
249  2721.0  0.03
250  2721.0  0.03
251  2721.0  0.03
252  2721.0  0.03
253  2721.0  0.03
254  2721.0  0.03
255  2721.0  0.03
256  2721.0  0.03
257  2721.0  0.03
258  2721.0  0.03
259  2721.0  0.03
260  2721.0  0.03
261  2721.0  0.03
262  2721.0  0.03
263  2721.0  0.03
264  2721.0  0.03
265  2721.0  0.03
266  2721.0  0.03
267  2721.0  0.03
268  2721.0  0.03
269  2721.0  0.03
270  2721.0  0.03
271  2721.0  0.03
272  2721.0  0.03
273  2721.0  0.03
274  2721.0  0.03
275  2721.0  0.03
276  2721.0  0.03
277  2721.0  0.03
278  2721.0  0.03
279  2721.0  0.03
280  2721.0  0.03
281  2721.0  0.03
282  2721.0  0.03
283  2721.0  0.03
284  2721.0  0.03
285  2721.0  0.03
286  2721.0  0.03
287  2721.0  0.03
288  2721.0  0.03
289  2721.0  0.03
290  2721.0  0.03
291  2721.0  0.03
292  2721.0  0.03
293  2721.0  0.03
294  2721.0  0.03
295  2721.0  0.03
296  2721.0  0.03
297  2721.0  0.03
298  2721.0  0.03
299  2721.0  0.03
300  2721.0  0.03
301  2721.0  0.03
302  2721.0  0.03
303  2721.0  0.03
304  2721.0  0.03
305  2721.0  0.03
306  2721.0  0.03
307  2721.0  0.03
308  2721.0  0.03
309  2721.0  0.03
310  2721.0  0.03
311  2721.0  0.03
312  2721.0  0.03
313  2721.0  0.03
314  2721.0  0.03
315  2721.0  0.03
316  2721.0  0.03
317  2721.0  0.03
318  2721.0  0.03
319  2721.0  0.03
320  2721.0  0.03
321  2721.0  0.03
322  2721.0  0.03
323  2721.0  0.03
324  2721.0  0.03
325  2721.0  0.03
326  2721.0  0.03
327  2721.0  0.03
328  2721.0  0.03
329  2721.0  0.03
330  2721.0  0.03
331  2721.0  0.03
332  2721.0  0.03
333  2721.0  0.03
334  2721.0  0.03
335  2721.0  0.03
336  2721.0  0.03
337  2721.0  0.03
338  2721.0  0.03
339  2721.0  0.03
340  2721.0  0.03
341  2721.0  0.03
342  2721.0  0.03
343  2721.0  0.03
344  2721.0  0.03
345  2721.0  0.03
346  2721.0  0.03
347  2721.0  0.03
348  2721.0  0.03
349  2721.0  0.03
350  2721.0  0.03
351  2721.0  0.03
352  2721.0  0.03
353  2721.0  0.03
354  2721.0  0.03
355  2721.0  0.03
356  2721.0  0.03
357  2721.0  0.03
358  2721.0  0.03
359  2721.0  0.03
360  2721.0  0.03
361  2721.0  0.03
362  2721.0  0.03
363  2721.0  0.03
364  2721.0  0.03
365  2721.0  0.03
366  2721.0  0.03
367  2721.0  0.03
368  2721.0  0.03
369  2721.0  0.03
370  2721.0  0.03
371  2721.0  0.03
372  2721.0  0.03
373  2721.0  0.03
374  2721.0  0.03
375  2721.0  0.03
376  2721.0  0.03
377  2721.0  0.03
378  2721.0  0.03
379  2721.0  0.03
380  2721.0  0.03
381  2721.0  0.03
382  2721.0  0.03
383  2721.0  0.03
384  2721.0  0.03
385  2721.0  0.03
386  2721.0  0.03
387  2721.0  0.03
388  2721.0  0.03
389  2721.0  0.03
390  2721.0  0.03
391  2721.0  0.03
392  2721.0  0.03
393  2721.0  0.03
394  2721.0  0.03
395  2721.0  0.03
396  2721.0  0.03
397  2721.0  0.03
398  2721.0  0.03
399  2721.0  0.03
400  2721.0  0.03
401  2721.0  0.03
402  2721.0  0.03
403  2721.0  0.03
404  2721.0  0.03
405  2721.0  0.03
406  2721.0  0.03
407  2721.0  0.03
408  2721.0  0.03
409  2721.0  0.03
410  2721.0  0.03
411  2721.0  0.03
412  2721.0  0.03
413  2721.0  0.03
414  2721.0  0.03
415  2721.0  0.03
416  2721.0  0.03
417  2721.0  0.03
418  2721.0  0.03
419  2721.0  0.03
420  2721.0  0.03
421  2721.0  0.03
422  2721.0  0.03
423  2721.0  0.03
424  2721.0  0.03
425  2721.0  0.03
426  2721.0  0.03
427  2721.0  0.03
428  2721.0  0.03
429  2721.0  0.03
430  2721.0  0.03
431  2721.0  0.03
432  2721.0  0.03
433  2721.0  0.03
434  2721.0  0.03
435  2721.0  0.03
436  2721.0  0.03
437  2721.0  0.03
438  2721.0  0.03
439  2721.0  0.03
440  2721.0  0.03
441  2721.0  0.03
442  2721.0  0.03
443  2721.0  0.03
444  2721.0  0.03
445  2721.0  0.03
446  2721.0  0.03
447  2721.0  0.03
448  2721.0  0.03
449  2721.0  0.03
450  2721.0  0.03
451  2721.0  0.03
452  2721.0  0.03
453  2721.0  0.03
454  2721.0  0.03
455  2721.0  0.03
456  2721.0  0.03
457  2721.0  0.03
458  2721.0  0.03
459  2721.0  0.03
460  2721.0  0.03
461  2721.0  0.03
462  2721.0  0.03
463  2721.0  0.03
464  2721.0  0.03
465  2721.0  0.03
466  2721.0  0.03
467  2721.0  0.03
468  2721.0  0.03
469  2721.0  0.03
470  2721.0  0.03
471  2721.0  0.03
472  2721.0  0.03
473  2721.0  0.03
474  2721.0  0.03
475  2721.0  0.03
476  2721.0  0.03
477  2721.0  0.03
478  2721.0  0.03
479  2721.0  0.03
480  2721.0  0.03
481  2721.0  0.03
482  2721.0  0.03
483  2721.0  0.03
484  2721.0  0.03
485  2721.0  0.03
486  2721.0  0.03
487  2721.0  0.03
488  2721.0  0.03
489  2721.0  0.03
490  2721.0  0.03
491  2721.0  0.03
492  2721.0  0.03
493  2721.0  0.03
494  2721.0  0.03
495  2721.0  0.03
496  2721.0  0.03
497  2721.0  0.03
498  2721.0  0.03
499  2721.0  0.03
500  2721.0  0.03
501  2721.0  0.03
502  2721.0  0.03
503  2721.0  0.03
504  2721.0  0.03
505  2721.0  0.03
506  2721.0  0.03
507  2721.0  0.03
508  2721.0  0.03
509  2721.0  0.03
510  2721.0  0.03
511  2721.0  0.03
512  2721.0  0.03
513  2721.0  0.03
514  2721.0  0.03
515  2721.0  0.03
516  2721.0  0.03
517  2721.0  0.03
518  2721.0  0.03
519  2721.0  0.03
520  2721.0  0.03
521  2721.0  0.03
522  2721.0  0.03
523  2721.0  0.03
524  2721.0  0.03
525  2721.0  0.03
526  2721.0  0.03
527  2721.0  0.03
528  2721.0  0.03
529  2721.0  0.03
530  2721.0  0.03
531  2721.0  0.03
532  2721.0  0.03
533  2721.0  0.03
534  2721.0  0.03
535  2721.0  0.03
536  2721.0  0.03
537  2721.0  0.03
538  2721.0  0.03
539  2721.0  0.03
540  2721.0  0.03
541  2721.0  0.03
542  2721.0  0.03
543  2721.0  0.03
544  2721.0  0.03
545  2721.0  0.03
546  2721.0  0.03
547  2721.0  0.03
548  2721.0  0.03
549  2721.0  0.03
550  2721.0  0.03
551  2721.0  0.03
552  2721.0  0.03
553  2721.0  0.03
554  2721.0  0.03
555  2721.0  0.03
556  2721.0  0.03
557  2721.0  0.03
558  2721.0  0.03
559  2721.0  0.03
560  2721.0  0.03
561  2721.0  0.03
562  2721.0  0.03
563  2721.0  0.03
564  2721.0  0.03
565  2721.0  0.03
566  2721.0  0.03
567  2721.0  0.03
568  2721.0  0.03
569  2721.0  0.03
570  2721.0  0.03
571  2721.0  0.03
572  2721.0  0.03
573  2721.0  0.03
574  2721.0  0.03
575  2721.0  0.03
576  2721.0  0.03
577  2721.0  0.03
578  2721.0  0.03
579  2721.0  0.03
580  2721.0  0.03
581  2721.0  0.03
582  2721.0  0.03
583  2721.0  0.03
584  2721.0  0.03
585  2721.0  0.03
586  2721.0  0.03
587  2721.0  0.03
588  2721.0  0.03
589  2721.0  0.03
590  2721.0  0.03
591  2721.0  0.03
592  2721.0  0.03
593  2721.0  0.03
594  2721.0  0.03
595  2721.0  0.03
596  2721.0  0.03
597  2721.0  0.03
598  2721.0  0.03
599  2721.0  0.03
600  2721.0  0.03
601  2721.0  0.03
602  2721.0  0.03
603  2721.0  0.03
604  2721.0  0.03
605  2721.0  0.03
606  2721.0  0.03
607  2721.0  0.03
608  2721.0  0.03
609  2721.0  0.03
610  2721.0  0.03
611  2721.0  0.03
612  2721.0  0.03
613  2721.0  0.03
614  2721.0  0.03
615  2721.0  0.03
616  2721.0  0.03
617  2721.0  0.03
618  2721.0  0.03
619  2721.0  0.03
620  2721.0  0.03
621  2721.0  0.03
622  2721.0  0.03
623  2721.0  0.03
624  2721.0  0.03
625  2721.0  0.03
626  2721.0  0.03
627  2721.0  0.03
628  2721.0  0.03
629  2721.0  0.03
630  2721.0  0.03
631  2721.0  0.03
632  2721.0  0.03
633  2721.0  0.03
634  2721.0  0.03
635  2721.0  0.03
636  2721.0  0.03
637  2721.0  0.03
638  2721.0  0.03
639  2721.0  0.03
640  2721.0  0.03
641  2721.0  0.03
642  2721.0  0.03
643  2721.0  0.03
644  2721.0  0.03
645  2721.0  0.03
646  2721.0  0.03
647  2721.0  0.03
648  2721.0  0.03
649  2721.0  0.03
650  2721.0  0.03
651  2721.0  0.03
652  2721.0  0.03
653  2721.0  0.03
654  2721.0  0.03
655  2721.0  0.03
656  2721.0  0.03
657  2721.0  0.03
658  2721.0  0.03
659  2721.0  0.03
660  2721.0  0.03
661  2721.0  0.03
662  2721.0  0.03
663  2721.0  0.03
664  2721.0  0.03
665  2721.0  0.03
666  2721.0  0.03
667  2721.0  0.03
668  2721.0  0.03
669  2721.0  0.03
670  2721.0  0.03
671  2721.0  0.03
672  2721.0  0.03
673  2721.0  0.03
674  2721.0  0.03
675  2721.0  0.03
676  2721.0  0.03
677  2721.0  0.03
678  2721.0  0.03
679  2721.0  0.03
680  2721.0  0.03
681  2721.0  0.03
682  2721.0  0.03
683  2721.0  0.03
684  2721.0  0.03
685  2721.0  0.03
686  2721.0  0.03
687  2721.0  0.03
688  2721.0  0.03
689  2721.0  0.03
690  2721.0  0.03
691  2721.0  0.03
692  2721.0  0.03
693  2721.0  0.03
694  2721.0  0.03
695  2721.0  0.03
696  2721.0  0.03
697  2721.0  0.03
698  2721.0  0.03
699  2721.0  0.03
700  2721.0  0.03
701  2721.0  0.03
702  2721.0  0.03
703  2721.0  0.03
704  2721.0  0.03
705  2721.0  0.03
706  2721.0  0.03
707  2721.0  0.03
708  2721.0  0.03
709  2721.0  0.03
710  2721.0  0.03
711  2721.0  0.03
712  2721.0  0.03
713  2721.0  0.03
714  2721.0  0.03
715  2721.0  0.03
716  2721.0  0.03
717  2721.0  0.03
718  2721.0  0.03
719  2721.0  0.03
720  2721.0  0.03
721  2721.0  0.03
722  2721.0  0.03
723  2721.0  0.03
724  2721.0  0.03
725  2721.0  0.03
726  2721.0  0.03
727  2721.0  0.03
728  2721.0  0.03
729  2721.0  0.03
730  2721.0  0.03
731  2721.0  0.03
732  2721.0  0.03
733  2721.0  0.03
734  2721.0  0.03
735  2721.0  0.03
736  2721.0  0.03
737  2721.0  0.03
738  2721.0  0.03
739  2721.0  0.03
740  2721.0  0.03
741  2721.0  0.03
742  2721.0  0.03
743  2721.0  0.03
744  2721.0  0.03
745  2721.0  0.03
746  2721.0  0.03
747  2721.0  0.03
748  2721.0  0.03
749  2721.0  0.03
750  2721.0  0.03
751  2721.0  0.03
752  2721.0  0.03
753  2721.0  0.03
754  2721.0  0.03
755  2721.0  0.03
756  2721.0  0.03
757  2721.0  0.03
758  2721.0  0.03
759  2721.0  0.03
760  2721.0  0.03
761  2721.0  0.03
762  2721.0  0.03
763  2721.0  0.03
764  2721.0  0.03
765  2721.0  0.03
766  2721.0  0.03
767  2721.0  0.03
768  2721.0  0.03
769  2721.0  0.03
770  2721.0  0.03
771  2721.0  0.03
772  2721.0  0.03
773  2721.0  0.03
774  2721.0  0.03
775  2721.0  0.03
776  2721.0  0.03
777  2721.0  0.03
778  2721.0  0.03
779  2721.0  0.03
780  2721.0  0.03
781  2721.0  0.03
782  2721.0  0.03
783  2721.0  0.03
784  2721.0  0.03
785  2721.0  0.03
786  2721.0  0.03
787  2721.0  0.03
788  2721.0  0.03
789  2721.0  0.03
790  2721.0  0.03
791  2721.0  0.03
792  2721.0  0.03
793  2721.0  0.03
794  2721.0  0.03
795  2721.0  0.03
796  2721.0  0.03
797  2721.0  0.03
798  2721.0  0.03
799  2721.0  0.03
800  2721.0  0.03
801  2721.0  0.03
802  2721.0  0.03
803  2721.0  0.03
804  2721.0  0.03
805  2721.0  0.03
806  2721.0  0.03
807  2721.0  0.03
808  2721.0  0.03
809  2721.0  0.03
810  2721.0  0.03
811  2721.0  0.03
812  2721.0  0.03
813  2721.0  0.03
814  2721.0  0.03
815  2721.0  0.03
816  2721.0  0.03
817  2721.0  0.03
818  2721.0  0.03
819  2721.0  0.03
820  2721.0  0.03
821  2721.0  0.03
822  2721.0  0.03
823  2721.0  0.03
824  2721.0  0.03
825  2721.0  0.03
826  2721.0  0.03
827  2721.0  0.03
828  2721.0  0.03
829  2721.0  0.03
830  2721.0  0.03
831  2721.0  0.03
832  2721.0  0.03
833  2721.0  0.03
834  2721.0  0.03
835  2721.0  0.03
836  2721.0  0.03
837  2721.0  0.03
838  2721.0  0.03
839  2721.0  0.03
840  2721.0  0.03
841  2721.0  0.03
842  2721.0  0.03
843  2721.0  0.03
844  2721.0  0.03
845  2721.0  0.03
846  2721.0  0.03
847  2721.0  0.03
848  2721.0  0.03
849  2721.0  0.03
850  2721.0  0.03
851  2721.0  0.03
852  2721.0  0.03
853  2721.0  0.03
854  2721.0  0.03
855  2721.0  0.03
856  2721.0  0.03
857  2721.0  0.03
858  2721.0  0.03
859  2721.0  0.03
860  2721.0  0.03
861  2721.0  0.03
862  2721.0  0.03
863  2721.0  0.03
864  2721.0  0.03
865  2721.0  0.03
866  2721.0  0.03
867  2721.0  0.03
868  2721.0  0.03
869  2721.0  0.03
870  2721.0  0.03
871  2721.0  0.03
872  2721.0  0.03
873  2721.0  0.03
874  2721.0  0.03
875  2721.0  0.03
876  2721.0  0.03
877  2721.0  0.03
878  2721.0  0.03
879  2721.0  0.03
880  2721.0  0.03
881  2721.0  0.03
882  2721.0  0.03
883  2721.0  0.03
884  2721.0  0.03
885  2721.0  0.03
886  2721.0  0.03
887  2721.0  0.03
888  2721.0  0.03
889  2721.0  0.03
890  2721.0  0.03
891  2721.0  0.03
892  2721.0  0.03
893  2721.0  0.03
894  2721.0  0.03
895  2721.0  0.03
896  2721.0  0.03
897  2721.0  0.03
898  2721.0  0.03
899  2721.0  0.03
900  2721.0  0.03
901  2721.0  0.03
902  2721.0  0.03
903  2721.0  0.03
904  2721.0  0.03
905  2721.0  0.03
906  2721.0  0.03
907  2721.0  0.03
908  2721.0  0.03
909  2721.0  0.03
910  2721.0  0.03
911  2721.0  0.03
912  2721.0  0.03
913  2721.0  0.03
914  2721.0  0.03
915  2721.0  0.03
916  2721.0  0.03
917  2721.0  0.03
918  2721.0  0.03
919  2721.0  0.03
920  2721.0  0.03
921  2721.0  0.03
922  2721.0  0.03
923  2721.0  0.03
924  2721.0  0.03
925  2721.0  0.03
926  2721.0  0.03
927  2721.0  0.03
928  2721.0  0.03
929  2721.0  0.03
930  2721.0  0.03
931  2721.0  0.03
932  2721.0  0.03
933  2721.0  0.03
934  2721.0  0.03
935  2721.0  0.03
936  2721.0  0.03
937  2721.0  0.03
938  2721.0  0.03
939  2721.0  0.03
940  2721.0  0.03
941  2721.0  0.03
942  2721.0  0.03
943  2721.0  0.03
944  2721.0  0.03
945  2721.0  0.03
946  2721.0  0.03
947  2721.0  0.03
948  2721.0  0.03
949  2721.0  0.03
950  2721.0  0.03
951  2721.0  0.03
952  2721.0  0.03
953  2721.0  0.03
954  2721.0  0.03
955  2721.0  0.03
956  2721.0  0.03
957  2721.0  0.03
958  2721.0  0.03
959  2721.0  0.03
960  2721.0  0.03
961  2721.0  0.03
962  2721.0  0.03
963  2721.0  0.03
964  2721.0  0.03
965  2721.0  0.03
966  2721.0  0.03
967  2721.0  0.03
968  2721.0  0.03
969  2721.0  0.03
970  2721.0  0.03
971  2721.0  0.03
972  2721.0  0.03
973  2721.0  0.03
974  2721.0  0.03
975  2721.0  0.03
976  2721.0  0.03
977  2721.0  0.03
978  2721.0  0.03
979  2721.0  0.03
980  2721.0  0.03
981  2721.0  0.03
982  2721.0  0.03
983  2721.0  0.03
984  2721.0  0.03
985  2721.0  0.03
986  2721.0  0.03
987  2721.0  0.03
988  2721.0  0.03
989  2721.0  0.03
990  2721.0  0.03
991  2721.0  0.03
992  2721.0  0.03
993  2721.0  0.03
994  2721.0  0.03
995  2721.0  0.03
996  2721.0  0.03
997  2721.0  0.03
998  2721.0  0.03
999  2721.0  0.03
1000  2721.0  0.03
1001  2721.0  0.03
1002  2721.0  0.03
1003  2721.0  0.03
1004  2721.0  0.03
1005  2721.0  0.03
1006  2721.0  0.03
1007  2721.0  0.03
1008  2721.0  0.03
1009  2721.0  0.03
1010  2721.0  0.03
1011  2721.0  0.03
1012  2721.0  0.03
1013  2721.0  0.03
1014  2721.0  0.03
1015  2721.0  0.03
1016  2721.0  0.03
1017  2721.0  0.03
1018  2721.0  0.03
1019  2721.0  0.03
1020  2721.0  0.03
1021  2721.0  0.03
1022  2721.0  0.03
1023  2721.0  0.03
1024  2721.0  0.03
1025  2721.0  0.03
1026  2721.0  0.03
1027  2721.0  0.03
1028  2721.0  0.03
1029  2721.0  0.03
1030  2721.0  0.03
1031  2721.0  0.03
1032  2721.0  0.03
1033  2721.0  0.03
1034  2721.0  0.03
1035  2721.0  0.03
1036  2721.0  0.03
1037  2721.0  0.03
1038  2721.0  0.03
1039  2721.0  0.03
1040  2721.0  0.03
1041  2721.0  0.03
1042  2721.0  0.03
1043  2721.0  0.03
1044  2721.0  0.03
1045  2721.0  0.03
1046  2721.0  0.03
1047  2721.0  0.03
1048  2721.0  0.03
1049  2721.0  0.03
1050  2721.0  0.03
1051  2721.0  0.03
1052  2721.0  0.03
1053  2721.0  0.03
1054  2721.0  0.03
1055  2721.0  0.03
1056  2721.0  0.03
1057  2721.0  0.03
1058  2721.0  0.03
1059  2721.0  0.03
1060  2721.0  0.03
1061  2721.0  0.03
1062  2721.0  0.03
1063  2721.0  0.03
1064  2721.0  0.03
1065  2721.0  0.03
1066  2721.0  0.03
1067  2721.0  0.03
1068  2721.0  0.03
1069  2721.0  0.03
1070  2721.0  0.03
1071  2721.0  0.03
1072  2721.0  0.03
1073  2721.0  0.03
1074  2721.0  0.03
1075  2721.0  0.03
1076  2721.0  0.03
1077  2721.0  0.03
1078  2721.0  0.03
1079  2721.0  0.03
1080  2721.0  0.03
1081  2721.0  0.03
1082  2721.0  0.03
1083  2721.0  0.03
1084  2721.0  0.03
1085  2721.0  0.03
1086  2721.0  0.03
1087  2721.0  0.03
1088  2721.0  0.03
1089  2721.0  0.03
1090  2721.0  0.03
1091  2721.0  0.03
1092  2721.0  0.03
1093  2721.0  0.03
1094  2721.0  0.03
1095  2721.0  0.03
1096  2721.0  0.03
1097  2721.0  0.03
1098  2721.0  0.03
1099  2721.0  0.03
1100  2721.0  0.03
1101  2721.0  0.03
1102  2721.0  0.03
1103  2721.0  0.03
1104  2721.0  0.03
1105  2721.0  0.03
1106  2721.0  0.03
1107  2721.0  0.03
1108  2721.0  0.03
1109  2721.0  0.03
1110  2721.0  0.03
1111  2721.0  0.03
1112  2721.0  0.03
1113  2721.0  0.03
1114  2721.0  0.03
1115  2721.0  0.03
1116  2721.0  0.03
1117  2721.0  0.03
1118  2721.0  0.03
1119  2721.0  0.03
1120  2721.0  0.03
1121  2721.0  0.03
1122  2721.0  0.03
1123  2721.0  0.03
1124  2721.0  0.03
1125  2721.0  0.03
1126  2721.0  0.03
1127  2721.0  0.03
1128  2721.0  0.03
1129  2721.0  0.03
1130  2721.0  0.03
1131  2721.0  0.03
1132  2721.0  0.03
1133  2721.0  0.03
1134  2721.0  0.03
1135  2721.0  0.03
1136  2721.0  0.03
1137  2721.0  0.03
1138  2721.0  0.03
1139  2721.0  0.03
1140  2721.0  0.03
1141  2721.0  0.03
1142  2721.0  0.03
1143  2721.0  0.03
1144  2721.0  0.03
1145  2721.0  0.03
1146  2721.0  0.03
1147  2721.0  0.03
1148  2721.0  0.03
1149  2721.0  0.03
1150  2721.0  0.03
1151  2721.0  0.03
1152  2721.0  0.03
1153  2721.0  0.03
1154  2721.0  0.03
1155  2721.0  0.03
1156  2721.0  0.03
1157  2721.0  0.03
1158  2721.0  0.03
1159  2721.0  0.03
1160  2721.0  0.03
1161  2721.0  0.03
1162  2721.0  0.03
1163  2721.0  0.03
1164  2721.0  0.03
1165  2721.0  0.03
1166  2721.0  0.03
1167  2721.0  0.03
1168  2721.0  0.03
1169  2721.0  0.03
1170  2721.0  0.03
1171  2721.0  0.03
1172  2721.0  0.03
1173  2721.0  0.03
1174  2721.0  0.03
1175  2721.0  0.03
1176  2721.0  0.03
1177  2721.0  0.03
1178  2721.0  0.03
1179  2721.0  0.03
1180  2721.0  0.03
1181  2721.0  0.03
1182  2721.0  0.03
1183  2721.0  0.03
1184  2721.0  0.03
1185  2721.0  0.03
1186  2721.0  0.03
1187  2721.0  0.03
1188  2721.0  0.03
1189  2721.0  0.03
1190  2721.0  0.03
1191  2721.0  0.03
1192  2721.0  0.03
1193  2721.0  0.03
1194  2721.0  0.03
1195  2721.0  0.03
1196  2721.0  0.03
1197  2721.0  0.03
1198  2721.0  0.03
1199  2721.0  0.03
1200  2721.0  0.03
1201  2721.0  0.03
1202  2721.0  0.03
1203  2721.0  0.03
1204  2721.0  0.03
1205  2721.0  0.03
1206  2721.0  0.03
1207  2721.0  0.03
1208  2721.0  0.03
1209  2721.0  0.03
1210  2721.0  0.03
1211  2721.0  0.03
1212  2721.0  0.03
1213  2721.0  0.03
1214  2721.0  0.03
1215  2721.0  0.03
1216  2721.0  0.03
1217  2721.0  0.03
1218  2721.0  0.03
1219  2721.0  0.03
1220  2721.0  0.03
1221  2721.0  0.03
1222  2721.0  0.03
1223  2721.0  0.03
1224  2721.0  0.03
1225  2721.0  0.03
1226  2721.0  0.03
1227  2721.0  0.03
1228  2721.0  0.03
1229  2721.0  0.03
1230  2721.0  0.03
1231  2721.0  0.03
1232  2721.0  0.03
1233  2721.0  0.03
1234  2721.0  0.03
1235  2721.0  0.03
1236  2721.0  0.03
1237  2721.0  0.03
1238  2721.0  0.03
1239  2721.0  0.03
1240  2721.0  0.03
1241  2721.0  0.03
1242  2721.0  0.03
1243  2721.0  0.03
1244  2721.0  0.03
1245  2721.0  0.03
1246  2721.0  0.03
1247  2721.0  0.03
1248  2721.0  0.03
1249  2721.0  0.03
1250  2721.0  0.03
1251  2721.0  0.03
1252  2721.0  0.03
1253  2721.0  0.03
1254  2721.0  0.03
1255  2721.0  0.03
1256  2721.0  0.03
1257  2721.0  0.03
1258  2721.0  0.03
1259  2721.0  0.03
1260  2721.0  0.03
1261  2721.0  0.03
1262  2721.0  0.03
1263  2721.0  0.03
1264  2721.0  0.03
1265  2721.0  0.03
1266  2721.0  0.03
1267  2721.0  0.03
1268  2721.0  0.03
1269  2721.0  0.03
1270  2721.0  0.03
1271  2721.0  0.03
1272  2721.0  0.03
1273  2721.0  0.03
1274  2721.0  0.03
1275  2721.0  0.03
1276  2721.0  0.03
1277  2721.0  0.03
1278  2721.0  0.03
1279  2721.0  0.03
1280  2721.0  0.03
1281  2721.0  0.03
1282  2721.0  0.03
1283  2721.0  0.03
1284  2721.0  0.03
1285  2721.0  0.03
1286  2721.0  0.03
1287  2721.0  0.03
1288  2721.0  0.03
1289  2721.0  0.03
1290  2721.0  0.03
1291  2721.0  0.03
1292  2721.0  0.03
1293  2721.0  0.03
1294  2721.0  0.03
1295  2721.0  0.03
1296  2721.0  0.03
1297  2721.0  0.03
1298  2721.0  0.03
1299  2721.0  0.03
1300  2721.0  0.03
1301  2721.0  0.03
1302  2721.0  0.03
1303  2721.0  0.03
1304  2721.0  0.03
1305  2721.0  0.03
1306  2721.0  0.03
1307  2721.0  0.03
1308  2721.0  0.03
1309  2721.0  0.03
1310  2721.0  0.03
1311  2721.0  0.03
1312  2721.0  0.03
1313  2721.0  0.03
1314  2721.0  0.03
1315  2721.0  0.03
1316  2721.0  0.03
1317  2721.0  0.03
1318  2721.0  0.03
1319  2721.0  0.03
1320  2721.0  0.03
1321  2721.0  0.03
1322  2721.0  0.03
1323  2721.0  0.03
1324  2721.0  0.03
1325  2721.0  0.03
1326  2721.0  0.03
1327  2721.0  0.03
1328  2721.0  0.03
1329  2721.0  0.03
1330  2721.0  0.03
1331  2721.0  0.03
1332  2721.0  0.03
1333  2721.0  0.03
1334  2721.0  0.03
1335  2721.0  0.03
1336  2721.0  0.03
1337  2721.0  0.03
1338  2721.0  0.03
1339  2721.0  0.03
1340  2721.0  0.03
1341  2721.0  0.03
1342  2721.0  0.03
1343  2721.0  0.03
1344  2721.0  0.03
1345  2721.0  0.03
1346  2721.0  0.03
1347  2721.0  0.03
1348  2721.0  0.03
1349  2721.0  0.03
1350  2721.0  0.03
1351  2721.0  0.03
1352  2721.0  0.03
1353  2721.0  0.03
1354  2721.0  0.03
1355  2721.0  0.03
1356  2721.0  0.03
1357  2721.0  0.03
1358  2721.0  0.03
1359  2721.0  0.03
1360  2721.0  0.03
1361  2721.0  0.03
1362  2721.0  0.03
1363  2721.0  0.03
1364  2721.0  0.03
1365  2721.0  0.03
1366  2721.0  0.03
1367  2721.0  0.03
1368  2721.0  0.03
1369  2721.0  0.03
1370  2721.0  0.03
1371  2721.0  0.03
1372  2721.0  0.03
1373  2721.0  0.03
1374  2721.0  0.03
1375  2721.0  0.03
1376  2721.0  0.03
1377  2721.0  0.03
1378  2721.0  0.03
1379  2721.0  0.03
1380  2721.0  0.03
1381  2721.0  0.03
1382  2721.0  0.03
1383  2721.0  0.03
1384  2721.0  0.03
1385  2721.0  0.03
1386  2721.0  0.03
1387  2721.0  0.03
1388  2721.0  0.03
1389  2721.0  0.03
1390  2721.0  0.03
1391  2721.0  0.03
1392  2721.0  0.03
1393  2721.0  0.03
1394  2721.0  0.03
1395  2721.0  0.03
1396  2721.0  0.03
1397  2721.0  0.03
1398  2721.0  0.03
1399  2721.0  0.03
1400  2721.0  0.03
1401  2721.0  0.03
1402  2721.0  0.03
1403  2721.0  0.03
1404  2721.0  0.03
1405  2721.0  0.03
1406  2721.0  0.03
1407  2721.0  0.03
1408  2721.0  0.03
1409  2721.0  0.03
1410  2721.0  0.03
1411  2721.0  0.03
1412  2721.0  0.03
1413  2721.0  0.03
1414  2721.0  0.03
1415  2721.0  0.03
1416  2721.0  0.03
1417  2721.0  0.03
1418  2721.0  0.03
1419  2721.0  0.03
1420  2721.0  0.03
1421  2721.0  0.03
1422  2721.0  0.03
1423  2721.0  0.03
1424  2721.0  0.03
1425  2721.0  0.03
1426  2721.0  0.03
1427  2721.0  0.03
1428  2721.0  0.03
1429  2721.0  0.03
1430  2721.0  0.03
1431  2721.0  0.03
1432  2721.0  0.03
1433  2721.0  0.03
1434  2721.0  0.03
1435  2721.0  0.03
1436  2721.0  0.03
1437  2721.0  0.03
1438  2721.0  0.03
1439  2721.0  0.03
1440  2721.0  0.03
1441  2721.0  0.03
1442  2721.0  0.03
1443  2721.0  0.03
1444  2721.0  0.03
1445  2721.0  0.03
1446  2721.0  0.03
1447  2721.0  0.03
1448  2721.0  0.03
1449  2721.0  0.03
1450  2721.0  0.03
1451  2721.0  0.03
1452  2721.0  0.03
1453  2721.0  0.03
1454  2721.0  0.03
1455  2721.0  0.03
1456  2721.0  0.03
1457  2721.0  0.03
1458  2721.0  0.03
1459  2721.0  0.03
1460  2721.0  0.03
1461  2721.0  0.03
1462  2721.0  0.03
1463  2721.0  0.03
1464  2721.0  0.03
1465  2721.0  0.03
1466  2721.0  0.03
1467  2721.0  0.03
1468  2721.0  0.03
1469  2721.0  0.03
1470  2721.0  0.03
1471  2721.0  0.03
1472  2721.0  0.03
1473  2721.0  0.03
1474  2721.0  0.03
1475  2721.0  0.03
1476  2721.0  0.03
1477  2721.0  0.03
1478  2721.0  0.03
1479  2721.0  0.03
1480  2721.0  0.03
1481  2721.0  0.03
1482  2721.0  0.03
1483  2721.0  0.03
1484  2721.0  0.03
1485  2721.0  0.03
1486  2721.0  0.03
1487  2721.0  0.03
1488  2721.0  0.03
1489  2721.0  0.03
1490  2721.0  0.03
1491  2721.0  0.03
1492  2721.0  0.03
1493  2721.0  0.03
1494  2721.0  0.03
1495  2721.0  0.03
1496  2721.0  0.03
1497  2721.0  0.03
1498  2721.0  0.03
1499  2721.0  0.03
1500  2721.0  0.03
1501  2721.0  0.03
1502  2721.0  0.03
1503  2721.0  0.03
1504  2721.0  0.03
1505  2721.0  0.03
1506  2721.0  0.03
1507  2721.0  0.03
1508  2721.0  0.03
1509  2721.0  0.03
1510  2721.0  0.03
1511  2721.0  0.03
1512  2721.0  0.03
1513  2721.0  0.03
1514  2721.0  0.03
1515  2721.0  0.03
1516  2721.0  0.03
1517  2721.0  0.03
1518  2721.0  0.03
1519  2721.0  0.03
1520  2721.0  0.03
1521  2721.0  0.03
1522  2721.0  0.03
1523  2721.0  0.03
1524  2721.0  0.03
1525  2721.0  0.03
1526  2721.0  0.03
1527  2721.0  0.03
1528  2721.0  0.03
1529  2721.0  0.03
1530  2721.0  0.03
1531  2721.0  0.03
1532  2721.0  0.03
1533  2721.0  0.03
1534  2721.0  0.03
1535  2721.0  0.03
1536  2721.0  0.03
1537  2721.0  0.03
1538  2721.0  0.03
1539  2721.0  0.03
1540  2721.0  0.03
1541  2721.0  0.03
1542  2721.0  0.03
1543  2721.0  0.03
1544  2721.0  0.03
1545  2721.0  0.03
1546  2721.0  0.03
1547  2721.0  0.03
1548  2721.0  0.03
1549  2721.0  0.03
1550  2721.0  0.03
1551  2721.0  0.03
1552  2721.0  0.03
1553  2721.0  0.03
1554  2721.0  0.03
1555  2721.0  0.03
1556  2721.0  0.03
1557  2721.0  0.03
1558  2721.0  0.03
1559  2721.0  0.03
1560  2721.0  0.03
1561  2721.0  0.03
1562  2721.0  0.03
1563  2721.0  0.03
1564  2721.0  0.03
1565  2721.0  0.03
1566  2721.0  0.03
1567  2721.0  0.03
1568  2721.0  0.03
1569  2721.0  0.03
1570  2721.0  0.03
1571  2721.0  0.03
1572  2721.0  0.03
1573  2721.0  0.03
1574  2721.0  0.03
1575  2721.0  0.03
1576  2721.0  0.03
1577  2721.0  0.03
1578  2721.0  0.03
1579  2721.0  0.03
1580  2721.0  0.03
1581  2721.0  0.03
1582  2721.0  0.03
1583  2721.0  0.03
1584  2721.0  0.03
1585  2721.0  0.03
1586  2721.0  0.03
1587  2721.0  0.03
1588  2721.0  0.03
1589  2721.0  0.03
1590  2721.0  0.03
1591  2721.0  0.03
1592  2721.0  0.03
1593  2721.0  0.03
1594  2721.0  0.03
1595  2721.0  0.03
1596  2721.0  0.03
1597  2721.0  0.03
1598  2721.0  0.03
1599  2721.0  0.03
1600  2721.0  0.03
1601  2721.0  0.03
1602  2721.0  0.03
1603  2721.0  0.03
1604  2721.0  0.03
1605  2721.0  0.03
1606  2721.0  0.03
1607  2721.0  0.03
1608  2721.0  0.03
1609  2721.0  0.03
1610  2721.0  0.03
1611  2721.0  0.03
1612  2721.0  0.03
1613  2721.0  0.03
1614  2721.0  0.03
1615  2721.0  0.03
1616  2721.0  0.03
1617  2721.0  0.03
1618  2721.0  0.03
1619  2721.0  0.03
1620  2721.0  0.03
1621  2721.0  0.03
1622  2721.0  0.03
1623  2721.0  0.03
1624  2721.0  0.03
1625  2721.0  0.03
1626  2721.0  0.03
1627  2721.0  0.03
1628  2721.0  0.03
1629  2721.0  0.03
1630  2721.0  0.03
1631  2721.0  0.03
1632  2721.0  0.03
1633  2721.0  0.03
1634  2721.0  0.03
1635  2721.0  0.03
1636  2721.0  0.03
1637  2721.0  0.03
1638  2721.0  0.03
1639  2721.0  0.03
1640  2721.0  0.03
1641  2721.0  0.03
1642  2721.0  0.03
1643  2721.0  0.03
1644  2721.0  0.03
1645  2721.0  0.03
1646  2721.0  0.03
1647  2721.0  0.03
1648  2721.0  0.03
1649  2721.0  0.03
1650  2721.0  0.03
1651  2721.0  0.03
1652  2721.0  0.03
1653  2721.0  0.03
1654  2721.0  0.03
1655  2721.0  0.03
1656  2721.0  0.03
1657  2721.0  0.03
1658  2721.0  0.03
1659  2721.0  0.03
1660  2721.0  0.03
1661  2721.0  0.03
1662  2721.0  0.03
1663  2721.0  0.03
1664  2721.0  0.03
1665  2721.0  0.03
1666  2721.0  0.03
1667  2721.0  0.03
1668  2721.0  0.03
1669  2721.0  0.03
1670  2721.0  0.03
1671  2721.0  0.03
1672  2721.0  0.03
1673  2721.0  0.03
1674  2721.0  0.03
1675  2721.0  0.03
1676  2721.0  0.03
1677  2721.0  0.03
1678  2721.0  0.03
1679  2721.0  0.03
1680  2721.0  0.03
1681  2721.0  0.03
1682  2721.0  0.03
1683  2721.0  0.03
1684  2721.0  0.03
1685  2721.0  0.03
1686  2721.0  0.03
1687  2721.0  0.03
1688  2721.0  0.03
1689  2721.0  0.03
1690  2721.0  0.03
1691  2721.0  0.03
1692  2721.0  0.03
1693  2721.0  0.03
1694  2721.0  0.03
1695  2721.0  0.03
1696  2721.0  0.03
1697  2721.0  0.03
1698  2721.0  0.03
1699  2721.0  0.03
1700  2721.0  0.03
1701  2721.0  0.03
1702  2721.0  0.03
1703  2721.0  0.03
1704  2721.0  0.03
1705  2721.0  0.03
1706  2721.0  0.03
1707  2721.0  0.03
1708  2721.0  0.03
1709  2721.0  0.03
1710  2721.0  0.03
1711  2721.0  0.03
1712  2721.0  0.03
1713  2721.0  0.03
1714  2721.0  0.03
1715  2721.0  0.03
1716  2721.0  0.03
1717  2721.0  0.03
1718  2721.0  0.03
1719  2721.0  0.03
1720  2721.0  0.03
1721  2721.0  0.03
1722  2721.0  0.03
1723  2721.0  0.03
1724  2721.0  0.03
1725  2721.0  0.03
1726  2721.0  0.03
1727  2721.0  0.03
1728  2721.0  0.03
1729  2721.0  0.03
1730  2721.0  0.03
1731  2721.0  0.03
1732  2721.0  0.03
1733  2721.0  0.03
1734  2721.0  0.03
1735  2721.0  0.03
1736  2721.0  0.03
1737  2721.0  0.03
1738  2721.0  0.03
1739  2721.0  0.03
1740  2721.0  0.03
1741  2721.0  0.03
1742  2721.0  0.03
1743  2721.0  0.03
1744  2721.0  0.03
1745  2721.0  0.03
1746  2721.0  0.03
1747  2721.0  0.03
1748  2721.0  0.03
1749  2721.0  0.03
1750  2721.0  0.03
1751  2721.0  0.03
1752  2721.0  0.03
1753  2721.0  0.03
1754  2721.0  0.03
1755  2721.0  0.03
1756  2721.0  0.03
1757  2721.0  0.03
1758  2721.0  0.03
1759  2721.0  0.03
1760  2721.0  0.03
1761  2721.0  0.03
1762  2721.0  0.03
1763  2721.0  0.03
1764  2721.0  0.03
1765  2721.0  0.03
1766  2721.0  0.03
1767  2721.0  0.03
1768  2721.0  0.03
1769  2721.0  0.03
1770  2721.0  0.03
1771  2721.0  0.03
1772  2721.0  0.03
1773  2721.0  0.03
1774  2721.0  0.03
1775  2721.0  0.03
1776  2721.0  0.03
1777  2721.0  0.03
1778  2721.0  0.03
1779  2721.0  0.03
1780  2721.0  0.03
1781  2721.0  0.03
1782  2721.0  0.03
1783  2721.0  0.03
1784  2721.0  0.03
1785  2721.0  0.03
1786  2721.0  0.03
1787  2721.0  0.03
1788  2721.0  0.03
1789  2721.0  0.03
1790  2721.0  0.03
1791  2721.0  0.03
1792  2721.0  0.03
1793  2721.0  0.03
1794  2721.0  0.03
1795  2721.0  0.03
1796  2721.0  0.03
1797  2721.0  0.03
1798  2721.0  0.03
1799  2721.0  0.03
1800  2721.0  0.03
1801  2721.0  0.03
1802  2721.0  0.03
1803  2721.0  0.03
1804  2721.0  0.03
1805  2721.0  0.03
1806  2721.0  0.03
1807  2721.0  0.03
1808  2721.0  0.03
1809  2721.0  0.03
1810  2721.0  0.03
1811  2721.0  0.03
1812  2721.0  0.03
1813  2721.0  0.03
1814  2721.0  0.03
1815  2721.0  0.03
1816  2721.0  0.03
1817  2721.0  0.03
1818  2721.0  0.03
1819  2721.0  0.03
1820  2721.0  0.03
1821  2721.0  0.03
1822  2721.0  0.03
1823  2721.0  0.03
1824  2721.0  0.03
1825  2721.0  0.03
1826  2721.0  0.03
1827  2721.0  0.03
1828  2721.0  0.03
1829  2721.0  0.03
1830  2721.0  0.03
1831  2721.0  0.03
1832  2721.0  0.03
1833  2721.0  0.03
1834  2721.0  0.03
1835  2721.0  0.03
1836  2721.0  0.03
1837  2721.0  0.03
1838  2721.0  0.03
1839  2721.0  0.03
1840  2721.0  0.03
1841  2721.0  0.03
1842  2721.0  0.03
1843  2721.0  0.03
1844  2721.0  0.03
1845  2721.0  0.03
1846  2721.0  0.03
1847  2721.0  0.03
1848  2721.0  0.03
1849  2721.0  0.03
1850  2721.0  0.03
1851  2721.0  0.03
1852  2721.0  0.03
1853  2721.0  0.03
1854  2721.0  0.03
1855  2721.0  0.03
1856  2721.0  0.03
1857  2721.0  0.03
1858  2721.0  0.03
1859  2721.0  0.03
1860  2721.0  0.03
1861  2721.0  0.03
1862  2721.0  0.03
1863  2721.0  0.03
1864  2721.0  0.03
1865  2721.0  0.03
1866  2721.0  0.03
1867  2721.0  0.03
1868  2721.0  0.03
1869  2721.0  0.03
1870  2721.0  0.03
1871  2721.0  0.03
1872  2721.0  0.03
1873  2721.0  0.03
1874  2721.0  0.03
1875  2721.0  0.03
1876  2721.0  0.03
1877  2721.0  0.03
1878  2721.0  0.03
1879  2721.0  0.03
1880  2721.0  0.03
1881  2721.0  0.03
1882  2721.0  0.03
1883  2721.0  0.03
1884  2721.0  0.03
1885  2721.0  0.03
1886  2721.0  0.03
1887  2721.0  0.03
1888  2721.0  0.03
1889  2721.0  0.03
1890  2721.0  0.03
1891  2721.0  0.03
1892  2721.0  0.03
1893  2721.0  0.03
1894  2721.0  0.03
1895  2721.0  0.03
1896  2721.0  0.03
1897  2721.0  0.03
1898  2721.0  0.03
1899  2721.0  0.03
1900  2721.0  0.03
1901  2721.0  0.03
1902  2721.0  0.03
1903  2721.0  0.03
1904  2721.0  0.03
1905  2721.0  0.03
1906  2721.0  0.03
1907  2721.0  0.03
1908  2721.0  0.03
1909  2721.0  0.03
1910  2721.0  0.03
1911  2721.0  0.03
1912  2721.0  0.03
1913  2721.0  0.03
1914  2721.0  0.03
1915  2721.0  0.03
1916  2721.0  0.03
1917  2721.0  0.03
1918  2721.0  0.03
1919  2721.0  0.03
1920  2721.0  0.03
1921  2721.0  0.03
1922  2721.0  0.03
1923  2721.0  0.03
1924  2721.0  0.03
1925  2721.0  0.03
1926  2721.0  0.03
1927  2721.0  0.03
1928  2721.0  0.03
1929  2721.0  0.03
1930  2721.0  0.03
1931  2721.0  0.03
1932  2721.0  0.03
1933  2721.0  0.03
1934  2721.0  0.03
1935  2721.0  0.03
1936  2721.0  0.03
1937  2721.0  0.03
1938  2721.0  0.03
1939  2721.0  0.03
1940  2721.0  0.03
1941  2721.0  0.03
1942  2721.0  0.03
1943  2721.0  0.03
1944  2721.0  0.03
1945  2721.0  0.03
1946  2721.0  0.03
1947  2721.0  0.03
1948  2721.0  0.03
1949  2721.0  0.03
1950  2721.0  0.03
1951  2721.0  0.03
1952  2721.0  0.03
1953  2721.0  0.03
1954  2721.0  0.03
1955  2721.0  0.03
1956  2721.0  0.03
1957  2721.0  0.03
1958  2721.0  0.03
1959  2721.0  0.03
1960  2721.0  0.03
1961  2721.0  0.03
1962  2721.0  0.03
1963  2721.0  0.03
1964  2721.0  0.03
1965  2721.0  0.03
1966  2721.0  0.03
1967  2721.0  0.03
1968  2721.0  0.03
1969  2721.0  0.03
1970  2721.0  0.03
1971  2721.0  0.03
1972  2721.0  0.03
1973  2721.0  0.03
1974  2721.0  0.03
1975  2721.0  0.03
1976  2721.0  0.03
1977  2721.0  0.03
1978  2721.0  0.03
1979  2721.0  0.03
1980  2721.0  0.03
1981  2721.0  0.03
1982  2721.0  0.03
1983  2721.0  0.03
1984  2721.0  0.03
1985  2721.0  0.03
1986  2721.0  0.03
1987  2721.0  0.03
1988  2721.0  0.03
1989  2721.0  0.03
1990  2721.0  0.03
1991  2721.0  0.03
1992  2721.0  0.03
1993  2721.0  0.03
1994  2721.0  0.03
1995  2721.0  0.03
1996  2721.0  0.03
1997  2721.0  0.03
1998  2721.0  0.03
1999  2721.0  0.03
2000  2721.0  0.03
2001  2721.0  0.03
2002  2721.0  0.03
2003  2721.0  0.03
2004  2721.0  0.03
2005  2721.0  0.03
2006  2721.0  0.03
2007  2721.0  0.03
2008  2721.0  0.03
2009  2721.0  0.03
2010  2721.0  0.03
2011  2721.0  0.03
2012  2721.0  0.03
2013  2721.0  0.03
2014  2721.0  0.03
2015  2721.0  0.03
2016  2721.0  0.03
2017  2721.0  0.03
2018  2721.0  0.03
2019  2721.0  0.03
2020  2721.0  0.03
2021  2721.0  0.03
2022  2721.0  0.03
2023  2721.0  0.03
2024  2721.0  0.03
2025  2721.0  0.03
2026  2721.0  0.03
2027  2721.0  0.03
2028  2721.0  0.03
2029  2721.0  0.03
2030  2721.0  0.03
2031  2721.0  0.03
2032  2721.0  0.03
2033  2721.0  0.03
2034  2721.0  0.03
2035  2721.0  0.03
2036  2721.0  0.03
2037  2721.0  0.03
2038  2721.0  0.03
2039  2721.0  0.03
2040  2721.0  0.03
2041  2721.0  0.03
2042  2721.0  0.03
2043  2721.0  0.03
2044  2721.0  0.03
2045  2721.0  0.03
2046  2721.0  0.03
2047  2721.0  0.03
2048  2721.0  0.03
2049  2721.0  0.03
2050  2721.0  0.03
2051  2721.0  0.03
2052  2721.0  0.03
2053  2721.0  0.03
2054  2721.0  0.03
2055  2721.0  0.03
2056  2721.0  0.03
2057  2721.0  0.03
2058  2721.0  0.03
2059  2721.0  0.03
2060  2721.0  0.03
2061  2721.0  0.03
2062  2721.0  0.03
2063  2721.0  0.03
2064  2721.0  0.03
2065  2721.0  0.03
2066  2721.0  0.03
2067  2721.0  0.03
2068  2721.0  0.03
2069  2721.0  0.03
2070  2721.0  0.03
2071  2721.0  0.03
2072  2721.0  0.03
2073  2721.0  0.03
2074  2721.0  0.03
2075  2721.0  0.03
2076  2721.0  0.03
2077  2721.0  0.03
2078  2721.0  0.03
2079  2721.0  0.03
2080  2721.0  0.03
2081  2721.0  0.03
2082  2721.0  0.03
2083  2721.0  0.03
2084  2721.0  0.03
2085  2721.0  0.03
2086  2721.0  0.03
2087  2721.0  0.03
2088  2721.0  0.03
2089  2721.0  0.03
2090  2721.0  0.03
2091  2721.0  0.03
2092  2721.0  0.03
2093  2721.0  0.03
2094  2721.0  0.03
2095  2721.0  0.03
2096  2721.0  0.03
2097  2721.0  0.03
2098  2721.0  0.03
2099  2721.0  0.03
2100  2721.0  0.03
2101  2721.0  0.03
2102  2721.0  0.03
2103  2721.0  0.03
2104  2721.0  0.03
2105  2721.0  0.03
2106  2721.0  0.03
2107  2721.0  0.03
2108  2721.0  0.03
2109  2721.0  0.03
2110  2721.0  0.03
2111  2721.0  0.03
2112  2721.0  0.03
2113  2721.0  0.03
2114  2721.0  0.03
2115  2721.0  0.03
2116  2721.0  0.03
2117  2721.0  0.03
2118  2721.0  0.03
2119  2721.0  0.03
2120  2721.0  0.03
2121  2721.0  0.03
2122  2721.0  0.03
2123  2721.0  0.03
2124  2721.0  0.03
2125  2721.0  0.03
2126  2721.0  0.03
2127  2721.0  0.03
2128  2721.0  0.03
2129  2721.0  0.03
2130  2721.0  0.03
2131  2721.0  0.03
2132  2721.0  0.03
2133  2721.0  0.03
2134  2721.0  0.03
2135  2721.0  0.03
2136  2721.0  0.03
2137  2721.0  0.03
2138  2721.0  0.03
2139  2721.0  0.03
2140  2721.0  0.03
2141  2721.0  0.03
2142  2721.0  0.03
2143  2721.0  0.03
2144  2721.0  0.03
2145  2721.0  0.03
2146  2721.0  0.03
2147  2721.0  0.03
2148  2721.0  0.03
2149  2721.0  0.03
2150  2721.0  0.03
2151  2721.0  0.03
2152  2721.0  0.03
2153  2721.0  0.03
2154  2721.0  0.03
2155  2721.0  0.03
2156  2721.0  0.03
2157  2721.0  0.03
2158  2721.0  0.03
2159  2721.0  0.03
2160  2721.0  0.03
2161  2721.0  0.03
2162  2721.0  0.03
2163  2721.0  0.03
2164  2721.0  0.03
2165  2721.0  0.03
2166  2721.0  0.03
2167  2721.0  0.03
2168  2721.0  0.03
2169  2721.0  0.03
2170  2721.0  0.03
2171  2721.0  0.03
2172  2721.0  0.03
2173  2721.0  0.03
2174  2721.0  0.03
2175  2721.0  0.03
2176  2721.0  0.03
2177  2721.0  0.03
2178  2721.0  0.03
2179  2721.0  0.03
2180  2721.0  0.03
2181  2721.0  0.03
2182  2721.0  0.03
2183  2721.0  0.03
2184  2721.0  0.03
2185  2721.0  0.03
2186  2721.0  0.03
2187  2721.0  0.03
2188  2721.0  0.03
2189  2721.0  0.03
2190  2721.0  0.03
2191  2721.0  0.03
2192  2721.0  0.03
2193  2721.0  0.03
2194  2721.0  0.03
2195  2721.0  0.03
2196  2721.0  0.03
2197  2721.0  0.03
2198  2721.0  0.03
2199  2721.0  0.03
2200  2721.0  0.03
2201  2721.0  0.03
2202  2721.0  0.03
2203  2721.0  0.03
2204  2721.0  0.03
2205  2721.0  0.03
2206  2721.0  0.03
2207  2721.0  0.03
2208  2721.0  0.03
2209  2721.0  0.03
2210  2721.0  0.03
2211  2721.0  0.03
2212  2721.0  0.03
2213  2721.0  0.03
2214  2721.0  0.03
2215  2721.0  0.03
2216  2721.0  0.03
2217  2721.0  0.03
2218  2721.0  0.03
2219  2721.0  0.03
2220  2721.0  0.03
2221  2721.0  0.03
2222  2721.0  0.03
2223  2721.0  0.03
2224  2721.0  0.03
2225  2721.0  0.03
2226  2721.0  0.03
2227  2721.0  0.03
2228  2721.0  0.03
2229  2721.0  0.03
2230  2721.0  0.03
2231  2721.0  0.03
2232  2721.0  0.03
2233  2721.0  0.03
2234  2721.0  0.03
2235  2721.0  0.03
2236  2721.0  0.03
2237  2721.0  0.03
2238  2721.0  0.03
2239  2721.0  0.03
2240  2721.0  0.03
2241  2721.0  0.03
2242  2721.0  0.03
2243  2721.0  0.03
2244  2721.0  0.03
2245  2721.0  0.03
2246  2721.0  0.03
2247  2721.0  0.03
2248  2721.0  0.03
2249  2721.0  0.03
2250  2721.0  0.03
2251  2721.0  0.03
2252  2721.0  0.03
2253  2721.0  0.03
2254  2721.0  0.03
2255  2721.0  0.03
2256  2721.0  0.03
2257  2721.0  0.03
2258  2721.0  0.03
2259  2721.0  0.03
2260  2721.0  0.03
2261  2721.0  0.03
2262  2721.0  0.03
2263  2721.0  0.03
2264  2721.0  0.03
2265  2721.0  0.03
2266  2721.0  0.03
2267  2721.0  0.03
2268  2721.0  0.03
2269  2721.0  0.03
2270  2721.0  0.03
2271  2721.0  0.03
2272  2721.0  0.03
2273  2721.0  0.03
2274  2721.0  0.03
2275  2721.0  0.03
2276  2721.0  0.03
2277  2721.0  0.03
2278  2721.0  0.03
2279  2721.0  0.03
2280  2721.0  0.03
2281  2721.0  0.03
2282  2721.0  0.03
2283  2721.0  0.03
2284  2721.0  0.03
2285  2721.0  0.03
2286  2721.0  0.03
2287  2721.0  0.03
2288  2721.0  0.03
2289  2721.0  0.03
2290  2721.0  0.03
2291  2721.0  0.03
2292  2721.0  0.03
2293  2721.0  0.03
2294  2721.0  0.03
2295  2721.0  0.03
2296  2721.0  0.03
2297  2721.0  0.03
2298  2721.0  0.03
2299  2721.0  0.03
2300  2721.0  0.03
2301  2721.0  0.03
2302  2721.0  0.03
2303  2721.0  0.03
2304  2721.0  0.03
2305  2721.0  0.03
2306  2721.0  0.03
2307  2721.0  0.03
2308  2721.0  0.03
2309  2721.0  0.03
2310  2721.0  0.03
2311  2721.0  0.03
2312  2721.0  0.03
2313  2721.0  0.03
2314  2721.0  0.03
2315  2721.0  0.03
2316  2721.0  0.03
2317  2721.0  0.03
2318  2721.0  0.03
2319  2721.0  0.03
2320  2721.0  0.03
2321  2721.0  0.03
2322  2721.0  0.03
2323  2721.0  0.03
2324  2721.0  0.03
2325  2721.0  0.03
2326  2721.0  0.03
2327  2721.0  0.03
2328  2721.0  0.03
2329  2721.0  0.03
2330  2721.0  0.03
2331  2721.0  0.03
2332  2721.0  0.03
2333  2721.0  0.03
2334  2721.0  0.03
2335  2721.0  0.03
2336  2721.0  0.03
2337  2721.0  0.03
2338  2721.0  0.03
2339  2721.0  0.03
2340  2721.0  0.03
2341  2721.0  0.03
2342  2721.0  0.03
2343  2721.0  0.03
2344  2721.0  0.03
2345  2721.0  0.03
2346  2721.0  0.03
2347  2721.0  0.03
2348  2721.0  0.03
2349  2721.0  0.03
2350  2721.0  0.03
2351  2721.0  0.03
2352  2721.0  0.03
2353  2721.0  0.03
2354  2721.0  0.03
2355  2721.0  0.03
2356  2721.0  0.03
2357  2721.0  0.03
2358  2721.0  0.03
2359  2721.0  0.03
2360  2721.0  0.03
2361  2721.0  0.03
2362  2721.0  0.03
2363  2721.0  0.03
2364  2721.0  0.03
2365  2721.0  0.03
2366  2721.0  0.03
2367  2721.0  0.03
2368  2721.0  0.03
2369  2721.0  0.03
2370  2721.0  0.03
2371  2721.0  0.03
2372  2721.0  0.03
2373  2721.0  0.03
2374  2721.0  0.03
2375  2721.0  0.03
2376  2721.0  0.03
2377  2721.0  0.03
2378  2721.0  0.03
2379  2721.0  0.03
2380  2721.0  0.03
2381  2721.0  0.03
2382  2721.0  0.03
2383  2721.0  0.03
2384  2721.0  0.03
2385  2721.0  0.03
2386  2721.0  0.03
2387  2721.0  0.03
2388  2721.0  0.03
2389  2721.0  0.03
2390  2721.0  0.03
2391  2721.0  0.03
2392  2721.0  0.03
2393  2721.0  0.03
2394  2721.0  0.03
2395  2721.0  0.03
2396  2721.0  0.03
2397  2721.0  0.03
2398  2721.0  0.03
2399  2721.0  0.03
2400  2721.0  0.03
2401  2721.0  0.03
2402  2721.0  0.03
2403  2721.0  0.03
2404  2721.0  0.03
2405  2721.0  0.03
2406  2721.0  0.03
2407  2721.0  0.03
2408  2721.0  0.03
2409  2721.0  0.03
2410  2721.0  0.03
2411  2721.0  0.03
2412  2721.0  0.03
2413  2721.0  0.03
2414  2721.0  0.03
2415  2721.0  0.03
2416  2721.0  0.03
2417  2721.0  0.03
2418  2721.0  0.03
2419  2721.0  0.03
2420  2721.0  0.03
2421  2721.0  0.03
2422  2721.0  0.03
2423  2721.0  0.03
2424  2721.0  0.03
2425  2721.0  0.03
2426  2721.0  0.03
2427  2721.0  0.03
2428  2721.0  0.03
2429  2721.0  0.03
2430  2721.0  0.03
2431  2721.0  0.03
2432  2721.0  0.03
2433  2721.0  0.03
2434  2721.0  0.03
2435  2721.0  0.03
2436  2721.0  0.03
2437  2721.0  0.03
2438  2721.0  0.03
2439  2721.0  0.03
2440  2721.0  0.03
2441  2721.0  0.03
2442  2721.0  0.03
2443  2721.0  0.03
2444  2721.0  0.03
2445  2721.0  0.03
2446  2721.0  0.03
2447  2721.0  0.03
2448  2721.0  0.03
2449  2721.0  0.03
2450  2721.0  0.03
2451  2721.0  0.03
2452  2721.0  0.03
2453  2721.0  0.03
2454  2721.0  0.03
2455  2721.0  0.03
2456  2721.0  0.03
2457  2721.0  0.03
2458  2721.0  0.03
2459  2721.0  0.03
2460  2721.0  0.03
2461  2721.0  0.03
2462  2721.0  0.03
2463  2721.0  0.03
2464  2721.0  0.03
2465  2721.0  0.03
2466  2721.0  0.03
2467  2721.0  0.03
2468  2721.0  0.03
2469  2721.0  0.03
2470  2721.0  0.03
2471  2721.0  0.03
2472  2721.0  0.03
2473  2721.0  0.03
2474  2721.0  0.03
2475  2721.0  0.03
2476  2721.0  0.03
2477  2721.0  0.03
2478  2721.0  0.03
2479  2721.0  0.03
2480  2721.0  0.03
2481  2721.0  0.03
2482  2721.0  0.03
2483  2721.0  0.03
2484  2721.0  0.03
2485  2721.0  0.03
2486  2721.0  0.03
2487  2721.0  0.03
2488  2721.0  0.03
2489  2721.0  0.03
2490  2721.0  0.03
2491  2721.0  0.03
2492  2721.0  0.03
2493  2721.0  0.03
2494  2721.0  0.03
2495  2721.0  0.03
2496  2721.0  0.03
2497  2721.0  0.03
2498  2721.0  0.03
2499  2721.0  0.03
2500  2721.0  0.03
2501  2721.0  0.03
2502  2721.0  0.03
2503  2721.0  0.03
2504  2721.0  0.03
2505  2721.0  0.03
2506  2721.0  0.03
2507  2721.0  0.03
2508  2721.0  0.03
2509  2721.0  0.03
2510  2721.0  0.03
2511  2721.0  0.03
2512  2721.0  0.03
2513  2721.0  0.03
2514  2721.0  0.03
2515  2721.0  0.03
2516  2721.0  0.03
2517  2721.0  0.03
2518  2721.0  0.03
2519  2721.0  0.03
2520  2721.0  0.03
2521  2721.0  0.03
2522  2721.0  0.03
2523  2721.0  0.03
2524  2721.0  0.03
2525  2721.0  0.03
2526  2721.0  0.03
2527  2721.0  0.03
2528  2721.0  0.03
2529  2721.0  0.03
2530  2721.0  0.03
2531  2721.0  0.03
2532  2721.0  0.03
2533  2721.0  0.03
2534  2721.0  0.03
2535  2721.0  0.03
2536  2721.0  0.03
2537  2721.0  0.03
2538  2721.0  0.03
2539  2721.0  0.03
2540  2721.0  0.03
2541  2721.0  0.03
2542  2721.0  0.03
2543  2721.0  0.03
2544  2721.0  0.03
2545  2721.0  0.03
2546  2721.0  0.03
2547  2721.0  0.03
2548  2721.0  0.03
2549  2721.0  0.03
2550  2721.0  0.03
2551  2721.0  0.03
2552  2721.0  0.03
2553  2721.0  0.03
2554  2721.0  0.03
2555  2721.0  0.03
2556  2721.0  0.03
2557  2721.0  0.03
2558  2721.0  0.03
2559  2721.0  0.03
2560  2721.0  0.03
2561  2721.0  0.03
2562  2721.0  0.03
2563  2721.0  0.03
2564  2721.0  0.03
2565  2721.0  0.03
2566  2721.0  0.03
2567  2721.0  0.03
2568  2721.0  0.03
2569  2721.0  0.03
2570  2721.0  0.03
2571  2721.0  0.03
2572  2721.0  0.03
2573  2721.0  0.03
2574  2721.0  0.03
2575  2721.0  0.03
2576  2721.0  0.03
2577  2721.0  0.03
2578  2721.0  0.03
2579  2721.0  0.03
2580  2721.0  0.03
2581  2721.0  0.03
2582  2721.0  0.03
2583  2721.0  0.03
2584  2721.0  0.03
2585  2721.0  0.03
2586  2721.0  0.03
2587  2721.0  0.03
2588  2721.0  0.03
2589  2721.0  0.03
2590  2721.0  0.03
2591  2721.0  0.03
2592  2721.0  0.03
2593  2721.0  0.03
2594  2721.0  0.03
2595  2721.0  0.03
2596  2721.0  0.03
2597  2721.0  0.03
2598  2721.0  0.03
2599  2721.0  0.03
2600  2721.0  0.03
2601  2721.0  0.03
2602  2721.0  0.03
2603  2721.0  0.03
2604  2721.0  0.03
2605  2721.0  0.03
2606  2721.0  0.03
2607  2721.0  0.03
2608  2721.0  0.03
2609  2721.0  0.03
2610  2721.0  0.03
2611  2721.0  0.03
2612  2721.0  0.03
2613  2721.0  0.03
2614  2721.0  0.03
2615  2721.0  0.03
2616  2721.0  0.03
2617  2721.0  0.03
2618  2721.0  0.03
2619  2721.0  0.03
2620  2721.0  0.03
2621  2721.0  0.03
2622  2721.0  0.03
2623  2721.0  0.03
2624  2721.0  0.03
2625  2721.0  0.03
2626  2721.0  0.03
2627  2721.0  0.03
2628  2721.0  0.03
2629  2721.0  0.03
2630  2721.0  0.03
2631  2721.0  0.03
2632  2721.0  0.03
2633  2721.0  0.03
2634  2721.0  0.03
2635  2721.0  0.03
2636  2721.0  0.03
2637  2721.0  0.03
2638  2721.0  0.03
2639  2721.0  0.03
2640  2721.0  0.03
2641  2721.0  0.03
2642  2721.0  0.03
2643  2721.0  0.03
2644  2721.0  0.03
2645  2721.0  0.03
2646  2721.0  0.03
2647  2721.0  0.03
2648  2721.0  0.03
2649  2721.0  0.03
2650  2721.0  0.03
2651  2721.0  0.03
2652  2721.0  0.03
2653  2721.0  0.03
2654  2721.0  0.03
2655  2721.0  0.03
2656  2721.0  0.03
2657  2721.0  0.03
2658  2721.0  0.03
2659  2721.0  0.03
2660  2721.0  0.03
2661  2721.0  0.03
2662  2721.0  0.03
2663  2721.0  0.03
2664  2721.0  0.03
2665  2721.0  0.03
2666  2721.0  0.03
2667  2721.0  0.03
2668  2721.0  0.03
2669  2721.0  0.03
2670  2721.0  0.03
2671  2721.0  0.03
2672  2721.0  0.03
2673  2721.0  0.03
2674  2721.0  0.03
2675  2721.0  0.03
2676  2721.0  0.03
2677  2721.0  0.03
2678  2721.0  0.03
2679  2721.0  0.03
2680  2721.0  0.03
2681  2721.0  0.03
2682  2721.0  0.03
2683  2721.0  0.03
2684  2721.0  0.03
2685  2721.0  0.03
2686  2721.0  0.03
2687  2721.0  0.03
2688  2721.0  0.03
2689  2721.0  0.03
2690  2721.0  0.03
2691  2721.0  0.03
2692  2721.0  0.03
2693  2721.0  0.03
2694  2721.0  0.03
2695  2721.0  0.03
2696  2721.0  0.03
2697  2721.0  0.03
2698  2721.0  0.03
2699  2721.0  0.03
2700  2721.0  0.03
2701  2721.0  0.03
2702  2721.0  0.03
2703  2721.0  0.03
2704  2721.0  0.03
2705  2721.0  0.03
2706  2721.0  0.03
2707  2721.0  0.03
2708  2721.0  0.03
2709  2721.0  0.03
2710  2721.0  0.03
2711  2721.0  0.03
2712  2721.0  0.03
2713  2721.0  0.03
2714  2721.0  0.03
2715  2721.0  0.03
2716  2721.0  0.03
2717  2721.0  0.03
2718  2721.0  0.03
2719  2721.0  0.03
2720  2721.0  0.03
2721  2721.0  0.03
2722  2721.0  0.03
2723  2721.0  0.03
2724  2721.0  0.03
2725  2721.0  0.03
2726  2721.0  0.03
2727  2721.0  0.03
2728  2721.0  0.03
2729  2721.0  0.03
2730  2721.0  0.03
2731  2721.0  0.03
2732  2721.0  0.03
2733  2721.0  0.03
2734  2721.0  0.03
2735  2721.0  0.03
2736  2721.0  0.03
2737  2721.0  0.03
2738  2721.0  0.03
2739  2721.0  0.03
2740  2721.0  0.03
2741  2721.0  0.03
2742  2721.0  0.03
2743  2721.0  0.03
2744  2721.0  0.03
2745  2721.0  0.03
2746  2721.0  0.03
2747  2721.0  0.03
2748  2721.0  0.03
2749  2721.0  0.03
2750  2721.0  0.03
2751  2721.0  0.03
2752  2721.0  0.03
2753  2721.0  0.03
2754  2721.0  0.03
2755  2721.0  0.03
2756  2721.0  0.03
2757  2721.0  0.03
2758  2721.0  0.03
2759  2721.0  0.03
2760  2721.0  0.03
2761  2721.0  0.03
2762  2721.0  0.03
2763  2721.0  0.03
2764  2721.0  0.03
2765  2721.0  0.03
2766  2721.0  0.03
2767  2721.0  0.03
2768  2721.0  0.03
2769  2721.0  0.03
2770  2721.0  0.03
2771  2721.0  0.03
2772  2721.0  0.03
2773  2721.0  0.03
2774  2721.0  0.03
2775  2721.0  0.03
2776  2721.0  0.03
2777  2721.0  0.03
2778  2721.0  0.03
2779  2721.0  0.03
2780  2721.0  0.03
2781  2721.0  0.03
2782  2721.0  0.03
2783  2721.0  0.03
2784  2721.0  0.03
2785  2721.0  0.03
2786  2721.0  0.03
2787  2721.0  0.03
2788  2721.0  0.03
2789  2721.0  0.03
2790  2721.0  0.03
2791  2721.0  0.03
2792  2721.0  0.03
2793  2721.0  0.03
2794  2721.0  0.03
2795  2721.0  0.03
2796  2721.0  0.03
2797  2721.0  0.03
2798  2721.0  0.03
2799  2721.0  0.03
2800  2721.0  0.03
2801  2721.0  0.03
2802  2721.0  0.03
2803  2721.0  0.03
2804  2721.0  0.03
2805  2721.0  0.03
2806  2721.0  0.03
2807  2721.0  0.03
2808  2721.0  0.03
2809  2721.0  0.03
2810  2721.0  0.03
2811  2721.0  0.03
2812  2721.0  0.03
2813  2721.0  0.03
2814  2721.0  0.03
2815  2721.0  0.03
2816  2721.0  0.03
2817  2721.0  0.03
2818  2721.0  0.03
2819  2721.0  0.03
2820  2721.0  0.03
2821  2721.0  0.03
2822  2721.0  0.03
2823  2721.0  0.03
2824  2721.0  0.03
2825  2721.0  0.03
2826  2721.0  0.03
2827  2721.0  0.03
2828  2721.0  0.03
2829  2721.0  0.03
2830  2721.0  0.03
2831  2721.0  0.03
2832  2721.0  0.03
2833  2721.0  0.03
2834  2721.0  0.03
2835  2721.0  0.03
2836  2721.0  0.03
2837  2721.0  0.03
2838  2721.0  0.03
2839  2721.0  0.03
2840  2721.0  0.03
2841  2721.0  0.03
2842  2721.0  0.03
2843  2721.0  0.03
2844  2721.0  0.03
2845  2721.0  0.03
2846  2721.0  0.03
2847  2721.0  0.03
2848  2721.0  0.03
2849  2721.0  0.03
2850  2721.0  0.03
2851  2721.0  0.03
2852  2721.0  0.03
2853  2721.0  0.03
2854  2721.0  0.03
2855  2721.0  0.03
2856  2721.0  0.03
2857  2721.0  0.03
2858  2721.0  0.03
2859  2721.0  0.03
2860  2721.0  0.03
2861  2721.0  0.03
2862  2721.0  0.03
2863  2721.0  0.03
2864  2721.0  0.03
2865  2721.0  0.03
2866  2721.0  0.03
2867  2721.0  0.03
2868  2721.0  0.03
2869  2721.0  0.03
2870  2721.0  0.03
2871  2721.0  0.03
2872  2721.0  0.03
2873  2721.0  0.03
2874  2721.0  0.03
2875  2721.0  0.03
2876  2721.0  0.03
2877  2721.0  0.03
2878  2721.0  0.03
2879  2721.0  0.03
2880  2721.0  0.03
2881  2721.0  0.03
2882  2721.0  0.03
2883  2721.0  0.03
2884  2721.0  0.03
2885  2721.0  0.03
2886  2721.0  0.03
2887  2721.0  0.03
2888  2721.0  0.03
2889  2721.0  0.03
2890  2721.0  0.03
2891  2721.0  0.03
2892  2721.0  0.03
2893  2721.0  0.03
2894  2721.0  0.03
2895  2721.0  0.03
2896  2721.0  0.03
2897  2721.0  0.03
2898  2721.0  0.03
2899  2721.0  0.03
2900  2721.0  0.03
2901  2721.0  0.03
2902  2721.0  0.03
2903  2721.0  0.03
2904  2721.0  0.03
2905  2721.0  0.03
2906  2721.0  0.03
2907  2721.0  0.03
2908  2721.0  0.03
2909  2721.0  0.03
2910  2721.0  0.03
2911  2721.0  0.03
2912  2721.0  0.03
2913  2721.0  0.03
2914  2721.0  0.03
2915  2721.0  0.03
2916  2721.0  0.03
2917  2721.0  0.03
2918  2721.0  0.03
2919  2721.0  0.03
2920  2721.0  0.03
2921  2721.0  0.03
2922  2721.0  0.03
2923  2721.0  0.03
2924  2721.0  0.03
2925  2721.0  0.03
2926  2721.0  0.03
2927  2721.0  0.03
2928  2721.0  0.03
2929  2721.0  0.03
2930  2721.0  0.03
2931  2721.0  0.03
2932  2721.0  0.03
2933  2721.0  0.03
2934  2721.0  0.03
2935  2721.0  0.03
2936  2721.0  0.03
2937  2721.0  0.03
2938  2721.0  0.03
2939  2721.0  0.03
2940  2721.0  0.03
2941  2721.0  0.03
2942  2721.0  0.03
2943  2721.0  0.03
2944  2721.0  0.03
2945  2721.0  0.03
2946  2721.0  0.03
2947  2721.0  0.03
2948  2721.0  0.03
2949  2721.0  0.03
2950  2721.0  0.03
2951  2721.0  0.03
2952  2721.0  0.03
2953  2721.0  0.03
2954  2721.0  0.03
2955  2721.0  0.03
2956  2721.0  0.03
2957  2721.0  0.03
2958  2721.0  0.03
2959  2721.0  0.03
2960  2721.0  0.03
2961  2721.0  0.03
2962  2721.0  0.03
2963  2721.0  0.03
2964  2721.0  0.03
2965  2721.0  0.03
2966  2721.0  0.03
2967  2721.0  0.03
2968  2721.0  0.03
2969  2721.0  0.03
2970  2721.0  0.03
2971  2721.0  0.03
2972  2721.0  0.03
2973  2721.0  0.03
2974  2721.0  0.03
2975  2721.0  0.03
2976  2721.0  0.03
2977  2721.0  0.03
2978  2721.0  0.03
2979  2721.0  0.03
2980  2721.0  0.03
2981  2721.0  0.03
2982  2721.0  0.03
2983  2721.0  0.03
2984  2721.0  0.03
2985  2721.0  0.03
2986  2721.0  0.03
2987  2721.0  0.03
2988  2721.0  0.03
2989  2721.0  0.03
2990  2721.0  0.03
2991  2721.0  0.03
2992  2721.0  0.03
2993  2721.0  0.03
2994  2721.0  0.03
2995  2721.0  0.03
2996  2721.0  0.03
2997  2721.0  0.03
2998  2721.0  0.03
2999  2721.0  0.03
#[-8, 9, 9, 9, 9, 9, 9, 9, 9, 9]
#[7, 9, 9, 9, 9, 9, 9, 9, 9, 9]
#[7, 9, 9, 9, 9, 9, 9, 9, 9, 9]
#[-4, 6, 9, 9, 9, 9, 9, 9, 9, 9]
#[9, 9, 9, 9, 9, 9, 9, 9, 9, 9]
#[3, 4, 7, 8, 9, 9, 9, 9, 9, 9]
#[9, 9, 9, 9, 9, 9, 9, 9, 9, 9]
#[9, 9, 9, 9, 9, 9, 9, 9, 9, 9]
#[-8, 9, 9, 9, 9, 9, 9, 9, 9, 9]
#Specialization index= [4, 9, 0.125]
