#[4, 6, 5, 9, 5]
#[1, 3, 4, 7, 7]
#[4, 9, 6, 8, 3]
#[5, 2, 7, 5, 4]
#[3, 9, 4, 0, 9]
#[0, 5, 2, 9, 0]
#[7, 4, 6, 5, 4]
#[9, 2, 7, 6, 5]
#[0, 4, 9, 4, 5]
#[7, 8, 1, 2, 5]
#[8, 9, 4, 6, 0]
#[3, 4, 4, 5, 8]
#[3, 1, 8, 6, 7]
#[7, 7, 6, 4, 5]
#[2, 8, 4, 7, 3]
#[9, 8, 6, 2, 4]
#[9, 4, 3, 8, 9]
#[3, 6, 6, 4, 8]
#[9, 1, 4, 8, 1]
#[4, 9, 5, 7, 0]
#[1, 7, 2, 9, 5]
#[0, 6, 8, 4, 2]
#[9, 4, 4, 6, 2]
#[9, 0, 8, 3, 2]
#[5, 8, 7, 8, 6]
0  3383.388125  0.130769230769
1  3391.7451582  0.130769230769
2  3391.55538308  0.130769230769
3  3479.58871094  0.169230769231
4  3488.57535  0.153846153846
5  3487.38145275  0.153846153846
6  3486.7964431  0.153846153846
7  3486.50978837  0.153846153846
8  3486.36932755  0.153846153846
9  3486.30050175  0.153846153846
10  3486.26677711  0.153846153846
11  3486.25025203  0.153846153846
12  3486.24215475  0.153846153846
13  3486.23818708  0.153846153846
14  3486.23624292  0.153846153846
15  3486.23529028  0.153846153846
16  3486.23482349  0.153846153846
17  3486.23459476  0.153846153846
18  3486.23448268  0.153846153846
19  3486.23442776  0.153846153846
20  3486.23440085  0.153846153846
21  3486.23438767  0.153846153846
22  3486.23438121  0.153846153846
23  3486.23437804  0.153846153846
24  3486.23437649  0.153846153846
25  3486.23437573  0.153846153846
26  3486.23437536  0.153846153846
27  3486.23437518  0.153846153846
28  3486.23437509  0.153846153846
29  3486.23437504  0.153846153846
30  3486.23437502  0.153846153846
31  3486.23437501  0.153846153846
32  3486.234375  0.153846153846
33  3486.234375  0.153846153846
34  3486.234375  0.153846153846
35  3486.234375  0.153846153846
36  3486.234375  0.153846153846
37  3632.04491699  0.0923076923077
38  3632.05077161  0.0923076923077
39  3632.05572588  0.0923076923077
40  3632.05980135  0.0923076923077
41  3632.06308636  0.0923076923077
42  3632.06569414  0.0923076923077
43  3632.06773999  0.0923076923077
44  3698.91683594  0.123076923077
45  3699.05264453  0.123076923077
46  3699.1625355  0.123076923077
47  3699.24784658  0.123076923077
48  3699.31206332  0.123076923077
49  3699.35921558  0.123076923077
50  3699.39310476  0.123076923077
51  3699.41698763  0.123076923077
52  3699.43349905  0.123076923077
53  3699.44468941  0.123076923077
54  3699.45210892  0.123076923077
55  3699.45690297  0.123076923077
56  3699.45990149  0.123076923077
57  3699.46169547  0.123076923077
58  3699.46269886  0.123076923077
59  3699.46319689  0.123076923077
60  3699.46338274  0.123076923077
61  3699.46338482  0.123076923077
62  3699.46328656  0.123076923077
63  3699.46314074  0.123076923077
64  3699.46297952  0.123076923077
65  3699.46282151  0.123076923077
66  3699.46267658  0.123076923077
67  3699.46254914  0.123076923077
68  3699.46244032  0.123076923077
69  3699.46234938  0.123076923077
70  3699.46227465  0.123076923077
71  3699.46221402  0.123076923077
72  3699.46216538  0.123076923077
73  3699.46212669  0.123076923077
74  3699.46209615  0.123076923077
75  3699.4620722  0.123076923077
76  3699.46205352  0.123076923077
77  3699.46203901  0.123076923077
78  3699.46202781  0.123076923077
79  3699.46201917  0.123076923077
80  3699.46201255  0.123076923077
81  3699.46200748  0.123076923077
82  3699.46200362  0.123076923077
83  3699.46200067  0.123076923077
84  3699.46199844  0.123076923077
85  3699.46199674  0.123076923077
86  3699.46199546  0.123076923077
87  3699.46199449  0.123076923077
88  3699.46199376  0.123076923077
89  3699.46199321  0.123076923077
90  3699.4619928  0.123076923077
91  3699.46199249  0.123076923077
92  3699.46199226  0.123076923077
93  3699.46199208  0.123076923077
94  3699.46199195  0.123076923077
95  3699.46199185  0.123076923077
96  3699.46199178  0.123076923077
97  3699.46199173  0.123076923077
98  3699.46199169  0.123076923077
99  3699.46199166  0.123076923077
100  3699.46199163  0.123076923077
101  3699.46199162  0.123076923077
102  3699.4619916  0.123076923077
103  3699.46199159  0.123076923077
104  3699.46199159  0.123076923077
105  3699.46199158  0.123076923077
106  3699.46199158  0.123076923077
107  3699.46199158  0.123076923077
108  3699.46199157  0.123076923077
109  3699.46199157  0.123076923077
110  3699.46199157  0.123076923077
111  3699.46199157  0.123076923077
112  3699.46199157  0.123076923077
113  3699.46199157  0.123076923077
114  3699.46199157  0.123076923077
115  3699.46199157  0.123076923077
116  3699.46199157  0.123076923077
117  3699.46199157  0.123076923077
118  3699.46199157  0.123076923077
119  3699.46199157  0.123076923077
120  3699.46199157  0.123076923077
121  3699.46199157  0.123076923077
122  3699.46199157  0.123076923077
123  3699.46199157  0.123076923077
124  3699.46199157  0.123076923077
125  3699.46199157  0.123076923077
126  3699.46199157  0.123076923077
127  3699.46199157  0.123076923077
128  3699.46199157  0.123076923077
129  3699.46199157  0.123076923077
130  3699.46199157  0.123076923077
131  3699.46199157  0.123076923077
132  3699.46199157  0.123076923077
133  3699.46199157  0.123076923077
134  3699.46199157  0.123076923077
135  3699.46199157  0.123076923077
136  3699.46199157  0.123076923077
137  3699.46199157  0.123076923077
138  3699.46199157  0.123076923077
139  3699.46199157  0.123076923077
140  3699.46199157  0.123076923077
141  3699.46199157  0.123076923077
142  3699.46199157  0.123076923077
143  3699.46199157  0.123076923077
144  3699.46199157  0.123076923077
145  3699.46199157  0.123076923077
146  3699.46199157  0.123076923077
147  3699.46199157  0.123076923077
148  3699.46199157  0.123076923077
149  3699.46199157  0.123076923077
150  3699.46199157  0.123076923077
151  3699.46199157  0.123076923077
152  3699.46199157  0.123076923077
153  3699.46199157  0.123076923077
154  3699.46199157  0.123076923077
155  3699.46199157  0.123076923077
156  3699.46199157  0.123076923077
157  3699.46199157  0.123076923077
158  3699.46199157  0.123076923077
159  3699.46199157  0.123076923077
160  3699.46199157  0.123076923077
161  3699.46199157  0.123076923077
162  3699.46199157  0.123076923077
163  3699.46199157  0.123076923077
164  3699.46199157  0.123076923077
165  3699.46199157  0.123076923077
166  3699.46199157  0.123076923077
167  3699.46199157  0.123076923077
168  3699.46199157  0.123076923077
169  3699.46199157  0.123076923077
170  3699.46199157  0.123076923077
171  3699.46199157  0.123076923077
172  3699.46199157  0.123076923077
173  3699.46199157  0.123076923077
174  3699.46199157  0.123076923077
175  3699.46199157  0.123076923077
176  3699.46199157  0.123076923077
177  3699.46199157  0.123076923077
178  3699.46199157  0.123076923077
179  3699.46199157  0.123076923077
180  3699.46199157  0.123076923077
181  3699.46199157  0.123076923077
182  3699.46199157  0.123076923077
183  3699.46199157  0.123076923077
184  3699.46199157  0.123076923077
185  3699.46199157  0.123076923077
186  3699.46199157  0.123076923077
187  3699.46199157  0.123076923077
188  3699.46199157  0.123076923077
189  3699.46199157  0.123076923077
190  3699.46199157  0.123076923077
191  3699.46199157  0.123076923077
192  3699.46199157  0.123076923077
193  3699.46199157  0.123076923077
194  3699.46199157  0.123076923077
195  3699.46199157  0.123076923077
196  3699.46199157  0.123076923077
197  3699.46199157  0.123076923077
198  3699.46199157  0.123076923077
199  3699.46199157  0.123076923077
200  3699.46199157  0.123076923077
201  3699.46199157  0.123076923077
202  3699.46199157  0.123076923077
203  3699.46199157  0.123076923077
204  3699.46199157  0.123076923077
205  3699.46199157  0.123076923077
206  3699.46199157  0.123076923077
207  3699.46199157  0.123076923077
208  3699.46199157  0.123076923077
209  3699.46199157  0.123076923077
210  3699.46199157  0.123076923077
211  3699.46199157  0.123076923077
212  3699.46199157  0.123076923077
213  3699.46199157  0.123076923077
214  3699.46199157  0.123076923077
215  3699.46199157  0.123076923077
216  3699.46199157  0.123076923077
217  3699.46199157  0.123076923077
218  3699.46199157  0.123076923077
219  3699.46199157  0.123076923077
220  3699.46199157  0.123076923077
221  3699.46199157  0.123076923077
222  3699.46199157  0.123076923077
223  3699.46199157  0.123076923077
224  3699.46199157  0.123076923077
225  3699.46199157  0.123076923077
226  3699.46199157  0.123076923077
227  3699.46199157  0.123076923077
228  3699.46199157  0.123076923077
229  3699.46199157  0.123076923077
230  3699.46199157  0.123076923077
231  3699.46199157  0.123076923077
232  3699.46199157  0.123076923077
233  3699.46199157  0.123076923077
234  3699.46199157  0.123076923077
235  3699.46199157  0.123076923077
236  3699.46199157  0.123076923077
237  3699.46199157  0.123076923077
238  3699.46199157  0.123076923077
239  3699.46199157  0.123076923077
240  3699.46199157  0.123076923077
241  3699.46199157  0.123076923077
242  3699.46199157  0.123076923077
243  3699.46199157  0.123076923077
244  3699.46199157  0.123076923077
245  3699.46199157  0.123076923077
246  3699.46199157  0.123076923077
247  3699.46199157  0.123076923077
248  3699.46199157  0.123076923077
249  3699.46199157  0.123076923077
250  3699.46199157  0.123076923077
251  3699.46199157  0.123076923077
252  3699.46199157  0.123076923077
253  3699.46199157  0.123076923077
254  3699.46199157  0.123076923077
255  3699.46199157  0.123076923077
256  3699.46199157  0.123076923077
257  3699.46199157  0.123076923077
258  3699.46199157  0.123076923077
259  3699.46199157  0.123076923077
260  3699.46199157  0.123076923077
261  3699.46199157  0.123076923077
262  3699.46199157  0.123076923077
263  3699.46199157  0.123076923077
264  3699.46199157  0.123076923077
265  3699.46199157  0.123076923077
266  3699.46199157  0.123076923077
267  3699.46199157  0.123076923077
268  3699.46199157  0.123076923077
269  3699.46199157  0.123076923077
270  3699.46199157  0.123076923077
271  3699.46199157  0.123076923077
272  3699.46199157  0.123076923077
273  3699.46199157  0.123076923077
274  3699.46199157  0.123076923077
275  3699.46199157  0.123076923077
276  3699.46199157  0.123076923077
277  3699.46199157  0.123076923077
278  3699.46199157  0.123076923077
279  3699.46199157  0.123076923077
280  3699.46199157  0.123076923077
281  3699.46199157  0.123076923077
282  3699.46199157  0.123076923077
283  3699.46199157  0.123076923077
284  3699.46199157  0.123076923077
285  3699.46199157  0.123076923077
286  3699.46199157  0.123076923077
287  3699.46199157  0.123076923077
288  3699.46199157  0.123076923077
289  3699.46199157  0.123076923077
290  3699.46199157  0.123076923077
291  3699.46199157  0.123076923077
292  3699.46199157  0.123076923077
293  3699.46199157  0.123076923077
294  3699.46199157  0.123076923077
295  3699.46199157  0.123076923077
296  3699.46199157  0.123076923077
297  3699.46199157  0.123076923077
298  3699.46199157  0.123076923077
299  3699.46199157  0.123076923077
300  3699.46199157  0.123076923077
301  3699.46199157  0.123076923077
302  3699.46199157  0.123076923077
303  3699.46199157  0.123076923077
304  3699.46199157  0.123076923077
305  3699.46199157  0.123076923077
306  3699.46199157  0.123076923077
307  3699.46199157  0.123076923077
308  3699.46199157  0.123076923077
309  3699.46199157  0.123076923077
310  3867.40125  0.107692307692
311  3866.868375  0.107692307692
312  3866.4953625  0.107692307692
313  3866.23425375  0.107692307692
314  3866.05147762  0.107692307692
315  3865.92353434  0.107692307692
316  3865.83397404  0.107692307692
317  3865.77128183  0.107692307692
318  3865.72739728  0.107692307692
319  3865.69667809  0.107692307692
320  3865.67517467  0.107692307692
321  3865.66012227  0.107692307692
322  3865.64958559  0.107692307692
323  3865.64220991  0.107692307692
324  3865.63704694  0.107692307692
325  3865.63343286  0.107692307692
326  3865.630903  0.107692307692
327  3865.6291321  0.107692307692
328  3865.62789247  0.107692307692
329  3865.62702473  0.107692307692
330  3865.62641731  0.107692307692
331  3865.62599212  0.107692307692
332  3865.62569448  0.107692307692
333  3865.62548614  0.107692307692
334  3865.6253403  0.107692307692
335  3865.62523821  0.107692307692
336  3865.62516675  0.107692307692
337  3865.62511672  0.107692307692
338  3865.62508171  0.107692307692
339  3865.62505719  0.107692307692
340  3865.62504004  0.107692307692
341  3865.62502802  0.107692307692
342  3865.62501962  0.107692307692
343  3865.62501373  0.107692307692
344  3865.62500961  0.107692307692
345  3865.62500673  0.107692307692
346  3865.62500471  0.107692307692
347  3865.6250033  0.107692307692
348  3865.62500231  0.107692307692
349  3865.62500162  0.107692307692
350  3865.62500113  0.107692307692
351  3865.62500079  0.107692307692
352  3865.62500055  0.107692307692
353  3865.62500039  0.107692307692
354  3865.62500027  0.107692307692
355  3865.62500019  0.107692307692
356  3865.62500013  0.107692307692
357  3865.62500009  0.107692307692
358  3865.62500007  0.107692307692
359  3865.62500005  0.107692307692
360  3865.62500003  0.107692307692
361  3865.62500002  0.107692307692
362  3865.62500002  0.107692307692
363  3865.62500001  0.107692307692
364  3865.62500001  0.107692307692
365  3865.62500001  0.107692307692
366  3865.625  0.107692307692
367  3865.625  0.107692307692
368  3865.625  0.107692307692
369  3865.625  0.107692307692
370  3865.625  0.107692307692
371  3865.625  0.107692307692
372  3865.625  0.107692307692
373  3865.625  0.107692307692
374  3865.625  0.107692307692
375  3865.625  0.107692307692
376  3865.625  0.107692307692
377  3865.625  0.107692307692
378  3865.625  0.107692307692
379  3865.625  0.107692307692
380  3865.625  0.107692307692
381  3865.625  0.107692307692
382  3865.625  0.107692307692
383  3865.625  0.107692307692
384  3865.625  0.107692307692
385  3865.625  0.107692307692
386  3865.625  0.107692307692
387  3865.625  0.107692307692
388  3865.625  0.107692307692
389  3865.625  0.107692307692
390  3865.625  0.107692307692
391  3865.625  0.107692307692
392  3865.625  0.107692307692
393  3865.625  0.107692307692
394  3865.625  0.107692307692
395  3865.625  0.107692307692
396  3865.625  0.107692307692
397  3865.625  0.107692307692
398  3865.625  0.107692307692
399  3865.625  0.107692307692
400  3865.625  0.107692307692
401  3865.625  0.107692307692
402  3865.625  0.107692307692
403  3865.625  0.107692307692
404  3865.625  0.107692307692
405  3865.625  0.107692307692
406  3865.625  0.107692307692
407  3865.625  0.107692307692
408  3865.625  0.107692307692
409  3865.625  0.107692307692
410  3865.625  0.107692307692
411  3865.625  0.107692307692
412  3865.625  0.107692307692
413  3865.625  0.107692307692
414  3865.625  0.107692307692
415  3865.625  0.107692307692
416  3865.625  0.107692307692
417  3865.625  0.107692307692
418  3865.625  0.107692307692
419  3865.625  0.107692307692
420  3865.625  0.107692307692
421  3865.625  0.107692307692
422  3865.625  0.107692307692
423  3865.625  0.107692307692
424  3865.625  0.107692307692
425  3865.625  0.107692307692
426  3865.625  0.107692307692
427  3865.625  0.107692307692
428  3865.625  0.107692307692
429  3865.625  0.107692307692
430  3865.625  0.107692307692
431  3865.625  0.107692307692
432  3865.625  0.107692307692
433  3865.625  0.107692307692
434  3865.625  0.107692307692
435  3865.625  0.107692307692
436  3865.625  0.107692307692
437  3865.625  0.107692307692
438  3865.625  0.107692307692
439  3865.625  0.107692307692
440  3865.625  0.107692307692
441  3865.625  0.107692307692
442  3865.625  0.107692307692
443  3865.625  0.107692307692
444  3865.625  0.107692307692
445  3865.625  0.107692307692
446  3865.625  0.107692307692
447  3865.625  0.107692307692
448  3865.625  0.107692307692
449  3865.625  0.107692307692
450  3865.625  0.107692307692
451  3865.625  0.107692307692
452  3865.625  0.107692307692
453  3865.625  0.107692307692
454  3865.625  0.107692307692
455  3865.625  0.107692307692
456  3865.625  0.107692307692
457  3865.625  0.107692307692
458  3865.625  0.107692307692
459  3865.625  0.107692307692
460  3865.625  0.107692307692
461  3865.625  0.107692307692
462  3865.625  0.107692307692
463  3865.625  0.107692307692
464  3865.625  0.107692307692
465  3865.625  0.107692307692
466  3865.625  0.107692307692
467  3865.625  0.107692307692
468  3865.625  0.107692307692
469  3865.625  0.107692307692
470  3865.625  0.107692307692
471  3865.625  0.107692307692
472  3865.625  0.107692307692
473  3865.625  0.107692307692
474  3865.625  0.107692307692
475  3865.625  0.107692307692
476  3865.625  0.107692307692
477  3865.625  0.107692307692
478  3865.625  0.107692307692
479  3865.625  0.107692307692
480  3865.625  0.107692307692
481  3865.625  0.107692307692
482  3865.625  0.107692307692
483  3865.625  0.107692307692
484  3865.625  0.107692307692
485  3865.625  0.107692307692
486  3865.625  0.107692307692
487  3865.625  0.107692307692
488  3865.625  0.107692307692
489  3865.625  0.107692307692
490  3865.625  0.107692307692
491  3865.625  0.107692307692
492  3865.625  0.107692307692
493  3865.625  0.107692307692
494  3865.625  0.107692307692
495  3865.625  0.107692307692
496  3865.625  0.107692307692
497  3865.625  0.107692307692
498  3865.625  0.107692307692
499  3865.625  0.107692307692
500  3865.625  0.107692307692
501  3865.625  0.107692307692
502  3865.625  0.107692307692
503  3865.625  0.107692307692
504  3865.625  0.107692307692
505  3865.625  0.107692307692
506  3865.625  0.107692307692
507  3865.625  0.107692307692
508  3865.625  0.107692307692
509  3865.625  0.107692307692
510  3865.625  0.107692307692
511  3865.625  0.107692307692
512  3865.625  0.107692307692
513  3865.625  0.107692307692
514  3865.625  0.107692307692
515  3865.625  0.107692307692
516  3865.625  0.107692307692
517  3865.625  0.107692307692
518  3865.625  0.107692307692
519  3865.625  0.107692307692
520  3865.625  0.107692307692
521  3865.625  0.107692307692
522  3865.625  0.107692307692
523  3865.625  0.107692307692
524  3865.625  0.107692307692
525  3865.625  0.107692307692
526  3865.625  0.107692307692
527  3865.625  0.107692307692
528  3865.625  0.107692307692
529  3865.625  0.107692307692
530  3865.625  0.107692307692
531  3865.625  0.107692307692
532  3865.625  0.107692307692
533  3865.625  0.107692307692
534  3865.625  0.107692307692
535  3865.625  0.107692307692
536  3865.625  0.107692307692
537  3865.625  0.107692307692
538  3865.625  0.107692307692
539  3865.625  0.107692307692
540  3865.625  0.107692307692
541  3865.625  0.107692307692
542  3865.625  0.107692307692
543  3865.625  0.107692307692
544  3865.625  0.107692307692
545  3865.625  0.107692307692
546  3865.625  0.107692307692
547  3865.625  0.107692307692
548  3865.625  0.107692307692
549  3865.625  0.107692307692
550  3865.625  0.107692307692
551  3865.625  0.107692307692
552  3865.625  0.107692307692
553  3865.625  0.107692307692
554  3865.625  0.107692307692
555  3865.625  0.107692307692
556  3865.625  0.107692307692
557  3865.625  0.107692307692
558  3865.625  0.107692307692
559  3865.625  0.107692307692
560  3865.625  0.107692307692
561  3865.625  0.107692307692
562  3865.625  0.107692307692
563  3865.625  0.107692307692
564  3865.625  0.107692307692
565  3865.625  0.107692307692
566  3865.625  0.107692307692
567  3865.625  0.107692307692
568  3865.625  0.107692307692
569  3865.625  0.107692307692
570  3865.625  0.107692307692
571  3865.625  0.107692307692
572  3865.625  0.107692307692
573  3865.625  0.107692307692
574  3865.625  0.107692307692
575  3865.625  0.107692307692
576  3865.625  0.107692307692
577  3865.625  0.107692307692
578  3865.625  0.107692307692
579  3865.625  0.107692307692
580  3865.625  0.107692307692
581  3865.625  0.107692307692
582  3865.625  0.107692307692
583  3865.625  0.107692307692
584  3865.625  0.107692307692
585  3865.625  0.107692307692
586  3865.625  0.107692307692
587  3865.625  0.107692307692
588  3865.625  0.107692307692
589  3865.625  0.107692307692
590  3865.625  0.107692307692
591  3865.625  0.107692307692
592  3865.625  0.107692307692
593  3865.625  0.107692307692
594  3865.625  0.107692307692
595  3865.625  0.107692307692
596  3865.625  0.107692307692
597  3865.625  0.107692307692
598  3865.625  0.107692307692
599  3865.625  0.107692307692
600  3865.625  0.107692307692
601  3865.625  0.107692307692
602  3865.625  0.107692307692
603  3865.625  0.107692307692
604  3865.625  0.107692307692
605  3865.625  0.107692307692
606  3865.625  0.107692307692
607  3865.625  0.107692307692
608  3865.625  0.107692307692
609  3865.625  0.107692307692
610  3865.625  0.107692307692
611  3865.625  0.107692307692
612  3865.625  0.107692307692
613  3865.625  0.107692307692
614  3865.625  0.107692307692
615  3865.625  0.107692307692
616  3865.625  0.107692307692
617  3865.625  0.107692307692
618  3865.625  0.107692307692
619  3865.625  0.107692307692
620  3865.625  0.107692307692
621  3865.625  0.107692307692
622  3865.625  0.107692307692
623  3865.625  0.107692307692
624  3865.625  0.107692307692
625  3865.625  0.107692307692
626  3865.625  0.107692307692
627  3865.625  0.107692307692
628  3865.625  0.107692307692
629  3865.625  0.107692307692
630  3865.625  0.107692307692
631  3865.625  0.107692307692
632  3865.625  0.107692307692
633  3865.625  0.107692307692
634  3865.625  0.107692307692
635  3865.625  0.107692307692
636  3865.625  0.107692307692
637  3865.625  0.107692307692
638  3865.625  0.107692307692
639  3865.625  0.107692307692
640  3865.625  0.107692307692
641  3865.625  0.107692307692
642  3865.625  0.107692307692
643  3865.625  0.107692307692
644  3865.625  0.107692307692
645  3865.625  0.107692307692
646  3865.625  0.107692307692
647  3865.625  0.107692307692
648  3865.625  0.107692307692
649  3865.625  0.107692307692
650  3865.625  0.107692307692
651  3865.625  0.107692307692
652  3865.625  0.107692307692
653  3865.625  0.107692307692
654  3865.625  0.107692307692
655  3865.625  0.107692307692
656  3865.625  0.107692307692
657  3865.625  0.107692307692
658  3865.625  0.107692307692
659  3865.625  0.107692307692
660  3865.625  0.107692307692
661  3865.625  0.107692307692
662  3865.625  0.107692307692
663  3865.625  0.107692307692
664  3865.625  0.107692307692
665  3865.625  0.107692307692
666  3865.625  0.107692307692
667  3865.625  0.107692307692
668  3865.625  0.107692307692
669  3865.625  0.107692307692
670  3865.625  0.107692307692
671  3865.625  0.107692307692
672  3865.625  0.107692307692
673  3865.625  0.107692307692
674  3865.625  0.107692307692
675  3865.625  0.107692307692
676  3865.625  0.107692307692
677  3865.625  0.107692307692
678  3865.625  0.107692307692
679  3865.625  0.107692307692
680  3865.625  0.107692307692
681  3865.625  0.107692307692
682  3865.625  0.107692307692
683  3865.625  0.107692307692
684  3865.625  0.107692307692
685  3865.625  0.107692307692
686  3865.625  0.107692307692
687  3865.625  0.107692307692
688  3865.625  0.107692307692
689  3865.625  0.107692307692
690  3865.625  0.107692307692
691  3865.625  0.107692307692
692  3865.625  0.107692307692
693  3865.625  0.107692307692
694  3865.625  0.107692307692
695  3865.625  0.107692307692
696  3865.625  0.107692307692
697  3865.625  0.107692307692
698  3865.625  0.107692307692
699  3865.625  0.107692307692
700  3865.625  0.107692307692
701  3865.625  0.107692307692
702  3865.625  0.107692307692
703  3865.625  0.107692307692
704  3865.625  0.107692307692
705  3865.625  0.107692307692
706  3865.625  0.107692307692
707  3865.625  0.107692307692
708  3865.625  0.107692307692
709  3865.625  0.107692307692
710  3865.625  0.107692307692
711  3865.625  0.107692307692
712  3865.625  0.107692307692
713  3865.625  0.107692307692
714  3865.625  0.107692307692
715  3865.625  0.107692307692
716  3865.625  0.107692307692
717  3865.625  0.107692307692
718  3865.625  0.107692307692
719  3865.625  0.107692307692
720  3865.625  0.107692307692
721  3865.625  0.107692307692
722  3865.625  0.107692307692
723  3865.625  0.107692307692
724  3865.625  0.107692307692
725  3865.625  0.107692307692
726  3865.625  0.107692307692
727  3865.625  0.107692307692
728  3865.625  0.107692307692
729  3865.625  0.107692307692
730  3865.625  0.107692307692
731  3865.625  0.107692307692
732  3865.625  0.107692307692
733  3865.625  0.107692307692
734  3865.625  0.107692307692
735  3865.625  0.107692307692
736  3865.625  0.107692307692
737  3865.625  0.107692307692
738  3865.625  0.107692307692
739  3865.625  0.107692307692
740  3865.625  0.107692307692
741  3865.625  0.107692307692
742  3865.625  0.107692307692
743  3865.625  0.107692307692
744  3865.625  0.107692307692
745  3865.625  0.107692307692
746  3865.625  0.107692307692
747  3865.625  0.107692307692
748  3865.625  0.107692307692
749  3865.625  0.107692307692
750  3865.625  0.107692307692
751  3865.625  0.107692307692
752  3865.625  0.107692307692
753  3865.625  0.107692307692
754  3865.625  0.107692307692
755  3865.625  0.107692307692
756  3865.625  0.107692307692
757  3734.5859375  0.0538461538462
758  3734.5859375  0.0538461538462
759  3734.5859375  0.0538461538462
760  3734.5859375  0.0538461538462
761  3734.5859375  0.0538461538462
762  3734.5859375  0.0538461538462
763  3734.5859375  0.0538461538462
764  3734.5859375  0.0538461538462
765  3734.5859375  0.0538461538462
766  3734.5859375  0.0538461538462
767  3734.5859375  0.0538461538462
768  3734.5859375  0.0538461538462
769  3734.5859375  0.0538461538462
770  3734.5859375  0.0538461538462
771  3734.5859375  0.0538461538462
772  3734.5859375  0.0538461538462
773  3734.5859375  0.0538461538462
774  3734.5859375  0.0538461538462
775  3841.35851562  0.0615384615385
776  3840.36971094  0.0615384615385
777  3839.67754766  0.0615384615385
778  3839.19303336  0.0615384615385
779  3838.85387335  0.0615384615385
780  3838.61646135  0.0615384615385
781  3838.45027294  0.0615384615385
782  3838.33394106  0.0615384615385
783  3838.25250874  0.0615384615385
784  3838.19550612  0.0615384615385
785  3838.15560428  0.0615384615385
786  3838.127673  0.0615384615385
787  3838.1081211  0.0615384615385
788  3838.09443477  0.0615384615385
789  3838.08485434  0.0615384615385
790  3838.07814804  0.0615384615385
791  3838.07345363  0.0615384615385
792  3838.07016754  0.0615384615385
793  3838.06786728  0.0615384615385
794  3838.06625709  0.0615384615385
795  3838.06512997  0.0615384615385
796  3838.06434098  0.0615384615385
797  3838.06378868  0.0615384615385
798  3838.06340208  0.0615384615385
799  3838.06313145  0.0615384615385
800  3838.06294202  0.0615384615385
801  3838.06280941  0.0615384615385
802  3838.06271659  0.0615384615385
803  3838.06265161  0.0615384615385
804  3838.06260613  0.0615384615385
805  3838.06257429  0.0615384615385
806  3838.062552  0.0615384615385
807  3838.0625364  0.0615384615385
808  3838.06252548  0.0615384615385
809  3838.06251784  0.0615384615385
810  3838.06251249  0.0615384615385
811  3838.06250874  0.0615384615385
812  3838.06250612  0.0615384615385
813  3838.06250428  0.0615384615385
814  3838.062503  0.0615384615385
815  3838.0625021  0.0615384615385
816  3838.06250147  0.0615384615385
817  3838.06250103  0.0615384615385
818  3838.06250072  0.0615384615385
819  3838.0625005  0.0615384615385
820  3838.06250035  0.0615384615385
821  3838.06250025  0.0615384615385
822  3838.06250017  0.0615384615385
823  3838.06250012  0.0615384615385
824  3838.06250008  0.0615384615385
825  3838.06250006  0.0615384615385
826  3838.06250004  0.0615384615385
827  3838.06250003  0.0615384615385
828  3838.06250002  0.0615384615385
829  3838.06250001  0.0615384615385
830  3838.06250001  0.0615384615385
831  3838.06250001  0.0615384615385
832  3838.0625  0.0615384615385
833  3838.0625  0.0615384615385
834  3838.0625  0.0615384615385
835  3838.0625  0.0615384615385
836  3838.0625  0.0615384615385
837  3838.0625  0.0615384615385
838  3838.0625  0.0615384615385
839  3838.0625  0.0615384615385
840  3838.0625  0.0615384615385
841  3838.0625  0.0615384615385
842  3838.0625  0.0615384615385
843  3838.0625  0.0615384615385
844  3838.0625  0.0615384615385
845  3838.0625  0.0615384615385
846  3838.0625  0.0615384615385
847  3838.0625  0.0615384615385
848  3838.0625  0.0615384615385
849  3838.0625  0.0615384615385
850  3838.0625  0.0615384615385
851  3838.0625  0.0615384615385
852  3838.0625  0.0615384615385
853  3838.0625  0.0615384615385
854  3838.0625  0.0615384615385
855  3838.0625  0.0615384615385
856  3838.0625  0.0615384615385
857  3838.0625  0.0615384615385
858  3838.0625  0.0615384615385
859  3838.0625  0.0615384615385
860  3838.0625  0.0615384615385
861  3838.0625  0.0615384615385
862  3838.0625  0.0615384615385
863  3838.0625  0.0615384615385
864  3838.0625  0.0615384615385
865  3838.0625  0.0615384615385
866  3838.0625  0.0615384615385
867  3838.0625  0.0615384615385
868  3838.0625  0.0615384615385
869  3838.0625  0.0615384615385
870  3838.0625  0.0615384615385
871  3838.0625  0.0615384615385
872  3838.0625  0.0615384615385
873  3838.0625  0.0615384615385
874  3838.0625  0.0615384615385
875  3838.0625  0.0615384615385
876  3838.0625  0.0615384615385
877  3838.0625  0.0615384615385
878  3838.0625  0.0615384615385
879  3838.0625  0.0615384615385
880  3838.0625  0.0615384615385
881  3838.0625  0.0615384615385
882  3838.0625  0.0615384615385
883  3838.0625  0.0615384615385
884  3838.0625  0.0615384615385
885  3838.0625  0.0615384615385
886  3838.0625  0.0615384615385
887  3838.0625  0.0615384615385
888  3838.0625  0.0615384615385
889  3838.0625  0.0615384615385
890  3838.0625  0.0615384615385
891  3838.0625  0.0615384615385
892  3838.0625  0.0615384615385
893  3838.0625  0.0615384615385
894  3838.0625  0.0615384615385
895  3838.0625  0.0615384615385
896  3838.0625  0.0615384615385
897  3838.0625  0.0615384615385
898  3838.0625  0.0615384615385
899  3838.0625  0.0615384615385
900  3838.0625  0.0615384615385
901  3838.0625  0.0615384615385
902  3838.0625  0.0615384615385
903  3838.0625  0.0615384615385
904  3838.0625  0.0615384615385
905  3838.0625  0.0615384615385
906  3838.0625  0.0615384615385
907  3838.0625  0.0615384615385
908  3838.0625  0.0615384615385
909  3838.0625  0.0615384615385
910  3838.0625  0.0615384615385
911  3838.0625  0.0615384615385
912  3838.0625  0.0615384615385
913  3838.0625  0.0615384615385
914  3838.0625  0.0615384615385
915  3838.0625  0.0615384615385
916  3838.0625  0.0615384615385
917  3838.0625  0.0615384615385
918  3838.0625  0.0615384615385
919  3838.0625  0.0615384615385
920  3838.0625  0.0615384615385
921  3838.0625  0.0615384615385
922  3838.0625  0.0615384615385
923  3838.0625  0.0615384615385
924  3838.0625  0.0615384615385
925  3838.0625  0.0615384615385
926  3838.0625  0.0615384615385
927  3838.0625  0.0615384615385
928  3838.0625  0.0615384615385
929  3838.0625  0.0615384615385
930  3838.0625  0.0615384615385
931  3838.0625  0.0615384615385
932  3838.0625  0.0615384615385
933  3838.0625  0.0615384615385
934  3838.0625  0.0615384615385
935  3838.0625  0.0615384615385
936  3838.0625  0.0615384615385
937  3838.0625  0.0615384615385
938  3838.0625  0.0615384615385
939  3838.0625  0.0615384615385
940  3838.0625  0.0615384615385
941  3838.0625  0.0615384615385
942  3838.0625  0.0615384615385
943  3838.0625  0.0615384615385
944  3838.0625  0.0615384615385
945  3838.0625  0.0615384615385
946  3838.0625  0.0615384615385
947  3838.0625  0.0615384615385
948  3838.0625  0.0615384615385
949  3838.0625  0.0615384615385
950  3838.0625  0.0615384615385
951  3838.0625  0.0615384615385
952  3838.0625  0.0615384615385
953  3838.0625  0.0615384615385
954  3838.0625  0.0615384615385
955  3838.0625  0.0615384615385
956  3838.0625  0.0615384615385
957  3838.0625  0.0615384615385
958  3838.0625  0.0615384615385
959  3838.0625  0.0615384615385
960  3838.0625  0.0615384615385
961  3838.0625  0.0615384615385
962  3838.0625  0.0615384615385
963  3838.0625  0.0615384615385
964  3838.0625  0.0615384615385
965  3838.0625  0.0615384615385
966  3838.0625  0.0615384615385
967  3838.0625  0.0615384615385
968  3838.0625  0.0615384615385
969  3838.0625  0.0615384615385
970  3838.0625  0.0615384615385
971  3838.0625  0.0615384615385
972  3838.0625  0.0615384615385
973  3838.0625  0.0615384615385
974  3838.0625  0.0615384615385
975  3838.0625  0.0615384615385
976  3838.0625  0.0615384615385
977  3838.0625  0.0615384615385
978  3838.0625  0.0615384615385
979  3838.0625  0.0615384615385
980  3838.0625  0.0615384615385
981  3838.0625  0.0615384615385
982  3838.0625  0.0615384615385
983  3838.0625  0.0615384615385
984  3838.0625  0.0615384615385
985  3838.0625  0.0615384615385
986  3838.0625  0.0615384615385
987  3838.0625  0.0615384615385
988  3838.0625  0.0615384615385
989  3838.0625  0.0615384615385
990  3838.0625  0.0615384615385
991  3838.0625  0.0615384615385
992  3838.0625  0.0615384615385
993  3838.0625  0.0615384615385
994  3838.0625  0.0615384615385
995  3838.0625  0.0615384615385
996  3838.0625  0.0615384615385
997  3838.0625  0.0615384615385
998  3838.0625  0.0615384615385
999  3838.0625  0.0615384615385
1000  3838.0625  0.0615384615385
1001  3838.0625  0.0615384615385
1002  3838.0625  0.0615384615385
1003  3838.0625  0.0615384615385
1004  3838.0625  0.0615384615385
1005  3838.0625  0.0615384615385
1006  3838.0625  0.0615384615385
1007  3838.0625  0.0615384615385
1008  3838.0625  0.0615384615385
1009  3838.0625  0.0615384615385
1010  3838.0625  0.0615384615385
1011  3838.0625  0.0615384615385
1012  3838.0625  0.0615384615385
1013  3838.0625  0.0615384615385
1014  3838.0625  0.0615384615385
1015  3838.0625  0.0615384615385
1016  3838.0625  0.0615384615385
1017  3838.0625  0.0615384615385
1018  3838.0625  0.0615384615385
1019  3838.0625  0.0615384615385
1020  3838.0625  0.0615384615385
1021  3838.0625  0.0615384615385
1022  3838.0625  0.0615384615385
1023  3838.0625  0.0615384615385
1024  3838.0625  0.0615384615385
1025  3838.0625  0.0615384615385
1026  3838.0625  0.0615384615385
1027  3838.0625  0.0615384615385
1028  3838.0625  0.0615384615385
1029  3838.0625  0.0615384615385
1030  3838.0625  0.0615384615385
1031  3838.0625  0.0615384615385
1032  3838.0625  0.0615384615385
1033  3838.0625  0.0615384615385
1034  3838.0625  0.0615384615385
1035  3838.0625  0.0615384615385
1036  3838.0625  0.0615384615385
1037  3838.0625  0.0615384615385
1038  3838.0625  0.0615384615385
1039  3838.0625  0.0615384615385
1040  3838.0625  0.0615384615385
1041  3838.0625  0.0615384615385
1042  3838.0625  0.0615384615385
1043  3838.0625  0.0615384615385
1044  3838.0625  0.0615384615385
1045  3838.0625  0.0615384615385
1046  3838.0625  0.0615384615385
1047  3838.0625  0.0615384615385
1048  3838.0625  0.0615384615385
1049  3838.0625  0.0615384615385
1050  3838.0625  0.0615384615385
1051  3838.0625  0.0615384615385
1052  3838.0625  0.0615384615385
1053  3838.0625  0.0615384615385
1054  3838.0625  0.0615384615385
1055  3838.0625  0.0615384615385
1056  3838.0625  0.0615384615385
1057  3838.0625  0.0615384615385
1058  3838.0625  0.0615384615385
1059  3838.0625  0.0615384615385
1060  3838.0625  0.0615384615385
1061  3838.0625  0.0615384615385
1062  3838.0625  0.0615384615385
1063  3838.0625  0.0615384615385
1064  3838.0625  0.0615384615385
1065  3838.0625  0.0615384615385
1066  3838.0625  0.0615384615385
1067  3838.0625  0.0615384615385
1068  3838.0625  0.0615384615385
1069  3838.0625  0.0615384615385
1070  3838.0625  0.0615384615385
1071  3838.0625  0.0615384615385
1072  3838.0625  0.0615384615385
1073  3838.0625  0.0615384615385
1074  3838.0625  0.0615384615385
1075  3838.0625  0.0615384615385
1076  3838.0625  0.0615384615385
1077  3838.0625  0.0615384615385
1078  3838.0625  0.0615384615385
1079  3838.0625  0.0615384615385
1080  3838.0625  0.0615384615385
1081  3838.0625  0.0615384615385
1082  3838.0625  0.0615384615385
1083  3838.0625  0.0615384615385
1084  3838.0625  0.0615384615385
1085  3838.0625  0.0615384615385
1086  3838.0625  0.0615384615385
1087  3838.0625  0.0615384615385
1088  3838.0625  0.0615384615385
1089  3838.0625  0.0615384615385
1090  3838.0625  0.0615384615385
1091  3838.0625  0.0615384615385
1092  3838.0625  0.0615384615385
1093  3838.0625  0.0615384615385
1094  3838.0625  0.0615384615385
1095  3838.0625  0.0615384615385
1096  3838.0625  0.0615384615385
1097  3838.0625  0.0615384615385
1098  3838.0625  0.0615384615385
1099  3838.0625  0.0615384615385
1100  3838.0625  0.0615384615385
1101  3838.0625  0.0615384615385
1102  3838.0625  0.0615384615385
1103  3838.0625  0.0615384615385
1104  3838.0625  0.0615384615385
1105  3838.0625  0.0615384615385
1106  3838.0625  0.0615384615385
1107  3838.0625  0.0615384615385
1108  3838.0625  0.0615384615385
1109  3838.0625  0.0615384615385
1110  3838.0625  0.0615384615385
1111  3838.0625  0.0615384615385
1112  3838.0625  0.0615384615385
1113  3838.0625  0.0615384615385
1114  3838.0625  0.0615384615385
1115  3838.0625  0.0615384615385
1116  3838.0625  0.0615384615385
1117  3838.0625  0.0615384615385
1118  3838.0625  0.0615384615385
1119  3838.0625  0.0615384615385
1120  3838.0625  0.0615384615385
1121  3838.0625  0.0615384615385
1122  3838.0625  0.0615384615385
1123  3838.0625  0.0615384615385
1124  3838.0625  0.0615384615385
1125  3838.0625  0.0615384615385
1126  3838.0625  0.0615384615385
1127  3838.0625  0.0615384615385
1128  3838.0625  0.0615384615385
1129  3838.0625  0.0615384615385
1130  3838.0625  0.0615384615385
1131  3838.0625  0.0615384615385
1132  3838.0625  0.0615384615385
1133  3838.0625  0.0615384615385
1134  3838.0625  0.0615384615385
1135  3838.0625  0.0615384615385
1136  3838.0625  0.0615384615385
1137  3838.0625  0.0615384615385
1138  3838.0625  0.0615384615385
1139  3838.0625  0.0615384615385
1140  3838.0625  0.0615384615385
1141  3838.0625  0.0615384615385
1142  3838.0625  0.0615384615385
1143  3838.0625  0.0615384615385
1144  3838.0625  0.0615384615385
1145  3838.0625  0.0615384615385
1146  3838.0625  0.0615384615385
1147  3838.0625  0.0615384615385
1148  3838.0625  0.0615384615385
1149  3838.0625  0.0615384615385
1150  3838.0625  0.0615384615385
1151  3838.0625  0.0615384615385
1152  3838.0625  0.0615384615385
1153  3838.0625  0.0615384615385
1154  3838.0625  0.0615384615385
1155  3838.0625  0.0615384615385
1156  3838.0625  0.0615384615385
1157  3838.0625  0.0615384615385
1158  3838.0625  0.0615384615385
1159  3838.0625  0.0615384615385
1160  3838.0625  0.0615384615385
1161  3838.0625  0.0615384615385
1162  3838.0625  0.0615384615385
1163  3838.0625  0.0615384615385
1164  3838.0625  0.0615384615385
1165  3838.0625  0.0615384615385
1166  3838.0625  0.0615384615385
1167  3838.0625  0.0615384615385
1168  3838.0625  0.0615384615385
1169  3838.0625  0.0615384615385
1170  3838.0625  0.0615384615385
1171  3838.0625  0.0615384615385
1172  3838.0625  0.0615384615385
1173  3838.0625  0.0615384615385
1174  3838.0625  0.0615384615385
1175  3838.0625  0.0615384615385
1176  3838.0625  0.0615384615385
1177  3838.0625  0.0615384615385
1178  3838.0625  0.0615384615385
1179  3838.0625  0.0615384615385
1180  3838.0625  0.0615384615385
1181  3838.0625  0.0615384615385
1182  3838.0625  0.0615384615385
1183  3838.0625  0.0615384615385
1184  3838.0625  0.0615384615385
1185  3838.0625  0.0615384615385
1186  3838.0625  0.0615384615385
1187  3838.0625  0.0615384615385
1188  3838.0625  0.0615384615385
1189  3838.0625  0.0615384615385
1190  3838.0625  0.0615384615385
1191  3838.0625  0.0615384615385
1192  3838.0625  0.0615384615385
1193  3838.0625  0.0615384615385
1194  3838.0625  0.0615384615385
1195  3838.0625  0.0615384615385
1196  3838.0625  0.0615384615385
1197  3838.0625  0.0615384615385
1198  3838.0625  0.0615384615385
1199  3838.0625  0.0615384615385
1200  3838.0625  0.0615384615385
1201  3838.0625  0.0615384615385
1202  3838.0625  0.0615384615385
1203  3838.0625  0.0615384615385
1204  3838.0625  0.0615384615385
1205  3838.0625  0.0615384615385
1206  3838.0625  0.0615384615385
1207  3838.0625  0.0615384615385
1208  3838.0625  0.0615384615385
1209  3838.0625  0.0615384615385
1210  3838.0625  0.0615384615385
1211  3838.0625  0.0615384615385
1212  3838.0625  0.0615384615385
1213  3838.0625  0.0615384615385
1214  3838.0625  0.0615384615385
1215  3838.0625  0.0615384615385
1216  3838.0625  0.0615384615385
1217  3838.0625  0.0615384615385
1218  3838.0625  0.0615384615385
1219  3838.0625  0.0615384615385
1220  3838.0625  0.0615384615385
1221  3838.0625  0.0615384615385
1222  3838.0625  0.0615384615385
1223  3838.0625  0.0615384615385
1224  3838.0625  0.0615384615385
1225  3838.0625  0.0615384615385
1226  3838.0625  0.0615384615385
1227  3838.0625  0.0615384615385
1228  3838.0625  0.0615384615385
1229  3838.0625  0.0615384615385
1230  3838.0625  0.0615384615385
1231  3838.0625  0.0615384615385
1232  3838.0625  0.0615384615385
1233  3838.0625  0.0615384615385
1234  3838.0625  0.0615384615385
1235  3838.0625  0.0615384615385
1236  3838.0625  0.0615384615385
1237  3838.0625  0.0615384615385
1238  3838.0625  0.0615384615385
1239  3838.0625  0.0615384615385
1240  3838.0625  0.0615384615385
1241  3838.0625  0.0615384615385
1242  3838.0625  0.0615384615385
1243  3838.0625  0.0615384615385
1244  3838.0625  0.0615384615385
1245  3838.0625  0.0615384615385
1246  3838.0625  0.0615384615385
1247  3838.0625  0.0615384615385
1248  3838.0625  0.0615384615385
1249  3838.0625  0.0615384615385
1250  3838.0625  0.0615384615385
1251  3838.0625  0.0615384615385
1252  3838.0625  0.0615384615385
1253  3838.0625  0.0615384615385
1254  3838.0625  0.0615384615385
1255  3838.0625  0.0615384615385
1256  3838.0625  0.0615384615385
1257  3838.0625  0.0615384615385
1258  3838.0625  0.0615384615385
1259  3838.0625  0.0615384615385
1260  3838.0625  0.0615384615385
1261  3838.0625  0.0615384615385
1262  3838.0625  0.0615384615385
1263  3838.0625  0.0615384615385
1264  3838.0625  0.0615384615385
1265  3838.0625  0.0615384615385
1266  3838.0625  0.0615384615385
1267  3838.0625  0.0615384615385
1268  3838.0625  0.0615384615385
1269  3838.0625  0.0615384615385
1270  3838.0625  0.0615384615385
1271  3838.0625  0.0615384615385
1272  3838.0625  0.0615384615385
1273  3838.0625  0.0615384615385
1274  3838.0625  0.0615384615385
1275  3838.0625  0.0615384615385
1276  3838.0625  0.0615384615385
1277  3838.0625  0.0615384615385
1278  3838.0625  0.0615384615385
1279  3838.0625  0.0615384615385
1280  3838.0625  0.0615384615385
1281  3838.0625  0.0615384615385
1282  3838.0625  0.0615384615385
1283  3838.0625  0.0615384615385
1284  3838.0625  0.0615384615385
1285  3838.0625  0.0615384615385
1286  3838.0625  0.0615384615385
1287  3838.0625  0.0615384615385
1288  3838.0625  0.0615384615385
1289  3838.0625  0.0615384615385
1290  3838.0625  0.0615384615385
1291  3838.0625  0.0615384615385
1292  3838.0625  0.0615384615385
1293  3838.0625  0.0615384615385
1294  3838.0625  0.0615384615385
1295  3838.0625  0.0615384615385
1296  3838.0625  0.0615384615385
1297  3838.0625  0.0615384615385
1298  3838.0625  0.0615384615385
1299  3838.0625  0.0615384615385
1300  3838.0625  0.0615384615385
1301  3838.0625  0.0615384615385
1302  3838.0625  0.0615384615385
1303  3838.0625  0.0615384615385
1304  3838.0625  0.0615384615385
1305  3838.0625  0.0615384615385
1306  3838.0625  0.0615384615385
1307  3838.0625  0.0615384615385
1308  3838.0625  0.0615384615385
1309  3838.0625  0.0615384615385
1310  3838.0625  0.0615384615385
1311  3838.0625  0.0615384615385
1312  3838.0625  0.0615384615385
1313  3838.0625  0.0615384615385
1314  3838.0625  0.0615384615385
1315  3838.0625  0.0615384615385
1316  3838.0625  0.0615384615385
1317  3838.0625  0.0615384615385
1318  3838.0625  0.0615384615385
1319  3838.0625  0.0615384615385
1320  3838.0625  0.0615384615385
1321  3838.0625  0.0615384615385
1322  3838.0625  0.0615384615385
1323  3838.0625  0.0615384615385
1324  3838.0625  0.0615384615385
1325  3838.0625  0.0615384615385
1326  3838.0625  0.0615384615385
1327  3838.0625  0.0615384615385
1328  3838.0625  0.0615384615385
1329  3838.0625  0.0615384615385
1330  3838.0625  0.0615384615385
1331  3838.0625  0.0615384615385
1332  3838.0625  0.0615384615385
1333  3838.0625  0.0615384615385
1334  3838.0625  0.0615384615385
1335  3838.0625  0.0615384615385
1336  3838.0625  0.0615384615385
1337  3838.0625  0.0615384615385
1338  3838.0625  0.0615384615385
1339  3838.0625  0.0615384615385
1340  3838.0625  0.0615384615385
1341  3838.0625  0.0615384615385
1342  3838.0625  0.0615384615385
1343  3838.0625  0.0615384615385
1344  3838.0625  0.0615384615385
1345  3838.0625  0.0615384615385
1346  3838.0625  0.0615384615385
1347  3838.0625  0.0615384615385
1348  3838.0625  0.0615384615385
1349  3838.0625  0.0615384615385
1350  3838.0625  0.0615384615385
1351  3838.0625  0.0615384615385
1352  3838.0625  0.0615384615385
1353  3838.0625  0.0615384615385
1354  3838.0625  0.0615384615385
1355  3838.0625  0.0615384615385
1356  3838.0625  0.0615384615385
1357  3838.0625  0.0615384615385
1358  3838.0625  0.0615384615385
1359  3838.0625  0.0615384615385
1360  3838.0625  0.0615384615385
1361  3838.0625  0.0615384615385
1362  3838.0625  0.0615384615385
1363  3838.0625  0.0615384615385
1364  3838.0625  0.0615384615385
1365  3838.0625  0.0615384615385
1366  3838.0625  0.0615384615385
1367  3838.0625  0.0615384615385
1368  3838.0625  0.0615384615385
1369  3838.0625  0.0615384615385
1370  3838.0625  0.0615384615385
1371  3838.0625  0.0615384615385
1372  3838.0625  0.0615384615385
1373  3838.0625  0.0615384615385
1374  3838.0625  0.0615384615385
1375  3838.0625  0.0615384615385
1376  3838.0625  0.0615384615385
1377  3838.0625  0.0615384615385
1378  3838.0625  0.0615384615385
1379  3838.0625  0.0615384615385
1380  3838.0625  0.0615384615385
1381  3838.0625  0.0615384615385
1382  3838.0625  0.0615384615385
1383  3838.0625  0.0615384615385
1384  3838.0625  0.0615384615385
1385  3838.0625  0.0615384615385
1386  3838.0625  0.0615384615385
1387  3838.0625  0.0615384615385
1388  3838.0625  0.0615384615385
1389  3838.0625  0.0615384615385
1390  3838.0625  0.0615384615385
1391  3838.0625  0.0615384615385
1392  3838.0625  0.0615384615385
1393  3838.0625  0.0615384615385
1394  3838.0625  0.0615384615385
1395  3838.0625  0.0615384615385
1396  3838.0625  0.0615384615385
1397  3838.0625  0.0615384615385
1398  3838.0625  0.0615384615385
1399  3838.0625  0.0615384615385
1400  3838.0625  0.0615384615385
1401  3838.0625  0.0615384615385
1402  3838.0625  0.0615384615385
1403  3838.0625  0.0615384615385
1404  3838.0625  0.0615384615385
1405  3838.0625  0.0615384615385
1406  3838.0625  0.0615384615385
1407  3838.0625  0.0615384615385
1408  3838.0625  0.0615384615385
1409  3838.0625  0.0615384615385
1410  3838.0625  0.0615384615385
1411  3838.0625  0.0615384615385
1412  3838.0625  0.0615384615385
1413  3838.0625  0.0615384615385
1414  3838.0625  0.0615384615385
1415  3838.0625  0.0615384615385
1416  3838.0625  0.0615384615385
1417  3838.0625  0.0615384615385
1418  3838.0625  0.0615384615385
1419  3838.0625  0.0615384615385
1420  3838.0625  0.0615384615385
1421  3838.0625  0.0615384615385
1422  3838.0625  0.0615384615385
1423  3838.0625  0.0615384615385
1424  3838.0625  0.0615384615385
1425  3838.0625  0.0615384615385
1426  3838.0625  0.0615384615385
1427  3838.0625  0.0615384615385
1428  3838.0625  0.0615384615385
1429  3838.0625  0.0615384615385
1430  3838.0625  0.0615384615385
1431  3838.0625  0.0615384615385
1432  3838.0625  0.0615384615385
1433  3838.0625  0.0615384615385
1434  3838.0625  0.0615384615385
1435  3838.0625  0.0615384615385
1436  3838.0625  0.0615384615385
1437  3838.0625  0.0615384615385
1438  3838.0625  0.0615384615385
1439  3838.0625  0.0615384615385
1440  3838.0625  0.0615384615385
1441  3838.0625  0.0615384615385
1442  3838.0625  0.0615384615385
1443  3838.0625  0.0615384615385
1444  3838.0625  0.0615384615385
1445  3838.0625  0.0615384615385
1446  3838.0625  0.0615384615385
1447  3838.0625  0.0615384615385
1448  3838.0625  0.0615384615385
1449  3838.0625  0.0615384615385
1450  3838.0625  0.0615384615385
1451  3838.0625  0.0615384615385
1452  3838.0625  0.0615384615385
1453  3838.0625  0.0615384615385
1454  3838.0625  0.0615384615385
1455  3838.0625  0.0615384615385
1456  3838.0625  0.0615384615385
1457  3838.0625  0.0615384615385
1458  3838.0625  0.0615384615385
1459  3838.0625  0.0615384615385
1460  3838.0625  0.0615384615385
1461  3838.0625  0.0615384615385
1462  3838.0625  0.0615384615385
1463  3838.0625  0.0615384615385
1464  3838.0625  0.0615384615385
1465  3838.0625  0.0615384615385
1466  3838.0625  0.0615384615385
1467  3838.0625  0.0615384615385
1468  3838.0625  0.0615384615385
1469  3838.0625  0.0615384615385
1470  3838.0625  0.0615384615385
1471  3838.0625  0.0615384615385
1472  3838.0625  0.0615384615385
1473  3838.0625  0.0615384615385
1474  3838.0625  0.0615384615385
1475  3838.0625  0.0615384615385
1476  3838.0625  0.0615384615385
1477  3838.0625  0.0615384615385
1478  3838.0625  0.0615384615385
1479  3838.0625  0.0615384615385
1480  3838.0625  0.0615384615385
1481  3838.0625  0.0615384615385
1482  3838.0625  0.0615384615385
1483  3838.0625  0.0615384615385
1484  3838.0625  0.0615384615385
1485  3838.0625  0.0615384615385
1486  3838.0625  0.0615384615385
1487  3838.0625  0.0615384615385
1488  3838.0625  0.0615384615385
1489  3838.0625  0.0615384615385
1490  3838.0625  0.0615384615385
1491  3838.0625  0.0615384615385
1492  3838.0625  0.0615384615385
1493  3838.0625  0.0615384615385
1494  3838.0625  0.0615384615385
1495  3838.0625  0.0615384615385
1496  3838.0625  0.0615384615385
1497  3838.0625  0.0615384615385
1498  3838.0625  0.0615384615385
1499  3838.0625  0.0615384615385
1500  3838.0625  0.0615384615385
1501  3838.0625  0.0615384615385
1502  3838.0625  0.0615384615385
1503  3838.0625  0.0615384615385
1504  3838.0625  0.0615384615385
1505  3838.0625  0.0615384615385
1506  3838.0625  0.0615384615385
1507  3838.0625  0.0615384615385
1508  3838.0625  0.0615384615385
1509  3838.0625  0.0615384615385
1510  3838.0625  0.0615384615385
1511  3838.0625  0.0615384615385
1512  3838.0625  0.0615384615385
1513  3838.0625  0.0615384615385
1514  3838.0625  0.0615384615385
1515  3838.0625  0.0615384615385
1516  3838.0625  0.0615384615385
1517  3838.0625  0.0615384615385
1518  3838.0625  0.0615384615385
1519  3838.0625  0.0615384615385
1520  3838.0625  0.0615384615385
1521  3838.0625  0.0615384615385
1522  3838.0625  0.0615384615385
1523  3838.0625  0.0615384615385
1524  3838.0625  0.0615384615385
1525  3838.0625  0.0615384615385
1526  3838.0625  0.0615384615385
1527  3838.0625  0.0615384615385
1528  3838.0625  0.0615384615385
1529  3838.0625  0.0615384615385
1530  3838.0625  0.0615384615385
1531  3838.0625  0.0615384615385
1532  3838.0625  0.0615384615385
1533  3838.0625  0.0615384615385
1534  3838.0625  0.0615384615385
1535  3838.0625  0.0615384615385
1536  3838.0625  0.0615384615385
1537  3838.0625  0.0615384615385
1538  3838.0625  0.0615384615385
1539  3838.0625  0.0615384615385
1540  3838.0625  0.0615384615385
1541  3838.0625  0.0615384615385
1542  3838.0625  0.0615384615385
1543  3838.0625  0.0615384615385
1544  3838.0625  0.0615384615385
1545  3838.0625  0.0615384615385
1546  3838.0625  0.0615384615385
1547  3838.0625  0.0615384615385
1548  3838.0625  0.0615384615385
1549  3838.0625  0.0615384615385
1550  3838.0625  0.0615384615385
1551  3838.0625  0.0615384615385
1552  3838.0625  0.0615384615385
1553  3838.0625  0.0615384615385
1554  3838.0625  0.0615384615385
1555  3838.0625  0.0615384615385
1556  3838.0625  0.0615384615385
1557  3838.0625  0.0615384615385
1558  3838.0625  0.0615384615385
1559  3838.0625  0.0615384615385
1560  3838.0625  0.0615384615385
1561  3838.0625  0.0615384615385
1562  3838.0625  0.0615384615385
1563  3838.0625  0.0615384615385
1564  3838.0625  0.0615384615385
1565  3838.0625  0.0615384615385
1566  3838.0625  0.0615384615385
1567  3838.0625  0.0615384615385
1568  3838.0625  0.0615384615385
1569  3838.0625  0.0615384615385
1570  3838.0625  0.0615384615385
1571  3838.0625  0.0615384615385
1572  3838.0625  0.0615384615385
1573  3838.0625  0.0615384615385
1574  3838.0625  0.0615384615385
1575  3838.0625  0.0615384615385
1576  3838.0625  0.0615384615385
1577  3838.0625  0.0615384615385
1578  3838.0625  0.0615384615385
1579  3838.0625  0.0615384615385
1580  3838.0625  0.0615384615385
1581  3838.0625  0.0615384615385
1582  3838.0625  0.0615384615385
1583  3838.0625  0.0615384615385
1584  3838.0625  0.0615384615385
1585  3838.0625  0.0615384615385
1586  3838.0625  0.0615384615385
1587  3838.0625  0.0615384615385
1588  3838.0625  0.0615384615385
1589  3838.0625  0.0615384615385
1590  3838.0625  0.0615384615385
1591  3838.0625  0.0615384615385
1592  3838.0625  0.0615384615385
1593  3838.0625  0.0615384615385
1594  3838.0625  0.0615384615385
1595  3838.0625  0.0615384615385
1596  3838.0625  0.0615384615385
1597  3838.0625  0.0615384615385
1598  3838.0625  0.0615384615385
1599  3838.0625  0.0615384615385
1600  3838.0625  0.0615384615385
1601  3838.0625  0.0615384615385
1602  3838.0625  0.0615384615385
1603  3838.0625  0.0615384615385
1604  3838.0625  0.0615384615385
1605  3838.0625  0.0615384615385
1606  3838.0625  0.0615384615385
1607  3838.0625  0.0615384615385
1608  3838.0625  0.0615384615385
1609  3838.0625  0.0615384615385
1610  3838.0625  0.0615384615385
1611  3838.0625  0.0615384615385
1612  3838.0625  0.0615384615385
1613  3838.0625  0.0615384615385
1614  3838.0625  0.0615384615385
1615  3838.0625  0.0615384615385
1616  3838.0625  0.0615384615385
1617  3838.0625  0.0615384615385
1618  3838.0625  0.0615384615385
1619  3838.0625  0.0615384615385
1620  3838.0625  0.0615384615385
1621  3838.0625  0.0615384615385
1622  3838.0625  0.0615384615385
1623  3838.0625  0.0615384615385
1624  3838.0625  0.0615384615385
1625  3838.0625  0.0615384615385
1626  3838.0625  0.0615384615385
1627  3838.0625  0.0615384615385
1628  3838.0625  0.0615384615385
1629  3838.0625  0.0615384615385
1630  3838.0625  0.0615384615385
1631  3838.0625  0.0615384615385
1632  3838.0625  0.0615384615385
1633  3838.0625  0.0615384615385
1634  3838.0625  0.0615384615385
1635  3838.0625  0.0615384615385
1636  3838.0625  0.0615384615385
1637  3838.0625  0.0615384615385
1638  3838.0625  0.0615384615385
1639  3838.0625  0.0615384615385
1640  3838.0625  0.0615384615385
1641  3838.0625  0.0615384615385
1642  3838.0625  0.0615384615385
1643  3838.0625  0.0615384615385
1644  3838.0625  0.0615384615385
1645  3838.0625  0.0615384615385
1646  3838.0625  0.0615384615385
1647  3838.0625  0.0615384615385
1648  3838.0625  0.0615384615385
1649  3838.0625  0.0615384615385
1650  3838.0625  0.0615384615385
1651  3838.0625  0.0615384615385
1652  3838.0625  0.0615384615385
1653  3838.0625  0.0615384615385
1654  3838.0625  0.0615384615385
1655  3838.0625  0.0615384615385
1656  3838.0625  0.0615384615385
1657  3838.0625  0.0615384615385
1658  3838.0625  0.0615384615385
1659  3838.0625  0.0615384615385
1660  3838.0625  0.0615384615385
1661  3838.0625  0.0615384615385
1662  3838.0625  0.0615384615385
1663  3838.0625  0.0615384615385
1664  3838.0625  0.0615384615385
1665  3838.0625  0.0615384615385
1666  3838.0625  0.0615384615385
1667  3838.0625  0.0615384615385
1668  3838.0625  0.0615384615385
1669  3838.0625  0.0615384615385
1670  3838.0625  0.0615384615385
1671  3838.0625  0.0615384615385
1672  3838.0625  0.0615384615385
1673  3838.0625  0.0615384615385
1674  3838.0625  0.0615384615385
1675  3838.0625  0.0615384615385
1676  3838.0625  0.0615384615385
1677  3838.0625  0.0615384615385
1678  3838.0625  0.0615384615385
1679  3838.0625  0.0615384615385
1680  3838.0625  0.0615384615385
1681  3838.0625  0.0615384615385
1682  3838.0625  0.0615384615385
1683  3838.0625  0.0615384615385
1684  3838.0625  0.0615384615385
1685  3838.0625  0.0615384615385
1686  3838.0625  0.0615384615385
1687  3838.0625  0.0615384615385
1688  3838.0625  0.0615384615385
1689  3838.0625  0.0615384615385
1690  3838.0625  0.0615384615385
1691  3838.0625  0.0615384615385
1692  3838.0625  0.0615384615385
1693  3838.0625  0.0615384615385
1694  3838.0625  0.0615384615385
1695  3838.0625  0.0615384615385
1696  3838.0625  0.0615384615385
1697  3838.0625  0.0615384615385
1698  3838.0625  0.0615384615385
1699  3838.0625  0.0615384615385
1700  3838.0625  0.0615384615385
1701  3838.0625  0.0615384615385
1702  3838.0625  0.0615384615385
1703  3838.0625  0.0615384615385
1704  3838.0625  0.0615384615385
1705  3838.0625  0.0615384615385
1706  3838.0625  0.0615384615385
1707  3838.0625  0.0615384615385
1708  3838.0625  0.0615384615385
1709  3838.0625  0.0615384615385
1710  3838.0625  0.0615384615385
1711  3838.0625  0.0615384615385
1712  3838.0625  0.0615384615385
1713  3838.0625  0.0615384615385
1714  3838.0625  0.0615384615385
1715  3838.0625  0.0615384615385
1716  3838.0625  0.0615384615385
1717  3838.0625  0.0615384615385
1718  3838.0625  0.0615384615385
1719  3838.0625  0.0615384615385
1720  3838.0625  0.0615384615385
1721  3838.0625  0.0615384615385
1722  3838.0625  0.0615384615385
1723  3838.0625  0.0615384615385
1724  3838.0625  0.0615384615385
1725  3838.0625  0.0615384615385
1726  3838.0625  0.0615384615385
1727  3838.0625  0.0615384615385
1728  3838.0625  0.0615384615385
1729  3838.0625  0.0615384615385
1730  3838.0625  0.0615384615385
1731  3838.0625  0.0615384615385
1732  3838.0625  0.0615384615385
1733  3838.0625  0.0615384615385
1734  3838.0625  0.0615384615385
1735  3838.0625  0.0615384615385
1736  3838.0625  0.0615384615385
1737  3838.0625  0.0615384615385
1738  3838.0625  0.0615384615385
1739  3838.0625  0.0615384615385
1740  3838.0625  0.0615384615385
1741  3838.0625  0.0615384615385
1742  3838.0625  0.0615384615385
1743  3838.0625  0.0615384615385
1744  3838.0625  0.0615384615385
1745  3838.0625  0.0615384615385
1746  3838.0625  0.0615384615385
1747  3838.0625  0.0615384615385
1748  3838.0625  0.0615384615385
1749  3838.0625  0.0615384615385
1750  3838.0625  0.0615384615385
1751  3838.0625  0.0615384615385
1752  3838.0625  0.0615384615385
1753  3838.0625  0.0615384615385
1754  3838.0625  0.0615384615385
1755  3838.0625  0.0615384615385
1756  3838.0625  0.0615384615385
1757  3838.0625  0.0615384615385
1758  3838.0625  0.0615384615385
1759  3838.0625  0.0615384615385
1760  3838.0625  0.0615384615385
1761  3838.0625  0.0615384615385
1762  3838.0625  0.0615384615385
1763  3838.0625  0.0615384615385
1764  3838.0625  0.0615384615385
1765  3838.0625  0.0615384615385
1766  3838.0625  0.0615384615385
1767  3838.0625  0.0615384615385
1768  3838.0625  0.0615384615385
1769  3838.0625  0.0615384615385
1770  3838.0625  0.0615384615385
1771  3838.0625  0.0615384615385
1772  3838.0625  0.0615384615385
1773  3838.0625  0.0615384615385
1774  3838.0625  0.0615384615385
1775  3838.0625  0.0615384615385
1776  3838.0625  0.0615384615385
1777  3838.0625  0.0615384615385
1778  3838.0625  0.0615384615385
1779  3838.0625  0.0615384615385
1780  3838.0625  0.0615384615385
1781  3838.0625  0.0615384615385
1782  3838.0625  0.0615384615385
1783  3838.0625  0.0615384615385
1784  3838.0625  0.0615384615385
1785  3838.0625  0.0615384615385
1786  3838.0625  0.0615384615385
1787  3838.0625  0.0615384615385
1788  3838.0625  0.0615384615385
1789  3838.0625  0.0615384615385
1790  3838.0625  0.0615384615385
1791  3838.0625  0.0615384615385
1792  3838.0625  0.0615384615385
1793  3838.0625  0.0615384615385
1794  3838.0625  0.0615384615385
1795  3838.0625  0.0615384615385
1796  3838.0625  0.0615384615385
1797  3838.0625  0.0615384615385
1798  3838.0625  0.0615384615385
1799  3838.0625  0.0615384615385
1800  3838.0625  0.0615384615385
1801  3838.0625  0.0615384615385
1802  3838.0625  0.0615384615385
1803  3838.0625  0.0615384615385
1804  3838.0625  0.0615384615385
1805  3838.0625  0.0615384615385
1806  3838.0625  0.0615384615385
1807  3838.0625  0.0615384615385
1808  3838.0625  0.0615384615385
1809  3838.0625  0.0615384615385
1810  3838.0625  0.0615384615385
1811  3838.0625  0.0615384615385
1812  3838.0625  0.0615384615385
1813  3838.0625  0.0615384615385
1814  3838.0625  0.0615384615385
1815  3838.0625  0.0615384615385
1816  3838.0625  0.0615384615385
1817  3838.0625  0.0615384615385
1818  3838.0625  0.0615384615385
1819  3838.0625  0.0615384615385
1820  3838.0625  0.0615384615385
1821  3838.0625  0.0615384615385
1822  3838.0625  0.0615384615385
1823  3838.0625  0.0615384615385
1824  3838.0625  0.0615384615385
1825  3838.0625  0.0615384615385
1826  3838.0625  0.0615384615385
1827  3838.0625  0.0615384615385
1828  3838.0625  0.0615384615385
1829  3838.0625  0.0615384615385
1830  3838.0625  0.0615384615385
1831  3838.0625  0.0615384615385
1832  3838.0625  0.0615384615385
1833  3838.0625  0.0615384615385
1834  3838.0625  0.0615384615385
1835  3838.0625  0.0615384615385
1836  3838.0625  0.0615384615385
1837  3838.0625  0.0615384615385
1838  3838.0625  0.0615384615385
1839  3838.0625  0.0615384615385
1840  3838.0625  0.0615384615385
1841  3838.0625  0.0615384615385
1842  3838.0625  0.0615384615385
1843  3838.0625  0.0615384615385
1844  3838.0625  0.0615384615385
1845  3838.0625  0.0615384615385
1846  3838.0625  0.0615384615385
1847  3838.0625  0.0615384615385
1848  3838.0625  0.0615384615385
1849  3838.0625  0.0615384615385
1850  3838.0625  0.0615384615385
1851  3838.0625  0.0615384615385
1852  3838.0625  0.0615384615385
1853  3838.0625  0.0615384615385
1854  3952.27015625  0.1
1855  3947.29611816  0.1
1856  3943.74453645  0.1
1857  3941.20597807  0.1
1858  3939.38963744  0.1
1859  3938.08873664  0.1
1860  3937.15608483  0.1
1861  3936.48679394  0.1
1862  3936.00604129  0.1
1863  3935.66039565  0.1
1864  3935.41166219  0.1
1865  3935.23251006  0.1
1866  3935.10336275  0.1
1867  3935.01018439  0.1
1868  3934.94290193  0.1
1869  3934.89427952  0.1
1870  3934.85911462  0.1
1871  3934.83366322  0.1
1872  3934.81522863  0.1
1873  3934.8018668  0.1
1874  3934.79217511  0.1
1875  3934.78514075  0.1
1876  3934.78003177  0.1
1877  3934.77631885  0.1
1878  3934.77361886  0.1
1879  3934.77165429  0.1
1880  3934.77022402  0.1
1881  3934.76918217  0.1
1882  3934.76842285  0.1
1883  3934.76786915  0.1
1884  3934.76746521  0.1
1885  3934.76717036  0.1
1886  3934.76695506  0.1
1887  3934.76679777  0.1
1888  3934.76668281  0.1
1889  3934.76659876  0.1
1890  3934.76653728  0.1
1891  3934.7664923  0.1
1892  3934.76645937  0.1
1893  3934.76643526  0.1
1894  3934.7664176  0.1
1895  3934.76640466  0.1
1896  3934.76639517  0.1
1897  3934.76638822  0.1
1898  3934.76638312  0.1
1899  3934.76637938  0.1
1900  3934.76637663  0.1
1901  3934.76637462  0.1
1902  3934.76637314  0.1
1903  3934.76637206  0.1
1904  3934.76637126  0.1
1905  3934.76637067  0.1
1906  3934.76637024  0.1
1907  3934.76636993  0.1
1908  3934.76636969  0.1
1909  3934.76636952  0.1
1910  3934.7663694  0.1
1911  3934.7663693  0.1
1912  3934.76636924  0.1
1913  3934.76636919  0.1
1914  3934.76636915  0.1
1915  3934.76636912  0.1
1916  3934.7663691  0.1
1917  3934.76636909  0.1
1918  3934.76636908  0.1
1919  3934.76636907  0.1
1920  3934.76636906  0.1
1921  3934.76636906  0.1
1922  3934.76636906  0.1
1923  3934.76636905  0.1
1924  3934.76636905  0.1
1925  3934.76636905  0.1
1926  3934.76636905  0.1
1927  3934.76636905  0.1
1928  3934.76636905  0.1
1929  3934.76636905  0.1
1930  3934.76636905  0.1
1931  3934.76636905  0.1
1932  3934.76636905  0.1
1933  3934.76636905  0.1
1934  3934.76636905  0.1
1935  3934.76636905  0.1
1936  3934.76636905  0.1
1937  3934.76636905  0.1
1938  3934.76636905  0.1
1939  3934.76636905  0.1
1940  3934.76636905  0.1
1941  3934.76636905  0.1
1942  3934.76636905  0.1
1943  3934.76636905  0.1
1944  3934.76636905  0.1
1945  3934.76636905  0.1
1946  3934.76636905  0.1
1947  3934.76636905  0.1
1948  3934.76636905  0.1
1949  3934.76636905  0.1
1950  3934.76636905  0.1
1951  3934.76636905  0.1
1952  3934.76636905  0.1
1953  3934.76636905  0.1
1954  3934.76636905  0.1
1955  3934.76636905  0.1
1956  3934.76636905  0.1
1957  3934.76636905  0.1
1958  3934.76636905  0.1
1959  3934.76636905  0.1
1960  3934.76636905  0.1
1961  3934.76636905  0.1
1962  3934.76636905  0.1
1963  3934.76636905  0.1
1964  3934.76636905  0.1
1965  3934.76636905  0.1
1966  3934.76636905  0.1
1967  3934.76636905  0.1
1968  3934.76636905  0.1
1969  3934.76636905  0.1
1970  3934.76636905  0.1
1971  3934.76636905  0.1
1972  3934.76636905  0.1
1973  3934.76636905  0.1
1974  3934.76636905  0.1
1975  3934.76636905  0.1
1976  3934.76636905  0.1
1977  3934.76636905  0.1
1978  3934.76636905  0.1
1979  3934.76636905  0.1
1980  3934.76636905  0.1
1981  3934.76636905  0.1
1982  3934.76636905  0.1
1983  3934.76636905  0.1
1984  3934.76636905  0.1
1985  3934.76636905  0.1
1986  3934.76636905  0.1
1987  3934.76636905  0.1
1988  3934.76636905  0.1
1989  3934.76636905  0.1
1990  3934.76636905  0.1
1991  3934.76636905  0.1
1992  3934.76636905  0.1
1993  3934.76636905  0.1
1994  3934.76636905  0.1
1995  3934.76636905  0.1
1996  3934.76636905  0.1
1997  3934.76636905  0.1
1998  3934.76636905  0.1
1999  3934.76636905  0.1
2000  3934.76636905  0.1
2001  3934.76636905  0.1
2002  3934.76636905  0.1
2003  3934.76636905  0.1
2004  3934.76636905  0.1
2005  3934.76636905  0.1
2006  3934.76636905  0.1
2007  3934.76636905  0.1
2008  3934.76636905  0.1
2009  3934.76636905  0.1
2010  3934.76636905  0.1
2011  3934.76636905  0.1
2012  3934.76636905  0.1
2013  3934.76636905  0.1
2014  3934.76636905  0.1
2015  3934.76636905  0.1
2016  3934.76636905  0.1
2017  3934.76636905  0.1
2018  3934.76636905  0.1
2019  3934.76636905  0.1
2020  3934.76636905  0.1
2021  3934.76636905  0.1
2022  3934.76636905  0.1
2023  3934.76636905  0.1
2024  3934.76636905  0.1
2025  3934.76636905  0.1
2026  3934.76636905  0.1
2027  3934.76636905  0.1
2028  3934.76636905  0.1
2029  3934.76636905  0.1
2030  3934.76636905  0.1
2031  3934.76636905  0.1
2032  3934.76636905  0.1
2033  3934.76636905  0.1
2034  3934.76636905  0.1
2035  3934.76636905  0.1
2036  3934.76636905  0.1
2037  3934.76636905  0.1
2038  3934.76636905  0.1
2039  3934.76636905  0.1
2040  3934.76636905  0.1
2041  3934.76636905  0.1
2042  3934.76636905  0.1
2043  3934.76636905  0.1
2044  3934.76636905  0.1
2045  3934.76636905  0.1
2046  3934.76636905  0.1
2047  3934.76636905  0.1
2048  3934.76636905  0.1
2049  3934.76636905  0.1
2050  3934.76636905  0.1
2051  3934.76636905  0.1
2052  3934.76636905  0.1
2053  3934.76636905  0.1
2054  3934.76636905  0.1
2055  3934.76636905  0.1
2056  3934.76636905  0.1
2057  3934.76636905  0.1
2058  3934.76636905  0.1
2059  3934.76636905  0.1
2060  3934.76636905  0.1
2061  3934.76636905  0.1
2062  3934.76636905  0.1
2063  3934.76636905  0.1
2064  3934.76636905  0.1
2065  3934.76636905  0.1
2066  3934.76636905  0.1
2067  3934.76636905  0.1
2068  3934.76636905  0.1
2069  3934.76636905  0.1
2070  3934.76636905  0.1
2071  3934.76636905  0.1
2072  3934.76636905  0.1
2073  3934.76636905  0.1
2074  3934.76636905  0.1
2075  3934.76636905  0.1
2076  3934.76636905  0.1
2077  3934.76636905  0.1
2078  3934.76636905  0.1
2079  3934.76636905  0.1
2080  3934.76636905  0.1
2081  3934.76636905  0.1
2082  3934.76636905  0.1
2083  3934.76636905  0.1
2084  3934.76636905  0.1
2085  3934.76636905  0.1
2086  3934.76636905  0.1
2087  3934.76636905  0.1
2088  3934.76636905  0.1
2089  3934.76636905  0.1
2090  3934.76636905  0.1
2091  3934.76636905  0.1
2092  3934.76636905  0.1
2093  3934.76636905  0.1
2094  3934.76636905  0.1
2095  3934.76636905  0.1
2096  3934.76636905  0.1
2097  3934.76636905  0.1
2098  3934.76636905  0.1
2099  3934.76636905  0.1
2100  3934.76636905  0.1
2101  3934.76636905  0.1
2102  3934.76636905  0.1
2103  3934.76636905  0.1
2104  3934.76636905  0.1
2105  3934.76636905  0.1
2106  3934.76636905  0.1
2107  3934.76636905  0.1
2108  3934.76636905  0.1
2109  3934.76636905  0.1
2110  3934.76636905  0.1
2111  3934.76636905  0.1
2112  3934.76636905  0.1
2113  3934.76636905  0.1
2114  3934.76636905  0.1
2115  3934.76636905  0.1
2116  3934.76636905  0.1
2117  3934.76636905  0.1
2118  3934.76636905  0.1
2119  3934.76636905  0.1
2120  3934.76636905  0.1
2121  3934.76636905  0.1
2122  3934.76636905  0.1
2123  3934.76636905  0.1
2124  3934.76636905  0.1
2125  3934.76636905  0.1
2126  3934.76636905  0.1
2127  3934.76636905  0.1
2128  3934.76636905  0.1
2129  3934.76636905  0.1
2130  3934.76636905  0.1
2131  3934.76636905  0.1
2132  3934.76636905  0.1
2133  3934.76636905  0.1
2134  3934.76636905  0.1
2135  3934.76636905  0.1
2136  3934.76636905  0.1
2137  3934.76636905  0.1
2138  3934.76636905  0.1
2139  3934.76636905  0.1
2140  3934.76636905  0.1
2141  3934.76636905  0.1
2142  3934.76636905  0.1
2143  3934.76636905  0.1
2144  3934.76636905  0.1
2145  3934.76636905  0.1
2146  3934.76636905  0.1
2147  3934.76636905  0.1
2148  3934.76636905  0.1
2149  3934.76636905  0.1
2150  3934.76636905  0.1
2151  3934.76636905  0.1
2152  3934.76636905  0.1
2153  3934.76636905  0.1
2154  3934.76636905  0.1
2155  3934.76636905  0.1
2156  3934.76636905  0.1
2157  3934.76636905  0.1
2158  3934.76636905  0.1
2159  3934.76636905  0.1
2160  3934.76636905  0.1
2161  3934.76636905  0.1
2162  3934.76636905  0.1
2163  3934.76636905  0.1
2164  3934.76636905  0.1
2165  3934.76636905  0.1
2166  3934.76636905  0.1
2167  3934.76636905  0.1
2168  3934.76636905  0.1
2169  3934.76636905  0.1
2170  3934.76636905  0.1
2171  3934.76636905  0.1
2172  3934.76636905  0.1
2173  3934.76636905  0.1
2174  3934.76636905  0.1
2175  3934.76636905  0.1
2176  3934.76636905  0.1
2177  3934.76636905  0.1
2178  3934.76636905  0.1
2179  3934.76636905  0.1
2180  3934.76636905  0.1
2181  3934.76636905  0.1
2182  3934.76636905  0.1
2183  3934.76636905  0.1
2184  3934.76636905  0.1
2185  3934.76636905  0.1
2186  3934.76636905  0.1
2187  3934.76636905  0.1
2188  3934.76636905  0.1
2189  3934.76636905  0.1
2190  3934.76636905  0.1
2191  3934.76636905  0.1
2192  3934.76636905  0.1
2193  3934.76636905  0.1
2194  3934.76636905  0.1
2195  3934.76636905  0.1
2196  3934.76636905  0.1
2197  3934.76636905  0.1
2198  3934.76636905  0.1
2199  3934.76636905  0.1
2200  3934.76636905  0.1
2201  3934.76636905  0.1
2202  3934.76636905  0.1
2203  3934.76636905  0.1
2204  3934.76636905  0.1
2205  3934.76636905  0.1
2206  3934.76636905  0.1
2207  3934.76636905  0.1
2208  3934.76636905  0.1
2209  3934.76636905  0.1
2210  3934.76636905  0.1
2211  3934.76636905  0.1
2212  3934.76636905  0.1
2213  3934.76636905  0.1
2214  3934.76636905  0.1
2215  3934.76636905  0.1
2216  3934.76636905  0.1
2217  3934.76636905  0.1
2218  3934.76636905  0.1
2219  3934.76636905  0.1
2220  3934.76636905  0.1
2221  3934.76636905  0.1
2222  3934.76636905  0.1
2223  3934.76636905  0.1
2224  3934.76636905  0.1
2225  3934.76636905  0.1
2226  3934.76636905  0.1
2227  3934.76636905  0.1
2228  3934.76636905  0.1
2229  3934.76636905  0.1
2230  3934.76636905  0.1
2231  3934.76636905  0.1
2232  3934.76636905  0.1
2233  3934.76636905  0.1
2234  3934.76636905  0.1
2235  3934.76636905  0.1
2236  3934.76636905  0.1
2237  3934.76636905  0.1
2238  3934.76636905  0.1
2239  3934.76636905  0.1
2240  3934.76636905  0.1
2241  3934.76636905  0.1
2242  3934.76636905  0.1
2243  3934.76636905  0.1
2244  3934.76636905  0.1
2245  3934.76636905  0.1
2246  3934.76636905  0.1
2247  3934.76636905  0.1
2248  3934.76636905  0.1
2249  3934.76636905  0.1
2250  3934.76636905  0.1
2251  3934.76636905  0.1
2252  3934.76636905  0.1
2253  3934.76636905  0.1
2254  3934.76636905  0.1
2255  3934.76636905  0.1
2256  3934.76636905  0.1
2257  3934.76636905  0.1
2258  3934.76636905  0.1
2259  3934.76636905  0.1
2260  3934.76636905  0.1
2261  3934.76636905  0.1
2262  3934.76636905  0.1
2263  3934.76636905  0.1
2264  3934.76636905  0.1
2265  3934.76636905  0.1
2266  3934.76636905  0.1
2267  3934.76636905  0.1
2268  3934.76636905  0.1
2269  3934.76636905  0.1
2270  3934.76636905  0.1
2271  3934.76636905  0.1
2272  3934.76636905  0.1
2273  3934.76636905  0.1
2274  3934.76636905  0.1
2275  3934.76636905  0.1
2276  3934.76636905  0.1
2277  3934.76636905  0.1
2278  3934.76636905  0.1
2279  3934.76636905  0.1
2280  3934.76636905  0.1
2281  3934.76636905  0.1
2282  3934.76636905  0.1
2283  3934.76636905  0.1
2284  3934.76636905  0.1
2285  3934.76636905  0.1
2286  3934.76636905  0.1
2287  3934.76636905  0.1
2288  3934.76636905  0.1
2289  3934.76636905  0.1
2290  3934.76636905  0.1
2291  3934.76636905  0.1
2292  3934.76636905  0.1
2293  3934.76636905  0.1
2294  3934.76636905  0.1
2295  3934.76636905  0.1
2296  3934.76636905  0.1
2297  3934.76636905  0.1
2298  3934.76636905  0.1
2299  3934.76636905  0.1
2300  3934.76636905  0.1
2301  3934.76636905  0.1
2302  3934.76636905  0.1
2303  3934.76636905  0.1
2304  3934.76636905  0.1
2305  3934.76636905  0.1
2306  3934.76636905  0.1
2307  3934.76636905  0.1
2308  3934.76636905  0.1
2309  3934.76636905  0.1
2310  3934.76636905  0.1
2311  3934.76636905  0.1
2312  3934.76636905  0.1
2313  3934.76636905  0.1
2314  3934.76636905  0.1
2315  3934.76636905  0.1
2316  3934.76636905  0.1
2317  3934.76636905  0.1
2318  3934.76636905  0.1
2319  3934.76636905  0.1
2320  3934.76636905  0.1
2321  3934.76636905  0.1
2322  3934.76636905  0.1
2323  3934.76636905  0.1
2324  3934.76636905  0.1
2325  3934.76636905  0.1
2326  3934.76636905  0.1
2327  3934.76636905  0.1
2328  3934.76636905  0.1
2329  3934.76636905  0.1
2330  3934.76636905  0.1
2331  3934.76636905  0.1
2332  3934.76636905  0.1
2333  3934.76636905  0.1
2334  3934.76636905  0.1
2335  3934.76636905  0.1
2336  3934.76636905  0.1
2337  3934.76636905  0.1
2338  3934.76636905  0.1
2339  3934.76636905  0.1
2340  3934.76636905  0.1
2341  3934.76636905  0.1
2342  3934.76636905  0.1
2343  3934.76636905  0.1
2344  3934.76636905  0.1
2345  3934.76636905  0.1
2346  3934.76636905  0.1
2347  3934.76636905  0.1
2348  3934.76636905  0.1
2349  3934.76636905  0.1
2350  3934.76636905  0.1
2351  3934.76636905  0.1
2352  3934.76636905  0.1
2353  3934.76636905  0.1
2354  3934.76636905  0.1
2355  3934.76636905  0.1
2356  3934.76636905  0.1
2357  3934.76636905  0.1
2358  3934.76636905  0.1
2359  3934.76636905  0.1
2360  3934.76636905  0.1
2361  3934.76636905  0.1
2362  3934.76636905  0.1
2363  3934.76636905  0.1
2364  3934.76636905  0.1
2365  3934.76636905  0.1
2366  3934.76636905  0.1
2367  3934.76636905  0.1
2368  3934.76636905  0.1
2369  3934.76636905  0.1
2370  3934.76636905  0.1
2371  3934.76636905  0.1
2372  3934.76636905  0.1
2373  3934.76636905  0.1
2374  3934.76636905  0.1
2375  3934.76636905  0.1
2376  3934.76636905  0.1
2377  3934.76636905  0.1
2378  3934.76636905  0.1
2379  3934.76636905  0.1
2380  3934.76636905  0.1
2381  3934.76636905  0.1
2382  3934.76636905  0.1
2383  3934.76636905  0.1
2384  3934.76636905  0.1
2385  3934.76636905  0.1
2386  3934.76636905  0.1
2387  3934.76636905  0.1
2388  3934.76636905  0.1
2389  3934.76636905  0.1
2390  3934.76636905  0.1
2391  3934.76636905  0.1
2392  3934.76636905  0.1
2393  3934.76636905  0.1
2394  3934.76636905  0.1
2395  3934.76636905  0.1
2396  3934.76636905  0.1
2397  3934.76636905  0.1
2398  3934.76636905  0.1
2399  3934.76636905  0.1
2400  3934.76636905  0.1
2401  3934.76636905  0.1
2402  3934.76636905  0.1
2403  3934.76636905  0.1
2404  3934.76636905  0.1
2405  3934.76636905  0.1
2406  3934.76636905  0.1
2407  3934.76636905  0.1
2408  3934.76636905  0.1
2409  3934.76636905  0.1
2410  3934.76636905  0.1
2411  3934.76636905  0.1
2412  3934.76636905  0.1
2413  3934.76636905  0.1
2414  3934.76636905  0.1
2415  3934.76636905  0.1
2416  3934.76636905  0.1
2417  3934.76636905  0.1
2418  3934.76636905  0.1
2419  3934.76636905  0.1
2420  3934.76636905  0.1
2421  3934.76636905  0.1
2422  3934.76636905  0.1
2423  3934.76636905  0.1
2424  3934.76636905  0.1
2425  3934.76636905  0.1
2426  3934.76636905  0.1
2427  3934.76636905  0.1
2428  3934.76636905  0.1
2429  3934.76636905  0.1
2430  3934.76636905  0.1
2431  3934.76636905  0.1
2432  3934.76636905  0.1
2433  3934.76636905  0.1
2434  3934.76636905  0.1
2435  3934.76636905  0.1
2436  3934.76636905  0.1
2437  3934.76636905  0.1
2438  3934.76636905  0.1
2439  3934.76636905  0.1
2440  3934.76636905  0.1
2441  3934.76636905  0.1
2442  3934.76636905  0.1
2443  3934.76636905  0.1
2444  3934.76636905  0.1
2445  3934.76636905  0.1
2446  3934.76636905  0.1
2447  3934.76636905  0.1
2448  3934.76636905  0.1
2449  3934.76636905  0.1
2450  3934.76636905  0.1
2451  3934.76636905  0.1
2452  3934.76636905  0.1
2453  3934.76636905  0.1
2454  3934.76636905  0.1
2455  3934.76636905  0.1
2456  3934.76636905  0.1
2457  3934.76636905  0.1
2458  3934.76636905  0.1
2459  3934.76636905  0.1
2460  3934.76636905  0.1
2461  3934.76636905  0.1
2462  3934.76636905  0.1
2463  3934.76636905  0.1
2464  3934.76636905  0.1
2465  3934.76636905  0.1
2466  3934.76636905  0.1
2467  3934.76636905  0.1
2468  3934.76636905  0.1
2469  3934.76636905  0.1
2470  3934.76636905  0.1
2471  3934.76636905  0.1
2472  3934.76636905  0.1
2473  3934.76636905  0.1
2474  3934.76636905  0.1
2475  3934.76636905  0.1
2476  3934.76636905  0.1
2477  3934.76636905  0.1
2478  3934.76636905  0.1
2479  3934.76636905  0.1
2480  3934.76636905  0.1
2481  3934.76636905  0.1
2482  3934.76636905  0.1
2483  3934.76636905  0.1
2484  3934.76636905  0.1
2485  3934.76636905  0.1
2486  3934.76636905  0.1
2487  3934.76636905  0.1
2488  3934.76636905  0.1
2489  3934.76636905  0.1
2490  3934.76636905  0.1
2491  3934.76636905  0.1
2492  3934.76636905  0.1
2493  3934.76636905  0.1
2494  3934.76636905  0.1
2495  3934.76636905  0.1
2496  3934.76636905  0.1
2497  3934.76636905  0.1
2498  3934.76636905  0.1
2499  3934.76636905  0.1
2500  3934.76636905  0.1
2501  3934.76636905  0.1
2502  3934.76636905  0.1
2503  3934.76636905  0.1
2504  3934.76636905  0.1
2505  3934.76636905  0.1
2506  3934.76636905  0.1
2507  3934.76636905  0.1
2508  3934.76636905  0.1
2509  3934.76636905  0.1
2510  3934.76636905  0.1
2511  3934.76636905  0.1
2512  3934.76636905  0.1
2513  3934.76636905  0.1
2514  3934.76636905  0.1
2515  3934.76636905  0.1
2516  3934.76636905  0.1
2517  3934.76636905  0.1
2518  3934.76636905  0.1
2519  3934.76636905  0.1
2520  3934.76636905  0.1
2521  3934.76636905  0.1
2522  3934.76636905  0.1
2523  3934.76636905  0.1
2524  3934.76636905  0.1
2525  3934.76636905  0.1
2526  3934.76636905  0.1
2527  3934.76636905  0.1
2528  3934.76636905  0.1
2529  3934.76636905  0.1
2530  3934.76636905  0.1
2531  3934.76636905  0.1
2532  3934.76636905  0.1
2533  3934.76636905  0.1
2534  3934.76636905  0.1
2535  3934.76636905  0.1
2536  3934.76636905  0.1
2537  3934.76636905  0.1
2538  3934.76636905  0.1
2539  3934.76636905  0.1
2540  3934.76636905  0.1
2541  3934.76636905  0.1
2542  3934.76636905  0.1
2543  3934.76636905  0.1
2544  3934.76636905  0.1
2545  3934.76636905  0.1
2546  3934.76636905  0.1
2547  3934.76636905  0.1
2548  3934.76636905  0.1
2549  3934.76636905  0.1
2550  3934.76636905  0.1
2551  3934.76636905  0.1
2552  3934.76636905  0.1
2553  3934.76636905  0.1
2554  3934.76636905  0.1
2555  3934.76636905  0.1
2556  3934.76636905  0.1
2557  3934.76636905  0.1
2558  3934.76636905  0.1
2559  3934.76636905  0.1
2560  3934.76636905  0.1
2561  3934.76636905  0.1
2562  3934.76636905  0.1
2563  3934.76636905  0.1
2564  3934.76636905  0.1
2565  3934.76636905  0.1
2566  3934.76636905  0.1
2567  3934.76636905  0.1
2568  3934.76636905  0.1
2569  3934.76636905  0.1
2570  3934.76636905  0.1
2571  3934.76636905  0.1
2572  3934.76636905  0.1
2573  3934.76636905  0.1
2574  3934.76636905  0.1
2575  3934.76636905  0.1
2576  3934.76636905  0.1
2577  3934.76636905  0.1
2578  3934.76636905  0.1
2579  3934.76636905  0.1
2580  3934.76636905  0.1
2581  3934.76636905  0.1
2582  3934.76636905  0.1
2583  3934.76636905  0.1
2584  3934.76636905  0.1
2585  3934.76636905  0.1
2586  3934.76636905  0.1
2587  3934.76636905  0.1
2588  3934.76636905  0.1
2589  3934.76636905  0.1
2590  3934.76636905  0.1
2591  3934.76636905  0.1
2592  3934.76636905  0.1
2593  3934.76636905  0.1
2594  3934.76636905  0.1
2595  3934.76636905  0.1
2596  3934.76636905  0.1
2597  3934.76636905  0.1
2598  3934.76636905  0.1
2599  3934.76636905  0.1
2600  3934.76636905  0.1
2601  3934.76636905  0.1
2602  3934.76636905  0.1
2603  3934.76636905  0.1
2604  3934.76636905  0.1
2605  3934.76636905  0.1
2606  3934.76636905  0.1
2607  3934.76636905  0.1
2608  3934.76636905  0.1
2609  3934.76636905  0.1
2610  3934.76636905  0.1
2611  3934.76636905  0.1
2612  3934.76636905  0.1
2613  3934.76636905  0.1
2614  3934.76636905  0.1
2615  3934.76636905  0.1
2616  3934.76636905  0.1
2617  3934.76636905  0.1
2618  3934.76636905  0.1
2619  3934.76636905  0.1
2620  3934.76636905  0.1
2621  3934.76636905  0.1
2622  3934.76636905  0.1
2623  3934.76636905  0.1
2624  3934.76636905  0.1
2625  3934.76636905  0.1
2626  3934.76636905  0.1
2627  3934.76636905  0.1
2628  3934.76636905  0.1
2629  3934.76636905  0.1
2630  3934.76636905  0.1
2631  3934.76636905  0.1
2632  3934.76636905  0.1
2633  3934.76636905  0.1
2634  3934.76636905  0.1
2635  3934.76636905  0.1
2636  3934.76636905  0.1
2637  3934.76636905  0.1
2638  3934.76636905  0.1
2639  3934.76636905  0.1
2640  3934.76636905  0.1
2641  3934.76636905  0.1
2642  3934.76636905  0.1
2643  3934.76636905  0.1
2644  3934.76636905  0.1
2645  3934.76636905  0.1
2646  3934.76636905  0.1
2647  3934.76636905  0.1
2648  3934.76636905  0.1
2649  3934.76636905  0.1
2650  3934.76636905  0.1
2651  3934.76636905  0.1
2652  3934.76636905  0.1
2653  3934.76636905  0.1
2654  3934.76636905  0.1
2655  3934.76636905  0.1
2656  3934.76636905  0.1
2657  3934.76636905  0.1
2658  3934.76636905  0.1
2659  3934.76636905  0.1
2660  3934.76636905  0.1
2661  3934.76636905  0.1
2662  3934.76636905  0.1
2663  3934.76636905  0.1
2664  3934.76636905  0.1
2665  3934.76636905  0.1
2666  3934.76636905  0.1
2667  3934.76636905  0.1
2668  3934.76636905  0.1
2669  3934.76636905  0.1
2670  3934.76636905  0.1
2671  3934.76636905  0.1
2672  3934.76636905  0.1
2673  3934.76636905  0.1
2674  3934.76636905  0.1
2675  3934.76636905  0.1
2676  3934.76636905  0.1
2677  3934.76636905  0.1
2678  3934.76636905  0.1
2679  3934.76636905  0.1
2680  3934.76636905  0.1
2681  3934.76636905  0.1
2682  3934.76636905  0.1
2683  3934.76636905  0.1
2684  3934.76636905  0.1
2685  3934.76636905  0.1
2686  3934.76636905  0.1
2687  3934.76636905  0.1
2688  3934.76636905  0.1
2689  3934.76636905  0.1
2690  3934.76636905  0.1
2691  3934.76636905  0.1
2692  3934.76636905  0.1
2693  3934.76636905  0.1
2694  3934.76636905  0.1
2695  3934.76636905  0.1
2696  3934.76636905  0.1
2697  3934.76636905  0.1
2698  3934.76636905  0.1
2699  3934.76636905  0.1
2700  3934.76636905  0.1
2701  3934.76636905  0.1
2702  3934.76636905  0.1
2703  3934.76636905  0.1
2704  3934.76636905  0.1
2705  3934.76636905  0.1
2706  3934.76636905  0.1
2707  3934.76636905  0.1
2708  3934.76636905  0.1
2709  3934.76636905  0.1
2710  3934.76636905  0.1
2711  3934.76636905  0.1
2712  3934.76636905  0.1
2713  3934.76636905  0.1
2714  3934.76636905  0.1
2715  3934.76636905  0.1
2716  3934.76636905  0.1
2717  3934.76636905  0.1
2718  3934.76636905  0.1
2719  3934.76636905  0.1
2720  3934.76636905  0.1
2721  3934.76636905  0.1
2722  3934.76636905  0.1
2723  3934.76636905  0.1
2724  3934.76636905  0.1
2725  3934.76636905  0.1
2726  3934.76636905  0.1
2727  3934.76636905  0.1
2728  3934.76636905  0.1
2729  3934.76636905  0.1
2730  3934.76636905  0.1
2731  3934.76636905  0.1
2732  3934.76636905  0.1
2733  3934.76636905  0.1
2734  3934.76636905  0.1
2735  3934.76636905  0.1
2736  3934.76636905  0.1
2737  3934.76636905  0.1
2738  3934.76636905  0.1
2739  3934.76636905  0.1
2740  3934.76636905  0.1
2741  3934.76636905  0.1
2742  3934.76636905  0.1
2743  3934.76636905  0.1
2744  3934.76636905  0.1
2745  3934.76636905  0.1
2746  3934.76636905  0.1
2747  3934.76636905  0.1
2748  3934.76636905  0.1
2749  3934.76636905  0.1
2750  3934.76636905  0.1
2751  3934.76636905  0.1
2752  3934.76636905  0.1
2753  3934.76636905  0.1
2754  3934.76636905  0.1
2755  3934.76636905  0.1
2756  3934.76636905  0.1
2757  3934.76636905  0.1
2758  3934.76636905  0.1
2759  3934.76636905  0.1
2760  3934.76636905  0.1
2761  3934.76636905  0.1
2762  3934.76636905  0.1
2763  3934.76636905  0.1
2764  3934.76636905  0.1
2765  3934.76636905  0.1
2766  3934.76636905  0.1
2767  3934.76636905  0.1
2768  3934.76636905  0.1
2769  3934.76636905  0.1
2770  3934.76636905  0.1
2771  3934.76636905  0.1
2772  3934.76636905  0.1
2773  3934.76636905  0.1
2774  3934.76636905  0.1
2775  3934.76636905  0.1
2776  3934.76636905  0.1
2777  3934.76636905  0.1
2778  3934.76636905  0.1
2779  3934.76636905  0.1
2780  3934.76636905  0.1
2781  3934.76636905  0.1
2782  3934.76636905  0.1
2783  3934.76636905  0.1
2784  3934.76636905  0.1
2785  3934.76636905  0.1
2786  3934.76636905  0.1
2787  3934.76636905  0.1
2788  3934.76636905  0.1
2789  3934.76636905  0.1
2790  3934.76636905  0.1
2791  3934.76636905  0.1
2792  3934.76636905  0.1
2793  3934.76636905  0.1
2794  3934.76636905  0.1
2795  3934.76636905  0.1
2796  3934.76636905  0.1
2797  3934.76636905  0.1
2798  3934.76636905  0.1
2799  3934.76636905  0.1
2800  3934.76636905  0.1
2801  3934.76636905  0.1
2802  3934.76636905  0.1
2803  3934.76636905  0.1
2804  3934.76636905  0.1
2805  3934.76636905  0.1
2806  3934.76636905  0.1
2807  3934.76636905  0.1
2808  3934.76636905  0.1
2809  3934.76636905  0.1
2810  3934.76636905  0.1
2811  3934.76636905  0.1
2812  3934.76636905  0.1
2813  3934.76636905  0.1
2814  3934.76636905  0.1
2815  3934.76636905  0.1
2816  3934.76636905  0.1
2817  3934.76636905  0.1
2818  3934.76636905  0.1
2819  3934.76636905  0.1
2820  3934.76636905  0.1
2821  3934.76636905  0.1
2822  3934.76636905  0.1
2823  3934.76636905  0.1
2824  3934.76636905  0.1
2825  3934.76636905  0.1
2826  3934.76636905  0.1
2827  3934.76636905  0.1
2828  3934.76636905  0.1
2829  3934.76636905  0.1
2830  3934.76636905  0.1
2831  3934.76636905  0.1
2832  3934.76636905  0.1
2833  3934.76636905  0.1
2834  3934.76636905  0.1
2835  3934.76636905  0.1
2836  3934.76636905  0.1
2837  3934.76636905  0.1
2838  3934.76636905  0.1
2839  3934.76636905  0.1
2840  3934.76636905  0.1
2841  3934.76636905  0.1
2842  3934.76636905  0.1
2843  3934.76636905  0.1
2844  3934.76636905  0.1
2845  3934.76636905  0.1
2846  3934.76636905  0.1
2847  3934.76636905  0.1
2848  3934.76636905  0.1
2849  3934.76636905  0.1
2850  3934.76636905  0.1
2851  3934.76636905  0.1
2852  3934.76636905  0.1
2853  3934.76636905  0.1
2854  3934.76636905  0.1
2855  3934.76636905  0.1
2856  3934.76636905  0.1
2857  3934.76636905  0.1
2858  3934.76636905  0.1
2859  3934.76636905  0.1
2860  3934.76636905  0.1
2861  3934.76636905  0.1
2862  3934.76636905  0.1
2863  3934.76636905  0.1
2864  3934.76636905  0.1
2865  3934.76636905  0.1
2866  3934.76636905  0.1
2867  3934.76636905  0.1
2868  3934.76636905  0.1
2869  3934.76636905  0.1
2870  3934.76636905  0.1
2871  3934.76636905  0.1
2872  3934.76636905  0.1
2873  3934.76636905  0.1
2874  3934.76636905  0.1
2875  3934.76636905  0.1
2876  3934.76636905  0.1
2877  3934.76636905  0.1
2878  3934.76636905  0.1
2879  3934.76636905  0.1
2880  3934.76636905  0.1
2881  3934.76636905  0.1
2882  3934.76636905  0.1
2883  3934.76636905  0.1
2884  3934.76636905  0.1
2885  3934.76636905  0.1
2886  3934.76636905  0.1
2887  3934.76636905  0.1
2888  3934.76636905  0.1
2889  3934.76636905  0.1
2890  3934.76636905  0.1
2891  3934.76636905  0.1
2892  3934.76636905  0.1
2893  3934.76636905  0.1
2894  3934.76636905  0.1
2895  4120.04625225  0.0923076923077
2896  4117.78906165  0.0923076923077
2897  4116.17947138  0.0923076923077
2898  4115.03827534  0.0923076923077
2899  4114.2323415  0.0923076923077
2900  4113.66471049  0.0923076923077
2901  4113.26566489  0.0923076923077
2902  4112.98549806  0.0923076923077
2903  4112.78897217  0.0923076923077
2904  4112.65120359  0.0923076923077
2905  4112.55466735  0.0923076923077
2906  4112.48704386  0.0923076923077
2907  4112.43968383  0.0923076923077
2908  4112.40652025  0.0923076923077
2909  4112.38330009  0.0923076923077
2910  4112.36704319  0.0923076923077
2911  4112.35566201  0.0923076923077
2912  4112.34769452  0.0923076923077
2913  4112.34211694  0.0923076923077
2914  4112.33821248  0.0923076923077
2915  4112.33547928  0.0923076923077
2916  4112.333566  0.0923076923077
2917  4112.33222669  0.0923076923077
2918  4112.33128916  0.0923076923077
2919  4112.33063289  0.0923076923077
2920  4112.33017349  0.0923076923077
2921  4112.32985191  0.0923076923077
2922  4112.32962681  0.0923076923077
2923  4112.32946923  0.0923076923077
2924  4112.32935893  0.0923076923077
2925  4112.32928172  0.0923076923077
2926  4112.32922767  0.0923076923077
2927  4112.32918984  0.0923076923077
2928  4112.32916336  0.0923076923077
2929  4112.32914482  0.0923076923077
2930  4112.32913184  0.0923076923077
2931  4112.32912276  0.0923076923077
2932  4112.3291164  0.0923076923077
2933  4112.32911195  0.0923076923077
2934  4112.32910883  0.0923076923077
2935  4112.32910665  0.0923076923077
2936  4112.32910512  0.0923076923077
2937  4112.32910406  0.0923076923077
2938  4112.32910331  0.0923076923077
2939  4112.32910278  0.0923076923077
2940  4112.32910242  0.0923076923077
2941  4112.32910216  0.0923076923077
2942  4112.32910198  0.0923076923077
2943  4112.32910186  0.0923076923077
2944  4112.32910177  0.0923076923077
2945  4112.32910171  0.0923076923077
2946  4112.32910166  0.0923076923077
2947  4112.32910163  0.0923076923077
2948  4112.32910161  0.0923076923077
2949  4112.3291016  0.0923076923077
2950  4112.32910159  0.0923076923077
2951  4112.32910158  0.0923076923077
2952  4112.32910157  0.0923076923077
2953  4112.32910157  0.0923076923077
2954  4112.32910157  0.0923076923077
2955  4112.32910157  0.0923076923077
2956  4112.32910157  0.0923076923077
2957  4112.32910156  0.0923076923077
2958  4112.32910156  0.0923076923077
2959  4112.32910156  0.0923076923077
2960  4112.32910156  0.0923076923077
2961  4112.32910156  0.0923076923077
2962  4112.32910156  0.0923076923077
2963  4112.32910156  0.0923076923077
2964  4112.32910156  0.0923076923077
2965  4112.32910156  0.0923076923077
2966  4112.32910156  0.0923076923077
2967  4112.32910156  0.0923076923077
2968  4112.32910156  0.0923076923077
2969  4112.32910156  0.0923076923077
2970  4112.32910156  0.0923076923077
2971  4112.32910156  0.0923076923077
2972  4112.32910156  0.0923076923077
2973  4112.32910156  0.0923076923077
2974  4112.32910156  0.0923076923077
2975  4112.32910156  0.0923076923077
2976  4112.32910156  0.0923076923077
2977  4112.32910156  0.0923076923077
2978  4112.32910156  0.0923076923077
2979  4112.32910156  0.0923076923077
2980  4112.32910156  0.0923076923077
2981  4112.32910156  0.0923076923077
2982  4112.32910156  0.0923076923077
2983  4112.32910156  0.0923076923077
2984  4112.32910156  0.0923076923077
2985  4112.32910156  0.0923076923077
2986  4112.32910156  0.0923076923077
2987  4112.32910156  0.0923076923077
2988  4112.32910156  0.0923076923077
2989  4112.32910156  0.0923076923077
2990  4112.32910156  0.0923076923077
2991  4112.32910156  0.0923076923077
2992  4112.32910156  0.0923076923077
2993  4112.32910156  0.0923076923077
2994  4112.32910156  0.0923076923077
2995  4112.32910156  0.0923076923077
2996  4112.32910156  0.0923076923077
2997  4112.32910156  0.0923076923077
2998  4112.32910156  0.0923076923077
2999  4112.32910156  0.0923076923077
#[-7, -2, -2, 2, 9]
#[-9, 5, 5, 9, 9]
#[-9, -5, -2, 1, 4]
#[8, 8, 8, 8, 8]
#[-4, 8, 8, 8, 8]
#[8, 8, 8, 8, 8]
#[-1, 8, 8, 8, 8]
#[8, 8, 8, 8, 8]
#[6, 8, 8, 8, 8]
#[-9, 7, 8, 8, 9]
#[8, 8, 8, 8, 8]
#[8, 8, 8, 8, 8]
#[8, 8, 8, 8, 8]
#[3, 8, 8, 8, 8]
#[-8, 1, 8, 8, 8]
#[8, 8, 8, 8, 8]
#[8, 8, 8, 8, 8]
#[6, 8, 8, 8, 9]
#[8, 8, 8, 8, 8]
#[8, 8, 8, 8, 8]
#[8, 8, 8, 8, 8]
#[5, 7, 8, 8, 8]
#[-3, 8, 8, 8, 8]
#[8, 8, 8, 8, 8]
#[4, 8, 8, 8, 8]
#Specialization index= [0, 2, 1.0]
