#[3, 4, 4, 4, 5, 6, 5, 3, 3, 6]
#[4, 4, 7, 1, 5, 7, 2, 6, 5, 2]
#[4, 3, 8, 4, 3, 3, 3, 5, 5, 0]
#[5, 0, 0, 1, 9, 1, 7, 9, 3, 4]
#[8, 4, 3, 6, 1, 8, 2, 3, 1, 2]
#[5, 4, 6, 7, 7, 3, 8, 5, 2, 0]
#[8, 6, 5, 3, 3, 7, 6, 1, 7, 8]
#[8, 2, 8, 8, 8, 9, 5, 9, 3, 8]
#[8, 8, 3, 5, 8, 5, 9, 5, 5, 1]
#[0, 9, 4, 5, 9, 2, 0, 7, 9, 2]
#[9, 0, 1, 2, 9, 2, 3, 5, 7, 7]
#[9, 5, 8, 6, 3, 1, 8, 9, 7, 1]
#[2, 9, 9, 0, 8, 8, 8, 8, 4, 6]
#[2, 7, 8, 9, 3, 8, 3, 1, 1, 9]
#[4, 6, 7, 2, 6, 2, 6, 3, 4, 2]
#[4, 6, 2, 9, 8, 8, 8, 9, 2, 5]
#[9, 9, 8, 0, 2, 1, 4, 8, 4, 5]
#[8, 7, 7, 5, 0, 6, 4, 3, 7, 9]
#[1, 9, 2, 7, 4, 7, 8, 2, 3, 3]
#[6, 7, 6, 1, 8, 1, 0, 6, 7, 1]
#[3, 3, 0, 4, 8, 7, 5, 7, 5, 5]
#[5, 0, 4, 0, 4, 6, 3, 2, 3, 3]
#[7, 4, 3, 6, 8, 2, 5, 7, 8, 7]
#[7, 4, 5, 0, 7, 8, 2, 8, 9, 7]
#[9, 9, 1, 1, 4, 4, 1, 8, 8, 5]
0  5978.0  0.173076923077
1  5980.0  0.173076923077
2  6567.5  0.123076923077
3  6622.0  0.115384615385
4  6699.0  0.123076923077
5  6699.0  0.123076923077
6  6699.0  0.123076923077
7  6699.0  0.123076923077
8  6699.0  0.123076923077
9  6699.0  0.123076923077
10  6699.0  0.123076923077
11  6699.0  0.123076923077
12  6699.0  0.123076923077
13  6699.0  0.123076923077
14  6699.0  0.123076923077
15  6935.0  0.0807692307692
16  6935.0  0.0807692307692
17  6935.0  0.0807692307692
18  6935.0  0.0807692307692
19  6935.0  0.0807692307692
20  6935.0  0.0807692307692
21  6935.0  0.0807692307692
22  6992.5  0.0807692307692
23  6992.5  0.0807692307692
24  6992.5  0.0807692307692
25  6992.5  0.0807692307692
26  6992.5  0.0807692307692
27  6992.5  0.0807692307692
28  6992.5  0.0807692307692
29  6992.5  0.0807692307692
30  7038.0  0.0807692307692
31  7038.0  0.0807692307692
32  7038.0  0.0807692307692
33  7038.0  0.0807692307692
34  7038.0  0.0807692307692
35  7038.0  0.0807692307692
36  7038.0  0.0807692307692
37  7038.0  0.0807692307692
38  7038.0  0.0807692307692
39  7038.0  0.0807692307692
40  7038.0  0.0807692307692
41  7038.0  0.0807692307692
42  7038.0  0.0807692307692
43  7038.0  0.0807692307692
44  7038.0  0.0807692307692
45  7038.0  0.0807692307692
46  7038.0  0.0807692307692
47  7038.0  0.0807692307692
48  7038.0  0.0807692307692
49  7038.0  0.0807692307692
50  7038.0  0.0807692307692
51  7038.0  0.0807692307692
52  7038.0  0.0807692307692
53  7038.0  0.0807692307692
54  7038.0  0.0807692307692
55  7038.0  0.0807692307692
56  7038.0  0.0807692307692
57  7038.0  0.0807692307692
58  7038.0  0.0807692307692
59  7038.0  0.0807692307692
60  7038.0  0.0807692307692
61  7038.0  0.0807692307692
62  7038.0  0.0807692307692
63  7038.0  0.0807692307692
64  7038.0  0.0807692307692
65  7038.0  0.0807692307692
66  7038.0  0.0807692307692
67  7038.0  0.0807692307692
68  7038.0  0.0807692307692
69  7038.0  0.0807692307692
70  7038.0  0.0807692307692
71  7038.0  0.0807692307692
72  7038.0  0.0807692307692
73  7038.0  0.0807692307692
74  7038.0  0.0807692307692
75  7038.0  0.0807692307692
76  7038.0  0.0807692307692
77  7038.0  0.0807692307692
78  7038.0  0.0807692307692
79  7038.0  0.0807692307692
80  7038.0  0.0807692307692
81  7038.0  0.0807692307692
82  7038.0  0.0807692307692
83  7038.0  0.0807692307692
84  7038.0  0.0807692307692
85  7038.0  0.0807692307692
86  7038.0  0.0807692307692
87  7038.0  0.0807692307692
88  7038.0  0.0807692307692
89  7038.0  0.0807692307692
90  7038.0  0.0807692307692
91  7038.0  0.0807692307692
92  7038.0  0.0807692307692
93  7038.0  0.0807692307692
94  7038.0  0.0807692307692
95  7038.0  0.0807692307692
96  7038.0  0.0807692307692
97  7038.0  0.0807692307692
98  7038.0  0.0807692307692
99  7038.0  0.0807692307692
100  7038.0  0.0807692307692
101  7038.0  0.0807692307692
102  7038.0  0.0807692307692
103  7038.0  0.0807692307692
104  7038.0  0.0807692307692
105  7038.0  0.0807692307692
106  7038.0  0.0807692307692
107  7038.0  0.0807692307692
108  7038.0  0.0807692307692
109  7038.0  0.0807692307692
110  7038.0  0.0807692307692
111  7038.0  0.0807692307692
112  7038.0  0.0807692307692
113  7038.0  0.0807692307692
114  7038.0  0.0807692307692
115  7038.0  0.0807692307692
116  7038.0  0.0807692307692
117  7038.0  0.0807692307692
118  7038.0  0.0807692307692
119  7038.0  0.0807692307692
120  7038.0  0.0807692307692
121  7038.0  0.0807692307692
122  7038.0  0.0807692307692
123  7038.0  0.0807692307692
124  7038.0  0.0807692307692
125  7038.0  0.0807692307692
126  7038.0  0.0807692307692
127  7038.0  0.0807692307692
128  7038.0  0.0807692307692
129  7038.0  0.0807692307692
130  7038.0  0.0807692307692
131  7038.0  0.0807692307692
132  7038.0  0.0807692307692
133  7038.0  0.0807692307692
134  7038.0  0.0807692307692
135  7038.0  0.0807692307692
136  7038.0  0.0807692307692
137  7038.0  0.0807692307692
138  7038.0  0.0807692307692
139  7038.0  0.0807692307692
140  7038.0  0.0807692307692
141  7038.0  0.0807692307692
142  7038.0  0.0807692307692
143  7038.0  0.0807692307692
144  7038.0  0.0807692307692
145  7038.0  0.0807692307692
146  7038.0  0.0807692307692
147  7038.0  0.0807692307692
148  7038.0  0.0807692307692
149  7038.0  0.0807692307692
150  7038.0  0.0807692307692
151  7038.0  0.0807692307692
152  7038.0  0.0807692307692
153  7038.0  0.0807692307692
154  7038.0  0.0807692307692
155  7038.0  0.0807692307692
156  7038.0  0.0807692307692
157  7038.0  0.0807692307692
158  7038.0  0.0807692307692
159  7038.0  0.0807692307692
160  7038.0  0.0807692307692
161  7038.0  0.0807692307692
162  7038.0  0.0807692307692
163  7038.0  0.0807692307692
164  7038.0  0.0807692307692
165  7038.0  0.0807692307692
166  7038.0  0.0807692307692
167  7038.0  0.0807692307692
168  7038.0  0.0807692307692
169  7038.0  0.0807692307692
170  7038.0  0.0807692307692
171  7038.0  0.0807692307692
172  7038.0  0.0807692307692
173  7038.0  0.0807692307692
174  7038.0  0.0807692307692
175  7038.0  0.0807692307692
176  7038.0  0.0807692307692
177  7038.0  0.0807692307692
178  7038.0  0.0807692307692
179  7038.0  0.0807692307692
180  7038.0  0.0807692307692
181  7038.0  0.0807692307692
182  7038.0  0.0807692307692
183  7038.0  0.0807692307692
184  7038.0  0.0807692307692
185  7038.0  0.0807692307692
186  7038.0  0.0807692307692
187  7038.0  0.0807692307692
188  7038.0  0.0807692307692
189  7038.0  0.0807692307692
190  7038.0  0.0807692307692
191  7038.0  0.0807692307692
192  7038.0  0.0807692307692
193  7038.0  0.0807692307692
194  7038.0  0.0807692307692
195  7038.0  0.0807692307692
196  7038.0  0.0807692307692
197  7038.0  0.0807692307692
198  7038.0  0.0807692307692
199  7038.0  0.0807692307692
200  7038.0  0.0807692307692
201  7038.0  0.0807692307692
202  7038.0  0.0807692307692
203  7038.0  0.0807692307692
204  7038.0  0.0807692307692
205  7038.0  0.0807692307692
206  7038.0  0.0807692307692
207  7038.0  0.0807692307692
208  7038.0  0.0807692307692
209  7038.0  0.0807692307692
210  7038.0  0.0807692307692
211  7038.0  0.0807692307692
212  7038.0  0.0807692307692
213  7038.0  0.0807692307692
214  7038.0  0.0807692307692
215  7038.0  0.0807692307692
216  7038.0  0.0807692307692
217  7038.0  0.0807692307692
218  7038.0  0.0807692307692
219  7038.0  0.0807692307692
220  7038.0  0.0807692307692
221  7038.0  0.0807692307692
222  7038.0  0.0807692307692
223  7038.0  0.0807692307692
224  7038.0  0.0807692307692
225  7038.0  0.0807692307692
226  7038.0  0.0807692307692
227  7038.0  0.0807692307692
228  7038.0  0.0807692307692
229  7038.0  0.0807692307692
230  7038.0  0.0807692307692
231  7038.0  0.0807692307692
232  7038.0  0.0807692307692
233  7038.0  0.0807692307692
234  7038.0  0.0807692307692
235  7038.0  0.0807692307692
236  7038.0  0.0807692307692
237  7038.0  0.0807692307692
238  7038.0  0.0807692307692
239  7038.0  0.0807692307692
240  7038.0  0.0807692307692
241  7038.0  0.0807692307692
242  7038.0  0.0807692307692
243  7038.0  0.0807692307692
244  7038.0  0.0807692307692
245  7038.0  0.0807692307692
246  7038.0  0.0807692307692
247  7038.0  0.0807692307692
248  7038.0  0.0807692307692
249  7038.0  0.0807692307692
250  7038.0  0.0807692307692
251  7038.0  0.0807692307692
252  7038.0  0.0807692307692
253  7038.0  0.0807692307692
254  7038.0  0.0807692307692
255  7038.0  0.0807692307692
256  7038.0  0.0807692307692
257  7038.0  0.0807692307692
258  7038.0  0.0807692307692
259  7038.0  0.0807692307692
260  7038.0  0.0807692307692
261  7038.0  0.0807692307692
262  7038.0  0.0807692307692
263  7038.0  0.0807692307692
264  7038.0  0.0807692307692
265  7038.0  0.0807692307692
266  7038.0  0.0807692307692
267  7038.0  0.0807692307692
268  7038.0  0.0807692307692
269  7038.0  0.0807692307692
270  7038.0  0.0807692307692
271  7038.0  0.0807692307692
272  7038.0  0.0807692307692
273  7038.0  0.0807692307692
274  7038.0  0.0807692307692
275  7038.0  0.0807692307692
276  7038.0  0.0807692307692
277  7038.0  0.0807692307692
278  7038.0  0.0807692307692
279  7038.0  0.0807692307692
280  7038.0  0.0807692307692
281  7038.0  0.0807692307692
282  7038.0  0.0807692307692
283  7038.0  0.0807692307692
284  7062.5  0.0884615384615
285  7066.0  0.0884615384615
286  7066.0  0.0884615384615
287  7066.0  0.0884615384615
288  7066.0  0.0884615384615
289  7066.0  0.0884615384615
290  7066.0  0.0884615384615
291  7066.0  0.0884615384615
292  7066.0  0.0884615384615
293  7066.0  0.0884615384615
294  7066.0  0.0884615384615
295  7066.0  0.0884615384615
296  7066.0  0.0884615384615
297  7066.0  0.0884615384615
298  7066.0  0.0884615384615
299  7066.0  0.0884615384615
300  7066.0  0.0884615384615
301  7066.0  0.0884615384615
302  7066.0  0.0884615384615
303  7066.0  0.0884615384615
304  7066.0  0.0884615384615
305  7066.0  0.0884615384615
306  7066.0  0.0884615384615
307  7066.0  0.0884615384615
308  7066.0  0.0884615384615
309  7066.0  0.0884615384615
310  7066.0  0.0884615384615
311  7066.0  0.0884615384615
312  7066.0  0.0884615384615
313  7066.0  0.0884615384615
314  7066.0  0.0884615384615
315  7066.0  0.0884615384615
316  7066.0  0.0884615384615
317  7066.0  0.0884615384615
318  7066.0  0.0884615384615
319  7066.0  0.0884615384615
320  7066.0  0.0884615384615
321  7066.0  0.0884615384615
322  7066.0  0.0884615384615
323  7066.0  0.0884615384615
324  7066.0  0.0884615384615
325  7066.0  0.0884615384615
326  7066.0  0.0884615384615
327  7066.0  0.0884615384615
328  7066.0  0.0884615384615
329  7066.0  0.0884615384615
330  7066.0  0.0884615384615
331  7066.0  0.0884615384615
332  7066.0  0.0884615384615
333  7066.0  0.0884615384615
334  7066.0  0.0884615384615
335  7066.0  0.0884615384615
336  7066.0  0.0884615384615
337  7066.0  0.0884615384615
338  7066.0  0.0884615384615
339  7066.0  0.0884615384615
340  7066.0  0.0884615384615
341  7066.0  0.0884615384615
342  7066.0  0.0884615384615
343  7066.0  0.0884615384615
344  7066.0  0.0884615384615
345  7066.0  0.0884615384615
346  7066.0  0.0884615384615
347  7066.0  0.0884615384615
348  7066.0  0.0884615384615
349  7066.0  0.0884615384615
350  7066.0  0.0884615384615
351  7066.0  0.0884615384615
352  7066.0  0.0884615384615
353  7066.0  0.0884615384615
354  7066.0  0.0884615384615
355  7066.0  0.0884615384615
356  7066.0  0.0884615384615
357  7066.0  0.0884615384615
358  7066.0  0.0884615384615
359  7066.0  0.0884615384615
360  7066.0  0.0884615384615
361  7066.0  0.0884615384615
362  7066.0  0.0884615384615
363  7066.0  0.0884615384615
364  7066.0  0.0884615384615
365  7066.0  0.0884615384615
366  7066.0  0.0884615384615
367  7066.0  0.0884615384615
368  7066.0  0.0884615384615
369  7066.0  0.0884615384615
370  7066.0  0.0884615384615
371  7066.0  0.0884615384615
372  7066.0  0.0884615384615
373  7066.0  0.0884615384615
374  7066.0  0.0884615384615
375  7066.0  0.0884615384615
376  7066.0  0.0884615384615
377  7066.0  0.0884615384615
378  7066.0  0.0884615384615
379  7066.0  0.0884615384615
380  7066.0  0.0884615384615
381  7066.0  0.0884615384615
382  7066.0  0.0884615384615
383  7066.0  0.0884615384615
384  7066.0  0.0884615384615
385  7066.0  0.0884615384615
386  7066.0  0.0884615384615
387  7066.0  0.0884615384615
388  7066.0  0.0884615384615
389  7066.0  0.0884615384615
390  7066.0  0.0884615384615
391  7066.0  0.0884615384615
392  7066.0  0.0884615384615
393  7066.0  0.0884615384615
394  7066.0  0.0884615384615
395  7066.0  0.0884615384615
396  7066.0  0.0884615384615
397  7066.0  0.0884615384615
398  7066.0  0.0884615384615
399  7066.0  0.0884615384615
400  7066.0  0.0884615384615
401  7066.0  0.0884615384615
402  7066.0  0.0884615384615
403  7066.0  0.0884615384615
404  7066.0  0.0884615384615
405  7066.0  0.0884615384615
406  7066.0  0.0884615384615
407  7066.0  0.0884615384615
408  7066.0  0.0884615384615
409  7066.0  0.0884615384615
410  7066.0  0.0884615384615
411  7066.0  0.0884615384615
412  7066.0  0.0884615384615
413  7066.0  0.0884615384615
414  7066.0  0.0884615384615
415  7066.0  0.0884615384615
416  7066.0  0.0884615384615
417  7059.0  0.0807692307692
418  7059.0  0.0807692307692
419  7059.0  0.0807692307692
420  7059.0  0.0807692307692
421  7059.0  0.0807692307692
422  7059.0  0.0807692307692
423  7059.0  0.0807692307692
424  7059.0  0.0807692307692
425  7059.0  0.0807692307692
426  7059.0  0.0807692307692
427  7059.0  0.0807692307692
428  7059.0  0.0807692307692
429  7059.0  0.0807692307692
430  7059.0  0.0807692307692
431  7059.0  0.0807692307692
432  7059.0  0.0807692307692
433  7059.0  0.0807692307692
434  7059.0  0.0807692307692
435  7059.0  0.0807692307692
436  7059.0  0.0807692307692
437  7059.0  0.0807692307692
438  7059.0  0.0807692307692
439  7059.0  0.0807692307692
440  7059.0  0.0807692307692
441  7059.0  0.0807692307692
442  7059.0  0.0807692307692
443  7059.0  0.0807692307692
444  7059.0  0.0807692307692
445  7059.0  0.0807692307692
446  7059.0  0.0807692307692
447  7059.0  0.0807692307692
448  7059.0  0.0807692307692
449  7059.0  0.0807692307692
450  7059.0  0.0807692307692
451  7059.0  0.0807692307692
452  7059.0  0.0807692307692
453  7059.0  0.0807692307692
454  7059.0  0.0807692307692
455  7059.0  0.0807692307692
456  7059.0  0.0807692307692
457  7059.0  0.0807692307692
458  7059.0  0.0807692307692
459  7059.0  0.0807692307692
460  7059.0  0.0807692307692
461  7059.0  0.0807692307692
462  7059.0  0.0807692307692
463  7059.0  0.0807692307692
464  7059.0  0.0807692307692
465  7059.0  0.0807692307692
466  7059.0  0.0807692307692
467  7059.0  0.0807692307692
468  7059.0  0.0807692307692
469  7059.0  0.0807692307692
470  7059.0  0.0807692307692
471  7059.0  0.0807692307692
472  7059.0  0.0807692307692
473  7059.0  0.0807692307692
474  7059.0  0.0807692307692
475  7059.0  0.0807692307692
476  7059.0  0.0807692307692
477  7059.0  0.0807692307692
478  7059.0  0.0807692307692
479  7059.0  0.0807692307692
480  7059.0  0.0807692307692
481  7059.0  0.0807692307692
482  7059.0  0.0807692307692
483  7059.0  0.0807692307692
484  7059.0  0.0807692307692
485  7059.0  0.0807692307692
486  7059.0  0.0807692307692
487  7059.0  0.0807692307692
488  7059.0  0.0807692307692
489  7059.0  0.0807692307692
490  7059.0  0.0807692307692
491  7059.0  0.0807692307692
492  7059.0  0.0807692307692
493  7059.0  0.0807692307692
494  7059.0  0.0807692307692
495  7059.0  0.0807692307692
496  7059.0  0.0807692307692
497  7059.0  0.0807692307692
498  7059.0  0.0807692307692
499  7059.0  0.0807692307692
500  7059.0  0.0807692307692
501  7059.0  0.0807692307692
502  7059.0  0.0807692307692
503  7059.0  0.0807692307692
504  7059.0  0.0807692307692
505  7059.0  0.0807692307692
506  7059.0  0.0807692307692
507  7059.0  0.0807692307692
508  7059.0  0.0807692307692
509  7059.0  0.0807692307692
510  7059.0  0.0807692307692
511  7059.0  0.0807692307692
512  7152.0  0.0692307692308
513  7152.0  0.0692307692308
514  7152.0  0.0692307692308
515  7152.0  0.0692307692308
516  7152.0  0.0692307692308
517  7152.0  0.0692307692308
518  7152.0  0.0692307692308
519  7152.0  0.0692307692308
520  7152.0  0.0692307692308
521  7152.0  0.0692307692308
522  7152.0  0.0692307692308
523  7152.0  0.0692307692308
524  7152.0  0.0692307692308
525  7152.0  0.0692307692308
526  7152.0  0.0692307692308
527  7152.0  0.0692307692308
528  7152.0  0.0692307692308
529  7152.0  0.0692307692308
530  7152.0  0.0692307692308
531  7152.0  0.0692307692308
532  7152.0  0.0692307692308
533  7152.0  0.0692307692308
534  7152.0  0.0692307692308
535  7152.0  0.0692307692308
536  7152.0  0.0692307692308
537  7152.0  0.0692307692308
538  7152.0  0.0692307692308
539  7152.0  0.0692307692308
540  7152.0  0.0692307692308
541  7152.0  0.0692307692308
542  7152.0  0.0692307692308
543  7152.0  0.0692307692308
544  7152.0  0.0692307692308
545  7152.0  0.0692307692308
546  7152.0  0.0692307692308
547  7152.0  0.0692307692308
548  7152.0  0.0692307692308
549  7152.0  0.0692307692308
550  7152.0  0.0692307692308
551  7152.0  0.0692307692308
552  7152.0  0.0692307692308
553  7152.0  0.0692307692308
554  7152.0  0.0692307692308
555  7152.0  0.0692307692308
556  7152.0  0.0692307692308
557  7152.0  0.0692307692308
558  7152.0  0.0692307692308
559  7152.0  0.0692307692308
560  7152.0  0.0692307692308
561  7152.0  0.0692307692308
562  7152.0  0.0692307692308
563  7152.0  0.0692307692308
564  7152.0  0.0692307692308
565  7152.0  0.0692307692308
566  7152.0  0.0692307692308
567  7152.0  0.0692307692308
568  7152.0  0.0692307692308
569  7152.0  0.0692307692308
570  7152.0  0.0692307692308
571  7152.0  0.0692307692308
572  7152.0  0.0692307692308
573  7152.0  0.0692307692308
574  7152.0  0.0692307692308
575  7152.0  0.0692307692308
576  7152.0  0.0692307692308
577  7152.0  0.0692307692308
578  7152.0  0.0692307692308
579  7152.0  0.0692307692308
580  7152.0  0.0692307692308
581  7152.0  0.0692307692308
582  7152.0  0.0692307692308
583  7152.0  0.0692307692308
584  7152.0  0.0692307692308
585  7152.0  0.0692307692308
586  7152.0  0.0692307692308
587  7152.0  0.0692307692308
588  7152.0  0.0692307692308
589  7152.0  0.0692307692308
590  7152.0  0.0692307692308
591  7152.0  0.0692307692308
592  7152.0  0.0692307692308
593  7152.0  0.0692307692308
594  7152.0  0.0692307692308
595  7152.0  0.0692307692308
596  7152.0  0.0692307692308
597  7152.0  0.0692307692308
598  7152.0  0.0692307692308
599  7152.0  0.0692307692308
600  7152.0  0.0692307692308
601  7152.0  0.0692307692308
602  7152.0  0.0692307692308
603  7152.0  0.0692307692308
604  7152.0  0.0692307692308
605  7152.0  0.0692307692308
606  7152.0  0.0692307692308
607  7152.0  0.0692307692308
608  7152.0  0.0692307692308
609  7152.0  0.0692307692308
610  7152.0  0.0692307692308
611  7152.0  0.0692307692308
612  7152.0  0.0692307692308
613  7152.0  0.0692307692308
614  7152.0  0.0692307692308
615  7152.0  0.0692307692308
616  7152.0  0.0692307692308
617  7152.0  0.0692307692308
618  7152.0  0.0692307692308
619  7152.0  0.0692307692308
620  7152.0  0.0692307692308
621  7152.0  0.0692307692308
622  7152.0  0.0692307692308
623  7152.0  0.0692307692308
624  7152.0  0.0692307692308
625  7152.0  0.0692307692308
626  7152.0  0.0692307692308
627  7152.0  0.0692307692308
628  7152.0  0.0692307692308
629  7152.0  0.0692307692308
630  7152.0  0.0692307692308
631  7152.0  0.0692307692308
632  7152.0  0.0692307692308
633  7152.0  0.0692307692308
634  7152.0  0.0692307692308
635  7152.0  0.0692307692308
636  7152.0  0.0692307692308
637  7152.0  0.0692307692308
638  7152.0  0.0692307692308
639  7152.0  0.0692307692308
640  7152.0  0.0692307692308
641  7152.0  0.0692307692308
642  7152.0  0.0692307692308
643  7152.0  0.0692307692308
644  7152.0  0.0692307692308
645  7152.0  0.0692307692308
646  7152.0  0.0692307692308
647  7152.0  0.0692307692308
648  7152.0  0.0692307692308
649  7152.0  0.0692307692308
650  7152.0  0.0692307692308
651  7152.0  0.0692307692308
652  7152.0  0.0692307692308
653  7152.0  0.0692307692308
654  7152.0  0.0692307692308
655  7152.0  0.0692307692308
656  7152.0  0.0692307692308
657  7152.0  0.0692307692308
658  7152.0  0.0692307692308
659  7152.0  0.0692307692308
660  7152.0  0.0692307692308
661  7152.0  0.0692307692308
662  7152.0  0.0692307692308
663  7152.0  0.0692307692308
664  7152.0  0.0692307692308
665  7152.0  0.0692307692308
666  7152.0  0.0692307692308
667  7152.0  0.0692307692308
668  7152.0  0.0692307692308
669  7152.0  0.0692307692308
670  7152.0  0.0692307692308
671  7152.0  0.0692307692308
672  7152.0  0.0692307692308
673  7152.0  0.0692307692308
674  7152.0  0.0692307692308
675  7152.0  0.0692307692308
676  7152.0  0.0692307692308
677  7152.0  0.0692307692308
678  7152.0  0.0692307692308
679  7152.0  0.0692307692308
680  7152.0  0.0692307692308
681  7152.0  0.0692307692308
682  7152.0  0.0692307692308
683  7152.0  0.0692307692308
684  7152.0  0.0692307692308
685  7152.0  0.0692307692308
686  7152.0  0.0692307692308
687  7152.0  0.0692307692308
688  7152.0  0.0692307692308
689  7152.0  0.0692307692308
690  7152.0  0.0692307692308
691  7152.0  0.0692307692308
692  7152.0  0.0692307692308
693  7152.0  0.0692307692308
694  7152.0  0.0692307692308
695  7152.0  0.0692307692308
696  7152.0  0.0692307692308
697  7152.0  0.0692307692308
698  7152.0  0.0692307692308
699  7152.0  0.0692307692308
700  7152.0  0.0692307692308
701  7152.0  0.0692307692308
702  7152.0  0.0692307692308
703  7152.0  0.0692307692308
704  7152.0  0.0692307692308
705  7152.0  0.0692307692308
706  7152.0  0.0692307692308
707  7152.0  0.0692307692308
708  7152.0  0.0692307692308
709  7152.0  0.0692307692308
710  7152.0  0.0692307692308
711  7152.0  0.0692307692308
712  7152.0  0.0692307692308
713  7152.0  0.0692307692308
714  7152.0  0.0692307692308
715  7152.0  0.0692307692308
716  7152.0  0.0692307692308
717  7152.0  0.0692307692308
718  7152.0  0.0692307692308
719  7152.0  0.0692307692308
720  7152.0  0.0692307692308
721  7152.0  0.0692307692308
722  7152.0  0.0692307692308
723  7152.0  0.0692307692308
724  7152.0  0.0692307692308
725  7152.0  0.0692307692308
726  7152.0  0.0692307692308
727  7152.0  0.0692307692308
728  7152.0  0.0692307692308
729  7152.0  0.0692307692308
730  7152.0  0.0692307692308
731  7152.0  0.0692307692308
732  7152.0  0.0692307692308
733  7152.0  0.0692307692308
734  7152.0  0.0692307692308
735  7152.0  0.0692307692308
736  7152.0  0.0692307692308
737  7152.0  0.0692307692308
738  7152.0  0.0692307692308
739  7152.0  0.0692307692308
740  7152.0  0.0692307692308
741  7152.0  0.0692307692308
742  7152.0  0.0692307692308
743  7152.0  0.0692307692308
744  7152.0  0.0692307692308
745  7152.0  0.0692307692308
746  7152.0  0.0692307692308
747  7152.0  0.0692307692308
748  7152.0  0.0692307692308
749  7152.0  0.0692307692308
750  7152.0  0.0692307692308
751  7152.0  0.0692307692308
752  7152.0  0.0692307692308
753  7152.0  0.0692307692308
754  7152.0  0.0692307692308
755  7152.0  0.0692307692308
756  7152.0  0.0692307692308
757  7152.0  0.0692307692308
758  7152.0  0.0692307692308
759  7152.0  0.0692307692308
760  7152.0  0.0692307692308
761  7152.0  0.0692307692308
762  7152.0  0.0692307692308
763  7152.0  0.0692307692308
764  7152.0  0.0692307692308
765  7152.0  0.0692307692308
766  7152.0  0.0692307692308
767  7152.0  0.0692307692308
768  7152.0  0.0692307692308
769  7152.0  0.0692307692308
770  7152.0  0.0692307692308
771  7152.0  0.0692307692308
772  7152.0  0.0692307692308
773  7152.0  0.0692307692308
774  7152.0  0.0692307692308
775  7152.0  0.0692307692308
776  7152.0  0.0692307692308
777  7152.0  0.0692307692308
778  7152.0  0.0692307692308
779  7152.0  0.0692307692308
780  7152.0  0.0692307692308
781  7152.0  0.0692307692308
782  7152.0  0.0692307692308
783  7152.0  0.0692307692308
784  7152.0  0.0692307692308
785  7152.0  0.0692307692308
786  7152.0  0.0692307692308
787  7152.0  0.0692307692308
788  7152.0  0.0692307692308
789  7152.0  0.0692307692308
790  7152.0  0.0692307692308
791  7152.0  0.0692307692308
792  7152.0  0.0692307692308
793  7152.0  0.0692307692308
794  7152.0  0.0692307692308
795  7152.0  0.0692307692308
796  7152.0  0.0692307692308
797  7152.0  0.0692307692308
798  7152.0  0.0692307692308
799  7152.0  0.0692307692308
800  7152.0  0.0692307692308
801  7152.0  0.0692307692308
802  7152.0  0.0692307692308
803  7152.0  0.0692307692308
804  7152.0  0.0692307692308
805  7152.0  0.0692307692308
806  7152.0  0.0692307692308
807  7152.0  0.0692307692308
808  7152.0  0.0692307692308
809  7152.0  0.0692307692308
810  7152.0  0.0692307692308
811  7152.0  0.0692307692308
812  7152.0  0.0692307692308
813  7152.0  0.0692307692308
814  7152.0  0.0692307692308
815  7152.0  0.0692307692308
816  7152.0  0.0692307692308
817  7152.0  0.0692307692308
818  7152.0  0.0692307692308
819  7152.0  0.0692307692308
820  7152.0  0.0692307692308
821  7152.0  0.0692307692308
822  7152.0  0.0692307692308
823  7152.0  0.0692307692308
824  7152.0  0.0692307692308
825  7152.0  0.0692307692308
826  7152.0  0.0692307692308
827  7152.0  0.0692307692308
828  7152.0  0.0692307692308
829  7152.0  0.0692307692308
830  7152.0  0.0692307692308
831  7152.0  0.0692307692308
832  7152.0  0.0692307692308
833  7152.0  0.0692307692308
834  7152.0  0.0692307692308
835  7152.0  0.0692307692308
836  7152.0  0.0692307692308
837  7152.0  0.0692307692308
838  7152.0  0.0692307692308
839  7152.0  0.0692307692308
840  7152.0  0.0692307692308
841  7152.0  0.0692307692308
842  7152.0  0.0692307692308
843  7152.0  0.0692307692308
844  7152.0  0.0692307692308
845  7152.0  0.0692307692308
846  7152.0  0.0692307692308
847  7152.0  0.0692307692308
848  7152.0  0.0692307692308
849  7152.0  0.0692307692308
850  7152.0  0.0692307692308
851  7152.0  0.0692307692308
852  7152.0  0.0692307692308
853  7152.0  0.0692307692308
854  7152.0  0.0692307692308
855  7152.0  0.0692307692308
856  7152.0  0.0692307692308
857  7152.0  0.0692307692308
858  7152.0  0.0692307692308
859  7152.0  0.0692307692308
860  7152.0  0.0692307692308
861  7152.0  0.0692307692308
862  7152.0  0.0692307692308
863  7152.0  0.0692307692308
864  7152.0  0.0692307692308
865  7152.0  0.0692307692308
866  7152.0  0.0692307692308
867  7152.0  0.0692307692308
868  7152.0  0.0692307692308
869  7152.0  0.0692307692308
870  7152.0  0.0692307692308
871  7152.0  0.0692307692308
872  7152.0  0.0692307692308
873  7328.0  0.0538461538462
874  7328.0  0.0538461538462
875  7328.0  0.0538461538462
876  7328.0  0.0538461538462
877  7328.0  0.0538461538462
878  7328.0  0.0538461538462
879  7328.0  0.0538461538462
880  7328.0  0.0538461538462
881  7328.0  0.0538461538462
882  7328.0  0.0538461538462
883  7328.0  0.0538461538462
884  7328.0  0.0538461538462
885  7328.0  0.0538461538462
886  7328.0  0.0538461538462
887  7328.0  0.0538461538462
888  7328.0  0.0538461538462
889  7328.0  0.0538461538462
890  7328.0  0.0538461538462
891  7328.0  0.0538461538462
892  7328.0  0.0538461538462
893  7328.0  0.0538461538462
894  7328.0  0.0538461538462
895  7328.0  0.0538461538462
896  7328.0  0.0538461538462
897  7328.0  0.0538461538462
898  7328.0  0.0538461538462
899  7328.0  0.0538461538462
900  7328.0  0.0538461538462
901  7328.0  0.0538461538462
902  7328.0  0.0538461538462
903  7328.0  0.0538461538462
904  7328.0  0.0538461538462
905  7328.0  0.0538461538462
906  7328.0  0.0538461538462
907  7328.0  0.0538461538462
908  7328.0  0.0538461538462
909  7328.0  0.0538461538462
910  7328.0  0.0538461538462
911  7328.0  0.0538461538462
912  7328.0  0.0538461538462
913  7328.0  0.0538461538462
914  7328.0  0.0538461538462
915  7328.0  0.0538461538462
916  7328.0  0.0538461538462
917  7328.0  0.0538461538462
918  7328.0  0.0538461538462
919  7328.0  0.0538461538462
920  7328.0  0.0538461538462
921  7328.0  0.0538461538462
922  7328.0  0.0538461538462
923  7328.0  0.0538461538462
924  7328.0  0.0538461538462
925  7328.0  0.0538461538462
926  7328.0  0.0538461538462
927  7328.0  0.0538461538462
928  7328.0  0.0538461538462
929  7328.0  0.0538461538462
930  7328.0  0.0538461538462
931  7328.0  0.0538461538462
932  7328.0  0.0538461538462
933  7328.0  0.0538461538462
934  7328.0  0.0538461538462
935  7328.0  0.0538461538462
936  7328.0  0.0538461538462
937  7328.0  0.0538461538462
938  7328.0  0.0538461538462
939  7328.0  0.0538461538462
940  7328.0  0.0538461538462
941  7328.0  0.0538461538462
942  7328.0  0.0538461538462
943  7328.0  0.0538461538462
944  7328.0  0.0538461538462
945  7328.0  0.0538461538462
946  7328.0  0.0538461538462
947  7328.0  0.0538461538462
948  7328.0  0.0538461538462
949  7328.0  0.0538461538462
950  7328.0  0.0538461538462
951  7328.0  0.0538461538462
952  7328.0  0.0538461538462
953  7328.0  0.0538461538462
954  7328.0  0.0538461538462
955  7328.0  0.0538461538462
956  7328.0  0.0538461538462
957  7328.0  0.0538461538462
958  7328.0  0.0538461538462
959  7328.0  0.0538461538462
960  7328.0  0.0538461538462
961  7328.0  0.0538461538462
962  7328.0  0.0538461538462
963  7328.0  0.0538461538462
964  7328.0  0.0538461538462
965  7328.0  0.0538461538462
966  7328.0  0.0538461538462
967  7328.0  0.0538461538462
968  7328.0  0.0538461538462
969  7328.0  0.0538461538462
970  7328.0  0.0538461538462
971  7328.0  0.0538461538462
972  7328.0  0.0538461538462
973  7328.0  0.0538461538462
974  7328.0  0.0538461538462
975  7328.0  0.0538461538462
976  7328.0  0.0538461538462
977  7328.0  0.0538461538462
978  7328.0  0.0538461538462
979  7328.0  0.0538461538462
980  7328.0  0.0538461538462
981  7328.0  0.0538461538462
982  7328.0  0.0538461538462
983  7328.0  0.0538461538462
984  7328.0  0.0538461538462
985  7328.0  0.0538461538462
986  7328.0  0.0538461538462
987  7328.0  0.0538461538462
988  7328.0  0.0538461538462
989  7328.0  0.0538461538462
990  7328.0  0.0538461538462
991  7328.0  0.0538461538462
992  7328.0  0.0538461538462
993  7328.0  0.0538461538462
994  7328.0  0.0538461538462
995  7328.0  0.0538461538462
996  7328.0  0.0538461538462
997  7328.0  0.0538461538462
998  7328.0  0.0538461538462
999  7328.0  0.0538461538462
1000  7328.0  0.0538461538462
1001  7328.0  0.0538461538462
1002  7328.0  0.0538461538462
1003  7328.0  0.0538461538462
1004  7328.0  0.0538461538462
1005  7328.0  0.0538461538462
1006  7328.0  0.0538461538462
1007  7328.0  0.0538461538462
1008  7328.0  0.0538461538462
1009  7328.0  0.0538461538462
1010  7328.0  0.0538461538462
1011  7328.0  0.0538461538462
1012  7328.0  0.0538461538462
1013  7328.0  0.0538461538462
1014  7328.0  0.0538461538462
1015  7328.0  0.0538461538462
1016  7328.0  0.0538461538462
1017  7328.0  0.0538461538462
1018  7328.0  0.0538461538462
1019  7328.0  0.0538461538462
1020  7328.0  0.0538461538462
1021  7328.0  0.0538461538462
1022  7328.0  0.0538461538462
1023  7328.0  0.0538461538462
1024  7328.0  0.0538461538462
1025  7328.0  0.0538461538462
1026  7328.0  0.0538461538462
1027  7328.0  0.0538461538462
1028  7328.0  0.0538461538462
1029  7328.0  0.0538461538462
1030  7328.0  0.0538461538462
1031  7328.0  0.0538461538462
1032  7328.0  0.0538461538462
1033  7328.0  0.0538461538462
1034  7328.0  0.0538461538462
1035  7328.0  0.0538461538462
1036  7328.0  0.0538461538462
1037  7328.0  0.0538461538462
1038  7328.0  0.0538461538462
1039  7328.0  0.0538461538462
1040  7328.0  0.0538461538462
1041  7328.0  0.0538461538462
1042  7328.0  0.0538461538462
1043  7328.0  0.0538461538462
1044  7328.0  0.0538461538462
1045  7328.0  0.0538461538462
1046  7328.0  0.0538461538462
1047  7328.0  0.0538461538462
1048  7328.0  0.0538461538462
1049  7328.0  0.0538461538462
1050  7328.0  0.0538461538462
1051  7328.0  0.0538461538462
1052  7328.0  0.0538461538462
1053  7328.0  0.0538461538462
1054  7328.0  0.0538461538462
1055  7328.0  0.0538461538462
1056  7328.0  0.0538461538462
1057  7328.0  0.0538461538462
1058  7328.0  0.0538461538462
1059  7328.0  0.0538461538462
1060  7328.0  0.0538461538462
1061  7328.0  0.0538461538462
1062  7328.0  0.0538461538462
1063  7328.0  0.0538461538462
1064  7328.0  0.0538461538462
1065  7328.0  0.0538461538462
1066  7328.0  0.0538461538462
1067  7328.0  0.0538461538462
1068  7328.0  0.0538461538462
1069  7328.0  0.0538461538462
1070  7328.0  0.0538461538462
1071  7328.0  0.0538461538462
1072  7328.0  0.0538461538462
1073  7328.0  0.0538461538462
1074  7328.0  0.0538461538462
1075  7328.0  0.0538461538462
1076  7328.0  0.0538461538462
1077  7328.0  0.0538461538462
1078  7328.0  0.0538461538462
1079  7328.0  0.0538461538462
1080  7328.0  0.0538461538462
1081  7328.0  0.0538461538462
1082  7328.0  0.0538461538462
1083  7328.0  0.0538461538462
1084  7328.0  0.0538461538462
1085  7328.0  0.0538461538462
1086  7328.0  0.0538461538462
1087  7328.0  0.0538461538462
1088  7328.0  0.0538461538462
1089  7328.0  0.0538461538462
1090  7328.0  0.0538461538462
1091  7328.0  0.0538461538462
1092  7328.0  0.0538461538462
1093  7328.0  0.0538461538462
1094  7328.0  0.0538461538462
1095  7328.0  0.0538461538462
1096  7328.0  0.0538461538462
1097  7328.0  0.0538461538462
1098  7328.0  0.0538461538462
1099  7328.0  0.0538461538462
1100  7328.0  0.0538461538462
1101  7328.0  0.0538461538462
1102  7328.0  0.0538461538462
1103  7328.0  0.0538461538462
1104  7328.0  0.0538461538462
1105  7328.0  0.0538461538462
1106  7328.0  0.0538461538462
1107  7328.0  0.0538461538462
1108  7328.0  0.0538461538462
1109  7328.0  0.0538461538462
1110  7328.0  0.0538461538462
1111  7328.0  0.0538461538462
1112  7328.0  0.0538461538462
1113  7328.0  0.0538461538462
1114  7328.0  0.0538461538462
1115  7328.0  0.0538461538462
1116  7328.0  0.0538461538462
1117  7328.0  0.0538461538462
1118  7328.0  0.0538461538462
1119  7328.0  0.0538461538462
1120  7328.0  0.0538461538462
1121  7328.0  0.0538461538462
1122  7328.0  0.0538461538462
1123  7328.0  0.0538461538462
1124  7328.0  0.0538461538462
1125  7328.0  0.0538461538462
1126  7328.0  0.0538461538462
1127  7328.0  0.0538461538462
1128  7328.0  0.0538461538462
1129  7328.0  0.0538461538462
1130  7328.0  0.0538461538462
1131  7328.0  0.0538461538462
1132  7328.0  0.0538461538462
1133  7328.0  0.0538461538462
1134  7328.0  0.0538461538462
1135  7328.0  0.0538461538462
1136  7328.0  0.0538461538462
1137  7328.0  0.0538461538462
1138  7328.0  0.0538461538462
1139  7328.0  0.0538461538462
1140  7328.0  0.0538461538462
1141  7328.0  0.0538461538462
1142  7328.0  0.0538461538462
1143  7328.0  0.0538461538462
1144  7328.0  0.0538461538462
1145  7328.0  0.0538461538462
1146  7328.0  0.0538461538462
1147  7328.0  0.0538461538462
1148  7328.0  0.0538461538462
1149  7328.0  0.0538461538462
1150  7328.0  0.0538461538462
1151  7328.0  0.0538461538462
1152  7328.0  0.0538461538462
1153  7328.0  0.0538461538462
1154  7328.0  0.0538461538462
1155  7328.0  0.0538461538462
1156  7328.0  0.0538461538462
1157  7328.0  0.0538461538462
1158  7328.0  0.0538461538462
1159  7328.0  0.0538461538462
1160  7328.0  0.0538461538462
1161  7328.0  0.0538461538462
1162  7328.0  0.0538461538462
1163  7328.0  0.0538461538462
1164  7328.0  0.0538461538462
1165  7328.0  0.0538461538462
1166  7328.0  0.0538461538462
1167  7328.0  0.0538461538462
1168  7328.0  0.0538461538462
1169  7328.0  0.0538461538462
1170  7328.0  0.0538461538462
1171  7328.0  0.0538461538462
1172  7328.0  0.0538461538462
1173  7328.0  0.0538461538462
1174  7328.0  0.0538461538462
1175  7328.0  0.0538461538462
1176  7328.0  0.0538461538462
1177  7328.0  0.0538461538462
1178  7328.0  0.0538461538462
1179  7328.0  0.0538461538462
1180  7328.0  0.0538461538462
1181  7328.0  0.0538461538462
1182  7328.0  0.0538461538462
1183  7328.0  0.0538461538462
1184  7328.0  0.0538461538462
1185  7328.0  0.0538461538462
1186  7328.0  0.0538461538462
1187  7328.0  0.0538461538462
1188  7328.0  0.0538461538462
1189  7328.0  0.0538461538462
1190  7328.0  0.0538461538462
1191  7328.0  0.0538461538462
1192  7328.0  0.0538461538462
1193  7328.0  0.0538461538462
1194  7328.0  0.0538461538462
1195  7328.0  0.0538461538462
1196  7328.0  0.0538461538462
1197  7328.0  0.0538461538462
1198  7328.0  0.0538461538462
1199  7328.0  0.0538461538462
1200  7328.0  0.0538461538462
1201  7328.0  0.0538461538462
1202  7328.0  0.0538461538462
1203  7328.0  0.0538461538462
1204  7328.0  0.0538461538462
1205  7328.0  0.0538461538462
1206  7328.0  0.0538461538462
1207  7328.0  0.0538461538462
1208  7328.0  0.0538461538462
1209  7328.0  0.0538461538462
1210  7328.0  0.0538461538462
1211  7328.0  0.0538461538462
1212  7328.0  0.0538461538462
1213  7328.0  0.0538461538462
1214  7328.0  0.0538461538462
1215  7328.0  0.0538461538462
1216  7328.0  0.0538461538462
1217  7328.0  0.0538461538462
1218  7328.0  0.0538461538462
1219  7328.0  0.0538461538462
1220  7328.0  0.0538461538462
1221  7328.0  0.0538461538462
1222  7328.0  0.0538461538462
1223  7328.0  0.0538461538462
1224  7328.0  0.0538461538462
1225  7328.0  0.0538461538462
1226  7328.0  0.0538461538462
1227  7328.0  0.0538461538462
1228  7328.0  0.0538461538462
1229  7328.0  0.0538461538462
1230  7328.0  0.0538461538462
1231  7328.0  0.0538461538462
1232  7328.0  0.0538461538462
1233  7328.0  0.0538461538462
1234  7328.0  0.0538461538462
1235  7328.0  0.0538461538462
1236  7328.0  0.0538461538462
1237  7328.0  0.0538461538462
1238  7328.0  0.0538461538462
1239  7328.0  0.0538461538462
1240  7328.0  0.0538461538462
1241  7328.0  0.0538461538462
1242  7328.0  0.0538461538462
1243  7328.0  0.0538461538462
1244  7328.0  0.0538461538462
1245  7328.0  0.0538461538462
1246  7328.0  0.0538461538462
1247  7328.0  0.0538461538462
1248  7328.0  0.0538461538462
1249  7328.0  0.0538461538462
1250  7328.0  0.0538461538462
1251  7328.0  0.0538461538462
1252  7328.0  0.0538461538462
1253  7328.0  0.0538461538462
1254  7328.0  0.0538461538462
1255  7328.0  0.0538461538462
1256  7328.0  0.0538461538462
1257  7328.0  0.0538461538462
1258  7328.0  0.0538461538462
1259  7328.0  0.0538461538462
1260  7328.0  0.0538461538462
1261  7328.0  0.0538461538462
1262  7328.0  0.0538461538462
1263  7328.0  0.0538461538462
1264  7328.0  0.0538461538462
1265  7328.0  0.0538461538462
1266  7328.0  0.0538461538462
1267  7328.0  0.0538461538462
1268  7328.0  0.0538461538462
1269  7328.0  0.0538461538462
1270  7328.0  0.0538461538462
1271  7328.0  0.0538461538462
1272  7328.0  0.0538461538462
1273  7328.0  0.0538461538462
1274  7328.0  0.0538461538462
1275  7328.0  0.0538461538462
1276  7328.0  0.0538461538462
1277  7328.0  0.0538461538462
1278  7328.0  0.0538461538462
1279  7328.0  0.0538461538462
1280  7328.0  0.0538461538462
1281  7328.0  0.0538461538462
1282  7328.0  0.0538461538462
1283  7328.0  0.0538461538462
1284  7328.0  0.0538461538462
1285  7328.0  0.0538461538462
1286  7328.0  0.0538461538462
1287  7328.0  0.0538461538462
1288  7328.0  0.0538461538462
1289  7328.0  0.0538461538462
1290  7328.0  0.0538461538462
1291  7328.0  0.0538461538462
1292  7328.0  0.0538461538462
1293  7328.0  0.0538461538462
1294  7328.0  0.0538461538462
1295  7328.0  0.0538461538462
1296  7328.0  0.0538461538462
1297  7328.0  0.0538461538462
1298  7328.0  0.0538461538462
1299  7328.0  0.0538461538462
1300  7328.0  0.0538461538462
1301  7328.0  0.0538461538462
1302  7328.0  0.0538461538462
1303  7328.0  0.0538461538462
1304  7328.0  0.0538461538462
1305  7328.0  0.0538461538462
1306  7328.0  0.0538461538462
1307  7328.0  0.0538461538462
1308  7328.0  0.0538461538462
1309  7328.0  0.0538461538462
1310  7328.0  0.0538461538462
1311  7328.0  0.0538461538462
1312  7328.0  0.0538461538462
1313  7328.0  0.0538461538462
1314  7328.0  0.0538461538462
1315  7328.0  0.0538461538462
1316  7328.0  0.0538461538462
1317  7328.0  0.0538461538462
1318  7328.0  0.0538461538462
1319  7328.0  0.0538461538462
1320  7328.0  0.0538461538462
1321  7328.0  0.0538461538462
1322  7328.0  0.0538461538462
1323  7328.0  0.0538461538462
1324  7328.0  0.0538461538462
1325  7328.0  0.0538461538462
1326  7328.0  0.0538461538462
1327  7328.0  0.0538461538462
1328  7328.0  0.0538461538462
1329  7328.0  0.0538461538462
1330  7328.0  0.0538461538462
1331  7328.0  0.0538461538462
1332  7328.0  0.0538461538462
1333  7328.0  0.0538461538462
1334  7328.0  0.0538461538462
1335  7328.0  0.0538461538462
1336  7328.0  0.0538461538462
1337  7328.0  0.0538461538462
1338  7328.0  0.0538461538462
1339  7328.0  0.0538461538462
1340  7328.0  0.0538461538462
1341  7328.0  0.0538461538462
1342  7328.0  0.0538461538462
1343  7328.0  0.0538461538462
1344  7328.0  0.0538461538462
1345  7328.0  0.0538461538462
1346  7328.0  0.0538461538462
1347  7328.0  0.0538461538462
1348  7328.0  0.0538461538462
1349  7328.0  0.0538461538462
1350  7328.0  0.0538461538462
1351  7328.0  0.0538461538462
1352  7328.0  0.0538461538462
1353  7328.0  0.0538461538462
1354  7328.0  0.0538461538462
1355  7328.0  0.0538461538462
1356  7328.0  0.0538461538462
1357  7328.0  0.0538461538462
1358  7328.0  0.0538461538462
1359  7328.0  0.0538461538462
1360  7328.0  0.0538461538462
1361  7328.0  0.0538461538462
1362  7328.0  0.0538461538462
1363  7328.0  0.0538461538462
1364  7328.0  0.0538461538462
1365  7328.0  0.0538461538462
1366  7328.0  0.0538461538462
1367  7328.0  0.0538461538462
1368  7328.0  0.0538461538462
1369  7328.0  0.0538461538462
1370  7328.0  0.0538461538462
1371  7328.0  0.0538461538462
1372  7328.0  0.0538461538462
1373  7328.0  0.0538461538462
1374  7328.0  0.0538461538462
1375  7328.0  0.0538461538462
1376  7328.0  0.0538461538462
1377  7328.0  0.0538461538462
1378  7328.0  0.0538461538462
1379  7328.0  0.0538461538462
1380  7328.0  0.0538461538462
1381  7328.0  0.0538461538462
1382  7328.0  0.0538461538462
1383  7328.0  0.0538461538462
1384  7328.0  0.0538461538462
1385  7328.0  0.0538461538462
1386  7328.0  0.0538461538462
1387  7328.0  0.0538461538462
1388  7328.0  0.0538461538462
1389  7328.0  0.0538461538462
1390  7328.0  0.0538461538462
1391  7328.0  0.0538461538462
1392  7328.0  0.0538461538462
1393  7328.0  0.0538461538462
1394  7328.0  0.0538461538462
1395  7328.0  0.0538461538462
1396  7328.0  0.0538461538462
1397  7328.0  0.0538461538462
1398  7328.0  0.0538461538462
1399  7328.0  0.0538461538462
1400  7328.0  0.0538461538462
1401  7328.0  0.0538461538462
1402  7328.0  0.0538461538462
1403  7328.0  0.0538461538462
1404  7328.0  0.0538461538462
1405  7328.0  0.0538461538462
1406  7328.0  0.0538461538462
1407  7328.0  0.0538461538462
1408  7328.0  0.0538461538462
1409  7328.0  0.0538461538462
1410  7328.0  0.0538461538462
1411  7328.0  0.0538461538462
1412  7328.0  0.0538461538462
1413  7328.0  0.0538461538462
1414  7328.0  0.0538461538462
1415  7328.0  0.0538461538462
1416  7328.0  0.0538461538462
1417  7328.0  0.0538461538462
1418  7328.0  0.0538461538462
1419  7328.0  0.0538461538462
1420  7328.0  0.0538461538462
1421  7328.0  0.0538461538462
1422  7328.0  0.0538461538462
1423  7328.0  0.0538461538462
1424  7328.0  0.0538461538462
1425  7328.0  0.0538461538462
1426  7328.0  0.0538461538462
1427  7328.0  0.0538461538462
1428  7328.0  0.0538461538462
1429  7328.0  0.0538461538462
1430  7328.0  0.0538461538462
1431  7328.0  0.0538461538462
1432  7328.0  0.0538461538462
1433  7328.0  0.0538461538462
1434  7328.0  0.0538461538462
1435  7328.0  0.0538461538462
1436  7328.0  0.0538461538462
1437  7328.0  0.0538461538462
1438  7328.0  0.0538461538462
1439  7328.0  0.0538461538462
1440  7328.0  0.0538461538462
1441  7328.0  0.0538461538462
1442  7328.0  0.0538461538462
1443  7328.0  0.0538461538462
1444  7328.0  0.0538461538462
1445  7328.0  0.0538461538462
1446  7328.0  0.0538461538462
1447  7328.0  0.0538461538462
1448  7328.0  0.0538461538462
1449  7328.0  0.0538461538462
1450  7328.0  0.0538461538462
1451  7328.0  0.0538461538462
1452  7328.0  0.0538461538462
1453  7328.0  0.0538461538462
1454  7328.0  0.0538461538462
1455  7328.0  0.0538461538462
1456  7328.0  0.0538461538462
1457  7328.0  0.0538461538462
1458  7328.0  0.0538461538462
1459  7328.0  0.0538461538462
1460  7328.0  0.0538461538462
1461  7328.0  0.0538461538462
1462  7328.0  0.0538461538462
1463  7328.0  0.0538461538462
1464  7328.0  0.0538461538462
1465  7328.0  0.0538461538462
1466  7328.0  0.0538461538462
1467  7328.0  0.0538461538462
1468  7328.0  0.0538461538462
1469  7328.0  0.0538461538462
1470  7328.0  0.0538461538462
1471  7328.0  0.0538461538462
1472  7328.0  0.0538461538462
1473  7328.0  0.0538461538462
1474  7328.0  0.0538461538462
1475  7328.0  0.0538461538462
1476  7328.0  0.0538461538462
1477  7328.0  0.0538461538462
1478  7328.0  0.0538461538462
1479  7328.0  0.0538461538462
1480  7328.0  0.0538461538462
1481  7328.0  0.0538461538462
1482  7328.0  0.0538461538462
1483  7328.0  0.0538461538462
1484  7328.0  0.0538461538462
1485  7328.0  0.0538461538462
1486  7328.0  0.0538461538462
1487  7328.0  0.0538461538462
1488  7328.0  0.0538461538462
1489  7328.0  0.0538461538462
1490  7328.0  0.0538461538462
1491  7328.0  0.0538461538462
1492  7328.0  0.0538461538462
1493  7328.0  0.0538461538462
1494  7328.0  0.0538461538462
1495  7328.0  0.0538461538462
1496  7328.0  0.0538461538462
1497  7328.0  0.0538461538462
1498  7328.0  0.0538461538462
1499  7328.0  0.0538461538462
1500  7328.0  0.0538461538462
1501  7328.0  0.0538461538462
1502  7328.0  0.0538461538462
1503  7328.0  0.0538461538462
1504  7328.0  0.0538461538462
1505  7328.0  0.0538461538462
1506  7328.0  0.0538461538462
1507  7328.0  0.0538461538462
1508  7328.0  0.0538461538462
1509  7328.0  0.0538461538462
1510  7328.0  0.0538461538462
1511  7328.0  0.0538461538462
1512  7328.0  0.0538461538462
1513  7328.0  0.0538461538462
1514  7328.0  0.0538461538462
1515  7328.0  0.0538461538462
1516  7328.0  0.0538461538462
1517  7328.0  0.0538461538462
1518  7328.0  0.0538461538462
1519  7328.0  0.0538461538462
1520  7328.0  0.0538461538462
1521  7328.0  0.0538461538462
1522  7328.0  0.0538461538462
1523  7328.0  0.0538461538462
1524  7328.0  0.0538461538462
1525  7328.0  0.0538461538462
1526  7328.0  0.0538461538462
1527  7328.0  0.0538461538462
1528  7328.0  0.0538461538462
1529  7328.0  0.0538461538462
1530  7328.0  0.0538461538462
1531  7328.0  0.0538461538462
1532  7328.0  0.0538461538462
1533  7328.0  0.0538461538462
1534  7328.0  0.0538461538462
1535  7328.0  0.0538461538462
1536  7328.0  0.0538461538462
1537  7328.0  0.0538461538462
1538  7328.0  0.0538461538462
1539  7328.0  0.0538461538462
1540  7328.0  0.0538461538462
1541  7328.0  0.0538461538462
1542  7328.0  0.0538461538462
1543  7328.0  0.0538461538462
1544  7328.0  0.0538461538462
1545  7328.0  0.0538461538462
1546  7328.0  0.0538461538462
1547  7328.0  0.0538461538462
1548  7328.0  0.0538461538462
1549  7328.0  0.0538461538462
1550  7328.0  0.0538461538462
1551  7328.0  0.0538461538462
1552  7328.0  0.0538461538462
1553  7328.0  0.0538461538462
1554  7328.0  0.0538461538462
1555  7328.0  0.0538461538462
1556  7328.0  0.0538461538462
1557  7328.0  0.0538461538462
1558  7328.0  0.0538461538462
1559  7328.0  0.0538461538462
1560  7328.0  0.0538461538462
1561  7328.0  0.0538461538462
1562  7328.0  0.0538461538462
1563  7328.0  0.0538461538462
1564  7328.0  0.0538461538462
1565  7328.0  0.0538461538462
1566  7328.0  0.0538461538462
1567  7328.0  0.0538461538462
1568  7328.0  0.0538461538462
1569  7328.0  0.0538461538462
1570  7328.0  0.0538461538462
1571  7328.0  0.0538461538462
1572  7328.0  0.0538461538462
1573  7328.0  0.0538461538462
1574  7328.0  0.0538461538462
1575  7328.0  0.0538461538462
1576  7328.0  0.0538461538462
1577  7328.0  0.0538461538462
1578  7328.0  0.0538461538462
1579  7328.0  0.0538461538462
1580  7328.0  0.0538461538462
1581  7328.0  0.0538461538462
1582  7328.0  0.0538461538462
1583  7328.0  0.0538461538462
1584  7328.0  0.0538461538462
1585  7328.0  0.0538461538462
1586  7328.0  0.0538461538462
1587  7328.0  0.0538461538462
1588  7328.0  0.0538461538462
1589  7328.0  0.0538461538462
1590  7328.0  0.0538461538462
1591  7328.0  0.0538461538462
1592  7328.0  0.0538461538462
1593  7328.0  0.0538461538462
1594  7328.0  0.0538461538462
1595  7328.0  0.0538461538462
1596  7328.0  0.0538461538462
1597  7328.0  0.0538461538462
1598  7328.0  0.0538461538462
1599  7328.0  0.0538461538462
1600  7328.0  0.0538461538462
1601  7328.0  0.0538461538462
1602  7328.0  0.0538461538462
1603  7328.0  0.0538461538462
1604  7328.0  0.0538461538462
1605  7328.0  0.0538461538462
1606  7328.0  0.0538461538462
1607  7328.0  0.0538461538462
1608  7328.0  0.0538461538462
1609  7328.0  0.0538461538462
1610  7328.0  0.0538461538462
1611  7328.0  0.0538461538462
1612  7328.0  0.0538461538462
1613  7328.0  0.0538461538462
1614  7328.0  0.0538461538462
1615  7328.0  0.0538461538462
1616  7328.0  0.0538461538462
1617  7328.0  0.0538461538462
1618  7328.0  0.0538461538462
1619  7328.0  0.0538461538462
1620  7328.0  0.0538461538462
1621  7328.0  0.0538461538462
1622  7328.0  0.0538461538462
1623  7328.0  0.0538461538462
1624  7328.0  0.0538461538462
1625  7328.0  0.0538461538462
1626  7328.0  0.0538461538462
1627  7328.0  0.0538461538462
1628  7328.0  0.0538461538462
1629  7328.0  0.0538461538462
1630  7328.0  0.0538461538462
1631  7328.0  0.0538461538462
1632  7328.0  0.0538461538462
1633  7328.0  0.0538461538462
1634  7328.0  0.0538461538462
1635  7328.0  0.0538461538462
1636  7328.0  0.0538461538462
1637  7328.0  0.0538461538462
1638  7328.0  0.0538461538462
1639  7328.0  0.0538461538462
1640  7328.0  0.0538461538462
1641  7328.0  0.0538461538462
1642  7328.0  0.0538461538462
1643  7328.0  0.0538461538462
1644  7328.0  0.0538461538462
1645  7328.0  0.0538461538462
1646  7328.0  0.0538461538462
1647  7328.0  0.0538461538462
1648  7328.0  0.0538461538462
1649  7328.0  0.0538461538462
1650  7328.0  0.0538461538462
1651  7328.0  0.0538461538462
1652  7328.0  0.0538461538462
1653  7328.0  0.0538461538462
1654  7328.0  0.0538461538462
1655  7328.0  0.0538461538462
1656  7328.0  0.0538461538462
1657  7328.0  0.0538461538462
1658  7328.0  0.0538461538462
1659  7328.0  0.0538461538462
1660  7328.0  0.0538461538462
1661  7328.0  0.0538461538462
1662  7328.0  0.0538461538462
1663  7328.0  0.0538461538462
1664  7328.0  0.0538461538462
1665  7328.0  0.0538461538462
1666  7328.0  0.0538461538462
1667  7328.0  0.0538461538462
1668  7328.0  0.0538461538462
1669  7328.0  0.0538461538462
1670  7328.0  0.0538461538462
1671  7328.0  0.0538461538462
1672  7328.0  0.0538461538462
1673  7328.0  0.0538461538462
1674  7328.0  0.0538461538462
1675  7328.0  0.0538461538462
1676  7328.0  0.0538461538462
1677  7328.0  0.0538461538462
1678  7328.0  0.0538461538462
1679  7328.0  0.0538461538462
1680  7328.0  0.0538461538462
1681  7328.0  0.0538461538462
1682  7328.0  0.0538461538462
1683  7328.0  0.0538461538462
1684  7328.0  0.0538461538462
1685  7328.0  0.0538461538462
1686  7328.0  0.0538461538462
1687  7328.0  0.0538461538462
1688  7328.0  0.0538461538462
1689  7328.0  0.0538461538462
1690  7328.0  0.0538461538462
1691  7328.0  0.0538461538462
1692  7328.0  0.0538461538462
1693  7328.0  0.0538461538462
1694  7328.0  0.0538461538462
1695  7328.0  0.0538461538462
1696  7328.0  0.0538461538462
1697  7328.0  0.0538461538462
1698  7328.0  0.0538461538462
1699  7328.0  0.0538461538462
1700  7328.0  0.0538461538462
1701  7328.0  0.0538461538462
1702  7328.0  0.0538461538462
1703  7328.0  0.0538461538462
1704  7328.0  0.0538461538462
1705  7328.0  0.0538461538462
1706  7328.0  0.0538461538462
1707  7328.0  0.0538461538462
1708  7328.0  0.0538461538462
1709  7328.0  0.0538461538462
1710  7328.0  0.0538461538462
1711  7328.0  0.0538461538462
1712  7328.0  0.0538461538462
1713  7328.0  0.0538461538462
1714  7328.0  0.0538461538462
1715  7328.0  0.0538461538462
1716  7328.0  0.0538461538462
1717  7328.0  0.0538461538462
1718  7328.0  0.0538461538462
1719  7328.0  0.0538461538462
1720  7328.0  0.0538461538462
1721  7328.0  0.0538461538462
1722  7328.0  0.0538461538462
1723  7328.0  0.0538461538462
1724  7328.0  0.0538461538462
1725  7328.0  0.0538461538462
1726  7328.0  0.0538461538462
1727  7328.0  0.0538461538462
1728  7328.0  0.0538461538462
1729  7328.0  0.0538461538462
1730  7328.0  0.0538461538462
1731  7328.0  0.0538461538462
1732  7328.0  0.0538461538462
1733  7328.0  0.0538461538462
1734  7328.0  0.0538461538462
1735  7328.0  0.0538461538462
1736  7328.0  0.0538461538462
1737  7328.0  0.0538461538462
1738  7328.0  0.0538461538462
1739  7328.0  0.0538461538462
1740  7328.0  0.0538461538462
1741  7328.0  0.0538461538462
1742  7328.0  0.0538461538462
1743  7328.0  0.0538461538462
1744  7328.0  0.0538461538462
1745  7328.0  0.0538461538462
1746  7328.0  0.0538461538462
1747  7328.0  0.0538461538462
1748  7328.0  0.0538461538462
1749  7328.0  0.0538461538462
1750  7328.0  0.0538461538462
1751  7328.0  0.0538461538462
1752  7328.0  0.0538461538462
1753  7328.0  0.0538461538462
1754  7328.0  0.0538461538462
1755  7328.0  0.0538461538462
1756  7328.0  0.0538461538462
1757  7328.0  0.0538461538462
1758  7328.0  0.0538461538462
1759  7328.0  0.0538461538462
1760  7328.0  0.0538461538462
1761  7328.0  0.0538461538462
1762  7328.0  0.0538461538462
1763  7328.0  0.0538461538462
1764  7328.0  0.0538461538462
1765  7328.0  0.0538461538462
1766  7328.0  0.0538461538462
1767  7328.0  0.0538461538462
1768  7328.0  0.0538461538462
1769  7328.0  0.0538461538462
1770  7328.0  0.0538461538462
1771  7328.0  0.0538461538462
1772  7328.0  0.0538461538462
1773  7328.0  0.0538461538462
1774  7328.0  0.0538461538462
1775  7328.0  0.0538461538462
1776  7328.0  0.0538461538462
1777  7328.0  0.0538461538462
1778  7328.0  0.0538461538462
1779  7328.0  0.0538461538462
1780  7328.0  0.0538461538462
1781  7328.0  0.0538461538462
1782  7328.0  0.0538461538462
1783  7328.0  0.0538461538462
1784  7328.0  0.0538461538462
1785  7328.0  0.0538461538462
1786  7328.0  0.0538461538462
1787  7328.0  0.0538461538462
1788  7328.0  0.0538461538462
1789  7328.0  0.0538461538462
1790  7328.0  0.0538461538462
1791  7328.0  0.0538461538462
1792  7328.0  0.0538461538462
1793  7328.0  0.0538461538462
1794  7328.0  0.0538461538462
1795  7328.0  0.0538461538462
1796  7328.0  0.0538461538462
1797  7328.0  0.0538461538462
1798  7328.0  0.0538461538462
1799  7328.0  0.0538461538462
1800  7328.0  0.0538461538462
1801  7328.0  0.0538461538462
1802  7328.0  0.0538461538462
1803  7328.0  0.0538461538462
1804  7328.0  0.0538461538462
1805  7328.0  0.0538461538462
1806  7328.0  0.0538461538462
1807  7328.0  0.0538461538462
1808  7328.0  0.0538461538462
1809  7328.0  0.0538461538462
1810  7328.0  0.0538461538462
1811  7328.0  0.0538461538462
1812  7328.0  0.0538461538462
1813  7328.0  0.0538461538462
1814  7328.0  0.0538461538462
1815  7328.0  0.0538461538462
1816  7328.0  0.0538461538462
1817  7328.0  0.0538461538462
1818  7328.0  0.0538461538462
1819  7328.0  0.0538461538462
1820  7328.0  0.0538461538462
1821  7328.0  0.0538461538462
1822  7328.0  0.0538461538462
1823  7328.0  0.0538461538462
1824  7328.0  0.0538461538462
1825  7328.0  0.0538461538462
1826  7328.0  0.0538461538462
1827  7328.0  0.0538461538462
1828  7328.0  0.0538461538462
1829  7328.0  0.0538461538462
1830  7328.0  0.0538461538462
1831  7328.0  0.0538461538462
1832  7328.0  0.0538461538462
1833  7328.0  0.0538461538462
1834  7328.0  0.0538461538462
1835  7328.0  0.0538461538462
1836  7328.0  0.0538461538462
1837  7328.0  0.0538461538462
1838  7328.0  0.0538461538462
1839  7328.0  0.0538461538462
1840  7328.0  0.0538461538462
1841  7328.0  0.0538461538462
1842  7328.0  0.0538461538462
1843  7328.0  0.0538461538462
1844  7328.0  0.0538461538462
1845  7328.0  0.0538461538462
1846  7328.0  0.0538461538462
1847  7328.0  0.0538461538462
1848  7328.0  0.0538461538462
1849  7328.0  0.0538461538462
1850  7328.0  0.0538461538462
1851  7328.0  0.0538461538462
1852  7328.0  0.0538461538462
1853  7328.0  0.0538461538462
1854  7328.0  0.0538461538462
1855  7328.0  0.0538461538462
1856  7328.0  0.0538461538462
1857  7328.0  0.0538461538462
1858  7328.0  0.0538461538462
1859  7328.0  0.0538461538462
1860  7328.0  0.0538461538462
1861  7328.0  0.0538461538462
1862  7328.0  0.0538461538462
1863  7328.0  0.0538461538462
1864  7328.0  0.0538461538462
1865  7328.0  0.0538461538462
1866  7328.0  0.0538461538462
1867  7328.0  0.0538461538462
1868  7328.0  0.0538461538462
1869  7328.0  0.0538461538462
1870  7328.0  0.0538461538462
1871  7328.0  0.0538461538462
1872  7328.0  0.0538461538462
1873  7328.0  0.0538461538462
1874  7328.0  0.0538461538462
1875  7328.0  0.0538461538462
1876  7328.0  0.0538461538462
1877  7328.0  0.0538461538462
1878  7328.0  0.0538461538462
1879  7328.0  0.0538461538462
1880  7328.0  0.0538461538462
1881  7328.0  0.0538461538462
1882  7328.0  0.0538461538462
1883  7328.0  0.0538461538462
1884  7328.0  0.0538461538462
1885  7328.0  0.0538461538462
1886  7328.0  0.0538461538462
1887  7328.0  0.0538461538462
1888  7328.0  0.0538461538462
1889  7328.0  0.0538461538462
1890  7328.0  0.0538461538462
1891  7328.0  0.0538461538462
1892  7328.0  0.0538461538462
1893  7328.0  0.0538461538462
1894  7328.0  0.0538461538462
1895  7328.0  0.0538461538462
1896  7328.0  0.0538461538462
1897  7328.0  0.0538461538462
1898  7328.0  0.0538461538462
1899  7328.0  0.0538461538462
1900  7328.0  0.0538461538462
1901  7328.0  0.0538461538462
1902  7328.0  0.0538461538462
1903  7328.0  0.0538461538462
1904  7328.0  0.0538461538462
1905  7328.0  0.0538461538462
1906  7328.0  0.0538461538462
1907  7328.0  0.0538461538462
1908  7328.0  0.0538461538462
1909  7328.0  0.0538461538462
1910  7328.0  0.0538461538462
1911  7328.0  0.0538461538462
1912  7328.0  0.0538461538462
1913  7328.0  0.0538461538462
1914  7328.0  0.0538461538462
1915  7328.0  0.0538461538462
1916  7328.0  0.0538461538462
1917  7328.0  0.0538461538462
1918  7328.0  0.0538461538462
1919  7328.0  0.0538461538462
1920  7328.0  0.0538461538462
1921  7328.0  0.0538461538462
1922  7328.0  0.0538461538462
1923  7328.0  0.0538461538462
1924  7328.0  0.0538461538462
1925  7328.0  0.0538461538462
1926  7328.0  0.0538461538462
1927  7328.0  0.0538461538462
1928  7328.0  0.0538461538462
1929  7328.0  0.0538461538462
1930  7328.0  0.0538461538462
1931  7328.0  0.0538461538462
1932  7328.0  0.0538461538462
1933  7328.0  0.0538461538462
1934  7328.0  0.0538461538462
1935  7328.0  0.0538461538462
1936  7328.0  0.0538461538462
1937  7328.0  0.0538461538462
1938  7328.0  0.0538461538462
1939  7328.0  0.0538461538462
1940  7328.0  0.0538461538462
1941  7328.0  0.0538461538462
1942  7328.0  0.0538461538462
1943  7328.0  0.0538461538462
1944  7328.0  0.0538461538462
1945  7328.0  0.0538461538462
1946  7328.0  0.0538461538462
1947  7328.0  0.0538461538462
1948  7328.0  0.0538461538462
1949  7328.0  0.0538461538462
1950  7328.0  0.0538461538462
1951  7328.0  0.0538461538462
1952  7328.0  0.0538461538462
1953  7328.0  0.0538461538462
1954  7328.0  0.0538461538462
1955  7328.0  0.0538461538462
1956  7328.0  0.0538461538462
1957  7328.0  0.0538461538462
1958  7328.0  0.0538461538462
1959  7328.0  0.0538461538462
1960  7328.0  0.0538461538462
1961  7328.0  0.0538461538462
1962  7328.0  0.0538461538462
1963  7328.0  0.0538461538462
1964  7328.0  0.0538461538462
1965  7328.0  0.0538461538462
1966  7328.0  0.0538461538462
1967  7328.0  0.0538461538462
1968  7328.0  0.0538461538462
1969  7328.0  0.0538461538462
1970  7328.0  0.0538461538462
1971  7328.0  0.0538461538462
1972  7328.0  0.0538461538462
1973  7328.0  0.0538461538462
1974  7328.0  0.0538461538462
1975  7328.0  0.0538461538462
1976  7328.0  0.0538461538462
1977  7328.0  0.0538461538462
1978  7328.0  0.0538461538462
1979  7328.0  0.0538461538462
1980  7328.0  0.0538461538462
1981  7328.0  0.0538461538462
1982  7328.0  0.0538461538462
1983  7328.0  0.0538461538462
1984  7328.0  0.0538461538462
1985  7328.0  0.0538461538462
1986  7328.0  0.0538461538462
1987  7328.0  0.0538461538462
1988  7328.0  0.0538461538462
1989  7328.0  0.0538461538462
1990  7328.0  0.0538461538462
1991  7328.0  0.0538461538462
1992  7328.0  0.0538461538462
1993  7328.0  0.0538461538462
1994  7328.0  0.0538461538462
1995  7328.0  0.0538461538462
1996  7328.0  0.0538461538462
1997  7328.0  0.0538461538462
1998  7328.0  0.0538461538462
1999  7328.0  0.0538461538462
2000  7328.0  0.0538461538462
2001  7328.0  0.0538461538462
2002  7328.0  0.0538461538462
2003  7328.0  0.0538461538462
2004  7328.0  0.0538461538462
2005  7328.0  0.0538461538462
2006  7328.0  0.0538461538462
2007  7328.0  0.0538461538462
2008  7328.0  0.0538461538462
2009  7328.0  0.0538461538462
2010  7328.0  0.0538461538462
2011  7328.0  0.0538461538462
2012  7328.0  0.0538461538462
2013  7328.0  0.0538461538462
2014  7328.0  0.0538461538462
2015  7328.0  0.0538461538462
2016  7328.0  0.0538461538462
2017  7328.0  0.0538461538462
2018  7328.0  0.0538461538462
2019  7328.0  0.0538461538462
2020  7328.0  0.0538461538462
2021  7328.0  0.0538461538462
2022  7328.0  0.0538461538462
2023  7328.0  0.0538461538462
2024  7328.0  0.0538461538462
2025  7328.0  0.0538461538462
2026  7328.0  0.0538461538462
2027  7328.0  0.0538461538462
2028  7328.0  0.0538461538462
2029  7328.0  0.0538461538462
2030  7328.0  0.0538461538462
2031  7328.0  0.0538461538462
2032  7328.0  0.0538461538462
2033  7328.0  0.0538461538462
2034  7328.0  0.0538461538462
2035  7328.0  0.0538461538462
2036  7328.0  0.0538461538462
2037  7328.0  0.0538461538462
2038  7328.0  0.0538461538462
2039  7328.0  0.0538461538462
2040  7328.0  0.0538461538462
2041  7328.0  0.0538461538462
2042  7328.0  0.0538461538462
2043  7328.0  0.0538461538462
2044  7328.0  0.0538461538462
2045  7328.0  0.0538461538462
2046  7328.0  0.0538461538462
2047  7328.0  0.0538461538462
2048  7328.0  0.0538461538462
2049  7328.0  0.0538461538462
2050  7328.0  0.0538461538462
2051  7328.0  0.0538461538462
2052  7328.0  0.0538461538462
2053  7328.0  0.0538461538462
2054  7328.0  0.0538461538462
2055  7328.0  0.0538461538462
2056  7328.0  0.0538461538462
2057  7328.0  0.0538461538462
2058  7328.0  0.0538461538462
2059  7328.0  0.0538461538462
2060  7328.0  0.0538461538462
2061  7328.0  0.0538461538462
2062  7328.0  0.0538461538462
2063  7328.0  0.0538461538462
2064  7328.0  0.0538461538462
2065  7328.0  0.0538461538462
2066  7328.0  0.0538461538462
2067  7328.0  0.0538461538462
2068  7328.0  0.0538461538462
2069  7328.0  0.0538461538462
2070  7328.0  0.0538461538462
2071  7328.0  0.0538461538462
2072  7328.0  0.0538461538462
2073  7328.0  0.0538461538462
2074  7328.0  0.0538461538462
2075  7328.0  0.0538461538462
2076  7328.0  0.0538461538462
2077  7328.0  0.0538461538462
2078  7328.0  0.0538461538462
2079  7328.0  0.0538461538462
2080  7328.0  0.0538461538462
2081  7328.0  0.0538461538462
2082  7328.0  0.0538461538462
2083  7328.0  0.0538461538462
2084  7328.0  0.0538461538462
2085  7328.0  0.0538461538462
2086  7328.0  0.0538461538462
2087  7328.0  0.0538461538462
2088  7328.0  0.0538461538462
2089  7328.0  0.0538461538462
2090  7328.0  0.0538461538462
2091  7328.0  0.0538461538462
2092  7328.0  0.0538461538462
2093  7328.0  0.0538461538462
2094  7328.0  0.0538461538462
2095  7328.0  0.0538461538462
2096  7328.0  0.0538461538462
2097  7328.0  0.0538461538462
2098  7328.0  0.0538461538462
2099  7328.0  0.0538461538462
2100  7328.0  0.0538461538462
2101  7328.0  0.0538461538462
2102  7328.0  0.0538461538462
2103  7328.0  0.0538461538462
2104  7328.0  0.0538461538462
2105  7328.0  0.0538461538462
2106  7328.0  0.0538461538462
2107  7328.0  0.0538461538462
2108  7328.0  0.0538461538462
2109  7328.0  0.0538461538462
2110  7328.0  0.0538461538462
2111  7328.0  0.0538461538462
2112  7328.0  0.0538461538462
2113  7328.0  0.0538461538462
2114  7328.0  0.0538461538462
2115  7328.0  0.0538461538462
2116  7328.0  0.0538461538462
2117  7328.0  0.0538461538462
2118  7328.0  0.0538461538462
2119  7328.0  0.0538461538462
2120  7328.0  0.0538461538462
2121  7328.0  0.0538461538462
2122  7328.0  0.0538461538462
2123  7328.0  0.0538461538462
2124  7328.0  0.0538461538462
2125  7328.0  0.0538461538462
2126  7328.0  0.0538461538462
2127  7328.0  0.0538461538462
2128  7328.0  0.0538461538462
2129  7328.0  0.0538461538462
2130  7328.0  0.0538461538462
2131  7328.0  0.0538461538462
2132  7328.0  0.0538461538462
2133  7328.0  0.0538461538462
2134  7328.0  0.0538461538462
2135  7328.0  0.0538461538462
2136  7328.0  0.0538461538462
2137  7328.0  0.0538461538462
2138  7328.0  0.0538461538462
2139  7328.0  0.0538461538462
2140  7328.0  0.0538461538462
2141  7328.0  0.0538461538462
2142  7328.0  0.0538461538462
2143  7328.0  0.0538461538462
2144  7328.0  0.0538461538462
2145  7328.0  0.0538461538462
2146  7328.0  0.0538461538462
2147  7328.0  0.0538461538462
2148  7328.0  0.0538461538462
2149  7328.0  0.0538461538462
2150  7328.0  0.0538461538462
2151  7328.0  0.0538461538462
2152  7328.0  0.0538461538462
2153  7328.0  0.0538461538462
2154  7328.0  0.0538461538462
2155  7328.0  0.0538461538462
2156  7328.0  0.0538461538462
2157  7328.0  0.0538461538462
2158  7328.0  0.0538461538462
2159  7328.0  0.0538461538462
2160  7328.0  0.0538461538462
2161  7328.0  0.0538461538462
2162  7328.0  0.0538461538462
2163  7328.0  0.0538461538462
2164  7328.0  0.0538461538462
2165  7328.0  0.0538461538462
2166  7328.0  0.0538461538462
2167  7328.0  0.0538461538462
2168  7328.0  0.0538461538462
2169  7328.0  0.0538461538462
2170  7328.0  0.0538461538462
2171  7328.0  0.0538461538462
2172  7328.0  0.0538461538462
2173  7328.0  0.0538461538462
2174  7328.0  0.0538461538462
2175  7328.0  0.0538461538462
2176  7328.0  0.0538461538462
2177  7328.0  0.0538461538462
2178  7328.0  0.0538461538462
2179  7328.0  0.0538461538462
2180  7328.0  0.0538461538462
2181  7328.0  0.0538461538462
2182  7328.0  0.0538461538462
2183  7328.0  0.0538461538462
2184  7328.0  0.0538461538462
2185  7328.0  0.0538461538462
2186  7328.0  0.0538461538462
2187  7328.0  0.0538461538462
2188  7328.0  0.0538461538462
2189  7328.0  0.0538461538462
2190  7328.0  0.0538461538462
2191  7328.0  0.0538461538462
2192  7328.0  0.0538461538462
2193  7328.0  0.0538461538462
2194  7328.0  0.0538461538462
2195  7328.0  0.0538461538462
2196  7328.0  0.0538461538462
2197  7328.0  0.0538461538462
2198  7328.0  0.0538461538462
2199  7328.0  0.0538461538462
2200  7328.0  0.0538461538462
2201  7328.0  0.0538461538462
2202  7328.0  0.0538461538462
2203  7328.0  0.0538461538462
2204  7328.0  0.0538461538462
2205  7328.0  0.0538461538462
2206  7328.0  0.0538461538462
2207  7328.0  0.0538461538462
2208  7328.0  0.0538461538462
2209  7328.0  0.0538461538462
2210  7328.0  0.0538461538462
2211  7328.0  0.0538461538462
2212  7328.0  0.0538461538462
2213  7328.0  0.0538461538462
2214  7328.0  0.0538461538462
2215  7328.0  0.0538461538462
2216  7328.0  0.0538461538462
2217  7328.0  0.0538461538462
2218  7328.0  0.0538461538462
2219  7328.0  0.0538461538462
2220  7328.0  0.0538461538462
2221  7328.0  0.0538461538462
2222  7328.0  0.0538461538462
2223  7328.0  0.0538461538462
2224  7328.0  0.0538461538462
2225  7328.0  0.0538461538462
2226  7328.0  0.0538461538462
2227  7328.0  0.0538461538462
2228  7328.0  0.0538461538462
2229  7328.0  0.0538461538462
2230  7328.0  0.0538461538462
2231  7328.0  0.0538461538462
2232  7328.0  0.0538461538462
2233  7328.0  0.0538461538462
2234  7328.0  0.0538461538462
2235  7328.0  0.0538461538462
2236  7328.0  0.0538461538462
2237  7328.0  0.0538461538462
2238  7328.0  0.0538461538462
2239  7328.0  0.0538461538462
2240  7328.0  0.0538461538462
2241  7328.0  0.0538461538462
2242  7328.0  0.0538461538462
2243  7328.0  0.0538461538462
2244  7328.0  0.0538461538462
2245  7328.0  0.0538461538462
2246  7328.0  0.0538461538462
2247  7328.0  0.0538461538462
2248  7328.0  0.0538461538462
2249  7328.0  0.0538461538462
2250  7328.0  0.0538461538462
2251  7328.0  0.0538461538462
2252  7328.0  0.0538461538462
2253  7328.0  0.0538461538462
2254  7328.0  0.0538461538462
2255  7328.0  0.0538461538462
2256  7328.0  0.0538461538462
2257  7328.0  0.0538461538462
2258  7328.0  0.0538461538462
2259  7328.0  0.0538461538462
2260  7328.0  0.0538461538462
2261  7328.0  0.0538461538462
2262  7328.0  0.0538461538462
2263  7328.0  0.0538461538462
2264  7328.0  0.0538461538462
2265  7328.0  0.0538461538462
2266  7328.0  0.0538461538462
2267  7328.0  0.0538461538462
2268  7328.0  0.0538461538462
2269  7328.0  0.0538461538462
2270  7328.0  0.0538461538462
2271  7328.0  0.0538461538462
2272  7328.0  0.0538461538462
2273  7328.0  0.0538461538462
2274  7328.0  0.0538461538462
2275  7328.0  0.0538461538462
2276  7328.0  0.0538461538462
2277  7328.0  0.0538461538462
2278  7328.0  0.0538461538462
2279  7328.0  0.0538461538462
2280  7328.0  0.0538461538462
2281  7328.0  0.0538461538462
2282  7328.0  0.0538461538462
2283  7328.0  0.0538461538462
2284  7328.0  0.0538461538462
2285  7328.0  0.0538461538462
2286  7328.0  0.0538461538462
2287  7328.0  0.0538461538462
2288  7328.0  0.0538461538462
2289  7328.0  0.0538461538462
2290  7328.0  0.0538461538462
2291  7328.0  0.0538461538462
2292  7328.0  0.0538461538462
2293  7328.0  0.0538461538462
2294  7328.0  0.0538461538462
2295  7328.0  0.0538461538462
2296  7328.0  0.0538461538462
2297  7328.0  0.0538461538462
2298  7328.0  0.0538461538462
2299  7328.0  0.0538461538462
2300  7328.0  0.0538461538462
2301  7328.0  0.0538461538462
2302  7328.0  0.0538461538462
2303  7328.0  0.0538461538462
2304  7328.0  0.0538461538462
2305  7328.0  0.0538461538462
2306  7328.0  0.0538461538462
2307  7328.0  0.0538461538462
2308  7328.0  0.0538461538462
2309  7328.0  0.0538461538462
2310  7328.0  0.0538461538462
2311  7328.0  0.0538461538462
2312  7328.0  0.0538461538462
2313  7328.0  0.0538461538462
2314  7328.0  0.0538461538462
2315  7328.0  0.0538461538462
2316  7328.0  0.0538461538462
2317  7328.0  0.0538461538462
2318  7328.0  0.0538461538462
2319  7328.0  0.0538461538462
2320  7328.0  0.0538461538462
2321  7328.0  0.0538461538462
2322  7328.0  0.0538461538462
2323  7328.0  0.0538461538462
2324  7328.0  0.0538461538462
2325  7328.0  0.0538461538462
2326  7328.0  0.0538461538462
2327  7328.0  0.0538461538462
2328  7328.0  0.0538461538462
2329  7328.0  0.0538461538462
2330  7328.0  0.0538461538462
2331  7328.0  0.0538461538462
2332  7328.0  0.0538461538462
2333  7328.0  0.0538461538462
2334  7328.0  0.0538461538462
2335  7328.0  0.0538461538462
2336  7328.0  0.0538461538462
2337  7328.0  0.0538461538462
2338  7328.0  0.0538461538462
2339  7328.0  0.0538461538462
2340  7328.0  0.0538461538462
2341  7328.0  0.0538461538462
2342  7328.0  0.0538461538462
2343  7328.0  0.0538461538462
2344  7328.0  0.0538461538462
2345  7328.0  0.0538461538462
2346  7328.0  0.0538461538462
2347  7328.0  0.0538461538462
2348  7328.0  0.0538461538462
2349  7328.0  0.0538461538462
2350  7328.0  0.0538461538462
2351  7328.0  0.0538461538462
2352  7328.0  0.0538461538462
2353  7328.0  0.0538461538462
2354  7328.0  0.0538461538462
2355  7328.0  0.0538461538462
2356  7328.0  0.0538461538462
2357  7328.0  0.0538461538462
2358  7328.0  0.0538461538462
2359  7328.0  0.0538461538462
2360  7328.0  0.0538461538462
2361  7328.0  0.0538461538462
2362  7328.0  0.0538461538462
2363  7328.0  0.0538461538462
2364  7328.0  0.0538461538462
2365  7328.0  0.0538461538462
2366  7328.0  0.0538461538462
2367  7328.0  0.0538461538462
2368  7328.0  0.0538461538462
2369  7328.0  0.0538461538462
2370  7328.0  0.0538461538462
2371  7328.0  0.0538461538462
2372  7328.0  0.0538461538462
2373  7328.0  0.0538461538462
2374  7328.0  0.0538461538462
2375  7328.0  0.0538461538462
2376  7328.0  0.0538461538462
2377  7328.0  0.0538461538462
2378  7328.0  0.0538461538462
2379  7328.0  0.0538461538462
2380  7328.0  0.0538461538462
2381  7328.0  0.0538461538462
2382  7328.0  0.0538461538462
2383  7328.0  0.0538461538462
2384  7328.0  0.0538461538462
2385  7328.0  0.0538461538462
2386  7328.0  0.0538461538462
2387  7328.0  0.0538461538462
2388  7328.0  0.0538461538462
2389  7328.0  0.0538461538462
2390  7328.0  0.0538461538462
2391  7328.0  0.0538461538462
2392  7328.0  0.0538461538462
2393  7328.0  0.0538461538462
2394  7328.0  0.0538461538462
2395  7328.0  0.0538461538462
2396  7328.0  0.0538461538462
2397  7328.0  0.0538461538462
2398  7328.0  0.0538461538462
2399  7328.0  0.0538461538462
2400  7328.0  0.0538461538462
2401  7328.0  0.0538461538462
2402  7328.0  0.0538461538462
2403  7328.0  0.0538461538462
2404  7328.0  0.0538461538462
2405  7328.0  0.0538461538462
2406  7328.0  0.0538461538462
2407  7328.0  0.0538461538462
2408  7328.0  0.0538461538462
2409  7328.0  0.0538461538462
2410  7328.0  0.0538461538462
2411  7328.0  0.0538461538462
2412  7328.0  0.0538461538462
2413  7328.0  0.0538461538462
2414  7328.0  0.0538461538462
2415  7328.0  0.0538461538462
2416  7328.0  0.0538461538462
2417  7328.0  0.0538461538462
2418  7328.0  0.0538461538462
2419  7328.0  0.0538461538462
2420  7328.0  0.0538461538462
2421  7328.0  0.0538461538462
2422  7328.0  0.0538461538462
2423  7328.0  0.0538461538462
2424  7328.0  0.0538461538462
2425  7328.0  0.0538461538462
2426  7328.0  0.0538461538462
2427  7328.0  0.0538461538462
2428  7328.0  0.0538461538462
2429  7328.0  0.0538461538462
2430  7328.0  0.0538461538462
2431  7328.0  0.0538461538462
2432  7328.0  0.0538461538462
2433  7328.0  0.0538461538462
2434  7328.0  0.0538461538462
2435  7328.0  0.0538461538462
2436  7328.0  0.0538461538462
2437  7328.0  0.0538461538462
2438  7328.0  0.0538461538462
2439  7328.0  0.0538461538462
2440  7328.0  0.0538461538462
2441  7328.0  0.0538461538462
2442  7328.0  0.0538461538462
2443  7328.0  0.0538461538462
2444  7328.0  0.0538461538462
2445  7328.0  0.0538461538462
2446  7328.0  0.0538461538462
2447  7328.0  0.0538461538462
2448  7328.0  0.0538461538462
2449  7328.0  0.0538461538462
2450  7328.0  0.0538461538462
2451  7328.0  0.0538461538462
2452  7328.0  0.0538461538462
2453  7328.0  0.0538461538462
2454  7328.0  0.0538461538462
2455  7328.0  0.0538461538462
2456  7328.0  0.0538461538462
2457  7328.0  0.0538461538462
2458  7328.0  0.0538461538462
2459  7328.0  0.0538461538462
2460  7328.0  0.0538461538462
2461  7328.0  0.0538461538462
2462  7328.0  0.0538461538462
2463  7328.0  0.0538461538462
2464  7328.0  0.0538461538462
2465  7328.0  0.0538461538462
2466  7328.0  0.0538461538462
2467  7328.0  0.0538461538462
2468  7328.0  0.0538461538462
2469  7328.0  0.0538461538462
2470  7328.0  0.0538461538462
2471  7328.0  0.0538461538462
2472  7328.0  0.0538461538462
2473  7328.0  0.0538461538462
2474  7328.0  0.0538461538462
2475  7328.0  0.0538461538462
2476  7328.0  0.0538461538462
2477  7328.0  0.0538461538462
2478  7328.0  0.0538461538462
2479  7328.0  0.0538461538462
2480  7328.0  0.0538461538462
2481  7328.0  0.0538461538462
2482  7328.0  0.0538461538462
2483  7328.0  0.0538461538462
2484  7328.0  0.0538461538462
2485  7328.0  0.0538461538462
2486  7328.0  0.0538461538462
2487  7328.0  0.0538461538462
2488  7328.0  0.0538461538462
2489  7328.0  0.0538461538462
2490  7328.0  0.0538461538462
2491  7328.0  0.0538461538462
2492  7328.0  0.0538461538462
2493  7328.0  0.0538461538462
2494  7328.0  0.0538461538462
2495  7328.0  0.0538461538462
2496  7328.0  0.0538461538462
2497  7328.0  0.0538461538462
2498  7328.0  0.0538461538462
2499  7328.0  0.0538461538462
2500  7328.0  0.0538461538462
2501  7328.0  0.0538461538462
2502  7328.0  0.0538461538462
2503  7328.0  0.0538461538462
2504  7328.0  0.0538461538462
2505  7328.0  0.0538461538462
2506  7328.0  0.0538461538462
2507  7328.0  0.0538461538462
2508  7328.0  0.0538461538462
2509  7328.0  0.0538461538462
2510  7328.0  0.0538461538462
2511  7328.0  0.0538461538462
2512  7328.0  0.0538461538462
2513  7328.0  0.0538461538462
2514  7328.0  0.0538461538462
2515  7328.0  0.0538461538462
2516  7328.0  0.0538461538462
2517  7328.0  0.0538461538462
2518  7328.0  0.0538461538462
2519  7328.0  0.0538461538462
2520  7328.0  0.0538461538462
2521  7328.0  0.0538461538462
2522  7328.0  0.0538461538462
2523  7328.0  0.0538461538462
2524  7328.0  0.0538461538462
2525  7328.0  0.0538461538462
2526  7328.0  0.0538461538462
2527  7328.0  0.0538461538462
2528  7328.0  0.0538461538462
2529  7328.0  0.0538461538462
2530  7328.0  0.0538461538462
2531  7328.0  0.0538461538462
2532  7328.0  0.0538461538462
2533  7328.0  0.0538461538462
2534  7328.0  0.0538461538462
2535  7328.0  0.0538461538462
2536  7328.0  0.0538461538462
2537  7328.0  0.0538461538462
2538  7328.0  0.0538461538462
2539  7328.0  0.0538461538462
2540  7328.0  0.0538461538462
2541  7328.0  0.0538461538462
2542  7328.0  0.0538461538462
2543  7328.0  0.0538461538462
2544  7328.0  0.0538461538462
2545  7328.0  0.0538461538462
2546  7328.0  0.0538461538462
2547  7328.0  0.0538461538462
2548  7328.0  0.0538461538462
2549  7328.0  0.0538461538462
2550  7328.0  0.0538461538462
2551  7328.0  0.0538461538462
2552  7328.0  0.0538461538462
2553  7328.0  0.0538461538462
2554  7328.0  0.0538461538462
2555  7328.0  0.0538461538462
2556  7328.0  0.0538461538462
2557  7328.0  0.0538461538462
2558  7328.0  0.0538461538462
2559  7328.0  0.0538461538462
2560  7328.0  0.0538461538462
2561  7328.0  0.0538461538462
2562  7328.0  0.0538461538462
2563  7328.0  0.0538461538462
2564  7328.0  0.0538461538462
2565  7328.0  0.0538461538462
2566  7328.0  0.0538461538462
2567  7328.0  0.0538461538462
2568  7328.0  0.0538461538462
2569  7328.0  0.0538461538462
2570  7328.0  0.0538461538462
2571  7328.0  0.0538461538462
2572  7328.0  0.0538461538462
2573  7328.0  0.0538461538462
2574  7328.0  0.0538461538462
2575  7328.0  0.0538461538462
2576  7328.0  0.0538461538462
2577  7328.0  0.0538461538462
2578  7328.0  0.0538461538462
2579  7328.0  0.0538461538462
2580  7328.0  0.0538461538462
2581  7328.0  0.0538461538462
2582  7328.0  0.0538461538462
2583  7328.0  0.0538461538462
2584  7328.0  0.0538461538462
2585  7328.0  0.0538461538462
2586  7328.0  0.0538461538462
2587  7328.0  0.0538461538462
2588  7328.0  0.0538461538462
2589  7328.0  0.0538461538462
2590  7328.0  0.0538461538462
2591  7328.0  0.0538461538462
2592  7328.0  0.0538461538462
2593  7328.0  0.0538461538462
2594  7328.0  0.0538461538462
2595  7328.0  0.0538461538462
2596  7328.0  0.0538461538462
2597  7328.0  0.0538461538462
2598  7328.0  0.0538461538462
2599  7328.0  0.0538461538462
2600  7328.0  0.0538461538462
2601  7328.0  0.0538461538462
2602  7328.0  0.0538461538462
2603  7328.0  0.0538461538462
2604  7328.0  0.0538461538462
2605  7328.0  0.0538461538462
2606  7328.0  0.0538461538462
2607  7328.0  0.0538461538462
2608  7328.0  0.0538461538462
2609  7328.0  0.0538461538462
2610  7328.0  0.0538461538462
2611  7328.0  0.0538461538462
2612  7328.0  0.0538461538462
2613  7328.0  0.0538461538462
2614  7328.0  0.0538461538462
2615  7328.0  0.0538461538462
2616  7328.0  0.0538461538462
2617  7328.0  0.0538461538462
2618  7328.0  0.0538461538462
2619  7328.0  0.0538461538462
2620  7328.0  0.0538461538462
2621  7328.0  0.0538461538462
2622  7328.0  0.0538461538462
2623  7328.0  0.0538461538462
2624  7328.0  0.0538461538462
2625  7328.0  0.0538461538462
2626  7328.0  0.0538461538462
2627  7328.0  0.0538461538462
2628  7328.0  0.0538461538462
2629  7328.0  0.0538461538462
2630  7328.0  0.0538461538462
2631  7328.0  0.0538461538462
2632  7328.0  0.0538461538462
2633  7328.0  0.0538461538462
2634  7328.0  0.0538461538462
2635  7328.0  0.0538461538462
2636  7328.0  0.0538461538462
2637  7328.0  0.0538461538462
2638  7328.0  0.0538461538462
2639  7328.0  0.0538461538462
2640  7328.0  0.0538461538462
2641  7328.0  0.0538461538462
2642  7328.0  0.0538461538462
2643  7328.0  0.0538461538462
2644  7328.0  0.0538461538462
2645  7328.0  0.0538461538462
2646  7328.0  0.0538461538462
2647  7328.0  0.0538461538462
2648  7328.0  0.0538461538462
2649  7328.0  0.0538461538462
2650  7328.0  0.0538461538462
2651  7328.0  0.0538461538462
2652  7328.0  0.0538461538462
2653  7328.0  0.0538461538462
2654  7328.0  0.0538461538462
2655  7328.0  0.0538461538462
2656  7328.0  0.0538461538462
2657  7328.0  0.0538461538462
2658  7328.0  0.0538461538462
2659  7328.0  0.0538461538462
2660  7328.0  0.0538461538462
2661  7328.0  0.0538461538462
2662  7328.0  0.0538461538462
2663  7328.0  0.0538461538462
2664  7328.0  0.0538461538462
2665  7328.0  0.0538461538462
2666  7328.0  0.0538461538462
2667  7328.0  0.0538461538462
2668  7328.0  0.0538461538462
2669  7328.0  0.0538461538462
2670  7328.0  0.0538461538462
2671  7328.0  0.0538461538462
2672  7328.0  0.0538461538462
2673  7328.0  0.0538461538462
2674  7328.0  0.0538461538462
2675  7328.0  0.0538461538462
2676  7328.0  0.0538461538462
2677  7328.0  0.0538461538462
2678  7328.0  0.0538461538462
2679  7328.0  0.0538461538462
2680  7328.0  0.0538461538462
2681  7328.0  0.0538461538462
2682  7328.0  0.0538461538462
2683  7328.0  0.0538461538462
2684  7328.0  0.0538461538462
2685  7328.0  0.0538461538462
2686  7328.0  0.0538461538462
2687  7328.0  0.0538461538462
2688  7328.0  0.0538461538462
2689  7328.0  0.0538461538462
2690  7328.0  0.0538461538462
2691  7328.0  0.0538461538462
2692  7328.0  0.0538461538462
2693  7328.0  0.0538461538462
2694  7328.0  0.0538461538462
2695  7328.0  0.0538461538462
2696  7328.0  0.0538461538462
2697  7328.0  0.0538461538462
2698  7328.0  0.0538461538462
2699  7328.0  0.0538461538462
2700  7328.0  0.0538461538462
2701  7328.0  0.0538461538462
2702  7328.0  0.0538461538462
2703  7328.0  0.0538461538462
2704  7328.0  0.0538461538462
2705  7328.0  0.0538461538462
2706  7328.0  0.0538461538462
2707  7328.0  0.0538461538462
2708  7328.0  0.0538461538462
2709  7328.0  0.0538461538462
2710  7328.0  0.0538461538462
2711  7328.0  0.0538461538462
2712  7328.0  0.0538461538462
2713  7328.0  0.0538461538462
2714  7328.0  0.0538461538462
2715  7328.0  0.0538461538462
2716  7328.0  0.0538461538462
2717  7328.0  0.0538461538462
2718  7328.0  0.0538461538462
2719  7328.0  0.0538461538462
2720  7328.0  0.0538461538462
2721  7328.0  0.0538461538462
2722  7328.0  0.0538461538462
2723  7328.0  0.0538461538462
2724  7328.0  0.0538461538462
2725  7328.0  0.0538461538462
2726  7328.0  0.0538461538462
2727  7328.0  0.0538461538462
2728  7328.0  0.0538461538462
2729  7328.0  0.0538461538462
2730  7328.0  0.0538461538462
2731  7328.0  0.0538461538462
2732  7328.0  0.0538461538462
2733  7328.0  0.0538461538462
2734  7328.0  0.0538461538462
2735  7328.0  0.0538461538462
2736  7328.0  0.0538461538462
2737  7328.0  0.0538461538462
2738  7328.0  0.0538461538462
2739  7328.0  0.0538461538462
2740  7328.0  0.0538461538462
2741  7328.0  0.0538461538462
2742  7328.0  0.0538461538462
2743  7328.0  0.0538461538462
2744  7328.0  0.0538461538462
2745  7328.0  0.0538461538462
2746  7328.0  0.0538461538462
2747  7328.0  0.0538461538462
2748  7328.0  0.0538461538462
2749  7328.0  0.0538461538462
2750  7328.0  0.0538461538462
2751  7328.0  0.0538461538462
2752  7328.0  0.0538461538462
2753  7328.0  0.0538461538462
2754  7328.0  0.0538461538462
2755  7328.0  0.0538461538462
2756  7328.0  0.0538461538462
2757  7328.0  0.0538461538462
2758  7328.0  0.0538461538462
2759  7328.0  0.0538461538462
2760  7328.0  0.0538461538462
2761  7328.0  0.0538461538462
2762  7328.0  0.0538461538462
2763  7328.0  0.0538461538462
2764  7328.0  0.0538461538462
2765  7328.0  0.0538461538462
2766  7328.0  0.0538461538462
2767  7328.0  0.0538461538462
2768  7328.0  0.0538461538462
2769  7328.0  0.0538461538462
2770  7328.0  0.0538461538462
2771  7328.0  0.0538461538462
2772  7328.0  0.0538461538462
2773  7328.0  0.0538461538462
2774  7328.0  0.0538461538462
2775  7328.0  0.0538461538462
2776  7328.0  0.0538461538462
2777  7328.0  0.0538461538462
2778  7328.0  0.0538461538462
2779  7328.0  0.0538461538462
2780  7328.0  0.0538461538462
2781  7328.0  0.0538461538462
2782  7328.0  0.0538461538462
2783  7328.0  0.0538461538462
2784  7328.0  0.0538461538462
2785  7328.0  0.0538461538462
2786  7328.0  0.0538461538462
2787  7328.0  0.0538461538462
2788  7328.0  0.0538461538462
2789  7328.0  0.0538461538462
2790  7328.0  0.0538461538462
2791  7328.0  0.0538461538462
2792  7328.0  0.0538461538462
2793  7328.0  0.0538461538462
2794  7328.0  0.0538461538462
2795  7328.0  0.0538461538462
2796  7328.0  0.0538461538462
2797  7328.0  0.0538461538462
2798  7328.0  0.0538461538462
2799  7328.0  0.0538461538462
2800  7328.0  0.0538461538462
2801  7328.0  0.0538461538462
2802  7328.0  0.0538461538462
2803  7328.0  0.0538461538462
2804  7328.0  0.0538461538462
2805  7328.0  0.0538461538462
2806  7328.0  0.0538461538462
2807  7328.0  0.0538461538462
2808  7328.0  0.0538461538462
2809  7328.0  0.0538461538462
2810  7328.0  0.0538461538462
2811  7328.0  0.0538461538462
2812  7328.0  0.0538461538462
2813  7328.0  0.0538461538462
2814  7328.0  0.0538461538462
2815  7328.0  0.0538461538462
2816  7328.0  0.0538461538462
2817  7328.0  0.0538461538462
2818  7328.0  0.0538461538462
2819  7328.0  0.0538461538462
2820  7328.0  0.0538461538462
2821  7328.0  0.0538461538462
2822  7328.0  0.0538461538462
2823  7328.0  0.0538461538462
2824  7328.0  0.0538461538462
2825  7328.0  0.0538461538462
2826  7328.0  0.0538461538462
2827  7328.0  0.0538461538462
2828  7328.0  0.0538461538462
2829  7328.0  0.0538461538462
2830  7328.0  0.0538461538462
2831  7328.0  0.0538461538462
2832  7328.0  0.0538461538462
2833  7328.0  0.0538461538462
2834  7328.0  0.0538461538462
2835  7328.0  0.0538461538462
2836  7328.0  0.0538461538462
2837  7328.0  0.0538461538462
2838  7328.0  0.0538461538462
2839  7328.0  0.0538461538462
2840  7328.0  0.0538461538462
2841  7328.0  0.0538461538462
2842  7328.0  0.0538461538462
2843  7328.0  0.0538461538462
2844  7328.0  0.0538461538462
2845  7328.0  0.0538461538462
2846  7328.0  0.0538461538462
2847  7328.0  0.0538461538462
2848  7328.0  0.0538461538462
2849  7328.0  0.0538461538462
2850  7328.0  0.0538461538462
2851  7328.0  0.0538461538462
2852  7328.0  0.0538461538462
2853  7328.0  0.0538461538462
2854  7328.0  0.0538461538462
2855  7328.0  0.0538461538462
2856  7328.0  0.0538461538462
2857  7328.0  0.0538461538462
2858  7328.0  0.0538461538462
2859  7328.0  0.0538461538462
2860  7328.0  0.0538461538462
2861  7328.0  0.0538461538462
2862  7328.0  0.0538461538462
2863  7328.0  0.0538461538462
2864  7328.0  0.0538461538462
2865  7328.0  0.0538461538462
2866  7328.0  0.0538461538462
2867  7328.0  0.0538461538462
2868  7328.0  0.0538461538462
2869  7328.0  0.0538461538462
2870  7328.0  0.0538461538462
2871  7328.0  0.0538461538462
2872  7328.0  0.0538461538462
2873  7328.0  0.0538461538462
2874  7328.0  0.0538461538462
2875  7328.0  0.0538461538462
2876  7328.0  0.0538461538462
2877  7328.0  0.0538461538462
2878  7328.0  0.0538461538462
2879  7328.0  0.0538461538462
2880  7328.0  0.0538461538462
2881  7328.0  0.0538461538462
2882  7328.0  0.0538461538462
2883  7328.0  0.0538461538462
2884  7328.0  0.0538461538462
2885  7328.0  0.0538461538462
2886  7328.0  0.0538461538462
2887  7328.0  0.0538461538462
2888  7328.0  0.0538461538462
2889  7328.0  0.0538461538462
2890  7328.0  0.0538461538462
2891  7328.0  0.0538461538462
2892  7328.0  0.0538461538462
2893  7328.0  0.0538461538462
2894  7328.0  0.0538461538462
2895  7328.0  0.0538461538462
2896  7328.0  0.0538461538462
2897  7328.0  0.0538461538462
2898  7328.0  0.0538461538462
2899  7328.0  0.0538461538462
2900  7328.0  0.0538461538462
2901  7328.0  0.0538461538462
2902  7328.0  0.0538461538462
2903  7328.0  0.0538461538462
2904  7328.0  0.0538461538462
2905  7328.0  0.0538461538462
2906  7328.0  0.0538461538462
2907  7328.0  0.0538461538462
2908  7328.0  0.0538461538462
2909  7328.0  0.0538461538462
2910  7328.0  0.0538461538462
2911  7328.0  0.0538461538462
2912  7328.0  0.0538461538462
2913  7328.0  0.0538461538462
2914  7328.0  0.0538461538462
2915  7328.0  0.0538461538462
2916  7328.0  0.0538461538462
2917  7328.0  0.0538461538462
2918  7328.0  0.0538461538462
2919  7328.0  0.0538461538462
2920  7328.0  0.0538461538462
2921  7328.0  0.0538461538462
2922  7328.0  0.0538461538462
2923  7328.0  0.0538461538462
2924  7328.0  0.0538461538462
2925  7328.0  0.0538461538462
2926  7328.0  0.0538461538462
2927  7328.0  0.0538461538462
2928  7328.0  0.0538461538462
2929  7328.0  0.0538461538462
2930  7328.0  0.0538461538462
2931  7328.0  0.0538461538462
2932  7328.0  0.0538461538462
2933  7328.0  0.0538461538462
2934  7328.0  0.0538461538462
2935  7328.0  0.0538461538462
2936  7328.0  0.0538461538462
2937  7328.0  0.0538461538462
2938  7328.0  0.0538461538462
2939  7328.0  0.0538461538462
2940  7328.0  0.0538461538462
2941  7328.0  0.0538461538462
2942  7328.0  0.0538461538462
2943  7328.0  0.0538461538462
2944  7328.0  0.0538461538462
2945  7328.0  0.0538461538462
2946  7328.0  0.0538461538462
2947  7328.0  0.0538461538462
2948  7328.0  0.0538461538462
2949  7328.0  0.0538461538462
2950  7328.0  0.0538461538462
2951  7328.0  0.0538461538462
2952  7328.0  0.0538461538462
2953  7328.0  0.0538461538462
2954  7328.0  0.0538461538462
2955  7328.0  0.0538461538462
2956  7328.0  0.0538461538462
2957  7328.0  0.0538461538462
2958  7328.0  0.0538461538462
2959  7328.0  0.0538461538462
2960  7328.0  0.0538461538462
2961  7328.0  0.0538461538462
2962  7328.0  0.0538461538462
2963  7328.0  0.0538461538462
2964  7328.0  0.0538461538462
2965  7328.0  0.0538461538462
2966  7328.0  0.0538461538462
2967  7328.0  0.0538461538462
2968  7328.0  0.0538461538462
2969  7328.0  0.0538461538462
2970  7328.0  0.0538461538462
2971  7328.0  0.0538461538462
2972  7328.0  0.0538461538462
2973  7328.0  0.0538461538462
2974  7328.0  0.0538461538462
2975  7328.0  0.0538461538462
2976  7328.0  0.0538461538462
2977  7328.0  0.0538461538462
2978  7328.0  0.0538461538462
2979  7328.0  0.0538461538462
2980  7328.0  0.0538461538462
2981  7328.0  0.0538461538462
2982  7328.0  0.0538461538462
2983  7328.0  0.0538461538462
2984  7328.0  0.0538461538462
2985  7328.0  0.0538461538462
2986  7328.0  0.0538461538462
2987  7328.0  0.0538461538462
2988  7328.0  0.0538461538462
2989  7328.0  0.0538461538462
2990  7328.0  0.0538461538462
2991  7328.0  0.0538461538462
2992  7328.0  0.0538461538462
2993  7328.0  0.0538461538462
2994  7328.0  0.0538461538462
2995  7328.0  0.0538461538462
2996  7328.0  0.0538461538462
2997  7328.0  0.0538461538462
2998  7328.0  0.0538461538462
2999  7328.0  0.0538461538462
#[-6, -2, 9, 9, 9, 9, 9, 9, 9, 9]
#[9, 9, 9, 9, 9, 9, 9, 9, 9, 9]
#[9, 9, 9, 9, 9, 9, 9, 9, 9, 9]
#[-8, 6, 9, 9, 9, 9, 9, 9, 9, 9]
#[9, 9, 9, 9, 9, 9, 9, 9, 9, 9]
#[-2, 3, 9, 9, 9, 9, 9, 9, 9, 9]
#[-8, -1, 9, 9, 9, 9, 9, 9, 9, 9]
#[-8, 9, 9, 9, 9, 9, 9, 9, 9, 9]
#[-3, 9, 9, 9, 9, 9, 9, 9, 9, 9]
#[8, 9, 9, 9, 9, 9, 9, 9, 9, 9]
#[9, 9, 9, 9, 9, 9, 9, 9, 9, 9]
#[-3, -2, 3, 9, 9, 9, 9, 9, 9, 9]
#[6, 9, 9, 9, 9, 9, 9, 9, 9, 9]
#[1, 9, 9, 9, 9, 9, 9, 9, 9, 9]
#[-7, 9, 9, 9, 9, 9, 9, 9, 9, 9]
#[3, 5, 9, 9, 9, 9, 9, 9, 9, 9]
#[4, 8, 9, 9, 9, 9, 9, 9, 9, 9]
#[5, 9, 9, 9, 9, 9, 9, 9, 9, 9]
#[-7, 5, 9, 9, 9, 9, 9, 9, 9, 9]
#[-1, 6, 9, 9, 9, 9, 9, 9, 9, 9]
#[2, 5, 8, 9, 9, 9, 9, 9, 9, 9]
#[8, 9, 9, 9, 9, 9, 9, 9, 9, 9]
#[9, 9, 9, 9, 9, 9, 9, 9, 9, 9]
#[-5, 6, 8, 9, 9, 9, 9, 9, 9, 9]
#[1, 7, 9, 9, 9, 9, 9, 9, 9, 9]
#Specialization index= [1, 9, 0.046511627906976744]
