#[9, 7, 9, 9, 9, 4, 7, 9, 5, 6]
#[9, 9, 7, 7, 6, 7, 8, 2, 4, 6]
#[8, 2, 5, 2, 7, 5, 9, 6, 8, 7]
#[6, 9, 0, 9, 9, 8, 5, 9, 0, 1]
#[6, 2, 6, 1, 6, 3, 4, 4, 7, 5]
#[7, 1, 9, 4, 1, 3, 9, 1, 5, 8]
#[9, 6, 8, 4, 8, 5, 6, 2, 3, 5]
#[2, 6, 1, 9, 8, 4, 4, 6, 8, 9]
#[9, 8, 4, 6, 7, 6, 4, 8, 8, 9]
0  2137.0  0.06
1  2137.0  0.06
2  2137.0  0.06
3  2137.0  0.06
4  2137.0  0.06
5  2137.0  0.06
6  2137.0  0.06
7  2137.0  0.06
8  2487.0  0.07
9  2543.5  0.08
10  2543.5  0.08
11  2543.5  0.08
12  2543.5  0.08
13  2560.5  0.08
14  2560.5  0.08
15  2560.5  0.08
16  2560.5  0.08
17  2560.5  0.08
18  2560.5  0.08
19  2560.5  0.08
20  2560.5  0.08
21  2560.5  0.08
22  2560.5  0.08
23  2560.5  0.08
24  2560.5  0.08
25  2560.5  0.08
26  2560.5  0.08
27  2560.5  0.08
28  2560.5  0.08
29  2560.5  0.08
30  2560.5  0.08
31  2560.5  0.08
32  2560.5  0.08
33  2560.5  0.08
34  2560.5  0.08
35  2560.5  0.08
36  2560.5  0.08
37  2560.5  0.08
38  2560.5  0.08
39  2560.5  0.08
40  2560.5  0.08
41  2560.5  0.08
42  2560.5  0.08
43  2560.5  0.08
44  2560.5  0.08
45  2560.5  0.08
46  2560.5  0.08
47  2560.5  0.08
48  2560.5  0.08
49  2560.5  0.08
50  2560.5  0.08
51  2560.5  0.08
52  2560.5  0.08
53  2560.5  0.08
54  2560.5  0.08
55  2560.5  0.08
56  2560.5  0.08
57  2560.5  0.08
58  2560.5  0.08
59  2560.5  0.08
60  2560.5  0.08
61  2560.5  0.08
62  2560.5  0.08
63  2560.5  0.08
64  2560.5  0.08
65  2560.5  0.08
66  2560.5  0.08
67  2560.5  0.08
68  2560.5  0.08
69  2625.5  0.03
70  2625.5  0.03
71  2625.5  0.03
72  2625.5  0.03
73  2625.5  0.03
74  2625.5  0.03
75  2625.5  0.03
76  2625.5  0.03
77  2625.5  0.03
78  2625.5  0.03
79  2625.5  0.03
80  2625.5  0.03
81  2625.5  0.03
82  2625.5  0.03
83  2625.5  0.03
84  2625.5  0.03
85  2625.5  0.03
86  2625.5  0.03
87  2625.5  0.03
88  2625.5  0.03
89  2625.5  0.03
90  2625.5  0.03
91  2625.5  0.03
92  2625.5  0.03
93  2625.5  0.03
94  2625.5  0.03
95  2625.5  0.03
96  2625.5  0.03
97  2625.5  0.03
98  2625.5  0.03
99  2625.5  0.03
100  2625.5  0.03
101  2625.5  0.03
102  2625.5  0.03
103  2625.5  0.03
104  2625.5  0.03
105  2625.5  0.03
106  2625.5  0.03
107  2625.5  0.03
108  2625.5  0.03
109  2625.5  0.03
110  2625.5  0.03
111  2625.5  0.03
112  2625.5  0.03
113  2625.5  0.03
114  2625.5  0.03
115  2625.5  0.03
116  2625.5  0.03
117  2625.5  0.03
118  2625.5  0.03
119  2625.5  0.03
120  2625.5  0.03
121  2625.5  0.03
122  2625.5  0.03
123  2625.5  0.03
124  2625.5  0.03
125  2625.5  0.03
126  2625.5  0.03
127  2625.5  0.03
128  2625.5  0.03
129  2625.5  0.03
130  2625.5  0.03
131  2625.5  0.03
132  2625.5  0.03
133  2625.5  0.03
134  2625.5  0.03
135  2625.5  0.03
136  2625.5  0.03
137  2625.5  0.03
138  2625.5  0.03
139  2625.5  0.03
140  2625.5  0.03
141  2625.5  0.03
142  2625.5  0.03
143  2625.5  0.03
144  2625.5  0.03
145  2625.5  0.03
146  2625.5  0.03
147  2625.5  0.03
148  2625.5  0.03
149  2625.5  0.03
150  2625.5  0.03
151  2625.5  0.03
152  2625.5  0.03
153  2625.5  0.03
154  2625.5  0.03
155  2625.5  0.03
156  2625.5  0.03
157  2625.5  0.03
158  2625.5  0.03
159  2625.5  0.03
160  2625.5  0.03
161  2625.5  0.03
162  2625.5  0.03
163  2625.5  0.03
164  2625.5  0.03
165  2625.5  0.03
166  2625.5  0.03
167  2625.5  0.03
168  2625.5  0.03
169  2625.5  0.03
170  2625.5  0.03
171  2625.5  0.03
172  2625.5  0.03
173  2625.5  0.03
174  2625.5  0.03
175  2625.5  0.03
176  2625.5  0.03
177  2625.5  0.03
178  2625.5  0.03
179  2625.5  0.03
180  2625.5  0.03
181  2625.5  0.03
182  2625.5  0.03
183  2625.5  0.03
184  2625.5  0.03
185  2625.5  0.03
186  2625.5  0.03
187  2625.5  0.03
188  2625.5  0.03
189  2625.5  0.03
190  2625.5  0.03
191  2625.5  0.03
192  2625.5  0.03
193  2625.5  0.03
194  2625.5  0.03
195  2625.5  0.03
196  2625.5  0.03
197  2625.5  0.03
198  2625.5  0.03
199  2653.5  0.04
200  2653.5  0.04
201  2653.5  0.04
202  2653.5  0.04
203  2653.5  0.04
204  2653.5  0.04
205  2653.5  0.04
206  2653.5  0.04
207  2653.5  0.04
208  2653.5  0.04
209  2653.5  0.04
210  2653.5  0.04
211  2653.5  0.04
212  2653.5  0.04
213  2653.5  0.04
214  2653.5  0.04
215  2653.5  0.04
216  2653.5  0.04
217  2653.5  0.04
218  2653.5  0.04
219  2653.5  0.04
220  2653.5  0.04
221  2653.5  0.04
222  2653.5  0.04
223  2653.5  0.04
224  2653.5  0.04
225  2653.5  0.04
226  2653.5  0.04
227  2653.5  0.04
228  2653.5  0.04
229  2653.5  0.04
230  2653.5  0.04
231  2653.5  0.04
232  2653.5  0.04
233  2653.5  0.04
234  2653.5  0.04
235  2653.5  0.04
236  2653.5  0.04
237  2653.5  0.04
238  2653.5  0.04
239  2653.5  0.04
240  2653.5  0.04
241  2653.5  0.04
242  2653.5  0.04
243  2653.5  0.04
244  2653.5  0.04
245  2653.5  0.04
246  2653.5  0.04
247  2653.5  0.04
248  2698.0  0.03
249  2698.0  0.03
250  2698.0  0.03
251  2698.0  0.03
252  2698.0  0.03
253  2698.0  0.03
254  2698.0  0.03
255  2698.0  0.03
256  2698.0  0.03
257  2698.0  0.03
258  2698.0  0.03
259  2698.0  0.03
260  2698.0  0.03
261  2698.0  0.03
262  2698.0  0.03
263  2698.0  0.03
264  2698.0  0.03
265  2698.0  0.03
266  2698.0  0.03
267  2698.0  0.03
268  2698.0  0.03
269  2698.0  0.03
270  2698.0  0.03
271  2698.0  0.03
272  2698.0  0.03
273  2698.0  0.03
274  2698.0  0.03
275  2698.0  0.03
276  2698.0  0.03
277  2698.0  0.03
278  2698.0  0.03
279  2698.0  0.03
280  2698.0  0.03
281  2698.0  0.03
282  2698.0  0.03
283  2698.0  0.03
284  2698.0  0.03
285  2698.0  0.03
286  2698.0  0.03
287  2698.0  0.03
288  2698.0  0.03
289  2698.0  0.03
290  2698.0  0.03
291  2698.0  0.03
292  2698.0  0.03
293  2698.0  0.03
294  2698.0  0.03
295  2698.0  0.03
296  2698.0  0.03
297  2698.0  0.03
298  2698.0  0.03
299  2698.0  0.03
300  2698.0  0.03
301  2698.0  0.03
302  2698.0  0.03
303  2698.0  0.03
304  2698.0  0.03
305  2698.0  0.03
306  2698.0  0.03
307  2698.0  0.03
308  2698.0  0.03
309  2698.0  0.03
310  2698.0  0.03
311  2698.0  0.03
312  2698.0  0.03
313  2698.0  0.03
314  2698.0  0.03
315  2698.0  0.03
316  2698.0  0.03
317  2698.0  0.03
318  2698.0  0.03
319  2698.0  0.03
320  2698.0  0.03
321  2698.0  0.03
322  2698.0  0.03
323  2698.0  0.03
324  2698.0  0.03
325  2698.0  0.03
326  2698.0  0.03
327  2698.0  0.03
328  2698.0  0.03
329  2698.0  0.03
330  2698.0  0.03
331  2698.0  0.03
332  2698.0  0.03
333  2698.0  0.03
334  2698.0  0.03
335  2698.0  0.03
336  2698.0  0.03
337  2698.0  0.03
338  2698.0  0.03
339  2698.0  0.03
340  2698.0  0.03
341  2698.0  0.03
342  2698.0  0.03
343  2698.0  0.03
344  2698.0  0.03
345  2698.0  0.03
346  2698.0  0.03
347  2698.0  0.03
348  2698.0  0.03
349  2698.0  0.03
350  2698.0  0.03
351  2698.0  0.03
352  2698.0  0.03
353  2698.0  0.03
354  2698.0  0.03
355  2698.0  0.03
356  2698.0  0.03
357  2698.0  0.03
358  2698.0  0.03
359  2698.0  0.03
360  2698.0  0.03
361  2698.0  0.03
362  2698.0  0.03
363  2698.0  0.03
364  2698.0  0.03
365  2698.0  0.03
366  2698.0  0.03
367  2698.0  0.03
368  2698.0  0.03
369  2698.0  0.03
370  2698.0  0.03
371  2698.0  0.03
372  2698.0  0.03
373  2698.0  0.03
374  2698.0  0.03
375  2698.0  0.03
376  2698.0  0.03
377  2698.0  0.03
378  2698.0  0.03
379  2698.0  0.03
380  2698.0  0.03
381  2698.0  0.03
382  2698.0  0.03
383  2698.0  0.03
384  2698.0  0.03
385  2698.0  0.03
386  2698.0  0.03
387  2698.0  0.03
388  2698.0  0.03
389  2698.0  0.03
390  2698.0  0.03
391  2698.0  0.03
392  2698.0  0.03
393  2698.0  0.03
394  2698.0  0.03
395  2698.0  0.03
396  2698.0  0.03
397  2698.0  0.03
398  2698.0  0.03
399  2698.0  0.03
400  2698.0  0.03
401  2698.0  0.03
402  2698.0  0.03
403  2698.0  0.03
404  2698.0  0.03
405  2698.0  0.03
406  2698.0  0.03
407  2698.0  0.03
408  2698.0  0.03
409  2698.0  0.03
410  2698.0  0.03
411  2698.0  0.03
412  2698.0  0.03
413  2698.0  0.03
414  2698.0  0.03
415  2698.0  0.03
416  2698.0  0.03
417  2698.0  0.03
418  2698.0  0.03
419  2698.0  0.03
420  2698.0  0.03
421  2698.0  0.03
422  2698.0  0.03
423  2698.0  0.03
424  2698.0  0.03
425  2698.0  0.03
426  2698.0  0.03
427  2698.0  0.03
428  2698.0  0.03
429  2698.0  0.03
430  2698.0  0.03
431  2698.0  0.03
432  2698.0  0.03
433  2698.0  0.03
434  2698.0  0.03
435  2698.0  0.03
436  2698.0  0.03
437  2698.0  0.03
438  2698.0  0.03
439  2698.0  0.03
440  2698.0  0.03
441  2698.0  0.03
442  2698.0  0.03
443  2698.0  0.03
444  2698.0  0.03
445  2698.0  0.03
446  2698.0  0.03
447  2698.0  0.03
448  2698.0  0.03
449  2698.0  0.03
450  2698.0  0.03
451  2698.0  0.03
452  2698.0  0.03
453  2698.0  0.03
454  2698.0  0.03
455  2698.0  0.03
456  2698.0  0.03
457  2698.0  0.03
458  2698.0  0.03
459  2698.0  0.03
460  2698.0  0.03
461  2698.0  0.03
462  2698.0  0.03
463  2698.0  0.03
464  2698.0  0.03
465  2698.0  0.03
466  2698.0  0.03
467  2698.0  0.03
468  2698.0  0.03
469  2698.0  0.03
470  2698.0  0.03
471  2698.0  0.03
472  2698.0  0.03
473  2698.0  0.03
474  2698.0  0.03
475  2698.0  0.03
476  2698.0  0.03
477  2698.0  0.03
478  2698.0  0.03
479  2698.0  0.03
480  2698.0  0.03
481  2698.0  0.03
482  2698.0  0.03
483  2698.0  0.03
484  2698.0  0.03
485  2698.0  0.03
486  2698.0  0.03
487  2698.0  0.03
488  2698.0  0.03
489  2698.0  0.03
490  2698.0  0.03
491  2698.0  0.03
492  2698.0  0.03
493  2698.0  0.03
494  2698.0  0.03
495  2698.0  0.03
496  2698.0  0.03
497  2698.0  0.03
498  2698.0  0.03
499  2698.0  0.03
500  2698.0  0.03
501  2698.0  0.03
502  2698.0  0.03
503  2698.0  0.03
504  2698.0  0.03
505  2698.0  0.03
506  2698.0  0.03
507  2698.0  0.03
508  2698.0  0.03
509  2698.0  0.03
510  2698.0  0.03
511  2698.0  0.03
512  2698.0  0.03
513  2698.0  0.03
514  2698.0  0.03
515  2698.0  0.03
516  2698.0  0.03
517  2698.0  0.03
518  2698.0  0.03
519  2698.0  0.03
520  2698.0  0.03
521  2698.0  0.03
522  2698.0  0.03
523  2698.0  0.03
524  2698.0  0.03
525  2698.0  0.03
526  2698.0  0.03
527  2698.0  0.03
528  2698.0  0.03
529  2698.0  0.03
530  2698.0  0.03
531  2698.0  0.03
532  2698.0  0.03
533  2698.0  0.03
534  2698.0  0.03
535  2698.0  0.03
536  2698.0  0.03
537  2698.0  0.03
538  2698.0  0.03
539  2698.0  0.03
540  2698.0  0.03
541  2698.0  0.03
542  2698.0  0.03
543  2698.0  0.03
544  2698.0  0.03
545  2698.0  0.03
546  2698.0  0.03
547  2698.0  0.03
548  2698.0  0.03
549  2698.0  0.03
550  2698.0  0.03
551  2707.0  0.04
552  2707.0  0.04
553  2707.0  0.04
554  2707.0  0.04
555  2707.0  0.04
556  2707.0  0.04
557  2707.0  0.04
558  2707.0  0.04
559  2707.0  0.04
560  2707.0  0.04
561  2707.0  0.04
562  2707.0  0.04
563  2707.0  0.04
564  2707.0  0.04
565  2707.0  0.04
566  2707.0  0.04
567  2707.0  0.04
568  2707.0  0.04
569  2707.0  0.04
570  2707.0  0.04
571  2707.0  0.04
572  2707.0  0.04
573  2707.0  0.04
574  2707.0  0.04
575  2707.0  0.04
576  2707.0  0.04
577  2707.0  0.04
578  2707.0  0.04
579  2707.0  0.04
580  2707.0  0.04
581  2707.0  0.04
582  2707.0  0.04
583  2707.0  0.04
584  2707.0  0.04
585  2707.0  0.04
586  2707.0  0.04
587  2707.0  0.04
588  2707.0  0.04
589  2707.0  0.04
590  2707.0  0.04
591  2707.0  0.04
592  2707.0  0.04
593  2707.0  0.04
594  2707.0  0.04
595  2707.0  0.04
596  2707.0  0.04
597  2707.0  0.04
598  2707.0  0.04
599  2707.0  0.04
600  2707.0  0.04
601  2707.0  0.04
602  2707.0  0.04
603  2707.0  0.04
604  2707.0  0.04
605  2707.0  0.04
606  2707.0  0.04
607  2707.0  0.04
608  2707.0  0.04
609  2707.0  0.04
610  2707.0  0.04
611  2707.0  0.04
612  2707.0  0.04
613  2707.0  0.04
614  2707.0  0.04
615  2707.0  0.04
616  2707.0  0.04
617  2707.0  0.04
618  2707.0  0.04
619  2707.0  0.04
620  2707.0  0.04
621  2707.0  0.04
622  2707.0  0.04
623  2707.0  0.04
624  2707.0  0.04
625  2707.0  0.04
626  2707.0  0.04
627  2707.0  0.04
628  2707.0  0.04
629  2707.0  0.04
630  2707.0  0.04
631  2707.0  0.04
632  2707.0  0.04
633  2707.0  0.04
634  2707.0  0.04
635  2707.0  0.04
636  2707.0  0.04
637  2707.0  0.04
638  2707.0  0.04
639  2707.0  0.04
640  2707.0  0.04
641  2707.0  0.04
642  2707.0  0.04
643  2707.0  0.04
644  2707.0  0.04
645  2707.0  0.04
646  2707.0  0.04
647  2707.0  0.04
648  2707.0  0.04
649  2707.0  0.04
650  2707.0  0.04
651  2707.0  0.04
652  2707.0  0.04
653  2707.0  0.04
654  2707.0  0.04
655  2707.0  0.04
656  2707.0  0.04
657  2707.0  0.04
658  2707.0  0.04
659  2707.0  0.04
660  2707.0  0.04
661  2707.0  0.04
662  2707.0  0.04
663  2707.0  0.04
664  2707.0  0.04
665  2707.0  0.04
666  2707.0  0.04
667  2707.0  0.04
668  2707.0  0.04
669  2707.0  0.04
670  2707.0  0.04
671  2707.0  0.04
672  2707.0  0.04
673  2707.0  0.04
674  2707.0  0.04
675  2707.0  0.04
676  2707.0  0.04
677  2707.0  0.04
678  2707.0  0.04
679  2707.0  0.04
680  2707.0  0.04
681  2707.0  0.04
682  2707.0  0.04
683  2707.0  0.04
684  2707.0  0.04
685  2707.0  0.04
686  2707.0  0.04
687  2707.0  0.04
688  2707.0  0.04
689  2707.0  0.04
690  2707.0  0.04
691  2707.0  0.04
692  2707.0  0.04
693  2707.0  0.04
694  2707.0  0.04
695  2707.0  0.04
696  2707.0  0.04
697  2707.0  0.04
698  2707.0  0.04
699  2707.0  0.04
700  2707.0  0.04
701  2707.0  0.04
702  2707.0  0.04
703  2707.0  0.04
704  2707.0  0.04
705  2707.0  0.04
706  2707.0  0.04
707  2707.0  0.04
708  2707.0  0.04
709  2707.0  0.04
710  2707.0  0.04
711  2707.0  0.04
712  2707.0  0.04
713  2707.0  0.04
714  2707.0  0.04
715  2707.0  0.04
716  2707.0  0.04
717  2707.0  0.04
718  2707.0  0.04
719  2707.0  0.04
720  2707.0  0.04
721  2707.0  0.04
722  2707.0  0.04
723  2707.0  0.04
724  2707.0  0.04
725  2707.0  0.04
726  2707.0  0.04
727  2707.0  0.04
728  2707.0  0.04
729  2707.0  0.04
730  2707.0  0.04
731  2707.0  0.04
732  2707.0  0.04
733  2707.0  0.04
734  2707.0  0.04
735  2707.0  0.04
736  2707.0  0.04
737  2707.0  0.04
738  2707.0  0.04
739  2707.0  0.04
740  2707.0  0.04
741  2707.0  0.04
742  2707.0  0.04
743  2707.0  0.04
744  2707.0  0.04
745  2707.0  0.04
746  2707.0  0.04
747  2707.0  0.04
748  2707.0  0.04
749  2707.0  0.04
750  2707.0  0.04
751  2707.0  0.04
752  2707.0  0.04
753  2707.0  0.04
754  2707.0  0.04
755  2707.0  0.04
756  2707.0  0.04
757  2707.0  0.04
758  2707.0  0.04
759  2707.0  0.04
760  2707.0  0.04
761  2707.0  0.04
762  2707.0  0.04
763  2707.0  0.04
764  2707.0  0.04
765  2707.0  0.04
766  2707.0  0.04
767  2707.0  0.04
768  2707.0  0.04
769  2707.0  0.04
770  2707.0  0.04
771  2707.0  0.04
772  2707.0  0.04
773  2707.0  0.04
774  2707.0  0.04
775  2707.0  0.04
776  2707.0  0.04
777  2707.0  0.04
778  2707.0  0.04
779  2707.0  0.04
780  2707.0  0.04
781  2707.0  0.04
782  2707.0  0.04
783  2707.0  0.04
784  2707.0  0.04
785  2707.0  0.04
786  2707.0  0.04
787  2707.0  0.04
788  2707.0  0.04
789  2707.0  0.04
790  2707.0  0.04
791  2707.0  0.04
792  2707.0  0.04
793  2707.0  0.04
794  2707.0  0.04
795  2707.0  0.04
796  2707.0  0.04
797  2707.0  0.04
798  2707.0  0.04
799  2707.0  0.04
800  2707.0  0.04
801  2707.0  0.04
802  2707.0  0.04
803  2707.0  0.04
804  2707.0  0.04
805  2707.0  0.04
806  2707.0  0.04
807  2707.0  0.04
808  2707.0  0.04
809  2707.0  0.04
810  2707.0  0.04
811  2707.0  0.04
812  2707.0  0.04
813  2707.0  0.04
814  2707.0  0.04
815  2707.0  0.04
816  2707.0  0.04
817  2707.0  0.04
818  2707.0  0.04
819  2707.0  0.04
820  2707.0  0.04
821  2707.0  0.04
822  2707.0  0.04
823  2707.0  0.04
824  2707.0  0.04
825  2707.0  0.04
826  2707.0  0.04
827  2707.0  0.04
828  2707.0  0.04
829  2707.0  0.04
830  2707.0  0.04
831  2707.0  0.04
832  2707.0  0.04
833  2707.0  0.04
834  2707.0  0.04
835  2707.0  0.04
836  2707.0  0.04
837  2707.0  0.04
838  2707.0  0.04
839  2707.0  0.04
840  2707.0  0.04
841  2707.0  0.04
842  2707.0  0.04
843  2707.0  0.04
844  2707.0  0.04
845  2707.0  0.04
846  2707.0  0.04
847  2707.0  0.04
848  2707.0  0.04
849  2707.0  0.04
850  2707.0  0.04
851  2707.0  0.04
852  2707.0  0.04
853  2707.0  0.04
854  2707.0  0.04
855  2707.0  0.04
856  2707.0  0.04
857  2707.0  0.04
858  2707.0  0.04
859  2707.0  0.04
860  2707.0  0.04
861  2707.0  0.04
862  2707.0  0.04
863  2707.0  0.04
864  2707.0  0.04
865  2707.0  0.04
866  2707.0  0.04
867  2707.0  0.04
868  2707.0  0.04
869  2707.0  0.04
870  2707.0  0.04
871  2707.0  0.04
872  2707.0  0.04
873  2707.0  0.04
874  2707.0  0.04
875  2707.0  0.04
876  2707.0  0.04
877  2707.0  0.04
878  2707.0  0.04
879  2707.0  0.04
880  2707.0  0.04
881  2707.0  0.04
882  2707.0  0.04
883  2707.0  0.04
884  2707.0  0.04
885  2707.0  0.04
886  2707.0  0.04
887  2707.0  0.04
888  2707.0  0.04
889  2707.0  0.04
890  2707.0  0.04
891  2707.0  0.04
892  2707.0  0.04
893  2707.0  0.04
894  2707.0  0.04
895  2707.0  0.04
896  2707.0  0.04
897  2707.0  0.04
898  2707.0  0.04
899  2707.0  0.04
900  2707.0  0.04
901  2707.0  0.04
902  2707.0  0.04
903  2707.0  0.04
904  2707.0  0.04
905  2707.0  0.04
906  2707.0  0.04
907  2707.0  0.04
908  2707.0  0.04
909  2707.0  0.04
910  2707.0  0.04
911  2707.0  0.04
912  2707.0  0.04
913  2707.0  0.04
914  2707.0  0.04
915  2707.0  0.04
916  2707.0  0.04
917  2707.0  0.04
918  2707.0  0.04
919  2707.0  0.04
920  2707.0  0.04
921  2707.0  0.04
922  2707.0  0.04
923  2707.0  0.04
924  2707.0  0.04
925  2707.0  0.04
926  2707.0  0.04
927  2707.0  0.04
928  2707.0  0.04
929  2707.0  0.04
930  2707.0  0.04
931  2707.0  0.04
932  2707.0  0.04
933  2707.0  0.04
934  2707.0  0.04
935  2707.0  0.04
936  2707.0  0.04
937  2707.0  0.04
938  2707.0  0.04
939  2707.0  0.04
940  2707.0  0.04
941  2707.0  0.04
942  2707.0  0.04
943  2707.0  0.04
944  2707.0  0.04
945  2707.0  0.04
946  2707.0  0.04
947  2707.0  0.04
948  2707.0  0.04
949  2707.0  0.04
950  2707.0  0.04
951  2707.0  0.04
952  2707.0  0.04
953  2707.0  0.04
954  2707.0  0.04
955  2707.0  0.04
956  2707.0  0.04
957  2707.0  0.04
958  2707.0  0.04
959  2707.0  0.04
960  2707.0  0.04
961  2707.0  0.04
962  2707.0  0.04
963  2707.0  0.04
964  2707.0  0.04
965  2707.0  0.04
966  2707.0  0.04
967  2707.0  0.04
968  2707.0  0.04
969  2707.0  0.04
970  2707.0  0.04
971  2707.0  0.04
972  2707.0  0.04
973  2707.0  0.04
974  2707.0  0.04
975  2707.0  0.04
976  2707.0  0.04
977  2707.0  0.04
978  2707.0  0.04
979  2707.0  0.04
980  2707.0  0.04
981  2707.0  0.04
982  2707.0  0.04
983  2707.0  0.04
984  2707.0  0.04
985  2707.0  0.04
986  2707.0  0.04
987  2707.0  0.04
988  2707.0  0.04
989  2707.0  0.04
990  2707.0  0.04
991  2707.0  0.04
992  2707.0  0.04
993  2707.0  0.04
994  2707.0  0.04
995  2707.0  0.04
996  2707.0  0.04
997  2707.0  0.04
998  2707.0  0.04
999  2707.0  0.04
1000  2707.0  0.04
1001  2707.0  0.04
1002  2707.0  0.04
1003  2707.0  0.04
1004  2707.0  0.04
1005  2707.0  0.04
1006  2707.0  0.04
1007  2707.0  0.04
1008  2707.0  0.04
1009  2707.0  0.04
1010  2707.0  0.04
1011  2707.0  0.04
1012  2707.0  0.04
1013  2707.0  0.04
1014  2707.0  0.04
1015  2707.0  0.04
1016  2707.0  0.04
1017  2707.0  0.04
1018  2707.0  0.04
1019  2707.0  0.04
1020  2707.0  0.04
1021  2707.0  0.04
1022  2707.0  0.04
1023  2707.0  0.04
1024  2707.0  0.04
1025  2707.0  0.04
1026  2707.0  0.04
1027  2707.0  0.04
1028  2707.0  0.04
1029  2707.0  0.04
1030  2707.0  0.04
1031  2707.0  0.04
1032  2707.0  0.04
1033  2707.0  0.04
1034  2707.0  0.04
1035  2707.0  0.04
1036  2707.0  0.04
1037  2707.0  0.04
1038  2707.0  0.04
1039  2707.0  0.04
1040  2707.0  0.04
1041  2707.0  0.04
1042  2707.0  0.04
1043  2707.0  0.04
1044  2707.0  0.04
1045  2707.0  0.04
1046  2707.0  0.04
1047  2707.0  0.04
1048  2707.0  0.04
1049  2707.0  0.04
1050  2707.0  0.04
1051  2707.0  0.04
1052  2707.0  0.04
1053  2707.0  0.04
1054  2707.0  0.04
1055  2707.0  0.04
1056  2707.0  0.04
1057  2707.0  0.04
1058  2707.0  0.04
1059  2707.0  0.04
1060  2707.0  0.04
1061  2707.0  0.04
1062  2707.0  0.04
1063  2707.0  0.04
1064  2707.0  0.04
1065  2707.0  0.04
1066  2707.0  0.04
1067  2707.0  0.04
1068  2707.0  0.04
1069  2707.0  0.04
1070  2707.0  0.04
1071  2707.0  0.04
1072  2707.0  0.04
1073  2707.0  0.04
1074  2707.0  0.04
1075  2707.0  0.04
1076  2707.0  0.04
1077  2707.0  0.04
1078  2707.0  0.04
1079  2707.0  0.04
1080  2707.0  0.04
1081  2707.0  0.04
1082  2707.0  0.04
1083  2707.0  0.04
1084  2707.0  0.04
1085  2707.0  0.04
1086  2707.0  0.04
1087  2707.0  0.04
1088  2707.0  0.04
1089  2707.0  0.04
1090  2707.0  0.04
1091  2707.0  0.04
1092  2707.0  0.04
1093  2707.0  0.04
1094  2707.0  0.04
1095  2707.0  0.04
1096  2707.0  0.04
1097  2707.0  0.04
1098  2707.0  0.04
1099  2707.0  0.04
1100  2707.0  0.04
1101  2707.0  0.04
1102  2707.0  0.04
1103  2707.0  0.04
1104  2707.0  0.04
1105  2707.0  0.04
1106  2707.0  0.04
1107  2707.0  0.04
1108  2707.0  0.04
1109  2707.0  0.04
1110  2707.0  0.04
1111  2707.0  0.04
1112  2707.0  0.04
1113  2707.0  0.04
1114  2707.0  0.04
1115  2707.0  0.04
1116  2707.0  0.04
1117  2707.0  0.04
1118  2707.0  0.04
1119  2707.0  0.04
1120  2707.0  0.04
1121  2707.0  0.04
1122  2707.0  0.04
1123  2707.0  0.04
1124  2707.0  0.04
1125  2707.0  0.04
1126  2707.0  0.04
1127  2707.0  0.04
1128  2707.0  0.04
1129  2707.0  0.04
1130  2707.0  0.04
1131  2707.0  0.04
1132  2707.0  0.04
1133  2707.0  0.04
1134  2707.0  0.04
1135  2707.0  0.04
1136  2707.0  0.04
1137  2707.0  0.04
1138  2707.0  0.04
1139  2707.0  0.04
1140  2707.0  0.04
1141  2707.0  0.04
1142  2707.0  0.04
1143  2707.0  0.04
1144  2707.0  0.04
1145  2707.0  0.04
1146  2707.0  0.04
1147  2707.0  0.04
1148  2707.0  0.04
1149  2707.0  0.04
1150  2707.0  0.04
1151  2707.0  0.04
1152  2707.0  0.04
1153  2707.0  0.04
1154  2707.0  0.04
1155  2707.0  0.04
1156  2707.0  0.04
1157  2707.0  0.04
1158  2707.0  0.04
1159  2707.0  0.04
1160  2707.0  0.04
1161  2707.0  0.04
1162  2707.0  0.04
1163  2707.0  0.04
1164  2707.0  0.04
1165  2707.0  0.04
1166  2707.0  0.04
1167  2707.0  0.04
1168  2707.0  0.04
1169  2707.0  0.04
1170  2707.0  0.04
1171  2707.0  0.04
1172  2707.0  0.04
1173  2707.0  0.04
1174  2707.0  0.04
1175  2707.0  0.04
1176  2707.0  0.04
1177  2707.0  0.04
1178  2707.0  0.04
1179  2707.0  0.04
1180  2707.0  0.04
1181  2707.0  0.04
1182  2707.0  0.04
1183  2707.0  0.04
1184  2707.0  0.04
1185  2707.0  0.04
1186  2707.0  0.04
1187  2707.0  0.04
1188  2707.0  0.04
1189  2707.0  0.04
1190  2707.0  0.04
1191  2707.0  0.04
1192  2707.0  0.04
1193  2707.0  0.04
1194  2707.0  0.04
1195  2707.0  0.04
1196  2707.0  0.04
1197  2707.0  0.04
1198  2707.0  0.04
1199  2707.0  0.04
1200  2707.0  0.04
1201  2707.0  0.04
1202  2707.0  0.04
1203  2707.0  0.04
1204  2707.0  0.04
1205  2707.0  0.04
1206  2707.0  0.04
1207  2707.0  0.04
1208  2707.0  0.04
1209  2707.0  0.04
1210  2707.0  0.04
1211  2707.0  0.04
1212  2707.0  0.04
1213  2707.0  0.04
1214  2707.0  0.04
1215  2707.0  0.04
1216  2707.0  0.04
1217  2707.0  0.04
1218  2707.0  0.04
1219  2707.0  0.04
1220  2707.0  0.04
1221  2707.0  0.04
1222  2707.0  0.04
1223  2707.0  0.04
1224  2707.0  0.04
1225  2707.0  0.04
1226  2707.0  0.04
1227  2707.0  0.04
1228  2707.0  0.04
1229  2707.0  0.04
1230  2707.0  0.04
1231  2707.0  0.04
1232  2707.0  0.04
1233  2707.0  0.04
1234  2707.0  0.04
1235  2707.0  0.04
1236  2707.0  0.04
1237  2707.0  0.04
1238  2707.0  0.04
1239  2707.0  0.04
1240  2707.0  0.04
1241  2707.0  0.04
1242  2707.0  0.04
1243  2707.0  0.04
1244  2707.0  0.04
1245  2707.0  0.04
1246  2707.0  0.04
1247  2707.0  0.04
1248  2707.0  0.04
1249  2707.0  0.04
1250  2707.0  0.04
1251  2707.0  0.04
1252  2707.0  0.04
1253  2707.0  0.04
1254  2707.0  0.04
1255  2707.0  0.04
1256  2707.0  0.04
1257  2707.0  0.04
1258  2707.0  0.04
1259  2707.0  0.04
1260  2707.0  0.04
1261  2707.0  0.04
1262  2707.0  0.04
1263  2707.0  0.04
1264  2707.0  0.04
1265  2707.0  0.04
1266  2707.0  0.04
1267  2707.0  0.04
1268  2707.0  0.04
1269  2707.0  0.04
1270  2707.0  0.04
1271  2707.0  0.04
1272  2707.0  0.04
1273  2707.0  0.04
1274  2707.0  0.04
1275  2707.0  0.04
1276  2707.0  0.04
1277  2707.0  0.04
1278  2707.0  0.04
1279  2707.0  0.04
1280  2707.0  0.04
1281  2707.0  0.04
1282  2707.0  0.04
1283  2707.0  0.04
1284  2707.0  0.04
1285  2707.0  0.04
1286  2707.0  0.04
1287  2707.0  0.04
1288  2707.0  0.04
1289  2707.0  0.04
1290  2707.0  0.04
1291  2707.0  0.04
1292  2707.0  0.04
1293  2707.0  0.04
1294  2707.0  0.04
1295  2707.0  0.04
1296  2707.0  0.04
1297  2707.0  0.04
1298  2707.0  0.04
1299  2707.0  0.04
1300  2707.0  0.04
1301  2707.0  0.04
1302  2707.0  0.04
1303  2707.0  0.04
1304  2707.0  0.04
1305  2707.0  0.04
1306  2707.0  0.04
1307  2707.0  0.04
1308  2707.0  0.04
1309  2707.0  0.04
1310  2707.0  0.04
1311  2707.0  0.04
1312  2707.0  0.04
1313  2707.0  0.04
1314  2707.0  0.04
1315  2707.0  0.04
1316  2707.0  0.04
1317  2707.0  0.04
1318  2707.0  0.04
1319  2707.0  0.04
1320  2707.0  0.04
1321  2707.0  0.04
1322  2707.0  0.04
1323  2707.0  0.04
1324  2707.0  0.04
1325  2707.0  0.04
1326  2707.0  0.04
1327  2707.0  0.04
1328  2707.0  0.04
1329  2707.0  0.04
1330  2707.0  0.04
1331  2707.0  0.04
1332  2707.0  0.04
1333  2707.0  0.04
1334  2707.0  0.04
1335  2707.0  0.04
1336  2707.0  0.04
1337  2707.0  0.04
1338  2707.0  0.04
1339  2707.0  0.04
1340  2707.0  0.04
1341  2707.0  0.04
1342  2707.0  0.04
1343  2707.0  0.04
1344  2707.0  0.04
1345  2707.0  0.04
1346  2707.0  0.04
1347  2707.0  0.04
1348  2707.0  0.04
1349  2707.0  0.04
1350  2707.0  0.04
1351  2707.0  0.04
1352  2707.0  0.04
1353  2707.0  0.04
1354  2707.0  0.04
1355  2707.0  0.04
1356  2707.0  0.04
1357  2707.0  0.04
1358  2707.0  0.04
1359  2707.0  0.04
1360  2707.0  0.04
1361  2707.0  0.04
1362  2707.0  0.04
1363  2707.0  0.04
1364  2707.0  0.04
1365  2707.0  0.04
1366  2707.0  0.04
1367  2707.0  0.04
1368  2707.0  0.04
1369  2707.0  0.04
1370  2707.0  0.04
1371  2707.0  0.04
1372  2707.0  0.04
1373  2707.0  0.04
1374  2707.0  0.04
1375  2707.0  0.04
1376  2707.0  0.04
1377  2707.0  0.04
1378  2707.0  0.04
1379  2707.0  0.04
1380  2707.0  0.04
1381  2707.0  0.04
1382  2707.0  0.04
1383  2707.0  0.04
1384  2707.0  0.04
1385  2707.0  0.04
1386  2707.0  0.04
1387  2707.0  0.04
1388  2707.0  0.04
1389  2707.0  0.04
1390  2707.0  0.04
1391  2707.0  0.04
1392  2707.0  0.04
1393  2707.0  0.04
1394  2707.0  0.04
1395  2707.0  0.04
1396  2707.0  0.04
1397  2707.0  0.04
1398  2707.0  0.04
1399  2707.0  0.04
1400  2707.0  0.04
1401  2707.0  0.04
1402  2707.0  0.04
1403  2707.0  0.04
1404  2707.0  0.04
1405  2707.0  0.04
1406  2707.0  0.04
1407  2707.0  0.04
1408  2707.0  0.04
1409  2707.0  0.04
1410  2707.0  0.04
1411  2707.0  0.04
1412  2707.0  0.04
1413  2707.0  0.04
1414  2707.0  0.04
1415  2707.0  0.04
1416  2707.0  0.04
1417  2707.0  0.04
1418  2707.0  0.04
1419  2707.0  0.04
1420  2707.0  0.04
1421  2707.0  0.04
1422  2707.0  0.04
1423  2707.0  0.04
1424  2707.0  0.04
1425  2707.0  0.04
1426  2707.0  0.04
1427  2707.0  0.04
1428  2707.0  0.04
1429  2707.0  0.04
1430  2707.0  0.04
1431  2707.0  0.04
1432  2707.0  0.04
1433  2707.0  0.04
1434  2707.0  0.04
1435  2707.0  0.04
1436  2707.0  0.04
1437  2707.0  0.04
1438  2707.0  0.04
1439  2707.0  0.04
1440  2707.0  0.04
1441  2707.0  0.04
1442  2707.0  0.04
1443  2707.0  0.04
1444  2707.0  0.04
1445  2707.0  0.04
1446  2707.0  0.04
1447  2707.0  0.04
1448  2707.0  0.04
1449  2707.0  0.04
1450  2707.0  0.04
1451  2707.0  0.04
1452  2707.0  0.04
1453  2707.0  0.04
1454  2707.0  0.04
1455  2707.0  0.04
1456  2707.0  0.04
1457  2707.0  0.04
1458  2707.0  0.04
1459  2707.0  0.04
1460  2707.0  0.04
1461  2707.0  0.04
1462  2707.0  0.04
1463  2707.0  0.04
1464  2707.0  0.04
1465  2707.0  0.04
1466  2707.0  0.04
1467  2707.0  0.04
1468  2707.0  0.04
1469  2707.0  0.04
1470  2707.0  0.04
1471  2707.0  0.04
1472  2707.0  0.04
1473  2707.0  0.04
1474  2707.0  0.04
1475  2707.0  0.04
1476  2707.0  0.04
1477  2707.0  0.04
1478  2707.0  0.04
1479  2707.0  0.04
1480  2707.0  0.04
1481  2707.0  0.04
1482  2707.0  0.04
1483  2707.0  0.04
1484  2707.0  0.04
1485  2707.0  0.04
1486  2707.0  0.04
1487  2707.0  0.04
1488  2707.0  0.04
1489  2707.0  0.04
1490  2707.0  0.04
1491  2707.0  0.04
1492  2707.0  0.04
1493  2707.0  0.04
1494  2707.0  0.04
1495  2707.0  0.04
1496  2707.0  0.04
1497  2707.0  0.04
1498  2707.0  0.04
1499  2707.0  0.04
1500  2707.0  0.04
1501  2707.0  0.04
1502  2707.0  0.04
1503  2707.0  0.04
1504  2707.0  0.04
1505  2707.0  0.04
1506  2707.0  0.04
1507  2707.0  0.04
1508  2707.0  0.04
1509  2707.0  0.04
1510  2707.0  0.04
1511  2707.0  0.04
1512  2707.0  0.04
1513  2707.0  0.04
1514  2707.0  0.04
1515  2707.0  0.04
1516  2707.0  0.04
1517  2707.0  0.04
1518  2707.0  0.04
1519  2707.0  0.04
1520  2707.0  0.04
1521  2707.0  0.04
1522  2707.0  0.04
1523  2707.0  0.04
1524  2707.0  0.04
1525  2707.0  0.04
1526  2707.0  0.04
1527  2707.0  0.04
1528  2707.0  0.04
1529  2707.0  0.04
1530  2707.0  0.04
1531  2707.0  0.04
1532  2707.0  0.04
1533  2707.0  0.04
1534  2707.0  0.04
1535  2707.0  0.04
1536  2707.0  0.04
1537  2707.0  0.04
1538  2707.0  0.04
1539  2707.0  0.04
1540  2707.0  0.04
1541  2707.0  0.04
1542  2707.0  0.04
1543  2707.0  0.04
1544  2707.0  0.04
1545  2707.0  0.04
1546  2707.0  0.04
1547  2707.0  0.04
1548  2707.0  0.04
1549  2707.0  0.04
1550  2707.0  0.04
1551  2707.0  0.04
1552  2707.0  0.04
1553  2707.0  0.04
1554  2707.0  0.04
1555  2707.0  0.04
1556  2707.0  0.04
1557  2707.0  0.04
1558  2707.0  0.04
1559  2707.0  0.04
1560  2707.0  0.04
1561  2707.0  0.04
1562  2707.0  0.04
1563  2707.0  0.04
1564  2707.0  0.04
1565  2707.0  0.04
1566  2707.0  0.04
1567  2707.0  0.04
1568  2707.0  0.04
1569  2707.0  0.04
1570  2707.0  0.04
1571  2707.0  0.04
1572  2707.0  0.04
1573  2707.0  0.04
1574  2707.0  0.04
1575  2707.0  0.04
1576  2707.0  0.04
1577  2707.0  0.04
1578  2707.0  0.04
1579  2707.0  0.04
1580  2707.0  0.04
1581  2707.0  0.04
1582  2707.0  0.04
1583  2707.0  0.04
1584  2707.0  0.04
1585  2707.0  0.04
1586  2707.0  0.04
1587  2707.0  0.04
1588  2707.0  0.04
1589  2707.0  0.04
1590  2707.0  0.04
1591  2707.0  0.04
1592  2707.0  0.04
1593  2707.0  0.04
1594  2707.0  0.04
1595  2707.0  0.04
1596  2707.0  0.04
1597  2707.0  0.04
1598  2707.0  0.04
1599  2707.0  0.04
1600  2707.0  0.04
1601  2707.0  0.04
1602  2707.0  0.04
1603  2707.0  0.04
1604  2707.0  0.04
1605  2707.0  0.04
1606  2707.0  0.04
1607  2707.0  0.04
1608  2707.0  0.04
1609  2707.0  0.04
1610  2707.0  0.04
1611  2707.0  0.04
1612  2707.0  0.04
1613  2707.0  0.04
1614  2707.0  0.04
1615  2707.0  0.04
1616  2707.0  0.04
1617  2707.0  0.04
1618  2707.0  0.04
1619  2707.0  0.04
1620  2707.0  0.04
1621  2707.0  0.04
1622  2707.0  0.04
1623  2707.0  0.04
1624  2707.0  0.04
1625  2707.0  0.04
1626  2707.0  0.04
1627  2707.0  0.04
1628  2707.0  0.04
1629  2707.0  0.04
1630  2707.0  0.04
1631  2707.0  0.04
1632  2707.0  0.04
1633  2707.0  0.04
1634  2707.0  0.04
1635  2707.0  0.04
1636  2707.0  0.04
1637  2707.0  0.04
1638  2707.0  0.04
1639  2707.0  0.04
1640  2707.0  0.04
1641  2707.0  0.04
1642  2707.0  0.04
1643  2707.0  0.04
1644  2707.0  0.04
1645  2707.0  0.04
1646  2707.0  0.04
1647  2707.0  0.04
1648  2707.0  0.04
1649  2707.0  0.04
1650  2707.0  0.04
1651  2707.0  0.04
1652  2707.0  0.04
1653  2707.0  0.04
1654  2707.0  0.04
1655  2707.0  0.04
1656  2707.0  0.04
1657  2707.0  0.04
1658  2707.0  0.04
1659  2707.0  0.04
1660  2707.0  0.04
1661  2707.0  0.04
1662  2707.0  0.04
1663  2707.0  0.04
1664  2707.0  0.04
1665  2707.0  0.04
1666  2707.0  0.04
1667  2707.0  0.04
1668  2707.0  0.04
1669  2707.0  0.04
1670  2707.0  0.04
1671  2707.0  0.04
1672  2707.0  0.04
1673  2707.0  0.04
1674  2707.0  0.04
1675  2707.0  0.04
1676  2707.0  0.04
1677  2707.0  0.04
1678  2707.0  0.04
1679  2707.0  0.04
1680  2707.0  0.04
1681  2707.0  0.04
1682  2707.0  0.04
1683  2707.0  0.04
1684  2707.0  0.04
1685  2707.0  0.04
1686  2707.0  0.04
1687  2707.0  0.04
1688  2707.0  0.04
1689  2707.0  0.04
1690  2707.0  0.04
1691  2707.0  0.04
1692  2707.0  0.04
1693  2707.0  0.04
1694  2707.0  0.04
1695  2707.0  0.04
1696  2707.0  0.04
1697  2707.0  0.04
1698  2707.0  0.04
1699  2707.0  0.04
1700  2707.0  0.04
1701  2707.0  0.04
1702  2707.0  0.04
1703  2707.0  0.04
1704  2707.0  0.04
1705  2707.0  0.04
1706  2707.0  0.04
1707  2707.0  0.04
1708  2707.0  0.04
1709  2707.0  0.04
1710  2707.0  0.04
1711  2707.0  0.04
1712  2707.0  0.04
1713  2707.0  0.04
1714  2707.0  0.04
1715  2707.0  0.04
1716  2707.0  0.04
1717  2707.0  0.04
1718  2707.0  0.04
1719  2707.0  0.04
1720  2707.0  0.04
1721  2707.0  0.04
1722  2707.0  0.04
1723  2707.0  0.04
1724  2707.0  0.04
1725  2707.0  0.04
1726  2707.0  0.04
1727  2707.0  0.04
1728  2707.0  0.04
1729  2707.0  0.04
1730  2707.0  0.04
1731  2707.0  0.04
1732  2707.0  0.04
1733  2707.0  0.04
1734  2707.0  0.04
1735  2707.0  0.04
1736  2707.0  0.04
1737  2707.0  0.04
1738  2707.0  0.04
1739  2707.0  0.04
1740  2707.0  0.04
1741  2707.0  0.04
1742  2707.0  0.04
1743  2707.0  0.04
1744  2707.0  0.04
1745  2707.0  0.04
1746  2707.0  0.04
1747  2707.0  0.04
1748  2707.0  0.04
1749  2707.0  0.04
1750  2707.0  0.04
1751  2707.0  0.04
1752  2707.0  0.04
1753  2707.0  0.04
1754  2707.0  0.04
1755  2707.0  0.04
1756  2707.0  0.04
1757  2707.0  0.04
1758  2707.0  0.04
1759  2707.0  0.04
1760  2707.0  0.04
1761  2707.0  0.04
1762  2707.0  0.04
1763  2707.0  0.04
1764  2707.0  0.04
1765  2707.0  0.04
1766  2707.0  0.04
1767  2707.0  0.04
1768  2707.0  0.04
1769  2707.0  0.04
1770  2707.0  0.04
1771  2707.0  0.04
1772  2707.0  0.04
1773  2707.0  0.04
1774  2707.0  0.04
1775  2707.0  0.04
1776  2707.0  0.04
1777  2707.0  0.04
1778  2707.0  0.04
1779  2707.0  0.04
1780  2707.0  0.04
1781  2707.0  0.04
1782  2707.0  0.04
1783  2707.0  0.04
1784  2707.0  0.04
1785  2707.0  0.04
1786  2707.0  0.04
1787  2707.0  0.04
1788  2707.0  0.04
1789  2707.0  0.04
1790  2707.0  0.04
1791  2707.0  0.04
1792  2707.0  0.04
1793  2707.0  0.04
1794  2707.0  0.04
1795  2707.0  0.04
1796  2707.0  0.04
1797  2707.0  0.04
1798  2707.0  0.04
1799  2707.0  0.04
1800  2707.0  0.04
1801  2707.0  0.04
1802  2707.0  0.04
1803  2707.0  0.04
1804  2707.0  0.04
1805  2707.0  0.04
1806  2707.0  0.04
1807  2707.0  0.04
1808  2707.0  0.04
1809  2707.0  0.04
1810  2707.0  0.04
1811  2707.0  0.04
1812  2707.0  0.04
1813  2707.0  0.04
1814  2707.0  0.04
1815  2707.0  0.04
1816  2707.0  0.04
1817  2707.0  0.04
1818  2707.0  0.04
1819  2707.0  0.04
1820  2707.0  0.04
1821  2707.0  0.04
1822  2707.0  0.04
1823  2707.0  0.04
1824  2707.0  0.04
1825  2707.0  0.04
1826  2707.0  0.04
1827  2707.0  0.04
1828  2707.0  0.04
1829  2707.0  0.04
1830  2707.0  0.04
1831  2707.0  0.04
1832  2707.0  0.04
1833  2707.0  0.04
1834  2707.0  0.04
1835  2707.0  0.04
1836  2707.0  0.04
1837  2707.0  0.04
1838  2707.0  0.04
1839  2707.0  0.04
1840  2707.0  0.04
1841  2707.0  0.04
1842  2707.0  0.04
1843  2707.0  0.04
1844  2707.0  0.04
1845  2707.0  0.04
1846  2707.0  0.04
1847  2707.0  0.04
1848  2707.0  0.04
1849  2707.0  0.04
1850  2707.0  0.04
1851  2707.0  0.04
1852  2707.0  0.04
1853  2707.0  0.04
1854  2707.0  0.04
1855  2707.0  0.04
1856  2707.0  0.04
1857  2707.0  0.04
1858  2707.0  0.04
1859  2707.0  0.04
1860  2707.0  0.04
1861  2707.0  0.04
1862  2707.0  0.04
1863  2707.0  0.04
1864  2707.0  0.04
1865  2707.0  0.04
1866  2707.0  0.04
1867  2707.0  0.04
1868  2707.0  0.04
1869  2707.0  0.04
1870  2707.0  0.04
1871  2707.0  0.04
1872  2707.0  0.04
1873  2707.0  0.04
1874  2707.0  0.04
1875  2707.0  0.04
1876  2707.0  0.04
1877  2707.0  0.04
1878  2707.0  0.04
1879  2707.0  0.04
1880  2707.0  0.04
1881  2707.0  0.04
1882  2707.0  0.04
1883  2707.0  0.04
1884  2707.0  0.04
1885  2707.0  0.04
1886  2707.0  0.04
1887  2707.0  0.04
1888  2707.0  0.04
1889  2707.0  0.04
1890  2707.0  0.04
1891  2707.0  0.04
1892  2707.0  0.04
1893  2707.0  0.04
1894  2707.0  0.04
1895  2707.0  0.04
1896  2707.0  0.04
1897  2707.0  0.04
1898  2707.0  0.04
1899  2707.0  0.04
1900  2707.0  0.04
1901  2707.0  0.04
1902  2707.0  0.04
1903  2707.0  0.04
1904  2707.0  0.04
1905  2707.0  0.04
1906  2707.0  0.04
1907  2707.0  0.04
1908  2707.0  0.04
1909  2707.0  0.04
1910  2707.0  0.04
1911  2707.0  0.04
1912  2707.0  0.04
1913  2707.0  0.04
1914  2707.0  0.04
1915  2707.0  0.04
1916  2707.0  0.04
1917  2707.0  0.04
1918  2707.0  0.04
1919  2707.0  0.04
1920  2707.0  0.04
1921  2707.0  0.04
1922  2707.0  0.04
1923  2707.0  0.04
1924  2707.0  0.04
1925  2707.0  0.04
1926  2707.0  0.04
1927  2707.0  0.04
1928  2707.0  0.04
1929  2707.0  0.04
1930  2707.0  0.04
1931  2707.0  0.04
1932  2707.0  0.04
1933  2707.0  0.04
1934  2707.0  0.04
1935  2707.0  0.04
1936  2707.0  0.04
1937  2707.0  0.04
1938  2707.0  0.04
1939  2707.0  0.04
1940  2707.0  0.04
1941  2707.0  0.04
1942  2707.0  0.04
1943  2707.0  0.04
1944  2707.0  0.04
1945  2707.0  0.04
1946  2707.0  0.04
1947  2707.0  0.04
1948  2707.0  0.04
1949  2707.0  0.04
1950  2707.0  0.04
1951  2707.0  0.04
1952  2707.0  0.04
1953  2707.0  0.04
1954  2707.0  0.04
1955  2707.0  0.04
1956  2707.0  0.04
1957  2707.0  0.04
1958  2707.0  0.04
1959  2707.0  0.04
1960  2707.0  0.04
1961  2707.0  0.04
1962  2707.0  0.04
1963  2707.0  0.04
1964  2707.0  0.04
1965  2707.0  0.04
1966  2707.0  0.04
1967  2707.0  0.04
1968  2707.0  0.04
1969  2707.0  0.04
1970  2707.0  0.04
1971  2707.0  0.04
1972  2707.0  0.04
1973  2707.0  0.04
1974  2707.0  0.04
1975  2707.0  0.04
1976  2707.0  0.04
1977  2707.0  0.04
1978  2707.0  0.04
1979  2707.0  0.04
1980  2707.0  0.04
1981  2707.0  0.04
1982  2707.0  0.04
1983  2707.0  0.04
1984  2707.0  0.04
1985  2707.0  0.04
1986  2707.0  0.04
1987  2707.0  0.04
1988  2707.0  0.04
1989  2707.0  0.04
1990  2707.0  0.04
1991  2707.0  0.04
1992  2707.0  0.04
1993  2707.0  0.04
1994  2707.0  0.04
1995  2707.0  0.04
1996  2707.0  0.04
1997  2707.0  0.04
1998  2707.0  0.04
1999  2707.0  0.04
2000  2707.0  0.04
2001  2707.0  0.04
2002  2707.0  0.04
2003  2707.0  0.04
2004  2707.0  0.04
2005  2707.0  0.04
2006  2707.0  0.04
2007  2707.0  0.04
2008  2707.0  0.04
2009  2707.0  0.04
2010  2707.0  0.04
2011  2707.0  0.04
2012  2707.0  0.04
2013  2707.0  0.04
2014  2707.0  0.04
2015  2707.0  0.04
2016  2707.0  0.04
2017  2707.0  0.04
2018  2707.0  0.04
2019  2707.0  0.04
2020  2707.0  0.04
2021  2707.0  0.04
2022  2707.0  0.04
2023  2707.0  0.04
2024  2707.0  0.04
2025  2707.0  0.04
2026  2707.0  0.04
2027  2707.0  0.04
2028  2707.0  0.04
2029  2707.0  0.04
2030  2707.0  0.04
2031  2707.0  0.04
2032  2707.0  0.04
2033  2707.0  0.04
2034  2707.0  0.04
2035  2707.0  0.04
2036  2707.0  0.04
2037  2707.0  0.04
2038  2707.0  0.04
2039  2707.0  0.04
2040  2707.0  0.04
2041  2707.0  0.04
2042  2707.0  0.04
2043  2707.0  0.04
2044  2707.0  0.04
2045  2707.0  0.04
2046  2707.0  0.04
2047  2707.0  0.04
2048  2707.0  0.04
2049  2707.0  0.04
2050  2707.0  0.04
2051  2707.0  0.04
2052  2707.0  0.04
2053  2707.0  0.04
2054  2707.0  0.04
2055  2707.0  0.04
2056  2707.0  0.04
2057  2707.0  0.04
2058  2707.0  0.04
2059  2707.0  0.04
2060  2707.0  0.04
2061  2707.0  0.04
2062  2707.0  0.04
2063  2707.0  0.04
2064  2707.0  0.04
2065  2707.0  0.04
2066  2707.0  0.04
2067  2707.0  0.04
2068  2707.0  0.04
2069  2707.0  0.04
2070  2707.0  0.04
2071  2707.0  0.04
2072  2707.0  0.04
2073  2707.0  0.04
2074  2707.0  0.04
2075  2707.0  0.04
2076  2707.0  0.04
2077  2707.0  0.04
2078  2707.0  0.04
2079  2707.0  0.04
2080  2707.0  0.04
2081  2707.0  0.04
2082  2707.0  0.04
2083  2707.0  0.04
2084  2707.0  0.04
2085  2707.0  0.04
2086  2707.0  0.04
2087  2707.0  0.04
2088  2707.0  0.04
2089  2707.0  0.04
2090  2707.0  0.04
2091  2707.0  0.04
2092  2707.0  0.04
2093  2707.0  0.04
2094  2707.0  0.04
2095  2707.0  0.04
2096  2707.0  0.04
2097  2707.0  0.04
2098  2707.0  0.04
2099  2707.0  0.04
2100  2707.0  0.04
2101  2707.0  0.04
2102  2707.0  0.04
2103  2707.0  0.04
2104  2707.0  0.04
2105  2707.0  0.04
2106  2707.0  0.04
2107  2707.0  0.04
2108  2707.0  0.04
2109  2707.0  0.04
2110  2707.0  0.04
2111  2707.0  0.04
2112  2707.0  0.04
2113  2707.0  0.04
2114  2707.0  0.04
2115  2707.0  0.04
2116  2707.0  0.04
2117  2707.0  0.04
2118  2707.0  0.04
2119  2707.0  0.04
2120  2707.0  0.04
2121  2707.0  0.04
2122  2707.0  0.04
2123  2707.0  0.04
2124  2707.0  0.04
2125  2707.0  0.04
2126  2707.0  0.04
2127  2707.0  0.04
2128  2707.0  0.04
2129  2707.0  0.04
2130  2707.0  0.04
2131  2707.0  0.04
2132  2707.0  0.04
2133  2707.0  0.04
2134  2707.0  0.04
2135  2707.0  0.04
2136  2707.0  0.04
2137  2707.0  0.04
2138  2707.0  0.04
2139  2707.0  0.04
2140  2707.0  0.04
2141  2707.0  0.04
2142  2707.0  0.04
2143  2707.0  0.04
2144  2707.0  0.04
2145  2707.0  0.04
2146  2707.0  0.04
2147  2707.0  0.04
2148  2707.0  0.04
2149  2707.0  0.04
2150  2707.0  0.04
2151  2707.0  0.04
2152  2707.0  0.04
2153  2707.0  0.04
2154  2707.0  0.04
2155  2707.0  0.04
2156  2707.0  0.04
2157  2707.0  0.04
2158  2707.0  0.04
2159  2707.0  0.04
2160  2707.0  0.04
2161  2707.0  0.04
2162  2707.0  0.04
2163  2707.0  0.04
2164  2707.0  0.04
2165  2707.0  0.04
2166  2707.0  0.04
2167  2707.0  0.04
2168  2707.0  0.04
2169  2707.0  0.04
2170  2707.0  0.04
2171  2707.0  0.04
2172  2707.0  0.04
2173  2707.0  0.04
2174  2707.0  0.04
2175  2707.0  0.04
2176  2707.0  0.04
2177  2707.0  0.04
2178  2707.0  0.04
2179  2707.0  0.04
2180  2707.0  0.04
2181  2707.0  0.04
2182  2707.0  0.04
2183  2707.0  0.04
2184  2707.0  0.04
2185  2707.0  0.04
2186  2707.0  0.04
2187  2707.0  0.04
2188  2707.0  0.04
2189  2707.0  0.04
2190  2707.0  0.04
2191  2707.0  0.04
2192  2707.0  0.04
2193  2707.0  0.04
2194  2707.0  0.04
2195  2707.0  0.04
2196  2707.0  0.04
2197  2707.0  0.04
2198  2707.0  0.04
2199  2707.0  0.04
2200  2707.0  0.04
2201  2707.0  0.04
2202  2707.0  0.04
2203  2707.0  0.04
2204  2707.0  0.04
2205  2707.0  0.04
2206  2707.0  0.04
2207  2707.0  0.04
2208  2707.0  0.04
2209  2707.0  0.04
2210  2707.0  0.04
2211  2707.0  0.04
2212  2707.0  0.04
2213  2707.0  0.04
2214  2707.0  0.04
2215  2707.0  0.04
2216  2707.0  0.04
2217  2707.0  0.04
2218  2707.0  0.04
2219  2707.0  0.04
2220  2707.0  0.04
2221  2707.0  0.04
2222  2707.0  0.04
2223  2707.0  0.04
2224  2707.0  0.04
2225  2707.0  0.04
2226  2707.0  0.04
2227  2707.0  0.04
2228  2707.0  0.04
2229  2707.0  0.04
2230  2707.0  0.04
2231  2707.0  0.04
2232  2707.0  0.04
2233  2707.0  0.04
2234  2707.0  0.04
2235  2707.0  0.04
2236  2707.0  0.04
2237  2707.0  0.04
2238  2707.0  0.04
2239  2707.0  0.04
2240  2707.0  0.04
2241  2707.0  0.04
2242  2707.0  0.04
2243  2707.0  0.04
2244  2707.0  0.04
2245  2707.0  0.04
2246  2707.0  0.04
2247  2707.0  0.04
2248  2707.0  0.04
2249  2707.0  0.04
2250  2707.0  0.04
2251  2707.0  0.04
2252  2707.0  0.04
2253  2707.0  0.04
2254  2707.0  0.04
2255  2707.0  0.04
2256  2707.0  0.04
2257  2707.0  0.04
2258  2707.0  0.04
2259  2707.0  0.04
2260  2707.0  0.04
2261  2707.0  0.04
2262  2707.0  0.04
2263  2707.0  0.04
2264  2707.0  0.04
2265  2707.0  0.04
2266  2707.0  0.04
2267  2707.0  0.04
2268  2707.0  0.04
2269  2707.0  0.04
2270  2707.0  0.04
2271  2707.0  0.04
2272  2707.0  0.04
2273  2707.0  0.04
2274  2707.0  0.04
2275  2707.0  0.04
2276  2707.0  0.04
2277  2707.0  0.04
2278  2707.0  0.04
2279  2707.0  0.04
2280  2707.0  0.04
2281  2707.0  0.04
2282  2707.0  0.04
2283  2707.0  0.04
2284  2707.0  0.04
2285  2707.0  0.04
2286  2707.0  0.04
2287  2707.0  0.04
2288  2707.0  0.04
2289  2707.0  0.04
2290  2707.0  0.04
2291  2707.0  0.04
2292  2707.0  0.04
2293  2707.0  0.04
2294  2707.0  0.04
2295  2707.0  0.04
2296  2707.0  0.04
2297  2707.0  0.04
2298  2707.0  0.04
2299  2707.0  0.04
2300  2707.0  0.04
2301  2707.0  0.04
2302  2707.0  0.04
2303  2707.0  0.04
2304  2707.0  0.04
2305  2707.0  0.04
2306  2707.0  0.04
2307  2707.0  0.04
2308  2707.0  0.04
2309  2707.0  0.04
2310  2707.0  0.04
2311  2707.0  0.04
2312  2707.0  0.04
2313  2707.0  0.04
2314  2707.0  0.04
2315  2707.0  0.04
2316  2707.0  0.04
2317  2707.0  0.04
2318  2707.0  0.04
2319  2707.0  0.04
2320  2707.0  0.04
2321  2707.0  0.04
2322  2707.0  0.04
2323  2707.0  0.04
2324  2707.0  0.04
2325  2707.0  0.04
2326  2707.0  0.04
2327  2707.0  0.04
2328  2707.0  0.04
2329  2707.0  0.04
2330  2707.0  0.04
2331  2707.0  0.04
2332  2707.0  0.04
2333  2707.0  0.04
2334  2707.0  0.04
2335  2707.0  0.04
2336  2707.0  0.04
2337  2707.0  0.04
2338  2707.0  0.04
2339  2707.0  0.04
2340  2707.0  0.04
2341  2707.0  0.04
2342  2707.0  0.04
2343  2707.0  0.04
2344  2707.0  0.04
2345  2707.0  0.04
2346  2707.0  0.04
2347  2707.0  0.04
2348  2707.0  0.04
2349  2707.0  0.04
2350  2707.0  0.04
2351  2707.0  0.04
2352  2707.0  0.04
2353  2707.0  0.04
2354  2707.0  0.04
2355  2707.0  0.04
2356  2707.0  0.04
2357  2707.0  0.04
2358  2707.0  0.04
2359  2707.0  0.04
2360  2707.0  0.04
2361  2707.0  0.04
2362  2707.0  0.04
2363  2707.0  0.04
2364  2707.0  0.04
2365  2707.0  0.04
2366  2707.0  0.04
2367  2707.0  0.04
2368  2707.0  0.04
2369  2707.0  0.04
2370  2707.0  0.04
2371  2707.0  0.04
2372  2707.0  0.04
2373  2707.0  0.04
2374  2707.0  0.04
2375  2707.0  0.04
2376  2707.0  0.04
2377  2707.0  0.04
2378  2707.0  0.04
2379  2707.0  0.04
2380  2707.0  0.04
2381  2707.0  0.04
2382  2707.0  0.04
2383  2707.0  0.04
2384  2707.0  0.04
2385  2707.0  0.04
2386  2707.0  0.04
2387  2707.0  0.04
2388  2707.0  0.04
2389  2707.0  0.04
2390  2707.0  0.04
2391  2707.0  0.04
2392  2707.0  0.04
2393  2707.0  0.04
2394  2707.0  0.04
2395  2707.0  0.04
2396  2707.0  0.04
2397  2707.0  0.04
2398  2707.0  0.04
2399  2707.0  0.04
2400  2707.0  0.04
2401  2707.0  0.04
2402  2707.0  0.04
2403  2707.0  0.04
2404  2707.0  0.04
2405  2707.0  0.04
2406  2707.0  0.04
2407  2707.0  0.04
2408  2707.0  0.04
2409  2707.0  0.04
2410  2707.0  0.04
2411  2707.0  0.04
2412  2707.0  0.04
2413  2707.0  0.04
2414  2707.0  0.04
2415  2707.0  0.04
2416  2707.0  0.04
2417  2707.0  0.04
2418  2707.0  0.04
2419  2707.0  0.04
2420  2707.0  0.04
2421  2707.0  0.04
2422  2707.0  0.04
2423  2707.0  0.04
2424  2707.0  0.04
2425  2707.0  0.04
2426  2707.0  0.04
2427  2707.0  0.04
2428  2707.0  0.04
2429  2707.0  0.04
2430  2707.0  0.04
2431  2707.0  0.04
2432  2707.0  0.04
2433  2707.0  0.04
2434  2707.0  0.04
2435  2707.0  0.04
2436  2707.0  0.04
2437  2707.0  0.04
2438  2707.0  0.04
2439  2707.0  0.04
2440  2707.0  0.04
2441  2707.0  0.04
2442  2707.0  0.04
2443  2707.0  0.04
2444  2707.0  0.04
2445  2707.0  0.04
2446  2707.0  0.04
2447  2707.0  0.04
2448  2707.0  0.04
2449  2707.0  0.04
2450  2707.0  0.04
2451  2707.0  0.04
2452  2707.0  0.04
2453  2707.0  0.04
2454  2707.0  0.04
2455  2707.0  0.04
2456  2707.0  0.04
2457  2707.0  0.04
2458  2707.0  0.04
2459  2707.0  0.04
2460  2707.0  0.04
2461  2707.0  0.04
2462  2707.0  0.04
2463  2707.0  0.04
2464  2707.0  0.04
2465  2707.0  0.04
2466  2707.0  0.04
2467  2707.0  0.04
2468  2707.0  0.04
2469  2707.0  0.04
2470  2707.0  0.04
2471  2707.0  0.04
2472  2707.0  0.04
2473  2707.0  0.04
2474  2707.0  0.04
2475  2707.0  0.04
2476  2707.0  0.04
2477  2707.0  0.04
2478  2707.0  0.04
2479  2707.0  0.04
2480  2707.0  0.04
2481  2707.0  0.04
2482  2707.0  0.04
2483  2707.0  0.04
2484  2707.0  0.04
2485  2707.0  0.04
2486  2707.0  0.04
2487  2707.0  0.04
2488  2707.0  0.04
2489  2707.0  0.04
2490  2707.0  0.04
2491  2707.0  0.04
2492  2707.0  0.04
2493  2707.0  0.04
2494  2707.0  0.04
2495  2707.0  0.04
2496  2707.0  0.04
2497  2707.0  0.04
2498  2707.0  0.04
2499  2707.0  0.04
2500  2707.0  0.04
2501  2707.0  0.04
2502  2707.0  0.04
2503  2707.0  0.04
2504  2707.0  0.04
2505  2707.0  0.04
2506  2707.0  0.04
2507  2707.0  0.04
2508  2707.0  0.04
2509  2707.0  0.04
2510  2707.0  0.04
2511  2707.0  0.04
2512  2707.0  0.04
2513  2707.0  0.04
2514  2707.0  0.04
2515  2707.0  0.04
2516  2707.0  0.04
2517  2707.0  0.04
2518  2707.0  0.04
2519  2707.0  0.04
2520  2707.0  0.04
2521  2707.0  0.04
2522  2707.0  0.04
2523  2707.0  0.04
2524  2707.0  0.04
2525  2707.0  0.04
2526  2707.0  0.04
2527  2707.0  0.04
2528  2707.0  0.04
2529  2707.0  0.04
2530  2707.0  0.04
2531  2707.0  0.04
2532  2707.0  0.04
2533  2707.0  0.04
2534  2707.0  0.04
2535  2707.0  0.04
2536  2707.0  0.04
2537  2707.0  0.04
2538  2707.0  0.04
2539  2707.0  0.04
2540  2707.0  0.04
2541  2707.0  0.04
2542  2707.0  0.04
2543  2707.0  0.04
2544  2707.0  0.04
2545  2707.0  0.04
2546  2707.0  0.04
2547  2707.0  0.04
2548  2707.0  0.04
2549  2707.0  0.04
2550  2707.0  0.04
2551  2707.0  0.04
2552  2707.0  0.04
2553  2707.0  0.04
2554  2707.0  0.04
2555  2707.0  0.04
2556  2707.0  0.04
2557  2707.0  0.04
2558  2707.0  0.04
2559  2707.0  0.04
2560  2707.0  0.04
2561  2707.0  0.04
2562  2707.0  0.04
2563  2707.0  0.04
2564  2707.0  0.04
2565  2707.0  0.04
2566  2707.0  0.04
2567  2707.0  0.04
2568  2707.0  0.04
2569  2707.0  0.04
2570  2707.0  0.04
2571  2707.0  0.04
2572  2707.0  0.04
2573  2707.0  0.04
2574  2707.0  0.04
2575  2707.0  0.04
2576  2707.0  0.04
2577  2707.0  0.04
2578  2707.0  0.04
2579  2707.0  0.04
2580  2707.0  0.04
2581  2707.0  0.04
2582  2707.0  0.04
2583  2707.0  0.04
2584  2707.0  0.04
2585  2707.0  0.04
2586  2707.0  0.04
2587  2707.0  0.04
2588  2707.0  0.04
2589  2707.0  0.04
2590  2707.0  0.04
2591  2707.0  0.04
2592  2707.0  0.04
2593  2707.0  0.04
2594  2707.0  0.04
2595  2707.0  0.04
2596  2707.0  0.04
2597  2707.0  0.04
2598  2707.0  0.04
2599  2707.0  0.04
2600  2707.0  0.04
2601  2707.0  0.04
2602  2707.0  0.04
2603  2707.0  0.04
2604  2707.0  0.04
2605  2707.0  0.04
2606  2707.0  0.04
2607  2707.0  0.04
2608  2707.0  0.04
2609  2707.0  0.04
2610  2707.0  0.04
2611  2707.0  0.04
2612  2707.0  0.04
2613  2707.0  0.04
2614  2707.0  0.04
2615  2707.0  0.04
2616  2707.0  0.04
2617  2707.0  0.04
2618  2707.0  0.04
2619  2707.0  0.04
2620  2707.0  0.04
2621  2707.0  0.04
2622  2707.0  0.04
2623  2707.0  0.04
2624  2707.0  0.04
2625  2707.0  0.04
2626  2707.0  0.04
2627  2707.0  0.04
2628  2707.0  0.04
2629  2707.0  0.04
2630  2707.0  0.04
2631  2707.0  0.04
2632  2707.0  0.04
2633  2707.0  0.04
2634  2707.0  0.04
2635  2707.0  0.04
2636  2707.0  0.04
2637  2707.0  0.04
2638  2707.0  0.04
2639  2707.0  0.04
2640  2707.0  0.04
2641  2707.0  0.04
2642  2707.0  0.04
2643  2707.0  0.04
2644  2707.0  0.04
2645  2707.0  0.04
2646  2707.0  0.04
2647  2707.0  0.04
2648  2707.0  0.04
2649  2707.0  0.04
2650  2707.0  0.04
2651  2707.0  0.04
2652  2707.0  0.04
2653  2707.0  0.04
2654  2707.0  0.04
2655  2707.0  0.04
2656  2707.0  0.04
2657  2707.0  0.04
2658  2707.0  0.04
2659  2707.0  0.04
2660  2707.0  0.04
2661  2707.0  0.04
2662  2707.0  0.04
2663  2707.0  0.04
2664  2707.0  0.04
2665  2707.0  0.04
2666  2707.0  0.04
2667  2707.0  0.04
2668  2707.0  0.04
2669  2707.0  0.04
2670  2707.0  0.04
2671  2707.0  0.04
2672  2707.0  0.04
2673  2707.0  0.04
2674  2707.0  0.04
2675  2707.0  0.04
2676  2707.0  0.04
2677  2707.0  0.04
2678  2707.0  0.04
2679  2707.0  0.04
2680  2707.0  0.04
2681  2707.0  0.04
2682  2707.0  0.04
2683  2707.0  0.04
2684  2707.0  0.04
2685  2707.0  0.04
2686  2707.0  0.04
2687  2707.0  0.04
2688  2707.0  0.04
2689  2707.0  0.04
2690  2707.0  0.04
2691  2707.0  0.04
2692  2707.0  0.04
2693  2707.0  0.04
2694  2707.0  0.04
2695  2707.0  0.04
2696  2707.0  0.04
2697  2707.0  0.04
2698  2707.0  0.04
2699  2707.0  0.04
2700  2707.0  0.04
2701  2707.0  0.04
2702  2707.0  0.04
2703  2707.0  0.04
2704  2707.0  0.04
2705  2707.0  0.04
2706  2707.0  0.04
2707  2707.0  0.04
2708  2707.0  0.04
2709  2707.0  0.04
2710  2707.0  0.04
2711  2707.0  0.04
2712  2707.0  0.04
2713  2707.0  0.04
2714  2707.0  0.04
2715  2707.0  0.04
2716  2707.0  0.04
2717  2707.0  0.04
2718  2707.0  0.04
2719  2707.0  0.04
2720  2707.0  0.04
2721  2707.0  0.04
2722  2707.0  0.04
2723  2707.0  0.04
2724  2707.0  0.04
2725  2707.0  0.04
2726  2707.0  0.04
2727  2707.0  0.04
2728  2707.0  0.04
2729  2707.0  0.04
2730  2707.0  0.04
2731  2707.0  0.04
2732  2707.0  0.04
2733  2707.0  0.04
2734  2707.0  0.04
2735  2707.0  0.04
2736  2707.0  0.04
2737  2707.0  0.04
2738  2707.0  0.04
2739  2707.0  0.04
2740  2707.0  0.04
2741  2707.0  0.04
2742  2707.0  0.04
2743  2707.0  0.04
2744  2707.0  0.04
2745  2707.0  0.04
2746  2707.0  0.04
2747  2707.0  0.04
2748  2707.0  0.04
2749  2707.0  0.04
2750  2707.0  0.04
2751  2707.0  0.04
2752  2707.0  0.04
2753  2707.0  0.04
2754  2707.0  0.04
2755  2707.0  0.04
2756  2707.0  0.04
2757  2707.0  0.04
2758  2707.0  0.04
2759  2707.0  0.04
2760  2707.0  0.04
2761  2707.0  0.04
2762  2707.0  0.04
2763  2707.0  0.04
2764  2707.0  0.04
2765  2707.0  0.04
2766  2707.0  0.04
2767  2707.0  0.04
2768  2707.0  0.04
2769  2707.0  0.04
2770  2707.0  0.04
2771  2707.0  0.04
2772  2707.0  0.04
2773  2707.0  0.04
2774  2707.0  0.04
2775  2707.0  0.04
2776  2707.0  0.04
2777  2707.0  0.04
2778  2707.0  0.04
2779  2707.0  0.04
2780  2707.0  0.04
2781  2707.0  0.04
2782  2707.0  0.04
2783  2707.0  0.04
2784  2707.0  0.04
2785  2707.0  0.04
2786  2707.0  0.04
2787  2707.0  0.04
2788  2707.0  0.04
2789  2707.0  0.04
2790  2707.0  0.04
2791  2707.0  0.04
2792  2707.0  0.04
2793  2707.0  0.04
2794  2707.0  0.04
2795  2707.0  0.04
2796  2707.0  0.04
2797  2707.0  0.04
2798  2707.0  0.04
2799  2707.0  0.04
2800  2707.0  0.04
2801  2707.0  0.04
2802  2707.0  0.04
2803  2707.0  0.04
2804  2707.0  0.04
2805  2707.0  0.04
2806  2707.0  0.04
2807  2707.0  0.04
2808  2707.0  0.04
2809  2707.0  0.04
2810  2707.0  0.04
2811  2707.0  0.04
2812  2707.0  0.04
2813  2707.0  0.04
2814  2707.0  0.04
2815  2707.0  0.04
2816  2707.0  0.04
2817  2707.0  0.04
2818  2707.0  0.04
2819  2707.0  0.04
2820  2707.0  0.04
2821  2707.0  0.04
2822  2707.0  0.04
2823  2707.0  0.04
2824  2707.0  0.04
2825  2707.0  0.04
2826  2707.0  0.04
2827  2707.0  0.04
2828  2707.0  0.04
2829  2707.0  0.04
2830  2707.0  0.04
2831  2707.0  0.04
2832  2707.0  0.04
2833  2707.0  0.04
2834  2707.0  0.04
2835  2707.0  0.04
2836  2707.0  0.04
2837  2707.0  0.04
2838  2707.0  0.04
2839  2707.0  0.04
2840  2707.0  0.04
2841  2707.0  0.04
2842  2707.0  0.04
2843  2707.0  0.04
2844  2707.0  0.04
2845  2707.0  0.04
2846  2707.0  0.04
2847  2707.0  0.04
2848  2707.0  0.04
2849  2707.0  0.04
2850  2707.0  0.04
2851  2707.0  0.04
2852  2707.0  0.04
2853  2707.0  0.04
2854  2707.0  0.04
2855  2707.0  0.04
2856  2707.0  0.04
2857  2707.0  0.04
2858  2707.0  0.04
2859  2707.0  0.04
2860  2707.0  0.04
2861  2707.0  0.04
2862  2707.0  0.04
2863  2707.0  0.04
2864  2707.0  0.04
2865  2707.0  0.04
2866  2707.0  0.04
2867  2707.0  0.04
2868  2707.0  0.04
2869  2707.0  0.04
2870  2707.0  0.04
2871  2707.0  0.04
2872  2707.0  0.04
2873  2707.0  0.04
2874  2707.0  0.04
2875  2707.0  0.04
2876  2707.0  0.04
2877  2707.0  0.04
2878  2707.0  0.04
2879  2707.0  0.04
2880  2707.0  0.04
2881  2707.0  0.04
2882  2707.0  0.04
2883  2707.0  0.04
2884  2707.0  0.04
2885  2707.0  0.04
2886  2707.0  0.04
2887  2707.0  0.04
2888  2707.0  0.04
2889  2707.0  0.04
2890  2707.0  0.04
2891  2707.0  0.04
2892  2707.0  0.04
2893  2707.0  0.04
2894  2707.0  0.04
2895  2707.0  0.04
2896  2707.0  0.04
2897  2707.0  0.04
2898  2707.0  0.04
2899  2707.0  0.04
2900  2707.0  0.04
2901  2707.0  0.04
2902  2707.0  0.04
2903  2707.0  0.04
2904  2707.0  0.04
2905  2707.0  0.04
2906  2707.0  0.04
2907  2707.0  0.04
2908  2707.0  0.04
2909  2707.0  0.04
2910  2707.0  0.04
2911  2707.0  0.04
2912  2707.0  0.04
2913  2707.0  0.04
2914  2707.0  0.04
2915  2707.0  0.04
2916  2707.0  0.04
2917  2707.0  0.04
2918  2707.0  0.04
2919  2707.0  0.04
2920  2707.0  0.04
2921  2707.0  0.04
2922  2707.0  0.04
2923  2707.0  0.04
2924  2707.0  0.04
2925  2707.0  0.04
2926  2707.0  0.04
2927  2707.0  0.04
2928  2707.0  0.04
2929  2707.0  0.04
2930  2707.0  0.04
2931  2707.0  0.04
2932  2707.0  0.04
2933  2707.0  0.04
2934  2707.0  0.04
2935  2707.0  0.04
2936  2707.0  0.04
2937  2707.0  0.04
2938  2707.0  0.04
2939  2707.0  0.04
2940  2707.0  0.04
2941  2707.0  0.04
2942  2707.0  0.04
2943  2707.0  0.04
2944  2707.0  0.04
2945  2707.0  0.04
2946  2707.0  0.04
2947  2707.0  0.04
2948  2707.0  0.04
2949  2707.0  0.04
2950  2707.0  0.04
2951  2707.0  0.04
2952  2707.0  0.04
2953  2707.0  0.04
2954  2707.0  0.04
2955  2707.0  0.04
2956  2707.0  0.04
2957  2707.0  0.04
2958  2707.0  0.04
2959  2707.0  0.04
2960  2707.0  0.04
2961  2707.0  0.04
2962  2707.0  0.04
2963  2707.0  0.04
2964  2707.0  0.04
2965  2707.0  0.04
2966  2707.0  0.04
2967  2707.0  0.04
2968  2707.0  0.04
2969  2707.0  0.04
2970  2707.0  0.04
2971  2707.0  0.04
2972  2707.0  0.04
2973  2707.0  0.04
2974  2707.0  0.04
2975  2707.0  0.04
2976  2707.0  0.04
2977  2707.0  0.04
2978  2707.0  0.04
2979  2707.0  0.04
2980  2707.0  0.04
2981  2707.0  0.04
2982  2707.0  0.04
2983  2707.0  0.04
2984  2707.0  0.04
2985  2707.0  0.04
2986  2707.0  0.04
2987  2707.0  0.04
2988  2707.0  0.04
2989  2707.0  0.04
2990  2707.0  0.04
2991  2707.0  0.04
2992  2707.0  0.04
2993  2707.0  0.04
2994  2707.0  0.04
2995  2707.0  0.04
2996  2707.0  0.04
2997  2707.0  0.04
2998  2707.0  0.04
2999  2707.0  0.04
#[-6, -4, 6, 9, 9, 9, 9, 9, 9, 9]
#[5, 7, 9, 9, 9, 9, 9, 9, 9, 9]
#[-4, 3, 9, 9, 9, 9, 9, 9, 9, 9]
#[-6, 9, 9, 9, 9, 9, 9, 9, 9, 9]
#[9, 9, 9, 9, 9, 9, 9, 9, 9, 9]
#[9, 9, 9, 9, 9, 9, 9, 9, 9, 9]
#[9, 9, 9, 9, 9, 9, 9, 9, 9, 9]
#[8, 9, 9, 9, 9, 9, 9, 9, 9, 9]
#[9, 9, 9, 9, 9, 9, 9, 9, 9, 9]
#Specialization index= [4, 9, 0.12345679012345678]
