#[0, 9, 9, 0, 8, 7, 4, 2, 9, 7]
#[6, 8, 2, 9, 9, 6, 3, 7, 4, 3]
#[4, 8, 9, 2, 9, 1, 9, 7, 1, 9]
#[9, 4, 0, 0, 3, 2, 3, 9, 0, 2]
#[8, 9, 7, 9, 5, 7, 6, 3, 9, 5]
#[6, 5, 6, 9, 9, 9, 9, 6, 9, 7]
#[7, 8, 9, 1, 9, 6, 3, 0, 5, 7]
#[1, 3, 8, 8, 3, 1, 8, 6, 9, 7]
#[0, 3, 1, 0, 7, 6, 8, 6, 1, 0]
0  2245.0  0.09
1  2437.0  0.03
2  2437.0  0.03
3  2437.0  0.03
4  2437.0  0.03
5  2437.0  0.03
6  2437.0  0.03
7  2437.0  0.03
8  2437.0  0.03
9  2437.0  0.03
10  2437.0  0.03
11  2437.0  0.03
12  2437.0  0.03
13  2437.0  0.03
14  2437.0  0.03
15  2437.0  0.03
16  2437.0  0.03
17  2437.0  0.03
18  2437.0  0.03
19  2437.0  0.03
20  2437.0  0.03
21  2437.0  0.03
22  2437.0  0.03
23  2437.0  0.03
24  2437.0  0.03
25  2437.0  0.03
26  2437.0  0.03
27  2437.0  0.03
28  2437.0  0.03
29  2437.0  0.03
30  2437.0  0.03
31  2437.0  0.03
32  2437.0  0.03
33  2437.0  0.03
34  2548.0  0.07
35  2548.0  0.07
36  2548.0  0.07
37  2548.0  0.07
38  2548.0  0.07
39  2548.0  0.07
40  2548.0  0.07
41  2548.0  0.07
42  2548.0  0.07
43  2548.0  0.07
44  2548.0  0.07
45  2548.0  0.07
46  2548.0  0.07
47  2548.0  0.07
48  2548.0  0.07
49  2548.0  0.07
50  2548.0  0.07
51  2548.0  0.07
52  2548.0  0.07
53  2548.0  0.07
54  2548.0  0.07
55  2548.0  0.07
56  2548.0  0.07
57  2548.0  0.07
58  2548.0  0.07
59  2548.0  0.07
60  2548.0  0.07
61  2548.0  0.07
62  2548.0  0.07
63  2548.0  0.07
64  2548.0  0.07
65  2548.0  0.07
66  2548.0  0.07
67  2548.0  0.07
68  2548.0  0.07
69  2548.0  0.07
70  2548.0  0.07
71  2548.0  0.07
72  2548.0  0.07
73  2548.0  0.07
74  2548.0  0.07
75  2548.0  0.07
76  2548.0  0.07
77  2548.0  0.07
78  2548.0  0.07
79  2548.0  0.07
80  2548.0  0.07
81  2548.0  0.07
82  2548.0  0.07
83  2548.0  0.07
84  2548.0  0.07
85  2548.0  0.07
86  2548.0  0.07
87  2548.0  0.07
88  2548.0  0.07
89  2548.0  0.07
90  2548.0  0.07
91  2548.0  0.07
92  2548.0  0.07
93  2548.0  0.07
94  2548.0  0.07
95  2548.0  0.07
96  2548.0  0.07
97  2548.0  0.07
98  2590.0  0.06
99  2590.0  0.06
100  2590.0  0.06
101  2590.0  0.06
102  2590.0  0.06
103  2590.0  0.06
104  2590.0  0.06
105  2590.0  0.06
106  2590.0  0.06
107  2590.0  0.06
108  2590.0  0.06
109  2590.0  0.06
110  2590.0  0.06
111  2590.0  0.06
112  2590.0  0.06
113  2590.0  0.06
114  2590.0  0.06
115  2590.0  0.06
116  2590.0  0.06
117  2590.0  0.06
118  2590.0  0.06
119  2590.0  0.06
120  2590.0  0.06
121  2590.0  0.06
122  2590.0  0.06
123  2590.0  0.06
124  2590.0  0.06
125  2590.0  0.06
126  2590.0  0.06
127  2590.0  0.06
128  2590.0  0.06
129  2590.0  0.06
130  2590.0  0.06
131  2590.0  0.06
132  2590.0  0.06
133  2590.0  0.06
134  2590.0  0.06
135  2590.0  0.06
136  2590.0  0.06
137  2590.0  0.06
138  2590.0  0.06
139  2590.0  0.06
140  2590.0  0.06
141  2590.0  0.06
142  2590.0  0.06
143  2590.0  0.06
144  2590.0  0.06
145  2590.0  0.06
146  2590.0  0.06
147  2590.0  0.06
148  2590.0  0.06
149  2590.0  0.06
150  2590.0  0.06
151  2590.0  0.06
152  2590.0  0.06
153  2590.0  0.06
154  2590.0  0.06
155  2590.0  0.06
156  2590.0  0.06
157  2590.0  0.06
158  2590.0  0.06
159  2590.0  0.06
160  2590.0  0.06
161  2590.0  0.06
162  2590.0  0.06
163  2590.0  0.06
164  2590.0  0.06
165  2590.0  0.06
166  2590.0  0.06
167  2590.0  0.06
168  2590.0  0.06
169  2590.0  0.06
170  2590.0  0.06
171  2590.0  0.06
172  2590.0  0.06
173  2590.0  0.06
174  2590.0  0.06
175  2590.0  0.06
176  2590.0  0.06
177  2590.0  0.06
178  2590.0  0.06
179  2590.0  0.06
180  2590.0  0.06
181  2590.0  0.06
182  2590.0  0.06
183  2590.0  0.06
184  2590.0  0.06
185  2590.0  0.06
186  2590.0  0.06
187  2590.0  0.06
188  2590.0  0.06
189  2590.0  0.06
190  2590.0  0.06
191  2590.0  0.06
192  2590.0  0.06
193  2590.0  0.06
194  2590.0  0.06
195  2590.0  0.06
196  2590.0  0.06
197  2590.0  0.06
198  2590.0  0.06
199  2590.0  0.06
200  2590.0  0.06
201  2628.0  0.04
202  2628.0  0.04
203  2628.0  0.04
204  2628.0  0.04
205  2628.0  0.04
206  2628.0  0.04
207  2628.0  0.04
208  2628.0  0.04
209  2628.0  0.04
210  2628.0  0.04
211  2628.0  0.04
212  2628.0  0.04
213  2628.0  0.04
214  2628.0  0.04
215  2628.0  0.04
216  2628.0  0.04
217  2628.0  0.04
218  2628.0  0.04
219  2628.0  0.04
220  2628.0  0.04
221  2628.0  0.04
222  2628.0  0.04
223  2628.0  0.04
224  2628.0  0.04
225  2628.0  0.04
226  2628.0  0.04
227  2628.0  0.04
228  2628.0  0.04
229  2628.0  0.04
230  2628.0  0.04
231  2628.0  0.04
232  2628.0  0.04
233  2628.0  0.04
234  2628.0  0.04
235  2628.0  0.04
236  2628.0  0.04
237  2628.0  0.04
238  2628.0  0.04
239  2628.0  0.04
240  2628.0  0.04
241  2628.0  0.04
242  2628.0  0.04
243  2628.0  0.04
244  2628.0  0.04
245  2628.0  0.04
246  2628.0  0.04
247  2628.0  0.04
248  2628.0  0.04
249  2628.0  0.04
250  2628.0  0.04
251  2628.0  0.04
252  2628.0  0.04
253  2628.0  0.04
254  2628.0  0.04
255  2628.0  0.04
256  2628.0  0.04
257  2628.0  0.04
258  2628.0  0.04
259  2628.0  0.04
260  2628.0  0.04
261  2628.0  0.04
262  2628.0  0.04
263  2628.0  0.04
264  2628.0  0.04
265  2628.0  0.04
266  2628.0  0.04
267  2628.0  0.04
268  2628.0  0.04
269  2628.0  0.04
270  2628.0  0.04
271  2628.0  0.04
272  2628.0  0.04
273  2628.0  0.04
274  2628.0  0.04
275  2628.0  0.04
276  2628.0  0.04
277  2628.0  0.04
278  2628.0  0.04
279  2628.0  0.04
280  2628.0  0.04
281  2628.0  0.04
282  2628.0  0.04
283  2628.0  0.04
284  2628.0  0.04
285  2628.0  0.04
286  2628.0  0.04
287  2628.0  0.04
288  2628.0  0.04
289  2628.0  0.04
290  2628.0  0.04
291  2628.0  0.04
292  2628.0  0.04
293  2628.0  0.04
294  2628.0  0.04
295  2628.0  0.04
296  2628.0  0.04
297  2628.0  0.04
298  2628.0  0.04
299  2628.0  0.04
300  2628.0  0.04
301  2628.0  0.04
302  2628.0  0.04
303  2628.0  0.04
304  2628.0  0.04
305  2628.0  0.04
306  2628.0  0.04
307  2628.0  0.04
308  2628.0  0.04
309  2628.0  0.04
310  2628.0  0.04
311  2628.0  0.04
312  2628.0  0.04
313  2628.0  0.04
314  2628.0  0.04
315  2628.0  0.04
316  2628.0  0.04
317  2628.0  0.04
318  2628.0  0.04
319  2628.0  0.04
320  2628.0  0.04
321  2628.0  0.04
322  2628.0  0.04
323  2628.0  0.04
324  2628.0  0.04
325  2628.0  0.04
326  2628.0  0.04
327  2628.0  0.04
328  2628.0  0.04
329  2628.0  0.04
330  2628.0  0.04
331  2628.0  0.04
332  2628.0  0.04
333  2628.0  0.04
334  2628.0  0.04
335  2628.0  0.04
336  2628.0  0.04
337  2628.0  0.04
338  2628.0  0.04
339  2628.0  0.04
340  2628.0  0.04
341  2628.0  0.04
342  2628.0  0.04
343  2628.0  0.04
344  2628.0  0.04
345  2628.0  0.04
346  2628.0  0.04
347  2628.0  0.04
348  2628.0  0.04
349  2628.0  0.04
350  2628.0  0.04
351  2628.0  0.04
352  2628.0  0.04
353  2628.0  0.04
354  2628.0  0.04
355  2628.0  0.04
356  2628.0  0.04
357  2628.0  0.04
358  2628.0  0.04
359  2628.0  0.04
360  2628.0  0.04
361  2628.0  0.04
362  2628.0  0.04
363  2628.0  0.04
364  2628.0  0.04
365  2628.0  0.04
366  2628.0  0.04
367  2628.0  0.04
368  2628.0  0.04
369  2628.0  0.04
370  2628.0  0.04
371  2628.0  0.04
372  2628.0  0.04
373  2628.0  0.04
374  2628.0  0.04
375  2628.0  0.04
376  2628.0  0.04
377  2628.0  0.04
378  2628.0  0.04
379  2628.0  0.04
380  2628.0  0.04
381  2628.0  0.04
382  2628.0  0.04
383  2628.0  0.04
384  2628.0  0.04
385  2628.0  0.04
386  2628.0  0.04
387  2628.0  0.04
388  2628.0  0.04
389  2628.0  0.04
390  2628.0  0.04
391  2628.0  0.04
392  2628.0  0.04
393  2628.0  0.04
394  2628.0  0.04
395  2628.0  0.04
396  2628.0  0.04
397  2628.0  0.04
398  2628.0  0.04
399  2628.0  0.04
400  2628.0  0.04
401  2628.0  0.04
402  2628.0  0.04
403  2628.0  0.04
404  2628.0  0.04
405  2628.0  0.04
406  2628.0  0.04
407  2628.0  0.04
408  2628.0  0.04
409  2628.0  0.04
410  2628.0  0.04
411  2628.0  0.04
412  2628.0  0.04
413  2628.0  0.04
414  2628.0  0.04
415  2628.0  0.04
416  2628.0  0.04
417  2628.0  0.04
418  2628.0  0.04
419  2628.0  0.04
420  2628.0  0.04
421  2628.0  0.04
422  2628.0  0.04
423  2628.0  0.04
424  2628.0  0.04
425  2628.0  0.04
426  2628.0  0.04
427  2628.0  0.04
428  2628.0  0.04
429  2628.0  0.04
430  2628.0  0.04
431  2628.0  0.04
432  2628.0  0.04
433  2628.0  0.04
434  2628.0  0.04
435  2628.0  0.04
436  2628.0  0.04
437  2628.0  0.04
438  2628.0  0.04
439  2628.0  0.04
440  2628.0  0.04
441  2628.0  0.04
442  2628.0  0.04
443  2628.0  0.04
444  2628.0  0.04
445  2628.0  0.04
446  2628.0  0.04
447  2628.0  0.04
448  2628.0  0.04
449  2628.0  0.04
450  2628.0  0.04
451  2628.0  0.04
452  2628.0  0.04
453  2628.0  0.04
454  2628.0  0.04
455  2628.0  0.04
456  2628.0  0.04
457  2628.0  0.04
458  2628.0  0.04
459  2628.0  0.04
460  2628.0  0.04
461  2628.0  0.04
462  2628.0  0.04
463  2628.0  0.04
464  2628.0  0.04
465  2628.0  0.04
466  2628.0  0.04
467  2628.0  0.04
468  2628.0  0.04
469  2628.0  0.04
470  2628.0  0.04
471  2628.0  0.04
472  2628.0  0.04
473  2628.0  0.04
474  2628.0  0.04
475  2628.0  0.04
476  2628.0  0.04
477  2628.0  0.04
478  2628.0  0.04
479  2628.0  0.04
480  2628.0  0.04
481  2628.0  0.04
482  2628.0  0.04
483  2628.0  0.04
484  2628.0  0.04
485  2628.0  0.04
486  2628.0  0.04
487  2628.0  0.04
488  2628.0  0.04
489  2628.0  0.04
490  2628.0  0.04
491  2628.0  0.04
492  2628.0  0.04
493  2628.0  0.04
494  2628.0  0.04
495  2628.0  0.04
496  2628.0  0.04
497  2628.0  0.04
498  2628.0  0.04
499  2628.0  0.04
500  2628.0  0.04
501  2628.0  0.04
502  2628.0  0.04
503  2628.0  0.04
504  2628.0  0.04
505  2628.0  0.04
506  2628.0  0.04
507  2628.0  0.04
508  2628.0  0.04
509  2628.0  0.04
510  2628.0  0.04
511  2628.0  0.04
512  2628.0  0.04
513  2628.0  0.04
514  2628.0  0.04
515  2628.0  0.04
516  2628.0  0.04
517  2628.0  0.04
518  2628.0  0.04
519  2628.0  0.04
520  2628.0  0.04
521  2628.0  0.04
522  2628.0  0.04
523  2628.0  0.04
524  2628.0  0.04
525  2628.0  0.04
526  2628.0  0.04
527  2628.0  0.04
528  2628.0  0.04
529  2628.0  0.04
530  2628.0  0.04
531  2628.0  0.04
532  2628.0  0.04
533  2628.0  0.04
534  2628.0  0.04
535  2628.0  0.04
536  2628.0  0.04
537  2628.0  0.04
538  2628.0  0.04
539  2628.0  0.04
540  2628.0  0.04
541  2628.0  0.04
542  2628.0  0.04
543  2628.0  0.04
544  2628.0  0.04
545  2628.0  0.04
546  2628.0  0.04
547  2628.0  0.04
548  2628.0  0.04
549  2628.0  0.04
550  2628.0  0.04
551  2628.0  0.04
552  2628.0  0.04
553  2628.0  0.04
554  2628.0  0.04
555  2628.0  0.04
556  2628.0  0.04
557  2628.0  0.04
558  2628.0  0.04
559  2628.0  0.04
560  2628.0  0.04
561  2628.0  0.04
562  2628.0  0.04
563  2628.0  0.04
564  2628.0  0.04
565  2628.0  0.04
566  2628.0  0.04
567  2628.0  0.04
568  2628.0  0.04
569  2628.0  0.04
570  2628.0  0.04
571  2628.0  0.04
572  2628.0  0.04
573  2628.0  0.04
574  2628.0  0.04
575  2628.0  0.04
576  2628.0  0.04
577  2628.0  0.04
578  2628.0  0.04
579  2628.0  0.04
580  2628.0  0.04
581  2628.0  0.04
582  2628.0  0.04
583  2628.0  0.04
584  2628.0  0.04
585  2628.0  0.04
586  2628.0  0.04
587  2628.0  0.04
588  2628.0  0.04
589  2628.0  0.04
590  2628.0  0.04
591  2628.0  0.04
592  2628.0  0.04
593  2628.0  0.04
594  2628.0  0.04
595  2628.0  0.04
596  2628.0  0.04
597  2628.0  0.04
598  2628.0  0.04
599  2628.0  0.04
600  2628.0  0.04
601  2628.0  0.04
602  2628.0  0.04
603  2628.0  0.04
604  2628.0  0.04
605  2628.0  0.04
606  2628.0  0.04
607  2628.0  0.04
608  2628.0  0.04
609  2628.0  0.04
610  2628.0  0.04
611  2628.0  0.04
612  2628.0  0.04
613  2628.0  0.04
614  2628.0  0.04
615  2628.0  0.04
616  2628.0  0.04
617  2628.0  0.04
618  2628.0  0.04
619  2628.0  0.04
620  2628.0  0.04
621  2628.0  0.04
622  2628.0  0.04
623  2628.0  0.04
624  2628.0  0.04
625  2628.0  0.04
626  2628.0  0.04
627  2628.0  0.04
628  2628.0  0.04
629  2628.0  0.04
630  2628.0  0.04
631  2628.0  0.04
632  2628.0  0.04
633  2628.0  0.04
634  2628.0  0.04
635  2628.0  0.04
636  2628.0  0.04
637  2628.0  0.04
638  2628.0  0.04
639  2628.0  0.04
640  2628.0  0.04
641  2628.0  0.04
642  2628.0  0.04
643  2628.0  0.04
644  2628.0  0.04
645  2628.0  0.04
646  2628.0  0.04
647  2628.0  0.04
648  2628.0  0.04
649  2628.0  0.04
650  2628.0  0.04
651  2628.0  0.04
652  2628.0  0.04
653  2628.0  0.04
654  2628.0  0.04
655  2628.0  0.04
656  2628.0  0.04
657  2628.0  0.04
658  2628.0  0.04
659  2628.0  0.04
660  2628.0  0.04
661  2628.0  0.04
662  2628.0  0.04
663  2628.0  0.04
664  2628.0  0.04
665  2628.0  0.04
666  2628.0  0.04
667  2628.0  0.04
668  2628.0  0.04
669  2628.0  0.04
670  2628.0  0.04
671  2628.0  0.04
672  2628.0  0.04
673  2628.0  0.04
674  2628.0  0.04
675  2628.0  0.04
676  2628.0  0.04
677  2628.0  0.04
678  2628.0  0.04
679  2628.0  0.04
680  2628.0  0.04
681  2628.0  0.04
682  2628.0  0.04
683  2628.0  0.04
684  2628.0  0.04
685  2628.0  0.04
686  2628.0  0.04
687  2628.0  0.04
688  2628.0  0.04
689  2628.0  0.04
690  2628.0  0.04
691  2628.0  0.04
692  2628.0  0.04
693  2628.0  0.04
694  2628.0  0.04
695  2628.0  0.04
696  2628.0  0.04
697  2628.0  0.04
698  2628.0  0.04
699  2628.0  0.04
700  2628.0  0.04
701  2628.0  0.04
702  2628.0  0.04
703  2628.0  0.04
704  2628.0  0.04
705  2628.0  0.04
706  2628.0  0.04
707  2628.0  0.04
708  2628.0  0.04
709  2628.0  0.04
710  2628.0  0.04
711  2628.0  0.04
712  2628.0  0.04
713  2628.0  0.04
714  2628.0  0.04
715  2628.0  0.04
716  2628.0  0.04
717  2628.0  0.04
718  2628.0  0.04
719  2628.0  0.04
720  2628.0  0.04
721  2628.0  0.04
722  2628.0  0.04
723  2628.0  0.04
724  2628.0  0.04
725  2628.0  0.04
726  2628.0  0.04
727  2628.0  0.04
728  2628.0  0.04
729  2628.0  0.04
730  2628.0  0.04
731  2628.0  0.04
732  2628.0  0.04
733  2628.0  0.04
734  2628.0  0.04
735  2628.0  0.04
736  2628.0  0.04
737  2628.0  0.04
738  2628.0  0.04
739  2628.0  0.04
740  2628.0  0.04
741  2628.0  0.04
742  2628.0  0.04
743  2628.0  0.04
744  2628.0  0.04
745  2628.0  0.04
746  2628.0  0.04
747  2628.0  0.04
748  2628.0  0.04
749  2628.0  0.04
750  2628.0  0.04
751  2628.0  0.04
752  2628.0  0.04
753  2628.0  0.04
754  2628.0  0.04
755  2628.0  0.04
756  2628.0  0.04
757  2628.0  0.04
758  2628.0  0.04
759  2628.0  0.04
760  2628.0  0.04
761  2628.0  0.04
762  2628.0  0.04
763  2628.0  0.04
764  2628.0  0.04
765  2628.0  0.04
766  2628.0  0.04
767  2628.0  0.04
768  2686.0  0.04
769  2686.0  0.04
770  2686.0  0.04
771  2686.0  0.04
772  2686.0  0.04
773  2686.0  0.04
774  2686.0  0.04
775  2686.0  0.04
776  2686.0  0.04
777  2686.0  0.04
778  2686.0  0.04
779  2686.0  0.04
780  2686.0  0.04
781  2686.0  0.04
782  2686.0  0.04
783  2686.0  0.04
784  2686.0  0.04
785  2686.0  0.04
786  2686.0  0.04
787  2686.0  0.04
788  2686.0  0.04
789  2686.0  0.04
790  2686.0  0.04
791  2686.0  0.04
792  2686.0  0.04
793  2686.0  0.04
794  2686.0  0.04
795  2686.0  0.04
796  2686.0  0.04
797  2686.0  0.04
798  2686.0  0.04
799  2686.0  0.04
800  2686.0  0.04
801  2686.0  0.04
802  2686.0  0.04
803  2686.0  0.04
804  2686.0  0.04
805  2686.0  0.04
806  2686.0  0.04
807  2686.0  0.04
808  2686.0  0.04
809  2686.0  0.04
810  2686.0  0.04
811  2686.0  0.04
812  2686.0  0.04
813  2686.0  0.04
814  2686.0  0.04
815  2686.0  0.04
816  2686.0  0.04
817  2686.0  0.04
818  2686.0  0.04
819  2686.0  0.04
820  2686.0  0.04
821  2686.0  0.04
822  2686.0  0.04
823  2686.0  0.04
824  2686.0  0.04
825  2686.0  0.04
826  2686.0  0.04
827  2686.0  0.04
828  2686.0  0.04
829  2686.0  0.04
830  2686.0  0.04
831  2686.0  0.04
832  2686.0  0.04
833  2686.0  0.04
834  2686.0  0.04
835  2686.0  0.04
836  2686.0  0.04
837  2686.0  0.04
838  2686.0  0.04
839  2686.0  0.04
840  2686.0  0.04
841  2686.0  0.04
842  2686.0  0.04
843  2686.0  0.04
844  2686.0  0.04
845  2686.0  0.04
846  2686.0  0.04
847  2686.0  0.04
848  2686.0  0.04
849  2686.0  0.04
850  2686.0  0.04
851  2686.0  0.04
852  2686.0  0.04
853  2686.0  0.04
854  2686.0  0.04
855  2686.0  0.04
856  2686.0  0.04
857  2686.0  0.04
858  2686.0  0.04
859  2686.0  0.04
860  2686.0  0.04
861  2686.0  0.04
862  2686.0  0.04
863  2686.0  0.04
864  2686.0  0.04
865  2686.0  0.04
866  2686.0  0.04
867  2686.0  0.04
868  2686.0  0.04
869  2686.0  0.04
870  2686.0  0.04
871  2686.0  0.04
872  2686.0  0.04
873  2686.0  0.04
874  2686.0  0.04
875  2686.0  0.04
876  2686.0  0.04
877  2686.0  0.04
878  2686.0  0.04
879  2686.0  0.04
880  2686.0  0.04
881  2686.0  0.04
882  2686.0  0.04
883  2686.0  0.04
884  2686.0  0.04
885  2686.0  0.04
886  2686.0  0.04
887  2686.0  0.04
888  2686.0  0.04
889  2686.0  0.04
890  2686.0  0.04
891  2686.0  0.04
892  2686.0  0.04
893  2686.0  0.04
894  2686.0  0.04
895  2686.0  0.04
896  2686.0  0.04
897  2686.0  0.04
898  2686.0  0.04
899  2686.0  0.04
900  2686.0  0.04
901  2686.0  0.04
902  2686.0  0.04
903  2686.0  0.04
904  2686.0  0.04
905  2686.0  0.04
906  2686.0  0.04
907  2686.0  0.04
908  2686.0  0.04
909  2686.0  0.04
910  2686.0  0.04
911  2686.0  0.04
912  2686.0  0.04
913  2686.0  0.04
914  2686.0  0.04
915  2686.0  0.04
916  2686.0  0.04
917  2686.0  0.04
918  2686.0  0.04
919  2686.0  0.04
920  2686.0  0.04
921  2686.0  0.04
922  2686.0  0.04
923  2686.0  0.04
924  2686.0  0.04
925  2686.0  0.04
926  2686.0  0.04
927  2686.0  0.04
928  2686.0  0.04
929  2686.0  0.04
930  2686.0  0.04
931  2686.0  0.04
932  2686.0  0.04
933  2686.0  0.04
934  2686.0  0.04
935  2686.0  0.04
936  2686.0  0.04
937  2686.0  0.04
938  2686.0  0.04
939  2686.0  0.04
940  2686.0  0.04
941  2686.0  0.04
942  2686.0  0.04
943  2686.0  0.04
944  2686.0  0.04
945  2686.0  0.04
946  2686.0  0.04
947  2686.0  0.04
948  2686.0  0.04
949  2686.0  0.04
950  2686.0  0.04
951  2686.0  0.04
952  2686.0  0.04
953  2686.0  0.04
954  2686.0  0.04
955  2686.0  0.04
956  2686.0  0.04
957  2686.0  0.04
958  2686.0  0.04
959  2686.0  0.04
960  2686.0  0.04
961  2686.0  0.04
962  2686.0  0.04
963  2686.0  0.04
964  2686.0  0.04
965  2686.0  0.04
966  2686.0  0.04
967  2686.0  0.04
968  2686.0  0.04
969  2686.0  0.04
970  2686.0  0.04
971  2686.0  0.04
972  2686.0  0.04
973  2686.0  0.04
974  2686.0  0.04
975  2686.0  0.04
976  2686.0  0.04
977  2686.0  0.04
978  2686.0  0.04
979  2686.0  0.04
980  2686.0  0.04
981  2686.0  0.04
982  2686.0  0.04
983  2686.0  0.04
984  2686.0  0.04
985  2686.0  0.04
986  2686.0  0.04
987  2686.0  0.04
988  2686.0  0.04
989  2686.0  0.04
990  2686.0  0.04
991  2686.0  0.04
992  2686.0  0.04
993  2686.0  0.04
994  2686.0  0.04
995  2686.0  0.04
996  2686.0  0.04
997  2686.0  0.04
998  2686.0  0.04
999  2686.0  0.04
1000  2686.0  0.04
1001  2686.0  0.04
1002  2686.0  0.04
1003  2686.0  0.04
1004  2686.0  0.04
1005  2686.0  0.04
1006  2686.0  0.04
1007  2686.0  0.04
1008  2686.0  0.04
1009  2686.0  0.04
1010  2686.0  0.04
1011  2686.0  0.04
1012  2686.0  0.04
1013  2686.0  0.04
1014  2686.0  0.04
1015  2686.0  0.04
1016  2686.0  0.04
1017  2686.0  0.04
1018  2686.0  0.04
1019  2686.0  0.04
1020  2686.0  0.04
1021  2686.0  0.04
1022  2686.0  0.04
1023  2686.0  0.04
1024  2686.0  0.04
1025  2686.0  0.04
1026  2686.0  0.04
1027  2686.0  0.04
1028  2686.0  0.04
1029  2686.0  0.04
1030  2686.0  0.04
1031  2686.0  0.04
1032  2686.0  0.04
1033  2686.0  0.04
1034  2686.0  0.04
1035  2686.0  0.04
1036  2686.0  0.04
1037  2686.0  0.04
1038  2686.0  0.04
1039  2686.0  0.04
1040  2686.0  0.04
1041  2686.0  0.04
1042  2686.0  0.04
1043  2686.0  0.04
1044  2686.0  0.04
1045  2686.0  0.04
1046  2686.0  0.04
1047  2686.0  0.04
1048  2686.0  0.04
1049  2686.0  0.04
1050  2686.0  0.04
1051  2686.0  0.04
1052  2686.0  0.04
1053  2686.0  0.04
1054  2686.0  0.04
1055  2686.0  0.04
1056  2686.0  0.04
1057  2686.0  0.04
1058  2686.0  0.04
1059  2686.0  0.04
1060  2686.0  0.04
1061  2686.0  0.04
1062  2686.0  0.04
1063  2686.0  0.04
1064  2686.0  0.04
1065  2686.0  0.04
1066  2686.0  0.04
1067  2686.0  0.04
1068  2686.0  0.04
1069  2686.0  0.04
1070  2686.0  0.04
1071  2686.0  0.04
1072  2686.0  0.04
1073  2686.0  0.04
1074  2686.0  0.04
1075  2686.0  0.04
1076  2686.0  0.04
1077  2686.0  0.04
1078  2686.0  0.04
1079  2686.0  0.04
1080  2686.0  0.04
1081  2686.0  0.04
1082  2686.0  0.04
1083  2686.0  0.04
1084  2686.0  0.04
1085  2686.0  0.04
1086  2686.0  0.04
1087  2686.0  0.04
1088  2686.0  0.04
1089  2686.0  0.04
1090  2686.0  0.04
1091  2686.0  0.04
1092  2686.0  0.04
1093  2686.0  0.04
1094  2686.0  0.04
1095  2686.0  0.04
1096  2686.0  0.04
1097  2686.0  0.04
1098  2686.0  0.04
1099  2686.0  0.04
1100  2686.0  0.04
1101  2686.0  0.04
1102  2686.0  0.04
1103  2686.0  0.04
1104  2686.0  0.04
1105  2686.0  0.04
1106  2686.0  0.04
1107  2686.0  0.04
1108  2686.0  0.04
1109  2686.0  0.04
1110  2686.0  0.04
1111  2686.0  0.04
1112  2686.0  0.04
1113  2686.0  0.04
1114  2686.0  0.04
1115  2686.0  0.04
1116  2686.0  0.04
1117  2686.0  0.04
1118  2686.0  0.04
1119  2686.0  0.04
1120  2686.0  0.04
1121  2686.0  0.04
1122  2686.0  0.04
1123  2686.0  0.04
1124  2686.0  0.04
1125  2686.0  0.04
1126  2686.0  0.04
1127  2686.0  0.04
1128  2686.0  0.04
1129  2686.0  0.04
1130  2686.0  0.04
1131  2686.0  0.04
1132  2686.0  0.04
1133  2686.0  0.04
1134  2686.0  0.04
1135  2686.0  0.04
1136  2686.0  0.04
1137  2686.0  0.04
1138  2686.0  0.04
1139  2686.0  0.04
1140  2686.0  0.04
1141  2686.0  0.04
1142  2686.0  0.04
1143  2686.0  0.04
1144  2686.0  0.04
1145  2686.0  0.04
1146  2686.0  0.04
1147  2686.0  0.04
1148  2686.0  0.04
1149  2686.0  0.04
1150  2686.0  0.04
1151  2686.0  0.04
1152  2686.0  0.04
1153  2686.0  0.04
1154  2686.0  0.04
1155  2686.0  0.04
1156  2686.0  0.04
1157  2686.0  0.04
1158  2686.0  0.04
1159  2686.0  0.04
1160  2686.0  0.04
1161  2686.0  0.04
1162  2686.0  0.04
1163  2686.0  0.04
1164  2686.0  0.04
1165  2686.0  0.04
1166  2686.0  0.04
1167  2686.0  0.04
1168  2686.0  0.04
1169  2686.0  0.04
1170  2686.0  0.04
1171  2686.0  0.04
1172  2686.0  0.04
1173  2686.0  0.04
1174  2686.0  0.04
1175  2686.0  0.04
1176  2686.0  0.04
1177  2686.0  0.04
1178  2686.0  0.04
1179  2686.0  0.04
1180  2686.0  0.04
1181  2686.0  0.04
1182  2686.0  0.04
1183  2686.0  0.04
1184  2686.0  0.04
1185  2686.0  0.04
1186  2686.0  0.04
1187  2686.0  0.04
1188  2686.0  0.04
1189  2686.0  0.04
1190  2686.0  0.04
1191  2686.0  0.04
1192  2686.0  0.04
1193  2686.0  0.04
1194  2686.0  0.04
1195  2686.0  0.04
1196  2686.0  0.04
1197  2686.0  0.04
1198  2686.0  0.04
1199  2686.0  0.04
1200  2686.0  0.04
1201  2686.0  0.04
1202  2686.0  0.04
1203  2686.0  0.04
1204  2686.0  0.04
1205  2686.0  0.04
1206  2686.0  0.04
1207  2686.0  0.04
1208  2686.0  0.04
1209  2686.0  0.04
1210  2686.0  0.04
1211  2686.0  0.04
1212  2686.0  0.04
1213  2686.0  0.04
1214  2686.0  0.04
1215  2686.0  0.04
1216  2686.0  0.04
1217  2686.0  0.04
1218  2686.0  0.04
1219  2686.0  0.04
1220  2686.0  0.04
1221  2686.0  0.04
1222  2686.0  0.04
1223  2686.0  0.04
1224  2686.0  0.04
1225  2686.0  0.04
1226  2686.0  0.04
1227  2686.0  0.04
1228  2686.0  0.04
1229  2686.0  0.04
1230  2686.0  0.04
1231  2686.0  0.04
1232  2686.0  0.04
1233  2686.0  0.04
1234  2686.0  0.04
1235  2686.0  0.04
1236  2686.0  0.04
1237  2686.0  0.04
1238  2686.0  0.04
1239  2686.0  0.04
1240  2686.0  0.04
1241  2686.0  0.04
1242  2686.0  0.04
1243  2686.0  0.04
1244  2686.0  0.04
1245  2686.0  0.04
1246  2686.0  0.04
1247  2686.0  0.04
1248  2686.0  0.04
1249  2686.0  0.04
1250  2686.0  0.04
1251  2686.0  0.04
1252  2686.0  0.04
1253  2686.0  0.04
1254  2686.0  0.04
1255  2686.0  0.04
1256  2686.0  0.04
1257  2686.0  0.04
1258  2686.0  0.04
1259  2686.0  0.04
1260  2686.0  0.04
1261  2686.0  0.04
1262  2686.0  0.04
1263  2686.0  0.04
1264  2686.0  0.04
1265  2686.0  0.04
1266  2686.0  0.04
1267  2686.0  0.04
1268  2686.0  0.04
1269  2686.0  0.04
1270  2686.0  0.04
1271  2686.0  0.04
1272  2686.0  0.04
1273  2686.0  0.04
1274  2686.0  0.04
1275  2686.0  0.04
1276  2686.0  0.04
1277  2686.0  0.04
1278  2686.0  0.04
1279  2686.0  0.04
1280  2686.0  0.04
1281  2686.0  0.04
1282  2686.0  0.04
1283  2686.0  0.04
1284  2686.0  0.04
1285  2686.0  0.04
1286  2686.0  0.04
1287  2686.0  0.04
1288  2686.0  0.04
1289  2686.0  0.04
1290  2686.0  0.04
1291  2686.0  0.04
1292  2686.0  0.04
1293  2686.0  0.04
1294  2686.0  0.04
1295  2686.0  0.04
1296  2686.0  0.04
1297  2686.0  0.04
1298  2686.0  0.04
1299  2686.0  0.04
1300  2686.0  0.04
1301  2686.0  0.04
1302  2686.0  0.04
1303  2686.0  0.04
1304  2686.0  0.04
1305  2686.0  0.04
1306  2686.0  0.04
1307  2686.0  0.04
1308  2686.0  0.04
1309  2686.0  0.04
1310  2686.0  0.04
1311  2686.0  0.04
1312  2686.0  0.04
1313  2686.0  0.04
1314  2686.0  0.04
1315  2686.0  0.04
1316  2686.0  0.04
1317  2686.0  0.04
1318  2686.0  0.04
1319  2686.0  0.04
1320  2686.0  0.04
1321  2686.0  0.04
1322  2686.0  0.04
1323  2686.0  0.04
1324  2686.0  0.04
1325  2686.0  0.04
1326  2686.0  0.04
1327  2686.0  0.04
1328  2686.0  0.04
1329  2686.0  0.04
1330  2686.0  0.04
1331  2686.0  0.04
1332  2686.0  0.04
1333  2686.0  0.04
1334  2686.0  0.04
1335  2686.0  0.04
1336  2686.0  0.04
1337  2686.0  0.04
1338  2686.0  0.04
1339  2686.0  0.04
1340  2686.0  0.04
1341  2686.0  0.04
1342  2686.0  0.04
1343  2686.0  0.04
1344  2686.0  0.04
1345  2686.0  0.04
1346  2686.0  0.04
1347  2686.0  0.04
1348  2686.0  0.04
1349  2686.0  0.04
1350  2686.0  0.04
1351  2686.0  0.04
1352  2686.0  0.04
1353  2686.0  0.04
1354  2686.0  0.04
1355  2686.0  0.04
1356  2686.0  0.04
1357  2686.0  0.04
1358  2686.0  0.04
1359  2686.0  0.04
1360  2686.0  0.04
1361  2686.0  0.04
1362  2686.0  0.04
1363  2686.0  0.04
1364  2686.0  0.04
1365  2686.0  0.04
1366  2686.0  0.04
1367  2686.0  0.04
1368  2686.0  0.04
1369  2686.0  0.04
1370  2686.0  0.04
1371  2686.0  0.04
1372  2686.0  0.04
1373  2686.0  0.04
1374  2686.0  0.04
1375  2686.0  0.04
1376  2686.0  0.04
1377  2686.0  0.04
1378  2686.0  0.04
1379  2686.0  0.04
1380  2686.0  0.04
1381  2686.0  0.04
1382  2686.0  0.04
1383  2686.0  0.04
1384  2686.0  0.04
1385  2686.0  0.04
1386  2686.0  0.04
1387  2686.0  0.04
1388  2686.0  0.04
1389  2686.0  0.04
1390  2686.0  0.04
1391  2686.0  0.04
1392  2686.0  0.04
1393  2686.0  0.04
1394  2686.0  0.04
1395  2686.0  0.04
1396  2686.0  0.04
1397  2686.0  0.04
1398  2686.0  0.04
1399  2686.0  0.04
1400  2686.0  0.04
1401  2686.0  0.04
1402  2686.0  0.04
1403  2686.0  0.04
1404  2686.0  0.04
1405  2686.0  0.04
1406  2686.0  0.04
1407  2686.0  0.04
1408  2686.0  0.04
1409  2686.0  0.04
1410  2686.0  0.04
1411  2686.0  0.04
1412  2686.0  0.04
1413  2686.0  0.04
1414  2686.0  0.04
1415  2686.0  0.04
1416  2686.0  0.04
1417  2686.0  0.04
1418  2686.0  0.04
1419  2686.0  0.04
1420  2686.0  0.04
1421  2686.0  0.04
1422  2686.0  0.04
1423  2686.0  0.04
1424  2686.0  0.04
1425  2686.0  0.04
1426  2686.0  0.04
1427  2686.0  0.04
1428  2686.0  0.04
1429  2686.0  0.04
1430  2686.0  0.04
1431  2686.0  0.04
1432  2686.0  0.04
1433  2686.0  0.04
1434  2686.0  0.04
1435  2686.0  0.04
1436  2686.0  0.04
1437  2686.0  0.04
1438  2686.0  0.04
1439  2686.0  0.04
1440  2686.0  0.04
1441  2686.0  0.04
1442  2686.0  0.04
1443  2686.0  0.04
1444  2686.0  0.04
1445  2686.0  0.04
1446  2686.0  0.04
1447  2686.0  0.04
1448  2686.0  0.04
1449  2686.0  0.04
1450  2686.0  0.04
1451  2686.0  0.04
1452  2686.0  0.04
1453  2686.0  0.04
1454  2686.0  0.04
1455  2686.0  0.04
1456  2686.0  0.04
1457  2686.0  0.04
1458  2686.0  0.04
1459  2686.0  0.04
1460  2686.0  0.04
1461  2686.0  0.04
1462  2686.0  0.04
1463  2686.0  0.04
1464  2686.0  0.04
1465  2686.0  0.04
1466  2686.0  0.04
1467  2686.0  0.04
1468  2686.0  0.04
1469  2686.0  0.04
1470  2686.0  0.04
1471  2686.0  0.04
1472  2686.0  0.04
1473  2686.0  0.04
1474  2686.0  0.04
1475  2686.0  0.04
1476  2686.0  0.04
1477  2686.0  0.04
1478  2686.0  0.04
1479  2686.0  0.04
1480  2686.0  0.04
1481  2686.0  0.04
1482  2686.0  0.04
1483  2686.0  0.04
1484  2686.0  0.04
1485  2686.0  0.04
1486  2686.0  0.04
1487  2686.0  0.04
1488  2686.0  0.04
1489  2686.0  0.04
1490  2686.0  0.04
1491  2686.0  0.04
1492  2686.0  0.04
1493  2686.0  0.04
1494  2686.0  0.04
1495  2686.0  0.04
1496  2686.0  0.04
1497  2686.0  0.04
1498  2686.0  0.04
1499  2686.0  0.04
1500  2686.0  0.04
1501  2686.0  0.04
1502  2686.0  0.04
1503  2686.0  0.04
1504  2686.0  0.04
1505  2686.0  0.04
1506  2686.0  0.04
1507  2686.0  0.04
1508  2686.0  0.04
1509  2686.0  0.04
1510  2686.0  0.04
1511  2686.0  0.04
1512  2686.0  0.04
1513  2686.0  0.04
1514  2686.0  0.04
1515  2686.0  0.04
1516  2686.0  0.04
1517  2686.0  0.04
1518  2686.0  0.04
1519  2686.0  0.04
1520  2686.0  0.04
1521  2686.0  0.04
1522  2686.0  0.04
1523  2686.0  0.04
1524  2686.0  0.04
1525  2686.0  0.04
1526  2686.0  0.04
1527  2686.0  0.04
1528  2686.0  0.04
1529  2686.0  0.04
1530  2686.0  0.04
1531  2686.0  0.04
1532  2686.0  0.04
1533  2686.0  0.04
1534  2686.0  0.04
1535  2686.0  0.04
1536  2686.0  0.04
1537  2686.0  0.04
1538  2686.0  0.04
1539  2686.0  0.04
1540  2686.0  0.04
1541  2686.0  0.04
1542  2686.0  0.04
1543  2686.0  0.04
1544  2686.0  0.04
1545  2686.0  0.04
1546  2686.0  0.04
1547  2686.0  0.04
1548  2686.0  0.04
1549  2686.0  0.04
1550  2686.0  0.04
1551  2686.0  0.04
1552  2686.0  0.04
1553  2686.0  0.04
1554  2686.0  0.04
1555  2686.0  0.04
1556  2686.0  0.04
1557  2686.0  0.04
1558  2686.0  0.04
1559  2686.0  0.04
1560  2686.0  0.04
1561  2686.0  0.04
1562  2686.0  0.04
1563  2686.0  0.04
1564  2686.0  0.04
1565  2686.0  0.04
1566  2686.0  0.04
1567  2686.0  0.04
1568  2686.0  0.04
1569  2686.0  0.04
1570  2686.0  0.04
1571  2686.0  0.04
1572  2686.0  0.04
1573  2686.0  0.04
1574  2686.0  0.04
1575  2686.0  0.04
1576  2686.0  0.04
1577  2686.0  0.04
1578  2686.0  0.04
1579  2686.0  0.04
1580  2686.0  0.04
1581  2686.0  0.04
1582  2686.0  0.04
1583  2686.0  0.04
1584  2686.0  0.04
1585  2686.0  0.04
1586  2686.0  0.04
1587  2686.0  0.04
1588  2686.0  0.04
1589  2686.0  0.04
1590  2686.0  0.04
1591  2686.0  0.04
1592  2686.0  0.04
1593  2686.0  0.04
1594  2686.0  0.04
1595  2686.0  0.04
1596  2686.0  0.04
1597  2686.0  0.04
1598  2686.0  0.04
1599  2686.0  0.04
1600  2686.0  0.04
1601  2686.0  0.04
1602  2686.0  0.04
1603  2686.0  0.04
1604  2686.0  0.04
1605  2686.0  0.04
1606  2686.0  0.04
1607  2686.0  0.04
1608  2686.0  0.04
1609  2686.0  0.04
1610  2686.0  0.04
1611  2686.0  0.04
1612  2686.0  0.04
1613  2686.0  0.04
1614  2686.0  0.04
1615  2686.0  0.04
1616  2686.0  0.04
1617  2686.0  0.04
1618  2686.0  0.04
1619  2686.0  0.04
1620  2686.0  0.04
1621  2686.0  0.04
1622  2686.0  0.04
1623  2686.0  0.04
1624  2686.0  0.04
1625  2686.0  0.04
1626  2686.0  0.04
1627  2686.0  0.04
1628  2686.0  0.04
1629  2686.0  0.04
1630  2686.0  0.04
1631  2686.0  0.04
1632  2686.0  0.04
1633  2686.0  0.04
1634  2686.0  0.04
1635  2686.0  0.04
1636  2686.0  0.04
1637  2686.0  0.04
1638  2686.0  0.04
1639  2686.0  0.04
1640  2686.0  0.04
1641  2686.0  0.04
1642  2686.0  0.04
1643  2686.0  0.04
1644  2686.0  0.04
1645  2686.0  0.04
1646  2686.0  0.04
1647  2686.0  0.04
1648  2686.0  0.04
1649  2686.0  0.04
1650  2686.0  0.04
1651  2686.0  0.04
1652  2686.0  0.04
1653  2686.0  0.04
1654  2686.0  0.04
1655  2686.0  0.04
1656  2686.0  0.04
1657  2686.0  0.04
1658  2686.0  0.04
1659  2686.0  0.04
1660  2686.0  0.04
1661  2686.0  0.04
1662  2686.0  0.04
1663  2686.0  0.04
1664  2686.0  0.04
1665  2686.0  0.04
1666  2686.0  0.04
1667  2686.0  0.04
1668  2686.0  0.04
1669  2686.0  0.04
1670  2686.0  0.04
1671  2686.0  0.04
1672  2686.0  0.04
1673  2686.0  0.04
1674  2686.0  0.04
1675  2686.0  0.04
1676  2686.0  0.04
1677  2686.0  0.04
1678  2686.0  0.04
1679  2686.0  0.04
1680  2686.0  0.04
1681  2686.0  0.04
1682  2686.0  0.04
1683  2686.0  0.04
1684  2686.0  0.04
1685  2686.0  0.04
1686  2686.0  0.04
1687  2686.0  0.04
1688  2686.0  0.04
1689  2686.0  0.04
1690  2686.0  0.04
1691  2686.0  0.04
1692  2686.0  0.04
1693  2686.0  0.04
1694  2686.0  0.04
1695  2686.0  0.04
1696  2686.0  0.04
1697  2686.0  0.04
1698  2686.0  0.04
1699  2686.0  0.04
1700  2686.0  0.04
1701  2686.0  0.04
1702  2686.0  0.04
1703  2686.0  0.04
1704  2686.0  0.04
1705  2686.0  0.04
1706  2686.0  0.04
1707  2686.0  0.04
1708  2686.0  0.04
1709  2686.0  0.04
1710  2686.0  0.04
1711  2686.0  0.04
1712  2686.0  0.04
1713  2686.0  0.04
1714  2686.0  0.04
1715  2686.0  0.04
1716  2686.0  0.04
1717  2686.0  0.04
1718  2686.0  0.04
1719  2686.0  0.04
1720  2686.0  0.04
1721  2686.0  0.04
1722  2686.0  0.04
1723  2686.0  0.04
1724  2686.0  0.04
1725  2686.0  0.04
1726  2686.0  0.04
1727  2686.0  0.04
1728  2686.0  0.04
1729  2686.0  0.04
1730  2686.0  0.04
1731  2686.0  0.04
1732  2686.0  0.04
1733  2686.0  0.04
1734  2686.0  0.04
1735  2686.0  0.04
1736  2686.0  0.04
1737  2686.0  0.04
1738  2686.0  0.04
1739  2686.0  0.04
1740  2686.0  0.04
1741  2686.0  0.04
1742  2686.0  0.04
1743  2686.0  0.04
1744  2686.0  0.04
1745  2686.0  0.04
1746  2686.0  0.04
1747  2686.0  0.04
1748  2686.0  0.04
1749  2686.0  0.04
1750  2686.0  0.04
1751  2686.0  0.04
1752  2686.0  0.04
1753  2686.0  0.04
1754  2686.0  0.04
1755  2686.0  0.04
1756  2686.0  0.04
1757  2686.0  0.04
1758  2686.0  0.04
1759  2686.0  0.04
1760  2686.0  0.04
1761  2686.0  0.04
1762  2686.0  0.04
1763  2686.0  0.04
1764  2686.0  0.04
1765  2686.0  0.04
1766  2686.0  0.04
1767  2686.0  0.04
1768  2686.0  0.04
1769  2686.0  0.04
1770  2686.0  0.04
1771  2686.0  0.04
1772  2686.0  0.04
1773  2686.0  0.04
1774  2686.0  0.04
1775  2686.0  0.04
1776  2686.0  0.04
1777  2686.0  0.04
1778  2686.0  0.04
1779  2686.0  0.04
1780  2686.0  0.04
1781  2686.0  0.04
1782  2686.0  0.04
1783  2686.0  0.04
1784  2686.0  0.04
1785  2686.0  0.04
1786  2686.0  0.04
1787  2686.0  0.04
1788  2686.0  0.04
1789  2686.0  0.04
1790  2686.0  0.04
1791  2686.0  0.04
1792  2686.0  0.04
1793  2686.0  0.04
1794  2686.0  0.04
1795  2686.0  0.04
1796  2686.0  0.04
1797  2686.0  0.04
1798  2686.0  0.04
1799  2686.0  0.04
1800  2686.0  0.04
1801  2686.0  0.04
1802  2686.0  0.04
1803  2686.0  0.04
1804  2686.0  0.04
1805  2686.0  0.04
1806  2686.0  0.04
1807  2686.0  0.04
1808  2686.0  0.04
1809  2686.0  0.04
1810  2686.0  0.04
1811  2686.0  0.04
1812  2686.0  0.04
1813  2686.0  0.04
1814  2686.0  0.04
1815  2686.0  0.04
1816  2686.0  0.04
1817  2686.0  0.04
1818  2686.0  0.04
1819  2686.0  0.04
1820  2686.0  0.04
1821  2686.0  0.04
1822  2686.0  0.04
1823  2686.0  0.04
1824  2686.0  0.04
1825  2686.0  0.04
1826  2686.0  0.04
1827  2686.0  0.04
1828  2686.0  0.04
1829  2686.0  0.04
1830  2686.0  0.04
1831  2686.0  0.04
1832  2686.0  0.04
1833  2686.0  0.04
1834  2686.0  0.04
1835  2686.0  0.04
1836  2686.0  0.04
1837  2686.0  0.04
1838  2686.0  0.04
1839  2686.0  0.04
1840  2686.0  0.04
1841  2686.0  0.04
1842  2686.0  0.04
1843  2686.0  0.04
1844  2686.0  0.04
1845  2686.0  0.04
1846  2686.0  0.04
1847  2686.0  0.04
1848  2686.0  0.04
1849  2686.0  0.04
1850  2686.0  0.04
1851  2686.0  0.04
1852  2686.0  0.04
1853  2686.0  0.04
1854  2686.0  0.04
1855  2686.0  0.04
1856  2686.0  0.04
1857  2686.0  0.04
1858  2686.0  0.04
1859  2686.0  0.04
1860  2686.0  0.04
1861  2686.0  0.04
1862  2686.0  0.04
1863  2686.0  0.04
1864  2686.0  0.04
1865  2686.0  0.04
1866  2686.0  0.04
1867  2686.0  0.04
1868  2686.0  0.04
1869  2686.0  0.04
1870  2686.0  0.04
1871  2686.0  0.04
1872  2686.0  0.04
1873  2686.0  0.04
1874  2686.0  0.04
1875  2686.0  0.04
1876  2686.0  0.04
1877  2686.0  0.04
1878  2686.0  0.04
1879  2686.0  0.04
1880  2686.0  0.04
1881  2686.0  0.04
1882  2686.0  0.04
1883  2686.0  0.04
1884  2686.0  0.04
1885  2686.0  0.04
1886  2686.0  0.04
1887  2686.0  0.04
1888  2686.0  0.04
1889  2686.0  0.04
1890  2686.0  0.04
1891  2686.0  0.04
1892  2686.0  0.04
1893  2686.0  0.04
1894  2686.0  0.04
1895  2686.0  0.04
1896  2686.0  0.04
1897  2686.0  0.04
1898  2686.0  0.04
1899  2686.0  0.04
1900  2686.0  0.04
1901  2686.0  0.04
1902  2686.0  0.04
1903  2686.0  0.04
1904  2686.0  0.04
1905  2686.0  0.04
1906  2686.0  0.04
1907  2686.0  0.04
1908  2686.0  0.04
1909  2686.0  0.04
1910  2686.0  0.04
1911  2686.0  0.04
1912  2686.0  0.04
1913  2686.0  0.04
1914  2686.0  0.04
1915  2686.0  0.04
1916  2686.0  0.04
1917  2686.0  0.04
1918  2686.0  0.04
1919  2686.0  0.04
1920  2686.0  0.04
1921  2686.0  0.04
1922  2686.0  0.04
1923  2686.0  0.04
1924  2686.0  0.04
1925  2686.0  0.04
1926  2686.0  0.04
1927  2686.0  0.04
1928  2686.0  0.04
1929  2686.0  0.04
1930  2686.0  0.04
1931  2686.0  0.04
1932  2686.0  0.04
1933  2686.0  0.04
1934  2686.0  0.04
1935  2686.0  0.04
1936  2686.0  0.04
1937  2686.0  0.04
1938  2686.0  0.04
1939  2686.0  0.04
1940  2686.0  0.04
1941  2686.0  0.04
1942  2686.0  0.04
1943  2686.0  0.04
1944  2686.0  0.04
1945  2686.0  0.04
1946  2686.0  0.04
1947  2686.0  0.04
1948  2686.0  0.04
1949  2686.0  0.04
1950  2686.0  0.04
1951  2686.0  0.04
1952  2686.0  0.04
1953  2686.0  0.04
1954  2686.0  0.04
1955  2686.0  0.04
1956  2686.0  0.04
1957  2686.0  0.04
1958  2686.0  0.04
1959  2686.0  0.04
1960  2686.0  0.04
1961  2686.0  0.04
1962  2686.0  0.04
1963  2686.0  0.04
1964  2686.0  0.04
1965  2686.0  0.04
1966  2686.0  0.04
1967  2686.0  0.04
1968  2686.0  0.04
1969  2686.0  0.04
1970  2686.0  0.04
1971  2686.0  0.04
1972  2686.0  0.04
1973  2686.0  0.04
1974  2686.0  0.04
1975  2686.0  0.04
1976  2686.0  0.04
1977  2686.0  0.04
1978  2686.0  0.04
1979  2686.0  0.04
1980  2686.0  0.04
1981  2686.0  0.04
1982  2686.0  0.04
1983  2686.0  0.04
1984  2686.0  0.04
1985  2686.0  0.04
1986  2686.0  0.04
1987  2686.0  0.04
1988  2686.0  0.04
1989  2686.0  0.04
1990  2686.0  0.04
1991  2686.0  0.04
1992  2686.0  0.04
1993  2686.0  0.04
1994  2686.0  0.04
1995  2686.0  0.04
1996  2686.0  0.04
1997  2686.0  0.04
1998  2686.0  0.04
1999  2686.0  0.04
2000  2686.0  0.04
2001  2686.0  0.04
2002  2686.0  0.04
2003  2686.0  0.04
2004  2686.0  0.04
2005  2686.0  0.04
2006  2686.0  0.04
2007  2686.0  0.04
2008  2686.0  0.04
2009  2686.0  0.04
2010  2686.0  0.04
2011  2686.0  0.04
2012  2686.0  0.04
2013  2686.0  0.04
2014  2686.0  0.04
2015  2686.0  0.04
2016  2686.0  0.04
2017  2686.0  0.04
2018  2686.0  0.04
2019  2686.0  0.04
2020  2686.0  0.04
2021  2686.0  0.04
2022  2686.0  0.04
2023  2686.0  0.04
2024  2686.0  0.04
2025  2686.0  0.04
2026  2686.0  0.04
2027  2686.0  0.04
2028  2686.0  0.04
2029  2686.0  0.04
2030  2686.0  0.04
2031  2686.0  0.04
2032  2686.0  0.04
2033  2686.0  0.04
2034  2686.0  0.04
2035  2686.0  0.04
2036  2686.0  0.04
2037  2686.0  0.04
2038  2686.0  0.04
2039  2686.0  0.04
2040  2686.0  0.04
2041  2686.0  0.04
2042  2686.0  0.04
2043  2686.0  0.04
2044  2686.0  0.04
2045  2686.0  0.04
2046  2686.0  0.04
2047  2686.0  0.04
2048  2686.0  0.04
2049  2686.0  0.04
2050  2686.0  0.04
2051  2686.0  0.04
2052  2695.0  0.0
2053  2695.0  0.0
2054  2695.0  0.0
2055  2695.0  0.0
2056  2695.0  0.0
2057  2695.0  0.0
2058  2695.0  0.0
2059  2695.0  0.0
2060  2695.0  0.0
2061  2695.0  0.0
2062  2695.0  0.0
2063  2695.0  0.0
2064  2695.0  0.0
2065  2695.0  0.0
2066  2695.0  0.0
2067  2695.0  0.0
2068  2695.0  0.0
2069  2695.0  0.0
2070  2695.0  0.0
2071  2695.0  0.0
2072  2695.0  0.0
2073  2695.0  0.0
2074  2695.0  0.0
2075  2695.0  0.0
2076  2695.0  0.0
2077  2695.0  0.0
2078  2695.0  0.0
2079  2695.0  0.0
2080  2695.0  0.0
2081  2695.0  0.0
2082  2695.0  0.0
2083  2695.0  0.0
2084  2695.0  0.0
2085  2695.0  0.0
2086  2695.0  0.0
2087  2695.0  0.0
2088  2695.0  0.0
2089  2695.0  0.0
2090  2695.0  0.0
2091  2695.0  0.0
2092  2695.0  0.0
2093  2695.0  0.0
2094  2695.0  0.0
2095  2695.0  0.0
2096  2695.0  0.0
2097  2695.0  0.0
2098  2695.0  0.0
2099  2695.0  0.0
2100  2695.0  0.0
2101  2695.0  0.0
2102  2695.0  0.0
2103  2695.0  0.0
2104  2695.0  0.0
2105  2695.0  0.0
2106  2695.0  0.0
2107  2695.0  0.0
2108  2695.0  0.0
2109  2695.0  0.0
2110  2695.0  0.0
2111  2695.0  0.0
2112  2695.0  0.0
2113  2695.0  0.0
2114  2695.0  0.0
2115  2695.0  0.0
2116  2695.0  0.0
2117  2695.0  0.0
2118  2695.0  0.0
2119  2695.0  0.0
2120  2695.0  0.0
2121  2695.0  0.0
2122  2695.0  0.0
2123  2695.0  0.0
2124  2695.0  0.0
2125  2695.0  0.0
2126  2695.0  0.0
2127  2695.0  0.0
2128  2695.0  0.0
2129  2695.0  0.0
2130  2695.0  0.0
2131  2695.0  0.0
2132  2695.0  0.0
2133  2695.0  0.0
2134  2695.0  0.0
2135  2695.0  0.0
2136  2695.0  0.0
2137  2695.0  0.0
2138  2695.0  0.0
2139  2695.0  0.0
2140  2695.0  0.0
2141  2695.0  0.0
2142  2695.0  0.0
2143  2695.0  0.0
2144  2695.0  0.0
2145  2695.0  0.0
2146  2695.0  0.0
2147  2695.0  0.0
2148  2695.0  0.0
2149  2695.0  0.0
2150  2695.0  0.0
2151  2695.0  0.0
2152  2695.0  0.0
2153  2695.0  0.0
2154  2695.0  0.0
2155  2695.0  0.0
2156  2695.0  0.0
2157  2695.0  0.0
2158  2695.0  0.0
2159  2695.0  0.0
2160  2695.0  0.0
2161  2695.0  0.0
2162  2695.0  0.0
2163  2695.0  0.0
2164  2695.0  0.0
2165  2695.0  0.0
2166  2695.0  0.0
2167  2695.0  0.0
2168  2695.0  0.0
2169  2695.0  0.0
2170  2695.0  0.0
2171  2695.0  0.0
2172  2695.0  0.0
2173  2695.0  0.0
2174  2695.0  0.0
2175  2695.0  0.0
2176  2695.0  0.0
2177  2695.0  0.0
2178  2695.0  0.0
2179  2695.0  0.0
2180  2695.0  0.0
2181  2695.0  0.0
2182  2695.0  0.0
2183  2695.0  0.0
2184  2695.0  0.0
2185  2695.0  0.0
2186  2695.0  0.0
2187  2695.0  0.0
2188  2695.0  0.0
2189  2695.0  0.0
2190  2695.0  0.0
2191  2695.0  0.0
2192  2695.0  0.0
2193  2695.0  0.0
2194  2695.0  0.0
2195  2695.0  0.0
2196  2695.0  0.0
2197  2695.0  0.0
2198  2695.0  0.0
2199  2695.0  0.0
2200  2695.0  0.0
2201  2695.0  0.0
2202  2695.0  0.0
2203  2695.0  0.0
2204  2695.0  0.0
2205  2695.0  0.0
2206  2695.0  0.0
2207  2695.0  0.0
2208  2695.0  0.0
2209  2695.0  0.0
2210  2695.0  0.0
2211  2695.0  0.0
2212  2695.0  0.0
2213  2695.0  0.0
2214  2695.0  0.0
2215  2695.0  0.0
2216  2695.0  0.0
2217  2695.0  0.0
2218  2695.0  0.0
2219  2695.0  0.0
2220  2695.0  0.0
2221  2695.0  0.0
2222  2695.0  0.0
2223  2695.0  0.0
2224  2695.0  0.0
2225  2695.0  0.0
2226  2695.0  0.0
2227  2695.0  0.0
2228  2695.0  0.0
2229  2695.0  0.0
2230  2695.0  0.0
2231  2695.0  0.0
2232  2695.0  0.0
2233  2695.0  0.0
2234  2695.0  0.0
2235  2695.0  0.0
2236  2695.0  0.0
2237  2695.0  0.0
2238  2695.0  0.0
2239  2695.0  0.0
2240  2695.0  0.0
2241  2695.0  0.0
2242  2695.0  0.0
2243  2695.0  0.0
2244  2695.0  0.0
2245  2695.0  0.0
2246  2695.0  0.0
2247  2695.0  0.0
2248  2695.0  0.0
2249  2695.0  0.0
2250  2695.0  0.0
2251  2695.0  0.0
2252  2695.0  0.0
2253  2695.0  0.0
2254  2695.0  0.0
2255  2695.0  0.0
2256  2695.0  0.0
2257  2695.0  0.0
2258  2695.0  0.0
2259  2695.0  0.0
2260  2695.0  0.0
2261  2695.0  0.0
2262  2695.0  0.0
2263  2695.0  0.0
2264  2695.0  0.0
2265  2695.0  0.0
2266  2695.0  0.0
2267  2695.0  0.0
2268  2695.0  0.0
2269  2695.0  0.0
2270  2695.0  0.0
2271  2695.0  0.0
2272  2695.0  0.0
2273  2695.0  0.0
2274  2695.0  0.0
2275  2695.0  0.0
2276  2695.0  0.0
2277  2695.0  0.0
2278  2695.0  0.0
2279  2695.0  0.0
2280  2695.0  0.0
2281  2695.0  0.0
2282  2695.0  0.0
2283  2695.0  0.0
2284  2695.0  0.0
2285  2695.0  0.0
2286  2695.0  0.0
2287  2695.0  0.0
2288  2695.0  0.0
2289  2695.0  0.0
2290  2695.0  0.0
2291  2695.0  0.0
2292  2695.0  0.0
2293  2695.0  0.0
2294  2695.0  0.0
2295  2695.0  0.0
2296  2695.0  0.0
2297  2695.0  0.0
2298  2695.0  0.0
2299  2695.0  0.0
2300  2695.0  0.0
2301  2695.0  0.0
2302  2695.0  0.0
2303  2695.0  0.0
2304  2695.0  0.0
2305  2695.0  0.0
2306  2695.0  0.0
2307  2695.0  0.0
2308  2695.0  0.0
2309  2695.0  0.0
2310  2695.0  0.0
2311  2695.0  0.0
2312  2695.0  0.0
2313  2695.0  0.0
2314  2695.0  0.0
2315  2695.0  0.0
2316  2695.0  0.0
2317  2695.0  0.0
2318  2695.0  0.0
2319  2695.0  0.0
2320  2695.0  0.0
2321  2695.0  0.0
2322  2695.0  0.0
2323  2695.0  0.0
2324  2695.0  0.0
2325  2695.0  0.0
2326  2695.0  0.0
2327  2695.0  0.0
2328  2695.0  0.0
2329  2695.0  0.0
2330  2695.0  0.0
2331  2695.0  0.0
2332  2695.0  0.0
2333  2695.0  0.0
2334  2695.0  0.0
2335  2695.0  0.0
2336  2695.0  0.0
2337  2695.0  0.0
2338  2695.0  0.0
2339  2695.0  0.0
2340  2695.0  0.0
2341  2695.0  0.0
2342  2695.0  0.0
2343  2695.0  0.0
2344  2695.0  0.0
2345  2695.0  0.0
2346  2695.0  0.0
2347  2695.0  0.0
2348  2695.0  0.0
2349  2695.0  0.0
2350  2695.0  0.0
2351  2695.0  0.0
2352  2695.0  0.0
2353  2695.0  0.0
2354  2695.0  0.0
2355  2695.0  0.0
2356  2695.0  0.0
2357  2695.0  0.0
2358  2695.0  0.0
2359  2695.0  0.0
2360  2695.0  0.0
2361  2695.0  0.0
2362  2695.0  0.0
2363  2695.0  0.0
2364  2695.0  0.0
2365  2695.0  0.0
2366  2695.0  0.0
2367  2695.0  0.0
2368  2695.0  0.0
2369  2695.0  0.0
2370  2695.0  0.0
2371  2695.0  0.0
2372  2695.0  0.0
2373  2695.0  0.0
2374  2695.0  0.0
2375  2695.0  0.0
2376  2695.0  0.0
2377  2695.0  0.0
2378  2695.0  0.0
2379  2695.0  0.0
2380  2695.0  0.0
2381  2695.0  0.0
2382  2695.0  0.0
2383  2695.0  0.0
2384  2695.0  0.0
2385  2695.0  0.0
2386  2695.0  0.0
2387  2695.0  0.0
2388  2695.0  0.0
2389  2695.0  0.0
2390  2695.0  0.0
2391  2695.0  0.0
2392  2695.0  0.0
2393  2695.0  0.0
2394  2695.0  0.0
2395  2695.0  0.0
2396  2695.0  0.0
2397  2695.0  0.0
2398  2695.0  0.0
2399  2695.0  0.0
2400  2695.0  0.0
2401  2695.0  0.0
2402  2695.0  0.0
2403  2695.0  0.0
2404  2695.0  0.0
2405  2695.0  0.0
2406  2695.0  0.0
2407  2695.0  0.0
2408  2695.0  0.0
2409  2695.0  0.0
2410  2695.0  0.0
2411  2695.0  0.0
2412  2695.0  0.0
2413  2695.0  0.0
2414  2695.0  0.0
2415  2695.0  0.0
2416  2695.0  0.0
2417  2695.0  0.0
2418  2695.0  0.0
2419  2695.0  0.0
2420  2695.0  0.0
2421  2695.0  0.0
2422  2695.0  0.0
2423  2695.0  0.0
2424  2695.0  0.0
2425  2695.0  0.0
2426  2695.0  0.0
2427  2695.0  0.0
2428  2695.0  0.0
2429  2695.0  0.0
2430  2695.0  0.0
2431  2695.0  0.0
2432  2695.0  0.0
2433  2695.0  0.0
2434  2695.0  0.0
2435  2695.0  0.0
2436  2695.0  0.0
2437  2695.0  0.0
2438  2695.0  0.0
2439  2695.0  0.0
2440  2695.0  0.0
2441  2695.0  0.0
2442  2695.0  0.0
2443  2695.0  0.0
2444  2695.0  0.0
2445  2695.0  0.0
2446  2695.0  0.0
2447  2695.0  0.0
2448  2695.0  0.0
2449  2695.0  0.0
2450  2695.0  0.0
2451  2695.0  0.0
2452  2695.0  0.0
2453  2695.0  0.0
2454  2695.0  0.0
2455  2695.0  0.0
2456  2695.0  0.0
2457  2695.0  0.0
2458  2695.0  0.0
2459  2695.0  0.0
2460  2695.0  0.0
2461  2695.0  0.0
2462  2695.0  0.0
2463  2695.0  0.0
2464  2695.0  0.0
2465  2695.0  0.0
2466  2695.0  0.0
2467  2695.0  0.0
2468  2695.0  0.0
2469  2695.0  0.0
2470  2695.0  0.0
2471  2695.0  0.0
2472  2695.0  0.0
2473  2695.0  0.0
2474  2695.0  0.0
2475  2695.0  0.0
2476  2695.0  0.0
2477  2695.0  0.0
2478  2695.0  0.0
2479  2695.0  0.0
2480  2695.0  0.0
2481  2695.0  0.0
2482  2695.0  0.0
2483  2695.0  0.0
2484  2695.0  0.0
2485  2695.0  0.0
2486  2695.0  0.0
2487  2695.0  0.0
2488  2695.0  0.0
2489  2695.0  0.0
2490  2695.0  0.0
2491  2695.0  0.0
2492  2695.0  0.0
2493  2695.0  0.0
2494  2695.0  0.0
2495  2695.0  0.0
2496  2695.0  0.0
2497  2695.0  0.0
2498  2695.0  0.0
2499  2695.0  0.0
2500  2695.0  0.0
2501  2695.0  0.0
2502  2695.0  0.0
2503  2695.0  0.0
2504  2695.0  0.0
2505  2695.0  0.0
2506  2695.0  0.0
2507  2695.0  0.0
2508  2695.0  0.0
2509  2695.0  0.0
2510  2695.0  0.0
2511  2695.0  0.0
2512  2695.0  0.0
2513  2695.0  0.0
2514  2695.0  0.0
2515  2695.0  0.0
2516  2695.0  0.0
2517  2695.0  0.0
2518  2695.0  0.0
2519  2695.0  0.0
2520  2695.0  0.0
2521  2695.0  0.0
2522  2695.0  0.0
2523  2695.0  0.0
2524  2695.0  0.0
2525  2695.0  0.0
2526  2695.0  0.0
2527  2695.0  0.0
2528  2695.0  0.0
2529  2695.0  0.0
2530  2695.0  0.0
2531  2695.0  0.0
2532  2695.0  0.0
2533  2695.0  0.0
2534  2695.0  0.0
2535  2695.0  0.0
2536  2695.0  0.0
2537  2695.0  0.0
2538  2695.0  0.0
2539  2695.0  0.0
2540  2695.0  0.0
2541  2695.0  0.0
2542  2695.0  0.0
2543  2695.0  0.0
2544  2695.0  0.0
2545  2695.0  0.0
2546  2695.0  0.0
2547  2695.0  0.0
2548  2695.0  0.0
2549  2695.0  0.0
2550  2695.0  0.0
2551  2695.0  0.0
2552  2695.0  0.0
2553  2695.0  0.0
2554  2695.0  0.0
2555  2695.0  0.0
2556  2695.0  0.0
2557  2695.0  0.0
2558  2695.0  0.0
2559  2695.0  0.0
2560  2695.0  0.0
2561  2695.0  0.0
2562  2695.0  0.0
2563  2695.0  0.0
2564  2695.0  0.0
2565  2695.0  0.0
2566  2695.0  0.0
2567  2695.0  0.0
2568  2695.0  0.0
2569  2695.0  0.0
2570  2695.0  0.0
2571  2695.0  0.0
2572  2695.0  0.0
2573  2695.0  0.0
2574  2695.0  0.0
2575  2695.0  0.0
2576  2695.0  0.0
2577  2695.0  0.0
2578  2695.0  0.0
2579  2695.0  0.0
2580  2695.0  0.0
2581  2695.0  0.0
2582  2695.0  0.0
2583  2695.0  0.0
2584  2695.0  0.0
2585  2695.0  0.0
2586  2695.0  0.0
2587  2695.0  0.0
2588  2695.0  0.0
2589  2695.0  0.0
2590  2695.0  0.0
2591  2695.0  0.0
2592  2695.0  0.0
2593  2695.0  0.0
2594  2695.0  0.0
2595  2695.0  0.0
2596  2695.0  0.0
2597  2695.0  0.0
2598  2695.0  0.0
2599  2695.0  0.0
2600  2695.0  0.0
2601  2695.0  0.0
2602  2695.0  0.0
2603  2695.0  0.0
2604  2695.0  0.0
2605  2695.0  0.0
2606  2695.0  0.0
2607  2695.0  0.0
2608  2695.0  0.0
2609  2695.0  0.0
2610  2695.0  0.0
2611  2695.0  0.0
2612  2695.0  0.0
2613  2695.0  0.0
2614  2695.0  0.0
2615  2695.0  0.0
2616  2695.0  0.0
2617  2695.0  0.0
2618  2695.0  0.0
2619  2695.0  0.0
2620  2695.0  0.0
2621  2695.0  0.0
2622  2695.0  0.0
2623  2695.0  0.0
2624  2695.0  0.0
2625  2695.0  0.0
2626  2695.0  0.0
2627  2695.0  0.0
2628  2695.0  0.0
2629  2695.0  0.0
2630  2695.0  0.0
2631  2695.0  0.0
2632  2695.0  0.0
2633  2695.0  0.0
2634  2695.0  0.0
2635  2695.0  0.0
2636  2695.0  0.0
2637  2695.0  0.0
2638  2695.0  0.0
2639  2695.0  0.0
2640  2695.0  0.0
2641  2695.0  0.0
2642  2695.0  0.0
2643  2695.0  0.0
2644  2695.0  0.0
2645  2695.0  0.0
2646  2695.0  0.0
2647  2695.0  0.0
2648  2695.0  0.0
2649  2695.0  0.0
2650  2695.0  0.0
2651  2695.0  0.0
2652  2695.0  0.0
2653  2695.0  0.0
2654  2695.0  0.0
2655  2695.0  0.0
2656  2695.0  0.0
2657  2695.0  0.0
2658  2695.0  0.0
2659  2695.0  0.0
2660  2695.0  0.0
2661  2695.0  0.0
2662  2695.0  0.0
2663  2695.0  0.0
2664  2695.0  0.0
2665  2695.0  0.0
2666  2695.0  0.0
2667  2695.0  0.0
2668  2695.0  0.0
2669  2695.0  0.0
2670  2695.0  0.0
2671  2695.0  0.0
2672  2695.0  0.0
2673  2695.0  0.0
2674  2695.0  0.0
2675  2695.0  0.0
2676  2695.0  0.0
2677  2695.0  0.0
2678  2695.0  0.0
2679  2695.0  0.0
2680  2695.0  0.0
2681  2695.0  0.0
2682  2695.0  0.0
2683  2695.0  0.0
2684  2695.0  0.0
2685  2695.0  0.0
2686  2695.0  0.0
2687  2695.0  0.0
2688  2695.0  0.0
2689  2695.0  0.0
2690  2695.0  0.0
2691  2695.0  0.0
2692  2695.0  0.0
2693  2695.0  0.0
2694  2695.0  0.0
2695  2695.0  0.0
2696  2695.0  0.0
2697  2695.0  0.0
2698  2695.0  0.0
2699  2695.0  0.0
2700  2695.0  0.0
2701  2697.0  0.03
2702  2697.0  0.03
2703  2697.0  0.03
2704  2697.0  0.03
2705  2697.0  0.03
2706  2697.0  0.03
2707  2697.0  0.03
2708  2697.0  0.03
2709  2697.0  0.03
2710  2697.0  0.03
2711  2697.0  0.03
2712  2697.0  0.03
2713  2697.0  0.03
2714  2697.0  0.03
2715  2697.0  0.03
2716  2697.0  0.03
2717  2697.0  0.03
2718  2697.0  0.03
2719  2697.0  0.03
2720  2697.0  0.03
2721  2697.0  0.03
2722  2697.0  0.03
2723  2697.0  0.03
2724  2697.0  0.03
2725  2697.0  0.03
2726  2697.0  0.03
2727  2697.0  0.03
2728  2697.0  0.03
2729  2697.0  0.03
2730  2697.0  0.03
2731  2697.0  0.03
2732  2697.0  0.03
2733  2697.0  0.03
2734  2697.0  0.03
2735  2697.0  0.03
2736  2697.0  0.03
2737  2697.0  0.03
2738  2697.0  0.03
2739  2697.0  0.03
2740  2697.0  0.03
2741  2697.0  0.03
2742  2697.0  0.03
2743  2697.0  0.03
2744  2697.0  0.03
2745  2697.0  0.03
2746  2697.0  0.03
2747  2697.0  0.03
2748  2697.0  0.03
2749  2697.0  0.03
2750  2697.0  0.03
2751  2697.0  0.03
2752  2697.0  0.03
2753  2697.0  0.03
2754  2697.0  0.03
2755  2697.0  0.03
2756  2697.0  0.03
2757  2697.0  0.03
2758  2697.0  0.03
2759  2697.0  0.03
2760  2697.0  0.03
2761  2697.0  0.03
2762  2697.0  0.03
2763  2697.0  0.03
2764  2697.0  0.03
2765  2697.0  0.03
2766  2697.0  0.03
2767  2697.0  0.03
2768  2697.0  0.03
2769  2697.0  0.03
2770  2697.0  0.03
2771  2697.0  0.03
2772  2697.0  0.03
2773  2697.0  0.03
2774  2697.0  0.03
2775  2697.0  0.03
2776  2697.0  0.03
2777  2697.0  0.03
2778  2697.0  0.03
2779  2697.0  0.03
2780  2697.0  0.03
2781  2697.0  0.03
2782  2697.0  0.03
2783  2697.0  0.03
2784  2697.0  0.03
2785  2697.0  0.03
2786  2697.0  0.03
2787  2697.0  0.03
2788  2697.0  0.03
2789  2697.0  0.03
2790  2697.0  0.03
2791  2697.0  0.03
2792  2697.0  0.03
2793  2697.0  0.03
2794  2697.0  0.03
2795  2697.0  0.03
2796  2697.0  0.03
2797  2697.0  0.03
2798  2697.0  0.03
2799  2697.0  0.03
2800  2697.0  0.03
2801  2697.0  0.03
2802  2697.0  0.03
2803  2697.0  0.03
2804  2697.0  0.03
2805  2697.0  0.03
2806  2697.0  0.03
2807  2697.0  0.03
2808  2697.0  0.03
2809  2697.0  0.03
2810  2697.0  0.03
2811  2697.0  0.03
2812  2697.0  0.03
2813  2697.0  0.03
2814  2697.0  0.03
2815  2697.0  0.03
2816  2697.0  0.03
2817  2697.0  0.03
2818  2697.0  0.03
2819  2697.0  0.03
2820  2697.0  0.03
2821  2697.0  0.03
2822  2697.0  0.03
2823  2697.0  0.03
2824  2697.0  0.03
2825  2697.0  0.03
2826  2697.0  0.03
2827  2697.0  0.03
2828  2697.0  0.03
2829  2697.0  0.03
2830  2697.0  0.03
2831  2697.0  0.03
2832  2697.0  0.03
2833  2697.0  0.03
2834  2697.0  0.03
2835  2697.0  0.03
2836  2697.0  0.03
2837  2697.0  0.03
2838  2697.0  0.03
2839  2697.0  0.03
2840  2697.0  0.03
2841  2697.0  0.03
2842  2697.0  0.03
2843  2697.0  0.03
2844  2697.0  0.03
2845  2697.0  0.03
2846  2697.0  0.03
2847  2697.0  0.03
2848  2697.0  0.03
2849  2697.0  0.03
2850  2697.0  0.03
2851  2697.0  0.03
2852  2697.0  0.03
2853  2697.0  0.03
2854  2697.0  0.03
2855  2697.0  0.03
2856  2697.0  0.03
2857  2697.0  0.03
2858  2697.0  0.03
2859  2697.0  0.03
2860  2697.0  0.03
2861  2697.0  0.03
2862  2697.0  0.03
2863  2697.0  0.03
2864  2697.0  0.03
2865  2697.0  0.03
2866  2697.0  0.03
2867  2697.0  0.03
2868  2697.0  0.03
2869  2697.0  0.03
2870  2697.0  0.03
2871  2697.0  0.03
2872  2697.0  0.03
2873  2697.0  0.03
2874  2697.0  0.03
2875  2697.0  0.03
2876  2697.0  0.03
2877  2697.0  0.03
2878  2697.0  0.03
2879  2697.0  0.03
2880  2697.0  0.03
2881  2697.0  0.03
2882  2697.0  0.03
2883  2697.0  0.03
2884  2697.0  0.03
2885  2697.0  0.03
2886  2697.0  0.03
2887  2697.0  0.03
2888  2697.0  0.03
2889  2697.0  0.03
2890  2697.0  0.03
2891  2697.0  0.03
2892  2697.0  0.03
2893  2697.0  0.03
2894  2697.0  0.03
2895  2697.0  0.03
2896  2697.0  0.03
2897  2697.0  0.03
2898  2697.0  0.03
2899  2697.0  0.03
2900  2697.0  0.03
2901  2697.0  0.03
2902  2697.0  0.03
2903  2697.0  0.03
2904  2697.0  0.03
2905  2697.0  0.03
2906  2697.0  0.03
2907  2697.0  0.03
2908  2697.0  0.03
2909  2697.0  0.03
2910  2697.0  0.03
2911  2697.0  0.03
2912  2697.0  0.03
2913  2697.0  0.03
2914  2697.0  0.03
2915  2697.0  0.03
2916  2697.0  0.03
2917  2697.0  0.03
2918  2697.0  0.03
2919  2697.0  0.03
2920  2697.0  0.03
2921  2697.0  0.03
2922  2697.0  0.03
2923  2697.0  0.03
2924  2697.0  0.03
2925  2697.0  0.03
2926  2697.0  0.03
2927  2697.0  0.03
2928  2697.0  0.03
2929  2697.0  0.03
2930  2697.0  0.03
2931  2697.0  0.03
2932  2697.0  0.03
2933  2697.0  0.03
2934  2697.0  0.03
2935  2697.0  0.03
2936  2697.0  0.03
2937  2697.0  0.03
2938  2697.0  0.03
2939  2697.0  0.03
2940  2697.0  0.03
2941  2697.0  0.03
2942  2697.0  0.03
2943  2697.0  0.03
2944  2697.0  0.03
2945  2697.0  0.03
2946  2697.0  0.03
2947  2697.0  0.03
2948  2697.0  0.03
2949  2697.0  0.03
2950  2697.0  0.03
2951  2697.0  0.03
2952  2697.0  0.03
2953  2697.0  0.03
2954  2697.0  0.03
2955  2697.0  0.03
2956  2697.0  0.03
2957  2697.0  0.03
2958  2697.0  0.03
2959  2697.0  0.03
2960  2697.0  0.03
2961  2697.0  0.03
2962  2697.0  0.03
2963  2697.0  0.03
2964  2697.0  0.03
2965  2697.0  0.03
2966  2697.0  0.03
2967  2697.0  0.03
2968  2697.0  0.03
2969  2697.0  0.03
2970  2697.0  0.03
2971  2697.0  0.03
2972  2697.0  0.03
2973  2697.0  0.03
2974  2697.0  0.03
2975  2697.0  0.03
2976  2697.0  0.03
2977  2697.0  0.03
2978  2697.0  0.03
2979  2697.0  0.03
2980  2697.0  0.03
2981  2697.0  0.03
2982  2697.0  0.03
2983  2697.0  0.03
2984  2697.0  0.03
2985  2697.0  0.03
2986  2697.0  0.03
2987  2697.0  0.03
2988  2697.0  0.03
2989  2697.0  0.03
2990  2697.0  0.03
2991  2697.0  0.03
2992  2697.0  0.03
2993  2697.0  0.03
2994  2697.0  0.03
2995  2697.0  0.03
2996  2697.0  0.03
2997  2697.0  0.03
2998  2697.0  0.03
2999  2697.0  0.03
#[-7, -1, 2, 5, 7, 9, 9, 9, 9, 9]
#[9, 9, 9, 9, 9, 9, 9, 9, 9, 9]
#[9, 9, 9, 9, 9, 9, 9, 9, 9, 9]
#[1, 9, 9, 9, 9, 9, 9, 9, 9, 9]
#[9, 9, 9, 9, 9, 9, 9, 9, 9, 9]
#[8, 9, 9, 9, 9, 9, 9, 9, 9, 9]
#[2, 9, 9, 9, 9, 9, 9, 9, 9, 9]
#[-6, 9, 9, 9, 9, 9, 9, 9, 9, 9]
#[9, 9, 9, 9, 9, 9, 9, 9, 9, 9]
#Specialization index= [1, 9, 0.12345679012345678]
