#[0, 4, 8, 2, 3, 1, 3, 2, 4, 9]
#[5, 6, 9, 7, 9, 9, 0, 9, 7, 8]
#[7, 3, 8, 8, 6, 8, 7, 8, 0, 0]
#[8, 0, 8, 4, 0, 9, 1, 9, 2, 9]
#[8, 8, 8, 8, 5, 9, 6, 6, 1, 7]
#[4, 7, 3, 9, 4, 9, 8, 3, 4, 8]
#[7, 3, 2, 3, 1, 8, 8, 8, 1, 1]
#[2, 5, 4, 1, 8, 8, 2, 2, 4, 5]
#[0, 9, 6, 1, 4, 6, 8, 4, 6, 9]
0  2145.25  0.08
1  2145.25  0.08
2  2163.25  0.15
3  2241.75  0.11
4  2311.25  0.07
5  2311.25  0.07
6  2440.25  0.08
7  2462.75  0.09
8  2462.75  0.09
9  2462.75  0.09
10  2462.75  0.09
11  2462.75  0.09
12  2462.75  0.09
13  2462.75  0.09
14  2462.75  0.09
15  2462.75  0.09
16  2462.75  0.09
17  2462.75  0.09
18  2462.75  0.09
19  2462.75  0.09
20  2462.75  0.09
21  2462.75  0.09
22  2462.75  0.09
23  2462.75  0.09
24  2462.75  0.09
25  2462.75  0.09
26  2462.75  0.09
27  2462.75  0.09
28  2462.75  0.09
29  2462.75  0.09
30  2462.75  0.09
31  2462.75  0.09
32  2462.75  0.09
33  2462.75  0.09
34  2462.75  0.09
35  2462.75  0.09
36  2462.75  0.09
37  2462.75  0.09
38  2462.75  0.09
39  2462.75  0.09
40  2462.75  0.09
41  2462.75  0.09
42  2509.5  0.09
43  2509.5  0.09
44  2509.5  0.09
45  2509.5  0.09
46  2509.5  0.09
47  2509.5  0.09
48  2509.5  0.09
49  2509.5  0.09
50  2509.5  0.09
51  2509.5  0.09
52  2509.5  0.09
53  2509.5  0.09
54  2509.5  0.09
55  2509.5  0.09
56  2509.5  0.09
57  2573.75  0.06
58  2573.75  0.06
59  2573.75  0.06
60  2573.75  0.06
61  2573.75  0.06
62  2573.75  0.06
63  2573.75  0.06
64  2573.75  0.06
65  2573.75  0.06
66  2573.75  0.06
67  2573.75  0.06
68  2573.75  0.06
69  2573.75  0.06
70  2573.75  0.06
71  2573.75  0.06
72  2573.75  0.06
73  2573.75  0.06
74  2573.75  0.06
75  2573.75  0.06
76  2573.75  0.06
77  2573.75  0.06
78  2573.75  0.06
79  2573.75  0.06
80  2573.75  0.06
81  2573.75  0.06
82  2573.75  0.06
83  2573.75  0.06
84  2573.75  0.06
85  2573.75  0.06
86  2573.75  0.06
87  2573.75  0.06
88  2573.75  0.06
89  2573.75  0.06
90  2573.75  0.06
91  2573.75  0.06
92  2573.75  0.06
93  2573.75  0.06
94  2573.75  0.06
95  2573.75  0.06
96  2573.75  0.06
97  2573.75  0.06
98  2573.75  0.06
99  2573.75  0.06
100  2573.75  0.06
101  2573.75  0.06
102  2573.75  0.06
103  2573.75  0.06
104  2573.75  0.06
105  2573.75  0.06
106  2573.75  0.06
107  2573.75  0.06
108  2573.75  0.06
109  2573.75  0.06
110  2573.75  0.06
111  2573.75  0.06
112  2573.75  0.06
113  2573.75  0.06
114  2573.75  0.06
115  2573.75  0.06
116  2573.75  0.06
117  2573.75  0.06
118  2573.75  0.06
119  2573.75  0.06
120  2573.75  0.06
121  2573.75  0.06
122  2573.75  0.06
123  2573.75  0.06
124  2573.75  0.06
125  2573.75  0.06
126  2573.75  0.06
127  2573.75  0.06
128  2573.75  0.06
129  2573.75  0.06
130  2573.75  0.06
131  2573.75  0.06
132  2573.75  0.06
133  2573.75  0.06
134  2573.75  0.06
135  2573.75  0.06
136  2573.75  0.06
137  2573.75  0.06
138  2573.75  0.06
139  2573.75  0.06
140  2573.75  0.06
141  2573.75  0.06
142  2573.75  0.06
143  2573.75  0.06
144  2573.75  0.06
145  2573.75  0.06
146  2573.75  0.06
147  2573.75  0.06
148  2573.75  0.06
149  2573.75  0.06
150  2573.75  0.06
151  2573.75  0.06
152  2573.75  0.06
153  2573.75  0.06
154  2573.75  0.06
155  2573.75  0.06
156  2573.75  0.06
157  2573.75  0.06
158  2573.75  0.06
159  2573.75  0.06
160  2573.75  0.06
161  2573.75  0.06
162  2573.75  0.06
163  2573.75  0.06
164  2573.75  0.06
165  2573.75  0.06
166  2573.75  0.06
167  2573.75  0.06
168  2573.75  0.06
169  2573.75  0.06
170  2573.75  0.06
171  2573.75  0.06
172  2573.75  0.06
173  2573.75  0.06
174  2573.75  0.06
175  2573.75  0.06
176  2573.75  0.06
177  2573.75  0.06
178  2573.75  0.06
179  2573.75  0.06
180  2573.75  0.06
181  2573.75  0.06
182  2573.75  0.06
183  2573.75  0.06
184  2573.75  0.06
185  2573.75  0.06
186  2573.75  0.06
187  2573.75  0.06
188  2573.75  0.06
189  2573.75  0.06
190  2573.75  0.06
191  2573.75  0.06
192  2573.75  0.06
193  2573.75  0.06
194  2573.75  0.06
195  2573.75  0.06
196  2573.75  0.06
197  2573.75  0.06
198  2573.75  0.06
199  2573.75  0.06
200  2573.75  0.06
201  2573.75  0.06
202  2573.75  0.06
203  2573.75  0.06
204  2573.75  0.06
205  2573.75  0.06
206  2573.75  0.06
207  2573.75  0.06
208  2573.75  0.06
209  2573.75  0.06
210  2573.75  0.06
211  2573.75  0.06
212  2573.75  0.06
213  2573.75  0.06
214  2573.75  0.06
215  2573.75  0.06
216  2573.75  0.06
217  2573.75  0.06
218  2573.75  0.06
219  2573.75  0.06
220  2573.75  0.06
221  2573.75  0.06
222  2573.75  0.06
223  2573.75  0.06
224  2573.75  0.06
225  2573.75  0.06
226  2573.75  0.06
227  2573.75  0.06
228  2573.75  0.06
229  2573.75  0.06
230  2573.75  0.06
231  2573.75  0.06
232  2573.75  0.06
233  2573.75  0.06
234  2573.75  0.06
235  2573.75  0.06
236  2573.75  0.06
237  2573.75  0.06
238  2573.75  0.06
239  2573.75  0.06
240  2573.75  0.06
241  2573.75  0.06
242  2573.75  0.06
243  2573.75  0.06
244  2573.75  0.06
245  2573.75  0.06
246  2573.75  0.06
247  2573.75  0.06
248  2573.75  0.06
249  2573.75  0.06
250  2573.75  0.06
251  2573.75  0.06
252  2573.75  0.06
253  2579.25  0.06
254  2579.25  0.06
255  2579.25  0.06
256  2579.25  0.06
257  2579.25  0.06
258  2579.25  0.06
259  2579.25  0.06
260  2579.25  0.06
261  2579.25  0.06
262  2579.25  0.06
263  2579.25  0.06
264  2595.75  0.04
265  2595.75  0.04
266  2595.75  0.04
267  2595.75  0.04
268  2595.75  0.04
269  2595.75  0.04
270  2595.75  0.04
271  2595.75  0.04
272  2595.75  0.04
273  2595.75  0.04
274  2595.75  0.04
275  2595.75  0.04
276  2595.75  0.04
277  2595.75  0.04
278  2595.75  0.04
279  2595.75  0.04
280  2595.75  0.04
281  2595.75  0.04
282  2703.0  0.02
283  2703.0  0.02
284  2703.0  0.02
285  2703.0  0.02
286  2703.0  0.02
287  2703.0  0.02
288  2703.0  0.02
289  2703.0  0.02
290  2703.0  0.02
291  2703.0  0.02
292  2703.0  0.02
293  2703.0  0.02
294  2703.0  0.02
295  2703.0  0.02
296  2703.0  0.02
297  2703.0  0.02
298  2703.0  0.02
299  2703.0  0.02
300  2703.0  0.02
301  2703.0  0.02
302  2703.0  0.02
303  2703.0  0.02
304  2703.0  0.02
305  2703.0  0.02
306  2703.0  0.02
307  2703.0  0.02
308  2703.0  0.02
309  2703.0  0.02
310  2703.0  0.02
311  2703.0  0.02
312  2703.0  0.02
313  2703.0  0.02
314  2703.0  0.02
315  2703.0  0.02
316  2703.0  0.02
317  2703.0  0.02
318  2703.0  0.02
319  2703.0  0.02
320  2703.0  0.02
321  2703.0  0.02
322  2703.0  0.02
323  2703.0  0.02
324  2703.0  0.02
325  2703.0  0.02
326  2703.0  0.02
327  2703.0  0.02
328  2703.0  0.02
329  2703.0  0.02
330  2703.0  0.02
331  2703.0  0.02
332  2703.0  0.02
333  2703.0  0.02
334  2703.0  0.02
335  2703.0  0.02
336  2703.0  0.02
337  2703.0  0.02
338  2703.0  0.02
339  2703.0  0.02
340  2703.0  0.02
341  2703.0  0.02
342  2703.0  0.02
343  2703.0  0.02
344  2703.0  0.02
345  2703.0  0.02
346  2703.0  0.02
347  2703.0  0.02
348  2703.0  0.02
349  2703.0  0.02
350  2703.0  0.02
351  2703.0  0.02
352  2703.0  0.02
353  2703.0  0.02
354  2703.0  0.02
355  2703.0  0.02
356  2703.0  0.02
357  2703.0  0.02
358  2703.0  0.02
359  2703.0  0.02
360  2703.0  0.02
361  2703.0  0.02
362  2703.0  0.02
363  2703.0  0.02
364  2703.0  0.02
365  2703.0  0.02
366  2703.0  0.02
367  2703.0  0.02
368  2703.0  0.02
369  2703.0  0.02
370  2703.0  0.02
371  2703.0  0.02
372  2703.0  0.02
373  2703.0  0.02
374  2703.0  0.02
375  2703.0  0.02
376  2703.0  0.02
377  2703.0  0.02
378  2703.0  0.02
379  2703.0  0.02
380  2703.0  0.02
381  2703.0  0.02
382  2703.0  0.02
383  2703.0  0.02
384  2703.0  0.02
385  2703.0  0.02
386  2703.0  0.02
387  2703.0  0.02
388  2703.0  0.02
389  2703.0  0.02
390  2703.0  0.02
391  2703.0  0.02
392  2703.0  0.02
393  2703.0  0.02
394  2703.0  0.02
395  2703.0  0.02
396  2703.0  0.02
397  2703.0  0.02
398  2703.0  0.02
399  2703.0  0.02
400  2703.0  0.02
401  2703.0  0.02
402  2703.0  0.02
403  2703.0  0.02
404  2703.0  0.02
405  2703.0  0.02
406  2703.0  0.02
407  2703.0  0.02
408  2703.0  0.02
409  2703.0  0.02
410  2703.0  0.02
411  2703.0  0.02
412  2703.0  0.02
413  2703.0  0.02
414  2703.0  0.02
415  2703.0  0.02
416  2703.0  0.02
417  2703.0  0.02
418  2703.0  0.02
419  2703.0  0.02
420  2703.0  0.02
421  2703.0  0.02
422  2703.0  0.02
423  2703.0  0.02
424  2703.0  0.02
425  2703.0  0.02
426  2703.0  0.02
427  2703.0  0.02
428  2703.0  0.02
429  2703.0  0.02
430  2703.0  0.02
431  2703.0  0.02
432  2703.0  0.02
433  2703.0  0.02
434  2703.0  0.02
435  2703.0  0.02
436  2703.0  0.02
437  2703.0  0.02
438  2703.0  0.02
439  2703.0  0.02
440  2703.0  0.02
441  2703.0  0.02
442  2703.0  0.02
443  2703.0  0.02
444  2703.0  0.02
445  2703.0  0.02
446  2703.0  0.02
447  2703.0  0.02
448  2703.0  0.02
449  2703.0  0.02
450  2703.0  0.02
451  2703.0  0.02
452  2703.0  0.02
453  2703.0  0.02
454  2703.0  0.02
455  2703.0  0.02
456  2703.0  0.02
457  2703.0  0.02
458  2703.0  0.02
459  2703.0  0.02
460  2703.0  0.02
461  2703.0  0.02
462  2703.0  0.02
463  2703.0  0.02
464  2703.0  0.02
465  2703.0  0.02
466  2703.0  0.02
467  2703.0  0.02
468  2703.0  0.02
469  2703.0  0.02
470  2703.0  0.02
471  2703.0  0.02
472  2703.0  0.02
473  2703.0  0.02
474  2703.0  0.02
475  2703.0  0.02
476  2703.0  0.02
477  2703.0  0.02
478  2703.0  0.02
479  2703.0  0.02
480  2703.0  0.02
481  2703.0  0.02
482  2703.0  0.02
483  2703.0  0.02
484  2703.0  0.02
485  2703.0  0.02
486  2703.0  0.02
487  2703.0  0.02
488  2703.0  0.02
489  2703.0  0.02
490  2703.0  0.02
491  2703.0  0.02
492  2703.0  0.02
493  2703.0  0.02
494  2703.0  0.02
495  2703.0  0.02
496  2703.0  0.02
497  2703.0  0.02
498  2703.0  0.02
499  2703.0  0.02
500  2703.0  0.02
501  2703.0  0.02
502  2703.0  0.02
503  2703.0  0.02
504  2703.0  0.02
505  2703.0  0.02
506  2703.0  0.02
507  2703.0  0.02
508  2703.0  0.02
509  2703.0  0.02
510  2703.0  0.02
511  2703.0  0.02
512  2703.0  0.02
513  2703.0  0.02
514  2703.0  0.02
515  2703.0  0.02
516  2703.0  0.02
517  2703.0  0.02
518  2703.0  0.02
519  2703.0  0.02
520  2703.0  0.02
521  2703.0  0.02
522  2703.0  0.02
523  2703.0  0.02
524  2703.0  0.02
525  2703.0  0.02
526  2703.0  0.02
527  2703.0  0.02
528  2703.0  0.02
529  2703.0  0.02
530  2703.0  0.02
531  2703.0  0.02
532  2703.0  0.02
533  2703.0  0.02
534  2703.0  0.02
535  2703.0  0.02
536  2703.0  0.02
537  2703.0  0.02
538  2703.0  0.02
539  2703.0  0.02
540  2703.0  0.02
541  2703.0  0.02
542  2703.0  0.02
543  2703.0  0.02
544  2703.0  0.02
545  2703.0  0.02
546  2703.0  0.02
547  2703.0  0.02
548  2703.0  0.02
549  2703.0  0.02
550  2703.0  0.02
551  2703.0  0.02
552  2703.0  0.02
553  2703.0  0.02
554  2703.0  0.02
555  2703.0  0.02
556  2703.0  0.02
557  2703.0  0.02
558  2703.0  0.02
559  2703.0  0.02
560  2703.0  0.02
561  2703.0  0.02
562  2703.0  0.02
563  2703.0  0.02
564  2703.0  0.02
565  2703.0  0.02
566  2703.0  0.02
567  2703.0  0.02
568  2703.0  0.02
569  2703.0  0.02
570  2703.0  0.02
571  2703.0  0.02
572  2703.0  0.02
573  2703.0  0.02
574  2703.0  0.02
575  2703.0  0.02
576  2703.0  0.02
577  2703.0  0.02
578  2703.0  0.02
579  2703.0  0.02
580  2703.0  0.02
581  2703.0  0.02
582  2703.0  0.02
583  2703.0  0.02
584  2703.0  0.02
585  2703.0  0.02
586  2703.0  0.02
587  2703.0  0.02
588  2703.0  0.02
589  2703.0  0.02
590  2703.0  0.02
591  2703.0  0.02
592  2703.0  0.02
593  2703.0  0.02
594  2703.0  0.02
595  2703.0  0.02
596  2703.0  0.02
597  2703.0  0.02
598  2703.0  0.02
599  2703.0  0.02
600  2703.0  0.02
601  2703.0  0.02
602  2703.0  0.02
603  2703.0  0.02
604  2703.0  0.02
605  2703.0  0.02
606  2703.0  0.02
607  2703.0  0.02
608  2703.0  0.02
609  2703.0  0.02
610  2703.0  0.02
611  2703.0  0.02
612  2703.0  0.02
613  2703.0  0.02
614  2703.0  0.02
615  2703.0  0.02
616  2703.0  0.02
617  2703.0  0.02
618  2703.0  0.02
619  2703.0  0.02
620  2703.0  0.02
621  2703.0  0.02
622  2703.0  0.02
623  2703.0  0.02
624  2703.0  0.02
625  2703.0  0.02
626  2703.0  0.02
627  2703.0  0.02
628  2703.0  0.02
629  2703.0  0.02
630  2703.0  0.02
631  2703.0  0.02
632  2703.0  0.02
633  2703.0  0.02
634  2703.0  0.02
635  2703.0  0.02
636  2703.0  0.02
637  2703.0  0.02
638  2703.0  0.02
639  2703.0  0.02
640  2703.0  0.02
641  2703.0  0.02
642  2703.0  0.02
643  2703.0  0.02
644  2703.0  0.02
645  2703.0  0.02
646  2703.0  0.02
647  2703.0  0.02
648  2703.0  0.02
649  2703.0  0.02
650  2703.0  0.02
651  2703.0  0.02
652  2703.0  0.02
653  2703.0  0.02
654  2703.0  0.02
655  2703.0  0.02
656  2703.0  0.02
657  2703.0  0.02
658  2703.0  0.02
659  2703.0  0.02
660  2703.0  0.02
661  2703.0  0.02
662  2703.0  0.02
663  2703.0  0.02
664  2703.0  0.02
665  2703.0  0.02
666  2703.0  0.02
667  2703.0  0.02
668  2703.0  0.02
669  2703.0  0.02
670  2703.0  0.02
671  2703.0  0.02
672  2703.0  0.02
673  2703.0  0.02
674  2703.0  0.02
675  2703.0  0.02
676  2703.0  0.02
677  2703.0  0.02
678  2703.0  0.02
679  2703.0  0.02
680  2703.0  0.02
681  2703.0  0.02
682  2703.0  0.02
683  2703.0  0.02
684  2703.0  0.02
685  2703.0  0.02
686  2703.0  0.02
687  2703.0  0.02
688  2703.0  0.02
689  2703.0  0.02
690  2703.0  0.02
691  2703.0  0.02
692  2703.0  0.02
693  2703.0  0.02
694  2703.0  0.02
695  2703.0  0.02
696  2703.0  0.02
697  2703.0  0.02
698  2703.0  0.02
699  2703.0  0.02
700  2703.0  0.02
701  2703.0  0.02
702  2703.0  0.02
703  2703.0  0.02
704  2703.0  0.02
705  2703.0  0.02
706  2703.0  0.02
707  2703.0  0.02
708  2703.0  0.02
709  2703.0  0.02
710  2703.0  0.02
711  2703.0  0.02
712  2703.0  0.02
713  2703.0  0.02
714  2703.0  0.02
715  2703.0  0.02
716  2703.0  0.02
717  2703.0  0.02
718  2703.0  0.02
719  2703.0  0.02
720  2703.0  0.02
721  2703.0  0.02
722  2703.0  0.02
723  2703.0  0.02
724  2703.0  0.02
725  2703.0  0.02
726  2703.0  0.02
727  2703.0  0.02
728  2703.0  0.02
729  2703.0  0.02
730  2703.0  0.02
731  2703.0  0.02
732  2703.0  0.02
733  2703.0  0.02
734  2703.0  0.02
735  2703.0  0.02
736  2703.0  0.02
737  2703.0  0.02
738  2703.0  0.02
739  2703.0  0.02
740  2703.0  0.02
741  2703.0  0.02
742  2703.0  0.02
743  2703.0  0.02
744  2703.0  0.02
745  2703.0  0.02
746  2703.0  0.02
747  2703.0  0.02
748  2703.0  0.02
749  2703.0  0.02
750  2703.0  0.02
751  2703.0  0.02
752  2703.0  0.02
753  2703.0  0.02
754  2703.0  0.02
755  2703.0  0.02
756  2703.0  0.02
757  2703.0  0.02
758  2703.0  0.02
759  2703.0  0.02
760  2703.0  0.02
761  2703.0  0.02
762  2703.0  0.02
763  2703.0  0.02
764  2703.0  0.02
765  2703.0  0.02
766  2703.0  0.02
767  2703.0  0.02
768  2703.0  0.02
769  2703.0  0.02
770  2703.0  0.02
771  2703.0  0.02
772  2703.0  0.02
773  2703.0  0.02
774  2703.0  0.02
775  2703.0  0.02
776  2703.0  0.02
777  2703.0  0.02
778  2703.0  0.02
779  2703.0  0.02
780  2703.0  0.02
781  2703.0  0.02
782  2703.0  0.02
783  2703.0  0.02
784  2703.0  0.02
785  2703.0  0.02
786  2703.0  0.02
787  2703.0  0.02
788  2703.0  0.02
789  2703.0  0.02
790  2703.0  0.02
791  2703.0  0.02
792  2703.0  0.02
793  2703.0  0.02
794  2703.0  0.02
795  2703.0  0.02
796  2703.0  0.02
797  2703.0  0.02
798  2703.0  0.02
799  2703.0  0.02
800  2703.0  0.02
801  2703.0  0.02
802  2703.0  0.02
803  2703.0  0.02
804  2703.0  0.02
805  2703.0  0.02
806  2703.0  0.02
807  2703.0  0.02
808  2703.0  0.02
809  2703.0  0.02
810  2703.0  0.02
811  2703.0  0.02
812  2703.0  0.02
813  2703.0  0.02
814  2703.0  0.02
815  2703.0  0.02
816  2703.0  0.02
817  2703.0  0.02
818  2703.0  0.02
819  2703.0  0.02
820  2703.0  0.02
821  2703.0  0.02
822  2703.0  0.02
823  2703.0  0.02
824  2703.0  0.02
825  2703.0  0.02
826  2703.0  0.02
827  2703.0  0.02
828  2703.0  0.02
829  2703.0  0.02
830  2703.0  0.02
831  2703.0  0.02
832  2703.0  0.02
833  2703.0  0.02
834  2703.0  0.02
835  2703.0  0.02
836  2703.0  0.02
837  2703.0  0.02
838  2703.0  0.02
839  2703.0  0.02
840  2703.0  0.02
841  2703.0  0.02
842  2703.0  0.02
843  2703.0  0.02
844  2703.0  0.02
845  2703.0  0.02
846  2703.0  0.02
847  2703.0  0.02
848  2703.0  0.02
849  2703.0  0.02
850  2703.0  0.02
851  2703.0  0.02
852  2703.0  0.02
853  2703.0  0.02
854  2703.0  0.02
855  2703.0  0.02
856  2703.0  0.02
857  2703.0  0.02
858  2703.0  0.02
859  2703.0  0.02
860  2703.0  0.02
861  2703.0  0.02
862  2703.0  0.02
863  2703.0  0.02
864  2703.0  0.02
865  2703.0  0.02
866  2703.0  0.02
867  2703.0  0.02
868  2703.0  0.02
869  2703.0  0.02
870  2703.0  0.02
871  2703.0  0.02
872  2703.0  0.02
873  2703.0  0.02
874  2703.0  0.02
875  2703.0  0.02
876  2703.0  0.02
877  2703.0  0.02
878  2703.0  0.02
879  2703.0  0.02
880  2703.0  0.02
881  2703.0  0.02
882  2703.0  0.02
883  2703.0  0.02
884  2703.0  0.02
885  2703.0  0.02
886  2703.0  0.02
887  2703.0  0.02
888  2703.0  0.02
889  2703.0  0.02
890  2703.0  0.02
891  2703.0  0.02
892  2703.0  0.02
893  2703.0  0.02
894  2703.0  0.02
895  2703.0  0.02
896  2703.0  0.02
897  2703.0  0.02
898  2703.0  0.02
899  2703.0  0.02
900  2703.0  0.02
901  2703.0  0.02
902  2703.0  0.02
903  2703.0  0.02
904  2703.0  0.02
905  2703.0  0.02
906  2703.0  0.02
907  2703.0  0.02
908  2703.0  0.02
909  2703.0  0.02
910  2703.0  0.02
911  2703.0  0.02
912  2703.0  0.02
913  2703.0  0.02
914  2703.0  0.02
915  2703.0  0.02
916  2703.0  0.02
917  2703.0  0.02
918  2703.0  0.02
919  2703.0  0.02
920  2703.0  0.02
921  2703.0  0.02
922  2703.0  0.02
923  2703.0  0.02
924  2703.0  0.02
925  2703.0  0.02
926  2703.0  0.02
927  2703.0  0.02
928  2703.0  0.02
929  2703.0  0.02
930  2703.0  0.02
931  2703.0  0.02
932  2703.0  0.02
933  2703.0  0.02
934  2703.0  0.02
935  2703.0  0.02
936  2703.0  0.02
937  2703.0  0.02
938  2703.0  0.02
939  2703.0  0.02
940  2703.0  0.02
941  2703.0  0.02
942  2703.0  0.02
943  2703.0  0.02
944  2703.0  0.02
945  2703.0  0.02
946  2703.0  0.02
947  2703.0  0.02
948  2703.0  0.02
949  2703.0  0.02
950  2703.0  0.02
951  2703.0  0.02
952  2703.0  0.02
953  2703.0  0.02
954  2703.0  0.02
955  2703.0  0.02
956  2703.0  0.02
957  2703.0  0.02
958  2703.0  0.02
959  2703.0  0.02
960  2703.0  0.02
961  2703.0  0.02
962  2703.0  0.02
963  2703.0  0.02
964  2703.0  0.02
965  2703.0  0.02
966  2703.0  0.02
967  2703.0  0.02
968  2703.0  0.02
969  2703.0  0.02
970  2703.0  0.02
971  2703.0  0.02
972  2703.0  0.02
973  2703.0  0.02
974  2703.0  0.02
975  2703.0  0.02
976  2703.0  0.02
977  2703.0  0.02
978  2703.0  0.02
979  2703.0  0.02
980  2703.0  0.02
981  2703.0  0.02
982  2703.0  0.02
983  2703.0  0.02
984  2703.0  0.02
985  2703.0  0.02
986  2703.0  0.02
987  2703.0  0.02
988  2703.0  0.02
989  2703.0  0.02
990  2703.0  0.02
991  2703.0  0.02
992  2703.0  0.02
993  2703.0  0.02
994  2703.0  0.02
995  2703.0  0.02
996  2703.0  0.02
997  2703.0  0.02
998  2703.0  0.02
999  2703.0  0.02
1000  2703.0  0.02
1001  2703.0  0.02
1002  2703.0  0.02
1003  2703.0  0.02
1004  2703.0  0.02
1005  2703.0  0.02
1006  2703.0  0.02
1007  2703.0  0.02
1008  2703.0  0.02
1009  2703.0  0.02
1010  2703.0  0.02
1011  2703.0  0.02
1012  2703.0  0.02
1013  2703.0  0.02
1014  2703.0  0.02
1015  2703.0  0.02
1016  2703.0  0.02
1017  2703.0  0.02
1018  2703.0  0.02
1019  2703.0  0.02
1020  2703.0  0.02
1021  2703.0  0.02
1022  2703.0  0.02
1023  2703.0  0.02
1024  2703.0  0.02
1025  2703.0  0.02
1026  2703.0  0.02
1027  2703.0  0.02
1028  2703.0  0.02
1029  2703.0  0.02
1030  2703.0  0.02
1031  2703.0  0.02
1032  2703.0  0.02
1033  2703.0  0.02
1034  2703.0  0.02
1035  2703.0  0.02
1036  2703.0  0.02
1037  2703.0  0.02
1038  2703.0  0.02
1039  2703.0  0.02
1040  2703.0  0.02
1041  2703.0  0.02
1042  2703.0  0.02
1043  2703.0  0.02
1044  2703.0  0.02
1045  2703.0  0.02
1046  2703.0  0.02
1047  2703.0  0.02
1048  2703.0  0.02
1049  2703.0  0.02
1050  2703.0  0.02
1051  2703.0  0.02
1052  2703.0  0.02
1053  2703.0  0.02
1054  2703.0  0.02
1055  2703.0  0.02
1056  2703.0  0.02
1057  2703.0  0.02
1058  2703.0  0.02
1059  2703.0  0.02
1060  2703.0  0.02
1061  2703.0  0.02
1062  2703.0  0.02
1063  2703.0  0.02
1064  2703.0  0.02
1065  2703.0  0.02
1066  2703.0  0.02
1067  2703.0  0.02
1068  2703.0  0.02
1069  2703.0  0.02
1070  2703.0  0.02
1071  2703.0  0.02
1072  2703.0  0.02
1073  2703.0  0.02
1074  2703.0  0.02
1075  2703.0  0.02
1076  2703.0  0.02
1077  2703.0  0.02
1078  2703.0  0.02
1079  2703.0  0.02
1080  2703.0  0.02
1081  2703.0  0.02
1082  2703.0  0.02
1083  2703.0  0.02
1084  2703.0  0.02
1085  2703.0  0.02
1086  2703.0  0.02
1087  2703.0  0.02
1088  2703.0  0.02
1089  2703.0  0.02
1090  2703.0  0.02
1091  2703.0  0.02
1092  2703.0  0.02
1093  2703.0  0.02
1094  2703.0  0.02
1095  2703.0  0.02
1096  2703.0  0.02
1097  2703.0  0.02
1098  2703.0  0.02
1099  2703.0  0.02
1100  2703.0  0.02
1101  2703.0  0.02
1102  2703.0  0.02
1103  2703.0  0.02
1104  2703.0  0.02
1105  2703.0  0.02
1106  2703.0  0.02
1107  2703.0  0.02
1108  2703.0  0.02
1109  2703.0  0.02
1110  2703.0  0.02
1111  2703.0  0.02
1112  2703.0  0.02
1113  2703.0  0.02
1114  2703.0  0.02
1115  2703.0  0.02
1116  2703.0  0.02
1117  2703.0  0.02
1118  2703.0  0.02
1119  2703.0  0.02
1120  2703.0  0.02
1121  2703.0  0.02
1122  2703.0  0.02
1123  2703.0  0.02
1124  2703.0  0.02
1125  2703.0  0.02
1126  2703.0  0.02
1127  2703.0  0.02
1128  2703.0  0.02
1129  2703.0  0.02
1130  2703.0  0.02
1131  2703.0  0.02
1132  2703.0  0.02
1133  2703.0  0.02
1134  2703.0  0.02
1135  2703.0  0.02
1136  2703.0  0.02
1137  2703.0  0.02
1138  2703.0  0.02
1139  2703.0  0.02
1140  2703.0  0.02
1141  2703.0  0.02
1142  2703.0  0.02
1143  2703.0  0.02
1144  2703.0  0.02
1145  2703.0  0.02
1146  2703.0  0.02
1147  2703.0  0.02
1148  2703.0  0.02
1149  2703.0  0.02
1150  2703.0  0.02
1151  2703.0  0.02
1152  2703.0  0.02
1153  2703.0  0.02
1154  2703.0  0.02
1155  2703.0  0.02
1156  2703.0  0.02
1157  2703.0  0.02
1158  2703.0  0.02
1159  2703.0  0.02
1160  2703.0  0.02
1161  2703.0  0.02
1162  2703.0  0.02
1163  2703.0  0.02
1164  2703.0  0.02
1165  2703.0  0.02
1166  2703.0  0.02
1167  2703.0  0.02
1168  2703.0  0.02
1169  2703.0  0.02
1170  2703.0  0.02
1171  2703.0  0.02
1172  2703.0  0.02
1173  2703.0  0.02
1174  2703.0  0.02
1175  2703.0  0.02
1176  2703.0  0.02
1177  2703.0  0.02
1178  2703.0  0.02
1179  2703.0  0.02
1180  2703.0  0.02
1181  2703.0  0.02
1182  2703.0  0.02
1183  2703.0  0.02
1184  2703.0  0.02
1185  2703.0  0.02
1186  2703.0  0.02
1187  2703.0  0.02
1188  2703.0  0.02
1189  2703.0  0.02
1190  2703.0  0.02
1191  2703.0  0.02
1192  2703.0  0.02
1193  2703.0  0.02
1194  2703.0  0.02
1195  2703.0  0.02
1196  2703.0  0.02
1197  2703.0  0.02
1198  2703.0  0.02
1199  2703.0  0.02
1200  2703.0  0.02
1201  2703.0  0.02
1202  2703.0  0.02
1203  2703.0  0.02
1204  2703.0  0.02
1205  2703.0  0.02
1206  2703.0  0.02
1207  2703.0  0.02
1208  2703.0  0.02
1209  2703.0  0.02
1210  2703.0  0.02
1211  2703.0  0.02
1212  2703.0  0.02
1213  2703.0  0.02
1214  2703.0  0.02
1215  2703.0  0.02
1216  2703.0  0.02
1217  2703.0  0.02
1218  2703.0  0.02
1219  2703.0  0.02
1220  2703.0  0.02
1221  2703.0  0.02
1222  2703.0  0.02
1223  2703.0  0.02
1224  2703.0  0.02
1225  2703.0  0.02
1226  2703.0  0.02
1227  2703.0  0.02
1228  2703.0  0.02
1229  2703.0  0.02
1230  2703.0  0.02
1231  2703.0  0.02
1232  2703.0  0.02
1233  2703.0  0.02
1234  2703.0  0.02
1235  2703.0  0.02
1236  2703.0  0.02
1237  2703.0  0.02
1238  2703.0  0.02
1239  2703.0  0.02
1240  2703.0  0.02
1241  2703.0  0.02
1242  2703.0  0.02
1243  2703.0  0.02
1244  2703.0  0.02
1245  2703.0  0.02
1246  2703.0  0.02
1247  2703.0  0.02
1248  2703.0  0.02
1249  2703.0  0.02
1250  2703.0  0.02
1251  2703.0  0.02
1252  2703.0  0.02
1253  2703.0  0.02
1254  2703.0  0.02
1255  2703.0  0.02
1256  2703.0  0.02
1257  2703.0  0.02
1258  2703.0  0.02
1259  2703.0  0.02
1260  2703.0  0.02
1261  2703.0  0.02
1262  2703.0  0.02
1263  2703.0  0.02
1264  2703.0  0.02
1265  2703.0  0.02
1266  2703.0  0.02
1267  2703.0  0.02
1268  2703.0  0.02
1269  2703.0  0.02
1270  2703.0  0.02
1271  2703.0  0.02
1272  2703.0  0.02
1273  2703.0  0.02
1274  2703.0  0.02
1275  2703.0  0.02
1276  2703.0  0.02
1277  2703.0  0.02
1278  2703.0  0.02
1279  2703.0  0.02
1280  2703.0  0.02
1281  2703.0  0.02
1282  2703.0  0.02
1283  2703.0  0.02
1284  2703.0  0.02
1285  2703.0  0.02
1286  2703.0  0.02
1287  2703.0  0.02
1288  2703.0  0.02
1289  2703.0  0.02
1290  2703.0  0.02
1291  2703.0  0.02
1292  2703.0  0.02
1293  2703.0  0.02
1294  2703.0  0.02
1295  2703.0  0.02
1296  2703.0  0.02
1297  2703.0  0.02
1298  2703.0  0.02
1299  2703.0  0.02
1300  2703.0  0.02
1301  2703.0  0.02
1302  2703.0  0.02
1303  2703.0  0.02
1304  2703.0  0.02
1305  2703.0  0.02
1306  2703.0  0.02
1307  2703.0  0.02
1308  2703.0  0.02
1309  2703.0  0.02
1310  2703.0  0.02
1311  2703.0  0.02
1312  2703.0  0.02
1313  2703.0  0.02
1314  2703.0  0.02
1315  2703.0  0.02
1316  2703.0  0.02
1317  2703.0  0.02
1318  2703.0  0.02
1319  2703.0  0.02
1320  2703.0  0.02
1321  2703.0  0.02
1322  2703.0  0.02
1323  2703.0  0.02
1324  2703.0  0.02
1325  2703.0  0.02
1326  2703.0  0.02
1327  2703.0  0.02
1328  2703.0  0.02
1329  2703.0  0.02
1330  2703.0  0.02
1331  2703.0  0.02
1332  2703.0  0.02
1333  2703.0  0.02
1334  2703.0  0.02
1335  2703.0  0.02
1336  2703.0  0.02
1337  2703.0  0.02
1338  2703.0  0.02
1339  2703.0  0.02
1340  2703.0  0.02
1341  2703.0  0.02
1342  2703.0  0.02
1343  2703.0  0.02
1344  2703.0  0.02
1345  2703.0  0.02
1346  2703.0  0.02
1347  2703.0  0.02
1348  2703.0  0.02
1349  2703.0  0.02
1350  2703.0  0.02
1351  2703.0  0.02
1352  2703.0  0.02
1353  2703.0  0.02
1354  2703.0  0.02
1355  2703.0  0.02
1356  2703.0  0.02
1357  2703.0  0.02
1358  2703.0  0.02
1359  2703.0  0.02
1360  2703.0  0.02
1361  2703.0  0.02
1362  2703.0  0.02
1363  2703.0  0.02
1364  2703.0  0.02
1365  2703.0  0.02
1366  2703.0  0.02
1367  2703.0  0.02
1368  2703.0  0.02
1369  2703.0  0.02
1370  2703.0  0.02
1371  2703.0  0.02
1372  2703.0  0.02
1373  2703.0  0.02
1374  2703.0  0.02
1375  2703.0  0.02
1376  2703.0  0.02
1377  2703.0  0.02
1378  2703.0  0.02
1379  2703.0  0.02
1380  2703.0  0.02
1381  2703.0  0.02
1382  2703.0  0.02
1383  2703.0  0.02
1384  2703.0  0.02
1385  2703.0  0.02
1386  2703.0  0.02
1387  2703.0  0.02
1388  2703.0  0.02
1389  2703.0  0.02
1390  2703.0  0.02
1391  2703.0  0.02
1392  2703.0  0.02
1393  2703.0  0.02
1394  2703.0  0.02
1395  2703.0  0.02
1396  2703.0  0.02
1397  2703.0  0.02
1398  2703.0  0.02
1399  2703.0  0.02
1400  2703.0  0.02
1401  2703.0  0.02
1402  2703.0  0.02
1403  2703.0  0.02
1404  2703.0  0.02
1405  2703.0  0.02
1406  2703.0  0.02
1407  2703.0  0.02
1408  2703.0  0.02
1409  2703.0  0.02
1410  2703.0  0.02
1411  2703.0  0.02
1412  2703.0  0.02
1413  2703.0  0.02
1414  2703.0  0.02
1415  2703.0  0.02
1416  2703.0  0.02
1417  2703.0  0.02
1418  2703.0  0.02
1419  2703.0  0.02
1420  2703.0  0.02
1421  2703.0  0.02
1422  2703.0  0.02
1423  2703.0  0.02
1424  2703.0  0.02
1425  2703.0  0.02
1426  2703.0  0.02
1427  2703.0  0.02
1428  2703.0  0.02
1429  2703.0  0.02
1430  2703.0  0.02
1431  2703.0  0.02
1432  2703.0  0.02
1433  2703.0  0.02
1434  2703.0  0.02
1435  2703.0  0.02
1436  2703.0  0.02
1437  2703.0  0.02
1438  2703.0  0.02
1439  2703.0  0.02
1440  2703.0  0.02
1441  2703.0  0.02
1442  2703.0  0.02
1443  2703.0  0.02
1444  2703.0  0.02
1445  2703.0  0.02
1446  2703.0  0.02
1447  2703.0  0.02
1448  2703.0  0.02
1449  2703.0  0.02
1450  2703.0  0.02
1451  2703.0  0.02
1452  2703.0  0.02
1453  2703.0  0.02
1454  2703.0  0.02
1455  2703.0  0.02
1456  2703.0  0.02
1457  2703.0  0.02
1458  2703.0  0.02
1459  2703.0  0.02
1460  2703.0  0.02
1461  2703.0  0.02
1462  2703.0  0.02
1463  2703.0  0.02
1464  2703.0  0.02
1465  2703.0  0.02
1466  2703.0  0.02
1467  2703.0  0.02
1468  2703.0  0.02
1469  2703.0  0.02
1470  2703.0  0.02
1471  2703.0  0.02
1472  2703.0  0.02
1473  2703.0  0.02
1474  2703.0  0.02
1475  2703.0  0.02
1476  2703.0  0.02
1477  2703.0  0.02
1478  2703.0  0.02
1479  2703.0  0.02
1480  2703.0  0.02
1481  2703.0  0.02
1482  2703.0  0.02
1483  2703.0  0.02
1484  2703.0  0.02
1485  2703.0  0.02
1486  2703.0  0.02
1487  2703.0  0.02
1488  2703.0  0.02
1489  2703.0  0.02
1490  2703.0  0.02
1491  2703.0  0.02
1492  2703.0  0.02
1493  2703.0  0.02
1494  2703.0  0.02
1495  2703.0  0.02
1496  2703.0  0.02
1497  2703.0  0.02
1498  2703.0  0.02
1499  2703.0  0.02
1500  2703.0  0.02
1501  2703.0  0.02
1502  2703.0  0.02
1503  2703.0  0.02
1504  2703.0  0.02
1505  2703.0  0.02
1506  2703.0  0.02
1507  2703.0  0.02
1508  2703.0  0.02
1509  2703.0  0.02
1510  2703.0  0.02
1511  2703.0  0.02
1512  2703.0  0.02
1513  2703.0  0.02
1514  2703.0  0.02
1515  2703.0  0.02
1516  2703.0  0.02
1517  2703.0  0.02
1518  2703.0  0.02
1519  2703.0  0.02
1520  2703.0  0.02
1521  2703.0  0.02
1522  2703.0  0.02
1523  2703.0  0.02
1524  2703.0  0.02
1525  2703.0  0.02
1526  2703.0  0.02
1527  2703.0  0.02
1528  2703.0  0.02
1529  2703.0  0.02
1530  2703.0  0.02
1531  2703.0  0.02
1532  2703.0  0.02
1533  2703.0  0.02
1534  2703.0  0.02
1535  2703.0  0.02
1536  2703.0  0.02
1537  2703.0  0.02
1538  2703.0  0.02
1539  2703.0  0.02
1540  2703.0  0.02
1541  2703.0  0.02
1542  2703.0  0.02
1543  2703.0  0.02
1544  2703.0  0.02
1545  2703.0  0.02
1546  2703.0  0.02
1547  2703.0  0.02
1548  2703.0  0.02
1549  2703.0  0.02
1550  2703.0  0.02
1551  2703.0  0.02
1552  2703.0  0.02
1553  2703.0  0.02
1554  2703.0  0.02
1555  2703.0  0.02
1556  2703.0  0.02
1557  2703.0  0.02
1558  2703.0  0.02
1559  2703.0  0.02
1560  2703.0  0.02
1561  2703.0  0.02
1562  2703.0  0.02
1563  2703.0  0.02
1564  2703.0  0.02
1565  2703.0  0.02
1566  2703.0  0.02
1567  2703.0  0.02
1568  2703.0  0.02
1569  2703.0  0.02
1570  2703.0  0.02
1571  2703.0  0.02
1572  2703.0  0.02
1573  2703.0  0.02
1574  2703.0  0.02
1575  2703.0  0.02
1576  2703.0  0.02
1577  2703.0  0.02
1578  2703.0  0.02
1579  2703.0  0.02
1580  2703.0  0.02
1581  2703.0  0.02
1582  2703.0  0.02
1583  2703.0  0.02
1584  2703.0  0.02
1585  2703.0  0.02
1586  2703.0  0.02
1587  2703.0  0.02
1588  2703.0  0.02
1589  2703.0  0.02
1590  2703.0  0.02
1591  2703.0  0.02
1592  2703.0  0.02
1593  2703.0  0.02
1594  2703.0  0.02
1595  2703.0  0.02
1596  2703.0  0.02
1597  2703.0  0.02
1598  2703.0  0.02
1599  2703.0  0.02
1600  2703.0  0.02
1601  2703.0  0.02
1602  2703.0  0.02
1603  2703.0  0.02
1604  2703.0  0.02
1605  2703.0  0.02
1606  2703.0  0.02
1607  2703.0  0.02
1608  2703.0  0.02
1609  2703.0  0.02
1610  2703.0  0.02
1611  2703.0  0.02
1612  2703.0  0.02
1613  2703.0  0.02
1614  2703.0  0.02
1615  2703.0  0.02
1616  2703.0  0.02
1617  2703.0  0.02
1618  2703.0  0.02
1619  2703.0  0.02
1620  2703.0  0.02
1621  2703.0  0.02
1622  2703.0  0.02
1623  2703.0  0.02
1624  2703.0  0.02
1625  2703.0  0.02
1626  2703.0  0.02
1627  2703.0  0.02
1628  2703.0  0.02
1629  2703.0  0.02
1630  2703.0  0.02
1631  2703.0  0.02
1632  2703.0  0.02
1633  2703.0  0.02
1634  2703.0  0.02
1635  2703.0  0.02
1636  2703.0  0.02
1637  2703.0  0.02
1638  2703.0  0.02
1639  2703.0  0.02
1640  2703.0  0.02
1641  2703.0  0.02
1642  2703.0  0.02
1643  2703.0  0.02
1644  2703.0  0.02
1645  2703.0  0.02
1646  2703.0  0.02
1647  2703.0  0.02
1648  2703.0  0.02
1649  2703.0  0.02
1650  2703.0  0.02
1651  2703.0  0.02
1652  2703.0  0.02
1653  2703.0  0.02
1654  2703.0  0.02
1655  2703.0  0.02
1656  2703.0  0.02
1657  2703.0  0.02
1658  2703.0  0.02
1659  2703.0  0.02
1660  2703.0  0.02
1661  2703.0  0.02
1662  2703.0  0.02
1663  2703.0  0.02
1664  2703.0  0.02
1665  2703.0  0.02
1666  2703.0  0.02
1667  2703.0  0.02
1668  2703.0  0.02
1669  2703.0  0.02
1670  2703.0  0.02
1671  2703.0  0.02
1672  2703.0  0.02
1673  2703.0  0.02
1674  2703.0  0.02
1675  2703.0  0.02
1676  2703.0  0.02
1677  2703.0  0.02
1678  2703.0  0.02
1679  2703.0  0.02
1680  2703.0  0.02
1681  2703.0  0.02
1682  2703.0  0.02
1683  2703.0  0.02
1684  2703.0  0.02
1685  2703.0  0.02
1686  2703.0  0.02
1687  2703.0  0.02
1688  2703.0  0.02
1689  2703.0  0.02
1690  2703.0  0.02
1691  2703.0  0.02
1692  2703.0  0.02
1693  2703.0  0.02
1694  2703.0  0.02
1695  2703.0  0.02
1696  2703.0  0.02
1697  2703.0  0.02
1698  2703.0  0.02
1699  2703.0  0.02
1700  2703.0  0.02
1701  2703.0  0.02
1702  2703.0  0.02
1703  2703.0  0.02
1704  2703.0  0.02
1705  2703.0  0.02
1706  2703.0  0.02
1707  2703.0  0.02
1708  2703.0  0.02
1709  2703.0  0.02
1710  2703.0  0.02
1711  2703.0  0.02
1712  2703.0  0.02
1713  2703.0  0.02
1714  2703.0  0.02
1715  2703.0  0.02
1716  2703.0  0.02
1717  2703.0  0.02
1718  2703.0  0.02
1719  2703.0  0.02
1720  2703.0  0.02
1721  2703.0  0.02
1722  2703.0  0.02
1723  2703.0  0.02
1724  2703.0  0.02
1725  2703.0  0.02
1726  2703.0  0.02
1727  2703.0  0.02
1728  2703.0  0.02
1729  2703.0  0.02
1730  2703.0  0.02
1731  2703.0  0.02
1732  2703.0  0.02
1733  2703.0  0.02
1734  2703.0  0.02
1735  2703.0  0.02
1736  2703.0  0.02
1737  2703.0  0.02
1738  2703.0  0.02
1739  2703.0  0.02
1740  2703.0  0.02
1741  2703.0  0.02
1742  2703.0  0.02
1743  2703.0  0.02
1744  2703.0  0.02
1745  2703.0  0.02
1746  2703.0  0.02
1747  2703.0  0.02
1748  2703.0  0.02
1749  2703.0  0.02
1750  2703.0  0.02
1751  2703.0  0.02
1752  2703.0  0.02
1753  2703.0  0.02
1754  2703.0  0.02
1755  2703.0  0.02
1756  2703.0  0.02
1757  2703.0  0.02
1758  2703.0  0.02
1759  2703.0  0.02
1760  2703.0  0.02
1761  2703.0  0.02
1762  2703.0  0.02
1763  2703.0  0.02
1764  2703.0  0.02
1765  2703.0  0.02
1766  2703.0  0.02
1767  2703.0  0.02
1768  2703.0  0.02
1769  2703.0  0.02
1770  2703.0  0.02
1771  2703.0  0.02
1772  2703.0  0.02
1773  2703.0  0.02
1774  2703.0  0.02
1775  2703.0  0.02
1776  2703.0  0.02
1777  2703.0  0.02
1778  2703.0  0.02
1779  2703.0  0.02
1780  2703.0  0.02
1781  2703.0  0.02
1782  2703.0  0.02
1783  2703.0  0.02
1784  2703.0  0.02
1785  2703.0  0.02
1786  2703.0  0.02
1787  2703.0  0.02
1788  2703.0  0.02
1789  2703.0  0.02
1790  2703.0  0.02
1791  2703.0  0.02
1792  2703.0  0.02
1793  2703.0  0.02
1794  2703.0  0.02
1795  2703.0  0.02
1796  2703.0  0.02
1797  2703.0  0.02
1798  2703.0  0.02
1799  2703.0  0.02
1800  2703.0  0.02
1801  2703.0  0.02
1802  2703.0  0.02
1803  2703.0  0.02
1804  2703.0  0.02
1805  2703.0  0.02
1806  2703.0  0.02
1807  2703.0  0.02
1808  2703.0  0.02
1809  2703.0  0.02
1810  2703.0  0.02
1811  2703.0  0.02
1812  2703.0  0.02
1813  2703.0  0.02
1814  2703.0  0.02
1815  2703.0  0.02
1816  2703.0  0.02
1817  2703.0  0.02
1818  2703.0  0.02
1819  2703.0  0.02
1820  2703.0  0.02
1821  2703.0  0.02
1822  2703.0  0.02
1823  2703.0  0.02
1824  2703.0  0.02
1825  2703.0  0.02
1826  2703.0  0.02
1827  2703.0  0.02
1828  2703.0  0.02
1829  2703.0  0.02
1830  2703.0  0.02
1831  2703.0  0.02
1832  2703.0  0.02
1833  2703.0  0.02
1834  2703.0  0.02
1835  2703.0  0.02
1836  2703.0  0.02
1837  2703.0  0.02
1838  2703.0  0.02
1839  2703.0  0.02
1840  2703.0  0.02
1841  2703.0  0.02
1842  2703.0  0.02
1843  2703.0  0.02
1844  2703.0  0.02
1845  2703.0  0.02
1846  2703.0  0.02
1847  2703.0  0.02
1848  2703.0  0.02
1849  2703.0  0.02
1850  2703.0  0.02
1851  2703.0  0.02
1852  2703.0  0.02
1853  2703.0  0.02
1854  2703.0  0.02
1855  2703.0  0.02
1856  2703.0  0.02
1857  2703.0  0.02
1858  2703.0  0.02
1859  2703.0  0.02
1860  2703.0  0.02
1861  2703.0  0.02
1862  2703.0  0.02
1863  2703.0  0.02
1864  2703.0  0.02
1865  2703.0  0.02
1866  2703.0  0.02
1867  2703.0  0.02
1868  2703.0  0.02
1869  2703.0  0.02
1870  2703.0  0.02
1871  2703.0  0.02
1872  2703.0  0.02
1873  2703.0  0.02
1874  2703.0  0.02
1875  2703.0  0.02
1876  2703.0  0.02
1877  2703.0  0.02
1878  2703.0  0.02
1879  2703.0  0.02
1880  2703.0  0.02
1881  2703.0  0.02
1882  2703.0  0.02
1883  2703.0  0.02
1884  2703.0  0.02
1885  2703.0  0.02
1886  2703.0  0.02
1887  2703.0  0.02
1888  2703.0  0.02
1889  2703.0  0.02
1890  2703.0  0.02
1891  2703.0  0.02
1892  2703.0  0.02
1893  2703.0  0.02
1894  2703.0  0.02
1895  2703.0  0.02
1896  2703.0  0.02
1897  2703.0  0.02
1898  2703.0  0.02
1899  2703.0  0.02
1900  2703.0  0.02
1901  2703.0  0.02
1902  2703.0  0.02
1903  2703.0  0.02
1904  2703.0  0.02
1905  2703.0  0.02
1906  2703.0  0.02
1907  2703.0  0.02
1908  2703.0  0.02
1909  2703.0  0.02
1910  2703.0  0.02
1911  2703.0  0.02
1912  2703.0  0.02
1913  2703.0  0.02
1914  2703.0  0.02
1915  2703.0  0.02
1916  2703.0  0.02
1917  2703.0  0.02
1918  2703.0  0.02
1919  2703.0  0.02
1920  2703.0  0.02
1921  2703.0  0.02
1922  2703.0  0.02
1923  2703.0  0.02
1924  2703.0  0.02
1925  2703.0  0.02
1926  2703.0  0.02
1927  2703.0  0.02
1928  2703.0  0.02
1929  2703.0  0.02
1930  2703.0  0.02
1931  2703.0  0.02
1932  2703.0  0.02
1933  2703.0  0.02
1934  2703.0  0.02
1935  2703.0  0.02
1936  2703.0  0.02
1937  2703.0  0.02
1938  2703.0  0.02
1939  2703.0  0.02
1940  2703.0  0.02
1941  2703.0  0.02
1942  2703.0  0.02
1943  2703.0  0.02
1944  2703.0  0.02
1945  2703.0  0.02
1946  2703.0  0.02
1947  2703.0  0.02
1948  2703.0  0.02
1949  2703.0  0.02
1950  2703.0  0.02
1951  2703.0  0.02
1952  2703.0  0.02
1953  2703.0  0.02
1954  2703.0  0.02
1955  2703.0  0.02
1956  2703.0  0.02
1957  2703.0  0.02
1958  2703.0  0.02
1959  2703.0  0.02
1960  2703.0  0.02
1961  2703.0  0.02
1962  2703.0  0.02
1963  2703.0  0.02
1964  2703.0  0.02
1965  2703.0  0.02
1966  2703.0  0.02
1967  2703.0  0.02
1968  2703.0  0.02
1969  2703.0  0.02
1970  2703.0  0.02
1971  2703.0  0.02
1972  2703.0  0.02
1973  2703.0  0.02
1974  2703.0  0.02
1975  2703.0  0.02
1976  2703.0  0.02
1977  2703.0  0.02
1978  2703.0  0.02
1979  2703.0  0.02
1980  2703.0  0.02
1981  2703.0  0.02
1982  2703.0  0.02
1983  2703.0  0.02
1984  2703.0  0.02
1985  2703.0  0.02
1986  2703.0  0.02
1987  2703.0  0.02
1988  2703.0  0.02
1989  2703.0  0.02
1990  2703.0  0.02
1991  2703.0  0.02
1992  2703.0  0.02
1993  2703.0  0.02
1994  2703.0  0.02
1995  2703.0  0.02
1996  2703.0  0.02
1997  2703.0  0.02
1998  2703.0  0.02
1999  2703.0  0.02
2000  2703.0  0.02
2001  2703.0  0.02
2002  2703.0  0.02
2003  2703.0  0.02
2004  2703.0  0.02
2005  2703.0  0.02
2006  2703.0  0.02
2007  2703.0  0.02
2008  2703.0  0.02
2009  2703.0  0.02
2010  2703.0  0.02
2011  2703.0  0.02
2012  2703.0  0.02
2013  2703.0  0.02
2014  2703.0  0.02
2015  2703.0  0.02
2016  2703.0  0.02
2017  2703.0  0.02
2018  2703.0  0.02
2019  2703.0  0.02
2020  2703.0  0.02
2021  2703.0  0.02
2022  2703.0  0.02
2023  2703.0  0.02
2024  2703.0  0.02
2025  2703.0  0.02
2026  2703.0  0.02
2027  2703.0  0.02
2028  2703.0  0.02
2029  2703.0  0.02
2030  2703.0  0.02
2031  2703.0  0.02
2032  2703.0  0.02
2033  2703.0  0.02
2034  2703.0  0.02
2035  2703.0  0.02
2036  2703.0  0.02
2037  2703.0  0.02
2038  2703.0  0.02
2039  2703.0  0.02
2040  2703.0  0.02
2041  2703.0  0.02
2042  2703.0  0.02
2043  2703.0  0.02
2044  2703.0  0.02
2045  2703.0  0.02
2046  2703.0  0.02
2047  2703.0  0.02
2048  2703.0  0.02
2049  2703.0  0.02
2050  2703.0  0.02
2051  2703.0  0.02
2052  2703.0  0.02
2053  2703.0  0.02
2054  2703.0  0.02
2055  2703.0  0.02
2056  2703.0  0.02
2057  2703.0  0.02
2058  2703.0  0.02
2059  2703.0  0.02
2060  2703.0  0.02
2061  2703.0  0.02
2062  2703.0  0.02
2063  2703.0  0.02
2064  2703.0  0.02
2065  2703.0  0.02
2066  2703.0  0.02
2067  2703.0  0.02
2068  2703.0  0.02
2069  2703.0  0.02
2070  2703.0  0.02
2071  2703.0  0.02
2072  2703.0  0.02
2073  2703.0  0.02
2074  2703.0  0.02
2075  2703.0  0.02
2076  2703.0  0.02
2077  2703.0  0.02
2078  2703.0  0.02
2079  2703.0  0.02
2080  2703.0  0.02
2081  2703.0  0.02
2082  2703.0  0.02
2083  2703.0  0.02
2084  2703.0  0.02
2085  2703.0  0.02
2086  2703.0  0.02
2087  2703.0  0.02
2088  2703.0  0.02
2089  2703.0  0.02
2090  2703.0  0.02
2091  2703.0  0.02
2092  2703.0  0.02
2093  2703.0  0.02
2094  2703.0  0.02
2095  2703.0  0.02
2096  2703.0  0.02
2097  2703.0  0.02
2098  2703.0  0.02
2099  2703.0  0.02
2100  2703.0  0.02
2101  2703.0  0.02
2102  2703.0  0.02
2103  2703.0  0.02
2104  2703.0  0.02
2105  2703.0  0.02
2106  2703.0  0.02
2107  2703.0  0.02
2108  2703.0  0.02
2109  2703.0  0.02
2110  2703.0  0.02
2111  2703.0  0.02
2112  2703.0  0.02
2113  2703.0  0.02
2114  2703.0  0.02
2115  2703.0  0.02
2116  2703.0  0.02
2117  2703.0  0.02
2118  2703.0  0.02
2119  2703.0  0.02
2120  2703.0  0.02
2121  2703.0  0.02
2122  2703.0  0.02
2123  2703.0  0.02
2124  2703.0  0.02
2125  2703.0  0.02
2126  2703.0  0.02
2127  2703.0  0.02
2128  2703.0  0.02
2129  2703.0  0.02
2130  2703.0  0.02
2131  2703.0  0.02
2132  2703.0  0.02
2133  2703.0  0.02
2134  2703.0  0.02
2135  2703.0  0.02
2136  2703.0  0.02
2137  2703.0  0.02
2138  2703.0  0.02
2139  2703.0  0.02
2140  2703.0  0.02
2141  2703.0  0.02
2142  2703.0  0.02
2143  2703.0  0.02
2144  2703.0  0.02
2145  2703.0  0.02
2146  2703.0  0.02
2147  2703.0  0.02
2148  2703.0  0.02
2149  2703.0  0.02
2150  2703.0  0.02
2151  2703.0  0.02
2152  2703.0  0.02
2153  2703.0  0.02
2154  2703.0  0.02
2155  2703.0  0.02
2156  2703.0  0.02
2157  2703.0  0.02
2158  2703.0  0.02
2159  2703.0  0.02
2160  2703.0  0.02
2161  2703.0  0.02
2162  2703.0  0.02
2163  2703.0  0.02
2164  2703.0  0.02
2165  2703.0  0.02
2166  2703.0  0.02
2167  2703.0  0.02
2168  2703.0  0.02
2169  2703.0  0.02
2170  2703.0  0.02
2171  2703.0  0.02
2172  2703.0  0.02
2173  2703.0  0.02
2174  2703.0  0.02
2175  2703.0  0.02
2176  2703.0  0.02
2177  2703.0  0.02
2178  2703.0  0.02
2179  2703.0  0.02
2180  2703.0  0.02
2181  2703.0  0.02
2182  2703.0  0.02
2183  2703.0  0.02
2184  2703.0  0.02
2185  2703.0  0.02
2186  2703.0  0.02
2187  2703.0  0.02
2188  2703.0  0.02
2189  2703.0  0.02
2190  2703.0  0.02
2191  2703.0  0.02
2192  2703.0  0.02
2193  2703.0  0.02
2194  2703.0  0.02
2195  2703.0  0.02
2196  2703.0  0.02
2197  2703.0  0.02
2198  2703.0  0.02
2199  2703.0  0.02
2200  2703.0  0.02
2201  2703.0  0.02
2202  2703.0  0.02
2203  2703.0  0.02
2204  2703.0  0.02
2205  2703.0  0.02
2206  2703.0  0.02
2207  2703.0  0.02
2208  2703.0  0.02
2209  2703.0  0.02
2210  2703.0  0.02
2211  2703.0  0.02
2212  2703.0  0.02
2213  2703.0  0.02
2214  2703.0  0.02
2215  2703.0  0.02
2216  2703.0  0.02
2217  2703.0  0.02
2218  2703.0  0.02
2219  2703.0  0.02
2220  2703.0  0.02
2221  2703.0  0.02
2222  2703.0  0.02
2223  2703.0  0.02
2224  2703.0  0.02
2225  2703.0  0.02
2226  2703.0  0.02
2227  2703.0  0.02
2228  2703.0  0.02
2229  2703.0  0.02
2230  2703.0  0.02
2231  2703.0  0.02
2232  2703.0  0.02
2233  2703.0  0.02
2234  2703.0  0.02
2235  2703.0  0.02
2236  2703.0  0.02
2237  2703.0  0.02
2238  2703.0  0.02
2239  2703.0  0.02
2240  2703.0  0.02
2241  2703.0  0.02
2242  2703.0  0.02
2243  2703.0  0.02
2244  2703.0  0.02
2245  2703.0  0.02
2246  2703.0  0.02
2247  2703.0  0.02
2248  2703.0  0.02
2249  2703.0  0.02
2250  2703.0  0.02
2251  2703.0  0.02
2252  2703.0  0.02
2253  2703.0  0.02
2254  2703.0  0.02
2255  2703.0  0.02
2256  2703.0  0.02
2257  2703.0  0.02
2258  2703.0  0.02
2259  2703.0  0.02
2260  2703.0  0.02
2261  2703.0  0.02
2262  2703.0  0.02
2263  2703.0  0.02
2264  2703.0  0.02
2265  2703.0  0.02
2266  2703.0  0.02
2267  2703.0  0.02
2268  2703.0  0.02
2269  2703.0  0.02
2270  2703.0  0.02
2271  2703.0  0.02
2272  2703.0  0.02
2273  2703.0  0.02
2274  2703.0  0.02
2275  2703.0  0.02
2276  2703.0  0.02
2277  2703.0  0.02
2278  2703.0  0.02
2279  2703.0  0.02
2280  2703.0  0.02
2281  2703.0  0.02
2282  2703.0  0.02
2283  2703.0  0.02
2284  2703.0  0.02
2285  2703.0  0.02
2286  2703.0  0.02
2287  2703.0  0.02
2288  2703.0  0.02
2289  2703.0  0.02
2290  2703.0  0.02
2291  2703.0  0.02
2292  2703.0  0.02
2293  2703.0  0.02
2294  2703.0  0.02
2295  2703.0  0.02
2296  2703.0  0.02
2297  2703.0  0.02
2298  2703.0  0.02
2299  2703.0  0.02
2300  2703.0  0.02
2301  2703.0  0.02
2302  2703.0  0.02
2303  2703.0  0.02
2304  2703.0  0.02
2305  2703.0  0.02
2306  2703.0  0.02
2307  2703.0  0.02
2308  2703.0  0.02
2309  2703.0  0.02
2310  2703.0  0.02
2311  2703.0  0.02
2312  2703.0  0.02
2313  2703.0  0.02
2314  2703.0  0.02
2315  2703.0  0.02
2316  2703.0  0.02
2317  2703.0  0.02
2318  2703.0  0.02
2319  2703.0  0.02
2320  2703.0  0.02
2321  2703.0  0.02
2322  2703.0  0.02
2323  2703.0  0.02
2324  2703.0  0.02
2325  2703.0  0.02
2326  2703.0  0.02
2327  2703.0  0.02
2328  2703.0  0.02
2329  2703.0  0.02
2330  2703.0  0.02
2331  2703.0  0.02
2332  2703.0  0.02
2333  2703.0  0.02
2334  2703.0  0.02
2335  2703.0  0.02
2336  2703.0  0.02
2337  2703.0  0.02
2338  2703.0  0.02
2339  2703.0  0.02
2340  2703.0  0.02
2341  2703.0  0.02
2342  2703.0  0.02
2343  2703.0  0.02
2344  2703.0  0.02
2345  2703.0  0.02
2346  2703.0  0.02
2347  2703.0  0.02
2348  2703.0  0.02
2349  2703.0  0.02
2350  2703.0  0.02
2351  2703.0  0.02
2352  2703.0  0.02
2353  2703.0  0.02
2354  2703.0  0.02
2355  2703.0  0.02
2356  2703.0  0.02
2357  2703.0  0.02
2358  2703.0  0.02
2359  2703.0  0.02
2360  2703.0  0.02
2361  2703.0  0.02
2362  2703.0  0.02
2363  2703.0  0.02
2364  2703.0  0.02
2365  2703.0  0.02
2366  2703.0  0.02
2367  2703.0  0.02
2368  2703.0  0.02
2369  2703.0  0.02
2370  2703.0  0.02
2371  2703.0  0.02
2372  2703.0  0.02
2373  2703.0  0.02
2374  2703.0  0.02
2375  2703.0  0.02
2376  2703.0  0.02
2377  2703.0  0.02
2378  2703.0  0.02
2379  2703.0  0.02
2380  2703.0  0.02
2381  2703.0  0.02
2382  2703.0  0.02
2383  2703.0  0.02
2384  2703.0  0.02
2385  2703.0  0.02
2386  2703.0  0.02
2387  2703.0  0.02
2388  2703.0  0.02
2389  2703.0  0.02
2390  2703.0  0.02
2391  2703.0  0.02
2392  2703.0  0.02
2393  2703.0  0.02
2394  2703.0  0.02
2395  2703.0  0.02
2396  2703.0  0.02
2397  2703.0  0.02
2398  2703.0  0.02
2399  2703.0  0.02
2400  2703.0  0.02
2401  2703.0  0.02
2402  2703.0  0.02
2403  2703.0  0.02
2404  2703.0  0.02
2405  2703.0  0.02
2406  2703.0  0.02
2407  2703.0  0.02
2408  2703.0  0.02
2409  2703.0  0.02
2410  2703.0  0.02
2411  2703.0  0.02
2412  2703.0  0.02
2413  2703.0  0.02
2414  2703.0  0.02
2415  2703.0  0.02
2416  2703.0  0.02
2417  2703.0  0.02
2418  2703.0  0.02
2419  2703.0  0.02
2420  2703.0  0.02
2421  2703.0  0.02
2422  2703.0  0.02
2423  2703.0  0.02
2424  2703.0  0.02
2425  2703.0  0.02
2426  2703.0  0.02
2427  2703.0  0.02
2428  2703.0  0.02
2429  2703.0  0.02
2430  2703.0  0.02
2431  2703.0  0.02
2432  2703.0  0.02
2433  2703.0  0.02
2434  2703.0  0.02
2435  2703.0  0.02
2436  2703.0  0.02
2437  2703.0  0.02
2438  2703.0  0.02
2439  2703.0  0.02
2440  2703.0  0.02
2441  2703.0  0.02
2442  2703.0  0.02
2443  2703.0  0.02
2444  2703.0  0.02
2445  2703.0  0.02
2446  2703.0  0.02
2447  2703.0  0.02
2448  2703.0  0.02
2449  2703.0  0.02
2450  2703.0  0.02
2451  2703.0  0.02
2452  2703.0  0.02
2453  2703.0  0.02
2454  2703.0  0.02
2455  2703.0  0.02
2456  2703.0  0.02
2457  2703.0  0.02
2458  2703.0  0.02
2459  2703.0  0.02
2460  2703.0  0.02
2461  2703.0  0.02
2462  2703.0  0.02
2463  2703.0  0.02
2464  2703.0  0.02
2465  2703.0  0.02
2466  2703.0  0.02
2467  2703.0  0.02
2468  2703.0  0.02
2469  2703.0  0.02
2470  2703.0  0.02
2471  2703.0  0.02
2472  2703.0  0.02
2473  2703.0  0.02
2474  2703.0  0.02
2475  2703.0  0.02
2476  2703.0  0.02
2477  2703.0  0.02
2478  2703.0  0.02
2479  2703.0  0.02
2480  2703.0  0.02
2481  2703.0  0.02
2482  2703.0  0.02
2483  2703.0  0.02
2484  2703.0  0.02
2485  2703.0  0.02
2486  2703.0  0.02
2487  2703.0  0.02
2488  2703.0  0.02
2489  2703.0  0.02
2490  2703.0  0.02
2491  2703.0  0.02
2492  2703.0  0.02
2493  2703.0  0.02
2494  2703.0  0.02
2495  2703.0  0.02
2496  2703.0  0.02
2497  2703.0  0.02
2498  2703.0  0.02
2499  2703.0  0.02
2500  2703.0  0.02
2501  2703.0  0.02
2502  2703.0  0.02
2503  2703.0  0.02
2504  2703.0  0.02
2505  2703.0  0.02
2506  2703.0  0.02
2507  2703.0  0.02
2508  2703.0  0.02
2509  2703.0  0.02
2510  2703.0  0.02
2511  2703.0  0.02
2512  2703.0  0.02
2513  2703.0  0.02
2514  2703.0  0.02
2515  2703.0  0.02
2516  2703.0  0.02
2517  2703.0  0.02
2518  2703.0  0.02
2519  2703.0  0.02
2520  2703.0  0.02
2521  2703.0  0.02
2522  2703.0  0.02
2523  2703.0  0.02
2524  2703.0  0.02
2525  2703.0  0.02
2526  2703.0  0.02
2527  2703.0  0.02
2528  2703.0  0.02
2529  2703.0  0.02
2530  2703.0  0.02
2531  2703.0  0.02
2532  2703.0  0.02
2533  2703.0  0.02
2534  2703.0  0.02
2535  2703.0  0.02
2536  2703.0  0.02
2537  2703.0  0.02
2538  2703.0  0.02
2539  2703.0  0.02
2540  2703.0  0.02
2541  2703.0  0.02
2542  2703.0  0.02
2543  2703.0  0.02
2544  2703.0  0.02
2545  2703.0  0.02
2546  2703.0  0.02
2547  2703.0  0.02
2548  2703.0  0.02
2549  2703.0  0.02
2550  2703.0  0.02
2551  2703.0  0.02
2552  2703.0  0.02
2553  2703.0  0.02
2554  2703.0  0.02
2555  2703.0  0.02
2556  2703.0  0.02
2557  2703.0  0.02
2558  2703.0  0.02
2559  2703.0  0.02
2560  2703.0  0.02
2561  2703.0  0.02
2562  2703.0  0.02
2563  2703.0  0.02
2564  2703.0  0.02
2565  2703.0  0.02
2566  2703.0  0.02
2567  2703.0  0.02
2568  2703.0  0.02
2569  2703.0  0.02
2570  2703.0  0.02
2571  2703.0  0.02
2572  2703.0  0.02
2573  2703.0  0.02
2574  2703.0  0.02
2575  2703.0  0.02
2576  2703.0  0.02
2577  2703.0  0.02
2578  2703.0  0.02
2579  2703.0  0.02
2580  2703.0  0.02
2581  2703.0  0.02
2582  2703.0  0.02
2583  2703.0  0.02
2584  2703.0  0.02
2585  2703.0  0.02
2586  2703.0  0.02
2587  2703.0  0.02
2588  2703.0  0.02
2589  2703.0  0.02
2590  2703.0  0.02
2591  2703.0  0.02
2592  2703.0  0.02
2593  2703.0  0.02
2594  2703.0  0.02
2595  2703.0  0.02
2596  2703.0  0.02
2597  2703.0  0.02
2598  2703.0  0.02
2599  2703.0  0.02
2600  2703.0  0.02
2601  2703.0  0.02
2602  2703.0  0.02
2603  2703.0  0.02
2604  2703.0  0.02
2605  2703.0  0.02
2606  2703.0  0.02
2607  2703.0  0.02
2608  2703.0  0.02
2609  2703.0  0.02
2610  2703.0  0.02
2611  2703.0  0.02
2612  2703.0  0.02
2613  2703.0  0.02
2614  2703.0  0.02
2615  2703.0  0.02
2616  2703.0  0.02
2617  2703.0  0.02
2618  2703.0  0.02
2619  2703.0  0.02
2620  2703.0  0.02
2621  2703.0  0.02
2622  2703.0  0.02
2623  2703.0  0.02
2624  2703.0  0.02
2625  2703.0  0.02
2626  2703.0  0.02
2627  2703.0  0.02
2628  2703.0  0.02
2629  2703.0  0.02
2630  2703.0  0.02
2631  2703.0  0.02
2632  2703.0  0.02
2633  2703.0  0.02
2634  2703.0  0.02
2635  2703.0  0.02
2636  2703.0  0.02
2637  2703.0  0.02
2638  2703.0  0.02
2639  2703.0  0.02
2640  2703.0  0.02
2641  2703.0  0.02
2642  2703.0  0.02
2643  2703.0  0.02
2644  2703.0  0.02
2645  2703.0  0.02
2646  2703.0  0.02
2647  2703.0  0.02
2648  2703.0  0.02
2649  2703.0  0.02
2650  2703.0  0.02
2651  2703.0  0.02
2652  2703.0  0.02
2653  2703.0  0.02
2654  2703.0  0.02
2655  2703.0  0.02
2656  2703.0  0.02
2657  2703.0  0.02
2658  2703.0  0.02
2659  2703.0  0.02
2660  2703.0  0.02
2661  2703.0  0.02
2662  2703.0  0.02
2663  2703.0  0.02
2664  2703.0  0.02
2665  2703.0  0.02
2666  2703.0  0.02
2667  2703.0  0.02
2668  2703.0  0.02
2669  2703.0  0.02
2670  2703.0  0.02
2671  2703.0  0.02
2672  2703.0  0.02
2673  2703.0  0.02
2674  2703.0  0.02
2675  2703.0  0.02
2676  2703.0  0.02
2677  2703.0  0.02
2678  2703.0  0.02
2679  2703.0  0.02
2680  2703.0  0.02
2681  2703.0  0.02
2682  2703.0  0.02
2683  2703.0  0.02
2684  2703.0  0.02
2685  2703.0  0.02
2686  2703.0  0.02
2687  2703.0  0.02
2688  2703.0  0.02
2689  2703.0  0.02
2690  2703.0  0.02
2691  2703.0  0.02
2692  2703.0  0.02
2693  2703.0  0.02
2694  2703.0  0.02
2695  2703.0  0.02
2696  2703.0  0.02
2697  2703.0  0.02
2698  2703.0  0.02
2699  2703.0  0.02
2700  2703.0  0.02
2701  2703.0  0.02
2702  2703.0  0.02
2703  2703.0  0.02
2704  2703.0  0.02
2705  2703.0  0.02
2706  2703.0  0.02
2707  2703.0  0.02
2708  2703.0  0.02
2709  2703.0  0.02
2710  2703.0  0.02
2711  2703.0  0.02
2712  2703.0  0.02
2713  2703.0  0.02
2714  2703.0  0.02
2715  2703.0  0.02
2716  2703.0  0.02
2717  2703.0  0.02
2718  2703.0  0.02
2719  2703.0  0.02
2720  2703.0  0.02
2721  2703.0  0.02
2722  2703.0  0.02
2723  2703.0  0.02
2724  2703.0  0.02
2725  2703.0  0.02
2726  2703.0  0.02
2727  2703.0  0.02
2728  2703.0  0.02
2729  2703.0  0.02
2730  2703.0  0.02
2731  2703.0  0.02
2732  2703.0  0.02
2733  2703.0  0.02
2734  2703.0  0.02
2735  2703.0  0.02
2736  2703.0  0.02
2737  2703.0  0.02
2738  2703.0  0.02
2739  2703.0  0.02
2740  2703.0  0.02
2741  2703.0  0.02
2742  2703.0  0.02
2743  2703.0  0.02
2744  2703.0  0.02
2745  2703.0  0.02
2746  2703.0  0.02
2747  2703.0  0.02
2748  2703.0  0.02
2749  2703.0  0.02
2750  2703.0  0.02
2751  2703.0  0.02
2752  2703.0  0.02
2753  2703.0  0.02
2754  2703.0  0.02
2755  2703.0  0.02
2756  2703.0  0.02
2757  2703.0  0.02
2758  2703.0  0.02
2759  2703.0  0.02
2760  2703.0  0.02
2761  2703.0  0.02
2762  2703.0  0.02
2763  2703.0  0.02
2764  2703.0  0.02
2765  2703.0  0.02
2766  2703.0  0.02
2767  2703.0  0.02
2768  2703.0  0.02
2769  2703.0  0.02
2770  2703.0  0.02
2771  2703.0  0.02
2772  2703.0  0.02
2773  2703.0  0.02
2774  2703.0  0.02
2775  2703.0  0.02
2776  2703.0  0.02
2777  2703.0  0.02
2778  2703.0  0.02
2779  2703.0  0.02
2780  2703.0  0.02
2781  2703.0  0.02
2782  2703.0  0.02
2783  2703.0  0.02
2784  2703.0  0.02
2785  2703.0  0.02
2786  2703.0  0.02
2787  2703.0  0.02
2788  2703.0  0.02
2789  2703.0  0.02
2790  2703.0  0.02
2791  2703.0  0.02
2792  2703.0  0.02
2793  2703.0  0.02
2794  2703.0  0.02
2795  2703.0  0.02
2796  2703.0  0.02
2797  2703.0  0.02
2798  2703.0  0.02
2799  2703.0  0.02
2800  2703.0  0.02
2801  2703.0  0.02
2802  2703.0  0.02
2803  2703.0  0.02
2804  2703.0  0.02
2805  2703.0  0.02
2806  2703.0  0.02
2807  2703.0  0.02
2808  2703.0  0.02
2809  2703.0  0.02
2810  2703.0  0.02
2811  2703.0  0.02
2812  2703.0  0.02
2813  2703.0  0.02
2814  2703.0  0.02
2815  2703.0  0.02
2816  2703.0  0.02
2817  2703.0  0.02
2818  2703.0  0.02
2819  2703.0  0.02
2820  2703.0  0.02
2821  2703.0  0.02
2822  2703.0  0.02
2823  2703.0  0.02
2824  2703.0  0.02
2825  2703.0  0.02
2826  2703.0  0.02
2827  2703.0  0.02
2828  2703.0  0.02
2829  2703.0  0.02
2830  2703.0  0.02
2831  2703.0  0.02
2832  2703.0  0.02
2833  2703.0  0.02
2834  2703.0  0.02
2835  2703.0  0.02
2836  2703.0  0.02
2837  2703.0  0.02
2838  2703.0  0.02
2839  2703.0  0.02
2840  2703.0  0.02
2841  2703.0  0.02
2842  2703.0  0.02
2843  2703.0  0.02
2844  2703.0  0.02
2845  2703.0  0.02
2846  2703.0  0.02
2847  2703.0  0.02
2848  2703.0  0.02
2849  2703.0  0.02
2850  2703.0  0.02
2851  2703.0  0.02
2852  2703.0  0.02
2853  2703.0  0.02
2854  2703.0  0.02
2855  2703.0  0.02
2856  2703.0  0.02
2857  2703.0  0.02
2858  2703.0  0.02
2859  2703.0  0.02
2860  2703.0  0.02
2861  2703.0  0.02
2862  2703.0  0.02
2863  2703.0  0.02
2864  2703.0  0.02
2865  2703.0  0.02
2866  2703.0  0.02
2867  2703.0  0.02
2868  2703.0  0.02
2869  2703.0  0.02
2870  2703.0  0.02
2871  2703.0  0.02
2872  2703.0  0.02
2873  2703.0  0.02
2874  2703.0  0.02
2875  2703.0  0.02
2876  2703.0  0.02
2877  2703.0  0.02
2878  2703.0  0.02
2879  2703.0  0.02
2880  2703.0  0.02
2881  2703.0  0.02
2882  2703.0  0.02
2883  2703.0  0.02
2884  2703.0  0.02
2885  2703.0  0.02
2886  2703.0  0.02
2887  2703.0  0.02
2888  2703.0  0.02
2889  2703.0  0.02
2890  2703.0  0.02
2891  2703.0  0.02
2892  2703.0  0.02
2893  2703.0  0.02
2894  2703.0  0.02
2895  2703.0  0.02
2896  2703.0  0.02
2897  2703.0  0.02
2898  2703.0  0.02
2899  2703.0  0.02
2900  2703.0  0.02
2901  2703.0  0.02
2902  2703.0  0.02
2903  2703.0  0.02
2904  2703.0  0.02
2905  2703.0  0.02
2906  2703.0  0.02
2907  2703.0  0.02
2908  2703.0  0.02
2909  2703.0  0.02
2910  2703.0  0.02
2911  2703.0  0.02
2912  2703.0  0.02
2913  2703.0  0.02
2914  2703.0  0.02
2915  2703.0  0.02
2916  2703.0  0.02
2917  2703.0  0.02
2918  2703.0  0.02
2919  2703.0  0.02
2920  2703.0  0.02
2921  2703.0  0.02
2922  2703.0  0.02
2923  2703.0  0.02
2924  2703.0  0.02
2925  2703.0  0.02
2926  2703.0  0.02
2927  2703.0  0.02
2928  2703.0  0.02
2929  2703.0  0.02
2930  2703.0  0.02
2931  2703.0  0.02
2932  2703.0  0.02
2933  2703.0  0.02
2934  2703.0  0.02
2935  2703.0  0.02
2936  2703.0  0.02
2937  2703.0  0.02
2938  2703.0  0.02
2939  2703.0  0.02
2940  2703.0  0.02
2941  2703.0  0.02
2942  2703.0  0.02
2943  2703.0  0.02
2944  2703.0  0.02
2945  2703.0  0.02
2946  2703.0  0.02
2947  2703.0  0.02
2948  2703.0  0.02
2949  2703.0  0.02
2950  2703.0  0.02
2951  2703.0  0.02
2952  2703.0  0.02
2953  2703.0  0.02
2954  2703.0  0.02
2955  2703.0  0.02
2956  2703.0  0.02
2957  2703.0  0.02
2958  2703.0  0.02
2959  2703.0  0.02
2960  2703.0  0.02
2961  2703.0  0.02
2962  2703.0  0.02
2963  2703.0  0.02
2964  2703.0  0.02
2965  2703.0  0.02
2966  2703.0  0.02
2967  2703.0  0.02
2968  2703.0  0.02
2969  2703.0  0.02
2970  2703.0  0.02
2971  2703.0  0.02
2972  2703.0  0.02
2973  2703.0  0.02
2974  2703.0  0.02
2975  2703.0  0.02
2976  2703.0  0.02
2977  2703.0  0.02
2978  2703.0  0.02
2979  2703.0  0.02
2980  2703.0  0.02
2981  2703.0  0.02
2982  2703.0  0.02
2983  2703.0  0.02
2984  2703.0  0.02
2985  2703.0  0.02
2986  2703.0  0.02
2987  2703.0  0.02
2988  2703.0  0.02
2989  2703.0  0.02
2990  2703.0  0.02
2991  2703.0  0.02
2992  2703.0  0.02
2993  2703.0  0.02
2994  2703.0  0.02
2995  2703.0  0.02
2996  2703.0  0.02
2997  2703.0  0.02
2998  2703.0  0.02
2999  2703.0  0.02
#[3, 7, 9, 9, 9, 9, 9, 9, 9, 9]
#[1, 7, 9, 9, 9, 9, 9, 9, 9, 9]
#[9, 9, 9, 9, 9, 9, 9, 9, 9, 9]
#[8, 9, 9, 9, 9, 9, 9, 9, 9, 9]
#[7, 9, 9, 9, 9, 9, 9, 9, 9, 9]
#[-5, 1, 2, 5, 9, 9, 9, 9, 9, 9]
#[9, 9, 9, 9, 9, 9, 9, 9, 9, 9]
#[-5, 9, 9, 9, 9, 9, 9, 9, 9, 9]
#[9, 9, 9, 9, 9, 9, 9, 9, 9, 9]
#Specialization index= [2, 9, 0.12658227848101267]
