#[7, 8, 7, 2, 2, 4, 9, 8, 3, 6]
#[6, 2, 9, 7, 8, 6, 0, 1, 5, 9]
#[0, 8, 5, 9, 7, 8, 5, 9, 1, 4]
#[1, 3, 6, 0, 6, 7, 8, 3, 7, 1]
#[9, 9, 2, 5, 0, 2, 3, 7, 5, 1]
#[0, 1, 4, 5, 5, 8, 4, 8, 6, 6]
#[6, 9, 7, 6, 2, 9, 9, 9, 6, 4]
#[8, 3, 0, 4, 7, 6, 0, 3, 8, 6]
#[7, 1, 3, 6, 7, 8, 1, 7, 5, 7]
0  1951.25  0.18
1  2200.75  0.12
2  2200.75  0.12
3  2200.75  0.12
4  2200.75  0.12
5  2200.75  0.12
6  2200.75  0.12
7  2263.75  0.13
8  2263.75  0.13
9  2263.75  0.13
10  2263.75  0.13
11  2263.75  0.13
12  2263.75  0.13
13  2280.0  0.07
14  2280.0  0.07
15  2280.0  0.07
16  2280.0  0.07
17  2495.25  0.11
18  2495.25  0.11
19  2495.25  0.11
20  2495.25  0.11
21  2495.25  0.11
22  2495.25  0.11
23  2495.25  0.11
24  2495.25  0.11
25  2495.25  0.11
26  2495.25  0.11
27  2495.25  0.11
28  2495.25  0.11
29  2495.25  0.11
30  2495.25  0.11
31  2495.25  0.11
32  2495.25  0.11
33  2495.25  0.11
34  2495.25  0.11
35  2495.25  0.11
36  2495.25  0.11
37  2495.25  0.11
38  2495.25  0.11
39  2495.25  0.11
40  2495.25  0.11
41  2495.25  0.11
42  2495.25  0.11
43  2495.25  0.11
44  2495.25  0.11
45  2495.25  0.11
46  2495.25  0.11
47  2495.25  0.11
48  2495.25  0.11
49  2495.25  0.11
50  2495.25  0.11
51  2495.25  0.11
52  2495.25  0.11
53  2495.25  0.11
54  2495.25  0.11
55  2495.25  0.11
56  2495.25  0.11
57  2495.25  0.11
58  2495.25  0.11
59  2495.25  0.11
60  2495.25  0.11
61  2495.25  0.11
62  2495.25  0.11
63  2495.25  0.11
64  2495.25  0.11
65  2495.25  0.11
66  2495.25  0.11
67  2495.25  0.11
68  2495.25  0.11
69  2495.25  0.11
70  2495.25  0.11
71  2495.25  0.11
72  2516.0  0.08
73  2516.0  0.08
74  2516.0  0.08
75  2516.0  0.08
76  2516.0  0.08
77  2516.0  0.08
78  2516.0  0.08
79  2516.0  0.08
80  2516.0  0.08
81  2516.0  0.08
82  2516.0  0.08
83  2516.0  0.08
84  2516.0  0.08
85  2516.0  0.08
86  2516.0  0.08
87  2516.0  0.08
88  2516.0  0.08
89  2516.0  0.08
90  2516.0  0.08
91  2516.0  0.08
92  2516.0  0.08
93  2516.0  0.08
94  2516.0  0.08
95  2516.0  0.08
96  2516.0  0.08
97  2516.0  0.08
98  2516.0  0.08
99  2516.0  0.08
100  2516.0  0.08
101  2516.0  0.08
102  2516.0  0.08
103  2516.0  0.08
104  2516.0  0.08
105  2516.0  0.08
106  2516.0  0.08
107  2516.0  0.08
108  2516.0  0.08
109  2516.0  0.08
110  2516.0  0.08
111  2516.0  0.08
112  2516.0  0.08
113  2516.0  0.08
114  2516.0  0.08
115  2516.0  0.08
116  2516.0  0.08
117  2516.0  0.08
118  2516.0  0.08
119  2516.0  0.08
120  2516.0  0.08
121  2516.0  0.08
122  2516.0  0.08
123  2516.0  0.08
124  2516.0  0.08
125  2516.0  0.08
126  2516.0  0.08
127  2516.0  0.08
128  2516.0  0.08
129  2516.0  0.08
130  2516.0  0.08
131  2516.0  0.08
132  2516.0  0.08
133  2516.0  0.08
134  2516.0  0.08
135  2516.0  0.08
136  2516.0  0.08
137  2516.0  0.08
138  2516.0  0.08
139  2516.0  0.08
140  2516.0  0.08
141  2516.0  0.08
142  2516.0  0.08
143  2516.0  0.08
144  2516.0  0.08
145  2516.0  0.08
146  2516.0  0.08
147  2516.0  0.08
148  2516.0  0.08
149  2516.0  0.08
150  2516.0  0.08
151  2516.0  0.08
152  2516.0  0.08
153  2516.0  0.08
154  2516.0  0.08
155  2516.0  0.08
156  2516.0  0.08
157  2516.0  0.08
158  2516.0  0.08
159  2516.0  0.08
160  2516.0  0.08
161  2516.0  0.08
162  2516.0  0.08
163  2516.0  0.08
164  2516.0  0.08
165  2516.0  0.08
166  2516.0  0.08
167  2516.0  0.08
168  2516.0  0.08
169  2516.0  0.08
170  2516.0  0.08
171  2516.0  0.08
172  2516.0  0.08
173  2516.0  0.08
174  2516.0  0.08
175  2516.0  0.08
176  2516.0  0.08
177  2516.0  0.08
178  2516.0  0.08
179  2516.0  0.08
180  2516.0  0.08
181  2516.0  0.08
182  2516.0  0.08
183  2516.0  0.08
184  2516.0  0.08
185  2516.0  0.08
186  2516.0  0.08
187  2516.0  0.08
188  2516.0  0.08
189  2550.0  0.06
190  2550.0  0.06
191  2550.0  0.06
192  2550.0  0.06
193  2550.0  0.06
194  2550.0  0.06
195  2550.0  0.06
196  2550.0  0.06
197  2550.0  0.06
198  2550.0  0.06
199  2550.0  0.06
200  2550.0  0.06
201  2550.0  0.06
202  2550.0  0.06
203  2550.0  0.06
204  2550.0  0.06
205  2550.0  0.06
206  2550.0  0.06
207  2550.0  0.06
208  2550.0  0.06
209  2550.0  0.06
210  2550.0  0.06
211  2550.0  0.06
212  2550.0  0.06
213  2550.0  0.06
214  2550.0  0.06
215  2550.0  0.06
216  2550.0  0.06
217  2576.25  0.02
218  2576.25  0.02
219  2576.25  0.02
220  2576.25  0.02
221  2576.25  0.02
222  2576.25  0.02
223  2576.25  0.02
224  2576.25  0.02
225  2576.25  0.02
226  2576.25  0.02
227  2576.25  0.02
228  2576.25  0.02
229  2576.25  0.02
230  2576.25  0.02
231  2576.25  0.02
232  2576.25  0.02
233  2576.25  0.02
234  2576.25  0.02
235  2576.25  0.02
236  2576.25  0.02
237  2576.25  0.02
238  2576.25  0.02
239  2576.25  0.02
240  2576.25  0.02
241  2576.25  0.02
242  2576.25  0.02
243  2576.25  0.02
244  2576.25  0.02
245  2576.25  0.02
246  2576.25  0.02
247  2576.25  0.02
248  2576.25  0.02
249  2576.25  0.02
250  2576.25  0.02
251  2576.25  0.02
252  2582.25  0.04
253  2582.25  0.04
254  2582.25  0.04
255  2582.25  0.04
256  2601.75  0.05
257  2601.75  0.05
258  2601.75  0.05
259  2601.75  0.05
260  2601.75  0.05
261  2601.75  0.05
262  2601.75  0.05
263  2601.75  0.05
264  2601.75  0.05
265  2601.75  0.05
266  2601.75  0.05
267  2601.75  0.05
268  2601.75  0.05
269  2601.75  0.05
270  2601.75  0.05
271  2601.75  0.05
272  2601.75  0.05
273  2601.75  0.05
274  2601.75  0.05
275  2601.75  0.05
276  2601.75  0.05
277  2601.75  0.05
278  2601.75  0.05
279  2601.75  0.05
280  2601.75  0.05
281  2601.75  0.05
282  2601.75  0.05
283  2601.75  0.05
284  2601.75  0.05
285  2601.75  0.05
286  2601.75  0.05
287  2601.75  0.05
288  2601.75  0.05
289  2601.75  0.05
290  2601.75  0.05
291  2601.75  0.05
292  2601.75  0.05
293  2601.75  0.05
294  2601.75  0.05
295  2601.75  0.05
296  2601.75  0.05
297  2601.75  0.05
298  2601.75  0.05
299  2601.75  0.05
300  2601.75  0.05
301  2601.75  0.05
302  2601.75  0.05
303  2601.75  0.05
304  2601.75  0.05
305  2601.75  0.05
306  2601.75  0.05
307  2601.75  0.05
308  2601.75  0.05
309  2601.75  0.05
310  2601.75  0.05
311  2601.75  0.05
312  2601.75  0.05
313  2601.75  0.05
314  2601.75  0.05
315  2601.75  0.05
316  2601.75  0.05
317  2601.75  0.05
318  2601.75  0.05
319  2601.75  0.05
320  2601.75  0.05
321  2601.75  0.05
322  2601.75  0.05
323  2601.75  0.05
324  2601.75  0.05
325  2601.75  0.05
326  2601.75  0.05
327  2601.75  0.05
328  2601.75  0.05
329  2601.75  0.05
330  2601.75  0.05
331  2601.75  0.05
332  2601.75  0.05
333  2601.75  0.05
334  2601.75  0.05
335  2601.75  0.05
336  2601.75  0.05
337  2601.75  0.05
338  2601.75  0.05
339  2601.75  0.05
340  2601.75  0.05
341  2601.75  0.05
342  2601.75  0.05
343  2601.75  0.05
344  2601.75  0.05
345  2601.75  0.05
346  2601.75  0.05
347  2601.75  0.05
348  2601.75  0.05
349  2601.75  0.05
350  2601.75  0.05
351  2601.75  0.05
352  2601.75  0.05
353  2601.75  0.05
354  2601.75  0.05
355  2601.75  0.05
356  2601.75  0.05
357  2601.75  0.05
358  2601.75  0.05
359  2601.75  0.05
360  2601.75  0.05
361  2601.75  0.05
362  2601.75  0.05
363  2601.75  0.05
364  2601.75  0.05
365  2601.75  0.05
366  2601.75  0.05
367  2601.75  0.05
368  2601.75  0.05
369  2601.75  0.05
370  2601.75  0.05
371  2601.75  0.05
372  2601.75  0.05
373  2601.75  0.05
374  2601.75  0.05
375  2601.75  0.05
376  2601.75  0.05
377  2601.75  0.05
378  2601.75  0.05
379  2601.75  0.05
380  2601.75  0.05
381  2601.75  0.05
382  2601.75  0.05
383  2601.75  0.05
384  2601.75  0.05
385  2601.75  0.05
386  2601.75  0.05
387  2601.75  0.05
388  2731.5  0.02
389  2731.5  0.02
390  2731.5  0.02
391  2731.5  0.02
392  2731.5  0.02
393  2731.5  0.02
394  2731.5  0.02
395  2731.5  0.02
396  2731.5  0.02
397  2731.5  0.02
398  2731.5  0.02
399  2731.5  0.02
400  2731.5  0.02
401  2731.5  0.02
402  2731.5  0.02
403  2731.5  0.02
404  2731.5  0.02
405  2731.5  0.02
406  2731.5  0.02
407  2731.5  0.02
408  2731.5  0.02
409  2731.5  0.02
410  2731.5  0.02
411  2731.5  0.02
412  2731.5  0.02
413  2731.5  0.02
414  2731.5  0.02
415  2731.5  0.02
416  2731.5  0.02
417  2731.5  0.02
418  2731.5  0.02
419  2731.5  0.02
420  2731.5  0.02
421  2731.5  0.02
422  2731.5  0.02
423  2731.5  0.02
424  2731.5  0.02
425  2731.5  0.02
426  2731.5  0.02
427  2731.5  0.02
428  2731.5  0.02
429  2731.5  0.02
430  2731.5  0.02
431  2731.5  0.02
432  2731.5  0.02
433  2731.5  0.02
434  2731.5  0.02
435  2731.5  0.02
436  2731.5  0.02
437  2731.5  0.02
438  2731.5  0.02
439  2731.5  0.02
440  2731.5  0.02
441  2731.5  0.02
442  2731.5  0.02
443  2731.5  0.02
444  2731.5  0.02
445  2731.5  0.02
446  2731.5  0.02
447  2731.5  0.02
448  2731.5  0.02
449  2731.5  0.02
450  2731.5  0.02
451  2731.5  0.02
452  2731.5  0.02
453  2731.5  0.02
454  2731.5  0.02
455  2731.5  0.02
456  2731.5  0.02
457  2731.5  0.02
458  2731.5  0.02
459  2731.5  0.02
460  2731.5  0.02
461  2731.5  0.02
462  2731.5  0.02
463  2731.5  0.02
464  2731.5  0.02
465  2731.5  0.02
466  2731.5  0.02
467  2731.5  0.02
468  2731.5  0.02
469  2731.5  0.02
470  2731.5  0.02
471  2731.5  0.02
472  2731.5  0.02
473  2731.5  0.02
474  2731.5  0.02
475  2731.5  0.02
476  2731.5  0.02
477  2731.5  0.02
478  2731.5  0.02
479  2731.5  0.02
480  2731.5  0.02
481  2731.5  0.02
482  2731.5  0.02
483  2731.5  0.02
484  2731.5  0.02
485  2731.5  0.02
486  2731.5  0.02
487  2731.5  0.02
488  2731.5  0.02
489  2731.5  0.02
490  2731.5  0.02
491  2731.5  0.02
492  2731.5  0.02
493  2731.5  0.02
494  2731.5  0.02
495  2731.5  0.02
496  2731.5  0.02
497  2731.5  0.02
498  2731.5  0.02
499  2731.5  0.02
500  2731.5  0.02
501  2731.5  0.02
502  2731.5  0.02
503  2731.5  0.02
504  2731.5  0.02
505  2731.5  0.02
506  2731.5  0.02
507  2731.5  0.02
508  2731.5  0.02
509  2731.5  0.02
510  2731.5  0.02
511  2731.5  0.02
512  2731.5  0.02
513  2731.5  0.02
514  2731.5  0.02
515  2731.5  0.02
516  2731.5  0.02
517  2731.5  0.02
518  2731.5  0.02
519  2731.5  0.02
520  2731.5  0.02
521  2731.5  0.02
522  2731.5  0.02
523  2731.5  0.02
524  2731.5  0.02
525  2731.5  0.02
526  2731.5  0.02
527  2731.5  0.02
528  2731.5  0.02
529  2731.5  0.02
530  2731.5  0.02
531  2731.5  0.02
532  2731.5  0.02
533  2731.5  0.02
534  2731.5  0.02
535  2731.5  0.02
536  2731.5  0.02
537  2731.5  0.02
538  2731.5  0.02
539  2731.5  0.02
540  2731.5  0.02
541  2731.5  0.02
542  2731.5  0.02
543  2731.5  0.02
544  2731.5  0.02
545  2731.5  0.02
546  2731.5  0.02
547  2731.5  0.02
548  2731.5  0.02
549  2731.5  0.02
550  2731.5  0.02
551  2731.5  0.02
552  2731.5  0.02
553  2731.5  0.02
554  2731.5  0.02
555  2731.5  0.02
556  2731.5  0.02
557  2731.5  0.02
558  2731.5  0.02
559  2731.5  0.02
560  2731.5  0.02
561  2731.5  0.02
562  2731.5  0.02
563  2731.5  0.02
564  2731.5  0.02
565  2731.5  0.02
566  2731.5  0.02
567  2731.5  0.02
568  2731.5  0.02
569  2731.5  0.02
570  2731.5  0.02
571  2731.5  0.02
572  2731.5  0.02
573  2731.5  0.02
574  2731.5  0.02
575  2731.5  0.02
576  2731.5  0.02
577  2731.5  0.02
578  2731.5  0.02
579  2731.5  0.02
580  2731.5  0.02
581  2731.5  0.02
582  2731.5  0.02
583  2731.5  0.02
584  2731.5  0.02
585  2731.5  0.02
586  2731.5  0.02
587  2731.5  0.02
588  2731.5  0.02
589  2731.5  0.02
590  2731.5  0.02
591  2731.5  0.02
592  2731.5  0.02
593  2731.5  0.02
594  2731.5  0.02
595  2731.5  0.02
596  2731.5  0.02
597  2731.5  0.02
598  2731.5  0.02
599  2731.5  0.02
600  2731.5  0.02
601  2731.5  0.02
602  2731.5  0.02
603  2731.5  0.02
604  2731.5  0.02
605  2731.5  0.02
606  2731.5  0.02
607  2731.5  0.02
608  2731.5  0.02
609  2731.5  0.02
610  2731.5  0.02
611  2731.5  0.02
612  2731.5  0.02
613  2731.5  0.02
614  2731.5  0.02
615  2731.5  0.02
616  2731.5  0.02
617  2731.5  0.02
618  2731.5  0.02
619  2731.5  0.02
620  2731.5  0.02
621  2731.5  0.02
622  2731.5  0.02
623  2731.5  0.02
624  2731.5  0.02
625  2731.5  0.02
626  2731.5  0.02
627  2731.5  0.02
628  2731.5  0.02
629  2731.5  0.02
630  2731.5  0.02
631  2731.5  0.02
632  2731.5  0.02
633  2731.5  0.02
634  2731.5  0.02
635  2731.5  0.02
636  2731.5  0.02
637  2731.5  0.02
638  2731.5  0.02
639  2731.5  0.02
640  2731.5  0.02
641  2731.5  0.02
642  2731.5  0.02
643  2731.5  0.02
644  2731.5  0.02
645  2731.5  0.02
646  2731.5  0.02
647  2731.5  0.02
648  2731.5  0.02
649  2731.5  0.02
650  2731.5  0.02
651  2731.5  0.02
652  2731.5  0.02
653  2731.5  0.02
654  2731.5  0.02
655  2731.5  0.02
656  2731.5  0.02
657  2731.5  0.02
658  2731.5  0.02
659  2731.5  0.02
660  2731.5  0.02
661  2731.5  0.02
662  2731.5  0.02
663  2731.5  0.02
664  2731.5  0.02
665  2731.5  0.02
666  2731.5  0.02
667  2731.5  0.02
668  2731.5  0.02
669  2731.5  0.02
670  2731.5  0.02
671  2731.5  0.02
672  2731.5  0.02
673  2731.5  0.02
674  2731.5  0.02
675  2731.5  0.02
676  2731.5  0.02
677  2731.5  0.02
678  2731.5  0.02
679  2731.5  0.02
680  2731.5  0.02
681  2731.5  0.02
682  2731.5  0.02
683  2731.5  0.02
684  2731.5  0.02
685  2731.5  0.02
686  2731.5  0.02
687  2731.5  0.02
688  2731.5  0.02
689  2731.5  0.02
690  2731.5  0.02
691  2731.5  0.02
692  2731.5  0.02
693  2731.5  0.02
694  2731.5  0.02
695  2731.5  0.02
696  2731.5  0.02
697  2731.5  0.02
698  2731.5  0.02
699  2731.5  0.02
700  2731.5  0.02
701  2731.5  0.02
702  2731.5  0.02
703  2731.5  0.02
704  2731.5  0.02
705  2731.5  0.02
706  2731.5  0.02
707  2731.5  0.02
708  2731.5  0.02
709  2731.5  0.02
710  2731.5  0.02
711  2731.5  0.02
712  2731.5  0.02
713  2731.5  0.02
714  2731.5  0.02
715  2731.5  0.02
716  2731.5  0.02
717  2731.5  0.02
718  2731.5  0.02
719  2731.5  0.02
720  2731.5  0.02
721  2731.5  0.02
722  2731.5  0.02
723  2731.5  0.02
724  2731.5  0.02
725  2731.5  0.02
726  2731.5  0.02
727  2731.5  0.02
728  2731.5  0.02
729  2731.5  0.02
730  2731.5  0.02
731  2731.5  0.02
732  2731.5  0.02
733  2731.5  0.02
734  2731.5  0.02
735  2731.5  0.02
736  2731.5  0.02
737  2731.5  0.02
738  2731.5  0.02
739  2731.5  0.02
740  2731.5  0.02
741  2731.5  0.02
742  2731.5  0.02
743  2731.5  0.02
744  2731.5  0.02
745  2731.5  0.02
746  2731.5  0.02
747  2731.5  0.02
748  2731.5  0.02
749  2731.5  0.02
750  2731.5  0.02
751  2731.5  0.02
752  2731.5  0.02
753  2731.5  0.02
754  2731.5  0.02
755  2731.5  0.02
756  2731.5  0.02
757  2731.5  0.02
758  2731.5  0.02
759  2731.5  0.02
760  2731.5  0.02
761  2731.5  0.02
762  2731.5  0.02
763  2731.5  0.02
764  2731.5  0.02
765  2731.5  0.02
766  2731.5  0.02
767  2731.5  0.02
768  2731.5  0.02
769  2731.5  0.02
770  2731.5  0.02
771  2731.5  0.02
772  2731.5  0.02
773  2731.5  0.02
774  2731.5  0.02
775  2731.5  0.02
776  2731.5  0.02
777  2731.5  0.02
778  2731.5  0.02
779  2731.5  0.02
780  2731.5  0.02
781  2731.5  0.02
782  2731.5  0.02
783  2731.5  0.02
784  2731.5  0.02
785  2731.5  0.02
786  2731.5  0.02
787  2731.5  0.02
788  2731.5  0.02
789  2731.5  0.02
790  2731.5  0.02
791  2731.5  0.02
792  2731.5  0.02
793  2731.5  0.02
794  2731.5  0.02
795  2731.5  0.02
796  2731.5  0.02
797  2731.5  0.02
798  2731.5  0.02
799  2731.5  0.02
800  2731.5  0.02
801  2731.5  0.02
802  2731.5  0.02
803  2731.5  0.02
804  2731.5  0.02
805  2731.5  0.02
806  2731.5  0.02
807  2731.5  0.02
808  2731.5  0.02
809  2731.5  0.02
810  2731.5  0.02
811  2731.5  0.02
812  2731.5  0.02
813  2731.5  0.02
814  2731.5  0.02
815  2731.5  0.02
816  2731.5  0.02
817  2731.5  0.02
818  2731.5  0.02
819  2731.5  0.02
820  2731.5  0.02
821  2731.5  0.02
822  2731.5  0.02
823  2731.5  0.02
824  2731.5  0.02
825  2731.5  0.02
826  2731.5  0.02
827  2731.5  0.02
828  2731.5  0.02
829  2731.5  0.02
830  2731.5  0.02
831  2731.5  0.02
832  2731.5  0.02
833  2731.5  0.02
834  2731.5  0.02
835  2731.5  0.02
836  2731.5  0.02
837  2731.5  0.02
838  2731.5  0.02
839  2731.5  0.02
840  2731.5  0.02
841  2731.5  0.02
842  2731.5  0.02
843  2731.5  0.02
844  2731.5  0.02
845  2731.5  0.02
846  2731.5  0.02
847  2731.5  0.02
848  2731.5  0.02
849  2731.5  0.02
850  2731.5  0.02
851  2731.5  0.02
852  2731.5  0.02
853  2731.5  0.02
854  2731.5  0.02
855  2731.5  0.02
856  2731.5  0.02
857  2731.5  0.02
858  2731.5  0.02
859  2731.5  0.02
860  2731.5  0.02
861  2731.5  0.02
862  2731.5  0.02
863  2731.5  0.02
864  2731.5  0.02
865  2731.5  0.02
866  2731.5  0.02
867  2731.5  0.02
868  2731.5  0.02
869  2731.5  0.02
870  2731.5  0.02
871  2731.5  0.02
872  2731.5  0.02
873  2731.5  0.02
874  2731.5  0.02
875  2731.5  0.02
876  2731.5  0.02
877  2731.5  0.02
878  2731.5  0.02
879  2731.5  0.02
880  2731.5  0.02
881  2731.5  0.02
882  2731.5  0.02
883  2731.5  0.02
884  2731.5  0.02
885  2731.5  0.02
886  2731.5  0.02
887  2731.5  0.02
888  2731.5  0.02
889  2731.5  0.02
890  2731.5  0.02
891  2731.5  0.02
892  2731.5  0.02
893  2731.5  0.02
894  2731.5  0.02
895  2731.5  0.02
896  2731.5  0.02
897  2731.5  0.02
898  2731.5  0.02
899  2731.5  0.02
900  2731.5  0.02
901  2731.5  0.02
902  2731.5  0.02
903  2731.5  0.02
904  2731.5  0.02
905  2731.5  0.02
906  2731.5  0.02
907  2731.5  0.02
908  2731.5  0.02
909  2731.5  0.02
910  2731.5  0.02
911  2731.5  0.02
912  2731.5  0.02
913  2731.5  0.02
914  2731.5  0.02
915  2731.5  0.02
916  2731.5  0.02
917  2731.5  0.02
918  2731.5  0.02
919  2731.5  0.02
920  2731.5  0.02
921  2731.5  0.02
922  2731.5  0.02
923  2731.5  0.02
924  2731.5  0.02
925  2731.5  0.02
926  2731.5  0.02
927  2731.5  0.02
928  2731.5  0.02
929  2731.5  0.02
930  2731.5  0.02
931  2731.5  0.02
932  2731.5  0.02
933  2731.5  0.02
934  2731.5  0.02
935  2731.5  0.02
936  2731.5  0.02
937  2731.5  0.02
938  2731.5  0.02
939  2731.5  0.02
940  2731.5  0.02
941  2731.5  0.02
942  2731.5  0.02
943  2731.5  0.02
944  2731.5  0.02
945  2731.5  0.02
946  2731.5  0.02
947  2731.5  0.02
948  2731.5  0.02
949  2731.5  0.02
950  2731.5  0.02
951  2731.5  0.02
952  2731.5  0.02
953  2731.5  0.02
954  2731.5  0.02
955  2731.5  0.02
956  2731.5  0.02
957  2731.5  0.02
958  2731.5  0.02
959  2731.5  0.02
960  2731.5  0.02
961  2731.5  0.02
962  2731.5  0.02
963  2731.5  0.02
964  2731.5  0.02
965  2731.5  0.02
966  2731.5  0.02
967  2731.5  0.02
968  2731.5  0.02
969  2731.5  0.02
970  2731.5  0.02
971  2731.5  0.02
972  2731.5  0.02
973  2731.5  0.02
974  2731.5  0.02
975  2731.5  0.02
976  2731.5  0.02
977  2731.5  0.02
978  2731.5  0.02
979  2731.5  0.02
980  2731.5  0.02
981  2731.5  0.02
982  2731.5  0.02
983  2731.5  0.02
984  2731.5  0.02
985  2731.5  0.02
986  2731.5  0.02
987  2731.5  0.02
988  2731.5  0.02
989  2731.5  0.02
990  2731.5  0.02
991  2731.5  0.02
992  2731.5  0.02
993  2731.5  0.02
994  2731.5  0.02
995  2731.5  0.02
996  2731.5  0.02
997  2731.5  0.02
998  2731.5  0.02
999  2731.5  0.02
1000  2731.5  0.02
1001  2731.5  0.02
1002  2731.5  0.02
1003  2731.5  0.02
1004  2731.5  0.02
1005  2731.5  0.02
1006  2731.5  0.02
1007  2731.5  0.02
1008  2731.5  0.02
1009  2731.5  0.02
1010  2731.5  0.02
1011  2731.5  0.02
1012  2731.5  0.02
1013  2731.5  0.02
1014  2731.5  0.02
1015  2731.5  0.02
1016  2731.5  0.02
1017  2731.5  0.02
1018  2731.5  0.02
1019  2731.5  0.02
1020  2731.5  0.02
1021  2731.5  0.02
1022  2731.5  0.02
1023  2731.5  0.02
1024  2731.5  0.02
1025  2731.5  0.02
1026  2731.5  0.02
1027  2731.5  0.02
1028  2731.5  0.02
1029  2731.5  0.02
1030  2731.5  0.02
1031  2731.5  0.02
1032  2731.5  0.02
1033  2731.5  0.02
1034  2731.5  0.02
1035  2731.5  0.02
1036  2731.5  0.02
1037  2731.5  0.02
1038  2731.5  0.02
1039  2731.5  0.02
1040  2731.5  0.02
1041  2731.5  0.02
1042  2731.5  0.02
1043  2731.5  0.02
1044  2731.5  0.02
1045  2731.5  0.02
1046  2731.5  0.02
1047  2731.5  0.02
1048  2731.5  0.02
1049  2731.5  0.02
1050  2731.5  0.02
1051  2731.5  0.02
1052  2731.5  0.02
1053  2731.5  0.02
1054  2731.5  0.02
1055  2731.5  0.02
1056  2731.5  0.02
1057  2731.5  0.02
1058  2731.5  0.02
1059  2731.5  0.02
1060  2731.5  0.02
1061  2731.5  0.02
1062  2731.5  0.02
1063  2731.5  0.02
1064  2731.5  0.02
1065  2731.5  0.02
1066  2731.5  0.02
1067  2731.5  0.02
1068  2731.5  0.02
1069  2731.5  0.02
1070  2731.5  0.02
1071  2731.5  0.02
1072  2731.5  0.02
1073  2731.5  0.02
1074  2731.5  0.02
1075  2731.5  0.02
1076  2731.5  0.02
1077  2731.5  0.02
1078  2731.5  0.02
1079  2731.5  0.02
1080  2731.5  0.02
1081  2731.5  0.02
1082  2731.5  0.02
1083  2731.5  0.02
1084  2731.5  0.02
1085  2731.5  0.02
1086  2731.5  0.02
1087  2731.5  0.02
1088  2731.5  0.02
1089  2731.5  0.02
1090  2731.5  0.02
1091  2731.5  0.02
1092  2731.5  0.02
1093  2731.5  0.02
1094  2731.5  0.02
1095  2731.5  0.02
1096  2731.5  0.02
1097  2731.5  0.02
1098  2731.5  0.02
1099  2731.5  0.02
1100  2731.5  0.02
1101  2731.5  0.02
1102  2731.5  0.02
1103  2731.5  0.02
1104  2731.5  0.02
1105  2731.5  0.02
1106  2731.5  0.02
1107  2731.5  0.02
1108  2731.5  0.02
1109  2731.5  0.02
1110  2731.5  0.02
1111  2731.5  0.02
1112  2731.5  0.02
1113  2731.5  0.02
1114  2731.5  0.02
1115  2731.5  0.02
1116  2731.5  0.02
1117  2731.5  0.02
1118  2731.5  0.02
1119  2731.5  0.02
1120  2731.5  0.02
1121  2731.5  0.02
1122  2731.5  0.02
1123  2731.5  0.02
1124  2731.5  0.02
1125  2731.5  0.02
1126  2731.5  0.02
1127  2731.5  0.02
1128  2731.5  0.02
1129  2731.5  0.02
1130  2731.5  0.02
1131  2731.5  0.02
1132  2731.5  0.02
1133  2731.5  0.02
1134  2731.5  0.02
1135  2731.5  0.02
1136  2731.5  0.02
1137  2731.5  0.02
1138  2731.5  0.02
1139  2731.5  0.02
1140  2731.5  0.02
1141  2731.5  0.02
1142  2731.5  0.02
1143  2731.5  0.02
1144  2731.5  0.02
1145  2731.5  0.02
1146  2731.5  0.02
1147  2731.5  0.02
1148  2731.5  0.02
1149  2731.5  0.02
1150  2731.5  0.02
1151  2731.5  0.02
1152  2731.5  0.02
1153  2731.5  0.02
1154  2731.5  0.02
1155  2731.5  0.02
1156  2731.5  0.02
1157  2731.5  0.02
1158  2731.5  0.02
1159  2731.5  0.02
1160  2731.5  0.02
1161  2731.5  0.02
1162  2731.5  0.02
1163  2731.5  0.02
1164  2731.5  0.02
1165  2731.5  0.02
1166  2731.5  0.02
1167  2731.5  0.02
1168  2731.5  0.02
1169  2731.5  0.02
1170  2731.5  0.02
1171  2731.5  0.02
1172  2731.5  0.02
1173  2731.5  0.02
1174  2731.5  0.02
1175  2731.5  0.02
1176  2731.5  0.02
1177  2731.5  0.02
1178  2731.5  0.02
1179  2731.5  0.02
1180  2731.5  0.02
1181  2731.5  0.02
1182  2731.5  0.02
1183  2731.5  0.02
1184  2731.5  0.02
1185  2731.5  0.02
1186  2731.5  0.02
1187  2731.5  0.02
1188  2731.5  0.02
1189  2731.5  0.02
1190  2731.5  0.02
1191  2731.5  0.02
1192  2731.5  0.02
1193  2731.5  0.02
1194  2731.5  0.02
1195  2731.5  0.02
1196  2731.5  0.02
1197  2731.5  0.02
1198  2731.5  0.02
1199  2731.5  0.02
1200  2731.5  0.02
1201  2731.5  0.02
1202  2731.5  0.02
1203  2731.5  0.02
1204  2731.5  0.02
1205  2731.5  0.02
1206  2731.5  0.02
1207  2731.5  0.02
1208  2731.5  0.02
1209  2731.5  0.02
1210  2731.5  0.02
1211  2731.5  0.02
1212  2731.5  0.02
1213  2731.5  0.02
1214  2731.5  0.02
1215  2731.5  0.02
1216  2731.5  0.02
1217  2731.5  0.02
1218  2731.5  0.02
1219  2731.5  0.02
1220  2731.5  0.02
1221  2731.5  0.02
1222  2731.5  0.02
1223  2731.5  0.02
1224  2731.5  0.02
1225  2731.5  0.02
1226  2731.5  0.02
1227  2731.5  0.02
1228  2731.5  0.02
1229  2731.5  0.02
1230  2731.5  0.02
1231  2731.5  0.02
1232  2731.5  0.02
1233  2731.5  0.02
1234  2731.5  0.02
1235  2731.5  0.02
1236  2731.5  0.02
1237  2731.5  0.02
1238  2731.5  0.02
1239  2731.5  0.02
1240  2731.5  0.02
1241  2731.5  0.02
1242  2731.5  0.02
1243  2731.5  0.02
1244  2731.5  0.02
1245  2731.5  0.02
1246  2731.5  0.02
1247  2731.5  0.02
1248  2731.5  0.02
1249  2731.5  0.02
1250  2731.5  0.02
1251  2731.5  0.02
1252  2731.5  0.02
1253  2731.5  0.02
1254  2731.5  0.02
1255  2731.5  0.02
1256  2731.5  0.02
1257  2731.5  0.02
1258  2731.5  0.02
1259  2731.5  0.02
1260  2731.5  0.02
1261  2731.5  0.02
1262  2731.5  0.02
1263  2731.5  0.02
1264  2731.5  0.02
1265  2731.5  0.02
1266  2731.5  0.02
1267  2731.5  0.02
1268  2731.5  0.02
1269  2731.5  0.02
1270  2731.5  0.02
1271  2731.5  0.02
1272  2731.5  0.02
1273  2731.5  0.02
1274  2731.5  0.02
1275  2731.5  0.02
1276  2731.5  0.02
1277  2731.5  0.02
1278  2731.5  0.02
1279  2731.5  0.02
1280  2731.5  0.02
1281  2731.5  0.02
1282  2731.5  0.02
1283  2731.5  0.02
1284  2731.5  0.02
1285  2731.5  0.02
1286  2731.5  0.02
1287  2731.5  0.02
1288  2731.5  0.02
1289  2731.5  0.02
1290  2731.5  0.02
1291  2731.5  0.02
1292  2731.5  0.02
1293  2731.5  0.02
1294  2731.5  0.02
1295  2731.5  0.02
1296  2731.5  0.02
1297  2731.5  0.02
1298  2731.5  0.02
1299  2731.5  0.02
1300  2731.5  0.02
1301  2731.5  0.02
1302  2731.5  0.02
1303  2731.5  0.02
1304  2731.5  0.02
1305  2731.5  0.02
1306  2731.5  0.02
1307  2731.5  0.02
1308  2731.5  0.02
1309  2731.5  0.02
1310  2731.5  0.02
1311  2731.5  0.02
1312  2731.5  0.02
1313  2731.5  0.02
1314  2731.5  0.02
1315  2731.5  0.02
1316  2731.5  0.02
1317  2731.5  0.02
1318  2731.5  0.02
1319  2731.5  0.02
1320  2731.5  0.02
1321  2731.5  0.02
1322  2731.5  0.02
1323  2731.5  0.02
1324  2731.5  0.02
1325  2731.5  0.02
1326  2731.5  0.02
1327  2731.5  0.02
1328  2731.5  0.02
1329  2731.5  0.02
1330  2731.5  0.02
1331  2731.5  0.02
1332  2731.5  0.02
1333  2731.5  0.02
1334  2731.5  0.02
1335  2731.5  0.02
1336  2731.5  0.02
1337  2731.5  0.02
1338  2731.5  0.02
1339  2731.5  0.02
1340  2731.5  0.02
1341  2731.5  0.02
1342  2731.5  0.02
1343  2731.5  0.02
1344  2731.5  0.02
1345  2731.5  0.02
1346  2731.5  0.02
1347  2731.5  0.02
1348  2731.5  0.02
1349  2731.5  0.02
1350  2731.5  0.02
1351  2731.5  0.02
1352  2731.5  0.02
1353  2731.5  0.02
1354  2731.5  0.02
1355  2731.5  0.02
1356  2731.5  0.02
1357  2731.5  0.02
1358  2731.5  0.02
1359  2731.5  0.02
1360  2731.5  0.02
1361  2731.5  0.02
1362  2731.5  0.02
1363  2731.5  0.02
1364  2731.5  0.02
1365  2731.5  0.02
1366  2731.5  0.02
1367  2731.5  0.02
1368  2731.5  0.02
1369  2731.5  0.02
1370  2731.5  0.02
1371  2731.5  0.02
1372  2731.5  0.02
1373  2731.5  0.02
1374  2731.5  0.02
1375  2731.5  0.02
1376  2731.5  0.02
1377  2731.5  0.02
1378  2731.5  0.02
1379  2731.5  0.02
1380  2731.5  0.02
1381  2731.5  0.02
1382  2748.75  0.03
1383  2748.75  0.03
1384  2748.75  0.03
1385  2748.75  0.03
1386  2748.75  0.03
1387  2748.75  0.03
1388  2748.75  0.03
1389  2748.75  0.03
1390  2748.75  0.03
1391  2748.75  0.03
1392  2748.75  0.03
1393  2748.75  0.03
1394  2748.75  0.03
1395  2748.75  0.03
1396  2748.75  0.03
1397  2748.75  0.03
1398  2748.75  0.03
1399  2748.75  0.03
1400  2748.75  0.03
1401  2748.75  0.03
1402  2748.75  0.03
1403  2748.75  0.03
1404  2748.75  0.03
1405  2748.75  0.03
1406  2748.75  0.03
1407  2748.75  0.03
1408  2748.75  0.03
1409  2748.75  0.03
1410  2748.75  0.03
1411  2748.75  0.03
1412  2748.75  0.03
1413  2748.75  0.03
1414  2748.75  0.03
1415  2748.75  0.03
1416  2748.75  0.03
1417  2748.75  0.03
1418  2748.75  0.03
1419  2748.75  0.03
1420  2748.75  0.03
1421  2748.75  0.03
1422  2748.75  0.03
1423  2748.75  0.03
1424  2748.75  0.03
1425  2748.75  0.03
1426  2748.75  0.03
1427  2748.75  0.03
1428  2748.75  0.03
1429  2748.75  0.03
1430  2748.75  0.03
1431  2748.75  0.03
1432  2748.75  0.03
1433  2748.75  0.03
1434  2748.75  0.03
1435  2748.75  0.03
1436  2748.75  0.03
1437  2748.75  0.03
1438  2748.75  0.03
1439  2748.75  0.03
1440  2748.75  0.03
1441  2748.75  0.03
1442  2748.75  0.03
1443  2748.75  0.03
1444  2748.75  0.03
1445  2748.75  0.03
1446  2748.75  0.03
1447  2748.75  0.03
1448  2748.75  0.03
1449  2748.75  0.03
1450  2748.75  0.03
1451  2748.75  0.03
1452  2748.75  0.03
1453  2748.75  0.03
1454  2748.75  0.03
1455  2748.75  0.03
1456  2748.75  0.03
1457  2748.75  0.03
1458  2748.75  0.03
1459  2748.75  0.03
1460  2748.75  0.03
1461  2748.75  0.03
1462  2748.75  0.03
1463  2748.75  0.03
1464  2748.75  0.03
1465  2748.75  0.03
1466  2748.75  0.03
1467  2748.75  0.03
1468  2748.75  0.03
1469  2748.75  0.03
1470  2748.75  0.03
1471  2748.75  0.03
1472  2748.75  0.03
1473  2748.75  0.03
1474  2748.75  0.03
1475  2748.75  0.03
1476  2748.75  0.03
1477  2748.75  0.03
1478  2748.75  0.03
1479  2748.75  0.03
1480  2748.75  0.03
1481  2748.75  0.03
1482  2748.75  0.03
1483  2748.75  0.03
1484  2748.75  0.03
1485  2748.75  0.03
1486  2748.75  0.03
1487  2748.75  0.03
1488  2748.75  0.03
1489  2748.75  0.03
1490  2748.75  0.03
1491  2748.75  0.03
1492  2748.75  0.03
1493  2748.75  0.03
1494  2748.75  0.03
1495  2748.75  0.03
1496  2748.75  0.03
1497  2748.75  0.03
1498  2748.75  0.03
1499  2748.75  0.03
1500  2748.75  0.03
1501  2748.75  0.03
1502  2748.75  0.03
1503  2748.75  0.03
1504  2748.75  0.03
1505  2748.75  0.03
1506  2748.75  0.03
1507  2748.75  0.03
1508  2748.75  0.03
1509  2748.75  0.03
1510  2748.75  0.03
1511  2748.75  0.03
1512  2748.75  0.03
1513  2748.75  0.03
1514  2748.75  0.03
1515  2748.75  0.03
1516  2748.75  0.03
1517  2748.75  0.03
1518  2748.75  0.03
1519  2748.75  0.03
1520  2748.75  0.03
1521  2748.75  0.03
1522  2748.75  0.03
1523  2748.75  0.03
1524  2748.75  0.03
1525  2748.75  0.03
1526  2748.75  0.03
1527  2748.75  0.03
1528  2748.75  0.03
1529  2748.75  0.03
1530  2748.75  0.03
1531  2748.75  0.03
1532  2748.75  0.03
1533  2748.75  0.03
1534  2748.75  0.03
1535  2748.75  0.03
1536  2748.75  0.03
1537  2748.75  0.03
1538  2748.75  0.03
1539  2748.75  0.03
1540  2748.75  0.03
1541  2748.75  0.03
1542  2748.75  0.03
1543  2748.75  0.03
1544  2748.75  0.03
1545  2748.75  0.03
1546  2748.75  0.03
1547  2748.75  0.03
1548  2748.75  0.03
1549  2748.75  0.03
1550  2748.75  0.03
1551  2748.75  0.03
1552  2748.75  0.03
1553  2748.75  0.03
1554  2748.75  0.03
1555  2748.75  0.03
1556  2748.75  0.03
1557  2748.75  0.03
1558  2748.75  0.03
1559  2748.75  0.03
1560  2748.75  0.03
1561  2748.75  0.03
1562  2748.75  0.03
1563  2748.75  0.03
1564  2748.75  0.03
1565  2748.75  0.03
1566  2748.75  0.03
1567  2748.75  0.03
1568  2748.75  0.03
1569  2748.75  0.03
1570  2748.75  0.03
1571  2748.75  0.03
1572  2748.75  0.03
1573  2748.75  0.03
1574  2748.75  0.03
1575  2748.75  0.03
1576  2748.75  0.03
1577  2748.75  0.03
1578  2748.75  0.03
1579  2748.75  0.03
1580  2748.75  0.03
1581  2748.75  0.03
1582  2748.75  0.03
1583  2748.75  0.03
1584  2748.75  0.03
1585  2748.75  0.03
1586  2748.75  0.03
1587  2748.75  0.03
1588  2748.75  0.03
1589  2748.75  0.03
1590  2748.75  0.03
1591  2748.75  0.03
1592  2748.75  0.03
1593  2748.75  0.03
1594  2748.75  0.03
1595  2748.75  0.03
1596  2748.75  0.03
1597  2748.75  0.03
1598  2748.75  0.03
1599  2748.75  0.03
1600  2748.75  0.03
1601  2748.75  0.03
1602  2748.75  0.03
1603  2748.75  0.03
1604  2748.75  0.03
1605  2748.75  0.03
1606  2748.75  0.03
1607  2748.75  0.03
1608  2748.75  0.03
1609  2748.75  0.03
1610  2748.75  0.03
1611  2748.75  0.03
1612  2748.75  0.03
1613  2748.75  0.03
1614  2748.75  0.03
1615  2748.75  0.03
1616  2748.75  0.03
1617  2748.75  0.03
1618  2748.75  0.03
1619  2748.75  0.03
1620  2748.75  0.03
1621  2748.75  0.03
1622  2748.75  0.03
1623  2748.75  0.03
1624  2748.75  0.03
1625  2748.75  0.03
1626  2748.75  0.03
1627  2748.75  0.03
1628  2748.75  0.03
1629  2748.75  0.03
1630  2748.75  0.03
1631  2748.75  0.03
1632  2748.75  0.03
1633  2748.75  0.03
1634  2748.75  0.03
1635  2748.75  0.03
1636  2748.75  0.03
1637  2748.75  0.03
1638  2748.75  0.03
1639  2748.75  0.03
1640  2748.75  0.03
1641  2748.75  0.03
1642  2748.75  0.03
1643  2748.75  0.03
1644  2748.75  0.03
1645  2748.75  0.03
1646  2748.75  0.03
1647  2748.75  0.03
1648  2748.75  0.03
1649  2748.75  0.03
1650  2748.75  0.03
1651  2748.75  0.03
1652  2748.75  0.03
1653  2748.75  0.03
1654  2748.75  0.03
1655  2748.75  0.03
1656  2748.75  0.03
1657  2748.75  0.03
1658  2748.75  0.03
1659  2748.75  0.03
1660  2748.75  0.03
1661  2748.75  0.03
1662  2748.75  0.03
1663  2748.75  0.03
1664  2748.75  0.03
1665  2748.75  0.03
1666  2748.75  0.03
1667  2748.75  0.03
1668  2748.75  0.03
1669  2748.75  0.03
1670  2748.75  0.03
1671  2748.75  0.03
1672  2748.75  0.03
1673  2748.75  0.03
1674  2748.75  0.03
1675  2748.75  0.03
1676  2748.75  0.03
1677  2748.75  0.03
1678  2748.75  0.03
1679  2748.75  0.03
1680  2748.75  0.03
1681  2748.75  0.03
1682  2748.75  0.03
1683  2748.75  0.03
1684  2748.75  0.03
1685  2748.75  0.03
1686  2748.75  0.03
1687  2748.75  0.03
1688  2748.75  0.03
1689  2748.75  0.03
1690  2748.75  0.03
1691  2748.75  0.03
1692  2748.75  0.03
1693  2748.75  0.03
1694  2748.75  0.03
1695  2748.75  0.03
1696  2748.75  0.03
1697  2748.75  0.03
1698  2748.75  0.03
1699  2748.75  0.03
1700  2748.75  0.03
1701  2748.75  0.03
1702  2748.75  0.03
1703  2748.75  0.03
1704  2748.75  0.03
1705  2748.75  0.03
1706  2748.75  0.03
1707  2748.75  0.03
1708  2748.75  0.03
1709  2748.75  0.03
1710  2748.75  0.03
1711  2748.75  0.03
1712  2748.75  0.03
1713  2748.75  0.03
1714  2748.75  0.03
1715  2748.75  0.03
1716  2748.75  0.03
1717  2748.75  0.03
1718  2748.75  0.03
1719  2748.75  0.03
1720  2748.75  0.03
1721  2748.75  0.03
1722  2748.75  0.03
1723  2748.75  0.03
1724  2748.75  0.03
1725  2748.75  0.03
1726  2748.75  0.03
1727  2748.75  0.03
1728  2748.75  0.03
1729  2748.75  0.03
1730  2748.75  0.03
1731  2748.75  0.03
1732  2748.75  0.03
1733  2748.75  0.03
1734  2748.75  0.03
1735  2748.75  0.03
1736  2748.75  0.03
1737  2748.75  0.03
1738  2748.75  0.03
1739  2748.75  0.03
1740  2748.75  0.03
1741  2748.75  0.03
1742  2748.75  0.03
1743  2748.75  0.03
1744  2748.75  0.03
1745  2748.75  0.03
1746  2748.75  0.03
1747  2748.75  0.03
1748  2748.75  0.03
1749  2748.75  0.03
1750  2748.75  0.03
1751  2748.75  0.03
1752  2748.75  0.03
1753  2748.75  0.03
1754  2748.75  0.03
1755  2748.75  0.03
1756  2748.75  0.03
1757  2748.75  0.03
1758  2748.75  0.03
1759  2748.75  0.03
1760  2748.75  0.03
1761  2748.75  0.03
1762  2748.75  0.03
1763  2748.75  0.03
1764  2748.75  0.03
1765  2748.75  0.03
1766  2748.75  0.03
1767  2748.75  0.03
1768  2748.75  0.03
1769  2748.75  0.03
1770  2748.75  0.03
1771  2748.75  0.03
1772  2748.75  0.03
1773  2748.75  0.03
1774  2748.75  0.03
1775  2748.75  0.03
1776  2748.75  0.03
1777  2748.75  0.03
1778  2748.75  0.03
1779  2748.75  0.03
1780  2748.75  0.03
1781  2748.75  0.03
1782  2748.75  0.03
1783  2748.75  0.03
1784  2748.75  0.03
1785  2748.75  0.03
1786  2748.75  0.03
1787  2748.75  0.03
1788  2748.75  0.03
1789  2748.75  0.03
1790  2748.75  0.03
1791  2748.75  0.03
1792  2748.75  0.03
1793  2748.75  0.03
1794  2748.75  0.03
1795  2748.75  0.03
1796  2748.75  0.03
1797  2748.75  0.03
1798  2748.75  0.03
1799  2748.75  0.03
1800  2748.75  0.03
1801  2748.75  0.03
1802  2748.75  0.03
1803  2748.75  0.03
1804  2748.75  0.03
1805  2748.75  0.03
1806  2748.75  0.03
1807  2748.75  0.03
1808  2748.75  0.03
1809  2748.75  0.03
1810  2748.75  0.03
1811  2748.75  0.03
1812  2748.75  0.03
1813  2748.75  0.03
1814  2748.75  0.03
1815  2748.75  0.03
1816  2748.75  0.03
1817  2748.75  0.03
1818  2748.75  0.03
1819  2748.75  0.03
1820  2748.75  0.03
1821  2748.75  0.03
1822  2748.75  0.03
1823  2748.75  0.03
1824  2748.75  0.03
1825  2748.75  0.03
1826  2748.75  0.03
1827  2748.75  0.03
1828  2748.75  0.03
1829  2748.75  0.03
1830  2748.75  0.03
1831  2748.75  0.03
1832  2748.75  0.03
1833  2748.75  0.03
1834  2748.75  0.03
1835  2748.75  0.03
1836  2748.75  0.03
1837  2748.75  0.03
1838  2748.75  0.03
1839  2748.75  0.03
1840  2748.75  0.03
1841  2748.75  0.03
1842  2748.75  0.03
1843  2748.75  0.03
1844  2748.75  0.03
1845  2748.75  0.03
1846  2748.75  0.03
1847  2748.75  0.03
1848  2748.75  0.03
1849  2748.75  0.03
1850  2748.75  0.03
1851  2748.75  0.03
1852  2748.75  0.03
1853  2748.75  0.03
1854  2748.75  0.03
1855  2748.75  0.03
1856  2748.75  0.03
1857  2748.75  0.03
1858  2748.75  0.03
1859  2748.75  0.03
1860  2748.75  0.03
1861  2748.75  0.03
1862  2748.75  0.03
1863  2748.75  0.03
1864  2748.75  0.03
1865  2748.75  0.03
1866  2748.75  0.03
1867  2748.75  0.03
1868  2748.75  0.03
1869  2748.75  0.03
1870  2748.75  0.03
1871  2748.75  0.03
1872  2748.75  0.03
1873  2748.75  0.03
1874  2748.75  0.03
1875  2748.75  0.03
1876  2748.75  0.03
1877  2748.75  0.03
1878  2748.75  0.03
1879  2748.75  0.03
1880  2748.75  0.03
1881  2748.75  0.03
1882  2748.75  0.03
1883  2748.75  0.03
1884  2748.75  0.03
1885  2748.75  0.03
1886  2748.75  0.03
1887  2748.75  0.03
1888  2748.75  0.03
1889  2748.75  0.03
1890  2748.75  0.03
1891  2748.75  0.03
1892  2748.75  0.03
1893  2748.75  0.03
1894  2748.75  0.03
1895  2748.75  0.03
1896  2748.75  0.03
1897  2748.75  0.03
1898  2748.75  0.03
1899  2748.75  0.03
1900  2748.75  0.03
1901  2748.75  0.03
1902  2748.75  0.03
1903  2748.75  0.03
1904  2748.75  0.03
1905  2748.75  0.03
1906  2748.75  0.03
1907  2748.75  0.03
1908  2748.75  0.03
1909  2748.75  0.03
1910  2748.75  0.03
1911  2748.75  0.03
1912  2748.75  0.03
1913  2748.75  0.03
1914  2748.75  0.03
1915  2748.75  0.03
1916  2748.75  0.03
1917  2748.75  0.03
1918  2748.75  0.03
1919  2748.75  0.03
1920  2748.75  0.03
1921  2748.75  0.03
1922  2748.75  0.03
1923  2748.75  0.03
1924  2748.75  0.03
1925  2748.75  0.03
1926  2748.75  0.03
1927  2748.75  0.03
1928  2748.75  0.03
1929  2748.75  0.03
1930  2748.75  0.03
1931  2748.75  0.03
1932  2748.75  0.03
1933  2748.75  0.03
1934  2748.75  0.03
1935  2748.75  0.03
1936  2748.75  0.03
1937  2748.75  0.03
1938  2748.75  0.03
1939  2748.75  0.03
1940  2748.75  0.03
1941  2748.75  0.03
1942  2748.75  0.03
1943  2748.75  0.03
1944  2748.75  0.03
1945  2748.75  0.03
1946  2748.75  0.03
1947  2748.75  0.03
1948  2748.75  0.03
1949  2748.75  0.03
1950  2748.75  0.03
1951  2748.75  0.03
1952  2748.75  0.03
1953  2748.75  0.03
1954  2748.75  0.03
1955  2748.75  0.03
1956  2748.75  0.03
1957  2748.75  0.03
1958  2748.75  0.03
1959  2748.75  0.03
1960  2748.75  0.03
1961  2748.75  0.03
1962  2748.75  0.03
1963  2748.75  0.03
1964  2748.75  0.03
1965  2748.75  0.03
1966  2748.75  0.03
1967  2748.75  0.03
1968  2748.75  0.03
1969  2748.75  0.03
1970  2748.75  0.03
1971  2748.75  0.03
1972  2748.75  0.03
1973  2748.75  0.03
1974  2748.75  0.03
1975  2748.75  0.03
1976  2748.75  0.03
1977  2748.75  0.03
1978  2748.75  0.03
1979  2748.75  0.03
1980  2748.75  0.03
1981  2748.75  0.03
1982  2748.75  0.03
1983  2748.75  0.03
1984  2748.75  0.03
1985  2748.75  0.03
1986  2748.75  0.03
1987  2748.75  0.03
1988  2748.75  0.03
1989  2748.75  0.03
1990  2748.75  0.03
1991  2748.75  0.03
1992  2748.75  0.03
1993  2748.75  0.03
1994  2748.75  0.03
1995  2748.75  0.03
1996  2748.75  0.03
1997  2748.75  0.03
1998  2748.75  0.03
1999  2748.75  0.03
2000  2748.75  0.03
2001  2748.75  0.03
2002  2748.75  0.03
2003  2748.75  0.03
2004  2748.75  0.03
2005  2748.75  0.03
2006  2748.75  0.03
2007  2748.75  0.03
2008  2748.75  0.03
2009  2748.75  0.03
2010  2748.75  0.03
2011  2748.75  0.03
2012  2748.75  0.03
2013  2748.75  0.03
2014  2748.75  0.03
2015  2748.75  0.03
2016  2748.75  0.03
2017  2748.75  0.03
2018  2748.75  0.03
2019  2748.75  0.03
2020  2748.75  0.03
2021  2748.75  0.03
2022  2748.75  0.03
2023  2748.75  0.03
2024  2748.75  0.03
2025  2748.75  0.03
2026  2748.75  0.03
2027  2748.75  0.03
2028  2748.75  0.03
2029  2748.75  0.03
2030  2748.75  0.03
2031  2748.75  0.03
2032  2748.75  0.03
2033  2748.75  0.03
2034  2748.75  0.03
2035  2748.75  0.03
2036  2748.75  0.03
2037  2748.75  0.03
2038  2748.75  0.03
2039  2748.75  0.03
2040  2748.75  0.03
2041  2748.75  0.03
2042  2748.75  0.03
2043  2748.75  0.03
2044  2748.75  0.03
2045  2748.75  0.03
2046  2748.75  0.03
2047  2748.75  0.03
2048  2748.75  0.03
2049  2748.75  0.03
2050  2748.75  0.03
2051  2748.75  0.03
2052  2748.75  0.03
2053  2748.75  0.03
2054  2748.75  0.03
2055  2748.75  0.03
2056  2748.75  0.03
2057  2748.75  0.03
2058  2748.75  0.03
2059  2748.75  0.03
2060  2748.75  0.03
2061  2748.75  0.03
2062  2748.75  0.03
2063  2748.75  0.03
2064  2748.75  0.03
2065  2748.75  0.03
2066  2748.75  0.03
2067  2748.75  0.03
2068  2748.75  0.03
2069  2748.75  0.03
2070  2748.75  0.03
2071  2748.75  0.03
2072  2748.75  0.03
2073  2748.75  0.03
2074  2748.75  0.03
2075  2748.75  0.03
2076  2748.75  0.03
2077  2748.75  0.03
2078  2748.75  0.03
2079  2748.75  0.03
2080  2748.75  0.03
2081  2748.75  0.03
2082  2748.75  0.03
2083  2748.75  0.03
2084  2748.75  0.03
2085  2748.75  0.03
2086  2748.75  0.03
2087  2748.75  0.03
2088  2748.75  0.03
2089  2748.75  0.03
2090  2748.75  0.03
2091  2748.75  0.03
2092  2748.75  0.03
2093  2748.75  0.03
2094  2748.75  0.03
2095  2748.75  0.03
2096  2748.75  0.03
2097  2748.75  0.03
2098  2748.75  0.03
2099  2748.75  0.03
2100  2748.75  0.03
2101  2748.75  0.03
2102  2748.75  0.03
2103  2748.75  0.03
2104  2748.75  0.03
2105  2748.75  0.03
2106  2748.75  0.03
2107  2748.75  0.03
2108  2748.75  0.03
2109  2748.75  0.03
2110  2748.75  0.03
2111  2748.75  0.03
2112  2748.75  0.03
2113  2748.75  0.03
2114  2748.75  0.03
2115  2748.75  0.03
2116  2748.75  0.03
2117  2748.75  0.03
2118  2748.75  0.03
2119  2748.75  0.03
2120  2748.75  0.03
2121  2748.75  0.03
2122  2748.75  0.03
2123  2748.75  0.03
2124  2748.75  0.03
2125  2748.75  0.03
2126  2748.75  0.03
2127  2748.75  0.03
2128  2748.75  0.03
2129  2748.75  0.03
2130  2748.75  0.03
2131  2748.75  0.03
2132  2748.75  0.03
2133  2748.75  0.03
2134  2748.75  0.03
2135  2748.75  0.03
2136  2748.75  0.03
2137  2748.75  0.03
2138  2748.75  0.03
2139  2748.75  0.03
2140  2748.75  0.03
2141  2748.75  0.03
2142  2748.75  0.03
2143  2748.75  0.03
2144  2748.75  0.03
2145  2748.75  0.03
2146  2748.75  0.03
2147  2748.75  0.03
2148  2748.75  0.03
2149  2748.75  0.03
2150  2748.75  0.03
2151  2748.75  0.03
2152  2748.75  0.03
2153  2748.75  0.03
2154  2748.75  0.03
2155  2748.75  0.03
2156  2748.75  0.03
2157  2748.75  0.03
2158  2748.75  0.03
2159  2748.75  0.03
2160  2748.75  0.03
2161  2748.75  0.03
2162  2748.75  0.03
2163  2748.75  0.03
2164  2748.75  0.03
2165  2748.75  0.03
2166  2748.75  0.03
2167  2748.75  0.03
2168  2748.75  0.03
2169  2748.75  0.03
2170  2748.75  0.03
2171  2748.75  0.03
2172  2748.75  0.03
2173  2748.75  0.03
2174  2748.75  0.03
2175  2748.75  0.03
2176  2748.75  0.03
2177  2748.75  0.03
2178  2748.75  0.03
2179  2748.75  0.03
2180  2748.75  0.03
2181  2748.75  0.03
2182  2748.75  0.03
2183  2748.75  0.03
2184  2748.75  0.03
2185  2748.75  0.03
2186  2748.75  0.03
2187  2748.75  0.03
2188  2748.75  0.03
2189  2748.75  0.03
2190  2748.75  0.03
2191  2748.75  0.03
2192  2748.75  0.03
2193  2748.75  0.03
2194  2748.75  0.03
2195  2748.75  0.03
2196  2748.75  0.03
2197  2748.75  0.03
2198  2748.75  0.03
2199  2748.75  0.03
2200  2748.75  0.03
2201  2748.75  0.03
2202  2748.75  0.03
2203  2748.75  0.03
2204  2748.75  0.03
2205  2748.75  0.03
2206  2748.75  0.03
2207  2748.75  0.03
2208  2748.75  0.03
2209  2748.75  0.03
2210  2748.75  0.03
2211  2748.75  0.03
2212  2748.75  0.03
2213  2748.75  0.03
2214  2748.75  0.03
2215  2748.75  0.03
2216  2748.75  0.03
2217  2748.75  0.03
2218  2748.75  0.03
2219  2748.75  0.03
2220  2748.75  0.03
2221  2748.75  0.03
2222  2748.75  0.03
2223  2748.75  0.03
2224  2748.75  0.03
2225  2748.75  0.03
2226  2748.75  0.03
2227  2748.75  0.03
2228  2748.75  0.03
2229  2748.75  0.03
2230  2748.75  0.03
2231  2748.75  0.03
2232  2748.75  0.03
2233  2748.75  0.03
2234  2748.75  0.03
2235  2748.75  0.03
2236  2748.75  0.03
2237  2748.75  0.03
2238  2748.75  0.03
2239  2748.75  0.03
2240  2748.75  0.03
2241  2748.75  0.03
2242  2748.75  0.03
2243  2748.75  0.03
2244  2748.75  0.03
2245  2748.75  0.03
2246  2748.75  0.03
2247  2748.75  0.03
2248  2748.75  0.03
2249  2748.75  0.03
2250  2748.75  0.03
2251  2748.75  0.03
2252  2748.75  0.03
2253  2748.75  0.03
2254  2748.75  0.03
2255  2748.75  0.03
2256  2748.75  0.03
2257  2748.75  0.03
2258  2748.75  0.03
2259  2748.75  0.03
2260  2748.75  0.03
2261  2748.75  0.03
2262  2748.75  0.03
2263  2748.75  0.03
2264  2748.75  0.03
2265  2748.75  0.03
2266  2748.75  0.03
2267  2748.75  0.03
2268  2748.75  0.03
2269  2748.75  0.03
2270  2748.75  0.03
2271  2748.75  0.03
2272  2748.75  0.03
2273  2748.75  0.03
2274  2748.75  0.03
2275  2748.75  0.03
2276  2748.75  0.03
2277  2748.75  0.03
2278  2748.75  0.03
2279  2748.75  0.03
2280  2748.75  0.03
2281  2748.75  0.03
2282  2748.75  0.03
2283  2748.75  0.03
2284  2748.75  0.03
2285  2748.75  0.03
2286  2748.75  0.03
2287  2748.75  0.03
2288  2748.75  0.03
2289  2748.75  0.03
2290  2748.75  0.03
2291  2748.75  0.03
2292  2748.75  0.03
2293  2748.75  0.03
2294  2748.75  0.03
2295  2748.75  0.03
2296  2748.75  0.03
2297  2748.75  0.03
2298  2748.75  0.03
2299  2748.75  0.03
2300  2748.75  0.03
2301  2748.75  0.03
2302  2748.75  0.03
2303  2748.75  0.03
2304  2748.75  0.03
2305  2748.75  0.03
2306  2748.75  0.03
2307  2748.75  0.03
2308  2748.75  0.03
2309  2748.75  0.03
2310  2748.75  0.03
2311  2748.75  0.03
2312  2748.75  0.03
2313  2748.75  0.03
2314  2748.75  0.03
2315  2748.75  0.03
2316  2748.75  0.03
2317  2748.75  0.03
2318  2748.75  0.03
2319  2748.75  0.03
2320  2748.75  0.03
2321  2748.75  0.03
2322  2748.75  0.03
2323  2748.75  0.03
2324  2748.75  0.03
2325  2748.75  0.03
2326  2748.75  0.03
2327  2748.75  0.03
2328  2748.75  0.03
2329  2748.75  0.03
2330  2748.75  0.03
2331  2748.75  0.03
2332  2748.75  0.03
2333  2748.75  0.03
2334  2748.75  0.03
2335  2748.75  0.03
2336  2748.75  0.03
2337  2748.75  0.03
2338  2748.75  0.03
2339  2748.75  0.03
2340  2748.75  0.03
2341  2748.75  0.03
2342  2748.75  0.03
2343  2748.75  0.03
2344  2748.75  0.03
2345  2748.75  0.03
2346  2748.75  0.03
2347  2748.75  0.03
2348  2748.75  0.03
2349  2748.75  0.03
2350  2748.75  0.03
2351  2748.75  0.03
2352  2748.75  0.03
2353  2748.75  0.03
2354  2748.75  0.03
2355  2748.75  0.03
2356  2748.75  0.03
2357  2748.75  0.03
2358  2748.75  0.03
2359  2748.75  0.03
2360  2748.75  0.03
2361  2748.75  0.03
2362  2748.75  0.03
2363  2748.75  0.03
2364  2748.75  0.03
2365  2748.75  0.03
2366  2748.75  0.03
2367  2748.75  0.03
2368  2748.75  0.03
2369  2748.75  0.03
2370  2748.75  0.03
2371  2748.75  0.03
2372  2748.75  0.03
2373  2748.75  0.03
2374  2748.75  0.03
2375  2748.75  0.03
2376  2748.75  0.03
2377  2748.75  0.03
2378  2748.75  0.03
2379  2748.75  0.03
2380  2748.75  0.03
2381  2748.75  0.03
2382  2748.75  0.03
2383  2748.75  0.03
2384  2748.75  0.03
2385  2748.75  0.03
2386  2748.75  0.03
2387  2748.75  0.03
2388  2748.75  0.03
2389  2748.75  0.03
2390  2748.75  0.03
2391  2748.75  0.03
2392  2748.75  0.03
2393  2748.75  0.03
2394  2748.75  0.03
2395  2748.75  0.03
2396  2748.75  0.03
2397  2748.75  0.03
2398  2748.75  0.03
2399  2748.75  0.03
2400  2748.75  0.03
2401  2748.75  0.03
2402  2748.75  0.03
2403  2748.75  0.03
2404  2748.75  0.03
2405  2748.75  0.03
2406  2748.75  0.03
2407  2748.75  0.03
2408  2748.75  0.03
2409  2748.75  0.03
2410  2748.75  0.03
2411  2748.75  0.03
2412  2748.75  0.03
2413  2748.75  0.03
2414  2748.75  0.03
2415  2748.75  0.03
2416  2748.75  0.03
2417  2748.75  0.03
2418  2748.75  0.03
2419  2748.75  0.03
2420  2748.75  0.03
2421  2748.75  0.03
2422  2748.75  0.03
2423  2748.75  0.03
2424  2748.75  0.03
2425  2748.75  0.03
2426  2748.75  0.03
2427  2748.75  0.03
2428  2748.75  0.03
2429  2748.75  0.03
2430  2748.75  0.03
2431  2748.75  0.03
2432  2748.75  0.03
2433  2748.75  0.03
2434  2748.75  0.03
2435  2748.75  0.03
2436  2748.75  0.03
2437  2748.75  0.03
2438  2748.75  0.03
2439  2748.75  0.03
2440  2748.75  0.03
2441  2748.75  0.03
2442  2748.75  0.03
2443  2748.75  0.03
2444  2748.75  0.03
2445  2748.75  0.03
2446  2748.75  0.03
2447  2748.75  0.03
2448  2748.75  0.03
2449  2748.75  0.03
2450  2748.75  0.03
2451  2748.75  0.03
2452  2748.75  0.03
2453  2748.75  0.03
2454  2748.75  0.03
2455  2748.75  0.03
2456  2748.75  0.03
2457  2748.75  0.03
2458  2748.75  0.03
2459  2748.75  0.03
2460  2748.75  0.03
2461  2748.75  0.03
2462  2748.75  0.03
2463  2748.75  0.03
2464  2748.75  0.03
2465  2748.75  0.03
2466  2748.75  0.03
2467  2748.75  0.03
2468  2748.75  0.03
2469  2748.75  0.03
2470  2748.75  0.03
2471  2748.75  0.03
2472  2748.75  0.03
2473  2748.75  0.03
2474  2748.75  0.03
2475  2748.75  0.03
2476  2748.75  0.03
2477  2748.75  0.03
2478  2748.75  0.03
2479  2748.75  0.03
2480  2748.75  0.03
2481  2748.75  0.03
2482  2748.75  0.03
2483  2748.75  0.03
2484  2748.75  0.03
2485  2748.75  0.03
2486  2748.75  0.03
2487  2748.75  0.03
2488  2748.75  0.03
2489  2748.75  0.03
2490  2748.75  0.03
2491  2748.75  0.03
2492  2748.75  0.03
2493  2748.75  0.03
2494  2748.75  0.03
2495  2748.75  0.03
2496  2748.75  0.03
2497  2748.75  0.03
2498  2748.75  0.03
2499  2748.75  0.03
2500  2748.75  0.03
2501  2748.75  0.03
2502  2748.75  0.03
2503  2748.75  0.03
2504  2748.75  0.03
2505  2748.75  0.03
2506  2748.75  0.03
2507  2748.75  0.03
2508  2748.75  0.03
2509  2748.75  0.03
2510  2748.75  0.03
2511  2748.75  0.03
2512  2748.75  0.03
2513  2748.75  0.03
2514  2748.75  0.03
2515  2748.75  0.03
2516  2748.75  0.03
2517  2748.75  0.03
2518  2748.75  0.03
2519  2748.75  0.03
2520  2748.75  0.03
2521  2748.75  0.03
2522  2748.75  0.03
2523  2748.75  0.03
2524  2748.75  0.03
2525  2748.75  0.03
2526  2748.75  0.03
2527  2748.75  0.03
2528  2748.75  0.03
2529  2748.75  0.03
2530  2748.75  0.03
2531  2748.75  0.03
2532  2748.75  0.03
2533  2748.75  0.03
2534  2748.75  0.03
2535  2748.75  0.03
2536  2748.75  0.03
2537  2748.75  0.03
2538  2748.75  0.03
2539  2748.75  0.03
2540  2748.75  0.03
2541  2748.75  0.03
2542  2748.75  0.03
2543  2748.75  0.03
2544  2748.75  0.03
2545  2748.75  0.03
2546  2748.75  0.03
2547  2748.75  0.03
2548  2748.75  0.03
2549  2748.75  0.03
2550  2748.75  0.03
2551  2748.75  0.03
2552  2748.75  0.03
2553  2748.75  0.03
2554  2748.75  0.03
2555  2748.75  0.03
2556  2748.75  0.03
2557  2748.75  0.03
2558  2748.75  0.03
2559  2748.75  0.03
2560  2748.75  0.03
2561  2748.75  0.03
2562  2748.75  0.03
2563  2748.75  0.03
2564  2748.75  0.03
2565  2748.75  0.03
2566  2748.75  0.03
2567  2748.75  0.03
2568  2748.75  0.03
2569  2748.75  0.03
2570  2748.75  0.03
2571  2748.75  0.03
2572  2748.75  0.03
2573  2748.75  0.03
2574  2748.75  0.03
2575  2748.75  0.03
2576  2748.75  0.03
2577  2748.75  0.03
2578  2748.75  0.03
2579  2748.75  0.03
2580  2748.75  0.03
2581  2748.75  0.03
2582  2748.75  0.03
2583  2748.75  0.03
2584  2748.75  0.03
2585  2748.75  0.03
2586  2748.75  0.03
2587  2748.75  0.03
2588  2748.75  0.03
2589  2748.75  0.03
2590  2748.75  0.03
2591  2748.75  0.03
2592  2748.75  0.03
2593  2748.75  0.03
2594  2748.75  0.03
2595  2748.75  0.03
2596  2748.75  0.03
2597  2748.75  0.03
2598  2748.75  0.03
2599  2748.75  0.03
2600  2748.75  0.03
2601  2748.75  0.03
2602  2748.75  0.03
2603  2748.75  0.03
2604  2748.75  0.03
2605  2748.75  0.03
2606  2748.75  0.03
2607  2748.75  0.03
2608  2748.75  0.03
2609  2748.75  0.03
2610  2748.75  0.03
2611  2748.75  0.03
2612  2748.75  0.03
2613  2748.75  0.03
2614  2748.75  0.03
2615  2748.75  0.03
2616  2748.75  0.03
2617  2748.75  0.03
2618  2748.75  0.03
2619  2748.75  0.03
2620  2748.75  0.03
2621  2748.75  0.03
2622  2748.75  0.03
2623  2748.75  0.03
2624  2748.75  0.03
2625  2748.75  0.03
2626  2748.75  0.03
2627  2748.75  0.03
2628  2748.75  0.03
2629  2748.75  0.03
2630  2748.75  0.03
2631  2748.75  0.03
2632  2748.75  0.03
2633  2748.75  0.03
2634  2748.75  0.03
2635  2748.75  0.03
2636  2748.75  0.03
2637  2748.75  0.03
2638  2748.75  0.03
2639  2748.75  0.03
2640  2748.75  0.03
2641  2748.75  0.03
2642  2748.75  0.03
2643  2748.75  0.03
2644  2748.75  0.03
2645  2748.75  0.03
2646  2748.75  0.03
2647  2748.75  0.03
2648  2748.75  0.03
2649  2748.75  0.03
2650  2748.75  0.03
2651  2748.75  0.03
2652  2748.75  0.03
2653  2748.75  0.03
2654  2748.75  0.03
2655  2748.75  0.03
2656  2748.75  0.03
2657  2748.75  0.03
2658  2748.75  0.03
2659  2748.75  0.03
2660  2748.75  0.03
2661  2748.75  0.03
2662  2748.75  0.03
2663  2748.75  0.03
2664  2748.75  0.03
2665  2748.75  0.03
2666  2748.75  0.03
2667  2748.75  0.03
2668  2748.75  0.03
2669  2748.75  0.03
2670  2748.75  0.03
2671  2748.75  0.03
2672  2748.75  0.03
2673  2748.75  0.03
2674  2748.75  0.03
2675  2748.75  0.03
2676  2748.75  0.03
2677  2748.75  0.03
2678  2748.75  0.03
2679  2748.75  0.03
2680  2748.75  0.03
2681  2748.75  0.03
2682  2748.75  0.03
2683  2748.75  0.03
2684  2748.75  0.03
2685  2748.75  0.03
2686  2748.75  0.03
2687  2748.75  0.03
2688  2748.75  0.03
2689  2748.75  0.03
2690  2748.75  0.03
2691  2748.75  0.03
2692  2748.75  0.03
2693  2748.75  0.03
2694  2748.75  0.03
2695  2748.75  0.03
2696  2748.75  0.03
2697  2748.75  0.03
2698  2748.75  0.03
2699  2748.75  0.03
2700  2748.75  0.03
2701  2748.75  0.03
2702  2748.75  0.03
2703  2748.75  0.03
2704  2748.75  0.03
2705  2748.75  0.03
2706  2748.75  0.03
2707  2748.75  0.03
2708  2748.75  0.03
2709  2748.75  0.03
2710  2748.75  0.03
2711  2748.75  0.03
2712  2748.75  0.03
2713  2748.75  0.03
2714  2748.75  0.03
2715  2748.75  0.03
2716  2748.75  0.03
2717  2748.75  0.03
2718  2748.75  0.03
2719  2748.75  0.03
2720  2748.75  0.03
2721  2748.75  0.03
2722  2748.75  0.03
2723  2748.75  0.03
2724  2748.75  0.03
2725  2748.75  0.03
2726  2748.75  0.03
2727  2748.75  0.03
2728  2748.75  0.03
2729  2748.75  0.03
2730  2748.75  0.03
2731  2748.75  0.03
2732  2748.75  0.03
2733  2748.75  0.03
2734  2748.75  0.03
2735  2748.75  0.03
2736  2748.75  0.03
2737  2748.75  0.03
2738  2748.75  0.03
2739  2748.75  0.03
2740  2748.75  0.03
2741  2748.75  0.03
2742  2748.75  0.03
2743  2748.75  0.03
2744  2748.75  0.03
2745  2748.75  0.03
2746  2748.75  0.03
2747  2748.75  0.03
2748  2748.75  0.03
2749  2748.75  0.03
2750  2748.75  0.03
2751  2748.75  0.03
2752  2748.75  0.03
2753  2748.75  0.03
2754  2748.75  0.03
2755  2748.75  0.03
2756  2748.75  0.03
2757  2748.75  0.03
2758  2748.75  0.03
2759  2748.75  0.03
2760  2748.75  0.03
2761  2748.75  0.03
2762  2748.75  0.03
2763  2748.75  0.03
2764  2748.75  0.03
2765  2748.75  0.03
2766  2748.75  0.03
2767  2748.75  0.03
2768  2748.75  0.03
2769  2748.75  0.03
2770  2748.75  0.03
2771  2748.75  0.03
2772  2748.75  0.03
2773  2748.75  0.03
2774  2748.75  0.03
2775  2748.75  0.03
2776  2748.75  0.03
2777  2748.75  0.03
2778  2748.75  0.03
2779  2748.75  0.03
2780  2748.75  0.03
2781  2748.75  0.03
2782  2748.75  0.03
2783  2748.75  0.03
2784  2748.75  0.03
2785  2748.75  0.03
2786  2748.75  0.03
2787  2748.75  0.03
2788  2748.75  0.03
2789  2748.75  0.03
2790  2748.75  0.03
2791  2748.75  0.03
2792  2748.75  0.03
2793  2748.75  0.03
2794  2748.75  0.03
2795  2748.75  0.03
2796  2748.75  0.03
2797  2748.75  0.03
2798  2748.75  0.03
2799  2748.75  0.03
2800  2748.75  0.03
2801  2748.75  0.03
2802  2748.75  0.03
2803  2748.75  0.03
2804  2748.75  0.03
2805  2748.75  0.03
2806  2748.75  0.03
2807  2748.75  0.03
2808  2748.75  0.03
2809  2748.75  0.03
2810  2748.75  0.03
2811  2748.75  0.03
2812  2748.75  0.03
2813  2748.75  0.03
2814  2748.75  0.03
2815  2748.75  0.03
2816  2748.75  0.03
2817  2748.75  0.03
2818  2748.75  0.03
2819  2748.75  0.03
2820  2748.75  0.03
2821  2748.75  0.03
2822  2748.75  0.03
2823  2748.75  0.03
2824  2748.75  0.03
2825  2748.75  0.03
2826  2748.75  0.03
2827  2748.75  0.03
2828  2748.75  0.03
2829  2748.75  0.03
2830  2748.75  0.03
2831  2748.75  0.03
2832  2748.75  0.03
2833  2748.75  0.03
2834  2748.75  0.03
2835  2748.75  0.03
2836  2748.75  0.03
2837  2748.75  0.03
2838  2748.75  0.03
2839  2748.75  0.03
2840  2748.75  0.03
2841  2748.75  0.03
2842  2748.75  0.03
2843  2748.75  0.03
2844  2748.75  0.03
2845  2748.75  0.03
2846  2748.75  0.03
2847  2748.75  0.03
2848  2748.75  0.03
2849  2748.75  0.03
2850  2748.75  0.03
2851  2748.75  0.03
2852  2748.75  0.03
2853  2748.75  0.03
2854  2748.75  0.03
2855  2748.75  0.03
2856  2748.75  0.03
2857  2748.75  0.03
2858  2748.75  0.03
2859  2748.75  0.03
2860  2748.75  0.03
2861  2748.75  0.03
2862  2748.75  0.03
2863  2748.75  0.03
2864  2748.75  0.03
2865  2748.75  0.03
2866  2748.75  0.03
2867  2748.75  0.03
2868  2748.75  0.03
2869  2748.75  0.03
2870  2748.75  0.03
2871  2748.75  0.03
2872  2748.75  0.03
2873  2748.75  0.03
2874  2748.75  0.03
2875  2748.75  0.03
2876  2748.75  0.03
2877  2748.75  0.03
2878  2748.75  0.03
2879  2748.75  0.03
2880  2748.75  0.03
2881  2748.75  0.03
2882  2748.75  0.03
2883  2748.75  0.03
2884  2748.75  0.03
2885  2748.75  0.03
2886  2748.75  0.03
2887  2748.75  0.03
2888  2748.75  0.03
2889  2748.75  0.03
2890  2748.75  0.03
2891  2748.75  0.03
2892  2748.75  0.03
2893  2748.75  0.03
2894  2748.75  0.03
2895  2748.75  0.03
2896  2748.75  0.03
2897  2748.75  0.03
2898  2748.75  0.03
2899  2748.75  0.03
2900  2748.75  0.03
2901  2748.75  0.03
2902  2748.75  0.03
2903  2748.75  0.03
2904  2748.75  0.03
2905  2748.75  0.03
2906  2748.75  0.03
2907  2748.75  0.03
2908  2748.75  0.03
2909  2748.75  0.03
2910  2748.75  0.03
2911  2748.75  0.03
2912  2748.75  0.03
2913  2748.75  0.03
2914  2748.75  0.03
2915  2748.75  0.03
2916  2748.75  0.03
2917  2748.75  0.03
2918  2748.75  0.03
2919  2748.75  0.03
2920  2748.75  0.03
2921  2748.75  0.03
2922  2748.75  0.03
2923  2748.75  0.03
2924  2748.75  0.03
2925  2748.75  0.03
2926  2748.75  0.03
2927  2748.75  0.03
2928  2748.75  0.03
2929  2748.75  0.03
2930  2748.75  0.03
2931  2748.75  0.03
2932  2748.75  0.03
2933  2748.75  0.03
2934  2748.75  0.03
2935  2748.75  0.03
2936  2748.75  0.03
2937  2748.75  0.03
2938  2748.75  0.03
2939  2748.75  0.03
2940  2748.75  0.03
2941  2748.75  0.03
2942  2748.75  0.03
2943  2748.75  0.03
2944  2748.75  0.03
2945  2748.75  0.03
2946  2748.75  0.03
2947  2748.75  0.03
2948  2748.75  0.03
2949  2748.75  0.03
2950  2748.75  0.03
2951  2748.75  0.03
2952  2748.75  0.03
2953  2748.75  0.03
2954  2748.75  0.03
2955  2748.75  0.03
2956  2748.75  0.03
2957  2748.75  0.03
2958  2748.75  0.03
2959  2748.75  0.03
2960  2748.75  0.03
2961  2748.75  0.03
2962  2748.75  0.03
2963  2748.75  0.03
2964  2748.75  0.03
2965  2748.75  0.03
2966  2748.75  0.03
2967  2748.75  0.03
2968  2748.75  0.03
2969  2748.75  0.03
2970  2748.75  0.03
2971  2748.75  0.03
2972  2748.75  0.03
2973  2748.75  0.03
2974  2748.75  0.03
2975  2748.75  0.03
2976  2748.75  0.03
2977  2748.75  0.03
2978  2748.75  0.03
2979  2748.75  0.03
2980  2748.75  0.03
2981  2748.75  0.03
2982  2748.75  0.03
2983  2748.75  0.03
2984  2748.75  0.03
2985  2748.75  0.03
2986  2748.75  0.03
2987  2748.75  0.03
2988  2748.75  0.03
2989  2748.75  0.03
2990  2748.75  0.03
2991  2748.75  0.03
2992  2748.75  0.03
2993  2748.75  0.03
2994  2748.75  0.03
2995  2748.75  0.03
2996  2748.75  0.03
2997  2748.75  0.03
2998  2748.75  0.03
2999  2748.75  0.03
#[-4, 9, 9, 9, 9, 9, 9, 9, 9, 9]
#[7, 9, 9, 9, 9, 9, 9, 9, 9, 9]
#[9, 9, 9, 9, 9, 9, 9, 9, 9, 9]
#[9, 9, 9, 9, 9, 9, 9, 9, 9, 9]
#[9, 9, 9, 9, 9, 9, 9, 9, 9, 9]
#[-6, 9, 9, 9, 9, 9, 9, 9, 9, 9]
#[7, 7, 7, 9, 9, 9, 9, 9, 9, 9]
#[9, 9, 9, 9, 9, 9, 9, 9, 9, 9]
#[-6, 5, 9, 9, 9, 9, 9, 9, 9, 9]
#Specialization index= [2, 9, 0.12195121951219512]
