#[0, 3, 2, 6, 7, 5, 4, 4, 5, 2]
#[0, 3, 4, 9, 9, 2, 3, 3, 5, 1]
#[8, 4, 8, 3, 5, 2, 9, 5, 7, 8]
#[9, 6, 7, 7, 1, 8, 4, 2, 7, 3]
#[4, 9, 4, 5, 4, 7, 1, 9, 6, 4]
#[8, 1, 1, 4, 8, 7, 1, 9, 1, 6]
#[3, 5, 9, 5, 2, 0, 7, 1, 7, 9]
#[6, 5, 8, 1, 5, 3, 9, 5, 7, 5]
#[1, 7, 2, 2, 9, 8, 6, 3, 8, 0]
0  3592.0  0.0
1  3592.0  0.0
2  3592.0  0.0
3  3592.0  0.0
4  3592.0  0.0
5  3592.0  0.0
6  3592.0  0.0
7  3592.0  0.0
8  3592.0  0.0
9  3960.0  0.17
10  3960.0  0.17
11  3960.0  0.17
12  3960.0  0.17
13  3960.0  0.17
14  3960.0  0.17
15  3960.0  0.17
16  3960.0  0.17
17  3960.0  0.17
18  3960.0  0.17
19  3960.0  0.17
20  3960.0  0.17
21  4238.9921875  0.12
22  4238.90356445  0.12
23  4238.87310028  0.12
24  4238.86262822  0.12
25  4238.85902845  0.12
26  4238.85779103  0.12
27  4238.85736567  0.12
28  4238.85721945  0.12
29  4238.85716919  0.12
30  4238.85715191  0.12
31  4238.85714597  0.12
32  4238.85714393  0.12
33  4238.85714322  0.12
34  4238.85714298  0.12
35  4238.8571429  0.12
36  4238.85714287  0.12
37  4238.85714286  0.12
38  4238.85714286  0.12
39  4238.85714286  0.12
40  4238.85714286  0.12
41  4238.85714286  0.12
42  4238.85714286  0.12
43  4238.85714286  0.12
44  4238.85714286  0.12
45  4238.85714286  0.12
46  4238.85714286  0.12
47  4238.85714286  0.12
48  4238.85714286  0.12
49  4238.85714286  0.12
50  4238.85714286  0.12
51  4238.85714286  0.12
52  4238.85714286  0.12
53  4238.85714286  0.12
54  4238.85714286  0.12
55  4238.85714286  0.12
56  4238.85714286  0.12
57  4238.85714286  0.12
58  4238.85714286  0.12
59  4238.85714286  0.12
60  4238.85714286  0.12
61  4238.85714286  0.12
62  4238.85714286  0.12
63  4238.85714286  0.12
64  4238.85714286  0.12
65  4238.85714286  0.12
66  4238.85714286  0.12
67  4238.85714286  0.12
68  4238.85714286  0.12
69  4238.85714286  0.12
70  4238.85714286  0.12
71  4238.85714286  0.12
72  4238.85714286  0.12
73  4238.85714286  0.12
74  4238.85714286  0.12
75  4238.85714286  0.12
76  4238.85714286  0.12
77  4238.85714286  0.12
78  4238.85714286  0.12
79  4238.85714286  0.12
80  4238.85714286  0.12
81  4238.85714286  0.12
82  4238.85714286  0.12
83  4238.85714286  0.12
84  4238.85714286  0.12
85  4238.85714286  0.12
86  4238.85714286  0.12
87  4238.85714286  0.12
88  4238.85714286  0.12
89  4238.85714286  0.12
90  4238.85714286  0.12
91  4238.85714286  0.12
92  4238.85714286  0.12
93  4238.85714286  0.12
94  4238.85714286  0.12
95  4238.85714286  0.12
96  4238.85714286  0.12
97  4238.85714286  0.12
98  4238.85714286  0.12
99  4238.85714286  0.12
100  4238.85714286  0.12
101  4238.85714286  0.12
102  4238.85714286  0.12
103  4238.85714286  0.12
104  4238.85714286  0.12
105  4238.85714286  0.12
106  4238.85714286  0.12
107  4238.85714286  0.12
108  4238.85714286  0.12
109  4238.85714286  0.12
110  4238.85714286  0.12
111  4238.85714286  0.12
112  4238.85714286  0.12
113  4238.85714286  0.12
114  4238.85714286  0.12
115  4238.85714286  0.12
116  4238.85714286  0.12
117  4238.85714286  0.12
118  4238.85714286  0.12
119  4238.85714286  0.12
120  4238.85714286  0.12
121  4238.85714286  0.12
122  4238.85714286  0.12
123  4238.85714286  0.12
124  4238.85714286  0.12
125  4238.85714286  0.12
126  4238.85714286  0.12
127  4238.85714286  0.12
128  4238.85714286  0.12
129  4238.85714286  0.12
130  4238.85714286  0.12
131  4238.85714286  0.12
132  4238.85714286  0.12
133  4238.85714286  0.12
134  4238.85714286  0.12
135  4238.85714286  0.12
136  4238.85714286  0.12
137  4238.85714286  0.12
138  4238.85714286  0.12
139  4238.85714286  0.12
140  4238.85714286  0.12
141  4238.85714286  0.12
142  4238.85714286  0.12
143  4238.85714286  0.12
144  4238.85714286  0.12
145  4238.85714286  0.12
146  4238.85714286  0.12
147  4238.85714286  0.12
148  4238.85714286  0.12
149  4238.85714286  0.12
150  4238.85714286  0.12
151  4238.85714286  0.12
152  4238.85714286  0.12
153  4238.85714286  0.12
154  4238.85714286  0.12
155  4238.85714286  0.12
156  4238.85714286  0.12
157  4238.85714286  0.12
158  4238.85714286  0.12
159  4238.85714286  0.12
160  4238.85714286  0.12
161  4238.85714286  0.12
162  4238.85714286  0.12
163  4238.85714286  0.12
164  4238.85714286  0.12
165  4238.85714286  0.12
166  4238.85714286  0.12
167  4238.85714286  0.12
168  4238.85714286  0.12
169  4238.85714286  0.12
170  4238.85714286  0.12
171  4238.85714286  0.12
172  4238.85714286  0.12
173  4238.85714286  0.12
174  4238.85714286  0.12
175  4238.85714286  0.12
176  4238.85714286  0.12
177  4238.85714286  0.12
178  4238.85714286  0.12
179  4238.85714286  0.12
180  4238.85714286  0.12
181  4238.85714286  0.12
182  4238.85714286  0.12
183  4238.85714286  0.12
184  4238.85714286  0.12
185  4238.85714286  0.12
186  4238.85714286  0.12
187  4238.85714286  0.12
188  4238.85714286  0.12
189  4238.85714286  0.12
190  4238.85714286  0.12
191  4238.85714286  0.12
192  4238.85714286  0.12
193  4238.85714286  0.12
194  4238.85714286  0.12
195  4238.85714286  0.12
196  4238.85714286  0.12
197  4238.85714286  0.12
198  4238.85714286  0.12
199  4238.85714286  0.12
200  4238.85714286  0.12
201  4238.85714286  0.12
202  4238.85714286  0.12
203  4238.85714286  0.12
204  4238.85714286  0.12
205  4238.85714286  0.12
206  4238.85714286  0.12
207  4238.85714286  0.12
208  4238.85714286  0.12
209  4238.85714286  0.12
210  4238.85714286  0.12
211  4238.85714286  0.12
212  4238.85714286  0.12
213  4238.85714286  0.12
214  4238.85714286  0.12
215  4238.85714286  0.12
216  4238.85714286  0.12
217  4238.85714286  0.12
218  4238.85714286  0.12
219  4238.85714286  0.12
220  4238.85714286  0.12
221  4238.85714286  0.12
222  4238.85714286  0.12
223  4238.85714286  0.12
224  4238.85714286  0.12
225  4238.85714286  0.12
226  4238.85714286  0.12
227  4238.85714286  0.12
228  4238.85714286  0.12
229  4238.85714286  0.12
230  4238.85714286  0.12
231  4238.85714286  0.12
232  4238.85714286  0.12
233  4238.85714286  0.12
234  4238.85714286  0.12
235  4238.85714286  0.12
236  4238.85714286  0.12
237  4238.85714286  0.12
238  4238.85714286  0.12
239  4238.85714286  0.12
240  4238.85714286  0.12
241  4238.85714286  0.12
242  4238.85714286  0.12
243  4238.85714286  0.12
244  4238.85714286  0.12
245  4238.85714286  0.12
246  4238.85714286  0.12
247  4238.85714286  0.12
248  4238.85714286  0.12
249  4238.85714286  0.12
250  4238.85714286  0.12
251  4238.85714286  0.12
252  4238.85714286  0.12
253  4238.85714286  0.12
254  4238.85714286  0.12
255  4238.85714286  0.12
256  4238.85714286  0.12
257  4238.85714286  0.12
258  4238.85714286  0.12
259  4238.85714286  0.12
260  4238.85714286  0.12
261  4238.85714286  0.12
262  4238.85714286  0.12
263  4238.85714286  0.12
264  4238.85714286  0.12
265  4238.85714286  0.12
266  4238.85714286  0.12
267  4238.85714286  0.12
268  4238.85714286  0.12
269  4238.85714286  0.12
270  4238.85714286  0.12
271  4238.85714286  0.12
272  4238.85714286  0.12
273  4238.85714286  0.12
274  4238.85714286  0.12
275  4238.85714286  0.12
276  4238.85714286  0.12
277  4238.85714286  0.12
278  4238.85714286  0.12
279  4238.85714286  0.12
280  4238.85714286  0.12
281  4238.85714286  0.12
282  4238.85714286  0.12
283  4238.85714286  0.12
284  4238.85714286  0.12
285  4238.85714286  0.12
286  4238.85714286  0.12
287  4238.85714286  0.12
288  4238.85714286  0.12
289  4238.85714286  0.12
290  4238.85714286  0.12
291  4238.85714286  0.12
292  4238.85714286  0.12
293  4238.85714286  0.12
294  4238.85714286  0.12
295  4238.85714286  0.12
296  4238.85714286  0.12
297  4238.85714286  0.12
298  4238.85714286  0.12
299  4238.85714286  0.12
300  4238.85714286  0.12
301  4238.85714286  0.12
302  4238.85714286  0.12
303  4238.85714286  0.12
304  4238.85714286  0.12
305  4238.85714286  0.12
306  4238.85714286  0.12
307  4238.85714286  0.12
308  4238.85714286  0.12
309  4238.85714286  0.12
310  4238.85714286  0.12
311  4238.85714286  0.12
312  4238.85714286  0.12
313  4238.85714286  0.12
314  4238.85714286  0.12
315  4238.85714286  0.12
316  4238.85714286  0.12
317  4238.85714286  0.12
318  4238.85714286  0.12
319  4238.85714286  0.12
320  4238.85714286  0.12
321  4238.85714286  0.12
322  4238.85714286  0.12
323  4238.85714286  0.12
324  4238.85714286  0.12
325  4238.85714286  0.12
326  4238.85714286  0.12
327  4238.85714286  0.12
328  4238.85714286  0.12
329  4238.85714286  0.12
330  4238.85714286  0.12
331  4238.85714286  0.12
332  4238.85714286  0.12
333  4238.85714286  0.12
334  4238.85714286  0.12
335  4238.85714286  0.12
336  4238.85714286  0.12
337  4238.85714286  0.12
338  4238.85714286  0.12
339  4238.85714286  0.12
340  4238.85714286  0.12
341  4238.85714286  0.12
342  4238.85714286  0.12
343  4238.85714286  0.12
344  4238.85714286  0.12
345  4238.85714286  0.12
346  4238.85714286  0.12
347  4238.85714286  0.12
348  4238.85714286  0.12
349  4238.85714286  0.12
350  4238.85714286  0.12
351  4238.85714286  0.12
352  4238.85714286  0.12
353  4238.85714286  0.12
354  4238.85714286  0.12
355  4238.85714286  0.12
356  4238.85714286  0.12
357  4238.85714286  0.12
358  4238.85714286  0.12
359  4238.85714286  0.12
360  4238.85714286  0.12
361  4238.85714286  0.12
362  4238.85714286  0.12
363  4238.85714286  0.12
364  4238.85714286  0.12
365  4238.85714286  0.12
366  4238.85714286  0.12
367  4238.85714286  0.12
368  4238.85714286  0.12
369  4238.85714286  0.12
370  4238.85714286  0.12
371  4238.85714286  0.12
372  4238.85714286  0.12
373  4238.85714286  0.12
374  4238.85714286  0.12
375  4238.85714286  0.12
376  4238.85714286  0.12
377  4238.85714286  0.12
378  4238.85714286  0.12
379  4238.85714286  0.12
380  4238.85714286  0.12
381  4238.85714286  0.12
382  4238.85714286  0.12
383  4238.85714286  0.12
384  4238.85714286  0.12
385  4238.85714286  0.12
386  4238.85714286  0.12
387  4238.85714286  0.12
388  4238.85714286  0.12
389  4238.85714286  0.12
390  4238.85714286  0.12
391  4238.85714286  0.12
392  4238.85714286  0.12
393  4238.85714286  0.12
394  4238.85714286  0.12
395  4238.85714286  0.12
396  4238.85714286  0.12
397  4238.85714286  0.12
398  4238.85714286  0.12
399  4238.85714286  0.12
400  4238.85714286  0.12
401  4238.85714286  0.12
402  4238.85714286  0.12
403  4238.85714286  0.12
404  4238.85714286  0.12
405  4238.85714286  0.12
406  4238.85714286  0.12
407  4238.85714286  0.12
408  4238.85714286  0.12
409  4238.85714286  0.12
410  4238.85714286  0.12
411  4238.85714286  0.12
412  4238.85714286  0.12
413  4238.85714286  0.12
414  4238.85714286  0.12
415  4238.85714286  0.12
416  4238.85714286  0.12
417  4238.85714286  0.12
418  4238.85714286  0.12
419  4238.85714286  0.12
420  4238.85714286  0.12
421  4238.85714286  0.12
422  4238.85714286  0.12
423  4238.85714286  0.12
424  4238.85714286  0.12
425  4238.85714286  0.12
426  4238.85714286  0.12
427  4238.85714286  0.12
428  4238.85714286  0.12
429  4238.85714286  0.12
430  4238.85714286  0.12
431  4238.85714286  0.12
432  4238.85714286  0.12
433  4238.85714286  0.12
434  4238.85714286  0.12
435  4238.85714286  0.12
436  4238.85714286  0.12
437  4238.85714286  0.12
438  4238.85714286  0.12
439  4238.85714286  0.12
440  4238.85714286  0.12
441  4238.85714286  0.12
442  4238.85714286  0.12
443  4238.85714286  0.12
444  4238.85714286  0.12
445  4238.85714286  0.12
446  4238.85714286  0.12
447  4238.85714286  0.12
448  4238.85714286  0.12
449  4238.85714286  0.12
450  4238.85714286  0.12
451  4238.85714286  0.12
452  4238.85714286  0.12
453  4238.85714286  0.12
454  4238.85714286  0.12
455  4238.85714286  0.12
456  4238.85714286  0.12
457  4238.85714286  0.12
458  4238.85714286  0.12
459  4238.85714286  0.12
460  4238.85714286  0.12
461  4238.85714286  0.12
462  4238.85714286  0.12
463  4238.85714286  0.12
464  4238.85714286  0.12
465  4238.85714286  0.12
466  4238.85714286  0.12
467  4238.85714286  0.12
468  4238.85714286  0.12
469  4238.85714286  0.12
470  4238.85714286  0.12
471  4238.85714286  0.12
472  4238.85714286  0.12
473  4238.85714286  0.12
474  4238.85714286  0.12
475  4238.85714286  0.12
476  4238.85714286  0.12
477  4238.85714286  0.12
478  4238.85714286  0.12
479  4238.85714286  0.12
480  4238.85714286  0.12
481  4238.85714286  0.12
482  4238.85714286  0.12
483  4238.85714286  0.12
484  4238.85714286  0.12
485  4238.85714286  0.12
486  4238.85714286  0.12
487  4238.85714286  0.12
488  4238.85714286  0.12
489  4238.85714286  0.12
490  4238.85714286  0.12
491  4238.85714286  0.12
492  4238.85714286  0.12
493  4238.85714286  0.12
494  4238.85714286  0.12
495  4238.85714286  0.12
496  4238.85714286  0.12
497  4238.85714286  0.12
498  4238.85714286  0.12
499  4238.85714286  0.12
500  4238.85714286  0.12
501  4238.85714286  0.12
502  4238.85714286  0.12
503  4238.85714286  0.12
504  4238.85714286  0.12
505  4238.85714286  0.12
506  4238.85714286  0.12
507  4238.85714286  0.12
508  4238.85714286  0.12
509  4238.85714286  0.12
510  4238.85714286  0.12
511  4238.85714286  0.12
512  4238.85714286  0.12
513  4238.85714286  0.12
514  4238.85714286  0.12
515  4238.85714286  0.12
516  4238.85714286  0.12
517  4238.85714286  0.12
518  4238.85714286  0.12
519  4238.85714286  0.12
520  4238.85714286  0.12
521  4238.85714286  0.12
522  4238.85714286  0.12
523  4238.85714286  0.12
524  4238.85714286  0.12
525  4238.85714286  0.12
526  4238.85714286  0.12
527  4238.85714286  0.12
528  4238.85714286  0.12
529  4238.85714286  0.12
530  4238.85714286  0.12
531  4238.85714286  0.12
532  4238.85714286  0.12
533  4238.85714286  0.12
534  4238.85714286  0.12
535  4238.85714286  0.12
536  4238.85714286  0.12
537  4238.85714286  0.12
538  4238.85714286  0.12
539  4238.85714286  0.12
540  4238.85714286  0.12
541  4238.85714286  0.12
542  4238.85714286  0.12
543  4238.85714286  0.12
544  4238.85714286  0.12
545  4238.85714286  0.12
546  4238.85714286  0.12
547  4238.85714286  0.12
548  4238.85714286  0.12
549  4238.85714286  0.12
550  4238.85714286  0.12
551  4238.85714286  0.12
552  4238.85714286  0.12
553  4238.85714286  0.12
554  4238.85714286  0.12
555  4238.85714286  0.12
556  4238.85714286  0.12
557  4238.85714286  0.12
558  4192.21428571  0.12
559  4192.21428571  0.12
560  4192.21428571  0.12
561  4192.21428571  0.12
562  4192.21428571  0.12
563  4192.21428571  0.12
564  4192.21428571  0.12
565  4192.21428571  0.12
566  4192.21428571  0.12
567  4192.21428571  0.12
568  4192.21428571  0.12
569  4192.21428571  0.12
570  4192.21428571  0.12
571  4192.21428571  0.12
572  4192.21428571  0.12
573  4192.21428571  0.12
574  4192.21428571  0.12
575  4192.21428571  0.12
576  4192.21428571  0.12
577  4192.21428571  0.12
578  4192.21428571  0.12
579  4192.21428571  0.12
580  4192.21428571  0.12
581  4192.21428571  0.12
582  4192.21428571  0.12
583  4192.21428571  0.12
584  4192.21428571  0.12
585  4192.21428571  0.12
586  4192.21428571  0.12
587  4192.21428571  0.12
588  4192.21428571  0.12
589  4192.21428571  0.12
590  4192.21428571  0.12
591  4192.21428571  0.12
592  4192.21428571  0.12
593  4192.21428571  0.12
594  4192.21428571  0.12
595  4192.21428571  0.12
596  4192.21428571  0.12
597  4192.21428571  0.12
598  4192.21428571  0.12
599  4192.21428571  0.12
600  4192.21428571  0.12
601  4192.21428571  0.12
602  4192.21428571  0.12
603  4192.21428571  0.12
604  4192.21428571  0.12
605  4192.21428571  0.12
606  4192.21428571  0.12
607  4192.21428571  0.12
608  4192.21428571  0.12
609  4192.21428571  0.12
610  4192.21428571  0.12
611  4192.21428571  0.12
612  4192.21428571  0.12
613  4192.21428571  0.12
614  4192.21428571  0.12
615  4192.21428571  0.12
616  4192.21428571  0.12
617  4192.21428571  0.12
618  4192.21428571  0.12
619  4192.21428571  0.12
620  4192.21428571  0.12
621  4192.21428571  0.12
622  4192.21428571  0.12
623  4192.21428571  0.12
624  4192.21428571  0.12
625  4192.21428571  0.12
626  4192.21428571  0.12
627  4192.21428571  0.12
628  4192.21428571  0.12
629  4192.21428571  0.12
630  4192.21428571  0.12
631  4192.21428571  0.12
632  4192.21428571  0.12
633  4192.21428571  0.12
634  4192.21428571  0.12
635  4192.21428571  0.12
636  4192.21428571  0.12
637  4192.21428571  0.12
638  4192.21428571  0.12
639  4192.21428571  0.12
640  4192.21428571  0.12
641  4192.21428571  0.12
642  4192.21428571  0.12
643  4192.21428571  0.12
644  4192.21428571  0.12
645  4192.21428571  0.12
646  4192.21428571  0.12
647  4192.21428571  0.12
648  4192.21428571  0.12
649  4192.21428571  0.12
650  4192.21428571  0.12
651  4192.21428571  0.12
652  4192.21428571  0.12
653  4192.21428571  0.12
654  4192.21428571  0.12
655  4192.21428571  0.12
656  4192.21428571  0.12
657  4192.21428571  0.12
658  4192.21428571  0.12
659  4192.21428571  0.12
660  4192.21428571  0.12
661  4192.21428571  0.12
662  4192.21428571  0.12
663  4192.21428571  0.12
664  4192.21428571  0.12
665  4192.21428571  0.12
666  4192.21428571  0.12
667  4192.21428571  0.12
668  4192.21428571  0.12
669  4192.21428571  0.12
670  4192.21428571  0.12
671  4192.21428571  0.12
672  4192.21428571  0.12
673  4192.21428571  0.12
674  4192.21428571  0.12
675  4192.21428571  0.12
676  4192.21428571  0.12
677  4192.21428571  0.12
678  4192.21428571  0.12
679  4192.21428571  0.12
680  4192.21428571  0.12
681  4192.21428571  0.12
682  4192.21428571  0.12
683  4192.21428571  0.12
684  4192.21428571  0.12
685  4192.21428571  0.12
686  4192.21428571  0.12
687  4192.21428571  0.12
688  4192.21428571  0.12
689  4192.21428571  0.12
690  4192.21428571  0.12
691  4192.21428571  0.12
692  4192.21428571  0.12
693  4192.21428571  0.12
694  4192.21428571  0.12
695  4192.21428571  0.12
696  4192.21428571  0.12
697  4192.21428571  0.12
698  4192.21428571  0.12
699  4192.21428571  0.12
700  4192.21428571  0.12
701  4192.21428571  0.12
702  4192.21428571  0.12
703  4192.21428571  0.12
704  4192.21428571  0.12
705  4192.21428571  0.12
706  4192.21428571  0.12
707  4192.21428571  0.12
708  4192.21428571  0.12
709  4192.21428571  0.12
710  4318.375  0.1
711  4318.46875  0.1
712  4318.4921875  0.1
713  4318.49804688  0.1
714  4318.49951172  0.1
715  4318.49987793  0.1
716  4318.49996948  0.1
717  4318.49999237  0.1
718  4318.49999809  0.1
719  4318.49999952  0.1
720  4318.49999988  0.1
721  4318.49999997  0.1
722  4318.49999999  0.1
723  4318.5  0.1
724  4318.5  0.1
725  4318.5  0.1
726  4318.5  0.1
727  4318.5  0.1
728  4318.5  0.1
729  4318.5  0.1
730  4318.5  0.1
731  4318.5  0.1
732  4318.5  0.1
733  4318.5  0.1
734  4318.5  0.1
735  4318.5  0.1
736  4318.5  0.1
737  4318.5  0.1
738  4318.5  0.1
739  4318.5  0.1
740  4318.5  0.1
741  4318.5  0.1
742  4318.5  0.1
743  4318.5  0.1
744  4318.5  0.1
745  4318.5  0.1
746  4318.5  0.1
747  4318.5  0.1
748  4318.5  0.1
749  4318.5  0.1
750  4318.5  0.1
751  4318.5  0.1
752  4318.5  0.1
753  4318.5  0.1
754  4318.5  0.1
755  4318.5  0.1
756  4318.5  0.1
757  4318.5  0.1
758  4318.5  0.1
759  4318.5  0.1
760  4318.5  0.1
761  4318.5  0.1
762  4318.5  0.1
763  4318.5  0.1
764  4318.5  0.1
765  4318.5  0.1
766  4318.5  0.1
767  4318.5  0.1
768  4318.5  0.1
769  4318.5  0.1
770  4318.5  0.1
771  4318.5  0.1
772  4318.5  0.1
773  4318.5  0.1
774  4318.5  0.1
775  4318.5  0.1
776  4318.5  0.1
777  4318.5  0.1
778  4318.5  0.1
779  4318.5  0.1
780  4318.5  0.1
781  4318.5  0.1
782  4318.5  0.1
783  4318.5  0.1
784  4318.5  0.1
785  4318.5  0.1
786  4318.5  0.1
787  4318.5  0.1
788  4318.5  0.1
789  4318.5  0.1
790  4318.5  0.1
791  4318.5  0.1
792  4318.5  0.1
793  4318.5  0.1
794  4318.5  0.1
795  4318.5  0.1
796  4318.5  0.1
797  4318.5  0.1
798  4318.5  0.1
799  4318.5  0.1
800  4318.5  0.1
801  4318.5  0.1
802  4318.5  0.1
803  4318.5  0.1
804  4318.5  0.1
805  4318.5  0.1
806  4318.5  0.1
807  4318.5  0.1
808  4318.5  0.1
809  4318.5  0.1
810  4318.5  0.1
811  4318.5  0.1
812  4318.5  0.1
813  4318.5  0.1
814  4318.5  0.1
815  4318.5  0.1
816  4318.5  0.1
817  4318.5  0.1
818  4318.5  0.1
819  4318.5  0.1
820  4318.5  0.1
821  4318.5  0.1
822  4318.5  0.1
823  4318.5  0.1
824  4318.5  0.1
825  4318.5  0.1
826  4318.5  0.1
827  4318.5  0.1
828  4318.5  0.1
829  4318.5  0.1
830  4318.5  0.1
831  4318.5  0.1
832  4318.5  0.1
833  4318.5  0.1
834  4318.5  0.1
835  4318.5  0.1
836  4318.5  0.1
837  4318.5  0.1
838  4318.5  0.1
839  4318.5  0.1
840  4318.5  0.1
841  4318.5  0.1
842  4318.5  0.1
843  4318.5  0.1
844  4318.5  0.1
845  4318.5  0.1
846  4318.5  0.1
847  4318.5  0.1
848  4318.5  0.1
849  4318.5  0.1
850  4318.5  0.1
851  4318.5  0.1
852  4318.5  0.1
853  4318.5  0.1
854  4318.5  0.1
855  4318.5  0.1
856  4318.5  0.1
857  4318.5  0.1
858  4318.5  0.1
859  4318.5  0.1
860  4318.5  0.1
861  4318.5  0.1
862  4318.5  0.1
863  4318.5  0.1
864  4318.5  0.1
865  4318.5  0.1
866  4318.5  0.1
867  4318.5  0.1
868  4318.5  0.1
869  4318.5  0.1
870  4318.5  0.1
871  4318.5  0.1
872  4318.5  0.1
873  4318.5  0.1
874  4318.5  0.1
875  4392.35449219  0.14
876  4392.20196533  0.14
877  4392.13523483  0.14
878  4392.10604024  0.14
879  4392.0932676  0.14
880  4392.08767958  0.14
881  4392.08523481  0.14
882  4392.08416523  0.14
883  4392.08369729  0.14
884  4392.08349256  0.14
885  4392.083403  0.14
886  4392.08336381  0.14
887  4392.08334667  0.14
888  4392.08333917  0.14
889  4392.08333589  0.14
890  4392.08333445  0.14
891  4392.08333382  0.14
892  4392.08333355  0.14
893  4392.08333343  0.14
894  4392.08333337  0.14
895  4392.08333335  0.14
896  4392.08333334  0.14
897  4392.08333334  0.14
898  4392.08333333  0.14
899  4392.08333333  0.14
900  4392.08333333  0.14
901  4392.08333333  0.14
902  4392.08333333  0.14
903  4392.08333333  0.14
904  4392.08333333  0.14
905  4392.08333333  0.14
906  4392.08333333  0.14
907  4392.08333333  0.14
908  4392.08333333  0.14
909  4392.08333333  0.14
910  4392.08333333  0.14
911  4392.08333333  0.14
912  4392.08333333  0.14
913  4392.08333333  0.14
914  4392.08333333  0.14
915  4392.08333333  0.14
916  4392.08333333  0.14
917  4392.08333333  0.14
918  4392.08333333  0.14
919  4392.08333333  0.14
920  4392.08333333  0.14
921  4392.08333333  0.14
922  4392.08333333  0.14
923  4392.08333333  0.14
924  4392.08333333  0.14
925  4392.08333333  0.14
926  4392.08333333  0.14
927  4392.08333333  0.14
928  4392.08333333  0.14
929  4392.08333333  0.14
930  4392.08333333  0.14
931  4392.08333333  0.14
932  4392.08333333  0.14
933  4392.08333333  0.14
934  4392.08333333  0.14
935  4392.08333333  0.14
936  4392.08333333  0.14
937  4392.08333333  0.14
938  4392.08333333  0.14
939  4392.08333333  0.14
940  4392.08333333  0.14
941  4392.08333333  0.14
942  4392.08333333  0.14
943  4392.08333333  0.14
944  4392.08333333  0.14
945  4392.08333333  0.14
946  4392.08333333  0.14
947  4392.08333333  0.14
948  4392.08333333  0.14
949  4392.08333333  0.14
950  4392.08333333  0.14
951  4392.08333333  0.14
952  4392.08333333  0.14
953  4392.08333333  0.14
954  4392.08333333  0.14
955  4392.08333333  0.14
956  4392.08333333  0.14
957  4392.08333333  0.14
958  4392.08333333  0.14
959  4392.08333333  0.14
960  4392.08333333  0.14
961  4392.08333333  0.14
962  4392.08333333  0.14
963  4392.08333333  0.14
964  4392.08333333  0.14
965  4392.08333333  0.14
966  4392.08333333  0.14
967  4392.08333333  0.14
968  4392.08333333  0.14
969  4392.08333333  0.14
970  4392.08333333  0.14
971  4392.08333333  0.14
972  4392.08333333  0.14
973  4392.08333333  0.14
974  4392.08333333  0.14
975  4392.08333333  0.14
976  4392.08333333  0.14
977  4392.08333333  0.14
978  4392.08333333  0.14
979  4392.08333333  0.14
980  4392.08333333  0.14
981  4392.08333333  0.14
982  4392.08333333  0.14
983  4392.08333333  0.14
984  4392.08333333  0.14
985  4392.08333333  0.14
986  4392.08333333  0.14
987  4392.08333333  0.14
988  4392.08333333  0.14
989  4392.08333333  0.14
990  4392.08333333  0.14
991  4392.08333333  0.14
992  4392.08333333  0.14
993  4392.08333333  0.14
994  4392.08333333  0.14
995  4392.08333333  0.14
996  4392.08333333  0.14
997  4392.08333333  0.14
998  4392.08333333  0.14
999  4392.08333333  0.14
1000  4392.08333333  0.14
1001  4392.08333333  0.14
1002  4392.08333333  0.14
1003  4392.08333333  0.14
1004  4392.08333333  0.14
1005  4392.08333333  0.14
1006  4392.08333333  0.14
1007  4392.08333333  0.14
1008  4392.08333333  0.14
1009  4392.08333333  0.14
1010  4392.08333333  0.14
1011  4392.08333333  0.14
1012  4392.08333333  0.14
1013  4392.08333333  0.14
1014  4392.08333333  0.14
1015  4392.08333333  0.14
1016  4392.08333333  0.14
1017  4392.08333333  0.14
1018  4392.08333333  0.14
1019  4392.08333333  0.14
1020  4392.08333333  0.14
1021  4392.08333333  0.14
1022  4392.08333333  0.14
1023  4392.08333333  0.14
1024  4392.08333333  0.14
1025  4392.08333333  0.14
1026  4392.08333333  0.14
1027  4392.08333333  0.14
1028  4392.08333333  0.14
1029  4392.08333333  0.14
1030  4392.08333333  0.14
1031  4392.08333333  0.14
1032  4392.08333333  0.14
1033  4392.08333333  0.14
1034  4392.08333333  0.14
1035  4392.08333333  0.14
1036  4392.08333333  0.14
1037  4392.08333333  0.14
1038  4392.08333333  0.14
1039  4392.08333333  0.14
1040  4392.08333333  0.14
1041  4392.08333333  0.14
1042  4392.08333333  0.14
1043  4392.08333333  0.14
1044  4392.08333333  0.14
1045  4392.08333333  0.14
1046  4392.08333333  0.14
1047  4392.08333333  0.14
1048  4392.08333333  0.14
1049  4392.08333333  0.14
1050  4392.08333333  0.14
1051  4392.08333333  0.14
1052  4392.08333333  0.14
1053  4392.08333333  0.14
1054  4392.08333333  0.14
1055  4392.08333333  0.14
1056  4392.08333333  0.14
1057  4392.08333333  0.14
1058  4392.08333333  0.14
1059  4392.08333333  0.14
1060  4392.08333333  0.14
1061  4392.08333333  0.14
1062  4392.08333333  0.14
1063  4392.08333333  0.14
1064  4392.08333333  0.14
1065  4392.08333333  0.14
1066  4392.08333333  0.14
1067  4392.08333333  0.14
1068  4392.08333333  0.14
1069  4392.08333333  0.14
1070  4392.08333333  0.14
1071  4392.08333333  0.14
1072  4392.08333333  0.14
1073  4392.08333333  0.14
1074  4392.08333333  0.14
1075  4392.08333333  0.14
1076  4392.08333333  0.14
1077  4392.08333333  0.14
1078  4392.08333333  0.14
1079  4392.08333333  0.14
1080  4392.08333333  0.14
1081  4392.08333333  0.14
1082  4392.08333333  0.14
1083  4392.08333333  0.14
1084  4392.08333333  0.14
1085  4392.08333333  0.14
1086  4392.08333333  0.14
1087  4392.08333333  0.14
1088  4392.08333333  0.14
1089  4392.08333333  0.14
1090  4392.08333333  0.14
1091  4392.08333333  0.14
1092  4392.08333333  0.14
1093  4392.08333333  0.14
1094  4392.08333333  0.14
1095  4392.08333333  0.14
1096  4392.08333333  0.14
1097  4392.08333333  0.14
1098  4392.08333333  0.14
1099  4392.08333333  0.14
1100  4392.08333333  0.14
1101  4392.08333333  0.14
1102  4392.08333333  0.14
1103  4392.08333333  0.14
1104  4392.08333333  0.14
1105  4392.08333333  0.14
1106  4392.08333333  0.14
1107  4392.08333333  0.14
1108  4392.08333333  0.14
1109  4392.08333333  0.14
1110  4392.08333333  0.14
1111  4392.08333333  0.14
1112  4392.08333333  0.14
1113  4392.08333333  0.14
1114  4392.08333333  0.14
1115  4392.08333333  0.14
1116  4392.08333333  0.14
1117  4392.08333333  0.14
1118  4392.08333333  0.14
1119  4392.08333333  0.14
1120  4392.08333333  0.14
1121  4392.08333333  0.14
1122  4392.08333333  0.14
1123  4392.08333333  0.14
1124  4392.08333333  0.14
1125  4392.08333333  0.14
1126  4392.08333333  0.14
1127  4392.08333333  0.14
1128  4392.08333333  0.14
1129  4392.08333333  0.14
1130  4392.08333333  0.14
1131  4392.08333333  0.14
1132  4392.08333333  0.14
1133  4392.08333333  0.14
1134  4392.08333333  0.14
1135  4392.08333333  0.14
1136  4392.08333333  0.14
1137  4392.08333333  0.14
1138  4392.08333333  0.14
1139  4392.08333333  0.14
1140  4392.08333333  0.14
1141  4392.08333333  0.14
1142  4392.08333333  0.14
1143  4392.08333333  0.14
1144  4392.08333333  0.14
1145  4392.08333333  0.14
1146  4392.08333333  0.14
1147  4392.08333333  0.14
1148  4392.08333333  0.14
1149  4392.08333333  0.14
1150  4392.08333333  0.14
1151  4392.08333333  0.14
1152  4392.08333333  0.14
1153  4392.08333333  0.14
1154  4392.08333333  0.14
1155  4392.08333333  0.14
1156  4392.08333333  0.14
1157  4392.08333333  0.14
1158  4392.08333333  0.14
1159  4392.08333333  0.14
1160  4392.08333333  0.14
1161  4392.08333333  0.14
1162  4392.08333333  0.14
1163  4392.08333333  0.14
1164  4392.08333333  0.14
1165  4392.08333333  0.14
1166  4392.08333333  0.14
1167  4392.08333333  0.14
1168  4392.08333333  0.14
1169  4392.08333333  0.14
1170  4392.08333333  0.14
1171  4392.08333333  0.14
1172  4392.08333333  0.14
1173  4392.08333333  0.14
1174  4392.08333333  0.14
1175  4392.08333333  0.14
1176  4392.08333333  0.14
1177  4392.08333333  0.14
1178  4392.08333333  0.14
1179  4392.08333333  0.14
1180  4392.08333333  0.14
1181  4392.08333333  0.14
1182  4392.08333333  0.14
1183  4392.08333333  0.14
1184  4392.08333333  0.14
1185  4392.08333333  0.14
1186  4392.08333333  0.14
1187  4392.08333333  0.14
1188  4392.08333333  0.14
1189  4392.08333333  0.14
1190  4392.08333333  0.14
1191  4392.08333333  0.14
1192  4392.08333333  0.14
1193  4392.08333333  0.14
1194  4392.08333333  0.14
1195  4392.08333333  0.14
1196  4392.08333333  0.14
1197  4392.08333333  0.14
1198  4392.08333333  0.14
1199  4392.08333333  0.14
1200  4392.08333333  0.14
1201  4392.08333333  0.14
1202  4392.08333333  0.14
1203  4392.08333333  0.14
1204  4392.08333333  0.14
1205  4392.08333333  0.14
1206  4392.08333333  0.14
1207  4392.08333333  0.14
1208  4392.08333333  0.14
1209  4392.08333333  0.14
1210  4392.08333333  0.14
1211  4392.08333333  0.14
1212  4392.08333333  0.14
1213  4392.08333333  0.14
1214  4392.08333333  0.14
1215  4392.08333333  0.14
1216  4392.08333333  0.14
1217  4392.08333333  0.14
1218  4392.08333333  0.14
1219  4392.08333333  0.14
1220  4392.08333333  0.14
1221  4392.08333333  0.14
1222  4392.08333333  0.14
1223  4392.08333333  0.14
1224  4392.08333333  0.14
1225  4392.08333333  0.14
1226  4392.08333333  0.14
1227  4392.08333333  0.14
1228  4392.08333333  0.14
1229  4392.08333333  0.14
1230  4392.08333333  0.14
1231  4392.08333333  0.14
1232  4392.08333333  0.14
1233  4392.08333333  0.14
1234  4392.08333333  0.14
1235  4392.08333333  0.14
1236  4392.08333333  0.14
1237  4392.08333333  0.14
1238  4392.08333333  0.14
1239  4392.08333333  0.14
1240  4392.08333333  0.14
1241  4392.08333333  0.14
1242  4392.08333333  0.14
1243  4392.08333333  0.14
1244  4392.08333333  0.14
1245  4392.08333333  0.14
1246  4392.08333333  0.14
1247  4392.08333333  0.14
1248  4392.08333333  0.14
1249  4392.08333333  0.14
1250  4392.08333333  0.14
1251  4392.08333333  0.14
1252  4392.08333333  0.14
1253  4392.08333333  0.14
1254  4392.08333333  0.14
1255  4392.08333333  0.14
1256  4392.08333333  0.14
1257  4392.08333333  0.14
1258  4392.08333333  0.14
1259  4392.08333333  0.14
1260  4392.08333333  0.14
1261  4392.08333333  0.14
1262  4392.08333333  0.14
1263  4392.08333333  0.14
1264  4392.08333333  0.14
1265  4392.08333333  0.14
1266  4392.08333333  0.14
1267  4392.08333333  0.14
1268  4392.08333333  0.14
1269  4392.08333333  0.14
1270  4392.08333333  0.14
1271  4392.08333333  0.14
1272  4392.08333333  0.14
1273  4392.08333333  0.14
1274  4392.08333333  0.14
1275  4392.08333333  0.14
1276  4392.08333333  0.14
1277  4392.08333333  0.14
1278  4392.08333333  0.14
1279  4392.08333333  0.14
1280  4392.08333333  0.14
1281  4392.08333333  0.14
1282  4392.08333333  0.14
1283  4392.08333333  0.14
1284  4392.08333333  0.14
1285  4392.08333333  0.14
1286  4392.08333333  0.14
1287  4392.08333333  0.14
1288  4392.08333333  0.14
1289  4392.08333333  0.14
1290  4392.08333333  0.14
1291  4392.08333333  0.14
1292  4392.08333333  0.14
1293  4392.08333333  0.14
1294  4392.08333333  0.14
1295  4392.08333333  0.14
1296  4392.08333333  0.14
1297  4392.08333333  0.14
1298  4392.08333333  0.14
1299  4392.08333333  0.14
1300  4392.08333333  0.14
1301  4392.08333333  0.14
1302  4392.08333333  0.14
1303  4392.08333333  0.14
1304  4392.08333333  0.14
1305  4392.08333333  0.14
1306  4392.08333333  0.14
1307  4392.08333333  0.14
1308  4392.08333333  0.14
1309  4392.08333333  0.14
1310  4392.08333333  0.14
1311  4392.08333333  0.14
1312  4392.08333333  0.14
1313  4392.08333333  0.14
1314  4392.08333333  0.14
1315  4392.08333333  0.14
1316  4392.08333333  0.14
1317  4392.08333333  0.14
1318  4392.08333333  0.14
1319  4392.08333333  0.14
1320  4392.08333333  0.14
1321  4392.08333333  0.14
1322  4392.08333333  0.14
1323  4392.08333333  0.14
1324  4392.08333333  0.14
1325  4392.08333333  0.14
1326  4392.08333333  0.14
1327  4392.08333333  0.14
1328  4392.08333333  0.14
1329  4392.08333333  0.14
1330  4392.08333333  0.14
1331  4392.08333333  0.14
1332  4392.08333333  0.14
1333  4392.08333333  0.14
1334  4392.08333333  0.14
1335  4392.08333333  0.14
1336  4392.08333333  0.14
1337  4392.08333333  0.14
1338  4392.08333333  0.14
1339  4392.08333333  0.14
1340  4392.08333333  0.14
1341  4392.08333333  0.14
1342  4392.08333333  0.14
1343  4392.08333333  0.14
1344  4392.08333333  0.14
1345  4392.08333333  0.14
1346  4392.08333333  0.14
1347  4392.08333333  0.14
1348  4392.08333333  0.14
1349  4392.08333333  0.14
1350  4392.08333333  0.14
1351  4392.08333333  0.14
1352  4392.08333333  0.14
1353  4392.08333333  0.14
1354  4392.08333333  0.14
1355  4392.08333333  0.14
1356  4392.08333333  0.14
1357  4392.08333333  0.14
1358  4392.08333333  0.14
1359  4392.08333333  0.14
1360  4392.08333333  0.14
1361  4392.08333333  0.14
1362  4392.08333333  0.14
1363  4392.08333333  0.14
1364  4392.08333333  0.14
1365  4392.08333333  0.14
1366  4392.08333333  0.14
1367  4392.08333333  0.14
1368  4392.08333333  0.14
1369  4392.08333333  0.14
1370  4392.08333333  0.14
1371  4392.08333333  0.14
1372  4392.08333333  0.14
1373  4392.08333333  0.14
1374  4392.08333333  0.14
1375  4392.08333333  0.14
1376  4392.08333333  0.14
1377  4392.08333333  0.14
1378  4392.08333333  0.14
1379  4392.08333333  0.14
1380  4392.08333333  0.14
1381  4392.08333333  0.14
1382  4392.08333333  0.14
1383  4392.08333333  0.14
1384  4392.08333333  0.14
1385  4392.08333333  0.14
1386  4392.08333333  0.14
1387  4392.08333333  0.14
1388  4392.08333333  0.14
1389  4392.08333333  0.14
1390  4392.08333333  0.14
1391  4392.08333333  0.14
1392  4392.08333333  0.14
1393  4392.08333333  0.14
1394  4392.08333333  0.14
1395  4392.08333333  0.14
1396  4392.08333333  0.14
1397  4392.08333333  0.14
1398  4392.08333333  0.14
1399  4392.08333333  0.14
1400  4392.08333333  0.14
1401  4392.08333333  0.14
1402  4392.08333333  0.14
1403  4392.08333333  0.14
1404  4392.08333333  0.14
1405  4392.08333333  0.14
1406  4392.08333333  0.14
1407  4392.08333333  0.14
1408  4392.08333333  0.14
1409  4392.08333333  0.14
1410  4392.08333333  0.14
1411  4392.08333333  0.14
1412  4324.66666667  0.14
1413  4324.66666667  0.14
1414  4324.66666667  0.14
1415  4324.66666667  0.14
1416  4324.66666667  0.14
1417  4324.66666667  0.14
1418  4324.66666667  0.14
1419  4324.66666667  0.14
1420  4324.66666667  0.14
1421  4324.66666667  0.14
1422  4324.66666667  0.14
1423  4324.66666667  0.14
1424  4324.66666667  0.14
1425  4324.66666667  0.14
1426  4324.66666667  0.14
1427  4324.66666667  0.14
1428  4324.66666667  0.14
1429  4324.66666667  0.14
1430  4324.66666667  0.14
1431  4324.66666667  0.14
1432  4324.66666667  0.14
1433  4324.66666667  0.14
1434  4324.66666667  0.14
1435  4324.66666667  0.14
1436  4324.66666667  0.14
1437  4324.66666667  0.14
1438  4324.66666667  0.14
1439  4324.66666667  0.14
1440  4324.66666667  0.14
1441  4324.66666667  0.14
1442  4324.66666667  0.14
1443  4324.66666667  0.14
1444  4324.66666667  0.14
1445  4324.66666667  0.14
1446  4324.66666667  0.14
1447  4324.66666667  0.14
1448  4324.66666667  0.14
1449  4324.66666667  0.14
1450  4324.66666667  0.14
1451  4324.66666667  0.14
1452  4324.66666667  0.14
1453  4324.66666667  0.14
1454  4324.66666667  0.14
1455  4324.66666667  0.14
1456  4324.66666667  0.14
1457  4324.66666667  0.14
1458  4324.66666667  0.14
1459  4324.66666667  0.14
1460  4324.66666667  0.14
1461  4324.66666667  0.14
1462  4324.66666667  0.14
1463  4324.66666667  0.14
1464  4324.66666667  0.14
1465  4324.66666667  0.14
1466  4324.66666667  0.14
1467  4324.66666667  0.14
1468  4324.66666667  0.14
1469  4324.66666667  0.14
1470  4324.66666667  0.14
1471  4324.66666667  0.14
1472  4324.66666667  0.14
1473  4324.66666667  0.14
1474  4324.66666667  0.14
1475  4324.66666667  0.14
1476  4324.66666667  0.14
1477  4324.66666667  0.14
1478  4324.66666667  0.14
1479  4324.66666667  0.14
1480  4324.66666667  0.14
1481  4324.66666667  0.14
1482  4324.66666667  0.14
1483  4324.66666667  0.14
1484  4324.66666667  0.14
1485  4324.66666667  0.14
1486  4324.66666667  0.14
1487  4324.66666667  0.14
1488  4324.66666667  0.14
1489  4324.66666667  0.14
1490  4324.66666667  0.14
1491  4324.66666667  0.14
1492  4324.66666667  0.14
1493  4324.66666667  0.14
1494  4324.66666667  0.14
1495  4324.66666667  0.14
1496  4324.66666667  0.14
1497  4324.66666667  0.14
1498  4324.66666667  0.14
1499  4324.66666667  0.14
1500  4324.66666667  0.14
1501  4324.66666667  0.14
1502  4324.66666667  0.14
1503  4324.66666667  0.14
1504  4324.66666667  0.14
1505  4324.66666667  0.14
1506  4324.66666667  0.14
1507  4324.66666667  0.14
1508  4324.66666667  0.14
1509  4324.66666667  0.14
1510  4324.66666667  0.14
1511  4324.66666667  0.14
1512  4324.66666667  0.14
1513  4324.66666667  0.14
1514  4324.66666667  0.14
1515  4324.66666667  0.14
1516  4324.66666667  0.14
1517  4324.66666667  0.14
1518  4324.66666667  0.14
1519  4324.66666667  0.14
1520  4324.66666667  0.14
1521  4324.66666667  0.14
1522  4324.66666667  0.14
1523  4324.66666667  0.14
1524  4324.66666667  0.14
1525  4324.66666667  0.14
1526  4324.66666667  0.14
1527  4324.66666667  0.14
1528  4324.66666667  0.14
1529  4324.66666667  0.14
1530  4324.66666667  0.14
1531  4324.66666667  0.14
1532  4324.66666667  0.14
1533  4324.66666667  0.14
1534  4324.66666667  0.14
1535  4324.66666667  0.14
1536  4324.66666667  0.14
1537  4324.66666667  0.14
1538  4324.66666667  0.14
1539  4324.66666667  0.14
1540  4324.66666667  0.14
1541  4324.66666667  0.14
1542  4324.66666667  0.14
1543  4324.66666667  0.14
1544  4324.66666667  0.14
1545  4324.66666667  0.14
1546  4324.66666667  0.14
1547  4324.66666667  0.14
1548  4324.66666667  0.14
1549  4324.66666667  0.14
1550  4324.66666667  0.14
1551  4324.66666667  0.14
1552  4324.66666667  0.14
1553  4324.66666667  0.14
1554  4324.66666667  0.14
1555  4324.66666667  0.14
1556  4324.66666667  0.14
1557  4324.66666667  0.14
1558  4324.66666667  0.14
1559  4324.66666667  0.14
1560  4324.66666667  0.14
1561  4324.66666667  0.14
1562  4324.66666667  0.14
1563  4324.66666667  0.14
1564  4324.66666667  0.14
1565  4324.66666667  0.14
1566  4324.66666667  0.14
1567  4324.66666667  0.14
1568  4324.66666667  0.14
1569  4324.66666667  0.14
1570  4324.66666667  0.14
1571  4324.66666667  0.14
1572  4324.66666667  0.14
1573  4324.66666667  0.14
1574  4324.66666667  0.14
1575  4324.66666667  0.14
1576  4324.66666667  0.14
1577  4324.66666667  0.14
1578  4324.66666667  0.14
1579  4324.66666667  0.14
1580  4324.66666667  0.14
1581  4324.66666667  0.14
1582  4324.66666667  0.14
1583  4324.66666667  0.14
1584  4324.66666667  0.14
1585  4324.66666667  0.14
1586  4324.66666667  0.14
1587  4324.66666667  0.14
1588  4324.66666667  0.14
1589  4324.66666667  0.14
1590  4324.66666667  0.14
1591  4324.66666667  0.14
1592  4324.66666667  0.14
1593  4324.66666667  0.14
1594  4324.66666667  0.14
1595  4324.66666667  0.14
1596  4324.66666667  0.14
1597  4324.66666667  0.14
1598  4324.66666667  0.14
1599  4324.66666667  0.14
1600  4324.66666667  0.14
1601  4324.66666667  0.14
1602  4324.66666667  0.14
1603  4324.66666667  0.14
1604  4324.66666667  0.14
1605  4324.66666667  0.14
1606  4324.66666667  0.14
1607  4324.66666667  0.14
1608  4324.66666667  0.14
1609  4324.66666667  0.14
1610  4324.66666667  0.14
1611  4324.66666667  0.14
1612  4324.66666667  0.14
1613  4324.66666667  0.14
1614  4324.66666667  0.14
1615  4324.66666667  0.14
1616  4324.66666667  0.14
1617  4324.66666667  0.14
1618  4324.66666667  0.14
1619  4324.66666667  0.14
1620  4324.66666667  0.14
1621  4324.66666667  0.14
1622  4324.66666667  0.14
1623  4324.66666667  0.14
1624  4324.66666667  0.14
1625  4324.66666667  0.14
1626  4324.66666667  0.14
1627  4324.66666667  0.14
1628  4324.66666667  0.14
1629  4324.66666667  0.14
1630  4324.66666667  0.14
1631  4324.66666667  0.14
1632  4324.66666667  0.14
1633  4324.66666667  0.14
1634  4324.66666667  0.14
1635  4324.66666667  0.14
1636  4324.66666667  0.14
1637  4324.66666667  0.14
1638  4324.66666667  0.14
1639  4324.66666667  0.14
1640  4324.66666667  0.14
1641  4324.66666667  0.14
1642  4324.66666667  0.14
1643  4324.66666667  0.14
1644  4324.66666667  0.14
1645  4324.66666667  0.14
1646  4324.66666667  0.14
1647  4324.66666667  0.14
1648  4324.66666667  0.14
1649  4324.66666667  0.14
1650  4324.66666667  0.14
1651  4324.66666667  0.14
1652  4324.66666667  0.14
1653  4324.66666667  0.14
1654  4324.66666667  0.14
1655  4324.66666667  0.14
1656  4324.66666667  0.14
1657  4324.66666667  0.14
1658  4324.66666667  0.14
1659  4324.66666667  0.14
1660  4324.66666667  0.14
1661  4324.66666667  0.14
1662  4324.66666667  0.14
1663  4324.66666667  0.14
1664  4324.66666667  0.14
1665  4324.66666667  0.14
1666  4324.66666667  0.14
1667  4324.66666667  0.14
1668  4324.66666667  0.14
1669  4324.66666667  0.14
1670  4324.66666667  0.14
1671  4324.66666667  0.14
1672  4324.66666667  0.14
1673  4324.66666667  0.14
1674  4324.66666667  0.14
1675  4324.66666667  0.14
1676  4324.66666667  0.14
1677  4324.66666667  0.14
1678  4324.66666667  0.14
1679  4324.66666667  0.14
1680  4324.66666667  0.14
1681  4324.66666667  0.14
1682  4324.66666667  0.14
1683  4324.66666667  0.14
1684  4324.66666667  0.14
1685  4324.66666667  0.14
1686  4324.66666667  0.14
1687  4324.66666667  0.14
1688  4324.66666667  0.14
1689  4324.66666667  0.14
1690  4324.66666667  0.14
1691  4324.66666667  0.14
1692  4324.66666667  0.14
1693  4324.66666667  0.14
1694  4324.66666667  0.14
1695  4324.66666667  0.14
1696  4324.66666667  0.14
1697  4324.66666667  0.14
1698  4324.66666667  0.14
1699  4324.66666667  0.14
1700  4324.66666667  0.14
1701  4324.66666667  0.14
1702  4324.66666667  0.14
1703  4324.66666667  0.14
1704  4324.66666667  0.14
1705  4324.66666667  0.14
1706  4324.66666667  0.14
1707  4324.66666667  0.14
1708  4324.66666667  0.14
1709  4324.66666667  0.14
1710  4324.66666667  0.14
1711  4324.66666667  0.14
1712  4324.66666667  0.14
1713  4324.66666667  0.14
1714  4324.66666667  0.14
1715  4324.66666667  0.14
1716  4324.66666667  0.14
1717  4324.66666667  0.14
1718  4324.66666667  0.14
1719  4324.66666667  0.14
1720  4324.66666667  0.14
1721  4324.66666667  0.14
1722  4324.66666667  0.14
1723  4324.66666667  0.14
1724  4324.66666667  0.14
1725  4324.66666667  0.14
1726  4324.66666667  0.14
1727  4324.66666667  0.14
1728  4324.66666667  0.14
1729  4324.66666667  0.14
1730  4324.66666667  0.14
1731  4324.66666667  0.14
1732  4324.66666667  0.14
1733  4324.66666667  0.14
1734  4324.66666667  0.14
1735  4324.66666667  0.14
1736  4324.66666667  0.14
1737  4324.66666667  0.14
1738  4324.66666667  0.14
1739  4324.66666667  0.14
1740  4324.66666667  0.14
1741  4324.66666667  0.14
1742  4324.66666667  0.14
1743  4324.66666667  0.14
1744  4324.66666667  0.14
1745  4324.66666667  0.14
1746  4324.66666667  0.14
1747  4324.66666667  0.14
1748  4324.66666667  0.14
1749  4324.66666667  0.14
1750  4324.66666667  0.14
1751  4324.66666667  0.14
1752  4324.66666667  0.14
1753  4324.66666667  0.14
1754  4324.66666667  0.14
1755  4324.66666667  0.14
1756  4324.66666667  0.14
1757  4324.66666667  0.14
1758  4324.66666667  0.14
1759  4324.66666667  0.14
1760  4324.66666667  0.14
1761  4324.66666667  0.14
1762  4324.66666667  0.14
1763  4324.66666667  0.14
1764  4324.66666667  0.14
1765  4324.66666667  0.14
1766  4324.66666667  0.14
1767  4324.66666667  0.14
1768  4324.66666667  0.14
1769  4324.66666667  0.14
1770  4324.66666667  0.14
1771  4324.66666667  0.14
1772  4324.66666667  0.14
1773  4324.66666667  0.14
1774  4324.66666667  0.14
1775  4324.66666667  0.14
1776  4324.66666667  0.14
1777  4324.66666667  0.14
1778  4324.66666667  0.14
1779  4324.66666667  0.14
1780  4324.66666667  0.14
1781  4324.66666667  0.14
1782  4324.66666667  0.14
1783  4324.66666667  0.14
1784  4324.66666667  0.14
1785  4324.66666667  0.14
1786  4324.66666667  0.14
1787  4324.66666667  0.14
1788  4324.66666667  0.14
1789  4324.66666667  0.14
1790  4324.66666667  0.14
1791  4324.66666667  0.14
1792  4324.66666667  0.14
1793  4324.66666667  0.14
1794  4324.66666667  0.14
1795  4324.66666667  0.14
1796  4324.66666667  0.14
1797  4324.66666667  0.14
1798  4324.66666667  0.14
1799  4324.66666667  0.14
1800  4324.66666667  0.14
1801  4324.66666667  0.14
1802  4324.66666667  0.14
1803  4324.66666667  0.14
1804  4324.66666667  0.14
1805  4324.66666667  0.14
1806  4324.66666667  0.14
1807  4324.66666667  0.14
1808  4324.66666667  0.14
1809  4324.66666667  0.14
1810  4324.66666667  0.14
1811  4324.66666667  0.14
1812  4324.66666667  0.14
1813  4324.66666667  0.14
1814  4324.66666667  0.14
1815  4324.66666667  0.14
1816  4324.66666667  0.14
1817  4324.66666667  0.14
1818  4324.66666667  0.14
1819  4324.66666667  0.14
1820  4324.66666667  0.14
1821  4324.66666667  0.14
1822  4324.66666667  0.14
1823  4324.66666667  0.14
1824  4324.66666667  0.14
1825  4324.66666667  0.14
1826  4324.66666667  0.14
1827  4324.66666667  0.14
1828  4324.66666667  0.14
1829  4324.66666667  0.14
1830  4324.66666667  0.14
1831  4324.66666667  0.14
1832  4324.66666667  0.14
1833  4324.66666667  0.14
1834  4324.66666667  0.14
1835  4324.66666667  0.14
1836  4324.66666667  0.14
1837  4324.66666667  0.14
1838  4324.66666667  0.14
1839  4324.66666667  0.14
1840  4324.66666667  0.14
1841  4324.66666667  0.14
1842  4324.66666667  0.14
1843  4324.66666667  0.14
1844  4324.66666667  0.14
1845  4324.66666667  0.14
1846  4324.66666667  0.14
1847  4324.66666667  0.14
1848  4324.66666667  0.14
1849  4324.66666667  0.14
1850  4324.66666667  0.14
1851  4324.66666667  0.14
1852  4324.66666667  0.14
1853  4324.66666667  0.14
1854  4324.66666667  0.14
1855  4324.66666667  0.14
1856  4324.66666667  0.14
1857  4324.66666667  0.14
1858  4324.66666667  0.14
1859  4324.66666667  0.14
1860  4324.66666667  0.14
1861  4324.66666667  0.14
1862  4324.66666667  0.14
1863  4324.66666667  0.14
1864  4324.66666667  0.14
1865  4324.66666667  0.14
1866  4324.66666667  0.14
1867  4324.66666667  0.14
1868  4324.66666667  0.14
1869  4324.66666667  0.14
1870  4324.66666667  0.14
1871  4324.66666667  0.14
1872  4324.66666667  0.14
1873  4324.66666667  0.14
1874  4324.66666667  0.14
1875  4324.66666667  0.14
1876  4324.66666667  0.14
1877  4324.66666667  0.14
1878  4324.66666667  0.14
1879  4324.66666667  0.14
1880  4324.66666667  0.14
1881  4324.66666667  0.14
1882  4324.66666667  0.14
1883  4324.66666667  0.14
1884  4324.66666667  0.14
1885  4324.66666667  0.14
1886  4324.66666667  0.14
1887  4324.66666667  0.14
1888  4324.66666667  0.14
1889  4324.66666667  0.14
1890  4324.66666667  0.14
1891  4324.66666667  0.14
1892  4324.66666667  0.14
1893  4324.66666667  0.14
1894  4324.66666667  0.14
1895  4324.66666667  0.14
1896  4324.66666667  0.14
1897  4324.66666667  0.14
1898  4324.66666667  0.14
1899  4324.66666667  0.14
1900  4324.66666667  0.14
1901  4324.66666667  0.14
1902  4324.66666667  0.14
1903  4324.66666667  0.14
1904  4324.66666667  0.14
1905  4324.66666667  0.14
1906  4324.66666667  0.14
1907  4324.66666667  0.14
1908  4324.66666667  0.14
1909  4324.66666667  0.14
1910  4324.66666667  0.14
1911  4324.66666667  0.14
1912  4324.66666667  0.14
1913  4324.66666667  0.14
1914  4324.66666667  0.14
1915  4324.66666667  0.14
1916  4324.66666667  0.14
1917  4324.66666667  0.14
1918  4324.66666667  0.14
1919  4324.66666667  0.14
1920  4324.66666667  0.14
1921  4324.66666667  0.14
1922  4324.66666667  0.14
1923  4324.66666667  0.14
1924  4324.66666667  0.14
1925  4324.66666667  0.14
1926  4324.66666667  0.14
1927  4324.66666667  0.14
1928  4324.66666667  0.14
1929  4324.66666667  0.14
1930  4324.66666667  0.14
1931  4324.66666667  0.14
1932  4324.66666667  0.14
1933  4324.66666667  0.14
1934  4324.66666667  0.14
1935  4324.66666667  0.14
1936  4324.66666667  0.14
1937  4324.66666667  0.14
1938  4324.66666667  0.14
1939  4324.66666667  0.14
1940  4324.66666667  0.14
1941  4324.66666667  0.14
1942  4324.66666667  0.14
1943  4324.66666667  0.14
1944  4324.66666667  0.14
1945  4324.66666667  0.14
1946  4324.66666667  0.14
1947  4324.66666667  0.14
1948  4324.66666667  0.14
1949  4324.66666667  0.14
1950  4324.66666667  0.14
1951  4324.66666667  0.14
1952  4324.66666667  0.14
1953  4324.66666667  0.14
1954  4324.66666667  0.14
1955  4324.66666667  0.14
1956  4324.66666667  0.14
1957  4324.66666667  0.14
1958  4324.66666667  0.14
1959  4324.66666667  0.14
1960  4324.66666667  0.14
1961  4324.66666667  0.14
1962  4324.66666667  0.14
1963  4324.66666667  0.14
1964  4324.66666667  0.14
1965  4324.66666667  0.14
1966  4324.66666667  0.14
1967  4324.66666667  0.14
1968  4324.66666667  0.14
1969  4324.66666667  0.14
1970  4324.66666667  0.14
1971  4324.66666667  0.14
1972  4324.66666667  0.14
1973  4324.66666667  0.14
1974  4324.66666667  0.14
1975  4324.66666667  0.14
1976  4324.66666667  0.14
1977  4324.66666667  0.14
1978  4324.66666667  0.14
1979  4324.66666667  0.14
1980  4324.66666667  0.14
1981  4324.66666667  0.14
1982  4324.66666667  0.14
1983  4324.66666667  0.14
1984  4324.66666667  0.14
1985  4324.66666667  0.14
1986  4324.66666667  0.14
1987  4324.66666667  0.14
1988  4324.66666667  0.14
1989  4324.66666667  0.14
1990  4324.66666667  0.14
1991  4324.66666667  0.14
1992  4324.66666667  0.14
1993  4324.66666667  0.14
1994  4324.66666667  0.14
1995  4324.66666667  0.14
1996  4324.66666667  0.14
1997  4324.66666667  0.14
1998  4324.66666667  0.14
1999  4324.66666667  0.14
2000  4324.66666667  0.14
2001  4324.66666667  0.14
2002  4324.66666667  0.14
2003  4324.66666667  0.14
2004  4324.66666667  0.14
2005  4324.66666667  0.14
2006  4324.66666667  0.14
2007  4324.66666667  0.14
2008  4324.66666667  0.14
2009  4324.66666667  0.14
2010  4324.66666667  0.14
2011  4324.66666667  0.14
2012  4324.66666667  0.14
2013  4324.66666667  0.14
2014  4324.66666667  0.14
2015  4324.66666667  0.14
2016  4324.66666667  0.14
2017  4324.66666667  0.14
2018  4324.66666667  0.14
2019  4324.66666667  0.14
2020  4324.66666667  0.14
2021  4324.66666667  0.14
2022  4324.66666667  0.14
2023  4324.66666667  0.14
2024  4324.66666667  0.14
2025  4324.66666667  0.14
2026  4324.66666667  0.14
2027  4324.66666667  0.14
2028  4324.66666667  0.14
2029  4324.66666667  0.14
2030  4324.66666667  0.14
2031  4324.66666667  0.14
2032  4324.66666667  0.14
2033  4324.66666667  0.14
2034  4324.66666667  0.14
2035  4324.66666667  0.14
2036  4324.66666667  0.14
2037  4324.66666667  0.14
2038  4324.66666667  0.14
2039  4324.66666667  0.14
2040  4324.66666667  0.14
2041  4324.66666667  0.14
2042  4324.66666667  0.14
2043  4324.66666667  0.14
2044  4324.66666667  0.14
2045  4324.66666667  0.14
2046  4324.66666667  0.14
2047  4324.66666667  0.14
2048  4324.66666667  0.14
2049  4324.66666667  0.14
2050  4324.66666667  0.14
2051  4324.66666667  0.14
2052  4324.66666667  0.14
2053  4324.66666667  0.14
2054  4324.66666667  0.14
2055  4324.66666667  0.14
2056  4324.66666667  0.14
2057  4324.66666667  0.14
2058  4324.66666667  0.14
2059  4324.66666667  0.14
2060  4324.66666667  0.14
2061  4324.66666667  0.14
2062  4324.66666667  0.14
2063  4324.66666667  0.14
2064  4324.66666667  0.14
2065  4324.66666667  0.14
2066  4324.66666667  0.14
2067  4324.66666667  0.14
2068  4324.66666667  0.14
2069  4324.66666667  0.14
2070  4324.66666667  0.14
2071  4324.66666667  0.14
2072  4324.66666667  0.14
2073  4324.66666667  0.14
2074  4324.66666667  0.14
2075  4324.66666667  0.14
2076  4324.66666667  0.14
2077  4324.66666667  0.14
2078  4324.66666667  0.14
2079  4324.66666667  0.14
2080  4324.66666667  0.14
2081  4324.66666667  0.14
2082  4324.66666667  0.14
2083  4324.66666667  0.14
2084  4324.66666667  0.14
2085  4324.66666667  0.14
2086  4324.66666667  0.14
2087  4324.66666667  0.14
2088  4324.66666667  0.14
2089  4324.66666667  0.14
2090  4324.66666667  0.14
2091  4324.66666667  0.14
2092  4324.66666667  0.14
2093  4324.66666667  0.14
2094  4324.66666667  0.14
2095  4324.66666667  0.14
2096  4324.66666667  0.14
2097  4324.66666667  0.14
2098  4324.66666667  0.14
2099  4324.66666667  0.14
2100  4324.66666667  0.14
2101  4324.66666667  0.14
2102  4324.66666667  0.14
2103  4324.66666667  0.14
2104  4324.66666667  0.14
2105  4324.66666667  0.14
2106  4324.66666667  0.14
2107  4324.66666667  0.14
2108  4324.66666667  0.14
2109  4324.66666667  0.14
2110  4324.66666667  0.14
2111  4324.66666667  0.14
2112  4324.66666667  0.14
2113  4324.66666667  0.14
2114  4324.66666667  0.14
2115  4324.66666667  0.14
2116  4324.66666667  0.14
2117  4324.66666667  0.14
2118  4324.66666667  0.14
2119  4324.66666667  0.14
2120  4324.66666667  0.14
2121  4324.66666667  0.14
2122  4324.66666667  0.14
2123  4324.66666667  0.14
2124  4324.66666667  0.14
2125  4324.66666667  0.14
2126  4324.66666667  0.14
2127  4324.66666667  0.14
2128  4324.66666667  0.14
2129  4324.66666667  0.14
2130  4324.66666667  0.14
2131  4324.66666667  0.14
2132  4324.66666667  0.14
2133  4324.66666667  0.14
2134  4324.66666667  0.14
2135  4324.66666667  0.14
2136  4324.66666667  0.14
2137  4324.66666667  0.14
2138  4324.66666667  0.14
2139  4324.66666667  0.14
2140  4324.66666667  0.14
2141  4324.66666667  0.14
2142  4324.66666667  0.14
2143  4324.66666667  0.14
2144  4324.66666667  0.14
2145  4324.66666667  0.14
2146  4324.66666667  0.14
2147  4324.66666667  0.14
2148  4324.66666667  0.14
2149  4324.66666667  0.14
2150  4324.66666667  0.14
2151  4324.66666667  0.14
2152  4324.66666667  0.14
2153  4324.66666667  0.14
2154  4324.66666667  0.14
2155  4324.66666667  0.14
2156  4324.66666667  0.14
2157  4324.66666667  0.14
2158  4324.66666667  0.14
2159  4324.66666667  0.14
2160  4324.66666667  0.14
2161  4324.66666667  0.14
2162  4324.66666667  0.14
2163  4324.66666667  0.14
2164  4324.66666667  0.14
2165  4324.66666667  0.14
2166  4324.66666667  0.14
2167  4324.66666667  0.14
2168  4324.66666667  0.14
2169  4324.66666667  0.14
2170  4324.66666667  0.14
2171  4324.66666667  0.14
2172  4324.66666667  0.14
2173  4324.66666667  0.14
2174  4324.66666667  0.14
2175  4324.66666667  0.14
2176  4324.66666667  0.14
2177  4324.66666667  0.14
2178  4324.66666667  0.14
2179  4324.66666667  0.14
2180  4324.66666667  0.14
2181  4324.66666667  0.14
2182  4324.66666667  0.14
2183  4324.66666667  0.14
2184  4324.66666667  0.14
2185  4324.66666667  0.14
2186  4324.66666667  0.14
2187  4324.66666667  0.14
2188  4324.66666667  0.14
2189  4324.66666667  0.14
2190  4324.66666667  0.14
2191  4324.66666667  0.14
2192  4324.66666667  0.14
2193  4324.66666667  0.14
2194  4324.66666667  0.14
2195  4324.66666667  0.14
2196  4324.66666667  0.14
2197  4324.66666667  0.14
2198  4324.66666667  0.14
2199  4324.66666667  0.14
2200  4324.66666667  0.14
2201  4324.66666667  0.14
2202  4324.66666667  0.14
2203  4324.66666667  0.14
2204  4324.66666667  0.14
2205  4324.66666667  0.14
2206  4324.66666667  0.14
2207  4324.66666667  0.14
2208  4324.66666667  0.14
2209  4324.66666667  0.14
2210  4324.66666667  0.14
2211  4324.66666667  0.14
2212  4324.66666667  0.14
2213  4324.66666667  0.14
2214  4324.66666667  0.14
2215  4324.66666667  0.14
2216  4324.66666667  0.14
2217  4324.66666667  0.14
2218  4324.66666667  0.14
2219  4324.66666667  0.14
2220  4324.66666667  0.14
2221  4324.66666667  0.14
2222  4324.66666667  0.14
2223  4324.66666667  0.14
2224  4324.66666667  0.14
2225  4324.66666667  0.14
2226  4324.66666667  0.14
2227  4324.66666667  0.14
2228  4324.66666667  0.14
2229  4324.66666667  0.14
2230  4324.66666667  0.14
2231  4324.66666667  0.14
2232  4324.66666667  0.14
2233  4324.66666667  0.14
2234  4324.66666667  0.14
2235  4324.66666667  0.14
2236  4324.66666667  0.14
2237  4324.66666667  0.14
2238  4324.66666667  0.14
2239  4324.66666667  0.14
2240  4324.66666667  0.14
2241  4324.66666667  0.14
2242  4324.66666667  0.14
2243  4324.66666667  0.14
2244  4324.66666667  0.14
2245  4324.66666667  0.14
2246  4324.66666667  0.14
2247  4324.66666667  0.14
2248  4324.66666667  0.14
2249  4324.66666667  0.14
2250  4324.66666667  0.14
2251  4324.66666667  0.14
2252  4324.66666667  0.14
2253  4324.66666667  0.14
2254  4324.66666667  0.14
2255  4324.66666667  0.14
2256  4324.66666667  0.14
2257  4324.66666667  0.14
2258  4324.66666667  0.14
2259  4324.66666667  0.14
2260  4324.66666667  0.14
2261  4324.66666667  0.14
2262  4324.66666667  0.14
2263  4324.66666667  0.14
2264  4324.66666667  0.14
2265  4324.66666667  0.14
2266  4324.66666667  0.14
2267  4324.66666667  0.14
2268  4324.66666667  0.14
2269  4324.66666667  0.14
2270  4324.66666667  0.14
2271  4324.66666667  0.14
2272  4324.66666667  0.14
2273  4324.66666667  0.14
2274  4324.66666667  0.14
2275  4324.66666667  0.14
2276  4324.66666667  0.14
2277  4324.66666667  0.14
2278  4324.66666667  0.14
2279  4324.66666667  0.14
2280  4324.66666667  0.14
2281  4324.66666667  0.14
2282  4324.66666667  0.14
2283  4324.66666667  0.14
2284  4324.66666667  0.14
2285  4324.66666667  0.14
2286  4324.66666667  0.14
2287  4324.66666667  0.14
2288  4324.66666667  0.14
2289  4324.66666667  0.14
2290  4324.66666667  0.14
2291  4324.66666667  0.14
2292  4324.66666667  0.14
2293  4324.66666667  0.14
2294  4324.66666667  0.14
2295  4324.66666667  0.14
2296  4324.66666667  0.14
2297  4324.66666667  0.14
2298  4324.66666667  0.14
2299  4324.66666667  0.14
2300  4324.66666667  0.14
2301  4324.66666667  0.14
2302  4324.66666667  0.14
2303  4324.66666667  0.14
2304  4324.66666667  0.14
2305  4324.66666667  0.14
2306  4324.66666667  0.14
2307  4324.66666667  0.14
2308  4324.66666667  0.14
2309  4324.66666667  0.14
2310  4324.66666667  0.14
2311  4324.66666667  0.14
2312  4324.66666667  0.14
2313  4324.66666667  0.14
2314  4324.66666667  0.14
2315  4324.66666667  0.14
2316  4324.66666667  0.14
2317  4324.66666667  0.14
2318  4324.66666667  0.14
2319  4324.66666667  0.14
2320  4324.66666667  0.14
2321  4324.66666667  0.14
2322  4324.66666667  0.14
2323  4324.66666667  0.14
2324  4324.66666667  0.14
2325  4324.66666667  0.14
2326  4324.66666667  0.14
2327  4324.66666667  0.14
2328  4324.66666667  0.14
2329  4324.66666667  0.14
2330  4324.66666667  0.14
2331  4324.66666667  0.14
2332  4324.66666667  0.14
2333  4324.66666667  0.14
2334  4324.66666667  0.14
2335  4324.66666667  0.14
2336  4324.66666667  0.14
2337  4324.66666667  0.14
2338  4324.66666667  0.14
2339  4324.66666667  0.14
2340  4324.66666667  0.14
2341  4324.66666667  0.14
2342  4324.66666667  0.14
2343  4324.66666667  0.14
2344  4324.66666667  0.14
2345  4324.66666667  0.14
2346  4324.66666667  0.14
2347  4324.66666667  0.14
2348  4324.66666667  0.14
2349  4324.66666667  0.14
2350  4324.66666667  0.14
2351  4324.66666667  0.14
2352  4324.66666667  0.14
2353  4324.66666667  0.14
2354  4324.66666667  0.14
2355  4324.66666667  0.14
2356  4324.66666667  0.14
2357  4324.66666667  0.14
2358  4324.66666667  0.14
2359  4324.66666667  0.14
2360  4324.66666667  0.14
2361  4324.66666667  0.14
2362  4324.66666667  0.14
2363  4324.66666667  0.14
2364  4324.66666667  0.14
2365  4324.66666667  0.14
2366  4324.66666667  0.14
2367  4324.66666667  0.14
2368  4324.66666667  0.14
2369  4324.66666667  0.14
2370  4324.66666667  0.14
2371  4324.66666667  0.14
2372  4324.66666667  0.14
2373  4324.66666667  0.14
2374  4324.66666667  0.14
2375  4324.66666667  0.14
2376  4324.66666667  0.14
2377  4324.66666667  0.14
2378  4324.66666667  0.14
2379  4324.66666667  0.14
2380  4324.66666667  0.14
2381  4324.66666667  0.14
2382  4324.66666667  0.14
2383  4324.66666667  0.14
2384  4324.66666667  0.14
2385  4324.66666667  0.14
2386  4324.66666667  0.14
2387  4324.66666667  0.14
2388  4324.66666667  0.14
2389  4324.66666667  0.14
2390  4324.66666667  0.14
2391  4324.66666667  0.14
2392  4324.66666667  0.14
2393  4324.66666667  0.14
2394  4324.66666667  0.14
2395  4324.66666667  0.14
2396  4324.66666667  0.14
2397  4324.66666667  0.14
2398  4324.66666667  0.14
2399  4324.66666667  0.14
2400  4324.66666667  0.14
2401  4324.66666667  0.14
2402  4324.66666667  0.14
2403  4324.66666667  0.14
2404  4324.66666667  0.14
2405  4324.66666667  0.14
2406  4324.66666667  0.14
2407  4324.66666667  0.14
2408  4324.66666667  0.14
2409  4324.66666667  0.14
2410  4324.66666667  0.14
2411  4324.66666667  0.14
2412  4324.66666667  0.14
2413  4324.66666667  0.14
2414  4324.66666667  0.14
2415  4324.66666667  0.14
2416  4324.66666667  0.14
2417  4324.66666667  0.14
2418  4324.66666667  0.14
2419  4324.66666667  0.14
2420  4324.66666667  0.14
2421  4324.66666667  0.14
2422  4324.66666667  0.14
2423  4324.66666667  0.14
2424  4324.66666667  0.14
2425  4324.66666667  0.14
2426  4324.66666667  0.14
2427  4324.66666667  0.14
2428  4324.66666667  0.14
2429  4324.66666667  0.14
2430  4324.66666667  0.14
2431  4324.66666667  0.14
2432  4324.66666667  0.14
2433  4324.66666667  0.14
2434  4324.66666667  0.14
2435  4324.66666667  0.14
2436  4324.66666667  0.14
2437  4324.66666667  0.14
2438  4324.66666667  0.14
2439  4324.66666667  0.14
2440  4324.66666667  0.14
2441  4324.66666667  0.14
2442  4324.66666667  0.14
2443  4324.66666667  0.14
2444  4324.66666667  0.14
2445  4324.66666667  0.14
2446  4324.66666667  0.14
2447  4324.66666667  0.14
2448  4324.66666667  0.14
2449  4324.66666667  0.14
2450  4324.66666667  0.14
2451  4324.66666667  0.14
2452  4324.66666667  0.14
2453  4324.66666667  0.14
2454  4324.66666667  0.14
2455  4324.66666667  0.14
2456  4324.66666667  0.14
2457  4324.66666667  0.14
2458  4324.66666667  0.14
2459  4324.66666667  0.14
2460  4324.66666667  0.14
2461  4324.66666667  0.14
2462  4324.66666667  0.14
2463  4324.66666667  0.14
2464  4324.66666667  0.14
2465  4324.66666667  0.14
2466  4324.66666667  0.14
2467  4324.66666667  0.14
2468  4324.66666667  0.14
2469  4324.66666667  0.14
2470  4324.66666667  0.14
2471  4324.66666667  0.14
2472  4324.66666667  0.14
2473  4324.66666667  0.14
2474  4324.66666667  0.14
2475  4324.66666667  0.14
2476  4324.66666667  0.14
2477  4324.66666667  0.14
2478  4324.66666667  0.14
2479  4324.66666667  0.14
2480  4324.66666667  0.14
2481  4324.66666667  0.14
2482  4324.66666667  0.14
2483  4324.66666667  0.14
2484  4324.66666667  0.14
2485  4324.66666667  0.14
2486  4324.66666667  0.14
2487  4324.66666667  0.14
2488  4324.66666667  0.14
2489  4324.66666667  0.14
2490  4324.66666667  0.14
2491  4324.66666667  0.14
2492  4324.66666667  0.14
2493  4324.66666667  0.14
2494  4324.66666667  0.14
2495  4324.66666667  0.14
2496  4324.66666667  0.14
2497  4324.66666667  0.14
2498  4324.66666667  0.14
2499  4324.66666667  0.14
2500  4324.66666667  0.14
2501  4324.66666667  0.14
2502  4324.66666667  0.14
2503  4324.66666667  0.14
2504  4324.66666667  0.14
2505  4324.66666667  0.14
2506  4324.66666667  0.14
2507  4324.66666667  0.14
2508  4324.66666667  0.14
2509  4324.66666667  0.14
2510  4324.66666667  0.14
2511  4324.66666667  0.14
2512  4324.66666667  0.14
2513  4324.66666667  0.14
2514  4324.66666667  0.14
2515  4324.66666667  0.14
2516  4324.66666667  0.14
2517  4324.66666667  0.14
2518  4324.66666667  0.14
2519  4324.66666667  0.14
2520  4324.66666667  0.14
2521  4324.66666667  0.14
2522  4324.66666667  0.14
2523  4324.66666667  0.14
2524  4324.66666667  0.14
2525  4324.66666667  0.14
2526  4324.66666667  0.14
2527  4324.66666667  0.14
2528  4324.66666667  0.14
2529  4324.66666667  0.14
2530  4324.66666667  0.14
2531  4324.66666667  0.14
2532  4324.66666667  0.14
2533  4324.66666667  0.14
2534  4324.66666667  0.14
2535  4324.66666667  0.14
2536  4324.66666667  0.14
2537  4324.66666667  0.14
2538  4324.66666667  0.14
2539  4324.66666667  0.14
2540  4324.66666667  0.14
2541  4324.66666667  0.14
2542  4324.66666667  0.14
2543  4324.66666667  0.14
2544  4324.66666667  0.14
2545  4324.66666667  0.14
2546  4324.66666667  0.14
2547  4324.66666667  0.14
2548  4324.66666667  0.14
2549  4324.66666667  0.14
2550  4324.66666667  0.14
2551  4324.66666667  0.14
2552  4324.66666667  0.14
2553  4324.66666667  0.14
2554  4324.66666667  0.14
2555  4324.66666667  0.14
2556  4324.66666667  0.14
2557  4324.66666667  0.14
2558  4324.66666667  0.14
2559  4324.66666667  0.14
2560  4324.66666667  0.14
2561  4324.66666667  0.14
2562  4324.66666667  0.14
2563  4324.66666667  0.14
2564  4324.66666667  0.14
2565  4324.66666667  0.14
2566  4324.66666667  0.14
2567  4324.66666667  0.14
2568  4324.66666667  0.14
2569  4324.66666667  0.14
2570  4324.66666667  0.14
2571  4324.66666667  0.14
2572  4324.66666667  0.14
2573  4324.66666667  0.14
2574  4324.66666667  0.14
2575  4324.66666667  0.14
2576  4324.66666667  0.14
2577  4324.66666667  0.14
2578  4324.66666667  0.14
2579  4324.66666667  0.14
2580  4324.66666667  0.14
2581  4324.66666667  0.14
2582  4324.66666667  0.14
2583  4324.66666667  0.14
2584  4324.66666667  0.14
2585  4324.66666667  0.14
2586  4324.66666667  0.14
2587  4324.66666667  0.14
2588  4324.66666667  0.14
2589  4324.66666667  0.14
2590  4324.66666667  0.14
2591  4324.66666667  0.14
2592  4324.66666667  0.14
2593  4324.66666667  0.14
2594  4324.66666667  0.14
2595  4324.66666667  0.14
2596  4324.66666667  0.14
2597  4324.66666667  0.14
2598  4324.66666667  0.14
2599  4324.66666667  0.14
2600  4324.66666667  0.14
2601  4324.66666667  0.14
2602  4324.66666667  0.14
2603  4324.66666667  0.14
2604  4324.66666667  0.14
2605  4324.66666667  0.14
2606  4324.66666667  0.14
2607  4324.66666667  0.14
2608  4324.66666667  0.14
2609  4324.66666667  0.14
2610  4324.66666667  0.14
2611  4324.66666667  0.14
2612  4324.66666667  0.14
2613  4324.66666667  0.14
2614  4324.66666667  0.14
2615  4324.66666667  0.14
2616  4324.66666667  0.14
2617  4324.66666667  0.14
2618  4324.66666667  0.14
2619  4324.66666667  0.14
2620  4324.66666667  0.14
2621  4324.66666667  0.14
2622  4324.66666667  0.14
2623  4324.66666667  0.14
2624  4324.66666667  0.14
2625  4324.66666667  0.14
2626  4324.66666667  0.14
2627  4324.66666667  0.14
2628  4324.66666667  0.14
2629  4324.66666667  0.14
2630  4324.66666667  0.14
2631  4324.66666667  0.14
2632  4324.66666667  0.14
2633  4324.66666667  0.14
2634  4324.66666667  0.14
2635  4324.66666667  0.14
2636  4324.66666667  0.14
2637  4324.66666667  0.14
2638  4324.66666667  0.14
2639  4324.66666667  0.14
2640  4324.66666667  0.14
2641  4324.66666667  0.14
2642  4324.66666667  0.14
2643  4324.66666667  0.14
2644  4324.66666667  0.14
2645  4324.66666667  0.14
2646  4324.66666667  0.14
2647  4324.66666667  0.14
2648  4324.66666667  0.14
2649  4324.66666667  0.14
2650  4324.66666667  0.14
2651  4324.66666667  0.14
2652  4324.66666667  0.14
2653  4324.66666667  0.14
2654  4324.66666667  0.14
2655  4324.66666667  0.14
2656  4324.66666667  0.14
2657  4324.66666667  0.14
2658  4324.66666667  0.14
2659  4324.66666667  0.14
2660  4324.66666667  0.14
2661  4324.66666667  0.14
2662  4324.66666667  0.14
2663  4324.66666667  0.14
2664  4324.66666667  0.14
2665  4324.66666667  0.14
2666  4324.66666667  0.14
2667  4324.66666667  0.14
2668  4324.66666667  0.14
2669  4324.66666667  0.14
2670  4324.66666667  0.14
2671  4324.66666667  0.14
2672  4324.66666667  0.14
2673  4324.66666667  0.14
2674  4324.66666667  0.14
2675  4324.66666667  0.14
2676  4324.66666667  0.14
2677  4324.66666667  0.14
2678  4324.66666667  0.14
2679  4324.66666667  0.14
2680  4324.66666667  0.14
2681  4324.66666667  0.14
2682  4324.66666667  0.14
2683  4324.66666667  0.14
2684  4324.66666667  0.14
2685  4324.66666667  0.14
2686  4324.66666667  0.14
2687  4324.66666667  0.14
2688  4324.66666667  0.14
2689  4324.66666667  0.14
2690  4324.66666667  0.14
2691  4324.66666667  0.14
2692  4324.66666667  0.14
2693  4324.66666667  0.14
2694  4324.66666667  0.14
2695  4324.66666667  0.14
2696  4324.66666667  0.14
2697  4324.66666667  0.14
2698  4324.66666667  0.14
2699  4324.66666667  0.14
2700  4324.66666667  0.14
2701  4324.66666667  0.14
2702  4324.66666667  0.14
2703  4324.66666667  0.14
2704  4324.66666667  0.14
2705  4324.66666667  0.14
2706  4324.66666667  0.14
2707  4324.66666667  0.14
2708  4324.66666667  0.14
2709  4324.66666667  0.14
2710  4324.66666667  0.14
2711  4324.66666667  0.14
2712  4324.66666667  0.14
2713  4324.66666667  0.14
2714  4324.66666667  0.14
2715  4324.66666667  0.14
2716  4324.66666667  0.14
2717  4324.66666667  0.14
2718  4324.66666667  0.14
2719  4324.66666667  0.14
2720  4324.66666667  0.14
2721  4324.66666667  0.14
2722  4324.66666667  0.14
2723  4324.66666667  0.14
2724  4324.66666667  0.14
2725  4324.66666667  0.14
2726  4324.66666667  0.14
2727  4324.66666667  0.14
2728  4324.66666667  0.14
2729  4324.66666667  0.14
2730  4324.66666667  0.14
2731  4324.66666667  0.14
2732  4324.66666667  0.14
2733  4324.66666667  0.14
2734  4324.66666667  0.14
2735  4324.66666667  0.14
2736  4324.66666667  0.14
2737  4324.66666667  0.14
2738  4324.66666667  0.14
2739  4324.66666667  0.14
2740  4324.66666667  0.14
2741  4324.66666667  0.14
2742  4324.66666667  0.14
2743  4324.66666667  0.14
2744  4324.66666667  0.14
2745  4324.66666667  0.14
2746  4324.66666667  0.14
2747  4324.66666667  0.14
2748  4324.66666667  0.14
2749  4324.66666667  0.14
2750  4324.66666667  0.14
2751  4324.66666667  0.14
2752  4324.66666667  0.14
2753  4324.66666667  0.14
2754  4324.66666667  0.14
2755  4324.66666667  0.14
2756  4324.66666667  0.14
2757  4324.66666667  0.14
2758  4324.66666667  0.14
2759  4324.66666667  0.14
2760  4324.66666667  0.14
2761  4324.66666667  0.14
2762  4324.66666667  0.14
2763  4324.66666667  0.14
2764  4324.66666667  0.14
2765  4324.66666667  0.14
2766  4324.66666667  0.14
2767  4324.66666667  0.14
2768  4324.66666667  0.14
2769  4324.66666667  0.14
2770  4324.66666667  0.14
2771  4324.66666667  0.14
2772  4324.66666667  0.14
2773  4324.66666667  0.14
2774  4324.66666667  0.14
2775  4324.66666667  0.14
2776  4324.66666667  0.14
2777  4324.66666667  0.14
2778  4324.66666667  0.14
2779  4324.66666667  0.14
2780  4324.66666667  0.14
2781  4324.66666667  0.14
2782  4324.66666667  0.14
2783  4324.66666667  0.14
2784  4324.66666667  0.14
2785  4324.66666667  0.14
2786  4324.66666667  0.14
2787  4324.66666667  0.14
2788  4324.66666667  0.14
2789  4324.66666667  0.14
2790  4324.66666667  0.14
2791  4324.66666667  0.14
2792  4324.66666667  0.14
2793  4324.66666667  0.14
2794  4324.66666667  0.14
2795  4324.66666667  0.14
2796  4324.66666667  0.14
2797  4324.66666667  0.14
2798  4324.66666667  0.14
2799  4324.66666667  0.14
2800  4324.66666667  0.14
2801  4324.66666667  0.14
2802  4324.66666667  0.14
2803  4324.66666667  0.14
2804  4324.66666667  0.14
2805  4324.66666667  0.14
2806  4324.66666667  0.14
2807  4324.66666667  0.14
2808  4324.66666667  0.14
2809  4324.66666667  0.14
2810  4324.66666667  0.14
2811  4324.66666667  0.14
2812  4324.66666667  0.14
2813  4324.66666667  0.14
2814  4324.66666667  0.14
2815  4324.66666667  0.14
2816  4324.66666667  0.14
2817  4324.66666667  0.14
2818  4324.66666667  0.14
2819  4324.66666667  0.14
2820  4324.66666667  0.14
2821  4324.66666667  0.14
2822  4324.66666667  0.14
2823  4324.66666667  0.14
2824  4324.66666667  0.14
2825  4324.66666667  0.14
2826  4324.66666667  0.14
2827  4324.66666667  0.14
2828  4324.66666667  0.14
2829  4324.66666667  0.14
2830  4324.66666667  0.14
2831  4324.66666667  0.14
2832  4324.66666667  0.14
2833  4324.66666667  0.14
2834  4324.66666667  0.14
2835  4324.66666667  0.14
2836  4324.66666667  0.14
2837  4324.66666667  0.14
2838  4324.66666667  0.14
2839  4324.66666667  0.14
2840  4324.66666667  0.14
2841  4324.66666667  0.14
2842  4324.66666667  0.14
2843  4324.66666667  0.14
2844  4324.66666667  0.14
2845  4324.66666667  0.14
2846  4324.66666667  0.14
2847  4324.66666667  0.14
2848  4324.66666667  0.14
2849  4324.66666667  0.14
2850  4324.66666667  0.14
2851  4324.66666667  0.14
2852  4324.66666667  0.14
2853  4324.66666667  0.14
2854  4324.66666667  0.14
2855  4324.66666667  0.14
2856  4324.66666667  0.14
2857  4324.66666667  0.14
2858  4324.66666667  0.14
2859  4324.66666667  0.14
2860  4324.66666667  0.14
2861  4324.66666667  0.14
2862  4324.66666667  0.14
2863  4324.66666667  0.14
2864  4324.66666667  0.14
2865  4324.66666667  0.14
2866  4324.66666667  0.14
2867  4324.66666667  0.14
2868  4324.66666667  0.14
2869  4324.66666667  0.14
2870  4324.66666667  0.14
2871  4324.66666667  0.14
2872  4324.66666667  0.14
2873  4324.66666667  0.14
2874  4324.66666667  0.14
2875  4324.66666667  0.14
2876  4324.66666667  0.14
2877  4324.66666667  0.14
2878  4324.66666667  0.14
2879  4324.66666667  0.14
2880  4324.66666667  0.14
2881  4324.66666667  0.14
2882  4324.66666667  0.14
2883  4324.66666667  0.14
2884  4324.66666667  0.14
2885  4324.66666667  0.14
2886  4324.66666667  0.14
2887  4324.66666667  0.14
2888  4324.66666667  0.14
2889  4324.66666667  0.14
2890  4324.66666667  0.14
2891  4324.66666667  0.14
2892  4324.66666667  0.14
2893  4324.66666667  0.14
2894  4324.66666667  0.14
2895  4324.66666667  0.14
2896  4324.66666667  0.14
2897  4324.66666667  0.14
2898  4324.66666667  0.14
2899  4324.66666667  0.14
2900  4324.66666667  0.14
2901  4324.66666667  0.14
2902  4324.66666667  0.14
2903  4324.66666667  0.14
2904  4324.66666667  0.14
2905  4324.66666667  0.14
2906  4324.66666667  0.14
2907  4324.66666667  0.14
2908  4324.66666667  0.14
2909  4324.66666667  0.14
2910  4324.66666667  0.14
2911  4324.66666667  0.14
2912  4324.66666667  0.14
2913  4324.66666667  0.14
2914  4324.66666667  0.14
2915  4324.66666667  0.14
2916  4324.66666667  0.14
2917  4324.66666667  0.14
2918  4324.66666667  0.14
2919  4324.66666667  0.14
2920  4324.66666667  0.14
2921  4324.66666667  0.14
2922  4324.66666667  0.14
2923  4324.66666667  0.14
2924  4324.66666667  0.14
2925  4324.66666667  0.14
2926  4324.66666667  0.14
2927  4324.66666667  0.14
2928  4324.66666667  0.14
2929  4324.66666667  0.14
2930  4324.66666667  0.14
2931  4324.66666667  0.14
2932  4324.66666667  0.14
2933  4324.66666667  0.14
2934  4324.66666667  0.14
2935  4324.66666667  0.14
2936  4324.66666667  0.14
2937  4324.66666667  0.14
2938  4324.66666667  0.14
2939  4324.66666667  0.14
2940  4324.66666667  0.14
2941  4324.66666667  0.14
2942  4324.66666667  0.14
2943  4324.66666667  0.14
2944  4324.66666667  0.14
2945  4324.66666667  0.14
2946  4324.66666667  0.14
2947  4324.66666667  0.14
2948  4324.66666667  0.14
2949  4324.66666667  0.14
2950  4324.66666667  0.14
2951  4324.66666667  0.14
2952  4324.66666667  0.14
2953  4324.66666667  0.14
2954  4324.66666667  0.14
2955  4324.66666667  0.14
2956  4324.66666667  0.14
2957  4324.66666667  0.14
2958  4324.66666667  0.14
2959  4324.66666667  0.14
2960  4324.66666667  0.14
2961  4324.66666667  0.14
2962  4324.66666667  0.14
2963  4324.66666667  0.14
2964  4324.66666667  0.14
2965  4324.66666667  0.14
2966  4324.66666667  0.14
2967  4324.66666667  0.14
2968  4324.66666667  0.14
2969  4324.66666667  0.14
2970  4324.66666667  0.14
2971  4324.66666667  0.14
2972  4324.66666667  0.14
2973  4324.66666667  0.14
2974  4324.66666667  0.14
2975  4324.66666667  0.14
2976  4324.66666667  0.14
2977  4324.66666667  0.14
2978  4324.66666667  0.14
2979  4324.66666667  0.14
2980  4324.66666667  0.14
2981  4324.66666667  0.14
2982  4324.66666667  0.14
2983  4324.66666667  0.14
2984  4324.66666667  0.14
2985  4324.66666667  0.14
2986  4324.66666667  0.14
2987  4324.66666667  0.14
2988  4324.66666667  0.14
2989  4324.66666667  0.14
2990  4324.66666667  0.14
2991  4324.66666667  0.14
2992  4324.66666667  0.14
2993  4324.66666667  0.14
2994  4324.66666667  0.14
2995  4324.66666667  0.14
2996  4324.66666667  0.14
2997  4324.66666667  0.14
2998  4324.66666667  0.14
2999  4324.66666667  0.14
#[-8, -7, -6, -5, -3, 4, 6, 7, 8, 8]
#[-4, 2, 4, 5, 5, 5, 5, 5, 5, 6]
#[5, 5, 5, 5, 5, 5, 5, 5, 5, 5]
#[-3, 5, 5, 5, 5, 5, 5, 5, 5, 7]
#[-4, 5, 5, 5, 5, 5, 5, 5, 5, 5]
#[-8, 5, 5, 5, 5, 5, 5, 5, 5, 5]
#[-6, 3, 5, 5, 5, 5, 5, 5, 7, 8]
#[-7, -4, 1, 5, 5, 5, 5, 5, 5, 5]
#[-9, -6, 5, 5, 5, 5, 5, 5, 6, 9]
#Specialization index= [0, 8, 0.6666666666666666]
