#[8, 5, 5, 4, 9, 7, 9, 9, 2, 1]
#[6, 9, 8, 9, 9, 7, 8, 7, 5, 2]
#[8, 9, 2, 7, 0, 5, 4, 4, 4, 8]
#[9, 1, 6, 6, 7, 3, 5, 9, 5, 1]
#[3, 3, 3, 6, 6, 2, 2, 0, 6, 2]
#[3, 1, 5, 7, 5, 3, 8, 7, 8, 7]
#[2, 5, 7, 1, 2, 7, 2, 2, 7, 6]
#[8, 4, 2, 6, 8, 8, 1, 8, 5, 8]
#[8, 6, 9, 3, 2, 6, 7, 5, 2, 6]
0  2621.5  0.05
1  2621.5  0.05
2  2621.5  0.05
3  2621.5  0.05
4  2621.5  0.05
5  2621.5  0.05
6  2621.5  0.05
7  2621.5  0.05
8  2621.5  0.05
9  2621.5  0.05
10  2621.5  0.05
11  2621.5  0.05
12  2621.5  0.05
13  2621.5  0.05
14  2621.5  0.05
15  2621.5  0.05
16  2621.5  0.05
17  2621.5  0.05
18  2621.5  0.05
19  2621.5  0.05
20  2621.5  0.05
21  2621.5  0.05
22  2621.5  0.05
23  2621.5  0.05
24  2621.5  0.05
25  2621.5  0.05
26  2621.5  0.05
27  2621.5  0.05
28  2621.5  0.05
29  2621.5  0.05
30  2621.5  0.05
31  2621.5  0.05
32  2621.5  0.05
33  2621.5  0.05
34  2621.5  0.05
35  2621.5  0.05
36  2621.5  0.05
37  2621.5  0.05
38  2621.5  0.05
39  2621.5  0.05
40  2621.5  0.05
41  2621.5  0.05
42  2621.5  0.05
43  2621.5  0.05
44  2621.5  0.05
45  2621.5  0.05
46  2621.5  0.05
47  2621.5  0.05
48  2621.5  0.05
49  2621.5  0.05
50  2621.5  0.05
51  2621.5  0.05
52  2621.5  0.05
53  2621.5  0.05
54  2621.5  0.05
55  2621.5  0.05
56  2621.5  0.05
57  2621.5  0.05
58  2621.5  0.05
59  2621.5  0.05
60  2621.5  0.05
61  2621.5  0.05
62  2621.5  0.05
63  2621.5  0.05
64  2621.5  0.05
65  2621.5  0.05
66  2621.5  0.05
67  2621.5  0.05
68  2621.5  0.05
69  2621.5  0.05
70  2621.5  0.05
71  2621.5  0.05
72  2621.5  0.05
73  2621.5  0.05
74  2621.5  0.05
75  2621.5  0.05
76  2621.5  0.05
77  2621.5  0.05
78  2621.5  0.05
79  2621.5  0.05
80  2621.5  0.05
81  2621.5  0.05
82  2621.5  0.05
83  2621.5  0.05
84  2621.5  0.05
85  2621.5  0.05
86  2621.5  0.05
87  2621.5  0.05
88  2621.5  0.05
89  2621.5  0.05
90  2621.5  0.05
91  2621.5  0.05
92  2621.5  0.05
93  2621.5  0.05
94  2621.5  0.05
95  2621.5  0.05
96  2621.5  0.05
97  2621.5  0.05
98  2621.5  0.05
99  2621.5  0.05
100  2621.5  0.05
101  2621.5  0.05
102  2621.5  0.05
103  2621.5  0.05
104  2621.5  0.05
105  2621.5  0.05
106  2621.5  0.05
107  2621.5  0.05
108  2621.5  0.05
109  2621.5  0.05
110  2621.5  0.05
111  2621.5  0.05
112  2621.5  0.05
113  2621.5  0.05
114  2621.5  0.05
115  2634.0  0.06
116  2634.0  0.06
117  2634.0  0.06
118  2634.0  0.06
119  2634.0  0.06
120  2634.0  0.06
121  2634.0  0.06
122  2634.0  0.06
123  2634.0  0.06
124  2634.0  0.06
125  2634.0  0.06
126  2634.0  0.06
127  2634.0  0.06
128  2634.0  0.06
129  2634.0  0.06
130  2634.0  0.06
131  2634.0  0.06
132  2634.0  0.06
133  2634.0  0.06
134  2634.0  0.06
135  2634.0  0.06
136  2634.0  0.06
137  2634.0  0.06
138  2634.0  0.06
139  2634.0  0.06
140  2634.0  0.06
141  2634.0  0.06
142  2634.0  0.06
143  2634.0  0.06
144  2634.0  0.06
145  2634.0  0.06
146  2634.0  0.06
147  2634.0  0.06
148  2634.0  0.06
149  2634.0  0.06
150  2634.0  0.06
151  2634.0  0.06
152  2634.0  0.06
153  2634.0  0.06
154  2634.0  0.06
155  2634.0  0.06
156  2634.0  0.06
157  2634.0  0.06
158  2634.0  0.06
159  2634.0  0.06
160  2634.0  0.06
161  2634.0  0.06
162  2634.0  0.06
163  2634.0  0.06
164  2634.0  0.06
165  2634.0  0.06
166  2634.0  0.06
167  2634.0  0.06
168  2634.0  0.06
169  2634.0  0.06
170  2634.0  0.06
171  2634.0  0.06
172  2634.0  0.06
173  2634.0  0.06
174  2634.0  0.06
175  2634.0  0.06
176  2634.0  0.06
177  2634.0  0.06
178  2634.0  0.06
179  2634.0  0.06
180  2634.0  0.06
181  2634.0  0.06
182  2634.0  0.06
183  2634.0  0.06
184  2634.0  0.06
185  2634.0  0.06
186  2634.0  0.06
187  2634.0  0.06
188  2634.0  0.06
189  2634.0  0.06
190  2634.0  0.06
191  2634.0  0.06
192  2634.0  0.06
193  2634.0  0.06
194  2634.0  0.06
195  2634.0  0.06
196  2634.0  0.06
197  2634.0  0.06
198  2634.0  0.06
199  2634.0  0.06
200  2634.0  0.06
201  2634.0  0.06
202  2634.0  0.06
203  2634.0  0.06
204  2634.0  0.06
205  2634.0  0.06
206  2634.0  0.06
207  2634.0  0.06
208  2634.0  0.06
209  2634.0  0.06
210  2634.0  0.06
211  2634.0  0.06
212  2634.0  0.06
213  2634.0  0.06
214  2634.0  0.06
215  2634.0  0.06
216  2634.0  0.06
217  2634.0  0.06
218  2634.0  0.06
219  2634.0  0.06
220  2634.0  0.06
221  2634.0  0.06
222  2634.0  0.06
223  2634.0  0.06
224  2634.0  0.06
225  2634.0  0.06
226  2634.0  0.06
227  2634.0  0.06
228  2634.0  0.06
229  2634.0  0.06
230  2634.0  0.06
231  2634.0  0.06
232  2634.0  0.06
233  2634.0  0.06
234  2634.0  0.06
235  2634.0  0.06
236  2634.0  0.06
237  2634.0  0.06
238  2634.0  0.06
239  2634.0  0.06
240  2634.0  0.06
241  2634.0  0.06
242  2634.0  0.06
243  2634.0  0.06
244  2634.0  0.06
245  2634.0  0.06
246  2634.0  0.06
247  2634.0  0.06
248  2634.0  0.06
249  2634.0  0.06
250  2634.0  0.06
251  2634.0  0.06
252  2634.0  0.06
253  2634.0  0.06
254  2634.0  0.06
255  2634.0  0.06
256  2634.0  0.06
257  2634.0  0.06
258  2634.0  0.06
259  2634.0  0.06
260  2634.0  0.06
261  2634.0  0.06
262  2634.0  0.06
263  2634.0  0.06
264  2634.0  0.06
265  2634.0  0.06
266  2634.0  0.06
267  2634.0  0.06
268  2634.0  0.06
269  2634.0  0.06
270  2634.0  0.06
271  2634.0  0.06
272  2634.0  0.06
273  2634.0  0.06
274  2634.0  0.06
275  2634.0  0.06
276  2634.0  0.06
277  2634.0  0.06
278  2634.0  0.06
279  2634.0  0.06
280  2634.0  0.06
281  2634.0  0.06
282  2634.0  0.06
283  2634.0  0.06
284  2634.0  0.06
285  2634.0  0.06
286  2634.0  0.06
287  2634.0  0.06
288  2634.0  0.06
289  2634.0  0.06
290  2634.0  0.06
291  2634.0  0.06
292  2634.0  0.06
293  2634.0  0.06
294  2634.0  0.06
295  2634.0  0.06
296  2634.0  0.06
297  2634.0  0.06
298  2634.0  0.06
299  2634.0  0.06
300  2634.0  0.06
301  2634.0  0.06
302  2634.0  0.06
303  2634.0  0.06
304  2634.0  0.06
305  2634.0  0.06
306  2634.0  0.06
307  2634.0  0.06
308  2634.0  0.06
309  2634.0  0.06
310  2634.0  0.06
311  2634.0  0.06
312  2634.0  0.06
313  2634.0  0.06
314  2634.0  0.06
315  2634.0  0.06
316  2651.5  0.04
317  2651.5  0.04
318  2651.5  0.04
319  2668.0  0.03
320  2668.0  0.03
321  2668.0  0.03
322  2668.0  0.03
323  2668.0  0.03
324  2668.0  0.03
325  2668.0  0.03
326  2668.0  0.03
327  2668.0  0.03
328  2668.0  0.03
329  2668.0  0.03
330  2668.0  0.03
331  2668.0  0.03
332  2668.0  0.03
333  2668.0  0.03
334  2668.0  0.03
335  2668.0  0.03
336  2668.0  0.03
337  2668.0  0.03
338  2668.0  0.03
339  2668.0  0.03
340  2668.0  0.03
341  2668.0  0.03
342  2668.0  0.03
343  2668.0  0.03
344  2668.0  0.03
345  2668.0  0.03
346  2668.0  0.03
347  2668.0  0.03
348  2668.0  0.03
349  2668.0  0.03
350  2668.0  0.03
351  2668.0  0.03
352  2668.0  0.03
353  2668.0  0.03
354  2668.0  0.03
355  2668.0  0.03
356  2668.0  0.03
357  2668.0  0.03
358  2668.0  0.03
359  2668.0  0.03
360  2668.0  0.03
361  2668.0  0.03
362  2668.0  0.03
363  2668.0  0.03
364  2668.0  0.03
365  2668.0  0.03
366  2668.0  0.03
367  2668.0  0.03
368  2668.0  0.03
369  2668.0  0.03
370  2668.0  0.03
371  2668.0  0.03
372  2668.0  0.03
373  2668.0  0.03
374  2668.0  0.03
375  2668.0  0.03
376  2668.0  0.03
377  2668.0  0.03
378  2668.0  0.03
379  2668.0  0.03
380  2668.0  0.03
381  2668.0  0.03
382  2668.0  0.03
383  2668.0  0.03
384  2668.0  0.03
385  2668.0  0.03
386  2668.0  0.03
387  2668.0  0.03
388  2668.0  0.03
389  2668.0  0.03
390  2668.0  0.03
391  2668.0  0.03
392  2668.0  0.03
393  2668.0  0.03
394  2668.0  0.03
395  2668.0  0.03
396  2668.0  0.03
397  2668.0  0.03
398  2668.0  0.03
399  2668.0  0.03
400  2668.0  0.03
401  2668.0  0.03
402  2668.0  0.03
403  2668.0  0.03
404  2668.0  0.03
405  2668.0  0.03
406  2668.0  0.03
407  2668.0  0.03
408  2668.0  0.03
409  2668.0  0.03
410  2668.0  0.03
411  2668.0  0.03
412  2668.0  0.03
413  2668.0  0.03
414  2668.0  0.03
415  2668.0  0.03
416  2668.0  0.03
417  2668.0  0.03
418  2668.0  0.03
419  2668.0  0.03
420  2668.0  0.03
421  2668.0  0.03
422  2668.0  0.03
423  2668.0  0.03
424  2668.0  0.03
425  2668.0  0.03
426  2668.0  0.03
427  2668.0  0.03
428  2668.0  0.03
429  2668.0  0.03
430  2668.0  0.03
431  2668.0  0.03
432  2668.0  0.03
433  2668.0  0.03
434  2668.0  0.03
435  2668.0  0.03
436  2668.0  0.03
437  2668.0  0.03
438  2668.0  0.03
439  2668.0  0.03
440  2668.0  0.03
441  2668.0  0.03
442  2668.0  0.03
443  2668.0  0.03
444  2668.0  0.03
445  2668.0  0.03
446  2668.0  0.03
447  2668.0  0.03
448  2668.0  0.03
449  2668.0  0.03
450  2668.0  0.03
451  2668.0  0.03
452  2668.0  0.03
453  2668.0  0.03
454  2668.0  0.03
455  2668.0  0.03
456  2668.0  0.03
457  2668.0  0.03
458  2668.0  0.03
459  2668.0  0.03
460  2668.0  0.03
461  2668.0  0.03
462  2668.0  0.03
463  2668.0  0.03
464  2668.0  0.03
465  2668.0  0.03
466  2668.0  0.03
467  2668.0  0.03
468  2668.0  0.03
469  2668.0  0.03
470  2668.0  0.03
471  2668.0  0.03
472  2668.0  0.03
473  2668.0  0.03
474  2668.0  0.03
475  2668.0  0.03
476  2668.0  0.03
477  2668.0  0.03
478  2668.0  0.03
479  2668.0  0.03
480  2668.0  0.03
481  2668.0  0.03
482  2668.0  0.03
483  2668.0  0.03
484  2668.0  0.03
485  2668.0  0.03
486  2668.0  0.03
487  2668.0  0.03
488  2668.0  0.03
489  2668.0  0.03
490  2668.0  0.03
491  2668.0  0.03
492  2668.0  0.03
493  2668.0  0.03
494  2668.0  0.03
495  2668.0  0.03
496  2668.0  0.03
497  2668.0  0.03
498  2668.0  0.03
499  2668.0  0.03
500  2668.0  0.03
501  2668.0  0.03
502  2668.0  0.03
503  2668.0  0.03
504  2668.0  0.03
505  2668.0  0.03
506  2668.0  0.03
507  2668.0  0.03
508  2668.0  0.03
509  2668.0  0.03
510  2668.0  0.03
511  2668.0  0.03
512  2668.0  0.03
513  2668.0  0.03
514  2668.0  0.03
515  2668.0  0.03
516  2668.0  0.03
517  2668.0  0.03
518  2668.0  0.03
519  2668.0  0.03
520  2668.0  0.03
521  2668.0  0.03
522  2668.0  0.03
523  2668.0  0.03
524  2668.0  0.03
525  2668.0  0.03
526  2668.0  0.03
527  2668.0  0.03
528  2668.0  0.03
529  2668.0  0.03
530  2668.0  0.03
531  2668.0  0.03
532  2668.0  0.03
533  2668.0  0.03
534  2668.0  0.03
535  2668.0  0.03
536  2668.0  0.03
537  2668.0  0.03
538  2668.0  0.03
539  2668.0  0.03
540  2668.0  0.03
541  2668.0  0.03
542  2668.0  0.03
543  2668.0  0.03
544  2668.0  0.03
545  2668.0  0.03
546  2668.0  0.03
547  2668.0  0.03
548  2668.0  0.03
549  2668.0  0.03
550  2668.0  0.03
551  2668.0  0.03
552  2668.0  0.03
553  2668.0  0.03
554  2668.0  0.03
555  2668.0  0.03
556  2668.0  0.03
557  2668.0  0.03
558  2668.0  0.03
559  2668.0  0.03
560  2668.0  0.03
561  2668.0  0.03
562  2668.0  0.03
563  2668.0  0.03
564  2668.0  0.03
565  2668.0  0.03
566  2668.0  0.03
567  2668.0  0.03
568  2668.0  0.03
569  2668.0  0.03
570  2668.0  0.03
571  2668.0  0.03
572  2668.0  0.03
573  2668.0  0.03
574  2668.0  0.03
575  2668.0  0.03
576  2668.0  0.03
577  2668.0  0.03
578  2668.0  0.03
579  2668.0  0.03
580  2668.0  0.03
581  2668.0  0.03
582  2668.0  0.03
583  2668.0  0.03
584  2668.0  0.03
585  2668.0  0.03
586  2668.0  0.03
587  2668.0  0.03
588  2668.0  0.03
589  2668.0  0.03
590  2668.0  0.03
591  2668.0  0.03
592  2668.0  0.03
593  2668.0  0.03
594  2668.0  0.03
595  2668.0  0.03
596  2668.0  0.03
597  2668.0  0.03
598  2668.0  0.03
599  2668.0  0.03
600  2668.0  0.03
601  2668.0  0.03
602  2668.0  0.03
603  2668.0  0.03
604  2668.0  0.03
605  2668.0  0.03
606  2668.0  0.03
607  2668.0  0.03
608  2668.0  0.03
609  2668.0  0.03
610  2668.0  0.03
611  2668.0  0.03
612  2668.0  0.03
613  2668.0  0.03
614  2668.0  0.03
615  2668.0  0.03
616  2668.0  0.03
617  2668.0  0.03
618  2668.0  0.03
619  2668.0  0.03
620  2668.0  0.03
621  2668.0  0.03
622  2668.0  0.03
623  2668.0  0.03
624  2668.0  0.03
625  2668.0  0.03
626  2668.0  0.03
627  2668.0  0.03
628  2668.0  0.03
629  2668.0  0.03
630  2668.0  0.03
631  2668.0  0.03
632  2668.0  0.03
633  2668.0  0.03
634  2668.0  0.03
635  2668.0  0.03
636  2668.0  0.03
637  2668.0  0.03
638  2668.0  0.03
639  2668.0  0.03
640  2668.0  0.03
641  2668.0  0.03
642  2668.0  0.03
643  2668.0  0.03
644  2668.0  0.03
645  2668.0  0.03
646  2668.0  0.03
647  2668.0  0.03
648  2668.0  0.03
649  2668.0  0.03
650  2668.0  0.03
651  2668.0  0.03
652  2668.0  0.03
653  2668.0  0.03
654  2668.0  0.03
655  2668.0  0.03
656  2668.0  0.03
657  2668.0  0.03
658  2668.0  0.03
659  2668.0  0.03
660  2668.0  0.03
661  2668.0  0.03
662  2668.0  0.03
663  2668.0  0.03
664  2668.0  0.03
665  2668.0  0.03
666  2668.0  0.03
667  2668.0  0.03
668  2668.0  0.03
669  2668.0  0.03
670  2668.0  0.03
671  2668.0  0.03
672  2668.0  0.03
673  2668.0  0.03
674  2668.0  0.03
675  2668.0  0.03
676  2668.0  0.03
677  2668.0  0.03
678  2668.0  0.03
679  2668.0  0.03
680  2668.0  0.03
681  2668.0  0.03
682  2668.0  0.03
683  2668.0  0.03
684  2668.0  0.03
685  2668.0  0.03
686  2668.0  0.03
687  2668.0  0.03
688  2668.0  0.03
689  2668.0  0.03
690  2668.0  0.03
691  2668.0  0.03
692  2668.0  0.03
693  2668.0  0.03
694  2668.0  0.03
695  2668.0  0.03
696  2668.0  0.03
697  2668.0  0.03
698  2668.0  0.03
699  2668.0  0.03
700  2668.0  0.03
701  2668.0  0.03
702  2668.0  0.03
703  2668.0  0.03
704  2668.0  0.03
705  2668.0  0.03
706  2668.0  0.03
707  2668.0  0.03
708  2668.0  0.03
709  2668.0  0.03
710  2668.0  0.03
711  2668.0  0.03
712  2668.0  0.03
713  2668.0  0.03
714  2668.0  0.03
715  2668.0  0.03
716  2668.0  0.03
717  2668.0  0.03
718  2668.0  0.03
719  2668.0  0.03
720  2668.0  0.03
721  2668.0  0.03
722  2668.0  0.03
723  2668.0  0.03
724  2668.0  0.03
725  2668.0  0.03
726  2668.0  0.03
727  2668.0  0.03
728  2668.0  0.03
729  2668.0  0.03
730  2668.0  0.03
731  2668.0  0.03
732  2668.0  0.03
733  2668.0  0.03
734  2668.0  0.03
735  2668.0  0.03
736  2668.0  0.03
737  2668.0  0.03
738  2668.0  0.03
739  2668.0  0.03
740  2668.0  0.03
741  2668.0  0.03
742  2668.0  0.03
743  2668.0  0.03
744  2668.0  0.03
745  2668.0  0.03
746  2668.0  0.03
747  2668.0  0.03
748  2668.0  0.03
749  2668.0  0.03
750  2668.0  0.03
751  2668.0  0.03
752  2668.0  0.03
753  2668.0  0.03
754  2668.0  0.03
755  2668.0  0.03
756  2668.0  0.03
757  2668.0  0.03
758  2668.0  0.03
759  2668.0  0.03
760  2668.0  0.03
761  2668.0  0.03
762  2668.0  0.03
763  2668.0  0.03
764  2668.0  0.03
765  2668.0  0.03
766  2668.0  0.03
767  2668.0  0.03
768  2668.0  0.03
769  2668.0  0.03
770  2668.0  0.03
771  2668.0  0.03
772  2668.0  0.03
773  2668.0  0.03
774  2670.5  0.03
775  2670.5  0.03
776  2670.5  0.03
777  2670.5  0.03
778  2670.5  0.03
779  2670.5  0.03
780  2670.5  0.03
781  2670.5  0.03
782  2670.5  0.03
783  2670.5  0.03
784  2670.5  0.03
785  2670.5  0.03
786  2670.5  0.03
787  2670.5  0.03
788  2670.5  0.03
789  2670.5  0.03
790  2670.5  0.03
791  2670.5  0.03
792  2670.5  0.03
793  2670.5  0.03
794  2670.5  0.03
795  2670.5  0.03
796  2670.5  0.03
797  2670.5  0.03
798  2670.5  0.03
799  2670.5  0.03
800  2670.5  0.03
801  2670.5  0.03
802  2670.5  0.03
803  2670.5  0.03
804  2670.5  0.03
805  2670.5  0.03
806  2670.5  0.03
807  2670.5  0.03
808  2670.5  0.03
809  2670.5  0.03
810  2670.5  0.03
811  2670.5  0.03
812  2670.5  0.03
813  2670.5  0.03
814  2670.5  0.03
815  2670.5  0.03
816  2670.5  0.03
817  2670.5  0.03
818  2670.5  0.03
819  2670.5  0.03
820  2670.5  0.03
821  2670.5  0.03
822  2670.5  0.03
823  2670.5  0.03
824  2670.5  0.03
825  2670.5  0.03
826  2670.5  0.03
827  2670.5  0.03
828  2670.5  0.03
829  2670.5  0.03
830  2670.5  0.03
831  2670.5  0.03
832  2670.5  0.03
833  2670.5  0.03
834  2670.5  0.03
835  2670.5  0.03
836  2670.5  0.03
837  2670.5  0.03
838  2670.5  0.03
839  2670.5  0.03
840  2670.5  0.03
841  2670.5  0.03
842  2670.5  0.03
843  2670.5  0.03
844  2670.5  0.03
845  2670.5  0.03
846  2670.5  0.03
847  2670.5  0.03
848  2670.5  0.03
849  2670.5  0.03
850  2670.5  0.03
851  2670.5  0.03
852  2670.5  0.03
853  2670.5  0.03
854  2670.5  0.03
855  2670.5  0.03
856  2670.5  0.03
857  2670.5  0.03
858  2670.5  0.03
859  2670.5  0.03
860  2670.5  0.03
861  2670.5  0.03
862  2670.5  0.03
863  2670.5  0.03
864  2670.5  0.03
865  2670.5  0.03
866  2670.5  0.03
867  2670.5  0.03
868  2670.5  0.03
869  2670.5  0.03
870  2670.5  0.03
871  2670.5  0.03
872  2670.5  0.03
873  2670.5  0.03
874  2670.5  0.03
875  2670.5  0.03
876  2670.5  0.03
877  2670.5  0.03
878  2670.5  0.03
879  2670.5  0.03
880  2670.5  0.03
881  2670.5  0.03
882  2670.5  0.03
883  2670.5  0.03
884  2670.5  0.03
885  2670.5  0.03
886  2670.5  0.03
887  2670.5  0.03
888  2670.5  0.03
889  2670.5  0.03
890  2670.5  0.03
891  2670.5  0.03
892  2670.5  0.03
893  2670.5  0.03
894  2670.5  0.03
895  2670.5  0.03
896  2670.5  0.03
897  2670.5  0.03
898  2670.5  0.03
899  2670.5  0.03
900  2670.5  0.03
901  2670.5  0.03
902  2670.5  0.03
903  2670.5  0.03
904  2670.5  0.03
905  2670.5  0.03
906  2670.5  0.03
907  2670.5  0.03
908  2670.5  0.03
909  2670.5  0.03
910  2670.5  0.03
911  2670.5  0.03
912  2670.5  0.03
913  2670.5  0.03
914  2670.5  0.03
915  2670.5  0.03
916  2670.5  0.03
917  2670.5  0.03
918  2670.5  0.03
919  2670.5  0.03
920  2670.5  0.03
921  2670.5  0.03
922  2670.5  0.03
923  2670.5  0.03
924  2670.5  0.03
925  2670.5  0.03
926  2670.5  0.03
927  2670.5  0.03
928  2670.5  0.03
929  2670.5  0.03
930  2670.5  0.03
931  2670.5  0.03
932  2670.5  0.03
933  2670.5  0.03
934  2670.5  0.03
935  2670.5  0.03
936  2670.5  0.03
937  2670.5  0.03
938  2670.5  0.03
939  2670.5  0.03
940  2670.5  0.03
941  2670.5  0.03
942  2670.5  0.03
943  2670.5  0.03
944  2670.5  0.03
945  2670.5  0.03
946  2670.5  0.03
947  2670.5  0.03
948  2670.5  0.03
949  2670.5  0.03
950  2670.5  0.03
951  2670.5  0.03
952  2670.5  0.03
953  2670.5  0.03
954  2670.5  0.03
955  2670.5  0.03
956  2670.5  0.03
957  2670.5  0.03
958  2670.5  0.03
959  2670.5  0.03
960  2670.5  0.03
961  2670.5  0.03
962  2670.5  0.03
963  2670.5  0.03
964  2670.5  0.03
965  2670.5  0.03
966  2670.5  0.03
967  2670.5  0.03
968  2670.5  0.03
969  2670.5  0.03
970  2670.5  0.03
971  2670.5  0.03
972  2670.5  0.03
973  2670.5  0.03
974  2670.5  0.03
975  2670.5  0.03
976  2670.5  0.03
977  2670.5  0.03
978  2670.5  0.03
979  2670.5  0.03
980  2670.5  0.03
981  2670.5  0.03
982  2670.5  0.03
983  2670.5  0.03
984  2670.5  0.03
985  2670.5  0.03
986  2670.5  0.03
987  2670.5  0.03
988  2670.5  0.03
989  2670.5  0.03
990  2670.5  0.03
991  2670.5  0.03
992  2670.5  0.03
993  2670.5  0.03
994  2670.5  0.03
995  2670.5  0.03
996  2670.5  0.03
997  2670.5  0.03
998  2670.5  0.03
999  2670.5  0.03
1000  2670.5  0.03
1001  2670.5  0.03
1002  2670.5  0.03
1003  2670.5  0.03
1004  2670.5  0.03
1005  2670.5  0.03
1006  2670.5  0.03
1007  2670.5  0.03
1008  2670.5  0.03
1009  2670.5  0.03
1010  2670.5  0.03
1011  2670.5  0.03
1012  2670.5  0.03
1013  2670.5  0.03
1014  2670.5  0.03
1015  2670.5  0.03
1016  2670.5  0.03
1017  2670.5  0.03
1018  2670.5  0.03
1019  2670.5  0.03
1020  2670.5  0.03
1021  2670.5  0.03
1022  2670.5  0.03
1023  2670.5  0.03
1024  2670.5  0.03
1025  2670.5  0.03
1026  2670.5  0.03
1027  2670.5  0.03
1028  2670.5  0.03
1029  2670.5  0.03
1030  2670.5  0.03
1031  2670.5  0.03
1032  2670.5  0.03
1033  2670.5  0.03
1034  2670.5  0.03
1035  2670.5  0.03
1036  2670.5  0.03
1037  2670.5  0.03
1038  2670.5  0.03
1039  2670.5  0.03
1040  2670.5  0.03
1041  2670.5  0.03
1042  2670.5  0.03
1043  2670.5  0.03
1044  2670.5  0.03
1045  2670.5  0.03
1046  2670.5  0.03
1047  2670.5  0.03
1048  2670.5  0.03
1049  2670.5  0.03
1050  2670.5  0.03
1051  2670.5  0.03
1052  2670.5  0.03
1053  2670.5  0.03
1054  2670.5  0.03
1055  2670.5  0.03
1056  2670.5  0.03
1057  2670.5  0.03
1058  2670.5  0.03
1059  2670.5  0.03
1060  2670.5  0.03
1061  2670.5  0.03
1062  2670.5  0.03
1063  2670.5  0.03
1064  2670.5  0.03
1065  2670.5  0.03
1066  2670.5  0.03
1067  2670.5  0.03
1068  2670.5  0.03
1069  2670.5  0.03
1070  2670.5  0.03
1071  2670.5  0.03
1072  2670.5  0.03
1073  2670.5  0.03
1074  2670.5  0.03
1075  2670.5  0.03
1076  2670.5  0.03
1077  2670.5  0.03
1078  2670.5  0.03
1079  2670.5  0.03
1080  2670.5  0.03
1081  2670.5  0.03
1082  2670.5  0.03
1083  2670.5  0.03
1084  2670.5  0.03
1085  2670.5  0.03
1086  2670.5  0.03
1087  2670.5  0.03
1088  2670.5  0.03
1089  2670.5  0.03
1090  2670.5  0.03
1091  2670.5  0.03
1092  2670.5  0.03
1093  2670.5  0.03
1094  2670.5  0.03
1095  2670.5  0.03
1096  2670.5  0.03
1097  2670.5  0.03
1098  2670.5  0.03
1099  2670.5  0.03
1100  2670.5  0.03
1101  2670.5  0.03
1102  2670.5  0.03
1103  2670.5  0.03
1104  2670.5  0.03
1105  2670.5  0.03
1106  2670.5  0.03
1107  2670.5  0.03
1108  2670.5  0.03
1109  2670.5  0.03
1110  2670.5  0.03
1111  2670.5  0.03
1112  2670.5  0.03
1113  2670.5  0.03
1114  2670.5  0.03
1115  2670.5  0.03
1116  2670.5  0.03
1117  2670.5  0.03
1118  2670.5  0.03
1119  2670.5  0.03
1120  2670.5  0.03
1121  2670.5  0.03
1122  2670.5  0.03
1123  2670.5  0.03
1124  2670.5  0.03
1125  2670.5  0.03
1126  2670.5  0.03
1127  2670.5  0.03
1128  2670.5  0.03
1129  2670.5  0.03
1130  2670.5  0.03
1131  2670.5  0.03
1132  2670.5  0.03
1133  2670.5  0.03
1134  2670.5  0.03
1135  2670.5  0.03
1136  2670.5  0.03
1137  2670.5  0.03
1138  2670.5  0.03
1139  2670.5  0.03
1140  2670.5  0.03
1141  2670.5  0.03
1142  2670.5  0.03
1143  2670.5  0.03
1144  2670.5  0.03
1145  2670.5  0.03
1146  2670.5  0.03
1147  2670.5  0.03
1148  2670.5  0.03
1149  2670.5  0.03
1150  2670.5  0.03
1151  2670.5  0.03
1152  2670.5  0.03
1153  2670.5  0.03
1154  2670.5  0.03
1155  2670.5  0.03
1156  2670.5  0.03
1157  2670.5  0.03
1158  2670.5  0.03
1159  2670.5  0.03
1160  2670.5  0.03
1161  2670.5  0.03
1162  2670.5  0.03
1163  2670.5  0.03
1164  2670.5  0.03
1165  2670.5  0.03
1166  2670.5  0.03
1167  2670.5  0.03
1168  2670.5  0.03
1169  2670.5  0.03
1170  2670.5  0.03
1171  2670.5  0.03
1172  2670.5  0.03
1173  2670.5  0.03
1174  2670.5  0.03
1175  2670.5  0.03
1176  2670.5  0.03
1177  2670.5  0.03
1178  2670.5  0.03
1179  2670.5  0.03
1180  2670.5  0.03
1181  2670.5  0.03
1182  2670.5  0.03
1183  2670.5  0.03
1184  2670.5  0.03
1185  2670.5  0.03
1186  2670.5  0.03
1187  2670.5  0.03
1188  2670.5  0.03
1189  2670.5  0.03
1190  2670.5  0.03
1191  2670.5  0.03
1192  2670.5  0.03
1193  2670.5  0.03
1194  2670.5  0.03
1195  2670.5  0.03
1196  2670.5  0.03
1197  2670.5  0.03
1198  2670.5  0.03
1199  2670.5  0.03
1200  2670.5  0.03
1201  2670.5  0.03
1202  2670.5  0.03
1203  2670.5  0.03
1204  2670.5  0.03
1205  2670.5  0.03
1206  2670.5  0.03
1207  2670.5  0.03
1208  2670.5  0.03
1209  2670.5  0.03
1210  2670.5  0.03
1211  2670.5  0.03
1212  2670.5  0.03
1213  2670.5  0.03
1214  2670.5  0.03
1215  2670.5  0.03
1216  2670.5  0.03
1217  2670.5  0.03
1218  2670.5  0.03
1219  2670.5  0.03
1220  2670.5  0.03
1221  2670.5  0.03
1222  2670.5  0.03
1223  2670.5  0.03
1224  2670.5  0.03
1225  2670.5  0.03
1226  2670.5  0.03
1227  2670.5  0.03
1228  2670.5  0.03
1229  2670.5  0.03
1230  2670.5  0.03
1231  2670.5  0.03
1232  2670.5  0.03
1233  2670.5  0.03
1234  2670.5  0.03
1235  2670.5  0.03
1236  2670.5  0.03
1237  2670.5  0.03
1238  2670.5  0.03
1239  2670.5  0.03
1240  2670.5  0.03
1241  2670.5  0.03
1242  2670.5  0.03
1243  2670.5  0.03
1244  2670.5  0.03
1245  2670.5  0.03
1246  2670.5  0.03
1247  2670.5  0.03
1248  2670.5  0.03
1249  2670.5  0.03
1250  2670.5  0.03
1251  2670.5  0.03
1252  2670.5  0.03
1253  2670.5  0.03
1254  2670.5  0.03
1255  2670.5  0.03
1256  2670.5  0.03
1257  2670.5  0.03
1258  2670.5  0.03
1259  2670.5  0.03
1260  2670.5  0.03
1261  2670.5  0.03
1262  2670.5  0.03
1263  2670.5  0.03
1264  2670.5  0.03
1265  2670.5  0.03
1266  2670.5  0.03
1267  2670.5  0.03
1268  2670.5  0.03
1269  2670.5  0.03
1270  2670.5  0.03
1271  2670.5  0.03
1272  2670.5  0.03
1273  2670.5  0.03
1274  2670.5  0.03
1275  2670.5  0.03
1276  2670.5  0.03
1277  2670.5  0.03
1278  2670.5  0.03
1279  2670.5  0.03
1280  2670.5  0.03
1281  2670.5  0.03
1282  2670.5  0.03
1283  2670.5  0.03
1284  2670.5  0.03
1285  2670.5  0.03
1286  2670.5  0.03
1287  2670.5  0.03
1288  2670.5  0.03
1289  2670.5  0.03
1290  2670.5  0.03
1291  2670.5  0.03
1292  2670.5  0.03
1293  2670.5  0.03
1294  2670.5  0.03
1295  2670.5  0.03
1296  2670.5  0.03
1297  2670.5  0.03
1298  2670.5  0.03
1299  2670.5  0.03
1300  2670.5  0.03
1301  2670.5  0.03
1302  2670.5  0.03
1303  2670.5  0.03
1304  2670.5  0.03
1305  2670.5  0.03
1306  2670.5  0.03
1307  2670.5  0.03
1308  2670.5  0.03
1309  2670.5  0.03
1310  2670.5  0.03
1311  2670.5  0.03
1312  2670.5  0.03
1313  2670.5  0.03
1314  2670.5  0.03
1315  2670.5  0.03
1316  2670.5  0.03
1317  2670.5  0.03
1318  2670.5  0.03
1319  2670.5  0.03
1320  2670.5  0.03
1321  2670.5  0.03
1322  2670.5  0.03
1323  2670.5  0.03
1324  2670.5  0.03
1325  2670.5  0.03
1326  2670.5  0.03
1327  2670.5  0.03
1328  2670.5  0.03
1329  2670.5  0.03
1330  2670.5  0.03
1331  2670.5  0.03
1332  2670.5  0.03
1333  2670.5  0.03
1334  2670.5  0.03
1335  2670.5  0.03
1336  2670.5  0.03
1337  2670.5  0.03
1338  2670.5  0.03
1339  2670.5  0.03
1340  2670.5  0.03
1341  2670.5  0.03
1342  2670.5  0.03
1343  2670.5  0.03
1344  2670.5  0.03
1345  2670.5  0.03
1346  2670.5  0.03
1347  2670.5  0.03
1348  2670.5  0.03
1349  2670.5  0.03
1350  2670.5  0.03
1351  2670.5  0.03
1352  2670.5  0.03
1353  2670.5  0.03
1354  2670.5  0.03
1355  2670.5  0.03
1356  2670.5  0.03
1357  2670.5  0.03
1358  2670.5  0.03
1359  2670.5  0.03
1360  2670.5  0.03
1361  2670.5  0.03
1362  2670.5  0.03
1363  2670.5  0.03
1364  2670.5  0.03
1365  2670.5  0.03
1366  2670.5  0.03
1367  2670.5  0.03
1368  2670.5  0.03
1369  2670.5  0.03
1370  2670.5  0.03
1371  2670.5  0.03
1372  2670.5  0.03
1373  2670.5  0.03
1374  2670.5  0.03
1375  2670.5  0.03
1376  2670.5  0.03
1377  2670.5  0.03
1378  2670.5  0.03
1379  2670.5  0.03
1380  2670.5  0.03
1381  2670.5  0.03
1382  2670.5  0.03
1383  2670.5  0.03
1384  2670.5  0.03
1385  2670.5  0.03
1386  2670.5  0.03
1387  2670.5  0.03
1388  2670.5  0.03
1389  2670.5  0.03
1390  2670.5  0.03
1391  2670.5  0.03
1392  2670.5  0.03
1393  2670.5  0.03
1394  2670.5  0.03
1395  2670.5  0.03
1396  2670.5  0.03
1397  2670.5  0.03
1398  2670.5  0.03
1399  2670.5  0.03
1400  2670.5  0.03
1401  2670.5  0.03
1402  2670.5  0.03
1403  2670.5  0.03
1404  2670.5  0.03
1405  2670.5  0.03
1406  2670.5  0.03
1407  2670.5  0.03
1408  2670.5  0.03
1409  2670.5  0.03
1410  2670.5  0.03
1411  2670.5  0.03
1412  2670.5  0.03
1413  2670.5  0.03
1414  2670.5  0.03
1415  2670.5  0.03
1416  2670.5  0.03
1417  2670.5  0.03
1418  2670.5  0.03
1419  2670.5  0.03
1420  2670.5  0.03
1421  2670.5  0.03
1422  2670.5  0.03
1423  2670.5  0.03
1424  2670.5  0.03
1425  2670.5  0.03
1426  2670.5  0.03
1427  2670.5  0.03
1428  2670.5  0.03
1429  2670.5  0.03
1430  2670.5  0.03
1431  2670.5  0.03
1432  2670.5  0.03
1433  2670.5  0.03
1434  2670.5  0.03
1435  2670.5  0.03
1436  2670.5  0.03
1437  2670.5  0.03
1438  2670.5  0.03
1439  2670.5  0.03
1440  2670.5  0.03
1441  2670.5  0.03
1442  2670.5  0.03
1443  2670.5  0.03
1444  2670.5  0.03
1445  2670.5  0.03
1446  2670.5  0.03
1447  2670.5  0.03
1448  2670.5  0.03
1449  2670.5  0.03
1450  2670.5  0.03
1451  2670.5  0.03
1452  2670.5  0.03
1453  2670.5  0.03
1454  2670.5  0.03
1455  2670.5  0.03
1456  2670.5  0.03
1457  2670.5  0.03
1458  2670.5  0.03
1459  2670.5  0.03
1460  2670.5  0.03
1461  2670.5  0.03
1462  2670.5  0.03
1463  2670.5  0.03
1464  2670.5  0.03
1465  2670.5  0.03
1466  2670.5  0.03
1467  2670.5  0.03
1468  2670.5  0.03
1469  2670.5  0.03
1470  2670.5  0.03
1471  2670.5  0.03
1472  2670.5  0.03
1473  2670.5  0.03
1474  2670.5  0.03
1475  2670.5  0.03
1476  2670.5  0.03
1477  2670.5  0.03
1478  2670.5  0.03
1479  2670.5  0.03
1480  2670.5  0.03
1481  2670.5  0.03
1482  2670.5  0.03
1483  2670.5  0.03
1484  2670.5  0.03
1485  2670.5  0.03
1486  2670.5  0.03
1487  2670.5  0.03
1488  2670.5  0.03
1489  2670.5  0.03
1490  2670.5  0.03
1491  2670.5  0.03
1492  2670.5  0.03
1493  2670.5  0.03
1494  2670.5  0.03
1495  2670.5  0.03
1496  2670.5  0.03
1497  2670.5  0.03
1498  2670.5  0.03
1499  2670.5  0.03
1500  2670.5  0.03
1501  2670.5  0.03
1502  2670.5  0.03
1503  2670.5  0.03
1504  2670.5  0.03
1505  2670.5  0.03
1506  2670.5  0.03
1507  2670.5  0.03
1508  2670.5  0.03
1509  2670.5  0.03
1510  2670.5  0.03
1511  2670.5  0.03
1512  2670.5  0.03
1513  2670.5  0.03
1514  2670.5  0.03
1515  2670.5  0.03
1516  2670.5  0.03
1517  2670.5  0.03
1518  2670.5  0.03
1519  2670.5  0.03
1520  2670.5  0.03
1521  2670.5  0.03
1522  2670.5  0.03
1523  2670.5  0.03
1524  2670.5  0.03
1525  2670.5  0.03
1526  2670.5  0.03
1527  2670.5  0.03
1528  2670.5  0.03
1529  2670.5  0.03
1530  2670.5  0.03
1531  2670.5  0.03
1532  2670.5  0.03
1533  2670.5  0.03
1534  2670.5  0.03
1535  2670.5  0.03
1536  2670.5  0.03
1537  2670.5  0.03
1538  2670.5  0.03
1539  2670.5  0.03
1540  2670.5  0.03
1541  2670.5  0.03
1542  2670.5  0.03
1543  2670.5  0.03
1544  2670.5  0.03
1545  2670.5  0.03
1546  2670.5  0.03
1547  2670.5  0.03
1548  2670.5  0.03
1549  2670.5  0.03
1550  2670.5  0.03
1551  2670.5  0.03
1552  2670.5  0.03
1553  2670.5  0.03
1554  2670.5  0.03
1555  2670.5  0.03
1556  2670.5  0.03
1557  2670.5  0.03
1558  2670.5  0.03
1559  2670.5  0.03
1560  2670.5  0.03
1561  2670.5  0.03
1562  2670.5  0.03
1563  2670.5  0.03
1564  2670.5  0.03
1565  2670.5  0.03
1566  2670.5  0.03
1567  2670.5  0.03
1568  2670.5  0.03
1569  2670.5  0.03
1570  2670.5  0.03
1571  2670.5  0.03
1572  2670.5  0.03
1573  2670.5  0.03
1574  2670.5  0.03
1575  2670.5  0.03
1576  2670.5  0.03
1577  2670.5  0.03
1578  2670.5  0.03
1579  2670.5  0.03
1580  2670.5  0.03
1581  2670.5  0.03
1582  2670.5  0.03
1583  2670.5  0.03
1584  2670.5  0.03
1585  2670.5  0.03
1586  2670.5  0.03
1587  2670.5  0.03
1588  2670.5  0.03
1589  2670.5  0.03
1590  2670.5  0.03
1591  2670.5  0.03
1592  2670.5  0.03
1593  2670.5  0.03
1594  2670.5  0.03
1595  2670.5  0.03
1596  2670.5  0.03
1597  2670.5  0.03
1598  2670.5  0.03
1599  2670.5  0.03
1600  2670.5  0.03
1601  2670.5  0.03
1602  2670.5  0.03
1603  2670.5  0.03
1604  2670.5  0.03
1605  2670.5  0.03
1606  2670.5  0.03
1607  2670.5  0.03
1608  2670.5  0.03
1609  2670.5  0.03
1610  2670.5  0.03
1611  2670.5  0.03
1612  2670.5  0.03
1613  2670.5  0.03
1614  2670.5  0.03
1615  2670.5  0.03
1616  2670.5  0.03
1617  2670.5  0.03
1618  2670.5  0.03
1619  2670.5  0.03
1620  2670.5  0.03
1621  2670.5  0.03
1622  2670.5  0.03
1623  2670.5  0.03
1624  2670.5  0.03
1625  2670.5  0.03
1626  2670.5  0.03
1627  2670.5  0.03
1628  2670.5  0.03
1629  2670.5  0.03
1630  2670.5  0.03
1631  2670.5  0.03
1632  2670.5  0.03
1633  2670.5  0.03
1634  2670.5  0.03
1635  2670.5  0.03
1636  2670.5  0.03
1637  2670.5  0.03
1638  2670.5  0.03
1639  2670.5  0.03
1640  2670.5  0.03
1641  2670.5  0.03
1642  2670.5  0.03
1643  2670.5  0.03
1644  2670.5  0.03
1645  2670.5  0.03
1646  2670.5  0.03
1647  2670.5  0.03
1648  2670.5  0.03
1649  2670.5  0.03
1650  2670.5  0.03
1651  2670.5  0.03
1652  2670.5  0.03
1653  2670.5  0.03
1654  2670.5  0.03
1655  2670.5  0.03
1656  2670.5  0.03
1657  2670.5  0.03
1658  2670.5  0.03
1659  2670.5  0.03
1660  2670.5  0.03
1661  2670.5  0.03
1662  2670.5  0.03
1663  2670.5  0.03
1664  2670.5  0.03
1665  2670.5  0.03
1666  2670.5  0.03
1667  2670.5  0.03
1668  2670.5  0.03
1669  2670.5  0.03
1670  2670.5  0.03
1671  2670.5  0.03
1672  2670.5  0.03
1673  2670.5  0.03
1674  2670.5  0.03
1675  2670.5  0.03
1676  2670.5  0.03
1677  2670.5  0.03
1678  2670.5  0.03
1679  2670.5  0.03
1680  2670.5  0.03
1681  2670.5  0.03
1682  2670.5  0.03
1683  2670.5  0.03
1684  2670.5  0.03
1685  2670.5  0.03
1686  2670.5  0.03
1687  2670.5  0.03
1688  2670.5  0.03
1689  2670.5  0.03
1690  2670.5  0.03
1691  2670.5  0.03
1692  2670.5  0.03
1693  2670.5  0.03
1694  2670.5  0.03
1695  2670.5  0.03
1696  2670.5  0.03
1697  2670.5  0.03
1698  2670.5  0.03
1699  2670.5  0.03
1700  2670.5  0.03
1701  2670.5  0.03
1702  2670.5  0.03
1703  2670.5  0.03
1704  2670.5  0.03
1705  2670.5  0.03
1706  2670.5  0.03
1707  2670.5  0.03
1708  2670.5  0.03
1709  2670.5  0.03
1710  2670.5  0.03
1711  2670.5  0.03
1712  2670.5  0.03
1713  2670.5  0.03
1714  2670.5  0.03
1715  2670.5  0.03
1716  2670.5  0.03
1717  2670.5  0.03
1718  2670.5  0.03
1719  2670.5  0.03
1720  2670.5  0.03
1721  2670.5  0.03
1722  2670.5  0.03
1723  2670.5  0.03
1724  2670.5  0.03
1725  2670.5  0.03
1726  2670.5  0.03
1727  2670.5  0.03
1728  2670.5  0.03
1729  2670.5  0.03
1730  2670.5  0.03
1731  2670.5  0.03
1732  2670.5  0.03
1733  2670.5  0.03
1734  2670.5  0.03
1735  2670.5  0.03
1736  2670.5  0.03
1737  2670.5  0.03
1738  2670.5  0.03
1739  2670.5  0.03
1740  2670.5  0.03
1741  2670.5  0.03
1742  2670.5  0.03
1743  2670.5  0.03
1744  2670.5  0.03
1745  2670.5  0.03
1746  2670.5  0.03
1747  2670.5  0.03
1748  2670.5  0.03
1749  2670.5  0.03
1750  2670.5  0.03
1751  2670.5  0.03
1752  2670.5  0.03
1753  2670.5  0.03
1754  2670.5  0.03
1755  2670.5  0.03
1756  2670.5  0.03
1757  2670.5  0.03
1758  2670.5  0.03
1759  2670.5  0.03
1760  2670.5  0.03
1761  2670.5  0.03
1762  2670.5  0.03
1763  2670.5  0.03
1764  2670.5  0.03
1765  2670.5  0.03
1766  2670.5  0.03
1767  2670.5  0.03
1768  2670.5  0.03
1769  2670.5  0.03
1770  2670.5  0.03
1771  2670.5  0.03
1772  2670.5  0.03
1773  2670.5  0.03
1774  2670.5  0.03
1775  2670.5  0.03
1776  2670.5  0.03
1777  2670.5  0.03
1778  2670.5  0.03
1779  2670.5  0.03
1780  2670.5  0.03
1781  2670.5  0.03
1782  2670.5  0.03
1783  2670.5  0.03
1784  2670.5  0.03
1785  2670.5  0.03
1786  2670.5  0.03
1787  2670.5  0.03
1788  2670.5  0.03
1789  2670.5  0.03
1790  2670.5  0.03
1791  2670.5  0.03
1792  2670.5  0.03
1793  2670.5  0.03
1794  2670.5  0.03
1795  2670.5  0.03
1796  2670.5  0.03
1797  2670.5  0.03
1798  2670.5  0.03
1799  2670.5  0.03
1800  2670.5  0.03
1801  2670.5  0.03
1802  2670.5  0.03
1803  2670.5  0.03
1804  2670.5  0.03
1805  2670.5  0.03
1806  2670.5  0.03
1807  2670.5  0.03
1808  2670.5  0.03
1809  2670.5  0.03
1810  2670.5  0.03
1811  2670.5  0.03
1812  2670.5  0.03
1813  2670.5  0.03
1814  2670.5  0.03
1815  2670.5  0.03
1816  2670.5  0.03
1817  2670.5  0.03
1818  2670.5  0.03
1819  2670.5  0.03
1820  2670.5  0.03
1821  2670.5  0.03
1822  2670.5  0.03
1823  2670.5  0.03
1824  2670.5  0.03
1825  2670.5  0.03
1826  2670.5  0.03
1827  2670.5  0.03
1828  2670.5  0.03
1829  2670.5  0.03
1830  2670.5  0.03
1831  2670.5  0.03
1832  2670.5  0.03
1833  2670.5  0.03
1834  2670.5  0.03
1835  2670.5  0.03
1836  2670.5  0.03
1837  2670.5  0.03
1838  2670.5  0.03
1839  2670.5  0.03
1840  2670.5  0.03
1841  2670.5  0.03
1842  2670.5  0.03
1843  2670.5  0.03
1844  2670.5  0.03
1845  2670.5  0.03
1846  2670.5  0.03
1847  2670.5  0.03
1848  2670.5  0.03
1849  2670.5  0.03
1850  2670.5  0.03
1851  2670.5  0.03
1852  2670.5  0.03
1853  2670.5  0.03
1854  2670.5  0.03
1855  2670.5  0.03
1856  2670.5  0.03
1857  2670.5  0.03
1858  2670.5  0.03
1859  2670.5  0.03
1860  2670.5  0.03
1861  2670.5  0.03
1862  2670.5  0.03
1863  2670.5  0.03
1864  2670.5  0.03
1865  2670.5  0.03
1866  2670.5  0.03
1867  2670.5  0.03
1868  2670.5  0.03
1869  2670.5  0.03
1870  2670.5  0.03
1871  2670.5  0.03
1872  2670.5  0.03
1873  2670.5  0.03
1874  2670.5  0.03
1875  2670.5  0.03
1876  2670.5  0.03
1877  2670.5  0.03
1878  2670.5  0.03
1879  2670.5  0.03
1880  2670.5  0.03
1881  2670.5  0.03
1882  2670.5  0.03
1883  2670.5  0.03
1884  2670.5  0.03
1885  2670.5  0.03
1886  2670.5  0.03
1887  2670.5  0.03
1888  2670.5  0.03
1889  2670.5  0.03
1890  2670.5  0.03
1891  2670.5  0.03
1892  2670.5  0.03
1893  2670.5  0.03
1894  2670.5  0.03
1895  2670.5  0.03
1896  2670.5  0.03
1897  2670.5  0.03
1898  2670.5  0.03
1899  2670.5  0.03
1900  2670.5  0.03
1901  2670.5  0.03
1902  2670.5  0.03
1903  2670.5  0.03
1904  2670.5  0.03
1905  2670.5  0.03
1906  2670.5  0.03
1907  2670.5  0.03
1908  2670.5  0.03
1909  2670.5  0.03
1910  2670.5  0.03
1911  2670.5  0.03
1912  2670.5  0.03
1913  2670.5  0.03
1914  2670.5  0.03
1915  2670.5  0.03
1916  2670.5  0.03
1917  2670.5  0.03
1918  2670.5  0.03
1919  2670.5  0.03
1920  2670.5  0.03
1921  2670.5  0.03
1922  2670.5  0.03
1923  2670.5  0.03
1924  2670.5  0.03
1925  2670.5  0.03
1926  2670.5  0.03
1927  2670.5  0.03
1928  2670.5  0.03
1929  2670.5  0.03
1930  2670.5  0.03
1931  2670.5  0.03
1932  2670.5  0.03
1933  2670.5  0.03
1934  2670.5  0.03
1935  2670.5  0.03
1936  2670.5  0.03
1937  2670.5  0.03
1938  2670.5  0.03
1939  2670.5  0.03
1940  2670.5  0.03
1941  2670.5  0.03
1942  2670.5  0.03
1943  2670.5  0.03
1944  2670.5  0.03
1945  2670.5  0.03
1946  2670.5  0.03
1947  2670.5  0.03
1948  2670.5  0.03
1949  2670.5  0.03
1950  2670.5  0.03
1951  2670.5  0.03
1952  2670.5  0.03
1953  2670.5  0.03
1954  2670.5  0.03
1955  2670.5  0.03
1956  2670.5  0.03
1957  2670.5  0.03
1958  2670.5  0.03
1959  2670.5  0.03
1960  2670.5  0.03
1961  2670.5  0.03
1962  2670.5  0.03
1963  2670.5  0.03
1964  2670.5  0.03
1965  2670.5  0.03
1966  2670.5  0.03
1967  2670.5  0.03
1968  2670.5  0.03
1969  2670.5  0.03
1970  2670.5  0.03
1971  2670.5  0.03
1972  2670.5  0.03
1973  2670.5  0.03
1974  2670.5  0.03
1975  2670.5  0.03
1976  2670.5  0.03
1977  2670.5  0.03
1978  2670.5  0.03
1979  2670.5  0.03
1980  2670.5  0.03
1981  2670.5  0.03
1982  2670.5  0.03
1983  2670.5  0.03
1984  2670.5  0.03
1985  2670.5  0.03
1986  2670.5  0.03
1987  2670.5  0.03
1988  2670.5  0.03
1989  2670.5  0.03
1990  2670.5  0.03
1991  2670.5  0.03
1992  2670.5  0.03
1993  2670.5  0.03
1994  2670.5  0.03
1995  2670.5  0.03
1996  2670.5  0.03
1997  2670.5  0.03
1998  2670.5  0.03
1999  2670.5  0.03
2000  2670.5  0.03
2001  2670.5  0.03
2002  2670.5  0.03
2003  2670.5  0.03
2004  2670.5  0.03
2005  2670.5  0.03
2006  2670.5  0.03
2007  2670.5  0.03
2008  2670.5  0.03
2009  2670.5  0.03
2010  2670.5  0.03
2011  2670.5  0.03
2012  2670.5  0.03
2013  2670.5  0.03
2014  2670.5  0.03
2015  2670.5  0.03
2016  2670.5  0.03
2017  2670.5  0.03
2018  2670.5  0.03
2019  2670.5  0.03
2020  2670.5  0.03
2021  2670.5  0.03
2022  2670.5  0.03
2023  2670.5  0.03
2024  2670.5  0.03
2025  2670.5  0.03
2026  2670.5  0.03
2027  2670.5  0.03
2028  2670.5  0.03
2029  2670.5  0.03
2030  2670.5  0.03
2031  2670.5  0.03
2032  2670.5  0.03
2033  2670.5  0.03
2034  2670.5  0.03
2035  2670.5  0.03
2036  2670.5  0.03
2037  2670.5  0.03
2038  2670.5  0.03
2039  2670.5  0.03
2040  2670.5  0.03
2041  2670.5  0.03
2042  2670.5  0.03
2043  2670.5  0.03
2044  2670.5  0.03
2045  2670.5  0.03
2046  2670.5  0.03
2047  2670.5  0.03
2048  2670.5  0.03
2049  2670.5  0.03
2050  2670.5  0.03
2051  2670.5  0.03
2052  2670.5  0.03
2053  2670.5  0.03
2054  2670.5  0.03
2055  2670.5  0.03
2056  2670.5  0.03
2057  2670.5  0.03
2058  2670.5  0.03
2059  2670.5  0.03
2060  2670.5  0.03
2061  2670.5  0.03
2062  2670.5  0.03
2063  2670.5  0.03
2064  2670.5  0.03
2065  2670.5  0.03
2066  2670.5  0.03
2067  2670.5  0.03
2068  2670.5  0.03
2069  2670.5  0.03
2070  2670.5  0.03
2071  2670.5  0.03
2072  2670.5  0.03
2073  2670.5  0.03
2074  2670.5  0.03
2075  2670.5  0.03
2076  2670.5  0.03
2077  2670.5  0.03
2078  2670.5  0.03
2079  2670.5  0.03
2080  2670.5  0.03
2081  2670.5  0.03
2082  2670.5  0.03
2083  2670.5  0.03
2084  2670.5  0.03
2085  2670.5  0.03
2086  2670.5  0.03
2087  2670.5  0.03
2088  2670.5  0.03
2089  2670.5  0.03
2090  2670.5  0.03
2091  2670.5  0.03
2092  2670.5  0.03
2093  2670.5  0.03
2094  2670.5  0.03
2095  2670.5  0.03
2096  2670.5  0.03
2097  2670.5  0.03
2098  2670.5  0.03
2099  2670.5  0.03
2100  2670.5  0.03
2101  2670.5  0.03
2102  2670.5  0.03
2103  2670.5  0.03
2104  2670.5  0.03
2105  2670.5  0.03
2106  2670.5  0.03
2107  2670.5  0.03
2108  2670.5  0.03
2109  2670.5  0.03
2110  2670.5  0.03
2111  2670.5  0.03
2112  2670.5  0.03
2113  2670.5  0.03
2114  2670.5  0.03
2115  2670.5  0.03
2116  2670.5  0.03
2117  2670.5  0.03
2118  2670.5  0.03
2119  2670.5  0.03
2120  2670.5  0.03
2121  2670.5  0.03
2122  2670.5  0.03
2123  2670.5  0.03
2124  2670.5  0.03
2125  2670.5  0.03
2126  2670.5  0.03
2127  2670.5  0.03
2128  2670.5  0.03
2129  2670.5  0.03
2130  2670.5  0.03
2131  2670.5  0.03
2132  2670.5  0.03
2133  2670.5  0.03
2134  2670.5  0.03
2135  2670.5  0.03
2136  2670.5  0.03
2137  2670.5  0.03
2138  2670.5  0.03
2139  2670.5  0.03
2140  2670.5  0.03
2141  2670.5  0.03
2142  2670.5  0.03
2143  2670.5  0.03
2144  2670.5  0.03
2145  2670.5  0.03
2146  2670.5  0.03
2147  2670.5  0.03
2148  2670.5  0.03
2149  2670.5  0.03
2150  2670.5  0.03
2151  2670.5  0.03
2152  2670.5  0.03
2153  2670.5  0.03
2154  2670.5  0.03
2155  2670.5  0.03
2156  2670.5  0.03
2157  2670.5  0.03
2158  2670.5  0.03
2159  2670.5  0.03
2160  2670.5  0.03
2161  2670.5  0.03
2162  2670.5  0.03
2163  2670.5  0.03
2164  2670.5  0.03
2165  2670.5  0.03
2166  2670.5  0.03
2167  2670.5  0.03
2168  2670.5  0.03
2169  2670.5  0.03
2170  2670.5  0.03
2171  2670.5  0.03
2172  2670.5  0.03
2173  2670.5  0.03
2174  2670.5  0.03
2175  2670.5  0.03
2176  2670.5  0.03
2177  2670.5  0.03
2178  2670.5  0.03
2179  2670.5  0.03
2180  2670.5  0.03
2181  2670.5  0.03
2182  2670.5  0.03
2183  2670.5  0.03
2184  2670.5  0.03
2185  2670.5  0.03
2186  2670.5  0.03
2187  2670.5  0.03
2188  2670.5  0.03
2189  2670.5  0.03
2190  2670.5  0.03
2191  2670.5  0.03
2192  2670.5  0.03
2193  2670.5  0.03
2194  2670.5  0.03
2195  2670.5  0.03
2196  2670.5  0.03
2197  2670.5  0.03
2198  2670.5  0.03
2199  2670.5  0.03
2200  2670.5  0.03
2201  2670.5  0.03
2202  2670.5  0.03
2203  2670.5  0.03
2204  2670.5  0.03
2205  2670.5  0.03
2206  2670.5  0.03
2207  2670.5  0.03
2208  2670.5  0.03
2209  2670.5  0.03
2210  2670.5  0.03
2211  2670.5  0.03
2212  2670.5  0.03
2213  2670.5  0.03
2214  2670.5  0.03
2215  2670.5  0.03
2216  2670.5  0.03
2217  2670.5  0.03
2218  2670.5  0.03
2219  2670.5  0.03
2220  2670.5  0.03
2221  2670.5  0.03
2222  2670.5  0.03
2223  2670.5  0.03
2224  2670.5  0.03
2225  2670.5  0.03
2226  2670.5  0.03
2227  2670.5  0.03
2228  2670.5  0.03
2229  2670.5  0.03
2230  2670.5  0.03
2231  2670.5  0.03
2232  2670.5  0.03
2233  2670.5  0.03
2234  2670.5  0.03
2235  2670.5  0.03
2236  2670.5  0.03
2237  2670.5  0.03
2238  2670.5  0.03
2239  2670.5  0.03
2240  2670.5  0.03
2241  2670.5  0.03
2242  2670.5  0.03
2243  2670.5  0.03
2244  2670.5  0.03
2245  2670.5  0.03
2246  2670.5  0.03
2247  2670.5  0.03
2248  2670.5  0.03
2249  2670.5  0.03
2250  2670.5  0.03
2251  2670.5  0.03
2252  2670.5  0.03
2253  2670.5  0.03
2254  2670.5  0.03
2255  2670.5  0.03
2256  2670.5  0.03
2257  2670.5  0.03
2258  2670.5  0.03
2259  2670.5  0.03
2260  2670.5  0.03
2261  2670.5  0.03
2262  2670.5  0.03
2263  2670.5  0.03
2264  2670.5  0.03
2265  2670.5  0.03
2266  2670.5  0.03
2267  2670.5  0.03
2268  2670.5  0.03
2269  2670.5  0.03
2270  2670.5  0.03
2271  2670.5  0.03
2272  2670.5  0.03
2273  2670.5  0.03
2274  2670.5  0.03
2275  2670.5  0.03
2276  2670.5  0.03
2277  2670.5  0.03
2278  2670.5  0.03
2279  2670.5  0.03
2280  2670.5  0.03
2281  2670.5  0.03
2282  2670.5  0.03
2283  2670.5  0.03
2284  2670.5  0.03
2285  2670.5  0.03
2286  2670.5  0.03
2287  2670.5  0.03
2288  2670.5  0.03
2289  2670.5  0.03
2290  2670.5  0.03
2291  2670.5  0.03
2292  2670.5  0.03
2293  2670.5  0.03
2294  2670.5  0.03
2295  2670.5  0.03
2296  2670.5  0.03
2297  2670.5  0.03
2298  2670.5  0.03
2299  2670.5  0.03
2300  2670.5  0.03
2301  2670.5  0.03
2302  2670.5  0.03
2303  2670.5  0.03
2304  2670.5  0.03
2305  2670.5  0.03
2306  2670.5  0.03
2307  2670.5  0.03
2308  2670.5  0.03
2309  2670.5  0.03
2310  2670.5  0.03
2311  2670.5  0.03
2312  2670.5  0.03
2313  2670.5  0.03
2314  2670.5  0.03
2315  2670.5  0.03
2316  2670.5  0.03
2317  2670.5  0.03
2318  2670.5  0.03
2319  2670.5  0.03
2320  2670.5  0.03
2321  2670.5  0.03
2322  2670.5  0.03
2323  2670.5  0.03
2324  2670.5  0.03
2325  2670.5  0.03
2326  2670.5  0.03
2327  2670.5  0.03
2328  2670.5  0.03
2329  2670.5  0.03
2330  2670.5  0.03
2331  2670.5  0.03
2332  2670.5  0.03
2333  2670.5  0.03
2334  2670.5  0.03
2335  2670.5  0.03
2336  2670.5  0.03
2337  2670.5  0.03
2338  2670.5  0.03
2339  2670.5  0.03
2340  2670.5  0.03
2341  2670.5  0.03
2342  2670.5  0.03
2343  2670.5  0.03
2344  2670.5  0.03
2345  2670.5  0.03
2346  2670.5  0.03
2347  2670.5  0.03
2348  2670.5  0.03
2349  2670.5  0.03
2350  2670.5  0.03
2351  2670.5  0.03
2352  2670.5  0.03
2353  2670.5  0.03
2354  2670.5  0.03
2355  2670.5  0.03
2356  2670.5  0.03
2357  2670.5  0.03
2358  2670.5  0.03
2359  2670.5  0.03
2360  2670.5  0.03
2361  2670.5  0.03
2362  2670.5  0.03
2363  2670.5  0.03
2364  2670.5  0.03
2365  2670.5  0.03
2366  2670.5  0.03
2367  2670.5  0.03
2368  2670.5  0.03
2369  2670.5  0.03
2370  2670.5  0.03
2371  2670.5  0.03
2372  2670.5  0.03
2373  2670.5  0.03
2374  2670.5  0.03
2375  2670.5  0.03
2376  2670.5  0.03
2377  2670.5  0.03
2378  2670.5  0.03
2379  2670.5  0.03
2380  2670.5  0.03
2381  2670.5  0.03
2382  2670.5  0.03
2383  2670.5  0.03
2384  2670.5  0.03
2385  2670.5  0.03
2386  2670.5  0.03
2387  2670.5  0.03
2388  2670.5  0.03
2389  2670.5  0.03
2390  2670.5  0.03
2391  2670.5  0.03
2392  2670.5  0.03
2393  2670.5  0.03
2394  2670.5  0.03
2395  2670.5  0.03
2396  2670.5  0.03
2397  2670.5  0.03
2398  2670.5  0.03
2399  2670.5  0.03
2400  2670.5  0.03
2401  2670.5  0.03
2402  2670.5  0.03
2403  2670.5  0.03
2404  2670.5  0.03
2405  2670.5  0.03
2406  2670.5  0.03
2407  2670.5  0.03
2408  2670.5  0.03
2409  2670.5  0.03
2410  2670.5  0.03
2411  2670.5  0.03
2412  2670.5  0.03
2413  2670.5  0.03
2414  2670.5  0.03
2415  2670.5  0.03
2416  2670.5  0.03
2417  2670.5  0.03
2418  2670.5  0.03
2419  2670.5  0.03
2420  2670.5  0.03
2421  2670.5  0.03
2422  2670.5  0.03
2423  2670.5  0.03
2424  2670.5  0.03
2425  2670.5  0.03
2426  2670.5  0.03
2427  2670.5  0.03
2428  2670.5  0.03
2429  2670.5  0.03
2430  2670.5  0.03
2431  2670.5  0.03
2432  2670.5  0.03
2433  2670.5  0.03
2434  2670.5  0.03
2435  2670.5  0.03
2436  2670.5  0.03
2437  2670.5  0.03
2438  2670.5  0.03
2439  2670.5  0.03
2440  2670.5  0.03
2441  2670.5  0.03
2442  2670.5  0.03
2443  2670.5  0.03
2444  2670.5  0.03
2445  2670.5  0.03
2446  2670.5  0.03
2447  2670.5  0.03
2448  2670.5  0.03
2449  2670.5  0.03
2450  2670.5  0.03
2451  2670.5  0.03
2452  2670.5  0.03
2453  2670.5  0.03
2454  2670.5  0.03
2455  2670.5  0.03
2456  2670.5  0.03
2457  2670.5  0.03
2458  2670.5  0.03
2459  2670.5  0.03
2460  2670.5  0.03
2461  2670.5  0.03
2462  2670.5  0.03
2463  2670.5  0.03
2464  2670.5  0.03
2465  2670.5  0.03
2466  2670.5  0.03
2467  2670.5  0.03
2468  2670.5  0.03
2469  2670.5  0.03
2470  2670.5  0.03
2471  2670.5  0.03
2472  2670.5  0.03
2473  2670.5  0.03
2474  2670.5  0.03
2475  2670.5  0.03
2476  2670.5  0.03
2477  2670.5  0.03
2478  2670.5  0.03
2479  2670.5  0.03
2480  2670.5  0.03
2481  2670.5  0.03
2482  2670.5  0.03
2483  2670.5  0.03
2484  2670.5  0.03
2485  2670.5  0.03
2486  2670.5  0.03
2487  2670.5  0.03
2488  2670.5  0.03
2489  2670.5  0.03
2490  2670.5  0.03
2491  2670.5  0.03
2492  2670.5  0.03
2493  2670.5  0.03
2494  2670.5  0.03
2495  2670.5  0.03
2496  2670.5  0.03
2497  2670.5  0.03
2498  2670.5  0.03
2499  2670.5  0.03
2500  2670.5  0.03
2501  2670.5  0.03
2502  2670.5  0.03
2503  2670.5  0.03
2504  2670.5  0.03
2505  2670.5  0.03
2506  2670.5  0.03
2507  2670.5  0.03
2508  2670.5  0.03
2509  2670.5  0.03
2510  2670.5  0.03
2511  2670.5  0.03
2512  2670.5  0.03
2513  2670.5  0.03
2514  2670.5  0.03
2515  2670.5  0.03
2516  2670.5  0.03
2517  2670.5  0.03
2518  2670.5  0.03
2519  2670.5  0.03
2520  2670.5  0.03
2521  2670.5  0.03
2522  2670.5  0.03
2523  2670.5  0.03
2524  2670.5  0.03
2525  2670.5  0.03
2526  2670.5  0.03
2527  2670.5  0.03
2528  2670.5  0.03
2529  2670.5  0.03
2530  2670.5  0.03
2531  2670.5  0.03
2532  2670.5  0.03
2533  2670.5  0.03
2534  2670.5  0.03
2535  2670.5  0.03
2536  2670.5  0.03
2537  2670.5  0.03
2538  2670.5  0.03
2539  2670.5  0.03
2540  2670.5  0.03
2541  2670.5  0.03
2542  2670.5  0.03
2543  2670.5  0.03
2544  2670.5  0.03
2545  2670.5  0.03
2546  2670.5  0.03
2547  2711.0  0.04
2548  2711.0  0.04
2549  2711.0  0.04
2550  2711.0  0.04
2551  2711.0  0.04
2552  2711.0  0.04
2553  2711.0  0.04
2554  2711.0  0.04
2555  2711.0  0.04
2556  2711.0  0.04
2557  2711.0  0.04
2558  2711.0  0.04
2559  2711.0  0.04
2560  2711.0  0.04
2561  2711.0  0.04
2562  2711.0  0.04
2563  2711.0  0.04
2564  2711.0  0.04
2565  2711.0  0.04
2566  2711.0  0.04
2567  2711.0  0.04
2568  2711.0  0.04
2569  2711.0  0.04
2570  2711.0  0.04
2571  2711.0  0.04
2572  2711.0  0.04
2573  2711.0  0.04
2574  2711.0  0.04
2575  2711.0  0.04
2576  2711.0  0.04
2577  2711.0  0.04
2578  2711.0  0.04
2579  2711.0  0.04
2580  2711.0  0.04
2581  2711.0  0.04
2582  2711.0  0.04
2583  2711.0  0.04
2584  2711.0  0.04
2585  2711.0  0.04
2586  2711.0  0.04
2587  2711.0  0.04
2588  2711.0  0.04
2589  2711.0  0.04
2590  2711.0  0.04
2591  2711.0  0.04
2592  2711.0  0.04
2593  2711.0  0.04
2594  2711.0  0.04
2595  2711.0  0.04
2596  2711.0  0.04
2597  2711.0  0.04
2598  2711.0  0.04
2599  2711.0  0.04
2600  2711.0  0.04
2601  2711.0  0.04
2602  2711.0  0.04
2603  2711.0  0.04
2604  2711.0  0.04
2605  2711.0  0.04
2606  2711.0  0.04
2607  2711.0  0.04
2608  2711.0  0.04
2609  2711.0  0.04
2610  2711.0  0.04
2611  2711.0  0.04
2612  2711.0  0.04
2613  2711.0  0.04
2614  2711.0  0.04
2615  2711.0  0.04
2616  2711.0  0.04
2617  2711.0  0.04
2618  2711.0  0.04
2619  2711.0  0.04
2620  2711.0  0.04
2621  2711.0  0.04
2622  2711.0  0.04
2623  2711.0  0.04
2624  2711.0  0.04
2625  2711.0  0.04
2626  2711.0  0.04
2627  2711.0  0.04
2628  2711.0  0.04
2629  2711.0  0.04
2630  2711.0  0.04
2631  2711.0  0.04
2632  2711.0  0.04
2633  2711.0  0.04
2634  2711.0  0.04
2635  2711.0  0.04
2636  2711.0  0.04
2637  2711.0  0.04
2638  2711.0  0.04
2639  2711.0  0.04
2640  2711.0  0.04
2641  2711.0  0.04
2642  2711.0  0.04
2643  2711.0  0.04
2644  2711.0  0.04
2645  2711.0  0.04
2646  2711.0  0.04
2647  2711.0  0.04
2648  2711.0  0.04
2649  2711.0  0.04
2650  2711.0  0.04
2651  2711.0  0.04
2652  2711.0  0.04
2653  2711.0  0.04
2654  2711.0  0.04
2655  2711.0  0.04
2656  2711.0  0.04
2657  2711.0  0.04
2658  2711.0  0.04
2659  2711.0  0.04
2660  2711.0  0.04
2661  2711.0  0.04
2662  2711.0  0.04
2663  2711.0  0.04
2664  2711.0  0.04
2665  2711.0  0.04
2666  2711.0  0.04
2667  2711.0  0.04
2668  2711.0  0.04
2669  2711.0  0.04
2670  2711.0  0.04
2671  2711.0  0.04
2672  2711.0  0.04
2673  2711.0  0.04
2674  2711.0  0.04
2675  2711.0  0.04
2676  2711.0  0.04
2677  2711.0  0.04
2678  2711.0  0.04
2679  2711.0  0.04
2680  2711.0  0.04
2681  2711.0  0.04
2682  2711.0  0.04
2683  2711.0  0.04
2684  2711.0  0.04
2685  2711.0  0.04
2686  2711.0  0.04
2687  2711.0  0.04
2688  2711.0  0.04
2689  2711.0  0.04
2690  2711.0  0.04
2691  2711.0  0.04
2692  2711.0  0.04
2693  2711.0  0.04
2694  2711.0  0.04
2695  2711.0  0.04
2696  2711.0  0.04
2697  2711.0  0.04
2698  2711.0  0.04
2699  2711.0  0.04
2700  2711.0  0.04
2701  2711.0  0.04
2702  2711.0  0.04
2703  2711.0  0.04
2704  2711.0  0.04
2705  2711.0  0.04
2706  2711.0  0.04
2707  2711.0  0.04
2708  2711.0  0.04
2709  2711.0  0.04
2710  2711.0  0.04
2711  2711.0  0.04
2712  2711.0  0.04
2713  2711.0  0.04
2714  2711.0  0.04
2715  2711.0  0.04
2716  2711.0  0.04
2717  2711.0  0.04
2718  2711.0  0.04
2719  2711.0  0.04
2720  2711.0  0.04
2721  2711.0  0.04
2722  2711.0  0.04
2723  2711.0  0.04
2724  2711.0  0.04
2725  2711.0  0.04
2726  2711.0  0.04
2727  2711.0  0.04
2728  2711.0  0.04
2729  2711.0  0.04
2730  2711.0  0.04
2731  2711.0  0.04
2732  2711.0  0.04
2733  2711.0  0.04
2734  2711.0  0.04
2735  2711.0  0.04
2736  2711.0  0.04
2737  2711.0  0.04
2738  2711.0  0.04
2739  2711.0  0.04
2740  2711.0  0.04
2741  2711.0  0.04
2742  2711.0  0.04
2743  2711.0  0.04
2744  2711.0  0.04
2745  2711.0  0.04
2746  2711.0  0.04
2747  2711.0  0.04
2748  2711.0  0.04
2749  2711.0  0.04
2750  2711.0  0.04
2751  2711.0  0.04
2752  2711.0  0.04
2753  2711.0  0.04
2754  2711.0  0.04
2755  2711.0  0.04
2756  2711.0  0.04
2757  2711.0  0.04
2758  2711.0  0.04
2759  2711.0  0.04
2760  2711.0  0.04
2761  2711.0  0.04
2762  2711.0  0.04
2763  2711.0  0.04
2764  2711.0  0.04
2765  2711.0  0.04
2766  2711.0  0.04
2767  2711.0  0.04
2768  2711.0  0.04
2769  2711.0  0.04
2770  2711.0  0.04
2771  2711.0  0.04
2772  2711.0  0.04
2773  2711.0  0.04
2774  2711.0  0.04
2775  2711.0  0.04
2776  2711.0  0.04
2777  2711.0  0.04
2778  2711.0  0.04
2779  2711.0  0.04
2780  2711.0  0.04
2781  2711.0  0.04
2782  2711.0  0.04
2783  2711.0  0.04
2784  2711.0  0.04
2785  2711.0  0.04
2786  2711.0  0.04
2787  2711.0  0.04
2788  2711.0  0.04
2789  2711.0  0.04
2790  2711.0  0.04
2791  2711.0  0.04
2792  2711.0  0.04
2793  2711.0  0.04
2794  2711.0  0.04
2795  2711.0  0.04
2796  2711.0  0.04
2797  2711.0  0.04
2798  2711.0  0.04
2799  2711.0  0.04
2800  2711.0  0.04
2801  2711.0  0.04
2802  2711.0  0.04
2803  2711.0  0.04
2804  2711.0  0.04
2805  2711.0  0.04
2806  2711.0  0.04
2807  2711.0  0.04
2808  2711.0  0.04
2809  2711.0  0.04
2810  2711.0  0.04
2811  2711.0  0.04
2812  2711.0  0.04
2813  2711.0  0.04
2814  2711.0  0.04
2815  2711.0  0.04
2816  2711.0  0.04
2817  2711.0  0.04
2818  2711.0  0.04
2819  2711.0  0.04
2820  2711.0  0.04
2821  2711.0  0.04
2822  2711.0  0.04
2823  2711.0  0.04
2824  2711.0  0.04
2825  2711.0  0.04
2826  2711.0  0.04
2827  2711.0  0.04
2828  2711.0  0.04
2829  2711.0  0.04
2830  2711.0  0.04
2831  2711.0  0.04
2832  2711.0  0.04
2833  2711.0  0.04
2834  2711.0  0.04
2835  2711.0  0.04
2836  2711.0  0.04
2837  2711.0  0.04
2838  2711.0  0.04
2839  2711.0  0.04
2840  2711.0  0.04
2841  2711.0  0.04
2842  2711.0  0.04
2843  2711.0  0.04
2844  2711.0  0.04
2845  2711.0  0.04
2846  2711.0  0.04
2847  2711.0  0.04
2848  2711.0  0.04
2849  2711.0  0.04
2850  2711.0  0.04
2851  2711.0  0.04
2852  2711.0  0.04
2853  2711.0  0.04
2854  2711.0  0.04
2855  2711.0  0.04
2856  2711.0  0.04
2857  2711.0  0.04
2858  2711.0  0.04
2859  2711.0  0.04
2860  2711.0  0.04
2861  2711.0  0.04
2862  2711.0  0.04
2863  2711.0  0.04
2864  2711.0  0.04
2865  2711.0  0.04
2866  2711.0  0.04
2867  2711.0  0.04
2868  2711.0  0.04
2869  2711.0  0.04
2870  2711.0  0.04
2871  2711.0  0.04
2872  2711.0  0.04
2873  2711.0  0.04
2874  2711.0  0.04
2875  2711.0  0.04
2876  2711.0  0.04
2877  2711.0  0.04
2878  2711.0  0.04
2879  2711.0  0.04
2880  2711.0  0.04
2881  2711.0  0.04
2882  2711.0  0.04
2883  2711.0  0.04
2884  2711.0  0.04
2885  2711.0  0.04
2886  2711.0  0.04
2887  2711.0  0.04
2888  2711.0  0.04
2889  2711.0  0.04
2890  2711.0  0.04
2891  2711.0  0.04
2892  2711.0  0.04
2893  2711.0  0.04
2894  2711.0  0.04
2895  2711.0  0.04
2896  2711.0  0.04
2897  2711.0  0.04
2898  2711.0  0.04
2899  2711.0  0.04
2900  2711.0  0.04
2901  2711.0  0.04
2902  2711.0  0.04
2903  2711.0  0.04
2904  2711.0  0.04
2905  2711.0  0.04
2906  2711.0  0.04
2907  2711.0  0.04
2908  2711.0  0.04
2909  2711.0  0.04
2910  2711.0  0.04
2911  2711.0  0.04
2912  2711.0  0.04
2913  2711.0  0.04
2914  2711.0  0.04
2915  2711.0  0.04
2916  2711.0  0.04
2917  2711.0  0.04
2918  2711.0  0.04
2919  2711.0  0.04
2920  2711.0  0.04
2921  2711.0  0.04
2922  2711.0  0.04
2923  2711.0  0.04
2924  2711.0  0.04
2925  2711.0  0.04
2926  2711.0  0.04
2927  2711.0  0.04
2928  2711.0  0.04
2929  2711.0  0.04
2930  2711.0  0.04
2931  2711.0  0.04
2932  2711.0  0.04
2933  2711.0  0.04
2934  2711.0  0.04
2935  2711.0  0.04
2936  2711.0  0.04
2937  2711.0  0.04
2938  2711.0  0.04
2939  2711.0  0.04
2940  2711.0  0.04
2941  2711.0  0.04
2942  2711.0  0.04
2943  2711.0  0.04
2944  2711.0  0.04
2945  2711.0  0.04
2946  2711.0  0.04
2947  2711.0  0.04
2948  2711.0  0.04
2949  2711.0  0.04
2950  2711.0  0.04
2951  2711.0  0.04
2952  2711.0  0.04
2953  2711.0  0.04
2954  2711.0  0.04
2955  2711.0  0.04
2956  2711.0  0.04
2957  2711.0  0.04
2958  2711.0  0.04
2959  2711.0  0.04
2960  2711.0  0.04
2961  2711.0  0.04
2962  2711.0  0.04
2963  2711.0  0.04
2964  2711.0  0.04
2965  2711.0  0.04
2966  2711.0  0.04
2967  2711.0  0.04
2968  2711.0  0.04
2969  2711.0  0.04
2970  2711.0  0.04
2971  2711.0  0.04
2972  2711.0  0.04
2973  2711.0  0.04
2974  2711.0  0.04
2975  2711.0  0.04
2976  2711.0  0.04
2977  2711.0  0.04
2978  2711.0  0.04
2979  2711.0  0.04
2980  2711.0  0.04
2981  2711.0  0.04
2982  2711.0  0.04
2983  2711.0  0.04
2984  2711.0  0.04
2985  2711.0  0.04
2986  2711.0  0.04
2987  2711.0  0.04
2988  2711.0  0.04
2989  2711.0  0.04
2990  2711.0  0.04
2991  2711.0  0.04
2992  2711.0  0.04
2993  2711.0  0.04
2994  2711.0  0.04
2995  2711.0  0.04
2996  2711.0  0.04
2997  2711.0  0.04
2998  2711.0  0.04
2999  2711.0  0.04
#[9, 9, 9, 9, 9, 9, 9, 9, 9, 9]
#[3, 5, 8, 9, 9, 9, 9, 9, 9, 9]
#[-4, 6, 9, 9, 9, 9, 9, 9, 9, 9]
#[-3, 8, 9, 9, 9, 9, 9, 9, 9, 9]
#[9, 9, 9, 9, 9, 9, 9, 9, 9, 9]
#[9, 9, 9, 9, 9, 9, 9, 9, 9, 9]
#[9, 9, 9, 9, 9, 9, 9, 9, 9, 9]
#[-2, 9, 9, 9, 9, 9, 9, 9, 9, 9]
#[-1, 9, 9, 9, 9, 9, 9, 9, 9, 9]
#Specialization index= [0, 9, 0.12345679012345678]
