#[5, 8, 9, 7, 0, 0, 0, 8, 6, 7]
#[5, 7, 9, 8, 3, 7, 8, 3, 6, 5]
#[8, 8, 9, 6, 6, 6, 2, 8, 5, 7]
#[6, 6, 9, 3, 8, 4, 8, 3, 4, 9]
#[0, 7, 4, 3, 8, 9, 6, 3, 2, 9]
#[4, 3, 1, 5, 1, 4, 3, 6, 7, 4]
#[3, 2, 3, 8, 0, 4, 7, 9, 9, 6]
#[1, 6, 4, 5, 6, 3, 1, 9, 7, 8]
#[4, 9, 3, 4, 5, 1, 5, 4, 8, 5]
0  4787.75  0.0
1  4787.75  0.0
2  4787.75  0.0
3  4787.75  0.0
4  4787.75  0.0
5  4783.43579102  0.13
6  4782.06428528  0.13
7  4781.47248483  0.13
8  5202.5  0.21
9  5202.5  0.21
10  5202.5  0.21
11  5202.5  0.21
12  5202.5  0.21
13  5202.5  0.21
14  5202.5  0.21
15  5202.5  0.21
16  5202.5  0.21
17  5202.5  0.21
18  5202.5  0.21
19  5202.5  0.21
20  5202.5  0.21
21  5202.5  0.21
22  5202.5  0.21
23  5202.5  0.21
24  5202.5  0.21
25  5202.5  0.21
26  5202.5  0.21
27  5202.5  0.21
28  5202.5  0.21
29  5202.5  0.21
30  5202.5  0.21
31  5202.5  0.21
32  5202.5  0.21
33  5202.5  0.21
34  5202.5  0.21
35  5202.5  0.21
36  5202.5  0.21
37  5202.5  0.21
38  5202.5  0.21
39  5202.5  0.21
40  5202.5  0.21
41  5202.5  0.21
42  5202.5  0.21
43  5202.5  0.21
44  5202.5  0.21
45  5202.5  0.21
46  5202.5  0.21
47  5202.5  0.21
48  5202.5  0.21
49  5202.5  0.21
50  5202.5  0.21
51  5202.5  0.21
52  5202.5  0.21
53  5202.5  0.21
54  5202.5  0.21
55  5202.5  0.21
56  5202.5  0.21
57  5202.5  0.21
58  5202.5  0.21
59  5202.5  0.21
60  5202.5  0.21
61  5202.5  0.21
62  5202.5  0.21
63  5202.5  0.21
64  5202.5  0.21
65  5202.5  0.21
66  5202.5  0.21
67  5202.5  0.21
68  5202.5  0.21
69  5202.5  0.21
70  5202.5  0.21
71  5202.5  0.21
72  5202.5  0.21
73  5202.5  0.21
74  5202.5  0.21
75  5202.5  0.21
76  5202.5  0.21
77  5202.5  0.21
78  5202.5  0.21
79  5202.5  0.21
80  5202.5  0.21
81  5202.5  0.21
82  5202.5  0.21
83  5202.5  0.21
84  5202.5  0.21
85  5202.5  0.21
86  5202.5  0.21
87  5202.5  0.21
88  5202.5  0.21
89  5202.5  0.21
90  5202.5  0.21
91  5202.5  0.21
92  5202.5  0.21
93  5202.5  0.21
94  5202.5  0.21
95  5202.5  0.21
96  5202.5  0.21
97  5202.5  0.21
98  5202.5  0.21
99  5202.5  0.21
100  5202.5  0.21
101  5202.5  0.21
102  5202.5  0.21
103  5202.5  0.21
104  5202.5  0.21
105  5202.5  0.21
106  5202.5  0.21
107  5202.5  0.21
108  5202.5  0.21
109  5202.5  0.21
110  5202.5  0.21
111  5202.5  0.21
112  5202.5  0.21
113  5202.5  0.21
114  5202.5  0.21
115  5202.5  0.21
116  5202.5  0.21
117  5202.5  0.21
118  5202.5  0.21
119  5202.5  0.21
120  5202.5  0.21
121  5202.5  0.21
122  5202.5  0.21
123  5202.5  0.21
124  5202.5  0.21
125  5202.5  0.21
126  5202.5  0.21
127  5202.5  0.21
128  5202.5  0.21
129  5202.5  0.21
130  5202.5  0.21
131  5202.5  0.21
132  5202.5  0.21
133  5202.5  0.21
134  5202.5  0.21
135  5202.5  0.21
136  5202.5  0.21
137  5202.5  0.21
138  5202.5  0.21
139  5202.5  0.21
140  5202.5  0.21
141  5202.5  0.21
142  5202.5  0.21
143  5202.5  0.21
144  5373.44140625  0.14
145  5373.62597656  0.14
146  5373.67211914  0.14
147  5373.68365479  0.14
148  5373.6865387  0.14
149  5373.68725967  0.14
150  5373.68743992  0.14
151  5373.68748498  0.14
152  5373.68749624  0.14
153  5373.68749906  0.14
154  5373.68749977  0.14
155  5373.68749994  0.14
156  5373.68749999  0.14
157  5373.6875  0.14
158  5373.6875  0.14
159  5373.6875  0.14
160  5373.6875  0.14
161  5373.6875  0.14
162  5373.6875  0.14
163  5373.6875  0.14
164  5373.6875  0.14
165  5373.6875  0.14
166  5373.6875  0.14
167  5373.6875  0.14
168  5373.6875  0.14
169  5373.6875  0.14
170  5373.6875  0.14
171  5373.6875  0.14
172  5373.6875  0.14
173  5373.6875  0.14
174  5373.6875  0.14
175  5373.6875  0.14
176  5373.6875  0.14
177  5373.6875  0.14
178  5373.6875  0.14
179  5373.6875  0.14
180  5373.6875  0.14
181  5373.6875  0.14
182  5373.6875  0.14
183  5373.6875  0.14
184  5373.6875  0.14
185  5373.6875  0.14
186  5373.6875  0.14
187  5373.6875  0.14
188  5373.6875  0.14
189  5373.6875  0.14
190  5373.6875  0.14
191  5373.6875  0.14
192  5373.6875  0.14
193  5373.6875  0.14
194  5408.0  0.2
195  5408.0  0.2
196  5408.0  0.2
197  5408.0  0.2
198  5408.0  0.2
199  5408.0  0.2
200  5408.0  0.2
201  5408.0  0.2
202  5408.0  0.2
203  5408.0  0.2
204  5408.0  0.2
205  5408.0  0.2
206  5408.0  0.2
207  5408.0  0.2
208  5408.0  0.2
209  5408.0  0.2
210  5408.0  0.2
211  5408.0  0.2
212  5408.0  0.2
213  5408.0  0.2
214  5408.0  0.2
215  5408.0  0.2
216  5408.0  0.2
217  5408.0  0.2
218  5408.0  0.2
219  5408.0  0.2
220  5408.0  0.2
221  5408.0  0.2
222  5408.0  0.2
223  5408.0  0.2
224  5408.0  0.2
225  5408.0  0.2
226  5408.0  0.2
227  5408.0  0.2
228  5408.0  0.2
229  5408.0  0.2
230  5408.0  0.2
231  5408.0  0.2
232  5408.0  0.2
233  5408.0  0.2
234  5408.0  0.2
235  5408.0  0.2
236  5408.0  0.2
237  5408.0  0.2
238  5408.0  0.2
239  5408.0  0.2
240  5408.0  0.2
241  5408.0  0.2
242  5408.0  0.2
243  5408.0  0.2
244  5408.0  0.2
245  5408.0  0.2
246  5408.0  0.2
247  5408.0  0.2
248  5408.0  0.2
249  5408.0  0.2
250  5408.0  0.2
251  5408.0  0.2
252  5408.0  0.2
253  5408.0  0.2
254  5408.0  0.2
255  5408.0  0.2
256  5408.0  0.2
257  5408.0  0.2
258  5408.0  0.2
259  5408.0  0.2
260  5408.0  0.2
261  5408.0  0.2
262  5545.13671875  0.11
263  5544.70605469  0.11
264  5544.59838867  0.11
265  5544.57147217  0.11
266  5544.56474304  0.11
267  5544.56306076  0.11
268  5544.56264019  0.11
269  5544.56253505  0.11
270  5544.56250876  0.11
271  5544.56250219  0.11
272  5544.56250055  0.11
273  5544.56250014  0.11
274  5544.56250003  0.11
275  5544.56250001  0.11
276  5544.5625  0.11
277  5544.5625  0.11
278  5544.5625  0.11
279  5544.5625  0.11
280  5544.5625  0.11
281  5544.5625  0.11
282  5544.5625  0.11
283  5544.5625  0.11
284  5544.5625  0.11
285  5544.5625  0.11
286  5544.5625  0.11
287  5544.5625  0.11
288  5544.5625  0.11
289  5544.5625  0.11
290  5544.5625  0.11
291  5544.5625  0.11
292  5544.5625  0.11
293  5544.5625  0.11
294  5544.5625  0.11
295  5544.5625  0.11
296  5544.5625  0.11
297  5544.5625  0.11
298  5544.5625  0.11
299  5544.5625  0.11
300  5544.5625  0.11
301  5544.5625  0.11
302  5544.5625  0.11
303  5544.5625  0.11
304  5544.5625  0.11
305  5544.5625  0.11
306  5544.5625  0.11
307  5544.5625  0.11
308  5544.5625  0.11
309  5544.5625  0.11
310  5544.5625  0.11
311  5544.5625  0.11
312  5544.5625  0.11
313  5544.5625  0.11
314  5544.5625  0.11
315  5544.5625  0.11
316  5544.5625  0.11
317  5544.5625  0.11
318  5544.5625  0.11
319  5544.5625  0.11
320  5544.5625  0.11
321  5544.5625  0.11
322  5544.5625  0.11
323  5544.5625  0.11
324  5544.5625  0.11
325  5544.5625  0.11
326  5544.5625  0.11
327  5544.5625  0.11
328  5544.5625  0.11
329  5544.5625  0.11
330  5544.5625  0.11
331  5544.5625  0.11
332  5544.5625  0.11
333  5544.5625  0.11
334  5544.5625  0.11
335  5544.5625  0.11
336  5544.5625  0.11
337  5544.5625  0.11
338  5544.5625  0.11
339  5544.5625  0.11
340  5544.5625  0.11
341  5544.5625  0.11
342  5544.5625  0.11
343  5544.5625  0.11
344  5544.5625  0.11
345  5544.5625  0.11
346  5544.5625  0.11
347  5544.5625  0.11
348  5544.5625  0.11
349  5544.5625  0.11
350  5544.5625  0.11
351  5544.5625  0.11
352  5544.5625  0.11
353  5544.5625  0.11
354  5544.5625  0.11
355  5544.5625  0.11
356  5544.5625  0.11
357  5544.5625  0.11
358  5544.5625  0.11
359  5544.5625  0.11
360  5544.5625  0.11
361  5544.5625  0.11
362  5544.5625  0.11
363  5544.5625  0.11
364  5544.5625  0.11
365  5544.5625  0.11
366  5544.5625  0.11
367  5544.5625  0.11
368  5544.5625  0.11
369  5544.5625  0.11
370  5544.5625  0.11
371  5544.5625  0.11
372  5544.5625  0.11
373  5544.5625  0.11
374  5544.5625  0.11
375  5544.5625  0.11
376  5544.5625  0.11
377  5544.5625  0.11
378  5544.5625  0.11
379  5544.5625  0.11
380  5544.5625  0.11
381  5544.5625  0.11
382  5544.5625  0.11
383  5544.5625  0.11
384  5544.5625  0.11
385  5544.5625  0.11
386  5544.5625  0.11
387  5544.5625  0.11
388  5544.5625  0.11
389  5544.5625  0.11
390  5544.5625  0.11
391  5544.5625  0.11
392  5544.5625  0.11
393  5544.5625  0.11
394  5544.5625  0.11
395  5544.5625  0.11
396  5544.5625  0.11
397  5544.5625  0.11
398  5544.5625  0.11
399  5544.5625  0.11
400  5544.5625  0.11
401  5544.5625  0.11
402  5544.5625  0.11
403  5544.5625  0.11
404  5544.5625  0.11
405  5544.5625  0.11
406  5544.5625  0.11
407  5544.5625  0.11
408  5544.5625  0.11
409  5544.5625  0.11
410  5544.5625  0.11
411  5544.5625  0.11
412  5544.5625  0.11
413  5544.5625  0.11
414  5544.5625  0.11
415  5544.5625  0.11
416  5544.5625  0.11
417  5672.64111328  0.14
418  5672.51779175  0.14
419  5672.44406319  0.14
420  5672.40686309  0.14
421  5672.38935209  0.14
422  5672.38138204  0.14
423  5672.37781789  0.14
424  5672.37623926  0.14
425  5672.37554379  0.14
426  5672.37523831  0.14
427  5672.37510436  0.14
428  5672.37504568  0.14
429  5672.37501999  0.14
430  5672.37500875  0.14
431  5672.37500383  0.14
432  5672.37500167  0.14
433  5672.37500073  0.14
434  5672.37500032  0.14
435  5672.37500014  0.14
436  5672.37500006  0.14
437  5672.37500003  0.14
438  5672.37500001  0.14
439  5672.37500001  0.14
440  5672.375  0.14
441  5672.375  0.14
442  5672.375  0.14
443  5672.375  0.14
444  5672.375  0.14
445  5672.375  0.14
446  5672.375  0.14
447  5672.375  0.14
448  5672.375  0.14
449  5672.375  0.14
450  5672.375  0.14
451  5672.375  0.14
452  5672.375  0.14
453  5672.375  0.14
454  5672.375  0.14
455  5672.375  0.14
456  5672.375  0.14
457  5672.375  0.14
458  5672.375  0.14
459  5672.375  0.14
460  5672.375  0.14
461  5672.375  0.14
462  5672.375  0.14
463  5672.375  0.14
464  5672.375  0.14
465  5672.375  0.14
466  5672.375  0.14
467  5672.375  0.14
468  5672.375  0.14
469  5672.375  0.14
470  5672.375  0.14
471  5672.375  0.14
472  5672.375  0.14
473  5672.375  0.14
474  5672.375  0.14
475  5672.375  0.14
476  5672.375  0.14
477  5672.375  0.14
478  5672.375  0.14
479  5672.375  0.14
480  5672.375  0.14
481  5672.375  0.14
482  5672.375  0.14
483  5672.375  0.14
484  5672.375  0.14
485  5672.375  0.14
486  5672.375  0.14
487  5672.375  0.14
488  5672.375  0.14
489  5672.375  0.14
490  5672.375  0.14
491  5672.375  0.14
492  5672.375  0.14
493  5672.375  0.14
494  5672.375  0.14
495  5672.375  0.14
496  5672.375  0.14
497  5672.375  0.14
498  5672.375  0.14
499  5672.375  0.14
500  5672.375  0.14
501  5672.375  0.14
502  5672.375  0.14
503  5672.375  0.14
504  5672.375  0.14
505  5672.375  0.14
506  5672.375  0.14
507  5672.375  0.14
508  5672.375  0.14
509  5672.375  0.14
510  5672.375  0.14
511  5672.375  0.14
512  5672.375  0.14
513  5672.375  0.14
514  5672.375  0.14
515  5672.375  0.14
516  5672.375  0.14
517  5672.375  0.14
518  5672.375  0.14
519  5672.375  0.14
520  5672.375  0.14
521  5672.375  0.14
522  5672.375  0.14
523  5672.375  0.14
524  5672.375  0.14
525  5672.375  0.14
526  5672.375  0.14
527  5672.375  0.14
528  5672.375  0.14
529  5672.375  0.14
530  5672.375  0.14
531  5672.375  0.14
532  5672.375  0.14
533  5672.375  0.14
534  5672.375  0.14
535  5672.375  0.14
536  5672.375  0.14
537  5672.375  0.14
538  5672.375  0.14
539  5672.375  0.14
540  5672.375  0.14
541  5672.375  0.14
542  5672.375  0.14
543  5672.375  0.14
544  5672.375  0.14
545  5672.375  0.14
546  5672.375  0.14
547  5672.375  0.14
548  5672.375  0.14
549  5672.375  0.14
550  5672.375  0.14
551  5672.375  0.14
552  5672.375  0.14
553  5672.375  0.14
554  5672.375  0.14
555  5672.375  0.14
556  5672.375  0.14
557  5672.375  0.14
558  5672.375  0.14
559  5672.375  0.14
560  5672.375  0.14
561  5672.375  0.14
562  5672.375  0.14
563  5672.375  0.14
564  5672.375  0.14
565  5672.375  0.14
566  5672.375  0.14
567  5672.375  0.14
568  5672.375  0.14
569  5672.375  0.14
570  5672.375  0.14
571  5672.375  0.14
572  5672.375  0.14
573  5672.375  0.14
574  5672.375  0.14
575  5672.375  0.14
576  5672.375  0.14
577  5672.375  0.14
578  5672.375  0.14
579  5672.375  0.14
580  5672.375  0.14
581  5672.375  0.14
582  5672.375  0.14
583  5672.375  0.14
584  5672.375  0.14
585  5672.375  0.14
586  5672.375  0.14
587  5672.375  0.14
588  5672.375  0.14
589  5672.375  0.14
590  5672.375  0.14
591  5672.375  0.14
592  5672.375  0.14
593  5672.375  0.14
594  5672.375  0.14
595  5672.375  0.14
596  5672.375  0.14
597  5672.375  0.14
598  5672.375  0.14
599  5672.375  0.14
600  5672.375  0.14
601  5672.375  0.14
602  5672.375  0.14
603  5672.375  0.14
604  5672.375  0.14
605  5672.375  0.14
606  5672.375  0.14
607  5672.375  0.14
608  5672.375  0.14
609  5672.375  0.14
610  5672.375  0.14
611  5672.375  0.14
612  5672.375  0.14
613  5672.375  0.14
614  5672.375  0.14
615  5672.375  0.14
616  5672.375  0.14
617  5672.375  0.14
618  5672.375  0.14
619  5672.375  0.14
620  5672.375  0.14
621  5672.375  0.14
622  5672.375  0.14
623  5672.375  0.14
624  5672.375  0.14
625  5672.375  0.14
626  5672.375  0.14
627  5672.375  0.14
628  5672.375  0.14
629  5672.375  0.14
630  5672.375  0.14
631  5672.375  0.14
632  5672.375  0.14
633  5672.375  0.14
634  5672.375  0.14
635  5672.375  0.14
636  5672.375  0.14
637  5672.375  0.14
638  5672.375  0.14
639  5672.375  0.14
640  5672.375  0.14
641  5672.375  0.14
642  5672.375  0.14
643  5672.375  0.14
644  5672.375  0.14
645  5672.375  0.14
646  5672.375  0.14
647  5672.375  0.14
648  5672.375  0.14
649  5672.375  0.14
650  5672.375  0.14
651  5672.375  0.14
652  5672.375  0.14
653  5672.375  0.14
654  5672.375  0.14
655  5672.375  0.14
656  5672.375  0.14
657  5672.375  0.14
658  5672.375  0.14
659  5672.375  0.14
660  5672.375  0.14
661  5672.375  0.14
662  5672.375  0.14
663  5672.375  0.14
664  5672.375  0.14
665  5672.375  0.14
666  5672.375  0.14
667  5672.375  0.14
668  5672.375  0.14
669  5672.375  0.14
670  5672.375  0.14
671  5672.375  0.14
672  5672.375  0.14
673  5672.375  0.14
674  5672.375  0.14
675  5672.375  0.14
676  5672.375  0.14
677  5672.375  0.14
678  5672.375  0.14
679  5672.375  0.14
680  5672.375  0.14
681  5672.375  0.14
682  5672.375  0.14
683  5672.375  0.14
684  5672.375  0.14
685  5672.375  0.14
686  5672.375  0.14
687  5672.375  0.14
688  5672.375  0.14
689  5672.375  0.14
690  5672.375  0.14
691  5672.375  0.14
692  5672.375  0.14
693  5672.375  0.14
694  5672.375  0.14
695  5672.375  0.14
696  5672.375  0.14
697  5672.375  0.14
698  5672.375  0.14
699  5672.375  0.14
700  5672.375  0.14
701  5672.375  0.14
702  5672.375  0.14
703  5672.375  0.14
704  5672.375  0.14
705  5672.375  0.14
706  5672.375  0.14
707  5672.375  0.14
708  5672.375  0.14
709  5672.375  0.14
710  5672.375  0.14
711  5672.375  0.14
712  5672.375  0.14
713  5672.375  0.14
714  5672.375  0.14
715  5672.375  0.14
716  5672.375  0.14
717  5672.375  0.14
718  5672.375  0.14
719  5672.375  0.14
720  5672.375  0.14
721  5672.375  0.14
722  5672.375  0.14
723  5672.375  0.14
724  5672.375  0.14
725  5672.375  0.14
726  5672.375  0.14
727  5672.375  0.14
728  5672.375  0.14
729  5672.375  0.14
730  5672.375  0.14
731  5672.375  0.14
732  5672.375  0.14
733  5672.375  0.14
734  5672.375  0.14
735  5672.375  0.14
736  5672.375  0.14
737  5672.375  0.14
738  5672.375  0.14
739  5672.375  0.14
740  5672.375  0.14
741  5672.375  0.14
742  5672.375  0.14
743  5672.375  0.14
744  5672.375  0.14
745  5672.375  0.14
746  5672.375  0.14
747  5672.375  0.14
748  5672.375  0.14
749  5672.375  0.14
750  5672.375  0.14
751  5672.375  0.14
752  5672.375  0.14
753  5672.375  0.14
754  5672.375  0.14
755  5672.375  0.14
756  5672.375  0.14
757  5672.375  0.14
758  5672.375  0.14
759  5672.375  0.14
760  5672.375  0.14
761  5672.375  0.14
762  5672.375  0.14
763  5672.375  0.14
764  5672.375  0.14
765  5672.375  0.14
766  5672.375  0.14
767  5672.375  0.14
768  5672.375  0.14
769  5672.375  0.14
770  5672.375  0.14
771  5672.375  0.14
772  5672.375  0.14
773  5672.375  0.14
774  5672.375  0.14
775  5672.375  0.14
776  5672.375  0.14
777  5672.375  0.14
778  5672.375  0.14
779  5672.375  0.14
780  5672.375  0.14
781  5672.375  0.14
782  5672.375  0.14
783  5672.375  0.14
784  5672.375  0.14
785  5672.375  0.14
786  5672.375  0.14
787  5672.375  0.14
788  5672.375  0.14
789  5672.375  0.14
790  5672.375  0.14
791  5672.375  0.14
792  5672.375  0.14
793  5672.375  0.14
794  5672.375  0.14
795  5672.375  0.14
796  5672.375  0.14
797  5672.375  0.14
798  5672.375  0.14
799  5672.375  0.14
800  5672.375  0.14
801  5672.375  0.14
802  5672.375  0.14
803  5672.375  0.14
804  5672.375  0.14
805  5672.375  0.14
806  5672.375  0.14
807  5672.375  0.14
808  5672.375  0.14
809  5672.375  0.14
810  5672.375  0.14
811  5672.375  0.14
812  5672.375  0.14
813  5672.375  0.14
814  5672.375  0.14
815  5672.375  0.14
816  5672.375  0.14
817  5672.375  0.14
818  5672.375  0.14
819  5672.375  0.14
820  5672.375  0.14
821  5672.375  0.14
822  5672.375  0.14
823  5672.375  0.14
824  5672.375  0.14
825  5672.375  0.14
826  5672.375  0.14
827  5672.375  0.14
828  5672.375  0.14
829  5672.375  0.14
830  5672.375  0.14
831  5672.375  0.14
832  5672.375  0.14
833  5672.375  0.14
834  5672.375  0.14
835  5672.375  0.14
836  5672.375  0.14
837  5672.375  0.14
838  5672.375  0.14
839  5672.375  0.14
840  5672.375  0.14
841  5672.375  0.14
842  5672.375  0.14
843  5672.375  0.14
844  5672.375  0.14
845  5672.375  0.14
846  5672.375  0.14
847  5672.375  0.14
848  5672.375  0.14
849  5672.375  0.14
850  5672.375  0.14
851  5672.375  0.14
852  5672.375  0.14
853  5672.375  0.14
854  5672.375  0.14
855  5672.375  0.14
856  5672.375  0.14
857  5672.375  0.14
858  5672.375  0.14
859  5672.375  0.14
860  5672.375  0.14
861  5672.375  0.14
862  5672.375  0.14
863  5672.375  0.14
864  5672.375  0.14
865  5672.375  0.14
866  5672.375  0.14
867  5672.375  0.14
868  5672.375  0.14
869  5672.375  0.14
870  5672.375  0.14
871  5672.375  0.14
872  5672.375  0.14
873  5672.375  0.14
874  5672.375  0.14
875  5672.375  0.14
876  5672.375  0.14
877  5672.375  0.14
878  5672.375  0.14
879  5672.375  0.14
880  5672.375  0.14
881  5672.375  0.14
882  5672.375  0.14
883  5672.375  0.14
884  5672.375  0.14
885  5672.375  0.14
886  5672.375  0.14
887  5672.375  0.14
888  5672.375  0.14
889  5672.375  0.14
890  5672.375  0.14
891  5672.375  0.14
892  5672.375  0.14
893  5672.375  0.14
894  5672.375  0.14
895  5672.375  0.14
896  5672.375  0.14
897  5672.375  0.14
898  5672.375  0.14
899  5672.375  0.14
900  5672.375  0.14
901  5672.375  0.14
902  5672.375  0.14
903  5672.375  0.14
904  5672.375  0.14
905  5672.375  0.14
906  5672.375  0.14
907  5672.375  0.14
908  5672.375  0.14
909  5672.375  0.14
910  5672.375  0.14
911  5672.375  0.14
912  5672.375  0.14
913  5672.375  0.14
914  5672.375  0.14
915  5672.375  0.14
916  5672.375  0.14
917  5672.375  0.14
918  5672.375  0.14
919  5672.375  0.14
920  5672.375  0.14
921  5672.375  0.14
922  5672.375  0.14
923  5672.375  0.14
924  5672.375  0.14
925  5672.375  0.14
926  5672.375  0.14
927  5672.375  0.14
928  5672.375  0.14
929  5672.375  0.14
930  5672.375  0.14
931  5672.375  0.14
932  5672.375  0.14
933  5672.375  0.14
934  5672.375  0.14
935  5672.375  0.14
936  5672.375  0.14
937  5672.375  0.14
938  5672.375  0.14
939  5672.375  0.14
940  5672.375  0.14
941  5672.375  0.14
942  5672.375  0.14
943  5672.375  0.14
944  5672.375  0.14
945  5672.375  0.14
946  5672.375  0.14
947  5672.375  0.14
948  5672.375  0.14
949  5672.375  0.14
950  5672.375  0.14
951  5672.375  0.14
952  5672.375  0.14
953  5672.375  0.14
954  5588.3125  0.14
955  5588.3125  0.14
956  5588.3125  0.14
957  5588.3125  0.14
958  5588.3125  0.14
959  5588.3125  0.14
960  5588.3125  0.14
961  5588.3125  0.14
962  5588.3125  0.14
963  5588.3125  0.14
964  5588.3125  0.14
965  5588.3125  0.14
966  5588.3125  0.14
967  5588.3125  0.14
968  5588.3125  0.14
969  5588.3125  0.14
970  5588.3125  0.14
971  5588.3125  0.14
972  5588.3125  0.14
973  5588.3125  0.14
974  5588.3125  0.14
975  5588.3125  0.14
976  5588.3125  0.14
977  5588.3125  0.14
978  5588.3125  0.14
979  5588.3125  0.14
980  5588.3125  0.14
981  5588.3125  0.14
982  5588.3125  0.14
983  5588.3125  0.14
984  5588.3125  0.14
985  5588.3125  0.14
986  5588.3125  0.14
987  5588.3125  0.14
988  5588.3125  0.14
989  5588.3125  0.14
990  5588.3125  0.14
991  5588.3125  0.14
992  5588.3125  0.14
993  5588.3125  0.14
994  5588.3125  0.14
995  5588.3125  0.14
996  5588.3125  0.14
997  5588.3125  0.14
998  5588.3125  0.14
999  5588.3125  0.14
1000  5588.3125  0.14
1001  5588.3125  0.14
1002  5588.3125  0.14
1003  5588.3125  0.14
1004  5588.3125  0.14
1005  5588.3125  0.14
1006  5588.3125  0.14
1007  5588.3125  0.14
1008  5588.3125  0.14
1009  5588.3125  0.14
1010  5588.3125  0.14
1011  5588.3125  0.14
1012  5588.3125  0.14
1013  5588.3125  0.14
1014  5588.3125  0.14
1015  5588.3125  0.14
1016  5588.3125  0.14
1017  5588.3125  0.14
1018  5588.3125  0.14
1019  5588.3125  0.14
1020  5588.3125  0.14
1021  5588.3125  0.14
1022  5588.3125  0.14
1023  5588.3125  0.14
1024  5588.3125  0.14
1025  5588.3125  0.14
1026  5588.3125  0.14
1027  5588.3125  0.14
1028  5588.3125  0.14
1029  5588.3125  0.14
1030  5588.3125  0.14
1031  5588.3125  0.14
1032  5588.3125  0.14
1033  5588.3125  0.14
1034  5588.3125  0.14
1035  5588.3125  0.14
1036  5588.3125  0.14
1037  5588.3125  0.14
1038  5588.3125  0.14
1039  5588.3125  0.14
1040  5588.3125  0.14
1041  5588.3125  0.14
1042  5588.3125  0.14
1043  5588.3125  0.14
1044  5588.3125  0.14
1045  5588.3125  0.14
1046  5588.3125  0.14
1047  5588.3125  0.14
1048  5588.3125  0.14
1049  5588.3125  0.14
1050  5588.3125  0.14
1051  5588.3125  0.14
1052  5588.3125  0.14
1053  5588.3125  0.14
1054  5588.3125  0.14
1055  5588.3125  0.14
1056  5588.3125  0.14
1057  5588.3125  0.14
1058  5588.3125  0.14
1059  5588.3125  0.14
1060  5588.3125  0.14
1061  5588.3125  0.14
1062  5588.3125  0.14
1063  5588.3125  0.14
1064  5588.3125  0.14
1065  5588.3125  0.14
1066  5588.3125  0.14
1067  5588.3125  0.14
1068  5588.3125  0.14
1069  5588.3125  0.14
1070  5588.3125  0.14
1071  5588.3125  0.14
1072  5588.3125  0.14
1073  5588.3125  0.14
1074  5588.3125  0.14
1075  5588.3125  0.14
1076  5588.3125  0.14
1077  5588.3125  0.14
1078  5588.3125  0.14
1079  5588.3125  0.14
1080  5588.3125  0.14
1081  5588.3125  0.14
1082  5588.3125  0.14
1083  5588.3125  0.14
1084  5588.3125  0.14
1085  5588.3125  0.14
1086  5588.3125  0.14
1087  5588.3125  0.14
1088  5588.3125  0.14
1089  5588.3125  0.14
1090  5588.3125  0.14
1091  5588.3125  0.14
1092  5588.3125  0.14
1093  5588.3125  0.14
1094  5588.3125  0.14
1095  5588.3125  0.14
1096  5588.3125  0.14
1097  5588.3125  0.14
1098  5588.3125  0.14
1099  5588.3125  0.14
1100  5588.3125  0.14
1101  5588.3125  0.14
1102  5588.3125  0.14
1103  5588.3125  0.14
1104  5588.3125  0.14
1105  5588.3125  0.14
1106  5588.3125  0.14
1107  5588.3125  0.14
1108  5588.3125  0.14
1109  5588.3125  0.14
1110  5588.3125  0.14
1111  5588.3125  0.14
1112  5588.3125  0.14
1113  5588.3125  0.14
1114  5588.3125  0.14
1115  5588.3125  0.14
1116  5588.3125  0.14
1117  5588.3125  0.14
1118  5588.3125  0.14
1119  5588.3125  0.14
1120  5588.3125  0.14
1121  5588.3125  0.14
1122  5588.3125  0.14
1123  5588.3125  0.14
1124  5588.3125  0.14
1125  5588.3125  0.14
1126  5588.3125  0.14
1127  5588.3125  0.14
1128  5588.3125  0.14
1129  5588.3125  0.14
1130  5588.3125  0.14
1131  5588.3125  0.14
1132  5588.3125  0.14
1133  5588.3125  0.14
1134  5588.3125  0.14
1135  5588.3125  0.14
1136  5588.3125  0.14
1137  5588.3125  0.14
1138  5588.3125  0.14
1139  5588.3125  0.14
1140  5588.3125  0.14
1141  5588.3125  0.14
1142  5588.3125  0.14
1143  5588.3125  0.14
1144  5588.3125  0.14
1145  5588.3125  0.14
1146  5588.3125  0.14
1147  5588.3125  0.14
1148  5588.3125  0.14
1149  5588.3125  0.14
1150  5588.3125  0.14
1151  5588.3125  0.14
1152  5588.3125  0.14
1153  5588.3125  0.14
1154  5588.3125  0.14
1155  5588.3125  0.14
1156  5588.3125  0.14
1157  5588.3125  0.14
1158  5588.3125  0.14
1159  5588.3125  0.14
1160  5588.3125  0.14
1161  5588.3125  0.14
1162  5588.3125  0.14
1163  5588.3125  0.14
1164  5588.3125  0.14
1165  5588.3125  0.14
1166  5588.3125  0.14
1167  5588.3125  0.14
1168  5588.3125  0.14
1169  5588.3125  0.14
1170  5588.3125  0.14
1171  5588.3125  0.14
1172  5588.3125  0.14
1173  5588.3125  0.14
1174  5588.3125  0.14
1175  5588.3125  0.14
1176  5588.3125  0.14
1177  5588.3125  0.14
1178  5588.3125  0.14
1179  5588.3125  0.14
1180  5588.3125  0.14
1181  5588.3125  0.14
1182  5588.3125  0.14
1183  5588.3125  0.14
1184  5588.3125  0.14
1185  5588.3125  0.14
1186  5588.3125  0.14
1187  5588.3125  0.14
1188  5588.3125  0.14
1189  5588.3125  0.14
1190  5588.3125  0.14
1191  5588.3125  0.14
1192  5588.3125  0.14
1193  5588.3125  0.14
1194  5588.3125  0.14
1195  5588.3125  0.14
1196  5588.3125  0.14
1197  5588.3125  0.14
1198  5588.3125  0.14
1199  5588.3125  0.14
1200  5588.3125  0.14
1201  5588.3125  0.14
1202  5588.3125  0.14
1203  5588.3125  0.14
1204  5588.3125  0.14
1205  5588.3125  0.14
1206  5588.3125  0.14
1207  5588.3125  0.14
1208  5588.3125  0.14
1209  5588.3125  0.14
1210  5588.3125  0.14
1211  5588.3125  0.14
1212  5588.3125  0.14
1213  5588.3125  0.14
1214  5588.3125  0.14
1215  5588.3125  0.14
1216  5588.3125  0.14
1217  5588.3125  0.14
1218  5588.3125  0.14
1219  5588.3125  0.14
1220  5588.3125  0.14
1221  5588.3125  0.14
1222  5588.3125  0.14
1223  5588.3125  0.14
1224  5588.3125  0.14
1225  5588.3125  0.14
1226  5588.3125  0.14
1227  5588.3125  0.14
1228  5588.3125  0.14
1229  5588.3125  0.14
1230  5588.3125  0.14
1231  5588.3125  0.14
1232  5588.3125  0.14
1233  5588.3125  0.14
1234  5588.3125  0.14
1235  5588.3125  0.14
1236  5588.3125  0.14
1237  5588.3125  0.14
1238  5588.3125  0.14
1239  5588.3125  0.14
1240  5588.3125  0.14
1241  5588.3125  0.14
1242  5588.3125  0.14
1243  5588.3125  0.14
1244  5588.3125  0.14
1245  5588.3125  0.14
1246  5588.3125  0.14
1247  5588.3125  0.14
1248  5588.3125  0.14
1249  5588.3125  0.14
1250  5588.3125  0.14
1251  5588.3125  0.14
1252  5588.3125  0.14
1253  5588.3125  0.14
1254  5588.3125  0.14
1255  5588.3125  0.14
1256  5588.3125  0.14
1257  5588.3125  0.14
1258  5588.3125  0.14
1259  5588.3125  0.14
1260  5588.3125  0.14
1261  5588.3125  0.14
1262  5588.3125  0.14
1263  5588.3125  0.14
1264  5588.3125  0.14
1265  5588.3125  0.14
1266  5588.3125  0.14
1267  5588.3125  0.14
1268  5588.3125  0.14
1269  5588.3125  0.14
1270  5588.3125  0.14
1271  5588.3125  0.14
1272  5588.3125  0.14
1273  5588.3125  0.14
1274  5588.3125  0.14
1275  5588.3125  0.14
1276  5588.3125  0.14
1277  5588.3125  0.14
1278  5588.3125  0.14
1279  5588.3125  0.14
1280  5588.3125  0.14
1281  5588.3125  0.14
1282  5588.3125  0.14
1283  5588.3125  0.14
1284  5588.3125  0.14
1285  5588.3125  0.14
1286  5588.3125  0.14
1287  5588.3125  0.14
1288  5588.3125  0.14
1289  5588.3125  0.14
1290  5588.3125  0.14
1291  5588.3125  0.14
1292  5588.3125  0.14
1293  5588.3125  0.14
1294  5588.3125  0.14
1295  5588.3125  0.14
1296  5588.3125  0.14
1297  5588.3125  0.14
1298  5588.3125  0.14
1299  5588.3125  0.14
1300  5588.3125  0.14
1301  5588.3125  0.14
1302  5588.3125  0.14
1303  5588.3125  0.14
1304  5588.3125  0.14
1305  5588.3125  0.14
1306  5588.3125  0.14
1307  5588.3125  0.14
1308  5588.3125  0.14
1309  5588.3125  0.14
1310  5588.3125  0.14
1311  5588.3125  0.14
1312  5588.3125  0.14
1313  5588.3125  0.14
1314  5588.3125  0.14
1315  5588.3125  0.14
1316  5588.3125  0.14
1317  5588.3125  0.14
1318  5588.3125  0.14
1319  5588.3125  0.14
1320  5588.3125  0.14
1321  5588.3125  0.14
1322  5588.3125  0.14
1323  5588.3125  0.14
1324  5588.3125  0.14
1325  5588.3125  0.14
1326  5588.3125  0.14
1327  5588.3125  0.14
1328  5588.3125  0.14
1329  5588.3125  0.14
1330  5588.3125  0.14
1331  5588.3125  0.14
1332  5588.3125  0.14
1333  5588.3125  0.14
1334  5588.3125  0.14
1335  5588.3125  0.14
1336  5588.3125  0.14
1337  5588.3125  0.14
1338  5588.3125  0.14
1339  5588.3125  0.14
1340  5588.3125  0.14
1341  5588.3125  0.14
1342  5588.3125  0.14
1343  5588.3125  0.14
1344  5588.3125  0.14
1345  5588.3125  0.14
1346  5588.3125  0.14
1347  5588.3125  0.14
1348  5588.3125  0.14
1349  5588.3125  0.14
1350  5588.3125  0.14
1351  5588.3125  0.14
1352  5588.3125  0.14
1353  5588.3125  0.14
1354  5588.3125  0.14
1355  5588.3125  0.14
1356  5588.3125  0.14
1357  5588.3125  0.14
1358  5588.3125  0.14
1359  5588.3125  0.14
1360  5588.3125  0.14
1361  5588.3125  0.14
1362  5588.3125  0.14
1363  5588.3125  0.14
1364  5588.3125  0.14
1365  5588.3125  0.14
1366  5588.3125  0.14
1367  5588.3125  0.14
1368  5588.3125  0.14
1369  5588.3125  0.14
1370  5588.3125  0.14
1371  5588.3125  0.14
1372  5588.3125  0.14
1373  5588.3125  0.14
1374  5588.3125  0.14
1375  5588.3125  0.14
1376  5588.3125  0.14
1377  5588.3125  0.14
1378  5588.3125  0.14
1379  5588.3125  0.14
1380  5588.3125  0.14
1381  5588.3125  0.14
1382  5588.3125  0.14
1383  5588.3125  0.14
1384  5588.3125  0.14
1385  5588.3125  0.14
1386  5588.3125  0.14
1387  5588.3125  0.14
1388  5588.3125  0.14
1389  5588.3125  0.14
1390  5588.3125  0.14
1391  5588.3125  0.14
1392  5588.3125  0.14
1393  5588.3125  0.14
1394  5588.3125  0.14
1395  5588.3125  0.14
1396  5588.3125  0.14
1397  5588.3125  0.14
1398  5588.3125  0.14
1399  5588.3125  0.14
1400  5588.3125  0.14
1401  5588.3125  0.14
1402  5588.3125  0.14
1403  5588.3125  0.14
1404  5588.3125  0.14
1405  5588.3125  0.14
1406  5588.3125  0.14
1407  5588.3125  0.14
1408  5588.3125  0.14
1409  5588.3125  0.14
1410  5588.3125  0.14
1411  5588.3125  0.14
1412  5588.3125  0.14
1413  5588.3125  0.14
1414  5588.3125  0.14
1415  5588.3125  0.14
1416  5588.3125  0.14
1417  5588.3125  0.14
1418  5588.3125  0.14
1419  5588.3125  0.14
1420  5588.3125  0.14
1421  5588.3125  0.14
1422  5588.3125  0.14
1423  5588.3125  0.14
1424  5588.3125  0.14
1425  5588.3125  0.14
1426  5588.3125  0.14
1427  5588.3125  0.14
1428  5588.3125  0.14
1429  5588.3125  0.14
1430  5588.3125  0.14
1431  5588.3125  0.14
1432  5588.3125  0.14
1433  5588.3125  0.14
1434  5588.3125  0.14
1435  5588.3125  0.14
1436  5588.3125  0.14
1437  5588.3125  0.14
1438  5588.3125  0.14
1439  5588.3125  0.14
1440  5588.3125  0.14
1441  5588.3125  0.14
1442  5588.3125  0.14
1443  5588.3125  0.14
1444  5588.3125  0.14
1445  5588.3125  0.14
1446  5588.3125  0.14
1447  5588.3125  0.14
1448  5588.3125  0.14
1449  5588.3125  0.14
1450  5588.3125  0.14
1451  5588.3125  0.14
1452  5588.3125  0.14
1453  5588.3125  0.14
1454  5588.3125  0.14
1455  5588.3125  0.14
1456  5588.3125  0.14
1457  5588.3125  0.14
1458  5588.3125  0.14
1459  5588.3125  0.14
1460  5588.3125  0.14
1461  5588.3125  0.14
1462  5588.3125  0.14
1463  5588.3125  0.14
1464  5588.3125  0.14
1465  5588.3125  0.14
1466  5588.3125  0.14
1467  5588.3125  0.14
1468  5588.3125  0.14
1469  5588.3125  0.14
1470  5588.3125  0.14
1471  5588.3125  0.14
1472  5588.3125  0.14
1473  5588.3125  0.14
1474  5588.3125  0.14
1475  5588.3125  0.14
1476  5588.3125  0.14
1477  5588.3125  0.14
1478  5588.3125  0.14
1479  5588.3125  0.14
1480  5588.3125  0.14
1481  5588.3125  0.14
1482  5588.3125  0.14
1483  5588.3125  0.14
1484  5588.3125  0.14
1485  5588.3125  0.14
1486  5588.3125  0.14
1487  5588.3125  0.14
1488  5588.3125  0.14
1489  5588.3125  0.14
1490  5588.3125  0.14
1491  5588.3125  0.14
1492  5588.3125  0.14
1493  5588.3125  0.14
1494  5588.3125  0.14
1495  5588.3125  0.14
1496  5588.3125  0.14
1497  5588.3125  0.14
1498  5588.3125  0.14
1499  5588.3125  0.14
1500  5588.3125  0.14
1501  5588.3125  0.14
1502  5588.3125  0.14
1503  5588.3125  0.14
1504  5588.3125  0.14
1505  5588.3125  0.14
1506  5588.3125  0.14
1507  5588.3125  0.14
1508  5588.3125  0.14
1509  5588.3125  0.14
1510  5588.3125  0.14
1511  5588.3125  0.14
1512  5588.3125  0.14
1513  5588.3125  0.14
1514  5588.3125  0.14
1515  5588.3125  0.14
1516  5588.3125  0.14
1517  5588.3125  0.14
1518  5588.3125  0.14
1519  5588.3125  0.14
1520  5588.3125  0.14
1521  5588.3125  0.14
1522  5588.3125  0.14
1523  5588.3125  0.14
1524  5588.3125  0.14
1525  5588.3125  0.14
1526  5588.3125  0.14
1527  5588.3125  0.14
1528  5588.3125  0.14
1529  5588.3125  0.14
1530  5588.3125  0.14
1531  5588.3125  0.14
1532  5588.3125  0.14
1533  5588.3125  0.14
1534  5588.3125  0.14
1535  5588.3125  0.14
1536  5588.3125  0.14
1537  5588.3125  0.14
1538  5588.3125  0.14
1539  5588.3125  0.14
1540  5588.3125  0.14
1541  5588.3125  0.14
1542  5588.3125  0.14
1543  5588.3125  0.14
1544  5588.3125  0.14
1545  5588.3125  0.14
1546  5588.3125  0.14
1547  5588.3125  0.14
1548  5588.3125  0.14
1549  5588.3125  0.14
1550  5588.3125  0.14
1551  5588.3125  0.14
1552  5588.3125  0.14
1553  5588.3125  0.14
1554  5588.3125  0.14
1555  5588.3125  0.14
1556  5588.3125  0.14
1557  5588.3125  0.14
1558  5588.3125  0.14
1559  5588.3125  0.14
1560  5588.3125  0.14
1561  5588.3125  0.14
1562  5588.3125  0.14
1563  5588.3125  0.14
1564  5588.3125  0.14
1565  5588.3125  0.14
1566  5588.3125  0.14
1567  5588.3125  0.14
1568  5588.3125  0.14
1569  5588.3125  0.14
1570  5588.3125  0.14
1571  5588.3125  0.14
1572  5588.3125  0.14
1573  5588.3125  0.14
1574  5588.3125  0.14
1575  5588.3125  0.14
1576  5588.3125  0.14
1577  5588.3125  0.14
1578  5588.3125  0.14
1579  5588.3125  0.14
1580  5588.3125  0.14
1581  5588.3125  0.14
1582  5588.3125  0.14
1583  5588.3125  0.14
1584  5588.3125  0.14
1585  5588.3125  0.14
1586  5588.3125  0.14
1587  5588.3125  0.14
1588  5588.3125  0.14
1589  5588.3125  0.14
1590  5588.3125  0.14
1591  5588.3125  0.14
1592  5588.3125  0.14
1593  5588.3125  0.14
1594  5588.3125  0.14
1595  5588.3125  0.14
1596  5588.3125  0.14
1597  5588.3125  0.14
1598  5588.3125  0.14
1599  5588.3125  0.14
1600  5588.3125  0.14
1601  5588.3125  0.14
1602  5588.3125  0.14
1603  5588.3125  0.14
1604  5588.3125  0.14
1605  5588.3125  0.14
1606  5588.3125  0.14
1607  5588.3125  0.14
1608  5588.3125  0.14
1609  5588.3125  0.14
1610  5588.3125  0.14
1611  5588.3125  0.14
1612  5588.3125  0.14
1613  5588.3125  0.14
1614  5588.3125  0.14
1615  5588.3125  0.14
1616  5588.3125  0.14
1617  5588.3125  0.14
1618  5588.3125  0.14
1619  5588.3125  0.14
1620  5588.3125  0.14
1621  5588.3125  0.14
1622  5588.3125  0.14
1623  5588.3125  0.14
1624  5588.3125  0.14
1625  5588.3125  0.14
1626  5588.3125  0.14
1627  5588.3125  0.14
1628  5588.3125  0.14
1629  5588.3125  0.14
1630  5588.3125  0.14
1631  5588.3125  0.14
1632  5588.3125  0.14
1633  5588.3125  0.14
1634  5588.3125  0.14
1635  5588.3125  0.14
1636  5588.3125  0.14
1637  5588.3125  0.14
1638  5588.3125  0.14
1639  5588.3125  0.14
1640  5588.3125  0.14
1641  5588.3125  0.14
1642  5588.3125  0.14
1643  5588.3125  0.14
1644  5588.3125  0.14
1645  5588.3125  0.14
1646  5588.3125  0.14
1647  5588.3125  0.14
1648  5588.3125  0.14
1649  5588.3125  0.14
1650  5588.3125  0.14
1651  5588.3125  0.14
1652  5588.3125  0.14
1653  5588.3125  0.14
1654  5588.3125  0.14
1655  5588.3125  0.14
1656  5588.3125  0.14
1657  5588.3125  0.14
1658  5588.3125  0.14
1659  5588.3125  0.14
1660  5588.3125  0.14
1661  5588.3125  0.14
1662  5588.3125  0.14
1663  5588.3125  0.14
1664  5588.3125  0.14
1665  5588.3125  0.14
1666  5588.3125  0.14
1667  5588.3125  0.14
1668  5588.3125  0.14
1669  5588.3125  0.14
1670  5588.3125  0.14
1671  5588.3125  0.14
1672  5588.3125  0.14
1673  5588.3125  0.14
1674  5588.3125  0.14
1675  5588.3125  0.14
1676  5588.3125  0.14
1677  5588.3125  0.14
1678  5588.3125  0.14
1679  5588.3125  0.14
1680  5588.3125  0.14
1681  5588.3125  0.14
1682  5588.3125  0.14
1683  5588.3125  0.14
1684  5588.3125  0.14
1685  5588.3125  0.14
1686  5588.3125  0.14
1687  5588.3125  0.14
1688  5588.3125  0.14
1689  5588.3125  0.14
1690  5588.3125  0.14
1691  5588.3125  0.14
1692  5588.3125  0.14
1693  5588.3125  0.14
1694  5588.3125  0.14
1695  5588.3125  0.14
1696  5588.3125  0.14
1697  5588.3125  0.14
1698  5588.3125  0.14
1699  5588.3125  0.14
1700  5588.3125  0.14
1701  5588.3125  0.14
1702  5588.3125  0.14
1703  5588.3125  0.14
1704  5588.3125  0.14
1705  5588.3125  0.14
1706  5588.3125  0.14
1707  5588.3125  0.14
1708  5588.3125  0.14
1709  5588.3125  0.14
1710  5588.3125  0.14
1711  5588.3125  0.14
1712  5588.3125  0.14
1713  5588.3125  0.14
1714  5588.3125  0.14
1715  5588.3125  0.14
1716  5588.3125  0.14
1717  5588.3125  0.14
1718  5588.3125  0.14
1719  5588.3125  0.14
1720  5588.3125  0.14
1721  5588.3125  0.14
1722  5588.3125  0.14
1723  5588.3125  0.14
1724  5588.3125  0.14
1725  5588.3125  0.14
1726  5588.3125  0.14
1727  5588.3125  0.14
1728  5588.3125  0.14
1729  5588.3125  0.14
1730  5588.3125  0.14
1731  5588.3125  0.14
1732  5588.3125  0.14
1733  5588.3125  0.14
1734  5588.3125  0.14
1735  5588.3125  0.14
1736  5588.3125  0.14
1737  5588.3125  0.14
1738  5588.3125  0.14
1739  5588.3125  0.14
1740  5588.3125  0.14
1741  5588.3125  0.14
1742  5588.3125  0.14
1743  5588.3125  0.14
1744  5588.3125  0.14
1745  5588.3125  0.14
1746  5588.3125  0.14
1747  5588.3125  0.14
1748  5588.3125  0.14
1749  5588.3125  0.14
1750  5588.3125  0.14
1751  5588.3125  0.14
1752  5588.3125  0.14
1753  5588.3125  0.14
1754  5588.3125  0.14
1755  5588.3125  0.14
1756  5588.3125  0.14
1757  5588.3125  0.14
1758  5588.3125  0.14
1759  5588.3125  0.14
1760  5588.3125  0.14
1761  5588.3125  0.14
1762  5588.3125  0.14
1763  5588.3125  0.14
1764  5588.3125  0.14
1765  5588.3125  0.14
1766  5588.3125  0.14
1767  5588.3125  0.14
1768  5588.3125  0.14
1769  5588.3125  0.14
1770  5588.3125  0.14
1771  5588.3125  0.14
1772  5588.3125  0.14
1773  5588.3125  0.14
1774  5588.3125  0.14
1775  5588.3125  0.14
1776  5588.3125  0.14
1777  5588.3125  0.14
1778  5588.3125  0.14
1779  5588.3125  0.14
1780  5588.3125  0.14
1781  5588.3125  0.14
1782  5588.3125  0.14
1783  5588.3125  0.14
1784  5588.3125  0.14
1785  5588.3125  0.14
1786  5588.3125  0.14
1787  5588.3125  0.14
1788  5588.3125  0.14
1789  5588.3125  0.14
1790  5588.3125  0.14
1791  5588.3125  0.14
1792  5588.3125  0.14
1793  5588.3125  0.14
1794  5588.3125  0.14
1795  5588.3125  0.14
1796  5588.3125  0.14
1797  5588.3125  0.14
1798  5588.3125  0.14
1799  5588.3125  0.14
1800  5588.3125  0.14
1801  5588.3125  0.14
1802  5588.3125  0.14
1803  5588.3125  0.14
1804  5588.3125  0.14
1805  5588.3125  0.14
1806  5588.3125  0.14
1807  5588.3125  0.14
1808  5588.3125  0.14
1809  5588.3125  0.14
1810  5588.3125  0.14
1811  5588.3125  0.14
1812  5588.3125  0.14
1813  5588.3125  0.14
1814  5588.3125  0.14
1815  5588.3125  0.14
1816  5588.3125  0.14
1817  5588.3125  0.14
1818  5588.3125  0.14
1819  5588.3125  0.14
1820  5588.3125  0.14
1821  5588.3125  0.14
1822  5588.3125  0.14
1823  5588.3125  0.14
1824  5588.3125  0.14
1825  5588.3125  0.14
1826  5588.3125  0.14
1827  5588.3125  0.14
1828  5588.3125  0.14
1829  5588.3125  0.14
1830  5588.3125  0.14
1831  5588.3125  0.14
1832  5588.3125  0.14
1833  5588.3125  0.14
1834  5588.3125  0.14
1835  5588.3125  0.14
1836  5588.3125  0.14
1837  5588.3125  0.14
1838  5588.3125  0.14
1839  5588.3125  0.14
1840  5588.3125  0.14
1841  5588.3125  0.14
1842  5588.3125  0.14
1843  5588.3125  0.14
1844  5588.3125  0.14
1845  5588.3125  0.14
1846  5588.3125  0.14
1847  5588.3125  0.14
1848  5765.0  0.08
1849  5765.0  0.08
1850  5765.0  0.08
1851  5765.0  0.08
1852  5765.0  0.08
1853  5765.0  0.08
1854  5765.0  0.08
1855  5765.0  0.08
1856  5765.0  0.08
1857  5765.0  0.08
1858  5765.0  0.08
1859  5765.0  0.08
1860  5765.0  0.08
1861  5765.0  0.08
1862  5765.0  0.08
1863  5765.0  0.08
1864  5765.0  0.08
1865  5765.0  0.08
1866  5765.0  0.08
1867  5765.0  0.08
1868  5765.0  0.08
1869  5765.0  0.08
1870  5765.0  0.08
1871  5765.0  0.08
1872  5765.0  0.08
1873  5765.0  0.08
1874  5765.0  0.08
1875  5765.0  0.08
1876  5765.0  0.08
1877  5765.0  0.08
1878  5765.0  0.08
1879  5765.0  0.08
1880  5765.0  0.08
1881  5765.0  0.08
1882  5765.0  0.08
1883  5765.0  0.08
1884  5765.0  0.08
1885  5765.0  0.08
1886  5765.0  0.08
1887  5765.0  0.08
1888  5765.0  0.08
1889  5765.0  0.08
1890  5765.0  0.08
1891  5765.0  0.08
1892  5765.0  0.08
1893  5765.0  0.08
1894  5765.0  0.08
1895  5765.0  0.08
1896  5765.0  0.08
1897  5765.0  0.08
1898  5765.0  0.08
1899  5765.0  0.08
1900  5765.0  0.08
1901  5765.0  0.08
1902  5765.0  0.08
1903  5765.0  0.08
1904  5765.0  0.08
1905  5765.0  0.08
1906  5765.0  0.08
1907  5765.0  0.08
1908  5765.0  0.08
1909  5765.0  0.08
1910  5765.0  0.08
1911  5765.0  0.08
1912  5765.0  0.08
1913  5765.0  0.08
1914  5765.0  0.08
1915  5765.0  0.08
1916  5765.0  0.08
1917  5765.0  0.08
1918  5765.0  0.08
1919  5765.0  0.08
1920  5765.0  0.08
1921  5765.0  0.08
1922  5765.0  0.08
1923  5765.0  0.08
1924  5765.0  0.08
1925  5765.0  0.08
1926  5765.0  0.08
1927  5765.0  0.08
1928  5765.0  0.08
1929  5765.0  0.08
1930  5765.0  0.08
1931  5765.0  0.08
1932  5765.0  0.08
1933  5765.0  0.08
1934  5765.0  0.08
1935  5765.0  0.08
1936  5765.0  0.08
1937  5765.0  0.08
1938  5765.0  0.08
1939  5765.0  0.08
1940  5765.0  0.08
1941  5765.0  0.08
1942  5765.0  0.08
1943  5765.0  0.08
1944  5765.0  0.08
1945  5765.0  0.08
1946  5765.0  0.08
1947  5765.0  0.08
1948  5765.0  0.08
1949  5765.0  0.08
1950  5765.0  0.08
1951  5765.0  0.08
1952  5765.0  0.08
1953  5765.0  0.08
1954  5765.0  0.08
1955  5765.0  0.08
1956  5765.0  0.08
1957  5765.0  0.08
1958  5765.0  0.08
1959  5765.0  0.08
1960  5765.0  0.08
1961  5765.0  0.08
1962  5765.0  0.08
1963  5765.0  0.08
1964  5765.0  0.08
1965  5765.0  0.08
1966  5765.0  0.08
1967  5765.0  0.08
1968  5765.0  0.08
1969  5765.0  0.08
1970  5765.0  0.08
1971  5765.0  0.08
1972  5765.0  0.08
1973  5765.0  0.08
1974  5765.0  0.08
1975  5765.0  0.08
1976  5765.0  0.08
1977  5765.0  0.08
1978  5765.0  0.08
1979  5765.0  0.08
1980  5765.0  0.08
1981  5765.0  0.08
1982  5765.0  0.08
1983  5765.0  0.08
1984  5765.0  0.08
1985  5765.0  0.08
1986  5765.0  0.08
1987  5765.0  0.08
1988  5765.0  0.08
1989  5765.0  0.08
1990  5765.0  0.08
1991  5765.0  0.08
1992  5765.0  0.08
1993  5765.0  0.08
1994  5765.0  0.08
1995  5765.0  0.08
1996  5765.0  0.08
1997  5765.0  0.08
1998  5765.0  0.08
1999  5765.0  0.08
2000  5765.0  0.08
2001  5765.0  0.08
2002  5765.0  0.08
2003  5765.0  0.08
2004  5765.0  0.08
2005  5765.0  0.08
2006  5765.0  0.08
2007  5765.0  0.08
2008  5765.0  0.08
2009  5765.0  0.08
2010  5765.0  0.08
2011  5765.0  0.08
2012  5765.0  0.08
2013  5765.0  0.08
2014  5765.0  0.08
2015  5765.0  0.08
2016  5765.0  0.08
2017  5765.0  0.08
2018  5765.0  0.08
2019  5765.0  0.08
2020  5765.0  0.08
2021  5765.0  0.08
2022  5765.0  0.08
2023  5765.0  0.08
2024  5765.0  0.08
2025  5765.0  0.08
2026  5765.0  0.08
2027  5765.0  0.08
2028  5765.0  0.08
2029  5765.0  0.08
2030  5765.0  0.08
2031  5765.0  0.08
2032  5765.0  0.08
2033  5765.0  0.08
2034  5765.0  0.08
2035  5765.0  0.08
2036  5765.0  0.08
2037  5765.0  0.08
2038  5765.0  0.08
2039  5765.0  0.08
2040  5765.0  0.08
2041  5765.0  0.08
2042  5765.0  0.08
2043  5765.0  0.08
2044  5765.0  0.08
2045  5765.0  0.08
2046  5765.0  0.08
2047  5765.0  0.08
2048  5765.0  0.08
2049  5765.0  0.08
2050  5765.0  0.08
2051  5765.0  0.08
2052  5765.0  0.08
2053  5765.0  0.08
2054  5765.0  0.08
2055  5765.0  0.08
2056  5765.0  0.08
2057  5765.0  0.08
2058  5765.0  0.08
2059  5765.0  0.08
2060  5765.0  0.08
2061  5765.0  0.08
2062  5765.0  0.08
2063  5765.0  0.08
2064  5765.0  0.08
2065  5765.0  0.08
2066  5765.0  0.08
2067  5765.0  0.08
2068  5765.0  0.08
2069  5765.0  0.08
2070  5765.0  0.08
2071  5765.0  0.08
2072  5765.0  0.08
2073  5765.0  0.08
2074  5765.0  0.08
2075  5765.0  0.08
2076  5765.0  0.08
2077  5765.0  0.08
2078  5765.0  0.08
2079  5765.0  0.08
2080  5765.0  0.08
2081  5765.0  0.08
2082  5765.0  0.08
2083  5765.0  0.08
2084  5765.0  0.08
2085  5765.0  0.08
2086  5765.0  0.08
2087  5765.0  0.08
2088  5765.0  0.08
2089  5765.0  0.08
2090  5765.0  0.08
2091  5765.0  0.08
2092  5765.0  0.08
2093  5765.0  0.08
2094  5765.0  0.08
2095  5765.0  0.08
2096  5765.0  0.08
2097  5765.0  0.08
2098  5765.0  0.08
2099  5765.0  0.08
2100  5765.0  0.08
2101  5765.0  0.08
2102  5765.0  0.08
2103  5765.0  0.08
2104  5765.0  0.08
2105  5765.0  0.08
2106  5765.0  0.08
2107  5765.0  0.08
2108  5765.0  0.08
2109  5765.0  0.08
2110  5765.0  0.08
2111  5765.0  0.08
2112  5765.0  0.08
2113  5765.0  0.08
2114  5765.0  0.08
2115  5765.0  0.08
2116  5691.71428571  0.08
2117  5691.71428571  0.08
2118  5691.71428571  0.08
2119  5691.71428571  0.08
2120  5691.71428571  0.08
2121  5691.71428571  0.08
2122  5691.71428571  0.08
2123  5691.71428571  0.08
2124  5691.71428571  0.08
2125  5691.71428571  0.08
2126  5691.71428571  0.08
2127  5691.71428571  0.08
2128  5691.71428571  0.08
2129  5691.71428571  0.08
2130  5691.71428571  0.08
2131  5691.71428571  0.08
2132  5691.71428571  0.08
2133  5691.71428571  0.08
2134  5691.71428571  0.08
2135  5691.71428571  0.08
2136  5691.71428571  0.08
2137  5691.71428571  0.08
2138  5691.71428571  0.08
2139  5691.71428571  0.08
2140  5691.71428571  0.08
2141  5691.71428571  0.08
2142  5691.71428571  0.08
2143  5691.71428571  0.08
2144  5691.71428571  0.08
2145  5691.71428571  0.08
2146  5691.71428571  0.08
2147  5691.71428571  0.08
2148  5691.71428571  0.08
2149  5691.71428571  0.08
2150  5691.71428571  0.08
2151  5691.71428571  0.08
2152  5691.71428571  0.08
2153  5691.71428571  0.08
2154  5691.71428571  0.08
2155  5691.71428571  0.08
2156  5691.71428571  0.08
2157  5691.71428571  0.08
2158  5691.71428571  0.08
2159  5691.71428571  0.08
2160  5691.71428571  0.08
2161  5691.71428571  0.08
2162  5691.71428571  0.08
2163  5691.71428571  0.08
2164  5691.71428571  0.08
2165  5691.71428571  0.08
2166  5691.71428571  0.08
2167  5691.71428571  0.08
2168  5691.71428571  0.08
2169  5691.71428571  0.08
2170  5691.71428571  0.08
2171  5691.71428571  0.08
2172  5691.71428571  0.08
2173  5691.71428571  0.08
2174  5691.71428571  0.08
2175  5691.71428571  0.08
2176  5691.71428571  0.08
2177  5691.71428571  0.08
2178  5691.71428571  0.08
2179  5691.71428571  0.08
2180  5691.71428571  0.08
2181  5691.71428571  0.08
2182  5691.71428571  0.08
2183  5691.71428571  0.08
2184  5691.71428571  0.08
2185  5691.71428571  0.08
2186  5691.71428571  0.08
2187  5691.71428571  0.08
2188  5691.71428571  0.08
2189  5691.71428571  0.08
2190  5691.71428571  0.08
2191  5691.71428571  0.08
2192  5691.71428571  0.08
2193  5691.71428571  0.08
2194  5691.71428571  0.08
2195  5691.71428571  0.08
2196  5691.71428571  0.08
2197  5691.71428571  0.08
2198  5691.71428571  0.08
2199  5691.71428571  0.08
2200  5691.71428571  0.08
2201  5691.71428571  0.08
2202  5691.71428571  0.08
2203  5691.71428571  0.08
2204  5691.71428571  0.08
2205  5691.71428571  0.08
2206  5691.71428571  0.08
2207  5691.71428571  0.08
2208  5691.71428571  0.08
2209  5691.71428571  0.08
2210  5691.71428571  0.08
2211  5691.71428571  0.08
2212  5691.71428571  0.08
2213  5691.71428571  0.08
2214  5691.71428571  0.08
2215  5691.71428571  0.08
2216  5691.71428571  0.08
2217  5691.71428571  0.08
2218  5691.71428571  0.08
2219  5691.71428571  0.08
2220  5691.71428571  0.08
2221  5691.71428571  0.08
2222  5691.71428571  0.08
2223  5691.71428571  0.08
2224  5691.71428571  0.08
2225  5691.71428571  0.08
2226  5691.71428571  0.08
2227  5691.71428571  0.08
2228  5691.71428571  0.08
2229  5691.71428571  0.08
2230  5691.71428571  0.08
2231  5691.71428571  0.08
2232  5691.71428571  0.08
2233  5691.71428571  0.08
2234  5691.71428571  0.08
2235  5691.71428571  0.08
2236  5691.71428571  0.08
2237  5691.71428571  0.08
2238  5691.71428571  0.08
2239  5691.71428571  0.08
2240  5691.71428571  0.08
2241  5691.71428571  0.08
2242  5691.71428571  0.08
2243  5691.71428571  0.08
2244  5691.71428571  0.08
2245  5691.71428571  0.08
2246  5691.71428571  0.08
2247  5691.71428571  0.08
2248  5691.71428571  0.08
2249  5691.71428571  0.08
2250  5691.71428571  0.08
2251  5691.71428571  0.08
2252  5691.71428571  0.08
2253  5691.71428571  0.08
2254  5691.71428571  0.08
2255  5691.71428571  0.08
2256  5691.71428571  0.08
2257  5691.71428571  0.08
2258  5691.71428571  0.08
2259  5691.71428571  0.08
2260  5691.71428571  0.08
2261  5691.71428571  0.08
2262  5691.71428571  0.08
2263  5691.71428571  0.08
2264  5691.71428571  0.08
2265  5691.71428571  0.08
2266  5691.71428571  0.08
2267  5691.71428571  0.08
2268  5691.71428571  0.08
2269  5691.71428571  0.08
2270  5691.71428571  0.08
2271  5691.71428571  0.08
2272  5691.71428571  0.08
2273  5691.71428571  0.08
2274  5691.71428571  0.08
2275  5691.71428571  0.08
2276  5691.71428571  0.08
2277  5691.71428571  0.08
2278  5691.71428571  0.08
2279  5691.71428571  0.08
2280  5691.71428571  0.08
2281  5691.71428571  0.08
2282  5691.71428571  0.08
2283  5691.71428571  0.08
2284  5691.71428571  0.08
2285  5691.71428571  0.08
2286  5691.71428571  0.08
2287  5691.71428571  0.08
2288  5691.71428571  0.08
2289  5691.71428571  0.08
2290  5691.71428571  0.08
2291  5691.71428571  0.08
2292  5691.71428571  0.08
2293  5691.71428571  0.08
2294  5691.71428571  0.08
2295  5691.71428571  0.08
2296  5691.71428571  0.08
2297  5691.71428571  0.08
2298  5691.71428571  0.08
2299  5691.71428571  0.08
2300  5691.71428571  0.08
2301  5691.71428571  0.08
2302  5691.71428571  0.08
2303  5691.71428571  0.08
2304  5691.71428571  0.08
2305  5691.71428571  0.08
2306  5691.71428571  0.08
2307  5691.71428571  0.08
2308  5691.71428571  0.08
2309  5691.71428571  0.08
2310  5691.71428571  0.08
2311  5691.71428571  0.08
2312  5691.71428571  0.08
2313  5691.71428571  0.08
2314  5691.71428571  0.08
2315  5691.71428571  0.08
2316  5691.71428571  0.08
2317  5691.71428571  0.08
2318  5691.71428571  0.08
2319  5691.71428571  0.08
2320  5691.71428571  0.08
2321  5691.71428571  0.08
2322  5691.71428571  0.08
2323  5691.71428571  0.08
2324  5691.71428571  0.08
2325  5691.71428571  0.08
2326  5691.71428571  0.08
2327  5691.71428571  0.08
2328  5691.71428571  0.08
2329  5691.71428571  0.08
2330  5691.71428571  0.08
2331  5691.71428571  0.08
2332  5691.71428571  0.08
2333  5691.71428571  0.08
2334  5691.71428571  0.08
2335  5691.71428571  0.08
2336  5691.71428571  0.08
2337  5691.71428571  0.08
2338  5691.71428571  0.08
2339  5691.71428571  0.08
2340  5691.71428571  0.08
2341  5691.71428571  0.08
2342  5691.71428571  0.08
2343  5691.71428571  0.08
2344  5691.71428571  0.08
2345  5691.71428571  0.08
2346  5691.71428571  0.08
2347  5691.71428571  0.08
2348  5691.71428571  0.08
2349  5691.71428571  0.08
2350  5691.71428571  0.08
2351  5691.71428571  0.08
2352  5691.71428571  0.08
2353  5691.71428571  0.08
2354  5691.71428571  0.08
2355  5691.71428571  0.08
2356  5691.71428571  0.08
2357  5691.71428571  0.08
2358  5691.71428571  0.08
2359  5691.71428571  0.08
2360  5691.71428571  0.08
2361  5691.71428571  0.08
2362  5691.71428571  0.08
2363  5691.71428571  0.08
2364  5691.71428571  0.08
2365  5691.71428571  0.08
2366  5691.71428571  0.08
2367  5691.71428571  0.08
2368  5691.71428571  0.08
2369  5691.71428571  0.08
2370  5691.71428571  0.08
2371  5691.71428571  0.08
2372  5691.71428571  0.08
2373  5691.71428571  0.08
2374  5691.71428571  0.08
2375  5691.71428571  0.08
2376  5691.71428571  0.08
2377  5691.71428571  0.08
2378  5691.71428571  0.08
2379  5691.71428571  0.08
2380  5691.71428571  0.08
2381  5691.71428571  0.08
2382  5691.71428571  0.08
2383  5691.71428571  0.08
2384  5691.71428571  0.08
2385  5691.71428571  0.08
2386  5691.71428571  0.08
2387  5691.71428571  0.08
2388  5691.71428571  0.08
2389  5691.71428571  0.08
2390  5691.71428571  0.08
2391  5691.71428571  0.08
2392  5691.71428571  0.08
2393  5691.71428571  0.08
2394  5691.71428571  0.08
2395  5691.71428571  0.08
2396  5691.71428571  0.08
2397  5691.71428571  0.08
2398  5691.71428571  0.08
2399  5691.71428571  0.08
2400  5691.71428571  0.08
2401  5691.71428571  0.08
2402  5691.71428571  0.08
2403  5691.71428571  0.08
2404  5691.71428571  0.08
2405  5691.71428571  0.08
2406  5691.71428571  0.08
2407  5691.71428571  0.08
2408  5691.71428571  0.08
2409  5691.71428571  0.08
2410  5691.71428571  0.08
2411  5691.71428571  0.08
2412  5691.71428571  0.08
2413  5691.71428571  0.08
2414  5691.71428571  0.08
2415  5691.71428571  0.08
2416  5691.71428571  0.08
2417  5691.71428571  0.08
2418  5691.71428571  0.08
2419  5691.71428571  0.08
2420  5691.71428571  0.08
2421  5691.71428571  0.08
2422  5691.71428571  0.08
2423  5691.71428571  0.08
2424  5691.71428571  0.08
2425  5691.71428571  0.08
2426  5691.71428571  0.08
2427  5691.71428571  0.08
2428  5691.71428571  0.08
2429  5691.71428571  0.08
2430  5691.71428571  0.08
2431  5691.71428571  0.08
2432  5691.71428571  0.08
2433  5691.71428571  0.08
2434  5691.71428571  0.08
2435  5691.71428571  0.08
2436  5691.71428571  0.08
2437  5691.71428571  0.08
2438  5691.71428571  0.08
2439  5691.71428571  0.08
2440  5691.71428571  0.08
2441  5691.71428571  0.08
2442  5691.71428571  0.08
2443  5691.71428571  0.08
2444  5691.71428571  0.08
2445  5691.71428571  0.08
2446  5691.71428571  0.08
2447  5691.71428571  0.08
2448  5691.71428571  0.08
2449  5691.71428571  0.08
2450  5691.71428571  0.08
2451  5691.71428571  0.08
2452  5691.71428571  0.08
2453  5691.71428571  0.08
2454  5691.71428571  0.08
2455  5691.71428571  0.08
2456  5691.71428571  0.08
2457  5691.71428571  0.08
2458  5691.71428571  0.08
2459  5691.71428571  0.08
2460  5691.71428571  0.08
2461  5691.71428571  0.08
2462  5691.71428571  0.08
2463  5691.71428571  0.08
2464  5691.71428571  0.08
2465  5691.71428571  0.08
2466  5691.71428571  0.08
2467  5691.71428571  0.08
2468  5691.71428571  0.08
2469  5691.71428571  0.08
2470  5691.71428571  0.08
2471  5691.71428571  0.08
2472  5691.71428571  0.08
2473  5691.71428571  0.08
2474  5691.71428571  0.08
2475  5691.71428571  0.08
2476  5691.71428571  0.08
2477  5691.71428571  0.08
2478  5691.71428571  0.08
2479  5691.71428571  0.08
2480  5691.71428571  0.08
2481  5691.71428571  0.08
2482  5691.71428571  0.08
2483  5691.71428571  0.08
2484  5691.71428571  0.08
2485  5691.71428571  0.08
2486  5691.71428571  0.08
2487  5691.71428571  0.08
2488  5691.71428571  0.08
2489  5691.71428571  0.08
2490  5691.71428571  0.08
2491  5691.71428571  0.08
2492  5691.71428571  0.08
2493  5691.71428571  0.08
2494  5691.71428571  0.08
2495  5691.71428571  0.08
2496  5691.71428571  0.08
2497  5691.71428571  0.08
2498  5691.71428571  0.08
2499  5691.71428571  0.08
2500  5691.71428571  0.08
2501  5691.71428571  0.08
2502  5691.71428571  0.08
2503  5691.71428571  0.08
2504  5691.71428571  0.08
2505  5691.71428571  0.08
2506  5691.71428571  0.08
2507  5691.71428571  0.08
2508  5691.71428571  0.08
2509  5691.71428571  0.08
2510  5691.71428571  0.08
2511  5691.71428571  0.08
2512  5691.71428571  0.08
2513  5691.71428571  0.08
2514  5691.71428571  0.08
2515  5691.71428571  0.08
2516  5691.71428571  0.08
2517  5691.71428571  0.08
2518  5691.71428571  0.08
2519  5691.71428571  0.08
2520  5691.71428571  0.08
2521  5691.71428571  0.08
2522  5691.71428571  0.08
2523  5691.71428571  0.08
2524  5691.71428571  0.08
2525  5691.71428571  0.08
2526  5691.71428571  0.08
2527  5691.71428571  0.08
2528  5691.71428571  0.08
2529  5691.71428571  0.08
2530  5691.71428571  0.08
2531  5691.71428571  0.08
2532  5691.71428571  0.08
2533  5691.71428571  0.08
2534  5691.71428571  0.08
2535  5691.71428571  0.08
2536  5691.71428571  0.08
2537  5691.71428571  0.08
2538  5691.71428571  0.08
2539  5691.71428571  0.08
2540  5691.71428571  0.08
2541  5691.71428571  0.08
2542  5691.71428571  0.08
2543  5691.71428571  0.08
2544  5691.71428571  0.08
2545  5691.71428571  0.08
2546  5691.71428571  0.08
2547  5691.71428571  0.08
2548  5691.71428571  0.08
2549  5691.71428571  0.08
2550  5691.71428571  0.08
2551  5691.71428571  0.08
2552  5691.71428571  0.08
2553  5691.71428571  0.08
2554  5691.71428571  0.08
2555  5691.71428571  0.08
2556  5691.71428571  0.08
2557  5691.71428571  0.08
2558  5691.71428571  0.08
2559  5691.71428571  0.08
2560  5691.71428571  0.08
2561  5691.71428571  0.08
2562  5691.71428571  0.08
2563  5691.71428571  0.08
2564  5691.71428571  0.08
2565  5691.71428571  0.08
2566  5691.71428571  0.08
2567  5691.71428571  0.08
2568  5691.71428571  0.08
2569  5691.71428571  0.08
2570  5691.71428571  0.08
2571  5691.71428571  0.08
2572  5691.71428571  0.08
2573  5691.71428571  0.08
2574  5691.71428571  0.08
2575  5691.71428571  0.08
2576  5691.71428571  0.08
2577  5691.71428571  0.08
2578  5691.71428571  0.08
2579  5691.71428571  0.08
2580  5691.71428571  0.08
2581  5691.71428571  0.08
2582  5691.71428571  0.08
2583  5691.71428571  0.08
2584  5691.71428571  0.08
2585  5691.71428571  0.08
2586  5691.71428571  0.08
2587  5691.71428571  0.08
2588  5691.71428571  0.08
2589  5691.71428571  0.08
2590  5691.71428571  0.08
2591  5691.71428571  0.08
2592  5691.71428571  0.08
2593  5691.71428571  0.08
2594  5691.71428571  0.08
2595  5691.71428571  0.08
2596  5691.71428571  0.08
2597  5691.71428571  0.08
2598  5691.71428571  0.08
2599  5691.71428571  0.08
2600  5691.71428571  0.08
2601  5691.71428571  0.08
2602  5691.71428571  0.08
2603  5691.71428571  0.08
2604  5691.71428571  0.08
2605  5691.71428571  0.08
2606  5691.71428571  0.08
2607  5691.71428571  0.08
2608  5691.71428571  0.08
2609  5691.71428571  0.08
2610  5691.71428571  0.08
2611  5691.71428571  0.08
2612  5691.71428571  0.08
2613  5691.71428571  0.08
2614  5691.71428571  0.08
2615  5691.71428571  0.08
2616  5691.71428571  0.08
2617  5691.71428571  0.08
2618  5691.71428571  0.08
2619  5691.71428571  0.08
2620  5691.71428571  0.08
2621  5691.71428571  0.08
2622  5691.71428571  0.08
2623  5691.71428571  0.08
2624  5691.71428571  0.08
2625  5691.71428571  0.08
2626  5691.71428571  0.08
2627  5691.71428571  0.08
2628  5691.71428571  0.08
2629  5691.71428571  0.08
2630  5691.71428571  0.08
2631  5691.71428571  0.08
2632  5691.71428571  0.08
2633  5691.71428571  0.08
2634  5691.71428571  0.08
2635  5691.71428571  0.08
2636  5691.71428571  0.08
2637  5691.71428571  0.08
2638  5691.71428571  0.08
2639  5691.71428571  0.08
2640  5691.71428571  0.08
2641  5691.71428571  0.08
2642  5691.71428571  0.08
2643  5691.71428571  0.08
2644  5691.71428571  0.08
2645  5691.71428571  0.08
2646  5691.71428571  0.08
2647  5691.71428571  0.08
2648  5691.71428571  0.08
2649  5691.71428571  0.08
2650  5691.71428571  0.08
2651  5691.71428571  0.08
2652  5691.71428571  0.08
2653  5691.71428571  0.08
2654  5691.71428571  0.08
2655  5691.71428571  0.08
2656  5691.71428571  0.08
2657  5691.71428571  0.08
2658  5691.71428571  0.08
2659  5691.71428571  0.08
2660  5691.71428571  0.08
2661  5691.71428571  0.08
2662  5691.71428571  0.08
2663  5691.71428571  0.08
2664  5691.71428571  0.08
2665  5691.71428571  0.08
2666  5691.71428571  0.08
2667  5691.71428571  0.08
2668  5691.71428571  0.08
2669  5691.71428571  0.08
2670  5691.71428571  0.08
2671  5691.71428571  0.08
2672  5691.71428571  0.08
2673  5691.71428571  0.08
2674  5691.71428571  0.08
2675  5691.71428571  0.08
2676  5691.71428571  0.08
2677  5691.71428571  0.08
2678  5691.71428571  0.08
2679  5691.71428571  0.08
2680  5691.71428571  0.08
2681  5691.71428571  0.08
2682  5691.71428571  0.08
2683  5691.71428571  0.08
2684  5691.71428571  0.08
2685  5691.71428571  0.08
2686  5691.71428571  0.08
2687  5691.71428571  0.08
2688  5691.71428571  0.08
2689  5691.71428571  0.08
2690  5691.71428571  0.08
2691  5691.71428571  0.08
2692  5691.71428571  0.08
2693  5691.71428571  0.08
2694  5691.71428571  0.08
2695  5691.71428571  0.08
2696  5691.71428571  0.08
2697  5691.71428571  0.08
2698  5691.71428571  0.08
2699  5691.71428571  0.08
2700  5691.71428571  0.08
2701  5691.71428571  0.08
2702  5691.71428571  0.08
2703  5691.71428571  0.08
2704  5691.71428571  0.08
2705  5691.71428571  0.08
2706  5691.71428571  0.08
2707  5691.71428571  0.08
2708  5691.71428571  0.08
2709  5691.71428571  0.08
2710  5691.71428571  0.08
2711  5691.71428571  0.08
2712  5691.71428571  0.08
2713  5691.71428571  0.08
2714  5691.71428571  0.08
2715  5691.71428571  0.08
2716  5691.71428571  0.08
2717  5691.71428571  0.08
2718  5691.71428571  0.08
2719  5691.71428571  0.08
2720  5691.71428571  0.08
2721  5691.71428571  0.08
2722  5691.71428571  0.08
2723  5691.71428571  0.08
2724  5691.71428571  0.08
2725  5691.71428571  0.08
2726  5691.71428571  0.08
2727  5691.71428571  0.08
2728  5691.71428571  0.08
2729  5691.71428571  0.08
2730  5691.71428571  0.08
2731  5691.71428571  0.08
2732  5691.71428571  0.08
2733  5691.71428571  0.08
2734  5691.71428571  0.08
2735  5691.71428571  0.08
2736  5691.71428571  0.08
2737  5691.71428571  0.08
2738  5691.71428571  0.08
2739  5691.71428571  0.08
2740  5691.71428571  0.08
2741  5691.71428571  0.08
2742  5691.71428571  0.08
2743  5691.71428571  0.08
2744  5691.71428571  0.08
2745  5691.71428571  0.08
2746  5691.71428571  0.08
2747  5691.71428571  0.08
2748  5691.71428571  0.08
2749  5691.71428571  0.08
2750  5691.71428571  0.08
2751  5691.71428571  0.08
2752  5691.71428571  0.08
2753  5691.71428571  0.08
2754  5691.71428571  0.08
2755  5691.71428571  0.08
2756  5691.71428571  0.08
2757  5691.71428571  0.08
2758  5691.71428571  0.08
2759  5691.71428571  0.08
2760  5691.71428571  0.08
2761  5691.71428571  0.08
2762  5691.71428571  0.08
2763  5691.71428571  0.08
2764  5691.71428571  0.08
2765  5691.71428571  0.08
2766  5691.71428571  0.08
2767  5691.71428571  0.08
2768  5691.71428571  0.08
2769  5691.71428571  0.08
2770  5691.71428571  0.08
2771  5691.71428571  0.08
2772  5691.71428571  0.08
2773  5691.71428571  0.08
2774  5691.71428571  0.08
2775  5691.71428571  0.08
2776  5691.71428571  0.08
2777  5691.71428571  0.08
2778  5691.71428571  0.08
2779  5691.71428571  0.08
2780  5691.71428571  0.08
2781  5691.71428571  0.08
2782  5691.71428571  0.08
2783  5691.71428571  0.08
2784  5691.71428571  0.08
2785  5691.71428571  0.08
2786  5691.71428571  0.08
2787  5691.71428571  0.08
2788  5691.71428571  0.08
2789  5691.71428571  0.08
2790  5691.71428571  0.08
2791  5691.71428571  0.08
2792  5691.71428571  0.08
2793  5691.71428571  0.08
2794  5691.71428571  0.08
2795  5691.71428571  0.08
2796  5691.71428571  0.08
2797  5691.71428571  0.08
2798  5691.71428571  0.08
2799  5691.71428571  0.08
2800  5691.71428571  0.08
2801  5691.71428571  0.08
2802  5691.71428571  0.08
2803  5691.71428571  0.08
2804  5691.71428571  0.08
2805  5691.71428571  0.08
2806  5691.71428571  0.08
2807  5691.71428571  0.08
2808  5691.71428571  0.08
2809  5691.71428571  0.08
2810  5691.71428571  0.08
2811  5691.71428571  0.08
2812  5691.71428571  0.08
2813  5691.71428571  0.08
2814  5691.71428571  0.08
2815  5691.71428571  0.08
2816  5691.71428571  0.08
2817  5691.71428571  0.08
2818  5691.71428571  0.08
2819  5691.71428571  0.08
2820  5691.71428571  0.08
2821  5691.71428571  0.08
2822  5691.71428571  0.08
2823  5691.71428571  0.08
2824  5691.71428571  0.08
2825  5691.71428571  0.08
2826  5691.71428571  0.08
2827  5691.71428571  0.08
2828  5691.71428571  0.08
2829  5691.71428571  0.08
2830  5691.71428571  0.08
2831  5691.71428571  0.08
2832  5691.71428571  0.08
2833  5691.71428571  0.08
2834  5691.71428571  0.08
2835  5691.71428571  0.08
2836  5691.71428571  0.08
2837  5691.71428571  0.08
2838  5691.71428571  0.08
2839  5691.71428571  0.08
2840  5691.71428571  0.08
2841  5691.71428571  0.08
2842  5691.71428571  0.08
2843  5691.71428571  0.08
2844  5691.71428571  0.08
2845  5691.71428571  0.08
2846  5691.71428571  0.08
2847  5691.71428571  0.08
2848  5691.71428571  0.08
2849  5691.71428571  0.08
2850  5691.71428571  0.08
2851  5691.71428571  0.08
2852  5691.71428571  0.08
2853  5691.71428571  0.08
2854  5691.71428571  0.08
2855  5691.71428571  0.08
2856  5691.71428571  0.08
2857  5691.71428571  0.08
2858  5691.71428571  0.08
2859  5691.71428571  0.08
2860  5691.71428571  0.08
2861  5691.71428571  0.08
2862  5691.71428571  0.08
2863  5691.71428571  0.08
2864  5691.71428571  0.08
2865  5691.71428571  0.08
2866  5691.71428571  0.08
2867  5691.71428571  0.08
2868  5691.71428571  0.08
2869  5691.71428571  0.08
2870  5691.71428571  0.08
2871  5691.71428571  0.08
2872  5691.71428571  0.08
2873  5691.71428571  0.08
2874  5691.71428571  0.08
2875  5691.71428571  0.08
2876  5691.71428571  0.08
2877  5691.71428571  0.08
2878  5691.71428571  0.08
2879  5691.71428571  0.08
2880  5691.71428571  0.08
2881  5691.71428571  0.08
2882  5691.71428571  0.08
2883  5691.71428571  0.08
2884  5691.71428571  0.08
2885  5691.71428571  0.08
2886  5691.71428571  0.08
2887  5691.71428571  0.08
2888  5691.71428571  0.08
2889  5691.71428571  0.08
2890  5691.71428571  0.08
2891  5691.71428571  0.08
2892  5691.71428571  0.08
2893  5691.71428571  0.08
2894  5691.71428571  0.08
2895  5691.71428571  0.08
2896  5691.71428571  0.08
2897  5691.71428571  0.08
2898  5691.71428571  0.08
2899  5691.71428571  0.08
2900  5691.71428571  0.08
2901  5691.71428571  0.08
2902  5691.71428571  0.08
2903  5691.71428571  0.08
2904  5691.71428571  0.08
2905  5691.71428571  0.08
2906  5691.71428571  0.08
2907  5691.71428571  0.08
2908  5691.71428571  0.08
2909  5691.71428571  0.08
2910  5691.71428571  0.08
2911  5691.71428571  0.08
2912  5691.71428571  0.08
2913  5691.71428571  0.08
2914  5691.71428571  0.08
2915  5691.71428571  0.08
2916  5691.71428571  0.08
2917  5691.71428571  0.08
2918  5691.71428571  0.08
2919  5691.71428571  0.08
2920  5691.71428571  0.08
2921  5691.71428571  0.08
2922  5691.71428571  0.08
2923  5691.71428571  0.08
2924  5691.71428571  0.08
2925  5691.71428571  0.08
2926  5691.71428571  0.08
2927  5691.71428571  0.08
2928  5691.71428571  0.08
2929  5691.71428571  0.08
2930  5691.71428571  0.08
2931  5691.71428571  0.08
2932  5691.71428571  0.08
2933  5691.71428571  0.08
2934  5691.71428571  0.08
2935  5691.71428571  0.08
2936  5691.71428571  0.08
2937  5691.71428571  0.08
2938  5691.71428571  0.08
2939  5691.71428571  0.08
2940  5691.71428571  0.08
2941  5691.71428571  0.08
2942  5691.71428571  0.08
2943  5691.71428571  0.08
2944  5691.71428571  0.08
2945  5691.71428571  0.08
2946  5691.71428571  0.08
2947  5691.71428571  0.08
2948  5691.71428571  0.08
2949  5691.71428571  0.08
2950  5691.71428571  0.08
2951  5691.71428571  0.08
2952  5691.71428571  0.08
2953  5691.71428571  0.08
2954  5691.71428571  0.08
2955  5691.71428571  0.08
2956  5691.71428571  0.08
2957  5691.71428571  0.08
2958  5691.71428571  0.08
2959  5691.71428571  0.08
2960  5691.71428571  0.08
2961  5691.71428571  0.08
2962  5691.71428571  0.08
2963  5691.71428571  0.08
2964  5691.71428571  0.08
2965  5691.71428571  0.08
2966  5691.71428571  0.08
2967  5691.71428571  0.08
2968  5691.71428571  0.08
2969  5691.71428571  0.08
2970  5691.71428571  0.08
2971  5691.71428571  0.08
2972  5691.71428571  0.08
2973  5691.71428571  0.08
2974  5691.71428571  0.08
2975  5691.71428571  0.08
2976  5691.71428571  0.08
2977  5691.71428571  0.08
2978  5691.71428571  0.08
2979  5691.71428571  0.08
2980  5691.71428571  0.08
2981  5691.71428571  0.08
2982  5691.71428571  0.08
2983  5691.71428571  0.08
2984  5691.71428571  0.08
2985  5691.71428571  0.08
2986  5691.71428571  0.08
2987  5691.71428571  0.08
2988  5691.71428571  0.08
2989  5691.71428571  0.08
2990  5691.71428571  0.08
2991  5691.71428571  0.08
2992  5691.71428571  0.08
2993  5691.71428571  0.08
2994  5691.71428571  0.08
2995  5691.71428571  0.08
2996  5691.71428571  0.08
2997  5691.71428571  0.08
2998  5691.71428571  0.08
2999  5691.71428571  0.08
#[-9, -9, -8, 1, 4, 6, 6, 6, 9, 9]
#[-8, 6, 6, 6, 6, 6, 6, 6, 6, 8]
#[-7, 6, 6, 6, 6, 6, 6, 6, 6, 7]
#[1, 6, 6, 6, 6, 6, 6, 6, 6, 7]
#[-5, 2, 6, 6, 6, 6, 6, 6, 6, 6]
#[-7, 6, 6, 6, 6, 6, 6, 6, 6, 8]
#[-5, 3, 6, 6, 6, 6, 6, 6, 6, 6]
#[6, 6, 6, 6, 6, 6, 6, 6, 6, 8]
#[2, 2, 4, 6, 6, 6, 6, 6, 6, 6]
#Specialization index= [7, 6, 0.13432835820895522]
