#[8, 7, 1, 9, 6, 2, 9, 4, 6, 3]
#[0, 0, 7, 1, 3, 8, 0, 7, 6, 2]
#[9, 8, 8, 8, 8, 9, 9, 3, 9, 5]
#[5, 9, 7, 9, 9, 6, 2, 5, 6, 5]
#[4, 8, 7, 1, 9, 9, 6, 5, 0, 6]
#[3, 5, 7, 1, 2, 6, 0, 9, 7, 5]
#[5, 8, 5, 2, 9, 4, 8, 8, 6, 9]
#[4, 8, 8, 5, 2, 5, 3, 1, 0, 8]
#[5, 7, 3, 8, 0, 5, 4, 4, 2, 8]
0  2478.0  0.1
1  2478.0  0.1
2  2478.0  0.1
3  2478.0  0.1
4  2478.0  0.1
5  2478.0  0.1
6  2478.0  0.1
7  2478.0  0.1
8  2478.0  0.1
9  2478.0  0.1
10  2478.0  0.1
11  2478.0  0.1
12  2478.0  0.1
13  2478.0  0.1
14  2478.0  0.1
15  2504.0  0.1
16  2504.0  0.1
17  2504.0  0.1
18  2504.0  0.1
19  2504.0  0.1
20  2504.0  0.1
21  2504.0  0.1
22  2504.0  0.1
23  2504.0  0.1
24  2504.0  0.1
25  2504.0  0.1
26  2504.0  0.1
27  2504.0  0.1
28  2504.0  0.1
29  2504.0  0.1
30  2504.0  0.1
31  2504.0  0.1
32  2504.0  0.1
33  2504.0  0.1
34  2504.0  0.1
35  2504.0  0.1
36  2504.0  0.1
37  2504.0  0.1
38  2504.0  0.1
39  2504.0  0.1
40  2504.0  0.1
41  2504.0  0.1
42  2504.0  0.1
43  2504.0  0.1
44  2581.0  0.08
45  2581.0  0.08
46  2581.0  0.08
47  2581.0  0.08
48  2581.0  0.08
49  2581.0  0.08
50  2581.0  0.08
51  2581.0  0.08
52  2581.0  0.08
53  2581.0  0.08
54  2581.0  0.08
55  2581.0  0.08
56  2581.0  0.08
57  2581.0  0.08
58  2581.0  0.08
59  2581.0  0.08
60  2581.0  0.08
61  2581.0  0.08
62  2581.0  0.08
63  2581.0  0.08
64  2581.0  0.08
65  2581.0  0.08
66  2581.0  0.08
67  2581.0  0.08
68  2581.0  0.08
69  2581.0  0.08
70  2581.0  0.08
71  2581.0  0.08
72  2581.0  0.08
73  2581.0  0.08
74  2581.0  0.08
75  2581.0  0.08
76  2581.0  0.08
77  2581.0  0.08
78  2581.0  0.08
79  2581.0  0.08
80  2581.0  0.08
81  2581.0  0.08
82  2581.0  0.08
83  2581.0  0.08
84  2581.0  0.08
85  2581.0  0.08
86  2581.0  0.08
87  2581.0  0.08
88  2581.0  0.08
89  2581.0  0.08
90  2581.0  0.08
91  2581.0  0.08
92  2581.0  0.08
93  2581.0  0.08
94  2581.0  0.08
95  2581.0  0.08
96  2581.0  0.08
97  2581.0  0.08
98  2581.0  0.08
99  2581.0  0.08
100  2581.0  0.08
101  2581.0  0.08
102  2581.0  0.08
103  2581.0  0.08
104  2581.0  0.08
105  2581.0  0.08
106  2581.0  0.08
107  2581.0  0.08
108  2581.0  0.08
109  2581.0  0.08
110  2581.0  0.08
111  2581.0  0.08
112  2581.0  0.08
113  2581.0  0.08
114  2581.0  0.08
115  2581.0  0.08
116  2581.0  0.08
117  2581.0  0.08
118  2581.0  0.08
119  2581.0  0.08
120  2581.0  0.08
121  2581.0  0.08
122  2581.0  0.08
123  2581.0  0.08
124  2581.0  0.08
125  2581.0  0.08
126  2581.0  0.08
127  2581.0  0.08
128  2581.0  0.08
129  2581.0  0.08
130  2581.0  0.08
131  2581.0  0.08
132  2581.0  0.08
133  2581.0  0.08
134  2581.0  0.08
135  2581.0  0.08
136  2581.0  0.08
137  2581.0  0.08
138  2581.0  0.08
139  2581.0  0.08
140  2581.0  0.08
141  2581.0  0.08
142  2581.0  0.08
143  2581.0  0.08
144  2581.0  0.08
145  2581.0  0.08
146  2581.0  0.08
147  2581.0  0.08
148  2581.0  0.08
149  2581.0  0.08
150  2587.0  0.06
151  2587.0  0.06
152  2587.0  0.06
153  2587.0  0.06
154  2587.0  0.06
155  2587.0  0.06
156  2587.0  0.06
157  2587.0  0.06
158  2587.0  0.06
159  2587.0  0.06
160  2587.0  0.06
161  2587.0  0.06
162  2587.0  0.06
163  2587.0  0.06
164  2587.0  0.06
165  2587.0  0.06
166  2587.0  0.06
167  2587.0  0.06
168  2587.0  0.06
169  2587.0  0.06
170  2587.0  0.06
171  2587.0  0.06
172  2587.0  0.06
173  2587.0  0.06
174  2587.0  0.06
175  2587.0  0.06
176  2587.0  0.06
177  2587.0  0.06
178  2587.0  0.06
179  2587.0  0.06
180  2587.0  0.06
181  2587.0  0.06
182  2587.0  0.06
183  2587.0  0.06
184  2587.0  0.06
185  2587.0  0.06
186  2587.0  0.06
187  2587.0  0.06
188  2587.0  0.06
189  2587.0  0.06
190  2587.0  0.06
191  2587.0  0.06
192  2587.0  0.06
193  2587.0  0.06
194  2587.0  0.06
195  2587.0  0.06
196  2587.0  0.06
197  2587.0  0.06
198  2587.0  0.06
199  2587.0  0.06
200  2587.0  0.06
201  2587.0  0.06
202  2587.0  0.06
203  2587.0  0.06
204  2587.0  0.06
205  2587.0  0.06
206  2587.0  0.06
207  2587.0  0.06
208  2587.0  0.06
209  2587.0  0.06
210  2587.0  0.06
211  2587.0  0.06
212  2587.0  0.06
213  2587.0  0.06
214  2587.0  0.06
215  2587.0  0.06
216  2587.0  0.06
217  2587.0  0.06
218  2587.0  0.06
219  2587.0  0.06
220  2587.0  0.06
221  2587.0  0.06
222  2587.0  0.06
223  2587.0  0.06
224  2587.0  0.06
225  2587.0  0.06
226  2587.0  0.06
227  2592.0  0.06
228  2592.0  0.06
229  2592.0  0.06
230  2592.0  0.06
231  2592.0  0.06
232  2592.0  0.06
233  2592.0  0.06
234  2592.0  0.06
235  2592.0  0.06
236  2592.0  0.06
237  2592.0  0.06
238  2592.0  0.06
239  2592.0  0.06
240  2592.0  0.06
241  2592.0  0.06
242  2592.0  0.06
243  2592.0  0.06
244  2592.0  0.06
245  2592.0  0.06
246  2592.0  0.06
247  2592.0  0.06
248  2592.0  0.06
249  2592.0  0.06
250  2592.0  0.06
251  2592.0  0.06
252  2592.0  0.06
253  2592.0  0.06
254  2592.0  0.06
255  2592.0  0.06
256  2592.0  0.06
257  2592.0  0.06
258  2592.0  0.06
259  2592.0  0.06
260  2592.0  0.06
261  2592.0  0.06
262  2592.0  0.06
263  2592.0  0.06
264  2592.0  0.06
265  2592.0  0.06
266  2592.0  0.06
267  2592.0  0.06
268  2592.0  0.06
269  2592.0  0.06
270  2592.0  0.06
271  2592.0  0.06
272  2592.0  0.06
273  2592.0  0.06
274  2592.0  0.06
275  2592.0  0.06
276  2592.0  0.06
277  2592.0  0.06
278  2592.0  0.06
279  2592.0  0.06
280  2592.0  0.06
281  2592.0  0.06
282  2592.0  0.06
283  2592.0  0.06
284  2592.0  0.06
285  2592.0  0.06
286  2592.0  0.06
287  2592.0  0.06
288  2592.0  0.06
289  2592.0  0.06
290  2592.0  0.06
291  2592.0  0.06
292  2592.0  0.06
293  2592.0  0.06
294  2592.0  0.06
295  2592.0  0.06
296  2592.0  0.06
297  2592.0  0.06
298  2592.0  0.06
299  2592.0  0.06
300  2592.0  0.06
301  2592.0  0.06
302  2592.0  0.06
303  2592.0  0.06
304  2592.0  0.06
305  2592.0  0.06
306  2592.0  0.06
307  2592.0  0.06
308  2592.0  0.06
309  2592.0  0.06
310  2592.0  0.06
311  2592.0  0.06
312  2592.0  0.06
313  2592.0  0.06
314  2592.0  0.06
315  2592.0  0.06
316  2592.0  0.06
317  2592.0  0.06
318  2592.0  0.06
319  2592.0  0.06
320  2592.0  0.06
321  2592.0  0.06
322  2592.0  0.06
323  2592.0  0.06
324  2592.0  0.06
325  2592.0  0.06
326  2592.0  0.06
327  2592.0  0.06
328  2592.0  0.06
329  2592.0  0.06
330  2592.0  0.06
331  2592.0  0.06
332  2592.0  0.06
333  2592.0  0.06
334  2592.0  0.06
335  2592.0  0.06
336  2592.0  0.06
337  2592.0  0.06
338  2592.0  0.06
339  2592.0  0.06
340  2592.0  0.06
341  2592.0  0.06
342  2592.0  0.06
343  2592.0  0.06
344  2592.0  0.06
345  2709.0  0.02
346  2709.0  0.02
347  2709.0  0.02
348  2709.0  0.02
349  2709.0  0.02
350  2709.0  0.02
351  2709.0  0.02
352  2709.0  0.02
353  2709.0  0.02
354  2709.0  0.02
355  2709.0  0.02
356  2709.0  0.02
357  2709.0  0.02
358  2709.0  0.02
359  2709.0  0.02
360  2709.0  0.02
361  2709.0  0.02
362  2709.0  0.02
363  2709.0  0.02
364  2709.0  0.02
365  2709.0  0.02
366  2709.0  0.02
367  2709.0  0.02
368  2709.0  0.02
369  2709.0  0.02
370  2709.0  0.02
371  2709.0  0.02
372  2709.0  0.02
373  2709.0  0.02
374  2709.0  0.02
375  2709.0  0.02
376  2709.0  0.02
377  2709.0  0.02
378  2709.0  0.02
379  2709.0  0.02
380  2709.0  0.02
381  2709.0  0.02
382  2709.0  0.02
383  2709.0  0.02
384  2709.0  0.02
385  2709.0  0.02
386  2709.0  0.02
387  2709.0  0.02
388  2709.0  0.02
389  2709.0  0.02
390  2709.0  0.02
391  2709.0  0.02
392  2709.0  0.02
393  2709.0  0.02
394  2709.0  0.02
395  2709.0  0.02
396  2709.0  0.02
397  2709.0  0.02
398  2709.0  0.02
399  2709.0  0.02
400  2709.0  0.02
401  2709.0  0.02
402  2709.0  0.02
403  2709.0  0.02
404  2709.0  0.02
405  2709.0  0.02
406  2709.0  0.02
407  2709.0  0.02
408  2709.0  0.02
409  2709.0  0.02
410  2709.0  0.02
411  2709.0  0.02
412  2709.0  0.02
413  2709.0  0.02
414  2709.0  0.02
415  2709.0  0.02
416  2709.0  0.02
417  2709.0  0.02
418  2709.0  0.02
419  2709.0  0.02
420  2709.0  0.02
421  2709.0  0.02
422  2720.0  0.04
423  2720.0  0.04
424  2720.0  0.04
425  2720.0  0.04
426  2720.0  0.04
427  2720.0  0.04
428  2720.0  0.04
429  2720.0  0.04
430  2720.0  0.04
431  2720.0  0.04
432  2720.0  0.04
433  2720.0  0.04
434  2720.0  0.04
435  2720.0  0.04
436  2720.0  0.04
437  2720.0  0.04
438  2720.0  0.04
439  2720.0  0.04
440  2720.0  0.04
441  2720.0  0.04
442  2720.0  0.04
443  2720.0  0.04
444  2720.0  0.04
445  2720.0  0.04
446  2720.0  0.04
447  2720.0  0.04
448  2720.0  0.04
449  2720.0  0.04
450  2720.0  0.04
451  2720.0  0.04
452  2720.0  0.04
453  2720.0  0.04
454  2720.0  0.04
455  2720.0  0.04
456  2720.0  0.04
457  2720.0  0.04
458  2720.0  0.04
459  2720.0  0.04
460  2720.0  0.04
461  2720.0  0.04
462  2720.0  0.04
463  2720.0  0.04
464  2720.0  0.04
465  2720.0  0.04
466  2720.0  0.04
467  2720.0  0.04
468  2720.0  0.04
469  2720.0  0.04
470  2720.0  0.04
471  2720.0  0.04
472  2720.0  0.04
473  2720.0  0.04
474  2720.0  0.04
475  2720.0  0.04
476  2720.0  0.04
477  2720.0  0.04
478  2720.0  0.04
479  2720.0  0.04
480  2720.0  0.04
481  2720.0  0.04
482  2720.0  0.04
483  2720.0  0.04
484  2720.0  0.04
485  2720.0  0.04
486  2720.0  0.04
487  2720.0  0.04
488  2720.0  0.04
489  2720.0  0.04
490  2720.0  0.04
491  2720.0  0.04
492  2720.0  0.04
493  2720.0  0.04
494  2720.0  0.04
495  2720.0  0.04
496  2720.0  0.04
497  2720.0  0.04
498  2720.0  0.04
499  2720.0  0.04
500  2720.0  0.04
501  2720.0  0.04
502  2720.0  0.04
503  2720.0  0.04
504  2720.0  0.04
505  2720.0  0.04
506  2720.0  0.04
507  2720.0  0.04
508  2720.0  0.04
509  2720.0  0.04
510  2720.0  0.04
511  2720.0  0.04
512  2720.0  0.04
513  2720.0  0.04
514  2720.0  0.04
515  2720.0  0.04
516  2720.0  0.04
517  2720.0  0.04
518  2720.0  0.04
519  2720.0  0.04
520  2720.0  0.04
521  2720.0  0.04
522  2720.0  0.04
523  2720.0  0.04
524  2720.0  0.04
525  2720.0  0.04
526  2720.0  0.04
527  2720.0  0.04
528  2720.0  0.04
529  2720.0  0.04
530  2720.0  0.04
531  2720.0  0.04
532  2720.0  0.04
533  2720.0  0.04
534  2720.0  0.04
535  2720.0  0.04
536  2720.0  0.04
537  2720.0  0.04
538  2720.0  0.04
539  2720.0  0.04
540  2720.0  0.04
541  2720.0  0.04
542  2720.0  0.04
543  2720.0  0.04
544  2720.0  0.04
545  2720.0  0.04
546  2720.0  0.04
547  2720.0  0.04
548  2720.0  0.04
549  2720.0  0.04
550  2720.0  0.04
551  2720.0  0.04
552  2720.0  0.04
553  2720.0  0.04
554  2720.0  0.04
555  2720.0  0.04
556  2720.0  0.04
557  2720.0  0.04
558  2720.0  0.04
559  2720.0  0.04
560  2720.0  0.04
561  2720.0  0.04
562  2720.0  0.04
563  2720.0  0.04
564  2720.0  0.04
565  2720.0  0.04
566  2720.0  0.04
567  2720.0  0.04
568  2720.0  0.04
569  2720.0  0.04
570  2720.0  0.04
571  2720.0  0.04
572  2720.0  0.04
573  2720.0  0.04
574  2720.0  0.04
575  2720.0  0.04
576  2720.0  0.04
577  2720.0  0.04
578  2720.0  0.04
579  2720.0  0.04
580  2720.0  0.04
581  2720.0  0.04
582  2720.0  0.04
583  2720.0  0.04
584  2720.0  0.04
585  2720.0  0.04
586  2720.0  0.04
587  2720.0  0.04
588  2720.0  0.04
589  2720.0  0.04
590  2720.0  0.04
591  2720.0  0.04
592  2720.0  0.04
593  2720.0  0.04
594  2720.0  0.04
595  2720.0  0.04
596  2720.0  0.04
597  2720.0  0.04
598  2720.0  0.04
599  2720.0  0.04
600  2720.0  0.04
601  2720.0  0.04
602  2720.0  0.04
603  2720.0  0.04
604  2720.0  0.04
605  2720.0  0.04
606  2720.0  0.04
607  2720.0  0.04
608  2720.0  0.04
609  2720.0  0.04
610  2720.0  0.04
611  2720.0  0.04
612  2720.0  0.04
613  2720.0  0.04
614  2720.0  0.04
615  2720.0  0.04
616  2720.0  0.04
617  2720.0  0.04
618  2720.0  0.04
619  2720.0  0.04
620  2720.0  0.04
621  2720.0  0.04
622  2720.0  0.04
623  2720.0  0.04
624  2720.0  0.04
625  2720.0  0.04
626  2720.0  0.04
627  2720.0  0.04
628  2720.0  0.04
629  2720.0  0.04
630  2720.0  0.04
631  2720.0  0.04
632  2720.0  0.04
633  2720.0  0.04
634  2720.0  0.04
635  2720.0  0.04
636  2720.0  0.04
637  2720.0  0.04
638  2720.0  0.04
639  2720.0  0.04
640  2720.0  0.04
641  2720.0  0.04
642  2720.0  0.04
643  2720.0  0.04
644  2720.0  0.04
645  2720.0  0.04
646  2720.0  0.04
647  2720.0  0.04
648  2720.0  0.04
649  2720.0  0.04
650  2720.0  0.04
651  2720.0  0.04
652  2720.0  0.04
653  2720.0  0.04
654  2720.0  0.04
655  2720.0  0.04
656  2720.0  0.04
657  2720.0  0.04
658  2720.0  0.04
659  2720.0  0.04
660  2720.0  0.04
661  2720.0  0.04
662  2720.0  0.04
663  2720.0  0.04
664  2720.0  0.04
665  2720.0  0.04
666  2720.0  0.04
667  2720.0  0.04
668  2720.0  0.04
669  2720.0  0.04
670  2720.0  0.04
671  2720.0  0.04
672  2720.0  0.04
673  2720.0  0.04
674  2720.0  0.04
675  2720.0  0.04
676  2720.0  0.04
677  2720.0  0.04
678  2720.0  0.04
679  2720.0  0.04
680  2720.0  0.04
681  2720.0  0.04
682  2720.0  0.04
683  2720.0  0.04
684  2720.0  0.04
685  2720.0  0.04
686  2720.0  0.04
687  2720.0  0.04
688  2720.0  0.04
689  2720.0  0.04
690  2720.0  0.04
691  2720.0  0.04
692  2720.0  0.04
693  2720.0  0.04
694  2720.0  0.04
695  2720.0  0.04
696  2720.0  0.04
697  2720.0  0.04
698  2720.0  0.04
699  2720.0  0.04
700  2720.0  0.04
701  2720.0  0.04
702  2720.0  0.04
703  2720.0  0.04
704  2720.0  0.04
705  2720.0  0.04
706  2720.0  0.04
707  2720.0  0.04
708  2720.0  0.04
709  2720.0  0.04
710  2720.0  0.04
711  2720.0  0.04
712  2720.0  0.04
713  2720.0  0.04
714  2720.0  0.04
715  2720.0  0.04
716  2720.0  0.04
717  2720.0  0.04
718  2720.0  0.04
719  2720.0  0.04
720  2720.0  0.04
721  2720.0  0.04
722  2720.0  0.04
723  2720.0  0.04
724  2720.0  0.04
725  2720.0  0.04
726  2720.0  0.04
727  2720.0  0.04
728  2720.0  0.04
729  2720.0  0.04
730  2720.0  0.04
731  2720.0  0.04
732  2720.0  0.04
733  2720.0  0.04
734  2720.0  0.04
735  2720.0  0.04
736  2720.0  0.04
737  2720.0  0.04
738  2720.0  0.04
739  2720.0  0.04
740  2720.0  0.04
741  2720.0  0.04
742  2720.0  0.04
743  2720.0  0.04
744  2720.0  0.04
745  2720.0  0.04
746  2720.0  0.04
747  2720.0  0.04
748  2720.0  0.04
749  2720.0  0.04
750  2720.0  0.04
751  2720.0  0.04
752  2720.0  0.04
753  2720.0  0.04
754  2720.0  0.04
755  2720.0  0.04
756  2720.0  0.04
757  2720.0  0.04
758  2720.0  0.04
759  2720.0  0.04
760  2720.0  0.04
761  2720.0  0.04
762  2720.0  0.04
763  2720.0  0.04
764  2720.0  0.04
765  2720.0  0.04
766  2720.0  0.04
767  2720.0  0.04
768  2720.0  0.04
769  2720.0  0.04
770  2720.0  0.04
771  2720.0  0.04
772  2720.0  0.04
773  2720.0  0.04
774  2720.0  0.04
775  2720.0  0.04
776  2720.0  0.04
777  2720.0  0.04
778  2720.0  0.04
779  2720.0  0.04
780  2720.0  0.04
781  2720.0  0.04
782  2720.0  0.04
783  2720.0  0.04
784  2720.0  0.04
785  2720.0  0.04
786  2720.0  0.04
787  2720.0  0.04
788  2720.0  0.04
789  2720.0  0.04
790  2720.0  0.04
791  2720.0  0.04
792  2720.0  0.04
793  2720.0  0.04
794  2720.0  0.04
795  2720.0  0.04
796  2720.0  0.04
797  2720.0  0.04
798  2720.0  0.04
799  2720.0  0.04
800  2720.0  0.04
801  2720.0  0.04
802  2720.0  0.04
803  2720.0  0.04
804  2720.0  0.04
805  2720.0  0.04
806  2720.0  0.04
807  2720.0  0.04
808  2720.0  0.04
809  2720.0  0.04
810  2720.0  0.04
811  2720.0  0.04
812  2720.0  0.04
813  2720.0  0.04
814  2720.0  0.04
815  2720.0  0.04
816  2720.0  0.04
817  2720.0  0.04
818  2720.0  0.04
819  2720.0  0.04
820  2720.0  0.04
821  2720.0  0.04
822  2720.0  0.04
823  2720.0  0.04
824  2720.0  0.04
825  2720.0  0.04
826  2720.0  0.04
827  2720.0  0.04
828  2720.0  0.04
829  2720.0  0.04
830  2720.0  0.04
831  2720.0  0.04
832  2720.0  0.04
833  2720.0  0.04
834  2720.0  0.04
835  2720.0  0.04
836  2720.0  0.04
837  2720.0  0.04
838  2720.0  0.04
839  2720.0  0.04
840  2720.0  0.04
841  2720.0  0.04
842  2720.0  0.04
843  2720.0  0.04
844  2720.0  0.04
845  2720.0  0.04
846  2720.0  0.04
847  2720.0  0.04
848  2720.0  0.04
849  2720.0  0.04
850  2720.0  0.04
851  2720.0  0.04
852  2720.0  0.04
853  2720.0  0.04
854  2720.0  0.04
855  2720.0  0.04
856  2720.0  0.04
857  2720.0  0.04
858  2720.0  0.04
859  2720.0  0.04
860  2720.0  0.04
861  2720.0  0.04
862  2720.0  0.04
863  2720.0  0.04
864  2720.0  0.04
865  2720.0  0.04
866  2720.0  0.04
867  2720.0  0.04
868  2720.0  0.04
869  2720.0  0.04
870  2720.0  0.04
871  2720.0  0.04
872  2720.0  0.04
873  2720.0  0.04
874  2720.0  0.04
875  2720.0  0.04
876  2720.0  0.04
877  2720.0  0.04
878  2720.0  0.04
879  2720.0  0.04
880  2720.0  0.04
881  2720.0  0.04
882  2720.0  0.04
883  2720.0  0.04
884  2720.0  0.04
885  2720.0  0.04
886  2720.0  0.04
887  2720.0  0.04
888  2720.0  0.04
889  2720.0  0.04
890  2720.0  0.04
891  2720.0  0.04
892  2720.0  0.04
893  2720.0  0.04
894  2720.0  0.04
895  2720.0  0.04
896  2720.0  0.04
897  2720.0  0.04
898  2720.0  0.04
899  2720.0  0.04
900  2720.0  0.04
901  2720.0  0.04
902  2720.0  0.04
903  2720.0  0.04
904  2720.0  0.04
905  2720.0  0.04
906  2720.0  0.04
907  2720.0  0.04
908  2720.0  0.04
909  2720.0  0.04
910  2720.0  0.04
911  2720.0  0.04
912  2720.0  0.04
913  2720.0  0.04
914  2720.0  0.04
915  2720.0  0.04
916  2720.0  0.04
917  2720.0  0.04
918  2720.0  0.04
919  2720.0  0.04
920  2720.0  0.04
921  2720.0  0.04
922  2720.0  0.04
923  2720.0  0.04
924  2720.0  0.04
925  2720.0  0.04
926  2720.0  0.04
927  2720.0  0.04
928  2720.0  0.04
929  2720.0  0.04
930  2720.0  0.04
931  2720.0  0.04
932  2720.0  0.04
933  2720.0  0.04
934  2720.0  0.04
935  2720.0  0.04
936  2720.0  0.04
937  2720.0  0.04
938  2720.0  0.04
939  2720.0  0.04
940  2720.0  0.04
941  2720.0  0.04
942  2720.0  0.04
943  2720.0  0.04
944  2720.0  0.04
945  2720.0  0.04
946  2720.0  0.04
947  2720.0  0.04
948  2720.0  0.04
949  2720.0  0.04
950  2720.0  0.04
951  2720.0  0.04
952  2720.0  0.04
953  2720.0  0.04
954  2720.0  0.04
955  2720.0  0.04
956  2720.0  0.04
957  2720.0  0.04
958  2720.0  0.04
959  2720.0  0.04
960  2720.0  0.04
961  2720.0  0.04
962  2720.0  0.04
963  2720.0  0.04
964  2720.0  0.04
965  2720.0  0.04
966  2720.0  0.04
967  2720.0  0.04
968  2720.0  0.04
969  2720.0  0.04
970  2720.0  0.04
971  2720.0  0.04
972  2720.0  0.04
973  2720.0  0.04
974  2720.0  0.04
975  2720.0  0.04
976  2720.0  0.04
977  2720.0  0.04
978  2720.0  0.04
979  2720.0  0.04
980  2720.0  0.04
981  2720.0  0.04
982  2720.0  0.04
983  2720.0  0.04
984  2720.0  0.04
985  2720.0  0.04
986  2720.0  0.04
987  2720.0  0.04
988  2720.0  0.04
989  2720.0  0.04
990  2720.0  0.04
991  2720.0  0.04
992  2720.0  0.04
993  2720.0  0.04
994  2720.0  0.04
995  2720.0  0.04
996  2720.0  0.04
997  2720.0  0.04
998  2720.0  0.04
999  2720.0  0.04
1000  2720.0  0.04
1001  2720.0  0.04
1002  2720.0  0.04
1003  2720.0  0.04
1004  2720.0  0.04
1005  2720.0  0.04
1006  2720.0  0.04
1007  2720.0  0.04
1008  2720.0  0.04
1009  2720.0  0.04
1010  2720.0  0.04
1011  2720.0  0.04
1012  2720.0  0.04
1013  2720.0  0.04
1014  2720.0  0.04
1015  2720.0  0.04
1016  2720.0  0.04
1017  2720.0  0.04
1018  2720.0  0.04
1019  2720.0  0.04
1020  2720.0  0.04
1021  2720.0  0.04
1022  2720.0  0.04
1023  2720.0  0.04
1024  2720.0  0.04
1025  2720.0  0.04
1026  2720.0  0.04
1027  2720.0  0.04
1028  2720.0  0.04
1029  2720.0  0.04
1030  2720.0  0.04
1031  2720.0  0.04
1032  2720.0  0.04
1033  2720.0  0.04
1034  2720.0  0.04
1035  2720.0  0.04
1036  2720.0  0.04
1037  2720.0  0.04
1038  2720.0  0.04
1039  2720.0  0.04
1040  2720.0  0.04
1041  2720.0  0.04
1042  2720.0  0.04
1043  2720.0  0.04
1044  2720.0  0.04
1045  2720.0  0.04
1046  2720.0  0.04
1047  2720.0  0.04
1048  2720.0  0.04
1049  2720.0  0.04
1050  2720.0  0.04
1051  2720.0  0.04
1052  2720.0  0.04
1053  2720.0  0.04
1054  2720.0  0.04
1055  2720.0  0.04
1056  2720.0  0.04
1057  2720.0  0.04
1058  2720.0  0.04
1059  2720.0  0.04
1060  2720.0  0.04
1061  2720.0  0.04
1062  2720.0  0.04
1063  2720.0  0.04
1064  2720.0  0.04
1065  2720.0  0.04
1066  2720.0  0.04
1067  2720.0  0.04
1068  2720.0  0.04
1069  2720.0  0.04
1070  2720.0  0.04
1071  2720.0  0.04
1072  2720.0  0.04
1073  2720.0  0.04
1074  2720.0  0.04
1075  2720.0  0.04
1076  2720.0  0.04
1077  2720.0  0.04
1078  2720.0  0.04
1079  2720.0  0.04
1080  2720.0  0.04
1081  2720.0  0.04
1082  2720.0  0.04
1083  2720.0  0.04
1084  2720.0  0.04
1085  2720.0  0.04
1086  2720.0  0.04
1087  2720.0  0.04
1088  2720.0  0.04
1089  2720.0  0.04
1090  2720.0  0.04
1091  2720.0  0.04
1092  2720.0  0.04
1093  2720.0  0.04
1094  2720.0  0.04
1095  2720.0  0.04
1096  2720.0  0.04
1097  2720.0  0.04
1098  2720.0  0.04
1099  2720.0  0.04
1100  2720.0  0.04
1101  2720.0  0.04
1102  2720.0  0.04
1103  2720.0  0.04
1104  2720.0  0.04
1105  2720.0  0.04
1106  2720.0  0.04
1107  2720.0  0.04
1108  2720.0  0.04
1109  2720.0  0.04
1110  2720.0  0.04
1111  2720.0  0.04
1112  2720.0  0.04
1113  2720.0  0.04
1114  2720.0  0.04
1115  2720.0  0.04
1116  2720.0  0.04
1117  2720.0  0.04
1118  2720.0  0.04
1119  2720.0  0.04
1120  2720.0  0.04
1121  2720.0  0.04
1122  2720.0  0.04
1123  2720.0  0.04
1124  2720.0  0.04
1125  2720.0  0.04
1126  2720.0  0.04
1127  2720.0  0.04
1128  2720.0  0.04
1129  2720.0  0.04
1130  2720.0  0.04
1131  2720.0  0.04
1132  2720.0  0.04
1133  2720.0  0.04
1134  2720.0  0.04
1135  2720.0  0.04
1136  2720.0  0.04
1137  2720.0  0.04
1138  2720.0  0.04
1139  2720.0  0.04
1140  2720.0  0.04
1141  2720.0  0.04
1142  2720.0  0.04
1143  2720.0  0.04
1144  2720.0  0.04
1145  2720.0  0.04
1146  2720.0  0.04
1147  2720.0  0.04
1148  2720.0  0.04
1149  2720.0  0.04
1150  2720.0  0.04
1151  2720.0  0.04
1152  2720.0  0.04
1153  2720.0  0.04
1154  2720.0  0.04
1155  2720.0  0.04
1156  2720.0  0.04
1157  2720.0  0.04
1158  2720.0  0.04
1159  2720.0  0.04
1160  2720.0  0.04
1161  2720.0  0.04
1162  2720.0  0.04
1163  2720.0  0.04
1164  2720.0  0.04
1165  2720.0  0.04
1166  2720.0  0.04
1167  2720.0  0.04
1168  2720.0  0.04
1169  2720.0  0.04
1170  2720.0  0.04
1171  2720.0  0.04
1172  2720.0  0.04
1173  2720.0  0.04
1174  2720.0  0.04
1175  2720.0  0.04
1176  2720.0  0.04
1177  2720.0  0.04
1178  2720.0  0.04
1179  2720.0  0.04
1180  2720.0  0.04
1181  2720.0  0.04
1182  2720.0  0.04
1183  2720.0  0.04
1184  2720.0  0.04
1185  2720.0  0.04
1186  2720.0  0.04
1187  2720.0  0.04
1188  2720.0  0.04
1189  2720.0  0.04
1190  2720.0  0.04
1191  2720.0  0.04
1192  2720.0  0.04
1193  2720.0  0.04
1194  2720.0  0.04
1195  2720.0  0.04
1196  2720.0  0.04
1197  2720.0  0.04
1198  2720.0  0.04
1199  2720.0  0.04
1200  2720.0  0.04
1201  2720.0  0.04
1202  2720.0  0.04
1203  2720.0  0.04
1204  2720.0  0.04
1205  2720.0  0.04
1206  2720.0  0.04
1207  2720.0  0.04
1208  2720.0  0.04
1209  2720.0  0.04
1210  2720.0  0.04
1211  2720.0  0.04
1212  2720.0  0.04
1213  2720.0  0.04
1214  2720.0  0.04
1215  2720.0  0.04
1216  2720.0  0.04
1217  2720.0  0.04
1218  2720.0  0.04
1219  2720.0  0.04
1220  2720.0  0.04
1221  2720.0  0.04
1222  2720.0  0.04
1223  2720.0  0.04
1224  2720.0  0.04
1225  2720.0  0.04
1226  2720.0  0.04
1227  2720.0  0.04
1228  2720.0  0.04
1229  2720.0  0.04
1230  2720.0  0.04
1231  2720.0  0.04
1232  2720.0  0.04
1233  2720.0  0.04
1234  2720.0  0.04
1235  2720.0  0.04
1236  2720.0  0.04
1237  2720.0  0.04
1238  2720.0  0.04
1239  2720.0  0.04
1240  2720.0  0.04
1241  2720.0  0.04
1242  2720.0  0.04
1243  2720.0  0.04
1244  2720.0  0.04
1245  2720.0  0.04
1246  2720.0  0.04
1247  2720.0  0.04
1248  2720.0  0.04
1249  2720.0  0.04
1250  2720.0  0.04
1251  2720.0  0.04
1252  2720.0  0.04
1253  2720.0  0.04
1254  2720.0  0.04
1255  2720.0  0.04
1256  2720.0  0.04
1257  2720.0  0.04
1258  2720.0  0.04
1259  2720.0  0.04
1260  2720.0  0.04
1261  2720.0  0.04
1262  2720.0  0.04
1263  2720.0  0.04
1264  2720.0  0.04
1265  2720.0  0.04
1266  2720.0  0.04
1267  2720.0  0.04
1268  2720.0  0.04
1269  2720.0  0.04
1270  2720.0  0.04
1271  2720.0  0.04
1272  2720.0  0.04
1273  2720.0  0.04
1274  2720.0  0.04
1275  2720.0  0.04
1276  2720.0  0.04
1277  2720.0  0.04
1278  2720.0  0.04
1279  2720.0  0.04
1280  2720.0  0.04
1281  2720.0  0.04
1282  2720.0  0.04
1283  2720.0  0.04
1284  2720.0  0.04
1285  2720.0  0.04
1286  2720.0  0.04
1287  2720.0  0.04
1288  2720.0  0.04
1289  2720.0  0.04
1290  2720.0  0.04
1291  2720.0  0.04
1292  2720.0  0.04
1293  2720.0  0.04
1294  2720.0  0.04
1295  2720.0  0.04
1296  2720.0  0.04
1297  2720.0  0.04
1298  2720.0  0.04
1299  2720.0  0.04
1300  2720.0  0.04
1301  2720.0  0.04
1302  2720.0  0.04
1303  2720.0  0.04
1304  2720.0  0.04
1305  2720.0  0.04
1306  2720.0  0.04
1307  2720.0  0.04
1308  2720.0  0.04
1309  2720.0  0.04
1310  2720.0  0.04
1311  2720.0  0.04
1312  2720.0  0.04
1313  2720.0  0.04
1314  2720.0  0.04
1315  2720.0  0.04
1316  2720.0  0.04
1317  2720.0  0.04
1318  2720.0  0.04
1319  2720.0  0.04
1320  2720.0  0.04
1321  2720.0  0.04
1322  2720.0  0.04
1323  2720.0  0.04
1324  2720.0  0.04
1325  2720.0  0.04
1326  2720.0  0.04
1327  2720.0  0.04
1328  2720.0  0.04
1329  2720.0  0.04
1330  2720.0  0.04
1331  2720.0  0.04
1332  2720.0  0.04
1333  2720.0  0.04
1334  2720.0  0.04
1335  2720.0  0.04
1336  2720.0  0.04
1337  2720.0  0.04
1338  2720.0  0.04
1339  2720.0  0.04
1340  2720.0  0.04
1341  2720.0  0.04
1342  2720.0  0.04
1343  2720.0  0.04
1344  2720.0  0.04
1345  2720.0  0.04
1346  2720.0  0.04
1347  2720.0  0.04
1348  2720.0  0.04
1349  2720.0  0.04
1350  2720.0  0.04
1351  2720.0  0.04
1352  2720.0  0.04
1353  2720.0  0.04
1354  2720.0  0.04
1355  2720.0  0.04
1356  2720.0  0.04
1357  2720.0  0.04
1358  2720.0  0.04
1359  2720.0  0.04
1360  2720.0  0.04
1361  2720.0  0.04
1362  2720.0  0.04
1363  2720.0  0.04
1364  2720.0  0.04
1365  2720.0  0.04
1366  2720.0  0.04
1367  2720.0  0.04
1368  2720.0  0.04
1369  2720.0  0.04
1370  2720.0  0.04
1371  2720.0  0.04
1372  2720.0  0.04
1373  2720.0  0.04
1374  2720.0  0.04
1375  2720.0  0.04
1376  2720.0  0.04
1377  2720.0  0.04
1378  2720.0  0.04
1379  2720.0  0.04
1380  2720.0  0.04
1381  2720.0  0.04
1382  2720.0  0.04
1383  2720.0  0.04
1384  2720.0  0.04
1385  2720.0  0.04
1386  2720.0  0.04
1387  2720.0  0.04
1388  2720.0  0.04
1389  2720.0  0.04
1390  2720.0  0.04
1391  2720.0  0.04
1392  2720.0  0.04
1393  2720.0  0.04
1394  2720.0  0.04
1395  2720.0  0.04
1396  2720.0  0.04
1397  2720.0  0.04
1398  2720.0  0.04
1399  2720.0  0.04
1400  2720.0  0.04
1401  2720.0  0.04
1402  2720.0  0.04
1403  2720.0  0.04
1404  2720.0  0.04
1405  2720.0  0.04
1406  2720.0  0.04
1407  2720.0  0.04
1408  2720.0  0.04
1409  2720.0  0.04
1410  2720.0  0.04
1411  2720.0  0.04
1412  2720.0  0.04
1413  2720.0  0.04
1414  2720.0  0.04
1415  2720.0  0.04
1416  2720.0  0.04
1417  2720.0  0.04
1418  2720.0  0.04
1419  2720.0  0.04
1420  2720.0  0.04
1421  2720.0  0.04
1422  2720.0  0.04
1423  2720.0  0.04
1424  2720.0  0.04
1425  2720.0  0.04
1426  2720.0  0.04
1427  2720.0  0.04
1428  2720.0  0.04
1429  2720.0  0.04
1430  2720.0  0.04
1431  2720.0  0.04
1432  2720.0  0.04
1433  2720.0  0.04
1434  2720.0  0.04
1435  2720.0  0.04
1436  2720.0  0.04
1437  2720.0  0.04
1438  2720.0  0.04
1439  2720.0  0.04
1440  2720.0  0.04
1441  2720.0  0.04
1442  2720.0  0.04
1443  2720.0  0.04
1444  2720.0  0.04
1445  2720.0  0.04
1446  2720.0  0.04
1447  2720.0  0.04
1448  2720.0  0.04
1449  2720.0  0.04
1450  2720.0  0.04
1451  2720.0  0.04
1452  2720.0  0.04
1453  2720.0  0.04
1454  2720.0  0.04
1455  2720.0  0.04
1456  2720.0  0.04
1457  2720.0  0.04
1458  2720.0  0.04
1459  2720.0  0.04
1460  2720.0  0.04
1461  2720.0  0.04
1462  2720.0  0.04
1463  2720.0  0.04
1464  2720.0  0.04
1465  2720.0  0.04
1466  2720.0  0.04
1467  2720.0  0.04
1468  2720.0  0.04
1469  2720.0  0.04
1470  2720.0  0.04
1471  2720.0  0.04
1472  2720.0  0.04
1473  2720.0  0.04
1474  2720.0  0.04
1475  2720.0  0.04
1476  2720.0  0.04
1477  2720.0  0.04
1478  2720.0  0.04
1479  2720.0  0.04
1480  2720.0  0.04
1481  2720.0  0.04
1482  2720.0  0.04
1483  2720.0  0.04
1484  2720.0  0.04
1485  2720.0  0.04
1486  2720.0  0.04
1487  2720.0  0.04
1488  2720.0  0.04
1489  2720.0  0.04
1490  2720.0  0.04
1491  2720.0  0.04
1492  2720.0  0.04
1493  2720.0  0.04
1494  2720.0  0.04
1495  2720.0  0.04
1496  2720.0  0.04
1497  2720.0  0.04
1498  2720.0  0.04
1499  2720.0  0.04
1500  2720.0  0.04
1501  2720.0  0.04
1502  2720.0  0.04
1503  2720.0  0.04
1504  2720.0  0.04
1505  2720.0  0.04
1506  2720.0  0.04
1507  2720.0  0.04
1508  2720.0  0.04
1509  2720.0  0.04
1510  2720.0  0.04
1511  2720.0  0.04
1512  2720.0  0.04
1513  2720.0  0.04
1514  2720.0  0.04
1515  2720.0  0.04
1516  2720.0  0.04
1517  2720.0  0.04
1518  2720.0  0.04
1519  2720.0  0.04
1520  2720.0  0.04
1521  2720.0  0.04
1522  2720.0  0.04
1523  2720.0  0.04
1524  2720.0  0.04
1525  2720.0  0.04
1526  2720.0  0.04
1527  2720.0  0.04
1528  2720.0  0.04
1529  2720.0  0.04
1530  2720.0  0.04
1531  2720.0  0.04
1532  2720.0  0.04
1533  2720.0  0.04
1534  2720.0  0.04
1535  2720.0  0.04
1536  2720.0  0.04
1537  2720.0  0.04
1538  2720.0  0.04
1539  2720.0  0.04
1540  2720.0  0.04
1541  2720.0  0.04
1542  2720.0  0.04
1543  2720.0  0.04
1544  2720.0  0.04
1545  2720.0  0.04
1546  2720.0  0.04
1547  2720.0  0.04
1548  2720.0  0.04
1549  2720.0  0.04
1550  2720.0  0.04
1551  2720.0  0.04
1552  2720.0  0.04
1553  2720.0  0.04
1554  2720.0  0.04
1555  2720.0  0.04
1556  2720.0  0.04
1557  2720.0  0.04
1558  2720.0  0.04
1559  2720.0  0.04
1560  2720.0  0.04
1561  2720.0  0.04
1562  2720.0  0.04
1563  2720.0  0.04
1564  2720.0  0.04
1565  2720.0  0.04
1566  2720.0  0.04
1567  2720.0  0.04
1568  2720.0  0.04
1569  2720.0  0.04
1570  2720.0  0.04
1571  2720.0  0.04
1572  2720.0  0.04
1573  2720.0  0.04
1574  2720.0  0.04
1575  2720.0  0.04
1576  2720.0  0.04
1577  2720.0  0.04
1578  2720.0  0.04
1579  2720.0  0.04
1580  2720.0  0.04
1581  2720.0  0.04
1582  2720.0  0.04
1583  2720.0  0.04
1584  2720.0  0.04
1585  2720.0  0.04
1586  2720.0  0.04
1587  2720.0  0.04
1588  2720.0  0.04
1589  2720.0  0.04
1590  2720.0  0.04
1591  2720.0  0.04
1592  2720.0  0.04
1593  2720.0  0.04
1594  2720.0  0.04
1595  2720.0  0.04
1596  2720.0  0.04
1597  2720.0  0.04
1598  2720.0  0.04
1599  2720.0  0.04
1600  2720.0  0.04
1601  2720.0  0.04
1602  2720.0  0.04
1603  2720.0  0.04
1604  2720.0  0.04
1605  2720.0  0.04
1606  2720.0  0.04
1607  2720.0  0.04
1608  2720.0  0.04
1609  2720.0  0.04
1610  2720.0  0.04
1611  2720.0  0.04
1612  2720.0  0.04
1613  2720.0  0.04
1614  2720.0  0.04
1615  2720.0  0.04
1616  2720.0  0.04
1617  2720.0  0.04
1618  2720.0  0.04
1619  2720.0  0.04
1620  2720.0  0.04
1621  2720.0  0.04
1622  2720.0  0.04
1623  2720.0  0.04
1624  2720.0  0.04
1625  2720.0  0.04
1626  2720.0  0.04
1627  2720.0  0.04
1628  2720.0  0.04
1629  2720.0  0.04
1630  2720.0  0.04
1631  2720.0  0.04
1632  2720.0  0.04
1633  2720.0  0.04
1634  2720.0  0.04
1635  2720.0  0.04
1636  2720.0  0.04
1637  2720.0  0.04
1638  2720.0  0.04
1639  2720.0  0.04
1640  2720.0  0.04
1641  2720.0  0.04
1642  2720.0  0.04
1643  2720.0  0.04
1644  2720.0  0.04
1645  2720.0  0.04
1646  2720.0  0.04
1647  2720.0  0.04
1648  2720.0  0.04
1649  2720.0  0.04
1650  2720.0  0.04
1651  2720.0  0.04
1652  2720.0  0.04
1653  2720.0  0.04
1654  2720.0  0.04
1655  2720.0  0.04
1656  2720.0  0.04
1657  2720.0  0.04
1658  2720.0  0.04
1659  2720.0  0.04
1660  2720.0  0.04
1661  2720.0  0.04
1662  2720.0  0.04
1663  2720.0  0.04
1664  2720.0  0.04
1665  2720.0  0.04
1666  2720.0  0.04
1667  2720.0  0.04
1668  2720.0  0.04
1669  2720.0  0.04
1670  2720.0  0.04
1671  2720.0  0.04
1672  2720.0  0.04
1673  2720.0  0.04
1674  2720.0  0.04
1675  2720.0  0.04
1676  2720.0  0.04
1677  2720.0  0.04
1678  2720.0  0.04
1679  2720.0  0.04
1680  2720.0  0.04
1681  2720.0  0.04
1682  2720.0  0.04
1683  2720.0  0.04
1684  2720.0  0.04
1685  2720.0  0.04
1686  2720.0  0.04
1687  2720.0  0.04
1688  2720.0  0.04
1689  2720.0  0.04
1690  2720.0  0.04
1691  2720.0  0.04
1692  2720.0  0.04
1693  2720.0  0.04
1694  2720.0  0.04
1695  2720.0  0.04
1696  2720.0  0.04
1697  2720.0  0.04
1698  2720.0  0.04
1699  2720.0  0.04
1700  2720.0  0.04
1701  2720.0  0.04
1702  2720.0  0.04
1703  2720.0  0.04
1704  2720.0  0.04
1705  2720.0  0.04
1706  2720.0  0.04
1707  2720.0  0.04
1708  2720.0  0.04
1709  2720.0  0.04
1710  2720.0  0.04
1711  2720.0  0.04
1712  2720.0  0.04
1713  2720.0  0.04
1714  2720.0  0.04
1715  2720.0  0.04
1716  2720.0  0.04
1717  2720.0  0.04
1718  2720.0  0.04
1719  2720.0  0.04
1720  2720.0  0.04
1721  2720.0  0.04
1722  2720.0  0.04
1723  2720.0  0.04
1724  2720.0  0.04
1725  2720.0  0.04
1726  2720.0  0.04
1727  2720.0  0.04
1728  2720.0  0.04
1729  2720.0  0.04
1730  2720.0  0.04
1731  2720.0  0.04
1732  2720.0  0.04
1733  2720.0  0.04
1734  2720.0  0.04
1735  2720.0  0.04
1736  2720.0  0.04
1737  2720.0  0.04
1738  2720.0  0.04
1739  2720.0  0.04
1740  2720.0  0.04
1741  2720.0  0.04
1742  2720.0  0.04
1743  2720.0  0.04
1744  2720.0  0.04
1745  2720.0  0.04
1746  2720.0  0.04
1747  2720.0  0.04
1748  2720.0  0.04
1749  2720.0  0.04
1750  2720.0  0.04
1751  2720.0  0.04
1752  2720.0  0.04
1753  2720.0  0.04
1754  2720.0  0.04
1755  2720.0  0.04
1756  2720.0  0.04
1757  2720.0  0.04
1758  2720.0  0.04
1759  2720.0  0.04
1760  2720.0  0.04
1761  2720.0  0.04
1762  2720.0  0.04
1763  2720.0  0.04
1764  2720.0  0.04
1765  2720.0  0.04
1766  2720.0  0.04
1767  2720.0  0.04
1768  2720.0  0.04
1769  2720.0  0.04
1770  2720.0  0.04
1771  2720.0  0.04
1772  2720.0  0.04
1773  2720.0  0.04
1774  2720.0  0.04
1775  2720.0  0.04
1776  2720.0  0.04
1777  2720.0  0.04
1778  2720.0  0.04
1779  2720.0  0.04
1780  2720.0  0.04
1781  2720.0  0.04
1782  2720.0  0.04
1783  2720.0  0.04
1784  2720.0  0.04
1785  2720.0  0.04
1786  2720.0  0.04
1787  2720.0  0.04
1788  2720.0  0.04
1789  2720.0  0.04
1790  2720.0  0.04
1791  2720.0  0.04
1792  2720.0  0.04
1793  2720.0  0.04
1794  2720.0  0.04
1795  2720.0  0.04
1796  2720.0  0.04
1797  2720.0  0.04
1798  2720.0  0.04
1799  2720.0  0.04
1800  2720.0  0.04
1801  2720.0  0.04
1802  2720.0  0.04
1803  2720.0  0.04
1804  2720.0  0.04
1805  2720.0  0.04
1806  2720.0  0.04
1807  2720.0  0.04
1808  2720.0  0.04
1809  2720.0  0.04
1810  2720.0  0.04
1811  2720.0  0.04
1812  2720.0  0.04
1813  2720.0  0.04
1814  2720.0  0.04
1815  2720.0  0.04
1816  2720.0  0.04
1817  2720.0  0.04
1818  2720.0  0.04
1819  2720.0  0.04
1820  2720.0  0.04
1821  2720.0  0.04
1822  2720.0  0.04
1823  2720.0  0.04
1824  2720.0  0.04
1825  2720.0  0.04
1826  2720.0  0.04
1827  2720.0  0.04
1828  2720.0  0.04
1829  2720.0  0.04
1830  2720.0  0.04
1831  2720.0  0.04
1832  2720.0  0.04
1833  2720.0  0.04
1834  2720.0  0.04
1835  2720.0  0.04
1836  2720.0  0.04
1837  2720.0  0.04
1838  2720.0  0.04
1839  2720.0  0.04
1840  2720.0  0.04
1841  2720.0  0.04
1842  2720.0  0.04
1843  2720.0  0.04
1844  2720.0  0.04
1845  2720.0  0.04
1846  2720.0  0.04
1847  2720.0  0.04
1848  2720.0  0.04
1849  2720.0  0.04
1850  2720.0  0.04
1851  2720.0  0.04
1852  2720.0  0.04
1853  2720.0  0.04
1854  2720.0  0.04
1855  2720.0  0.04
1856  2720.0  0.04
1857  2720.0  0.04
1858  2720.0  0.04
1859  2720.0  0.04
1860  2720.0  0.04
1861  2720.0  0.04
1862  2720.0  0.04
1863  2720.0  0.04
1864  2720.0  0.04
1865  2720.0  0.04
1866  2720.0  0.04
1867  2720.0  0.04
1868  2720.0  0.04
1869  2720.0  0.04
1870  2720.0  0.04
1871  2720.0  0.04
1872  2720.0  0.04
1873  2720.0  0.04
1874  2720.0  0.04
1875  2720.0  0.04
1876  2720.0  0.04
1877  2720.0  0.04
1878  2720.0  0.04
1879  2720.0  0.04
1880  2720.0  0.04
1881  2720.0  0.04
1882  2720.0  0.04
1883  2720.0  0.04
1884  2720.0  0.04
1885  2720.0  0.04
1886  2720.0  0.04
1887  2720.0  0.04
1888  2720.0  0.04
1889  2720.0  0.04
1890  2720.0  0.04
1891  2720.0  0.04
1892  2720.0  0.04
1893  2720.0  0.04
1894  2720.0  0.04
1895  2720.0  0.04
1896  2720.0  0.04
1897  2720.0  0.04
1898  2720.0  0.04
1899  2720.0  0.04
1900  2720.0  0.04
1901  2720.0  0.04
1902  2720.0  0.04
1903  2720.0  0.04
1904  2720.0  0.04
1905  2720.0  0.04
1906  2720.0  0.04
1907  2720.0  0.04
1908  2720.0  0.04
1909  2720.0  0.04
1910  2720.0  0.04
1911  2720.0  0.04
1912  2720.0  0.04
1913  2720.0  0.04
1914  2720.0  0.04
1915  2720.0  0.04
1916  2720.0  0.04
1917  2720.0  0.04
1918  2720.0  0.04
1919  2720.0  0.04
1920  2720.0  0.04
1921  2720.0  0.04
1922  2720.0  0.04
1923  2720.0  0.04
1924  2720.0  0.04
1925  2720.0  0.04
1926  2720.0  0.04
1927  2720.0  0.04
1928  2720.0  0.04
1929  2720.0  0.04
1930  2720.0  0.04
1931  2720.0  0.04
1932  2720.0  0.04
1933  2720.0  0.04
1934  2720.0  0.04
1935  2720.0  0.04
1936  2720.0  0.04
1937  2720.0  0.04
1938  2720.0  0.04
1939  2720.0  0.04
1940  2720.0  0.04
1941  2720.0  0.04
1942  2720.0  0.04
1943  2720.0  0.04
1944  2720.0  0.04
1945  2720.0  0.04
1946  2720.0  0.04
1947  2720.0  0.04
1948  2720.0  0.04
1949  2720.0  0.04
1950  2720.0  0.04
1951  2720.0  0.04
1952  2720.0  0.04
1953  2720.0  0.04
1954  2720.0  0.04
1955  2720.0  0.04
1956  2720.0  0.04
1957  2720.0  0.04
1958  2720.0  0.04
1959  2720.0  0.04
1960  2720.0  0.04
1961  2720.0  0.04
1962  2720.0  0.04
1963  2720.0  0.04
1964  2720.0  0.04
1965  2720.0  0.04
1966  2720.0  0.04
1967  2720.0  0.04
1968  2720.0  0.04
1969  2720.0  0.04
1970  2720.0  0.04
1971  2720.0  0.04
1972  2720.0  0.04
1973  2720.0  0.04
1974  2720.0  0.04
1975  2720.0  0.04
1976  2720.0  0.04
1977  2720.0  0.04
1978  2720.0  0.04
1979  2720.0  0.04
1980  2720.0  0.04
1981  2720.0  0.04
1982  2720.0  0.04
1983  2720.0  0.04
1984  2720.0  0.04
1985  2720.0  0.04
1986  2720.0  0.04
1987  2720.0  0.04
1988  2720.0  0.04
1989  2720.0  0.04
1990  2720.0  0.04
1991  2720.0  0.04
1992  2720.0  0.04
1993  2720.0  0.04
1994  2720.0  0.04
1995  2720.0  0.04
1996  2720.0  0.04
1997  2720.0  0.04
1998  2720.0  0.04
1999  2720.0  0.04
2000  2720.0  0.04
2001  2720.0  0.04
2002  2720.0  0.04
2003  2720.0  0.04
2004  2720.0  0.04
2005  2720.0  0.04
2006  2720.0  0.04
2007  2720.0  0.04
2008  2720.0  0.04
2009  2720.0  0.04
2010  2720.0  0.04
2011  2720.0  0.04
2012  2720.0  0.04
2013  2720.0  0.04
2014  2720.0  0.04
2015  2720.0  0.04
2016  2720.0  0.04
2017  2720.0  0.04
2018  2720.0  0.04
2019  2720.0  0.04
2020  2720.0  0.04
2021  2720.0  0.04
2022  2720.0  0.04
2023  2720.0  0.04
2024  2720.0  0.04
2025  2720.0  0.04
2026  2720.0  0.04
2027  2720.0  0.04
2028  2720.0  0.04
2029  2720.0  0.04
2030  2720.0  0.04
2031  2720.0  0.04
2032  2720.0  0.04
2033  2720.0  0.04
2034  2720.0  0.04
2035  2720.0  0.04
2036  2720.0  0.04
2037  2720.0  0.04
2038  2720.0  0.04
2039  2720.0  0.04
2040  2720.0  0.04
2041  2720.0  0.04
2042  2720.0  0.04
2043  2720.0  0.04
2044  2720.0  0.04
2045  2720.0  0.04
2046  2720.0  0.04
2047  2720.0  0.04
2048  2720.0  0.04
2049  2720.0  0.04
2050  2720.0  0.04
2051  2720.0  0.04
2052  2720.0  0.04
2053  2720.0  0.04
2054  2720.0  0.04
2055  2720.0  0.04
2056  2720.0  0.04
2057  2720.0  0.04
2058  2720.0  0.04
2059  2720.0  0.04
2060  2720.0  0.04
2061  2720.0  0.04
2062  2720.0  0.04
2063  2720.0  0.04
2064  2720.0  0.04
2065  2720.0  0.04
2066  2720.0  0.04
2067  2720.0  0.04
2068  2720.0  0.04
2069  2720.0  0.04
2070  2720.0  0.04
2071  2720.0  0.04
2072  2720.0  0.04
2073  2720.0  0.04
2074  2720.0  0.04
2075  2720.0  0.04
2076  2720.0  0.04
2077  2720.0  0.04
2078  2720.0  0.04
2079  2720.0  0.04
2080  2720.0  0.04
2081  2720.0  0.04
2082  2720.0  0.04
2083  2720.0  0.04
2084  2720.0  0.04
2085  2720.0  0.04
2086  2720.0  0.04
2087  2720.0  0.04
2088  2720.0  0.04
2089  2720.0  0.04
2090  2720.0  0.04
2091  2720.0  0.04
2092  2720.0  0.04
2093  2720.0  0.04
2094  2720.0  0.04
2095  2720.0  0.04
2096  2720.0  0.04
2097  2720.0  0.04
2098  2720.0  0.04
2099  2720.0  0.04
2100  2720.0  0.04
2101  2720.0  0.04
2102  2720.0  0.04
2103  2720.0  0.04
2104  2720.0  0.04
2105  2720.0  0.04
2106  2720.0  0.04
2107  2720.0  0.04
2108  2720.0  0.04
2109  2720.0  0.04
2110  2720.0  0.04
2111  2720.0  0.04
2112  2720.0  0.04
2113  2720.0  0.04
2114  2720.0  0.04
2115  2720.0  0.04
2116  2720.0  0.04
2117  2720.0  0.04
2118  2720.0  0.04
2119  2720.0  0.04
2120  2720.0  0.04
2121  2720.0  0.04
2122  2720.0  0.04
2123  2720.0  0.04
2124  2720.0  0.04
2125  2720.0  0.04
2126  2720.0  0.04
2127  2720.0  0.04
2128  2720.0  0.04
2129  2720.0  0.04
2130  2720.0  0.04
2131  2720.0  0.04
2132  2720.0  0.04
2133  2720.0  0.04
2134  2720.0  0.04
2135  2720.0  0.04
2136  2720.0  0.04
2137  2720.0  0.04
2138  2720.0  0.04
2139  2720.0  0.04
2140  2720.0  0.04
2141  2720.0  0.04
2142  2720.0  0.04
2143  2720.0  0.04
2144  2720.0  0.04
2145  2720.0  0.04
2146  2720.0  0.04
2147  2720.0  0.04
2148  2720.0  0.04
2149  2720.0  0.04
2150  2720.0  0.04
2151  2720.0  0.04
2152  2720.0  0.04
2153  2720.0  0.04
2154  2720.0  0.04
2155  2720.0  0.04
2156  2720.0  0.04
2157  2720.0  0.04
2158  2720.0  0.04
2159  2720.0  0.04
2160  2720.0  0.04
2161  2720.0  0.04
2162  2720.0  0.04
2163  2720.0  0.04
2164  2720.0  0.04
2165  2720.0  0.04
2166  2720.0  0.04
2167  2720.0  0.04
2168  2720.0  0.04
2169  2720.0  0.04
2170  2720.0  0.04
2171  2720.0  0.04
2172  2720.0  0.04
2173  2720.0  0.04
2174  2720.0  0.04
2175  2720.0  0.04
2176  2720.0  0.04
2177  2720.0  0.04
2178  2720.0  0.04
2179  2720.0  0.04
2180  2720.0  0.04
2181  2720.0  0.04
2182  2720.0  0.04
2183  2720.0  0.04
2184  2720.0  0.04
2185  2720.0  0.04
2186  2720.0  0.04
2187  2720.0  0.04
2188  2720.0  0.04
2189  2720.0  0.04
2190  2720.0  0.04
2191  2720.0  0.04
2192  2720.0  0.04
2193  2720.0  0.04
2194  2720.0  0.04
2195  2720.0  0.04
2196  2720.0  0.04
2197  2720.0  0.04
2198  2720.0  0.04
2199  2720.0  0.04
2200  2720.0  0.04
2201  2720.0  0.04
2202  2720.0  0.04
2203  2720.0  0.04
2204  2720.0  0.04
2205  2720.0  0.04
2206  2720.0  0.04
2207  2720.0  0.04
2208  2720.0  0.04
2209  2720.0  0.04
2210  2720.0  0.04
2211  2720.0  0.04
2212  2720.0  0.04
2213  2720.0  0.04
2214  2720.0  0.04
2215  2720.0  0.04
2216  2720.0  0.04
2217  2720.0  0.04
2218  2720.0  0.04
2219  2720.0  0.04
2220  2720.0  0.04
2221  2720.0  0.04
2222  2720.0  0.04
2223  2720.0  0.04
2224  2720.0  0.04
2225  2720.0  0.04
2226  2720.0  0.04
2227  2720.0  0.04
2228  2720.0  0.04
2229  2720.0  0.04
2230  2720.0  0.04
2231  2720.0  0.04
2232  2720.0  0.04
2233  2720.0  0.04
2234  2720.0  0.04
2235  2720.0  0.04
2236  2720.0  0.04
2237  2720.0  0.04
2238  2720.0  0.04
2239  2720.0  0.04
2240  2720.0  0.04
2241  2720.0  0.04
2242  2720.0  0.04
2243  2720.0  0.04
2244  2720.0  0.04
2245  2720.0  0.04
2246  2720.0  0.04
2247  2720.0  0.04
2248  2720.0  0.04
2249  2720.0  0.04
2250  2720.0  0.04
2251  2720.0  0.04
2252  2720.0  0.04
2253  2720.0  0.04
2254  2720.0  0.04
2255  2720.0  0.04
2256  2720.0  0.04
2257  2720.0  0.04
2258  2720.0  0.04
2259  2720.0  0.04
2260  2720.0  0.04
2261  2720.0  0.04
2262  2720.0  0.04
2263  2720.0  0.04
2264  2720.0  0.04
2265  2720.0  0.04
2266  2720.0  0.04
2267  2720.0  0.04
2268  2720.0  0.04
2269  2720.0  0.04
2270  2720.0  0.04
2271  2720.0  0.04
2272  2720.0  0.04
2273  2720.0  0.04
2274  2720.0  0.04
2275  2720.0  0.04
2276  2720.0  0.04
2277  2720.0  0.04
2278  2720.0  0.04
2279  2720.0  0.04
2280  2720.0  0.04
2281  2720.0  0.04
2282  2720.0  0.04
2283  2720.0  0.04
2284  2720.0  0.04
2285  2720.0  0.04
2286  2720.0  0.04
2287  2720.0  0.04
2288  2720.0  0.04
2289  2720.0  0.04
2290  2720.0  0.04
2291  2720.0  0.04
2292  2720.0  0.04
2293  2720.0  0.04
2294  2720.0  0.04
2295  2720.0  0.04
2296  2720.0  0.04
2297  2720.0  0.04
2298  2720.0  0.04
2299  2720.0  0.04
2300  2720.0  0.04
2301  2720.0  0.04
2302  2720.0  0.04
2303  2720.0  0.04
2304  2720.0  0.04
2305  2720.0  0.04
2306  2720.0  0.04
2307  2720.0  0.04
2308  2720.0  0.04
2309  2720.0  0.04
2310  2720.0  0.04
2311  2720.0  0.04
2312  2720.0  0.04
2313  2720.0  0.04
2314  2720.0  0.04
2315  2720.0  0.04
2316  2720.0  0.04
2317  2720.0  0.04
2318  2720.0  0.04
2319  2720.0  0.04
2320  2720.0  0.04
2321  2720.0  0.04
2322  2720.0  0.04
2323  2720.0  0.04
2324  2720.0  0.04
2325  2720.0  0.04
2326  2720.0  0.04
2327  2720.0  0.04
2328  2720.0  0.04
2329  2720.0  0.04
2330  2720.0  0.04
2331  2720.0  0.04
2332  2720.0  0.04
2333  2720.0  0.04
2334  2720.0  0.04
2335  2720.0  0.04
2336  2720.0  0.04
2337  2720.0  0.04
2338  2720.0  0.04
2339  2720.0  0.04
2340  2720.0  0.04
2341  2720.0  0.04
2342  2720.0  0.04
2343  2720.0  0.04
2344  2720.0  0.04
2345  2720.0  0.04
2346  2720.0  0.04
2347  2720.0  0.04
2348  2720.0  0.04
2349  2720.0  0.04
2350  2720.0  0.04
2351  2720.0  0.04
2352  2720.0  0.04
2353  2720.0  0.04
2354  2720.0  0.04
2355  2720.0  0.04
2356  2720.0  0.04
2357  2720.0  0.04
2358  2720.0  0.04
2359  2720.0  0.04
2360  2720.0  0.04
2361  2720.0  0.04
2362  2720.0  0.04
2363  2720.0  0.04
2364  2720.0  0.04
2365  2720.0  0.04
2366  2720.0  0.04
2367  2720.0  0.04
2368  2720.0  0.04
2369  2720.0  0.04
2370  2720.0  0.04
2371  2720.0  0.04
2372  2720.0  0.04
2373  2720.0  0.04
2374  2720.0  0.04
2375  2720.0  0.04
2376  2720.0  0.04
2377  2720.0  0.04
2378  2720.0  0.04
2379  2720.0  0.04
2380  2720.0  0.04
2381  2720.0  0.04
2382  2720.0  0.04
2383  2720.0  0.04
2384  2720.0  0.04
2385  2720.0  0.04
2386  2720.0  0.04
2387  2720.0  0.04
2388  2720.0  0.04
2389  2720.0  0.04
2390  2720.0  0.04
2391  2720.0  0.04
2392  2720.0  0.04
2393  2720.0  0.04
2394  2720.0  0.04
2395  2720.0  0.04
2396  2720.0  0.04
2397  2720.0  0.04
2398  2720.0  0.04
2399  2720.0  0.04
2400  2720.0  0.04
2401  2720.0  0.04
2402  2720.0  0.04
2403  2720.0  0.04
2404  2720.0  0.04
2405  2720.0  0.04
2406  2720.0  0.04
2407  2720.0  0.04
2408  2720.0  0.04
2409  2720.0  0.04
2410  2720.0  0.04
2411  2720.0  0.04
2412  2720.0  0.04
2413  2720.0  0.04
2414  2720.0  0.04
2415  2720.0  0.04
2416  2720.0  0.04
2417  2720.0  0.04
2418  2720.0  0.04
2419  2720.0  0.04
2420  2720.0  0.04
2421  2720.0  0.04
2422  2720.0  0.04
2423  2720.0  0.04
2424  2720.0  0.04
2425  2720.0  0.04
2426  2720.0  0.04
2427  2720.0  0.04
2428  2720.0  0.04
2429  2720.0  0.04
2430  2720.0  0.04
2431  2720.0  0.04
2432  2720.0  0.04
2433  2720.0  0.04
2434  2720.0  0.04
2435  2720.0  0.04
2436  2720.0  0.04
2437  2720.0  0.04
2438  2720.0  0.04
2439  2720.0  0.04
2440  2720.0  0.04
2441  2720.0  0.04
2442  2720.0  0.04
2443  2720.0  0.04
2444  2720.0  0.04
2445  2720.0  0.04
2446  2720.0  0.04
2447  2720.0  0.04
2448  2720.0  0.04
2449  2720.0  0.04
2450  2720.0  0.04
2451  2720.0  0.04
2452  2720.0  0.04
2453  2720.0  0.04
2454  2720.0  0.04
2455  2720.0  0.04
2456  2720.0  0.04
2457  2720.0  0.04
2458  2720.0  0.04
2459  2720.0  0.04
2460  2720.0  0.04
2461  2720.0  0.04
2462  2720.0  0.04
2463  2720.0  0.04
2464  2720.0  0.04
2465  2720.0  0.04
2466  2720.0  0.04
2467  2720.0  0.04
2468  2720.0  0.04
2469  2720.0  0.04
2470  2720.0  0.04
2471  2720.0  0.04
2472  2720.0  0.04
2473  2720.0  0.04
2474  2720.0  0.04
2475  2720.0  0.04
2476  2720.0  0.04
2477  2720.0  0.04
2478  2720.0  0.04
2479  2720.0  0.04
2480  2720.0  0.04
2481  2720.0  0.04
2482  2720.0  0.04
2483  2720.0  0.04
2484  2720.0  0.04
2485  2720.0  0.04
2486  2720.0  0.04
2487  2720.0  0.04
2488  2720.0  0.04
2489  2720.0  0.04
2490  2720.0  0.04
2491  2720.0  0.04
2492  2720.0  0.04
2493  2720.0  0.04
2494  2720.0  0.04
2495  2720.0  0.04
2496  2720.0  0.04
2497  2720.0  0.04
2498  2720.0  0.04
2499  2720.0  0.04
2500  2720.0  0.04
2501  2720.0  0.04
2502  2720.0  0.04
2503  2720.0  0.04
2504  2720.0  0.04
2505  2720.0  0.04
2506  2720.0  0.04
2507  2720.0  0.04
2508  2720.0  0.04
2509  2720.0  0.04
2510  2720.0  0.04
2511  2720.0  0.04
2512  2720.0  0.04
2513  2720.0  0.04
2514  2720.0  0.04
2515  2720.0  0.04
2516  2720.0  0.04
2517  2720.0  0.04
2518  2720.0  0.04
2519  2720.0  0.04
2520  2720.0  0.04
2521  2720.0  0.04
2522  2720.0  0.04
2523  2720.0  0.04
2524  2720.0  0.04
2525  2720.0  0.04
2526  2720.0  0.04
2527  2720.0  0.04
2528  2720.0  0.04
2529  2720.0  0.04
2530  2720.0  0.04
2531  2720.0  0.04
2532  2720.0  0.04
2533  2720.0  0.04
2534  2720.0  0.04
2535  2720.0  0.04
2536  2720.0  0.04
2537  2720.0  0.04
2538  2720.0  0.04
2539  2720.0  0.04
2540  2720.0  0.04
2541  2720.0  0.04
2542  2720.0  0.04
2543  2720.0  0.04
2544  2720.0  0.04
2545  2720.0  0.04
2546  2720.0  0.04
2547  2720.0  0.04
2548  2720.0  0.04
2549  2720.0  0.04
2550  2720.0  0.04
2551  2720.0  0.04
2552  2720.0  0.04
2553  2720.0  0.04
2554  2720.0  0.04
2555  2720.0  0.04
2556  2720.0  0.04
2557  2720.0  0.04
2558  2720.0  0.04
2559  2720.0  0.04
2560  2720.0  0.04
2561  2720.0  0.04
2562  2720.0  0.04
2563  2720.0  0.04
2564  2720.0  0.04
2565  2720.0  0.04
2566  2720.0  0.04
2567  2720.0  0.04
2568  2720.0  0.04
2569  2720.0  0.04
2570  2720.0  0.04
2571  2720.0  0.04
2572  2720.0  0.04
2573  2720.0  0.04
2574  2720.0  0.04
2575  2720.0  0.04
2576  2720.0  0.04
2577  2720.0  0.04
2578  2720.0  0.04
2579  2720.0  0.04
2580  2720.0  0.04
2581  2720.0  0.04
2582  2720.0  0.04
2583  2720.0  0.04
2584  2720.0  0.04
2585  2720.0  0.04
2586  2720.0  0.04
2587  2720.0  0.04
2588  2720.0  0.04
2589  2720.0  0.04
2590  2720.0  0.04
2591  2720.0  0.04
2592  2720.0  0.04
2593  2720.0  0.04
2594  2720.0  0.04
2595  2720.0  0.04
2596  2720.0  0.04
2597  2720.0  0.04
2598  2720.0  0.04
2599  2720.0  0.04
2600  2720.0  0.04
2601  2720.0  0.04
2602  2720.0  0.04
2603  2720.0  0.04
2604  2720.0  0.04
2605  2720.0  0.04
2606  2720.0  0.04
2607  2720.0  0.04
2608  2720.0  0.04
2609  2720.0  0.04
2610  2720.0  0.04
2611  2720.0  0.04
2612  2720.0  0.04
2613  2720.0  0.04
2614  2720.0  0.04
2615  2720.0  0.04
2616  2720.0  0.04
2617  2720.0  0.04
2618  2720.0  0.04
2619  2720.0  0.04
2620  2720.0  0.04
2621  2720.0  0.04
2622  2720.0  0.04
2623  2720.0  0.04
2624  2720.0  0.04
2625  2720.0  0.04
2626  2720.0  0.04
2627  2720.0  0.04
2628  2720.0  0.04
2629  2720.0  0.04
2630  2720.0  0.04
2631  2720.0  0.04
2632  2720.0  0.04
2633  2720.0  0.04
2634  2720.0  0.04
2635  2720.0  0.04
2636  2720.0  0.04
2637  2720.0  0.04
2638  2720.0  0.04
2639  2720.0  0.04
2640  2720.0  0.04
2641  2720.0  0.04
2642  2720.0  0.04
2643  2720.0  0.04
2644  2720.0  0.04
2645  2720.0  0.04
2646  2720.0  0.04
2647  2720.0  0.04
2648  2720.0  0.04
2649  2720.0  0.04
2650  2720.0  0.04
2651  2720.0  0.04
2652  2720.0  0.04
2653  2720.0  0.04
2654  2720.0  0.04
2655  2720.0  0.04
2656  2720.0  0.04
2657  2720.0  0.04
2658  2720.0  0.04
2659  2720.0  0.04
2660  2720.0  0.04
2661  2720.0  0.04
2662  2720.0  0.04
2663  2720.0  0.04
2664  2720.0  0.04
2665  2720.0  0.04
2666  2720.0  0.04
2667  2720.0  0.04
2668  2720.0  0.04
2669  2720.0  0.04
2670  2720.0  0.04
2671  2720.0  0.04
2672  2720.0  0.04
2673  2720.0  0.04
2674  2720.0  0.04
2675  2720.0  0.04
2676  2720.0  0.04
2677  2720.0  0.04
2678  2720.0  0.04
2679  2720.0  0.04
2680  2720.0  0.04
2681  2720.0  0.04
2682  2720.0  0.04
2683  2720.0  0.04
2684  2720.0  0.04
2685  2720.0  0.04
2686  2720.0  0.04
2687  2720.0  0.04
2688  2720.0  0.04
2689  2720.0  0.04
2690  2720.0  0.04
2691  2720.0  0.04
2692  2720.0  0.04
2693  2720.0  0.04
2694  2720.0  0.04
2695  2720.0  0.04
2696  2720.0  0.04
2697  2720.0  0.04
2698  2720.0  0.04
2699  2720.0  0.04
2700  2720.0  0.04
2701  2720.0  0.04
2702  2720.0  0.04
2703  2720.0  0.04
2704  2720.0  0.04
2705  2720.0  0.04
2706  2720.0  0.04
2707  2720.0  0.04
2708  2720.0  0.04
2709  2720.0  0.04
2710  2720.0  0.04
2711  2720.0  0.04
2712  2720.0  0.04
2713  2720.0  0.04
2714  2720.0  0.04
2715  2720.0  0.04
2716  2720.0  0.04
2717  2720.0  0.04
2718  2720.0  0.04
2719  2720.0  0.04
2720  2720.0  0.04
2721  2720.0  0.04
2722  2720.0  0.04
2723  2720.0  0.04
2724  2720.0  0.04
2725  2720.0  0.04
2726  2720.0  0.04
2727  2720.0  0.04
2728  2720.0  0.04
2729  2720.0  0.04
2730  2720.0  0.04
2731  2720.0  0.04
2732  2720.0  0.04
2733  2720.0  0.04
2734  2720.0  0.04
2735  2720.0  0.04
2736  2720.0  0.04
2737  2720.0  0.04
2738  2720.0  0.04
2739  2720.0  0.04
2740  2720.0  0.04
2741  2720.0  0.04
2742  2720.0  0.04
2743  2720.0  0.04
2744  2720.0  0.04
2745  2720.0  0.04
2746  2720.0  0.04
2747  2720.0  0.04
2748  2720.0  0.04
2749  2720.0  0.04
2750  2720.0  0.04
2751  2720.0  0.04
2752  2720.0  0.04
2753  2720.0  0.04
2754  2720.0  0.04
2755  2720.0  0.04
2756  2720.0  0.04
2757  2720.0  0.04
2758  2720.0  0.04
2759  2720.0  0.04
2760  2720.0  0.04
2761  2720.0  0.04
2762  2720.0  0.04
2763  2720.0  0.04
2764  2720.0  0.04
2765  2720.0  0.04
2766  2720.0  0.04
2767  2720.0  0.04
2768  2720.0  0.04
2769  2720.0  0.04
2770  2720.0  0.04
2771  2720.0  0.04
2772  2720.0  0.04
2773  2720.0  0.04
2774  2720.0  0.04
2775  2720.0  0.04
2776  2720.0  0.04
2777  2720.0  0.04
2778  2720.0  0.04
2779  2720.0  0.04
2780  2720.0  0.04
2781  2720.0  0.04
2782  2720.0  0.04
2783  2720.0  0.04
2784  2720.0  0.04
2785  2720.0  0.04
2786  2720.0  0.04
2787  2720.0  0.04
2788  2720.0  0.04
2789  2720.0  0.04
2790  2720.0  0.04
2791  2720.0  0.04
2792  2720.0  0.04
2793  2720.0  0.04
2794  2720.0  0.04
2795  2720.0  0.04
2796  2720.0  0.04
2797  2720.0  0.04
2798  2720.0  0.04
2799  2720.0  0.04
2800  2720.0  0.04
2801  2720.0  0.04
2802  2720.0  0.04
2803  2720.0  0.04
2804  2720.0  0.04
2805  2720.0  0.04
2806  2720.0  0.04
2807  2720.0  0.04
2808  2720.0  0.04
2809  2720.0  0.04
2810  2720.0  0.04
2811  2720.0  0.04
2812  2720.0  0.04
2813  2720.0  0.04
2814  2720.0  0.04
2815  2720.0  0.04
2816  2720.0  0.04
2817  2720.0  0.04
2818  2720.0  0.04
2819  2720.0  0.04
2820  2720.0  0.04
2821  2720.0  0.04
2822  2720.0  0.04
2823  2720.0  0.04
2824  2720.0  0.04
2825  2720.0  0.04
2826  2720.0  0.04
2827  2720.0  0.04
2828  2720.0  0.04
2829  2720.0  0.04
2830  2720.0  0.04
2831  2720.0  0.04
2832  2720.0  0.04
2833  2720.0  0.04
2834  2720.0  0.04
2835  2720.0  0.04
2836  2720.0  0.04
2837  2720.0  0.04
2838  2720.0  0.04
2839  2720.0  0.04
2840  2720.0  0.04
2841  2720.0  0.04
2842  2720.0  0.04
2843  2720.0  0.04
2844  2720.0  0.04
2845  2720.0  0.04
2846  2720.0  0.04
2847  2720.0  0.04
2848  2720.0  0.04
2849  2720.0  0.04
2850  2720.0  0.04
2851  2720.0  0.04
2852  2720.0  0.04
2853  2720.0  0.04
2854  2720.0  0.04
2855  2720.0  0.04
2856  2720.0  0.04
2857  2720.0  0.04
2858  2720.0  0.04
2859  2720.0  0.04
2860  2720.0  0.04
2861  2720.0  0.04
2862  2720.0  0.04
2863  2720.0  0.04
2864  2720.0  0.04
2865  2720.0  0.04
2866  2720.0  0.04
2867  2720.0  0.04
2868  2720.0  0.04
2869  2720.0  0.04
2870  2720.0  0.04
2871  2720.0  0.04
2872  2720.0  0.04
2873  2720.0  0.04
2874  2720.0  0.04
2875  2720.0  0.04
2876  2720.0  0.04
2877  2720.0  0.04
2878  2720.0  0.04
2879  2720.0  0.04
2880  2720.0  0.04
2881  2720.0  0.04
2882  2720.0  0.04
2883  2720.0  0.04
2884  2720.0  0.04
2885  2720.0  0.04
2886  2720.0  0.04
2887  2720.0  0.04
2888  2720.0  0.04
2889  2720.0  0.04
2890  2720.0  0.04
2891  2720.0  0.04
2892  2720.0  0.04
2893  2720.0  0.04
2894  2720.0  0.04
2895  2720.0  0.04
2896  2720.0  0.04
2897  2720.0  0.04
2898  2720.0  0.04
2899  2720.0  0.04
2900  2720.0  0.04
2901  2720.0  0.04
2902  2720.0  0.04
2903  2720.0  0.04
2904  2720.0  0.04
2905  2720.0  0.04
2906  2720.0  0.04
2907  2720.0  0.04
2908  2720.0  0.04
2909  2720.0  0.04
2910  2720.0  0.04
2911  2720.0  0.04
2912  2720.0  0.04
2913  2720.0  0.04
2914  2720.0  0.04
2915  2720.0  0.04
2916  2720.0  0.04
2917  2720.0  0.04
2918  2720.0  0.04
2919  2720.0  0.04
2920  2720.0  0.04
2921  2720.0  0.04
2922  2720.0  0.04
2923  2720.0  0.04
2924  2720.0  0.04
2925  2720.0  0.04
2926  2720.0  0.04
2927  2720.0  0.04
2928  2720.0  0.04
2929  2720.0  0.04
2930  2720.0  0.04
2931  2720.0  0.04
2932  2720.0  0.04
2933  2720.0  0.04
2934  2720.0  0.04
2935  2720.0  0.04
2936  2720.0  0.04
2937  2720.0  0.04
2938  2720.0  0.04
2939  2720.0  0.04
2940  2720.0  0.04
2941  2720.0  0.04
2942  2720.0  0.04
2943  2720.0  0.04
2944  2720.0  0.04
2945  2720.0  0.04
2946  2720.0  0.04
2947  2720.0  0.04
2948  2720.0  0.04
2949  2720.0  0.04
2950  2720.0  0.04
2951  2720.0  0.04
2952  2720.0  0.04
2953  2720.0  0.04
2954  2720.0  0.04
2955  2720.0  0.04
2956  2720.0  0.04
2957  2720.0  0.04
2958  2720.0  0.04
2959  2720.0  0.04
2960  2720.0  0.04
2961  2720.0  0.04
2962  2720.0  0.04
2963  2720.0  0.04
2964  2720.0  0.04
2965  2720.0  0.04
2966  2720.0  0.04
2967  2720.0  0.04
2968  2720.0  0.04
2969  2720.0  0.04
2970  2720.0  0.04
2971  2720.0  0.04
2972  2720.0  0.04
2973  2720.0  0.04
2974  2720.0  0.04
2975  2720.0  0.04
2976  2720.0  0.04
2977  2720.0  0.04
2978  2720.0  0.04
2979  2720.0  0.04
2980  2720.0  0.04
2981  2720.0  0.04
2982  2720.0  0.04
2983  2720.0  0.04
2984  2720.0  0.04
2985  2720.0  0.04
2986  2720.0  0.04
2987  2720.0  0.04
2988  2720.0  0.04
2989  2720.0  0.04
2990  2720.0  0.04
2991  2720.0  0.04
2992  2720.0  0.04
2993  2720.0  0.04
2994  2720.0  0.04
2995  2720.0  0.04
2996  2720.0  0.04
2997  2720.0  0.04
2998  2720.0  0.04
2999  2720.0  0.04
#[9, 9, 9, 9, 9, 9, 9, 9, 9, 9]
#[-7, 1, 9, 9, 9, 9, 9, 9, 9, 9]
#[9, 9, 9, 9, 9, 9, 9, 9, 9, 9]
#[-1, 9, 9, 9, 9, 9, 9, 9, 9, 9]
#[9, 9, 9, 9, 9, 9, 9, 9, 9, 9]
#[-7, 9, 9, 9, 9, 9, 9, 9, 9, 9]
#[9, 9, 9, 9, 9, 9, 9, 9, 9, 9]
#[-6, 9, 9, 9, 9, 9, 9, 9, 9, 9]
#[6, 8, 9, 9, 9, 9, 9, 9, 9, 9]
#Specialization index= [0, 9, 0.12048192771084337]
