#[3, 8, 7, 5, 6, 3, 1, 4, 5, 6]
#[6, 4, 6, 0, 3, 2, 5, 8, 4, 9]
#[0, 6, 0, 2, 1, 5, 3, 1, 3, 5]
#[9, 1, 2, 1, 5, 8, 7, 9, 9, 5]
#[1, 1, 8, 6, 9, 5, 0, 3, 7, 1]
#[0, 6, 7, 8, 6, 1, 9, 1, 6, 9]
#[8, 5, 4, 8, 9, 4, 8, 6, 7, 0]
#[2, 7, 5, 8, 3, 4, 4, 1, 7, 9]
#[9, 7, 5, 7, 2, 7, 3, 4, 8, 4]
0  3254.80566406  0.2
1  3244.10681152  0.2
2  3254.50598145  0.2
3  3244.2767086  0.2
4  3254.50360203  0.2
5  3244.27969226  0.2
6  3254.50370879  0.2
7  3244.27975945  0.2
8  3254.50371946  0.2
9  3244.27976178  0.2
10  3273.8359375  0.16
11  3375.67700195  0.16
12  3273.71899414  0.16
13  3375.73205185  0.16
14  3273.71522141  0.16
15  3375.73424953  0.16
16  3273.71504086  0.16
17  3375.73436747  0.16
18  3273.71503044  0.16
19  3375.73437453  0.16
20  3273.7150298  0.16
21  3375.73437497  0.16
22  3273.71502976  0.16
23  3375.734375  0.16
24  3273.71502976  0.16
25  3375.734375  0.16
26  3273.71502976  0.16
27  3375.734375  0.16
28  3384.49121094  0.12
29  3384.93505859  0.12
30  3385.30810547  0.12
31  3385.05998611  0.12
32  3385.33424473  0.12
33  3385.06929451  0.12
34  3385.33548911  0.12
35  3385.06989973  0.12
36  3385.3355608  0.12
37  3385.06993792  0.12
38  3385.33556519  0.12
39  3385.06994032  0.12
40  3385.33556546  0.12
41  3385.06994047  0.12
42  3385.33556548  0.12
43  3492.17871094  0.16
44  3491.74798584  0.16
45  3491.7127533  0.16
46  3491.70602322  0.16
47  3491.70547271  0.16
48  3491.70536755  0.16
49  3491.70535895  0.16
50  3491.70535731  0.16
51  3491.70535717  0.16
52  3491.70535715  0.16
53  3491.70535714  0.16
54  3491.70535714  0.16
55  3491.70535714  0.16
56  3491.70535714  0.16
57  3471.41015625  0.14
58  3586.01260376  0.14
59  3471.68426514  0.14
60  3586.008986  0.14
61  3471.68854809  0.14
62  3586.00892947  0.14
63  3471.68861501  0.14
64  3586.00892859  0.14
65  3471.68861605  0.14
66  3586.00892857  0.14
67  3471.68861607  0.14
68  3586.00892857  0.14
69  3471.68861607  0.14
70  3586.00892857  0.14
71  3471.68861607  0.14
72  3586.00892857  0.14
73  3471.68861607  0.14
74  3586.00892857  0.14
75  3471.68861607  0.14
76  3586.00892857  0.14
77  3471.68861607  0.14
78  3586.00892857  0.14
79  3471.68861607  0.14
80  3586.00892857  0.14
81  3471.68861607  0.14
82  3586.00892857  0.14
83  3471.68861607  0.14
84  3586.00892857  0.14
85  3471.68861607  0.14
86  3586.00892857  0.14
87  3471.68861607  0.14
88  3586.00892857  0.14
89  3471.68861607  0.14
90  3586.00892857  0.14
91  3471.68861607  0.14
92  3586.00892857  0.14
93  3471.68861607  0.14
94  3586.00892857  0.14
95  3471.68861607  0.14
96  3586.00892857  0.14
97  3471.68861607  0.14
98  3586.00892857  0.14
99  3471.68861607  0.14
100  3586.00892857  0.14
101  3471.68861607  0.14
102  3586.00892857  0.14
103  3471.68861607  0.14
104  3586.00892857  0.14
105  3471.68861607  0.14
106  3586.00892857  0.14
107  3471.68861607  0.14
108  3586.00892857  0.14
109  3471.68861607  0.14
110  3586.00892857  0.14
111  3471.68861607  0.14
112  3586.00892857  0.14
113  3471.68861607  0.14
114  3586.00892857  0.14
115  3471.68861607  0.14
116  3586.00892857  0.14
117  3471.68861607  0.14
118  3586.00892857  0.14
119  3471.68861607  0.14
120  3586.00892857  0.14
121  3471.68861607  0.14
122  3586.00892857  0.14
123  3471.68861607  0.14
124  3586.00892857  0.14
125  3471.68861607  0.14
126  3586.00892857  0.14
127  3471.68861607  0.14
128  3586.00892857  0.14
129  3471.68861607  0.14
130  3586.00892857  0.14
131  3471.68861607  0.14
132  3586.00892857  0.14
133  3471.68861607  0.14
134  3586.00892857  0.14
135  3471.68861607  0.14
136  3586.00892857  0.14
137  3471.68861607  0.14
138  3586.00892857  0.14
139  3471.68861607  0.14
140  3586.00892857  0.14
141  3471.68861607  0.14
142  3586.00892857  0.14
143  3471.68861607  0.14
144  3586.00892857  0.14
145  3471.68861607  0.14
146  3586.00892857  0.14
147  3471.68861607  0.14
148  3586.00892857  0.14
149  3471.68861607  0.14
150  3586.00892857  0.14
151  3471.68861607  0.14
152  3586.00892857  0.14
153  3471.68861607  0.14
154  3586.00892857  0.14
155  3471.68861607  0.14
156  3586.00892857  0.14
157  3471.68861607  0.14
158  3586.00892857  0.14
159  3471.68861607  0.14
160  3586.00892857  0.14
161  3471.68861607  0.14
162  3586.00892857  0.14
163  3471.68861607  0.14
164  3586.00892857  0.14
165  3471.68861607  0.14
166  3586.00892857  0.14
167  3633.72949219  0.15
168  3634.28552246  0.15
169  3634.47892761  0.15
170  3634.62036705  0.15
171  3634.70635867  0.15
172  3634.7604247  0.15
173  3634.79417835  0.15
174  3634.8152794  0.15
175  3634.82846696  0.15
176  3634.83670927  0.15
177  3634.8418607  0.15
178  3634.84508035  0.15
179  3634.84709263  0.15
180  3634.8483503  0.15
181  3634.84913635  0.15
182  3634.84962763  0.15
183  3634.84993468  0.15
184  3634.85012659  0.15
185  3634.85024653  0.15
186  3634.85032149  0.15
187  3634.85036834  0.15
188  3634.85039762  0.15
189  3634.85041593  0.15
190  3634.85042736  0.15
191  3634.85043451  0.15
192  3634.85043898  0.15
193  3634.85044177  0.15
194  3634.85044352  0.15
195  3844.21679688  0.13
196  3901.09375  0.13
197  3845.75350952  0.13
198  3901.37939453  0.13
199  3845.83107901  0.13
200  3901.39724731  0.13
201  3845.83563843  0.13
202  3901.39836311  0.13
203  3845.83591888  0.13
204  3901.39843285  0.13
205  3845.83593634  0.13
206  3901.39843721  0.13
207  3845.83593743  0.13
208  3901.39843748  0.13
209  3845.8359375  0.13
210  3901.3984375  0.13
211  3845.8359375  0.13
212  3901.3984375  0.13
213  3845.8359375  0.13
214  3901.3984375  0.13
215  3845.8359375  0.13
216  3901.3984375  0.13
217  3845.8359375  0.13
218  3901.3984375  0.13
219  3845.8359375  0.13
220  3901.3984375  0.13
221  3845.8359375  0.13
222  3901.3984375  0.13
223  3845.8359375  0.13
224  3901.3984375  0.13
225  3845.8359375  0.13
226  3901.3984375  0.13
227  3845.8359375  0.13
228  3901.3984375  0.13
229  3845.8359375  0.13
230  3901.3984375  0.13
231  3845.8359375  0.13
232  3901.3984375  0.13
233  3845.8359375  0.13
234  3901.3984375  0.13
235  3845.8359375  0.13
236  3901.3984375  0.13
237  3845.8359375  0.13
238  3901.3984375  0.13
239  3845.8359375  0.13
240  3901.3984375  0.13
241  3845.8359375  0.13
242  3901.3984375  0.13
243  3845.8359375  0.13
244  3901.3984375  0.13
245  3845.8359375  0.13
246  3901.3984375  0.13
247  3845.8359375  0.13
248  3901.3984375  0.13
249  3845.8359375  0.13
250  3901.3984375  0.13
251  3845.8359375  0.13
252  3901.3984375  0.13
253  3845.8359375  0.13
254  3901.3984375  0.13
255  3845.8359375  0.13
256  3901.3984375  0.13
257  3845.8359375  0.13
258  3901.3984375  0.13
259  3845.8359375  0.13
260  3901.3984375  0.13
261  3845.8359375  0.13
262  3901.3984375  0.13
263  3845.8359375  0.13
264  3901.3984375  0.13
265  3845.8359375  0.13
266  3901.3984375  0.13
267  3845.8359375  0.13
268  3901.3984375  0.13
269  3845.8359375  0.13
270  3901.3984375  0.13
271  3845.8359375  0.13
272  3901.3984375  0.13
273  3845.8359375  0.13
274  3901.3984375  0.13
275  3845.8359375  0.13
276  3901.3984375  0.13
277  3845.8359375  0.13
278  3901.3984375  0.13
279  3845.8359375  0.13
280  3901.3984375  0.13
281  3845.8359375  0.13
282  3901.3984375  0.13
283  3845.8359375  0.13
284  3901.3984375  0.13
285  3845.8359375  0.13
286  3901.3984375  0.13
287  3845.8359375  0.13
288  3901.3984375  0.13
289  3845.8359375  0.13
290  3901.3984375  0.13
291  3845.8359375  0.13
292  3901.3984375  0.13
293  3845.8359375  0.13
294  3901.3984375  0.13
295  3845.8359375  0.13
296  3901.3984375  0.13
297  3845.8359375  0.13
298  3901.3984375  0.13
299  3845.8359375  0.13
300  3901.3984375  0.13
301  3845.8359375  0.13
302  3901.3984375  0.13
303  3845.8359375  0.13
304  3901.3984375  0.13
305  3845.8359375  0.13
306  3901.3984375  0.13
307  3845.8359375  0.13
308  3901.3984375  0.13
309  3845.8359375  0.13
310  3901.3984375  0.13
311  3845.8359375  0.13
312  3901.3984375  0.13
313  3845.8359375  0.13
314  3901.3984375  0.13
315  3845.8359375  0.13
316  3901.3984375  0.13
317  3845.8359375  0.13
318  3901.3984375  0.13
319  3845.8359375  0.13
320  3901.3984375  0.13
321  3845.8359375  0.13
322  3901.3984375  0.13
323  3845.8359375  0.13
324  3901.3984375  0.13
325  3845.8359375  0.13
326  3901.3984375  0.13
327  3845.8359375  0.13
328  3901.3984375  0.13
329  3845.8359375  0.13
330  3901.3984375  0.13
331  3845.8359375  0.13
332  3901.3984375  0.13
333  3845.8359375  0.13
334  3901.3984375  0.13
335  3845.8359375  0.13
336  3901.3984375  0.13
337  3845.8359375  0.13
338  3901.3984375  0.13
339  3845.8359375  0.13
340  3901.3984375  0.13
341  3845.8359375  0.13
342  3901.3984375  0.13
343  3845.8359375  0.13
344  3901.3984375  0.13
345  3845.8359375  0.13
346  3901.3984375  0.13
347  3845.8359375  0.13
348  3901.3984375  0.13
349  3845.8359375  0.13
350  3901.3984375  0.13
351  3845.8359375  0.13
352  3901.3984375  0.13
353  3845.8359375  0.13
354  3901.3984375  0.13
355  3845.8359375  0.13
356  3901.3984375  0.13
357  3845.8359375  0.13
358  3901.3984375  0.13
359  3845.8359375  0.13
360  3901.3984375  0.13
361  3845.8359375  0.13
362  3901.3984375  0.13
363  3845.8359375  0.13
364  3901.3984375  0.13
365  3845.8359375  0.13
366  3901.3984375  0.13
367  3845.8359375  0.13
368  3901.3984375  0.13
369  3845.8359375  0.13
370  3901.3984375  0.13
371  3845.8359375  0.13
372  3901.3984375  0.13
373  3845.8359375  0.13
374  3901.3984375  0.13
375  3845.8359375  0.13
376  3901.3984375  0.13
377  3845.8359375  0.13
378  3901.3984375  0.13
379  3845.8359375  0.13
380  3901.3984375  0.13
381  3845.8359375  0.13
382  3901.3984375  0.13
383  3845.8359375  0.13
384  3901.3984375  0.13
385  3845.8359375  0.13
386  3901.3984375  0.13
387  3845.8359375  0.13
388  3901.3984375  0.13
389  3845.8359375  0.13
390  3901.3984375  0.13
391  3845.8359375  0.13
392  3901.3984375  0.13
393  3845.8359375  0.13
394  3901.3984375  0.13
395  3845.8359375  0.13
396  3901.3984375  0.13
397  3845.8359375  0.13
398  3901.3984375  0.13
399  3845.8359375  0.13
400  3901.3984375  0.13
401  3845.8359375  0.13
402  3901.3984375  0.13
403  3845.8359375  0.13
404  3901.3984375  0.13
405  3845.8359375  0.13
406  3901.3984375  0.13
407  3845.8359375  0.13
408  3901.3984375  0.13
409  3845.8359375  0.13
410  3901.3984375  0.13
411  3845.8359375  0.13
412  3901.3984375  0.13
413  3845.8359375  0.13
414  3901.3984375  0.13
415  3845.8359375  0.13
416  3901.3984375  0.13
417  3845.8359375  0.13
418  3901.3984375  0.13
419  3845.8359375  0.13
420  3901.3984375  0.13
421  3845.8359375  0.13
422  3901.3984375  0.13
423  3845.8359375  0.13
424  3901.3984375  0.13
425  3845.8359375  0.13
426  3901.3984375  0.13
427  3845.8359375  0.13
428  3901.3984375  0.13
429  3845.8359375  0.13
430  3901.3984375  0.13
431  3845.8359375  0.13
432  3901.3984375  0.13
433  3845.8359375  0.13
434  3901.3984375  0.13
435  3845.8359375  0.13
436  3901.3984375  0.13
437  3845.8359375  0.13
438  3901.3984375  0.13
439  3845.8359375  0.13
440  3901.3984375  0.13
441  3845.8359375  0.13
442  3901.3984375  0.13
443  3845.8359375  0.13
444  3901.3984375  0.13
445  3845.8359375  0.13
446  3901.3984375  0.13
447  3845.8359375  0.13
448  3901.3984375  0.13
449  3845.8359375  0.13
450  3901.3984375  0.13
451  3845.8359375  0.13
452  3901.3984375  0.13
453  3845.8359375  0.13
454  3901.3984375  0.13
455  3845.8359375  0.13
456  3901.3984375  0.13
457  3845.8359375  0.13
458  3901.3984375  0.13
459  3845.8359375  0.13
460  3901.3984375  0.13
461  3845.8359375  0.13
462  3901.3984375  0.13
463  3845.8359375  0.13
464  3901.3984375  0.13
465  3845.8359375  0.13
466  3901.3984375  0.13
467  3845.8359375  0.13
468  3901.3984375  0.13
469  3845.8359375  0.13
470  3901.3984375  0.13
471  3845.8359375  0.13
472  3901.3984375  0.13
473  3845.8359375  0.13
474  3901.3984375  0.13
475  3845.8359375  0.13
476  3901.3984375  0.13
477  3845.8359375  0.13
478  3901.3984375  0.13
479  3845.8359375  0.13
480  3901.3984375  0.13
481  3845.8359375  0.13
482  3901.3984375  0.13
483  3845.8359375  0.13
484  3901.3984375  0.13
485  3845.8359375  0.13
486  3901.3984375  0.13
487  3845.8359375  0.13
488  3901.3984375  0.13
489  3845.8359375  0.13
490  3901.3984375  0.13
491  3845.8359375  0.13
492  3901.3984375  0.13
493  3845.8359375  0.13
494  3901.3984375  0.13
495  3845.8359375  0.13
496  3901.3984375  0.13
497  3845.8359375  0.13
498  3901.3984375  0.13
499  3845.8359375  0.13
500  3901.3984375  0.13
501  3845.8359375  0.13
502  3901.3984375  0.13
503  3845.8359375  0.13
504  3901.3984375  0.13
505  3845.8359375  0.13
506  3901.3984375  0.13
507  3845.8359375  0.13
508  3901.3984375  0.13
509  3845.8359375  0.13
510  3901.3984375  0.13
511  3845.8359375  0.13
512  3901.3984375  0.13
513  3845.8359375  0.13
514  3901.3984375  0.13
515  3845.8359375  0.13
516  3901.3984375  0.13
517  3845.8359375  0.13
518  3901.3984375  0.13
519  3845.8359375  0.13
520  3901.3984375  0.13
521  3845.8359375  0.13
522  3901.3984375  0.13
523  3845.8359375  0.13
524  3901.3984375  0.13
525  3845.8359375  0.13
526  3901.3984375  0.13
527  3845.8359375  0.13
528  3901.3984375  0.13
529  3845.8359375  0.13
530  3901.3984375  0.13
531  3845.8359375  0.13
532  3901.3984375  0.13
533  3845.8359375  0.13
534  3901.3984375  0.13
535  3845.8359375  0.13
536  3901.3984375  0.13
537  3845.8359375  0.13
538  3901.3984375  0.13
539  3845.8359375  0.13
540  3901.3984375  0.13
541  3845.8359375  0.13
542  3901.3984375  0.13
543  3845.8359375  0.13
544  3901.3984375  0.13
545  3845.8359375  0.13
546  3901.3984375  0.13
547  3845.8359375  0.13
548  3901.3984375  0.13
549  3845.8359375  0.13
550  3901.3984375  0.13
551  3845.8359375  0.13
552  3901.3984375  0.13
553  3901.3984375  0.13
554  3901.3984375  0.13
555  3901.3984375  0.13
556  3901.3984375  0.13
557  3901.3984375  0.13
558  3901.3984375  0.13
559  3901.3984375  0.13
560  3901.3984375  0.13
561  3901.3984375  0.13
562  3901.3984375  0.13
563  3901.3984375  0.13
564  3901.3984375  0.13
565  3901.3984375  0.13
566  3901.3984375  0.13
567  3901.3984375  0.13
568  3901.3984375  0.13
569  3901.3984375  0.13
570  3901.3984375  0.13
571  3901.3984375  0.13
572  3901.3984375  0.13
573  3901.3984375  0.13
574  3901.3984375  0.13
575  3901.3984375  0.13
576  3901.3984375  0.13
577  3901.3984375  0.13
578  3901.3984375  0.13
579  3901.3984375  0.13
580  3901.3984375  0.13
581  3901.3984375  0.13
582  3901.3984375  0.13
583  3901.3984375  0.13
584  3901.3984375  0.13
585  3901.3984375  0.13
586  3901.3984375  0.13
587  3901.3984375  0.13
588  3901.3984375  0.13
589  3901.3984375  0.13
590  3901.3984375  0.13
591  3901.3984375  0.13
592  3901.3984375  0.13
593  3901.3984375  0.13
594  3901.3984375  0.13
595  3901.3984375  0.13
596  3901.3984375  0.13
597  3901.3984375  0.13
598  3901.3984375  0.13
599  3901.3984375  0.13
600  3901.3984375  0.13
601  3901.3984375  0.13
602  3901.3984375  0.13
603  3901.3984375  0.13
604  3901.3984375  0.13
605  3901.3984375  0.13
606  3901.3984375  0.13
607  3901.3984375  0.13
608  3901.3984375  0.13
609  3901.3984375  0.13
610  3901.3984375  0.13
611  3901.3984375  0.13
612  3901.3984375  0.13
613  3901.3984375  0.13
614  3901.3984375  0.13
615  3901.3984375  0.13
616  3901.3984375  0.13
617  3901.3984375  0.13
618  3901.3984375  0.13
619  3901.3984375  0.13
620  3901.3984375  0.13
621  3901.3984375  0.13
622  3901.3984375  0.13
623  3901.3984375  0.13
624  3901.3984375  0.13
625  3901.3984375  0.13
626  3901.3984375  0.13
627  3901.3984375  0.13
628  3901.3984375  0.13
629  3901.3984375  0.13
630  3901.3984375  0.13
631  3901.3984375  0.13
632  3901.3984375  0.13
633  3901.3984375  0.13
634  3901.3984375  0.13
635  3901.3984375  0.13
636  3901.3984375  0.13
637  3901.3984375  0.13
638  3901.3984375  0.13
639  3901.3984375  0.13
640  3901.3984375  0.13
641  3901.3984375  0.13
642  3901.3984375  0.13
643  3901.3984375  0.13
644  3901.3984375  0.13
645  3901.3984375  0.13
646  3901.3984375  0.13
647  3901.3984375  0.13
648  3901.3984375  0.13
649  3901.3984375  0.13
650  3901.3984375  0.13
651  3901.3984375  0.13
652  3901.3984375  0.13
653  3901.3984375  0.13
654  3901.3984375  0.13
655  3901.3984375  0.13
656  3901.3984375  0.13
657  3901.3984375  0.13
658  3901.3984375  0.13
659  3901.3984375  0.13
660  3901.3984375  0.13
661  3901.3984375  0.13
662  3901.3984375  0.13
663  3901.3984375  0.13
664  3901.3984375  0.13
665  3901.3984375  0.13
666  3901.3984375  0.13
667  3901.3984375  0.13
668  3901.3984375  0.13
669  3901.3984375  0.13
670  3901.3984375  0.13
671  3901.3984375  0.13
672  3901.3984375  0.13
673  3901.3984375  0.13
674  3901.3984375  0.13
675  3901.3984375  0.13
676  3901.3984375  0.13
677  3901.3984375  0.13
678  3901.3984375  0.13
679  3901.3984375  0.13
680  3901.3984375  0.13
681  3901.3984375  0.13
682  3901.3984375  0.13
683  3901.3984375  0.13
684  3901.3984375  0.13
685  3901.3984375  0.13
686  3901.3984375  0.13
687  3901.3984375  0.13
688  3901.3984375  0.13
689  3901.3984375  0.13
690  3901.3984375  0.13
691  3901.3984375  0.13
692  3901.3984375  0.13
693  3901.3984375  0.13
694  3901.3984375  0.13
695  3901.3984375  0.13
696  3901.3984375  0.13
697  3901.3984375  0.13
698  3901.3984375  0.13
699  3901.3984375  0.13
700  3901.3984375  0.13
701  3901.3984375  0.13
702  3901.3984375  0.13
703  3901.3984375  0.13
704  3901.3984375  0.13
705  3901.3984375  0.13
706  3901.3984375  0.13
707  3901.3984375  0.13
708  3901.3984375  0.13
709  3901.3984375  0.13
710  3901.3984375  0.13
711  3901.3984375  0.13
712  3901.3984375  0.13
713  3901.3984375  0.13
714  3901.3984375  0.13
715  3901.3984375  0.13
716  3901.3984375  0.13
717  3901.3984375  0.13
718  3901.3984375  0.13
719  3901.3984375  0.13
720  3901.3984375  0.13
721  3901.3984375  0.13
722  3901.3984375  0.13
723  3901.3984375  0.13
724  3901.3984375  0.13
725  3901.3984375  0.13
726  3901.3984375  0.13
727  3901.3984375  0.13
728  3901.3984375  0.13
729  3901.3984375  0.13
730  3901.3984375  0.13
731  3901.3984375  0.13
732  3901.3984375  0.13
733  3901.3984375  0.13
734  3901.3984375  0.13
735  3901.3984375  0.13
736  3901.3984375  0.13
737  3901.3984375  0.13
738  3901.3984375  0.13
739  3901.3984375  0.13
740  3901.3984375  0.13
741  3901.3984375  0.13
742  3901.3984375  0.13
743  3901.3984375  0.13
744  3901.3984375  0.13
745  3901.3984375  0.13
746  3901.3984375  0.13
747  3901.3984375  0.13
748  3901.3984375  0.13
749  3901.3984375  0.13
750  3901.3984375  0.13
751  3901.3984375  0.13
752  3901.3984375  0.13
753  3901.3984375  0.13
754  3901.3984375  0.13
755  3901.3984375  0.13
756  3901.3984375  0.13
757  3901.3984375  0.13
758  3901.3984375  0.13
759  3901.3984375  0.13
760  3901.3984375  0.13
761  3901.3984375  0.13
762  3901.3984375  0.13
763  3901.3984375  0.13
764  3901.3984375  0.13
765  3901.3984375  0.13
766  3901.3984375  0.13
767  3901.3984375  0.13
768  3901.3984375  0.13
769  3901.3984375  0.13
770  3901.3984375  0.13
771  3901.3984375  0.13
772  3901.3984375  0.13
773  3901.3984375  0.13
774  3901.3984375  0.13
775  3901.3984375  0.13
776  3901.3984375  0.13
777  3901.3984375  0.13
778  3901.3984375  0.13
779  3901.3984375  0.13
780  3901.3984375  0.13
781  3901.3984375  0.13
782  3901.3984375  0.13
783  3901.3984375  0.13
784  3901.3984375  0.13
785  3901.3984375  0.13
786  3901.3984375  0.13
787  3901.3984375  0.13
788  3901.3984375  0.13
789  3901.3984375  0.13
790  3901.3984375  0.13
791  3901.3984375  0.13
792  3901.3984375  0.13
793  3901.3984375  0.13
794  3901.3984375  0.13
795  3901.3984375  0.13
796  3901.3984375  0.13
797  3901.3984375  0.13
798  3901.3984375  0.13
799  3901.3984375  0.13
800  3901.3984375  0.13
801  3901.3984375  0.13
802  3901.3984375  0.13
803  3901.3984375  0.13
804  3901.3984375  0.13
805  3901.3984375  0.13
806  3901.3984375  0.13
807  3901.3984375  0.13
808  3901.3984375  0.13
809  3901.3984375  0.13
810  3901.3984375  0.13
811  3901.3984375  0.13
812  3901.3984375  0.13
813  3901.3984375  0.13
814  3901.3984375  0.13
815  3901.3984375  0.13
816  3901.3984375  0.13
817  3901.3984375  0.13
818  3901.3984375  0.13
819  3901.3984375  0.13
820  3901.3984375  0.13
821  3901.3984375  0.13
822  3901.3984375  0.13
823  3901.3984375  0.13
824  3901.3984375  0.13
825  3901.3984375  0.13
826  3901.3984375  0.13
827  3901.3984375  0.13
828  3901.3984375  0.13
829  3901.3984375  0.13
830  3901.3984375  0.13
831  3901.3984375  0.13
832  3901.3984375  0.13
833  3901.3984375  0.13
834  3901.3984375  0.13
835  3901.3984375  0.13
836  3901.3984375  0.13
837  3901.3984375  0.13
838  3901.3984375  0.13
839  3901.3984375  0.13
840  3901.3984375  0.13
841  3901.3984375  0.13
842  3901.3984375  0.13
843  3901.3984375  0.13
844  3901.3984375  0.13
845  3901.3984375  0.13
846  3901.3984375  0.13
847  3901.3984375  0.13
848  3901.3984375  0.13
849  3901.3984375  0.13
850  3901.3984375  0.13
851  3901.3984375  0.13
852  3901.3984375  0.13
853  3901.3984375  0.13
854  3901.3984375  0.13
855  3901.3984375  0.13
856  3901.3984375  0.13
857  3901.3984375  0.13
858  3901.3984375  0.13
859  3901.3984375  0.13
860  3901.3984375  0.13
861  3901.3984375  0.13
862  3901.3984375  0.13
863  3901.3984375  0.13
864  3901.3984375  0.13
865  3901.3984375  0.13
866  3901.3984375  0.13
867  3901.3984375  0.13
868  3901.3984375  0.13
869  3901.3984375  0.13
870  3901.3984375  0.13
871  3901.3984375  0.13
872  3901.3984375  0.13
873  3901.3984375  0.13
874  3901.3984375  0.13
875  3901.3984375  0.13
876  3901.3984375  0.13
877  3901.3984375  0.13
878  3901.3984375  0.13
879  3901.3984375  0.13
880  3901.3984375  0.13
881  3901.3984375  0.13
882  3901.3984375  0.13
883  3901.3984375  0.13
884  3901.3984375  0.13
885  3901.3984375  0.13
886  3901.3984375  0.13
887  3901.3984375  0.13
888  3901.3984375  0.13
889  3901.3984375  0.13
890  3901.3984375  0.13
891  3901.3984375  0.13
892  3901.3984375  0.13
893  3901.3984375  0.13
894  3901.3984375  0.13
895  3901.3984375  0.13
896  3901.3984375  0.13
897  3901.3984375  0.13
898  3901.3984375  0.13
899  3901.3984375  0.13
900  3901.3984375  0.13
901  3901.3984375  0.13
902  3901.3984375  0.13
903  3901.3984375  0.13
904  3901.3984375  0.13
905  3901.3984375  0.13
906  3901.3984375  0.13
907  3901.3984375  0.13
908  3901.3984375  0.13
909  3901.3984375  0.13
910  3901.3984375  0.13
911  3901.3984375  0.13
912  3901.3984375  0.13
913  3901.3984375  0.13
914  3901.3984375  0.13
915  3901.3984375  0.13
916  3901.3984375  0.13
917  3901.3984375  0.13
918  3901.3984375  0.13
919  3901.3984375  0.13
920  3901.3984375  0.13
921  3901.3984375  0.13
922  3901.3984375  0.13
923  3901.3984375  0.13
924  3901.3984375  0.13
925  3901.3984375  0.13
926  3901.3984375  0.13
927  3901.3984375  0.13
928  3901.3984375  0.13
929  3901.3984375  0.13
930  3901.3984375  0.13
931  3901.3984375  0.13
932  3901.3984375  0.13
933  3901.3984375  0.13
934  3901.3984375  0.13
935  3901.3984375  0.13
936  3901.3984375  0.13
937  3901.3984375  0.13
938  3901.3984375  0.13
939  3901.3984375  0.13
940  3901.3984375  0.13
941  3901.3984375  0.13
942  3901.3984375  0.13
943  3901.3984375  0.13
944  3901.3984375  0.13
945  3901.3984375  0.13
946  3901.3984375  0.13
947  3901.3984375  0.13
948  3901.3984375  0.13
949  3901.3984375  0.13
950  3901.3984375  0.13
951  3901.3984375  0.13
952  3901.3984375  0.13
953  3901.3984375  0.13
954  3901.3984375  0.13
955  3901.3984375  0.13
956  3901.3984375  0.13
957  3901.3984375  0.13
958  3901.3984375  0.13
959  3901.3984375  0.13
960  3901.3984375  0.13
961  3901.3984375  0.13
962  3901.3984375  0.13
963  3901.3984375  0.13
964  3901.3984375  0.13
965  3901.3984375  0.13
966  3901.3984375  0.13
967  3901.3984375  0.13
968  3901.3984375  0.13
969  3901.3984375  0.13
970  3901.3984375  0.13
971  3901.3984375  0.13
972  3901.3984375  0.13
973  3901.3984375  0.13
974  3901.3984375  0.13
975  3901.3984375  0.13
976  3901.3984375  0.13
977  3901.3984375  0.13
978  3901.3984375  0.13
979  3901.3984375  0.13
980  3901.3984375  0.13
981  3901.3984375  0.13
982  3901.3984375  0.13
983  3901.3984375  0.13
984  3901.3984375  0.13
985  3901.3984375  0.13
986  3901.3984375  0.13
987  3901.3984375  0.13
988  3901.3984375  0.13
989  3901.3984375  0.13
990  3901.3984375  0.13
991  3901.3984375  0.13
992  3901.3984375  0.13
993  3901.3984375  0.13
994  3901.3984375  0.13
995  3901.3984375  0.13
996  3901.3984375  0.13
997  3901.3984375  0.13
998  3901.3984375  0.13
999  3901.3984375  0.13
1000  3901.3984375  0.13
1001  3901.3984375  0.13
1002  3901.3984375  0.13
1003  3901.3984375  0.13
1004  3901.3984375  0.13
1005  3901.3984375  0.13
1006  3901.3984375  0.13
1007  3901.3984375  0.13
1008  3901.3984375  0.13
1009  3901.3984375  0.13
1010  3901.3984375  0.13
1011  3901.3984375  0.13
1012  3901.3984375  0.13
1013  3901.3984375  0.13
1014  3901.3984375  0.13
1015  3901.3984375  0.13
1016  3901.3984375  0.13
1017  3901.3984375  0.13
1018  3901.3984375  0.13
1019  3901.3984375  0.13
1020  3901.3984375  0.13
1021  3901.3984375  0.13
1022  3901.3984375  0.13
1023  3901.3984375  0.13
1024  3901.3984375  0.13
1025  3901.3984375  0.13
1026  3901.3984375  0.13
1027  3901.3984375  0.13
1028  3901.3984375  0.13
1029  3901.3984375  0.13
1030  3901.3984375  0.13
1031  3901.3984375  0.13
1032  3901.3984375  0.13
1033  3901.3984375  0.13
1034  3901.3984375  0.13
1035  3901.3984375  0.13
1036  3901.3984375  0.13
1037  3901.3984375  0.13
1038  3901.3984375  0.13
1039  3901.3984375  0.13
1040  3901.3984375  0.13
1041  3901.3984375  0.13
1042  3901.3984375  0.13
1043  3901.3984375  0.13
1044  3901.3984375  0.13
1045  3901.3984375  0.13
1046  3901.3984375  0.13
1047  3901.3984375  0.13
1048  3901.3984375  0.13
1049  3901.3984375  0.13
1050  3901.3984375  0.13
1051  3901.3984375  0.13
1052  3901.3984375  0.13
1053  3901.3984375  0.13
1054  3901.3984375  0.13
1055  3901.3984375  0.13
1056  3901.3984375  0.13
1057  3901.3984375  0.13
1058  3901.3984375  0.13
1059  3901.3984375  0.13
1060  3901.3984375  0.13
1061  3901.3984375  0.13
1062  3901.3984375  0.13
1063  3901.3984375  0.13
1064  3901.3984375  0.13
1065  3901.3984375  0.13
1066  3901.3984375  0.13
1067  3901.3984375  0.13
1068  3901.3984375  0.13
1069  3901.3984375  0.13
1070  3901.3984375  0.13
1071  3901.3984375  0.13
1072  3901.3984375  0.13
1073  3901.3984375  0.13
1074  3901.3984375  0.13
1075  3901.3984375  0.13
1076  3901.3984375  0.13
1077  3901.3984375  0.13
1078  3901.3984375  0.13
1079  3901.3984375  0.13
1080  3901.3984375  0.13
1081  3901.3984375  0.13
1082  3901.3984375  0.13
1083  3901.3984375  0.13
1084  3901.3984375  0.13
1085  3901.3984375  0.13
1086  3901.3984375  0.13
1087  3901.3984375  0.13
1088  3901.3984375  0.13
1089  3901.3984375  0.13
1090  3901.3984375  0.13
1091  3901.3984375  0.13
1092  3901.3984375  0.13
1093  3901.3984375  0.13
1094  3901.3984375  0.13
1095  3901.3984375  0.13
1096  3901.3984375  0.13
1097  3901.3984375  0.13
1098  3901.3984375  0.13
1099  3901.3984375  0.13
1100  3901.3984375  0.13
1101  3901.3984375  0.13
1102  3901.3984375  0.13
1103  3901.3984375  0.13
1104  3901.3984375  0.13
1105  3901.3984375  0.13
1106  3901.3984375  0.13
1107  3901.3984375  0.13
1108  3901.3984375  0.13
1109  3901.3984375  0.13
1110  3901.3984375  0.13
1111  3901.3984375  0.13
1112  3901.3984375  0.13
1113  3901.3984375  0.13
1114  3901.3984375  0.13
1115  3901.3984375  0.13
1116  3901.3984375  0.13
1117  3901.3984375  0.13
1118  3901.3984375  0.13
1119  3901.3984375  0.13
1120  3901.3984375  0.13
1121  3901.3984375  0.13
1122  3901.3984375  0.13
1123  3901.3984375  0.13
1124  3901.3984375  0.13
1125  3901.3984375  0.13
1126  3901.3984375  0.13
1127  3901.3984375  0.13
1128  3901.3984375  0.13
1129  3901.3984375  0.13
1130  3901.3984375  0.13
1131  3901.3984375  0.13
1132  3901.3984375  0.13
1133  3901.3984375  0.13
1134  3901.3984375  0.13
1135  3901.3984375  0.13
1136  3901.3984375  0.13
1137  3901.3984375  0.13
1138  3901.3984375  0.13
1139  3901.3984375  0.13
1140  3901.3984375  0.13
1141  3901.3984375  0.13
1142  3901.3984375  0.13
1143  3901.3984375  0.13
1144  3901.3984375  0.13
1145  3901.3984375  0.13
1146  3901.3984375  0.13
1147  3901.3984375  0.13
1148  3901.3984375  0.13
1149  3901.3984375  0.13
1150  3901.3984375  0.13
1151  3901.3984375  0.13
1152  3901.3984375  0.13
1153  3901.3984375  0.13
1154  3901.3984375  0.13
1155  3901.3984375  0.13
1156  3901.3984375  0.13
1157  3901.3984375  0.13
1158  3901.3984375  0.13
1159  3901.3984375  0.13
1160  3901.3984375  0.13
1161  3901.3984375  0.13
1162  3901.3984375  0.13
1163  3901.3984375  0.13
1164  3901.3984375  0.13
1165  3901.3984375  0.13
1166  3901.3984375  0.13
1167  3901.3984375  0.13
1168  3901.3984375  0.13
1169  3901.3984375  0.13
1170  3901.3984375  0.13
1171  3901.3984375  0.13
1172  3901.3984375  0.13
1173  3901.3984375  0.13
1174  3901.3984375  0.13
1175  3901.3984375  0.13
1176  3901.3984375  0.13
1177  3901.3984375  0.13
1178  3901.3984375  0.13
1179  3901.3984375  0.13
1180  3901.3984375  0.13
1181  3901.3984375  0.13
1182  3901.3984375  0.13
1183  3901.3984375  0.13
1184  3901.3984375  0.13
1185  3901.3984375  0.13
1186  3901.3984375  0.13
1187  3901.3984375  0.13
1188  3901.3984375  0.13
1189  3901.3984375  0.13
1190  3901.3984375  0.13
1191  3901.3984375  0.13
1192  3901.3984375  0.13
1193  3901.3984375  0.13
1194  3901.3984375  0.13
1195  3901.3984375  0.13
1196  3901.3984375  0.13
1197  3901.3984375  0.13
1198  3901.3984375  0.13
1199  3901.3984375  0.13
1200  3901.3984375  0.13
1201  3901.3984375  0.13
1202  3901.3984375  0.13
1203  3901.3984375  0.13
1204  3901.3984375  0.13
1205  3901.3984375  0.13
1206  3901.3984375  0.13
1207  3901.3984375  0.13
1208  3901.3984375  0.13
1209  3901.3984375  0.13
1210  3901.3984375  0.13
1211  3901.3984375  0.13
1212  3901.3984375  0.13
1213  3901.3984375  0.13
1214  3901.3984375  0.13
1215  3901.3984375  0.13
1216  3901.3984375  0.13
1217  3901.3984375  0.13
1218  3901.3984375  0.13
1219  3901.3984375  0.13
1220  3901.3984375  0.13
1221  3901.3984375  0.13
1222  3901.3984375  0.13
1223  3901.3984375  0.13
1224  3901.3984375  0.13
1225  3901.3984375  0.13
1226  3901.3984375  0.13
1227  3901.3984375  0.13
1228  3901.3984375  0.13
1229  3901.3984375  0.13
1230  3901.3984375  0.13
1231  3901.3984375  0.13
1232  3901.3984375  0.13
1233  3901.3984375  0.13
1234  3901.3984375  0.13
1235  3901.3984375  0.13
1236  3901.3984375  0.13
1237  3901.3984375  0.13
1238  3901.3984375  0.13
1239  3901.3984375  0.13
1240  3901.3984375  0.13
1241  3901.3984375  0.13
1242  3901.3984375  0.13
1243  3901.3984375  0.13
1244  3901.3984375  0.13
1245  3901.3984375  0.13
1246  3901.3984375  0.13
1247  3901.3984375  0.13
1248  3901.3984375  0.13
1249  3901.3984375  0.13
1250  3901.3984375  0.13
1251  3901.3984375  0.13
1252  3901.3984375  0.13
1253  3901.3984375  0.13
1254  3901.3984375  0.13
1255  3901.3984375  0.13
1256  3901.3984375  0.13
1257  3901.3984375  0.13
1258  3901.3984375  0.13
1259  3901.3984375  0.13
1260  3901.3984375  0.13
1261  3901.3984375  0.13
1262  3901.3984375  0.13
1263  3901.3984375  0.13
1264  3901.3984375  0.13
1265  3901.3984375  0.13
1266  3901.3984375  0.13
1267  3901.3984375  0.13
1268  3901.3984375  0.13
1269  3901.3984375  0.13
1270  3901.3984375  0.13
1271  3901.3984375  0.13
1272  3901.3984375  0.13
1273  3901.3984375  0.13
1274  3901.3984375  0.13
1275  3901.3984375  0.13
1276  3901.3984375  0.13
1277  3901.3984375  0.13
1278  3901.3984375  0.13
1279  3901.3984375  0.13
1280  3901.3984375  0.13
1281  3901.3984375  0.13
1282  3901.3984375  0.13
1283  3901.3984375  0.13
1284  3901.3984375  0.13
1285  3901.3984375  0.13
1286  3901.3984375  0.13
1287  3901.3984375  0.13
1288  3901.3984375  0.13
1289  3901.3984375  0.13
1290  3901.3984375  0.13
1291  3901.3984375  0.13
1292  3901.3984375  0.13
1293  3901.3984375  0.13
1294  3901.3984375  0.13
1295  3901.3984375  0.13
1296  3901.3984375  0.13
1297  3901.3984375  0.13
1298  3901.3984375  0.13
1299  3901.3984375  0.13
1300  3901.3984375  0.13
1301  3901.3984375  0.13
1302  3901.3984375  0.13
1303  3901.3984375  0.13
1304  3901.3984375  0.13
1305  3901.3984375  0.13
1306  3901.3984375  0.13
1307  3901.3984375  0.13
1308  3901.3984375  0.13
1309  3901.3984375  0.13
1310  3901.3984375  0.13
1311  3901.3984375  0.13
1312  3901.3984375  0.13
1313  3901.3984375  0.13
1314  3901.3984375  0.13
1315  3901.3984375  0.13
1316  3901.3984375  0.13
1317  3901.3984375  0.13
1318  3901.3984375  0.13
1319  3901.3984375  0.13
1320  3901.3984375  0.13
1321  3901.3984375  0.13
1322  3901.3984375  0.13
1323  3901.3984375  0.13
1324  3901.3984375  0.13
1325  3901.3984375  0.13
1326  3901.3984375  0.13
1327  3901.3984375  0.13
1328  3901.3984375  0.13
1329  3901.3984375  0.13
1330  3901.3984375  0.13
1331  3901.3984375  0.13
1332  3901.3984375  0.13
1333  3901.3984375  0.13
1334  3901.3984375  0.13
1335  3901.3984375  0.13
1336  3901.3984375  0.13
1337  3901.3984375  0.13
1338  3901.3984375  0.13
1339  3901.3984375  0.13
1340  3901.3984375  0.13
1341  3901.3984375  0.13
1342  3901.3984375  0.13
1343  3901.3984375  0.13
1344  3901.3984375  0.13
1345  3901.3984375  0.13
1346  3901.3984375  0.13
1347  3901.3984375  0.13
1348  3901.3984375  0.13
1349  3901.3984375  0.13
1350  3901.3984375  0.13
1351  3901.3984375  0.13
1352  3901.3984375  0.13
1353  3901.3984375  0.13
1354  3901.3984375  0.13
1355  3901.3984375  0.13
1356  3901.3984375  0.13
1357  3901.3984375  0.13
1358  3901.3984375  0.13
1359  3901.3984375  0.13
1360  3901.3984375  0.13
1361  3901.3984375  0.13
1362  3901.3984375  0.13
1363  3901.3984375  0.13
1364  3901.3984375  0.13
1365  3901.3984375  0.13
1366  3901.3984375  0.13
1367  3901.3984375  0.13
1368  3901.3984375  0.13
1369  3901.3984375  0.13
1370  3901.3984375  0.13
1371  3901.3984375  0.13
1372  3901.3984375  0.13
1373  3901.3984375  0.13
1374  3901.3984375  0.13
1375  3901.3984375  0.13
1376  3901.3984375  0.13
1377  3901.3984375  0.13
1378  3901.3984375  0.13
1379  3901.3984375  0.13
1380  3901.3984375  0.13
1381  3901.3984375  0.13
1382  3901.3984375  0.13
1383  3901.3984375  0.13
1384  3901.3984375  0.13
1385  3901.3984375  0.13
1386  3901.3984375  0.13
1387  3901.3984375  0.13
1388  3901.3984375  0.13
1389  3901.3984375  0.13
1390  3901.3984375  0.13
1391  3901.3984375  0.13
1392  3901.3984375  0.13
1393  3901.3984375  0.13
1394  3901.3984375  0.13
1395  3901.3984375  0.13
1396  3901.3984375  0.13
1397  3901.3984375  0.13
1398  3901.3984375  0.13
1399  3901.3984375  0.13
1400  3901.3984375  0.13
1401  3901.3984375  0.13
1402  3901.3984375  0.13
1403  3901.3984375  0.13
1404  3901.3984375  0.13
1405  3901.3984375  0.13
1406  3901.3984375  0.13
1407  3901.3984375  0.13
1408  3901.3984375  0.13
1409  3901.3984375  0.13
1410  3901.3984375  0.13
1411  3901.3984375  0.13
1412  3901.3984375  0.13
1413  3901.3984375  0.13
1414  3901.3984375  0.13
1415  3901.3984375  0.13
1416  3901.3984375  0.13
1417  3901.3984375  0.13
1418  3901.3984375  0.13
1419  3901.3984375  0.13
1420  3901.3984375  0.13
1421  3901.3984375  0.13
1422  3901.3984375  0.13
1423  3901.3984375  0.13
1424  3901.3984375  0.13
1425  3901.3984375  0.13
1426  3901.3984375  0.13
1427  3901.3984375  0.13
1428  3901.3984375  0.13
1429  3901.3984375  0.13
1430  3901.3984375  0.13
1431  3901.3984375  0.13
1432  3901.3984375  0.13
1433  3901.3984375  0.13
1434  3901.3984375  0.13
1435  3901.3984375  0.13
1436  3901.3984375  0.13
1437  3901.3984375  0.13
1438  3901.3984375  0.13
1439  3901.3984375  0.13
1440  3901.3984375  0.13
1441  3901.3984375  0.13
1442  3901.3984375  0.13
1443  3901.3984375  0.13
1444  3901.3984375  0.13
1445  3901.3984375  0.13
1446  3901.3984375  0.13
1447  3901.3984375  0.13
1448  3901.3984375  0.13
1449  3994.4453125  0.06
1450  3994.4453125  0.06
1451  3994.4453125  0.06
1452  3994.4453125  0.06
1453  3994.4453125  0.06
1454  3994.4453125  0.06
1455  3994.4453125  0.06
1456  3994.4453125  0.06
1457  3994.4453125  0.06
1458  3994.4453125  0.06
1459  3994.4453125  0.06
1460  3994.4453125  0.06
1461  3994.4453125  0.06
1462  3994.4453125  0.06
1463  3994.4453125  0.06
1464  3994.4453125  0.06
1465  3994.4453125  0.06
1466  3994.4453125  0.06
1467  3994.4453125  0.06
1468  3994.4453125  0.06
1469  3994.4453125  0.06
1470  3994.4453125  0.06
1471  3994.4453125  0.06
1472  3994.4453125  0.06
1473  3994.4453125  0.06
1474  3994.4453125  0.06
1475  3994.4453125  0.06
1476  3994.4453125  0.06
1477  3994.4453125  0.06
1478  3994.4453125  0.06
1479  3994.4453125  0.06
1480  3994.4453125  0.06
1481  3994.4453125  0.06
1482  3994.4453125  0.06
1483  3994.4453125  0.06
1484  3994.4453125  0.06
1485  3994.4453125  0.06
1486  3994.4453125  0.06
1487  3994.4453125  0.06
1488  3994.4453125  0.06
1489  3994.4453125  0.06
1490  3994.4453125  0.06
1491  3994.4453125  0.06
1492  3994.4453125  0.06
1493  3994.4453125  0.06
1494  3994.4453125  0.06
1495  3994.4453125  0.06
1496  3994.4453125  0.06
1497  3994.4453125  0.06
1498  3994.4453125  0.06
1499  3994.4453125  0.06
1500  3994.4453125  0.06
1501  3994.4453125  0.06
1502  3994.4453125  0.06
1503  3994.4453125  0.06
1504  3994.4453125  0.06
1505  3994.4453125  0.06
1506  3994.4453125  0.06
1507  3994.4453125  0.06
1508  3994.4453125  0.06
1509  3994.4453125  0.06
1510  3994.4453125  0.06
1511  3994.4453125  0.06
1512  3994.4453125  0.06
1513  3994.4453125  0.06
1514  3994.4453125  0.06
1515  3994.4453125  0.06
1516  3994.4453125  0.06
1517  3994.4453125  0.06
1518  3994.4453125  0.06
1519  3994.4453125  0.06
1520  3994.4453125  0.06
1521  3994.4453125  0.06
1522  3994.4453125  0.06
1523  3994.4453125  0.06
1524  3994.4453125  0.06
1525  3994.4453125  0.06
1526  3994.4453125  0.06
1527  3994.4453125  0.06
1528  3994.4453125  0.06
1529  3994.4453125  0.06
1530  3994.4453125  0.06
1531  3994.4453125  0.06
1532  3994.4453125  0.06
1533  3994.4453125  0.06
1534  3994.4453125  0.06
1535  3994.4453125  0.06
1536  3994.4453125  0.06
1537  3994.4453125  0.06
1538  3994.4453125  0.06
1539  3994.4453125  0.06
1540  3994.4453125  0.06
1541  3994.4453125  0.06
1542  3994.4453125  0.06
1543  3994.4453125  0.06
1544  3994.4453125  0.06
1545  3994.4453125  0.06
1546  3994.4453125  0.06
1547  3994.4453125  0.06
1548  3994.4453125  0.06
1549  3994.4453125  0.06
1550  3994.4453125  0.06
1551  3994.4453125  0.06
1552  3994.4453125  0.06
1553  3994.4453125  0.06
1554  3994.4453125  0.06
1555  3994.4453125  0.06
1556  3994.4453125  0.06
1557  3994.4453125  0.06
1558  3994.4453125  0.06
1559  3994.4453125  0.06
1560  3994.4453125  0.06
1561  3994.4453125  0.06
1562  3994.4453125  0.06
1563  3994.4453125  0.06
1564  3994.4453125  0.06
1565  3994.4453125  0.06
1566  3994.4453125  0.06
1567  3994.4453125  0.06
1568  3994.4453125  0.06
1569  3994.4453125  0.06
1570  3994.4453125  0.06
1571  3994.4453125  0.06
1572  3994.4453125  0.06
1573  3994.4453125  0.06
1574  3994.4453125  0.06
1575  3994.4453125  0.06
1576  3994.4453125  0.06
1577  3994.4453125  0.06
1578  3994.4453125  0.06
1579  3994.4453125  0.06
1580  3994.4453125  0.06
1581  3994.4453125  0.06
1582  3994.4453125  0.06
1583  3994.4453125  0.06
1584  3994.4453125  0.06
1585  3994.4453125  0.06
1586  3994.4453125  0.06
1587  3994.4453125  0.06
1588  3994.4453125  0.06
1589  3994.4453125  0.06
1590  3994.4453125  0.06
1591  3994.4453125  0.06
1592  3994.4453125  0.06
1593  3994.4453125  0.06
1594  3994.4453125  0.06
1595  3994.4453125  0.06
1596  3994.4453125  0.06
1597  3994.4453125  0.06
1598  3994.4453125  0.06
1599  3994.4453125  0.06
1600  3994.4453125  0.06
1601  3994.4453125  0.06
1602  3994.4453125  0.06
1603  3994.4453125  0.06
1604  3994.4453125  0.06
1605  3994.4453125  0.06
1606  3994.4453125  0.06
1607  3994.4453125  0.06
1608  3994.4453125  0.06
1609  3994.4453125  0.06
1610  3994.4453125  0.06
1611  3994.4453125  0.06
1612  3994.4453125  0.06
1613  3994.4453125  0.06
1614  3994.4453125  0.06
1615  3994.4453125  0.06
1616  3994.4453125  0.06
1617  3994.4453125  0.06
1618  3994.4453125  0.06
1619  3994.4453125  0.06
1620  3994.4453125  0.06
1621  3994.4453125  0.06
1622  3994.4453125  0.06
1623  3994.4453125  0.06
1624  3994.4453125  0.06
1625  3994.4453125  0.06
1626  3994.4453125  0.06
1627  3994.4453125  0.06
1628  3994.4453125  0.06
1629  3994.4453125  0.06
1630  3994.4453125  0.06
1631  3994.4453125  0.06
1632  3994.4453125  0.06
1633  3994.4453125  0.06
1634  3994.4453125  0.06
1635  3994.4453125  0.06
1636  3994.4453125  0.06
1637  3994.4453125  0.06
1638  3994.4453125  0.06
1639  3994.4453125  0.06
1640  3994.4453125  0.06
1641  3994.4453125  0.06
1642  3994.4453125  0.06
1643  3994.4453125  0.06
1644  3994.4453125  0.06
1645  3994.4453125  0.06
1646  3994.4453125  0.06
1647  3994.4453125  0.06
1648  3994.4453125  0.06
1649  3994.4453125  0.06
1650  3994.4453125  0.06
1651  3994.4453125  0.06
1652  3994.4453125  0.06
1653  3994.4453125  0.06
1654  3994.4453125  0.06
1655  3994.4453125  0.06
1656  3994.4453125  0.06
1657  3994.4453125  0.06
1658  3994.4453125  0.06
1659  3994.4453125  0.06
1660  3994.4453125  0.06
1661  3994.4453125  0.06
1662  3994.4453125  0.06
1663  3994.4453125  0.06
1664  3994.4453125  0.06
1665  3994.4453125  0.06
1666  3994.4453125  0.06
1667  3994.4453125  0.06
1668  3994.4453125  0.06
1669  3994.4453125  0.06
1670  3994.4453125  0.06
1671  3994.4453125  0.06
1672  3994.4453125  0.06
1673  3994.4453125  0.06
1674  3994.4453125  0.06
1675  3994.4453125  0.06
1676  3994.4453125  0.06
1677  3994.4453125  0.06
1678  3994.4453125  0.06
1679  3994.4453125  0.06
1680  3994.4453125  0.06
1681  3994.4453125  0.06
1682  3994.4453125  0.06
1683  3994.4453125  0.06
1684  3994.4453125  0.06
1685  3994.4453125  0.06
1686  3994.4453125  0.06
1687  3994.4453125  0.06
1688  3994.4453125  0.06
1689  3994.4453125  0.06
1690  3994.4453125  0.06
1691  3994.4453125  0.06
1692  3994.4453125  0.06
1693  3994.4453125  0.06
1694  3994.4453125  0.06
1695  3994.4453125  0.06
1696  3994.4453125  0.06
1697  3994.4453125  0.06
1698  3994.4453125  0.06
1699  3994.4453125  0.06
1700  3994.4453125  0.06
1701  3994.4453125  0.06
1702  3994.4453125  0.06
1703  3994.4453125  0.06
1704  3994.4453125  0.06
1705  3994.4453125  0.06
1706  3994.4453125  0.06
1707  3994.4453125  0.06
1708  3994.4453125  0.06
1709  3994.4453125  0.06
1710  3994.4453125  0.06
1711  3994.4453125  0.06
1712  3994.4453125  0.06
1713  3994.4453125  0.06
1714  3994.4453125  0.06
1715  3994.4453125  0.06
1716  3994.4453125  0.06
1717  3994.4453125  0.06
1718  3994.4453125  0.06
1719  3994.4453125  0.06
1720  3994.4453125  0.06
1721  3994.4453125  0.06
1722  3994.4453125  0.06
1723  3994.4453125  0.06
1724  3994.4453125  0.06
1725  3994.4453125  0.06
1726  3994.4453125  0.06
1727  3994.4453125  0.06
1728  3994.4453125  0.06
1729  3994.4453125  0.06
1730  3994.4453125  0.06
1731  3994.4453125  0.06
1732  3994.4453125  0.06
1733  3994.4453125  0.06
1734  3994.4453125  0.06
1735  3994.4453125  0.06
1736  3994.4453125  0.06
1737  3994.4453125  0.06
1738  3994.4453125  0.06
1739  3994.4453125  0.06
1740  3994.4453125  0.06
1741  3994.4453125  0.06
1742  3994.4453125  0.06
1743  3994.4453125  0.06
1744  3994.4453125  0.06
1745  3994.4453125  0.06
1746  3994.4453125  0.06
1747  3994.4453125  0.06
1748  3994.4453125  0.06
1749  3994.4453125  0.06
1750  3994.4453125  0.06
1751  3994.4453125  0.06
1752  3994.4453125  0.06
1753  3994.4453125  0.06
1754  3994.4453125  0.06
1755  3994.4453125  0.06
1756  3994.4453125  0.06
1757  3994.4453125  0.06
1758  3994.4453125  0.06
1759  3994.4453125  0.06
1760  3994.4453125  0.06
1761  3994.4453125  0.06
1762  3994.4453125  0.06
1763  3994.4453125  0.06
1764  3994.4453125  0.06
1765  3994.4453125  0.06
1766  3994.4453125  0.06
1767  3994.4453125  0.06
1768  3994.4453125  0.06
1769  3994.4453125  0.06
1770  3994.4453125  0.06
1771  3994.4453125  0.06
1772  3994.4453125  0.06
1773  3994.4453125  0.06
1774  3994.4453125  0.06
1775  3994.4453125  0.06
1776  3994.4453125  0.06
1777  3994.4453125  0.06
1778  3994.4453125  0.06
1779  3994.4453125  0.06
1780  3994.4453125  0.06
1781  3994.4453125  0.06
1782  3994.4453125  0.06
1783  3994.4453125  0.06
1784  3994.4453125  0.06
1785  3994.4453125  0.06
1786  3994.4453125  0.06
1787  3994.4453125  0.06
1788  3994.4453125  0.06
1789  3994.4453125  0.06
1790  3994.4453125  0.06
1791  3994.4453125  0.06
1792  3994.4453125  0.06
1793  3994.4453125  0.06
1794  3994.4453125  0.06
1795  3994.4453125  0.06
1796  3994.4453125  0.06
1797  3994.4453125  0.06
1798  3994.4453125  0.06
1799  3994.4453125  0.06
1800  3994.4453125  0.06
1801  3994.4453125  0.06
1802  3994.4453125  0.06
1803  3994.4453125  0.06
1804  3994.4453125  0.06
1805  3994.4453125  0.06
1806  3994.4453125  0.06
1807  3994.4453125  0.06
1808  3994.4453125  0.06
1809  3994.4453125  0.06
1810  3994.4453125  0.06
1811  3994.4453125  0.06
1812  3994.4453125  0.06
1813  3994.4453125  0.06
1814  3994.4453125  0.06
1815  3994.4453125  0.06
1816  3994.4453125  0.06
1817  3994.4453125  0.06
1818  3994.4453125  0.06
1819  3994.4453125  0.06
1820  3994.4453125  0.06
1821  3994.4453125  0.06
1822  3994.4453125  0.06
1823  3994.4453125  0.06
1824  3994.4453125  0.06
1825  3994.4453125  0.06
1826  3994.4453125  0.06
1827  3994.4453125  0.06
1828  3994.4453125  0.06
1829  3994.4453125  0.06
1830  3994.4453125  0.06
1831  3994.4453125  0.06
1832  3994.4453125  0.06
1833  3994.4453125  0.06
1834  3994.4453125  0.06
1835  3994.4453125  0.06
1836  3994.4453125  0.06
1837  3994.4453125  0.06
1838  3994.4453125  0.06
1839  3994.4453125  0.06
1840  3994.4453125  0.06
1841  3994.4453125  0.06
1842  3994.4453125  0.06
1843  3994.4453125  0.06
1844  3994.4453125  0.06
1845  3994.4453125  0.06
1846  3994.4453125  0.06
1847  3994.4453125  0.06
1848  3994.4453125  0.06
1849  3994.4453125  0.06
1850  3994.4453125  0.06
1851  3994.4453125  0.06
1852  3994.4453125  0.06
1853  3994.4453125  0.06
1854  3994.4453125  0.06
1855  3994.4453125  0.06
1856  3994.4453125  0.06
1857  3994.4453125  0.06
1858  3994.4453125  0.06
1859  3994.4453125  0.06
1860  3994.4453125  0.06
1861  3994.4453125  0.06
1862  3994.4453125  0.06
1863  3994.4453125  0.06
1864  3994.4453125  0.06
1865  3994.4453125  0.06
1866  3994.4453125  0.06
1867  3994.4453125  0.06
1868  3994.4453125  0.06
1869  3994.4453125  0.06
1870  3994.4453125  0.06
1871  3994.4453125  0.06
1872  3994.4453125  0.06
1873  3994.4453125  0.06
1874  3994.4453125  0.06
1875  3994.4453125  0.06
1876  3994.4453125  0.06
1877  3994.4453125  0.06
1878  3994.4453125  0.06
1879  3994.4453125  0.06
1880  3994.4453125  0.06
1881  3994.4453125  0.06
1882  3994.4453125  0.06
1883  3994.4453125  0.06
1884  3994.4453125  0.06
1885  3994.4453125  0.06
1886  3994.4453125  0.06
1887  3994.4453125  0.06
1888  3994.4453125  0.06
1889  3994.4453125  0.06
1890  3994.4453125  0.06
1891  3994.4453125  0.06
1892  3994.4453125  0.06
1893  3994.4453125  0.06
1894  3994.4453125  0.06
1895  3994.4453125  0.06
1896  3994.4453125  0.06
1897  3994.4453125  0.06
1898  3994.4453125  0.06
1899  3994.4453125  0.06
1900  3994.4453125  0.06
1901  3994.4453125  0.06
1902  3994.4453125  0.06
1903  3994.4453125  0.06
1904  3994.4453125  0.06
1905  3994.4453125  0.06
1906  3994.4453125  0.06
1907  3994.4453125  0.06
1908  3994.4453125  0.06
1909  3994.4453125  0.06
1910  3994.4453125  0.06
1911  3994.4453125  0.06
1912  3994.4453125  0.06
1913  3994.4453125  0.06
1914  3994.4453125  0.06
1915  3994.4453125  0.06
1916  3994.4453125  0.06
1917  3994.4453125  0.06
1918  3994.4453125  0.06
1919  3994.4453125  0.06
1920  3994.4453125  0.06
1921  3994.4453125  0.06
1922  3994.4453125  0.06
1923  3994.4453125  0.06
1924  3994.4453125  0.06
1925  3994.4453125  0.06
1926  3994.4453125  0.06
1927  3994.4453125  0.06
1928  3994.4453125  0.06
1929  3994.4453125  0.06
1930  3994.4453125  0.06
1931  3994.4453125  0.06
1932  3994.4453125  0.06
1933  3994.4453125  0.06
1934  3994.4453125  0.06
1935  3994.4453125  0.06
1936  3994.4453125  0.06
1937  3994.4453125  0.06
1938  3994.4453125  0.06
1939  3994.4453125  0.06
1940  3994.4453125  0.06
1941  3994.4453125  0.06
1942  3994.4453125  0.06
1943  3994.4453125  0.06
1944  3994.4453125  0.06
1945  3994.4453125  0.06
1946  3994.4453125  0.06
1947  3994.4453125  0.06
1948  3994.4453125  0.06
1949  3994.4453125  0.06
1950  3994.4453125  0.06
1951  3994.4453125  0.06
1952  3994.4453125  0.06
1953  3994.4453125  0.06
1954  3994.4453125  0.06
1955  3994.4453125  0.06
1956  3994.4453125  0.06
1957  3994.4453125  0.06
1958  3994.4453125  0.06
1959  3994.4453125  0.06
1960  3994.4453125  0.06
1961  3994.4453125  0.06
1962  3994.4453125  0.06
1963  3994.4453125  0.06
1964  3994.4453125  0.06
1965  3994.4453125  0.06
1966  3994.4453125  0.06
1967  3994.4453125  0.06
1968  3994.4453125  0.06
1969  3994.4453125  0.06
1970  3994.4453125  0.06
1971  3994.4453125  0.06
1972  3994.4453125  0.06
1973  3994.4453125  0.06
1974  3994.4453125  0.06
1975  3994.4453125  0.06
1976  3994.4453125  0.06
1977  3994.4453125  0.06
1978  3994.4453125  0.06
1979  3994.4453125  0.06
1980  3994.4453125  0.06
1981  3994.4453125  0.06
1982  3994.4453125  0.06
1983  3994.4453125  0.06
1984  3994.4453125  0.06
1985  3994.4453125  0.06
1986  3994.4453125  0.06
1987  3994.4453125  0.06
1988  3994.4453125  0.06
1989  3994.4453125  0.06
1990  3994.4453125  0.06
1991  3994.4453125  0.06
1992  3994.4453125  0.06
1993  3994.4453125  0.06
1994  3994.4453125  0.06
1995  3994.4453125  0.06
1996  3994.4453125  0.06
1997  3994.4453125  0.06
1998  3994.4453125  0.06
1999  3994.4453125  0.06
2000  3994.4453125  0.06
2001  3994.4453125  0.06
2002  3994.4453125  0.06
2003  3994.4453125  0.06
2004  3994.4453125  0.06
2005  3994.4453125  0.06
2006  3994.4453125  0.06
2007  3994.4453125  0.06
2008  3994.4453125  0.06
2009  3994.4453125  0.06
2010  3994.4453125  0.06
2011  3994.4453125  0.06
2012  3994.4453125  0.06
2013  3994.4453125  0.06
2014  3994.4453125  0.06
2015  3994.4453125  0.06
2016  3994.4453125  0.06
2017  3994.4453125  0.06
2018  3994.4453125  0.06
2019  3994.4453125  0.06
2020  3994.4453125  0.06
2021  3994.4453125  0.06
2022  3994.4453125  0.06
2023  3994.4453125  0.06
2024  3994.4453125  0.06
2025  3994.4453125  0.06
2026  3994.4453125  0.06
2027  3994.4453125  0.06
2028  3994.4453125  0.06
2029  3994.4453125  0.06
2030  3994.4453125  0.06
2031  3994.4453125  0.06
2032  3994.4453125  0.06
2033  3994.4453125  0.06
2034  3994.4453125  0.06
2035  3994.4453125  0.06
2036  3994.4453125  0.06
2037  3994.4453125  0.06
2038  3994.4453125  0.06
2039  3994.4453125  0.06
2040  3994.4453125  0.06
2041  3994.4453125  0.06
2042  3994.4453125  0.06
2043  3994.4453125  0.06
2044  3994.4453125  0.06
2045  3994.4453125  0.06
2046  3994.4453125  0.06
2047  3994.4453125  0.06
2048  3994.4453125  0.06
2049  3994.4453125  0.06
2050  3994.4453125  0.06
2051  3994.4453125  0.06
2052  3994.4453125  0.06
2053  3994.4453125  0.06
2054  3994.4453125  0.06
2055  3994.4453125  0.06
2056  3994.4453125  0.06
2057  3994.4453125  0.06
2058  3994.4453125  0.06
2059  3994.4453125  0.06
2060  3994.4453125  0.06
2061  3994.4453125  0.06
2062  3994.4453125  0.06
2063  3994.4453125  0.06
2064  3994.4453125  0.06
2065  3994.4453125  0.06
2066  3994.4453125  0.06
2067  3994.4453125  0.06
2068  3994.4453125  0.06
2069  3994.4453125  0.06
2070  3994.4453125  0.06
2071  3994.4453125  0.06
2072  3994.4453125  0.06
2073  3994.4453125  0.06
2074  3994.4453125  0.06
2075  3994.4453125  0.06
2076  3994.4453125  0.06
2077  3994.4453125  0.06
2078  3994.4453125  0.06
2079  3994.4453125  0.06
2080  3994.4453125  0.06
2081  3994.4453125  0.06
2082  3994.4453125  0.06
2083  3994.4453125  0.06
2084  3994.4453125  0.06
2085  3994.4453125  0.06
2086  3994.4453125  0.06
2087  3994.4453125  0.06
2088  3994.4453125  0.06
2089  3994.4453125  0.06
2090  3994.4453125  0.06
2091  3994.4453125  0.06
2092  3994.4453125  0.06
2093  3994.4453125  0.06
2094  3994.4453125  0.06
2095  3994.4453125  0.06
2096  3994.4453125  0.06
2097  3994.4453125  0.06
2098  3994.4453125  0.06
2099  3994.4453125  0.06
2100  3994.4453125  0.06
2101  3994.4453125  0.06
2102  3994.4453125  0.06
2103  3994.4453125  0.06
2104  3994.4453125  0.06
2105  3994.4453125  0.06
2106  3994.4453125  0.06
2107  3994.4453125  0.06
2108  3994.4453125  0.06
2109  3994.4453125  0.06
2110  3994.4453125  0.06
2111  3994.4453125  0.06
2112  3994.4453125  0.06
2113  3994.4453125  0.06
2114  3994.4453125  0.06
2115  3994.4453125  0.06
2116  3994.4453125  0.06
2117  3994.4453125  0.06
2118  3994.4453125  0.06
2119  3994.4453125  0.06
2120  3994.4453125  0.06
2121  3994.4453125  0.06
2122  3994.4453125  0.06
2123  3994.4453125  0.06
2124  3994.4453125  0.06
2125  3994.4453125  0.06
2126  3994.4453125  0.06
2127  3994.4453125  0.06
2128  3994.4453125  0.06
2129  3994.4453125  0.06
2130  3994.4453125  0.06
2131  3994.4453125  0.06
2132  3994.4453125  0.06
2133  3994.4453125  0.06
2134  3994.4453125  0.06
2135  3994.4453125  0.06
2136  3994.4453125  0.06
2137  3994.4453125  0.06
2138  3994.4453125  0.06
2139  3994.4453125  0.06
2140  3994.4453125  0.06
2141  3994.4453125  0.06
2142  3994.4453125  0.06
2143  3994.4453125  0.06
2144  3994.4453125  0.06
2145  3994.4453125  0.06
2146  3994.4453125  0.06
2147  3994.4453125  0.06
2148  3994.4453125  0.06
2149  3994.4453125  0.06
2150  3994.4453125  0.06
2151  3994.4453125  0.06
2152  3994.4453125  0.06
2153  3994.4453125  0.06
2154  3994.4453125  0.06
2155  3994.4453125  0.06
2156  3994.4453125  0.06
2157  3994.4453125  0.06
2158  3994.4453125  0.06
2159  3994.4453125  0.06
2160  3994.4453125  0.06
2161  3994.4453125  0.06
2162  3994.4453125  0.06
2163  3994.4453125  0.06
2164  3994.4453125  0.06
2165  3994.4453125  0.06
2166  3994.4453125  0.06
2167  3994.4453125  0.06
2168  3994.4453125  0.06
2169  3994.4453125  0.06
2170  3994.4453125  0.06
2171  3994.4453125  0.06
2172  3994.4453125  0.06
2173  3994.4453125  0.06
2174  3994.4453125  0.06
2175  3994.4453125  0.06
2176  3994.4453125  0.06
2177  3994.4453125  0.06
2178  3994.4453125  0.06
2179  3994.4453125  0.06
2180  3994.4453125  0.06
2181  3994.4453125  0.06
2182  3994.4453125  0.06
2183  3994.4453125  0.06
2184  3994.4453125  0.06
2185  3994.4453125  0.06
2186  3994.4453125  0.06
2187  3994.4453125  0.06
2188  3994.4453125  0.06
2189  3994.4453125  0.06
2190  3994.4453125  0.06
2191  3994.4453125  0.06
2192  3994.4453125  0.06
2193  3994.4453125  0.06
2194  3994.4453125  0.06
2195  3994.4453125  0.06
2196  3994.4453125  0.06
2197  3994.4453125  0.06
2198  3994.4453125  0.06
2199  3994.4453125  0.06
2200  3994.4453125  0.06
2201  3994.4453125  0.06
2202  3994.4453125  0.06
2203  3994.4453125  0.06
2204  3994.4453125  0.06
2205  3994.4453125  0.06
2206  3994.4453125  0.06
2207  3994.4453125  0.06
2208  3994.4453125  0.06
2209  3994.4453125  0.06
2210  3994.4453125  0.06
2211  3994.4453125  0.06
2212  3994.4453125  0.06
2213  3994.4453125  0.06
2214  3994.4453125  0.06
2215  3994.4453125  0.06
2216  3994.4453125  0.06
2217  3994.4453125  0.06
2218  3994.4453125  0.06
2219  3994.4453125  0.06
2220  3994.4453125  0.06
2221  3994.4453125  0.06
2222  3994.4453125  0.06
2223  3994.4453125  0.06
2224  3994.4453125  0.06
2225  3994.4453125  0.06
2226  3994.4453125  0.06
2227  3994.4453125  0.06
2228  3994.4453125  0.06
2229  3994.4453125  0.06
2230  3994.4453125  0.06
2231  3994.4453125  0.06
2232  3994.4453125  0.06
2233  3994.4453125  0.06
2234  3994.4453125  0.06
2235  3994.4453125  0.06
2236  3994.4453125  0.06
2237  3994.4453125  0.06
2238  3994.4453125  0.06
2239  3994.4453125  0.06
2240  3994.4453125  0.06
2241  3994.4453125  0.06
2242  3994.4453125  0.06
2243  3994.4453125  0.06
2244  3994.4453125  0.06
2245  3994.4453125  0.06
2246  3994.4453125  0.06
2247  3994.4453125  0.06
2248  3994.4453125  0.06
2249  3994.4453125  0.06
2250  3994.4453125  0.06
2251  3994.4453125  0.06
2252  3994.4453125  0.06
2253  3994.4453125  0.06
2254  3994.4453125  0.06
2255  3994.4453125  0.06
2256  3994.4453125  0.06
2257  3994.4453125  0.06
2258  3994.4453125  0.06
2259  3994.4453125  0.06
2260  3994.4453125  0.06
2261  3994.4453125  0.06
2262  3994.4453125  0.06
2263  3994.4453125  0.06
2264  3994.4453125  0.06
2265  3994.4453125  0.06
2266  3994.4453125  0.06
2267  3994.4453125  0.06
2268  3994.4453125  0.06
2269  3994.4453125  0.06
2270  3994.4453125  0.06
2271  3994.4453125  0.06
2272  3994.4453125  0.06
2273  3994.4453125  0.06
2274  3994.4453125  0.06
2275  3994.4453125  0.06
2276  3994.4453125  0.06
2277  3994.4453125  0.06
2278  3994.4453125  0.06
2279  3994.4453125  0.06
2280  3994.4453125  0.06
2281  3994.4453125  0.06
2282  3994.4453125  0.06
2283  3994.4453125  0.06
2284  3994.4453125  0.06
2285  3994.4453125  0.06
2286  3994.4453125  0.06
2287  3994.4453125  0.06
2288  3994.4453125  0.06
2289  3994.4453125  0.06
2290  3994.4453125  0.06
2291  3994.4453125  0.06
2292  3994.4453125  0.06
2293  3994.4453125  0.06
2294  3994.4453125  0.06
2295  3994.4453125  0.06
2296  3994.4453125  0.06
2297  3994.4453125  0.06
2298  3994.4453125  0.06
2299  3994.4453125  0.06
2300  3994.4453125  0.06
2301  3994.4453125  0.06
2302  3994.4453125  0.06
2303  3994.4453125  0.06
2304  3994.4453125  0.06
2305  3994.4453125  0.06
2306  3994.4453125  0.06
2307  3994.4453125  0.06
2308  3994.4453125  0.06
2309  3994.4453125  0.06
2310  3994.4453125  0.06
2311  3994.4453125  0.06
2312  3994.4453125  0.06
2313  3994.4453125  0.06
2314  3994.4453125  0.06
2315  3994.4453125  0.06
2316  3994.4453125  0.06
2317  3994.4453125  0.06
2318  3994.4453125  0.06
2319  3994.4453125  0.06
2320  3994.4453125  0.06
2321  3994.4453125  0.06
2322  3994.4453125  0.06
2323  3994.4453125  0.06
2324  3994.4453125  0.06
2325  3994.4453125  0.06
2326  3994.4453125  0.06
2327  3994.4453125  0.06
2328  3994.4453125  0.06
2329  3994.4453125  0.06
2330  3994.4453125  0.06
2331  3994.4453125  0.06
2332  3994.4453125  0.06
2333  3994.4453125  0.06
2334  3994.4453125  0.06
2335  3994.4453125  0.06
2336  3994.4453125  0.06
2337  3994.4453125  0.06
2338  3994.4453125  0.06
2339  3994.4453125  0.06
2340  3994.4453125  0.06
2341  3994.4453125  0.06
2342  3994.4453125  0.06
2343  3994.4453125  0.06
2344  3994.4453125  0.06
2345  3994.4453125  0.06
2346  3994.4453125  0.06
2347  3994.4453125  0.06
2348  3994.4453125  0.06
2349  3994.4453125  0.06
2350  3994.4453125  0.06
2351  3994.4453125  0.06
2352  3994.4453125  0.06
2353  3994.4453125  0.06
2354  3994.4453125  0.06
2355  3994.4453125  0.06
2356  3994.4453125  0.06
2357  3994.4453125  0.06
2358  3994.4453125  0.06
2359  3994.4453125  0.06
2360  3994.4453125  0.06
2361  3994.4453125  0.06
2362  3994.4453125  0.06
2363  3994.4453125  0.06
2364  3994.4453125  0.06
2365  3994.4453125  0.06
2366  3994.4453125  0.06
2367  3994.4453125  0.06
2368  3994.4453125  0.06
2369  3994.4453125  0.06
2370  4053.2265625  0.06
2371  4111.1015625  0.06
2372  4053.2265625  0.06
2373  4111.1015625  0.06
2374  4053.2265625  0.06
2375  4111.1015625  0.06
2376  4053.2265625  0.06
2377  4111.1015625  0.06
2378  4053.2265625  0.06
2379  4111.1015625  0.06
2380  4053.2265625  0.06
2381  4111.1015625  0.06
2382  4053.2265625  0.06
2383  4111.1015625  0.06
2384  4053.2265625  0.06
2385  4111.1015625  0.06
2386  4053.2265625  0.06
2387  4111.1015625  0.06
2388  4053.2265625  0.06
2389  4111.1015625  0.06
2390  4053.2265625  0.06
2391  4111.1015625  0.06
2392  4053.2265625  0.06
2393  4111.1015625  0.06
2394  4053.2265625  0.06
2395  4111.1015625  0.06
2396  4053.2265625  0.06
2397  4111.1015625  0.06
2398  4053.2265625  0.06
2399  4111.1015625  0.06
2400  4053.2265625  0.06
2401  4111.1015625  0.06
2402  4053.2265625  0.06
2403  4111.1015625  0.06
2404  4053.2265625  0.06
2405  4111.1015625  0.06
2406  4053.2265625  0.06
2407  4111.1015625  0.06
2408  4053.2265625  0.06
2409  4111.1015625  0.06
2410  4053.2265625  0.06
2411  4111.1015625  0.06
2412  4053.2265625  0.06
2413  4111.1015625  0.06
2414  4053.2265625  0.06
2415  4111.1015625  0.06
2416  4053.2265625  0.06
2417  4111.1015625  0.06
2418  4053.2265625  0.06
2419  4111.1015625  0.06
2420  4053.2265625  0.06
2421  4111.1015625  0.06
2422  4053.2265625  0.06
2423  4111.1015625  0.06
2424  4053.2265625  0.06
2425  4111.1015625  0.06
2426  4053.2265625  0.06
2427  4111.1015625  0.06
2428  4053.2265625  0.06
2429  4111.1015625  0.06
2430  4053.2265625  0.06
2431  4111.1015625  0.06
2432  4053.2265625  0.06
2433  4111.1015625  0.06
2434  4053.2265625  0.06
2435  4111.1015625  0.06
2436  4053.2265625  0.06
2437  4111.1015625  0.06
2438  4053.2265625  0.06
2439  4111.1015625  0.06
2440  4053.2265625  0.06
2441  4111.1015625  0.06
2442  4053.2265625  0.06
2443  4111.1015625  0.06
2444  4053.2265625  0.06
2445  4111.1015625  0.06
2446  4053.2265625  0.06
2447  4111.1015625  0.06
2448  4053.2265625  0.06
2449  4111.1015625  0.06
2450  4053.2265625  0.06
2451  4111.1015625  0.06
2452  4053.2265625  0.06
2453  4111.1015625  0.06
2454  4053.2265625  0.06
2455  4111.1015625  0.06
2456  4053.2265625  0.06
2457  4111.1015625  0.06
2458  4053.2265625  0.06
2459  4111.1015625  0.06
2460  4053.2265625  0.06
2461  4111.1015625  0.06
2462  4053.2265625  0.06
2463  4111.1015625  0.06
2464  4053.2265625  0.06
2465  4111.1015625  0.06
2466  4053.2265625  0.06
2467  4111.1015625  0.06
2468  4053.2265625  0.06
2469  4111.1015625  0.06
2470  4053.2265625  0.06
2471  4111.1015625  0.06
2472  4053.2265625  0.06
2473  4111.1015625  0.06
2474  4053.2265625  0.06
2475  4111.1015625  0.06
2476  4053.2265625  0.06
2477  4111.1015625  0.06
2478  4053.2265625  0.06
2479  4111.1015625  0.06
2480  4053.2265625  0.06
2481  4111.1015625  0.06
2482  4053.2265625  0.06
2483  4111.1015625  0.06
2484  4053.2265625  0.06
2485  4111.1015625  0.06
2486  4053.2265625  0.06
2487  4111.1015625  0.06
2488  4053.2265625  0.06
2489  4111.1015625  0.06
2490  4053.2265625  0.06
2491  4111.1015625  0.06
2492  4053.2265625  0.06
2493  4111.1015625  0.06
2494  4053.2265625  0.06
2495  4111.1015625  0.06
2496  4053.2265625  0.06
2497  4111.1015625  0.06
2498  4053.2265625  0.06
2499  4111.1015625  0.06
2500  4053.2265625  0.06
2501  4111.1015625  0.06
2502  4053.2265625  0.06
2503  4111.1015625  0.06
2504  4053.2265625  0.06
2505  4111.1015625  0.06
2506  4053.2265625  0.06
2507  4111.1015625  0.06
2508  4053.2265625  0.06
2509  4111.1015625  0.06
2510  4053.2265625  0.06
2511  4111.1015625  0.06
2512  4053.2265625  0.06
2513  4111.1015625  0.06
2514  4053.2265625  0.06
2515  4111.1015625  0.06
2516  4053.2265625  0.06
2517  4111.1015625  0.06
2518  4053.2265625  0.06
2519  4111.1015625  0.06
2520  4053.2265625  0.06
2521  4111.1015625  0.06
2522  4053.2265625  0.06
2523  4111.1015625  0.06
2524  4053.2265625  0.06
2525  4111.1015625  0.06
2526  4053.2265625  0.06
2527  4111.1015625  0.06
2528  4053.2265625  0.06
2529  4111.1015625  0.06
2530  4053.2265625  0.06
2531  4111.1015625  0.06
2532  4053.2265625  0.06
2533  4111.1015625  0.06
2534  4053.2265625  0.06
2535  4111.1015625  0.06
2536  4053.2265625  0.06
2537  4111.1015625  0.06
2538  4053.2265625  0.06
2539  4111.1015625  0.06
2540  4053.2265625  0.06
2541  4111.1015625  0.06
2542  4053.2265625  0.06
2543  4111.1015625  0.06
2544  4053.2265625  0.06
2545  4111.1015625  0.06
2546  4053.2265625  0.06
2547  4111.1015625  0.06
2548  4053.2265625  0.06
2549  4111.1015625  0.06
2550  4053.2265625  0.06
2551  4111.1015625  0.06
2552  4053.2265625  0.06
2553  4111.1015625  0.06
2554  4053.2265625  0.06
2555  4111.1015625  0.06
2556  4053.2265625  0.06
2557  4111.1015625  0.06
2558  4053.2265625  0.06
2559  4111.1015625  0.06
2560  4053.2265625  0.06
2561  4111.1015625  0.06
2562  4053.2265625  0.06
2563  4111.1015625  0.06
2564  4053.2265625  0.06
2565  4111.1015625  0.06
2566  4053.2265625  0.06
2567  4111.1015625  0.06
2568  4053.2265625  0.06
2569  4111.1015625  0.06
2570  4053.2265625  0.06
2571  4111.1015625  0.06
2572  4053.2265625  0.06
2573  4111.1015625  0.06
2574  4053.2265625  0.06
2575  4111.1015625  0.06
2576  4053.2265625  0.06
2577  4111.1015625  0.06
2578  4053.2265625  0.06
2579  4111.1015625  0.06
2580  4053.2265625  0.06
2581  4111.1015625  0.06
2582  4053.2265625  0.06
2583  4111.1015625  0.06
2584  4053.2265625  0.06
2585  4111.1015625  0.06
2586  4053.2265625  0.06
2587  4111.1015625  0.06
2588  4053.2265625  0.06
2589  4111.1015625  0.06
2590  4053.2265625  0.06
2591  4111.1015625  0.06
2592  4053.2265625  0.06
2593  4111.1015625  0.06
2594  4053.2265625  0.06
2595  4111.1015625  0.06
2596  4053.2265625  0.06
2597  4111.1015625  0.06
2598  4053.2265625  0.06
2599  4111.1015625  0.06
2600  4053.2265625  0.06
2601  4111.1015625  0.06
2602  4053.2265625  0.06
2603  4111.1015625  0.06
2604  4053.2265625  0.06
2605  4111.1015625  0.06
2606  4053.2265625  0.06
2607  4111.1015625  0.06
2608  4053.2265625  0.06
2609  4111.1015625  0.06
2610  4053.2265625  0.06
2611  4111.1015625  0.06
2612  4053.2265625  0.06
2613  4111.1015625  0.06
2614  4053.2265625  0.06
2615  4111.1015625  0.06
2616  4053.2265625  0.06
2617  4111.1015625  0.06
2618  4053.2265625  0.06
2619  4111.1015625  0.06
2620  4053.2265625  0.06
2621  4111.1015625  0.06
2622  4053.2265625  0.06
2623  4111.1015625  0.06
2624  4053.2265625  0.06
2625  4111.1015625  0.06
2626  4053.2265625  0.06
2627  4111.1015625  0.06
2628  4053.2265625  0.06
2629  4111.1015625  0.06
2630  4053.2265625  0.06
2631  4111.1015625  0.06
2632  4053.2265625  0.06
2633  4111.1015625  0.06
2634  4053.2265625  0.06
2635  4111.1015625  0.06
2636  4053.2265625  0.06
2637  4111.1015625  0.06
2638  4053.2265625  0.06
2639  4111.1015625  0.06
2640  4053.2265625  0.06
2641  4111.1015625  0.06
2642  4053.2265625  0.06
2643  4111.1015625  0.06
2644  4053.2265625  0.06
2645  4111.1015625  0.06
2646  4053.2265625  0.06
2647  4111.1015625  0.06
2648  4053.2265625  0.06
2649  4111.1015625  0.06
2650  4053.2265625  0.06
2651  4111.1015625  0.06
2652  4053.2265625  0.06
2653  4111.1015625  0.06
2654  4053.2265625  0.06
2655  4111.1015625  0.06
2656  4053.2265625  0.06
2657  4111.1015625  0.06
2658  4053.2265625  0.06
2659  4111.1015625  0.06
2660  4053.2265625  0.06
2661  4111.1015625  0.06
2662  4053.2265625  0.06
2663  4111.1015625  0.06
2664  4053.2265625  0.06
2665  4111.1015625  0.06
2666  4053.2265625  0.06
2667  4111.1015625  0.06
2668  4053.2265625  0.06
2669  4111.1015625  0.06
2670  4053.2265625  0.06
2671  4111.1015625  0.06
2672  4053.2265625  0.06
2673  4111.1015625  0.06
2674  4053.2265625  0.06
2675  4111.1015625  0.06
2676  4053.2265625  0.06
2677  4111.1015625  0.06
2678  4053.2265625  0.06
2679  4111.1015625  0.06
2680  4053.2265625  0.06
2681  4111.1015625  0.06
2682  4053.2265625  0.06
2683  4111.1015625  0.06
2684  4053.2265625  0.06
2685  4111.1015625  0.06
2686  4053.2265625  0.06
2687  4111.1015625  0.06
2688  4053.2265625  0.06
2689  4111.1015625  0.06
2690  4053.2265625  0.06
2691  4111.1015625  0.06
2692  4053.2265625  0.06
2693  4111.1015625  0.06
2694  4053.2265625  0.06
2695  4111.1015625  0.06
2696  4053.2265625  0.06
2697  4111.1015625  0.06
2698  4053.2265625  0.06
2699  4111.1015625  0.06
2700  4053.2265625  0.06
2701  4111.1015625  0.06
2702  4053.2265625  0.06
2703  4111.1015625  0.06
2704  4053.2265625  0.06
2705  4111.1015625  0.06
2706  4053.2265625  0.06
2707  4111.1015625  0.06
2708  4053.2265625  0.06
2709  4111.1015625  0.06
2710  4053.2265625  0.06
2711  4111.1015625  0.06
2712  4053.2265625  0.06
2713  4111.1015625  0.06
2714  4053.2265625  0.06
2715  4111.1015625  0.06
2716  4053.2265625  0.06
2717  4111.1015625  0.06
2718  4053.2265625  0.06
2719  4111.1015625  0.06
2720  4053.2265625  0.06
2721  4111.1015625  0.06
2722  4053.2265625  0.06
2723  4111.1015625  0.06
2724  4053.2265625  0.06
2725  4111.1015625  0.06
2726  4053.2265625  0.06
2727  4111.1015625  0.06
2728  4053.2265625  0.06
2729  4053.2265625  0.06
2730  4053.2265625  0.06
2731  4053.2265625  0.06
2732  4053.2265625  0.06
2733  4053.2265625  0.06
2734  4053.2265625  0.06
2735  4053.2265625  0.06
2736  4053.2265625  0.06
2737  4053.2265625  0.06
2738  4053.2265625  0.06
2739  4053.2265625  0.06
2740  4053.2265625  0.06
2741  4053.2265625  0.06
2742  4053.2265625  0.06
2743  4053.2265625  0.06
2744  4053.2265625  0.06
2745  4053.2265625  0.06
2746  4053.2265625  0.06
2747  4053.2265625  0.06
2748  4053.2265625  0.06
2749  4053.2265625  0.06
2750  4053.2265625  0.06
2751  4053.2265625  0.06
2752  4053.2265625  0.06
2753  4053.2265625  0.06
2754  4053.2265625  0.06
2755  4053.2265625  0.06
2756  4053.2265625  0.06
2757  4053.2265625  0.06
2758  4053.2265625  0.06
2759  4053.2265625  0.06
2760  4053.2265625  0.06
2761  4053.2265625  0.06
2762  4053.2265625  0.06
2763  4053.2265625  0.06
2764  4053.2265625  0.06
2765  4053.2265625  0.06
2766  4053.2265625  0.06
2767  4053.2265625  0.06
2768  4053.2265625  0.06
2769  4053.2265625  0.06
2770  4053.2265625  0.06
2771  4053.2265625  0.06
2772  4053.2265625  0.06
2773  4053.2265625  0.06
2774  4053.2265625  0.06
2775  4053.2265625  0.06
2776  4053.2265625  0.06
2777  4053.2265625  0.06
2778  4053.2265625  0.06
2779  4053.2265625  0.06
2780  4053.2265625  0.06
2781  4053.2265625  0.06
2782  4053.2265625  0.06
2783  4053.2265625  0.06
2784  4053.2265625  0.06
2785  4053.2265625  0.06
2786  4053.2265625  0.06
2787  4053.2265625  0.06
2788  4053.2265625  0.06
2789  4053.2265625  0.06
2790  4053.2265625  0.06
2791  4053.2265625  0.06
2792  4053.2265625  0.06
2793  4053.2265625  0.06
2794  4053.2265625  0.06
2795  4053.2265625  0.06
2796  4053.2265625  0.06
2797  4053.2265625  0.06
2798  4053.2265625  0.06
2799  4053.2265625  0.06
2800  4053.2265625  0.06
2801  4053.2265625  0.06
2802  4053.2265625  0.06
2803  4053.2265625  0.06
2804  4053.2265625  0.06
2805  4053.2265625  0.06
2806  4053.2265625  0.06
2807  4053.2265625  0.06
2808  4053.2265625  0.06
2809  4053.2265625  0.06
2810  4053.2265625  0.06
2811  4053.2265625  0.06
2812  4053.2265625  0.06
2813  4053.2265625  0.06
2814  4053.2265625  0.06
2815  4053.2265625  0.06
2816  4053.2265625  0.06
2817  4053.2265625  0.06
2818  4053.2265625  0.06
2819  4053.2265625  0.06
2820  4053.2265625  0.06
2821  4053.2265625  0.06
2822  4053.2265625  0.06
2823  4053.2265625  0.06
2824  4053.2265625  0.06
2825  4053.2265625  0.06
2826  4053.2265625  0.06
2827  4053.2265625  0.06
2828  4053.2265625  0.06
2829  4053.2265625  0.06
2830  4053.2265625  0.06
2831  4053.2265625  0.06
2832  4053.2265625  0.06
2833  4053.2265625  0.06
2834  4053.2265625  0.06
2835  4053.2265625  0.06
2836  4053.2265625  0.06
2837  4053.2265625  0.06
2838  4053.2265625  0.06
2839  4053.2265625  0.06
2840  4053.2265625  0.06
2841  4053.2265625  0.06
2842  4053.2265625  0.06
2843  4053.2265625  0.06
2844  4053.2265625  0.06
2845  4053.2265625  0.06
2846  4053.2265625  0.06
2847  4053.2265625  0.06
2848  4053.2265625  0.06
2849  4053.2265625  0.06
2850  4053.2265625  0.06
2851  4053.2265625  0.06
2852  4053.2265625  0.06
2853  4053.2265625  0.06
2854  4053.2265625  0.06
2855  4053.2265625  0.06
2856  4053.2265625  0.06
2857  4053.2265625  0.06
2858  4053.2265625  0.06
2859  4053.2265625  0.06
2860  4053.2265625  0.06
2861  4053.2265625  0.06
2862  4053.2265625  0.06
2863  4053.2265625  0.06
2864  4053.2265625  0.06
2865  4053.2265625  0.06
2866  4053.2265625  0.06
2867  4053.2265625  0.06
2868  4053.2265625  0.06
2869  4053.2265625  0.06
2870  4053.2265625  0.06
2871  4053.2265625  0.06
2872  4053.2265625  0.06
2873  4053.2265625  0.06
2874  4053.2265625  0.06
2875  4053.2265625  0.06
2876  4053.2265625  0.06
2877  4053.2265625  0.06
2878  4053.2265625  0.06
2879  4053.2265625  0.06
2880  4053.2265625  0.06
2881  4053.2265625  0.06
2882  4053.2265625  0.06
2883  4053.2265625  0.06
2884  4053.2265625  0.06
2885  4053.2265625  0.06
2886  4053.2265625  0.06
2887  4053.2265625  0.06
2888  4053.2265625  0.06
2889  4053.2265625  0.06
2890  4053.2265625  0.06
2891  4053.2265625  0.06
2892  4053.2265625  0.06
2893  4053.2265625  0.06
2894  4053.2265625  0.06
2895  4053.2265625  0.06
2896  4053.2265625  0.06
2897  4053.2265625  0.06
2898  4053.2265625  0.06
2899  4053.2265625  0.06
2900  4053.2265625  0.06
2901  4053.2265625  0.06
2902  4053.2265625  0.06
2903  4053.2265625  0.06
2904  4053.2265625  0.06
2905  4053.2265625  0.06
2906  4053.2265625  0.06
2907  4053.2265625  0.06
2908  4053.2265625  0.06
2909  4053.2265625  0.06
2910  4053.2265625  0.06
2911  4053.2265625  0.06
2912  4053.2265625  0.06
2913  4053.2265625  0.06
2914  4053.2265625  0.06
2915  4053.2265625  0.06
2916  4053.2265625  0.06
2917  4053.2265625  0.06
2918  4053.2265625  0.06
2919  4053.2265625  0.06
2920  4053.2265625  0.06
2921  4053.2265625  0.06
2922  4053.2265625  0.06
2923  4053.2265625  0.06
2924  4053.2265625  0.06
2925  4053.2265625  0.06
2926  4053.2265625  0.06
2927  4053.2265625  0.06
2928  4053.2265625  0.06
2929  4053.2265625  0.06
2930  4053.2265625  0.06
2931  4053.2265625  0.06
2932  4053.2265625  0.06
2933  4053.2265625  0.06
2934  4053.2265625  0.06
2935  4053.2265625  0.06
2936  4053.2265625  0.06
2937  4053.2265625  0.06
2938  4053.2265625  0.06
2939  4053.2265625  0.06
2940  4053.2265625  0.06
2941  4053.2265625  0.06
2942  4053.2265625  0.06
2943  4053.2265625  0.06
2944  4053.2265625  0.06
2945  4053.2265625  0.06
2946  4053.2265625  0.06
2947  4053.2265625  0.06
2948  4053.2265625  0.06
2949  4053.2265625  0.06
2950  4053.2265625  0.06
2951  4053.2265625  0.06
2952  4053.2265625  0.06
2953  4053.2265625  0.06
2954  4053.2265625  0.06
2955  4053.2265625  0.06
2956  4053.2265625  0.06
2957  4053.2265625  0.06
2958  4053.2265625  0.06
2959  4053.2265625  0.06
2960  4053.2265625  0.06
2961  4053.2265625  0.06
2962  4053.2265625  0.06
2963  4053.2265625  0.06
2964  4053.2265625  0.06
2965  4053.2265625  0.06
2966  4053.2265625  0.06
2967  4053.2265625  0.06
2968  4053.2265625  0.06
2969  4053.2265625  0.06
2970  4053.2265625  0.06
2971  4053.2265625  0.06
2972  4053.2265625  0.06
2973  4053.2265625  0.06
2974  4053.2265625  0.06
2975  4053.2265625  0.06
2976  4053.2265625  0.06
2977  4053.2265625  0.06
2978  4053.2265625  0.06
2979  4053.2265625  0.06
2980  4053.2265625  0.06
2981  4053.2265625  0.06
2982  4053.2265625  0.06
2983  4053.2265625  0.06
2984  4053.2265625  0.06
2985  4053.2265625  0.06
2986  4053.2265625  0.06
2987  4053.2265625  0.06
2988  4053.2265625  0.06
2989  4053.2265625  0.06
2990  4053.2265625  0.06
2991  4053.2265625  0.06
2992  4053.2265625  0.06
2993  4053.2265625  0.06
2994  4053.2265625  0.06
2995  4053.2265625  0.06
2996  4053.2265625  0.06
2997  4053.2265625  0.06
2998  4053.2265625  0.06
2999  4053.2265625  0.06
#[-9, -7, -1, 0, 4, 6, 6, 7, 9, 9]
#[-8, -3, 0, 2, 6, 6, 6, 6, 6, 8]
#[6, 6, 6, 6, 6, 6, 6, 6, 6, 7]
#[-9, 2, 6, 6, 6, 6, 6, 6, 6, 6]
#[2, 6, 6, 6, 6, 6, 6, 6, 6, 6]
#[6, 6, 6, 6, 6, 6, 6, 6, 6, 6]
#[6, 6, 6, 6, 6, 6, 6, 6, 6, 6]
#[6, 6, 6, 6, 6, 6, 6, 6, 6, 9]
#[6, 6, 6, 6, 6, 6, 6, 6, 6, 6]
#Specialization index= [0, 9, 0.6666666666666666]
