#[3, 8, 8, 2, 1, 7, 5, 6, 5, 7]
#[8, 4, 6, 7, 9, 6, 3, 4, 4, 4]
#[5, 8, 9, 2, 5, 3, 9, 3, 1, 9]
#[5, 7, 8, 3, 5, 1, 0, 3, 5, 3]
#[7, 5, 7, 5, 7, 1, 3, 6, 6, 4]
#[2, 5, 2, 7, 4, 6, 9, 1, 4, 6]
#[6, 2, 3, 1, 3, 3, 4, 5, 6, 7]
#[8, 5, 9, 2, 2, 9, 5, 5, 3, 5]
#[4, 4, 9, 7, 3, 4, 8, 4, 9, 5]
0  1795.0  0.18
1  1937.0  0.18
2  2312.0  0.12
3  2312.0  0.12
4  2312.0  0.12
5  2395.0  0.1
6  2395.0  0.1
7  2395.0  0.1
8  2395.0  0.1
9  2395.0  0.1
10  2395.0  0.1
11  2455.0  0.09
12  2455.0  0.09
13  2455.0  0.09
14  2455.0  0.09
15  2455.0  0.09
16  2455.0  0.09
17  2455.0  0.09
18  2455.0  0.09
19  2455.0  0.09
20  2472.0  0.08
21  2529.0  0.05
22  2529.0  0.05
23  2529.0  0.05
24  2529.0  0.05
25  2529.0  0.05
26  2529.0  0.05
27  2529.0  0.05
28  2529.0  0.05
29  2529.0  0.05
30  2529.0  0.05
31  2529.0  0.05
32  2529.0  0.05
33  2529.0  0.05
34  2529.0  0.05
35  2529.0  0.05
36  2529.0  0.05
37  2529.0  0.05
38  2529.0  0.05
39  2529.0  0.05
40  2529.0  0.05
41  2529.0  0.05
42  2529.0  0.05
43  2529.0  0.05
44  2529.0  0.05
45  2529.0  0.05
46  2529.0  0.05
47  2529.0  0.05
48  2529.0  0.05
49  2529.0  0.05
50  2529.0  0.05
51  2529.0  0.05
52  2529.0  0.05
53  2529.0  0.05
54  2529.0  0.05
55  2529.0  0.05
56  2529.0  0.05
57  2529.0  0.05
58  2529.0  0.05
59  2529.0  0.05
60  2529.0  0.05
61  2529.0  0.05
62  2529.0  0.05
63  2529.0  0.05
64  2529.0  0.05
65  2529.0  0.05
66  2529.0  0.05
67  2529.0  0.05
68  2529.0  0.05
69  2529.0  0.05
70  2529.0  0.05
71  2529.0  0.05
72  2529.0  0.05
73  2529.0  0.05
74  2529.0  0.05
75  2529.0  0.05
76  2529.0  0.05
77  2529.0  0.05
78  2529.0  0.05
79  2529.0  0.05
80  2529.0  0.05
81  2529.0  0.05
82  2529.0  0.05
83  2529.0  0.05
84  2529.0  0.05
85  2529.0  0.05
86  2529.0  0.05
87  2529.0  0.05
88  2529.0  0.05
89  2529.0  0.05
90  2529.0  0.05
91  2529.0  0.05
92  2529.0  0.05
93  2529.0  0.05
94  2529.0  0.05
95  2529.0  0.05
96  2529.0  0.05
97  2529.0  0.05
98  2529.0  0.05
99  2529.0  0.05
100  2529.0  0.05
101  2529.0  0.05
102  2529.0  0.05
103  2529.0  0.05
104  2529.0  0.05
105  2529.0  0.05
106  2529.0  0.05
107  2529.0  0.05
108  2529.0  0.05
109  2529.0  0.05
110  2529.0  0.05
111  2529.0  0.05
112  2529.0  0.05
113  2529.0  0.05
114  2529.0  0.05
115  2531.0  0.08
116  2531.0  0.08
117  2531.0  0.08
118  2531.0  0.08
119  2531.0  0.08
120  2531.0  0.08
121  2531.0  0.08
122  2531.0  0.08
123  2531.0  0.08
124  2531.0  0.08
125  2531.0  0.08
126  2531.0  0.08
127  2531.0  0.08
128  2531.0  0.08
129  2531.0  0.08
130  2531.0  0.08
131  2531.0  0.08
132  2531.0  0.08
133  2531.0  0.08
134  2531.0  0.08
135  2531.0  0.08
136  2531.0  0.08
137  2531.0  0.08
138  2531.0  0.08
139  2531.0  0.08
140  2531.0  0.08
141  2531.0  0.08
142  2531.0  0.08
143  2531.0  0.08
144  2531.0  0.08
145  2531.0  0.08
146  2531.0  0.08
147  2531.0  0.08
148  2531.0  0.08
149  2531.0  0.08
150  2531.0  0.08
151  2531.0  0.08
152  2531.0  0.08
153  2603.0  0.05
154  2603.0  0.05
155  2603.0  0.05
156  2603.0  0.05
157  2603.0  0.05
158  2603.0  0.05
159  2603.0  0.05
160  2603.0  0.05
161  2603.0  0.05
162  2603.0  0.05
163  2603.0  0.05
164  2603.0  0.05
165  2603.0  0.05
166  2603.0  0.05
167  2603.0  0.05
168  2603.0  0.05
169  2603.0  0.05
170  2603.0  0.05
171  2603.0  0.05
172  2603.0  0.05
173  2603.0  0.05
174  2603.0  0.05
175  2603.0  0.05
176  2603.0  0.05
177  2603.0  0.05
178  2603.0  0.05
179  2603.0  0.05
180  2603.0  0.05
181  2603.0  0.05
182  2603.0  0.05
183  2603.0  0.05
184  2603.0  0.05
185  2603.0  0.05
186  2603.0  0.05
187  2603.0  0.05
188  2603.0  0.05
189  2603.0  0.05
190  2603.0  0.05
191  2603.0  0.05
192  2603.0  0.05
193  2603.0  0.05
194  2603.0  0.05
195  2603.0  0.05
196  2603.0  0.05
197  2603.0  0.05
198  2603.0  0.05
199  2603.0  0.05
200  2603.0  0.05
201  2603.0  0.05
202  2603.0  0.05
203  2603.0  0.05
204  2603.0  0.05
205  2603.0  0.05
206  2603.0  0.05
207  2603.0  0.05
208  2603.0  0.05
209  2603.0  0.05
210  2603.0  0.05
211  2603.0  0.05
212  2603.0  0.05
213  2603.0  0.05
214  2603.0  0.05
215  2603.0  0.05
216  2603.0  0.05
217  2603.0  0.05
218  2603.0  0.05
219  2603.0  0.05
220  2603.0  0.05
221  2603.0  0.05
222  2603.0  0.05
223  2603.0  0.05
224  2603.0  0.05
225  2603.0  0.05
226  2603.0  0.05
227  2603.0  0.05
228  2603.0  0.05
229  2603.0  0.05
230  2603.0  0.05
231  2603.0  0.05
232  2603.0  0.05
233  2603.0  0.05
234  2603.0  0.05
235  2603.0  0.05
236  2603.0  0.05
237  2603.0  0.05
238  2603.0  0.05
239  2603.0  0.05
240  2603.0  0.05
241  2603.0  0.05
242  2603.0  0.05
243  2603.0  0.05
244  2603.0  0.05
245  2603.0  0.05
246  2603.0  0.05
247  2603.0  0.05
248  2603.0  0.05
249  2603.0  0.05
250  2603.0  0.05
251  2603.0  0.05
252  2603.0  0.05
253  2603.0  0.05
254  2603.0  0.05
255  2603.0  0.05
256  2603.0  0.05
257  2603.0  0.05
258  2603.0  0.05
259  2603.0  0.05
260  2603.0  0.05
261  2603.0  0.05
262  2603.0  0.05
263  2603.0  0.05
264  2603.0  0.05
265  2603.0  0.05
266  2603.0  0.05
267  2603.0  0.05
268  2603.0  0.05
269  2603.0  0.05
270  2603.0  0.05
271  2603.0  0.05
272  2603.0  0.05
273  2603.0  0.05
274  2603.0  0.05
275  2603.0  0.05
276  2603.0  0.05
277  2603.0  0.05
278  2603.0  0.05
279  2603.0  0.05
280  2603.0  0.05
281  2603.0  0.05
282  2603.0  0.05
283  2603.0  0.05
284  2603.0  0.05
285  2603.0  0.05
286  2603.0  0.05
287  2603.0  0.05
288  2603.0  0.05
289  2603.0  0.05
290  2603.0  0.05
291  2603.0  0.05
292  2603.0  0.05
293  2603.0  0.05
294  2603.0  0.05
295  2603.0  0.05
296  2603.0  0.05
297  2603.0  0.05
298  2603.0  0.05
299  2603.0  0.05
300  2603.0  0.05
301  2603.0  0.05
302  2603.0  0.05
303  2603.0  0.05
304  2603.0  0.05
305  2603.0  0.05
306  2603.0  0.05
307  2603.0  0.05
308  2603.0  0.05
309  2603.0  0.05
310  2603.0  0.05
311  2603.0  0.05
312  2603.0  0.05
313  2603.0  0.05
314  2603.0  0.05
315  2603.0  0.05
316  2603.0  0.05
317  2603.0  0.05
318  2603.0  0.05
319  2603.0  0.05
320  2603.0  0.05
321  2603.0  0.05
322  2603.0  0.05
323  2603.0  0.05
324  2603.0  0.05
325  2603.0  0.05
326  2603.0  0.05
327  2603.0  0.05
328  2603.0  0.05
329  2603.0  0.05
330  2603.0  0.05
331  2603.0  0.05
332  2603.0  0.05
333  2603.0  0.05
334  2603.0  0.05
335  2603.0  0.05
336  2603.0  0.05
337  2603.0  0.05
338  2603.0  0.05
339  2669.0  0.04
340  2669.0  0.04
341  2669.0  0.04
342  2669.0  0.04
343  2669.0  0.04
344  2669.0  0.04
345  2669.0  0.04
346  2669.0  0.04
347  2669.0  0.04
348  2669.0  0.04
349  2669.0  0.04
350  2669.0  0.04
351  2669.0  0.04
352  2669.0  0.04
353  2669.0  0.04
354  2669.0  0.04
355  2669.0  0.04
356  2669.0  0.04
357  2669.0  0.04
358  2669.0  0.04
359  2669.0  0.04
360  2669.0  0.04
361  2669.0  0.04
362  2669.0  0.04
363  2669.0  0.04
364  2669.0  0.04
365  2669.0  0.04
366  2669.0  0.04
367  2669.0  0.04
368  2669.0  0.04
369  2669.0  0.04
370  2669.0  0.04
371  2669.0  0.04
372  2669.0  0.04
373  2669.0  0.04
374  2669.0  0.04
375  2669.0  0.04
376  2669.0  0.04
377  2669.0  0.04
378  2669.0  0.04
379  2669.0  0.04
380  2669.0  0.04
381  2669.0  0.04
382  2669.0  0.04
383  2669.0  0.04
384  2669.0  0.04
385  2669.0  0.04
386  2669.0  0.04
387  2669.0  0.04
388  2669.0  0.04
389  2669.0  0.04
390  2669.0  0.04
391  2669.0  0.04
392  2669.0  0.04
393  2669.0  0.04
394  2669.0  0.04
395  2669.0  0.04
396  2669.0  0.04
397  2669.0  0.04
398  2669.0  0.04
399  2669.0  0.04
400  2669.0  0.04
401  2669.0  0.04
402  2669.0  0.04
403  2669.0  0.04
404  2669.0  0.04
405  2669.0  0.04
406  2669.0  0.04
407  2669.0  0.04
408  2669.0  0.04
409  2669.0  0.04
410  2669.0  0.04
411  2669.0  0.04
412  2669.0  0.04
413  2669.0  0.04
414  2669.0  0.04
415  2669.0  0.04
416  2669.0  0.04
417  2669.0  0.04
418  2669.0  0.04
419  2669.0  0.04
420  2669.0  0.04
421  2669.0  0.04
422  2669.0  0.04
423  2669.0  0.04
424  2669.0  0.04
425  2669.0  0.04
426  2669.0  0.04
427  2669.0  0.04
428  2669.0  0.04
429  2669.0  0.04
430  2669.0  0.04
431  2669.0  0.04
432  2669.0  0.04
433  2669.0  0.04
434  2669.0  0.04
435  2669.0  0.04
436  2669.0  0.04
437  2669.0  0.04
438  2669.0  0.04
439  2669.0  0.04
440  2669.0  0.04
441  2669.0  0.04
442  2669.0  0.04
443  2669.0  0.04
444  2669.0  0.04
445  2669.0  0.04
446  2669.0  0.04
447  2669.0  0.04
448  2669.0  0.04
449  2669.0  0.04
450  2669.0  0.04
451  2669.0  0.04
452  2669.0  0.04
453  2669.0  0.04
454  2669.0  0.04
455  2669.0  0.04
456  2669.0  0.04
457  2669.0  0.04
458  2669.0  0.04
459  2669.0  0.04
460  2669.0  0.04
461  2669.0  0.04
462  2669.0  0.04
463  2669.0  0.04
464  2669.0  0.04
465  2669.0  0.04
466  2669.0  0.04
467  2669.0  0.04
468  2669.0  0.04
469  2669.0  0.04
470  2669.0  0.04
471  2669.0  0.04
472  2669.0  0.04
473  2669.0  0.04
474  2669.0  0.04
475  2669.0  0.04
476  2669.0  0.04
477  2669.0  0.04
478  2669.0  0.04
479  2669.0  0.04
480  2669.0  0.04
481  2669.0  0.04
482  2669.0  0.04
483  2669.0  0.04
484  2669.0  0.04
485  2669.0  0.04
486  2669.0  0.04
487  2669.0  0.04
488  2669.0  0.04
489  2669.0  0.04
490  2669.0  0.04
491  2669.0  0.04
492  2669.0  0.04
493  2669.0  0.04
494  2669.0  0.04
495  2669.0  0.04
496  2669.0  0.04
497  2669.0  0.04
498  2669.0  0.04
499  2669.0  0.04
500  2669.0  0.04
501  2669.0  0.04
502  2669.0  0.04
503  2669.0  0.04
504  2669.0  0.04
505  2669.0  0.04
506  2669.0  0.04
507  2669.0  0.04
508  2669.0  0.04
509  2669.0  0.04
510  2669.0  0.04
511  2669.0  0.04
512  2669.0  0.04
513  2669.0  0.04
514  2669.0  0.04
515  2669.0  0.04
516  2669.0  0.04
517  2669.0  0.04
518  2669.0  0.04
519  2669.0  0.04
520  2669.0  0.04
521  2669.0  0.04
522  2669.0  0.04
523  2669.0  0.04
524  2669.0  0.04
525  2669.0  0.04
526  2669.0  0.04
527  2669.0  0.04
528  2669.0  0.04
529  2669.0  0.04
530  2669.0  0.04
531  2669.0  0.04
532  2669.0  0.04
533  2669.0  0.04
534  2669.0  0.04
535  2669.0  0.04
536  2669.0  0.04
537  2669.0  0.04
538  2669.0  0.04
539  2669.0  0.04
540  2669.0  0.04
541  2669.0  0.04
542  2669.0  0.04
543  2669.0  0.04
544  2669.0  0.04
545  2669.0  0.04
546  2669.0  0.04
547  2669.0  0.04
548  2669.0  0.04
549  2669.0  0.04
550  2669.0  0.04
551  2669.0  0.04
552  2669.0  0.04
553  2669.0  0.04
554  2669.0  0.04
555  2669.0  0.04
556  2669.0  0.04
557  2669.0  0.04
558  2669.0  0.04
559  2669.0  0.04
560  2669.0  0.04
561  2669.0  0.04
562  2669.0  0.04
563  2669.0  0.04
564  2669.0  0.04
565  2669.0  0.04
566  2669.0  0.04
567  2669.0  0.04
568  2669.0  0.04
569  2669.0  0.04
570  2669.0  0.04
571  2669.0  0.04
572  2669.0  0.04
573  2669.0  0.04
574  2669.0  0.04
575  2669.0  0.04
576  2669.0  0.04
577  2669.0  0.04
578  2669.0  0.04
579  2669.0  0.04
580  2669.0  0.04
581  2669.0  0.04
582  2669.0  0.04
583  2669.0  0.04
584  2669.0  0.04
585  2669.0  0.04
586  2669.0  0.04
587  2669.0  0.04
588  2669.0  0.04
589  2669.0  0.04
590  2669.0  0.04
591  2669.0  0.04
592  2669.0  0.04
593  2669.0  0.04
594  2685.0  0.03
595  2685.0  0.03
596  2685.0  0.03
597  2685.0  0.03
598  2685.0  0.03
599  2685.0  0.03
600  2685.0  0.03
601  2685.0  0.03
602  2685.0  0.03
603  2685.0  0.03
604  2685.0  0.03
605  2685.0  0.03
606  2685.0  0.03
607  2685.0  0.03
608  2685.0  0.03
609  2685.0  0.03
610  2685.0  0.03
611  2685.0  0.03
612  2685.0  0.03
613  2685.0  0.03
614  2685.0  0.03
615  2685.0  0.03
616  2685.0  0.03
617  2685.0  0.03
618  2685.0  0.03
619  2685.0  0.03
620  2685.0  0.03
621  2685.0  0.03
622  2685.0  0.03
623  2685.0  0.03
624  2685.0  0.03
625  2685.0  0.03
626  2685.0  0.03
627  2685.0  0.03
628  2685.0  0.03
629  2685.0  0.03
630  2685.0  0.03
631  2685.0  0.03
632  2685.0  0.03
633  2685.0  0.03
634  2685.0  0.03
635  2685.0  0.03
636  2685.0  0.03
637  2685.0  0.03
638  2685.0  0.03
639  2685.0  0.03
640  2685.0  0.03
641  2685.0  0.03
642  2685.0  0.03
643  2685.0  0.03
644  2685.0  0.03
645  2685.0  0.03
646  2685.0  0.03
647  2685.0  0.03
648  2685.0  0.03
649  2685.0  0.03
650  2685.0  0.03
651  2685.0  0.03
652  2685.0  0.03
653  2685.0  0.03
654  2685.0  0.03
655  2685.0  0.03
656  2685.0  0.03
657  2685.0  0.03
658  2685.0  0.03
659  2685.0  0.03
660  2685.0  0.03
661  2685.0  0.03
662  2685.0  0.03
663  2685.0  0.03
664  2685.0  0.03
665  2685.0  0.03
666  2685.0  0.03
667  2685.0  0.03
668  2685.0  0.03
669  2685.0  0.03
670  2685.0  0.03
671  2685.0  0.03
672  2685.0  0.03
673  2685.0  0.03
674  2685.0  0.03
675  2685.0  0.03
676  2685.0  0.03
677  2685.0  0.03
678  2685.0  0.03
679  2685.0  0.03
680  2685.0  0.03
681  2685.0  0.03
682  2685.0  0.03
683  2685.0  0.03
684  2685.0  0.03
685  2685.0  0.03
686  2685.0  0.03
687  2685.0  0.03
688  2685.0  0.03
689  2685.0  0.03
690  2685.0  0.03
691  2685.0  0.03
692  2685.0  0.03
693  2685.0  0.03
694  2685.0  0.03
695  2685.0  0.03
696  2685.0  0.03
697  2685.0  0.03
698  2685.0  0.03
699  2685.0  0.03
700  2685.0  0.03
701  2685.0  0.03
702  2685.0  0.03
703  2685.0  0.03
704  2685.0  0.03
705  2685.0  0.03
706  2685.0  0.03
707  2685.0  0.03
708  2685.0  0.03
709  2685.0  0.03
710  2685.0  0.03
711  2685.0  0.03
712  2685.0  0.03
713  2685.0  0.03
714  2685.0  0.03
715  2685.0  0.03
716  2685.0  0.03
717  2685.0  0.03
718  2685.0  0.03
719  2685.0  0.03
720  2685.0  0.03
721  2685.0  0.03
722  2685.0  0.03
723  2685.0  0.03
724  2685.0  0.03
725  2685.0  0.03
726  2685.0  0.03
727  2685.0  0.03
728  2685.0  0.03
729  2685.0  0.03
730  2685.0  0.03
731  2685.0  0.03
732  2685.0  0.03
733  2685.0  0.03
734  2685.0  0.03
735  2685.0  0.03
736  2685.0  0.03
737  2685.0  0.03
738  2685.0  0.03
739  2685.0  0.03
740  2685.0  0.03
741  2685.0  0.03
742  2685.0  0.03
743  2685.0  0.03
744  2685.0  0.03
745  2685.0  0.03
746  2685.0  0.03
747  2685.0  0.03
748  2685.0  0.03
749  2685.0  0.03
750  2685.0  0.03
751  2685.0  0.03
752  2685.0  0.03
753  2685.0  0.03
754  2685.0  0.03
755  2685.0  0.03
756  2685.0  0.03
757  2685.0  0.03
758  2685.0  0.03
759  2685.0  0.03
760  2685.0  0.03
761  2685.0  0.03
762  2685.0  0.03
763  2685.0  0.03
764  2685.0  0.03
765  2685.0  0.03
766  2685.0  0.03
767  2685.0  0.03
768  2685.0  0.03
769  2685.0  0.03
770  2685.0  0.03
771  2685.0  0.03
772  2685.0  0.03
773  2685.0  0.03
774  2685.0  0.03
775  2685.0  0.03
776  2685.0  0.03
777  2685.0  0.03
778  2685.0  0.03
779  2685.0  0.03
780  2685.0  0.03
781  2685.0  0.03
782  2685.0  0.03
783  2685.0  0.03
784  2685.0  0.03
785  2685.0  0.03
786  2685.0  0.03
787  2685.0  0.03
788  2685.0  0.03
789  2685.0  0.03
790  2685.0  0.03
791  2685.0  0.03
792  2685.0  0.03
793  2685.0  0.03
794  2685.0  0.03
795  2685.0  0.03
796  2685.0  0.03
797  2685.0  0.03
798  2685.0  0.03
799  2685.0  0.03
800  2685.0  0.03
801  2685.0  0.03
802  2685.0  0.03
803  2685.0  0.03
804  2685.0  0.03
805  2685.0  0.03
806  2685.0  0.03
807  2685.0  0.03
808  2685.0  0.03
809  2685.0  0.03
810  2685.0  0.03
811  2685.0  0.03
812  2685.0  0.03
813  2685.0  0.03
814  2685.0  0.03
815  2685.0  0.03
816  2685.0  0.03
817  2685.0  0.03
818  2685.0  0.03
819  2685.0  0.03
820  2685.0  0.03
821  2685.0  0.03
822  2685.0  0.03
823  2685.0  0.03
824  2685.0  0.03
825  2685.0  0.03
826  2685.0  0.03
827  2685.0  0.03
828  2685.0  0.03
829  2685.0  0.03
830  2685.0  0.03
831  2685.0  0.03
832  2685.0  0.03
833  2685.0  0.03
834  2685.0  0.03
835  2685.0  0.03
836  2685.0  0.03
837  2685.0  0.03
838  2685.0  0.03
839  2685.0  0.03
840  2685.0  0.03
841  2685.0  0.03
842  2685.0  0.03
843  2685.0  0.03
844  2685.0  0.03
845  2685.0  0.03
846  2685.0  0.03
847  2685.0  0.03
848  2685.0  0.03
849  2685.0  0.03
850  2685.0  0.03
851  2685.0  0.03
852  2685.0  0.03
853  2685.0  0.03
854  2685.0  0.03
855  2685.0  0.03
856  2685.0  0.03
857  2685.0  0.03
858  2685.0  0.03
859  2685.0  0.03
860  2685.0  0.03
861  2685.0  0.03
862  2685.0  0.03
863  2685.0  0.03
864  2685.0  0.03
865  2685.0  0.03
866  2685.0  0.03
867  2685.0  0.03
868  2685.0  0.03
869  2685.0  0.03
870  2685.0  0.03
871  2685.0  0.03
872  2685.0  0.03
873  2685.0  0.03
874  2685.0  0.03
875  2685.0  0.03
876  2685.0  0.03
877  2685.0  0.03
878  2685.0  0.03
879  2685.0  0.03
880  2685.0  0.03
881  2685.0  0.03
882  2685.0  0.03
883  2685.0  0.03
884  2685.0  0.03
885  2685.0  0.03
886  2685.0  0.03
887  2685.0  0.03
888  2685.0  0.03
889  2685.0  0.03
890  2685.0  0.03
891  2685.0  0.03
892  2685.0  0.03
893  2685.0  0.03
894  2685.0  0.03
895  2685.0  0.03
896  2685.0  0.03
897  2685.0  0.03
898  2685.0  0.03
899  2685.0  0.03
900  2685.0  0.03
901  2685.0  0.03
902  2685.0  0.03
903  2685.0  0.03
904  2685.0  0.03
905  2685.0  0.03
906  2685.0  0.03
907  2685.0  0.03
908  2685.0  0.03
909  2685.0  0.03
910  2685.0  0.03
911  2685.0  0.03
912  2685.0  0.03
913  2685.0  0.03
914  2685.0  0.03
915  2685.0  0.03
916  2685.0  0.03
917  2685.0  0.03
918  2685.0  0.03
919  2685.0  0.03
920  2685.0  0.03
921  2685.0  0.03
922  2685.0  0.03
923  2685.0  0.03
924  2685.0  0.03
925  2685.0  0.03
926  2685.0  0.03
927  2685.0  0.03
928  2685.0  0.03
929  2685.0  0.03
930  2685.0  0.03
931  2685.0  0.03
932  2685.0  0.03
933  2685.0  0.03
934  2685.0  0.03
935  2685.0  0.03
936  2685.0  0.03
937  2685.0  0.03
938  2685.0  0.03
939  2685.0  0.03
940  2685.0  0.03
941  2685.0  0.03
942  2685.0  0.03
943  2685.0  0.03
944  2685.0  0.03
945  2685.0  0.03
946  2685.0  0.03
947  2685.0  0.03
948  2685.0  0.03
949  2685.0  0.03
950  2685.0  0.03
951  2685.0  0.03
952  2685.0  0.03
953  2685.0  0.03
954  2685.0  0.03
955  2685.0  0.03
956  2685.0  0.03
957  2685.0  0.03
958  2685.0  0.03
959  2685.0  0.03
960  2685.0  0.03
961  2685.0  0.03
962  2685.0  0.03
963  2685.0  0.03
964  2685.0  0.03
965  2685.0  0.03
966  2685.0  0.03
967  2685.0  0.03
968  2685.0  0.03
969  2685.0  0.03
970  2685.0  0.03
971  2685.0  0.03
972  2685.0  0.03
973  2685.0  0.03
974  2685.0  0.03
975  2685.0  0.03
976  2685.0  0.03
977  2685.0  0.03
978  2685.0  0.03
979  2685.0  0.03
980  2685.0  0.03
981  2685.0  0.03
982  2685.0  0.03
983  2685.0  0.03
984  2685.0  0.03
985  2685.0  0.03
986  2685.0  0.03
987  2685.0  0.03
988  2685.0  0.03
989  2685.0  0.03
990  2685.0  0.03
991  2685.0  0.03
992  2685.0  0.03
993  2685.0  0.03
994  2685.0  0.03
995  2685.0  0.03
996  2685.0  0.03
997  2685.0  0.03
998  2685.0  0.03
999  2685.0  0.03
1000  2685.0  0.03
1001  2685.0  0.03
1002  2685.0  0.03
1003  2685.0  0.03
1004  2685.0  0.03
1005  2685.0  0.03
1006  2685.0  0.03
1007  2685.0  0.03
1008  2685.0  0.03
1009  2685.0  0.03
1010  2685.0  0.03
1011  2685.0  0.03
1012  2685.0  0.03
1013  2685.0  0.03
1014  2685.0  0.03
1015  2685.0  0.03
1016  2685.0  0.03
1017  2685.0  0.03
1018  2685.0  0.03
1019  2685.0  0.03
1020  2685.0  0.03
1021  2685.0  0.03
1022  2685.0  0.03
1023  2685.0  0.03
1024  2685.0  0.03
1025  2685.0  0.03
1026  2685.0  0.03
1027  2685.0  0.03
1028  2685.0  0.03
1029  2685.0  0.03
1030  2685.0  0.03
1031  2685.0  0.03
1032  2685.0  0.03
1033  2685.0  0.03
1034  2685.0  0.03
1035  2685.0  0.03
1036  2685.0  0.03
1037  2685.0  0.03
1038  2685.0  0.03
1039  2685.0  0.03
1040  2685.0  0.03
1041  2685.0  0.03
1042  2685.0  0.03
1043  2685.0  0.03
1044  2685.0  0.03
1045  2685.0  0.03
1046  2685.0  0.03
1047  2685.0  0.03
1048  2685.0  0.03
1049  2685.0  0.03
1050  2685.0  0.03
1051  2685.0  0.03
1052  2685.0  0.03
1053  2685.0  0.03
1054  2685.0  0.03
1055  2685.0  0.03
1056  2685.0  0.03
1057  2685.0  0.03
1058  2685.0  0.03
1059  2685.0  0.03
1060  2685.0  0.03
1061  2685.0  0.03
1062  2685.0  0.03
1063  2685.0  0.03
1064  2685.0  0.03
1065  2685.0  0.03
1066  2685.0  0.03
1067  2685.0  0.03
1068  2685.0  0.03
1069  2685.0  0.03
1070  2685.0  0.03
1071  2685.0  0.03
1072  2685.0  0.03
1073  2685.0  0.03
1074  2685.0  0.03
1075  2685.0  0.03
1076  2685.0  0.03
1077  2685.0  0.03
1078  2685.0  0.03
1079  2685.0  0.03
1080  2685.0  0.03
1081  2685.0  0.03
1082  2685.0  0.03
1083  2685.0  0.03
1084  2685.0  0.03
1085  2685.0  0.03
1086  2685.0  0.03
1087  2685.0  0.03
1088  2685.0  0.03
1089  2685.0  0.03
1090  2685.0  0.03
1091  2685.0  0.03
1092  2685.0  0.03
1093  2685.0  0.03
1094  2685.0  0.03
1095  2685.0  0.03
1096  2685.0  0.03
1097  2685.0  0.03
1098  2685.0  0.03
1099  2685.0  0.03
1100  2685.0  0.03
1101  2685.0  0.03
1102  2685.0  0.03
1103  2685.0  0.03
1104  2685.0  0.03
1105  2685.0  0.03
1106  2685.0  0.03
1107  2685.0  0.03
1108  2685.0  0.03
1109  2685.0  0.03
1110  2685.0  0.03
1111  2685.0  0.03
1112  2685.0  0.03
1113  2685.0  0.03
1114  2685.0  0.03
1115  2685.0  0.03
1116  2685.0  0.03
1117  2685.0  0.03
1118  2685.0  0.03
1119  2685.0  0.03
1120  2685.0  0.03
1121  2685.0  0.03
1122  2685.0  0.03
1123  2685.0  0.03
1124  2685.0  0.03
1125  2685.0  0.03
1126  2685.0  0.03
1127  2685.0  0.03
1128  2685.0  0.03
1129  2685.0  0.03
1130  2685.0  0.03
1131  2685.0  0.03
1132  2685.0  0.03
1133  2685.0  0.03
1134  2685.0  0.03
1135  2685.0  0.03
1136  2685.0  0.03
1137  2685.0  0.03
1138  2685.0  0.03
1139  2685.0  0.03
1140  2685.0  0.03
1141  2685.0  0.03
1142  2685.0  0.03
1143  2685.0  0.03
1144  2685.0  0.03
1145  2685.0  0.03
1146  2685.0  0.03
1147  2685.0  0.03
1148  2685.0  0.03
1149  2685.0  0.03
1150  2685.0  0.03
1151  2685.0  0.03
1152  2685.0  0.03
1153  2685.0  0.03
1154  2685.0  0.03
1155  2685.0  0.03
1156  2685.0  0.03
1157  2685.0  0.03
1158  2685.0  0.03
1159  2685.0  0.03
1160  2685.0  0.03
1161  2685.0  0.03
1162  2685.0  0.03
1163  2685.0  0.03
1164  2685.0  0.03
1165  2685.0  0.03
1166  2685.0  0.03
1167  2685.0  0.03
1168  2685.0  0.03
1169  2685.0  0.03
1170  2685.0  0.03
1171  2685.0  0.03
1172  2685.0  0.03
1173  2685.0  0.03
1174  2685.0  0.03
1175  2685.0  0.03
1176  2685.0  0.03
1177  2685.0  0.03
1178  2685.0  0.03
1179  2685.0  0.03
1180  2685.0  0.03
1181  2685.0  0.03
1182  2685.0  0.03
1183  2685.0  0.03
1184  2685.0  0.03
1185  2685.0  0.03
1186  2685.0  0.03
1187  2685.0  0.03
1188  2685.0  0.03
1189  2685.0  0.03
1190  2685.0  0.03
1191  2685.0  0.03
1192  2685.0  0.03
1193  2685.0  0.03
1194  2685.0  0.03
1195  2685.0  0.03
1196  2685.0  0.03
1197  2685.0  0.03
1198  2685.0  0.03
1199  2685.0  0.03
1200  2685.0  0.03
1201  2685.0  0.03
1202  2685.0  0.03
1203  2685.0  0.03
1204  2685.0  0.03
1205  2685.0  0.03
1206  2685.0  0.03
1207  2685.0  0.03
1208  2685.0  0.03
1209  2685.0  0.03
1210  2685.0  0.03
1211  2685.0  0.03
1212  2685.0  0.03
1213  2685.0  0.03
1214  2685.0  0.03
1215  2685.0  0.03
1216  2685.0  0.03
1217  2685.0  0.03
1218  2685.0  0.03
1219  2685.0  0.03
1220  2685.0  0.03
1221  2685.0  0.03
1222  2685.0  0.03
1223  2685.0  0.03
1224  2685.0  0.03
1225  2685.0  0.03
1226  2685.0  0.03
1227  2685.0  0.03
1228  2685.0  0.03
1229  2685.0  0.03
1230  2685.0  0.03
1231  2685.0  0.03
1232  2685.0  0.03
1233  2685.0  0.03
1234  2685.0  0.03
1235  2685.0  0.03
1236  2685.0  0.03
1237  2685.0  0.03
1238  2685.0  0.03
1239  2685.0  0.03
1240  2685.0  0.03
1241  2685.0  0.03
1242  2685.0  0.03
1243  2685.0  0.03
1244  2685.0  0.03
1245  2685.0  0.03
1246  2685.0  0.03
1247  2685.0  0.03
1248  2685.0  0.03
1249  2685.0  0.03
1250  2685.0  0.03
1251  2685.0  0.03
1252  2685.0  0.03
1253  2685.0  0.03
1254  2685.0  0.03
1255  2685.0  0.03
1256  2685.0  0.03
1257  2685.0  0.03
1258  2685.0  0.03
1259  2685.0  0.03
1260  2685.0  0.03
1261  2685.0  0.03
1262  2685.0  0.03
1263  2685.0  0.03
1264  2685.0  0.03
1265  2685.0  0.03
1266  2685.0  0.03
1267  2685.0  0.03
1268  2685.0  0.03
1269  2685.0  0.03
1270  2685.0  0.03
1271  2685.0  0.03
1272  2685.0  0.03
1273  2685.0  0.03
1274  2685.0  0.03
1275  2685.0  0.03
1276  2685.0  0.03
1277  2685.0  0.03
1278  2685.0  0.03
1279  2685.0  0.03
1280  2685.0  0.03
1281  2685.0  0.03
1282  2685.0  0.03
1283  2685.0  0.03
1284  2685.0  0.03
1285  2685.0  0.03
1286  2685.0  0.03
1287  2685.0  0.03
1288  2685.0  0.03
1289  2685.0  0.03
1290  2685.0  0.03
1291  2685.0  0.03
1292  2685.0  0.03
1293  2685.0  0.03
1294  2685.0  0.03
1295  2685.0  0.03
1296  2685.0  0.03
1297  2685.0  0.03
1298  2685.0  0.03
1299  2685.0  0.03
1300  2685.0  0.03
1301  2685.0  0.03
1302  2685.0  0.03
1303  2685.0  0.03
1304  2685.0  0.03
1305  2685.0  0.03
1306  2685.0  0.03
1307  2685.0  0.03
1308  2685.0  0.03
1309  2685.0  0.03
1310  2685.0  0.03
1311  2685.0  0.03
1312  2685.0  0.03
1313  2685.0  0.03
1314  2685.0  0.03
1315  2685.0  0.03
1316  2685.0  0.03
1317  2685.0  0.03
1318  2685.0  0.03
1319  2685.0  0.03
1320  2685.0  0.03
1321  2685.0  0.03
1322  2685.0  0.03
1323  2685.0  0.03
1324  2685.0  0.03
1325  2685.0  0.03
1326  2685.0  0.03
1327  2685.0  0.03
1328  2685.0  0.03
1329  2685.0  0.03
1330  2685.0  0.03
1331  2685.0  0.03
1332  2685.0  0.03
1333  2685.0  0.03
1334  2685.0  0.03
1335  2685.0  0.03
1336  2685.0  0.03
1337  2685.0  0.03
1338  2685.0  0.03
1339  2685.0  0.03
1340  2685.0  0.03
1341  2685.0  0.03
1342  2685.0  0.03
1343  2685.0  0.03
1344  2685.0  0.03
1345  2685.0  0.03
1346  2685.0  0.03
1347  2685.0  0.03
1348  2685.0  0.03
1349  2685.0  0.03
1350  2685.0  0.03
1351  2685.0  0.03
1352  2685.0  0.03
1353  2685.0  0.03
1354  2685.0  0.03
1355  2685.0  0.03
1356  2685.0  0.03
1357  2685.0  0.03
1358  2685.0  0.03
1359  2685.0  0.03
1360  2685.0  0.03
1361  2685.0  0.03
1362  2685.0  0.03
1363  2685.0  0.03
1364  2685.0  0.03
1365  2685.0  0.03
1366  2685.0  0.03
1367  2685.0  0.03
1368  2685.0  0.03
1369  2685.0  0.03
1370  2685.0  0.03
1371  2685.0  0.03
1372  2685.0  0.03
1373  2685.0  0.03
1374  2685.0  0.03
1375  2685.0  0.03
1376  2685.0  0.03
1377  2685.0  0.03
1378  2685.0  0.03
1379  2685.0  0.03
1380  2685.0  0.03
1381  2685.0  0.03
1382  2685.0  0.03
1383  2685.0  0.03
1384  2685.0  0.03
1385  2685.0  0.03
1386  2685.0  0.03
1387  2685.0  0.03
1388  2685.0  0.03
1389  2685.0  0.03
1390  2685.0  0.03
1391  2685.0  0.03
1392  2685.0  0.03
1393  2685.0  0.03
1394  2685.0  0.03
1395  2685.0  0.03
1396  2685.0  0.03
1397  2685.0  0.03
1398  2685.0  0.03
1399  2685.0  0.03
1400  2685.0  0.03
1401  2685.0  0.03
1402  2685.0  0.03
1403  2685.0  0.03
1404  2685.0  0.03
1405  2685.0  0.03
1406  2685.0  0.03
1407  2685.0  0.03
1408  2685.0  0.03
1409  2685.0  0.03
1410  2685.0  0.03
1411  2685.0  0.03
1412  2685.0  0.03
1413  2685.0  0.03
1414  2685.0  0.03
1415  2685.0  0.03
1416  2685.0  0.03
1417  2685.0  0.03
1418  2685.0  0.03
1419  2685.0  0.03
1420  2685.0  0.03
1421  2685.0  0.03
1422  2685.0  0.03
1423  2685.0  0.03
1424  2685.0  0.03
1425  2685.0  0.03
1426  2685.0  0.03
1427  2685.0  0.03
1428  2685.0  0.03
1429  2685.0  0.03
1430  2685.0  0.03
1431  2685.0  0.03
1432  2685.0  0.03
1433  2685.0  0.03
1434  2685.0  0.03
1435  2685.0  0.03
1436  2685.0  0.03
1437  2685.0  0.03
1438  2685.0  0.03
1439  2685.0  0.03
1440  2685.0  0.03
1441  2685.0  0.03
1442  2685.0  0.03
1443  2685.0  0.03
1444  2685.0  0.03
1445  2685.0  0.03
1446  2685.0  0.03
1447  2685.0  0.03
1448  2685.0  0.03
1449  2685.0  0.03
1450  2685.0  0.03
1451  2685.0  0.03
1452  2685.0  0.03
1453  2685.0  0.03
1454  2685.0  0.03
1455  2685.0  0.03
1456  2685.0  0.03
1457  2685.0  0.03
1458  2685.0  0.03
1459  2685.0  0.03
1460  2685.0  0.03
1461  2685.0  0.03
1462  2685.0  0.03
1463  2685.0  0.03
1464  2685.0  0.03
1465  2685.0  0.03
1466  2685.0  0.03
1467  2685.0  0.03
1468  2685.0  0.03
1469  2685.0  0.03
1470  2685.0  0.03
1471  2685.0  0.03
1472  2685.0  0.03
1473  2685.0  0.03
1474  2685.0  0.03
1475  2685.0  0.03
1476  2685.0  0.03
1477  2685.0  0.03
1478  2685.0  0.03
1479  2685.0  0.03
1480  2685.0  0.03
1481  2685.0  0.03
1482  2685.0  0.03
1483  2685.0  0.03
1484  2685.0  0.03
1485  2685.0  0.03
1486  2685.0  0.03
1487  2685.0  0.03
1488  2685.0  0.03
1489  2685.0  0.03
1490  2685.0  0.03
1491  2685.0  0.03
1492  2685.0  0.03
1493  2685.0  0.03
1494  2685.0  0.03
1495  2685.0  0.03
1496  2685.0  0.03
1497  2685.0  0.03
1498  2685.0  0.03
1499  2685.0  0.03
1500  2685.0  0.03
1501  2685.0  0.03
1502  2685.0  0.03
1503  2685.0  0.03
1504  2685.0  0.03
1505  2685.0  0.03
1506  2685.0  0.03
1507  2685.0  0.03
1508  2685.0  0.03
1509  2685.0  0.03
1510  2685.0  0.03
1511  2685.0  0.03
1512  2685.0  0.03
1513  2685.0  0.03
1514  2685.0  0.03
1515  2685.0  0.03
1516  2685.0  0.03
1517  2685.0  0.03
1518  2685.0  0.03
1519  2685.0  0.03
1520  2685.0  0.03
1521  2685.0  0.03
1522  2685.0  0.03
1523  2685.0  0.03
1524  2685.0  0.03
1525  2685.0  0.03
1526  2685.0  0.03
1527  2685.0  0.03
1528  2685.0  0.03
1529  2685.0  0.03
1530  2685.0  0.03
1531  2685.0  0.03
1532  2685.0  0.03
1533  2685.0  0.03
1534  2685.0  0.03
1535  2685.0  0.03
1536  2685.0  0.03
1537  2685.0  0.03
1538  2685.0  0.03
1539  2685.0  0.03
1540  2685.0  0.03
1541  2685.0  0.03
1542  2685.0  0.03
1543  2685.0  0.03
1544  2685.0  0.03
1545  2685.0  0.03
1546  2685.0  0.03
1547  2685.0  0.03
1548  2685.0  0.03
1549  2685.0  0.03
1550  2685.0  0.03
1551  2685.0  0.03
1552  2685.0  0.03
1553  2685.0  0.03
1554  2685.0  0.03
1555  2685.0  0.03
1556  2685.0  0.03
1557  2685.0  0.03
1558  2685.0  0.03
1559  2685.0  0.03
1560  2685.0  0.03
1561  2685.0  0.03
1562  2685.0  0.03
1563  2685.0  0.03
1564  2685.0  0.03
1565  2685.0  0.03
1566  2685.0  0.03
1567  2685.0  0.03
1568  2685.0  0.03
1569  2685.0  0.03
1570  2685.0  0.03
1571  2685.0  0.03
1572  2685.0  0.03
1573  2685.0  0.03
1574  2685.0  0.03
1575  2685.0  0.03
1576  2685.0  0.03
1577  2685.0  0.03
1578  2685.0  0.03
1579  2685.0  0.03
1580  2685.0  0.03
1581  2685.0  0.03
1582  2685.0  0.03
1583  2685.0  0.03
1584  2685.0  0.03
1585  2685.0  0.03
1586  2685.0  0.03
1587  2685.0  0.03
1588  2685.0  0.03
1589  2685.0  0.03
1590  2685.0  0.03
1591  2685.0  0.03
1592  2685.0  0.03
1593  2685.0  0.03
1594  2685.0  0.03
1595  2685.0  0.03
1596  2685.0  0.03
1597  2685.0  0.03
1598  2685.0  0.03
1599  2685.0  0.03
1600  2685.0  0.03
1601  2685.0  0.03
1602  2685.0  0.03
1603  2685.0  0.03
1604  2685.0  0.03
1605  2685.0  0.03
1606  2685.0  0.03
1607  2685.0  0.03
1608  2685.0  0.03
1609  2685.0  0.03
1610  2685.0  0.03
1611  2685.0  0.03
1612  2685.0  0.03
1613  2685.0  0.03
1614  2685.0  0.03
1615  2685.0  0.03
1616  2685.0  0.03
1617  2685.0  0.03
1618  2685.0  0.03
1619  2685.0  0.03
1620  2685.0  0.03
1621  2685.0  0.03
1622  2685.0  0.03
1623  2685.0  0.03
1624  2685.0  0.03
1625  2685.0  0.03
1626  2685.0  0.03
1627  2685.0  0.03
1628  2685.0  0.03
1629  2685.0  0.03
1630  2685.0  0.03
1631  2685.0  0.03
1632  2685.0  0.03
1633  2685.0  0.03
1634  2685.0  0.03
1635  2685.0  0.03
1636  2685.0  0.03
1637  2685.0  0.03
1638  2685.0  0.03
1639  2685.0  0.03
1640  2685.0  0.03
1641  2685.0  0.03
1642  2685.0  0.03
1643  2685.0  0.03
1644  2685.0  0.03
1645  2685.0  0.03
1646  2685.0  0.03
1647  2685.0  0.03
1648  2685.0  0.03
1649  2685.0  0.03
1650  2685.0  0.03
1651  2685.0  0.03
1652  2685.0  0.03
1653  2685.0  0.03
1654  2685.0  0.03
1655  2685.0  0.03
1656  2685.0  0.03
1657  2685.0  0.03
1658  2685.0  0.03
1659  2685.0  0.03
1660  2685.0  0.03
1661  2685.0  0.03
1662  2685.0  0.03
1663  2685.0  0.03
1664  2685.0  0.03
1665  2685.0  0.03
1666  2685.0  0.03
1667  2685.0  0.03
1668  2685.0  0.03
1669  2685.0  0.03
1670  2685.0  0.03
1671  2685.0  0.03
1672  2685.0  0.03
1673  2685.0  0.03
1674  2685.0  0.03
1675  2685.0  0.03
1676  2685.0  0.03
1677  2685.0  0.03
1678  2685.0  0.03
1679  2685.0  0.03
1680  2685.0  0.03
1681  2685.0  0.03
1682  2685.0  0.03
1683  2685.0  0.03
1684  2685.0  0.03
1685  2685.0  0.03
1686  2685.0  0.03
1687  2685.0  0.03
1688  2685.0  0.03
1689  2685.0  0.03
1690  2685.0  0.03
1691  2685.0  0.03
1692  2685.0  0.03
1693  2685.0  0.03
1694  2685.0  0.03
1695  2685.0  0.03
1696  2685.0  0.03
1697  2685.0  0.03
1698  2685.0  0.03
1699  2685.0  0.03
1700  2685.0  0.03
1701  2685.0  0.03
1702  2685.0  0.03
1703  2685.0  0.03
1704  2685.0  0.03
1705  2685.0  0.03
1706  2685.0  0.03
1707  2685.0  0.03
1708  2685.0  0.03
1709  2685.0  0.03
1710  2685.0  0.03
1711  2685.0  0.03
1712  2685.0  0.03
1713  2685.0  0.03
1714  2685.0  0.03
1715  2685.0  0.03
1716  2685.0  0.03
1717  2685.0  0.03
1718  2685.0  0.03
1719  2685.0  0.03
1720  2685.0  0.03
1721  2685.0  0.03
1722  2685.0  0.03
1723  2685.0  0.03
1724  2685.0  0.03
1725  2685.0  0.03
1726  2685.0  0.03
1727  2685.0  0.03
1728  2685.0  0.03
1729  2685.0  0.03
1730  2685.0  0.03
1731  2685.0  0.03
1732  2685.0  0.03
1733  2685.0  0.03
1734  2685.0  0.03
1735  2685.0  0.03
1736  2685.0  0.03
1737  2685.0  0.03
1738  2685.0  0.03
1739  2685.0  0.03
1740  2685.0  0.03
1741  2685.0  0.03
1742  2685.0  0.03
1743  2685.0  0.03
1744  2685.0  0.03
1745  2685.0  0.03
1746  2685.0  0.03
1747  2685.0  0.03
1748  2685.0  0.03
1749  2685.0  0.03
1750  2685.0  0.03
1751  2685.0  0.03
1752  2685.0  0.03
1753  2685.0  0.03
1754  2685.0  0.03
1755  2685.0  0.03
1756  2685.0  0.03
1757  2685.0  0.03
1758  2685.0  0.03
1759  2685.0  0.03
1760  2685.0  0.03
1761  2685.0  0.03
1762  2685.0  0.03
1763  2685.0  0.03
1764  2685.0  0.03
1765  2685.0  0.03
1766  2685.0  0.03
1767  2685.0  0.03
1768  2685.0  0.03
1769  2685.0  0.03
1770  2685.0  0.03
1771  2685.0  0.03
1772  2685.0  0.03
1773  2685.0  0.03
1774  2685.0  0.03
1775  2685.0  0.03
1776  2685.0  0.03
1777  2685.0  0.03
1778  2685.0  0.03
1779  2685.0  0.03
1780  2685.0  0.03
1781  2685.0  0.03
1782  2685.0  0.03
1783  2685.0  0.03
1784  2685.0  0.03
1785  2685.0  0.03
1786  2685.0  0.03
1787  2685.0  0.03
1788  2685.0  0.03
1789  2685.0  0.03
1790  2685.0  0.03
1791  2685.0  0.03
1792  2685.0  0.03
1793  2685.0  0.03
1794  2685.0  0.03
1795  2685.0  0.03
1796  2685.0  0.03
1797  2685.0  0.03
1798  2685.0  0.03
1799  2685.0  0.03
1800  2685.0  0.03
1801  2685.0  0.03
1802  2685.0  0.03
1803  2685.0  0.03
1804  2685.0  0.03
1805  2685.0  0.03
1806  2685.0  0.03
1807  2685.0  0.03
1808  2685.0  0.03
1809  2685.0  0.03
1810  2685.0  0.03
1811  2685.0  0.03
1812  2685.0  0.03
1813  2685.0  0.03
1814  2685.0  0.03
1815  2685.0  0.03
1816  2685.0  0.03
1817  2685.0  0.03
1818  2685.0  0.03
1819  2685.0  0.03
1820  2685.0  0.03
1821  2685.0  0.03
1822  2685.0  0.03
1823  2685.0  0.03
1824  2685.0  0.03
1825  2685.0  0.03
1826  2685.0  0.03
1827  2685.0  0.03
1828  2685.0  0.03
1829  2685.0  0.03
1830  2685.0  0.03
1831  2685.0  0.03
1832  2685.0  0.03
1833  2685.0  0.03
1834  2685.0  0.03
1835  2685.0  0.03
1836  2685.0  0.03
1837  2685.0  0.03
1838  2685.0  0.03
1839  2685.0  0.03
1840  2685.0  0.03
1841  2685.0  0.03
1842  2685.0  0.03
1843  2685.0  0.03
1844  2685.0  0.03
1845  2685.0  0.03
1846  2685.0  0.03
1847  2685.0  0.03
1848  2685.0  0.03
1849  2685.0  0.03
1850  2685.0  0.03
1851  2685.0  0.03
1852  2685.0  0.03
1853  2685.0  0.03
1854  2685.0  0.03
1855  2685.0  0.03
1856  2685.0  0.03
1857  2685.0  0.03
1858  2685.0  0.03
1859  2685.0  0.03
1860  2685.0  0.03
1861  2685.0  0.03
1862  2685.0  0.03
1863  2685.0  0.03
1864  2685.0  0.03
1865  2685.0  0.03
1866  2685.0  0.03
1867  2685.0  0.03
1868  2685.0  0.03
1869  2685.0  0.03
1870  2685.0  0.03
1871  2685.0  0.03
1872  2685.0  0.03
1873  2685.0  0.03
1874  2685.0  0.03
1875  2685.0  0.03
1876  2685.0  0.03
1877  2685.0  0.03
1878  2685.0  0.03
1879  2685.0  0.03
1880  2685.0  0.03
1881  2685.0  0.03
1882  2685.0  0.03
1883  2685.0  0.03
1884  2685.0  0.03
1885  2685.0  0.03
1886  2685.0  0.03
1887  2685.0  0.03
1888  2685.0  0.03
1889  2685.0  0.03
1890  2685.0  0.03
1891  2685.0  0.03
1892  2685.0  0.03
1893  2685.0  0.03
1894  2685.0  0.03
1895  2685.0  0.03
1896  2685.0  0.03
1897  2685.0  0.03
1898  2685.0  0.03
1899  2685.0  0.03
1900  2685.0  0.03
1901  2685.0  0.03
1902  2685.0  0.03
1903  2685.0  0.03
1904  2685.0  0.03
1905  2685.0  0.03
1906  2685.0  0.03
1907  2685.0  0.03
1908  2685.0  0.03
1909  2685.0  0.03
1910  2685.0  0.03
1911  2685.0  0.03
1912  2685.0  0.03
1913  2685.0  0.03
1914  2685.0  0.03
1915  2685.0  0.03
1916  2685.0  0.03
1917  2685.0  0.03
1918  2685.0  0.03
1919  2685.0  0.03
1920  2685.0  0.03
1921  2685.0  0.03
1922  2685.0  0.03
1923  2685.0  0.03
1924  2685.0  0.03
1925  2685.0  0.03
1926  2685.0  0.03
1927  2685.0  0.03
1928  2685.0  0.03
1929  2685.0  0.03
1930  2685.0  0.03
1931  2685.0  0.03
1932  2685.0  0.03
1933  2685.0  0.03
1934  2685.0  0.03
1935  2685.0  0.03
1936  2685.0  0.03
1937  2685.0  0.03
1938  2685.0  0.03
1939  2685.0  0.03
1940  2685.0  0.03
1941  2685.0  0.03
1942  2685.0  0.03
1943  2685.0  0.03
1944  2685.0  0.03
1945  2685.0  0.03
1946  2685.0  0.03
1947  2685.0  0.03
1948  2685.0  0.03
1949  2685.0  0.03
1950  2685.0  0.03
1951  2685.0  0.03
1952  2685.0  0.03
1953  2685.0  0.03
1954  2685.0  0.03
1955  2685.0  0.03
1956  2685.0  0.03
1957  2685.0  0.03
1958  2685.0  0.03
1959  2685.0  0.03
1960  2685.0  0.03
1961  2685.0  0.03
1962  2685.0  0.03
1963  2685.0  0.03
1964  2685.0  0.03
1965  2685.0  0.03
1966  2685.0  0.03
1967  2685.0  0.03
1968  2685.0  0.03
1969  2685.0  0.03
1970  2685.0  0.03
1971  2685.0  0.03
1972  2685.0  0.03
1973  2685.0  0.03
1974  2685.0  0.03
1975  2685.0  0.03
1976  2685.0  0.03
1977  2685.0  0.03
1978  2685.0  0.03
1979  2685.0  0.03
1980  2685.0  0.03
1981  2685.0  0.03
1982  2685.0  0.03
1983  2685.0  0.03
1984  2685.0  0.03
1985  2685.0  0.03
1986  2685.0  0.03
1987  2685.0  0.03
1988  2685.0  0.03
1989  2685.0  0.03
1990  2685.0  0.03
1991  2685.0  0.03
1992  2685.0  0.03
1993  2685.0  0.03
1994  2685.0  0.03
1995  2685.0  0.03
1996  2685.0  0.03
1997  2685.0  0.03
1998  2685.0  0.03
1999  2685.0  0.03
2000  2685.0  0.03
2001  2685.0  0.03
2002  2685.0  0.03
2003  2685.0  0.03
2004  2685.0  0.03
2005  2685.0  0.03
2006  2685.0  0.03
2007  2685.0  0.03
2008  2685.0  0.03
2009  2685.0  0.03
2010  2685.0  0.03
2011  2685.0  0.03
2012  2685.0  0.03
2013  2685.0  0.03
2014  2685.0  0.03
2015  2685.0  0.03
2016  2685.0  0.03
2017  2685.0  0.03
2018  2685.0  0.03
2019  2685.0  0.03
2020  2685.0  0.03
2021  2685.0  0.03
2022  2685.0  0.03
2023  2685.0  0.03
2024  2685.0  0.03
2025  2685.0  0.03
2026  2685.0  0.03
2027  2685.0  0.03
2028  2685.0  0.03
2029  2685.0  0.03
2030  2685.0  0.03
2031  2685.0  0.03
2032  2685.0  0.03
2033  2685.0  0.03
2034  2685.0  0.03
2035  2685.0  0.03
2036  2685.0  0.03
2037  2685.0  0.03
2038  2685.0  0.03
2039  2685.0  0.03
2040  2685.0  0.03
2041  2685.0  0.03
2042  2685.0  0.03
2043  2685.0  0.03
2044  2685.0  0.03
2045  2685.0  0.03
2046  2685.0  0.03
2047  2685.0  0.03
2048  2685.0  0.03
2049  2685.0  0.03
2050  2685.0  0.03
2051  2685.0  0.03
2052  2685.0  0.03
2053  2685.0  0.03
2054  2685.0  0.03
2055  2685.0  0.03
2056  2685.0  0.03
2057  2685.0  0.03
2058  2685.0  0.03
2059  2685.0  0.03
2060  2685.0  0.03
2061  2685.0  0.03
2062  2685.0  0.03
2063  2685.0  0.03
2064  2685.0  0.03
2065  2685.0  0.03
2066  2685.0  0.03
2067  2685.0  0.03
2068  2685.0  0.03
2069  2685.0  0.03
2070  2685.0  0.03
2071  2685.0  0.03
2072  2685.0  0.03
2073  2685.0  0.03
2074  2685.0  0.03
2075  2685.0  0.03
2076  2685.0  0.03
2077  2685.0  0.03
2078  2685.0  0.03
2079  2685.0  0.03
2080  2685.0  0.03
2081  2685.0  0.03
2082  2685.0  0.03
2083  2685.0  0.03
2084  2685.0  0.03
2085  2685.0  0.03
2086  2685.0  0.03
2087  2685.0  0.03
2088  2685.0  0.03
2089  2685.0  0.03
2090  2685.0  0.03
2091  2685.0  0.03
2092  2685.0  0.03
2093  2685.0  0.03
2094  2685.0  0.03
2095  2685.0  0.03
2096  2685.0  0.03
2097  2685.0  0.03
2098  2685.0  0.03
2099  2685.0  0.03
2100  2685.0  0.03
2101  2685.0  0.03
2102  2685.0  0.03
2103  2685.0  0.03
2104  2685.0  0.03
2105  2685.0  0.03
2106  2685.0  0.03
2107  2685.0  0.03
2108  2685.0  0.03
2109  2685.0  0.03
2110  2685.0  0.03
2111  2685.0  0.03
2112  2685.0  0.03
2113  2685.0  0.03
2114  2685.0  0.03
2115  2685.0  0.03
2116  2685.0  0.03
2117  2685.0  0.03
2118  2685.0  0.03
2119  2685.0  0.03
2120  2685.0  0.03
2121  2685.0  0.03
2122  2685.0  0.03
2123  2685.0  0.03
2124  2685.0  0.03
2125  2685.0  0.03
2126  2685.0  0.03
2127  2685.0  0.03
2128  2685.0  0.03
2129  2685.0  0.03
2130  2685.0  0.03
2131  2685.0  0.03
2132  2685.0  0.03
2133  2685.0  0.03
2134  2685.0  0.03
2135  2685.0  0.03
2136  2685.0  0.03
2137  2685.0  0.03
2138  2685.0  0.03
2139  2685.0  0.03
2140  2685.0  0.03
2141  2685.0  0.03
2142  2685.0  0.03
2143  2685.0  0.03
2144  2685.0  0.03
2145  2685.0  0.03
2146  2685.0  0.03
2147  2685.0  0.03
2148  2685.0  0.03
2149  2685.0  0.03
2150  2685.0  0.03
2151  2685.0  0.03
2152  2685.0  0.03
2153  2685.0  0.03
2154  2685.0  0.03
2155  2685.0  0.03
2156  2685.0  0.03
2157  2685.0  0.03
2158  2685.0  0.03
2159  2685.0  0.03
2160  2685.0  0.03
2161  2685.0  0.03
2162  2685.0  0.03
2163  2685.0  0.03
2164  2685.0  0.03
2165  2685.0  0.03
2166  2685.0  0.03
2167  2685.0  0.03
2168  2685.0  0.03
2169  2685.0  0.03
2170  2685.0  0.03
2171  2685.0  0.03
2172  2685.0  0.03
2173  2685.0  0.03
2174  2685.0  0.03
2175  2685.0  0.03
2176  2685.0  0.03
2177  2685.0  0.03
2178  2685.0  0.03
2179  2685.0  0.03
2180  2685.0  0.03
2181  2685.0  0.03
2182  2685.0  0.03
2183  2685.0  0.03
2184  2685.0  0.03
2185  2685.0  0.03
2186  2685.0  0.03
2187  2685.0  0.03
2188  2685.0  0.03
2189  2685.0  0.03
2190  2685.0  0.03
2191  2685.0  0.03
2192  2685.0  0.03
2193  2685.0  0.03
2194  2685.0  0.03
2195  2685.0  0.03
2196  2685.0  0.03
2197  2685.0  0.03
2198  2685.0  0.03
2199  2685.0  0.03
2200  2685.0  0.03
2201  2685.0  0.03
2202  2685.0  0.03
2203  2685.0  0.03
2204  2685.0  0.03
2205  2685.0  0.03
2206  2685.0  0.03
2207  2685.0  0.03
2208  2685.0  0.03
2209  2685.0  0.03
2210  2685.0  0.03
2211  2685.0  0.03
2212  2685.0  0.03
2213  2685.0  0.03
2214  2685.0  0.03
2215  2685.0  0.03
2216  2685.0  0.03
2217  2685.0  0.03
2218  2685.0  0.03
2219  2685.0  0.03
2220  2685.0  0.03
2221  2685.0  0.03
2222  2685.0  0.03
2223  2685.0  0.03
2224  2685.0  0.03
2225  2685.0  0.03
2226  2685.0  0.03
2227  2685.0  0.03
2228  2685.0  0.03
2229  2685.0  0.03
2230  2685.0  0.03
2231  2685.0  0.03
2232  2685.0  0.03
2233  2685.0  0.03
2234  2685.0  0.03
2235  2685.0  0.03
2236  2685.0  0.03
2237  2685.0  0.03
2238  2685.0  0.03
2239  2685.0  0.03
2240  2685.0  0.03
2241  2685.0  0.03
2242  2685.0  0.03
2243  2685.0  0.03
2244  2685.0  0.03
2245  2685.0  0.03
2246  2685.0  0.03
2247  2685.0  0.03
2248  2685.0  0.03
2249  2685.0  0.03
2250  2685.0  0.03
2251  2685.0  0.03
2252  2685.0  0.03
2253  2685.0  0.03
2254  2685.0  0.03
2255  2685.0  0.03
2256  2685.0  0.03
2257  2685.0  0.03
2258  2685.0  0.03
2259  2685.0  0.03
2260  2685.0  0.03
2261  2685.0  0.03
2262  2685.0  0.03
2263  2685.0  0.03
2264  2685.0  0.03
2265  2685.0  0.03
2266  2685.0  0.03
2267  2685.0  0.03
2268  2685.0  0.03
2269  2685.0  0.03
2270  2685.0  0.03
2271  2685.0  0.03
2272  2685.0  0.03
2273  2685.0  0.03
2274  2685.0  0.03
2275  2685.0  0.03
2276  2685.0  0.03
2277  2685.0  0.03
2278  2685.0  0.03
2279  2685.0  0.03
2280  2685.0  0.03
2281  2685.0  0.03
2282  2685.0  0.03
2283  2685.0  0.03
2284  2685.0  0.03
2285  2685.0  0.03
2286  2685.0  0.03
2287  2685.0  0.03
2288  2685.0  0.03
2289  2685.0  0.03
2290  2685.0  0.03
2291  2685.0  0.03
2292  2685.0  0.03
2293  2685.0  0.03
2294  2685.0  0.03
2295  2685.0  0.03
2296  2685.0  0.03
2297  2685.0  0.03
2298  2685.0  0.03
2299  2685.0  0.03
2300  2685.0  0.03
2301  2685.0  0.03
2302  2685.0  0.03
2303  2685.0  0.03
2304  2685.0  0.03
2305  2685.0  0.03
2306  2685.0  0.03
2307  2685.0  0.03
2308  2685.0  0.03
2309  2685.0  0.03
2310  2685.0  0.03
2311  2685.0  0.03
2312  2685.0  0.03
2313  2685.0  0.03
2314  2685.0  0.03
2315  2685.0  0.03
2316  2685.0  0.03
2317  2685.0  0.03
2318  2685.0  0.03
2319  2685.0  0.03
2320  2685.0  0.03
2321  2685.0  0.03
2322  2685.0  0.03
2323  2685.0  0.03
2324  2685.0  0.03
2325  2685.0  0.03
2326  2685.0  0.03
2327  2685.0  0.03
2328  2685.0  0.03
2329  2685.0  0.03
2330  2685.0  0.03
2331  2685.0  0.03
2332  2685.0  0.03
2333  2685.0  0.03
2334  2685.0  0.03
2335  2685.0  0.03
2336  2685.0  0.03
2337  2685.0  0.03
2338  2685.0  0.03
2339  2685.0  0.03
2340  2685.0  0.03
2341  2685.0  0.03
2342  2685.0  0.03
2343  2685.0  0.03
2344  2685.0  0.03
2345  2685.0  0.03
2346  2685.0  0.03
2347  2685.0  0.03
2348  2685.0  0.03
2349  2685.0  0.03
2350  2685.0  0.03
2351  2685.0  0.03
2352  2685.0  0.03
2353  2685.0  0.03
2354  2685.0  0.03
2355  2685.0  0.03
2356  2685.0  0.03
2357  2685.0  0.03
2358  2685.0  0.03
2359  2685.0  0.03
2360  2685.0  0.03
2361  2685.0  0.03
2362  2685.0  0.03
2363  2685.0  0.03
2364  2685.0  0.03
2365  2685.0  0.03
2366  2685.0  0.03
2367  2685.0  0.03
2368  2685.0  0.03
2369  2685.0  0.03
2370  2685.0  0.03
2371  2685.0  0.03
2372  2685.0  0.03
2373  2685.0  0.03
2374  2685.0  0.03
2375  2685.0  0.03
2376  2685.0  0.03
2377  2685.0  0.03
2378  2685.0  0.03
2379  2685.0  0.03
2380  2685.0  0.03
2381  2685.0  0.03
2382  2685.0  0.03
2383  2685.0  0.03
2384  2685.0  0.03
2385  2685.0  0.03
2386  2685.0  0.03
2387  2685.0  0.03
2388  2685.0  0.03
2389  2685.0  0.03
2390  2685.0  0.03
2391  2685.0  0.03
2392  2685.0  0.03
2393  2685.0  0.03
2394  2685.0  0.03
2395  2685.0  0.03
2396  2685.0  0.03
2397  2685.0  0.03
2398  2685.0  0.03
2399  2685.0  0.03
2400  2685.0  0.03
2401  2685.0  0.03
2402  2685.0  0.03
2403  2685.0  0.03
2404  2685.0  0.03
2405  2685.0  0.03
2406  2685.0  0.03
2407  2685.0  0.03
2408  2685.0  0.03
2409  2685.0  0.03
2410  2685.0  0.03
2411  2685.0  0.03
2412  2685.0  0.03
2413  2685.0  0.03
2414  2685.0  0.03
2415  2685.0  0.03
2416  2685.0  0.03
2417  2685.0  0.03
2418  2685.0  0.03
2419  2685.0  0.03
2420  2685.0  0.03
2421  2685.0  0.03
2422  2685.0  0.03
2423  2685.0  0.03
2424  2685.0  0.03
2425  2685.0  0.03
2426  2685.0  0.03
2427  2685.0  0.03
2428  2685.0  0.03
2429  2685.0  0.03
2430  2685.0  0.03
2431  2685.0  0.03
2432  2685.0  0.03
2433  2685.0  0.03
2434  2685.0  0.03
2435  2685.0  0.03
2436  2685.0  0.03
2437  2685.0  0.03
2438  2685.0  0.03
2439  2685.0  0.03
2440  2685.0  0.03
2441  2685.0  0.03
2442  2685.0  0.03
2443  2685.0  0.03
2444  2685.0  0.03
2445  2685.0  0.03
2446  2685.0  0.03
2447  2685.0  0.03
2448  2685.0  0.03
2449  2685.0  0.03
2450  2685.0  0.03
2451  2685.0  0.03
2452  2685.0  0.03
2453  2685.0  0.03
2454  2685.0  0.03
2455  2685.0  0.03
2456  2685.0  0.03
2457  2685.0  0.03
2458  2685.0  0.03
2459  2685.0  0.03
2460  2685.0  0.03
2461  2685.0  0.03
2462  2685.0  0.03
2463  2685.0  0.03
2464  2685.0  0.03
2465  2685.0  0.03
2466  2685.0  0.03
2467  2685.0  0.03
2468  2685.0  0.03
2469  2685.0  0.03
2470  2685.0  0.03
2471  2685.0  0.03
2472  2685.0  0.03
2473  2685.0  0.03
2474  2685.0  0.03
2475  2685.0  0.03
2476  2685.0  0.03
2477  2685.0  0.03
2478  2685.0  0.03
2479  2685.0  0.03
2480  2685.0  0.03
2481  2685.0  0.03
2482  2685.0  0.03
2483  2685.0  0.03
2484  2685.0  0.03
2485  2685.0  0.03
2486  2685.0  0.03
2487  2685.0  0.03
2488  2685.0  0.03
2489  2685.0  0.03
2490  2685.0  0.03
2491  2685.0  0.03
2492  2685.0  0.03
2493  2685.0  0.03
2494  2685.0  0.03
2495  2685.0  0.03
2496  2685.0  0.03
2497  2685.0  0.03
2498  2685.0  0.03
2499  2685.0  0.03
2500  2685.0  0.03
2501  2685.0  0.03
2502  2685.0  0.03
2503  2685.0  0.03
2504  2685.0  0.03
2505  2685.0  0.03
2506  2685.0  0.03
2507  2685.0  0.03
2508  2685.0  0.03
2509  2685.0  0.03
2510  2685.0  0.03
2511  2685.0  0.03
2512  2685.0  0.03
2513  2685.0  0.03
2514  2685.0  0.03
2515  2685.0  0.03
2516  2685.0  0.03
2517  2685.0  0.03
2518  2685.0  0.03
2519  2685.0  0.03
2520  2685.0  0.03
2521  2685.0  0.03
2522  2685.0  0.03
2523  2685.0  0.03
2524  2685.0  0.03
2525  2685.0  0.03
2526  2685.0  0.03
2527  2685.0  0.03
2528  2685.0  0.03
2529  2685.0  0.03
2530  2685.0  0.03
2531  2685.0  0.03
2532  2685.0  0.03
2533  2685.0  0.03
2534  2685.0  0.03
2535  2685.0  0.03
2536  2685.0  0.03
2537  2685.0  0.03
2538  2685.0  0.03
2539  2685.0  0.03
2540  2685.0  0.03
2541  2685.0  0.03
2542  2685.0  0.03
2543  2685.0  0.03
2544  2685.0  0.03
2545  2685.0  0.03
2546  2685.0  0.03
2547  2685.0  0.03
2548  2685.0  0.03
2549  2685.0  0.03
2550  2685.0  0.03
2551  2685.0  0.03
2552  2685.0  0.03
2553  2685.0  0.03
2554  2685.0  0.03
2555  2685.0  0.03
2556  2685.0  0.03
2557  2685.0  0.03
2558  2685.0  0.03
2559  2685.0  0.03
2560  2685.0  0.03
2561  2730.0  0.03
2562  2730.0  0.03
2563  2730.0  0.03
2564  2730.0  0.03
2565  2730.0  0.03
2566  2730.0  0.03
2567  2730.0  0.03
2568  2730.0  0.03
2569  2730.0  0.03
2570  2730.0  0.03
2571  2730.0  0.03
2572  2730.0  0.03
2573  2730.0  0.03
2574  2730.0  0.03
2575  2730.0  0.03
2576  2730.0  0.03
2577  2730.0  0.03
2578  2730.0  0.03
2579  2730.0  0.03
2580  2730.0  0.03
2581  2730.0  0.03
2582  2730.0  0.03
2583  2730.0  0.03
2584  2730.0  0.03
2585  2730.0  0.03
2586  2730.0  0.03
2587  2730.0  0.03
2588  2730.0  0.03
2589  2730.0  0.03
2590  2730.0  0.03
2591  2730.0  0.03
2592  2730.0  0.03
2593  2730.0  0.03
2594  2730.0  0.03
2595  2730.0  0.03
2596  2730.0  0.03
2597  2730.0  0.03
2598  2730.0  0.03
2599  2730.0  0.03
2600  2730.0  0.03
2601  2730.0  0.03
2602  2730.0  0.03
2603  2730.0  0.03
2604  2730.0  0.03
2605  2730.0  0.03
2606  2730.0  0.03
2607  2730.0  0.03
2608  2730.0  0.03
2609  2730.0  0.03
2610  2730.0  0.03
2611  2730.0  0.03
2612  2730.0  0.03
2613  2730.0  0.03
2614  2730.0  0.03
2615  2730.0  0.03
2616  2730.0  0.03
2617  2730.0  0.03
2618  2730.0  0.03
2619  2730.0  0.03
2620  2730.0  0.03
2621  2730.0  0.03
2622  2730.0  0.03
2623  2730.0  0.03
2624  2730.0  0.03
2625  2730.0  0.03
2626  2730.0  0.03
2627  2730.0  0.03
2628  2730.0  0.03
2629  2730.0  0.03
2630  2730.0  0.03
2631  2730.0  0.03
2632  2730.0  0.03
2633  2730.0  0.03
2634  2730.0  0.03
2635  2730.0  0.03
2636  2730.0  0.03
2637  2730.0  0.03
2638  2730.0  0.03
2639  2730.0  0.03
2640  2730.0  0.03
2641  2730.0  0.03
2642  2730.0  0.03
2643  2730.0  0.03
2644  2730.0  0.03
2645  2730.0  0.03
2646  2730.0  0.03
2647  2730.0  0.03
2648  2730.0  0.03
2649  2730.0  0.03
2650  2730.0  0.03
2651  2730.0  0.03
2652  2730.0  0.03
2653  2730.0  0.03
2654  2730.0  0.03
2655  2730.0  0.03
2656  2730.0  0.03
2657  2730.0  0.03
2658  2730.0  0.03
2659  2730.0  0.03
2660  2730.0  0.03
2661  2730.0  0.03
2662  2730.0  0.03
2663  2730.0  0.03
2664  2730.0  0.03
2665  2730.0  0.03
2666  2730.0  0.03
2667  2730.0  0.03
2668  2730.0  0.03
2669  2730.0  0.03
2670  2730.0  0.03
2671  2730.0  0.03
2672  2730.0  0.03
2673  2730.0  0.03
2674  2730.0  0.03
2675  2730.0  0.03
2676  2730.0  0.03
2677  2730.0  0.03
2678  2730.0  0.03
2679  2730.0  0.03
2680  2730.0  0.03
2681  2730.0  0.03
2682  2730.0  0.03
2683  2730.0  0.03
2684  2730.0  0.03
2685  2730.0  0.03
2686  2730.0  0.03
2687  2730.0  0.03
2688  2730.0  0.03
2689  2730.0  0.03
2690  2730.0  0.03
2691  2730.0  0.03
2692  2730.0  0.03
2693  2730.0  0.03
2694  2730.0  0.03
2695  2730.0  0.03
2696  2730.0  0.03
2697  2730.0  0.03
2698  2730.0  0.03
2699  2730.0  0.03
2700  2730.0  0.03
2701  2730.0  0.03
2702  2730.0  0.03
2703  2730.0  0.03
2704  2730.0  0.03
2705  2730.0  0.03
2706  2730.0  0.03
2707  2730.0  0.03
2708  2730.0  0.03
2709  2730.0  0.03
2710  2730.0  0.03
2711  2730.0  0.03
2712  2730.0  0.03
2713  2730.0  0.03
2714  2730.0  0.03
2715  2730.0  0.03
2716  2730.0  0.03
2717  2730.0  0.03
2718  2730.0  0.03
2719  2730.0  0.03
2720  2730.0  0.03
2721  2730.0  0.03
2722  2730.0  0.03
2723  2730.0  0.03
2724  2730.0  0.03
2725  2730.0  0.03
2726  2730.0  0.03
2727  2730.0  0.03
2728  2730.0  0.03
2729  2730.0  0.03
2730  2730.0  0.03
2731  2730.0  0.03
2732  2730.0  0.03
2733  2730.0  0.03
2734  2730.0  0.03
2735  2730.0  0.03
2736  2730.0  0.03
2737  2730.0  0.03
2738  2730.0  0.03
2739  2730.0  0.03
2740  2730.0  0.03
2741  2730.0  0.03
2742  2730.0  0.03
2743  2730.0  0.03
2744  2730.0  0.03
2745  2730.0  0.03
2746  2730.0  0.03
2747  2730.0  0.03
2748  2730.0  0.03
2749  2730.0  0.03
2750  2730.0  0.03
2751  2730.0  0.03
2752  2730.0  0.03
2753  2730.0  0.03
2754  2730.0  0.03
2755  2730.0  0.03
2756  2730.0  0.03
2757  2730.0  0.03
2758  2730.0  0.03
2759  2730.0  0.03
2760  2730.0  0.03
2761  2730.0  0.03
2762  2730.0  0.03
2763  2730.0  0.03
2764  2730.0  0.03
2765  2730.0  0.03
2766  2730.0  0.03
2767  2730.0  0.03
2768  2730.0  0.03
2769  2730.0  0.03
2770  2730.0  0.03
2771  2730.0  0.03
2772  2730.0  0.03
2773  2730.0  0.03
2774  2730.0  0.03
2775  2730.0  0.03
2776  2730.0  0.03
2777  2730.0  0.03
2778  2730.0  0.03
2779  2730.0  0.03
2780  2730.0  0.03
2781  2730.0  0.03
2782  2730.0  0.03
2783  2730.0  0.03
2784  2730.0  0.03
2785  2730.0  0.03
2786  2730.0  0.03
2787  2730.0  0.03
2788  2730.0  0.03
2789  2730.0  0.03
2790  2730.0  0.03
2791  2730.0  0.03
2792  2730.0  0.03
2793  2730.0  0.03
2794  2730.0  0.03
2795  2730.0  0.03
2796  2730.0  0.03
2797  2730.0  0.03
2798  2730.0  0.03
2799  2730.0  0.03
2800  2730.0  0.03
2801  2730.0  0.03
2802  2730.0  0.03
2803  2730.0  0.03
2804  2730.0  0.03
2805  2730.0  0.03
2806  2730.0  0.03
2807  2730.0  0.03
2808  2730.0  0.03
2809  2730.0  0.03
2810  2730.0  0.03
2811  2730.0  0.03
2812  2730.0  0.03
2813  2730.0  0.03
2814  2730.0  0.03
2815  2730.0  0.03
2816  2730.0  0.03
2817  2730.0  0.03
2818  2730.0  0.03
2819  2730.0  0.03
2820  2730.0  0.03
2821  2730.0  0.03
2822  2730.0  0.03
2823  2730.0  0.03
2824  2730.0  0.03
2825  2730.0  0.03
2826  2730.0  0.03
2827  2730.0  0.03
2828  2730.0  0.03
2829  2730.0  0.03
2830  2730.0  0.03
2831  2730.0  0.03
2832  2730.0  0.03
2833  2730.0  0.03
2834  2730.0  0.03
2835  2730.0  0.03
2836  2730.0  0.03
2837  2730.0  0.03
2838  2730.0  0.03
2839  2730.0  0.03
2840  2730.0  0.03
2841  2730.0  0.03
2842  2730.0  0.03
2843  2730.0  0.03
2844  2730.0  0.03
2845  2730.0  0.03
2846  2730.0  0.03
2847  2730.0  0.03
2848  2730.0  0.03
2849  2730.0  0.03
2850  2730.0  0.03
2851  2730.0  0.03
2852  2730.0  0.03
2853  2730.0  0.03
2854  2730.0  0.03
2855  2730.0  0.03
2856  2730.0  0.03
2857  2730.0  0.03
2858  2730.0  0.03
2859  2730.0  0.03
2860  2730.0  0.03
2861  2730.0  0.03
2862  2730.0  0.03
2863  2730.0  0.03
2864  2730.0  0.03
2865  2730.0  0.03
2866  2730.0  0.03
2867  2730.0  0.03
2868  2730.0  0.03
2869  2730.0  0.03
2870  2730.0  0.03
2871  2730.0  0.03
2872  2730.0  0.03
2873  2730.0  0.03
2874  2730.0  0.03
2875  2730.0  0.03
2876  2730.0  0.03
2877  2730.0  0.03
2878  2730.0  0.03
2879  2730.0  0.03
2880  2730.0  0.03
2881  2730.0  0.03
2882  2730.0  0.03
2883  2730.0  0.03
2884  2730.0  0.03
2885  2730.0  0.03
2886  2730.0  0.03
2887  2730.0  0.03
2888  2730.0  0.03
2889  2730.0  0.03
2890  2730.0  0.03
2891  2730.0  0.03
2892  2730.0  0.03
2893  2730.0  0.03
2894  2730.0  0.03
2895  2730.0  0.03
2896  2730.0  0.03
2897  2730.0  0.03
2898  2730.0  0.03
2899  2730.0  0.03
2900  2730.0  0.03
2901  2730.0  0.03
2902  2730.0  0.03
2903  2730.0  0.03
2904  2730.0  0.03
2905  2730.0  0.03
2906  2730.0  0.03
2907  2730.0  0.03
2908  2730.0  0.03
2909  2730.0  0.03
2910  2730.0  0.03
2911  2730.0  0.03
2912  2730.0  0.03
2913  2730.0  0.03
2914  2730.0  0.03
2915  2730.0  0.03
2916  2730.0  0.03
2917  2730.0  0.03
2918  2730.0  0.03
2919  2730.0  0.03
2920  2730.0  0.03
2921  2730.0  0.03
2922  2730.0  0.03
2923  2730.0  0.03
2924  2730.0  0.03
2925  2730.0  0.03
2926  2730.0  0.03
2927  2730.0  0.03
2928  2730.0  0.03
2929  2730.0  0.03
2930  2730.0  0.03
2931  2730.0  0.03
2932  2730.0  0.03
2933  2730.0  0.03
2934  2730.0  0.03
2935  2730.0  0.03
2936  2730.0  0.03
2937  2730.0  0.03
2938  2730.0  0.03
2939  2730.0  0.03
2940  2730.0  0.03
2941  2730.0  0.03
2942  2730.0  0.03
2943  2730.0  0.03
2944  2730.0  0.03
2945  2730.0  0.03
2946  2730.0  0.03
2947  2730.0  0.03
2948  2730.0  0.03
2949  2730.0  0.03
2950  2730.0  0.03
2951  2730.0  0.03
2952  2730.0  0.03
2953  2730.0  0.03
2954  2730.0  0.03
2955  2730.0  0.03
2956  2730.0  0.03
2957  2730.0  0.03
2958  2730.0  0.03
2959  2730.0  0.03
2960  2730.0  0.03
2961  2730.0  0.03
2962  2730.0  0.03
2963  2730.0  0.03
2964  2730.0  0.03
2965  2730.0  0.03
2966  2730.0  0.03
2967  2730.0  0.03
2968  2730.0  0.03
2969  2730.0  0.03
2970  2730.0  0.03
2971  2730.0  0.03
2972  2730.0  0.03
2973  2730.0  0.03
2974  2730.0  0.03
2975  2730.0  0.03
2976  2730.0  0.03
2977  2730.0  0.03
2978  2730.0  0.03
2979  2730.0  0.03
2980  2730.0  0.03
2981  2730.0  0.03
2982  2730.0  0.03
2983  2730.0  0.03
2984  2730.0  0.03
2985  2730.0  0.03
2986  2730.0  0.03
2987  2730.0  0.03
2988  2730.0  0.03
2989  2730.0  0.03
2990  2730.0  0.03
2991  2730.0  0.03
2992  2730.0  0.03
2993  2730.0  0.03
2994  2730.0  0.03
2995  2730.0  0.03
2996  2730.0  0.03
2997  2730.0  0.03
2998  2730.0  0.03
2999  2730.0  0.03
#[9, 9, 9, 9, 9, 9, 9, 9, 9, 9]
#[-9, -8, 9, 9, 9, 9, 9, 9, 9, 9]
#[6, 7, 9, 9, 9, 9, 9, 9, 9, 9]
#[9, 9, 9, 9, 9, 9, 9, 9, 9, 9]
#[-3, 2, 7, 9, 9, 9, 9, 9, 9, 9]
#[9, 9, 9, 9, 9, 9, 9, 9, 9, 9]
#[9, 9, 9, 9, 9, 9, 9, 9, 9, 9]
#[5, 9, 9, 9, 9, 9, 9, 9, 9, 9]
#[9, 9, 9, 9, 9, 9, 9, 9, 9, 9]
#Specialization index= [0, 9, 0.12195121951219512]
