#[3, 9, 5, 5, 8, 8, 4, 5, 3, 9]
#[8, 8, 1, 3, 7, 4, 8, 6, 8, 7]
#[5, 6, 6, 3, 8, 6, 8, 8, 6, 1]
#[3, 3, 5, 3, 5, 6, 7, 3, 0, 4]
#[7, 7, 6, 4, 7, 3, 8, 8, 6, 6]
#[4, 4, 6, 2, 7, 7, 4, 4, 4, 0]
#[9, 7, 5, 9, 2, 8, 1, 3, 3, 4]
#[9, 2, 8, 7, 1, 0, 9, 3, 1, 6]
#[3, 7, 0, 7, 5, 3, 9, 2, 4, 3]
0  2391.0  0.1
1  2391.0  0.1
2  2420.0  0.1
3  2420.0  0.1
4  2420.0  0.1
5  2420.0  0.1
6  2420.0  0.1
7  2420.0  0.1
8  2420.0  0.1
9  2420.0  0.1
10  2420.0  0.1
11  2420.0  0.1
12  2420.0  0.1
13  2420.0  0.1
14  2420.0  0.1
15  2420.0  0.1
16  2420.0  0.1
17  2420.0  0.1
18  2420.0  0.1
19  2511.0  0.08
20  2511.0  0.08
21  2511.0  0.08
22  2511.0  0.08
23  2511.0  0.08
24  2511.0  0.08
25  2511.0  0.08
26  2511.0  0.08
27  2511.0  0.08
28  2511.0  0.08
29  2511.0  0.08
30  2511.0  0.08
31  2511.0  0.08
32  2511.0  0.08
33  2511.0  0.08
34  2511.0  0.08
35  2511.0  0.08
36  2511.0  0.08
37  2511.0  0.08
38  2511.0  0.08
39  2511.0  0.08
40  2511.0  0.08
41  2511.0  0.08
42  2511.0  0.08
43  2511.0  0.08
44  2511.0  0.08
45  2511.0  0.08
46  2511.0  0.08
47  2511.0  0.08
48  2527.0  0.05
49  2527.0  0.05
50  2527.0  0.05
51  2527.0  0.05
52  2527.0  0.05
53  2527.0  0.05
54  2527.0  0.05
55  2527.0  0.05
56  2527.0  0.05
57  2527.0  0.05
58  2527.0  0.05
59  2527.0  0.05
60  2527.0  0.05
61  2527.0  0.05
62  2527.0  0.05
63  2527.0  0.05
64  2527.0  0.05
65  2527.0  0.05
66  2527.0  0.05
67  2527.0  0.05
68  2527.0  0.05
69  2527.0  0.05
70  2527.0  0.05
71  2527.0  0.05
72  2599.0  0.05
73  2599.0  0.05
74  2599.0  0.05
75  2599.0  0.05
76  2599.0  0.05
77  2599.0  0.05
78  2599.0  0.05
79  2599.0  0.05
80  2599.0  0.05
81  2599.0  0.05
82  2599.0  0.05
83  2599.0  0.05
84  2599.0  0.05
85  2599.0  0.05
86  2599.0  0.05
87  2599.0  0.05
88  2599.0  0.05
89  2599.0  0.05
90  2599.0  0.05
91  2599.0  0.05
92  2599.0  0.05
93  2599.0  0.05
94  2599.0  0.05
95  2599.0  0.05
96  2599.0  0.05
97  2599.0  0.05
98  2599.0  0.05
99  2599.0  0.05
100  2599.0  0.05
101  2599.0  0.05
102  2599.0  0.05
103  2599.0  0.05
104  2599.0  0.05
105  2599.0  0.05
106  2599.0  0.05
107  2599.0  0.05
108  2599.0  0.05
109  2599.0  0.05
110  2599.0  0.05
111  2599.0  0.05
112  2599.0  0.05
113  2599.0  0.05
114  2599.0  0.05
115  2599.0  0.05
116  2599.0  0.05
117  2599.0  0.05
118  2599.0  0.05
119  2599.0  0.05
120  2599.0  0.05
121  2599.0  0.05
122  2599.0  0.05
123  2599.0  0.05
124  2599.0  0.05
125  2599.0  0.05
126  2599.0  0.05
127  2599.0  0.05
128  2599.0  0.05
129  2599.0  0.05
130  2599.0  0.05
131  2599.0  0.05
132  2599.0  0.05
133  2599.0  0.05
134  2599.0  0.05
135  2599.0  0.05
136  2599.0  0.05
137  2599.0  0.05
138  2599.0  0.05
139  2599.0  0.05
140  2599.0  0.05
141  2599.0  0.05
142  2599.0  0.05
143  2599.0  0.05
144  2599.0  0.05
145  2599.0  0.05
146  2599.0  0.05
147  2599.0  0.05
148  2599.0  0.05
149  2599.0  0.05
150  2599.0  0.05
151  2599.0  0.05
152  2599.0  0.05
153  2599.0  0.05
154  2599.0  0.05
155  2599.0  0.05
156  2599.0  0.05
157  2599.0  0.05
158  2599.0  0.05
159  2599.0  0.05
160  2599.0  0.05
161  2599.0  0.05
162  2599.0  0.05
163  2599.0  0.05
164  2599.0  0.05
165  2599.0  0.05
166  2599.0  0.05
167  2599.0  0.05
168  2599.0  0.05
169  2599.0  0.05
170  2599.0  0.05
171  2599.0  0.05
172  2599.0  0.05
173  2599.0  0.05
174  2599.0  0.05
175  2599.0  0.05
176  2599.0  0.05
177  2599.0  0.05
178  2599.0  0.05
179  2599.0  0.05
180  2599.0  0.05
181  2599.0  0.05
182  2599.0  0.05
183  2599.0  0.05
184  2599.0  0.05
185  2599.0  0.05
186  2599.0  0.05
187  2599.0  0.05
188  2599.0  0.05
189  2599.0  0.05
190  2599.0  0.05
191  2599.0  0.05
192  2599.0  0.05
193  2599.0  0.05
194  2599.0  0.05
195  2599.0  0.05
196  2599.0  0.05
197  2599.0  0.05
198  2599.0  0.05
199  2599.0  0.05
200  2599.0  0.05
201  2599.0  0.05
202  2599.0  0.05
203  2599.0  0.05
204  2599.0  0.05
205  2599.0  0.05
206  2599.0  0.05
207  2599.0  0.05
208  2599.0  0.05
209  2599.0  0.05
210  2599.0  0.05
211  2599.0  0.05
212  2599.0  0.05
213  2599.0  0.05
214  2599.0  0.05
215  2599.0  0.05
216  2599.0  0.05
217  2599.0  0.05
218  2599.0  0.05
219  2599.0  0.05
220  2599.0  0.05
221  2599.0  0.05
222  2599.0  0.05
223  2599.0  0.05
224  2599.0  0.05
225  2599.0  0.05
226  2599.0  0.05
227  2599.0  0.05
228  2599.0  0.05
229  2599.0  0.05
230  2599.0  0.05
231  2599.0  0.05
232  2599.0  0.05
233  2599.0  0.05
234  2599.0  0.05
235  2599.0  0.05
236  2599.0  0.05
237  2599.0  0.05
238  2599.0  0.05
239  2599.0  0.05
240  2599.0  0.05
241  2599.0  0.05
242  2599.0  0.05
243  2599.0  0.05
244  2599.0  0.05
245  2599.0  0.05
246  2599.0  0.05
247  2599.0  0.05
248  2599.0  0.05
249  2599.0  0.05
250  2599.0  0.05
251  2599.0  0.05
252  2599.0  0.05
253  2599.0  0.05
254  2599.0  0.05
255  2599.0  0.05
256  2599.0  0.05
257  2599.0  0.05
258  2599.0  0.05
259  2599.0  0.05
260  2599.0  0.05
261  2599.0  0.05
262  2599.0  0.05
263  2599.0  0.05
264  2599.0  0.05
265  2599.0  0.05
266  2599.0  0.05
267  2599.0  0.05
268  2599.0  0.05
269  2599.0  0.05
270  2599.0  0.05
271  2599.0  0.05
272  2599.0  0.05
273  2599.0  0.05
274  2599.0  0.05
275  2599.0  0.05
276  2599.0  0.05
277  2599.0  0.05
278  2599.0  0.05
279  2599.0  0.05
280  2599.0  0.05
281  2599.0  0.05
282  2599.0  0.05
283  2599.0  0.05
284  2599.0  0.05
285  2599.0  0.05
286  2599.0  0.05
287  2599.0  0.05
288  2599.0  0.05
289  2599.0  0.05
290  2599.0  0.05
291  2599.0  0.05
292  2599.0  0.05
293  2599.0  0.05
294  2599.0  0.05
295  2599.0  0.05
296  2599.0  0.05
297  2599.0  0.05
298  2599.0  0.05
299  2599.0  0.05
300  2599.0  0.05
301  2599.0  0.05
302  2599.0  0.05
303  2599.0  0.05
304  2599.0  0.05
305  2599.0  0.05
306  2599.0  0.05
307  2599.0  0.05
308  2672.0  0.04
309  2672.0  0.04
310  2672.0  0.04
311  2672.0  0.04
312  2672.0  0.04
313  2672.0  0.04
314  2672.0  0.04
315  2672.0  0.04
316  2672.0  0.04
317  2672.0  0.04
318  2672.0  0.04
319  2672.0  0.04
320  2672.0  0.04
321  2672.0  0.04
322  2672.0  0.04
323  2672.0  0.04
324  2672.0  0.04
325  2672.0  0.04
326  2672.0  0.04
327  2672.0  0.04
328  2672.0  0.04
329  2672.0  0.04
330  2672.0  0.04
331  2672.0  0.04
332  2672.0  0.04
333  2672.0  0.04
334  2672.0  0.04
335  2672.0  0.04
336  2672.0  0.04
337  2672.0  0.04
338  2672.0  0.04
339  2672.0  0.04
340  2672.0  0.04
341  2672.0  0.04
342  2672.0  0.04
343  2672.0  0.04
344  2672.0  0.04
345  2672.0  0.04
346  2672.0  0.04
347  2672.0  0.04
348  2672.0  0.04
349  2672.0  0.04
350  2672.0  0.04
351  2672.0  0.04
352  2672.0  0.04
353  2672.0  0.04
354  2672.0  0.04
355  2672.0  0.04
356  2672.0  0.04
357  2672.0  0.04
358  2672.0  0.04
359  2672.0  0.04
360  2672.0  0.04
361  2672.0  0.04
362  2672.0  0.04
363  2672.0  0.04
364  2672.0  0.04
365  2672.0  0.04
366  2672.0  0.04
367  2672.0  0.04
368  2672.0  0.04
369  2672.0  0.04
370  2672.0  0.04
371  2672.0  0.04
372  2672.0  0.04
373  2672.0  0.04
374  2672.0  0.04
375  2672.0  0.04
376  2672.0  0.04
377  2672.0  0.04
378  2672.0  0.04
379  2672.0  0.04
380  2672.0  0.04
381  2672.0  0.04
382  2672.0  0.04
383  2672.0  0.04
384  2672.0  0.04
385  2672.0  0.04
386  2672.0  0.04
387  2672.0  0.04
388  2672.0  0.04
389  2672.0  0.04
390  2672.0  0.04
391  2672.0  0.04
392  2672.0  0.04
393  2672.0  0.04
394  2672.0  0.04
395  2672.0  0.04
396  2672.0  0.04
397  2672.0  0.04
398  2672.0  0.04
399  2672.0  0.04
400  2672.0  0.04
401  2672.0  0.04
402  2672.0  0.04
403  2672.0  0.04
404  2672.0  0.04
405  2672.0  0.04
406  2672.0  0.04
407  2672.0  0.04
408  2672.0  0.04
409  2672.0  0.04
410  2672.0  0.04
411  2672.0  0.04
412  2672.0  0.04
413  2672.0  0.04
414  2672.0  0.04
415  2672.0  0.04
416  2672.0  0.04
417  2672.0  0.04
418  2672.0  0.04
419  2672.0  0.04
420  2672.0  0.04
421  2672.0  0.04
422  2672.0  0.04
423  2672.0  0.04
424  2672.0  0.04
425  2672.0  0.04
426  2672.0  0.04
427  2672.0  0.04
428  2672.0  0.04
429  2672.0  0.04
430  2672.0  0.04
431  2672.0  0.04
432  2672.0  0.04
433  2672.0  0.04
434  2672.0  0.04
435  2672.0  0.04
436  2672.0  0.04
437  2672.0  0.04
438  2672.0  0.04
439  2672.0  0.04
440  2672.0  0.04
441  2672.0  0.04
442  2672.0  0.04
443  2672.0  0.04
444  2672.0  0.04
445  2672.0  0.04
446  2672.0  0.04
447  2672.0  0.04
448  2672.0  0.04
449  2672.0  0.04
450  2672.0  0.04
451  2672.0  0.04
452  2672.0  0.04
453  2672.0  0.04
454  2672.0  0.04
455  2672.0  0.04
456  2672.0  0.04
457  2672.0  0.04
458  2672.0  0.04
459  2672.0  0.04
460  2672.0  0.04
461  2672.0  0.04
462  2672.0  0.04
463  2672.0  0.04
464  2672.0  0.04
465  2672.0  0.04
466  2672.0  0.04
467  2672.0  0.04
468  2672.0  0.04
469  2672.0  0.04
470  2672.0  0.04
471  2672.0  0.04
472  2672.0  0.04
473  2672.0  0.04
474  2672.0  0.04
475  2672.0  0.04
476  2672.0  0.04
477  2672.0  0.04
478  2672.0  0.04
479  2672.0  0.04
480  2672.0  0.04
481  2672.0  0.04
482  2672.0  0.04
483  2672.0  0.04
484  2672.0  0.04
485  2672.0  0.04
486  2672.0  0.04
487  2672.0  0.04
488  2672.0  0.04
489  2672.0  0.04
490  2672.0  0.04
491  2672.0  0.04
492  2672.0  0.04
493  2672.0  0.04
494  2672.0  0.04
495  2672.0  0.04
496  2672.0  0.04
497  2672.0  0.04
498  2672.0  0.04
499  2672.0  0.04
500  2672.0  0.04
501  2672.0  0.04
502  2672.0  0.04
503  2672.0  0.04
504  2672.0  0.04
505  2672.0  0.04
506  2672.0  0.04
507  2672.0  0.04
508  2672.0  0.04
509  2672.0  0.04
510  2672.0  0.04
511  2672.0  0.04
512  2672.0  0.04
513  2672.0  0.04
514  2672.0  0.04
515  2672.0  0.04
516  2672.0  0.04
517  2672.0  0.04
518  2672.0  0.04
519  2672.0  0.04
520  2672.0  0.04
521  2672.0  0.04
522  2672.0  0.04
523  2672.0  0.04
524  2672.0  0.04
525  2672.0  0.04
526  2672.0  0.04
527  2672.0  0.04
528  2672.0  0.04
529  2672.0  0.04
530  2672.0  0.04
531  2672.0  0.04
532  2672.0  0.04
533  2672.0  0.04
534  2672.0  0.04
535  2672.0  0.04
536  2672.0  0.04
537  2672.0  0.04
538  2672.0  0.04
539  2672.0  0.04
540  2672.0  0.04
541  2672.0  0.04
542  2672.0  0.04
543  2672.0  0.04
544  2672.0  0.04
545  2672.0  0.04
546  2672.0  0.04
547  2672.0  0.04
548  2672.0  0.04
549  2672.0  0.04
550  2672.0  0.04
551  2672.0  0.04
552  2672.0  0.04
553  2672.0  0.04
554  2672.0  0.04
555  2672.0  0.04
556  2672.0  0.04
557  2672.0  0.04
558  2672.0  0.04
559  2672.0  0.04
560  2672.0  0.04
561  2672.0  0.04
562  2672.0  0.04
563  2672.0  0.04
564  2672.0  0.04
565  2672.0  0.04
566  2672.0  0.04
567  2672.0  0.04
568  2672.0  0.04
569  2672.0  0.04
570  2672.0  0.04
571  2672.0  0.04
572  2672.0  0.04
573  2672.0  0.04
574  2672.0  0.04
575  2672.0  0.04
576  2672.0  0.04
577  2672.0  0.04
578  2672.0  0.04
579  2672.0  0.04
580  2672.0  0.04
581  2672.0  0.04
582  2672.0  0.04
583  2672.0  0.04
584  2672.0  0.04
585  2672.0  0.04
586  2672.0  0.04
587  2672.0  0.04
588  2672.0  0.04
589  2672.0  0.04
590  2672.0  0.04
591  2672.0  0.04
592  2672.0  0.04
593  2672.0  0.04
594  2672.0  0.04
595  2672.0  0.04
596  2672.0  0.04
597  2672.0  0.04
598  2672.0  0.04
599  2672.0  0.04
600  2672.0  0.04
601  2672.0  0.04
602  2672.0  0.04
603  2672.0  0.04
604  2672.0  0.04
605  2672.0  0.04
606  2672.0  0.04
607  2672.0  0.04
608  2672.0  0.04
609  2672.0  0.04
610  2672.0  0.04
611  2672.0  0.04
612  2672.0  0.04
613  2672.0  0.04
614  2672.0  0.04
615  2672.0  0.04
616  2672.0  0.04
617  2672.0  0.04
618  2672.0  0.04
619  2672.0  0.04
620  2672.0  0.04
621  2672.0  0.04
622  2672.0  0.04
623  2672.0  0.04
624  2672.0  0.04
625  2672.0  0.04
626  2672.0  0.04
627  2672.0  0.04
628  2672.0  0.04
629  2672.0  0.04
630  2672.0  0.04
631  2672.0  0.04
632  2672.0  0.04
633  2672.0  0.04
634  2672.0  0.04
635  2672.0  0.04
636  2672.0  0.04
637  2672.0  0.04
638  2672.0  0.04
639  2672.0  0.04
640  2672.0  0.04
641  2672.0  0.04
642  2672.0  0.04
643  2672.0  0.04
644  2672.0  0.04
645  2672.0  0.04
646  2672.0  0.04
647  2672.0  0.04
648  2672.0  0.04
649  2672.0  0.04
650  2672.0  0.04
651  2672.0  0.04
652  2672.0  0.04
653  2672.0  0.04
654  2672.0  0.04
655  2672.0  0.04
656  2672.0  0.04
657  2672.0  0.04
658  2672.0  0.04
659  2672.0  0.04
660  2672.0  0.04
661  2672.0  0.04
662  2672.0  0.04
663  2672.0  0.04
664  2672.0  0.04
665  2672.0  0.04
666  2672.0  0.04
667  2672.0  0.04
668  2672.0  0.04
669  2672.0  0.04
670  2672.0  0.04
671  2672.0  0.04
672  2672.0  0.04
673  2672.0  0.04
674  2672.0  0.04
675  2672.0  0.04
676  2672.0  0.04
677  2672.0  0.04
678  2672.0  0.04
679  2672.0  0.04
680  2672.0  0.04
681  2672.0  0.04
682  2672.0  0.04
683  2672.0  0.04
684  2672.0  0.04
685  2672.0  0.04
686  2672.0  0.04
687  2672.0  0.04
688  2672.0  0.04
689  2672.0  0.04
690  2672.0  0.04
691  2672.0  0.04
692  2672.0  0.04
693  2672.0  0.04
694  2672.0  0.04
695  2672.0  0.04
696  2672.0  0.04
697  2672.0  0.04
698  2672.0  0.04
699  2672.0  0.04
700  2672.0  0.04
701  2672.0  0.04
702  2672.0  0.04
703  2672.0  0.04
704  2672.0  0.04
705  2672.0  0.04
706  2672.0  0.04
707  2672.0  0.04
708  2672.0  0.04
709  2672.0  0.04
710  2672.0  0.04
711  2672.0  0.04
712  2672.0  0.04
713  2672.0  0.04
714  2672.0  0.04
715  2672.0  0.04
716  2672.0  0.04
717  2672.0  0.04
718  2672.0  0.04
719  2672.0  0.04
720  2672.0  0.04
721  2672.0  0.04
722  2672.0  0.04
723  2672.0  0.04
724  2672.0  0.04
725  2672.0  0.04
726  2672.0  0.04
727  2672.0  0.04
728  2672.0  0.04
729  2672.0  0.04
730  2672.0  0.04
731  2672.0  0.04
732  2672.0  0.04
733  2672.0  0.04
734  2672.0  0.04
735  2672.0  0.04
736  2672.0  0.04
737  2672.0  0.04
738  2672.0  0.04
739  2672.0  0.04
740  2672.0  0.04
741  2672.0  0.04
742  2672.0  0.04
743  2672.0  0.04
744  2672.0  0.04
745  2672.0  0.04
746  2672.0  0.04
747  2672.0  0.04
748  2672.0  0.04
749  2672.0  0.04
750  2672.0  0.04
751  2672.0  0.04
752  2672.0  0.04
753  2672.0  0.04
754  2672.0  0.04
755  2672.0  0.04
756  2672.0  0.04
757  2672.0  0.04
758  2672.0  0.04
759  2672.0  0.04
760  2672.0  0.04
761  2672.0  0.04
762  2672.0  0.04
763  2672.0  0.04
764  2672.0  0.04
765  2672.0  0.04
766  2672.0  0.04
767  2672.0  0.04
768  2672.0  0.04
769  2672.0  0.04
770  2672.0  0.04
771  2672.0  0.04
772  2672.0  0.04
773  2672.0  0.04
774  2672.0  0.04
775  2672.0  0.04
776  2672.0  0.04
777  2672.0  0.04
778  2672.0  0.04
779  2672.0  0.04
780  2672.0  0.04
781  2672.0  0.04
782  2672.0  0.04
783  2672.0  0.04
784  2672.0  0.04
785  2672.0  0.04
786  2672.0  0.04
787  2672.0  0.04
788  2672.0  0.04
789  2672.0  0.04
790  2672.0  0.04
791  2672.0  0.04
792  2672.0  0.04
793  2672.0  0.04
794  2672.0  0.04
795  2672.0  0.04
796  2672.0  0.04
797  2672.0  0.04
798  2672.0  0.04
799  2672.0  0.04
800  2672.0  0.04
801  2672.0  0.04
802  2672.0  0.04
803  2672.0  0.04
804  2672.0  0.04
805  2672.0  0.04
806  2672.0  0.04
807  2672.0  0.04
808  2672.0  0.04
809  2672.0  0.04
810  2672.0  0.04
811  2672.0  0.04
812  2672.0  0.04
813  2672.0  0.04
814  2672.0  0.04
815  2672.0  0.04
816  2672.0  0.04
817  2672.0  0.04
818  2672.0  0.04
819  2672.0  0.04
820  2672.0  0.04
821  2672.0  0.04
822  2672.0  0.04
823  2672.0  0.04
824  2672.0  0.04
825  2672.0  0.04
826  2672.0  0.04
827  2672.0  0.04
828  2672.0  0.04
829  2672.0  0.04
830  2672.0  0.04
831  2672.0  0.04
832  2672.0  0.04
833  2672.0  0.04
834  2672.0  0.04
835  2672.0  0.04
836  2672.0  0.04
837  2672.0  0.04
838  2672.0  0.04
839  2672.0  0.04
840  2672.0  0.04
841  2672.0  0.04
842  2672.0  0.04
843  2672.0  0.04
844  2672.0  0.04
845  2672.0  0.04
846  2672.0  0.04
847  2672.0  0.04
848  2672.0  0.04
849  2672.0  0.04
850  2672.0  0.04
851  2672.0  0.04
852  2672.0  0.04
853  2672.0  0.04
854  2672.0  0.04
855  2672.0  0.04
856  2672.0  0.04
857  2672.0  0.04
858  2672.0  0.04
859  2672.0  0.04
860  2672.0  0.04
861  2672.0  0.04
862  2672.0  0.04
863  2672.0  0.04
864  2672.0  0.04
865  2672.0  0.04
866  2672.0  0.04
867  2672.0  0.04
868  2672.0  0.04
869  2672.0  0.04
870  2672.0  0.04
871  2672.0  0.04
872  2672.0  0.04
873  2672.0  0.04
874  2672.0  0.04
875  2672.0  0.04
876  2672.0  0.04
877  2672.0  0.04
878  2672.0  0.04
879  2672.0  0.04
880  2672.0  0.04
881  2672.0  0.04
882  2672.0  0.04
883  2672.0  0.04
884  2672.0  0.04
885  2672.0  0.04
886  2672.0  0.04
887  2672.0  0.04
888  2672.0  0.04
889  2672.0  0.04
890  2672.0  0.04
891  2672.0  0.04
892  2672.0  0.04
893  2672.0  0.04
894  2672.0  0.04
895  2672.0  0.04
896  2672.0  0.04
897  2672.0  0.04
898  2672.0  0.04
899  2672.0  0.04
900  2672.0  0.04
901  2672.0  0.04
902  2672.0  0.04
903  2672.0  0.04
904  2672.0  0.04
905  2672.0  0.04
906  2672.0  0.04
907  2672.0  0.04
908  2672.0  0.04
909  2672.0  0.04
910  2672.0  0.04
911  2672.0  0.04
912  2672.0  0.04
913  2672.0  0.04
914  2672.0  0.04
915  2672.0  0.04
916  2672.0  0.04
917  2672.0  0.04
918  2672.0  0.04
919  2672.0  0.04
920  2672.0  0.04
921  2672.0  0.04
922  2672.0  0.04
923  2672.0  0.04
924  2672.0  0.04
925  2672.0  0.04
926  2672.0  0.04
927  2672.0  0.04
928  2672.0  0.04
929  2672.0  0.04
930  2672.0  0.04
931  2672.0  0.04
932  2672.0  0.04
933  2672.0  0.04
934  2672.0  0.04
935  2672.0  0.04
936  2672.0  0.04
937  2672.0  0.04
938  2672.0  0.04
939  2672.0  0.04
940  2672.0  0.04
941  2672.0  0.04
942  2672.0  0.04
943  2672.0  0.04
944  2672.0  0.04
945  2672.0  0.04
946  2672.0  0.04
947  2672.0  0.04
948  2672.0  0.04
949  2672.0  0.04
950  2672.0  0.04
951  2672.0  0.04
952  2672.0  0.04
953  2672.0  0.04
954  2672.0  0.04
955  2672.0  0.04
956  2672.0  0.04
957  2672.0  0.04
958  2672.0  0.04
959  2672.0  0.04
960  2672.0  0.04
961  2672.0  0.04
962  2672.0  0.04
963  2672.0  0.04
964  2672.0  0.04
965  2672.0  0.04
966  2672.0  0.04
967  2672.0  0.04
968  2672.0  0.04
969  2672.0  0.04
970  2672.0  0.04
971  2672.0  0.04
972  2672.0  0.04
973  2672.0  0.04
974  2672.0  0.04
975  2672.0  0.04
976  2672.0  0.04
977  2672.0  0.04
978  2672.0  0.04
979  2672.0  0.04
980  2672.0  0.04
981  2672.0  0.04
982  2672.0  0.04
983  2672.0  0.04
984  2672.0  0.04
985  2672.0  0.04
986  2672.0  0.04
987  2672.0  0.04
988  2672.0  0.04
989  2672.0  0.04
990  2672.0  0.04
991  2672.0  0.04
992  2672.0  0.04
993  2672.0  0.04
994  2672.0  0.04
995  2672.0  0.04
996  2672.0  0.04
997  2672.0  0.04
998  2672.0  0.04
999  2672.0  0.04
1000  2672.0  0.04
1001  2672.0  0.04
1002  2672.0  0.04
1003  2672.0  0.04
1004  2672.0  0.04
1005  2672.0  0.04
1006  2672.0  0.04
1007  2672.0  0.04
1008  2672.0  0.04
1009  2672.0  0.04
1010  2672.0  0.04
1011  2672.0  0.04
1012  2672.0  0.04
1013  2672.0  0.04
1014  2672.0  0.04
1015  2672.0  0.04
1016  2672.0  0.04
1017  2672.0  0.04
1018  2672.0  0.04
1019  2672.0  0.04
1020  2672.0  0.04
1021  2672.0  0.04
1022  2672.0  0.04
1023  2672.0  0.04
1024  2672.0  0.04
1025  2672.0  0.04
1026  2672.0  0.04
1027  2672.0  0.04
1028  2672.0  0.04
1029  2672.0  0.04
1030  2672.0  0.04
1031  2672.0  0.04
1032  2672.0  0.04
1033  2672.0  0.04
1034  2672.0  0.04
1035  2672.0  0.04
1036  2672.0  0.04
1037  2672.0  0.04
1038  2672.0  0.04
1039  2672.0  0.04
1040  2672.0  0.04
1041  2672.0  0.04
1042  2672.0  0.04
1043  2672.0  0.04
1044  2672.0  0.04
1045  2672.0  0.04
1046  2672.0  0.04
1047  2672.0  0.04
1048  2672.0  0.04
1049  2672.0  0.04
1050  2672.0  0.04
1051  2672.0  0.04
1052  2672.0  0.04
1053  2672.0  0.04
1054  2672.0  0.04
1055  2672.0  0.04
1056  2672.0  0.04
1057  2672.0  0.04
1058  2672.0  0.04
1059  2672.0  0.04
1060  2672.0  0.04
1061  2672.0  0.04
1062  2672.0  0.04
1063  2672.0  0.04
1064  2672.0  0.04
1065  2672.0  0.04
1066  2672.0  0.04
1067  2672.0  0.04
1068  2672.0  0.04
1069  2672.0  0.04
1070  2672.0  0.04
1071  2672.0  0.04
1072  2672.0  0.04
1073  2672.0  0.04
1074  2672.0  0.04
1075  2672.0  0.04
1076  2672.0  0.04
1077  2672.0  0.04
1078  2672.0  0.04
1079  2672.0  0.04
1080  2672.0  0.04
1081  2672.0  0.04
1082  2672.0  0.04
1083  2672.0  0.04
1084  2672.0  0.04
1085  2672.0  0.04
1086  2672.0  0.04
1087  2672.0  0.04
1088  2672.0  0.04
1089  2672.0  0.04
1090  2672.0  0.04
1091  2672.0  0.04
1092  2672.0  0.04
1093  2672.0  0.04
1094  2672.0  0.04
1095  2672.0  0.04
1096  2672.0  0.04
1097  2672.0  0.04
1098  2672.0  0.04
1099  2672.0  0.04
1100  2672.0  0.04
1101  2672.0  0.04
1102  2672.0  0.04
1103  2672.0  0.04
1104  2672.0  0.04
1105  2672.0  0.04
1106  2672.0  0.04
1107  2672.0  0.04
1108  2672.0  0.04
1109  2672.0  0.04
1110  2672.0  0.04
1111  2672.0  0.04
1112  2672.0  0.04
1113  2672.0  0.04
1114  2672.0  0.04
1115  2672.0  0.04
1116  2672.0  0.04
1117  2672.0  0.04
1118  2672.0  0.04
1119  2672.0  0.04
1120  2672.0  0.04
1121  2672.0  0.04
1122  2672.0  0.04
1123  2672.0  0.04
1124  2672.0  0.04
1125  2672.0  0.04
1126  2672.0  0.04
1127  2672.0  0.04
1128  2672.0  0.04
1129  2672.0  0.04
1130  2672.0  0.04
1131  2672.0  0.04
1132  2672.0  0.04
1133  2672.0  0.04
1134  2672.0  0.04
1135  2672.0  0.04
1136  2672.0  0.04
1137  2672.0  0.04
1138  2672.0  0.04
1139  2672.0  0.04
1140  2672.0  0.04
1141  2672.0  0.04
1142  2672.0  0.04
1143  2672.0  0.04
1144  2672.0  0.04
1145  2672.0  0.04
1146  2672.0  0.04
1147  2672.0  0.04
1148  2672.0  0.04
1149  2672.0  0.04
1150  2672.0  0.04
1151  2672.0  0.04
1152  2672.0  0.04
1153  2672.0  0.04
1154  2672.0  0.04
1155  2672.0  0.04
1156  2672.0  0.04
1157  2672.0  0.04
1158  2672.0  0.04
1159  2672.0  0.04
1160  2672.0  0.04
1161  2672.0  0.04
1162  2672.0  0.04
1163  2672.0  0.04
1164  2672.0  0.04
1165  2672.0  0.04
1166  2672.0  0.04
1167  2672.0  0.04
1168  2672.0  0.04
1169  2672.0  0.04
1170  2672.0  0.04
1171  2672.0  0.04
1172  2672.0  0.04
1173  2672.0  0.04
1174  2672.0  0.04
1175  2672.0  0.04
1176  2672.0  0.04
1177  2672.0  0.04
1178  2672.0  0.04
1179  2672.0  0.04
1180  2672.0  0.04
1181  2672.0  0.04
1182  2672.0  0.04
1183  2672.0  0.04
1184  2672.0  0.04
1185  2672.0  0.04
1186  2672.0  0.04
1187  2672.0  0.04
1188  2672.0  0.04
1189  2672.0  0.04
1190  2672.0  0.04
1191  2672.0  0.04
1192  2672.0  0.04
1193  2672.0  0.04
1194  2672.0  0.04
1195  2672.0  0.04
1196  2672.0  0.04
1197  2672.0  0.04
1198  2672.0  0.04
1199  2672.0  0.04
1200  2672.0  0.04
1201  2672.0  0.04
1202  2672.0  0.04
1203  2672.0  0.04
1204  2672.0  0.04
1205  2672.0  0.04
1206  2672.0  0.04
1207  2672.0  0.04
1208  2672.0  0.04
1209  2672.0  0.04
1210  2672.0  0.04
1211  2672.0  0.04
1212  2672.0  0.04
1213  2672.0  0.04
1214  2672.0  0.04
1215  2672.0  0.04
1216  2672.0  0.04
1217  2672.0  0.04
1218  2672.0  0.04
1219  2672.0  0.04
1220  2672.0  0.04
1221  2672.0  0.04
1222  2672.0  0.04
1223  2672.0  0.04
1224  2672.0  0.04
1225  2672.0  0.04
1226  2672.0  0.04
1227  2672.0  0.04
1228  2672.0  0.04
1229  2672.0  0.04
1230  2672.0  0.04
1231  2672.0  0.04
1232  2672.0  0.04
1233  2672.0  0.04
1234  2672.0  0.04
1235  2672.0  0.04
1236  2672.0  0.04
1237  2672.0  0.04
1238  2672.0  0.04
1239  2672.0  0.04
1240  2672.0  0.04
1241  2672.0  0.04
1242  2672.0  0.04
1243  2672.0  0.04
1244  2672.0  0.04
1245  2672.0  0.04
1246  2672.0  0.04
1247  2672.0  0.04
1248  2672.0  0.04
1249  2672.0  0.04
1250  2672.0  0.04
1251  2672.0  0.04
1252  2672.0  0.04
1253  2672.0  0.04
1254  2672.0  0.04
1255  2672.0  0.04
1256  2672.0  0.04
1257  2672.0  0.04
1258  2672.0  0.04
1259  2672.0  0.04
1260  2672.0  0.04
1261  2672.0  0.04
1262  2672.0  0.04
1263  2672.0  0.04
1264  2672.0  0.04
1265  2672.0  0.04
1266  2672.0  0.04
1267  2672.0  0.04
1268  2672.0  0.04
1269  2672.0  0.04
1270  2672.0  0.04
1271  2672.0  0.04
1272  2672.0  0.04
1273  2672.0  0.04
1274  2672.0  0.04
1275  2672.0  0.04
1276  2672.0  0.04
1277  2672.0  0.04
1278  2672.0  0.04
1279  2672.0  0.04
1280  2672.0  0.04
1281  2672.0  0.04
1282  2672.0  0.04
1283  2672.0  0.04
1284  2672.0  0.04
1285  2672.0  0.04
1286  2672.0  0.04
1287  2672.0  0.04
1288  2672.0  0.04
1289  2672.0  0.04
1290  2672.0  0.04
1291  2672.0  0.04
1292  2672.0  0.04
1293  2672.0  0.04
1294  2672.0  0.04
1295  2672.0  0.04
1296  2672.0  0.04
1297  2672.0  0.04
1298  2672.0  0.04
1299  2672.0  0.04
1300  2672.0  0.04
1301  2672.0  0.04
1302  2672.0  0.04
1303  2672.0  0.04
1304  2672.0  0.04
1305  2672.0  0.04
1306  2672.0  0.04
1307  2672.0  0.04
1308  2672.0  0.04
1309  2672.0  0.04
1310  2672.0  0.04
1311  2672.0  0.04
1312  2672.0  0.04
1313  2672.0  0.04
1314  2672.0  0.04
1315  2672.0  0.04
1316  2672.0  0.04
1317  2672.0  0.04
1318  2672.0  0.04
1319  2672.0  0.04
1320  2672.0  0.04
1321  2672.0  0.04
1322  2672.0  0.04
1323  2672.0  0.04
1324  2672.0  0.04
1325  2672.0  0.04
1326  2672.0  0.04
1327  2672.0  0.04
1328  2672.0  0.04
1329  2672.0  0.04
1330  2672.0  0.04
1331  2672.0  0.04
1332  2672.0  0.04
1333  2672.0  0.04
1334  2672.0  0.04
1335  2672.0  0.04
1336  2672.0  0.04
1337  2672.0  0.04
1338  2672.0  0.04
1339  2672.0  0.04
1340  2672.0  0.04
1341  2672.0  0.04
1342  2672.0  0.04
1343  2672.0  0.04
1344  2672.0  0.04
1345  2672.0  0.04
1346  2672.0  0.04
1347  2672.0  0.04
1348  2672.0  0.04
1349  2672.0  0.04
1350  2672.0  0.04
1351  2672.0  0.04
1352  2672.0  0.04
1353  2672.0  0.04
1354  2672.0  0.04
1355  2672.0  0.04
1356  2672.0  0.04
1357  2672.0  0.04
1358  2672.0  0.04
1359  2672.0  0.04
1360  2672.0  0.04
1361  2672.0  0.04
1362  2672.0  0.04
1363  2672.0  0.04
1364  2672.0  0.04
1365  2672.0  0.04
1366  2672.0  0.04
1367  2672.0  0.04
1368  2672.0  0.04
1369  2672.0  0.04
1370  2672.0  0.04
1371  2672.0  0.04
1372  2672.0  0.04
1373  2672.0  0.04
1374  2672.0  0.04
1375  2672.0  0.04
1376  2672.0  0.04
1377  2672.0  0.04
1378  2672.0  0.04
1379  2672.0  0.04
1380  2672.0  0.04
1381  2672.0  0.04
1382  2672.0  0.04
1383  2672.0  0.04
1384  2672.0  0.04
1385  2672.0  0.04
1386  2672.0  0.04
1387  2672.0  0.04
1388  2672.0  0.04
1389  2672.0  0.04
1390  2672.0  0.04
1391  2672.0  0.04
1392  2672.0  0.04
1393  2672.0  0.04
1394  2672.0  0.04
1395  2672.0  0.04
1396  2672.0  0.04
1397  2672.0  0.04
1398  2672.0  0.04
1399  2672.0  0.04
1400  2672.0  0.04
1401  2672.0  0.04
1402  2672.0  0.04
1403  2672.0  0.04
1404  2672.0  0.04
1405  2672.0  0.04
1406  2672.0  0.04
1407  2672.0  0.04
1408  2672.0  0.04
1409  2672.0  0.04
1410  2672.0  0.04
1411  2672.0  0.04
1412  2672.0  0.04
1413  2672.0  0.04
1414  2672.0  0.04
1415  2672.0  0.04
1416  2672.0  0.04
1417  2672.0  0.04
1418  2672.0  0.04
1419  2672.0  0.04
1420  2672.0  0.04
1421  2672.0  0.04
1422  2672.0  0.04
1423  2672.0  0.04
1424  2672.0  0.04
1425  2672.0  0.04
1426  2672.0  0.04
1427  2672.0  0.04
1428  2672.0  0.04
1429  2672.0  0.04
1430  2672.0  0.04
1431  2672.0  0.04
1432  2672.0  0.04
1433  2672.0  0.04
1434  2672.0  0.04
1435  2672.0  0.04
1436  2672.0  0.04
1437  2672.0  0.04
1438  2672.0  0.04
1439  2672.0  0.04
1440  2672.0  0.04
1441  2672.0  0.04
1442  2672.0  0.04
1443  2672.0  0.04
1444  2672.0  0.04
1445  2672.0  0.04
1446  2672.0  0.04
1447  2672.0  0.04
1448  2672.0  0.04
1449  2672.0  0.04
1450  2672.0  0.04
1451  2672.0  0.04
1452  2672.0  0.04
1453  2672.0  0.04
1454  2672.0  0.04
1455  2672.0  0.04
1456  2672.0  0.04
1457  2672.0  0.04
1458  2672.0  0.04
1459  2672.0  0.04
1460  2672.0  0.04
1461  2672.0  0.04
1462  2672.0  0.04
1463  2672.0  0.04
1464  2672.0  0.04
1465  2672.0  0.04
1466  2672.0  0.04
1467  2672.0  0.04
1468  2672.0  0.04
1469  2672.0  0.04
1470  2672.0  0.04
1471  2672.0  0.04
1472  2672.0  0.04
1473  2672.0  0.04
1474  2672.0  0.04
1475  2672.0  0.04
1476  2672.0  0.04
1477  2672.0  0.04
1478  2672.0  0.04
1479  2672.0  0.04
1480  2672.0  0.04
1481  2672.0  0.04
1482  2672.0  0.04
1483  2672.0  0.04
1484  2672.0  0.04
1485  2672.0  0.04
1486  2672.0  0.04
1487  2672.0  0.04
1488  2672.0  0.04
1489  2672.0  0.04
1490  2672.0  0.04
1491  2672.0  0.04
1492  2672.0  0.04
1493  2672.0  0.04
1494  2672.0  0.04
1495  2672.0  0.04
1496  2672.0  0.04
1497  2672.0  0.04
1498  2672.0  0.04
1499  2672.0  0.04
1500  2672.0  0.04
1501  2672.0  0.04
1502  2672.0  0.04
1503  2672.0  0.04
1504  2672.0  0.04
1505  2672.0  0.04
1506  2672.0  0.04
1507  2672.0  0.04
1508  2672.0  0.04
1509  2672.0  0.04
1510  2672.0  0.04
1511  2672.0  0.04
1512  2672.0  0.04
1513  2672.0  0.04
1514  2672.0  0.04
1515  2672.0  0.04
1516  2672.0  0.04
1517  2672.0  0.04
1518  2672.0  0.04
1519  2672.0  0.04
1520  2672.0  0.04
1521  2672.0  0.04
1522  2672.0  0.04
1523  2672.0  0.04
1524  2672.0  0.04
1525  2672.0  0.04
1526  2672.0  0.04
1527  2672.0  0.04
1528  2672.0  0.04
1529  2672.0  0.04
1530  2672.0  0.04
1531  2672.0  0.04
1532  2672.0  0.04
1533  2672.0  0.04
1534  2672.0  0.04
1535  2672.0  0.04
1536  2672.0  0.04
1537  2672.0  0.04
1538  2672.0  0.04
1539  2672.0  0.04
1540  2672.0  0.04
1541  2672.0  0.04
1542  2672.0  0.04
1543  2672.0  0.04
1544  2672.0  0.04
1545  2672.0  0.04
1546  2672.0  0.04
1547  2672.0  0.04
1548  2672.0  0.04
1549  2672.0  0.04
1550  2672.0  0.04
1551  2672.0  0.04
1552  2672.0  0.04
1553  2672.0  0.04
1554  2672.0  0.04
1555  2672.0  0.04
1556  2672.0  0.04
1557  2672.0  0.04
1558  2672.0  0.04
1559  2672.0  0.04
1560  2672.0  0.04
1561  2672.0  0.04
1562  2672.0  0.04
1563  2672.0  0.04
1564  2672.0  0.04
1565  2672.0  0.04
1566  2672.0  0.04
1567  2672.0  0.04
1568  2672.0  0.04
1569  2672.0  0.04
1570  2672.0  0.04
1571  2672.0  0.04
1572  2672.0  0.04
1573  2672.0  0.04
1574  2672.0  0.04
1575  2672.0  0.04
1576  2672.0  0.04
1577  2672.0  0.04
1578  2672.0  0.04
1579  2672.0  0.04
1580  2672.0  0.04
1581  2672.0  0.04
1582  2672.0  0.04
1583  2672.0  0.04
1584  2672.0  0.04
1585  2672.0  0.04
1586  2672.0  0.04
1587  2672.0  0.04
1588  2672.0  0.04
1589  2672.0  0.04
1590  2672.0  0.04
1591  2672.0  0.04
1592  2672.0  0.04
1593  2672.0  0.04
1594  2672.0  0.04
1595  2672.0  0.04
1596  2672.0  0.04
1597  2672.0  0.04
1598  2672.0  0.04
1599  2672.0  0.04
1600  2672.0  0.04
1601  2672.0  0.04
1602  2672.0  0.04
1603  2672.0  0.04
1604  2672.0  0.04
1605  2672.0  0.04
1606  2672.0  0.04
1607  2672.0  0.04
1608  2672.0  0.04
1609  2672.0  0.04
1610  2672.0  0.04
1611  2672.0  0.04
1612  2672.0  0.04
1613  2672.0  0.04
1614  2672.0  0.04
1615  2672.0  0.04
1616  2672.0  0.04
1617  2672.0  0.04
1618  2672.0  0.04
1619  2672.0  0.04
1620  2672.0  0.04
1621  2672.0  0.04
1622  2672.0  0.04
1623  2672.0  0.04
1624  2672.0  0.04
1625  2672.0  0.04
1626  2672.0  0.04
1627  2672.0  0.04
1628  2672.0  0.04
1629  2672.0  0.04
1630  2672.0  0.04
1631  2672.0  0.04
1632  2672.0  0.04
1633  2672.0  0.04
1634  2672.0  0.04
1635  2672.0  0.04
1636  2672.0  0.04
1637  2672.0  0.04
1638  2672.0  0.04
1639  2672.0  0.04
1640  2672.0  0.04
1641  2672.0  0.04
1642  2672.0  0.04
1643  2672.0  0.04
1644  2672.0  0.04
1645  2672.0  0.04
1646  2672.0  0.04
1647  2672.0  0.04
1648  2672.0  0.04
1649  2672.0  0.04
1650  2672.0  0.04
1651  2672.0  0.04
1652  2672.0  0.04
1653  2672.0  0.04
1654  2672.0  0.04
1655  2672.0  0.04
1656  2672.0  0.04
1657  2672.0  0.04
1658  2672.0  0.04
1659  2672.0  0.04
1660  2672.0  0.04
1661  2672.0  0.04
1662  2672.0  0.04
1663  2672.0  0.04
1664  2672.0  0.04
1665  2672.0  0.04
1666  2672.0  0.04
1667  2672.0  0.04
1668  2672.0  0.04
1669  2672.0  0.04
1670  2672.0  0.04
1671  2672.0  0.04
1672  2672.0  0.04
1673  2672.0  0.04
1674  2672.0  0.04
1675  2672.0  0.04
1676  2672.0  0.04
1677  2672.0  0.04
1678  2672.0  0.04
1679  2672.0  0.04
1680  2672.0  0.04
1681  2672.0  0.04
1682  2672.0  0.04
1683  2672.0  0.04
1684  2672.0  0.04
1685  2672.0  0.04
1686  2672.0  0.04
1687  2672.0  0.04
1688  2672.0  0.04
1689  2672.0  0.04
1690  2672.0  0.04
1691  2672.0  0.04
1692  2672.0  0.04
1693  2672.0  0.04
1694  2672.0  0.04
1695  2672.0  0.04
1696  2672.0  0.04
1697  2672.0  0.04
1698  2672.0  0.04
1699  2672.0  0.04
1700  2672.0  0.04
1701  2672.0  0.04
1702  2672.0  0.04
1703  2672.0  0.04
1704  2672.0  0.04
1705  2672.0  0.04
1706  2672.0  0.04
1707  2672.0  0.04
1708  2672.0  0.04
1709  2672.0  0.04
1710  2672.0  0.04
1711  2672.0  0.04
1712  2672.0  0.04
1713  2672.0  0.04
1714  2672.0  0.04
1715  2672.0  0.04
1716  2672.0  0.04
1717  2672.0  0.04
1718  2672.0  0.04
1719  2672.0  0.04
1720  2672.0  0.04
1721  2672.0  0.04
1722  2672.0  0.04
1723  2672.0  0.04
1724  2672.0  0.04
1725  2672.0  0.04
1726  2672.0  0.04
1727  2672.0  0.04
1728  2672.0  0.04
1729  2672.0  0.04
1730  2672.0  0.04
1731  2672.0  0.04
1732  2672.0  0.04
1733  2672.0  0.04
1734  2672.0  0.04
1735  2672.0  0.04
1736  2672.0  0.04
1737  2672.0  0.04
1738  2672.0  0.04
1739  2672.0  0.04
1740  2672.0  0.04
1741  2672.0  0.04
1742  2672.0  0.04
1743  2672.0  0.04
1744  2672.0  0.04
1745  2672.0  0.04
1746  2672.0  0.04
1747  2672.0  0.04
1748  2672.0  0.04
1749  2672.0  0.04
1750  2672.0  0.04
1751  2672.0  0.04
1752  2672.0  0.04
1753  2672.0  0.04
1754  2672.0  0.04
1755  2672.0  0.04
1756  2672.0  0.04
1757  2672.0  0.04
1758  2672.0  0.04
1759  2672.0  0.04
1760  2672.0  0.04
1761  2672.0  0.04
1762  2672.0  0.04
1763  2672.0  0.04
1764  2672.0  0.04
1765  2672.0  0.04
1766  2672.0  0.04
1767  2672.0  0.04
1768  2672.0  0.04
1769  2672.0  0.04
1770  2672.0  0.04
1771  2672.0  0.04
1772  2672.0  0.04
1773  2672.0  0.04
1774  2672.0  0.04
1775  2672.0  0.04
1776  2672.0  0.04
1777  2672.0  0.04
1778  2672.0  0.04
1779  2672.0  0.04
1780  2672.0  0.04
1781  2672.0  0.04
1782  2672.0  0.04
1783  2672.0  0.04
1784  2672.0  0.04
1785  2672.0  0.04
1786  2672.0  0.04
1787  2672.0  0.04
1788  2672.0  0.04
1789  2672.0  0.04
1790  2672.0  0.04
1791  2672.0  0.04
1792  2672.0  0.04
1793  2672.0  0.04
1794  2672.0  0.04
1795  2672.0  0.04
1796  2672.0  0.04
1797  2672.0  0.04
1798  2672.0  0.04
1799  2672.0  0.04
1800  2672.0  0.04
1801  2672.0  0.04
1802  2672.0  0.04
1803  2672.0  0.04
1804  2672.0  0.04
1805  2672.0  0.04
1806  2672.0  0.04
1807  2672.0  0.04
1808  2672.0  0.04
1809  2672.0  0.04
1810  2672.0  0.04
1811  2672.0  0.04
1812  2672.0  0.04
1813  2672.0  0.04
1814  2672.0  0.04
1815  2672.0  0.04
1816  2672.0  0.04
1817  2672.0  0.04
1818  2672.0  0.04
1819  2672.0  0.04
1820  2672.0  0.04
1821  2672.0  0.04
1822  2672.0  0.04
1823  2672.0  0.04
1824  2672.0  0.04
1825  2672.0  0.04
1826  2672.0  0.04
1827  2672.0  0.04
1828  2672.0  0.04
1829  2672.0  0.04
1830  2672.0  0.04
1831  2672.0  0.04
1832  2672.0  0.04
1833  2672.0  0.04
1834  2672.0  0.04
1835  2672.0  0.04
1836  2672.0  0.04
1837  2672.0  0.04
1838  2672.0  0.04
1839  2672.0  0.04
1840  2672.0  0.04
1841  2672.0  0.04
1842  2672.0  0.04
1843  2672.0  0.04
1844  2672.0  0.04
1845  2672.0  0.04
1846  2672.0  0.04
1847  2672.0  0.04
1848  2672.0  0.04
1849  2672.0  0.04
1850  2672.0  0.04
1851  2672.0  0.04
1852  2672.0  0.04
1853  2672.0  0.04
1854  2672.0  0.04
1855  2672.0  0.04
1856  2672.0  0.04
1857  2672.0  0.04
1858  2672.0  0.04
1859  2672.0  0.04
1860  2672.0  0.04
1861  2672.0  0.04
1862  2672.0  0.04
1863  2672.0  0.04
1864  2672.0  0.04
1865  2672.0  0.04
1866  2672.0  0.04
1867  2672.0  0.04
1868  2672.0  0.04
1869  2672.0  0.04
1870  2672.0  0.04
1871  2672.0  0.04
1872  2672.0  0.04
1873  2672.0  0.04
1874  2672.0  0.04
1875  2672.0  0.04
1876  2672.0  0.04
1877  2672.0  0.04
1878  2672.0  0.04
1879  2672.0  0.04
1880  2672.0  0.04
1881  2672.0  0.04
1882  2672.0  0.04
1883  2672.0  0.04
1884  2672.0  0.04
1885  2672.0  0.04
1886  2672.0  0.04
1887  2672.0  0.04
1888  2672.0  0.04
1889  2672.0  0.04
1890  2672.0  0.04
1891  2672.0  0.04
1892  2672.0  0.04
1893  2672.0  0.04
1894  2672.0  0.04
1895  2672.0  0.04
1896  2672.0  0.04
1897  2672.0  0.04
1898  2672.0  0.04
1899  2672.0  0.04
1900  2672.0  0.04
1901  2672.0  0.04
1902  2672.0  0.04
1903  2672.0  0.04
1904  2672.0  0.04
1905  2672.0  0.04
1906  2672.0  0.04
1907  2672.0  0.04
1908  2672.0  0.04
1909  2672.0  0.04
1910  2672.0  0.04
1911  2672.0  0.04
1912  2672.0  0.04
1913  2672.0  0.04
1914  2672.0  0.04
1915  2672.0  0.04
1916  2672.0  0.04
1917  2672.0  0.04
1918  2672.0  0.04
1919  2672.0  0.04
1920  2672.0  0.04
1921  2672.0  0.04
1922  2672.0  0.04
1923  2672.0  0.04
1924  2672.0  0.04
1925  2672.0  0.04
1926  2672.0  0.04
1927  2672.0  0.04
1928  2672.0  0.04
1929  2672.0  0.04
1930  2672.0  0.04
1931  2672.0  0.04
1932  2672.0  0.04
1933  2672.0  0.04
1934  2672.0  0.04
1935  2672.0  0.04
1936  2672.0  0.04
1937  2672.0  0.04
1938  2672.0  0.04
1939  2672.0  0.04
1940  2672.0  0.04
1941  2672.0  0.04
1942  2672.0  0.04
1943  2672.0  0.04
1944  2672.0  0.04
1945  2672.0  0.04
1946  2672.0  0.04
1947  2672.0  0.04
1948  2672.0  0.04
1949  2672.0  0.04
1950  2672.0  0.04
1951  2672.0  0.04
1952  2672.0  0.04
1953  2672.0  0.04
1954  2672.0  0.04
1955  2672.0  0.04
1956  2672.0  0.04
1957  2672.0  0.04
1958  2672.0  0.04
1959  2672.0  0.04
1960  2672.0  0.04
1961  2672.0  0.04
1962  2672.0  0.04
1963  2672.0  0.04
1964  2672.0  0.04
1965  2672.0  0.04
1966  2672.0  0.04
1967  2672.0  0.04
1968  2672.0  0.04
1969  2672.0  0.04
1970  2672.0  0.04
1971  2672.0  0.04
1972  2672.0  0.04
1973  2672.0  0.04
1974  2672.0  0.04
1975  2672.0  0.04
1976  2672.0  0.04
1977  2672.0  0.04
1978  2672.0  0.04
1979  2672.0  0.04
1980  2672.0  0.04
1981  2672.0  0.04
1982  2672.0  0.04
1983  2672.0  0.04
1984  2672.0  0.04
1985  2672.0  0.04
1986  2672.0  0.04
1987  2672.0  0.04
1988  2672.0  0.04
1989  2672.0  0.04
1990  2672.0  0.04
1991  2672.0  0.04
1992  2672.0  0.04
1993  2672.0  0.04
1994  2672.0  0.04
1995  2672.0  0.04
1996  2672.0  0.04
1997  2672.0  0.04
1998  2672.0  0.04
1999  2672.0  0.04
2000  2672.0  0.04
2001  2672.0  0.04
2002  2672.0  0.04
2003  2672.0  0.04
2004  2672.0  0.04
2005  2672.0  0.04
2006  2672.0  0.04
2007  2672.0  0.04
2008  2672.0  0.04
2009  2672.0  0.04
2010  2672.0  0.04
2011  2672.0  0.04
2012  2672.0  0.04
2013  2672.0  0.04
2014  2672.0  0.04
2015  2672.0  0.04
2016  2672.0  0.04
2017  2672.0  0.04
2018  2672.0  0.04
2019  2672.0  0.04
2020  2672.0  0.04
2021  2672.0  0.04
2022  2672.0  0.04
2023  2672.0  0.04
2024  2672.0  0.04
2025  2672.0  0.04
2026  2672.0  0.04
2027  2672.0  0.04
2028  2672.0  0.04
2029  2672.0  0.04
2030  2672.0  0.04
2031  2672.0  0.04
2032  2672.0  0.04
2033  2672.0  0.04
2034  2672.0  0.04
2035  2672.0  0.04
2036  2672.0  0.04
2037  2672.0  0.04
2038  2672.0  0.04
2039  2672.0  0.04
2040  2672.0  0.04
2041  2672.0  0.04
2042  2672.0  0.04
2043  2672.0  0.04
2044  2672.0  0.04
2045  2672.0  0.04
2046  2672.0  0.04
2047  2672.0  0.04
2048  2672.0  0.04
2049  2672.0  0.04
2050  2672.0  0.04
2051  2672.0  0.04
2052  2672.0  0.04
2053  2672.0  0.04
2054  2672.0  0.04
2055  2672.0  0.04
2056  2672.0  0.04
2057  2672.0  0.04
2058  2672.0  0.04
2059  2672.0  0.04
2060  2672.0  0.04
2061  2672.0  0.04
2062  2672.0  0.04
2063  2672.0  0.04
2064  2672.0  0.04
2065  2672.0  0.04
2066  2672.0  0.04
2067  2672.0  0.04
2068  2672.0  0.04
2069  2672.0  0.04
2070  2672.0  0.04
2071  2672.0  0.04
2072  2672.0  0.04
2073  2672.0  0.04
2074  2672.0  0.04
2075  2672.0  0.04
2076  2672.0  0.04
2077  2672.0  0.04
2078  2672.0  0.04
2079  2672.0  0.04
2080  2672.0  0.04
2081  2672.0  0.04
2082  2672.0  0.04
2083  2672.0  0.04
2084  2672.0  0.04
2085  2672.0  0.04
2086  2672.0  0.04
2087  2672.0  0.04
2088  2672.0  0.04
2089  2672.0  0.04
2090  2672.0  0.04
2091  2672.0  0.04
2092  2672.0  0.04
2093  2672.0  0.04
2094  2672.0  0.04
2095  2672.0  0.04
2096  2672.0  0.04
2097  2672.0  0.04
2098  2672.0  0.04
2099  2672.0  0.04
2100  2672.0  0.04
2101  2672.0  0.04
2102  2672.0  0.04
2103  2672.0  0.04
2104  2672.0  0.04
2105  2672.0  0.04
2106  2672.0  0.04
2107  2672.0  0.04
2108  2672.0  0.04
2109  2672.0  0.04
2110  2672.0  0.04
2111  2672.0  0.04
2112  2672.0  0.04
2113  2672.0  0.04
2114  2672.0  0.04
2115  2672.0  0.04
2116  2672.0  0.04
2117  2672.0  0.04
2118  2672.0  0.04
2119  2672.0  0.04
2120  2672.0  0.04
2121  2672.0  0.04
2122  2672.0  0.04
2123  2672.0  0.04
2124  2672.0  0.04
2125  2672.0  0.04
2126  2672.0  0.04
2127  2672.0  0.04
2128  2672.0  0.04
2129  2672.0  0.04
2130  2672.0  0.04
2131  2672.0  0.04
2132  2672.0  0.04
2133  2672.0  0.04
2134  2672.0  0.04
2135  2672.0  0.04
2136  2672.0  0.04
2137  2672.0  0.04
2138  2672.0  0.04
2139  2672.0  0.04
2140  2672.0  0.04
2141  2672.0  0.04
2142  2672.0  0.04
2143  2672.0  0.04
2144  2672.0  0.04
2145  2672.0  0.04
2146  2672.0  0.04
2147  2672.0  0.04
2148  2672.0  0.04
2149  2672.0  0.04
2150  2672.0  0.04
2151  2672.0  0.04
2152  2672.0  0.04
2153  2672.0  0.04
2154  2672.0  0.04
2155  2672.0  0.04
2156  2672.0  0.04
2157  2672.0  0.04
2158  2672.0  0.04
2159  2672.0  0.04
2160  2672.0  0.04
2161  2672.0  0.04
2162  2672.0  0.04
2163  2672.0  0.04
2164  2672.0  0.04
2165  2672.0  0.04
2166  2672.0  0.04
2167  2672.0  0.04
2168  2672.0  0.04
2169  2672.0  0.04
2170  2672.0  0.04
2171  2672.0  0.04
2172  2672.0  0.04
2173  2672.0  0.04
2174  2672.0  0.04
2175  2672.0  0.04
2176  2672.0  0.04
2177  2672.0  0.04
2178  2672.0  0.04
2179  2672.0  0.04
2180  2672.0  0.04
2181  2672.0  0.04
2182  2672.0  0.04
2183  2672.0  0.04
2184  2672.0  0.04
2185  2672.0  0.04
2186  2672.0  0.04
2187  2672.0  0.04
2188  2672.0  0.04
2189  2672.0  0.04
2190  2672.0  0.04
2191  2672.0  0.04
2192  2672.0  0.04
2193  2672.0  0.04
2194  2672.0  0.04
2195  2672.0  0.04
2196  2672.0  0.04
2197  2672.0  0.04
2198  2672.0  0.04
2199  2672.0  0.04
2200  2672.0  0.04
2201  2672.0  0.04
2202  2672.0  0.04
2203  2672.0  0.04
2204  2672.0  0.04
2205  2672.0  0.04
2206  2672.0  0.04
2207  2672.0  0.04
2208  2672.0  0.04
2209  2672.0  0.04
2210  2672.0  0.04
2211  2672.0  0.04
2212  2672.0  0.04
2213  2672.0  0.04
2214  2672.0  0.04
2215  2672.0  0.04
2216  2672.0  0.04
2217  2672.0  0.04
2218  2672.0  0.04
2219  2672.0  0.04
2220  2672.0  0.04
2221  2672.0  0.04
2222  2672.0  0.04
2223  2672.0  0.04
2224  2672.0  0.04
2225  2672.0  0.04
2226  2672.0  0.04
2227  2672.0  0.04
2228  2672.0  0.04
2229  2672.0  0.04
2230  2672.0  0.04
2231  2672.0  0.04
2232  2672.0  0.04
2233  2672.0  0.04
2234  2672.0  0.04
2235  2672.0  0.04
2236  2672.0  0.04
2237  2672.0  0.04
2238  2672.0  0.04
2239  2672.0  0.04
2240  2672.0  0.04
2241  2672.0  0.04
2242  2672.0  0.04
2243  2672.0  0.04
2244  2672.0  0.04
2245  2672.0  0.04
2246  2672.0  0.04
2247  2672.0  0.04
2248  2672.0  0.04
2249  2672.0  0.04
2250  2672.0  0.04
2251  2672.0  0.04
2252  2672.0  0.04
2253  2672.0  0.04
2254  2672.0  0.04
2255  2672.0  0.04
2256  2672.0  0.04
2257  2672.0  0.04
2258  2672.0  0.04
2259  2672.0  0.04
2260  2672.0  0.04
2261  2672.0  0.04
2262  2672.0  0.04
2263  2672.0  0.04
2264  2672.0  0.04
2265  2672.0  0.04
2266  2672.0  0.04
2267  2672.0  0.04
2268  2672.0  0.04
2269  2672.0  0.04
2270  2672.0  0.04
2271  2672.0  0.04
2272  2672.0  0.04
2273  2672.0  0.04
2274  2672.0  0.04
2275  2672.0  0.04
2276  2672.0  0.04
2277  2672.0  0.04
2278  2672.0  0.04
2279  2672.0  0.04
2280  2672.0  0.04
2281  2672.0  0.04
2282  2672.0  0.04
2283  2672.0  0.04
2284  2672.0  0.04
2285  2672.0  0.04
2286  2672.0  0.04
2287  2672.0  0.04
2288  2672.0  0.04
2289  2672.0  0.04
2290  2672.0  0.04
2291  2672.0  0.04
2292  2672.0  0.04
2293  2672.0  0.04
2294  2672.0  0.04
2295  2672.0  0.04
2296  2672.0  0.04
2297  2672.0  0.04
2298  2672.0  0.04
2299  2672.0  0.04
2300  2672.0  0.04
2301  2672.0  0.04
2302  2672.0  0.04
2303  2672.0  0.04
2304  2672.0  0.04
2305  2672.0  0.04
2306  2672.0  0.04
2307  2672.0  0.04
2308  2672.0  0.04
2309  2672.0  0.04
2310  2672.0  0.04
2311  2672.0  0.04
2312  2672.0  0.04
2313  2672.0  0.04
2314  2672.0  0.04
2315  2672.0  0.04
2316  2672.0  0.04
2317  2672.0  0.04
2318  2672.0  0.04
2319  2672.0  0.04
2320  2672.0  0.04
2321  2672.0  0.04
2322  2672.0  0.04
2323  2672.0  0.04
2324  2672.0  0.04
2325  2672.0  0.04
2326  2672.0  0.04
2327  2672.0  0.04
2328  2672.0  0.04
2329  2672.0  0.04
2330  2672.0  0.04
2331  2672.0  0.04
2332  2672.0  0.04
2333  2672.0  0.04
2334  2672.0  0.04
2335  2672.0  0.04
2336  2672.0  0.04
2337  2672.0  0.04
2338  2672.0  0.04
2339  2672.0  0.04
2340  2672.0  0.04
2341  2672.0  0.04
2342  2672.0  0.04
2343  2672.0  0.04
2344  2672.0  0.04
2345  2672.0  0.04
2346  2672.0  0.04
2347  2672.0  0.04
2348  2672.0  0.04
2349  2672.0  0.04
2350  2672.0  0.04
2351  2672.0  0.04
2352  2672.0  0.04
2353  2672.0  0.04
2354  2672.0  0.04
2355  2672.0  0.04
2356  2672.0  0.04
2357  2672.0  0.04
2358  2672.0  0.04
2359  2672.0  0.04
2360  2672.0  0.04
2361  2672.0  0.04
2362  2672.0  0.04
2363  2672.0  0.04
2364  2672.0  0.04
2365  2672.0  0.04
2366  2672.0  0.04
2367  2672.0  0.04
2368  2672.0  0.04
2369  2672.0  0.04
2370  2672.0  0.04
2371  2672.0  0.04
2372  2672.0  0.04
2373  2672.0  0.04
2374  2672.0  0.04
2375  2672.0  0.04
2376  2672.0  0.04
2377  2672.0  0.04
2378  2672.0  0.04
2379  2672.0  0.04
2380  2672.0  0.04
2381  2672.0  0.04
2382  2672.0  0.04
2383  2672.0  0.04
2384  2672.0  0.04
2385  2672.0  0.04
2386  2672.0  0.04
2387  2672.0  0.04
2388  2672.0  0.04
2389  2672.0  0.04
2390  2672.0  0.04
2391  2672.0  0.04
2392  2672.0  0.04
2393  2672.0  0.04
2394  2672.0  0.04
2395  2672.0  0.04
2396  2672.0  0.04
2397  2672.0  0.04
2398  2672.0  0.04
2399  2672.0  0.04
2400  2672.0  0.04
2401  2672.0  0.04
2402  2672.0  0.04
2403  2672.0  0.04
2404  2672.0  0.04
2405  2672.0  0.04
2406  2672.0  0.04
2407  2672.0  0.04
2408  2672.0  0.04
2409  2672.0  0.04
2410  2672.0  0.04
2411  2672.0  0.04
2412  2672.0  0.04
2413  2672.0  0.04
2414  2672.0  0.04
2415  2672.0  0.04
2416  2672.0  0.04
2417  2672.0  0.04
2418  2672.0  0.04
2419  2672.0  0.04
2420  2672.0  0.04
2421  2672.0  0.04
2422  2672.0  0.04
2423  2672.0  0.04
2424  2672.0  0.04
2425  2672.0  0.04
2426  2672.0  0.04
2427  2672.0  0.04
2428  2672.0  0.04
2429  2672.0  0.04
2430  2672.0  0.04
2431  2672.0  0.04
2432  2672.0  0.04
2433  2672.0  0.04
2434  2672.0  0.04
2435  2672.0  0.04
2436  2672.0  0.04
2437  2672.0  0.04
2438  2672.0  0.04
2439  2672.0  0.04
2440  2672.0  0.04
2441  2672.0  0.04
2442  2672.0  0.04
2443  2672.0  0.04
2444  2672.0  0.04
2445  2672.0  0.04
2446  2672.0  0.04
2447  2672.0  0.04
2448  2672.0  0.04
2449  2672.0  0.04
2450  2672.0  0.04
2451  2672.0  0.04
2452  2672.0  0.04
2453  2672.0  0.04
2454  2672.0  0.04
2455  2672.0  0.04
2456  2672.0  0.04
2457  2672.0  0.04
2458  2672.0  0.04
2459  2672.0  0.04
2460  2672.0  0.04
2461  2672.0  0.04
2462  2672.0  0.04
2463  2672.0  0.04
2464  2672.0  0.04
2465  2672.0  0.04
2466  2672.0  0.04
2467  2672.0  0.04
2468  2672.0  0.04
2469  2672.0  0.04
2470  2672.0  0.04
2471  2672.0  0.04
2472  2672.0  0.04
2473  2672.0  0.04
2474  2672.0  0.04
2475  2672.0  0.04
2476  2672.0  0.04
2477  2672.0  0.04
2478  2672.0  0.04
2479  2672.0  0.04
2480  2672.0  0.04
2481  2672.0  0.04
2482  2672.0  0.04
2483  2672.0  0.04
2484  2672.0  0.04
2485  2672.0  0.04
2486  2672.0  0.04
2487  2672.0  0.04
2488  2672.0  0.04
2489  2672.0  0.04
2490  2672.0  0.04
2491  2672.0  0.04
2492  2672.0  0.04
2493  2672.0  0.04
2494  2672.0  0.04
2495  2672.0  0.04
2496  2672.0  0.04
2497  2672.0  0.04
2498  2672.0  0.04
2499  2672.0  0.04
2500  2672.0  0.04
2501  2672.0  0.04
2502  2672.0  0.04
2503  2672.0  0.04
2504  2672.0  0.04
2505  2672.0  0.04
2506  2672.0  0.04
2507  2672.0  0.04
2508  2672.0  0.04
2509  2672.0  0.04
2510  2672.0  0.04
2511  2672.0  0.04
2512  2672.0  0.04
2513  2672.0  0.04
2514  2672.0  0.04
2515  2672.0  0.04
2516  2672.0  0.04
2517  2672.0  0.04
2518  2672.0  0.04
2519  2672.0  0.04
2520  2672.0  0.04
2521  2672.0  0.04
2522  2672.0  0.04
2523  2672.0  0.04
2524  2672.0  0.04
2525  2672.0  0.04
2526  2672.0  0.04
2527  2672.0  0.04
2528  2672.0  0.04
2529  2672.0  0.04
2530  2672.0  0.04
2531  2672.0  0.04
2532  2672.0  0.04
2533  2672.0  0.04
2534  2672.0  0.04
2535  2672.0  0.04
2536  2672.0  0.04
2537  2672.0  0.04
2538  2672.0  0.04
2539  2672.0  0.04
2540  2672.0  0.04
2541  2672.0  0.04
2542  2672.0  0.04
2543  2672.0  0.04
2544  2672.0  0.04
2545  2672.0  0.04
2546  2672.0  0.04
2547  2672.0  0.04
2548  2672.0  0.04
2549  2672.0  0.04
2550  2672.0  0.04
2551  2672.0  0.04
2552  2672.0  0.04
2553  2672.0  0.04
2554  2672.0  0.04
2555  2672.0  0.04
2556  2672.0  0.04
2557  2672.0  0.04
2558  2672.0  0.04
2559  2672.0  0.04
2560  2672.0  0.04
2561  2672.0  0.04
2562  2672.0  0.04
2563  2672.0  0.04
2564  2672.0  0.04
2565  2672.0  0.04
2566  2672.0  0.04
2567  2672.0  0.04
2568  2672.0  0.04
2569  2672.0  0.04
2570  2672.0  0.04
2571  2672.0  0.04
2572  2672.0  0.04
2573  2672.0  0.04
2574  2672.0  0.04
2575  2672.0  0.04
2576  2672.0  0.04
2577  2672.0  0.04
2578  2672.0  0.04
2579  2672.0  0.04
2580  2672.0  0.04
2581  2672.0  0.04
2582  2672.0  0.04
2583  2672.0  0.04
2584  2672.0  0.04
2585  2672.0  0.04
2586  2672.0  0.04
2587  2672.0  0.04
2588  2672.0  0.04
2589  2672.0  0.04
2590  2672.0  0.04
2591  2672.0  0.04
2592  2672.0  0.04
2593  2672.0  0.04
2594  2672.0  0.04
2595  2672.0  0.04
2596  2672.0  0.04
2597  2672.0  0.04
2598  2672.0  0.04
2599  2672.0  0.04
2600  2672.0  0.04
2601  2672.0  0.04
2602  2672.0  0.04
2603  2672.0  0.04
2604  2672.0  0.04
2605  2672.0  0.04
2606  2672.0  0.04
2607  2672.0  0.04
2608  2672.0  0.04
2609  2672.0  0.04
2610  2672.0  0.04
2611  2672.0  0.04
2612  2672.0  0.04
2613  2672.0  0.04
2614  2672.0  0.04
2615  2672.0  0.04
2616  2672.0  0.04
2617  2672.0  0.04
2618  2672.0  0.04
2619  2672.0  0.04
2620  2672.0  0.04
2621  2672.0  0.04
2622  2672.0  0.04
2623  2672.0  0.04
2624  2672.0  0.04
2625  2672.0  0.04
2626  2672.0  0.04
2627  2672.0  0.04
2628  2672.0  0.04
2629  2672.0  0.04
2630  2672.0  0.04
2631  2672.0  0.04
2632  2672.0  0.04
2633  2672.0  0.04
2634  2672.0  0.04
2635  2672.0  0.04
2636  2672.0  0.04
2637  2672.0  0.04
2638  2672.0  0.04
2639  2672.0  0.04
2640  2672.0  0.04
2641  2672.0  0.04
2642  2672.0  0.04
2643  2672.0  0.04
2644  2672.0  0.04
2645  2672.0  0.04
2646  2672.0  0.04
2647  2672.0  0.04
2648  2672.0  0.04
2649  2672.0  0.04
2650  2672.0  0.04
2651  2672.0  0.04
2652  2672.0  0.04
2653  2672.0  0.04
2654  2672.0  0.04
2655  2672.0  0.04
2656  2672.0  0.04
2657  2672.0  0.04
2658  2672.0  0.04
2659  2672.0  0.04
2660  2672.0  0.04
2661  2672.0  0.04
2662  2672.0  0.04
2663  2672.0  0.04
2664  2672.0  0.04
2665  2672.0  0.04
2666  2672.0  0.04
2667  2672.0  0.04
2668  2672.0  0.04
2669  2672.0  0.04
2670  2672.0  0.04
2671  2672.0  0.04
2672  2672.0  0.04
2673  2672.0  0.04
2674  2672.0  0.04
2675  2672.0  0.04
2676  2672.0  0.04
2677  2672.0  0.04
2678  2672.0  0.04
2679  2672.0  0.04
2680  2672.0  0.04
2681  2672.0  0.04
2682  2672.0  0.04
2683  2672.0  0.04
2684  2672.0  0.04
2685  2672.0  0.04
2686  2672.0  0.04
2687  2672.0  0.04
2688  2672.0  0.04
2689  2672.0  0.04
2690  2672.0  0.04
2691  2672.0  0.04
2692  2672.0  0.04
2693  2672.0  0.04
2694  2672.0  0.04
2695  2672.0  0.04
2696  2672.0  0.04
2697  2672.0  0.04
2698  2672.0  0.04
2699  2672.0  0.04
2700  2672.0  0.04
2701  2672.0  0.04
2702  2672.0  0.04
2703  2672.0  0.04
2704  2672.0  0.04
2705  2672.0  0.04
2706  2672.0  0.04
2707  2672.0  0.04
2708  2672.0  0.04
2709  2672.0  0.04
2710  2672.0  0.04
2711  2672.0  0.04
2712  2672.0  0.04
2713  2672.0  0.04
2714  2672.0  0.04
2715  2672.0  0.04
2716  2672.0  0.04
2717  2672.0  0.04
2718  2672.0  0.04
2719  2672.0  0.04
2720  2672.0  0.04
2721  2672.0  0.04
2722  2672.0  0.04
2723  2672.0  0.04
2724  2672.0  0.04
2725  2672.0  0.04
2726  2672.0  0.04
2727  2672.0  0.04
2728  2672.0  0.04
2729  2672.0  0.04
2730  2672.0  0.04
2731  2672.0  0.04
2732  2672.0  0.04
2733  2672.0  0.04
2734  2672.0  0.04
2735  2672.0  0.04
2736  2672.0  0.04
2737  2672.0  0.04
2738  2672.0  0.04
2739  2672.0  0.04
2740  2672.0  0.04
2741  2672.0  0.04
2742  2672.0  0.04
2743  2672.0  0.04
2744  2672.0  0.04
2745  2672.0  0.04
2746  2672.0  0.04
2747  2672.0  0.04
2748  2672.0  0.04
2749  2672.0  0.04
2750  2672.0  0.04
2751  2672.0  0.04
2752  2672.0  0.04
2753  2672.0  0.04
2754  2672.0  0.04
2755  2672.0  0.04
2756  2672.0  0.04
2757  2672.0  0.04
2758  2672.0  0.04
2759  2672.0  0.04
2760  2672.0  0.04
2761  2672.0  0.04
2762  2672.0  0.04
2763  2672.0  0.04
2764  2672.0  0.04
2765  2672.0  0.04
2766  2672.0  0.04
2767  2672.0  0.04
2768  2672.0  0.04
2769  2672.0  0.04
2770  2672.0  0.04
2771  2672.0  0.04
2772  2672.0  0.04
2773  2672.0  0.04
2774  2672.0  0.04
2775  2672.0  0.04
2776  2672.0  0.04
2777  2672.0  0.04
2778  2672.0  0.04
2779  2672.0  0.04
2780  2672.0  0.04
2781  2672.0  0.04
2782  2672.0  0.04
2783  2672.0  0.04
2784  2672.0  0.04
2785  2672.0  0.04
2786  2672.0  0.04
2787  2672.0  0.04
2788  2672.0  0.04
2789  2672.0  0.04
2790  2672.0  0.04
2791  2672.0  0.04
2792  2672.0  0.04
2793  2672.0  0.04
2794  2672.0  0.04
2795  2672.0  0.04
2796  2672.0  0.04
2797  2672.0  0.04
2798  2672.0  0.04
2799  2672.0  0.04
2800  2672.0  0.04
2801  2672.0  0.04
2802  2672.0  0.04
2803  2672.0  0.04
2804  2672.0  0.04
2805  2672.0  0.04
2806  2672.0  0.04
2807  2672.0  0.04
2808  2672.0  0.04
2809  2672.0  0.04
2810  2672.0  0.04
2811  2672.0  0.04
2812  2672.0  0.04
2813  2672.0  0.04
2814  2672.0  0.04
2815  2672.0  0.04
2816  2672.0  0.04
2817  2672.0  0.04
2818  2672.0  0.04
2819  2672.0  0.04
2820  2672.0  0.04
2821  2672.0  0.04
2822  2672.0  0.04
2823  2672.0  0.04
2824  2672.0  0.04
2825  2672.0  0.04
2826  2672.0  0.04
2827  2672.0  0.04
2828  2672.0  0.04
2829  2672.0  0.04
2830  2672.0  0.04
2831  2672.0  0.04
2832  2672.0  0.04
2833  2672.0  0.04
2834  2672.0  0.04
2835  2672.0  0.04
2836  2672.0  0.04
2837  2672.0  0.04
2838  2672.0  0.04
2839  2672.0  0.04
2840  2672.0  0.04
2841  2672.0  0.04
2842  2672.0  0.04
2843  2672.0  0.04
2844  2672.0  0.04
2845  2672.0  0.04
2846  2672.0  0.04
2847  2672.0  0.04
2848  2672.0  0.04
2849  2672.0  0.04
2850  2672.0  0.04
2851  2672.0  0.04
2852  2672.0  0.04
2853  2672.0  0.04
2854  2672.0  0.04
2855  2672.0  0.04
2856  2672.0  0.04
2857  2672.0  0.04
2858  2672.0  0.04
2859  2672.0  0.04
2860  2672.0  0.04
2861  2672.0  0.04
2862  2672.0  0.04
2863  2672.0  0.04
2864  2672.0  0.04
2865  2672.0  0.04
2866  2672.0  0.04
2867  2672.0  0.04
2868  2672.0  0.04
2869  2672.0  0.04
2870  2672.0  0.04
2871  2672.0  0.04
2872  2672.0  0.04
2873  2672.0  0.04
2874  2672.0  0.04
2875  2672.0  0.04
2876  2672.0  0.04
2877  2672.0  0.04
2878  2672.0  0.04
2879  2672.0  0.04
2880  2672.0  0.04
2881  2672.0  0.04
2882  2672.0  0.04
2883  2672.0  0.04
2884  2672.0  0.04
2885  2672.0  0.04
2886  2672.0  0.04
2887  2672.0  0.04
2888  2672.0  0.04
2889  2672.0  0.04
2890  2672.0  0.04
2891  2672.0  0.04
2892  2672.0  0.04
2893  2672.0  0.04
2894  2672.0  0.04
2895  2672.0  0.04
2896  2672.0  0.04
2897  2672.0  0.04
2898  2672.0  0.04
2899  2672.0  0.04
2900  2672.0  0.04
2901  2672.0  0.04
2902  2672.0  0.04
2903  2672.0  0.04
2904  2672.0  0.04
2905  2672.0  0.04
2906  2672.0  0.04
2907  2672.0  0.04
2908  2672.0  0.04
2909  2672.0  0.04
2910  2672.0  0.04
2911  2672.0  0.04
2912  2672.0  0.04
2913  2672.0  0.04
2914  2672.0  0.04
2915  2672.0  0.04
2916  2672.0  0.04
2917  2672.0  0.04
2918  2672.0  0.04
2919  2672.0  0.04
2920  2672.0  0.04
2921  2672.0  0.04
2922  2672.0  0.04
2923  2672.0  0.04
2924  2672.0  0.04
2925  2672.0  0.04
2926  2672.0  0.04
2927  2672.0  0.04
2928  2672.0  0.04
2929  2672.0  0.04
2930  2672.0  0.04
2931  2672.0  0.04
2932  2672.0  0.04
2933  2672.0  0.04
2934  2672.0  0.04
2935  2672.0  0.04
2936  2672.0  0.04
2937  2672.0  0.04
2938  2672.0  0.04
2939  2672.0  0.04
2940  2672.0  0.04
2941  2672.0  0.04
2942  2672.0  0.04
2943  2672.0  0.04
2944  2672.0  0.04
2945  2672.0  0.04
2946  2672.0  0.04
2947  2672.0  0.04
2948  2672.0  0.04
2949  2672.0  0.04
2950  2672.0  0.04
2951  2672.0  0.04
2952  2672.0  0.04
2953  2672.0  0.04
2954  2672.0  0.04
2955  2672.0  0.04
2956  2672.0  0.04
2957  2672.0  0.04
2958  2672.0  0.04
2959  2672.0  0.04
2960  2672.0  0.04
2961  2672.0  0.04
2962  2672.0  0.04
2963  2672.0  0.04
2964  2672.0  0.04
2965  2672.0  0.04
2966  2672.0  0.04
2967  2672.0  0.04
2968  2672.0  0.04
2969  2672.0  0.04
2970  2672.0  0.04
2971  2672.0  0.04
2972  2672.0  0.04
2973  2672.0  0.04
2974  2672.0  0.04
2975  2672.0  0.04
2976  2672.0  0.04
2977  2672.0  0.04
2978  2672.0  0.04
2979  2672.0  0.04
2980  2672.0  0.04
2981  2672.0  0.04
2982  2672.0  0.04
2983  2672.0  0.04
2984  2672.0  0.04
2985  2672.0  0.04
2986  2672.0  0.04
2987  2672.0  0.04
2988  2672.0  0.04
2989  2672.0  0.04
2990  2672.0  0.04
2991  2672.0  0.04
2992  2672.0  0.04
2993  2672.0  0.04
2994  2672.0  0.04
2995  2672.0  0.04
2996  2672.0  0.04
2997  2672.0  0.04
2998  2672.0  0.04
2999  2672.0  0.04
#[-1, 4, 9, 9, 9, 9, 9, 9, 9, 9]
#[1, 9, 9, 9, 9, 9, 9, 9, 9, 9]
#[0, 9, 9, 9, 9, 9, 9, 9, 9, 9]
#[-1, 9, 9, 9, 9, 9, 9, 9, 9, 9]
#[6, 9, 9, 9, 9, 9, 9, 9, 9, 9]
#[9, 9, 9, 9, 9, 9, 9, 9, 9, 9]
#[-8, 9, 9, 9, 9, 9, 9, 9, 9, 9]
#[9, 9, 9, 9, 9, 9, 9, 9, 9, 9]
#[-4, 9, 9, 9, 9, 9, 9, 9, 9, 9]
#Specialization index= [5, 9, 0.12195121951219512]
