#[6, 1, 6, 5, 9, 4, 8, 8, 3, 8]
#[8, 7, 8, 8, 7, 5, 6, 8, 5, 4]
#[1, 2, 3, 2, 6, 9, 3, 4, 6, 5]
#[3, 2, 4, 9, 8, 2, 8, 2, 5, 2]
#[7, 3, 7, 5, 6, 8, 8, 8, 4, 6]
#[0, 2, 1, 1, 9, 0, 8, 8, 6, 3]
#[8, 1, 0, 9, 9, 6, 8, 3, 9, 8]
#[5, 5, 8, 1, 9, 0, 6, 4, 9, 2]
#[4, 3, 8, 7, 8, 6, 2, 9, 0, 5]
0  2154.0  0.12
1  2154.0  0.12
2  2154.0  0.12
3  2408.0  0.11
4  2527.0  0.04
5  2527.0  0.04
6  2527.0  0.04
7  2527.0  0.04
8  2527.0  0.04
9  2527.0  0.04
10  2527.0  0.04
11  2527.0  0.04
12  2527.0  0.04
13  2527.0  0.04
14  2527.0  0.04
15  2527.0  0.04
16  2527.0  0.04
17  2527.0  0.04
18  2527.0  0.04
19  2527.0  0.04
20  2527.0  0.04
21  2527.0  0.04
22  2527.0  0.04
23  2527.0  0.04
24  2527.0  0.04
25  2527.0  0.04
26  2527.0  0.04
27  2527.0  0.04
28  2527.0  0.04
29  2527.0  0.04
30  2527.0  0.04
31  2527.0  0.04
32  2527.0  0.04
33  2527.0  0.04
34  2527.0  0.04
35  2527.0  0.04
36  2527.0  0.04
37  2527.0  0.04
38  2527.0  0.04
39  2527.0  0.04
40  2527.0  0.04
41  2527.0  0.04
42  2527.0  0.04
43  2527.0  0.04
44  2527.0  0.04
45  2527.0  0.04
46  2527.0  0.04
47  2527.0  0.04
48  2527.0  0.04
49  2527.0  0.04
50  2527.0  0.04
51  2527.0  0.04
52  2527.0  0.04
53  2527.0  0.04
54  2527.0  0.04
55  2527.0  0.04
56  2527.0  0.04
57  2527.0  0.04
58  2527.0  0.04
59  2527.0  0.04
60  2527.0  0.04
61  2527.0  0.04
62  2527.0  0.04
63  2527.0  0.04
64  2527.0  0.04
65  2527.0  0.04
66  2527.0  0.04
67  2554.0  0.06
68  2554.0  0.06
69  2554.0  0.06
70  2554.0  0.06
71  2554.0  0.06
72  2554.0  0.06
73  2554.0  0.06
74  2554.0  0.06
75  2554.0  0.06
76  2554.0  0.06
77  2554.0  0.06
78  2554.0  0.06
79  2554.0  0.06
80  2554.0  0.06
81  2554.0  0.06
82  2554.0  0.06
83  2554.0  0.06
84  2554.0  0.06
85  2554.0  0.06
86  2554.0  0.06
87  2554.0  0.06
88  2554.0  0.06
89  2554.0  0.06
90  2554.0  0.06
91  2554.0  0.06
92  2554.0  0.06
93  2554.0  0.06
94  2554.0  0.06
95  2554.0  0.06
96  2554.0  0.06
97  2554.0  0.06
98  2554.0  0.06
99  2554.0  0.06
100  2554.0  0.06
101  2554.0  0.06
102  2554.0  0.06
103  2554.0  0.06
104  2554.0  0.06
105  2554.0  0.06
106  2554.0  0.06
107  2554.0  0.06
108  2554.0  0.06
109  2554.0  0.06
110  2554.0  0.06
111  2554.0  0.06
112  2554.0  0.06
113  2554.0  0.06
114  2554.0  0.06
115  2554.0  0.06
116  2554.0  0.06
117  2554.0  0.06
118  2554.0  0.06
119  2554.0  0.06
120  2554.0  0.06
121  2554.0  0.06
122  2554.0  0.06
123  2617.0  0.04
124  2617.0  0.04
125  2617.0  0.04
126  2617.0  0.04
127  2617.0  0.04
128  2617.0  0.04
129  2617.0  0.04
130  2617.0  0.04
131  2617.0  0.04
132  2617.0  0.04
133  2617.0  0.04
134  2617.0  0.04
135  2617.0  0.04
136  2617.0  0.04
137  2617.0  0.04
138  2617.0  0.04
139  2617.0  0.04
140  2617.0  0.04
141  2617.0  0.04
142  2617.0  0.04
143  2617.0  0.04
144  2617.0  0.04
145  2617.0  0.04
146  2617.0  0.04
147  2617.0  0.04
148  2617.0  0.04
149  2617.0  0.04
150  2617.0  0.04
151  2617.0  0.04
152  2617.0  0.04
153  2617.0  0.04
154  2617.0  0.04
155  2617.0  0.04
156  2617.0  0.04
157  2617.0  0.04
158  2617.0  0.04
159  2617.0  0.04
160  2617.0  0.04
161  2617.0  0.04
162  2617.0  0.04
163  2617.0  0.04
164  2617.0  0.04
165  2617.0  0.04
166  2617.0  0.04
167  2617.0  0.04
168  2617.0  0.04
169  2617.0  0.04
170  2617.0  0.04
171  2617.0  0.04
172  2617.0  0.04
173  2617.0  0.04
174  2617.0  0.04
175  2617.0  0.04
176  2617.0  0.04
177  2617.0  0.04
178  2617.0  0.04
179  2617.0  0.04
180  2617.0  0.04
181  2617.0  0.04
182  2617.0  0.04
183  2617.0  0.04
184  2617.0  0.04
185  2617.0  0.04
186  2617.0  0.04
187  2617.0  0.04
188  2617.0  0.04
189  2617.0  0.04
190  2617.0  0.04
191  2617.0  0.04
192  2617.0  0.04
193  2617.0  0.04
194  2617.0  0.04
195  2617.0  0.04
196  2617.0  0.04
197  2617.0  0.04
198  2617.0  0.04
199  2617.0  0.04
200  2617.0  0.04
201  2617.0  0.04
202  2617.0  0.04
203  2617.0  0.04
204  2617.0  0.04
205  2617.0  0.04
206  2617.0  0.04
207  2617.0  0.04
208  2617.0  0.04
209  2617.0  0.04
210  2617.0  0.04
211  2617.0  0.04
212  2617.0  0.04
213  2617.0  0.04
214  2617.0  0.04
215  2617.0  0.04
216  2617.0  0.04
217  2617.0  0.04
218  2617.0  0.04
219  2617.0  0.04
220  2617.0  0.04
221  2617.0  0.04
222  2617.0  0.04
223  2617.0  0.04
224  2617.0  0.04
225  2617.0  0.04
226  2617.0  0.04
227  2617.0  0.04
228  2617.0  0.04
229  2617.0  0.04
230  2617.0  0.04
231  2617.0  0.04
232  2617.0  0.04
233  2617.0  0.04
234  2617.0  0.04
235  2617.0  0.04
236  2617.0  0.04
237  2617.0  0.04
238  2617.0  0.04
239  2617.0  0.04
240  2617.0  0.04
241  2617.0  0.04
242  2617.0  0.04
243  2617.0  0.04
244  2617.0  0.04
245  2617.0  0.04
246  2617.0  0.04
247  2617.0  0.04
248  2617.0  0.04
249  2617.0  0.04
250  2617.0  0.04
251  2617.0  0.04
252  2617.0  0.04
253  2617.0  0.04
254  2617.0  0.04
255  2617.0  0.04
256  2617.0  0.04
257  2617.0  0.04
258  2617.0  0.04
259  2617.0  0.04
260  2617.0  0.04
261  2617.0  0.04
262  2617.0  0.04
263  2617.0  0.04
264  2617.0  0.04
265  2617.0  0.04
266  2617.0  0.04
267  2617.0  0.04
268  2617.0  0.04
269  2617.0  0.04
270  2617.0  0.04
271  2617.0  0.04
272  2617.0  0.04
273  2617.0  0.04
274  2617.0  0.04
275  2617.0  0.04
276  2617.0  0.04
277  2617.0  0.04
278  2617.0  0.04
279  2617.0  0.04
280  2617.0  0.04
281  2617.0  0.04
282  2617.0  0.04
283  2617.0  0.04
284  2617.0  0.04
285  2617.0  0.04
286  2617.0  0.04
287  2617.0  0.04
288  2617.0  0.04
289  2617.0  0.04
290  2617.0  0.04
291  2617.0  0.04
292  2617.0  0.04
293  2624.0  0.05
294  2624.0  0.05
295  2624.0  0.05
296  2624.0  0.05
297  2624.0  0.05
298  2624.0  0.05
299  2624.0  0.05
300  2624.0  0.05
301  2624.0  0.05
302  2624.0  0.05
303  2624.0  0.05
304  2624.0  0.05
305  2624.0  0.05
306  2624.0  0.05
307  2624.0  0.05
308  2624.0  0.05
309  2624.0  0.05
310  2624.0  0.05
311  2624.0  0.05
312  2624.0  0.05
313  2624.0  0.05
314  2624.0  0.05
315  2624.0  0.05
316  2624.0  0.05
317  2624.0  0.05
318  2624.0  0.05
319  2624.0  0.05
320  2624.0  0.05
321  2624.0  0.05
322  2624.0  0.05
323  2624.0  0.05
324  2624.0  0.05
325  2624.0  0.05
326  2624.0  0.05
327  2624.0  0.05
328  2624.0  0.05
329  2624.0  0.05
330  2624.0  0.05
331  2624.0  0.05
332  2624.0  0.05
333  2624.0  0.05
334  2624.0  0.05
335  2624.0  0.05
336  2624.0  0.05
337  2624.0  0.05
338  2624.0  0.05
339  2624.0  0.05
340  2624.0  0.05
341  2624.0  0.05
342  2624.0  0.05
343  2624.0  0.05
344  2624.0  0.05
345  2624.0  0.05
346  2624.0  0.05
347  2624.0  0.05
348  2624.0  0.05
349  2624.0  0.05
350  2624.0  0.05
351  2624.0  0.05
352  2624.0  0.05
353  2624.0  0.05
354  2624.0  0.05
355  2624.0  0.05
356  2624.0  0.05
357  2624.0  0.05
358  2624.0  0.05
359  2624.0  0.05
360  2624.0  0.05
361  2624.0  0.05
362  2624.0  0.05
363  2624.0  0.05
364  2624.0  0.05
365  2624.0  0.05
366  2624.0  0.05
367  2624.0  0.05
368  2624.0  0.05
369  2624.0  0.05
370  2624.0  0.05
371  2624.0  0.05
372  2624.0  0.05
373  2624.0  0.05
374  2624.0  0.05
375  2624.0  0.05
376  2624.0  0.05
377  2624.0  0.05
378  2624.0  0.05
379  2624.0  0.05
380  2624.0  0.05
381  2624.0  0.05
382  2624.0  0.05
383  2624.0  0.05
384  2624.0  0.05
385  2624.0  0.05
386  2624.0  0.05
387  2624.0  0.05
388  2624.0  0.05
389  2624.0  0.05
390  2624.0  0.05
391  2624.0  0.05
392  2624.0  0.05
393  2624.0  0.05
394  2624.0  0.05
395  2624.0  0.05
396  2624.0  0.05
397  2624.0  0.05
398  2624.0  0.05
399  2624.0  0.05
400  2624.0  0.05
401  2624.0  0.05
402  2624.0  0.05
403  2624.0  0.05
404  2624.0  0.05
405  2624.0  0.05
406  2624.0  0.05
407  2624.0  0.05
408  2624.0  0.05
409  2624.0  0.05
410  2624.0  0.05
411  2624.0  0.05
412  2624.0  0.05
413  2624.0  0.05
414  2624.0  0.05
415  2624.0  0.05
416  2624.0  0.05
417  2624.0  0.05
418  2624.0  0.05
419  2624.0  0.05
420  2624.0  0.05
421  2624.0  0.05
422  2624.0  0.05
423  2624.0  0.05
424  2624.0  0.05
425  2624.0  0.05
426  2624.0  0.05
427  2624.0  0.05
428  2624.0  0.05
429  2624.0  0.05
430  2624.0  0.05
431  2624.0  0.05
432  2624.0  0.05
433  2624.0  0.05
434  2624.0  0.05
435  2624.0  0.05
436  2624.0  0.05
437  2624.0  0.05
438  2624.0  0.05
439  2624.0  0.05
440  2624.0  0.05
441  2624.0  0.05
442  2624.0  0.05
443  2624.0  0.05
444  2624.0  0.05
445  2624.0  0.05
446  2624.0  0.05
447  2624.0  0.05
448  2624.0  0.05
449  2624.0  0.05
450  2624.0  0.05
451  2624.0  0.05
452  2624.0  0.05
453  2624.0  0.05
454  2624.0  0.05
455  2624.0  0.05
456  2624.0  0.05
457  2624.0  0.05
458  2624.0  0.05
459  2624.0  0.05
460  2624.0  0.05
461  2624.0  0.05
462  2624.0  0.05
463  2624.0  0.05
464  2624.0  0.05
465  2624.0  0.05
466  2624.0  0.05
467  2624.0  0.05
468  2624.0  0.05
469  2624.0  0.05
470  2624.0  0.05
471  2624.0  0.05
472  2624.0  0.05
473  2624.0  0.05
474  2624.0  0.05
475  2624.0  0.05
476  2624.0  0.05
477  2624.0  0.05
478  2624.0  0.05
479  2624.0  0.05
480  2624.0  0.05
481  2624.0  0.05
482  2624.0  0.05
483  2624.0  0.05
484  2624.0  0.05
485  2624.0  0.05
486  2624.0  0.05
487  2624.0  0.05
488  2624.0  0.05
489  2624.0  0.05
490  2624.0  0.05
491  2624.0  0.05
492  2624.0  0.05
493  2624.0  0.05
494  2624.0  0.05
495  2624.0  0.05
496  2624.0  0.05
497  2624.0  0.05
498  2624.0  0.05
499  2624.0  0.05
500  2624.0  0.05
501  2624.0  0.05
502  2624.0  0.05
503  2624.0  0.05
504  2624.0  0.05
505  2624.0  0.05
506  2624.0  0.05
507  2624.0  0.05
508  2624.0  0.05
509  2624.0  0.05
510  2624.0  0.05
511  2624.0  0.05
512  2624.0  0.05
513  2624.0  0.05
514  2624.0  0.05
515  2624.0  0.05
516  2624.0  0.05
517  2624.0  0.05
518  2624.0  0.05
519  2624.0  0.05
520  2624.0  0.05
521  2624.0  0.05
522  2624.0  0.05
523  2624.0  0.05
524  2624.0  0.05
525  2624.0  0.05
526  2624.0  0.05
527  2624.0  0.05
528  2624.0  0.05
529  2624.0  0.05
530  2624.0  0.05
531  2624.0  0.05
532  2624.0  0.05
533  2624.0  0.05
534  2624.0  0.05
535  2624.0  0.05
536  2624.0  0.05
537  2624.0  0.05
538  2624.0  0.05
539  2624.0  0.05
540  2624.0  0.05
541  2624.0  0.05
542  2624.0  0.05
543  2624.0  0.05
544  2624.0  0.05
545  2624.0  0.05
546  2624.0  0.05
547  2624.0  0.05
548  2624.0  0.05
549  2624.0  0.05
550  2624.0  0.05
551  2624.0  0.05
552  2624.0  0.05
553  2624.0  0.05
554  2624.0  0.05
555  2624.0  0.05
556  2624.0  0.05
557  2624.0  0.05
558  2624.0  0.05
559  2624.0  0.05
560  2624.0  0.05
561  2624.0  0.05
562  2624.0  0.05
563  2624.0  0.05
564  2624.0  0.05
565  2624.0  0.05
566  2624.0  0.05
567  2624.0  0.05
568  2624.0  0.05
569  2624.0  0.05
570  2624.0  0.05
571  2624.0  0.05
572  2624.0  0.05
573  2624.0  0.05
574  2624.0  0.05
575  2624.0  0.05
576  2624.0  0.05
577  2624.0  0.05
578  2624.0  0.05
579  2624.0  0.05
580  2624.0  0.05
581  2624.0  0.05
582  2624.0  0.05
583  2624.0  0.05
584  2624.0  0.05
585  2624.0  0.05
586  2624.0  0.05
587  2624.0  0.05
588  2624.0  0.05
589  2624.0  0.05
590  2624.0  0.05
591  2624.0  0.05
592  2624.0  0.05
593  2624.0  0.05
594  2624.0  0.05
595  2624.0  0.05
596  2624.0  0.05
597  2624.0  0.05
598  2624.0  0.05
599  2624.0  0.05
600  2624.0  0.05
601  2624.0  0.05
602  2624.0  0.05
603  2624.0  0.05
604  2624.0  0.05
605  2624.0  0.05
606  2624.0  0.05
607  2624.0  0.05
608  2624.0  0.05
609  2624.0  0.05
610  2624.0  0.05
611  2624.0  0.05
612  2624.0  0.05
613  2624.0  0.05
614  2624.0  0.05
615  2624.0  0.05
616  2624.0  0.05
617  2624.0  0.05
618  2624.0  0.05
619  2624.0  0.05
620  2624.0  0.05
621  2624.0  0.05
622  2624.0  0.05
623  2624.0  0.05
624  2624.0  0.05
625  2624.0  0.05
626  2624.0  0.05
627  2624.0  0.05
628  2624.0  0.05
629  2624.0  0.05
630  2624.0  0.05
631  2624.0  0.05
632  2624.0  0.05
633  2624.0  0.05
634  2624.0  0.05
635  2624.0  0.05
636  2624.0  0.05
637  2624.0  0.05
638  2624.0  0.05
639  2624.0  0.05
640  2624.0  0.05
641  2624.0  0.05
642  2624.0  0.05
643  2624.0  0.05
644  2624.0  0.05
645  2624.0  0.05
646  2624.0  0.05
647  2624.0  0.05
648  2624.0  0.05
649  2624.0  0.05
650  2624.0  0.05
651  2624.0  0.05
652  2624.0  0.05
653  2624.0  0.05
654  2624.0  0.05
655  2624.0  0.05
656  2624.0  0.05
657  2624.0  0.05
658  2624.0  0.05
659  2624.0  0.05
660  2624.0  0.05
661  2624.0  0.05
662  2624.0  0.05
663  2624.0  0.05
664  2624.0  0.05
665  2624.0  0.05
666  2624.0  0.05
667  2624.0  0.05
668  2624.0  0.05
669  2624.0  0.05
670  2624.0  0.05
671  2624.0  0.05
672  2624.0  0.05
673  2624.0  0.05
674  2624.0  0.05
675  2624.0  0.05
676  2624.0  0.05
677  2624.0  0.05
678  2624.0  0.05
679  2624.0  0.05
680  2624.0  0.05
681  2624.0  0.05
682  2624.0  0.05
683  2624.0  0.05
684  2624.0  0.05
685  2624.0  0.05
686  2624.0  0.05
687  2624.0  0.05
688  2624.0  0.05
689  2624.0  0.05
690  2624.0  0.05
691  2624.0  0.05
692  2624.0  0.05
693  2624.0  0.05
694  2624.0  0.05
695  2624.0  0.05
696  2624.0  0.05
697  2624.0  0.05
698  2624.0  0.05
699  2624.0  0.05
700  2624.0  0.05
701  2624.0  0.05
702  2624.0  0.05
703  2624.0  0.05
704  2624.0  0.05
705  2624.0  0.05
706  2624.0  0.05
707  2624.0  0.05
708  2624.0  0.05
709  2624.0  0.05
710  2624.0  0.05
711  2624.0  0.05
712  2624.0  0.05
713  2624.0  0.05
714  2624.0  0.05
715  2624.0  0.05
716  2624.0  0.05
717  2624.0  0.05
718  2624.0  0.05
719  2624.0  0.05
720  2624.0  0.05
721  2624.0  0.05
722  2624.0  0.05
723  2624.0  0.05
724  2624.0  0.05
725  2624.0  0.05
726  2624.0  0.05
727  2624.0  0.05
728  2624.0  0.05
729  2624.0  0.05
730  2624.0  0.05
731  2624.0  0.05
732  2624.0  0.05
733  2624.0  0.05
734  2624.0  0.05
735  2624.0  0.05
736  2624.0  0.05
737  2624.0  0.05
738  2624.0  0.05
739  2624.0  0.05
740  2624.0  0.05
741  2624.0  0.05
742  2624.0  0.05
743  2624.0  0.05
744  2624.0  0.05
745  2624.0  0.05
746  2624.0  0.05
747  2624.0  0.05
748  2624.0  0.05
749  2624.0  0.05
750  2624.0  0.05
751  2624.0  0.05
752  2624.0  0.05
753  2624.0  0.05
754  2624.0  0.05
755  2624.0  0.05
756  2624.0  0.05
757  2624.0  0.05
758  2624.0  0.05
759  2624.0  0.05
760  2624.0  0.05
761  2624.0  0.05
762  2624.0  0.05
763  2701.0  0.04
764  2701.0  0.04
765  2701.0  0.04
766  2701.0  0.04
767  2701.0  0.04
768  2701.0  0.04
769  2701.0  0.04
770  2701.0  0.04
771  2701.0  0.04
772  2701.0  0.04
773  2701.0  0.04
774  2701.0  0.04
775  2701.0  0.04
776  2701.0  0.04
777  2701.0  0.04
778  2701.0  0.04
779  2701.0  0.04
780  2701.0  0.04
781  2701.0  0.04
782  2701.0  0.04
783  2701.0  0.04
784  2701.0  0.04
785  2701.0  0.04
786  2701.0  0.04
787  2701.0  0.04
788  2701.0  0.04
789  2701.0  0.04
790  2701.0  0.04
791  2701.0  0.04
792  2701.0  0.04
793  2701.0  0.04
794  2701.0  0.04
795  2701.0  0.04
796  2701.0  0.04
797  2701.0  0.04
798  2701.0  0.04
799  2701.0  0.04
800  2701.0  0.04
801  2701.0  0.04
802  2701.0  0.04
803  2701.0  0.04
804  2701.0  0.04
805  2701.0  0.04
806  2701.0  0.04
807  2701.0  0.04
808  2701.0  0.04
809  2701.0  0.04
810  2701.0  0.04
811  2701.0  0.04
812  2701.0  0.04
813  2701.0  0.04
814  2701.0  0.04
815  2701.0  0.04
816  2701.0  0.04
817  2701.0  0.04
818  2701.0  0.04
819  2701.0  0.04
820  2701.0  0.04
821  2701.0  0.04
822  2701.0  0.04
823  2701.0  0.04
824  2701.0  0.04
825  2701.0  0.04
826  2701.0  0.04
827  2701.0  0.04
828  2701.0  0.04
829  2701.0  0.04
830  2701.0  0.04
831  2701.0  0.04
832  2701.0  0.04
833  2701.0  0.04
834  2701.0  0.04
835  2701.0  0.04
836  2701.0  0.04
837  2701.0  0.04
838  2701.0  0.04
839  2701.0  0.04
840  2701.0  0.04
841  2701.0  0.04
842  2701.0  0.04
843  2701.0  0.04
844  2701.0  0.04
845  2701.0  0.04
846  2701.0  0.04
847  2701.0  0.04
848  2701.0  0.04
849  2701.0  0.04
850  2701.0  0.04
851  2701.0  0.04
852  2701.0  0.04
853  2701.0  0.04
854  2701.0  0.04
855  2701.0  0.04
856  2701.0  0.04
857  2701.0  0.04
858  2701.0  0.04
859  2701.0  0.04
860  2701.0  0.04
861  2701.0  0.04
862  2701.0  0.04
863  2701.0  0.04
864  2701.0  0.04
865  2701.0  0.04
866  2701.0  0.04
867  2701.0  0.04
868  2701.0  0.04
869  2701.0  0.04
870  2701.0  0.04
871  2701.0  0.04
872  2701.0  0.04
873  2701.0  0.04
874  2701.0  0.04
875  2701.0  0.04
876  2701.0  0.04
877  2701.0  0.04
878  2701.0  0.04
879  2701.0  0.04
880  2701.0  0.04
881  2701.0  0.04
882  2701.0  0.04
883  2701.0  0.04
884  2701.0  0.04
885  2701.0  0.04
886  2701.0  0.04
887  2701.0  0.04
888  2701.0  0.04
889  2701.0  0.04
890  2701.0  0.04
891  2701.0  0.04
892  2701.0  0.04
893  2701.0  0.04
894  2701.0  0.04
895  2701.0  0.04
896  2701.0  0.04
897  2701.0  0.04
898  2701.0  0.04
899  2701.0  0.04
900  2701.0  0.04
901  2701.0  0.04
902  2701.0  0.04
903  2701.0  0.04
904  2701.0  0.04
905  2701.0  0.04
906  2701.0  0.04
907  2701.0  0.04
908  2701.0  0.04
909  2701.0  0.04
910  2701.0  0.04
911  2701.0  0.04
912  2701.0  0.04
913  2701.0  0.04
914  2701.0  0.04
915  2701.0  0.04
916  2701.0  0.04
917  2701.0  0.04
918  2701.0  0.04
919  2701.0  0.04
920  2701.0  0.04
921  2701.0  0.04
922  2701.0  0.04
923  2701.0  0.04
924  2701.0  0.04
925  2701.0  0.04
926  2701.0  0.04
927  2701.0  0.04
928  2701.0  0.04
929  2701.0  0.04
930  2701.0  0.04
931  2701.0  0.04
932  2701.0  0.04
933  2701.0  0.04
934  2701.0  0.04
935  2701.0  0.04
936  2701.0  0.04
937  2701.0  0.04
938  2701.0  0.04
939  2701.0  0.04
940  2701.0  0.04
941  2701.0  0.04
942  2701.0  0.04
943  2701.0  0.04
944  2701.0  0.04
945  2701.0  0.04
946  2701.0  0.04
947  2701.0  0.04
948  2701.0  0.04
949  2701.0  0.04
950  2701.0  0.04
951  2701.0  0.04
952  2701.0  0.04
953  2701.0  0.04
954  2701.0  0.04
955  2701.0  0.04
956  2701.0  0.04
957  2701.0  0.04
958  2701.0  0.04
959  2701.0  0.04
960  2701.0  0.04
961  2701.0  0.04
962  2701.0  0.04
963  2701.0  0.04
964  2701.0  0.04
965  2701.0  0.04
966  2701.0  0.04
967  2701.0  0.04
968  2701.0  0.04
969  2701.0  0.04
970  2701.0  0.04
971  2701.0  0.04
972  2701.0  0.04
973  2701.0  0.04
974  2701.0  0.04
975  2701.0  0.04
976  2701.0  0.04
977  2701.0  0.04
978  2701.0  0.04
979  2701.0  0.04
980  2701.0  0.04
981  2701.0  0.04
982  2701.0  0.04
983  2701.0  0.04
984  2701.0  0.04
985  2701.0  0.04
986  2701.0  0.04
987  2701.0  0.04
988  2701.0  0.04
989  2701.0  0.04
990  2701.0  0.04
991  2701.0  0.04
992  2701.0  0.04
993  2701.0  0.04
994  2701.0  0.04
995  2701.0  0.04
996  2701.0  0.04
997  2701.0  0.04
998  2701.0  0.04
999  2701.0  0.04
1000  2701.0  0.04
1001  2701.0  0.04
1002  2701.0  0.04
1003  2701.0  0.04
1004  2701.0  0.04
1005  2701.0  0.04
1006  2701.0  0.04
1007  2701.0  0.04
1008  2701.0  0.04
1009  2701.0  0.04
1010  2701.0  0.04
1011  2701.0  0.04
1012  2701.0  0.04
1013  2701.0  0.04
1014  2701.0  0.04
1015  2701.0  0.04
1016  2701.0  0.04
1017  2701.0  0.04
1018  2701.0  0.04
1019  2701.0  0.04
1020  2701.0  0.04
1021  2701.0  0.04
1022  2701.0  0.04
1023  2701.0  0.04
1024  2701.0  0.04
1025  2701.0  0.04
1026  2701.0  0.04
1027  2701.0  0.04
1028  2701.0  0.04
1029  2701.0  0.04
1030  2701.0  0.04
1031  2701.0  0.04
1032  2701.0  0.04
1033  2701.0  0.04
1034  2701.0  0.04
1035  2701.0  0.04
1036  2701.0  0.04
1037  2701.0  0.04
1038  2701.0  0.04
1039  2701.0  0.04
1040  2701.0  0.04
1041  2701.0  0.04
1042  2701.0  0.04
1043  2701.0  0.04
1044  2701.0  0.04
1045  2701.0  0.04
1046  2701.0  0.04
1047  2701.0  0.04
1048  2701.0  0.04
1049  2701.0  0.04
1050  2701.0  0.04
1051  2701.0  0.04
1052  2701.0  0.04
1053  2701.0  0.04
1054  2701.0  0.04
1055  2701.0  0.04
1056  2701.0  0.04
1057  2701.0  0.04
1058  2701.0  0.04
1059  2701.0  0.04
1060  2701.0  0.04
1061  2701.0  0.04
1062  2701.0  0.04
1063  2701.0  0.04
1064  2701.0  0.04
1065  2701.0  0.04
1066  2701.0  0.04
1067  2701.0  0.04
1068  2701.0  0.04
1069  2701.0  0.04
1070  2701.0  0.04
1071  2701.0  0.04
1072  2701.0  0.04
1073  2701.0  0.04
1074  2701.0  0.04
1075  2701.0  0.04
1076  2701.0  0.04
1077  2701.0  0.04
1078  2701.0  0.04
1079  2701.0  0.04
1080  2701.0  0.04
1081  2701.0  0.04
1082  2701.0  0.04
1083  2701.0  0.04
1084  2701.0  0.04
1085  2701.0  0.04
1086  2701.0  0.04
1087  2701.0  0.04
1088  2701.0  0.04
1089  2701.0  0.04
1090  2701.0  0.04
1091  2701.0  0.04
1092  2701.0  0.04
1093  2701.0  0.04
1094  2701.0  0.04
1095  2701.0  0.04
1096  2701.0  0.04
1097  2701.0  0.04
1098  2701.0  0.04
1099  2701.0  0.04
1100  2701.0  0.04
1101  2701.0  0.04
1102  2701.0  0.04
1103  2701.0  0.04
1104  2701.0  0.04
1105  2701.0  0.04
1106  2701.0  0.04
1107  2701.0  0.04
1108  2701.0  0.04
1109  2701.0  0.04
1110  2701.0  0.04
1111  2701.0  0.04
1112  2701.0  0.04
1113  2701.0  0.04
1114  2701.0  0.04
1115  2701.0  0.04
1116  2701.0  0.04
1117  2701.0  0.04
1118  2701.0  0.04
1119  2701.0  0.04
1120  2701.0  0.04
1121  2701.0  0.04
1122  2701.0  0.04
1123  2701.0  0.04
1124  2701.0  0.04
1125  2701.0  0.04
1126  2701.0  0.04
1127  2701.0  0.04
1128  2701.0  0.04
1129  2701.0  0.04
1130  2701.0  0.04
1131  2701.0  0.04
1132  2701.0  0.04
1133  2701.0  0.04
1134  2701.0  0.04
1135  2701.0  0.04
1136  2701.0  0.04
1137  2701.0  0.04
1138  2701.0  0.04
1139  2701.0  0.04
1140  2701.0  0.04
1141  2701.0  0.04
1142  2701.0  0.04
1143  2701.0  0.04
1144  2701.0  0.04
1145  2701.0  0.04
1146  2701.0  0.04
1147  2701.0  0.04
1148  2701.0  0.04
1149  2701.0  0.04
1150  2701.0  0.04
1151  2701.0  0.04
1152  2701.0  0.04
1153  2701.0  0.04
1154  2701.0  0.04
1155  2701.0  0.04
1156  2701.0  0.04
1157  2701.0  0.04
1158  2701.0  0.04
1159  2701.0  0.04
1160  2701.0  0.04
1161  2701.0  0.04
1162  2701.0  0.04
1163  2701.0  0.04
1164  2701.0  0.04
1165  2701.0  0.04
1166  2701.0  0.04
1167  2701.0  0.04
1168  2701.0  0.04
1169  2701.0  0.04
1170  2701.0  0.04
1171  2701.0  0.04
1172  2701.0  0.04
1173  2701.0  0.04
1174  2701.0  0.04
1175  2701.0  0.04
1176  2701.0  0.04
1177  2701.0  0.04
1178  2701.0  0.04
1179  2701.0  0.04
1180  2701.0  0.04
1181  2701.0  0.04
1182  2701.0  0.04
1183  2701.0  0.04
1184  2701.0  0.04
1185  2701.0  0.04
1186  2701.0  0.04
1187  2701.0  0.04
1188  2701.0  0.04
1189  2701.0  0.04
1190  2701.0  0.04
1191  2701.0  0.04
1192  2701.0  0.04
1193  2701.0  0.04
1194  2701.0  0.04
1195  2701.0  0.04
1196  2701.0  0.04
1197  2701.0  0.04
1198  2701.0  0.04
1199  2701.0  0.04
1200  2701.0  0.04
1201  2701.0  0.04
1202  2701.0  0.04
1203  2701.0  0.04
1204  2701.0  0.04
1205  2701.0  0.04
1206  2701.0  0.04
1207  2701.0  0.04
1208  2701.0  0.04
1209  2701.0  0.04
1210  2701.0  0.04
1211  2701.0  0.04
1212  2701.0  0.04
1213  2701.0  0.04
1214  2701.0  0.04
1215  2701.0  0.04
1216  2701.0  0.04
1217  2701.0  0.04
1218  2701.0  0.04
1219  2701.0  0.04
1220  2701.0  0.04
1221  2701.0  0.04
1222  2701.0  0.04
1223  2701.0  0.04
1224  2701.0  0.04
1225  2701.0  0.04
1226  2701.0  0.04
1227  2701.0  0.04
1228  2701.0  0.04
1229  2701.0  0.04
1230  2701.0  0.04
1231  2701.0  0.04
1232  2701.0  0.04
1233  2701.0  0.04
1234  2701.0  0.04
1235  2701.0  0.04
1236  2701.0  0.04
1237  2701.0  0.04
1238  2701.0  0.04
1239  2701.0  0.04
1240  2701.0  0.04
1241  2701.0  0.04
1242  2701.0  0.04
1243  2701.0  0.04
1244  2701.0  0.04
1245  2701.0  0.04
1246  2701.0  0.04
1247  2701.0  0.04
1248  2701.0  0.04
1249  2701.0  0.04
1250  2701.0  0.04
1251  2701.0  0.04
1252  2701.0  0.04
1253  2701.0  0.04
1254  2701.0  0.04
1255  2701.0  0.04
1256  2701.0  0.04
1257  2701.0  0.04
1258  2701.0  0.04
1259  2701.0  0.04
1260  2701.0  0.04
1261  2701.0  0.04
1262  2701.0  0.04
1263  2701.0  0.04
1264  2701.0  0.04
1265  2701.0  0.04
1266  2701.0  0.04
1267  2701.0  0.04
1268  2701.0  0.04
1269  2701.0  0.04
1270  2701.0  0.04
1271  2701.0  0.04
1272  2701.0  0.04
1273  2701.0  0.04
1274  2701.0  0.04
1275  2701.0  0.04
1276  2701.0  0.04
1277  2701.0  0.04
1278  2701.0  0.04
1279  2701.0  0.04
1280  2701.0  0.04
1281  2701.0  0.04
1282  2701.0  0.04
1283  2701.0  0.04
1284  2701.0  0.04
1285  2701.0  0.04
1286  2701.0  0.04
1287  2701.0  0.04
1288  2701.0  0.04
1289  2701.0  0.04
1290  2701.0  0.04
1291  2701.0  0.04
1292  2701.0  0.04
1293  2701.0  0.04
1294  2701.0  0.04
1295  2701.0  0.04
1296  2701.0  0.04
1297  2701.0  0.04
1298  2701.0  0.04
1299  2701.0  0.04
1300  2701.0  0.04
1301  2701.0  0.04
1302  2701.0  0.04
1303  2701.0  0.04
1304  2701.0  0.04
1305  2701.0  0.04
1306  2701.0  0.04
1307  2701.0  0.04
1308  2701.0  0.04
1309  2701.0  0.04
1310  2701.0  0.04
1311  2701.0  0.04
1312  2701.0  0.04
1313  2701.0  0.04
1314  2701.0  0.04
1315  2701.0  0.04
1316  2701.0  0.04
1317  2701.0  0.04
1318  2701.0  0.04
1319  2701.0  0.04
1320  2701.0  0.04
1321  2701.0  0.04
1322  2701.0  0.04
1323  2701.0  0.04
1324  2701.0  0.04
1325  2701.0  0.04
1326  2701.0  0.04
1327  2701.0  0.04
1328  2701.0  0.04
1329  2701.0  0.04
1330  2701.0  0.04
1331  2701.0  0.04
1332  2701.0  0.04
1333  2701.0  0.04
1334  2701.0  0.04
1335  2701.0  0.04
1336  2701.0  0.04
1337  2701.0  0.04
1338  2701.0  0.04
1339  2701.0  0.04
1340  2701.0  0.04
1341  2701.0  0.04
1342  2701.0  0.04
1343  2701.0  0.04
1344  2701.0  0.04
1345  2701.0  0.04
1346  2701.0  0.04
1347  2701.0  0.04
1348  2701.0  0.04
1349  2701.0  0.04
1350  2701.0  0.04
1351  2701.0  0.04
1352  2701.0  0.04
1353  2701.0  0.04
1354  2701.0  0.04
1355  2701.0  0.04
1356  2701.0  0.04
1357  2701.0  0.04
1358  2701.0  0.04
1359  2701.0  0.04
1360  2701.0  0.04
1361  2701.0  0.04
1362  2701.0  0.04
1363  2701.0  0.04
1364  2701.0  0.04
1365  2701.0  0.04
1366  2701.0  0.04
1367  2701.0  0.04
1368  2701.0  0.04
1369  2701.0  0.04
1370  2701.0  0.04
1371  2701.0  0.04
1372  2701.0  0.04
1373  2701.0  0.04
1374  2701.0  0.04
1375  2701.0  0.04
1376  2701.0  0.04
1377  2701.0  0.04
1378  2701.0  0.04
1379  2701.0  0.04
1380  2701.0  0.04
1381  2701.0  0.04
1382  2701.0  0.04
1383  2701.0  0.04
1384  2701.0  0.04
1385  2701.0  0.04
1386  2701.0  0.04
1387  2701.0  0.04
1388  2701.0  0.04
1389  2701.0  0.04
1390  2701.0  0.04
1391  2701.0  0.04
1392  2701.0  0.04
1393  2701.0  0.04
1394  2701.0  0.04
1395  2701.0  0.04
1396  2701.0  0.04
1397  2701.0  0.04
1398  2701.0  0.04
1399  2701.0  0.04
1400  2701.0  0.04
1401  2701.0  0.04
1402  2701.0  0.04
1403  2701.0  0.04
1404  2701.0  0.04
1405  2701.0  0.04
1406  2701.0  0.04
1407  2701.0  0.04
1408  2701.0  0.04
1409  2701.0  0.04
1410  2701.0  0.04
1411  2701.0  0.04
1412  2701.0  0.04
1413  2701.0  0.04
1414  2701.0  0.04
1415  2701.0  0.04
1416  2701.0  0.04
1417  2701.0  0.04
1418  2701.0  0.04
1419  2701.0  0.04
1420  2701.0  0.04
1421  2701.0  0.04
1422  2701.0  0.04
1423  2701.0  0.04
1424  2701.0  0.04
1425  2701.0  0.04
1426  2701.0  0.04
1427  2701.0  0.04
1428  2701.0  0.04
1429  2701.0  0.04
1430  2701.0  0.04
1431  2701.0  0.04
1432  2701.0  0.04
1433  2701.0  0.04
1434  2701.0  0.04
1435  2701.0  0.04
1436  2701.0  0.04
1437  2701.0  0.04
1438  2701.0  0.04
1439  2701.0  0.04
1440  2701.0  0.04
1441  2701.0  0.04
1442  2701.0  0.04
1443  2701.0  0.04
1444  2701.0  0.04
1445  2701.0  0.04
1446  2701.0  0.04
1447  2701.0  0.04
1448  2701.0  0.04
1449  2701.0  0.04
1450  2701.0  0.04
1451  2701.0  0.04
1452  2701.0  0.04
1453  2701.0  0.04
1454  2701.0  0.04
1455  2701.0  0.04
1456  2701.0  0.04
1457  2701.0  0.04
1458  2701.0  0.04
1459  2701.0  0.04
1460  2701.0  0.04
1461  2701.0  0.04
1462  2701.0  0.04
1463  2701.0  0.04
1464  2701.0  0.04
1465  2701.0  0.04
1466  2701.0  0.04
1467  2701.0  0.04
1468  2701.0  0.04
1469  2701.0  0.04
1470  2701.0  0.04
1471  2701.0  0.04
1472  2701.0  0.04
1473  2701.0  0.04
1474  2701.0  0.04
1475  2701.0  0.04
1476  2701.0  0.04
1477  2701.0  0.04
1478  2701.0  0.04
1479  2701.0  0.04
1480  2701.0  0.04
1481  2701.0  0.04
1482  2701.0  0.04
1483  2701.0  0.04
1484  2701.0  0.04
1485  2701.0  0.04
1486  2701.0  0.04
1487  2701.0  0.04
1488  2701.0  0.04
1489  2701.0  0.04
1490  2701.0  0.04
1491  2701.0  0.04
1492  2701.0  0.04
1493  2701.0  0.04
1494  2701.0  0.04
1495  2701.0  0.04
1496  2701.0  0.04
1497  2701.0  0.04
1498  2701.0  0.04
1499  2701.0  0.04
1500  2701.0  0.04
1501  2701.0  0.04
1502  2701.0  0.04
1503  2701.0  0.04
1504  2701.0  0.04
1505  2701.0  0.04
1506  2701.0  0.04
1507  2701.0  0.04
1508  2701.0  0.04
1509  2701.0  0.04
1510  2701.0  0.04
1511  2701.0  0.04
1512  2701.0  0.04
1513  2701.0  0.04
1514  2701.0  0.04
1515  2701.0  0.04
1516  2701.0  0.04
1517  2701.0  0.04
1518  2701.0  0.04
1519  2701.0  0.04
1520  2701.0  0.04
1521  2701.0  0.04
1522  2701.0  0.04
1523  2701.0  0.04
1524  2701.0  0.04
1525  2701.0  0.04
1526  2701.0  0.04
1527  2701.0  0.04
1528  2701.0  0.04
1529  2701.0  0.04
1530  2701.0  0.04
1531  2701.0  0.04
1532  2701.0  0.04
1533  2701.0  0.04
1534  2701.0  0.04
1535  2701.0  0.04
1536  2701.0  0.04
1537  2701.0  0.04
1538  2701.0  0.04
1539  2701.0  0.04
1540  2701.0  0.04
1541  2701.0  0.04
1542  2701.0  0.04
1543  2701.0  0.04
1544  2701.0  0.04
1545  2701.0  0.04
1546  2701.0  0.04
1547  2701.0  0.04
1548  2701.0  0.04
1549  2701.0  0.04
1550  2701.0  0.04
1551  2701.0  0.04
1552  2701.0  0.04
1553  2701.0  0.04
1554  2701.0  0.04
1555  2701.0  0.04
1556  2701.0  0.04
1557  2701.0  0.04
1558  2701.0  0.04
1559  2701.0  0.04
1560  2701.0  0.04
1561  2701.0  0.04
1562  2701.0  0.04
1563  2701.0  0.04
1564  2701.0  0.04
1565  2701.0  0.04
1566  2701.0  0.04
1567  2701.0  0.04
1568  2701.0  0.04
1569  2701.0  0.04
1570  2701.0  0.04
1571  2701.0  0.04
1572  2701.0  0.04
1573  2701.0  0.04
1574  2701.0  0.04
1575  2701.0  0.04
1576  2701.0  0.04
1577  2701.0  0.04
1578  2701.0  0.04
1579  2701.0  0.04
1580  2701.0  0.04
1581  2701.0  0.04
1582  2701.0  0.04
1583  2701.0  0.04
1584  2701.0  0.04
1585  2701.0  0.04
1586  2701.0  0.04
1587  2701.0  0.04
1588  2701.0  0.04
1589  2701.0  0.04
1590  2701.0  0.04
1591  2701.0  0.04
1592  2701.0  0.04
1593  2701.0  0.04
1594  2701.0  0.04
1595  2701.0  0.04
1596  2701.0  0.04
1597  2701.0  0.04
1598  2701.0  0.04
1599  2701.0  0.04
1600  2701.0  0.04
1601  2701.0  0.04
1602  2701.0  0.04
1603  2701.0  0.04
1604  2701.0  0.04
1605  2701.0  0.04
1606  2701.0  0.04
1607  2701.0  0.04
1608  2701.0  0.04
1609  2701.0  0.04
1610  2701.0  0.04
1611  2701.0  0.04
1612  2701.0  0.04
1613  2701.0  0.04
1614  2701.0  0.04
1615  2701.0  0.04
1616  2701.0  0.04
1617  2701.0  0.04
1618  2701.0  0.04
1619  2701.0  0.04
1620  2701.0  0.04
1621  2701.0  0.04
1622  2701.0  0.04
1623  2701.0  0.04
1624  2701.0  0.04
1625  2701.0  0.04
1626  2701.0  0.04
1627  2701.0  0.04
1628  2701.0  0.04
1629  2701.0  0.04
1630  2701.0  0.04
1631  2701.0  0.04
1632  2701.0  0.04
1633  2701.0  0.04
1634  2701.0  0.04
1635  2701.0  0.04
1636  2701.0  0.04
1637  2701.0  0.04
1638  2701.0  0.04
1639  2701.0  0.04
1640  2701.0  0.04
1641  2701.0  0.04
1642  2701.0  0.04
1643  2701.0  0.04
1644  2701.0  0.04
1645  2701.0  0.04
1646  2701.0  0.04
1647  2701.0  0.04
1648  2701.0  0.04
1649  2701.0  0.04
1650  2701.0  0.04
1651  2701.0  0.04
1652  2701.0  0.04
1653  2701.0  0.04
1654  2701.0  0.04
1655  2701.0  0.04
1656  2701.0  0.04
1657  2701.0  0.04
1658  2701.0  0.04
1659  2701.0  0.04
1660  2701.0  0.04
1661  2701.0  0.04
1662  2701.0  0.04
1663  2701.0  0.04
1664  2701.0  0.04
1665  2701.0  0.04
1666  2701.0  0.04
1667  2701.0  0.04
1668  2701.0  0.04
1669  2701.0  0.04
1670  2701.0  0.04
1671  2701.0  0.04
1672  2701.0  0.04
1673  2701.0  0.04
1674  2701.0  0.04
1675  2701.0  0.04
1676  2701.0  0.04
1677  2701.0  0.04
1678  2701.0  0.04
1679  2701.0  0.04
1680  2701.0  0.04
1681  2701.0  0.04
1682  2701.0  0.04
1683  2701.0  0.04
1684  2701.0  0.04
1685  2701.0  0.04
1686  2701.0  0.04
1687  2701.0  0.04
1688  2701.0  0.04
1689  2701.0  0.04
1690  2701.0  0.04
1691  2701.0  0.04
1692  2701.0  0.04
1693  2701.0  0.04
1694  2701.0  0.04
1695  2701.0  0.04
1696  2701.0  0.04
1697  2701.0  0.04
1698  2701.0  0.04
1699  2701.0  0.04
1700  2701.0  0.04
1701  2701.0  0.04
1702  2701.0  0.04
1703  2701.0  0.04
1704  2701.0  0.04
1705  2701.0  0.04
1706  2701.0  0.04
1707  2701.0  0.04
1708  2701.0  0.04
1709  2701.0  0.04
1710  2701.0  0.04
1711  2701.0  0.04
1712  2701.0  0.04
1713  2701.0  0.04
1714  2701.0  0.04
1715  2701.0  0.04
1716  2701.0  0.04
1717  2701.0  0.04
1718  2701.0  0.04
1719  2701.0  0.04
1720  2701.0  0.04
1721  2701.0  0.04
1722  2701.0  0.04
1723  2701.0  0.04
1724  2701.0  0.04
1725  2701.0  0.04
1726  2701.0  0.04
1727  2701.0  0.04
1728  2701.0  0.04
1729  2701.0  0.04
1730  2701.0  0.04
1731  2701.0  0.04
1732  2701.0  0.04
1733  2701.0  0.04
1734  2701.0  0.04
1735  2701.0  0.04
1736  2701.0  0.04
1737  2701.0  0.04
1738  2701.0  0.04
1739  2701.0  0.04
1740  2701.0  0.04
1741  2701.0  0.04
1742  2701.0  0.04
1743  2701.0  0.04
1744  2701.0  0.04
1745  2701.0  0.04
1746  2701.0  0.04
1747  2701.0  0.04
1748  2701.0  0.04
1749  2701.0  0.04
1750  2701.0  0.04
1751  2701.0  0.04
1752  2701.0  0.04
1753  2701.0  0.04
1754  2701.0  0.04
1755  2701.0  0.04
1756  2701.0  0.04
1757  2701.0  0.04
1758  2701.0  0.04
1759  2701.0  0.04
1760  2701.0  0.04
1761  2701.0  0.04
1762  2701.0  0.04
1763  2701.0  0.04
1764  2701.0  0.04
1765  2701.0  0.04
1766  2701.0  0.04
1767  2701.0  0.04
1768  2701.0  0.04
1769  2701.0  0.04
1770  2701.0  0.04
1771  2701.0  0.04
1772  2701.0  0.04
1773  2701.0  0.04
1774  2701.0  0.04
1775  2701.0  0.04
1776  2701.0  0.04
1777  2701.0  0.04
1778  2701.0  0.04
1779  2701.0  0.04
1780  2701.0  0.04
1781  2701.0  0.04
1782  2701.0  0.04
1783  2701.0  0.04
1784  2701.0  0.04
1785  2701.0  0.04
1786  2701.0  0.04
1787  2701.0  0.04
1788  2701.0  0.04
1789  2701.0  0.04
1790  2701.0  0.04
1791  2701.0  0.04
1792  2701.0  0.04
1793  2701.0  0.04
1794  2701.0  0.04
1795  2701.0  0.04
1796  2701.0  0.04
1797  2701.0  0.04
1798  2701.0  0.04
1799  2701.0  0.04
1800  2701.0  0.04
1801  2701.0  0.04
1802  2701.0  0.04
1803  2701.0  0.04
1804  2701.0  0.04
1805  2701.0  0.04
1806  2701.0  0.04
1807  2701.0  0.04
1808  2701.0  0.04
1809  2701.0  0.04
1810  2701.0  0.04
1811  2701.0  0.04
1812  2701.0  0.04
1813  2701.0  0.04
1814  2701.0  0.04
1815  2701.0  0.04
1816  2701.0  0.04
1817  2701.0  0.04
1818  2701.0  0.04
1819  2701.0  0.04
1820  2701.0  0.04
1821  2701.0  0.04
1822  2701.0  0.04
1823  2701.0  0.04
1824  2701.0  0.04
1825  2701.0  0.04
1826  2701.0  0.04
1827  2701.0  0.04
1828  2701.0  0.04
1829  2701.0  0.04
1830  2701.0  0.04
1831  2701.0  0.04
1832  2701.0  0.04
1833  2701.0  0.04
1834  2701.0  0.04
1835  2701.0  0.04
1836  2701.0  0.04
1837  2701.0  0.04
1838  2701.0  0.04
1839  2701.0  0.04
1840  2701.0  0.04
1841  2701.0  0.04
1842  2701.0  0.04
1843  2701.0  0.04
1844  2701.0  0.04
1845  2701.0  0.04
1846  2701.0  0.04
1847  2701.0  0.04
1848  2701.0  0.04
1849  2701.0  0.04
1850  2701.0  0.04
1851  2701.0  0.04
1852  2701.0  0.04
1853  2701.0  0.04
1854  2701.0  0.04
1855  2701.0  0.04
1856  2701.0  0.04
1857  2701.0  0.04
1858  2701.0  0.04
1859  2701.0  0.04
1860  2701.0  0.04
1861  2701.0  0.04
1862  2701.0  0.04
1863  2701.0  0.04
1864  2701.0  0.04
1865  2701.0  0.04
1866  2701.0  0.04
1867  2701.0  0.04
1868  2701.0  0.04
1869  2701.0  0.04
1870  2701.0  0.04
1871  2701.0  0.04
1872  2701.0  0.04
1873  2701.0  0.04
1874  2701.0  0.04
1875  2701.0  0.04
1876  2701.0  0.04
1877  2701.0  0.04
1878  2701.0  0.04
1879  2701.0  0.04
1880  2701.0  0.04
1881  2701.0  0.04
1882  2701.0  0.04
1883  2701.0  0.04
1884  2701.0  0.04
1885  2701.0  0.04
1886  2701.0  0.04
1887  2701.0  0.04
1888  2701.0  0.04
1889  2701.0  0.04
1890  2701.0  0.04
1891  2701.0  0.04
1892  2701.0  0.04
1893  2701.0  0.04
1894  2701.0  0.04
1895  2701.0  0.04
1896  2701.0  0.04
1897  2701.0  0.04
1898  2701.0  0.04
1899  2701.0  0.04
1900  2701.0  0.04
1901  2701.0  0.04
1902  2701.0  0.04
1903  2701.0  0.04
1904  2701.0  0.04
1905  2701.0  0.04
1906  2701.0  0.04
1907  2701.0  0.04
1908  2701.0  0.04
1909  2701.0  0.04
1910  2701.0  0.04
1911  2701.0  0.04
1912  2701.0  0.04
1913  2701.0  0.04
1914  2701.0  0.04
1915  2701.0  0.04
1916  2701.0  0.04
1917  2701.0  0.04
1918  2701.0  0.04
1919  2701.0  0.04
1920  2701.0  0.04
1921  2701.0  0.04
1922  2701.0  0.04
1923  2701.0  0.04
1924  2701.0  0.04
1925  2701.0  0.04
1926  2701.0  0.04
1927  2701.0  0.04
1928  2701.0  0.04
1929  2701.0  0.04
1930  2701.0  0.04
1931  2701.0  0.04
1932  2701.0  0.04
1933  2701.0  0.04
1934  2701.0  0.04
1935  2701.0  0.04
1936  2701.0  0.04
1937  2701.0  0.04
1938  2701.0  0.04
1939  2701.0  0.04
1940  2701.0  0.04
1941  2701.0  0.04
1942  2701.0  0.04
1943  2701.0  0.04
1944  2701.0  0.04
1945  2701.0  0.04
1946  2701.0  0.04
1947  2701.0  0.04
1948  2701.0  0.04
1949  2701.0  0.04
1950  2701.0  0.04
1951  2701.0  0.04
1952  2701.0  0.04
1953  2701.0  0.04
1954  2701.0  0.04
1955  2701.0  0.04
1956  2701.0  0.04
1957  2701.0  0.04
1958  2701.0  0.04
1959  2701.0  0.04
1960  2701.0  0.04
1961  2701.0  0.04
1962  2701.0  0.04
1963  2701.0  0.04
1964  2701.0  0.04
1965  2701.0  0.04
1966  2701.0  0.04
1967  2701.0  0.04
1968  2701.0  0.04
1969  2701.0  0.04
1970  2701.0  0.04
1971  2701.0  0.04
1972  2701.0  0.04
1973  2701.0  0.04
1974  2701.0  0.04
1975  2701.0  0.04
1976  2701.0  0.04
1977  2701.0  0.04
1978  2701.0  0.04
1979  2701.0  0.04
1980  2701.0  0.04
1981  2701.0  0.04
1982  2701.0  0.04
1983  2701.0  0.04
1984  2701.0  0.04
1985  2701.0  0.04
1986  2701.0  0.04
1987  2701.0  0.04
1988  2701.0  0.04
1989  2701.0  0.04
1990  2701.0  0.04
1991  2701.0  0.04
1992  2701.0  0.04
1993  2701.0  0.04
1994  2701.0  0.04
1995  2701.0  0.04
1996  2701.0  0.04
1997  2701.0  0.04
1998  2701.0  0.04
1999  2701.0  0.04
2000  2701.0  0.04
2001  2701.0  0.04
2002  2701.0  0.04
2003  2701.0  0.04
2004  2701.0  0.04
2005  2701.0  0.04
2006  2701.0  0.04
2007  2701.0  0.04
2008  2701.0  0.04
2009  2701.0  0.04
2010  2701.0  0.04
2011  2701.0  0.04
2012  2701.0  0.04
2013  2701.0  0.04
2014  2701.0  0.04
2015  2701.0  0.04
2016  2701.0  0.04
2017  2701.0  0.04
2018  2701.0  0.04
2019  2701.0  0.04
2020  2701.0  0.04
2021  2701.0  0.04
2022  2701.0  0.04
2023  2701.0  0.04
2024  2701.0  0.04
2025  2701.0  0.04
2026  2701.0  0.04
2027  2701.0  0.04
2028  2701.0  0.04
2029  2701.0  0.04
2030  2701.0  0.04
2031  2701.0  0.04
2032  2701.0  0.04
2033  2701.0  0.04
2034  2701.0  0.04
2035  2701.0  0.04
2036  2701.0  0.04
2037  2701.0  0.04
2038  2701.0  0.04
2039  2701.0  0.04
2040  2701.0  0.04
2041  2701.0  0.04
2042  2701.0  0.04
2043  2701.0  0.04
2044  2701.0  0.04
2045  2701.0  0.04
2046  2701.0  0.04
2047  2701.0  0.04
2048  2701.0  0.04
2049  2701.0  0.04
2050  2701.0  0.04
2051  2701.0  0.04
2052  2701.0  0.04
2053  2701.0  0.04
2054  2701.0  0.04
2055  2701.0  0.04
2056  2701.0  0.04
2057  2701.0  0.04
2058  2701.0  0.04
2059  2701.0  0.04
2060  2701.0  0.04
2061  2701.0  0.04
2062  2701.0  0.04
2063  2701.0  0.04
2064  2701.0  0.04
2065  2701.0  0.04
2066  2701.0  0.04
2067  2701.0  0.04
2068  2701.0  0.04
2069  2701.0  0.04
2070  2701.0  0.04
2071  2701.0  0.04
2072  2701.0  0.04
2073  2701.0  0.04
2074  2701.0  0.04
2075  2701.0  0.04
2076  2701.0  0.04
2077  2701.0  0.04
2078  2701.0  0.04
2079  2701.0  0.04
2080  2701.0  0.04
2081  2701.0  0.04
2082  2701.0  0.04
2083  2701.0  0.04
2084  2701.0  0.04
2085  2701.0  0.04
2086  2701.0  0.04
2087  2701.0  0.04
2088  2701.0  0.04
2089  2701.0  0.04
2090  2701.0  0.04
2091  2701.0  0.04
2092  2701.0  0.04
2093  2701.0  0.04
2094  2701.0  0.04
2095  2701.0  0.04
2096  2701.0  0.04
2097  2701.0  0.04
2098  2701.0  0.04
2099  2701.0  0.04
2100  2701.0  0.04
2101  2701.0  0.04
2102  2701.0  0.04
2103  2701.0  0.04
2104  2701.0  0.04
2105  2701.0  0.04
2106  2701.0  0.04
2107  2701.0  0.04
2108  2701.0  0.04
2109  2701.0  0.04
2110  2701.0  0.04
2111  2701.0  0.04
2112  2701.0  0.04
2113  2701.0  0.04
2114  2701.0  0.04
2115  2701.0  0.04
2116  2701.0  0.04
2117  2701.0  0.04
2118  2701.0  0.04
2119  2701.0  0.04
2120  2701.0  0.04
2121  2701.0  0.04
2122  2701.0  0.04
2123  2701.0  0.04
2124  2701.0  0.04
2125  2701.0  0.04
2126  2701.0  0.04
2127  2701.0  0.04
2128  2701.0  0.04
2129  2701.0  0.04
2130  2701.0  0.04
2131  2701.0  0.04
2132  2701.0  0.04
2133  2701.0  0.04
2134  2701.0  0.04
2135  2701.0  0.04
2136  2701.0  0.04
2137  2701.0  0.04
2138  2701.0  0.04
2139  2701.0  0.04
2140  2701.0  0.04
2141  2701.0  0.04
2142  2701.0  0.04
2143  2701.0  0.04
2144  2701.0  0.04
2145  2701.0  0.04
2146  2701.0  0.04
2147  2701.0  0.04
2148  2701.0  0.04
2149  2701.0  0.04
2150  2701.0  0.04
2151  2701.0  0.04
2152  2701.0  0.04
2153  2701.0  0.04
2154  2701.0  0.04
2155  2701.0  0.04
2156  2701.0  0.04
2157  2701.0  0.04
2158  2701.0  0.04
2159  2701.0  0.04
2160  2701.0  0.04
2161  2701.0  0.04
2162  2701.0  0.04
2163  2701.0  0.04
2164  2701.0  0.04
2165  2701.0  0.04
2166  2701.0  0.04
2167  2701.0  0.04
2168  2701.0  0.04
2169  2701.0  0.04
2170  2701.0  0.04
2171  2701.0  0.04
2172  2701.0  0.04
2173  2701.0  0.04
2174  2701.0  0.04
2175  2701.0  0.04
2176  2701.0  0.04
2177  2701.0  0.04
2178  2701.0  0.04
2179  2701.0  0.04
2180  2701.0  0.04
2181  2701.0  0.04
2182  2701.0  0.04
2183  2701.0  0.04
2184  2701.0  0.04
2185  2701.0  0.04
2186  2701.0  0.04
2187  2701.0  0.04
2188  2701.0  0.04
2189  2701.0  0.04
2190  2701.0  0.04
2191  2701.0  0.04
2192  2701.0  0.04
2193  2701.0  0.04
2194  2701.0  0.04
2195  2701.0  0.04
2196  2701.0  0.04
2197  2701.0  0.04
2198  2701.0  0.04
2199  2701.0  0.04
2200  2701.0  0.04
2201  2701.0  0.04
2202  2701.0  0.04
2203  2701.0  0.04
2204  2701.0  0.04
2205  2701.0  0.04
2206  2701.0  0.04
2207  2701.0  0.04
2208  2701.0  0.04
2209  2701.0  0.04
2210  2701.0  0.04
2211  2701.0  0.04
2212  2701.0  0.04
2213  2701.0  0.04
2214  2701.0  0.04
2215  2701.0  0.04
2216  2701.0  0.04
2217  2701.0  0.04
2218  2701.0  0.04
2219  2701.0  0.04
2220  2701.0  0.04
2221  2701.0  0.04
2222  2701.0  0.04
2223  2701.0  0.04
2224  2701.0  0.04
2225  2701.0  0.04
2226  2701.0  0.04
2227  2701.0  0.04
2228  2701.0  0.04
2229  2701.0  0.04
2230  2701.0  0.04
2231  2701.0  0.04
2232  2701.0  0.04
2233  2701.0  0.04
2234  2701.0  0.04
2235  2701.0  0.04
2236  2701.0  0.04
2237  2701.0  0.04
2238  2701.0  0.04
2239  2701.0  0.04
2240  2701.0  0.04
2241  2701.0  0.04
2242  2701.0  0.04
2243  2701.0  0.04
2244  2701.0  0.04
2245  2701.0  0.04
2246  2701.0  0.04
2247  2701.0  0.04
2248  2701.0  0.04
2249  2701.0  0.04
2250  2701.0  0.04
2251  2701.0  0.04
2252  2701.0  0.04
2253  2701.0  0.04
2254  2701.0  0.04
2255  2701.0  0.04
2256  2701.0  0.04
2257  2701.0  0.04
2258  2701.0  0.04
2259  2701.0  0.04
2260  2701.0  0.04
2261  2701.0  0.04
2262  2701.0  0.04
2263  2701.0  0.04
2264  2701.0  0.04
2265  2701.0  0.04
2266  2701.0  0.04
2267  2701.0  0.04
2268  2701.0  0.04
2269  2701.0  0.04
2270  2701.0  0.04
2271  2701.0  0.04
2272  2701.0  0.04
2273  2701.0  0.04
2274  2701.0  0.04
2275  2701.0  0.04
2276  2701.0  0.04
2277  2701.0  0.04
2278  2701.0  0.04
2279  2701.0  0.04
2280  2701.0  0.04
2281  2701.0  0.04
2282  2701.0  0.04
2283  2701.0  0.04
2284  2701.0  0.04
2285  2701.0  0.04
2286  2701.0  0.04
2287  2701.0  0.04
2288  2701.0  0.04
2289  2701.0  0.04
2290  2701.0  0.04
2291  2701.0  0.04
2292  2701.0  0.04
2293  2701.0  0.04
2294  2701.0  0.04
2295  2701.0  0.04
2296  2701.0  0.04
2297  2701.0  0.04
2298  2701.0  0.04
2299  2701.0  0.04
2300  2701.0  0.04
2301  2701.0  0.04
2302  2701.0  0.04
2303  2701.0  0.04
2304  2701.0  0.04
2305  2701.0  0.04
2306  2701.0  0.04
2307  2701.0  0.04
2308  2701.0  0.04
2309  2701.0  0.04
2310  2701.0  0.04
2311  2701.0  0.04
2312  2701.0  0.04
2313  2701.0  0.04
2314  2701.0  0.04
2315  2701.0  0.04
2316  2701.0  0.04
2317  2701.0  0.04
2318  2701.0  0.04
2319  2701.0  0.04
2320  2701.0  0.04
2321  2701.0  0.04
2322  2701.0  0.04
2323  2701.0  0.04
2324  2701.0  0.04
2325  2701.0  0.04
2326  2701.0  0.04
2327  2701.0  0.04
2328  2701.0  0.04
2329  2701.0  0.04
2330  2701.0  0.04
2331  2701.0  0.04
2332  2701.0  0.04
2333  2701.0  0.04
2334  2701.0  0.04
2335  2701.0  0.04
2336  2701.0  0.04
2337  2701.0  0.04
2338  2701.0  0.04
2339  2701.0  0.04
2340  2701.0  0.04
2341  2701.0  0.04
2342  2701.0  0.04
2343  2701.0  0.04
2344  2701.0  0.04
2345  2701.0  0.04
2346  2701.0  0.04
2347  2701.0  0.04
2348  2701.0  0.04
2349  2701.0  0.04
2350  2701.0  0.04
2351  2701.0  0.04
2352  2701.0  0.04
2353  2701.0  0.04
2354  2701.0  0.04
2355  2701.0  0.04
2356  2701.0  0.04
2357  2701.0  0.04
2358  2701.0  0.04
2359  2701.0  0.04
2360  2701.0  0.04
2361  2701.0  0.04
2362  2701.0  0.04
2363  2701.0  0.04
2364  2701.0  0.04
2365  2701.0  0.04
2366  2701.0  0.04
2367  2701.0  0.04
2368  2701.0  0.04
2369  2701.0  0.04
2370  2701.0  0.04
2371  2701.0  0.04
2372  2701.0  0.04
2373  2701.0  0.04
2374  2701.0  0.04
2375  2701.0  0.04
2376  2701.0  0.04
2377  2701.0  0.04
2378  2701.0  0.04
2379  2701.0  0.04
2380  2701.0  0.04
2381  2701.0  0.04
2382  2701.0  0.04
2383  2701.0  0.04
2384  2701.0  0.04
2385  2701.0  0.04
2386  2701.0  0.04
2387  2701.0  0.04
2388  2701.0  0.04
2389  2701.0  0.04
2390  2701.0  0.04
2391  2701.0  0.04
2392  2701.0  0.04
2393  2701.0  0.04
2394  2701.0  0.04
2395  2701.0  0.04
2396  2701.0  0.04
2397  2701.0  0.04
2398  2701.0  0.04
2399  2701.0  0.04
2400  2701.0  0.04
2401  2701.0  0.04
2402  2701.0  0.04
2403  2701.0  0.04
2404  2701.0  0.04
2405  2701.0  0.04
2406  2701.0  0.04
2407  2701.0  0.04
2408  2701.0  0.04
2409  2701.0  0.04
2410  2701.0  0.04
2411  2701.0  0.04
2412  2701.0  0.04
2413  2701.0  0.04
2414  2701.0  0.04
2415  2701.0  0.04
2416  2701.0  0.04
2417  2701.0  0.04
2418  2701.0  0.04
2419  2701.0  0.04
2420  2701.0  0.04
2421  2701.0  0.04
2422  2701.0  0.04
2423  2701.0  0.04
2424  2701.0  0.04
2425  2701.0  0.04
2426  2701.0  0.04
2427  2701.0  0.04
2428  2701.0  0.04
2429  2701.0  0.04
2430  2701.0  0.04
2431  2701.0  0.04
2432  2701.0  0.04
2433  2701.0  0.04
2434  2701.0  0.04
2435  2701.0  0.04
2436  2701.0  0.04
2437  2701.0  0.04
2438  2701.0  0.04
2439  2701.0  0.04
2440  2701.0  0.04
2441  2701.0  0.04
2442  2701.0  0.04
2443  2701.0  0.04
2444  2701.0  0.04
2445  2701.0  0.04
2446  2701.0  0.04
2447  2701.0  0.04
2448  2701.0  0.04
2449  2701.0  0.04
2450  2701.0  0.04
2451  2701.0  0.04
2452  2701.0  0.04
2453  2701.0  0.04
2454  2701.0  0.04
2455  2701.0  0.04
2456  2701.0  0.04
2457  2701.0  0.04
2458  2701.0  0.04
2459  2701.0  0.04
2460  2701.0  0.04
2461  2701.0  0.04
2462  2701.0  0.04
2463  2701.0  0.04
2464  2701.0  0.04
2465  2701.0  0.04
2466  2701.0  0.04
2467  2701.0  0.04
2468  2701.0  0.04
2469  2701.0  0.04
2470  2701.0  0.04
2471  2701.0  0.04
2472  2701.0  0.04
2473  2701.0  0.04
2474  2701.0  0.04
2475  2701.0  0.04
2476  2701.0  0.04
2477  2701.0  0.04
2478  2701.0  0.04
2479  2701.0  0.04
2480  2701.0  0.04
2481  2701.0  0.04
2482  2701.0  0.04
2483  2701.0  0.04
2484  2701.0  0.04
2485  2701.0  0.04
2486  2701.0  0.04
2487  2701.0  0.04
2488  2701.0  0.04
2489  2701.0  0.04
2490  2701.0  0.04
2491  2701.0  0.04
2492  2701.0  0.04
2493  2701.0  0.04
2494  2701.0  0.04
2495  2701.0  0.04
2496  2701.0  0.04
2497  2701.0  0.04
2498  2701.0  0.04
2499  2701.0  0.04
2500  2701.0  0.04
2501  2701.0  0.04
2502  2701.0  0.04
2503  2701.0  0.04
2504  2701.0  0.04
2505  2701.0  0.04
2506  2701.0  0.04
2507  2701.0  0.04
2508  2701.0  0.04
2509  2701.0  0.04
2510  2701.0  0.04
2511  2701.0  0.04
2512  2701.0  0.04
2513  2701.0  0.04
2514  2701.0  0.04
2515  2701.0  0.04
2516  2701.0  0.04
2517  2701.0  0.04
2518  2701.0  0.04
2519  2701.0  0.04
2520  2701.0  0.04
2521  2701.0  0.04
2522  2701.0  0.04
2523  2701.0  0.04
2524  2701.0  0.04
2525  2701.0  0.04
2526  2701.0  0.04
2527  2701.0  0.04
2528  2701.0  0.04
2529  2701.0  0.04
2530  2701.0  0.04
2531  2701.0  0.04
2532  2701.0  0.04
2533  2701.0  0.04
2534  2701.0  0.04
2535  2701.0  0.04
2536  2701.0  0.04
2537  2701.0  0.04
2538  2701.0  0.04
2539  2701.0  0.04
2540  2701.0  0.04
2541  2701.0  0.04
2542  2701.0  0.04
2543  2701.0  0.04
2544  2701.0  0.04
2545  2701.0  0.04
2546  2701.0  0.04
2547  2701.0  0.04
2548  2701.0  0.04
2549  2701.0  0.04
2550  2701.0  0.04
2551  2701.0  0.04
2552  2701.0  0.04
2553  2701.0  0.04
2554  2701.0  0.04
2555  2701.0  0.04
2556  2701.0  0.04
2557  2701.0  0.04
2558  2701.0  0.04
2559  2701.0  0.04
2560  2701.0  0.04
2561  2701.0  0.04
2562  2701.0  0.04
2563  2701.0  0.04
2564  2701.0  0.04
2565  2701.0  0.04
2566  2701.0  0.04
2567  2701.0  0.04
2568  2701.0  0.04
2569  2701.0  0.04
2570  2701.0  0.04
2571  2701.0  0.04
2572  2701.0  0.04
2573  2701.0  0.04
2574  2701.0  0.04
2575  2701.0  0.04
2576  2701.0  0.04
2577  2701.0  0.04
2578  2701.0  0.04
2579  2701.0  0.04
2580  2701.0  0.04
2581  2701.0  0.04
2582  2701.0  0.04
2583  2701.0  0.04
2584  2701.0  0.04
2585  2701.0  0.04
2586  2701.0  0.04
2587  2701.0  0.04
2588  2701.0  0.04
2589  2701.0  0.04
2590  2701.0  0.04
2591  2701.0  0.04
2592  2701.0  0.04
2593  2701.0  0.04
2594  2701.0  0.04
2595  2701.0  0.04
2596  2701.0  0.04
2597  2701.0  0.04
2598  2701.0  0.04
2599  2701.0  0.04
2600  2701.0  0.04
2601  2701.0  0.04
2602  2701.0  0.04
2603  2701.0  0.04
2604  2701.0  0.04
2605  2701.0  0.04
2606  2701.0  0.04
2607  2701.0  0.04
2608  2701.0  0.04
2609  2701.0  0.04
2610  2701.0  0.04
2611  2701.0  0.04
2612  2701.0  0.04
2613  2701.0  0.04
2614  2701.0  0.04
2615  2701.0  0.04
2616  2701.0  0.04
2617  2701.0  0.04
2618  2701.0  0.04
2619  2701.0  0.04
2620  2701.0  0.04
2621  2701.0  0.04
2622  2701.0  0.04
2623  2701.0  0.04
2624  2701.0  0.04
2625  2701.0  0.04
2626  2701.0  0.04
2627  2701.0  0.04
2628  2701.0  0.04
2629  2701.0  0.04
2630  2701.0  0.04
2631  2701.0  0.04
2632  2701.0  0.04
2633  2701.0  0.04
2634  2701.0  0.04
2635  2701.0  0.04
2636  2701.0  0.04
2637  2701.0  0.04
2638  2701.0  0.04
2639  2701.0  0.04
2640  2701.0  0.04
2641  2701.0  0.04
2642  2701.0  0.04
2643  2701.0  0.04
2644  2701.0  0.04
2645  2701.0  0.04
2646  2701.0  0.04
2647  2701.0  0.04
2648  2701.0  0.04
2649  2701.0  0.04
2650  2701.0  0.04
2651  2701.0  0.04
2652  2701.0  0.04
2653  2701.0  0.04
2654  2701.0  0.04
2655  2701.0  0.04
2656  2701.0  0.04
2657  2701.0  0.04
2658  2701.0  0.04
2659  2701.0  0.04
2660  2701.0  0.04
2661  2701.0  0.04
2662  2701.0  0.04
2663  2701.0  0.04
2664  2701.0  0.04
2665  2701.0  0.04
2666  2701.0  0.04
2667  2701.0  0.04
2668  2701.0  0.04
2669  2701.0  0.04
2670  2701.0  0.04
2671  2701.0  0.04
2672  2701.0  0.04
2673  2701.0  0.04
2674  2701.0  0.04
2675  2701.0  0.04
2676  2701.0  0.04
2677  2701.0  0.04
2678  2701.0  0.04
2679  2701.0  0.04
2680  2701.0  0.04
2681  2701.0  0.04
2682  2701.0  0.04
2683  2701.0  0.04
2684  2701.0  0.04
2685  2701.0  0.04
2686  2701.0  0.04
2687  2701.0  0.04
2688  2701.0  0.04
2689  2701.0  0.04
2690  2701.0  0.04
2691  2701.0  0.04
2692  2701.0  0.04
2693  2701.0  0.04
2694  2701.0  0.04
2695  2701.0  0.04
2696  2701.0  0.04
2697  2701.0  0.04
2698  2701.0  0.04
2699  2701.0  0.04
2700  2701.0  0.04
2701  2701.0  0.04
2702  2701.0  0.04
2703  2701.0  0.04
2704  2701.0  0.04
2705  2701.0  0.04
2706  2701.0  0.04
2707  2701.0  0.04
2708  2701.0  0.04
2709  2701.0  0.04
2710  2701.0  0.04
2711  2701.0  0.04
2712  2701.0  0.04
2713  2701.0  0.04
2714  2701.0  0.04
2715  2701.0  0.04
2716  2701.0  0.04
2717  2701.0  0.04
2718  2701.0  0.04
2719  2701.0  0.04
2720  2701.0  0.04
2721  2701.0  0.04
2722  2701.0  0.04
2723  2701.0  0.04
2724  2701.0  0.04
2725  2701.0  0.04
2726  2701.0  0.04
2727  2701.0  0.04
2728  2701.0  0.04
2729  2701.0  0.04
2730  2701.0  0.04
2731  2701.0  0.04
2732  2701.0  0.04
2733  2701.0  0.04
2734  2701.0  0.04
2735  2701.0  0.04
2736  2701.0  0.04
2737  2701.0  0.04
2738  2701.0  0.04
2739  2701.0  0.04
2740  2701.0  0.04
2741  2701.0  0.04
2742  2701.0  0.04
2743  2701.0  0.04
2744  2701.0  0.04
2745  2701.0  0.04
2746  2701.0  0.04
2747  2701.0  0.04
2748  2701.0  0.04
2749  2701.0  0.04
2750  2701.0  0.04
2751  2701.0  0.04
2752  2701.0  0.04
2753  2701.0  0.04
2754  2701.0  0.04
2755  2701.0  0.04
2756  2701.0  0.04
2757  2701.0  0.04
2758  2701.0  0.04
2759  2701.0  0.04
2760  2701.0  0.04
2761  2701.0  0.04
2762  2701.0  0.04
2763  2701.0  0.04
2764  2715.0  0.03
2765  2715.0  0.03
2766  2715.0  0.03
2767  2715.0  0.03
2768  2715.0  0.03
2769  2715.0  0.03
2770  2715.0  0.03
2771  2715.0  0.03
2772  2715.0  0.03
2773  2715.0  0.03
2774  2715.0  0.03
2775  2715.0  0.03
2776  2715.0  0.03
2777  2715.0  0.03
2778  2715.0  0.03
2779  2715.0  0.03
2780  2715.0  0.03
2781  2715.0  0.03
2782  2715.0  0.03
2783  2715.0  0.03
2784  2715.0  0.03
2785  2715.0  0.03
2786  2715.0  0.03
2787  2715.0  0.03
2788  2715.0  0.03
2789  2715.0  0.03
2790  2715.0  0.03
2791  2715.0  0.03
2792  2715.0  0.03
2793  2715.0  0.03
2794  2715.0  0.03
2795  2715.0  0.03
2796  2715.0  0.03
2797  2715.0  0.03
2798  2715.0  0.03
2799  2715.0  0.03
2800  2715.0  0.03
2801  2715.0  0.03
2802  2715.0  0.03
2803  2715.0  0.03
2804  2715.0  0.03
2805  2715.0  0.03
2806  2715.0  0.03
2807  2715.0  0.03
2808  2715.0  0.03
2809  2715.0  0.03
2810  2715.0  0.03
2811  2715.0  0.03
2812  2715.0  0.03
2813  2715.0  0.03
2814  2715.0  0.03
2815  2715.0  0.03
2816  2715.0  0.03
2817  2715.0  0.03
2818  2715.0  0.03
2819  2715.0  0.03
2820  2715.0  0.03
2821  2715.0  0.03
2822  2715.0  0.03
2823  2715.0  0.03
2824  2715.0  0.03
2825  2715.0  0.03
2826  2715.0  0.03
2827  2715.0  0.03
2828  2715.0  0.03
2829  2715.0  0.03
2830  2715.0  0.03
2831  2715.0  0.03
2832  2715.0  0.03
2833  2715.0  0.03
2834  2715.0  0.03
2835  2715.0  0.03
2836  2715.0  0.03
2837  2715.0  0.03
2838  2715.0  0.03
2839  2715.0  0.03
2840  2715.0  0.03
2841  2715.0  0.03
2842  2715.0  0.03
2843  2715.0  0.03
2844  2715.0  0.03
2845  2715.0  0.03
2846  2715.0  0.03
2847  2715.0  0.03
2848  2715.0  0.03
2849  2715.0  0.03
2850  2715.0  0.03
2851  2715.0  0.03
2852  2715.0  0.03
2853  2715.0  0.03
2854  2715.0  0.03
2855  2715.0  0.03
2856  2715.0  0.03
2857  2715.0  0.03
2858  2715.0  0.03
2859  2715.0  0.03
2860  2715.0  0.03
2861  2715.0  0.03
2862  2715.0  0.03
2863  2715.0  0.03
2864  2715.0  0.03
2865  2715.0  0.03
2866  2715.0  0.03
2867  2715.0  0.03
2868  2715.0  0.03
2869  2715.0  0.03
2870  2715.0  0.03
2871  2715.0  0.03
2872  2715.0  0.03
2873  2715.0  0.03
2874  2715.0  0.03
2875  2715.0  0.03
2876  2715.0  0.03
2877  2715.0  0.03
2878  2715.0  0.03
2879  2715.0  0.03
2880  2715.0  0.03
2881  2715.0  0.03
2882  2715.0  0.03
2883  2715.0  0.03
2884  2715.0  0.03
2885  2715.0  0.03
2886  2715.0  0.03
2887  2715.0  0.03
2888  2715.0  0.03
2889  2715.0  0.03
2890  2715.0  0.03
2891  2715.0  0.03
2892  2715.0  0.03
2893  2715.0  0.03
2894  2715.0  0.03
2895  2715.0  0.03
2896  2715.0  0.03
2897  2715.0  0.03
2898  2715.0  0.03
2899  2715.0  0.03
2900  2715.0  0.03
2901  2715.0  0.03
2902  2715.0  0.03
2903  2715.0  0.03
2904  2715.0  0.03
2905  2715.0  0.03
2906  2715.0  0.03
2907  2715.0  0.03
2908  2715.0  0.03
2909  2715.0  0.03
2910  2715.0  0.03
2911  2715.0  0.03
2912  2715.0  0.03
2913  2715.0  0.03
2914  2715.0  0.03
2915  2715.0  0.03
2916  2715.0  0.03
2917  2715.0  0.03
2918  2715.0  0.03
2919  2715.0  0.03
2920  2715.0  0.03
2921  2715.0  0.03
2922  2715.0  0.03
2923  2715.0  0.03
2924  2715.0  0.03
2925  2715.0  0.03
2926  2715.0  0.03
2927  2715.0  0.03
2928  2715.0  0.03
2929  2715.0  0.03
2930  2715.0  0.03
2931  2715.0  0.03
2932  2715.0  0.03
2933  2715.0  0.03
2934  2715.0  0.03
2935  2715.0  0.03
2936  2715.0  0.03
2937  2715.0  0.03
2938  2715.0  0.03
2939  2715.0  0.03
2940  2715.0  0.03
2941  2715.0  0.03
2942  2715.0  0.03
2943  2715.0  0.03
2944  2715.0  0.03
2945  2715.0  0.03
2946  2715.0  0.03
2947  2715.0  0.03
2948  2715.0  0.03
2949  2715.0  0.03
2950  2715.0  0.03
2951  2715.0  0.03
2952  2715.0  0.03
2953  2715.0  0.03
2954  2715.0  0.03
2955  2715.0  0.03
2956  2715.0  0.03
2957  2715.0  0.03
2958  2715.0  0.03
2959  2715.0  0.03
2960  2715.0  0.03
2961  2715.0  0.03
2962  2715.0  0.03
2963  2715.0  0.03
2964  2715.0  0.03
2965  2715.0  0.03
2966  2715.0  0.03
2967  2715.0  0.03
2968  2715.0  0.03
2969  2715.0  0.03
2970  2715.0  0.03
2971  2715.0  0.03
2972  2715.0  0.03
2973  2715.0  0.03
2974  2715.0  0.03
2975  2715.0  0.03
2976  2715.0  0.03
2977  2715.0  0.03
2978  2715.0  0.03
2979  2715.0  0.03
2980  2715.0  0.03
2981  2715.0  0.03
2982  2715.0  0.03
2983  2715.0  0.03
2984  2715.0  0.03
2985  2715.0  0.03
2986  2715.0  0.03
2987  2715.0  0.03
2988  2715.0  0.03
2989  2715.0  0.03
2990  2715.0  0.03
2991  2715.0  0.03
2992  2715.0  0.03
2993  2715.0  0.03
2994  2715.0  0.03
2995  2715.0  0.03
2996  2715.0  0.03
2997  2715.0  0.03
2998  2715.0  0.03
2999  2715.0  0.03
#[9, 9, 9, 9, 9, 9, 9, 9, 9, 9]
#[-6, 9, 9, 9, 9, 9, 9, 9, 9, 9]
#[7, 9, 9, 9, 9, 9, 9, 9, 9, 9]
#[-2, 3, 9, 9, 9, 9, 9, 9, 9, 9]
#[9, 9, 9, 9, 9, 9, 9, 9, 9, 9]
#[9, 9, 9, 9, 9, 9, 9, 9, 9, 9]
#[-6, 5, 9, 9, 9, 9, 9, 9, 9, 9]
#[3, 4, 9, 9, 9, 9, 9, 9, 9, 9]
#[9, 9, 9, 9, 9, 9, 9, 9, 9, 9]
#Specialization index= [0, 9, 0.12195121951219512]
