#[5, 3, 7, 0, 6, 0, 6, 3, 1, 4]
#[3, 6, 6, 2, 7, 6, 3, 8, 9, 5]
#[9, 6, 7, 6, 3, 8, 2, 2, 7, 5]
#[8, 8, 3, 6, 9, 5, 7, 8, 9, 4]
#[5, 9, 5, 7, 7, 7, 7, 6, 5, 2]
#[6, 2, 5, 6, 5, 2, 3, 8, 4, 9]
#[0, 0, 5, 9, 7, 9, 0, 1, 8, 4]
#[5, 6, 2, 6, 8, 9, 6, 5, 4, 7]
#[8, 8, 2, 5, 5, 9, 9, 4, 2, 9]
0  2347.0  0.1
1  2347.0  0.1
2  2347.0  0.1
3  2347.0  0.1
4  2403.0  0.08
5  2403.0  0.08
6  2403.0  0.08
7  2418.0  0.09
8  2418.0  0.09
9  2418.0  0.09
10  2418.0  0.09
11  2418.0  0.09
12  2418.0  0.09
13  2446.0  0.08
14  2446.0  0.08
15  2446.0  0.08
16  2446.0  0.08
17  2446.0  0.08
18  2446.0  0.08
19  2446.0  0.08
20  2446.0  0.08
21  2446.0  0.08
22  2446.0  0.08
23  2446.0  0.08
24  2446.0  0.08
25  2446.0  0.08
26  2446.0  0.08
27  2446.0  0.08
28  2491.0  0.09
29  2491.0  0.09
30  2491.0  0.09
31  2491.0  0.09
32  2491.0  0.09
33  2491.0  0.09
34  2491.0  0.09
35  2491.0  0.09
36  2491.0  0.09
37  2491.0  0.09
38  2491.0  0.09
39  2491.0  0.09
40  2514.0  0.09
41  2514.0  0.09
42  2527.0  0.06
43  2527.0  0.06
44  2527.0  0.06
45  2527.0  0.06
46  2527.0  0.06
47  2527.0  0.06
48  2527.0  0.06
49  2527.0  0.06
50  2527.0  0.06
51  2527.0  0.06
52  2527.0  0.06
53  2527.0  0.06
54  2527.0  0.06
55  2527.0  0.06
56  2527.0  0.06
57  2527.0  0.06
58  2527.0  0.06
59  2527.0  0.06
60  2527.0  0.06
61  2527.0  0.06
62  2527.0  0.06
63  2527.0  0.06
64  2527.0  0.06
65  2527.0  0.06
66  2527.0  0.06
67  2527.0  0.06
68  2527.0  0.06
69  2527.0  0.06
70  2527.0  0.06
71  2527.0  0.06
72  2527.0  0.06
73  2527.0  0.06
74  2527.0  0.06
75  2527.0  0.06
76  2527.0  0.06
77  2527.0  0.06
78  2527.0  0.06
79  2527.0  0.06
80  2527.0  0.06
81  2527.0  0.06
82  2527.0  0.06
83  2527.0  0.06
84  2527.0  0.06
85  2527.0  0.06
86  2527.0  0.06
87  2527.0  0.06
88  2527.0  0.06
89  2527.0  0.06
90  2527.0  0.06
91  2527.0  0.06
92  2527.0  0.06
93  2527.0  0.06
94  2527.0  0.06
95  2527.0  0.06
96  2527.0  0.06
97  2527.0  0.06
98  2527.0  0.06
99  2527.0  0.06
100  2527.0  0.06
101  2527.0  0.06
102  2527.0  0.06
103  2527.0  0.06
104  2527.0  0.06
105  2527.0  0.06
106  2527.0  0.06
107  2527.0  0.06
108  2561.0  0.05
109  2561.0  0.05
110  2561.0  0.05
111  2561.0  0.05
112  2561.0  0.05
113  2561.0  0.05
114  2561.0  0.05
115  2561.0  0.05
116  2561.0  0.05
117  2561.0  0.05
118  2561.0  0.05
119  2561.0  0.05
120  2561.0  0.05
121  2561.0  0.05
122  2561.0  0.05
123  2561.0  0.05
124  2561.0  0.05
125  2561.0  0.05
126  2561.0  0.05
127  2561.0  0.05
128  2561.0  0.05
129  2561.0  0.05
130  2561.0  0.05
131  2561.0  0.05
132  2561.0  0.05
133  2561.0  0.05
134  2561.0  0.05
135  2561.0  0.05
136  2561.0  0.05
137  2561.0  0.05
138  2561.0  0.05
139  2561.0  0.05
140  2561.0  0.05
141  2561.0  0.05
142  2561.0  0.05
143  2561.0  0.05
144  2561.0  0.05
145  2561.0  0.05
146  2561.0  0.05
147  2561.0  0.05
148  2561.0  0.05
149  2561.0  0.05
150  2561.0  0.05
151  2561.0  0.05
152  2561.0  0.05
153  2561.0  0.05
154  2561.0  0.05
155  2561.0  0.05
156  2561.0  0.05
157  2561.0  0.05
158  2561.0  0.05
159  2561.0  0.05
160  2561.0  0.05
161  2561.0  0.05
162  2561.0  0.05
163  2561.0  0.05
164  2561.0  0.05
165  2561.0  0.05
166  2561.0  0.05
167  2561.0  0.05
168  2561.0  0.05
169  2561.0  0.05
170  2561.0  0.05
171  2561.0  0.05
172  2561.0  0.05
173  2561.0  0.05
174  2561.0  0.05
175  2561.0  0.05
176  2561.0  0.05
177  2561.0  0.05
178  2561.0  0.05
179  2561.0  0.05
180  2561.0  0.05
181  2561.0  0.05
182  2561.0  0.05
183  2561.0  0.05
184  2561.0  0.05
185  2561.0  0.05
186  2561.0  0.05
187  2561.0  0.05
188  2561.0  0.05
189  2561.0  0.05
190  2561.0  0.05
191  2561.0  0.05
192  2561.0  0.05
193  2561.0  0.05
194  2561.0  0.05
195  2561.0  0.05
196  2561.0  0.05
197  2561.0  0.05
198  2561.0  0.05
199  2561.0  0.05
200  2561.0  0.05
201  2561.0  0.05
202  2561.0  0.05
203  2561.0  0.05
204  2561.0  0.05
205  2561.0  0.05
206  2561.0  0.05
207  2561.0  0.05
208  2561.0  0.05
209  2561.0  0.05
210  2561.0  0.05
211  2561.0  0.05
212  2561.0  0.05
213  2561.0  0.05
214  2561.0  0.05
215  2561.0  0.05
216  2561.0  0.05
217  2561.0  0.05
218  2561.0  0.05
219  2561.0  0.05
220  2561.0  0.05
221  2561.0  0.05
222  2561.0  0.05
223  2561.0  0.05
224  2561.0  0.05
225  2561.0  0.05
226  2561.0  0.05
227  2561.0  0.05
228  2561.0  0.05
229  2561.0  0.05
230  2561.0  0.05
231  2561.0  0.05
232  2561.0  0.05
233  2561.0  0.05
234  2561.0  0.05
235  2561.0  0.05
236  2561.0  0.05
237  2561.0  0.05
238  2561.0  0.05
239  2561.0  0.05
240  2561.0  0.05
241  2561.0  0.05
242  2561.0  0.05
243  2561.0  0.05
244  2561.0  0.05
245  2561.0  0.05
246  2561.0  0.05
247  2561.0  0.05
248  2561.0  0.05
249  2561.0  0.05
250  2561.0  0.05
251  2561.0  0.05
252  2561.0  0.05
253  2561.0  0.05
254  2561.0  0.05
255  2561.0  0.05
256  2561.0  0.05
257  2561.0  0.05
258  2625.0  0.04
259  2625.0  0.04
260  2625.0  0.04
261  2625.0  0.04
262  2625.0  0.04
263  2625.0  0.04
264  2625.0  0.04
265  2625.0  0.04
266  2625.0  0.04
267  2625.0  0.04
268  2625.0  0.04
269  2625.0  0.04
270  2625.0  0.04
271  2625.0  0.04
272  2625.0  0.04
273  2625.0  0.04
274  2625.0  0.04
275  2625.0  0.04
276  2625.0  0.04
277  2625.0  0.04
278  2625.0  0.04
279  2625.0  0.04
280  2625.0  0.04
281  2625.0  0.04
282  2625.0  0.04
283  2625.0  0.04
284  2625.0  0.04
285  2625.0  0.04
286  2625.0  0.04
287  2625.0  0.04
288  2625.0  0.04
289  2625.0  0.04
290  2625.0  0.04
291  2625.0  0.04
292  2625.0  0.04
293  2625.0  0.04
294  2625.0  0.04
295  2625.0  0.04
296  2625.0  0.04
297  2625.0  0.04
298  2625.0  0.04
299  2625.0  0.04
300  2625.0  0.04
301  2625.0  0.04
302  2625.0  0.04
303  2625.0  0.04
304  2625.0  0.04
305  2625.0  0.04
306  2625.0  0.04
307  2625.0  0.04
308  2625.0  0.04
309  2625.0  0.04
310  2625.0  0.04
311  2625.0  0.04
312  2625.0  0.04
313  2625.0  0.04
314  2625.0  0.04
315  2625.0  0.04
316  2625.0  0.04
317  2625.0  0.04
318  2625.0  0.04
319  2625.0  0.04
320  2625.0  0.04
321  2625.0  0.04
322  2625.0  0.04
323  2625.0  0.04
324  2625.0  0.04
325  2625.0  0.04
326  2625.0  0.04
327  2625.0  0.04
328  2625.0  0.04
329  2625.0  0.04
330  2625.0  0.04
331  2625.0  0.04
332  2625.0  0.04
333  2625.0  0.04
334  2625.0  0.04
335  2625.0  0.04
336  2625.0  0.04
337  2625.0  0.04
338  2625.0  0.04
339  2625.0  0.04
340  2625.0  0.04
341  2625.0  0.04
342  2625.0  0.04
343  2625.0  0.04
344  2625.0  0.04
345  2625.0  0.04
346  2625.0  0.04
347  2625.0  0.04
348  2625.0  0.04
349  2625.0  0.04
350  2625.0  0.04
351  2625.0  0.04
352  2625.0  0.04
353  2625.0  0.04
354  2625.0  0.04
355  2625.0  0.04
356  2625.0  0.04
357  2625.0  0.04
358  2625.0  0.04
359  2625.0  0.04
360  2625.0  0.04
361  2625.0  0.04
362  2625.0  0.04
363  2625.0  0.04
364  2625.0  0.04
365  2625.0  0.04
366  2625.0  0.04
367  2625.0  0.04
368  2625.0  0.04
369  2625.0  0.04
370  2625.0  0.04
371  2625.0  0.04
372  2625.0  0.04
373  2625.0  0.04
374  2625.0  0.04
375  2625.0  0.04
376  2625.0  0.04
377  2625.0  0.04
378  2625.0  0.04
379  2625.0  0.04
380  2625.0  0.04
381  2625.0  0.04
382  2625.0  0.04
383  2625.0  0.04
384  2625.0  0.04
385  2625.0  0.04
386  2625.0  0.04
387  2625.0  0.04
388  2625.0  0.04
389  2625.0  0.04
390  2625.0  0.04
391  2625.0  0.04
392  2625.0  0.04
393  2625.0  0.04
394  2625.0  0.04
395  2625.0  0.04
396  2625.0  0.04
397  2625.0  0.04
398  2625.0  0.04
399  2625.0  0.04
400  2625.0  0.04
401  2625.0  0.04
402  2625.0  0.04
403  2625.0  0.04
404  2625.0  0.04
405  2625.0  0.04
406  2625.0  0.04
407  2625.0  0.04
408  2625.0  0.04
409  2625.0  0.04
410  2625.0  0.04
411  2625.0  0.04
412  2625.0  0.04
413  2625.0  0.04
414  2625.0  0.04
415  2625.0  0.04
416  2625.0  0.04
417  2625.0  0.04
418  2625.0  0.04
419  2625.0  0.04
420  2625.0  0.04
421  2625.0  0.04
422  2625.0  0.04
423  2625.0  0.04
424  2625.0  0.04
425  2625.0  0.04
426  2625.0  0.04
427  2625.0  0.04
428  2625.0  0.04
429  2625.0  0.04
430  2625.0  0.04
431  2625.0  0.04
432  2625.0  0.04
433  2625.0  0.04
434  2625.0  0.04
435  2625.0  0.04
436  2625.0  0.04
437  2625.0  0.04
438  2625.0  0.04
439  2625.0  0.04
440  2625.0  0.04
441  2625.0  0.04
442  2625.0  0.04
443  2625.0  0.04
444  2625.0  0.04
445  2625.0  0.04
446  2625.0  0.04
447  2625.0  0.04
448  2625.0  0.04
449  2625.0  0.04
450  2625.0  0.04
451  2625.0  0.04
452  2625.0  0.04
453  2625.0  0.04
454  2625.0  0.04
455  2625.0  0.04
456  2625.0  0.04
457  2625.0  0.04
458  2625.0  0.04
459  2625.0  0.04
460  2625.0  0.04
461  2625.0  0.04
462  2625.0  0.04
463  2625.0  0.04
464  2625.0  0.04
465  2625.0  0.04
466  2625.0  0.04
467  2625.0  0.04
468  2625.0  0.04
469  2625.0  0.04
470  2625.0  0.04
471  2625.0  0.04
472  2625.0  0.04
473  2625.0  0.04
474  2625.0  0.04
475  2625.0  0.04
476  2625.0  0.04
477  2625.0  0.04
478  2625.0  0.04
479  2625.0  0.04
480  2625.0  0.04
481  2625.0  0.04
482  2625.0  0.04
483  2625.0  0.04
484  2625.0  0.04
485  2625.0  0.04
486  2625.0  0.04
487  2625.0  0.04
488  2625.0  0.04
489  2625.0  0.04
490  2625.0  0.04
491  2625.0  0.04
492  2625.0  0.04
493  2625.0  0.04
494  2625.0  0.04
495  2625.0  0.04
496  2625.0  0.04
497  2625.0  0.04
498  2625.0  0.04
499  2625.0  0.04
500  2625.0  0.04
501  2625.0  0.04
502  2625.0  0.04
503  2625.0  0.04
504  2625.0  0.04
505  2625.0  0.04
506  2625.0  0.04
507  2625.0  0.04
508  2625.0  0.04
509  2625.0  0.04
510  2625.0  0.04
511  2625.0  0.04
512  2625.0  0.04
513  2625.0  0.04
514  2625.0  0.04
515  2625.0  0.04
516  2625.0  0.04
517  2625.0  0.04
518  2625.0  0.04
519  2625.0  0.04
520  2625.0  0.04
521  2625.0  0.04
522  2625.0  0.04
523  2625.0  0.04
524  2625.0  0.04
525  2625.0  0.04
526  2625.0  0.04
527  2625.0  0.04
528  2625.0  0.04
529  2625.0  0.04
530  2625.0  0.04
531  2625.0  0.04
532  2625.0  0.04
533  2625.0  0.04
534  2625.0  0.04
535  2625.0  0.04
536  2625.0  0.04
537  2625.0  0.04
538  2625.0  0.04
539  2625.0  0.04
540  2625.0  0.04
541  2625.0  0.04
542  2625.0  0.04
543  2625.0  0.04
544  2625.0  0.04
545  2625.0  0.04
546  2625.0  0.04
547  2625.0  0.04
548  2625.0  0.04
549  2625.0  0.04
550  2625.0  0.04
551  2625.0  0.04
552  2625.0  0.04
553  2625.0  0.04
554  2625.0  0.04
555  2625.0  0.04
556  2625.0  0.04
557  2625.0  0.04
558  2625.0  0.04
559  2625.0  0.04
560  2625.0  0.04
561  2625.0  0.04
562  2625.0  0.04
563  2625.0  0.04
564  2625.0  0.04
565  2625.0  0.04
566  2625.0  0.04
567  2625.0  0.04
568  2625.0  0.04
569  2715.0  0.03
570  2715.0  0.03
571  2715.0  0.03
572  2715.0  0.03
573  2715.0  0.03
574  2715.0  0.03
575  2715.0  0.03
576  2715.0  0.03
577  2715.0  0.03
578  2715.0  0.03
579  2715.0  0.03
580  2715.0  0.03
581  2715.0  0.03
582  2715.0  0.03
583  2715.0  0.03
584  2715.0  0.03
585  2715.0  0.03
586  2715.0  0.03
587  2715.0  0.03
588  2715.0  0.03
589  2715.0  0.03
590  2715.0  0.03
591  2715.0  0.03
592  2715.0  0.03
593  2715.0  0.03
594  2715.0  0.03
595  2715.0  0.03
596  2715.0  0.03
597  2715.0  0.03
598  2715.0  0.03
599  2715.0  0.03
600  2715.0  0.03
601  2715.0  0.03
602  2715.0  0.03
603  2715.0  0.03
604  2715.0  0.03
605  2715.0  0.03
606  2715.0  0.03
607  2715.0  0.03
608  2715.0  0.03
609  2715.0  0.03
610  2715.0  0.03
611  2715.0  0.03
612  2715.0  0.03
613  2715.0  0.03
614  2715.0  0.03
615  2715.0  0.03
616  2715.0  0.03
617  2715.0  0.03
618  2715.0  0.03
619  2715.0  0.03
620  2715.0  0.03
621  2715.0  0.03
622  2715.0  0.03
623  2715.0  0.03
624  2715.0  0.03
625  2715.0  0.03
626  2715.0  0.03
627  2715.0  0.03
628  2715.0  0.03
629  2715.0  0.03
630  2715.0  0.03
631  2715.0  0.03
632  2715.0  0.03
633  2715.0  0.03
634  2715.0  0.03
635  2715.0  0.03
636  2715.0  0.03
637  2715.0  0.03
638  2715.0  0.03
639  2715.0  0.03
640  2715.0  0.03
641  2715.0  0.03
642  2715.0  0.03
643  2715.0  0.03
644  2715.0  0.03
645  2715.0  0.03
646  2715.0  0.03
647  2715.0  0.03
648  2715.0  0.03
649  2715.0  0.03
650  2715.0  0.03
651  2715.0  0.03
652  2715.0  0.03
653  2715.0  0.03
654  2715.0  0.03
655  2715.0  0.03
656  2715.0  0.03
657  2715.0  0.03
658  2715.0  0.03
659  2715.0  0.03
660  2715.0  0.03
661  2715.0  0.03
662  2715.0  0.03
663  2715.0  0.03
664  2715.0  0.03
665  2715.0  0.03
666  2715.0  0.03
667  2715.0  0.03
668  2715.0  0.03
669  2715.0  0.03
670  2715.0  0.03
671  2715.0  0.03
672  2715.0  0.03
673  2715.0  0.03
674  2715.0  0.03
675  2715.0  0.03
676  2715.0  0.03
677  2715.0  0.03
678  2715.0  0.03
679  2715.0  0.03
680  2715.0  0.03
681  2715.0  0.03
682  2715.0  0.03
683  2715.0  0.03
684  2715.0  0.03
685  2715.0  0.03
686  2715.0  0.03
687  2715.0  0.03
688  2715.0  0.03
689  2715.0  0.03
690  2715.0  0.03
691  2715.0  0.03
692  2715.0  0.03
693  2715.0  0.03
694  2715.0  0.03
695  2715.0  0.03
696  2715.0  0.03
697  2715.0  0.03
698  2715.0  0.03
699  2715.0  0.03
700  2715.0  0.03
701  2715.0  0.03
702  2715.0  0.03
703  2715.0  0.03
704  2715.0  0.03
705  2715.0  0.03
706  2715.0  0.03
707  2715.0  0.03
708  2715.0  0.03
709  2715.0  0.03
710  2715.0  0.03
711  2715.0  0.03
712  2715.0  0.03
713  2715.0  0.03
714  2715.0  0.03
715  2715.0  0.03
716  2715.0  0.03
717  2715.0  0.03
718  2715.0  0.03
719  2715.0  0.03
720  2715.0  0.03
721  2715.0  0.03
722  2715.0  0.03
723  2715.0  0.03
724  2715.0  0.03
725  2715.0  0.03
726  2715.0  0.03
727  2715.0  0.03
728  2715.0  0.03
729  2715.0  0.03
730  2715.0  0.03
731  2715.0  0.03
732  2715.0  0.03
733  2715.0  0.03
734  2715.0  0.03
735  2715.0  0.03
736  2715.0  0.03
737  2715.0  0.03
738  2715.0  0.03
739  2715.0  0.03
740  2715.0  0.03
741  2715.0  0.03
742  2715.0  0.03
743  2715.0  0.03
744  2715.0  0.03
745  2715.0  0.03
746  2715.0  0.03
747  2715.0  0.03
748  2715.0  0.03
749  2715.0  0.03
750  2715.0  0.03
751  2715.0  0.03
752  2715.0  0.03
753  2715.0  0.03
754  2715.0  0.03
755  2715.0  0.03
756  2715.0  0.03
757  2715.0  0.03
758  2715.0  0.03
759  2715.0  0.03
760  2715.0  0.03
761  2715.0  0.03
762  2715.0  0.03
763  2715.0  0.03
764  2715.0  0.03
765  2715.0  0.03
766  2715.0  0.03
767  2715.0  0.03
768  2715.0  0.03
769  2715.0  0.03
770  2715.0  0.03
771  2715.0  0.03
772  2715.0  0.03
773  2715.0  0.03
774  2715.0  0.03
775  2715.0  0.03
776  2715.0  0.03
777  2715.0  0.03
778  2715.0  0.03
779  2715.0  0.03
780  2715.0  0.03
781  2715.0  0.03
782  2715.0  0.03
783  2715.0  0.03
784  2715.0  0.03
785  2715.0  0.03
786  2715.0  0.03
787  2715.0  0.03
788  2715.0  0.03
789  2715.0  0.03
790  2715.0  0.03
791  2715.0  0.03
792  2715.0  0.03
793  2715.0  0.03
794  2715.0  0.03
795  2715.0  0.03
796  2715.0  0.03
797  2715.0  0.03
798  2715.0  0.03
799  2715.0  0.03
800  2715.0  0.03
801  2715.0  0.03
802  2715.0  0.03
803  2715.0  0.03
804  2715.0  0.03
805  2715.0  0.03
806  2715.0  0.03
807  2715.0  0.03
808  2715.0  0.03
809  2715.0  0.03
810  2715.0  0.03
811  2715.0  0.03
812  2715.0  0.03
813  2715.0  0.03
814  2715.0  0.03
815  2715.0  0.03
816  2715.0  0.03
817  2715.0  0.03
818  2715.0  0.03
819  2715.0  0.03
820  2715.0  0.03
821  2715.0  0.03
822  2715.0  0.03
823  2715.0  0.03
824  2715.0  0.03
825  2715.0  0.03
826  2715.0  0.03
827  2715.0  0.03
828  2715.0  0.03
829  2715.0  0.03
830  2715.0  0.03
831  2715.0  0.03
832  2715.0  0.03
833  2715.0  0.03
834  2715.0  0.03
835  2715.0  0.03
836  2715.0  0.03
837  2715.0  0.03
838  2715.0  0.03
839  2715.0  0.03
840  2715.0  0.03
841  2715.0  0.03
842  2715.0  0.03
843  2715.0  0.03
844  2715.0  0.03
845  2715.0  0.03
846  2715.0  0.03
847  2715.0  0.03
848  2715.0  0.03
849  2715.0  0.03
850  2715.0  0.03
851  2715.0  0.03
852  2715.0  0.03
853  2715.0  0.03
854  2715.0  0.03
855  2715.0  0.03
856  2715.0  0.03
857  2715.0  0.03
858  2715.0  0.03
859  2715.0  0.03
860  2715.0  0.03
861  2715.0  0.03
862  2715.0  0.03
863  2715.0  0.03
864  2715.0  0.03
865  2715.0  0.03
866  2715.0  0.03
867  2715.0  0.03
868  2715.0  0.03
869  2715.0  0.03
870  2715.0  0.03
871  2715.0  0.03
872  2715.0  0.03
873  2715.0  0.03
874  2715.0  0.03
875  2715.0  0.03
876  2715.0  0.03
877  2715.0  0.03
878  2715.0  0.03
879  2715.0  0.03
880  2715.0  0.03
881  2715.0  0.03
882  2715.0  0.03
883  2715.0  0.03
884  2715.0  0.03
885  2715.0  0.03
886  2715.0  0.03
887  2715.0  0.03
888  2715.0  0.03
889  2715.0  0.03
890  2715.0  0.03
891  2715.0  0.03
892  2715.0  0.03
893  2715.0  0.03
894  2715.0  0.03
895  2715.0  0.03
896  2715.0  0.03
897  2715.0  0.03
898  2715.0  0.03
899  2715.0  0.03
900  2715.0  0.03
901  2715.0  0.03
902  2715.0  0.03
903  2715.0  0.03
904  2715.0  0.03
905  2715.0  0.03
906  2715.0  0.03
907  2715.0  0.03
908  2715.0  0.03
909  2715.0  0.03
910  2715.0  0.03
911  2715.0  0.03
912  2715.0  0.03
913  2715.0  0.03
914  2715.0  0.03
915  2715.0  0.03
916  2715.0  0.03
917  2715.0  0.03
918  2715.0  0.03
919  2715.0  0.03
920  2715.0  0.03
921  2715.0  0.03
922  2715.0  0.03
923  2715.0  0.03
924  2715.0  0.03
925  2715.0  0.03
926  2715.0  0.03
927  2715.0  0.03
928  2715.0  0.03
929  2715.0  0.03
930  2715.0  0.03
931  2715.0  0.03
932  2715.0  0.03
933  2715.0  0.03
934  2715.0  0.03
935  2715.0  0.03
936  2715.0  0.03
937  2715.0  0.03
938  2715.0  0.03
939  2715.0  0.03
940  2715.0  0.03
941  2715.0  0.03
942  2715.0  0.03
943  2715.0  0.03
944  2715.0  0.03
945  2715.0  0.03
946  2715.0  0.03
947  2715.0  0.03
948  2715.0  0.03
949  2715.0  0.03
950  2715.0  0.03
951  2715.0  0.03
952  2715.0  0.03
953  2715.0  0.03
954  2715.0  0.03
955  2715.0  0.03
956  2715.0  0.03
957  2715.0  0.03
958  2715.0  0.03
959  2715.0  0.03
960  2715.0  0.03
961  2715.0  0.03
962  2715.0  0.03
963  2715.0  0.03
964  2715.0  0.03
965  2715.0  0.03
966  2715.0  0.03
967  2715.0  0.03
968  2715.0  0.03
969  2715.0  0.03
970  2715.0  0.03
971  2715.0  0.03
972  2715.0  0.03
973  2715.0  0.03
974  2715.0  0.03
975  2715.0  0.03
976  2715.0  0.03
977  2715.0  0.03
978  2715.0  0.03
979  2715.0  0.03
980  2715.0  0.03
981  2715.0  0.03
982  2715.0  0.03
983  2715.0  0.03
984  2715.0  0.03
985  2715.0  0.03
986  2715.0  0.03
987  2715.0  0.03
988  2715.0  0.03
989  2715.0  0.03
990  2715.0  0.03
991  2715.0  0.03
992  2715.0  0.03
993  2715.0  0.03
994  2715.0  0.03
995  2715.0  0.03
996  2715.0  0.03
997  2715.0  0.03
998  2715.0  0.03
999  2715.0  0.03
1000  2715.0  0.03
1001  2715.0  0.03
1002  2715.0  0.03
1003  2715.0  0.03
1004  2715.0  0.03
1005  2715.0  0.03
1006  2715.0  0.03
1007  2715.0  0.03
1008  2715.0  0.03
1009  2715.0  0.03
1010  2715.0  0.03
1011  2715.0  0.03
1012  2715.0  0.03
1013  2715.0  0.03
1014  2715.0  0.03
1015  2715.0  0.03
1016  2715.0  0.03
1017  2715.0  0.03
1018  2715.0  0.03
1019  2715.0  0.03
1020  2715.0  0.03
1021  2715.0  0.03
1022  2715.0  0.03
1023  2715.0  0.03
1024  2715.0  0.03
1025  2715.0  0.03
1026  2715.0  0.03
1027  2715.0  0.03
1028  2715.0  0.03
1029  2715.0  0.03
1030  2715.0  0.03
1031  2715.0  0.03
1032  2715.0  0.03
1033  2715.0  0.03
1034  2715.0  0.03
1035  2715.0  0.03
1036  2715.0  0.03
1037  2715.0  0.03
1038  2715.0  0.03
1039  2715.0  0.03
1040  2715.0  0.03
1041  2715.0  0.03
1042  2715.0  0.03
1043  2715.0  0.03
1044  2715.0  0.03
1045  2715.0  0.03
1046  2715.0  0.03
1047  2715.0  0.03
1048  2715.0  0.03
1049  2715.0  0.03
1050  2715.0  0.03
1051  2715.0  0.03
1052  2715.0  0.03
1053  2715.0  0.03
1054  2715.0  0.03
1055  2715.0  0.03
1056  2715.0  0.03
1057  2715.0  0.03
1058  2715.0  0.03
1059  2715.0  0.03
1060  2715.0  0.03
1061  2715.0  0.03
1062  2715.0  0.03
1063  2715.0  0.03
1064  2715.0  0.03
1065  2715.0  0.03
1066  2715.0  0.03
1067  2715.0  0.03
1068  2715.0  0.03
1069  2715.0  0.03
1070  2715.0  0.03
1071  2715.0  0.03
1072  2715.0  0.03
1073  2715.0  0.03
1074  2715.0  0.03
1075  2715.0  0.03
1076  2715.0  0.03
1077  2715.0  0.03
1078  2715.0  0.03
1079  2715.0  0.03
1080  2715.0  0.03
1081  2715.0  0.03
1082  2715.0  0.03
1083  2715.0  0.03
1084  2715.0  0.03
1085  2715.0  0.03
1086  2715.0  0.03
1087  2715.0  0.03
1088  2715.0  0.03
1089  2715.0  0.03
1090  2715.0  0.03
1091  2715.0  0.03
1092  2715.0  0.03
1093  2715.0  0.03
1094  2715.0  0.03
1095  2715.0  0.03
1096  2715.0  0.03
1097  2715.0  0.03
1098  2715.0  0.03
1099  2715.0  0.03
1100  2715.0  0.03
1101  2715.0  0.03
1102  2715.0  0.03
1103  2715.0  0.03
1104  2715.0  0.03
1105  2715.0  0.03
1106  2715.0  0.03
1107  2715.0  0.03
1108  2715.0  0.03
1109  2715.0  0.03
1110  2715.0  0.03
1111  2715.0  0.03
1112  2715.0  0.03
1113  2715.0  0.03
1114  2715.0  0.03
1115  2715.0  0.03
1116  2715.0  0.03
1117  2715.0  0.03
1118  2715.0  0.03
1119  2715.0  0.03
1120  2715.0  0.03
1121  2715.0  0.03
1122  2715.0  0.03
1123  2715.0  0.03
1124  2715.0  0.03
1125  2715.0  0.03
1126  2715.0  0.03
1127  2715.0  0.03
1128  2715.0  0.03
1129  2715.0  0.03
1130  2715.0  0.03
1131  2715.0  0.03
1132  2715.0  0.03
1133  2715.0  0.03
1134  2715.0  0.03
1135  2715.0  0.03
1136  2715.0  0.03
1137  2715.0  0.03
1138  2715.0  0.03
1139  2715.0  0.03
1140  2715.0  0.03
1141  2715.0  0.03
1142  2715.0  0.03
1143  2715.0  0.03
1144  2715.0  0.03
1145  2715.0  0.03
1146  2715.0  0.03
1147  2715.0  0.03
1148  2715.0  0.03
1149  2715.0  0.03
1150  2715.0  0.03
1151  2715.0  0.03
1152  2715.0  0.03
1153  2715.0  0.03
1154  2715.0  0.03
1155  2715.0  0.03
1156  2715.0  0.03
1157  2715.0  0.03
1158  2715.0  0.03
1159  2715.0  0.03
1160  2715.0  0.03
1161  2715.0  0.03
1162  2715.0  0.03
1163  2715.0  0.03
1164  2715.0  0.03
1165  2715.0  0.03
1166  2715.0  0.03
1167  2715.0  0.03
1168  2715.0  0.03
1169  2715.0  0.03
1170  2715.0  0.03
1171  2715.0  0.03
1172  2715.0  0.03
1173  2715.0  0.03
1174  2715.0  0.03
1175  2715.0  0.03
1176  2715.0  0.03
1177  2715.0  0.03
1178  2715.0  0.03
1179  2715.0  0.03
1180  2715.0  0.03
1181  2715.0  0.03
1182  2715.0  0.03
1183  2715.0  0.03
1184  2715.0  0.03
1185  2715.0  0.03
1186  2715.0  0.03
1187  2715.0  0.03
1188  2715.0  0.03
1189  2715.0  0.03
1190  2715.0  0.03
1191  2715.0  0.03
1192  2715.0  0.03
1193  2715.0  0.03
1194  2715.0  0.03
1195  2715.0  0.03
1196  2715.0  0.03
1197  2715.0  0.03
1198  2715.0  0.03
1199  2715.0  0.03
1200  2715.0  0.03
1201  2715.0  0.03
1202  2715.0  0.03
1203  2715.0  0.03
1204  2715.0  0.03
1205  2715.0  0.03
1206  2715.0  0.03
1207  2715.0  0.03
1208  2715.0  0.03
1209  2715.0  0.03
1210  2715.0  0.03
1211  2715.0  0.03
1212  2715.0  0.03
1213  2715.0  0.03
1214  2715.0  0.03
1215  2715.0  0.03
1216  2715.0  0.03
1217  2715.0  0.03
1218  2715.0  0.03
1219  2715.0  0.03
1220  2715.0  0.03
1221  2715.0  0.03
1222  2715.0  0.03
1223  2715.0  0.03
1224  2715.0  0.03
1225  2715.0  0.03
1226  2715.0  0.03
1227  2715.0  0.03
1228  2715.0  0.03
1229  2715.0  0.03
1230  2715.0  0.03
1231  2715.0  0.03
1232  2715.0  0.03
1233  2715.0  0.03
1234  2715.0  0.03
1235  2715.0  0.03
1236  2715.0  0.03
1237  2715.0  0.03
1238  2715.0  0.03
1239  2715.0  0.03
1240  2715.0  0.03
1241  2715.0  0.03
1242  2715.0  0.03
1243  2715.0  0.03
1244  2715.0  0.03
1245  2715.0  0.03
1246  2715.0  0.03
1247  2715.0  0.03
1248  2715.0  0.03
1249  2715.0  0.03
1250  2715.0  0.03
1251  2715.0  0.03
1252  2715.0  0.03
1253  2715.0  0.03
1254  2715.0  0.03
1255  2715.0  0.03
1256  2715.0  0.03
1257  2715.0  0.03
1258  2715.0  0.03
1259  2715.0  0.03
1260  2715.0  0.03
1261  2715.0  0.03
1262  2715.0  0.03
1263  2715.0  0.03
1264  2715.0  0.03
1265  2715.0  0.03
1266  2715.0  0.03
1267  2715.0  0.03
1268  2715.0  0.03
1269  2715.0  0.03
1270  2715.0  0.03
1271  2715.0  0.03
1272  2715.0  0.03
1273  2715.0  0.03
1274  2715.0  0.03
1275  2715.0  0.03
1276  2715.0  0.03
1277  2715.0  0.03
1278  2715.0  0.03
1279  2715.0  0.03
1280  2715.0  0.03
1281  2715.0  0.03
1282  2715.0  0.03
1283  2715.0  0.03
1284  2715.0  0.03
1285  2715.0  0.03
1286  2715.0  0.03
1287  2715.0  0.03
1288  2715.0  0.03
1289  2715.0  0.03
1290  2715.0  0.03
1291  2715.0  0.03
1292  2715.0  0.03
1293  2715.0  0.03
1294  2715.0  0.03
1295  2715.0  0.03
1296  2715.0  0.03
1297  2715.0  0.03
1298  2715.0  0.03
1299  2715.0  0.03
1300  2715.0  0.03
1301  2715.0  0.03
1302  2715.0  0.03
1303  2715.0  0.03
1304  2715.0  0.03
1305  2715.0  0.03
1306  2715.0  0.03
1307  2715.0  0.03
1308  2715.0  0.03
1309  2715.0  0.03
1310  2715.0  0.03
1311  2715.0  0.03
1312  2715.0  0.03
1313  2715.0  0.03
1314  2715.0  0.03
1315  2715.0  0.03
1316  2715.0  0.03
1317  2715.0  0.03
1318  2715.0  0.03
1319  2715.0  0.03
1320  2715.0  0.03
1321  2715.0  0.03
1322  2715.0  0.03
1323  2715.0  0.03
1324  2715.0  0.03
1325  2715.0  0.03
1326  2715.0  0.03
1327  2715.0  0.03
1328  2715.0  0.03
1329  2715.0  0.03
1330  2715.0  0.03
1331  2715.0  0.03
1332  2715.0  0.03
1333  2715.0  0.03
1334  2715.0  0.03
1335  2715.0  0.03
1336  2715.0  0.03
1337  2715.0  0.03
1338  2715.0  0.03
1339  2715.0  0.03
1340  2715.0  0.03
1341  2715.0  0.03
1342  2715.0  0.03
1343  2715.0  0.03
1344  2715.0  0.03
1345  2715.0  0.03
1346  2715.0  0.03
1347  2715.0  0.03
1348  2715.0  0.03
1349  2715.0  0.03
1350  2715.0  0.03
1351  2715.0  0.03
1352  2715.0  0.03
1353  2715.0  0.03
1354  2715.0  0.03
1355  2715.0  0.03
1356  2715.0  0.03
1357  2715.0  0.03
1358  2715.0  0.03
1359  2715.0  0.03
1360  2715.0  0.03
1361  2715.0  0.03
1362  2715.0  0.03
1363  2715.0  0.03
1364  2715.0  0.03
1365  2715.0  0.03
1366  2715.0  0.03
1367  2715.0  0.03
1368  2715.0  0.03
1369  2715.0  0.03
1370  2715.0  0.03
1371  2715.0  0.03
1372  2715.0  0.03
1373  2715.0  0.03
1374  2715.0  0.03
1375  2715.0  0.03
1376  2715.0  0.03
1377  2715.0  0.03
1378  2715.0  0.03
1379  2715.0  0.03
1380  2715.0  0.03
1381  2715.0  0.03
1382  2715.0  0.03
1383  2715.0  0.03
1384  2715.0  0.03
1385  2715.0  0.03
1386  2715.0  0.03
1387  2715.0  0.03
1388  2715.0  0.03
1389  2715.0  0.03
1390  2715.0  0.03
1391  2715.0  0.03
1392  2715.0  0.03
1393  2715.0  0.03
1394  2715.0  0.03
1395  2715.0  0.03
1396  2715.0  0.03
1397  2715.0  0.03
1398  2715.0  0.03
1399  2715.0  0.03
1400  2715.0  0.03
1401  2715.0  0.03
1402  2715.0  0.03
1403  2715.0  0.03
1404  2715.0  0.03
1405  2715.0  0.03
1406  2715.0  0.03
1407  2715.0  0.03
1408  2715.0  0.03
1409  2715.0  0.03
1410  2715.0  0.03
1411  2715.0  0.03
1412  2715.0  0.03
1413  2715.0  0.03
1414  2715.0  0.03
1415  2715.0  0.03
1416  2715.0  0.03
1417  2715.0  0.03
1418  2715.0  0.03
1419  2715.0  0.03
1420  2715.0  0.03
1421  2715.0  0.03
1422  2715.0  0.03
1423  2715.0  0.03
1424  2715.0  0.03
1425  2715.0  0.03
1426  2715.0  0.03
1427  2715.0  0.03
1428  2715.0  0.03
1429  2715.0  0.03
1430  2715.0  0.03
1431  2715.0  0.03
1432  2715.0  0.03
1433  2715.0  0.03
1434  2715.0  0.03
1435  2715.0  0.03
1436  2715.0  0.03
1437  2715.0  0.03
1438  2715.0  0.03
1439  2715.0  0.03
1440  2715.0  0.03
1441  2715.0  0.03
1442  2715.0  0.03
1443  2715.0  0.03
1444  2715.0  0.03
1445  2715.0  0.03
1446  2715.0  0.03
1447  2715.0  0.03
1448  2715.0  0.03
1449  2715.0  0.03
1450  2715.0  0.03
1451  2715.0  0.03
1452  2715.0  0.03
1453  2715.0  0.03
1454  2715.0  0.03
1455  2715.0  0.03
1456  2715.0  0.03
1457  2715.0  0.03
1458  2715.0  0.03
1459  2715.0  0.03
1460  2715.0  0.03
1461  2715.0  0.03
1462  2715.0  0.03
1463  2715.0  0.03
1464  2715.0  0.03
1465  2715.0  0.03
1466  2715.0  0.03
1467  2715.0  0.03
1468  2715.0  0.03
1469  2715.0  0.03
1470  2715.0  0.03
1471  2715.0  0.03
1472  2715.0  0.03
1473  2715.0  0.03
1474  2715.0  0.03
1475  2715.0  0.03
1476  2715.0  0.03
1477  2715.0  0.03
1478  2715.0  0.03
1479  2715.0  0.03
1480  2715.0  0.03
1481  2715.0  0.03
1482  2715.0  0.03
1483  2715.0  0.03
1484  2715.0  0.03
1485  2715.0  0.03
1486  2715.0  0.03
1487  2715.0  0.03
1488  2715.0  0.03
1489  2715.0  0.03
1490  2715.0  0.03
1491  2715.0  0.03
1492  2715.0  0.03
1493  2715.0  0.03
1494  2715.0  0.03
1495  2715.0  0.03
1496  2715.0  0.03
1497  2715.0  0.03
1498  2715.0  0.03
1499  2715.0  0.03
1500  2715.0  0.03
1501  2715.0  0.03
1502  2715.0  0.03
1503  2715.0  0.03
1504  2715.0  0.03
1505  2715.0  0.03
1506  2715.0  0.03
1507  2715.0  0.03
1508  2715.0  0.03
1509  2715.0  0.03
1510  2715.0  0.03
1511  2715.0  0.03
1512  2715.0  0.03
1513  2715.0  0.03
1514  2715.0  0.03
1515  2715.0  0.03
1516  2715.0  0.03
1517  2715.0  0.03
1518  2715.0  0.03
1519  2715.0  0.03
1520  2715.0  0.03
1521  2715.0  0.03
1522  2715.0  0.03
1523  2715.0  0.03
1524  2715.0  0.03
1525  2715.0  0.03
1526  2715.0  0.03
1527  2715.0  0.03
1528  2715.0  0.03
1529  2715.0  0.03
1530  2715.0  0.03
1531  2715.0  0.03
1532  2715.0  0.03
1533  2715.0  0.03
1534  2715.0  0.03
1535  2715.0  0.03
1536  2715.0  0.03
1537  2715.0  0.03
1538  2715.0  0.03
1539  2715.0  0.03
1540  2715.0  0.03
1541  2715.0  0.03
1542  2715.0  0.03
1543  2715.0  0.03
1544  2715.0  0.03
1545  2715.0  0.03
1546  2715.0  0.03
1547  2715.0  0.03
1548  2715.0  0.03
1549  2715.0  0.03
1550  2715.0  0.03
1551  2715.0  0.03
1552  2715.0  0.03
1553  2715.0  0.03
1554  2715.0  0.03
1555  2715.0  0.03
1556  2715.0  0.03
1557  2715.0  0.03
1558  2715.0  0.03
1559  2715.0  0.03
1560  2715.0  0.03
1561  2715.0  0.03
1562  2715.0  0.03
1563  2715.0  0.03
1564  2715.0  0.03
1565  2715.0  0.03
1566  2715.0  0.03
1567  2715.0  0.03
1568  2715.0  0.03
1569  2715.0  0.03
1570  2715.0  0.03
1571  2715.0  0.03
1572  2715.0  0.03
1573  2715.0  0.03
1574  2715.0  0.03
1575  2715.0  0.03
1576  2715.0  0.03
1577  2715.0  0.03
1578  2715.0  0.03
1579  2715.0  0.03
1580  2715.0  0.03
1581  2715.0  0.03
1582  2715.0  0.03
1583  2715.0  0.03
1584  2715.0  0.03
1585  2715.0  0.03
1586  2715.0  0.03
1587  2715.0  0.03
1588  2715.0  0.03
1589  2715.0  0.03
1590  2715.0  0.03
1591  2715.0  0.03
1592  2715.0  0.03
1593  2715.0  0.03
1594  2715.0  0.03
1595  2715.0  0.03
1596  2715.0  0.03
1597  2715.0  0.03
1598  2715.0  0.03
1599  2715.0  0.03
1600  2715.0  0.03
1601  2715.0  0.03
1602  2715.0  0.03
1603  2715.0  0.03
1604  2715.0  0.03
1605  2715.0  0.03
1606  2715.0  0.03
1607  2715.0  0.03
1608  2715.0  0.03
1609  2715.0  0.03
1610  2715.0  0.03
1611  2715.0  0.03
1612  2715.0  0.03
1613  2715.0  0.03
1614  2715.0  0.03
1615  2715.0  0.03
1616  2715.0  0.03
1617  2715.0  0.03
1618  2715.0  0.03
1619  2715.0  0.03
1620  2715.0  0.03
1621  2715.0  0.03
1622  2715.0  0.03
1623  2715.0  0.03
1624  2715.0  0.03
1625  2715.0  0.03
1626  2715.0  0.03
1627  2715.0  0.03
1628  2715.0  0.03
1629  2715.0  0.03
1630  2715.0  0.03
1631  2715.0  0.03
1632  2715.0  0.03
1633  2715.0  0.03
1634  2715.0  0.03
1635  2715.0  0.03
1636  2715.0  0.03
1637  2715.0  0.03
1638  2715.0  0.03
1639  2715.0  0.03
1640  2715.0  0.03
1641  2715.0  0.03
1642  2715.0  0.03
1643  2715.0  0.03
1644  2715.0  0.03
1645  2715.0  0.03
1646  2715.0  0.03
1647  2715.0  0.03
1648  2715.0  0.03
1649  2715.0  0.03
1650  2715.0  0.03
1651  2715.0  0.03
1652  2715.0  0.03
1653  2715.0  0.03
1654  2715.0  0.03
1655  2715.0  0.03
1656  2715.0  0.03
1657  2715.0  0.03
1658  2715.0  0.03
1659  2715.0  0.03
1660  2715.0  0.03
1661  2715.0  0.03
1662  2715.0  0.03
1663  2715.0  0.03
1664  2715.0  0.03
1665  2715.0  0.03
1666  2715.0  0.03
1667  2715.0  0.03
1668  2715.0  0.03
1669  2715.0  0.03
1670  2715.0  0.03
1671  2715.0  0.03
1672  2715.0  0.03
1673  2715.0  0.03
1674  2715.0  0.03
1675  2715.0  0.03
1676  2715.0  0.03
1677  2715.0  0.03
1678  2715.0  0.03
1679  2715.0  0.03
1680  2715.0  0.03
1681  2715.0  0.03
1682  2715.0  0.03
1683  2715.0  0.03
1684  2715.0  0.03
1685  2715.0  0.03
1686  2715.0  0.03
1687  2715.0  0.03
1688  2715.0  0.03
1689  2715.0  0.03
1690  2715.0  0.03
1691  2715.0  0.03
1692  2715.0  0.03
1693  2715.0  0.03
1694  2715.0  0.03
1695  2715.0  0.03
1696  2715.0  0.03
1697  2715.0  0.03
1698  2715.0  0.03
1699  2715.0  0.03
1700  2715.0  0.03
1701  2715.0  0.03
1702  2715.0  0.03
1703  2715.0  0.03
1704  2715.0  0.03
1705  2715.0  0.03
1706  2715.0  0.03
1707  2715.0  0.03
1708  2715.0  0.03
1709  2715.0  0.03
1710  2715.0  0.03
1711  2715.0  0.03
1712  2715.0  0.03
1713  2715.0  0.03
1714  2715.0  0.03
1715  2715.0  0.03
1716  2715.0  0.03
1717  2715.0  0.03
1718  2715.0  0.03
1719  2715.0  0.03
1720  2715.0  0.03
1721  2715.0  0.03
1722  2715.0  0.03
1723  2715.0  0.03
1724  2715.0  0.03
1725  2715.0  0.03
1726  2715.0  0.03
1727  2715.0  0.03
1728  2715.0  0.03
1729  2715.0  0.03
1730  2715.0  0.03
1731  2715.0  0.03
1732  2715.0  0.03
1733  2715.0  0.03
1734  2715.0  0.03
1735  2715.0  0.03
1736  2715.0  0.03
1737  2715.0  0.03
1738  2715.0  0.03
1739  2715.0  0.03
1740  2715.0  0.03
1741  2715.0  0.03
1742  2715.0  0.03
1743  2715.0  0.03
1744  2715.0  0.03
1745  2715.0  0.03
1746  2715.0  0.03
1747  2715.0  0.03
1748  2715.0  0.03
1749  2715.0  0.03
1750  2715.0  0.03
1751  2715.0  0.03
1752  2715.0  0.03
1753  2715.0  0.03
1754  2715.0  0.03
1755  2715.0  0.03
1756  2715.0  0.03
1757  2715.0  0.03
1758  2715.0  0.03
1759  2715.0  0.03
1760  2715.0  0.03
1761  2715.0  0.03
1762  2715.0  0.03
1763  2715.0  0.03
1764  2715.0  0.03
1765  2715.0  0.03
1766  2715.0  0.03
1767  2715.0  0.03
1768  2715.0  0.03
1769  2715.0  0.03
1770  2715.0  0.03
1771  2715.0  0.03
1772  2715.0  0.03
1773  2715.0  0.03
1774  2715.0  0.03
1775  2715.0  0.03
1776  2715.0  0.03
1777  2715.0  0.03
1778  2715.0  0.03
1779  2715.0  0.03
1780  2715.0  0.03
1781  2715.0  0.03
1782  2715.0  0.03
1783  2715.0  0.03
1784  2715.0  0.03
1785  2715.0  0.03
1786  2715.0  0.03
1787  2715.0  0.03
1788  2715.0  0.03
1789  2715.0  0.03
1790  2715.0  0.03
1791  2715.0  0.03
1792  2715.0  0.03
1793  2715.0  0.03
1794  2715.0  0.03
1795  2715.0  0.03
1796  2715.0  0.03
1797  2715.0  0.03
1798  2715.0  0.03
1799  2715.0  0.03
1800  2715.0  0.03
1801  2715.0  0.03
1802  2715.0  0.03
1803  2715.0  0.03
1804  2715.0  0.03
1805  2715.0  0.03
1806  2715.0  0.03
1807  2715.0  0.03
1808  2715.0  0.03
1809  2715.0  0.03
1810  2715.0  0.03
1811  2715.0  0.03
1812  2715.0  0.03
1813  2715.0  0.03
1814  2715.0  0.03
1815  2715.0  0.03
1816  2715.0  0.03
1817  2715.0  0.03
1818  2715.0  0.03
1819  2715.0  0.03
1820  2715.0  0.03
1821  2715.0  0.03
1822  2715.0  0.03
1823  2715.0  0.03
1824  2715.0  0.03
1825  2715.0  0.03
1826  2715.0  0.03
1827  2715.0  0.03
1828  2715.0  0.03
1829  2715.0  0.03
1830  2715.0  0.03
1831  2715.0  0.03
1832  2715.0  0.03
1833  2715.0  0.03
1834  2715.0  0.03
1835  2715.0  0.03
1836  2715.0  0.03
1837  2715.0  0.03
1838  2715.0  0.03
1839  2715.0  0.03
1840  2715.0  0.03
1841  2715.0  0.03
1842  2715.0  0.03
1843  2715.0  0.03
1844  2715.0  0.03
1845  2715.0  0.03
1846  2715.0  0.03
1847  2715.0  0.03
1848  2715.0  0.03
1849  2715.0  0.03
1850  2715.0  0.03
1851  2715.0  0.03
1852  2715.0  0.03
1853  2715.0  0.03
1854  2715.0  0.03
1855  2715.0  0.03
1856  2715.0  0.03
1857  2715.0  0.03
1858  2715.0  0.03
1859  2715.0  0.03
1860  2715.0  0.03
1861  2715.0  0.03
1862  2715.0  0.03
1863  2715.0  0.03
1864  2715.0  0.03
1865  2715.0  0.03
1866  2715.0  0.03
1867  2715.0  0.03
1868  2715.0  0.03
1869  2715.0  0.03
1870  2715.0  0.03
1871  2715.0  0.03
1872  2715.0  0.03
1873  2715.0  0.03
1874  2715.0  0.03
1875  2715.0  0.03
1876  2715.0  0.03
1877  2715.0  0.03
1878  2715.0  0.03
1879  2715.0  0.03
1880  2715.0  0.03
1881  2715.0  0.03
1882  2715.0  0.03
1883  2715.0  0.03
1884  2715.0  0.03
1885  2715.0  0.03
1886  2715.0  0.03
1887  2715.0  0.03
1888  2715.0  0.03
1889  2715.0  0.03
1890  2715.0  0.03
1891  2715.0  0.03
1892  2715.0  0.03
1893  2715.0  0.03
1894  2715.0  0.03
1895  2715.0  0.03
1896  2715.0  0.03
1897  2715.0  0.03
1898  2715.0  0.03
1899  2715.0  0.03
1900  2715.0  0.03
1901  2715.0  0.03
1902  2715.0  0.03
1903  2715.0  0.03
1904  2715.0  0.03
1905  2715.0  0.03
1906  2715.0  0.03
1907  2715.0  0.03
1908  2715.0  0.03
1909  2715.0  0.03
1910  2715.0  0.03
1911  2715.0  0.03
1912  2715.0  0.03
1913  2715.0  0.03
1914  2715.0  0.03
1915  2715.0  0.03
1916  2715.0  0.03
1917  2715.0  0.03
1918  2715.0  0.03
1919  2715.0  0.03
1920  2715.0  0.03
1921  2715.0  0.03
1922  2715.0  0.03
1923  2715.0  0.03
1924  2715.0  0.03
1925  2715.0  0.03
1926  2715.0  0.03
1927  2715.0  0.03
1928  2715.0  0.03
1929  2715.0  0.03
1930  2715.0  0.03
1931  2715.0  0.03
1932  2715.0  0.03
1933  2715.0  0.03
1934  2715.0  0.03
1935  2715.0  0.03
1936  2715.0  0.03
1937  2715.0  0.03
1938  2715.0  0.03
1939  2715.0  0.03
1940  2715.0  0.03
1941  2715.0  0.03
1942  2715.0  0.03
1943  2715.0  0.03
1944  2715.0  0.03
1945  2715.0  0.03
1946  2715.0  0.03
1947  2715.0  0.03
1948  2715.0  0.03
1949  2715.0  0.03
1950  2715.0  0.03
1951  2715.0  0.03
1952  2715.0  0.03
1953  2715.0  0.03
1954  2715.0  0.03
1955  2715.0  0.03
1956  2715.0  0.03
1957  2715.0  0.03
1958  2715.0  0.03
1959  2715.0  0.03
1960  2715.0  0.03
1961  2715.0  0.03
1962  2715.0  0.03
1963  2715.0  0.03
1964  2715.0  0.03
1965  2715.0  0.03
1966  2715.0  0.03
1967  2715.0  0.03
1968  2715.0  0.03
1969  2715.0  0.03
1970  2715.0  0.03
1971  2715.0  0.03
1972  2715.0  0.03
1973  2715.0  0.03
1974  2715.0  0.03
1975  2715.0  0.03
1976  2715.0  0.03
1977  2715.0  0.03
1978  2715.0  0.03
1979  2715.0  0.03
1980  2715.0  0.03
1981  2715.0  0.03
1982  2715.0  0.03
1983  2715.0  0.03
1984  2715.0  0.03
1985  2715.0  0.03
1986  2715.0  0.03
1987  2715.0  0.03
1988  2715.0  0.03
1989  2715.0  0.03
1990  2715.0  0.03
1991  2715.0  0.03
1992  2715.0  0.03
1993  2715.0  0.03
1994  2715.0  0.03
1995  2715.0  0.03
1996  2715.0  0.03
1997  2715.0  0.03
1998  2715.0  0.03
1999  2715.0  0.03
2000  2715.0  0.03
2001  2715.0  0.03
2002  2715.0  0.03
2003  2715.0  0.03
2004  2715.0  0.03
2005  2715.0  0.03
2006  2715.0  0.03
2007  2715.0  0.03
2008  2715.0  0.03
2009  2715.0  0.03
2010  2715.0  0.03
2011  2715.0  0.03
2012  2715.0  0.03
2013  2715.0  0.03
2014  2715.0  0.03
2015  2715.0  0.03
2016  2715.0  0.03
2017  2715.0  0.03
2018  2715.0  0.03
2019  2715.0  0.03
2020  2715.0  0.03
2021  2715.0  0.03
2022  2715.0  0.03
2023  2715.0  0.03
2024  2715.0  0.03
2025  2715.0  0.03
2026  2715.0  0.03
2027  2715.0  0.03
2028  2715.0  0.03
2029  2715.0  0.03
2030  2715.0  0.03
2031  2715.0  0.03
2032  2715.0  0.03
2033  2715.0  0.03
2034  2715.0  0.03
2035  2715.0  0.03
2036  2715.0  0.03
2037  2715.0  0.03
2038  2715.0  0.03
2039  2715.0  0.03
2040  2715.0  0.03
2041  2715.0  0.03
2042  2715.0  0.03
2043  2715.0  0.03
2044  2715.0  0.03
2045  2715.0  0.03
2046  2715.0  0.03
2047  2715.0  0.03
2048  2715.0  0.03
2049  2715.0  0.03
2050  2715.0  0.03
2051  2715.0  0.03
2052  2715.0  0.03
2053  2715.0  0.03
2054  2715.0  0.03
2055  2715.0  0.03
2056  2715.0  0.03
2057  2715.0  0.03
2058  2715.0  0.03
2059  2715.0  0.03
2060  2715.0  0.03
2061  2715.0  0.03
2062  2715.0  0.03
2063  2715.0  0.03
2064  2715.0  0.03
2065  2715.0  0.03
2066  2715.0  0.03
2067  2715.0  0.03
2068  2715.0  0.03
2069  2715.0  0.03
2070  2715.0  0.03
2071  2715.0  0.03
2072  2715.0  0.03
2073  2715.0  0.03
2074  2715.0  0.03
2075  2715.0  0.03
2076  2715.0  0.03
2077  2715.0  0.03
2078  2715.0  0.03
2079  2715.0  0.03
2080  2715.0  0.03
2081  2715.0  0.03
2082  2715.0  0.03
2083  2715.0  0.03
2084  2715.0  0.03
2085  2715.0  0.03
2086  2715.0  0.03
2087  2715.0  0.03
2088  2715.0  0.03
2089  2715.0  0.03
2090  2715.0  0.03
2091  2715.0  0.03
2092  2715.0  0.03
2093  2715.0  0.03
2094  2715.0  0.03
2095  2715.0  0.03
2096  2715.0  0.03
2097  2715.0  0.03
2098  2715.0  0.03
2099  2715.0  0.03
2100  2715.0  0.03
2101  2715.0  0.03
2102  2715.0  0.03
2103  2715.0  0.03
2104  2715.0  0.03
2105  2715.0  0.03
2106  2715.0  0.03
2107  2715.0  0.03
2108  2715.0  0.03
2109  2715.0  0.03
2110  2715.0  0.03
2111  2715.0  0.03
2112  2715.0  0.03
2113  2715.0  0.03
2114  2715.0  0.03
2115  2715.0  0.03
2116  2715.0  0.03
2117  2715.0  0.03
2118  2715.0  0.03
2119  2715.0  0.03
2120  2715.0  0.03
2121  2715.0  0.03
2122  2715.0  0.03
2123  2715.0  0.03
2124  2715.0  0.03
2125  2715.0  0.03
2126  2715.0  0.03
2127  2715.0  0.03
2128  2715.0  0.03
2129  2715.0  0.03
2130  2715.0  0.03
2131  2715.0  0.03
2132  2715.0  0.03
2133  2715.0  0.03
2134  2715.0  0.03
2135  2715.0  0.03
2136  2715.0  0.03
2137  2715.0  0.03
2138  2715.0  0.03
2139  2715.0  0.03
2140  2715.0  0.03
2141  2715.0  0.03
2142  2715.0  0.03
2143  2715.0  0.03
2144  2715.0  0.03
2145  2715.0  0.03
2146  2715.0  0.03
2147  2715.0  0.03
2148  2715.0  0.03
2149  2715.0  0.03
2150  2715.0  0.03
2151  2715.0  0.03
2152  2715.0  0.03
2153  2715.0  0.03
2154  2715.0  0.03
2155  2715.0  0.03
2156  2715.0  0.03
2157  2715.0  0.03
2158  2715.0  0.03
2159  2715.0  0.03
2160  2715.0  0.03
2161  2715.0  0.03
2162  2715.0  0.03
2163  2715.0  0.03
2164  2715.0  0.03
2165  2715.0  0.03
2166  2715.0  0.03
2167  2715.0  0.03
2168  2715.0  0.03
2169  2715.0  0.03
2170  2715.0  0.03
2171  2715.0  0.03
2172  2715.0  0.03
2173  2715.0  0.03
2174  2715.0  0.03
2175  2715.0  0.03
2176  2715.0  0.03
2177  2715.0  0.03
2178  2715.0  0.03
2179  2715.0  0.03
2180  2715.0  0.03
2181  2715.0  0.03
2182  2715.0  0.03
2183  2715.0  0.03
2184  2715.0  0.03
2185  2715.0  0.03
2186  2715.0  0.03
2187  2715.0  0.03
2188  2715.0  0.03
2189  2715.0  0.03
2190  2715.0  0.03
2191  2715.0  0.03
2192  2715.0  0.03
2193  2715.0  0.03
2194  2715.0  0.03
2195  2715.0  0.03
2196  2715.0  0.03
2197  2715.0  0.03
2198  2715.0  0.03
2199  2715.0  0.03
2200  2715.0  0.03
2201  2715.0  0.03
2202  2715.0  0.03
2203  2715.0  0.03
2204  2715.0  0.03
2205  2715.0  0.03
2206  2715.0  0.03
2207  2715.0  0.03
2208  2715.0  0.03
2209  2715.0  0.03
2210  2715.0  0.03
2211  2715.0  0.03
2212  2715.0  0.03
2213  2715.0  0.03
2214  2715.0  0.03
2215  2715.0  0.03
2216  2715.0  0.03
2217  2715.0  0.03
2218  2715.0  0.03
2219  2715.0  0.03
2220  2715.0  0.03
2221  2715.0  0.03
2222  2715.0  0.03
2223  2715.0  0.03
2224  2715.0  0.03
2225  2715.0  0.03
2226  2715.0  0.03
2227  2715.0  0.03
2228  2715.0  0.03
2229  2715.0  0.03
2230  2715.0  0.03
2231  2715.0  0.03
2232  2715.0  0.03
2233  2715.0  0.03
2234  2715.0  0.03
2235  2715.0  0.03
2236  2715.0  0.03
2237  2715.0  0.03
2238  2715.0  0.03
2239  2715.0  0.03
2240  2715.0  0.03
2241  2715.0  0.03
2242  2715.0  0.03
2243  2715.0  0.03
2244  2715.0  0.03
2245  2715.0  0.03
2246  2715.0  0.03
2247  2715.0  0.03
2248  2715.0  0.03
2249  2715.0  0.03
2250  2715.0  0.03
2251  2715.0  0.03
2252  2715.0  0.03
2253  2715.0  0.03
2254  2715.0  0.03
2255  2715.0  0.03
2256  2715.0  0.03
2257  2715.0  0.03
2258  2715.0  0.03
2259  2715.0  0.03
2260  2715.0  0.03
2261  2715.0  0.03
2262  2715.0  0.03
2263  2715.0  0.03
2264  2715.0  0.03
2265  2715.0  0.03
2266  2715.0  0.03
2267  2715.0  0.03
2268  2715.0  0.03
2269  2715.0  0.03
2270  2715.0  0.03
2271  2715.0  0.03
2272  2715.0  0.03
2273  2715.0  0.03
2274  2715.0  0.03
2275  2715.0  0.03
2276  2715.0  0.03
2277  2715.0  0.03
2278  2715.0  0.03
2279  2715.0  0.03
2280  2715.0  0.03
2281  2715.0  0.03
2282  2715.0  0.03
2283  2715.0  0.03
2284  2715.0  0.03
2285  2715.0  0.03
2286  2715.0  0.03
2287  2715.0  0.03
2288  2715.0  0.03
2289  2715.0  0.03
2290  2715.0  0.03
2291  2715.0  0.03
2292  2715.0  0.03
2293  2715.0  0.03
2294  2715.0  0.03
2295  2715.0  0.03
2296  2715.0  0.03
2297  2715.0  0.03
2298  2715.0  0.03
2299  2715.0  0.03
2300  2715.0  0.03
2301  2715.0  0.03
2302  2715.0  0.03
2303  2715.0  0.03
2304  2715.0  0.03
2305  2715.0  0.03
2306  2715.0  0.03
2307  2715.0  0.03
2308  2715.0  0.03
2309  2715.0  0.03
2310  2715.0  0.03
2311  2715.0  0.03
2312  2715.0  0.03
2313  2715.0  0.03
2314  2715.0  0.03
2315  2715.0  0.03
2316  2715.0  0.03
2317  2715.0  0.03
2318  2715.0  0.03
2319  2715.0  0.03
2320  2715.0  0.03
2321  2715.0  0.03
2322  2715.0  0.03
2323  2715.0  0.03
2324  2715.0  0.03
2325  2715.0  0.03
2326  2715.0  0.03
2327  2715.0  0.03
2328  2715.0  0.03
2329  2715.0  0.03
2330  2715.0  0.03
2331  2715.0  0.03
2332  2715.0  0.03
2333  2715.0  0.03
2334  2715.0  0.03
2335  2715.0  0.03
2336  2715.0  0.03
2337  2715.0  0.03
2338  2715.0  0.03
2339  2715.0  0.03
2340  2715.0  0.03
2341  2715.0  0.03
2342  2715.0  0.03
2343  2715.0  0.03
2344  2715.0  0.03
2345  2715.0  0.03
2346  2715.0  0.03
2347  2715.0  0.03
2348  2715.0  0.03
2349  2715.0  0.03
2350  2715.0  0.03
2351  2715.0  0.03
2352  2715.0  0.03
2353  2715.0  0.03
2354  2715.0  0.03
2355  2715.0  0.03
2356  2715.0  0.03
2357  2715.0  0.03
2358  2715.0  0.03
2359  2715.0  0.03
2360  2715.0  0.03
2361  2715.0  0.03
2362  2715.0  0.03
2363  2715.0  0.03
2364  2715.0  0.03
2365  2715.0  0.03
2366  2715.0  0.03
2367  2715.0  0.03
2368  2715.0  0.03
2369  2715.0  0.03
2370  2715.0  0.03
2371  2715.0  0.03
2372  2715.0  0.03
2373  2715.0  0.03
2374  2715.0  0.03
2375  2715.0  0.03
2376  2715.0  0.03
2377  2715.0  0.03
2378  2715.0  0.03
2379  2715.0  0.03
2380  2715.0  0.03
2381  2715.0  0.03
2382  2715.0  0.03
2383  2715.0  0.03
2384  2715.0  0.03
2385  2715.0  0.03
2386  2715.0  0.03
2387  2715.0  0.03
2388  2715.0  0.03
2389  2715.0  0.03
2390  2715.0  0.03
2391  2715.0  0.03
2392  2715.0  0.03
2393  2715.0  0.03
2394  2715.0  0.03
2395  2715.0  0.03
2396  2715.0  0.03
2397  2715.0  0.03
2398  2715.0  0.03
2399  2715.0  0.03
2400  2715.0  0.03
2401  2715.0  0.03
2402  2715.0  0.03
2403  2715.0  0.03
2404  2715.0  0.03
2405  2715.0  0.03
2406  2715.0  0.03
2407  2715.0  0.03
2408  2715.0  0.03
2409  2715.0  0.03
2410  2715.0  0.03
2411  2715.0  0.03
2412  2715.0  0.03
2413  2715.0  0.03
2414  2715.0  0.03
2415  2715.0  0.03
2416  2715.0  0.03
2417  2715.0  0.03
2418  2715.0  0.03
2419  2715.0  0.03
2420  2715.0  0.03
2421  2715.0  0.03
2422  2715.0  0.03
2423  2715.0  0.03
2424  2715.0  0.03
2425  2715.0  0.03
2426  2715.0  0.03
2427  2715.0  0.03
2428  2715.0  0.03
2429  2715.0  0.03
2430  2715.0  0.03
2431  2715.0  0.03
2432  2715.0  0.03
2433  2715.0  0.03
2434  2715.0  0.03
2435  2715.0  0.03
2436  2715.0  0.03
2437  2715.0  0.03
2438  2715.0  0.03
2439  2715.0  0.03
2440  2715.0  0.03
2441  2715.0  0.03
2442  2715.0  0.03
2443  2715.0  0.03
2444  2715.0  0.03
2445  2715.0  0.03
2446  2715.0  0.03
2447  2715.0  0.03
2448  2715.0  0.03
2449  2715.0  0.03
2450  2715.0  0.03
2451  2715.0  0.03
2452  2715.0  0.03
2453  2715.0  0.03
2454  2715.0  0.03
2455  2715.0  0.03
2456  2715.0  0.03
2457  2715.0  0.03
2458  2715.0  0.03
2459  2715.0  0.03
2460  2715.0  0.03
2461  2715.0  0.03
2462  2715.0  0.03
2463  2715.0  0.03
2464  2715.0  0.03
2465  2715.0  0.03
2466  2715.0  0.03
2467  2715.0  0.03
2468  2715.0  0.03
2469  2715.0  0.03
2470  2715.0  0.03
2471  2715.0  0.03
2472  2715.0  0.03
2473  2715.0  0.03
2474  2715.0  0.03
2475  2715.0  0.03
2476  2715.0  0.03
2477  2715.0  0.03
2478  2715.0  0.03
2479  2715.0  0.03
2480  2715.0  0.03
2481  2715.0  0.03
2482  2715.0  0.03
2483  2715.0  0.03
2484  2715.0  0.03
2485  2715.0  0.03
2486  2715.0  0.03
2487  2715.0  0.03
2488  2715.0  0.03
2489  2715.0  0.03
2490  2715.0  0.03
2491  2715.0  0.03
2492  2715.0  0.03
2493  2715.0  0.03
2494  2715.0  0.03
2495  2715.0  0.03
2496  2715.0  0.03
2497  2715.0  0.03
2498  2715.0  0.03
2499  2715.0  0.03
2500  2715.0  0.03
2501  2715.0  0.03
2502  2715.0  0.03
2503  2715.0  0.03
2504  2715.0  0.03
2505  2715.0  0.03
2506  2715.0  0.03
2507  2715.0  0.03
2508  2715.0  0.03
2509  2715.0  0.03
2510  2715.0  0.03
2511  2715.0  0.03
2512  2715.0  0.03
2513  2715.0  0.03
2514  2715.0  0.03
2515  2715.0  0.03
2516  2715.0  0.03
2517  2715.0  0.03
2518  2715.0  0.03
2519  2715.0  0.03
2520  2715.0  0.03
2521  2715.0  0.03
2522  2715.0  0.03
2523  2715.0  0.03
2524  2715.0  0.03
2525  2715.0  0.03
2526  2715.0  0.03
2527  2715.0  0.03
2528  2715.0  0.03
2529  2715.0  0.03
2530  2715.0  0.03
2531  2715.0  0.03
2532  2715.0  0.03
2533  2715.0  0.03
2534  2715.0  0.03
2535  2715.0  0.03
2536  2715.0  0.03
2537  2715.0  0.03
2538  2715.0  0.03
2539  2715.0  0.03
2540  2715.0  0.03
2541  2715.0  0.03
2542  2715.0  0.03
2543  2715.0  0.03
2544  2715.0  0.03
2545  2715.0  0.03
2546  2715.0  0.03
2547  2715.0  0.03
2548  2715.0  0.03
2549  2715.0  0.03
2550  2715.0  0.03
2551  2715.0  0.03
2552  2715.0  0.03
2553  2715.0  0.03
2554  2715.0  0.03
2555  2715.0  0.03
2556  2715.0  0.03
2557  2715.0  0.03
2558  2715.0  0.03
2559  2715.0  0.03
2560  2715.0  0.03
2561  2715.0  0.03
2562  2715.0  0.03
2563  2715.0  0.03
2564  2715.0  0.03
2565  2715.0  0.03
2566  2715.0  0.03
2567  2715.0  0.03
2568  2715.0  0.03
2569  2715.0  0.03
2570  2715.0  0.03
2571  2715.0  0.03
2572  2715.0  0.03
2573  2715.0  0.03
2574  2715.0  0.03
2575  2715.0  0.03
2576  2715.0  0.03
2577  2715.0  0.03
2578  2715.0  0.03
2579  2715.0  0.03
2580  2715.0  0.03
2581  2715.0  0.03
2582  2715.0  0.03
2583  2715.0  0.03
2584  2715.0  0.03
2585  2715.0  0.03
2586  2715.0  0.03
2587  2715.0  0.03
2588  2715.0  0.03
2589  2715.0  0.03
2590  2715.0  0.03
2591  2715.0  0.03
2592  2715.0  0.03
2593  2715.0  0.03
2594  2715.0  0.03
2595  2715.0  0.03
2596  2715.0  0.03
2597  2715.0  0.03
2598  2715.0  0.03
2599  2715.0  0.03
2600  2715.0  0.03
2601  2715.0  0.03
2602  2715.0  0.03
2603  2715.0  0.03
2604  2715.0  0.03
2605  2715.0  0.03
2606  2715.0  0.03
2607  2715.0  0.03
2608  2715.0  0.03
2609  2715.0  0.03
2610  2715.0  0.03
2611  2715.0  0.03
2612  2715.0  0.03
2613  2715.0  0.03
2614  2715.0  0.03
2615  2715.0  0.03
2616  2715.0  0.03
2617  2715.0  0.03
2618  2715.0  0.03
2619  2715.0  0.03
2620  2715.0  0.03
2621  2715.0  0.03
2622  2715.0  0.03
2623  2715.0  0.03
2624  2715.0  0.03
2625  2715.0  0.03
2626  2715.0  0.03
2627  2715.0  0.03
2628  2715.0  0.03
2629  2715.0  0.03
2630  2715.0  0.03
2631  2715.0  0.03
2632  2715.0  0.03
2633  2715.0  0.03
2634  2715.0  0.03
2635  2715.0  0.03
2636  2715.0  0.03
2637  2715.0  0.03
2638  2715.0  0.03
2639  2715.0  0.03
2640  2715.0  0.03
2641  2715.0  0.03
2642  2715.0  0.03
2643  2715.0  0.03
2644  2715.0  0.03
2645  2715.0  0.03
2646  2715.0  0.03
2647  2715.0  0.03
2648  2715.0  0.03
2649  2715.0  0.03
2650  2715.0  0.03
2651  2715.0  0.03
2652  2715.0  0.03
2653  2715.0  0.03
2654  2715.0  0.03
2655  2715.0  0.03
2656  2715.0  0.03
2657  2715.0  0.03
2658  2715.0  0.03
2659  2715.0  0.03
2660  2715.0  0.03
2661  2715.0  0.03
2662  2715.0  0.03
2663  2715.0  0.03
2664  2715.0  0.03
2665  2715.0  0.03
2666  2715.0  0.03
2667  2715.0  0.03
2668  2715.0  0.03
2669  2715.0  0.03
2670  2715.0  0.03
2671  2715.0  0.03
2672  2715.0  0.03
2673  2715.0  0.03
2674  2715.0  0.03
2675  2715.0  0.03
2676  2715.0  0.03
2677  2715.0  0.03
2678  2715.0  0.03
2679  2715.0  0.03
2680  2715.0  0.03
2681  2715.0  0.03
2682  2715.0  0.03
2683  2715.0  0.03
2684  2715.0  0.03
2685  2715.0  0.03
2686  2715.0  0.03
2687  2715.0  0.03
2688  2715.0  0.03
2689  2715.0  0.03
2690  2715.0  0.03
2691  2715.0  0.03
2692  2715.0  0.03
2693  2715.0  0.03
2694  2715.0  0.03
2695  2715.0  0.03
2696  2715.0  0.03
2697  2715.0  0.03
2698  2715.0  0.03
2699  2715.0  0.03
2700  2715.0  0.03
2701  2715.0  0.03
2702  2715.0  0.03
2703  2715.0  0.03
2704  2715.0  0.03
2705  2715.0  0.03
2706  2715.0  0.03
2707  2715.0  0.03
2708  2715.0  0.03
2709  2715.0  0.03
2710  2715.0  0.03
2711  2715.0  0.03
2712  2715.0  0.03
2713  2715.0  0.03
2714  2715.0  0.03
2715  2715.0  0.03
2716  2715.0  0.03
2717  2715.0  0.03
2718  2715.0  0.03
2719  2715.0  0.03
2720  2715.0  0.03
2721  2715.0  0.03
2722  2715.0  0.03
2723  2715.0  0.03
2724  2715.0  0.03
2725  2715.0  0.03
2726  2715.0  0.03
2727  2715.0  0.03
2728  2715.0  0.03
2729  2715.0  0.03
2730  2715.0  0.03
2731  2715.0  0.03
2732  2715.0  0.03
2733  2715.0  0.03
2734  2715.0  0.03
2735  2715.0  0.03
2736  2715.0  0.03
2737  2715.0  0.03
2738  2715.0  0.03
2739  2715.0  0.03
2740  2715.0  0.03
2741  2715.0  0.03
2742  2715.0  0.03
2743  2715.0  0.03
2744  2715.0  0.03
2745  2715.0  0.03
2746  2715.0  0.03
2747  2715.0  0.03
2748  2715.0  0.03
2749  2715.0  0.03
2750  2715.0  0.03
2751  2715.0  0.03
2752  2715.0  0.03
2753  2715.0  0.03
2754  2715.0  0.03
2755  2715.0  0.03
2756  2715.0  0.03
2757  2715.0  0.03
2758  2715.0  0.03
2759  2715.0  0.03
2760  2715.0  0.03
2761  2715.0  0.03
2762  2715.0  0.03
2763  2715.0  0.03
2764  2715.0  0.03
2765  2715.0  0.03
2766  2715.0  0.03
2767  2715.0  0.03
2768  2715.0  0.03
2769  2715.0  0.03
2770  2715.0  0.03
2771  2715.0  0.03
2772  2715.0  0.03
2773  2715.0  0.03
2774  2715.0  0.03
2775  2715.0  0.03
2776  2715.0  0.03
2777  2715.0  0.03
2778  2715.0  0.03
2779  2715.0  0.03
2780  2715.0  0.03
2781  2715.0  0.03
2782  2715.0  0.03
2783  2715.0  0.03
2784  2715.0  0.03
2785  2715.0  0.03
2786  2715.0  0.03
2787  2715.0  0.03
2788  2715.0  0.03
2789  2715.0  0.03
2790  2715.0  0.03
2791  2715.0  0.03
2792  2715.0  0.03
2793  2715.0  0.03
2794  2715.0  0.03
2795  2715.0  0.03
2796  2715.0  0.03
2797  2715.0  0.03
2798  2715.0  0.03
2799  2715.0  0.03
2800  2715.0  0.03
2801  2715.0  0.03
2802  2715.0  0.03
2803  2715.0  0.03
2804  2715.0  0.03
2805  2715.0  0.03
2806  2715.0  0.03
2807  2715.0  0.03
2808  2715.0  0.03
2809  2715.0  0.03
2810  2715.0  0.03
2811  2715.0  0.03
2812  2715.0  0.03
2813  2715.0  0.03
2814  2715.0  0.03
2815  2715.0  0.03
2816  2715.0  0.03
2817  2715.0  0.03
2818  2715.0  0.03
2819  2715.0  0.03
2820  2715.0  0.03
2821  2715.0  0.03
2822  2715.0  0.03
2823  2715.0  0.03
2824  2715.0  0.03
2825  2715.0  0.03
2826  2715.0  0.03
2827  2715.0  0.03
2828  2715.0  0.03
2829  2715.0  0.03
2830  2715.0  0.03
2831  2715.0  0.03
2832  2715.0  0.03
2833  2715.0  0.03
2834  2715.0  0.03
2835  2715.0  0.03
2836  2715.0  0.03
2837  2715.0  0.03
2838  2715.0  0.03
2839  2715.0  0.03
2840  2715.0  0.03
2841  2715.0  0.03
2842  2715.0  0.03
2843  2715.0  0.03
2844  2715.0  0.03
2845  2715.0  0.03
2846  2715.0  0.03
2847  2715.0  0.03
2848  2715.0  0.03
2849  2715.0  0.03
2850  2715.0  0.03
2851  2715.0  0.03
2852  2715.0  0.03
2853  2715.0  0.03
2854  2715.0  0.03
2855  2715.0  0.03
2856  2715.0  0.03
2857  2715.0  0.03
2858  2715.0  0.03
2859  2715.0  0.03
2860  2715.0  0.03
2861  2715.0  0.03
2862  2715.0  0.03
2863  2715.0  0.03
2864  2715.0  0.03
2865  2715.0  0.03
2866  2715.0  0.03
2867  2715.0  0.03
2868  2715.0  0.03
2869  2715.0  0.03
2870  2715.0  0.03
2871  2715.0  0.03
2872  2715.0  0.03
2873  2715.0  0.03
2874  2715.0  0.03
2875  2715.0  0.03
2876  2715.0  0.03
2877  2715.0  0.03
2878  2715.0  0.03
2879  2715.0  0.03
2880  2715.0  0.03
2881  2715.0  0.03
2882  2715.0  0.03
2883  2715.0  0.03
2884  2715.0  0.03
2885  2715.0  0.03
2886  2715.0  0.03
2887  2715.0  0.03
2888  2715.0  0.03
2889  2715.0  0.03
2890  2715.0  0.03
2891  2715.0  0.03
2892  2715.0  0.03
2893  2715.0  0.03
2894  2715.0  0.03
2895  2715.0  0.03
2896  2715.0  0.03
2897  2715.0  0.03
2898  2715.0  0.03
2899  2715.0  0.03
2900  2715.0  0.03
2901  2715.0  0.03
2902  2715.0  0.03
2903  2715.0  0.03
2904  2715.0  0.03
2905  2715.0  0.03
2906  2715.0  0.03
2907  2715.0  0.03
2908  2715.0  0.03
2909  2715.0  0.03
2910  2715.0  0.03
2911  2715.0  0.03
2912  2715.0  0.03
2913  2715.0  0.03
2914  2715.0  0.03
2915  2715.0  0.03
2916  2715.0  0.03
2917  2715.0  0.03
2918  2715.0  0.03
2919  2715.0  0.03
2920  2715.0  0.03
2921  2715.0  0.03
2922  2715.0  0.03
2923  2715.0  0.03
2924  2715.0  0.03
2925  2715.0  0.03
2926  2715.0  0.03
2927  2715.0  0.03
2928  2715.0  0.03
2929  2715.0  0.03
2930  2715.0  0.03
2931  2715.0  0.03
2932  2715.0  0.03
2933  2715.0  0.03
2934  2715.0  0.03
2935  2715.0  0.03
2936  2715.0  0.03
2937  2715.0  0.03
2938  2715.0  0.03
2939  2715.0  0.03
2940  2715.0  0.03
2941  2715.0  0.03
2942  2715.0  0.03
2943  2715.0  0.03
2944  2715.0  0.03
2945  2715.0  0.03
2946  2715.0  0.03
2947  2715.0  0.03
2948  2715.0  0.03
2949  2715.0  0.03
2950  2715.0  0.03
2951  2715.0  0.03
2952  2715.0  0.03
2953  2715.0  0.03
2954  2715.0  0.03
2955  2715.0  0.03
2956  2715.0  0.03
2957  2715.0  0.03
2958  2715.0  0.03
2959  2715.0  0.03
2960  2715.0  0.03
2961  2715.0  0.03
2962  2715.0  0.03
2963  2715.0  0.03
2964  2715.0  0.03
2965  2715.0  0.03
2966  2715.0  0.03
2967  2715.0  0.03
2968  2715.0  0.03
2969  2715.0  0.03
2970  2715.0  0.03
2971  2715.0  0.03
2972  2715.0  0.03
2973  2715.0  0.03
2974  2715.0  0.03
2975  2715.0  0.03
2976  2715.0  0.03
2977  2715.0  0.03
2978  2715.0  0.03
2979  2715.0  0.03
2980  2715.0  0.03
2981  2715.0  0.03
2982  2715.0  0.03
2983  2715.0  0.03
2984  2715.0  0.03
2985  2715.0  0.03
2986  2715.0  0.03
2987  2715.0  0.03
2988  2715.0  0.03
2989  2715.0  0.03
2990  2715.0  0.03
2991  2715.0  0.03
2992  2715.0  0.03
2993  2715.0  0.03
2994  2715.0  0.03
2995  2715.0  0.03
2996  2715.0  0.03
2997  2715.0  0.03
2998  2715.0  0.03
2999  2715.0  0.03
#[9, 9, 9, 9, 9, 9, 9, 9, 9, 9]
#[1, 9, 9, 9, 9, 9, 9, 9, 9, 9]
#[3, 9, 9, 9, 9, 9, 9, 9, 9, 9]
#[3, 9, 9, 9, 9, 9, 9, 9, 9, 9]
#[9, 9, 9, 9, 9, 9, 9, 9, 9, 9]
#[-7, 6, 9, 9, 9, 9, 9, 9, 9, 9]
#[-6, -5, 9, 9, 9, 9, 9, 9, 9, 9]
#[9, 9, 9, 9, 9, 9, 9, 9, 9, 9]
#[9, 9, 9, 9, 9, 9, 9, 9, 9, 9]
#Specialization index= [0, 9, 0.12048192771084337]
