#[3, 4, 8, 8, 6]
#[4, 7, 2, 6, 4]
#[6, 2, 1, 7, 4]
#[9, 8, 5, 7, 5]
#[7, 7, 6, 8, 2]
#[3, 8, 3, 3, 8]
#[8, 7, 3, 2, 7]
#[4, 5, 4, 1, 6]
#[9, 2, 9, 9, 6]
#[9, 2, 5, 2, 0]
#[9, 8, 1, 7, 6]
#[3, 2, 7, 9, 9]
#[5, 8, 7, 6, 8]
#[1, 4, 7, 3, 8]
#[1, 8, 5, 4, 3]
#[2, 8, 7, 2, 4]
#[9, 1, 8, 6, 4]
#[7, 1, 0, 4, 8]
#[8, 2, 6, 7, 2]
#[1, 9, 1, 6, 7]
#[3, 1, 0, 0, 3]
#[4, 6, 4, 5, 0]
#[4, 9, 7, 7, 4]
#[6, 9, 3, 7, 4]
#[7, 2, 4, 9, 2]
0  3921.5  0.0
1  3921.5  0.0
2  3921.5  0.0
3  3921.5  0.0
4  3921.5  0.0
5  3921.5  0.0
6  3921.5  0.0
7  3921.5  0.0
8  3921.5  0.0
9  3921.5  0.0
10  3921.5  0.0
11  3921.5  0.0
12  3921.5  0.0
13  3921.5  0.0
14  3921.5  0.0
15  3921.5  0.0
16  3921.5  0.0
17  3921.5  0.0
18  3921.5  0.0
19  3921.5  0.0
20  3921.5  0.0
21  3921.5  0.0
22  3921.5  0.0
23  3921.5  0.0
24  3921.5  0.0
25  3921.5  0.0
26  3921.5  0.0
27  3921.5  0.0
28  3921.5  0.0
29  3921.5  0.0
30  3921.5  0.0
31  3921.5  0.0
32  3921.5  0.0
33  3921.5  0.0
34  3921.5  0.0
35  3921.5  0.0
36  3921.5  0.0
37  3921.5  0.0
38  3921.5  0.0
39  3921.5  0.0
40  3921.5  0.0
41  3921.5  0.0
42  3921.5  0.0
43  3921.5  0.0
44  4295.15125  0.0769230769231
45  4294.618375  0.0769230769231
46  4294.2453625  0.0769230769231
47  4293.98425375  0.0769230769231
48  4293.80147762  0.0769230769231
49  4293.67353434  0.0769230769231
50  4293.58397404  0.0769230769231
51  4293.52128183  0.0769230769231
52  4293.47739728  0.0769230769231
53  4293.44667809  0.0769230769231
54  4293.42517467  0.0769230769231
55  4293.41012227  0.0769230769231
56  4293.39958559  0.0769230769231
57  4293.39220991  0.0769230769231
58  4293.38704694  0.0769230769231
59  4293.38343286  0.0769230769231
60  4293.380903  0.0769230769231
61  4293.3791321  0.0769230769231
62  4293.37789247  0.0769230769231
63  4293.37702473  0.0769230769231
64  4293.37641731  0.0769230769231
65  4293.37599212  0.0769230769231
66  4293.37569448  0.0769230769231
67  4293.37548614  0.0769230769231
68  4293.3753403  0.0769230769231
69  4293.37523821  0.0769230769231
70  4293.37516675  0.0769230769231
71  4293.37511672  0.0769230769231
72  4293.37508171  0.0769230769231
73  4293.37505719  0.0769230769231
74  4293.37504004  0.0769230769231
75  4293.37502802  0.0769230769231
76  4293.37501962  0.0769230769231
77  4293.37501373  0.0769230769231
78  4293.37500961  0.0769230769231
79  4293.37500673  0.0769230769231
80  4293.37500471  0.0769230769231
81  4293.3750033  0.0769230769231
82  4293.37500231  0.0769230769231
83  4293.37500162  0.0769230769231
84  4293.37500113  0.0769230769231
85  4293.37500079  0.0769230769231
86  4293.37500055  0.0769230769231
87  4293.37500039  0.0769230769231
88  4293.37500027  0.0769230769231
89  4293.37500019  0.0769230769231
90  4293.37500013  0.0769230769231
91  4293.37500009  0.0769230769231
92  4293.37500007  0.0769230769231
93  4293.37500005  0.0769230769231
94  4293.37500003  0.0769230769231
95  4293.37500002  0.0769230769231
96  4293.37500002  0.0769230769231
97  4293.37500001  0.0769230769231
98  4293.37500001  0.0769230769231
99  4293.37500001  0.0769230769231
100  4293.375  0.0769230769231
101  4293.375  0.0769230769231
102  4293.375  0.0769230769231
103  4293.375  0.0769230769231
104  4293.375  0.0769230769231
105  4293.375  0.0769230769231
106  4293.375  0.0769230769231
107  4293.375  0.0769230769231
108  4293.375  0.0769230769231
109  4293.375  0.0769230769231
110  4293.375  0.0769230769231
111  4293.375  0.0769230769231
112  4293.375  0.0769230769231
113  4293.375  0.0769230769231
114  4293.375  0.0769230769231
115  4293.375  0.0769230769231
116  4293.375  0.0769230769231
117  4293.375  0.0769230769231
118  4293.375  0.0769230769231
119  4293.375  0.0769230769231
120  4293.375  0.0769230769231
121  4293.375  0.0769230769231
122  4293.375  0.0769230769231
123  4293.375  0.0769230769231
124  4293.375  0.0769230769231
125  4293.375  0.0769230769231
126  4293.375  0.0769230769231
127  4293.375  0.0769230769231
128  4293.375  0.0769230769231
129  4293.375  0.0769230769231
130  4293.375  0.0769230769231
131  4293.375  0.0769230769231
132  4293.375  0.0769230769231
133  4293.375  0.0769230769231
134  4293.375  0.0769230769231
135  4293.375  0.0769230769231
136  4293.375  0.0769230769231
137  4293.375  0.0769230769231
138  4293.375  0.0769230769231
139  4293.375  0.0769230769231
140  4293.375  0.0769230769231
141  4293.375  0.0769230769231
142  4293.375  0.0769230769231
143  4293.375  0.0769230769231
144  4293.375  0.0769230769231
145  4293.375  0.0769230769231
146  4293.375  0.0769230769231
147  4293.375  0.0769230769231
148  4293.375  0.0769230769231
149  4293.375  0.0769230769231
150  4293.375  0.0769230769231
151  4293.375  0.0769230769231
152  4293.375  0.0769230769231
153  4293.375  0.0769230769231
154  4293.375  0.0769230769231
155  4293.375  0.0769230769231
156  4293.375  0.0769230769231
157  4293.375  0.0769230769231
158  4293.375  0.0769230769231
159  4293.375  0.0769230769231
160  4293.375  0.0769230769231
161  4293.375  0.0769230769231
162  4293.375  0.0769230769231
163  4293.375  0.0769230769231
164  4293.375  0.0769230769231
165  4293.375  0.0769230769231
166  4293.375  0.0769230769231
167  4293.375  0.0769230769231
168  4293.375  0.0769230769231
169  4293.375  0.0769230769231
170  4293.375  0.0769230769231
171  4293.375  0.0769230769231
172  4293.375  0.0769230769231
173  4293.375  0.0769230769231
174  4293.375  0.0769230769231
175  4293.375  0.0769230769231
176  4293.375  0.0769230769231
177  4293.375  0.0769230769231
178  4293.375  0.0769230769231
179  4293.375  0.0769230769231
180  4293.375  0.0769230769231
181  4293.375  0.0769230769231
182  4293.375  0.0769230769231
183  4293.375  0.0769230769231
184  4293.375  0.0769230769231
185  4293.375  0.0769230769231
186  4293.375  0.0769230769231
187  4293.375  0.0769230769231
188  4293.375  0.0769230769231
189  4293.375  0.0769230769231
190  4293.375  0.0769230769231
191  4293.375  0.0769230769231
192  4293.375  0.0769230769231
193  4293.375  0.0769230769231
194  4293.375  0.0769230769231
195  4293.375  0.0769230769231
196  4293.375  0.0769230769231
197  4293.375  0.0769230769231
198  4293.375  0.0769230769231
199  4293.375  0.0769230769231
200  4293.375  0.0769230769231
201  4293.375  0.0769230769231
202  4293.375  0.0769230769231
203  4293.375  0.0769230769231
204  4293.375  0.0769230769231
205  4293.375  0.0769230769231
206  4293.375  0.0769230769231
207  4293.375  0.0769230769231
208  4293.375  0.0769230769231
209  4293.375  0.0769230769231
210  4293.375  0.0769230769231
211  4293.375  0.0769230769231
212  4293.375  0.0769230769231
213  4293.375  0.0769230769231
214  4293.375  0.0769230769231
215  4293.375  0.0769230769231
216  4293.375  0.0769230769231
217  4293.375  0.0769230769231
218  4293.375  0.0769230769231
219  4293.375  0.0769230769231
220  4293.375  0.0769230769231
221  4293.375  0.0769230769231
222  4293.375  0.0769230769231
223  4293.375  0.0769230769231
224  4293.375  0.0769230769231
225  4293.375  0.0769230769231
226  4293.375  0.0769230769231
227  4293.375  0.0769230769231
228  4293.375  0.0769230769231
229  4293.375  0.0769230769231
230  4293.375  0.0769230769231
231  4293.375  0.0769230769231
232  4293.375  0.0769230769231
233  4293.375  0.0769230769231
234  4293.375  0.0769230769231
235  4293.375  0.0769230769231
236  4293.375  0.0769230769231
237  4293.375  0.0769230769231
238  4293.375  0.0769230769231
239  4293.375  0.0769230769231
240  4293.375  0.0769230769231
241  4293.375  0.0769230769231
242  4293.375  0.0769230769231
243  4293.375  0.0769230769231
244  4293.375  0.0769230769231
245  4293.375  0.0769230769231
246  4293.375  0.0769230769231
247  4293.375  0.0769230769231
248  4293.375  0.0769230769231
249  4293.375  0.0769230769231
250  4293.375  0.0769230769231
251  4293.375  0.0769230769231
252  4293.375  0.0769230769231
253  4293.375  0.0769230769231
254  4293.375  0.0769230769231
255  4293.375  0.0769230769231
256  4293.375  0.0769230769231
257  4293.375  0.0769230769231
258  4293.375  0.0769230769231
259  4293.375  0.0769230769231
260  4293.375  0.0769230769231
261  4293.375  0.0769230769231
262  4293.375  0.0769230769231
263  4293.375  0.0769230769231
264  4293.375  0.0769230769231
265  4293.375  0.0769230769231
266  4293.375  0.0769230769231
267  4293.375  0.0769230769231
268  4293.375  0.0769230769231
269  4293.375  0.0769230769231
270  4293.375  0.0769230769231
271  4293.375  0.0769230769231
272  4293.375  0.0769230769231
273  4293.375  0.0769230769231
274  4293.375  0.0769230769231
275  4293.375  0.0769230769231
276  4293.375  0.0769230769231
277  4293.375  0.0769230769231
278  4293.375  0.0769230769231
279  4293.375  0.0769230769231
280  4293.375  0.0769230769231
281  4293.375  0.0769230769231
282  4293.375  0.0769230769231
283  4293.375  0.0769230769231
284  4293.375  0.0769230769231
285  4293.375  0.0769230769231
286  4293.375  0.0769230769231
287  4293.375  0.0769230769231
288  4293.375  0.0769230769231
289  4293.375  0.0769230769231
290  4293.375  0.0769230769231
291  4293.375  0.0769230769231
292  4293.375  0.0769230769231
293  4293.375  0.0769230769231
294  4293.375  0.0769230769231
295  4293.375  0.0769230769231
296  4293.375  0.0769230769231
297  4293.375  0.0769230769231
298  4293.375  0.0769230769231
299  4293.375  0.0769230769231
300  4293.375  0.0769230769231
301  4293.375  0.0769230769231
302  4293.375  0.0769230769231
303  4293.375  0.0769230769231
304  4293.375  0.0769230769231
305  4293.375  0.0769230769231
306  4293.375  0.0769230769231
307  4293.375  0.0769230769231
308  4293.375  0.0769230769231
309  4293.375  0.0769230769231
310  4293.375  0.0769230769231
311  4293.375  0.0769230769231
312  4293.375  0.0769230769231
313  4293.375  0.0769230769231
314  4293.375  0.0769230769231
315  4293.375  0.0769230769231
316  4293.375  0.0769230769231
317  4293.375  0.0769230769231
318  4293.375  0.0769230769231
319  4293.375  0.0769230769231
320  4293.375  0.0769230769231
321  4293.375  0.0769230769231
322  4293.375  0.0769230769231
323  4293.375  0.0769230769231
324  4293.375  0.0769230769231
325  4293.375  0.0769230769231
326  4293.375  0.0769230769231
327  4293.375  0.0769230769231
328  4293.375  0.0769230769231
329  4293.375  0.0769230769231
330  4293.375  0.0769230769231
331  4293.375  0.0769230769231
332  4293.375  0.0769230769231
333  4293.375  0.0769230769231
334  4293.375  0.0769230769231
335  4293.375  0.0769230769231
336  4293.375  0.0769230769231
337  4293.375  0.0769230769231
338  4293.375  0.0769230769231
339  4293.375  0.0769230769231
340  4293.375  0.0769230769231
341  4293.375  0.0769230769231
342  4293.375  0.0769230769231
343  4293.375  0.0769230769231
344  4293.375  0.0769230769231
345  4293.375  0.0769230769231
346  4293.375  0.0769230769231
347  4293.375  0.0769230769231
348  4293.375  0.0769230769231
349  4293.375  0.0769230769231
350  4293.375  0.0769230769231
351  4293.375  0.0769230769231
352  4293.375  0.0769230769231
353  4293.375  0.0769230769231
354  4293.375  0.0769230769231
355  4293.375  0.0769230769231
356  4293.375  0.0769230769231
357  4293.375  0.0769230769231
358  4293.375  0.0769230769231
359  4293.375  0.0769230769231
360  4293.375  0.0769230769231
361  4293.375  0.0769230769231
362  4293.375  0.0769230769231
363  4293.375  0.0769230769231
364  4293.375  0.0769230769231
365  4293.375  0.0769230769231
366  4293.375  0.0769230769231
367  4293.375  0.0769230769231
368  4293.375  0.0769230769231
369  4293.375  0.0769230769231
370  4293.375  0.0769230769231
371  4293.375  0.0769230769231
372  4293.375  0.0769230769231
373  4293.375  0.0769230769231
374  4293.375  0.0769230769231
375  4293.375  0.0769230769231
376  4293.375  0.0769230769231
377  4293.375  0.0769230769231
378  4293.375  0.0769230769231
379  4293.375  0.0769230769231
380  4293.375  0.0769230769231
381  4293.375  0.0769230769231
382  4293.375  0.0769230769231
383  4293.375  0.0769230769231
384  4293.375  0.0769230769231
385  4293.375  0.0769230769231
386  4293.375  0.0769230769231
387  4293.375  0.0769230769231
388  4293.375  0.0769230769231
389  4293.375  0.0769230769231
390  4293.375  0.0769230769231
391  4293.375  0.0769230769231
392  4293.375  0.0769230769231
393  4293.375  0.0769230769231
394  4293.375  0.0769230769231
395  4293.375  0.0769230769231
396  4293.375  0.0769230769231
397  4293.375  0.0769230769231
398  4293.375  0.0769230769231
399  4293.375  0.0769230769231
400  4293.375  0.0769230769231
401  4293.375  0.0769230769231
402  4293.375  0.0769230769231
403  4293.375  0.0769230769231
404  4293.375  0.0769230769231
405  4293.375  0.0769230769231
406  4293.375  0.0769230769231
407  4293.375  0.0769230769231
408  4293.375  0.0769230769231
409  4293.375  0.0769230769231
410  4293.375  0.0769230769231
411  4293.375  0.0769230769231
412  4293.375  0.0769230769231
413  4293.375  0.0769230769231
414  4293.375  0.0769230769231
415  4293.375  0.0769230769231
416  4293.375  0.0769230769231
417  4293.375  0.0769230769231
418  4293.375  0.0769230769231
419  4293.375  0.0769230769231
420  4293.375  0.0769230769231
421  4293.375  0.0769230769231
422  4293.375  0.0769230769231
423  4293.375  0.0769230769231
424  4293.375  0.0769230769231
425  4293.375  0.0769230769231
426  4293.375  0.0769230769231
427  4293.375  0.0769230769231
428  4293.375  0.0769230769231
429  4293.375  0.0769230769231
430  4293.375  0.0769230769231
431  4293.375  0.0769230769231
432  4293.375  0.0769230769231
433  4293.375  0.0769230769231
434  4293.375  0.0769230769231
435  4293.375  0.0769230769231
436  4293.375  0.0769230769231
437  4293.375  0.0769230769231
438  4293.375  0.0769230769231
439  4293.375  0.0769230769231
440  4293.375  0.0769230769231
441  4293.375  0.0769230769231
442  4293.375  0.0769230769231
443  4293.375  0.0769230769231
444  4293.375  0.0769230769231
445  4293.375  0.0769230769231
446  4293.375  0.0769230769231
447  4293.375  0.0769230769231
448  4293.375  0.0769230769231
449  4293.375  0.0769230769231
450  4293.375  0.0769230769231
451  4293.375  0.0769230769231
452  4293.375  0.0769230769231
453  4293.375  0.0769230769231
454  4293.375  0.0769230769231
455  4293.375  0.0769230769231
456  4293.375  0.0769230769231
457  4293.375  0.0769230769231
458  4293.375  0.0769230769231
459  4293.375  0.0769230769231
460  4293.375  0.0769230769231
461  4293.375  0.0769230769231
462  4293.375  0.0769230769231
463  4293.375  0.0769230769231
464  4293.375  0.0769230769231
465  4293.375  0.0769230769231
466  4293.375  0.0769230769231
467  4293.375  0.0769230769231
468  4293.375  0.0769230769231
469  4293.375  0.0769230769231
470  4293.375  0.0769230769231
471  4293.375  0.0769230769231
472  4293.375  0.0769230769231
473  4293.375  0.0769230769231
474  4293.375  0.0769230769231
475  4293.375  0.0769230769231
476  4293.375  0.0769230769231
477  4293.375  0.0769230769231
478  4293.375  0.0769230769231
479  4293.375  0.0769230769231
480  4293.375  0.0769230769231
481  4293.375  0.0769230769231
482  4293.375  0.0769230769231
483  4293.375  0.0769230769231
484  4293.375  0.0769230769231
485  4293.375  0.0769230769231
486  4293.375  0.0769230769231
487  4293.375  0.0769230769231
488  4293.375  0.0769230769231
489  4293.375  0.0769230769231
490  4293.375  0.0769230769231
491  4293.375  0.0769230769231
492  4293.375  0.0769230769231
493  4293.375  0.0769230769231
494  4293.375  0.0769230769231
495  4293.375  0.0769230769231
496  4293.375  0.0769230769231
497  4293.375  0.0769230769231
498  4293.375  0.0769230769231
499  4293.375  0.0769230769231
500  4293.375  0.0769230769231
501  4293.375  0.0769230769231
502  4293.375  0.0769230769231
503  4293.375  0.0769230769231
504  4293.375  0.0769230769231
505  4293.375  0.0769230769231
506  4293.375  0.0769230769231
507  4293.375  0.0769230769231
508  4293.375  0.0769230769231
509  4293.375  0.0769230769231
510  4293.375  0.0769230769231
511  4293.375  0.0769230769231
512  4293.375  0.0769230769231
513  4293.375  0.0769230769231
514  4293.375  0.0769230769231
515  4293.375  0.0769230769231
516  4293.375  0.0769230769231
517  4293.375  0.0769230769231
518  4293.375  0.0769230769231
519  4293.375  0.0769230769231
520  4293.375  0.0769230769231
521  4293.375  0.0769230769231
522  4293.375  0.0769230769231
523  4293.375  0.0769230769231
524  4293.375  0.0769230769231
525  4293.375  0.0769230769231
526  4293.375  0.0769230769231
527  4293.375  0.0769230769231
528  4293.375  0.0769230769231
529  4293.375  0.0769230769231
530  4293.375  0.0769230769231
531  4293.375  0.0769230769231
532  4293.375  0.0769230769231
533  4293.375  0.0769230769231
534  4293.375  0.0769230769231
535  4293.375  0.0769230769231
536  4293.375  0.0769230769231
537  4293.375  0.0769230769231
538  4293.375  0.0769230769231
539  4293.375  0.0769230769231
540  4293.375  0.0769230769231
541  4293.375  0.0769230769231
542  4293.375  0.0769230769231
543  4293.375  0.0769230769231
544  4293.375  0.0769230769231
545  4293.375  0.0769230769231
546  4293.375  0.0769230769231
547  4293.375  0.0769230769231
548  4293.375  0.0769230769231
549  4293.375  0.0769230769231
550  4293.375  0.0769230769231
551  4293.375  0.0769230769231
552  4293.375  0.0769230769231
553  4293.375  0.0769230769231
554  4293.375  0.0769230769231
555  4293.375  0.0769230769231
556  4293.375  0.0769230769231
557  4293.375  0.0769230769231
558  4293.375  0.0769230769231
559  4293.375  0.0769230769231
560  4293.375  0.0769230769231
561  4293.375  0.0769230769231
562  4293.375  0.0769230769231
563  4293.375  0.0769230769231
564  4293.375  0.0769230769231
565  4293.375  0.0769230769231
566  4293.375  0.0769230769231
567  4293.375  0.0769230769231
568  4293.375  0.0769230769231
569  4293.375  0.0769230769231
570  4293.375  0.0769230769231
571  4293.375  0.0769230769231
572  4293.375  0.0769230769231
573  4293.375  0.0769230769231
574  4293.375  0.0769230769231
575  4293.375  0.0769230769231
576  4293.375  0.0769230769231
577  4293.375  0.0769230769231
578  4293.375  0.0769230769231
579  4293.375  0.0769230769231
580  4293.375  0.0769230769231
581  4293.375  0.0769230769231
582  4293.375  0.0769230769231
583  4293.375  0.0769230769231
584  4293.375  0.0769230769231
585  4293.375  0.0769230769231
586  4293.375  0.0769230769231
587  4293.375  0.0769230769231
588  4293.375  0.0769230769231
589  4293.375  0.0769230769231
590  4293.375  0.0769230769231
591  4293.375  0.0769230769231
592  4293.375  0.0769230769231
593  4293.375  0.0769230769231
594  4293.375  0.0769230769231
595  4293.375  0.0769230769231
596  4293.375  0.0769230769231
597  4293.375  0.0769230769231
598  4293.375  0.0769230769231
599  4293.375  0.0769230769231
600  4293.375  0.0769230769231
601  4293.375  0.0769230769231
602  4293.375  0.0769230769231
603  4293.375  0.0769230769231
604  4293.375  0.0769230769231
605  4293.375  0.0769230769231
606  4293.375  0.0769230769231
607  4293.375  0.0769230769231
608  4293.375  0.0769230769231
609  4293.375  0.0769230769231
610  4293.375  0.0769230769231
611  4293.375  0.0769230769231
612  4293.375  0.0769230769231
613  4293.375  0.0769230769231
614  4293.375  0.0769230769231
615  4293.375  0.0769230769231
616  4293.375  0.0769230769231
617  4293.375  0.0769230769231
618  4293.375  0.0769230769231
619  4293.375  0.0769230769231
620  4293.375  0.0769230769231
621  4293.375  0.0769230769231
622  4293.375  0.0769230769231
623  4293.375  0.0769230769231
624  4293.375  0.0769230769231
625  4293.375  0.0769230769231
626  4293.375  0.0769230769231
627  4293.375  0.0769230769231
628  4293.375  0.0769230769231
629  4293.375  0.0769230769231
630  4293.375  0.0769230769231
631  4293.375  0.0769230769231
632  4293.375  0.0769230769231
633  4293.375  0.0769230769231
634  4293.375  0.0769230769231
635  4293.375  0.0769230769231
636  4293.375  0.0769230769231
637  4293.375  0.0769230769231
638  4293.375  0.0769230769231
639  4293.375  0.0769230769231
640  4293.375  0.0769230769231
641  4293.375  0.0769230769231
642  4293.375  0.0769230769231
643  4293.375  0.0769230769231
644  4293.375  0.0769230769231
645  4293.375  0.0769230769231
646  4293.375  0.0769230769231
647  4293.375  0.0769230769231
648  4293.375  0.0769230769231
649  4293.375  0.0769230769231
650  4293.375  0.0769230769231
651  4293.375  0.0769230769231
652  4293.375  0.0769230769231
653  4293.375  0.0769230769231
654  4293.375  0.0769230769231
655  4293.375  0.0769230769231
656  4293.375  0.0769230769231
657  4293.375  0.0769230769231
658  4293.375  0.0769230769231
659  4293.375  0.0769230769231
660  4293.375  0.0769230769231
661  4293.375  0.0769230769231
662  4293.375  0.0769230769231
663  4293.375  0.0769230769231
664  4293.375  0.0769230769231
665  4293.375  0.0769230769231
666  4293.375  0.0769230769231
667  4293.375  0.0769230769231
668  4293.375  0.0769230769231
669  4293.375  0.0769230769231
670  4293.375  0.0769230769231
671  4293.375  0.0769230769231
672  4293.375  0.0769230769231
673  4293.375  0.0769230769231
674  4293.375  0.0769230769231
675  4293.375  0.0769230769231
676  4293.375  0.0769230769231
677  4293.375  0.0769230769231
678  4293.375  0.0769230769231
679  4293.375  0.0769230769231
680  4293.375  0.0769230769231
681  4293.375  0.0769230769231
682  4293.375  0.0769230769231
683  4293.375  0.0769230769231
684  4293.375  0.0769230769231
685  4293.375  0.0769230769231
686  4293.375  0.0769230769231
687  4293.375  0.0769230769231
688  4293.375  0.0769230769231
689  4293.375  0.0769230769231
690  4293.375  0.0769230769231
691  4293.375  0.0769230769231
692  4293.375  0.0769230769231
693  4293.375  0.0769230769231
694  4293.375  0.0769230769231
695  4293.375  0.0769230769231
696  4293.375  0.0769230769231
697  4293.375  0.0769230769231
698  4293.375  0.0769230769231
699  4293.375  0.0769230769231
700  4293.375  0.0769230769231
701  4293.375  0.0769230769231
702  4293.375  0.0769230769231
703  4293.375  0.0769230769231
704  4293.375  0.0769230769231
705  4293.375  0.0769230769231
706  4293.375  0.0769230769231
707  4293.375  0.0769230769231
708  4293.375  0.0769230769231
709  4293.375  0.0769230769231
710  4293.375  0.0769230769231
711  4293.375  0.0769230769231
712  4293.375  0.0769230769231
713  4293.375  0.0769230769231
714  4293.375  0.0769230769231
715  4293.375  0.0769230769231
716  4293.375  0.0769230769231
717  4293.375  0.0769230769231
718  4293.375  0.0769230769231
719  4293.375  0.0769230769231
720  4293.375  0.0769230769231
721  4293.375  0.0769230769231
722  4293.375  0.0769230769231
723  4293.375  0.0769230769231
724  4293.375  0.0769230769231
725  4293.375  0.0769230769231
726  4293.375  0.0769230769231
727  4293.375  0.0769230769231
728  4293.375  0.0769230769231
729  4293.375  0.0769230769231
730  4293.375  0.0769230769231
731  4293.375  0.0769230769231
732  4293.375  0.0769230769231
733  4293.375  0.0769230769231
734  4293.375  0.0769230769231
735  4293.375  0.0769230769231
736  4293.375  0.0769230769231
737  4293.375  0.0769230769231
738  4293.375  0.0769230769231
739  4293.375  0.0769230769231
740  4293.375  0.0769230769231
741  4293.375  0.0769230769231
742  4293.375  0.0769230769231
743  4293.375  0.0769230769231
744  4293.375  0.0769230769231
745  4293.375  0.0769230769231
746  4293.375  0.0769230769231
747  4293.375  0.0769230769231
748  4293.375  0.0769230769231
749  4293.375  0.0769230769231
750  4293.375  0.0769230769231
751  4293.375  0.0769230769231
752  4293.375  0.0769230769231
753  4293.375  0.0769230769231
754  4293.375  0.0769230769231
755  4293.375  0.0769230769231
756  4293.375  0.0769230769231
757  4293.375  0.0769230769231
758  4293.375  0.0769230769231
759  4293.375  0.0769230769231
760  4293.375  0.0769230769231
761  4293.375  0.0769230769231
762  4293.375  0.0769230769231
763  4293.375  0.0769230769231
764  4293.375  0.0769230769231
765  4293.375  0.0769230769231
766  4293.375  0.0769230769231
767  4293.375  0.0769230769231
768  4293.375  0.0769230769231
769  4293.375  0.0769230769231
770  4293.375  0.0769230769231
771  4293.375  0.0769230769231
772  4293.375  0.0769230769231
773  4293.375  0.0769230769231
774  4293.375  0.0769230769231
775  4293.375  0.0769230769231
776  4293.375  0.0769230769231
777  4293.375  0.0769230769231
778  4293.375  0.0769230769231
779  4293.375  0.0769230769231
780  4293.375  0.0769230769231
781  4293.375  0.0769230769231
782  4293.375  0.0769230769231
783  4293.375  0.0769230769231
784  4293.375  0.0769230769231
785  4293.375  0.0769230769231
786  4293.375  0.0769230769231
787  4293.375  0.0769230769231
788  4293.375  0.0769230769231
789  4293.375  0.0769230769231
790  4293.375  0.0769230769231
791  4293.375  0.0769230769231
792  4293.375  0.0769230769231
793  4293.375  0.0769230769231
794  4293.375  0.0769230769231
795  4293.375  0.0769230769231
796  4293.375  0.0769230769231
797  4293.375  0.0769230769231
798  4293.375  0.0769230769231
799  4293.375  0.0769230769231
800  4293.375  0.0769230769231
801  4293.375  0.0769230769231
802  4293.375  0.0769230769231
803  4293.375  0.0769230769231
804  4293.375  0.0769230769231
805  4293.375  0.0769230769231
806  4293.375  0.0769230769231
807  4293.375  0.0769230769231
808  4293.375  0.0769230769231
809  4293.375  0.0769230769231
810  4293.375  0.0769230769231
811  4293.375  0.0769230769231
812  4293.375  0.0769230769231
813  4293.375  0.0769230769231
814  4293.375  0.0769230769231
815  4293.375  0.0769230769231
816  4293.375  0.0769230769231
817  4293.375  0.0769230769231
818  4293.375  0.0769230769231
819  4293.375  0.0769230769231
820  4293.375  0.0769230769231
821  4293.375  0.0769230769231
822  4293.375  0.0769230769231
823  4293.375  0.0769230769231
824  4293.375  0.0769230769231
825  4293.375  0.0769230769231
826  4293.375  0.0769230769231
827  4293.375  0.0769230769231
828  4293.375  0.0769230769231
829  4293.375  0.0769230769231
830  4293.375  0.0769230769231
831  4293.375  0.0769230769231
832  4293.375  0.0769230769231
833  4293.375  0.0769230769231
834  4293.375  0.0769230769231
835  4293.375  0.0769230769231
836  4293.375  0.0769230769231
837  4293.375  0.0769230769231
838  4293.375  0.0769230769231
839  4293.375  0.0769230769231
840  4293.375  0.0769230769231
841  4293.375  0.0769230769231
842  4293.375  0.0769230769231
843  4293.375  0.0769230769231
844  4293.375  0.0769230769231
845  4293.375  0.0769230769231
846  4293.375  0.0769230769231
847  4293.375  0.0769230769231
848  4293.375  0.0769230769231
849  4293.375  0.0769230769231
850  4293.375  0.0769230769231
851  4293.375  0.0769230769231
852  4293.375  0.0769230769231
853  4293.375  0.0769230769231
854  4293.375  0.0769230769231
855  4293.375  0.0769230769231
856  4293.375  0.0769230769231
857  4293.375  0.0769230769231
858  4293.375  0.0769230769231
859  4293.375  0.0769230769231
860  4293.375  0.0769230769231
861  4293.375  0.0769230769231
862  4293.375  0.0769230769231
863  4293.375  0.0769230769231
864  4293.375  0.0769230769231
865  4293.375  0.0769230769231
866  4293.375  0.0769230769231
867  4293.375  0.0769230769231
868  4293.375  0.0769230769231
869  4293.375  0.0769230769231
870  4293.375  0.0769230769231
871  4293.375  0.0769230769231
872  4293.375  0.0769230769231
873  4293.375  0.0769230769231
874  4293.375  0.0769230769231
875  4293.375  0.0769230769231
876  4293.375  0.0769230769231
877  4293.375  0.0769230769231
878  4293.375  0.0769230769231
879  4293.375  0.0769230769231
880  4293.375  0.0769230769231
881  4293.375  0.0769230769231
882  4293.375  0.0769230769231
883  4293.375  0.0769230769231
884  4293.375  0.0769230769231
885  4293.375  0.0769230769231
886  4293.375  0.0769230769231
887  4293.375  0.0769230769231
888  4293.375  0.0769230769231
889  4293.375  0.0769230769231
890  4293.375  0.0769230769231
891  4293.375  0.0769230769231
892  4293.375  0.0769230769231
893  4293.375  0.0769230769231
894  4293.375  0.0769230769231
895  4293.375  0.0769230769231
896  4293.375  0.0769230769231
897  4293.375  0.0769230769231
898  4293.375  0.0769230769231
899  4293.375  0.0769230769231
900  4293.375  0.0769230769231
901  4293.375  0.0769230769231
902  4293.375  0.0769230769231
903  4293.375  0.0769230769231
904  4293.375  0.0769230769231
905  4293.375  0.0769230769231
906  4293.375  0.0769230769231
907  4293.375  0.0769230769231
908  4293.375  0.0769230769231
909  4293.375  0.0769230769231
910  4293.375  0.0769230769231
911  4293.375  0.0769230769231
912  4293.375  0.0769230769231
913  4293.375  0.0769230769231
914  4293.375  0.0769230769231
915  4293.375  0.0769230769231
916  4293.375  0.0769230769231
917  4293.375  0.0769230769231
918  4293.375  0.0769230769231
919  4293.375  0.0769230769231
920  4293.375  0.0769230769231
921  4293.375  0.0769230769231
922  4293.375  0.0769230769231
923  4293.375  0.0769230769231
924  4293.375  0.0769230769231
925  4293.375  0.0769230769231
926  4293.375  0.0769230769231
927  4293.375  0.0769230769231
928  4293.375  0.0769230769231
929  4293.375  0.0769230769231
930  4293.375  0.0769230769231
931  4293.375  0.0769230769231
932  4293.375  0.0769230769231
933  4293.375  0.0769230769231
934  4293.375  0.0769230769231
935  4293.375  0.0769230769231
936  4293.375  0.0769230769231
937  4293.375  0.0769230769231
938  4293.375  0.0769230769231
939  4293.375  0.0769230769231
940  4293.375  0.0769230769231
941  4293.375  0.0769230769231
942  4293.375  0.0769230769231
943  4293.375  0.0769230769231
944  4293.375  0.0769230769231
945  4293.375  0.0769230769231
946  4293.375  0.0769230769231
947  4293.375  0.0769230769231
948  4293.375  0.0769230769231
949  4293.375  0.0769230769231
950  4293.375  0.0769230769231
951  4293.375  0.0769230769231
952  4293.375  0.0769230769231
953  4293.375  0.0769230769231
954  4293.375  0.0769230769231
955  4293.375  0.0769230769231
956  4293.375  0.0769230769231
957  4293.375  0.0769230769231
958  4293.375  0.0769230769231
959  4293.375  0.0769230769231
960  4293.375  0.0769230769231
961  4293.375  0.0769230769231
962  4293.375  0.0769230769231
963  4293.375  0.0769230769231
964  4293.375  0.0769230769231
965  4293.375  0.0769230769231
966  4293.375  0.0769230769231
967  4293.375  0.0769230769231
968  4293.375  0.0769230769231
969  4293.375  0.0769230769231
970  4293.375  0.0769230769231
971  4293.375  0.0769230769231
972  4293.375  0.0769230769231
973  4293.375  0.0769230769231
974  4293.375  0.0769230769231
975  4293.375  0.0769230769231
976  4293.375  0.0769230769231
977  4293.375  0.0769230769231
978  4293.375  0.0769230769231
979  4293.375  0.0769230769231
980  4293.375  0.0769230769231
981  4293.375  0.0769230769231
982  4293.375  0.0769230769231
983  4293.375  0.0769230769231
984  4293.375  0.0769230769231
985  4293.375  0.0769230769231
986  4293.375  0.0769230769231
987  4293.375  0.0769230769231
988  4293.375  0.0769230769231
989  4293.375  0.0769230769231
990  4293.375  0.0769230769231
991  4293.375  0.0769230769231
992  4293.375  0.0769230769231
993  4293.375  0.0769230769231
994  4293.375  0.0769230769231
995  4293.375  0.0769230769231
996  4293.375  0.0769230769231
997  4293.375  0.0769230769231
998  4293.375  0.0769230769231
999  4293.375  0.0769230769231
1000  4293.375  0.0769230769231
1001  4293.375  0.0769230769231
1002  4293.375  0.0769230769231
1003  4293.375  0.0769230769231
1004  4293.375  0.0769230769231
1005  4293.375  0.0769230769231
1006  4293.375  0.0769230769231
1007  4293.375  0.0769230769231
1008  4293.375  0.0769230769231
1009  4293.375  0.0769230769231
1010  4293.375  0.0769230769231
1011  4293.375  0.0769230769231
1012  4293.375  0.0769230769231
1013  4293.375  0.0769230769231
1014  4293.375  0.0769230769231
1015  4293.375  0.0769230769231
1016  4293.375  0.0769230769231
1017  4293.375  0.0769230769231
1018  4293.375  0.0769230769231
1019  4293.375  0.0769230769231
1020  4293.375  0.0769230769231
1021  4293.375  0.0769230769231
1022  4293.375  0.0769230769231
1023  4293.375  0.0769230769231
1024  4293.375  0.0769230769231
1025  4293.375  0.0769230769231
1026  4293.375  0.0769230769231
1027  4293.375  0.0769230769231
1028  4293.375  0.0769230769231
1029  4293.375  0.0769230769231
1030  4293.375  0.0769230769231
1031  4293.375  0.0769230769231
1032  4293.375  0.0769230769231
1033  4293.375  0.0769230769231
1034  4293.375  0.0769230769231
1035  4293.375  0.0769230769231
1036  4293.375  0.0769230769231
1037  4293.375  0.0769230769231
1038  4293.375  0.0769230769231
1039  4293.375  0.0769230769231
1040  4293.375  0.0769230769231
1041  4293.375  0.0769230769231
1042  4293.375  0.0769230769231
1043  4293.375  0.0769230769231
1044  4293.375  0.0769230769231
1045  4293.375  0.0769230769231
1046  4293.375  0.0769230769231
1047  4293.375  0.0769230769231
1048  4293.375  0.0769230769231
1049  4293.375  0.0769230769231
1050  4293.375  0.0769230769231
1051  4293.375  0.0769230769231
1052  4293.375  0.0769230769231
1053  4293.375  0.0769230769231
1054  4293.375  0.0769230769231
1055  4293.375  0.0769230769231
1056  4293.375  0.0769230769231
1057  4293.375  0.0769230769231
1058  4293.375  0.0769230769231
1059  4293.375  0.0769230769231
1060  4293.375  0.0769230769231
1061  4293.375  0.0769230769231
1062  4293.375  0.0769230769231
1063  4293.375  0.0769230769231
1064  4293.375  0.0769230769231
1065  4293.375  0.0769230769231
1066  4293.375  0.0769230769231
1067  4293.375  0.0769230769231
1068  4293.375  0.0769230769231
1069  4293.375  0.0769230769231
1070  4293.375  0.0769230769231
1071  4293.375  0.0769230769231
1072  4293.375  0.0769230769231
1073  4293.375  0.0769230769231
1074  4293.375  0.0769230769231
1075  4293.375  0.0769230769231
1076  4293.375  0.0769230769231
1077  4293.375  0.0769230769231
1078  4293.375  0.0769230769231
1079  4293.375  0.0769230769231
1080  4293.375  0.0769230769231
1081  4293.375  0.0769230769231
1082  4293.375  0.0769230769231
1083  4293.375  0.0769230769231
1084  4293.375  0.0769230769231
1085  4293.375  0.0769230769231
1086  4293.375  0.0769230769231
1087  4293.375  0.0769230769231
1088  4293.375  0.0769230769231
1089  4293.375  0.0769230769231
1090  4293.375  0.0769230769231
1091  4293.375  0.0769230769231
1092  4293.375  0.0769230769231
1093  4293.375  0.0769230769231
1094  4293.375  0.0769230769231
1095  4293.375  0.0769230769231
1096  4293.375  0.0769230769231
1097  4293.375  0.0769230769231
1098  4293.375  0.0769230769231
1099  4293.375  0.0769230769231
1100  4293.375  0.0769230769231
1101  4293.375  0.0769230769231
1102  4293.375  0.0769230769231
1103  4293.375  0.0769230769231
1104  4293.375  0.0769230769231
1105  4293.375  0.0769230769231
1106  4293.375  0.0769230769231
1107  4293.375  0.0769230769231
1108  4293.375  0.0769230769231
1109  4293.375  0.0769230769231
1110  4293.375  0.0769230769231
1111  4293.375  0.0769230769231
1112  4293.375  0.0769230769231
1113  4293.375  0.0769230769231
1114  4293.375  0.0769230769231
1115  4293.375  0.0769230769231
1116  4293.375  0.0769230769231
1117  4293.375  0.0769230769231
1118  4293.375  0.0769230769231
1119  4293.375  0.0769230769231
1120  4293.375  0.0769230769231
1121  4293.375  0.0769230769231
1122  4293.375  0.0769230769231
1123  4293.375  0.0769230769231
1124  4293.375  0.0769230769231
1125  4293.375  0.0769230769231
1126  4293.375  0.0769230769231
1127  4293.375  0.0769230769231
1128  4293.375  0.0769230769231
1129  4293.375  0.0769230769231
1130  4293.375  0.0769230769231
1131  4293.375  0.0769230769231
1132  4293.375  0.0769230769231
1133  4293.375  0.0769230769231
1134  4293.375  0.0769230769231
1135  4293.375  0.0769230769231
1136  4293.375  0.0769230769231
1137  4293.375  0.0769230769231
1138  4293.375  0.0769230769231
1139  4293.375  0.0769230769231
1140  4293.375  0.0769230769231
1141  4293.375  0.0769230769231
1142  4293.375  0.0769230769231
1143  4293.375  0.0769230769231
1144  4293.375  0.0769230769231
1145  4293.375  0.0769230769231
1146  4293.375  0.0769230769231
1147  4293.375  0.0769230769231
1148  4293.375  0.0769230769231
1149  4293.375  0.0769230769231
1150  4293.375  0.0769230769231
1151  4293.375  0.0769230769231
1152  4293.375  0.0769230769231
1153  4293.375  0.0769230769231
1154  4293.375  0.0769230769231
1155  4293.375  0.0769230769231
1156  4293.375  0.0769230769231
1157  4293.375  0.0769230769231
1158  4293.375  0.0769230769231
1159  4293.375  0.0769230769231
1160  4293.375  0.0769230769231
1161  4293.375  0.0769230769231
1162  4293.375  0.0769230769231
1163  4293.375  0.0769230769231
1164  4293.375  0.0769230769231
1165  4293.375  0.0769230769231
1166  4293.375  0.0769230769231
1167  4293.375  0.0769230769231
1168  4293.375  0.0769230769231
1169  4293.375  0.0769230769231
1170  4293.375  0.0769230769231
1171  4293.375  0.0769230769231
1172  4293.375  0.0769230769231
1173  4293.375  0.0769230769231
1174  4293.375  0.0769230769231
1175  4293.375  0.0769230769231
1176  4293.375  0.0769230769231
1177  4293.375  0.0769230769231
1178  4293.375  0.0769230769231
1179  4293.375  0.0769230769231
1180  4293.375  0.0769230769231
1181  4293.375  0.0769230769231
1182  4293.375  0.0769230769231
1183  4293.375  0.0769230769231
1184  4293.375  0.0769230769231
1185  4293.375  0.0769230769231
1186  4293.375  0.0769230769231
1187  4293.375  0.0769230769231
1188  4293.375  0.0769230769231
1189  4293.375  0.0769230769231
1190  4293.375  0.0769230769231
1191  4293.375  0.0769230769231
1192  4293.375  0.0769230769231
1193  4293.375  0.0769230769231
1194  4293.375  0.0769230769231
1195  4293.375  0.0769230769231
1196  4293.375  0.0769230769231
1197  4293.375  0.0769230769231
1198  4293.375  0.0769230769231
1199  4293.375  0.0769230769231
1200  4293.375  0.0769230769231
1201  4293.375  0.0769230769231
1202  4293.375  0.0769230769231
1203  4293.375  0.0769230769231
1204  4293.375  0.0769230769231
1205  4293.375  0.0769230769231
1206  4293.375  0.0769230769231
1207  4293.375  0.0769230769231
1208  4293.375  0.0769230769231
1209  4293.375  0.0769230769231
1210  4293.375  0.0769230769231
1211  4293.375  0.0769230769231
1212  4293.375  0.0769230769231
1213  4293.375  0.0769230769231
1214  4293.375  0.0769230769231
1215  4293.375  0.0769230769231
1216  4293.375  0.0769230769231
1217  4293.375  0.0769230769231
1218  4293.375  0.0769230769231
1219  4293.375  0.0769230769231
1220  4293.375  0.0769230769231
1221  4293.375  0.0769230769231
1222  4293.375  0.0769230769231
1223  4293.375  0.0769230769231
1224  4293.375  0.0769230769231
1225  4293.375  0.0769230769231
1226  4293.375  0.0769230769231
1227  4293.375  0.0769230769231
1228  4293.375  0.0769230769231
1229  4293.375  0.0769230769231
1230  4293.375  0.0769230769231
1231  4293.375  0.0769230769231
1232  4293.375  0.0769230769231
1233  4293.375  0.0769230769231
1234  4293.375  0.0769230769231
1235  4293.375  0.0769230769231
1236  4293.375  0.0769230769231
1237  4293.375  0.0769230769231
1238  4293.375  0.0769230769231
1239  4293.375  0.0769230769231
1240  4293.375  0.0769230769231
1241  4293.375  0.0769230769231
1242  4293.375  0.0769230769231
1243  4293.375  0.0769230769231
1244  4293.375  0.0769230769231
1245  4293.375  0.0769230769231
1246  4293.375  0.0769230769231
1247  4293.375  0.0769230769231
1248  4293.375  0.0769230769231
1249  4293.375  0.0769230769231
1250  4293.375  0.0769230769231
1251  4293.375  0.0769230769231
1252  4293.375  0.0769230769231
1253  4293.375  0.0769230769231
1254  4293.375  0.0769230769231
1255  4293.375  0.0769230769231
1256  4293.375  0.0769230769231
1257  4293.375  0.0769230769231
1258  4293.375  0.0769230769231
1259  4293.375  0.0769230769231
1260  4293.375  0.0769230769231
1261  4293.375  0.0769230769231
1262  4293.375  0.0769230769231
1263  4293.375  0.0769230769231
1264  4293.375  0.0769230769231
1265  4293.375  0.0769230769231
1266  4293.375  0.0769230769231
1267  4293.375  0.0769230769231
1268  4293.375  0.0769230769231
1269  4293.375  0.0769230769231
1270  4293.375  0.0769230769231
1271  4293.375  0.0769230769231
1272  4293.375  0.0769230769231
1273  4293.375  0.0769230769231
1274  4293.375  0.0769230769231
1275  4293.375  0.0769230769231
1276  4293.375  0.0769230769231
1277  4293.375  0.0769230769231
1278  4293.375  0.0769230769231
1279  4293.375  0.0769230769231
1280  4293.375  0.0769230769231
1281  4293.375  0.0769230769231
1282  4293.375  0.0769230769231
1283  4293.375  0.0769230769231
1284  4293.375  0.0769230769231
1285  4293.375  0.0769230769231
1286  4293.375  0.0769230769231
1287  4293.375  0.0769230769231
1288  4293.375  0.0769230769231
1289  4293.375  0.0769230769231
1290  4293.375  0.0769230769231
1291  4293.375  0.0769230769231
1292  4293.375  0.0769230769231
1293  4293.375  0.0769230769231
1294  4293.375  0.0769230769231
1295  4293.375  0.0769230769231
1296  4293.375  0.0769230769231
1297  4293.375  0.0769230769231
1298  4293.375  0.0769230769231
1299  4293.375  0.0769230769231
1300  4293.375  0.0769230769231
1301  4293.375  0.0769230769231
1302  4293.375  0.0769230769231
1303  4293.375  0.0769230769231
1304  4293.375  0.0769230769231
1305  4293.375  0.0769230769231
1306  4293.375  0.0769230769231
1307  4293.375  0.0769230769231
1308  4293.375  0.0769230769231
1309  4293.375  0.0769230769231
1310  4293.375  0.0769230769231
1311  4293.375  0.0769230769231
1312  4293.375  0.0769230769231
1313  4293.375  0.0769230769231
1314  4293.375  0.0769230769231
1315  4293.375  0.0769230769231
1316  4293.375  0.0769230769231
1317  4293.375  0.0769230769231
1318  4293.375  0.0769230769231
1319  4293.375  0.0769230769231
1320  4293.375  0.0769230769231
1321  4293.375  0.0769230769231
1322  4293.375  0.0769230769231
1323  4293.375  0.0769230769231
1324  4293.375  0.0769230769231
1325  4293.375  0.0769230769231
1326  4293.375  0.0769230769231
1327  4293.375  0.0769230769231
1328  4293.375  0.0769230769231
1329  4293.375  0.0769230769231
1330  4293.375  0.0769230769231
1331  4293.375  0.0769230769231
1332  4293.375  0.0769230769231
1333  4293.375  0.0769230769231
1334  4293.375  0.0769230769231
1335  4293.375  0.0769230769231
1336  4293.375  0.0769230769231
1337  4293.375  0.0769230769231
1338  4293.375  0.0769230769231
1339  4293.375  0.0769230769231
1340  4293.375  0.0769230769231
1341  4293.375  0.0769230769231
1342  4293.375  0.0769230769231
1343  4293.375  0.0769230769231
1344  4293.375  0.0769230769231
1345  4293.375  0.0769230769231
1346  4293.375  0.0769230769231
1347  4293.375  0.0769230769231
1348  4293.375  0.0769230769231
1349  4293.375  0.0769230769231
1350  4293.375  0.0769230769231
1351  4293.375  0.0769230769231
1352  4293.375  0.0769230769231
1353  4293.375  0.0769230769231
1354  4293.375  0.0769230769231
1355  4293.375  0.0769230769231
1356  4293.375  0.0769230769231
1357  4293.375  0.0769230769231
1358  4293.375  0.0769230769231
1359  4293.375  0.0769230769231
1360  4293.375  0.0769230769231
1361  4293.375  0.0769230769231
1362  4293.375  0.0769230769231
1363  4293.375  0.0769230769231
1364  4293.375  0.0769230769231
1365  4293.375  0.0769230769231
1366  4293.375  0.0769230769231
1367  4293.375  0.0769230769231
1368  4293.375  0.0769230769231
1369  4293.375  0.0769230769231
1370  4293.375  0.0769230769231
1371  4293.375  0.0769230769231
1372  4293.375  0.0769230769231
1373  4293.375  0.0769230769231
1374  4293.375  0.0769230769231
1375  4293.375  0.0769230769231
1376  4293.375  0.0769230769231
1377  4293.375  0.0769230769231
1378  4293.375  0.0769230769231
1379  4293.375  0.0769230769231
1380  4293.375  0.0769230769231
1381  4293.375  0.0769230769231
1382  4293.375  0.0769230769231
1383  4293.375  0.0769230769231
1384  4293.375  0.0769230769231
1385  4293.375  0.0769230769231
1386  4293.375  0.0769230769231
1387  4293.375  0.0769230769231
1388  4293.375  0.0769230769231
1389  4293.375  0.0769230769231
1390  4293.375  0.0769230769231
1391  4293.375  0.0769230769231
1392  4293.375  0.0769230769231
1393  4293.375  0.0769230769231
1394  4293.375  0.0769230769231
1395  4293.375  0.0769230769231
1396  4293.375  0.0769230769231
1397  4293.375  0.0769230769231
1398  4293.375  0.0769230769231
1399  4293.375  0.0769230769231
1400  4293.375  0.0769230769231
1401  4293.375  0.0769230769231
1402  4293.375  0.0769230769231
1403  4293.375  0.0769230769231
1404  4293.375  0.0769230769231
1405  4293.375  0.0769230769231
1406  4293.375  0.0769230769231
1407  4293.375  0.0769230769231
1408  4293.375  0.0769230769231
1409  4293.375  0.0769230769231
1410  4293.375  0.0769230769231
1411  4293.375  0.0769230769231
1412  4293.375  0.0769230769231
1413  4293.375  0.0769230769231
1414  4293.375  0.0769230769231
1415  4293.375  0.0769230769231
1416  4293.375  0.0769230769231
1417  4293.375  0.0769230769231
1418  4293.375  0.0769230769231
1419  4293.375  0.0769230769231
1420  4293.375  0.0769230769231
1421  4293.375  0.0769230769231
1422  4293.375  0.0769230769231
1423  4293.375  0.0769230769231
1424  4293.375  0.0769230769231
1425  4293.375  0.0769230769231
1426  4293.375  0.0769230769231
1427  4293.375  0.0769230769231
1428  4293.375  0.0769230769231
1429  4293.375  0.0769230769231
1430  4293.375  0.0769230769231
1431  4293.375  0.0769230769231
1432  4293.375  0.0769230769231
1433  4293.375  0.0769230769231
1434  4293.375  0.0769230769231
1435  4293.375  0.0769230769231
1436  4293.375  0.0769230769231
1437  4293.375  0.0769230769231
1438  4293.375  0.0769230769231
1439  4293.375  0.0769230769231
1440  4293.375  0.0769230769231
1441  4293.375  0.0769230769231
1442  4293.375  0.0769230769231
1443  4293.375  0.0769230769231
1444  4293.375  0.0769230769231
1445  4293.375  0.0769230769231
1446  4293.375  0.0769230769231
1447  4293.375  0.0769230769231
1448  4293.375  0.0769230769231
1449  4293.375  0.0769230769231
1450  4293.375  0.0769230769231
1451  4293.375  0.0769230769231
1452  4293.375  0.0769230769231
1453  4293.375  0.0769230769231
1454  4293.375  0.0769230769231
1455  4293.375  0.0769230769231
1456  4293.375  0.0769230769231
1457  4293.375  0.0769230769231
1458  4293.375  0.0769230769231
1459  4293.375  0.0769230769231
1460  4293.375  0.0769230769231
1461  4293.375  0.0769230769231
1462  4293.375  0.0769230769231
1463  4293.375  0.0769230769231
1464  4293.375  0.0769230769231
1465  4293.375  0.0769230769231
1466  4293.375  0.0769230769231
1467  4293.375  0.0769230769231
1468  4293.375  0.0769230769231
1469  4293.375  0.0769230769231
1470  4293.375  0.0769230769231
1471  4293.375  0.0769230769231
1472  4293.375  0.0769230769231
1473  4293.375  0.0769230769231
1474  4293.375  0.0769230769231
1475  4293.375  0.0769230769231
1476  4293.375  0.0769230769231
1477  4293.375  0.0769230769231
1478  4293.375  0.0769230769231
1479  4293.375  0.0769230769231
1480  4293.375  0.0769230769231
1481  4293.375  0.0769230769231
1482  4293.375  0.0769230769231
1483  4293.375  0.0769230769231
1484  4293.375  0.0769230769231
1485  4293.375  0.0769230769231
1486  4293.375  0.0769230769231
1487  4293.375  0.0769230769231
1488  4293.375  0.0769230769231
1489  4293.375  0.0769230769231
1490  4293.375  0.0769230769231
1491  4293.375  0.0769230769231
1492  4293.375  0.0769230769231
1493  4293.375  0.0769230769231
1494  4293.375  0.0769230769231
1495  4293.375  0.0769230769231
1496  4293.375  0.0769230769231
1497  4293.375  0.0769230769231
1498  4293.375  0.0769230769231
1499  4293.375  0.0769230769231
1500  4293.375  0.0769230769231
1501  4293.375  0.0769230769231
1502  4293.375  0.0769230769231
1503  4293.375  0.0769230769231
1504  4293.375  0.0769230769231
1505  4293.375  0.0769230769231
1506  4293.375  0.0769230769231
1507  4293.375  0.0769230769231
1508  4293.375  0.0769230769231
1509  4293.375  0.0769230769231
1510  4293.375  0.0769230769231
1511  4293.375  0.0769230769231
1512  4293.375  0.0769230769231
1513  4293.375  0.0769230769231
1514  4293.375  0.0769230769231
1515  4293.375  0.0769230769231
1516  4293.375  0.0769230769231
1517  4293.375  0.0769230769231
1518  4293.375  0.0769230769231
1519  4293.375  0.0769230769231
1520  4293.375  0.0769230769231
1521  4293.375  0.0769230769231
1522  4293.375  0.0769230769231
1523  4293.375  0.0769230769231
1524  4293.375  0.0769230769231
1525  4293.375  0.0769230769231
1526  4293.375  0.0769230769231
1527  4293.375  0.0769230769231
1528  4293.375  0.0769230769231
1529  4293.375  0.0769230769231
1530  4293.375  0.0769230769231
1531  4293.375  0.0769230769231
1532  4293.375  0.0769230769231
1533  4293.375  0.0769230769231
1534  4293.375  0.0769230769231
1535  4293.375  0.0769230769231
1536  4293.375  0.0769230769231
1537  4293.375  0.0769230769231
1538  4293.375  0.0769230769231
1539  4293.375  0.0769230769231
1540  4293.375  0.0769230769231
1541  4293.375  0.0769230769231
1542  4293.375  0.0769230769231
1543  4293.375  0.0769230769231
1544  4293.375  0.0769230769231
1545  4293.375  0.0769230769231
1546  4293.375  0.0769230769231
1547  4293.375  0.0769230769231
1548  4293.375  0.0769230769231
1549  4293.375  0.0769230769231
1550  4293.375  0.0769230769231
1551  4293.375  0.0769230769231
1552  4293.375  0.0769230769231
1553  4293.375  0.0769230769231
1554  4293.375  0.0769230769231
1555  4293.375  0.0769230769231
1556  4293.375  0.0769230769231
1557  4293.375  0.0769230769231
1558  4293.375  0.0769230769231
1559  4293.375  0.0769230769231
1560  4293.375  0.0769230769231
1561  4293.375  0.0769230769231
1562  4293.375  0.0769230769231
1563  4293.375  0.0769230769231
1564  4293.375  0.0769230769231
1565  4293.375  0.0769230769231
1566  4293.375  0.0769230769231
1567  4293.375  0.0769230769231
1568  4293.375  0.0769230769231
1569  4293.375  0.0769230769231
1570  4293.375  0.0769230769231
1571  4293.375  0.0769230769231
1572  4293.375  0.0769230769231
1573  4293.375  0.0769230769231
1574  4293.375  0.0769230769231
1575  4293.375  0.0769230769231
1576  4293.375  0.0769230769231
1577  4293.375  0.0769230769231
1578  4293.375  0.0769230769231
1579  4293.375  0.0769230769231
1580  4293.375  0.0769230769231
1581  4293.375  0.0769230769231
1582  4293.375  0.0769230769231
1583  4293.375  0.0769230769231
1584  4293.375  0.0769230769231
1585  4293.375  0.0769230769231
1586  4293.375  0.0769230769231
1587  4293.375  0.0769230769231
1588  4293.375  0.0769230769231
1589  4293.375  0.0769230769231
1590  4293.375  0.0769230769231
1591  4293.375  0.0769230769231
1592  4293.375  0.0769230769231
1593  4293.375  0.0769230769231
1594  4293.375  0.0769230769231
1595  4293.375  0.0769230769231
1596  4293.375  0.0769230769231
1597  4293.375  0.0769230769231
1598  4293.375  0.0769230769231
1599  4293.375  0.0769230769231
1600  4293.375  0.0769230769231
1601  4293.375  0.0769230769231
1602  4293.375  0.0769230769231
1603  4293.375  0.0769230769231
1604  4293.375  0.0769230769231
1605  4293.375  0.0769230769231
1606  4293.375  0.0769230769231
1607  4293.375  0.0769230769231
1608  4293.375  0.0769230769231
1609  4293.375  0.0769230769231
1610  4293.375  0.0769230769231
1611  4293.375  0.0769230769231
1612  4293.375  0.0769230769231
1613  4293.375  0.0769230769231
1614  4293.375  0.0769230769231
1615  4293.375  0.0769230769231
1616  4293.375  0.0769230769231
1617  4293.375  0.0769230769231
1618  4293.375  0.0769230769231
1619  4293.375  0.0769230769231
1620  4293.375  0.0769230769231
1621  4293.375  0.0769230769231
1622  4293.375  0.0769230769231
1623  4293.375  0.0769230769231
1624  4293.375  0.0769230769231
1625  4293.375  0.0769230769231
1626  4293.375  0.0769230769231
1627  4293.375  0.0769230769231
1628  4293.375  0.0769230769231
1629  4293.375  0.0769230769231
1630  4293.375  0.0769230769231
1631  4293.375  0.0769230769231
1632  4293.375  0.0769230769231
1633  4293.375  0.0769230769231
1634  4293.375  0.0769230769231
1635  4293.375  0.0769230769231
1636  4293.375  0.0769230769231
1637  4293.375  0.0769230769231
1638  4293.375  0.0769230769231
1639  4293.375  0.0769230769231
1640  4293.375  0.0769230769231
1641  4293.375  0.0769230769231
1642  4293.375  0.0769230769231
1643  4293.375  0.0769230769231
1644  4293.375  0.0769230769231
1645  4293.375  0.0769230769231
1646  4293.375  0.0769230769231
1647  4293.375  0.0769230769231
1648  4293.375  0.0769230769231
1649  4293.375  0.0769230769231
1650  4293.375  0.0769230769231
1651  4293.375  0.0769230769231
1652  4293.375  0.0769230769231
1653  4293.375  0.0769230769231
1654  4293.375  0.0769230769231
1655  4293.375  0.0769230769231
1656  4293.375  0.0769230769231
1657  4293.375  0.0769230769231
1658  4293.375  0.0769230769231
1659  4293.375  0.0769230769231
1660  4293.375  0.0769230769231
1661  4293.375  0.0769230769231
1662  4293.375  0.0769230769231
1663  4293.375  0.0769230769231
1664  4293.375  0.0769230769231
1665  4293.375  0.0769230769231
1666  4293.375  0.0769230769231
1667  4293.375  0.0769230769231
1668  4293.375  0.0769230769231
1669  4293.375  0.0769230769231
1670  4293.375  0.0769230769231
1671  4293.375  0.0769230769231
1672  4293.375  0.0769230769231
1673  4293.375  0.0769230769231
1674  4293.375  0.0769230769231
1675  4293.375  0.0769230769231
1676  4293.375  0.0769230769231
1677  4293.375  0.0769230769231
1678  4293.375  0.0769230769231
1679  4293.375  0.0769230769231
1680  4293.375  0.0769230769231
1681  4293.375  0.0769230769231
1682  4293.375  0.0769230769231
1683  4293.375  0.0769230769231
1684  4293.375  0.0769230769231
1685  4293.375  0.0769230769231
1686  4293.375  0.0769230769231
1687  4293.375  0.0769230769231
1688  4293.375  0.0769230769231
1689  4293.375  0.0769230769231
1690  4293.375  0.0769230769231
1691  4293.375  0.0769230769231
1692  4293.375  0.0769230769231
1693  4293.375  0.0769230769231
1694  4293.375  0.0769230769231
1695  4293.375  0.0769230769231
1696  4293.375  0.0769230769231
1697  4293.375  0.0769230769231
1698  4293.375  0.0769230769231
1699  4293.375  0.0769230769231
1700  4293.375  0.0769230769231
1701  4293.375  0.0769230769231
1702  4293.375  0.0769230769231
1703  4293.375  0.0769230769231
1704  4293.375  0.0769230769231
1705  4293.375  0.0769230769231
1706  4293.375  0.0769230769231
1707  4293.375  0.0769230769231
1708  4293.375  0.0769230769231
1709  4293.375  0.0769230769231
1710  4293.375  0.0769230769231
1711  4293.375  0.0769230769231
1712  4293.375  0.0769230769231
1713  4293.375  0.0769230769231
1714  4293.375  0.0769230769231
1715  4293.375  0.0769230769231
1716  4293.375  0.0769230769231
1717  4293.375  0.0769230769231
1718  4293.375  0.0769230769231
1719  4293.375  0.0769230769231
1720  4293.375  0.0769230769231
1721  4293.375  0.0769230769231
1722  4293.375  0.0769230769231
1723  4293.375  0.0769230769231
1724  4293.375  0.0769230769231
1725  4293.375  0.0769230769231
1726  4293.375  0.0769230769231
1727  4293.375  0.0769230769231
1728  4293.375  0.0769230769231
1729  4293.375  0.0769230769231
1730  4293.375  0.0769230769231
1731  4293.375  0.0769230769231
1732  4293.375  0.0769230769231
1733  4293.375  0.0769230769231
1734  4293.375  0.0769230769231
1735  4293.375  0.0769230769231
1736  4293.375  0.0769230769231
1737  4293.375  0.0769230769231
1738  4293.375  0.0769230769231
1739  4293.375  0.0769230769231
1740  4293.375  0.0769230769231
1741  4293.375  0.0769230769231
1742  4293.375  0.0769230769231
1743  4293.375  0.0769230769231
1744  4293.375  0.0769230769231
1745  4293.375  0.0769230769231
1746  4293.375  0.0769230769231
1747  4293.375  0.0769230769231
1748  4293.375  0.0769230769231
1749  4293.375  0.0769230769231
1750  4293.375  0.0769230769231
1751  4293.375  0.0769230769231
1752  4293.375  0.0769230769231
1753  4293.375  0.0769230769231
1754  4293.375  0.0769230769231
1755  4293.375  0.0769230769231
1756  4293.375  0.0769230769231
1757  4293.375  0.0769230769231
1758  4293.375  0.0769230769231
1759  4293.375  0.0769230769231
1760  4293.375  0.0769230769231
1761  4293.375  0.0769230769231
1762  4293.375  0.0769230769231
1763  4293.375  0.0769230769231
1764  4293.375  0.0769230769231
1765  4293.375  0.0769230769231
1766  4293.375  0.0769230769231
1767  4293.375  0.0769230769231
1768  4293.375  0.0769230769231
1769  4293.375  0.0769230769231
1770  4293.375  0.0769230769231
1771  4293.375  0.0769230769231
1772  4293.375  0.0769230769231
1773  4293.375  0.0769230769231
1774  4293.375  0.0769230769231
1775  4293.375  0.0769230769231
1776  4293.375  0.0769230769231
1777  4293.375  0.0769230769231
1778  4293.375  0.0769230769231
1779  4293.375  0.0769230769231
1780  4293.375  0.0769230769231
1781  4293.375  0.0769230769231
1782  4293.375  0.0769230769231
1783  4293.375  0.0769230769231
1784  4293.375  0.0769230769231
1785  4293.375  0.0769230769231
1786  4293.375  0.0769230769231
1787  4293.375  0.0769230769231
1788  4293.375  0.0769230769231
1789  4293.375  0.0769230769231
1790  4293.375  0.0769230769231
1791  4293.375  0.0769230769231
1792  4293.375  0.0769230769231
1793  4293.375  0.0769230769231
1794  4293.375  0.0769230769231
1795  4293.375  0.0769230769231
1796  4293.375  0.0769230769231
1797  4293.375  0.0769230769231
1798  4293.375  0.0769230769231
1799  4293.375  0.0769230769231
1800  4293.375  0.0769230769231
1801  4293.375  0.0769230769231
1802  4293.375  0.0769230769231
1803  4293.375  0.0769230769231
1804  4293.375  0.0769230769231
1805  4293.375  0.0769230769231
1806  4293.375  0.0769230769231
1807  4293.375  0.0769230769231
1808  4293.375  0.0769230769231
1809  4293.375  0.0769230769231
1810  4293.375  0.0769230769231
1811  4293.375  0.0769230769231
1812  4293.375  0.0769230769231
1813  4293.375  0.0769230769231
1814  4293.375  0.0769230769231
1815  4293.375  0.0769230769231
1816  4293.375  0.0769230769231
1817  4293.375  0.0769230769231
1818  4293.375  0.0769230769231
1819  4293.375  0.0769230769231
1820  4293.375  0.0769230769231
1821  4293.375  0.0769230769231
1822  4293.375  0.0769230769231
1823  4293.375  0.0769230769231
1824  4293.375  0.0769230769231
1825  4293.375  0.0769230769231
1826  4293.375  0.0769230769231
1827  4293.375  0.0769230769231
1828  4293.375  0.0769230769231
1829  4293.375  0.0769230769231
1830  4293.375  0.0769230769231
1831  4293.375  0.0769230769231
1832  4293.375  0.0769230769231
1833  4293.375  0.0769230769231
1834  4293.375  0.0769230769231
1835  4293.375  0.0769230769231
1836  4293.375  0.0769230769231
1837  4293.375  0.0769230769231
1838  4293.375  0.0769230769231
1839  4293.375  0.0769230769231
1840  4293.375  0.0769230769231
1841  4293.375  0.0769230769231
1842  4293.375  0.0769230769231
1843  4293.375  0.0769230769231
1844  4293.375  0.0769230769231
1845  4293.375  0.0769230769231
1846  4293.375  0.0769230769231
1847  4293.375  0.0769230769231
1848  4293.375  0.0769230769231
1849  4293.375  0.0769230769231
1850  4293.375  0.0769230769231
1851  4293.375  0.0769230769231
1852  4293.375  0.0769230769231
1853  4293.375  0.0769230769231
1854  4293.375  0.0769230769231
1855  4293.375  0.0769230769231
1856  4293.375  0.0769230769231
1857  4293.375  0.0769230769231
1858  4293.375  0.0769230769231
1859  4293.375  0.0769230769231
1860  4293.375  0.0769230769231
1861  4293.375  0.0769230769231
1862  4293.375  0.0769230769231
1863  4293.375  0.0769230769231
1864  4293.375  0.0769230769231
1865  4293.375  0.0769230769231
1866  4293.375  0.0769230769231
1867  4293.375  0.0769230769231
1868  4293.375  0.0769230769231
1869  4293.375  0.0769230769231
1870  4293.375  0.0769230769231
1871  4293.375  0.0769230769231
1872  4293.375  0.0769230769231
1873  4293.375  0.0769230769231
1874  4293.375  0.0769230769231
1875  4293.375  0.0769230769231
1876  4293.375  0.0769230769231
1877  4293.375  0.0769230769231
1878  4293.375  0.0769230769231
1879  4293.375  0.0769230769231
1880  4293.375  0.0769230769231
1881  4293.375  0.0769230769231
1882  4293.375  0.0769230769231
1883  4293.375  0.0769230769231
1884  4293.375  0.0769230769231
1885  4293.375  0.0769230769231
1886  4293.375  0.0769230769231
1887  4293.375  0.0769230769231
1888  4293.375  0.0769230769231
1889  4293.375  0.0769230769231
1890  4293.375  0.0769230769231
1891  4293.375  0.0769230769231
1892  4293.375  0.0769230769231
1893  4293.375  0.0769230769231
1894  4293.375  0.0769230769231
1895  4293.375  0.0769230769231
1896  4293.375  0.0769230769231
1897  4293.375  0.0769230769231
1898  4293.375  0.0769230769231
1899  4293.375  0.0769230769231
1900  4293.375  0.0769230769231
1901  4293.375  0.0769230769231
1902  4293.375  0.0769230769231
1903  4293.375  0.0769230769231
1904  4293.375  0.0769230769231
1905  4293.375  0.0769230769231
1906  4293.375  0.0769230769231
1907  4293.375  0.0769230769231
1908  4293.375  0.0769230769231
1909  4293.375  0.0769230769231
1910  4293.375  0.0769230769231
1911  4293.375  0.0769230769231
1912  4293.375  0.0769230769231
1913  4293.375  0.0769230769231
1914  4293.375  0.0769230769231
1915  4293.375  0.0769230769231
1916  4293.375  0.0769230769231
1917  4293.375  0.0769230769231
1918  4293.375  0.0769230769231
1919  4293.375  0.0769230769231
1920  4293.375  0.0769230769231
1921  4293.375  0.0769230769231
1922  4293.375  0.0769230769231
1923  4293.375  0.0769230769231
1924  4293.375  0.0769230769231
1925  4293.375  0.0769230769231
1926  4293.375  0.0769230769231
1927  4293.375  0.0769230769231
1928  4293.375  0.0769230769231
1929  4293.375  0.0769230769231
1930  4293.375  0.0769230769231
1931  4293.375  0.0769230769231
1932  4293.375  0.0769230769231
1933  4293.375  0.0769230769231
1934  4293.375  0.0769230769231
1935  4293.375  0.0769230769231
1936  4293.375  0.0769230769231
1937  4293.375  0.0769230769231
1938  4293.375  0.0769230769231
1939  4293.375  0.0769230769231
1940  4293.375  0.0769230769231
1941  4293.375  0.0769230769231
1942  4293.375  0.0769230769231
1943  4293.375  0.0769230769231
1944  4293.375  0.0769230769231
1945  4293.375  0.0769230769231
1946  4293.375  0.0769230769231
1947  4293.375  0.0769230769231
1948  4293.375  0.0769230769231
1949  4293.375  0.0769230769231
1950  4293.375  0.0769230769231
1951  4293.375  0.0769230769231
1952  4293.375  0.0769230769231
1953  4293.375  0.0769230769231
1954  4293.375  0.0769230769231
1955  4293.375  0.0769230769231
1956  4293.375  0.0769230769231
1957  4293.375  0.0769230769231
1958  4293.375  0.0769230769231
1959  4293.375  0.0769230769231
1960  4293.375  0.0769230769231
1961  4293.375  0.0769230769231
1962  4293.375  0.0769230769231
1963  4293.375  0.0769230769231
1964  4293.375  0.0769230769231
1965  4293.375  0.0769230769231
1966  4293.375  0.0769230769231
1967  4293.375  0.0769230769231
1968  4293.375  0.0769230769231
1969  4293.375  0.0769230769231
1970  4293.375  0.0769230769231
1971  4293.375  0.0769230769231
1972  4293.375  0.0769230769231
1973  4293.375  0.0769230769231
1974  4293.375  0.0769230769231
1975  4293.375  0.0769230769231
1976  4293.375  0.0769230769231
1977  4293.375  0.0769230769231
1978  4293.375  0.0769230769231
1979  4293.375  0.0769230769231
1980  4293.375  0.0769230769231
1981  4293.375  0.0769230769231
1982  4293.375  0.0769230769231
1983  4293.375  0.0769230769231
1984  4293.375  0.0769230769231
1985  4293.375  0.0769230769231
1986  4293.375  0.0769230769231
1987  4293.375  0.0769230769231
1988  4293.375  0.0769230769231
1989  4293.375  0.0769230769231
1990  4293.375  0.0769230769231
1991  4293.375  0.0769230769231
1992  4293.375  0.0769230769231
1993  4293.375  0.0769230769231
1994  4293.375  0.0769230769231
1995  4293.375  0.0769230769231
1996  4293.375  0.0769230769231
1997  4293.375  0.0769230769231
1998  4293.375  0.0769230769231
1999  4293.375  0.0769230769231
2000  4293.375  0.0769230769231
2001  4293.375  0.0769230769231
2002  4293.375  0.0769230769231
2003  4293.375  0.0769230769231
2004  4293.375  0.0769230769231
2005  4293.375  0.0769230769231
2006  4293.375  0.0769230769231
2007  4293.375  0.0769230769231
2008  4293.375  0.0769230769231
2009  4293.375  0.0769230769231
2010  4293.375  0.0769230769231
2011  4293.375  0.0769230769231
2012  4293.375  0.0769230769231
2013  4293.375  0.0769230769231
2014  4293.375  0.0769230769231
2015  4293.375  0.0769230769231
2016  4293.375  0.0769230769231
2017  4293.375  0.0769230769231
2018  4293.375  0.0769230769231
2019  4293.375  0.0769230769231
2020  4293.375  0.0769230769231
2021  4293.375  0.0769230769231
2022  4293.375  0.0769230769231
2023  4293.375  0.0769230769231
2024  4293.375  0.0769230769231
2025  4293.375  0.0769230769231
2026  4293.375  0.0769230769231
2027  4293.375  0.0769230769231
2028  4293.375  0.0769230769231
2029  4293.375  0.0769230769231
2030  4293.375  0.0769230769231
2031  4293.375  0.0769230769231
2032  4293.375  0.0769230769231
2033  4293.375  0.0769230769231
2034  4293.375  0.0769230769231
2035  4293.375  0.0769230769231
2036  4293.375  0.0769230769231
2037  4293.375  0.0769230769231
2038  4293.375  0.0769230769231
2039  4293.375  0.0769230769231
2040  4293.375  0.0769230769231
2041  4293.375  0.0769230769231
2042  4293.375  0.0769230769231
2043  4293.375  0.0769230769231
2044  4293.375  0.0769230769231
2045  4293.375  0.0769230769231
2046  4293.375  0.0769230769231
2047  4293.375  0.0769230769231
2048  4293.375  0.0769230769231
2049  4293.375  0.0769230769231
2050  4293.375  0.0769230769231
2051  4293.375  0.0769230769231
2052  4293.375  0.0769230769231
2053  4293.375  0.0769230769231
2054  4293.375  0.0769230769231
2055  4293.375  0.0769230769231
2056  4293.375  0.0769230769231
2057  4293.375  0.0769230769231
2058  4293.375  0.0769230769231
2059  4293.375  0.0769230769231
2060  4293.375  0.0769230769231
2061  4293.375  0.0769230769231
2062  4293.375  0.0769230769231
2063  4293.375  0.0769230769231
2064  4293.375  0.0769230769231
2065  4293.375  0.0769230769231
2066  4293.375  0.0769230769231
2067  4293.375  0.0769230769231
2068  4293.375  0.0769230769231
2069  4293.375  0.0769230769231
2070  4293.375  0.0769230769231
2071  4293.375  0.0769230769231
2072  4293.375  0.0769230769231
2073  4293.375  0.0769230769231
2074  4293.375  0.0769230769231
2075  4293.375  0.0769230769231
2076  4293.375  0.0769230769231
2077  4293.375  0.0769230769231
2078  4293.375  0.0769230769231
2079  4293.375  0.0769230769231
2080  4293.375  0.0769230769231
2081  4293.375  0.0769230769231
2082  4293.375  0.0769230769231
2083  4293.375  0.0769230769231
2084  4293.375  0.0769230769231
2085  4293.375  0.0769230769231
2086  4293.375  0.0769230769231
2087  4293.375  0.0769230769231
2088  4293.375  0.0769230769231
2089  4293.375  0.0769230769231
2090  4293.375  0.0769230769231
2091  4293.375  0.0769230769231
2092  4293.375  0.0769230769231
2093  4293.375  0.0769230769231
2094  4293.375  0.0769230769231
2095  4293.375  0.0769230769231
2096  4293.375  0.0769230769231
2097  4293.375  0.0769230769231
2098  4293.375  0.0769230769231
2099  4293.375  0.0769230769231
2100  4293.375  0.0769230769231
2101  4293.375  0.0769230769231
2102  4293.375  0.0769230769231
2103  4293.375  0.0769230769231
2104  4293.375  0.0769230769231
2105  4293.375  0.0769230769231
2106  4293.375  0.0769230769231
2107  4293.375  0.0769230769231
2108  4293.375  0.0769230769231
2109  4293.375  0.0769230769231
2110  4293.375  0.0769230769231
2111  4293.375  0.0769230769231
2112  4293.375  0.0769230769231
2113  4293.375  0.0769230769231
2114  4293.375  0.0769230769231
2115  4293.375  0.0769230769231
2116  4293.375  0.0769230769231
2117  4293.375  0.0769230769231
2118  4293.375  0.0769230769231
2119  4293.375  0.0769230769231
2120  4293.375  0.0769230769231
2121  4293.375  0.0769230769231
2122  4293.375  0.0769230769231
2123  4293.375  0.0769230769231
2124  4293.375  0.0769230769231
2125  4293.375  0.0769230769231
2126  4293.375  0.0769230769231
2127  4293.375  0.0769230769231
2128  4293.375  0.0769230769231
2129  4293.375  0.0769230769231
2130  4293.375  0.0769230769231
2131  4293.375  0.0769230769231
2132  4293.375  0.0769230769231
2133  4293.375  0.0769230769231
2134  4293.375  0.0769230769231
2135  4293.375  0.0769230769231
2136  4293.375  0.0769230769231
2137  4293.375  0.0769230769231
2138  4293.375  0.0769230769231
2139  4293.375  0.0769230769231
2140  4293.375  0.0769230769231
2141  4293.375  0.0769230769231
2142  4293.375  0.0769230769231
2143  4293.375  0.0769230769231
2144  4293.375  0.0769230769231
2145  4293.375  0.0769230769231
2146  4293.375  0.0769230769231
2147  4293.375  0.0769230769231
2148  4293.375  0.0769230769231
2149  4293.375  0.0769230769231
2150  4293.375  0.0769230769231
2151  4293.375  0.0769230769231
2152  4293.375  0.0769230769231
2153  4293.375  0.0769230769231
2154  4293.375  0.0769230769231
2155  4293.375  0.0769230769231
2156  4293.375  0.0769230769231
2157  4293.375  0.0769230769231
2158  4293.375  0.0769230769231
2159  4293.375  0.0769230769231
2160  4293.375  0.0769230769231
2161  4293.375  0.0769230769231
2162  4293.375  0.0769230769231
2163  4293.375  0.0769230769231
2164  4293.375  0.0769230769231
2165  4293.375  0.0769230769231
2166  4293.375  0.0769230769231
2167  4293.375  0.0769230769231
2168  4293.375  0.0769230769231
2169  4293.375  0.0769230769231
2170  4293.375  0.0769230769231
2171  4293.375  0.0769230769231
2172  4293.375  0.0769230769231
2173  4293.375  0.0769230769231
2174  4293.375  0.0769230769231
2175  4293.375  0.0769230769231
2176  4293.375  0.0769230769231
2177  4293.375  0.0769230769231
2178  4293.375  0.0769230769231
2179  4293.375  0.0769230769231
2180  4293.375  0.0769230769231
2181  4293.375  0.0769230769231
2182  4293.375  0.0769230769231
2183  4293.375  0.0769230769231
2184  4293.375  0.0769230769231
2185  4293.375  0.0769230769231
2186  4293.375  0.0769230769231
2187  4293.375  0.0769230769231
2188  4293.375  0.0769230769231
2189  4293.375  0.0769230769231
2190  4293.375  0.0769230769231
2191  4293.375  0.0769230769231
2192  4293.375  0.0769230769231
2193  4293.375  0.0769230769231
2194  4293.375  0.0769230769231
2195  4293.375  0.0769230769231
2196  4293.375  0.0769230769231
2197  4293.375  0.0769230769231
2198  4293.375  0.0769230769231
2199  4293.375  0.0769230769231
2200  4293.375  0.0769230769231
2201  4293.375  0.0769230769231
2202  4293.375  0.0769230769231
2203  4293.375  0.0769230769231
2204  4293.375  0.0769230769231
2205  4293.375  0.0769230769231
2206  4293.375  0.0769230769231
2207  4293.375  0.0769230769231
2208  4293.375  0.0769230769231
2209  4293.375  0.0769230769231
2210  4293.375  0.0769230769231
2211  4293.375  0.0769230769231
2212  4293.375  0.0769230769231
2213  4293.375  0.0769230769231
2214  4293.375  0.0769230769231
2215  4293.375  0.0769230769231
2216  4293.375  0.0769230769231
2217  4293.375  0.0769230769231
2218  4293.375  0.0769230769231
2219  4293.375  0.0769230769231
2220  4293.375  0.0769230769231
2221  4293.375  0.0769230769231
2222  4293.375  0.0769230769231
2223  4293.375  0.0769230769231
2224  4293.375  0.0769230769231
2225  4293.375  0.0769230769231
2226  4293.375  0.0769230769231
2227  4293.375  0.0769230769231
2228  4293.375  0.0769230769231
2229  4293.375  0.0769230769231
2230  4293.375  0.0769230769231
2231  4293.375  0.0769230769231
2232  4293.375  0.0769230769231
2233  4293.375  0.0769230769231
2234  4293.375  0.0769230769231
2235  4293.375  0.0769230769231
2236  4293.375  0.0769230769231
2237  4293.375  0.0769230769231
2238  4293.375  0.0769230769231
2239  4293.375  0.0769230769231
2240  4293.375  0.0769230769231
2241  4293.375  0.0769230769231
2242  4293.375  0.0769230769231
2243  4293.375  0.0769230769231
2244  4293.375  0.0769230769231
2245  4293.375  0.0769230769231
2246  4293.375  0.0769230769231
2247  4293.375  0.0769230769231
2248  4293.375  0.0769230769231
2249  4293.375  0.0769230769231
2250  4293.375  0.0769230769231
2251  4293.375  0.0769230769231
2252  4293.375  0.0769230769231
2253  4293.375  0.0769230769231
2254  4293.375  0.0769230769231
2255  4293.375  0.0769230769231
2256  4293.375  0.0769230769231
2257  4293.375  0.0769230769231
2258  4293.375  0.0769230769231
2259  4293.375  0.0769230769231
2260  4293.375  0.0769230769231
2261  4293.375  0.0769230769231
2262  4293.375  0.0769230769231
2263  4293.375  0.0769230769231
2264  4293.375  0.0769230769231
2265  4293.375  0.0769230769231
2266  4293.375  0.0769230769231
2267  4293.375  0.0769230769231
2268  4293.375  0.0769230769231
2269  4293.375  0.0769230769231
2270  4293.375  0.0769230769231
2271  4293.375  0.0769230769231
2272  4293.375  0.0769230769231
2273  4293.375  0.0769230769231
2274  4293.375  0.0769230769231
2275  4293.375  0.0769230769231
2276  4293.375  0.0769230769231
2277  4293.375  0.0769230769231
2278  4293.375  0.0769230769231
2279  4293.375  0.0769230769231
2280  4293.375  0.0769230769231
2281  4293.375  0.0769230769231
2282  4293.375  0.0769230769231
2283  4293.375  0.0769230769231
2284  4293.375  0.0769230769231
2285  4293.375  0.0769230769231
2286  4293.375  0.0769230769231
2287  4293.375  0.0769230769231
2288  4293.375  0.0769230769231
2289  4293.375  0.0769230769231
2290  4293.375  0.0769230769231
2291  4293.375  0.0769230769231
2292  4293.375  0.0769230769231
2293  4293.375  0.0769230769231
2294  4293.375  0.0769230769231
2295  4293.375  0.0769230769231
2296  4293.375  0.0769230769231
2297  4293.375  0.0769230769231
2298  4293.375  0.0769230769231
2299  4293.375  0.0769230769231
2300  4293.375  0.0769230769231
2301  4293.375  0.0769230769231
2302  4293.375  0.0769230769231
2303  4293.375  0.0769230769231
2304  4293.375  0.0769230769231
2305  4293.375  0.0769230769231
2306  4293.375  0.0769230769231
2307  4293.375  0.0769230769231
2308  4293.375  0.0769230769231
2309  4293.375  0.0769230769231
2310  4293.375  0.0769230769231
2311  4293.375  0.0769230769231
2312  4293.375  0.0769230769231
2313  4293.375  0.0769230769231
2314  4293.375  0.0769230769231
2315  4293.375  0.0769230769231
2316  4293.375  0.0769230769231
2317  4293.375  0.0769230769231
2318  4293.375  0.0769230769231
2319  4293.375  0.0769230769231
2320  4293.375  0.0769230769231
2321  4293.375  0.0769230769231
2322  4293.375  0.0769230769231
2323  4293.375  0.0769230769231
2324  4293.375  0.0769230769231
2325  4293.375  0.0769230769231
2326  4293.375  0.0769230769231
2327  4293.375  0.0769230769231
2328  4293.375  0.0769230769231
2329  4293.375  0.0769230769231
2330  4293.375  0.0769230769231
2331  4293.375  0.0769230769231
2332  4293.375  0.0769230769231
2333  4293.375  0.0769230769231
2334  4293.375  0.0769230769231
2335  4293.375  0.0769230769231
2336  4293.375  0.0769230769231
2337  4293.375  0.0769230769231
2338  4293.375  0.0769230769231
2339  4293.375  0.0769230769231
2340  4293.375  0.0769230769231
2341  4293.375  0.0769230769231
2342  4293.375  0.0769230769231
2343  4293.375  0.0769230769231
2344  4293.375  0.0769230769231
2345  4293.375  0.0769230769231
2346  4293.375  0.0769230769231
2347  4293.375  0.0769230769231
2348  4293.375  0.0769230769231
2349  4293.375  0.0769230769231
2350  4293.375  0.0769230769231
2351  4293.375  0.0769230769231
2352  4293.375  0.0769230769231
2353  4293.375  0.0769230769231
2354  4293.375  0.0769230769231
2355  4293.375  0.0769230769231
2356  4293.375  0.0769230769231
2357  4293.375  0.0769230769231
2358  4293.375  0.0769230769231
2359  4293.375  0.0769230769231
2360  4293.375  0.0769230769231
2361  4293.375  0.0769230769231
2362  4293.375  0.0769230769231
2363  4293.375  0.0769230769231
2364  4293.375  0.0769230769231
2365  4293.375  0.0769230769231
2366  4293.375  0.0769230769231
2367  4293.375  0.0769230769231
2368  4293.375  0.0769230769231
2369  4293.375  0.0769230769231
2370  4293.375  0.0769230769231
2371  4293.375  0.0769230769231
2372  4293.375  0.0769230769231
2373  4293.375  0.0769230769231
2374  4293.375  0.0769230769231
2375  4293.375  0.0769230769231
2376  4293.375  0.0769230769231
2377  4293.375  0.0769230769231
2378  4293.375  0.0769230769231
2379  4293.375  0.0769230769231
2380  4293.375  0.0769230769231
2381  4293.375  0.0769230769231
2382  4293.375  0.0769230769231
2383  4293.375  0.0769230769231
2384  4293.375  0.0769230769231
2385  4293.375  0.0769230769231
2386  4293.375  0.0769230769231
2387  4293.375  0.0769230769231
2388  4293.375  0.0769230769231
2389  4293.375  0.0769230769231
2390  4293.375  0.0769230769231
2391  4293.375  0.0769230769231
2392  4293.375  0.0769230769231
2393  4293.375  0.0769230769231
2394  4293.375  0.0769230769231
2395  4293.375  0.0769230769231
2396  4293.375  0.0769230769231
2397  4293.375  0.0769230769231
2398  4293.375  0.0769230769231
2399  4293.375  0.0769230769231
2400  4293.375  0.0769230769231
2401  4293.375  0.0769230769231
2402  4293.375  0.0769230769231
2403  4293.375  0.0769230769231
2404  4293.375  0.0769230769231
2405  4293.375  0.0769230769231
2406  4293.375  0.0769230769231
2407  4293.375  0.0769230769231
2408  4293.375  0.0769230769231
2409  4293.375  0.0769230769231
2410  4293.375  0.0769230769231
2411  4293.375  0.0769230769231
2412  4293.375  0.0769230769231
2413  4293.375  0.0769230769231
2414  4293.375  0.0769230769231
2415  4293.375  0.0769230769231
2416  4293.375  0.0769230769231
2417  4293.375  0.0769230769231
2418  4293.375  0.0769230769231
2419  4293.375  0.0769230769231
2420  4293.375  0.0769230769231
2421  4293.375  0.0769230769231
2422  4293.375  0.0769230769231
2423  4293.375  0.0769230769231
2424  4293.375  0.0769230769231
2425  4293.375  0.0769230769231
2426  4293.375  0.0769230769231
2427  4293.375  0.0769230769231
2428  4293.375  0.0769230769231
2429  4293.375  0.0769230769231
2430  4293.375  0.0769230769231
2431  4293.375  0.0769230769231
2432  4293.375  0.0769230769231
2433  4293.375  0.0769230769231
2434  4293.375  0.0769230769231
2435  4293.375  0.0769230769231
2436  4293.375  0.0769230769231
2437  4293.375  0.0769230769231
2438  4293.375  0.0769230769231
2439  4293.375  0.0769230769231
2440  4293.375  0.0769230769231
2441  4293.375  0.0769230769231
2442  4293.375  0.0769230769231
2443  4293.375  0.0769230769231
2444  4293.375  0.0769230769231
2445  4293.375  0.0769230769231
2446  4293.375  0.0769230769231
2447  4293.375  0.0769230769231
2448  4293.375  0.0769230769231
2449  4293.375  0.0769230769231
2450  4293.375  0.0769230769231
2451  4293.375  0.0769230769231
2452  4293.375  0.0769230769231
2453  4293.375  0.0769230769231
2454  4293.375  0.0769230769231
2455  4293.375  0.0769230769231
2456  4293.375  0.0769230769231
2457  4293.375  0.0769230769231
2458  4293.375  0.0769230769231
2459  4293.375  0.0769230769231
2460  4293.375  0.0769230769231
2461  4293.375  0.0769230769231
2462  4293.375  0.0769230769231
2463  4293.375  0.0769230769231
2464  4293.375  0.0769230769231
2465  4293.375  0.0769230769231
2466  4293.375  0.0769230769231
2467  4293.375  0.0769230769231
2468  4293.375  0.0769230769231
2469  4293.375  0.0769230769231
2470  4293.375  0.0769230769231
2471  4293.375  0.0769230769231
2472  4293.375  0.0769230769231
2473  4293.375  0.0769230769231
2474  4293.375  0.0769230769231
2475  4293.375  0.0769230769231
2476  4293.375  0.0769230769231
2477  4293.375  0.0769230769231
2478  4293.375  0.0769230769231
2479  4293.375  0.0769230769231
2480  4293.375  0.0769230769231
2481  4293.375  0.0769230769231
2482  4293.375  0.0769230769231
2483  4293.375  0.0769230769231
2484  4293.375  0.0769230769231
2485  4293.375  0.0769230769231
2486  4293.375  0.0769230769231
2487  4293.375  0.0769230769231
2488  4293.375  0.0769230769231
2489  4293.375  0.0769230769231
2490  4293.375  0.0769230769231
2491  4293.375  0.0769230769231
2492  4293.375  0.0769230769231
2493  4293.375  0.0769230769231
2494  4293.375  0.0769230769231
2495  4293.375  0.0769230769231
2496  4293.375  0.0769230769231
2497  4293.375  0.0769230769231
2498  4293.375  0.0769230769231
2499  4293.375  0.0769230769231
2500  4293.375  0.0769230769231
2501  4293.375  0.0769230769231
2502  4293.375  0.0769230769231
2503  4293.375  0.0769230769231
2504  4293.375  0.0769230769231
2505  4293.375  0.0769230769231
2506  4293.375  0.0769230769231
2507  4293.375  0.0769230769231
2508  4293.375  0.0769230769231
2509  4293.375  0.0769230769231
2510  4293.375  0.0769230769231
2511  4293.375  0.0769230769231
2512  4293.375  0.0769230769231
2513  4293.375  0.0769230769231
2514  4293.375  0.0769230769231
2515  4293.375  0.0769230769231
2516  4293.375  0.0769230769231
2517  4293.375  0.0769230769231
2518  4293.375  0.0769230769231
2519  4293.375  0.0769230769231
2520  4293.375  0.0769230769231
2521  4293.375  0.0769230769231
2522  4293.375  0.0769230769231
2523  4293.375  0.0769230769231
2524  4293.375  0.0769230769231
2525  4293.375  0.0769230769231
2526  4293.375  0.0769230769231
2527  4293.375  0.0769230769231
2528  4293.375  0.0769230769231
2529  4293.375  0.0769230769231
2530  4293.375  0.0769230769231
2531  4293.375  0.0769230769231
2532  4293.375  0.0769230769231
2533  4293.375  0.0769230769231
2534  4293.375  0.0769230769231
2535  4293.375  0.0769230769231
2536  4293.375  0.0769230769231
2537  4293.375  0.0769230769231
2538  4293.375  0.0769230769231
2539  4293.375  0.0769230769231
2540  4293.375  0.0769230769231
2541  4293.375  0.0769230769231
2542  4293.375  0.0769230769231
2543  4293.375  0.0769230769231
2544  4293.375  0.0769230769231
2545  4293.375  0.0769230769231
2546  4293.375  0.0769230769231
2547  4293.375  0.0769230769231
2548  4293.375  0.0769230769231
2549  4293.375  0.0769230769231
2550  4293.375  0.0769230769231
2551  4293.375  0.0769230769231
2552  4293.375  0.0769230769231
2553  4293.375  0.0769230769231
2554  4293.375  0.0769230769231
2555  4293.375  0.0769230769231
2556  4293.375  0.0769230769231
2557  4293.375  0.0769230769231
2558  4293.375  0.0769230769231
2559  4293.375  0.0769230769231
2560  4293.375  0.0769230769231
2561  4293.375  0.0769230769231
2562  4293.375  0.0769230769231
2563  4293.375  0.0769230769231
2564  4293.375  0.0769230769231
2565  4293.375  0.0769230769231
2566  4293.375  0.0769230769231
2567  4293.375  0.0769230769231
2568  4293.375  0.0769230769231
2569  4293.375  0.0769230769231
2570  4293.375  0.0769230769231
2571  4293.375  0.0769230769231
2572  4293.375  0.0769230769231
2573  4293.375  0.0769230769231
2574  4293.375  0.0769230769231
2575  4293.375  0.0769230769231
2576  4293.375  0.0769230769231
2577  4293.375  0.0769230769231
2578  4293.375  0.0769230769231
2579  4293.375  0.0769230769231
2580  4293.375  0.0769230769231
2581  4293.375  0.0769230769231
2582  4293.375  0.0769230769231
2583  4293.375  0.0769230769231
2584  4293.375  0.0769230769231
2585  4293.375  0.0769230769231
2586  4293.375  0.0769230769231
2587  4293.375  0.0769230769231
2588  4293.375  0.0769230769231
2589  4293.375  0.0769230769231
2590  4293.375  0.0769230769231
2591  4293.375  0.0769230769231
2592  4293.375  0.0769230769231
2593  4293.375  0.0769230769231
2594  4293.375  0.0769230769231
2595  4293.375  0.0769230769231
2596  4293.375  0.0769230769231
2597  4293.375  0.0769230769231
2598  4293.375  0.0769230769231
2599  4293.375  0.0769230769231
2600  4293.375  0.0769230769231
2601  4293.375  0.0769230769231
2602  4293.375  0.0769230769231
2603  4293.375  0.0769230769231
2604  4293.375  0.0769230769231
2605  4293.375  0.0769230769231
2606  4293.375  0.0769230769231
2607  4293.375  0.0769230769231
2608  4293.375  0.0769230769231
2609  4293.375  0.0769230769231
2610  4293.375  0.0769230769231
2611  4293.375  0.0769230769231
2612  4293.375  0.0769230769231
2613  4293.375  0.0769230769231
2614  4293.375  0.0769230769231
2615  4293.375  0.0769230769231
2616  4293.375  0.0769230769231
2617  4293.375  0.0769230769231
2618  4293.375  0.0769230769231
2619  4293.375  0.0769230769231
2620  4293.375  0.0769230769231
2621  4293.375  0.0769230769231
2622  4293.375  0.0769230769231
2623  4293.375  0.0769230769231
2624  4293.375  0.0769230769231
2625  4293.375  0.0769230769231
2626  4293.375  0.0769230769231
2627  4293.375  0.0769230769231
2628  4293.375  0.0769230769231
2629  4293.375  0.0769230769231
2630  4293.375  0.0769230769231
2631  4293.375  0.0769230769231
2632  4293.375  0.0769230769231
2633  4293.375  0.0769230769231
2634  4293.375  0.0769230769231
2635  4293.375  0.0769230769231
2636  4293.375  0.0769230769231
2637  4293.375  0.0769230769231
2638  4293.375  0.0769230769231
2639  4293.375  0.0769230769231
2640  4293.375  0.0769230769231
2641  4293.375  0.0769230769231
2642  4293.375  0.0769230769231
2643  4293.375  0.0769230769231
2644  4293.375  0.0769230769231
2645  4293.375  0.0769230769231
2646  4293.375  0.0769230769231
2647  4293.375  0.0769230769231
2648  4293.375  0.0769230769231
2649  4293.375  0.0769230769231
2650  4293.375  0.0769230769231
2651  4293.375  0.0769230769231
2652  4293.375  0.0769230769231
2653  4293.375  0.0769230769231
2654  4293.375  0.0769230769231
2655  4293.375  0.0769230769231
2656  4293.375  0.0769230769231
2657  4293.375  0.0769230769231
2658  4293.375  0.0769230769231
2659  4293.375  0.0769230769231
2660  4293.375  0.0769230769231
2661  4293.375  0.0769230769231
2662  4293.375  0.0769230769231
2663  4293.375  0.0769230769231
2664  4293.375  0.0769230769231
2665  4293.375  0.0769230769231
2666  4293.375  0.0769230769231
2667  4293.375  0.0769230769231
2668  4293.375  0.0769230769231
2669  4293.375  0.0769230769231
2670  4293.375  0.0769230769231
2671  4293.375  0.0769230769231
2672  4293.375  0.0769230769231
2673  4293.375  0.0769230769231
2674  4293.375  0.0769230769231
2675  4293.375  0.0769230769231
2676  4293.375  0.0769230769231
2677  4293.375  0.0769230769231
2678  4293.375  0.0769230769231
2679  4293.375  0.0769230769231
2680  4293.375  0.0769230769231
2681  4293.375  0.0769230769231
2682  4293.375  0.0769230769231
2683  4293.375  0.0769230769231
2684  4293.375  0.0769230769231
2685  4293.375  0.0769230769231
2686  4293.375  0.0769230769231
2687  4293.375  0.0769230769231
2688  4293.375  0.0769230769231
2689  4293.375  0.0769230769231
2690  4293.375  0.0769230769231
2691  4293.375  0.0769230769231
2692  4293.375  0.0769230769231
2693  4293.375  0.0769230769231
2694  4293.375  0.0769230769231
2695  4293.375  0.0769230769231
2696  4293.375  0.0769230769231
2697  4293.375  0.0769230769231
2698  4293.375  0.0769230769231
2699  4293.375  0.0769230769231
2700  4293.375  0.0769230769231
2701  4293.375  0.0769230769231
2702  4293.375  0.0769230769231
2703  4293.375  0.0769230769231
2704  4293.375  0.0769230769231
2705  4293.375  0.0769230769231
2706  4293.375  0.0769230769231
2707  4293.375  0.0769230769231
2708  4293.375  0.0769230769231
2709  4293.375  0.0769230769231
2710  4293.375  0.0769230769231
2711  4293.375  0.0769230769231
2712  4293.375  0.0769230769231
2713  4293.375  0.0769230769231
2714  4293.375  0.0769230769231
2715  4293.375  0.0769230769231
2716  4293.375  0.0769230769231
2717  4293.375  0.0769230769231
2718  4293.375  0.0769230769231
2719  4293.375  0.0769230769231
2720  4293.375  0.0769230769231
2721  4293.375  0.0769230769231
2722  4293.375  0.0769230769231
2723  4293.375  0.0769230769231
2724  4293.375  0.0769230769231
2725  4293.375  0.0769230769231
2726  4293.375  0.0769230769231
2727  4293.375  0.0769230769231
2728  4293.375  0.0769230769231
2729  4293.375  0.0769230769231
2730  4293.375  0.0769230769231
2731  4293.375  0.0769230769231
2732  4293.375  0.0769230769231
2733  4293.375  0.0769230769231
2734  4293.375  0.0769230769231
2735  4293.375  0.0769230769231
2736  4293.375  0.0769230769231
2737  4293.375  0.0769230769231
2738  4293.375  0.0769230769231
2739  4293.375  0.0769230769231
2740  4293.375  0.0769230769231
2741  4293.375  0.0769230769231
2742  4293.375  0.0769230769231
2743  4293.375  0.0769230769231
2744  4293.375  0.0769230769231
2745  4293.375  0.0769230769231
2746  4293.375  0.0769230769231
2747  4293.375  0.0769230769231
2748  4293.375  0.0769230769231
2749  4293.375  0.0769230769231
2750  4293.375  0.0769230769231
2751  4293.375  0.0769230769231
2752  4293.375  0.0769230769231
2753  4293.375  0.0769230769231
2754  4293.375  0.0769230769231
2755  4293.375  0.0769230769231
2756  4293.375  0.0769230769231
2757  4293.375  0.0769230769231
2758  4293.375  0.0769230769231
2759  4293.375  0.0769230769231
2760  4293.375  0.0769230769231
2761  4293.375  0.0769230769231
2762  4293.375  0.0769230769231
2763  4293.375  0.0769230769231
2764  4293.375  0.0769230769231
2765  4293.375  0.0769230769231
2766  4293.375  0.0769230769231
2767  4293.375  0.0769230769231
2768  4293.375  0.0769230769231
2769  4293.375  0.0769230769231
2770  4293.375  0.0769230769231
2771  4293.375  0.0769230769231
2772  4293.375  0.0769230769231
2773  4293.375  0.0769230769231
2774  4293.375  0.0769230769231
2775  4293.375  0.0769230769231
2776  4293.375  0.0769230769231
2777  4293.375  0.0769230769231
2778  4293.375  0.0769230769231
2779  4293.375  0.0769230769231
2780  4293.375  0.0769230769231
2781  4293.375  0.0769230769231
2782  4293.375  0.0769230769231
2783  4293.375  0.0769230769231
2784  4293.375  0.0769230769231
2785  4293.375  0.0769230769231
2786  4293.375  0.0769230769231
2787  4293.375  0.0769230769231
2788  4293.375  0.0769230769231
2789  4293.375  0.0769230769231
2790  4293.375  0.0769230769231
2791  4293.375  0.0769230769231
2792  4293.375  0.0769230769231
2793  4293.375  0.0769230769231
2794  4293.375  0.0769230769231
2795  4293.375  0.0769230769231
2796  4293.375  0.0769230769231
2797  4293.375  0.0769230769231
2798  4293.375  0.0769230769231
2799  4293.375  0.0769230769231
2800  4293.375  0.0769230769231
2801  4293.375  0.0769230769231
2802  4293.375  0.0769230769231
2803  4293.375  0.0769230769231
2804  4293.375  0.0769230769231
2805  4293.375  0.0769230769231
2806  4293.375  0.0769230769231
2807  4293.375  0.0769230769231
2808  4293.375  0.0769230769231
2809  4293.375  0.0769230769231
2810  4293.375  0.0769230769231
2811  4293.375  0.0769230769231
2812  4293.375  0.0769230769231
2813  4293.375  0.0769230769231
2814  4293.375  0.0769230769231
2815  4293.375  0.0769230769231
2816  4293.375  0.0769230769231
2817  4293.375  0.0769230769231
2818  4293.375  0.0769230769231
2819  4293.375  0.0769230769231
2820  4293.375  0.0769230769231
2821  4293.375  0.0769230769231
2822  4293.375  0.0769230769231
2823  4293.375  0.0769230769231
2824  4293.375  0.0769230769231
2825  4293.375  0.0769230769231
2826  4293.375  0.0769230769231
2827  4293.375  0.0769230769231
2828  4293.375  0.0769230769231
2829  4293.375  0.0769230769231
2830  4293.375  0.0769230769231
2831  4293.375  0.0769230769231
2832  4293.375  0.0769230769231
2833  4293.375  0.0769230769231
2834  4293.375  0.0769230769231
2835  4293.375  0.0769230769231
2836  4293.375  0.0769230769231
2837  4293.375  0.0769230769231
2838  4293.375  0.0769230769231
2839  4293.375  0.0769230769231
2840  4293.375  0.0769230769231
2841  4293.375  0.0769230769231
2842  4293.375  0.0769230769231
2843  4293.375  0.0769230769231
2844  4293.375  0.0769230769231
2845  4293.375  0.0769230769231
2846  4293.375  0.0769230769231
2847  4293.375  0.0769230769231
2848  4293.375  0.0769230769231
2849  4293.375  0.0769230769231
2850  4293.375  0.0769230769231
2851  4293.375  0.0769230769231
2852  4293.375  0.0769230769231
2853  4293.375  0.0769230769231
2854  4293.375  0.0769230769231
2855  4293.375  0.0769230769231
2856  4293.375  0.0769230769231
2857  4293.375  0.0769230769231
2858  4293.375  0.0769230769231
2859  4293.375  0.0769230769231
2860  4293.375  0.0769230769231
2861  4293.375  0.0769230769231
2862  4293.375  0.0769230769231
2863  4293.375  0.0769230769231
2864  4293.375  0.0769230769231
2865  4293.375  0.0769230769231
2866  4293.375  0.0769230769231
2867  4293.375  0.0769230769231
2868  4293.375  0.0769230769231
2869  4293.375  0.0769230769231
2870  4293.375  0.0769230769231
2871  4293.375  0.0769230769231
2872  4293.375  0.0769230769231
2873  4293.375  0.0769230769231
2874  4293.375  0.0769230769231
2875  4293.375  0.0769230769231
2876  4293.375  0.0769230769231
2877  4293.375  0.0769230769231
2878  4293.375  0.0769230769231
2879  4293.375  0.0769230769231
2880  4293.375  0.0769230769231
2881  4293.375  0.0769230769231
2882  4293.375  0.0769230769231
2883  4293.375  0.0769230769231
2884  4293.375  0.0769230769231
2885  4293.375  0.0769230769231
2886  4293.375  0.0769230769231
2887  4293.375  0.0769230769231
2888  4293.375  0.0769230769231
2889  4293.375  0.0769230769231
2890  4293.375  0.0769230769231
2891  4293.375  0.0769230769231
2892  4293.375  0.0769230769231
2893  4293.375  0.0769230769231
2894  4293.375  0.0769230769231
2895  4293.375  0.0769230769231
2896  4293.375  0.0769230769231
2897  4293.375  0.0769230769231
2898  4293.375  0.0769230769231
2899  4293.375  0.0769230769231
2900  4293.375  0.0769230769231
2901  4293.375  0.0769230769231
2902  4293.375  0.0769230769231
2903  4293.375  0.0769230769231
2904  4293.375  0.0769230769231
2905  4293.375  0.0769230769231
2906  4293.375  0.0769230769231
2907  4293.375  0.0769230769231
2908  4293.375  0.0769230769231
2909  4293.375  0.0769230769231
2910  4293.375  0.0769230769231
2911  4293.375  0.0769230769231
2912  4293.375  0.0769230769231
2913  4293.375  0.0769230769231
2914  4293.375  0.0769230769231
2915  4293.375  0.0769230769231
2916  4293.375  0.0769230769231
2917  4293.375  0.0769230769231
2918  4293.375  0.0769230769231
2919  4293.375  0.0769230769231
2920  4293.375  0.0769230769231
2921  4293.375  0.0769230769231
2922  4293.375  0.0769230769231
2923  4293.375  0.0769230769231
2924  4293.375  0.0769230769231
2925  4293.375  0.0769230769231
2926  4293.375  0.0769230769231
2927  4293.375  0.0769230769231
2928  4293.375  0.0769230769231
2929  4293.375  0.0769230769231
2930  4293.375  0.0769230769231
2931  4293.375  0.0769230769231
2932  4293.375  0.0769230769231
2933  4293.375  0.0769230769231
2934  4293.375  0.0769230769231
2935  4293.375  0.0769230769231
2936  4293.375  0.0769230769231
2937  4293.375  0.0769230769231
2938  4293.375  0.0769230769231
2939  4293.375  0.0769230769231
2940  4293.375  0.0769230769231
2941  4293.375  0.0769230769231
2942  4293.375  0.0769230769231
2943  4293.375  0.0769230769231
2944  4293.375  0.0769230769231
2945  4293.375  0.0769230769231
2946  4293.375  0.0769230769231
2947  4293.375  0.0769230769231
2948  4293.375  0.0769230769231
2949  4293.375  0.0769230769231
2950  4293.375  0.0769230769231
2951  4293.375  0.0769230769231
2952  4293.375  0.0769230769231
2953  4293.375  0.0769230769231
2954  4293.375  0.0769230769231
2955  4293.375  0.0769230769231
2956  4293.375  0.0769230769231
2957  4293.375  0.0769230769231
2958  4293.375  0.0769230769231
2959  4293.375  0.0769230769231
2960  4293.375  0.0769230769231
2961  4293.375  0.0769230769231
2962  4293.375  0.0769230769231
2963  4293.375  0.0769230769231
2964  4293.375  0.0769230769231
2965  4293.375  0.0769230769231
2966  4293.375  0.0769230769231
2967  4293.375  0.0769230769231
2968  4293.375  0.0769230769231
2969  4293.375  0.0769230769231
2970  4293.375  0.0769230769231
2971  4293.375  0.0769230769231
2972  4293.375  0.0769230769231
2973  4293.375  0.0769230769231
2974  4293.375  0.0769230769231
2975  4293.375  0.0769230769231
2976  4293.375  0.0769230769231
2977  4293.375  0.0769230769231
2978  4293.375  0.0769230769231
2979  4293.375  0.0769230769231
2980  4293.375  0.0769230769231
2981  4293.375  0.0769230769231
2982  4293.375  0.0769230769231
2983  4293.375  0.0769230769231
2984  4293.375  0.0769230769231
2985  4293.375  0.0769230769231
2986  4293.375  0.0769230769231
2987  4293.375  0.0769230769231
2988  4293.375  0.0769230769231
2989  4293.375  0.0769230769231
2990  4293.375  0.0769230769231
2991  4293.375  0.0769230769231
2992  4293.375  0.0769230769231
2993  4293.375  0.0769230769231
2994  4293.375  0.0769230769231
2995  4293.375  0.0769230769231
2996  4293.375  0.0769230769231
2997  4293.375  0.0769230769231
2998  4293.375  0.0769230769231
2999  4293.375  0.0769230769231
#[-9, 6, 7, 8, 9]
#[-5, -5, -4, 0, 2]
#[-9, 3, 4, 7, 9]
#[3, 3, 8, 8, 8]
#[8, 8, 8, 8, 8]
#[8, 8, 8, 8, 8]
#[6, 8, 8, 8, 8]
#[8, 8, 8, 8, 8]
#[8, 8, 8, 8, 8]
#[5, 8, 8, 8, 8]
#[2, 8, 8, 8, 8]
#[7, 8, 8, 8, 8]
#[8, 8, 8, 8, 8]
#[2, 8, 8, 8, 8]
#[8, 8, 8, 8, 8]
#[8, 8, 8, 8, 9]
#[3, 8, 8, 8, 8]
#[-6, 8, 8, 8, 8]
#[8, 8, 8, 8, 8]
#[-5, 0, 8, 8, 8]
#[4, 8, 8, 8, 8]
#[3, 5, 8, 8, 8]
#[8, 8, 8, 8, 9]
#[-8, 4, 5, 8, 8]
#[-9, -1, 8, 8, 8]
#Specialization index= [0, 6, 0.5]
