#[0, 5, 6, 4, 9, 7, 6, 4, 4, 2, 0, 1, 6, 5, 1, 4, 6, 8, 3, 7]
#[8, 7, 4, 0, 5, 7, 9, 3, 7, 5, 5, 4, 3, 0, 1, 6, 6, 2, 7, 5]
#[2, 6, 2, 7, 2, 9, 7, 6, 9, 8, 3, 5, 3, 0, 5, 9, 6, 5, 3, 7]
#[3, 8, 3, 8, 4, 7, 8, 3, 6, 6, 6, 4, 7, 7, 6, 9, 8, 5, 7, 8]
#[4, 8, 9, 0, 0, 4, 7, 7, 5, 5, 8, 8, 0, 0, 7, 0, 1, 4, 2, 5]
#[0, 8, 8, 4, 1, 6, 4, 1, 4, 7, 4, 1, 3, 9, 2, 8, 3, 8, 2, 0]
#[4, 3, 0, 5, 9, 2, 8, 6, 6, 5, 8, 6, 6, 7, 4, 5, 3, 1, 1, 5]
#[9, 9, 5, 7, 2, 3, 4, 9, 1, 6, 1, 8, 2, 9, 6, 7, 6, 3, 4, 5]
#[4, 7, 2, 5, 2, 9, 7, 6, 6, 6, 6, 6, 6, 1, 3, 1, 5, 4, 5, 3]
0  7112.52786133  0.115
1  7106.3517991  0.115
2  7101.33785758  0.115
3  7097.29774336  0.115
4  7094.06155969  0.115
5  7091.48160525  0.115
6  7089.43267144  0.115
7  7150.86137305  0.175
8  7282.93124375  0.105
9  7276.09991281  0.105
10  7271.14586961  0.105
11  7310.93855078  0.145
12  7311.38057776  0.145
13  7311.80336491  0.145
14  7312.17809427  0.145
15  7312.49764869  0.145
16  7312.76428505  0.145
17  7414.01535156  0.09
18  7406.24626855  0.09
19  7525.1640625  0.155
20  7525.1640625  0.155
21  7525.1640625  0.155
22  7840.375  0.11
23  7840.375  0.11
24  7840.375  0.11
25  7840.375  0.11
26  7840.375  0.11
27  7840.375  0.11
28  7851.56052502  0.11
29  7850.90898251  0.11
30  7850.36261931  0.11
31  7849.91578357  0.11
32  7849.55715591  0.11
33  7849.27348457  0.11
34  7849.05167637  0.11
35  7848.87984731  0.11
36  7848.7477477  0.11
37  7848.64683313  0.11
38  7848.57015101  0.11
39  8655.59718262  0.075
40  8655.69852765  0.075
41  8655.77326961  0.075
42  8655.82839181  0.075
43  8655.86904443  0.075
44  8655.89902573  0.075
45  8655.92113695  0.075
46  8655.93744397  0.075
47  8655.94947039  0.075
48  8655.95833988  0.075
49  8655.96488113  0.075
50  8655.9697053  0.075
51  8655.97326313  0.075
52  8655.97588703  0.075
53  8655.97782215  0.075
54  8655.97924931  0.075
55  8655.98030183  0.075
56  8655.98107807  0.075
57  8655.98165055  0.075
58  8655.98207275  0.075
59  8655.98238412  0.075
60  8655.98261376  0.075
61  8655.98278311  0.075
62  8655.98290802  0.075
63  8655.98300013  0.075
64  8655.98306806  0.075
65  8655.98311817  0.075
66  8655.98315512  0.075
67  8655.98318237  0.075
68  8655.98320246  0.075
69  8655.98321729  0.075
70  8655.98322822  0.075
71  8655.98323628  0.075
72  8655.98324222  0.075
73  8655.98324661  0.075
74  8655.98324984  0.075
75  8655.98325223  0.075
76  8655.98325399  0.075
77  8655.98325528  0.075
78  8655.98325624  0.075
79  8655.98325695  0.075
80  8655.98325747  0.075
81  8655.98325785  0.075
82  8655.98325813  0.075
83  8655.98325834  0.075
84  8655.9832585  0.075
85  8655.98325861  0.075
86  8655.98325869  0.075
87  8655.98325876  0.075
88  8655.9832588  0.075
89  8655.98325883  0.075
90  8655.98325886  0.075
91  8655.98325888  0.075
92  8655.98325889  0.075
93  8655.9832589  0.075
94  8655.98325891  0.075
95  8655.98325891  0.075
96  8655.98325892  0.075
97  8655.98325892  0.075
98  8655.98325892  0.075
99  8655.98325892  0.075
100  8655.98325893  0.075
101  8655.98325893  0.075
102  8655.98325893  0.075
103  8655.98325893  0.075
104  8655.98325893  0.075
105  8655.98325893  0.075
106  8655.98325893  0.075
107  8655.98325893  0.075
108  8655.98325893  0.075
109  8655.98325893  0.075
110  8655.98325893  0.075
111  8655.98325893  0.075
112  8655.98325893  0.075
113  8655.98325893  0.075
114  8655.98325893  0.075
115  8655.98325893  0.075
116  8655.98325893  0.075
117  8655.98325893  0.075
118  8655.98325893  0.075
119  8655.98325893  0.075
120  8655.98325893  0.075
121  8655.98325893  0.075
122  8655.98325893  0.075
123  8655.98325893  0.075
124  8655.98325893  0.075
125  8655.98325893  0.075
126  8655.98325893  0.075
127  8655.98325893  0.075
128  8655.98325893  0.075
129  8655.98325893  0.075
130  8655.98325893  0.075
131  8655.98325893  0.075
132  8655.98325893  0.075
133  8655.98325893  0.075
134  8655.98325893  0.075
135  8655.98325893  0.075
136  8655.98325893  0.075
137  8655.98325893  0.075
138  8655.98325893  0.075
139  8655.98325893  0.075
140  8655.98325893  0.075
141  8655.98325893  0.075
142  8655.98325893  0.075
143  8655.98325893  0.075
144  8655.98325893  0.075
145  8655.98325893  0.075
146  8655.98325893  0.075
147  8655.98325893  0.075
148  8655.98325893  0.075
149  8655.98325893  0.075
150  8655.98325893  0.075
151  8655.98325893  0.075
152  8655.98325893  0.075
153  8655.98325893  0.075
154  8655.98325893  0.075
155  8655.98325893  0.075
156  8655.98325893  0.075
157  8655.98325893  0.075
158  8655.98325893  0.075
159  8655.98325893  0.075
160  8655.98325893  0.075
161  8655.98325893  0.075
162  8655.98325893  0.075
163  8655.98325893  0.075
164  8655.98325893  0.075
165  8655.98325893  0.075
166  8655.98325893  0.075
167  8655.98325893  0.075
168  8655.98325893  0.075
169  8655.98325893  0.075
170  8655.98325893  0.075
171  8655.98325893  0.075
172  8655.98325893  0.075
173  8655.98325893  0.075
174  8655.98325893  0.075
175  8655.98325893  0.075
176  8655.98325893  0.075
177  8655.98325893  0.075
178  8655.98325893  0.075
179  8655.98325893  0.075
180  8655.98325893  0.075
181  8655.98325893  0.075
182  8655.98325893  0.075
183  8655.98325893  0.075
184  8655.98325893  0.075
185  8655.98325893  0.075
186  8655.98325893  0.075
187  8655.98325893  0.075
188  8655.98325893  0.075
189  8655.98325893  0.075
190  8655.98325893  0.075
191  8655.98325893  0.075
192  8655.98325893  0.075
193  8655.98325893  0.075
194  8655.98325893  0.075
195  8655.98325893  0.075
196  8655.98325893  0.075
197  8655.98325893  0.075
198  8655.98325893  0.075
199  8655.98325893  0.075
200  8655.98325893  0.075
201  8655.98325893  0.075
202  8655.98325893  0.075
203  8655.98325893  0.075
204  8655.98325893  0.075
205  8655.98325893  0.075
206  8655.98325893  0.075
207  8655.98325893  0.075
208  8655.98325893  0.075
209  8655.98325893  0.075
210  8655.98325893  0.075
211  8655.98325893  0.075
212  8655.98325893  0.075
213  8655.98325893  0.075
214  8655.98325893  0.075
215  8655.98325893  0.075
216  8655.98325893  0.075
217  8655.98325893  0.075
218  8655.98325893  0.075
219  8655.98325893  0.075
220  8655.98325893  0.075
221  8655.98325893  0.075
222  8655.98325893  0.075
223  8655.98325893  0.075
224  8655.98325893  0.075
225  8655.98325893  0.075
226  8655.98325893  0.075
227  8655.98325893  0.075
228  8655.98325893  0.075
229  8655.98325893  0.075
230  8655.98325893  0.075
231  8655.98325893  0.075
232  8655.98325893  0.075
233  8655.98325893  0.075
234  8655.98325893  0.075
235  8655.98325893  0.075
236  8655.98325893  0.075
237  8655.98325893  0.075
238  8655.98325893  0.075
239  8655.98325893  0.075
240  8655.98325893  0.075
241  8655.98325893  0.075
242  8655.98325893  0.075
243  8655.98325893  0.075
244  8655.98325893  0.075
245  8655.98325893  0.075
246  8655.98325893  0.075
247  8655.98325893  0.075
248  8655.98325893  0.075
249  8655.98325893  0.075
250  8655.98325893  0.075
251  8655.98325893  0.075
252  8655.98325893  0.075
253  8655.98325893  0.075
254  8655.98325893  0.075
255  8655.98325893  0.075
256  8655.98325893  0.075
257  8655.98325893  0.075
258  8655.98325893  0.075
259  8655.98325893  0.075
260  8655.98325893  0.075
261  8655.98325893  0.075
262  8655.98325893  0.075
263  8655.98325893  0.075
264  8655.98325893  0.075
265  8655.98325893  0.075
266  8655.98325893  0.075
267  8655.98325893  0.075
268  8655.98325893  0.075
269  8655.98325893  0.075
270  8655.98325893  0.075
271  8655.98325893  0.075
272  8655.98325893  0.075
273  8655.98325893  0.075
274  8655.98325893  0.075
275  8655.98325893  0.075
276  8655.98325893  0.075
277  8655.98325893  0.075
278  8655.98325893  0.075
279  8655.98325893  0.075
280  8655.98325893  0.075
281  8655.98325893  0.075
282  8655.98325893  0.075
283  8655.98325893  0.075
284  8655.98325893  0.075
285  8655.98325893  0.075
286  8655.98325893  0.075
287  8655.98325893  0.075
288  8655.98325893  0.075
289  8655.98325893  0.075
290  8655.98325893  0.075
291  8655.98325893  0.075
292  8655.98325893  0.075
293  8655.98325893  0.075
294  8655.98325893  0.075
295  8655.98325893  0.075
296  8655.98325893  0.075
297  8655.98325893  0.075
298  8655.98325893  0.075
299  8655.98325893  0.075
300  8655.98325893  0.075
301  8655.98325893  0.075
302  8655.98325893  0.075
303  8655.98325893  0.075
304  8655.98325893  0.075
305  8655.98325893  0.075
306  8655.98325893  0.075
307  8655.98325893  0.075
308  8655.98325893  0.075
309  8655.98325893  0.075
310  8655.98325893  0.075
311  8655.98325893  0.075
312  8655.98325893  0.075
313  8655.98325893  0.075
314  8655.98325893  0.075
315  8655.98325893  0.075
316  8655.98325893  0.075
317  8655.98325893  0.075
318  8655.98325893  0.075
319  8655.98325893  0.075
320  8655.98325893  0.075
321  8655.98325893  0.075
322  8655.98325893  0.075
323  8655.98325893  0.075
324  8655.98325893  0.075
325  8655.98325893  0.075
326  8655.98325893  0.075
327  8655.98325893  0.075
328  8655.98325893  0.075
329  8655.98325893  0.075
330  8655.98325893  0.075
331  8655.98325893  0.075
332  8655.98325893  0.075
333  8655.98325893  0.075
334  8655.98325893  0.075
335  8655.98325893  0.075
336  8655.98325893  0.075
337  8655.98325893  0.075
338  8655.98325893  0.075
339  8655.98325893  0.075
340  8655.98325893  0.075
341  8655.98325893  0.075
342  8655.98325893  0.075
343  8655.98325893  0.075
344  8655.98325893  0.075
345  8655.98325893  0.075
346  8655.98325893  0.075
347  8655.98325893  0.075
348  8655.98325893  0.075
349  8655.98325893  0.075
350  8655.98325893  0.075
351  8655.98325893  0.075
352  8655.98325893  0.075
353  8655.98325893  0.075
354  8655.98325893  0.075
355  8655.98325893  0.075
356  8655.98325893  0.075
357  8655.98325893  0.075
358  8655.98325893  0.075
359  8655.98325893  0.075
360  8655.98325893  0.075
361  8655.98325893  0.075
362  8655.98325893  0.075
363  8655.98325893  0.075
364  8655.98325893  0.075
365  8655.98325893  0.075
366  8655.98325893  0.075
367  8655.98325893  0.075
368  8655.98325893  0.075
369  8655.98325893  0.075
370  8655.98325893  0.075
371  8655.98325893  0.075
372  8655.98325893  0.075
373  8655.98325893  0.075
374  8655.98325893  0.075
375  8655.98325893  0.075
376  8655.98325893  0.075
377  8655.98325893  0.075
378  8655.98325893  0.075
379  8655.98325893  0.075
380  8655.98325893  0.075
381  8655.98325893  0.075
382  8655.98325893  0.075
383  8655.98325893  0.075
384  8655.98325893  0.075
385  8655.98325893  0.075
386  8655.98325893  0.075
387  8655.98325893  0.075
388  8655.98325893  0.075
389  8655.98325893  0.075
390  8655.98325893  0.075
391  8655.98325893  0.075
392  8655.98325893  0.075
393  8655.98325893  0.075
394  8655.98325893  0.075
395  8655.98325893  0.075
396  8655.98325893  0.075
397  8655.98325893  0.075
398  8655.98325893  0.075
399  8655.98325893  0.075
400  8655.98325893  0.075
401  8655.98325893  0.075
402  8655.98325893  0.075
403  8655.98325893  0.075
404  8655.98325893  0.075
405  8655.98325893  0.075
406  8655.98325893  0.075
407  8655.98325893  0.075
408  8655.98325893  0.075
409  8655.98325893  0.075
410  8655.98325893  0.075
411  8655.98325893  0.075
412  8655.98325893  0.075
413  8655.98325893  0.075
414  8655.98325893  0.075
415  8655.98325893  0.075
416  8655.98325893  0.075
417  8655.98325893  0.075
418  8655.98325893  0.075
419  8655.98325893  0.075
420  8655.98325893  0.075
421  8655.98325893  0.075
422  8655.98325893  0.075
423  8655.98325893  0.075
424  8655.98325893  0.075
425  8655.98325893  0.075
426  8655.98325893  0.075
427  8655.98325893  0.075
428  8655.98325893  0.075
429  8655.98325893  0.075
430  8655.98325893  0.075
431  8655.98325893  0.075
432  8655.98325893  0.075
433  8655.98325893  0.075
434  8655.98325893  0.075
435  8655.98325893  0.075
436  8655.98325893  0.075
437  8655.98325893  0.075
438  8655.98325893  0.075
439  8655.98325893  0.075
440  8655.98325893  0.075
441  8655.98325893  0.075
442  8655.98325893  0.075
443  8655.98325893  0.075
444  8655.98325893  0.075
445  8655.98325893  0.075
446  8655.98325893  0.075
447  8655.98325893  0.075
448  8655.98325893  0.075
449  8655.98325893  0.075
450  8655.98325893  0.075
451  8655.98325893  0.075
452  8655.98325893  0.075
453  8655.98325893  0.075
454  8655.98325893  0.075
455  8655.98325893  0.075
456  8655.98325893  0.075
457  8655.98325893  0.075
458  8655.98325893  0.075
459  8655.98325893  0.075
460  8655.98325893  0.075
461  8655.98325893  0.075
462  8655.98325893  0.075
463  8655.98325893  0.075
464  8655.98325893  0.075
465  8655.98325893  0.075
466  8655.98325893  0.075
467  8655.98325893  0.075
468  8655.98325893  0.075
469  8655.98325893  0.075
470  8655.98325893  0.075
471  8655.98325893  0.075
472  8655.98325893  0.075
473  8655.98325893  0.075
474  8655.98325893  0.075
475  8655.98325893  0.075
476  8655.98325893  0.075
477  8655.98325893  0.075
478  8655.98325893  0.075
479  8655.98325893  0.075
480  8655.98325893  0.075
481  8655.98325893  0.075
482  8655.98325893  0.075
483  8655.98325893  0.075
484  8655.98325893  0.075
485  8655.98325893  0.075
486  8655.98325893  0.075
487  8655.98325893  0.075
488  8655.98325893  0.075
489  8655.98325893  0.075
490  8655.98325893  0.075
491  8655.98325893  0.075
492  8655.98325893  0.075
493  8655.98325893  0.075
494  8655.98325893  0.075
495  8655.98325893  0.075
496  8655.98325893  0.075
497  8655.98325893  0.075
498  8655.98325893  0.075
499  8655.98325893  0.075
500  8655.98325893  0.075
501  8655.98325893  0.075
502  8655.98325893  0.075
503  8655.98325893  0.075
504  8655.98325893  0.075
505  8655.98325893  0.075
506  8655.98325893  0.075
507  8655.98325893  0.075
508  8655.98325893  0.075
509  8655.98325893  0.075
510  8655.98325893  0.075
511  8655.98325893  0.075
512  8655.98325893  0.075
513  8655.98325893  0.075
514  8655.98325893  0.075
515  8655.98325893  0.075
516  8655.98325893  0.075
517  8655.98325893  0.075
518  8655.98325893  0.075
519  8655.98325893  0.075
520  8655.98325893  0.075
521  8655.98325893  0.075
522  8655.98325893  0.075
523  8655.98325893  0.075
524  8655.98325893  0.075
525  8655.98325893  0.075
526  8655.98325893  0.075
527  8655.98325893  0.075
528  8655.98325893  0.075
529  8655.98325893  0.075
530  8655.98325893  0.075
531  8655.98325893  0.075
532  8655.98325893  0.075
533  8655.98325893  0.075
534  8655.98325893  0.075
535  8655.98325893  0.075
536  8655.98325893  0.075
537  8655.98325893  0.075
538  8655.98325893  0.075
539  8655.98325893  0.075
540  8655.98325893  0.075
541  8655.98325893  0.075
542  8655.98325893  0.075
543  8655.98325893  0.075
544  8655.98325893  0.075
545  8655.98325893  0.075
546  8655.98325893  0.075
547  8655.98325893  0.075
548  8655.98325893  0.075
549  8655.98325893  0.075
550  8655.98325893  0.075
551  8655.98325893  0.075
552  8655.98325893  0.075
553  8655.98325893  0.075
554  8655.98325893  0.075
555  8655.98325893  0.075
556  8655.98325893  0.075
557  8655.98325893  0.075
558  8655.98325893  0.075
559  8655.98325893  0.075
560  8655.98325893  0.075
561  8655.98325893  0.075
562  8655.98325893  0.075
563  8655.98325893  0.075
564  8655.98325893  0.075
565  8655.98325893  0.075
566  8655.98325893  0.075
567  8655.98325893  0.075
568  8655.98325893  0.075
569  8655.98325893  0.075
570  8655.98325893  0.075
571  8655.98325893  0.075
572  8655.98325893  0.075
573  8655.98325893  0.075
574  8655.98325893  0.075
575  8655.98325893  0.075
576  8655.98325893  0.075
577  8655.98325893  0.075
578  8655.98325893  0.075
579  8655.98325893  0.075
580  8655.98325893  0.075
581  8655.98325893  0.075
582  8655.98325893  0.075
583  8655.98325893  0.075
584  8655.98325893  0.075
585  8655.98325893  0.075
586  8655.98325893  0.075
587  8655.98325893  0.075
588  8655.98325893  0.075
589  8655.98325893  0.075
590  8655.98325893  0.075
591  8655.98325893  0.075
592  8655.98325893  0.075
593  8655.98325893  0.075
594  8655.98325893  0.075
595  8655.98325893  0.075
596  8655.98325893  0.075
597  8655.98325893  0.075
598  8655.98325893  0.075
599  8655.98325893  0.075
600  8655.98325893  0.075
601  8655.98325893  0.075
602  8655.98325893  0.075
603  8655.98325893  0.075
604  8655.98325893  0.075
605  8655.98325893  0.075
606  8655.98325893  0.075
607  8655.98325893  0.075
608  8655.98325893  0.075
609  8655.98325893  0.075
610  8655.98325893  0.075
611  8655.98325893  0.075
612  8655.98325893  0.075
613  8655.98325893  0.075
614  8655.98325893  0.075
615  8655.98325893  0.075
616  8655.98325893  0.075
617  8655.98325893  0.075
618  8655.98325893  0.075
619  8655.98325893  0.075
620  8655.98325893  0.075
621  8655.98325893  0.075
622  8655.98325893  0.075
623  8655.98325893  0.075
624  8655.98325893  0.075
625  8655.98325893  0.075
626  8655.98325893  0.075
627  8655.98325893  0.075
628  8655.98325893  0.075
629  8655.98325893  0.075
630  8655.98325893  0.075
631  8655.98325893  0.075
632  8655.98325893  0.075
633  8655.98325893  0.075
634  8655.98325893  0.075
635  8655.98325893  0.075
636  8655.98325893  0.075
637  8655.98325893  0.075
638  8655.98325893  0.075
639  8655.98325893  0.075
640  8655.98325893  0.075
641  8655.98325893  0.075
642  8655.98325893  0.075
643  8655.98325893  0.075
644  8655.98325893  0.075
645  8655.98325893  0.075
646  8655.98325893  0.075
647  8655.98325893  0.075
648  8655.98325893  0.075
649  8655.98325893  0.075
650  8655.98325893  0.075
651  8655.98325893  0.075
652  8655.98325893  0.075
653  8655.98325893  0.075
654  8655.98325893  0.075
655  8655.98325893  0.075
656  8655.98325893  0.075
657  8655.98325893  0.075
658  8655.98325893  0.075
659  8655.98325893  0.075
660  8655.98325893  0.075
661  8655.98325893  0.075
662  8655.98325893  0.075
663  8655.98325893  0.075
664  8655.98325893  0.075
665  8655.98325893  0.075
666  8655.98325893  0.075
667  8655.98325893  0.075
668  8655.98325893  0.075
669  8655.98325893  0.075
670  8655.98325893  0.075
671  8655.98325893  0.075
672  8655.98325893  0.075
673  8655.98325893  0.075
674  8655.98325893  0.075
675  8655.98325893  0.075
676  8655.98325893  0.075
677  8655.98325893  0.075
678  8655.98325893  0.075
679  8655.98325893  0.075
680  8655.98325893  0.075
681  8655.98325893  0.075
682  8655.98325893  0.075
683  8655.98325893  0.075
684  8655.98325893  0.075
685  8655.98325893  0.075
686  8655.98325893  0.075
687  8655.98325893  0.075
688  8655.98325893  0.075
689  8655.98325893  0.075
690  8655.98325893  0.075
691  8655.98325893  0.075
692  8655.98325893  0.075
693  8655.98325893  0.075
694  8655.98325893  0.075
695  8655.98325893  0.075
696  8655.98325893  0.075
697  8655.98325893  0.075
698  8655.98325893  0.075
699  8655.98325893  0.075
700  8655.98325893  0.075
701  8655.98325893  0.075
702  8655.98325893  0.075
703  8655.98325893  0.075
704  8655.98325893  0.075
705  8655.98325893  0.075
706  8655.98325893  0.075
707  8655.98325893  0.075
708  8655.98325893  0.075
709  8655.98325893  0.075
710  8655.98325893  0.075
711  8655.98325893  0.075
712  8655.98325893  0.075
713  8655.98325893  0.075
714  8655.98325893  0.075
715  8655.98325893  0.075
716  8655.98325893  0.075
717  8655.98325893  0.075
718  8655.98325893  0.075
719  8655.98325893  0.075
720  8655.98325893  0.075
721  8655.98325893  0.075
722  8655.98325893  0.075
723  8655.98325893  0.075
724  8655.98325893  0.075
725  8655.98325893  0.075
726  8655.98325893  0.075
727  8655.98325893  0.075
728  8655.98325893  0.075
729  8655.98325893  0.075
730  8655.98325893  0.075
731  8655.98325893  0.075
732  8655.98325893  0.075
733  8655.98325893  0.075
734  8655.98325893  0.075
735  8655.98325893  0.075
736  8655.98325893  0.075
737  8655.98325893  0.075
738  8655.98325893  0.075
739  8655.98325893  0.075
740  8655.98325893  0.075
741  8655.98325893  0.075
742  8655.98325893  0.075
743  8655.98325893  0.075
744  8655.98325893  0.075
745  8655.98325893  0.075
746  8655.98325893  0.075
747  8655.98325893  0.075
748  8655.98325893  0.075
749  8655.98325893  0.075
750  8655.98325893  0.075
751  8655.98325893  0.075
752  8655.98325893  0.075
753  8655.98325893  0.075
754  8655.98325893  0.075
755  8655.98325893  0.075
756  8655.98325893  0.075
757  8655.98325893  0.075
758  8655.98325893  0.075
759  8655.98325893  0.075
760  8655.98325893  0.075
761  8655.98325893  0.075
762  8655.98325893  0.075
763  8655.98325893  0.075
764  8655.98325893  0.075
765  8655.98325893  0.075
766  8655.98325893  0.075
767  8655.98325893  0.075
768  8655.98325893  0.075
769  8655.98325893  0.075
770  8655.98325893  0.075
771  8655.98325893  0.075
772  8655.98325893  0.075
773  8655.98325893  0.075
774  8655.98325893  0.075
775  8655.98325893  0.075
776  8655.98325893  0.075
777  8655.98325893  0.075
778  8655.98325893  0.075
779  8655.98325893  0.075
780  8655.98325893  0.075
781  8655.98325893  0.075
782  8655.98325893  0.075
783  8655.98325893  0.075
784  8655.98325893  0.075
785  8655.98325893  0.075
786  8655.98325893  0.075
787  8655.98325893  0.075
788  8655.98325893  0.075
789  8655.98325893  0.075
790  8655.98325893  0.075
791  8655.98325893  0.075
792  8655.98325893  0.075
793  8655.98325893  0.075
794  8655.98325893  0.075
795  8655.98325893  0.075
796  8655.98325893  0.075
797  8655.98325893  0.075
798  8655.98325893  0.075
799  8655.98325893  0.075
800  8655.98325893  0.075
801  8655.98325893  0.075
802  8655.98325893  0.075
803  8655.98325893  0.075
804  8655.98325893  0.075
805  8655.98325893  0.075
806  8655.98325893  0.075
807  8655.98325893  0.075
808  8655.98325893  0.075
809  8655.98325893  0.075
810  8655.98325893  0.075
811  8655.98325893  0.075
812  8655.98325893  0.075
813  8655.98325893  0.075
814  8655.98325893  0.075
815  8655.98325893  0.075
816  8655.98325893  0.075
817  8655.98325893  0.075
818  8655.98325893  0.075
819  8655.98325893  0.075
820  8655.98325893  0.075
821  8655.98325893  0.075
822  8655.98325893  0.075
823  8655.98325893  0.075
824  8655.98325893  0.075
825  8655.98325893  0.075
826  8655.98325893  0.075
827  8655.98325893  0.075
828  8655.98325893  0.075
829  8655.98325893  0.075
830  8655.98325893  0.075
831  8655.98325893  0.075
832  8655.98325893  0.075
833  8655.98325893  0.075
834  8655.98325893  0.075
835  8655.98325893  0.075
836  8655.98325893  0.075
837  8655.98325893  0.075
838  8655.98325893  0.075
839  8655.98325893  0.075
840  8655.98325893  0.075
841  8655.98325893  0.075
842  8655.98325893  0.075
843  8655.98325893  0.075
844  8655.98325893  0.075
845  8655.98325893  0.075
846  8655.98325893  0.075
847  8655.98325893  0.075
848  8655.98325893  0.075
849  8655.98325893  0.075
850  8655.98325893  0.075
851  8655.98325893  0.075
852  8655.98325893  0.075
853  8655.98325893  0.075
854  8655.98325893  0.075
855  8655.98325893  0.075
856  8655.98325893  0.075
857  8655.98325893  0.075
858  8655.98325893  0.075
859  8655.98325893  0.075
860  8655.98325893  0.075
861  8655.98325893  0.075
862  8655.98325893  0.075
863  8655.98325893  0.075
864  8655.98325893  0.075
865  8655.98325893  0.075
866  8655.98325893  0.075
867  8655.98325893  0.075
868  8655.98325893  0.075
869  8655.98325893  0.075
870  8655.98325893  0.075
871  8655.98325893  0.075
872  8655.98325893  0.075
873  8655.98325893  0.075
874  8655.98325893  0.075
875  8655.98325893  0.075
876  8655.98325893  0.075
877  8655.98325893  0.075
878  8655.98325893  0.075
879  8655.98325893  0.075
880  8655.98325893  0.075
881  8655.98325893  0.075
882  8655.98325893  0.075
883  8655.98325893  0.075
884  8655.98325893  0.075
885  8655.98325893  0.075
886  8655.98325893  0.075
887  8655.98325893  0.075
888  8655.98325893  0.075
889  8655.98325893  0.075
890  8655.98325893  0.075
891  8655.98325893  0.075
892  8655.98325893  0.075
893  8655.98325893  0.075
894  8655.98325893  0.075
895  8655.98325893  0.075
896  8655.98325893  0.075
897  8655.98325893  0.075
898  8655.98325893  0.075
899  8655.98325893  0.075
900  8655.98325893  0.075
901  8655.98325893  0.075
902  8655.98325893  0.075
903  8655.98325893  0.075
904  8655.98325893  0.075
905  8655.98325893  0.075
906  8655.98325893  0.075
907  8655.98325893  0.075
908  8655.98325893  0.075
909  8655.98325893  0.075
910  8655.98325893  0.075
911  8655.98325893  0.075
912  8655.98325893  0.075
913  8655.98325893  0.075
914  8655.98325893  0.075
915  8655.98325893  0.075
916  8655.98325893  0.075
917  8655.98325893  0.075
918  8655.98325893  0.075
919  8655.98325893  0.075
920  8655.98325893  0.075
921  8655.98325893  0.075
922  8655.98325893  0.075
923  8655.98325893  0.075
924  8655.98325893  0.075
925  8655.98325893  0.075
926  8655.98325893  0.075
927  8655.98325893  0.075
928  8655.98325893  0.075
929  8655.98325893  0.075
930  8655.98325893  0.075
931  8655.98325893  0.075
932  8655.98325893  0.075
933  8655.98325893  0.075
934  8655.98325893  0.075
935  8655.98325893  0.075
936  8655.98325893  0.075
937  8655.98325893  0.075
938  8655.98325893  0.075
939  8655.98325893  0.075
940  8655.98325893  0.075
941  8655.98325893  0.075
942  8655.98325893  0.075
943  8655.98325893  0.075
944  8655.98325893  0.075
945  8655.98325893  0.075
946  8655.98325893  0.075
947  8655.98325893  0.075
948  8655.98325893  0.075
949  8655.98325893  0.075
950  8655.98325893  0.075
951  8655.98325893  0.075
952  8655.98325893  0.075
953  8655.98325893  0.075
954  8655.98325893  0.075
955  8655.98325893  0.075
956  8655.98325893  0.075
957  8655.98325893  0.075
958  8655.98325893  0.075
959  8655.98325893  0.075
960  8655.98325893  0.075
961  8655.98325893  0.075
962  8655.98325893  0.075
963  8655.98325893  0.075
964  8655.98325893  0.075
965  8655.98325893  0.075
966  8655.98325893  0.075
967  8655.98325893  0.075
968  8655.98325893  0.075
969  8655.98325893  0.075
970  8655.98325893  0.075
971  8655.98325893  0.075
972  8655.98325893  0.075
973  8655.98325893  0.075
974  8655.98325893  0.075
975  8655.98325893  0.075
976  8655.98325893  0.075
977  8655.98325893  0.075
978  8655.98325893  0.075
979  8655.98325893  0.075
980  8655.98325893  0.075
981  8655.98325893  0.075
982  8655.98325893  0.075
983  8655.98325893  0.075
984  8655.98325893  0.075
985  8655.98325893  0.075
986  8655.98325893  0.075
987  8655.98325893  0.075
988  8655.98325893  0.075
989  8655.98325893  0.075
990  8655.98325893  0.075
991  8655.98325893  0.075
992  8655.98325893  0.075
993  8655.98325893  0.075
994  8655.98325893  0.075
995  8655.98325893  0.075
996  8655.98325893  0.075
997  8655.98325893  0.075
998  8655.98325893  0.075
999  8655.98325893  0.075
1000  8655.98325893  0.075
1001  8655.98325893  0.075
1002  8655.98325893  0.075
1003  8655.98325893  0.075
1004  8655.98325893  0.075
1005  8655.98325893  0.075
1006  8655.98325893  0.075
1007  8655.98325893  0.075
1008  8655.98325893  0.075
1009  8655.98325893  0.075
1010  8655.98325893  0.075
1011  8655.98325893  0.075
1012  8655.98325893  0.075
1013  8655.98325893  0.075
1014  8655.98325893  0.075
1015  8655.98325893  0.075
1016  8655.98325893  0.075
1017  8655.98325893  0.075
1018  8655.98325893  0.075
1019  8655.98325893  0.075
1020  8655.98325893  0.075
1021  8655.98325893  0.075
1022  8655.98325893  0.075
1023  8655.98325893  0.075
1024  8655.98325893  0.075
1025  8655.98325893  0.075
1026  8655.98325893  0.075
1027  8655.98325893  0.075
1028  8655.98325893  0.075
1029  8655.98325893  0.075
1030  8655.98325893  0.075
1031  8655.98325893  0.075
1032  8655.98325893  0.075
1033  8655.98325893  0.075
1034  8655.98325893  0.075
1035  8655.98325893  0.075
1036  8655.98325893  0.075
1037  8655.98325893  0.075
1038  8655.98325893  0.075
1039  8655.98325893  0.075
1040  8655.98325893  0.075
1041  8655.98325893  0.075
1042  8655.98325893  0.075
1043  8655.98325893  0.075
1044  8655.98325893  0.075
1045  8655.98325893  0.075
1046  8655.98325893  0.075
1047  8655.98325893  0.075
1048  8655.98325893  0.075
1049  8655.98325893  0.075
1050  8655.98325893  0.075
1051  8655.98325893  0.075
1052  8655.98325893  0.075
1053  8655.98325893  0.075
1054  8655.98325893  0.075
1055  8655.98325893  0.075
1056  8655.98325893  0.075
1057  8655.98325893  0.075
1058  8655.98325893  0.075
1059  8655.98325893  0.075
1060  8655.98325893  0.075
1061  8655.98325893  0.075
1062  8655.98325893  0.075
1063  8655.98325893  0.075
1064  8655.98325893  0.075
1065  8655.98325893  0.075
1066  8655.98325893  0.075
1067  8655.98325893  0.075
1068  8655.98325893  0.075
1069  8655.98325893  0.075
1070  8655.98325893  0.075
1071  8655.98325893  0.075
1072  8655.98325893  0.075
1073  8655.98325893  0.075
1074  8655.98325893  0.075
1075  8655.98325893  0.075
1076  8655.98325893  0.075
1077  8655.98325893  0.075
1078  8655.98325893  0.075
1079  8655.98325893  0.075
1080  8655.98325893  0.075
1081  8655.98325893  0.075
1082  8655.98325893  0.075
1083  8655.98325893  0.075
1084  8655.98325893  0.075
1085  8655.98325893  0.075
1086  8655.98325893  0.075
1087  8655.98325893  0.075
1088  8655.98325893  0.075
1089  8655.98325893  0.075
1090  8655.98325893  0.075
1091  8655.98325893  0.075
1092  8655.98325893  0.075
1093  8655.98325893  0.075
1094  8655.98325893  0.075
1095  8655.98325893  0.075
1096  8655.98325893  0.075
1097  8655.98325893  0.075
1098  8655.98325893  0.075
1099  8655.98325893  0.075
1100  8655.98325893  0.075
1101  8655.98325893  0.075
1102  8655.98325893  0.075
1103  8655.98325893  0.075
1104  8655.98325893  0.075
1105  8655.98325893  0.075
1106  8655.98325893  0.075
1107  8655.98325893  0.075
1108  8655.98325893  0.075
1109  8655.98325893  0.075
1110  8655.98325893  0.075
1111  8655.98325893  0.075
1112  8655.98325893  0.075
1113  8655.98325893  0.075
1114  8655.98325893  0.075
1115  8655.98325893  0.075
1116  8655.98325893  0.075
1117  8655.98325893  0.075
1118  8655.98325893  0.075
1119  8655.98325893  0.075
1120  8655.98325893  0.075
1121  8655.98325893  0.075
1122  8655.98325893  0.075
1123  8655.98325893  0.075
1124  8655.98325893  0.075
1125  8655.98325893  0.075
1126  8655.98325893  0.075
1127  8655.98325893  0.075
1128  8655.98325893  0.075
1129  8655.98325893  0.075
1130  8655.98325893  0.075
1131  8655.98325893  0.075
1132  8655.98325893  0.075
1133  8655.98325893  0.075
1134  8655.98325893  0.075
1135  8655.98325893  0.075
1136  8655.98325893  0.075
1137  8655.98325893  0.075
1138  8655.98325893  0.075
1139  8655.98325893  0.075
1140  8655.98325893  0.075
1141  8655.98325893  0.075
1142  8655.98325893  0.075
1143  8655.98325893  0.075
1144  8655.98325893  0.075
1145  8655.98325893  0.075
1146  8655.98325893  0.075
1147  8655.98325893  0.075
1148  8655.98325893  0.075
1149  8655.98325893  0.075
1150  8655.98325893  0.075
1151  8655.98325893  0.075
1152  8655.98325893  0.075
1153  8655.98325893  0.075
1154  8655.98325893  0.075
1155  8655.98325893  0.075
1156  8655.98325893  0.075
1157  8655.98325893  0.075
1158  8655.98325893  0.075
1159  8655.98325893  0.075
1160  8655.98325893  0.075
1161  8655.98325893  0.075
1162  8655.98325893  0.075
1163  8655.98325893  0.075
1164  8655.98325893  0.075
1165  8655.98325893  0.075
1166  8655.98325893  0.075
1167  8655.98325893  0.075
1168  8655.98325893  0.075
1169  8655.98325893  0.075
1170  8655.98325893  0.075
1171  8655.98325893  0.075
1172  8655.98325893  0.075
1173  8655.98325893  0.075
1174  8655.98325893  0.075
1175  8655.98325893  0.075
1176  8655.98325893  0.075
1177  8655.98325893  0.075
1178  8655.98325893  0.075
1179  8655.98325893  0.075
1180  8655.98325893  0.075
1181  8655.98325893  0.075
1182  8655.98325893  0.075
1183  8655.98325893  0.075
1184  8655.98325893  0.075
1185  8655.98325893  0.075
1186  8655.98325893  0.075
1187  8655.98325893  0.075
1188  8655.98325893  0.075
1189  8655.98325893  0.075
1190  8655.98325893  0.075
1191  8655.98325893  0.075
1192  8655.98325893  0.075
1193  8655.98325893  0.075
1194  8655.98325893  0.075
1195  8655.98325893  0.075
1196  8655.98325893  0.075
1197  8655.98325893  0.075
1198  8655.98325893  0.075
1199  8655.98325893  0.075
1200  8655.98325893  0.075
1201  8655.98325893  0.075
1202  8655.98325893  0.075
1203  8655.98325893  0.075
1204  8655.98325893  0.075
1205  8655.98325893  0.075
1206  8655.98325893  0.075
1207  8655.98325893  0.075
1208  8655.98325893  0.075
1209  8655.98325893  0.075
1210  8655.98325893  0.075
1211  8655.98325893  0.075
1212  8655.98325893  0.075
1213  8655.98325893  0.075
1214  8655.98325893  0.075
1215  8655.98325893  0.075
1216  8655.98325893  0.075
1217  8655.98325893  0.075
1218  8655.98325893  0.075
1219  8655.98325893  0.075
1220  8655.98325893  0.075
1221  8655.98325893  0.075
1222  8655.98325893  0.075
1223  8655.98325893  0.075
1224  8655.98325893  0.075
1225  8655.98325893  0.075
1226  8655.98325893  0.075
1227  8655.98325893  0.075
1228  8655.98325893  0.075
1229  8655.98325893  0.075
1230  8655.98325893  0.075
1231  8655.98325893  0.075
1232  8655.98325893  0.075
1233  8655.98325893  0.075
1234  8655.98325893  0.075
1235  8655.98325893  0.075
1236  8655.98325893  0.075
1237  8655.98325893  0.075
1238  8655.98325893  0.075
1239  8655.98325893  0.075
1240  8655.98325893  0.075
1241  8655.98325893  0.075
1242  8655.98325893  0.075
1243  8655.98325893  0.075
1244  8655.98325893  0.075
1245  8655.98325893  0.075
1246  8655.98325893  0.075
1247  8655.98325893  0.075
1248  8655.98325893  0.075
1249  8655.98325893  0.075
1250  8655.98325893  0.075
1251  8655.98325893  0.075
1252  8655.98325893  0.075
1253  8655.98325893  0.075
1254  8655.98325893  0.075
1255  8655.98325893  0.075
1256  8655.98325893  0.075
1257  8655.98325893  0.075
1258  8655.98325893  0.075
1259  8655.98325893  0.075
1260  8655.98325893  0.075
1261  8655.98325893  0.075
1262  8655.98325893  0.075
1263  8655.98325893  0.075
1264  8655.98325893  0.075
1265  8655.98325893  0.075
1266  8655.98325893  0.075
1267  8655.98325893  0.075
1268  8655.98325893  0.075
1269  8655.98325893  0.075
1270  8655.98325893  0.075
1271  8655.98325893  0.075
1272  8655.98325893  0.075
1273  8655.98325893  0.075
1274  8655.98325893  0.075
1275  8655.98325893  0.075
1276  8655.98325893  0.075
1277  8655.98325893  0.075
1278  8655.98325893  0.075
1279  8655.98325893  0.075
1280  8655.98325893  0.075
1281  8655.98325893  0.075
1282  8655.98325893  0.075
1283  8655.98325893  0.075
1284  8655.98325893  0.075
1285  8655.98325893  0.075
1286  8655.98325893  0.075
1287  8655.98325893  0.075
1288  8655.98325893  0.075
1289  8655.98325893  0.075
1290  8655.98325893  0.075
1291  8655.98325893  0.075
1292  8655.98325893  0.075
1293  8655.98325893  0.075
1294  8655.98325893  0.075
1295  8655.98325893  0.075
1296  8655.98325893  0.075
1297  8655.98325893  0.075
1298  8655.98325893  0.075
1299  8655.98325893  0.075
1300  8655.98325893  0.075
1301  8655.98325893  0.075
1302  8655.98325893  0.075
1303  8655.98325893  0.075
1304  8655.98325893  0.075
1305  8655.98325893  0.075
1306  8655.98325893  0.075
1307  8655.98325893  0.075
1308  8655.98325893  0.075
1309  8655.98325893  0.075
1310  8655.98325893  0.075
1311  8655.98325893  0.075
1312  8655.98325893  0.075
1313  8655.98325893  0.075
1314  8655.98325893  0.075
1315  8655.98325893  0.075
1316  8655.98325893  0.075
1317  8655.98325893  0.075
1318  8655.98325893  0.075
1319  8655.98325893  0.075
1320  8655.98325893  0.075
1321  8655.98325893  0.075
1322  8655.98325893  0.075
1323  8655.98325893  0.075
1324  8655.98325893  0.075
1325  8655.98325893  0.075
1326  8655.98325893  0.075
1327  8655.98325893  0.075
1328  8655.98325893  0.075
1329  8655.98325893  0.075
1330  8655.98325893  0.075
1331  8655.98325893  0.075
1332  8655.98325893  0.075
1333  8655.98325893  0.075
1334  8655.98325893  0.075
1335  8655.98325893  0.075
1336  8655.98325893  0.075
1337  8655.98325893  0.075
1338  8655.98325893  0.075
1339  8655.98325893  0.075
1340  8655.98325893  0.075
1341  8655.98325893  0.075
1342  8655.98325893  0.075
1343  8655.98325893  0.075
1344  8655.98325893  0.075
1345  8655.98325893  0.075
1346  8655.98325893  0.075
1347  8655.98325893  0.075
1348  8655.98325893  0.075
1349  8655.98325893  0.075
1350  8655.98325893  0.075
1351  8655.98325893  0.075
1352  8655.98325893  0.075
1353  8655.98325893  0.075
1354  8655.98325893  0.075
1355  8655.98325893  0.075
1356  8655.98325893  0.075
1357  8655.98325893  0.075
1358  8655.98325893  0.075
1359  8655.98325893  0.075
1360  8655.98325893  0.075
1361  8655.98325893  0.075
1362  8655.98325893  0.075
1363  8655.98325893  0.075
1364  8655.98325893  0.075
1365  8655.98325893  0.075
1366  8655.98325893  0.075
1367  8655.98325893  0.075
1368  8655.98325893  0.075
1369  8655.98325893  0.075
1370  8655.98325893  0.075
1371  8655.98325893  0.075
1372  8655.98325893  0.075
1373  8655.98325893  0.075
1374  8655.98325893  0.075
1375  8655.98325893  0.075
1376  8655.98325893  0.075
1377  8655.98325893  0.075
1378  8655.98325893  0.075
1379  8655.98325893  0.075
1380  8655.98325893  0.075
1381  8655.98325893  0.075
1382  8655.98325893  0.075
1383  8655.98325893  0.075
1384  8655.98325893  0.075
1385  8655.98325893  0.075
1386  8655.98325893  0.075
1387  8655.98325893  0.075
1388  8655.98325893  0.075
1389  8655.98325893  0.075
1390  8655.98325893  0.075
1391  8655.98325893  0.075
1392  8655.98325893  0.075
1393  8655.98325893  0.075
1394  8655.98325893  0.075
1395  8655.98325893  0.075
1396  8655.98325893  0.075
1397  8655.98325893  0.075
1398  8655.98325893  0.075
1399  8655.98325893  0.075
1400  8655.98325893  0.075
1401  8655.98325893  0.075
1402  8655.98325893  0.075
1403  8655.98325893  0.075
1404  8655.98325893  0.075
1405  8655.98325893  0.075
1406  8655.98325893  0.075
1407  8655.98325893  0.075
1408  8655.98325893  0.075
1409  8655.98325893  0.075
1410  8655.98325893  0.075
1411  8655.98325893  0.075
1412  8655.98325893  0.075
1413  8655.98325893  0.075
1414  8655.98325893  0.075
1415  8655.98325893  0.075
1416  8655.98325893  0.075
1417  8655.98325893  0.075
1418  8655.98325893  0.075
1419  8655.98325893  0.075
1420  8655.98325893  0.075
1421  8655.98325893  0.075
1422  8655.98325893  0.075
1423  8655.98325893  0.075
1424  8655.98325893  0.075
1425  8655.98325893  0.075
1426  8655.98325893  0.075
1427  8655.98325893  0.075
1428  8655.98325893  0.075
1429  8655.98325893  0.075
1430  8655.98325893  0.075
1431  8655.98325893  0.075
1432  8655.98325893  0.075
1433  8655.98325893  0.075
1434  8655.98325893  0.075
1435  8655.98325893  0.075
1436  8655.98325893  0.075
1437  8655.98325893  0.075
1438  8655.98325893  0.075
1439  8655.98325893  0.075
1440  8655.98325893  0.075
1441  8655.98325893  0.075
1442  8655.98325893  0.075
1443  8655.98325893  0.075
1444  8655.98325893  0.075
1445  8655.98325893  0.075
1446  8655.98325893  0.075
1447  8655.98325893  0.075
1448  8655.98325893  0.075
1449  8655.98325893  0.075
1450  8655.98325893  0.075
1451  8655.98325893  0.075
1452  8655.98325893  0.075
1453  8655.98325893  0.075
1454  8655.98325893  0.075
1455  8655.98325893  0.075
1456  8655.98325893  0.075
1457  8655.98325893  0.075
1458  8655.98325893  0.075
1459  8655.98325893  0.075
1460  8655.98325893  0.075
1461  8655.98325893  0.075
1462  8655.98325893  0.075
1463  8655.98325893  0.075
1464  8655.98325893  0.075
1465  8655.98325893  0.075
1466  8655.98325893  0.075
1467  8655.98325893  0.075
1468  8655.98325893  0.075
1469  8655.98325893  0.075
1470  8655.98325893  0.075
1471  8655.98325893  0.075
1472  8655.98325893  0.075
1473  8655.98325893  0.075
1474  8655.98325893  0.075
1475  8655.98325893  0.075
1476  8655.98325893  0.075
1477  8655.98325893  0.075
1478  8655.98325893  0.075
1479  8655.98325893  0.075
1480  8655.98325893  0.075
1481  8655.98325893  0.075
1482  8655.98325893  0.075
1483  8655.98325893  0.075
1484  8655.98325893  0.075
1485  8655.98325893  0.075
1486  8655.98325893  0.075
1487  8655.98325893  0.075
1488  8655.98325893  0.075
1489  8655.98325893  0.075
1490  8655.98325893  0.075
1491  8655.98325893  0.075
1492  8655.98325893  0.075
1493  8655.98325893  0.075
1494  8655.98325893  0.075
1495  8655.98325893  0.075
1496  8655.98325893  0.075
1497  8655.98325893  0.075
1498  8655.98325893  0.075
1499  8655.98325893  0.075
1500  8655.98325893  0.075
1501  8655.98325893  0.075
1502  8655.98325893  0.075
1503  8655.98325893  0.075
1504  8655.98325893  0.075
1505  8655.98325893  0.075
1506  8655.98325893  0.075
1507  8655.98325893  0.075
1508  8655.98325893  0.075
1509  8655.98325893  0.075
1510  8655.98325893  0.075
1511  8655.98325893  0.075
1512  8655.98325893  0.075
1513  8655.98325893  0.075
1514  8655.98325893  0.075
1515  8655.98325893  0.075
1516  8655.98325893  0.075
1517  8655.98325893  0.075
1518  8655.98325893  0.075
1519  8655.98325893  0.075
1520  8655.98325893  0.075
1521  8655.98325893  0.075
1522  8655.98325893  0.075
1523  8655.98325893  0.075
1524  8655.98325893  0.075
1525  8655.98325893  0.075
1526  8655.98325893  0.075
1527  8655.98325893  0.075
1528  8655.98325893  0.075
1529  8655.98325893  0.075
1530  8655.98325893  0.075
1531  8655.98325893  0.075
1532  8655.98325893  0.075
1533  8655.98325893  0.075
1534  8655.98325893  0.075
1535  8655.98325893  0.075
1536  8655.98325893  0.075
1537  8655.98325893  0.075
1538  8655.98325893  0.075
1539  8655.98325893  0.075
1540  8655.98325893  0.075
1541  8655.98325893  0.075
1542  8655.98325893  0.075
1543  8655.98325893  0.075
1544  8655.98325893  0.075
1545  8655.98325893  0.075
1546  8655.98325893  0.075
1547  8655.98325893  0.075
1548  8655.98325893  0.075
1549  8655.98325893  0.075
1550  8655.98325893  0.075
1551  8655.98325893  0.075
1552  8655.98325893  0.075
1553  8655.98325893  0.075
1554  8655.98325893  0.075
1555  8655.98325893  0.075
1556  8655.98325893  0.075
1557  8655.98325893  0.075
1558  8655.98325893  0.075
1559  8655.98325893  0.075
1560  8655.98325893  0.075
1561  8655.98325893  0.075
1562  8655.98325893  0.075
1563  8655.98325893  0.075
1564  8655.98325893  0.075
1565  8655.98325893  0.075
1566  8655.98325893  0.075
1567  8655.98325893  0.075
1568  8655.98325893  0.075
1569  8655.98325893  0.075
1570  8655.98325893  0.075
1571  8655.98325893  0.075
1572  8655.98325893  0.075
1573  8655.98325893  0.075
1574  8655.98325893  0.075
1575  8655.98325893  0.075
1576  8655.98325893  0.075
1577  8655.98325893  0.075
1578  8655.98325893  0.075
1579  8655.98325893  0.075
1580  8655.98325893  0.075
1581  8655.98325893  0.075
1582  8655.98325893  0.075
1583  8655.98325893  0.075
1584  8655.98325893  0.075
1585  8655.98325893  0.075
1586  8655.98325893  0.075
1587  8655.98325893  0.075
1588  8655.98325893  0.075
1589  8655.98325893  0.075
1590  8655.98325893  0.075
1591  8655.98325893  0.075
1592  8655.98325893  0.075
1593  8655.98325893  0.075
1594  8655.98325893  0.075
1595  8655.98325893  0.075
1596  8655.98325893  0.075
1597  8655.98325893  0.075
1598  8655.98325893  0.075
1599  8655.98325893  0.075
1600  8655.98325893  0.075
1601  8655.98325893  0.075
1602  8655.98325893  0.075
1603  8655.98325893  0.075
1604  8655.98325893  0.075
1605  8655.98325893  0.075
1606  8655.98325893  0.075
1607  8655.98325893  0.075
1608  8655.98325893  0.075
1609  8655.98325893  0.075
1610  8655.98325893  0.075
1611  8655.98325893  0.075
1612  8655.98325893  0.075
1613  8655.98325893  0.075
1614  8655.98325893  0.075
1615  8655.98325893  0.075
1616  8655.98325893  0.075
1617  8655.98325893  0.075
1618  8655.98325893  0.075
1619  8655.98325893  0.075
1620  8655.98325893  0.075
1621  8655.98325893  0.075
1622  8655.98325893  0.075
1623  8655.98325893  0.075
1624  8655.98325893  0.075
1625  8655.98325893  0.075
1626  8655.98325893  0.075
1627  8655.98325893  0.075
1628  8655.98325893  0.075
1629  8655.98325893  0.075
1630  8655.98325893  0.075
1631  8655.98325893  0.075
1632  8655.98325893  0.075
1633  8655.98325893  0.075
1634  8655.98325893  0.075
1635  8655.98325893  0.075
1636  8655.98325893  0.075
1637  8655.98325893  0.075
1638  8655.98325893  0.075
1639  8655.98325893  0.075
1640  8655.98325893  0.075
1641  8655.98325893  0.075
1642  8655.98325893  0.075
1643  8655.98325893  0.075
1644  8655.98325893  0.075
1645  8655.98325893  0.075
1646  8655.98325893  0.075
1647  8655.98325893  0.075
1648  8655.98325893  0.075
1649  8655.98325893  0.075
1650  8655.98325893  0.075
1651  8655.98325893  0.075
1652  8655.98325893  0.075
1653  8655.98325893  0.075
1654  8655.98325893  0.075
1655  8655.98325893  0.075
1656  8655.98325893  0.075
1657  8655.98325893  0.075
1658  8655.98325893  0.075
1659  8655.98325893  0.075
1660  8655.98325893  0.075
1661  8655.98325893  0.075
1662  8655.98325893  0.075
1663  8655.98325893  0.075
1664  8655.98325893  0.075
1665  8655.98325893  0.075
1666  8655.98325893  0.075
1667  8655.98325893  0.075
1668  8655.98325893  0.075
1669  8655.98325893  0.075
1670  8655.98325893  0.075
1671  8655.98325893  0.075
1672  8655.98325893  0.075
1673  8655.98325893  0.075
1674  8655.98325893  0.075
1675  8655.98325893  0.075
1676  8655.98325893  0.075
1677  8655.98325893  0.075
1678  8655.98325893  0.075
1679  8655.98325893  0.075
1680  8655.98325893  0.075
1681  8655.98325893  0.075
1682  8655.98325893  0.075
1683  8655.98325893  0.075
1684  8655.98325893  0.075
1685  8655.98325893  0.075
1686  8655.98325893  0.075
1687  8655.98325893  0.075
1688  8655.98325893  0.075
1689  8655.98325893  0.075
1690  8655.98325893  0.075
1691  8655.98325893  0.075
1692  8655.98325893  0.075
1693  8655.98325893  0.075
1694  8655.98325893  0.075
1695  8655.98325893  0.075
1696  8655.98325893  0.075
1697  8655.98325893  0.075
1698  8655.98325893  0.075
1699  8655.98325893  0.075
1700  8655.98325893  0.075
1701  8655.98325893  0.075
1702  8655.98325893  0.075
1703  8655.98325893  0.075
1704  8655.98325893  0.075
1705  8655.98325893  0.075
1706  8655.98325893  0.075
1707  8655.98325893  0.075
1708  8655.98325893  0.075
1709  8655.98325893  0.075
1710  8655.98325893  0.075
1711  8655.98325893  0.075
1712  8655.98325893  0.075
1713  8655.98325893  0.075
1714  8655.98325893  0.075
1715  8655.98325893  0.075
1716  8655.98325893  0.075
1717  8655.98325893  0.075
1718  8655.98325893  0.075
1719  8655.98325893  0.075
1720  8655.98325893  0.075
1721  8655.98325893  0.075
1722  8655.98325893  0.075
1723  8655.98325893  0.075
1724  8655.98325893  0.075
1725  8655.98325893  0.075
1726  8655.98325893  0.075
1727  8655.98325893  0.075
1728  8655.98325893  0.075
1729  8655.98325893  0.075
1730  8655.98325893  0.075
1731  8655.98325893  0.075
1732  8655.98325893  0.075
1733  8655.98325893  0.075
1734  8655.98325893  0.075
1735  8655.98325893  0.075
1736  8655.98325893  0.075
1737  8655.98325893  0.075
1738  8655.98325893  0.075
1739  8655.98325893  0.075
1740  8655.98325893  0.075
1741  8655.98325893  0.075
1742  8655.98325893  0.075
1743  8655.98325893  0.075
1744  8655.98325893  0.075
1745  8655.98325893  0.075
1746  8655.98325893  0.075
1747  8655.98325893  0.075
1748  8655.98325893  0.075
1749  8655.98325893  0.075
1750  8655.98325893  0.075
1751  8655.98325893  0.075
1752  8655.98325893  0.075
1753  8655.98325893  0.075
1754  8655.98325893  0.075
1755  8655.98325893  0.075
1756  8655.98325893  0.075
1757  8655.98325893  0.075
1758  8655.98325893  0.075
1759  8655.98325893  0.075
1760  8655.98325893  0.075
1761  8655.98325893  0.075
1762  8655.98325893  0.075
1763  8655.98325893  0.075
1764  8655.98325893  0.075
1765  8655.98325893  0.075
1766  8655.98325893  0.075
1767  8655.98325893  0.075
1768  8655.98325893  0.075
1769  8655.98325893  0.075
1770  8655.98325893  0.075
1771  8655.98325893  0.075
1772  8655.98325893  0.075
1773  8655.98325893  0.075
1774  8655.98325893  0.075
1775  8655.98325893  0.075
1776  8655.98325893  0.075
1777  8655.98325893  0.075
1778  8655.98325893  0.075
1779  8655.98325893  0.075
1780  8655.98325893  0.075
1781  8655.98325893  0.075
1782  8655.98325893  0.075
1783  8655.98325893  0.075
1784  8655.98325893  0.075
1785  8655.98325893  0.075
1786  8655.98325893  0.075
1787  8655.98325893  0.075
1788  8655.98325893  0.075
1789  8655.98325893  0.075
1790  8655.98325893  0.075
1791  8655.98325893  0.075
1792  8655.98325893  0.075
1793  8655.98325893  0.075
1794  8655.98325893  0.075
1795  8655.98325893  0.075
1796  8655.98325893  0.075
1797  8655.98325893  0.075
1798  8655.98325893  0.075
1799  8655.98325893  0.075
1800  8655.98325893  0.075
1801  8655.98325893  0.075
1802  8655.98325893  0.075
1803  8655.98325893  0.075
1804  8655.98325893  0.075
1805  8655.98325893  0.075
1806  8655.98325893  0.075
1807  8655.98325893  0.075
1808  8655.98325893  0.075
1809  8655.98325893  0.075
1810  8655.98325893  0.075
1811  8655.98325893  0.075
1812  8655.98325893  0.075
1813  8655.98325893  0.075
1814  8655.98325893  0.075
1815  8655.98325893  0.075
1816  8655.98325893  0.075
1817  8655.98325893  0.075
1818  8655.98325893  0.075
1819  8655.98325893  0.075
1820  8655.98325893  0.075
1821  8655.98325893  0.075
1822  8655.98325893  0.075
1823  8655.98325893  0.075
1824  8655.98325893  0.075
1825  8655.98325893  0.075
1826  8655.98325893  0.075
1827  8655.98325893  0.075
1828  8655.98325893  0.075
1829  8655.98325893  0.075
1830  8655.98325893  0.075
1831  8655.98325893  0.075
1832  8655.98325893  0.075
1833  8655.98325893  0.075
1834  8655.98325893  0.075
1835  8655.98325893  0.075
1836  8655.98325893  0.075
1837  8655.98325893  0.075
1838  8655.98325893  0.075
1839  8655.98325893  0.075
1840  8655.98325893  0.075
1841  8655.98325893  0.075
1842  8655.98325893  0.075
1843  8655.98325893  0.075
1844  8655.98325893  0.075
1845  8655.98325893  0.075
1846  8655.98325893  0.075
1847  8655.98325893  0.075
1848  8655.98325893  0.075
1849  8655.98325893  0.075
1850  8655.98325893  0.075
1851  8655.98325893  0.075
1852  8655.98325893  0.075
1853  8655.98325893  0.075
1854  8655.98325893  0.075
1855  8655.98325893  0.075
1856  8655.98325893  0.075
1857  8655.98325893  0.075
1858  8655.98325893  0.075
1859  8655.98325893  0.075
1860  8655.98325893  0.075
1861  8655.98325893  0.075
1862  8655.98325893  0.075
1863  8655.98325893  0.075
1864  8655.98325893  0.075
1865  8655.98325893  0.075
1866  8655.98325893  0.075
1867  8655.98325893  0.075
1868  8655.98325893  0.075
1869  8655.98325893  0.075
1870  8655.98325893  0.075
1871  8655.98325893  0.075
1872  8655.98325893  0.075
1873  8655.98325893  0.075
1874  8655.98325893  0.075
1875  8655.98325893  0.075
1876  8655.98325893  0.075
1877  8655.98325893  0.075
1878  8655.98325893  0.075
1879  8655.98325893  0.075
1880  8655.98325893  0.075
1881  8655.98325893  0.075
1882  8655.98325893  0.075
1883  8655.98325893  0.075
1884  8655.98325893  0.075
1885  8655.98325893  0.075
1886  8655.98325893  0.075
1887  8655.98325893  0.075
1888  8655.98325893  0.075
1889  8655.98325893  0.075
1890  8655.98325893  0.075
1891  8655.98325893  0.075
1892  8655.98325893  0.075
1893  8655.98325893  0.075
1894  8655.98325893  0.075
1895  8655.98325893  0.075
1896  8655.98325893  0.075
1897  8655.98325893  0.075
1898  8655.98325893  0.075
1899  8655.98325893  0.075
1900  8655.98325893  0.075
1901  8655.98325893  0.075
1902  8655.98325893  0.075
1903  8655.98325893  0.075
1904  8655.98325893  0.075
1905  8655.98325893  0.075
1906  8655.98325893  0.075
1907  8655.98325893  0.075
1908  8655.98325893  0.075
1909  8655.98325893  0.075
1910  8655.98325893  0.075
1911  8655.98325893  0.075
1912  8655.98325893  0.075
1913  8655.98325893  0.075
1914  8655.98325893  0.075
1915  8655.98325893  0.075
1916  8655.98325893  0.075
1917  8655.98325893  0.075
1918  8655.98325893  0.075
1919  8655.98325893  0.075
1920  8655.98325893  0.075
1921  8655.98325893  0.075
1922  8655.98325893  0.075
1923  8655.98325893  0.075
1924  8655.98325893  0.075
1925  8655.98325893  0.075
1926  8655.98325893  0.075
1927  8655.98325893  0.075
1928  8655.98325893  0.075
1929  8655.98325893  0.075
1930  8655.98325893  0.075
1931  8655.98325893  0.075
1932  8655.98325893  0.075
1933  8655.98325893  0.075
1934  8655.98325893  0.075
1935  8655.98325893  0.075
1936  8655.98325893  0.075
1937  8655.98325893  0.075
1938  8655.98325893  0.075
1939  8655.98325893  0.075
1940  8655.98325893  0.075
1941  8655.98325893  0.075
1942  8655.98325893  0.075
1943  8655.98325893  0.075
1944  8655.98325893  0.075
1945  8655.98325893  0.075
1946  8655.98325893  0.075
1947  8655.98325893  0.075
1948  8655.98325893  0.075
1949  8655.98325893  0.075
1950  8655.98325893  0.075
1951  8655.98325893  0.075
1952  8655.98325893  0.075
1953  8655.98325893  0.075
1954  8655.98325893  0.075
1955  8655.98325893  0.075
1956  8655.98325893  0.075
1957  8655.98325893  0.075
1958  8655.98325893  0.075
1959  8655.98325893  0.075
1960  8655.98325893  0.075
1961  8655.98325893  0.075
1962  8655.98325893  0.075
1963  8655.98325893  0.075
1964  8655.98325893  0.075
1965  8655.98325893  0.075
1966  8655.98325893  0.075
1967  8655.98325893  0.075
1968  8655.98325893  0.075
1969  8655.98325893  0.075
1970  8655.98325893  0.075
1971  8655.98325893  0.075
1972  8655.98325893  0.075
1973  8655.98325893  0.075
1974  8655.98325893  0.075
1975  8655.98325893  0.075
1976  8655.98325893  0.075
1977  8655.98325893  0.075
1978  8655.98325893  0.075
1979  8655.98325893  0.075
1980  8655.98325893  0.075
1981  8655.98325893  0.075
1982  8655.98325893  0.075
1983  8655.98325893  0.075
1984  8655.98325893  0.075
1985  8655.98325893  0.075
1986  8655.98325893  0.075
1987  8655.98325893  0.075
1988  8655.98325893  0.075
1989  8655.98325893  0.075
1990  8655.98325893  0.075
1991  8655.98325893  0.075
1992  8655.98325893  0.075
1993  8655.98325893  0.075
1994  8655.98325893  0.075
1995  8655.98325893  0.075
1996  8655.98325893  0.075
1997  8655.98325893  0.075
1998  8655.98325893  0.075
1999  8655.98325893  0.075
2000  8655.98325893  0.075
2001  8655.98325893  0.075
2002  8655.98325893  0.075
2003  8655.98325893  0.075
2004  8655.98325893  0.075
2005  8655.98325893  0.075
2006  8655.98325893  0.075
2007  8655.98325893  0.075
2008  8655.98325893  0.075
2009  8655.98325893  0.075
2010  8655.98325893  0.075
2011  8655.98325893  0.075
2012  8655.98325893  0.075
2013  8655.98325893  0.075
2014  8655.98325893  0.075
2015  8655.98325893  0.075
2016  8655.98325893  0.075
2017  8655.98325893  0.075
2018  8655.98325893  0.075
2019  8655.98325893  0.075
2020  8655.98325893  0.075
2021  8655.98325893  0.075
2022  8655.98325893  0.075
2023  8655.98325893  0.075
2024  8655.98325893  0.075
2025  8655.98325893  0.075
2026  8655.98325893  0.075
2027  8655.98325893  0.075
2028  8655.98325893  0.075
2029  8655.98325893  0.075
2030  8655.98325893  0.075
2031  8655.98325893  0.075
2032  8655.98325893  0.075
2033  8655.98325893  0.075
2034  8655.98325893  0.075
2035  8655.98325893  0.075
2036  8655.98325893  0.075
2037  8655.98325893  0.075
2038  8655.98325893  0.075
2039  8655.98325893  0.075
2040  8655.98325893  0.075
2041  8655.98325893  0.075
2042  8655.98325893  0.075
2043  8655.98325893  0.075
2044  8655.98325893  0.075
2045  8655.98325893  0.075
2046  8655.98325893  0.075
2047  8655.98325893  0.075
2048  8655.98325893  0.075
2049  8655.98325893  0.075
2050  8655.98325893  0.075
2051  8655.98325893  0.075
2052  8655.98325893  0.075
2053  8655.98325893  0.075
2054  8655.98325893  0.075
2055  8655.98325893  0.075
2056  8655.98325893  0.075
2057  8655.98325893  0.075
2058  8655.98325893  0.075
2059  8655.98325893  0.075
2060  8655.98325893  0.075
2061  8655.98325893  0.075
2062  8655.98325893  0.075
2063  8655.98325893  0.075
2064  8655.98325893  0.075
2065  8655.98325893  0.075
2066  8655.98325893  0.075
2067  8655.98325893  0.075
2068  8655.98325893  0.075
2069  8655.98325893  0.075
2070  8655.98325893  0.075
2071  8655.98325893  0.075
2072  8655.98325893  0.075
2073  8655.98325893  0.075
2074  8655.98325893  0.075
2075  8655.98325893  0.075
2076  8655.98325893  0.075
2077  8655.98325893  0.075
2078  8655.98325893  0.075
2079  8655.98325893  0.075
2080  8655.98325893  0.075
2081  8655.98325893  0.075
2082  8655.98325893  0.075
2083  8655.98325893  0.075
2084  8655.98325893  0.075
2085  8655.98325893  0.075
2086  8655.98325893  0.075
2087  8655.98325893  0.075
2088  8655.98325893  0.075
2089  8655.98325893  0.075
2090  8655.98325893  0.075
2091  8655.98325893  0.075
2092  8655.98325893  0.075
2093  8655.98325893  0.075
2094  8655.98325893  0.075
2095  8655.98325893  0.075
2096  8655.98325893  0.075
2097  8655.98325893  0.075
2098  8655.98325893  0.075
2099  8655.98325893  0.075
2100  8655.98325893  0.075
2101  8655.98325893  0.075
2102  8655.98325893  0.075
2103  8655.98325893  0.075
2104  8655.98325893  0.075
2105  8655.98325893  0.075
2106  8655.98325893  0.075
2107  8655.98325893  0.075
2108  8655.98325893  0.075
2109  8655.98325893  0.075
2110  8655.98325893  0.075
2111  8655.98325893  0.075
2112  8655.98325893  0.075
2113  8655.98325893  0.075
2114  8655.98325893  0.075
2115  8655.98325893  0.075
2116  8655.98325893  0.075
2117  8655.98325893  0.075
2118  8655.98325893  0.075
2119  8655.98325893  0.075
2120  8655.98325893  0.075
2121  8655.98325893  0.075
2122  8655.98325893  0.075
2123  8655.98325893  0.075
2124  8655.98325893  0.075
2125  8655.98325893  0.075
2126  8655.98325893  0.075
2127  8655.98325893  0.075
2128  8655.98325893  0.075
2129  8655.98325893  0.075
2130  8655.98325893  0.075
2131  8655.98325893  0.075
2132  8655.98325893  0.075
2133  8655.98325893  0.075
2134  8655.98325893  0.075
2135  8655.98325893  0.075
2136  8655.98325893  0.075
2137  8655.98325893  0.075
2138  8655.98325893  0.075
2139  8655.98325893  0.075
2140  8655.98325893  0.075
2141  8655.98325893  0.075
2142  8655.98325893  0.075
2143  8655.98325893  0.075
2144  8655.98325893  0.075
2145  8655.98325893  0.075
2146  8655.98325893  0.075
2147  8655.98325893  0.075
2148  8655.98325893  0.075
2149  8655.98325893  0.075
2150  8655.98325893  0.075
2151  8655.98325893  0.075
2152  8655.98325893  0.075
2153  8655.98325893  0.075
2154  8655.98325893  0.075
2155  8655.98325893  0.075
2156  8655.98325893  0.075
2157  8655.98325893  0.075
2158  8655.98325893  0.075
2159  8655.98325893  0.075
2160  8655.98325893  0.075
2161  8655.98325893  0.075
2162  8655.98325893  0.075
2163  8655.98325893  0.075
2164  8655.98325893  0.075
2165  8655.98325893  0.075
2166  8655.98325893  0.075
2167  8655.98325893  0.075
2168  8655.98325893  0.075
2169  8655.98325893  0.075
2170  8655.98325893  0.075
2171  8655.98325893  0.075
2172  8655.98325893  0.075
2173  8655.98325893  0.075
2174  8655.98325893  0.075
2175  8655.98325893  0.075
2176  8655.98325893  0.075
2177  8655.98325893  0.075
2178  8655.98325893  0.075
2179  8655.98325893  0.075
2180  8655.98325893  0.075
2181  8655.98325893  0.075
2182  8655.98325893  0.075
2183  8655.98325893  0.075
2184  8655.98325893  0.075
2185  8655.98325893  0.075
2186  8655.98325893  0.075
2187  8655.98325893  0.075
2188  8655.98325893  0.075
2189  8655.98325893  0.075
2190  8655.98325893  0.075
2191  8655.98325893  0.075
2192  8655.98325893  0.075
2193  8655.98325893  0.075
2194  8655.98325893  0.075
2195  8655.98325893  0.075
2196  8655.98325893  0.075
2197  8655.98325893  0.075
2198  8655.98325893  0.075
2199  8655.98325893  0.075
2200  8655.98325893  0.075
2201  8655.98325893  0.075
2202  8655.98325893  0.075
2203  8655.98325893  0.075
2204  8655.98325893  0.075
2205  8655.98325893  0.075
2206  8655.98325893  0.075
2207  8655.98325893  0.075
2208  8655.98325893  0.075
2209  8655.98325893  0.075
2210  8655.98325893  0.075
2211  8655.98325893  0.075
2212  8655.98325893  0.075
2213  8655.98325893  0.075
2214  8655.98325893  0.075
2215  8655.98325893  0.075
2216  8655.98325893  0.075
2217  8655.98325893  0.075
2218  8655.98325893  0.075
2219  8655.98325893  0.075
2220  8655.98325893  0.075
2221  8655.98325893  0.075
2222  8655.98325893  0.075
2223  8655.98325893  0.075
2224  8655.98325893  0.075
2225  8655.98325893  0.075
2226  8655.98325893  0.075
2227  8655.98325893  0.075
2228  8655.98325893  0.075
2229  8655.98325893  0.075
2230  8655.98325893  0.075
2231  8655.98325893  0.075
2232  8655.98325893  0.075
2233  8655.98325893  0.075
2234  8655.98325893  0.075
2235  8655.98325893  0.075
2236  8655.98325893  0.075
2237  8655.98325893  0.075
2238  8655.98325893  0.075
2239  8655.98325893  0.075
2240  8655.98325893  0.075
2241  8655.98325893  0.075
2242  8655.98325893  0.075
2243  8655.98325893  0.075
2244  8655.98325893  0.075
2245  8655.98325893  0.075
2246  8655.98325893  0.075
2247  8655.98325893  0.075
2248  8655.98325893  0.075
2249  8655.98325893  0.075
2250  8655.98325893  0.075
2251  8655.98325893  0.075
2252  8655.98325893  0.075
2253  8655.98325893  0.075
2254  8655.98325893  0.075
2255  8655.98325893  0.075
2256  8655.98325893  0.075
2257  8655.98325893  0.075
2258  8655.98325893  0.075
2259  8655.98325893  0.075
2260  8655.98325893  0.075
2261  8655.98325893  0.075
2262  8655.98325893  0.075
2263  8655.98325893  0.075
2264  8655.98325893  0.075
2265  8655.98325893  0.075
2266  8655.98325893  0.075
2267  8655.98325893  0.075
2268  8655.98325893  0.075
2269  8655.98325893  0.075
2270  8655.98325893  0.075
2271  8655.98325893  0.075
2272  8655.98325893  0.075
2273  8655.98325893  0.075
2274  8655.98325893  0.075
2275  8655.98325893  0.075
2276  8655.98325893  0.075
2277  8655.98325893  0.075
2278  8655.98325893  0.075
2279  8655.98325893  0.075
2280  8655.98325893  0.075
2281  8655.98325893  0.075
2282  8655.98325893  0.075
2283  8655.98325893  0.075
2284  8655.98325893  0.075
2285  8655.98325893  0.075
2286  8655.98325893  0.075
2287  8655.98325893  0.075
2288  8655.98325893  0.075
2289  8655.98325893  0.075
2290  8655.98325893  0.075
2291  8655.98325893  0.075
2292  8655.98325893  0.075
2293  8655.98325893  0.075
2294  8655.98325893  0.075
2295  8655.98325893  0.075
2296  8655.98325893  0.075
2297  8655.98325893  0.075
2298  8655.98325893  0.075
2299  8655.98325893  0.075
2300  8655.98325893  0.075
2301  8655.98325893  0.075
2302  8655.98325893  0.075
2303  8655.98325893  0.075
2304  8655.98325893  0.075
2305  8655.98325893  0.075
2306  8655.98325893  0.075
2307  8655.98325893  0.075
2308  8655.98325893  0.075
2309  8655.98325893  0.075
2310  8655.98325893  0.075
2311  8655.98325893  0.075
2312  8655.98325893  0.075
2313  8655.98325893  0.075
2314  8655.98325893  0.075
2315  8655.98325893  0.075
2316  8655.98325893  0.075
2317  8655.98325893  0.075
2318  8655.98325893  0.075
2319  8655.98325893  0.075
2320  8655.98325893  0.075
2321  8655.98325893  0.075
2322  8655.98325893  0.075
2323  8655.98325893  0.075
2324  8655.98325893  0.075
2325  8655.98325893  0.075
2326  8655.98325893  0.075
2327  8655.98325893  0.075
2328  8655.98325893  0.075
2329  8655.98325893  0.075
2330  8655.98325893  0.075
2331  8655.98325893  0.075
2332  8655.98325893  0.075
2333  8655.98325893  0.075
2334  8655.98325893  0.075
2335  8655.98325893  0.075
2336  8655.98325893  0.075
2337  8655.98325893  0.075
2338  8655.98325893  0.075
2339  8655.98325893  0.075
2340  8655.98325893  0.075
2341  8655.98325893  0.075
2342  8655.98325893  0.075
2343  8655.98325893  0.075
2344  8655.98325893  0.075
2345  8655.98325893  0.075
2346  8655.98325893  0.075
2347  8655.98325893  0.075
2348  8655.98325893  0.075
2349  8655.98325893  0.075
2350  8655.98325893  0.075
2351  8655.98325893  0.075
2352  8655.98325893  0.075
2353  8655.98325893  0.075
2354  8655.98325893  0.075
2355  8655.98325893  0.075
2356  8655.98325893  0.075
2357  8655.98325893  0.075
2358  8655.98325893  0.075
2359  8655.98325893  0.075
2360  8655.98325893  0.075
2361  8655.98325893  0.075
2362  8655.98325893  0.075
2363  8655.98325893  0.075
2364  8655.98325893  0.075
2365  8655.98325893  0.075
2366  8655.98325893  0.075
2367  8655.98325893  0.075
2368  8655.98325893  0.075
2369  8655.98325893  0.075
2370  8655.98325893  0.075
2371  8655.98325893  0.075
2372  8655.98325893  0.075
2373  8655.98325893  0.075
2374  8655.98325893  0.075
2375  8655.98325893  0.075
2376  8655.98325893  0.075
2377  8655.98325893  0.075
2378  8655.98325893  0.075
2379  8655.98325893  0.075
2380  8655.98325893  0.075
2381  8655.98325893  0.075
2382  8655.98325893  0.075
2383  8655.98325893  0.075
2384  8655.98325893  0.075
2385  8655.98325893  0.075
2386  8655.98325893  0.075
2387  8655.98325893  0.075
2388  8655.98325893  0.075
2389  8655.98325893  0.075
2390  8655.98325893  0.075
2391  8655.98325893  0.075
2392  8655.98325893  0.075
2393  8655.98325893  0.075
2394  8655.98325893  0.075
2395  8655.98325893  0.075
2396  8655.98325893  0.075
2397  8655.98325893  0.075
2398  8655.98325893  0.075
2399  8655.98325893  0.075
2400  8655.98325893  0.075
2401  8655.98325893  0.075
2402  8655.98325893  0.075
2403  8655.98325893  0.075
2404  8655.98325893  0.075
2405  8655.98325893  0.075
2406  8655.98325893  0.075
2407  8655.98325893  0.075
2408  8655.98325893  0.075
2409  8655.98325893  0.075
2410  8655.98325893  0.075
2411  8655.98325893  0.075
2412  8655.98325893  0.075
2413  8655.98325893  0.075
2414  8655.98325893  0.075
2415  8655.98325893  0.075
2416  8655.98325893  0.075
2417  8655.98325893  0.075
2418  8655.98325893  0.075
2419  8655.98325893  0.075
2420  8655.98325893  0.075
2421  8655.98325893  0.075
2422  8655.98325893  0.075
2423  8655.98325893  0.075
2424  8655.98325893  0.075
2425  8655.98325893  0.075
2426  8655.98325893  0.075
2427  8655.98325893  0.075
2428  8655.98325893  0.075
2429  8655.98325893  0.075
2430  8655.98325893  0.075
2431  8655.98325893  0.075
2432  8655.98325893  0.075
2433  8655.98325893  0.075
2434  8655.98325893  0.075
2435  8655.98325893  0.075
2436  8655.98325893  0.075
2437  8655.98325893  0.075
2438  8655.98325893  0.075
2439  8655.98325893  0.075
2440  8655.98325893  0.075
2441  8655.98325893  0.075
2442  8655.98325893  0.075
2443  8655.98325893  0.075
2444  8655.98325893  0.075
2445  8655.98325893  0.075
2446  8655.98325893  0.075
2447  8655.98325893  0.075
2448  8655.98325893  0.075
2449  8655.98325893  0.075
2450  8655.98325893  0.075
2451  8655.98325893  0.075
2452  8655.98325893  0.075
2453  8655.98325893  0.075
2454  8655.98325893  0.075
2455  8655.98325893  0.075
2456  8655.98325893  0.075
2457  8655.98325893  0.075
2458  8655.98325893  0.075
2459  8655.98325893  0.075
2460  8655.98325893  0.075
2461  8655.98325893  0.075
2462  8655.98325893  0.075
2463  8655.98325893  0.075
2464  8655.98325893  0.075
2465  8655.98325893  0.075
2466  8655.98325893  0.075
2467  8655.98325893  0.075
2468  8655.98325893  0.075
2469  8655.98325893  0.075
2470  8655.98325893  0.075
2471  8655.98325893  0.075
2472  8655.98325893  0.075
2473  8655.98325893  0.075
2474  8655.98325893  0.075
2475  8655.98325893  0.075
2476  8655.98325893  0.075
2477  8655.98325893  0.075
2478  8655.98325893  0.075
2479  8655.98325893  0.075
2480  8655.98325893  0.075
2481  8655.98325893  0.075
2482  8655.98325893  0.075
2483  8655.98325893  0.075
2484  8655.98325893  0.075
2485  8655.98325893  0.075
2486  8655.98325893  0.075
2487  8655.98325893  0.075
2488  8655.98325893  0.075
2489  8655.98325893  0.075
2490  8655.98325893  0.075
2491  8655.98325893  0.075
2492  8655.98325893  0.075
2493  8655.98325893  0.075
2494  8655.98325893  0.075
2495  8655.98325893  0.075
2496  8655.98325893  0.075
2497  8655.98325893  0.075
2498  8655.98325893  0.075
2499  8655.98325893  0.075
2500  8655.98325893  0.075
2501  8655.98325893  0.075
2502  8655.98325893  0.075
2503  8655.98325893  0.075
2504  8655.98325893  0.075
2505  8655.98325893  0.075
2506  8655.98325893  0.075
2507  8655.98325893  0.075
2508  8655.98325893  0.075
2509  8655.98325893  0.075
2510  8655.98325893  0.075
2511  8655.98325893  0.075
2512  8655.98325893  0.075
2513  8655.98325893  0.075
2514  8655.98325893  0.075
2515  8655.98325893  0.075
2516  8655.98325893  0.075
2517  8655.98325893  0.075
2518  8655.98325893  0.075
2519  8655.98325893  0.075
2520  8655.98325893  0.075
2521  8655.98325893  0.075
2522  8655.98325893  0.075
2523  8655.98325893  0.075
2524  8655.98325893  0.075
2525  8655.98325893  0.075
2526  8655.98325893  0.075
2527  8655.98325893  0.075
2528  8655.98325893  0.075
2529  8655.98325893  0.075
2530  8655.98325893  0.075
2531  8655.98325893  0.075
2532  8655.98325893  0.075
2533  8655.98325893  0.075
2534  8655.98325893  0.075
2535  8655.98325893  0.075
2536  8655.98325893  0.075
2537  8655.98325893  0.075
2538  8655.98325893  0.075
2539  8655.98325893  0.075
2540  8655.98325893  0.075
2541  8655.98325893  0.075
2542  8655.98325893  0.075
2543  8655.98325893  0.075
2544  8655.98325893  0.075
2545  8655.98325893  0.075
2546  8655.98325893  0.075
2547  8655.98325893  0.075
2548  8655.98325893  0.075
2549  8655.98325893  0.075
2550  8655.98325893  0.075
2551  8655.98325893  0.075
2552  8655.98325893  0.075
2553  8655.98325893  0.075
2554  8655.98325893  0.075
2555  8655.98325893  0.075
2556  8655.98325893  0.075
2557  8655.98325893  0.075
2558  8655.98325893  0.075
2559  8655.98325893  0.075
2560  8655.98325893  0.075
2561  8655.98325893  0.075
2562  8655.98325893  0.075
2563  8655.98325893  0.075
2564  8655.98325893  0.075
2565  8655.98325893  0.075
2566  8655.98325893  0.075
2567  8655.98325893  0.075
2568  8655.98325893  0.075
2569  8655.98325893  0.075
2570  8655.98325893  0.075
2571  8655.98325893  0.075
2572  8655.98325893  0.075
2573  8655.98325893  0.075
2574  8655.98325893  0.075
2575  8655.98325893  0.075
2576  8655.98325893  0.075
2577  8655.98325893  0.075
2578  8655.98325893  0.075
2579  8655.98325893  0.075
2580  8655.98325893  0.075
2581  8655.98325893  0.075
2582  8655.98325893  0.075
2583  8655.98325893  0.075
2584  8655.98325893  0.075
2585  8655.98325893  0.075
2586  8655.98325893  0.075
2587  8655.98325893  0.075
2588  8655.98325893  0.075
2589  8655.98325893  0.075
2590  8655.98325893  0.075
2591  8655.98325893  0.075
2592  8655.98325893  0.075
2593  8655.98325893  0.075
2594  8655.98325893  0.075
2595  8655.98325893  0.075
2596  8655.98325893  0.075
2597  8655.98325893  0.075
2598  8655.98325893  0.075
2599  8655.98325893  0.075
2600  8655.98325893  0.075
2601  8655.98325893  0.075
2602  8655.98325893  0.075
2603  8655.98325893  0.075
2604  8655.98325893  0.075
2605  8655.98325893  0.075
2606  8655.98325893  0.075
2607  8655.98325893  0.075
2608  8655.98325893  0.075
2609  8655.98325893  0.075
2610  8655.98325893  0.075
2611  8655.98325893  0.075
2612  8655.98325893  0.075
2613  8655.98325893  0.075
2614  8655.98325893  0.075
2615  8655.98325893  0.075
2616  8655.98325893  0.075
2617  8655.98325893  0.075
2618  8655.98325893  0.075
2619  8655.98325893  0.075
2620  8655.98325893  0.075
2621  8655.98325893  0.075
2622  8655.98325893  0.075
2623  8655.98325893  0.075
2624  8655.98325893  0.075
2625  8655.98325893  0.075
2626  8655.98325893  0.075
2627  8655.98325893  0.075
2628  8655.98325893  0.075
2629  8655.98325893  0.075
2630  8655.98325893  0.075
2631  8655.98325893  0.075
2632  8655.98325893  0.075
2633  8655.98325893  0.075
2634  8655.98325893  0.075
2635  8655.98325893  0.075
2636  8655.98325893  0.075
2637  8655.98325893  0.075
2638  8655.98325893  0.075
2639  8655.98325893  0.075
2640  8655.98325893  0.075
2641  8655.98325893  0.075
2642  8655.98325893  0.075
2643  8655.98325893  0.075
2644  8655.98325893  0.075
2645  8655.98325893  0.075
2646  8655.98325893  0.075
2647  8655.98325893  0.075
2648  8655.98325893  0.075
2649  8655.98325893  0.075
2650  8655.98325893  0.075
2651  8655.98325893  0.075
2652  8655.98325893  0.075
2653  8655.98325893  0.075
2654  8655.98325893  0.075
2655  8655.98325893  0.075
2656  8655.98325893  0.075
2657  8655.98325893  0.075
2658  8655.98325893  0.075
2659  8655.98325893  0.075
2660  8655.98325893  0.075
2661  8655.98325893  0.075
2662  8655.98325893  0.075
2663  8655.98325893  0.075
2664  8655.98325893  0.075
2665  8655.98325893  0.075
2666  8655.98325893  0.075
2667  8655.98325893  0.075
2668  8655.98325893  0.075
2669  8655.98325893  0.075
2670  8655.98325893  0.075
2671  8655.98325893  0.075
2672  8655.98325893  0.075
2673  8655.98325893  0.075
2674  8655.98325893  0.075
2675  8655.98325893  0.075
2676  8655.98325893  0.075
2677  8655.98325893  0.075
2678  8655.98325893  0.075
2679  8655.98325893  0.075
2680  8655.98325893  0.075
2681  8655.98325893  0.075
2682  8655.98325893  0.075
2683  8655.98325893  0.075
2684  8655.98325893  0.075
2685  8655.98325893  0.075
2686  8655.98325893  0.075
2687  8655.98325893  0.075
2688  8655.98325893  0.075
2689  8655.98325893  0.075
2690  8655.98325893  0.075
2691  8655.98325893  0.075
2692  8655.98325893  0.075
2693  8655.98325893  0.075
2694  8655.98325893  0.075
2695  8655.98325893  0.075
2696  8655.98325893  0.075
2697  8655.98325893  0.075
2698  8655.98325893  0.075
2699  8655.98325893  0.075
2700  8655.98325893  0.075
2701  8655.98325893  0.075
2702  8655.98325893  0.075
2703  8655.98325893  0.075
2704  8655.98325893  0.075
2705  8655.98325893  0.075
2706  8655.98325893  0.075
2707  8655.98325893  0.075
2708  8655.98325893  0.075
2709  8655.98325893  0.075
2710  8655.98325893  0.075
2711  8655.98325893  0.075
2712  8655.98325893  0.075
2713  8655.98325893  0.075
2714  8655.98325893  0.075
2715  8655.98325893  0.075
2716  8655.98325893  0.075
2717  8655.98325893  0.075
2718  8655.98325893  0.075
2719  8655.98325893  0.075
2720  8655.98325893  0.075
2721  8655.98325893  0.075
2722  8655.98325893  0.075
2723  8655.98325893  0.075
2724  8655.98325893  0.075
2725  8655.98325893  0.075
2726  8655.98325893  0.075
2727  8655.98325893  0.075
2728  8655.98325893  0.075
2729  8655.98325893  0.075
2730  8655.98325893  0.075
2731  8655.98325893  0.075
2732  8655.98325893  0.075
2733  8655.98325893  0.075
2734  8655.98325893  0.075
2735  8655.98325893  0.075
2736  8655.98325893  0.075
2737  8655.98325893  0.075
2738  8655.98325893  0.075
2739  8655.98325893  0.075
2740  8655.98325893  0.075
2741  8655.98325893  0.075
2742  8655.98325893  0.075
2743  8655.98325893  0.075
2744  8655.98325893  0.075
2745  8655.98325893  0.075
2746  8655.98325893  0.075
2747  8655.98325893  0.075
2748  8655.98325893  0.075
2749  8655.98325893  0.075
2750  8655.98325893  0.075
2751  8655.98325893  0.075
2752  8655.98325893  0.075
2753  8655.98325893  0.075
2754  8655.98325893  0.075
2755  8655.98325893  0.075
2756  8655.98325893  0.075
2757  8655.98325893  0.075
2758  8655.98325893  0.075
2759  8655.98325893  0.075
2760  8655.98325893  0.075
2761  8655.98325893  0.075
2762  8655.98325893  0.075
2763  8655.98325893  0.075
2764  8655.98325893  0.075
2765  8655.98325893  0.075
2766  8655.98325893  0.075
2767  8655.98325893  0.075
2768  8655.98325893  0.075
2769  8655.98325893  0.075
2770  8655.98325893  0.075
2771  8655.98325893  0.075
2772  8655.98325893  0.075
2773  8655.98325893  0.075
2774  8655.98325893  0.075
2775  8655.98325893  0.075
2776  8655.98325893  0.075
2777  8655.98325893  0.075
2778  8655.98325893  0.075
2779  8655.98325893  0.075
2780  8655.98325893  0.075
2781  8655.98325893  0.075
2782  8655.98325893  0.075
2783  8655.98325893  0.075
2784  8655.98325893  0.075
2785  8655.98325893  0.075
2786  8655.98325893  0.075
2787  8655.98325893  0.075
2788  8655.98325893  0.075
2789  8655.98325893  0.075
2790  8655.98325893  0.075
2791  8655.98325893  0.075
2792  8655.98325893  0.075
2793  8655.98325893  0.075
2794  8655.98325893  0.075
2795  8655.98325893  0.075
2796  8655.98325893  0.075
2797  8655.98325893  0.075
2798  8655.98325893  0.075
2799  8655.98325893  0.075
2800  8655.98325893  0.075
2801  8655.98325893  0.075
2802  8852.31473633  0.065
2803  8851.53808368  0.065
2804  8851.00297157  0.065
2805  8850.63328224  0.065
2806  8850.37716961  0.065
2807  8850.19923983  0.065
2808  8850.07527316  0.065
2809  8849.98865521  0.065
2810  8849.92795941  0.065
2811  8849.88530629  0.065
2812  8849.8552475  0.065
2813  8849.83400525  0.065
2814  8849.81895264  0.065
2815  8849.8082578  0.065
2816  8849.80063965  0.065
2817  8849.79519967  0.065
2818  8849.79130587  0.065
2819  8849.7885125  0.065
2820  8849.78650427  0.065
2821  8849.78505756  0.065
2822  8849.78401338  0.065
2823  8849.78325838  0.065
2824  8849.78271157  0.065
2825  8849.78231491  0.065
2826  8849.78202676  0.065
2827  8849.78181716  0.065
2828  8849.7816645  0.065
2829  8849.78155319  0.065
2830  8849.78147194  0.065
2831  8849.78141259  0.065
2832  8849.78136918  0.065
2833  8849.78133741  0.065
2834  8849.78131415  0.065
2835  8849.7812971  0.065
2836  8849.78128459  0.065
2837  8849.78127542  0.065
2838  8849.78126869  0.065
2839  8849.78126374  0.065
2840  8849.78126011  0.065
2841  8849.78125744  0.065
2842  8849.78125547  0.065
2843  8849.78125403  0.065
2844  8849.78125297  0.065
2845  8849.78125218  0.065
2846  8849.78125161  0.065
2847  8849.78125118  0.065
2848  8849.78125087  0.065
2849  8849.78125064  0.065
2850  8849.78125047  0.065
2851  8849.78125035  0.065
2852  8849.78125026  0.065
2853  8849.78125019  0.065
2854  8849.78125014  0.065
2855  8849.7812501  0.065
2856  8849.78125008  0.065
2857  8849.78125006  0.065
2858  8849.78125004  0.065
2859  8849.78125003  0.065
2860  8849.78125002  0.065
2861  8849.78125002  0.065
2862  8849.78125001  0.065
2863  8849.78125001  0.065
2864  8849.78125001  0.065
2865  8849.78125  0.065
2866  8849.78125  0.065
2867  8849.78125  0.065
2868  8849.78125  0.065
2869  8849.78125  0.065
2870  8849.78125  0.065
2871  8849.78125  0.065
2872  8849.78125  0.065
2873  8849.78125  0.065
2874  8849.78125  0.065
2875  8849.78125  0.065
2876  8849.78125  0.065
2877  8849.78125  0.065
2878  8849.78125  0.065
2879  8849.78125  0.065
2880  8849.78125  0.065
2881  8849.78125  0.065
2882  8849.78125  0.065
2883  8849.78125  0.065
2884  8849.78125  0.065
2885  8849.78125  0.065
2886  8849.78125  0.065
2887  8849.78125  0.065
2888  8849.78125  0.065
2889  8849.78125  0.065
2890  8849.78125  0.065
2891  8849.78125  0.065
2892  8849.78125  0.065
2893  8849.78125  0.065
2894  8849.78125  0.065
2895  8849.78125  0.065
2896  8849.78125  0.065
2897  8849.78125  0.065
2898  8849.78125  0.065
2899  8849.78125  0.065
2900  8849.78125  0.065
2901  8849.78125  0.065
2902  8849.78125  0.065
2903  8849.78125  0.065
2904  8849.78125  0.065
2905  8849.78125  0.065
2906  8849.78125  0.065
2907  8849.78125  0.065
2908  8849.78125  0.065
2909  8849.78125  0.065
2910  8849.78125  0.065
2911  8849.78125  0.065
2912  8849.78125  0.065
2913  8849.78125  0.065
2914  8849.78125  0.065
2915  8849.78125  0.065
2916  8849.78125  0.065
2917  8849.78125  0.065
2918  8849.78125  0.065
2919  8849.78125  0.065
2920  8849.78125  0.065
2921  8849.78125  0.065
2922  8849.78125  0.065
2923  8849.78125  0.065
2924  8849.78125  0.065
2925  8849.78125  0.065
2926  8849.78125  0.065
2927  8849.78125  0.065
2928  8849.78125  0.065
2929  8849.78125  0.065
2930  8849.78125  0.065
2931  8849.78125  0.065
2932  8849.78125  0.065
2933  8849.78125  0.065
2934  8849.78125  0.065
2935  8849.78125  0.065
2936  8849.78125  0.065
2937  8849.78125  0.065
2938  8849.78125  0.065
2939  8849.78125  0.065
2940  8849.78125  0.065
2941  8849.78125  0.065
2942  8849.78125  0.065
2943  8849.78125  0.065
2944  8849.78125  0.065
2945  8849.78125  0.065
2946  8849.78125  0.065
2947  8849.78125  0.065
2948  8849.78125  0.065
2949  8849.78125  0.065
2950  8849.78125  0.065
2951  8849.78125  0.065
2952  8849.78125  0.065
2953  8849.78125  0.065
2954  8849.78125  0.065
2955  8849.78125  0.065
2956  8849.78125  0.065
2957  8849.78125  0.065
2958  8849.78125  0.065
2959  8849.78125  0.065
2960  8849.78125  0.065
2961  8849.78125  0.065
2962  8849.78125  0.065
2963  8849.78125  0.065
2964  8849.78125  0.065
2965  8849.78125  0.065
2966  8849.78125  0.065
2967  8849.78125  0.065
2968  8849.78125  0.065
2969  8849.78125  0.065
2970  8849.78125  0.065
2971  8849.78125  0.065
2972  8849.78125  0.065
2973  8849.78125  0.065
2974  8849.78125  0.065
2975  8849.78125  0.065
2976  8849.78125  0.065
2977  8849.78125  0.065
2978  8849.78125  0.065
2979  8849.78125  0.065
2980  8849.78125  0.065
2981  8849.78125  0.065
2982  8849.78125  0.065
2983  8849.78125  0.065
2984  8849.78125  0.065
2985  8849.78125  0.065
2986  8849.78125  0.065
2987  8849.78125  0.065
2988  8849.78125  0.065
2989  8849.78125  0.065
2990  8849.78125  0.065
2991  8849.78125  0.065
2992  8849.78125  0.065
2993  8849.78125  0.065
2994  8849.78125  0.065
2995  8849.78125  0.065
2996  8849.78125  0.065
2997  8849.78125  0.065
2998  8849.78125  0.065
2999  8849.78125  0.065
#[-9, -3, 3, 5, 6, 6, 6, 6, 6, 6, 6, 6, 6, 6, 6, 6, 6, 6, 6, 9]
#[6, 6, 6, 6, 6, 6, 6, 6, 6, 6, 6, 6, 6, 6, 6, 6, 6, 6, 6, 9]
#[4, 6, 6, 6, 6, 6, 6, 6, 6, 6, 6, 6, 6, 6, 6, 6, 6, 6, 6, 8]
#[-9, -6, 6, 6, 6, 6, 6, 6, 6, 6, 6, 6, 6, 6, 6, 6, 6, 6, 6, 6]
#[-9, -4, 1, 6, 6, 6, 6, 6, 6, 6, 6, 6, 6, 6, 6, 6, 6, 6, 6, 6]
#[-8, -8, -5, 6, 6, 6, 6, 6, 6, 6, 6, 6, 6, 6, 6, 6, 6, 6, 6, 6]
#[-7, 6, 6, 6, 6, 6, 6, 6, 6, 6, 6, 6, 6, 6, 6, 6, 6, 6, 6, 8]
#[-7, 1, 6, 6, 6, 6, 6, 6, 6, 6, 6, 6, 6, 6, 6, 6, 6, 6, 6, 7]
#[-8, -3, 6, 6, 6, 6, 6, 6, 6, 6, 6, 6, 6, 6, 6, 6, 6, 8, 9, 9]
#Specialization index= [1, 6, 0.12337662337662338]
