#[4, 5, 5, 3, 2, 6, 5, 6, 1, 1]
#[4, 5, 6, 7, 0, 9, 5, 8, 7, 8]
#[6, 8, 5, 7, 4, 1, 0, 5, 8, 5]
#[4, 9, 3, 9, 6, 4, 8, 1, 0, 3]
#[2, 7, 8, 7, 6, 8, 9, 4, 7, 6]
#[1, 8, 8, 7, 3, 4, 0, 9, 9, 7]
#[5, 6, 7, 2, 9, 6, 4, 8, 2, 4]
#[4, 6, 1, 0, 8, 0, 1, 1, 6, 5]
#[2, 4, 1, 6, 8, 7, 8, 9, 3, 7]
0  3546.0  0.0
1  4169.91945312  0.06
2  4169.34382227  0.06
3  4168.9498465  0.06
4  4168.67953006  0.06
5  4168.49358115  0.06
6  4168.36532759  0.06
7  4168.27662609  0.06
8  4168.21510787  0.06
9  4168.17232137  0.06
10  4168.14247768  0.06
11  4168.12160173  0.06
12  4168.10695684  0.06
13  4168.09665386  0.06
14  4168.08938509  0.06
15  4168.08424277  0.06
16  4168.08059501  0.06
17  4168.07800065  0.06
18  4168.07615082  0.06
19  4168.07482864  0.06
20  4168.0738814  0.06
21  4168.07320129  0.06
22  4168.07271193  0.06
23  4168.07235914  0.06
24  4168.07210433  0.06
25  4168.07191996  0.06
26  4168.07178634  0.06
27  4168.07168936  0.06
28  4168.07161887  0.06
29  4168.07156757  0.06
30  4168.0715302  0.06
31  4168.07150293  0.06
32  4168.07148302  0.06
33  4168.07146847  0.06
34  4168.07145782  0.06
35  4168.07145003  0.06
36  4168.07144432  0.06
37  4168.07144014  0.06
38  4168.07143707  0.06
39  4168.07143482  0.06
40  4168.07143316  0.06
41  4168.07143195  0.06
42  4168.07143106  0.06
43  4168.0714304  0.06
44  4168.07142992  0.06
45  4168.07142956  0.06
46  4168.0714293  0.06
47  4168.07142911  0.06
48  4168.07142897  0.06
49  4168.07142886  0.06
50  4168.07142879  0.06
51  4168.07142873  0.06
52  4168.07142869  0.06
53  4168.07142866  0.06
54  4168.07142863  0.06
55  4168.07142862  0.06
56  4168.07142861  0.06
57  4168.0714286  0.06
58  4168.07142859  0.06
59  4168.07142859  0.06
60  4168.07142858  0.06
61  4168.07142858  0.06
62  4168.07142858  0.06
63  4168.07142858  0.06
64  4168.07142857  0.06
65  4168.07142857  0.06
66  4168.07142857  0.06
67  4168.07142857  0.06
68  4168.07142857  0.06
69  4168.07142857  0.06
70  4168.07142857  0.06
71  4168.07142857  0.06
72  4168.07142857  0.06
73  4168.07142857  0.06
74  4168.07142857  0.06
75  4168.07142857  0.06
76  4168.07142857  0.06
77  4168.07142857  0.06
78  4168.07142857  0.06
79  4168.07142857  0.06
80  4168.07142857  0.06
81  4168.07142857  0.06
82  4168.07142857  0.06
83  4168.07142857  0.06
84  4168.07142857  0.06
85  4168.07142857  0.06
86  4168.07142857  0.06
87  4168.07142857  0.06
88  4168.07142857  0.06
89  4168.07142857  0.06
90  4168.07142857  0.06
91  4168.07142857  0.06
92  4168.07142857  0.06
93  4168.07142857  0.06
94  4168.07142857  0.06
95  4168.07142857  0.06
96  4168.07142857  0.06
97  4168.07142857  0.06
98  4168.07142857  0.06
99  4168.07142857  0.06
100  4168.07142857  0.06
101  4168.07142857  0.06
102  4168.07142857  0.06
103  4168.07142857  0.06
104  4168.07142857  0.06
105  4168.07142857  0.06
106  4168.07142857  0.06
107  4168.07142857  0.06
108  4168.07142857  0.06
109  4168.07142857  0.06
110  4168.07142857  0.06
111  4168.07142857  0.06
112  4168.07142857  0.06
113  4168.07142857  0.06
114  4168.07142857  0.06
115  4243.3098125  0.16
116  4245.78448449  0.16
117  4247.5429507  0.16
118  4248.79229391  0.16
119  4249.68147581  0.16
120  4250.31626828  0.16
121  4250.77125015  0.16
122  4251.09884178  0.16
123  4251.33587118  0.16
124  4251.5082479  0.16
125  4251.63424996  0.16
126  4251.72681934  0.16
127  4251.79516007  0.16
128  4251.84584968  0.16
129  4251.88361303  0.16
130  4251.91186228  0.16
131  4251.93307487  0.16
132  4251.94905917  0.16
133  4251.96114208  0.16
134  4251.97030209  0.16
135  4251.97726421  0.16
136  4251.98256804  0.16
137  4251.98661689  0.16
138  4251.98971338  0.16
139  4251.99208535  0.16
140  4251.99390491  0.16
141  4251.99530249  0.16
142  4251.99637712  0.16
143  4251.99720424  0.16
144  4251.99784139  0.16
145  4251.99833257  0.16
146  4251.99871147  0.16
147  4251.99900393  0.16
148  4251.99922977  0.16
149  4251.99940425  0.16
150  4251.99953909  0.16
151  4251.99964334  0.16
152  4251.99972396  0.16
153  4251.99978633  0.16
154  4251.99983458  0.16
155  4251.99987192  0.16
156  4251.99990082  0.16
157  4251.99992319  0.16
158  4251.99994051  0.16
159  4251.99995392  0.16
160  4251.99996431  0.16
161  4251.99997235  0.16
162  4251.99997858  0.16
163  4251.99998341  0.16
164  4251.99998715  0.16
165  4251.99999004  0.16
166  4251.99999228  0.16
167  4251.99999402  0.16
168  4251.99999537  0.16
169  4251.99999641  0.16
170  4251.99999722  0.16
171  4251.99999784  0.16
172  4251.99999833  0.16
173  4251.99999871  0.16
174  4251.999999  0.16
175  4251.99999922  0.16
176  4354.0  0.1
177  4354.0  0.1
178  4354.0  0.1
179  4354.0  0.1
180  4354.0  0.1
181  4354.0  0.1
182  4354.0  0.1
183  4354.0  0.1
184  4354.0  0.1
185  4354.0  0.1
186  4354.0  0.1
187  4354.0  0.1
188  4354.0  0.1
189  4354.0  0.1
190  4354.0  0.1
191  4354.0  0.1
192  4354.0  0.1
193  4354.0  0.1
194  4354.0  0.1
195  4354.0  0.1
196  4354.0  0.1
197  4354.0  0.1
198  4354.0  0.1
199  4354.0  0.1
200  4354.0  0.1
201  4354.0  0.1
202  4354.0  0.1
203  4354.0  0.1
204  4354.0  0.1
205  4354.0  0.1
206  4354.0  0.1
207  4354.0  0.1
208  4354.0  0.1
209  4354.0  0.1
210  4354.0  0.1
211  4354.0  0.1
212  4354.0  0.1
213  4354.0  0.1
214  4354.0  0.1
215  4354.0  0.1
216  4354.0  0.1
217  4354.0  0.1
218  4354.0  0.1
219  4354.0  0.1
220  4354.0  0.1
221  4354.0  0.1
222  4354.0  0.1
223  4354.0  0.1
224  4354.0  0.1
225  4354.0  0.1
226  4354.0  0.1
227  4354.0  0.1
228  4354.0  0.1
229  4354.0  0.1
230  4354.0  0.1
231  4354.0  0.1
232  4354.0  0.1
233  4354.0  0.1
234  4354.0  0.1
235  4354.0  0.1
236  4354.0  0.1
237  4354.0  0.1
238  4354.0  0.1
239  4354.0  0.1
240  4354.0  0.1
241  4354.0  0.1
242  4354.0  0.1
243  4354.0  0.1
244  4354.0  0.1
245  4354.0  0.1
246  4354.0  0.1
247  4354.0  0.1
248  4354.0  0.1
249  4354.0  0.1
250  4354.0  0.1
251  4354.0  0.1
252  4354.0  0.1
253  4354.0  0.1
254  4354.0  0.1
255  4354.0  0.1
256  4354.0  0.1
257  4354.0  0.1
258  4354.0  0.1
259  4354.0  0.1
260  4354.0  0.1
261  4354.0  0.1
262  4354.0  0.1
263  4354.0  0.1
264  4354.0  0.1
265  4354.0  0.1
266  4354.0  0.1
267  4354.0  0.1
268  4354.0  0.1
269  4354.0  0.1
270  4354.0  0.1
271  4354.0  0.1
272  4354.0  0.1
273  4354.0  0.1
274  4354.0  0.1
275  4354.0  0.1
276  4354.0  0.1
277  4354.0  0.1
278  4354.0  0.1
279  4354.0  0.1
280  4354.0  0.1
281  4354.0  0.1
282  4354.0  0.1
283  4354.0  0.1
284  4354.0  0.1
285  4354.0  0.1
286  4354.0  0.1
287  4354.0  0.1
288  4354.0  0.1
289  4354.0  0.1
290  4354.0  0.1
291  4354.0  0.1
292  4354.0  0.1
293  4354.0  0.1
294  4354.0  0.1
295  4354.0  0.1
296  4354.0  0.1
297  4354.0  0.1
298  4354.0  0.1
299  4354.0  0.1
300  4354.0  0.1
301  4354.0  0.1
302  4354.0  0.1
303  4354.0  0.1
304  4354.0  0.1
305  4354.0  0.1
306  4354.0  0.1
307  4354.0  0.1
308  4354.0  0.1
309  4354.0  0.1
310  4354.0  0.1
311  4354.0  0.1
312  4354.0  0.1
313  4354.0  0.1
314  4354.0  0.1
315  4354.0  0.1
316  4354.0  0.1
317  4354.0  0.1
318  4354.0  0.1
319  4354.0  0.1
320  4354.0  0.1
321  4354.0  0.1
322  4354.0  0.1
323  4354.0  0.1
324  4354.0  0.1
325  4354.0  0.1
326  4354.0  0.1
327  4354.0  0.1
328  4354.0  0.1
329  4354.0  0.1
330  4354.0  0.1
331  4354.0  0.1
332  4354.0  0.1
333  4354.0  0.1
334  4354.0  0.1
335  4354.0  0.1
336  4354.0  0.1
337  4354.0  0.1
338  4354.0  0.1
339  4354.0  0.1
340  4354.0  0.1
341  4354.0  0.1
342  4354.0  0.1
343  4354.0  0.1
344  4354.0  0.1
345  4354.0  0.1
346  4354.0  0.1
347  4354.0  0.1
348  4354.0  0.1
349  4354.0  0.1
350  4354.0  0.1
351  4354.0  0.1
352  4354.0  0.1
353  4354.0  0.1
354  4354.0  0.1
355  4354.0  0.1
356  4354.0  0.1
357  4354.0  0.1
358  4354.0  0.1
359  4354.0  0.1
360  4354.0  0.1
361  4354.0  0.1
362  4354.0  0.1
363  4354.0  0.1
364  4354.0  0.1
365  4354.0  0.1
366  4354.0  0.1
367  4354.0  0.1
368  4354.0  0.1
369  4354.0  0.1
370  4354.0  0.1
371  4354.0  0.1
372  4354.0  0.1
373  4354.0  0.1
374  4354.0  0.1
375  4354.0  0.1
376  4354.0  0.1
377  4354.0  0.1
378  4354.0  0.1
379  4354.0  0.1
380  4354.0  0.1
381  4354.0  0.1
382  4354.0  0.1
383  4354.0  0.1
384  4354.0  0.1
385  4354.0  0.1
386  4354.0  0.1
387  4354.0  0.1
388  4354.0  0.1
389  4354.0  0.1
390  4354.0  0.1
391  4354.0  0.1
392  4354.0  0.1
393  4354.0  0.1
394  4354.0  0.1
395  4354.0  0.1
396  4354.0  0.1
397  4354.0  0.1
398  4354.0  0.1
399  4354.0  0.1
400  4354.0  0.1
401  4354.0  0.1
402  4354.0  0.1
403  4354.0  0.1
404  4354.0  0.1
405  4354.0  0.1
406  4354.0  0.1
407  4354.0  0.1
408  4354.0  0.1
409  4354.0  0.1
410  4354.0  0.1
411  4354.0  0.1
412  4354.0  0.1
413  4354.0  0.1
414  4354.0  0.1
415  4354.0  0.1
416  4354.0  0.1
417  4354.0  0.1
418  4354.0  0.1
419  4354.0  0.1
420  4354.0  0.1
421  4354.0  0.1
422  4354.0  0.1
423  4354.0  0.1
424  4354.0  0.1
425  4354.0  0.1
426  4354.0  0.1
427  4354.0  0.1
428  4354.0  0.1
429  4354.0  0.1
430  4354.0  0.1
431  4354.0  0.1
432  4354.0  0.1
433  4354.0  0.1
434  4354.0  0.1
435  4354.0  0.1
436  4354.0  0.1
437  4354.0  0.1
438  4354.0  0.1
439  4354.0  0.1
440  4354.0  0.1
441  4354.0  0.1
442  4354.0  0.1
443  4354.0  0.1
444  4354.0  0.1
445  4354.0  0.1
446  4354.0  0.1
447  4354.0  0.1
448  4354.0  0.1
449  4354.0  0.1
450  4354.0  0.1
451  4354.0  0.1
452  4354.0  0.1
453  4354.0  0.1
454  4354.0  0.1
455  4354.0  0.1
456  4354.0  0.1
457  4354.0  0.1
458  4354.0  0.1
459  4354.0  0.1
460  4354.0  0.1
461  4354.0  0.1
462  4354.0  0.1
463  4354.0  0.1
464  4354.0  0.1
465  4354.0  0.1
466  4354.0  0.1
467  4354.0  0.1
468  4354.0  0.1
469  4354.0  0.1
470  4354.0  0.1
471  4354.0  0.1
472  4354.0  0.1
473  4354.0  0.1
474  4354.0  0.1
475  4354.0  0.1
476  4354.0  0.1
477  4354.0  0.1
478  4354.0  0.1
479  4354.0  0.1
480  4354.0  0.1
481  4354.0  0.1
482  4354.0  0.1
483  4354.0  0.1
484  4354.0  0.1
485  4354.0  0.1
486  4354.0  0.1
487  4354.0  0.1
488  4354.0  0.1
489  4354.0  0.1
490  4354.0  0.1
491  4354.0  0.1
492  4354.0  0.1
493  4354.0  0.1
494  4354.0  0.1
495  4354.0  0.1
496  4354.0  0.1
497  4354.0  0.1
498  4354.0  0.1
499  4354.0  0.1
500  4354.0  0.1
501  4354.0  0.1
502  4354.0  0.1
503  4354.0  0.1
504  4354.0  0.1
505  4354.0  0.1
506  4354.0  0.1
507  4354.0  0.1
508  4354.0  0.1
509  4354.0  0.1
510  4354.0  0.1
511  4354.0  0.1
512  4354.0  0.1
513  4354.0  0.1
514  4354.0  0.1
515  4354.0  0.1
516  4354.0  0.1
517  4354.0  0.1
518  4354.0  0.1
519  4354.0  0.1
520  4354.0  0.1
521  4354.0  0.1
522  4354.0  0.1
523  4354.0  0.1
524  4354.0  0.1
525  4354.0  0.1
526  4354.0  0.1
527  4354.0  0.1
528  4354.0  0.1
529  4354.0  0.1
530  4354.0  0.1
531  4354.0  0.1
532  4354.0  0.1
533  4354.0  0.1
534  4354.0  0.1
535  4354.0  0.1
536  4354.0  0.1
537  4354.0  0.1
538  4354.0  0.1
539  4354.0  0.1
540  4354.0  0.1
541  4354.0  0.1
542  4354.0  0.1
543  4354.0  0.1
544  4354.0  0.1
545  4354.0  0.1
546  4354.0  0.1
547  4354.0  0.1
548  4354.0  0.1
549  4354.0  0.1
550  4354.0  0.1
551  4354.0  0.1
552  4354.0  0.1
553  4354.0  0.1
554  4354.0  0.1
555  4354.0  0.1
556  4354.0  0.1
557  4354.0  0.1
558  4354.0  0.1
559  4354.0  0.1
560  4354.0  0.1
561  4354.0  0.1
562  4354.0  0.1
563  4354.0  0.1
564  4354.0  0.1
565  4354.0  0.1
566  4354.0  0.1
567  4354.0  0.1
568  4354.0  0.1
569  4354.0  0.1
570  4354.0  0.1
571  4354.0  0.1
572  4354.0  0.1
573  4354.0  0.1
574  4354.0  0.1
575  4354.0  0.1
576  4354.0  0.1
577  4354.0  0.1
578  4354.0  0.1
579  4354.0  0.1
580  4354.0  0.1
581  4354.0  0.1
582  4354.0  0.1
583  4354.0  0.1
584  4354.0  0.1
585  4354.0  0.1
586  4354.0  0.1
587  4354.0  0.1
588  4354.0  0.1
589  4354.0  0.1
590  4354.0  0.1
591  4354.0  0.1
592  4354.0  0.1
593  4354.0  0.1
594  4354.0  0.1
595  4354.0  0.1
596  4354.0  0.1
597  4354.0  0.1
598  4354.0  0.1
599  4354.0  0.1
600  4354.0  0.1
601  4354.0  0.1
602  4354.0  0.1
603  4354.0  0.1
604  4354.0  0.1
605  4354.0  0.1
606  4354.0  0.1
607  4354.0  0.1
608  4354.0  0.1
609  4354.0  0.1
610  4354.0  0.1
611  4354.0  0.1
612  4354.0  0.1
613  4354.0  0.1
614  4354.0  0.1
615  4354.0  0.1
616  4354.0  0.1
617  4354.0  0.1
618  4354.0  0.1
619  4354.0  0.1
620  4354.0  0.1
621  4354.0  0.1
622  4354.0  0.1
623  4354.0  0.1
624  4354.0  0.1
625  4354.0  0.1
626  4354.0  0.1
627  4354.0  0.1
628  4354.0  0.1
629  4354.0  0.1
630  4354.0  0.1
631  4354.0  0.1
632  4354.0  0.1
633  4354.0  0.1
634  4354.0  0.1
635  4354.0  0.1
636  4354.0  0.1
637  4354.0  0.1
638  4354.0  0.1
639  4354.0  0.1
640  4354.0  0.1
641  4354.0  0.1
642  4354.0  0.1
643  4354.0  0.1
644  4354.0  0.1
645  4354.0  0.1
646  4354.0  0.1
647  4354.0  0.1
648  4354.0  0.1
649  4354.0  0.1
650  4354.0  0.1
651  4354.0  0.1
652  4354.0  0.1
653  4354.0  0.1
654  4354.0  0.1
655  4354.0  0.1
656  4354.0  0.1
657  4354.0  0.1
658  4354.0  0.1
659  4354.0  0.1
660  4354.0  0.1
661  4354.0  0.1
662  4354.0  0.1
663  4354.0  0.1
664  4354.0  0.1
665  4354.0  0.1
666  4354.0  0.1
667  4354.0  0.1
668  4354.0  0.1
669  4354.0  0.1
670  4354.0  0.1
671  4354.0  0.1
672  4354.0  0.1
673  4354.0  0.1
674  4354.0  0.1
675  4354.0  0.1
676  4354.0  0.1
677  4354.0  0.1
678  4354.0  0.1
679  4354.0  0.1
680  4354.0  0.1
681  4354.0  0.1
682  4354.0  0.1
683  4354.0  0.1
684  4354.0  0.1
685  4354.0  0.1
686  4354.0  0.1
687  4354.0  0.1
688  4354.0  0.1
689  4354.0  0.1
690  4354.0  0.1
691  4354.0  0.1
692  4354.0  0.1
693  4354.0  0.1
694  4354.0  0.1
695  4354.0  0.1
696  4354.0  0.1
697  4354.0  0.1
698  4354.0  0.1
699  4354.0  0.1
700  4354.0  0.1
701  4354.0  0.1
702  4354.0  0.1
703  4354.0  0.1
704  4354.0  0.1
705  4354.0  0.1
706  4354.0  0.1
707  4354.0  0.1
708  4354.0  0.1
709  4354.0  0.1
710  4354.0  0.1
711  4354.0  0.1
712  4354.0  0.1
713  4354.0  0.1
714  4354.0  0.1
715  4354.0  0.1
716  4354.0  0.1
717  4354.0  0.1
718  4354.0  0.1
719  4354.0  0.1
720  4354.0  0.1
721  4354.0  0.1
722  4354.0  0.1
723  4354.0  0.1
724  4354.0  0.1
725  4354.0  0.1
726  4354.0  0.1
727  4354.0  0.1
728  4354.0  0.1
729  4354.0  0.1
730  4354.0  0.1
731  4354.0  0.1
732  4354.0  0.1
733  4354.0  0.1
734  4354.0  0.1
735  4354.0  0.1
736  4354.0  0.1
737  4354.0  0.1
738  4354.0  0.1
739  4354.0  0.1
740  4354.0  0.1
741  4354.0  0.1
742  4354.0  0.1
743  4354.0  0.1
744  4354.0  0.1
745  4354.0  0.1
746  4354.0  0.1
747  4354.0  0.1
748  4354.0  0.1
749  4354.0  0.1
750  4354.0  0.1
751  4354.0  0.1
752  4354.0  0.1
753  4354.0  0.1
754  4354.0  0.1
755  4354.0  0.1
756  4354.0  0.1
757  4354.0  0.1
758  4354.0  0.1
759  4354.0  0.1
760  4354.0  0.1
761  4354.0  0.1
762  4354.0  0.1
763  4354.0  0.1
764  4354.0  0.1
765  4354.0  0.1
766  4354.0  0.1
767  4354.0  0.1
768  4354.0  0.1
769  4354.0  0.1
770  4354.0  0.1
771  4354.0  0.1
772  4354.0  0.1
773  4354.0  0.1
774  4354.0  0.1
775  4354.0  0.1
776  4354.0  0.1
777  4354.0  0.1
778  4354.0  0.1
779  4354.0  0.1
780  4354.0  0.1
781  4354.0  0.1
782  4354.0  0.1
783  4354.0  0.1
784  4354.0  0.1
785  4354.0  0.1
786  4354.0  0.1
787  4354.0  0.1
788  4354.0  0.1
789  4354.0  0.1
790  4354.0  0.1
791  4354.0  0.1
792  4354.0  0.1
793  4354.0  0.1
794  4354.0  0.1
795  4354.0  0.1
796  4354.0  0.1
797  4354.0  0.1
798  4354.0  0.1
799  4354.0  0.1
800  4354.0  0.1
801  4354.0  0.1
802  4354.0  0.1
803  4354.0  0.1
804  4354.0  0.1
805  4354.0  0.1
806  4354.0  0.1
807  4354.0  0.1
808  4354.0  0.1
809  4354.0  0.1
810  4354.0  0.1
811  4354.0  0.1
812  4354.0  0.1
813  4354.0  0.1
814  4354.0  0.1
815  4354.0  0.1
816  4354.0  0.1
817  4354.0  0.1
818  4354.0  0.1
819  4354.0  0.1
820  4354.0  0.1
821  4354.0  0.1
822  4354.0  0.1
823  4354.0  0.1
824  4354.0  0.1
825  4354.0  0.1
826  4354.0  0.1
827  4354.0  0.1
828  4354.0  0.1
829  4354.0  0.1
830  4354.0  0.1
831  4354.0  0.1
832  4354.0  0.1
833  4354.0  0.1
834  4354.0  0.1
835  4354.0  0.1
836  4354.0  0.1
837  4354.0  0.1
838  4354.0  0.1
839  4354.0  0.1
840  4354.0  0.1
841  4354.0  0.1
842  4354.0  0.1
843  4354.0  0.1
844  4354.0  0.1
845  4354.0  0.1
846  4354.0  0.1
847  4354.0  0.1
848  4354.0  0.1
849  4354.0  0.1
850  4354.0  0.1
851  4354.0  0.1
852  4354.0  0.1
853  4354.0  0.1
854  4354.0  0.1
855  4354.0  0.1
856  4354.0  0.1
857  4354.0  0.1
858  4354.0  0.1
859  4354.0  0.1
860  4354.0  0.1
861  4354.0  0.1
862  4354.0  0.1
863  4354.0  0.1
864  4354.0  0.1
865  4354.0  0.1
866  4354.0  0.1
867  4354.0  0.1
868  4354.0  0.1
869  4354.0  0.1
870  4354.0  0.1
871  4354.0  0.1
872  4354.0  0.1
873  4354.0  0.1
874  4354.0  0.1
875  4354.0  0.1
876  4354.0  0.1
877  4354.0  0.1
878  4354.0  0.1
879  4354.0  0.1
880  4354.0  0.1
881  4354.0  0.1
882  4354.0  0.1
883  4354.0  0.1
884  4354.0  0.1
885  4354.0  0.1
886  4354.0  0.1
887  4354.0  0.1
888  4354.0  0.1
889  4354.0  0.1
890  4354.0  0.1
891  4354.0  0.1
892  4354.0  0.1
893  4354.0  0.1
894  4354.0  0.1
895  4354.0  0.1
896  4354.0  0.1
897  4354.0  0.1
898  4354.0  0.1
899  4354.0  0.1
900  4354.0  0.1
901  4354.0  0.1
902  4354.0  0.1
903  4354.0  0.1
904  4354.0  0.1
905  4354.0  0.1
906  4354.0  0.1
907  4354.0  0.1
908  4354.0  0.1
909  4354.0  0.1
910  4354.0  0.1
911  4354.0  0.1
912  4354.0  0.1
913  4354.0  0.1
914  4354.0  0.1
915  4354.0  0.1
916  4354.0  0.1
917  4354.0  0.1
918  4354.0  0.1
919  4354.0  0.1
920  4354.0  0.1
921  4354.0  0.1
922  4354.0  0.1
923  4354.0  0.1
924  4354.0  0.1
925  4354.0  0.1
926  4354.0  0.1
927  4354.0  0.1
928  4354.0  0.1
929  4354.0  0.1
930  4354.0  0.1
931  4354.0  0.1
932  4354.0  0.1
933  4354.0  0.1
934  4354.0  0.1
935  4354.0  0.1
936  4354.0  0.1
937  4354.0  0.1
938  4354.0  0.1
939  4354.0  0.1
940  4354.0  0.1
941  4354.0  0.1
942  4354.0  0.1
943  4354.0  0.1
944  4354.0  0.1
945  4354.0  0.1
946  4354.0  0.1
947  4354.0  0.1
948  4354.0  0.1
949  4354.0  0.1
950  4354.0  0.1
951  4354.0  0.1
952  4354.0  0.1
953  4354.0  0.1
954  4354.0  0.1
955  4354.0  0.1
956  4354.0  0.1
957  4354.0  0.1
958  4354.0  0.1
959  4354.0  0.1
960  4354.0  0.1
961  4354.0  0.1
962  4354.0  0.1
963  4354.0  0.1
964  4354.0  0.1
965  4354.0  0.1
966  4354.0  0.1
967  4354.0  0.1
968  4354.0  0.1
969  4354.0  0.1
970  4354.0  0.1
971  4354.0  0.1
972  4354.0  0.1
973  4354.0  0.1
974  4354.0  0.1
975  4354.0  0.1
976  4354.0  0.1
977  4354.0  0.1
978  4354.0  0.1
979  4354.0  0.1
980  4354.0  0.1
981  4354.0  0.1
982  4354.0  0.1
983  4354.0  0.1
984  4354.0  0.1
985  4354.0  0.1
986  4354.0  0.1
987  4354.0  0.1
988  4354.0  0.1
989  4354.0  0.1
990  4354.0  0.1
991  4354.0  0.1
992  4354.0  0.1
993  4354.0  0.1
994  4354.0  0.1
995  4354.0  0.1
996  4354.0  0.1
997  4354.0  0.1
998  4354.0  0.1
999  4354.0  0.1
1000  4354.0  0.1
1001  4354.0  0.1
1002  4354.0  0.1
1003  4354.0  0.1
1004  4354.0  0.1
1005  4354.0  0.1
1006  4354.0  0.1
1007  4354.0  0.1
1008  4354.0  0.1
1009  4354.0  0.1
1010  4354.0  0.1
1011  4354.0  0.1
1012  4354.0  0.1
1013  4354.0  0.1
1014  4354.0  0.1
1015  4354.0  0.1
1016  4354.0  0.1
1017  4354.0  0.1
1018  4354.0  0.1
1019  4354.0  0.1
1020  4354.0  0.1
1021  4354.0  0.1
1022  4354.0  0.1
1023  4354.0  0.1
1024  4354.0  0.1
1025  4354.0  0.1
1026  4354.0  0.1
1027  4354.0  0.1
1028  4354.0  0.1
1029  4354.0  0.1
1030  4354.0  0.1
1031  4354.0  0.1
1032  4354.0  0.1
1033  4354.0  0.1
1034  4354.0  0.1
1035  4354.0  0.1
1036  4354.0  0.1
1037  4354.0  0.1
1038  4354.0  0.1
1039  4354.0  0.1
1040  4354.0  0.1
1041  4354.0  0.1
1042  4354.0  0.1
1043  4354.0  0.1
1044  4354.0  0.1
1045  4354.0  0.1
1046  4354.0  0.1
1047  4354.0  0.1
1048  4354.0  0.1
1049  4354.0  0.1
1050  4354.0  0.1
1051  4354.0  0.1
1052  4354.0  0.1
1053  4354.0  0.1
1054  4354.0  0.1
1055  4354.0  0.1
1056  4354.0  0.1
1057  4354.0  0.1
1058  4354.0  0.1
1059  4354.0  0.1
1060  4354.0  0.1
1061  4354.0  0.1
1062  4354.0  0.1
1063  4354.0  0.1
1064  4354.0  0.1
1065  4354.0  0.1
1066  4354.0  0.1
1067  4354.0  0.1
1068  4354.0  0.1
1069  4354.0  0.1
1070  4354.0  0.1
1071  4354.0  0.1
1072  4354.0  0.1
1073  4354.0  0.1
1074  4354.0  0.1
1075  4354.0  0.1
1076  4354.0  0.1
1077  4354.0  0.1
1078  4354.0  0.1
1079  4354.0  0.1
1080  4354.0  0.1
1081  4354.0  0.1
1082  4354.0  0.1
1083  4354.0  0.1
1084  4354.0  0.1
1085  4354.0  0.1
1086  4354.0  0.1
1087  4354.0  0.1
1088  4354.0  0.1
1089  4354.0  0.1
1090  4354.0  0.1
1091  4354.0  0.1
1092  4354.0  0.1
1093  4354.0  0.1
1094  4354.0  0.1
1095  4354.0  0.1
1096  4354.0  0.1
1097  4354.0  0.1
1098  4354.0  0.1
1099  4354.0  0.1
1100  4354.0  0.1
1101  4354.0  0.1
1102  4354.0  0.1
1103  4354.0  0.1
1104  4354.0  0.1
1105  4354.0  0.1
1106  4354.0  0.1
1107  4354.0  0.1
1108  4354.0  0.1
1109  4354.0  0.1
1110  4354.0  0.1
1111  4354.0  0.1
1112  4354.0  0.1
1113  4354.0  0.1
1114  4354.0  0.1
1115  4354.0  0.1
1116  4354.0  0.1
1117  4354.0  0.1
1118  4354.0  0.1
1119  4354.0  0.1
1120  4354.0  0.1
1121  4354.0  0.1
1122  4354.0  0.1
1123  4354.0  0.1
1124  4354.0  0.1
1125  4354.0  0.1
1126  4354.0  0.1
1127  4354.0  0.1
1128  4354.0  0.1
1129  4354.0  0.1
1130  4354.0  0.1
1131  4354.0  0.1
1132  4354.0  0.1
1133  4354.0  0.1
1134  4354.0  0.1
1135  4354.0  0.1
1136  4354.0  0.1
1137  4354.0  0.1
1138  4354.0  0.1
1139  4354.0  0.1
1140  4354.0  0.1
1141  4354.0  0.1
1142  4354.0  0.1
1143  4354.0  0.1
1144  4354.0  0.1
1145  4354.0  0.1
1146  4354.0  0.1
1147  4354.0  0.1
1148  4354.0  0.1
1149  4354.0  0.1
1150  4354.0  0.1
1151  4354.0  0.1
1152  4354.0  0.1
1153  4354.0  0.1
1154  4354.0  0.1
1155  4354.0  0.1
1156  4354.0  0.1
1157  4354.0  0.1
1158  4354.0  0.1
1159  4354.0  0.1
1160  4354.0  0.1
1161  4354.0  0.1
1162  4354.0  0.1
1163  4354.0  0.1
1164  4354.0  0.1
1165  4354.0  0.1
1166  4354.0  0.1
1167  4354.0  0.1
1168  4354.0  0.1
1169  4354.0  0.1
1170  4354.0  0.1
1171  4354.0  0.1
1172  4354.0  0.1
1173  4354.0  0.1
1174  4354.0  0.1
1175  4354.0  0.1
1176  4354.0  0.1
1177  4354.0  0.1
1178  4354.0  0.1
1179  4354.0  0.1
1180  4354.0  0.1
1181  4354.0  0.1
1182  4354.0  0.1
1183  4354.0  0.1
1184  4354.0  0.1
1185  4354.0  0.1
1186  4354.0  0.1
1187  4354.0  0.1
1188  4354.0  0.1
1189  4354.0  0.1
1190  4354.0  0.1
1191  4354.0  0.1
1192  4354.0  0.1
1193  4354.0  0.1
1194  4354.0  0.1
1195  4354.0  0.1
1196  4354.0  0.1
1197  4354.0  0.1
1198  4354.0  0.1
1199  4354.0  0.1
1200  4354.0  0.1
1201  4354.0  0.1
1202  4354.0  0.1
1203  4354.0  0.1
1204  4354.0  0.1
1205  4354.0  0.1
1206  4354.0  0.1
1207  4354.0  0.1
1208  4354.0  0.1
1209  4354.0  0.1
1210  4354.0  0.1
1211  4354.0  0.1
1212  4354.0  0.1
1213  4354.0  0.1
1214  4354.0  0.1
1215  4354.0  0.1
1216  4354.0  0.1
1217  4354.0  0.1
1218  4354.0  0.1
1219  4354.0  0.1
1220  4354.0  0.1
1221  4354.0  0.1
1222  4354.0  0.1
1223  4354.0  0.1
1224  4354.0  0.1
1225  4354.0  0.1
1226  4354.0  0.1
1227  4354.0  0.1
1228  4354.0  0.1
1229  4354.0  0.1
1230  4354.0  0.1
1231  4354.0  0.1
1232  4354.0  0.1
1233  4354.0  0.1
1234  4354.0  0.1
1235  4354.0  0.1
1236  4354.0  0.1
1237  4354.0  0.1
1238  4354.0  0.1
1239  4354.0  0.1
1240  4354.0  0.1
1241  4354.0  0.1
1242  4354.0  0.1
1243  4354.0  0.1
1244  4354.0  0.1
1245  4354.0  0.1
1246  4354.0  0.1
1247  4354.0  0.1
1248  4354.0  0.1
1249  4354.0  0.1
1250  4354.0  0.1
1251  4354.0  0.1
1252  4354.0  0.1
1253  4354.0  0.1
1254  4354.0  0.1
1255  4354.0  0.1
1256  4354.0  0.1
1257  4354.0  0.1
1258  4354.0  0.1
1259  4354.0  0.1
1260  4354.0  0.1
1261  4354.0  0.1
1262  4354.0  0.1
1263  4354.0  0.1
1264  4354.0  0.1
1265  4354.0  0.1
1266  4354.0  0.1
1267  4354.0  0.1
1268  4354.0  0.1
1269  4354.0  0.1
1270  4354.0  0.1
1271  4354.0  0.1
1272  4354.0  0.1
1273  4354.0  0.1
1274  4354.0  0.1
1275  4354.0  0.1
1276  4354.0  0.1
1277  4354.0  0.1
1278  4354.0  0.1
1279  4354.0  0.1
1280  4354.0  0.1
1281  4354.0  0.1
1282  4354.0  0.1
1283  4354.0  0.1
1284  4354.0  0.1
1285  4354.0  0.1
1286  4354.0  0.1
1287  4354.0  0.1
1288  4354.0  0.1
1289  4354.0  0.1
1290  4354.0  0.1
1291  4354.0  0.1
1292  4354.0  0.1
1293  4354.0  0.1
1294  4354.0  0.1
1295  4354.0  0.1
1296  4354.0  0.1
1297  4354.0  0.1
1298  4354.0  0.1
1299  4354.0  0.1
1300  4354.0  0.1
1301  4354.0  0.1
1302  4354.0  0.1
1303  4354.0  0.1
1304  4354.0  0.1
1305  4354.0  0.1
1306  4354.0  0.1
1307  4354.0  0.1
1308  4354.0  0.1
1309  4354.0  0.1
1310  4354.0  0.1
1311  4354.0  0.1
1312  4354.0  0.1
1313  4354.0  0.1
1314  4354.0  0.1
1315  4354.0  0.1
1316  4354.0  0.1
1317  4354.0  0.1
1318  4354.0  0.1
1319  4354.0  0.1
1320  4354.0  0.1
1321  4354.0  0.1
1322  4354.0  0.1
1323  4354.0  0.1
1324  4354.0  0.1
1325  4354.0  0.1
1326  4354.0  0.1
1327  4354.0  0.1
1328  4354.0  0.1
1329  4354.0  0.1
1330  4354.0  0.1
1331  4354.0  0.1
1332  4354.0  0.1
1333  4354.0  0.1
1334  4354.0  0.1
1335  4354.0  0.1
1336  4354.0  0.1
1337  4354.0  0.1
1338  4354.0  0.1
1339  4354.0  0.1
1340  4354.0  0.1
1341  4354.0  0.1
1342  4354.0  0.1
1343  4354.0  0.1
1344  4354.0  0.1
1345  4354.0  0.1
1346  4354.0  0.1
1347  4354.0  0.1
1348  4354.0  0.1
1349  4354.0  0.1
1350  4354.0  0.1
1351  4354.0  0.1
1352  4354.0  0.1
1353  4354.0  0.1
1354  4354.0  0.1
1355  4354.0  0.1
1356  4354.0  0.1
1357  4354.0  0.1
1358  4354.0  0.1
1359  4354.0  0.1
1360  4354.0  0.1
1361  4354.0  0.1
1362  4354.0  0.1
1363  4354.0  0.1
1364  4354.0  0.1
1365  4354.0  0.1
1366  4354.0  0.1
1367  4354.0  0.1
1368  4354.0  0.1
1369  4354.0  0.1
1370  4354.0  0.1
1371  4354.0  0.1
1372  4354.0  0.1
1373  4354.0  0.1
1374  4354.0  0.1
1375  4354.0  0.1
1376  4354.0  0.1
1377  4354.0  0.1
1378  4354.0  0.1
1379  4354.0  0.1
1380  4354.0  0.1
1381  4354.0  0.1
1382  4354.0  0.1
1383  4354.0  0.1
1384  4354.0  0.1
1385  4354.0  0.1
1386  4354.0  0.1
1387  4354.0  0.1
1388  4354.0  0.1
1389  4354.0  0.1
1390  4354.0  0.1
1391  4354.0  0.1
1392  4354.0  0.1
1393  4354.0  0.1
1394  4354.0  0.1
1395  4354.0  0.1
1396  4354.0  0.1
1397  4354.0  0.1
1398  4354.0  0.1
1399  4354.0  0.1
1400  4354.0  0.1
1401  4354.0  0.1
1402  4354.0  0.1
1403  4354.0  0.1
1404  4354.0  0.1
1405  4354.0  0.1
1406  4354.0  0.1
1407  4354.0  0.1
1408  4354.0  0.1
1409  4354.0  0.1
1410  4354.0  0.1
1411  4354.0  0.1
1412  4354.0  0.1
1413  4354.0  0.1
1414  4354.0  0.1
1415  4354.0  0.1
1416  4354.0  0.1
1417  4354.0  0.1
1418  4354.0  0.1
1419  4354.0  0.1
1420  4354.0  0.1
1421  4354.0  0.1
1422  4354.0  0.1
1423  4354.0  0.1
1424  4354.0  0.1
1425  4354.0  0.1
1426  4354.0  0.1
1427  4354.0  0.1
1428  4354.0  0.1
1429  4354.0  0.1
1430  4354.0  0.1
1431  4354.0  0.1
1432  4354.0  0.1
1433  4354.0  0.1
1434  4354.0  0.1
1435  4354.0  0.1
1436  4354.0  0.1
1437  4354.0  0.1
1438  4354.0  0.1
1439  4354.0  0.1
1440  4354.0  0.1
1441  4354.0  0.1
1442  4354.0  0.1
1443  4354.0  0.1
1444  4354.0  0.1
1445  4354.0  0.1
1446  4354.0  0.1
1447  4354.0  0.1
1448  4354.0  0.1
1449  4354.0  0.1
1450  4354.0  0.1
1451  4354.0  0.1
1452  4354.0  0.1
1453  4354.0  0.1
1454  4354.0  0.1
1455  4354.0  0.1
1456  4354.0  0.1
1457  4354.0  0.1
1458  4354.0  0.1
1459  4354.0  0.1
1460  4354.0  0.1
1461  4354.0  0.1
1462  4354.0  0.1
1463  4354.0  0.1
1464  4354.0  0.1
1465  4354.0  0.1
1466  4354.0  0.1
1467  4354.0  0.1
1468  4354.0  0.1
1469  4354.0  0.1
1470  4354.0  0.1
1471  4354.0  0.1
1472  4354.0  0.1
1473  4354.0  0.1
1474  4354.0  0.1
1475  4354.0  0.1
1476  4354.0  0.1
1477  4354.0  0.1
1478  4354.0  0.1
1479  4354.0  0.1
1480  4354.0  0.1
1481  4354.0  0.1
1482  4354.0  0.1
1483  4354.0  0.1
1484  4354.0  0.1
1485  4354.0  0.1
1486  4354.0  0.1
1487  4354.0  0.1
1488  4354.0  0.1
1489  4354.0  0.1
1490  4354.0  0.1
1491  4354.0  0.1
1492  4354.0  0.1
1493  4354.0  0.1
1494  4354.0  0.1
1495  4354.0  0.1
1496  4354.0  0.1
1497  4354.0  0.1
1498  4354.0  0.1
1499  4354.0  0.1
1500  4354.0  0.1
1501  4354.0  0.1
1502  4354.0  0.1
1503  4354.0  0.1
1504  4354.0  0.1
1505  4354.0  0.1
1506  4354.0  0.1
1507  4354.0  0.1
1508  4354.0  0.1
1509  4354.0  0.1
1510  4354.0  0.1
1511  4354.0  0.1
1512  4354.0  0.1
1513  4354.0  0.1
1514  4354.0  0.1
1515  4354.0  0.1
1516  4354.0  0.1
1517  4354.0  0.1
1518  4354.0  0.1
1519  4354.0  0.1
1520  4354.0  0.1
1521  4354.0  0.1
1522  4354.0  0.1
1523  4354.0  0.1
1524  4354.0  0.1
1525  4354.0  0.1
1526  4354.0  0.1
1527  4354.0  0.1
1528  4354.0  0.1
1529  4354.0  0.1
1530  4354.0  0.1
1531  4354.0  0.1
1532  4354.0  0.1
1533  4354.0  0.1
1534  4354.0  0.1
1535  4354.0  0.1
1536  4354.0  0.1
1537  4354.0  0.1
1538  4354.0  0.1
1539  4354.0  0.1
1540  4354.0  0.1
1541  4354.0  0.1
1542  4354.0  0.1
1543  4354.0  0.1
1544  4354.0  0.1
1545  4354.0  0.1
1546  4354.0  0.1
1547  4354.0  0.1
1548  4354.0  0.1
1549  4354.0  0.1
1550  4354.0  0.1
1551  4354.0  0.1
1552  4354.0  0.1
1553  4354.0  0.1
1554  4354.0  0.1
1555  4354.0  0.1
1556  4354.0  0.1
1557  4354.0  0.1
1558  4354.0  0.1
1559  4354.0  0.1
1560  4354.0  0.1
1561  4354.0  0.1
1562  4354.0  0.1
1563  4354.0  0.1
1564  4354.0  0.1
1565  4354.0  0.1
1566  4354.0  0.1
1567  4354.0  0.1
1568  4354.0  0.1
1569  4354.0  0.1
1570  4354.0  0.1
1571  4354.0  0.1
1572  4354.0  0.1
1573  4354.0  0.1
1574  4354.0  0.1
1575  4354.0  0.1
1576  4354.0  0.1
1577  4354.0  0.1
1578  4354.0  0.1
1579  4354.0  0.1
1580  4354.0  0.1
1581  4354.0  0.1
1582  4354.0  0.1
1583  4354.0  0.1
1584  4354.0  0.1
1585  4354.0  0.1
1586  4354.0  0.1
1587  4354.0  0.1
1588  4354.0  0.1
1589  4354.0  0.1
1590  4354.0  0.1
1591  4354.0  0.1
1592  4354.0  0.1
1593  4354.0  0.1
1594  4354.0  0.1
1595  4354.0  0.1
1596  4354.0  0.1
1597  4354.0  0.1
1598  4354.0  0.1
1599  4354.0  0.1
1600  4354.0  0.1
1601  4354.0  0.1
1602  4354.0  0.1
1603  4354.0  0.1
1604  4354.0  0.1
1605  4354.0  0.1
1606  4354.0  0.1
1607  4354.0  0.1
1608  4354.0  0.1
1609  4354.0  0.1
1610  4354.0  0.1
1611  4354.0  0.1
1612  4354.0  0.1
1613  4354.0  0.1
1614  4354.0  0.1
1615  4354.0  0.1
1616  4354.0  0.1
1617  4354.0  0.1
1618  4354.0  0.1
1619  4354.0  0.1
1620  4354.0  0.1
1621  4354.0  0.1
1622  4354.0  0.1
1623  4354.0  0.1
1624  4354.0  0.1
1625  4354.0  0.1
1626  4354.0  0.1
1627  4354.0  0.1
1628  4354.0  0.1
1629  4354.0  0.1
1630  4354.0  0.1
1631  4354.0  0.1
1632  4354.0  0.1
1633  4354.0  0.1
1634  4354.0  0.1
1635  4354.0  0.1
1636  4354.0  0.1
1637  4354.0  0.1
1638  4354.0  0.1
1639  4354.0  0.1
1640  4354.0  0.1
1641  4354.0  0.1
1642  4354.0  0.1
1643  4354.0  0.1
1644  4354.0  0.1
1645  4354.0  0.1
1646  4354.0  0.1
1647  4354.0  0.1
1648  4354.0  0.1
1649  4354.0  0.1
1650  4354.0  0.1
1651  4354.0  0.1
1652  4354.0  0.1
1653  4354.0  0.1
1654  4354.0  0.1
1655  4354.0  0.1
1656  4354.0  0.1
1657  4354.0  0.1
1658  4354.0  0.1
1659  4354.0  0.1
1660  4354.0  0.1
1661  4354.0  0.1
1662  4354.0  0.1
1663  4354.0  0.1
1664  4354.0  0.1
1665  4354.0  0.1
1666  4354.0  0.1
1667  4354.0  0.1
1668  4354.0  0.1
1669  4354.0  0.1
1670  4354.0  0.1
1671  4354.0  0.1
1672  4354.0  0.1
1673  4354.0  0.1
1674  4354.0  0.1
1675  4354.0  0.1
1676  4354.0  0.1
1677  4354.0  0.1
1678  4354.0  0.1
1679  4354.0  0.1
1680  4354.0  0.1
1681  4354.0  0.1
1682  4354.0  0.1
1683  4354.0  0.1
1684  4354.0  0.1
1685  4354.0  0.1
1686  4354.0  0.1
1687  4354.0  0.1
1688  4354.0  0.1
1689  4354.0  0.1
1690  4354.0  0.1
1691  4354.0  0.1
1692  4354.0  0.1
1693  4354.0  0.1
1694  4354.0  0.1
1695  4354.0  0.1
1696  4354.0  0.1
1697  4354.0  0.1
1698  4354.0  0.1
1699  4354.0  0.1
1700  4354.0  0.1
1701  4354.0  0.1
1702  4354.0  0.1
1703  4354.0  0.1
1704  4354.0  0.1
1705  4354.0  0.1
1706  4354.0  0.1
1707  4354.0  0.1
1708  4354.0  0.1
1709  4354.0  0.1
1710  4354.0  0.1
1711  4354.0  0.1
1712  4354.0  0.1
1713  4354.0  0.1
1714  4354.0  0.1
1715  4354.0  0.1
1716  4354.0  0.1
1717  4354.0  0.1
1718  4354.0  0.1
1719  4354.0  0.1
1720  4354.0  0.1
1721  4354.0  0.1
1722  4354.0  0.1
1723  4354.0  0.1
1724  4354.0  0.1
1725  4354.0  0.1
1726  4354.0  0.1
1727  4354.0  0.1
1728  4354.0  0.1
1729  4354.0  0.1
1730  4354.0  0.1
1731  4354.0  0.1
1732  4354.0  0.1
1733  4354.0  0.1
1734  4354.0  0.1
1735  4354.0  0.1
1736  4354.0  0.1
1737  4354.0  0.1
1738  4354.0  0.1
1739  4354.0  0.1
1740  4354.0  0.1
1741  4354.0  0.1
1742  4354.0  0.1
1743  4354.0  0.1
1744  4354.0  0.1
1745  4354.0  0.1
1746  4354.0  0.1
1747  4354.0  0.1
1748  4354.0  0.1
1749  4354.0  0.1
1750  4354.0  0.1
1751  4354.0  0.1
1752  4354.0  0.1
1753  4354.0  0.1
1754  4354.0  0.1
1755  4354.0  0.1
1756  4354.0  0.1
1757  4354.0  0.1
1758  4354.0  0.1
1759  4354.0  0.1
1760  4354.0  0.1
1761  4354.0  0.1
1762  4354.0  0.1
1763  4354.0  0.1
1764  4354.0  0.1
1765  4354.0  0.1
1766  4354.0  0.1
1767  4354.0  0.1
1768  4354.0  0.1
1769  4354.0  0.1
1770  4354.0  0.1
1771  4354.0  0.1
1772  4354.0  0.1
1773  4354.0  0.1
1774  4354.0  0.1
1775  4354.0  0.1
1776  4354.0  0.1
1777  4354.0  0.1
1778  4354.0  0.1
1779  4354.0  0.1
1780  4354.0  0.1
1781  4354.0  0.1
1782  4354.0  0.1
1783  4354.0  0.1
1784  4354.0  0.1
1785  4354.0  0.1
1786  4354.0  0.1
1787  4354.0  0.1
1788  4354.0  0.1
1789  4354.0  0.1
1790  4354.0  0.1
1791  4354.0  0.1
1792  4354.0  0.1
1793  4354.0  0.1
1794  4354.0  0.1
1795  4354.0  0.1
1796  4354.0  0.1
1797  4354.0  0.1
1798  4354.0  0.1
1799  4354.0  0.1
1800  4354.0  0.1
1801  4354.0  0.1
1802  4354.0  0.1
1803  4354.0  0.1
1804  4354.0  0.1
1805  4354.0  0.1
1806  4354.0  0.1
1807  4354.0  0.1
1808  4354.0  0.1
1809  4354.0  0.1
1810  4354.0  0.1
1811  4354.0  0.1
1812  4354.0  0.1
1813  4354.0  0.1
1814  4354.0  0.1
1815  4354.0  0.1
1816  4354.0  0.1
1817  4354.0  0.1
1818  4354.0  0.1
1819  4354.0  0.1
1820  4354.0  0.1
1821  4354.0  0.1
1822  4354.0  0.1
1823  4354.0  0.1
1824  4354.0  0.1
1825  4354.0  0.1
1826  4354.0  0.1
1827  4354.0  0.1
1828  4354.0  0.1
1829  4354.0  0.1
1830  4354.0  0.1
1831  4354.0  0.1
1832  4354.0  0.1
1833  4354.0  0.1
1834  4354.0  0.1
1835  4354.0  0.1
1836  4354.0  0.1
1837  4354.0  0.1
1838  4354.0  0.1
1839  4354.0  0.1
1840  4354.0  0.1
1841  4354.0  0.1
1842  4354.0  0.1
1843  4354.0  0.1
1844  4354.0  0.1
1845  4354.0  0.1
1846  4354.0  0.1
1847  4354.0  0.1
1848  4354.0  0.1
1849  4354.0  0.1
1850  4354.0  0.1
1851  4354.0  0.1
1852  4354.0  0.1
1853  4354.0  0.1
1854  4354.0  0.1
1855  4354.0  0.1
1856  4354.0  0.1
1857  4354.0  0.1
1858  4354.0  0.1
1859  4354.0  0.1
1860  4354.0  0.1
1861  4354.0  0.1
1862  4354.0  0.1
1863  4354.0  0.1
1864  4354.0  0.1
1865  4354.0  0.1
1866  4354.0  0.1
1867  4354.0  0.1
1868  4354.0  0.1
1869  4354.0  0.1
1870  4354.0  0.1
1871  4354.0  0.1
1872  4354.0  0.1
1873  4354.0  0.1
1874  4354.0  0.1
1875  4354.0  0.1
1876  4354.0  0.1
1877  4354.0  0.1
1878  4354.0  0.1
1879  4354.0  0.1
1880  4354.0  0.1
1881  4354.0  0.1
1882  4354.0  0.1
1883  4354.0  0.1
1884  4354.0  0.1
1885  4354.0  0.1
1886  4354.0  0.1
1887  4354.0  0.1
1888  4354.0  0.1
1889  4354.0  0.1
1890  4354.0  0.1
1891  4354.0  0.1
1892  4354.0  0.1
1893  4354.0  0.1
1894  4354.0  0.1
1895  4354.0  0.1
1896  4354.0  0.1
1897  4354.0  0.1
1898  4354.0  0.1
1899  4354.0  0.1
1900  4354.0  0.1
1901  4354.0  0.1
1902  4354.0  0.1
1903  4354.0  0.1
1904  4354.0  0.1
1905  4354.0  0.1
1906  4354.0  0.1
1907  4354.0  0.1
1908  4354.0  0.1
1909  4354.0  0.1
1910  4354.0  0.1
1911  4354.0  0.1
1912  4354.0  0.1
1913  4354.0  0.1
1914  4354.0  0.1
1915  4354.0  0.1
1916  4354.0  0.1
1917  4354.0  0.1
1918  4354.0  0.1
1919  4354.0  0.1
1920  4354.0  0.1
1921  4354.0  0.1
1922  4354.0  0.1
1923  4354.0  0.1
1924  4354.0  0.1
1925  4354.0  0.1
1926  4354.0  0.1
1927  4354.0  0.1
1928  4354.0  0.1
1929  4354.0  0.1
1930  4354.0  0.1
1931  4354.0  0.1
1932  4354.0  0.1
1933  4354.0  0.1
1934  4354.0  0.1
1935  4354.0  0.1
1936  4354.0  0.1
1937  4354.0  0.1
1938  4354.0  0.1
1939  4354.0  0.1
1940  4354.0  0.1
1941  4354.0  0.1
1942  4354.0  0.1
1943  4354.0  0.1
1944  4354.0  0.1
1945  4354.0  0.1
1946  4354.0  0.1
1947  4354.0  0.1
1948  4354.0  0.1
1949  4354.0  0.1
1950  4354.0  0.1
1951  4354.0  0.1
1952  4354.0  0.1
1953  4354.0  0.1
1954  4354.0  0.1
1955  4354.0  0.1
1956  4354.0  0.1
1957  4354.0  0.1
1958  4354.0  0.1
1959  4354.0  0.1
1960  4354.0  0.1
1961  4354.0  0.1
1962  4354.0  0.1
1963  4354.0  0.1
1964  4354.0  0.1
1965  4354.0  0.1
1966  4354.0  0.1
1967  4354.0  0.1
1968  4354.0  0.1
1969  4354.0  0.1
1970  4354.0  0.1
1971  4354.0  0.1
1972  4354.0  0.1
1973  4354.0  0.1
1974  4354.0  0.1
1975  4354.0  0.1
1976  4354.0  0.1
1977  4354.0  0.1
1978  4354.0  0.1
1979  4354.0  0.1
1980  4354.0  0.1
1981  4354.0  0.1
1982  4354.0  0.1
1983  4354.0  0.1
1984  4354.0  0.1
1985  4354.0  0.1
1986  4354.0  0.1
1987  4354.0  0.1
1988  4354.0  0.1
1989  4354.0  0.1
1990  4354.0  0.1
1991  4354.0  0.1
1992  4354.0  0.1
1993  4354.0  0.1
1994  4354.0  0.1
1995  4354.0  0.1
1996  4354.0  0.1
1997  4354.0  0.1
1998  4354.0  0.1
1999  4354.0  0.1
2000  4354.0  0.1
2001  4354.0  0.1
2002  4354.0  0.1
2003  4354.0  0.1
2004  4354.0  0.1
2005  4354.0  0.1
2006  4354.0  0.1
2007  4354.0  0.1
2008  4354.0  0.1
2009  4354.0  0.1
2010  4354.0  0.1
2011  4354.0  0.1
2012  4354.0  0.1
2013  4354.0  0.1
2014  4354.0  0.1
2015  4354.0  0.1
2016  4354.0  0.1
2017  4354.0  0.1
2018  4354.0  0.1
2019  4354.0  0.1
2020  4354.0  0.1
2021  4354.0  0.1
2022  4354.0  0.1
2023  4354.0  0.1
2024  4354.0  0.1
2025  4354.0  0.1
2026  4354.0  0.1
2027  4354.0  0.1
2028  4354.0  0.1
2029  4354.0  0.1
2030  4354.0  0.1
2031  4354.0  0.1
2032  4354.0  0.1
2033  4354.0  0.1
2034  4354.0  0.1
2035  4354.0  0.1
2036  4354.0  0.1
2037  4354.0  0.1
2038  4354.0  0.1
2039  4354.0  0.1
2040  4354.0  0.1
2041  4354.0  0.1
2042  4354.0  0.1
2043  4354.0  0.1
2044  4354.0  0.1
2045  4354.0  0.1
2046  4354.0  0.1
2047  4354.0  0.1
2048  4354.0  0.1
2049  4354.0  0.1
2050  4354.0  0.1
2051  4354.0  0.1
2052  4354.0  0.1
2053  4354.0  0.1
2054  4354.0  0.1
2055  4354.0  0.1
2056  4354.0  0.1
2057  4354.0  0.1
2058  4354.0  0.1
2059  4354.0  0.1
2060  4354.0  0.1
2061  4354.0  0.1
2062  4354.0  0.1
2063  4354.0  0.1
2064  4354.0  0.1
2065  4354.0  0.1
2066  4354.0  0.1
2067  4354.0  0.1
2068  4354.0  0.1
2069  4354.0  0.1
2070  4354.0  0.1
2071  4354.0  0.1
2072  4354.0  0.1
2073  4354.0  0.1
2074  4354.0  0.1
2075  4354.0  0.1
2076  4354.0  0.1
2077  4354.0  0.1
2078  4354.0  0.1
2079  4354.0  0.1
2080  4354.0  0.1
2081  4354.0  0.1
2082  4354.0  0.1
2083  4354.0  0.1
2084  4354.0  0.1
2085  4354.0  0.1
2086  4354.0  0.1
2087  4354.0  0.1
2088  4354.0  0.1
2089  4354.0  0.1
2090  4354.0  0.1
2091  4354.0  0.1
2092  4354.0  0.1
2093  4354.0  0.1
2094  4354.0  0.1
2095  4354.0  0.1
2096  4354.0  0.1
2097  4354.0  0.1
2098  4354.0  0.1
2099  4354.0  0.1
2100  4354.0  0.1
2101  4354.0  0.1
2102  4354.0  0.1
2103  4354.0  0.1
2104  4354.0  0.1
2105  4354.0  0.1
2106  4354.0  0.1
2107  4354.0  0.1
2108  4354.0  0.1
2109  4354.0  0.1
2110  4354.0  0.1
2111  4354.0  0.1
2112  4354.0  0.1
2113  4354.0  0.1
2114  4354.0  0.1
2115  4354.0  0.1
2116  4354.0  0.1
2117  4354.0  0.1
2118  4354.0  0.1
2119  4354.0  0.1
2120  4354.0  0.1
2121  4354.0  0.1
2122  4354.0  0.1
2123  4354.0  0.1
2124  4354.0  0.1
2125  4354.0  0.1
2126  4354.0  0.1
2127  4354.0  0.1
2128  4354.0  0.1
2129  4354.0  0.1
2130  4354.0  0.1
2131  4354.0  0.1
2132  4354.0  0.1
2133  4354.0  0.1
2134  4354.0  0.1
2135  4354.0  0.1
2136  4354.0  0.1
2137  4354.0  0.1
2138  4354.0  0.1
2139  4354.0  0.1
2140  4354.0  0.1
2141  4354.0  0.1
2142  4354.0  0.1
2143  4354.0  0.1
2144  4354.0  0.1
2145  4354.0  0.1
2146  4354.0  0.1
2147  4354.0  0.1
2148  4354.0  0.1
2149  4354.0  0.1
2150  4354.0  0.1
2151  4354.0  0.1
2152  4354.0  0.1
2153  4354.0  0.1
2154  4354.0  0.1
2155  4354.0  0.1
2156  4354.0  0.1
2157  4354.0  0.1
2158  4354.0  0.1
2159  4354.0  0.1
2160  4354.0  0.1
2161  4354.0  0.1
2162  4354.0  0.1
2163  4354.0  0.1
2164  4354.0  0.1
2165  4354.0  0.1
2166  4354.0  0.1
2167  4354.0  0.1
2168  4354.0  0.1
2169  4354.0  0.1
2170  4354.0  0.1
2171  4354.0  0.1
2172  4354.0  0.1
2173  4354.0  0.1
2174  4354.0  0.1
2175  4354.0  0.1
2176  4354.0  0.1
2177  4354.0  0.1
2178  4354.0  0.1
2179  4354.0  0.1
2180  4354.0  0.1
2181  4354.0  0.1
2182  4354.0  0.1
2183  4354.0  0.1
2184  4354.0  0.1
2185  4354.0  0.1
2186  4354.0  0.1
2187  4354.0  0.1
2188  4354.0  0.1
2189  4354.0  0.1
2190  4354.0  0.1
2191  4354.0  0.1
2192  4354.0  0.1
2193  4354.0  0.1
2194  4354.0  0.1
2195  4354.0  0.1
2196  4354.0  0.1
2197  4354.0  0.1
2198  4354.0  0.1
2199  4354.0  0.1
2200  4354.0  0.1
2201  4354.0  0.1
2202  4354.0  0.1
2203  4354.0  0.1
2204  4354.0  0.1
2205  4354.0  0.1
2206  4354.0  0.1
2207  4354.0  0.1
2208  4354.0  0.1
2209  4354.0  0.1
2210  4354.0  0.1
2211  4354.0  0.1
2212  4354.0  0.1
2213  4354.0  0.1
2214  4354.0  0.1
2215  4354.0  0.1
2216  4354.0  0.1
2217  4354.0  0.1
2218  4354.0  0.1
2219  4354.0  0.1
2220  4354.0  0.1
2221  4354.0  0.1
2222  4354.0  0.1
2223  4354.0  0.1
2224  4354.0  0.1
2225  4354.0  0.1
2226  4354.0  0.1
2227  4354.0  0.1
2228  4354.0  0.1
2229  4354.0  0.1
2230  4354.0  0.1
2231  4354.0  0.1
2232  4354.0  0.1
2233  4354.0  0.1
2234  4354.0  0.1
2235  4354.0  0.1
2236  4354.0  0.1
2237  4354.0  0.1
2238  4354.0  0.1
2239  4354.0  0.1
2240  4354.0  0.1
2241  4354.0  0.1
2242  4354.0  0.1
2243  4354.0  0.1
2244  4354.0  0.1
2245  4354.0  0.1
2246  4354.0  0.1
2247  4354.0  0.1
2248  4354.0  0.1
2249  4354.0  0.1
2250  4354.0  0.1
2251  4354.0  0.1
2252  4354.0  0.1
2253  4354.0  0.1
2254  4354.0  0.1
2255  4354.0  0.1
2256  4354.0  0.1
2257  4354.0  0.1
2258  4354.0  0.1
2259  4354.0  0.1
2260  4354.0  0.1
2261  4354.0  0.1
2262  4354.0  0.1
2263  4354.0  0.1
2264  4354.0  0.1
2265  4354.0  0.1
2266  4354.0  0.1
2267  4354.0  0.1
2268  4354.0  0.1
2269  4354.0  0.1
2270  4354.0  0.1
2271  4354.0  0.1
2272  4354.0  0.1
2273  4354.0  0.1
2274  4354.0  0.1
2275  4354.0  0.1
2276  4354.0  0.1
2277  4354.0  0.1
2278  4354.0  0.1
2279  4354.0  0.1
2280  4354.0  0.1
2281  4354.0  0.1
2282  4354.0  0.1
2283  4354.0  0.1
2284  4354.0  0.1
2285  4354.0  0.1
2286  4354.0  0.1
2287  4354.0  0.1
2288  4354.0  0.1
2289  4354.0  0.1
2290  4354.0  0.1
2291  4354.0  0.1
2292  4354.0  0.1
2293  4354.0  0.1
2294  4354.0  0.1
2295  4354.0  0.1
2296  4354.0  0.1
2297  4354.0  0.1
2298  4354.0  0.1
2299  4354.0  0.1
2300  4354.0  0.1
2301  4354.0  0.1
2302  4354.0  0.1
2303  4354.0  0.1
2304  4354.0  0.1
2305  4354.0  0.1
2306  4354.0  0.1
2307  4354.0  0.1
2308  4354.0  0.1
2309  4354.0  0.1
2310  4354.0  0.1
2311  4354.0  0.1
2312  4354.0  0.1
2313  4354.0  0.1
2314  4354.0  0.1
2315  4354.0  0.1
2316  4354.0  0.1
2317  4354.0  0.1
2318  4354.0  0.1
2319  4354.0  0.1
2320  4354.0  0.1
2321  4354.0  0.1
2322  4354.0  0.1
2323  4354.0  0.1
2324  4354.0  0.1
2325  4354.0  0.1
2326  4354.0  0.1
2327  4354.0  0.1
2328  4354.0  0.1
2329  4354.0  0.1
2330  4354.0  0.1
2331  4354.0  0.1
2332  4354.0  0.1
2333  4354.0  0.1
2334  4354.0  0.1
2335  4354.0  0.1
2336  4354.0  0.1
2337  4354.0  0.1
2338  4354.0  0.1
2339  4354.0  0.1
2340  4354.0  0.1
2341  4354.0  0.1
2342  4354.0  0.1
2343  4354.0  0.1
2344  4354.0  0.1
2345  4354.0  0.1
2346  4354.0  0.1
2347  4354.0  0.1
2348  4354.0  0.1
2349  4354.0  0.1
2350  4354.0  0.1
2351  4354.0  0.1
2352  4354.0  0.1
2353  4354.0  0.1
2354  4354.0  0.1
2355  4354.0  0.1
2356  4354.0  0.1
2357  4354.0  0.1
2358  4354.0  0.1
2359  4354.0  0.1
2360  4354.0  0.1
2361  4354.0  0.1
2362  4354.0  0.1
2363  4354.0  0.1
2364  4354.0  0.1
2365  4354.0  0.1
2366  4354.0  0.1
2367  4354.0  0.1
2368  4354.0  0.1
2369  4354.0  0.1
2370  4354.0  0.1
2371  4354.0  0.1
2372  4354.0  0.1
2373  4354.0  0.1
2374  4354.0  0.1
2375  4354.0  0.1
2376  4354.0  0.1
2377  4354.0  0.1
2378  4354.0  0.1
2379  4354.0  0.1
2380  4354.0  0.1
2381  4354.0  0.1
2382  4354.0  0.1
2383  4354.0  0.1
2384  4354.0  0.1
2385  4354.0  0.1
2386  4354.0  0.1
2387  4354.0  0.1
2388  4354.0  0.1
2389  4354.0  0.1
2390  4354.0  0.1
2391  4354.0  0.1
2392  4354.0  0.1
2393  4354.0  0.1
2394  4354.0  0.1
2395  4354.0  0.1
2396  4354.0  0.1
2397  4354.0  0.1
2398  4354.0  0.1
2399  4354.0  0.1
2400  4354.0  0.1
2401  4354.0  0.1
2402  4354.0  0.1
2403  4354.0  0.1
2404  4354.0  0.1
2405  4354.0  0.1
2406  4354.0  0.1
2407  4354.0  0.1
2408  4354.0  0.1
2409  4354.0  0.1
2410  4354.0  0.1
2411  4354.0  0.1
2412  4354.0  0.1
2413  4354.0  0.1
2414  4354.0  0.1
2415  4354.0  0.1
2416  4354.0  0.1
2417  4354.0  0.1
2418  4354.0  0.1
2419  4354.0  0.1
2420  4354.0  0.1
2421  4354.0  0.1
2422  4354.0  0.1
2423  4354.0  0.1
2424  4354.0  0.1
2425  4354.0  0.1
2426  4354.0  0.1
2427  4354.0  0.1
2428  4354.0  0.1
2429  4354.0  0.1
2430  4354.0  0.1
2431  4354.0  0.1
2432  4354.0  0.1
2433  4354.0  0.1
2434  4354.0  0.1
2435  4354.0  0.1
2436  4354.0  0.1
2437  4354.0  0.1
2438  4354.0  0.1
2439  4354.0  0.1
2440  4354.0  0.1
2441  4354.0  0.1
2442  4354.0  0.1
2443  4354.0  0.1
2444  4354.0  0.1
2445  4354.0  0.1
2446  4354.0  0.1
2447  4354.0  0.1
2448  4354.0  0.1
2449  4354.0  0.1
2450  4354.0  0.1
2451  4354.0  0.1
2452  4354.0  0.1
2453  4354.0  0.1
2454  4354.0  0.1
2455  4354.0  0.1
2456  4354.0  0.1
2457  4354.0  0.1
2458  4354.0  0.1
2459  4354.0  0.1
2460  4354.0  0.1
2461  4354.0  0.1
2462  4354.0  0.1
2463  4354.0  0.1
2464  4354.0  0.1
2465  4354.0  0.1
2466  4354.0  0.1
2467  4354.0  0.1
2468  4354.0  0.1
2469  4354.0  0.1
2470  4354.0  0.1
2471  4354.0  0.1
2472  4354.0  0.1
2473  4354.0  0.1
2474  4354.0  0.1
2475  4354.0  0.1
2476  4354.0  0.1
2477  4354.0  0.1
2478  4354.0  0.1
2479  4354.0  0.1
2480  4354.0  0.1
2481  4354.0  0.1
2482  4354.0  0.1
2483  4354.0  0.1
2484  4354.0  0.1
2485  4354.0  0.1
2486  4354.0  0.1
2487  4354.0  0.1
2488  4354.0  0.1
2489  4354.0  0.1
2490  4354.0  0.1
2491  4354.0  0.1
2492  4354.0  0.1
2493  4354.0  0.1
2494  4354.0  0.1
2495  4354.0  0.1
2496  4354.0  0.1
2497  4354.0  0.1
2498  4354.0  0.1
2499  4354.0  0.1
2500  4354.0  0.1
2501  4354.0  0.1
2502  4354.0  0.1
2503  4354.0  0.1
2504  4354.0  0.1
2505  4354.0  0.1
2506  4354.0  0.1
2507  4354.0  0.1
2508  4354.0  0.1
2509  4354.0  0.1
2510  4354.0  0.1
2511  4354.0  0.1
2512  4354.0  0.1
2513  4354.0  0.1
2514  4354.0  0.1
2515  4354.0  0.1
2516  4354.0  0.1
2517  4354.0  0.1
2518  4354.0  0.1
2519  4354.0  0.1
2520  4354.0  0.1
2521  4354.0  0.1
2522  4354.0  0.1
2523  4354.0  0.1
2524  4354.0  0.1
2525  4354.0  0.1
2526  4354.0  0.1
2527  4354.0  0.1
2528  4354.0  0.1
2529  4354.0  0.1
2530  4354.0  0.1
2531  4354.0  0.1
2532  4354.0  0.1
2533  4354.0  0.1
2534  4354.0  0.1
2535  4354.0  0.1
2536  4354.0  0.1
2537  4354.0  0.1
2538  4354.0  0.1
2539  4354.0  0.1
2540  4354.0  0.1
2541  4354.0  0.1
2542  4354.0  0.1
2543  4354.0  0.1
2544  4354.0  0.1
2545  4354.0  0.1
2546  4354.0  0.1
2547  4354.0  0.1
2548  4354.0  0.1
2549  4354.0  0.1
2550  4354.0  0.1
2551  4354.0  0.1
2552  4354.0  0.1
2553  4354.0  0.1
2554  4354.0  0.1
2555  4354.0  0.1
2556  4354.0  0.1
2557  4354.0  0.1
2558  4354.0  0.1
2559  4354.0  0.1
2560  4354.0  0.1
2561  4354.0  0.1
2562  4354.0  0.1
2563  4354.0  0.1
2564  4354.0  0.1
2565  4354.0  0.1
2566  4354.0  0.1
2567  4354.0  0.1
2568  4354.0  0.1
2569  4354.0  0.1
2570  4354.0  0.1
2571  4354.0  0.1
2572  4354.0  0.1
2573  4354.0  0.1
2574  4354.0  0.1
2575  4354.0  0.1
2576  4354.0  0.1
2577  4354.0  0.1
2578  4354.0  0.1
2579  4354.0  0.1
2580  4354.0  0.1
2581  4354.0  0.1
2582  4354.0  0.1
2583  4354.0  0.1
2584  4354.0  0.1
2585  4354.0  0.1
2586  4354.0  0.1
2587  4354.0  0.1
2588  4354.0  0.1
2589  4354.0  0.1
2590  4354.0  0.1
2591  4354.0  0.1
2592  4354.0  0.1
2593  4354.0  0.1
2594  4354.0  0.1
2595  4354.0  0.1
2596  4354.0  0.1
2597  4354.0  0.1
2598  4354.0  0.1
2599  4354.0  0.1
2600  4354.0  0.1
2601  4354.0  0.1
2602  4354.0  0.1
2603  4354.0  0.1
2604  4354.0  0.1
2605  4354.0  0.1
2606  4354.0  0.1
2607  4354.0  0.1
2608  4354.0  0.1
2609  4354.0  0.1
2610  4354.0  0.1
2611  4354.0  0.1
2612  4354.0  0.1
2613  4354.0  0.1
2614  4354.0  0.1
2615  4354.0  0.1
2616  4354.0  0.1
2617  4354.0  0.1
2618  4354.0  0.1
2619  4354.0  0.1
2620  4354.0  0.1
2621  4354.0  0.1
2622  4354.0  0.1
2623  4354.0  0.1
2624  4354.0  0.1
2625  4354.0  0.1
2626  4354.0  0.1
2627  4354.0  0.1
2628  4354.0  0.1
2629  4354.0  0.1
2630  4354.0  0.1
2631  4354.0  0.1
2632  4354.0  0.1
2633  4354.0  0.1
2634  4354.0  0.1
2635  4354.0  0.1
2636  4354.0  0.1
2637  4354.0  0.1
2638  4354.0  0.1
2639  4354.0  0.1
2640  4354.0  0.1
2641  4354.0  0.1
2642  4354.0  0.1
2643  4354.0  0.1
2644  4354.0  0.1
2645  4354.0  0.1
2646  4354.0  0.1
2647  4354.0  0.1
2648  4354.0  0.1
2649  4354.0  0.1
2650  4354.0  0.1
2651  4354.0  0.1
2652  4354.0  0.1
2653  4354.0  0.1
2654  4354.0  0.1
2655  4354.0  0.1
2656  4354.0  0.1
2657  4354.0  0.1
2658  4354.0  0.1
2659  4354.0  0.1
2660  4354.0  0.1
2661  4354.0  0.1
2662  4354.0  0.1
2663  4354.0  0.1
2664  4354.0  0.1
2665  4354.0  0.1
2666  4354.0  0.1
2667  4354.0  0.1
2668  4354.0  0.1
2669  4354.0  0.1
2670  4354.0  0.1
2671  4354.0  0.1
2672  4354.0  0.1
2673  4354.0  0.1
2674  4354.0  0.1
2675  4354.0  0.1
2676  4354.0  0.1
2677  4354.0  0.1
2678  4354.0  0.1
2679  4354.0  0.1
2680  4354.0  0.1
2681  4354.0  0.1
2682  4354.0  0.1
2683  4354.0  0.1
2684  4354.0  0.1
2685  4354.0  0.1
2686  4354.0  0.1
2687  4354.0  0.1
2688  4354.0  0.1
2689  4354.0  0.1
2690  4354.0  0.1
2691  4354.0  0.1
2692  4354.0  0.1
2693  4354.0  0.1
2694  4354.0  0.1
2695  4354.0  0.1
2696  4354.0  0.1
2697  4354.0  0.1
2698  4354.0  0.1
2699  4354.0  0.1
2700  4354.0  0.1
2701  4354.0  0.1
2702  4354.0  0.1
2703  4354.0  0.1
2704  4354.0  0.1
2705  4354.0  0.1
2706  4354.0  0.1
2707  4354.0  0.1
2708  4354.0  0.1
2709  4354.0  0.1
2710  4354.0  0.1
2711  4354.0  0.1
2712  4354.0  0.1
2713  4354.0  0.1
2714  4354.0  0.1
2715  4354.0  0.1
2716  4354.0  0.1
2717  4354.0  0.1
2718  4354.0  0.1
2719  4354.0  0.1
2720  4354.0  0.1
2721  4354.0  0.1
2722  4354.0  0.1
2723  4354.0  0.1
2724  4354.0  0.1
2725  4354.0  0.1
2726  4354.0  0.1
2727  4354.0  0.1
2728  4354.0  0.1
2729  4354.0  0.1
2730  4354.0  0.1
2731  4354.0  0.1
2732  4354.0  0.1
2733  4354.0  0.1
2734  4354.0  0.1
2735  4354.0  0.1
2736  4354.0  0.1
2737  4354.0  0.1
2738  4354.0  0.1
2739  4354.0  0.1
2740  4354.0  0.1
2741  4354.0  0.1
2742  4354.0  0.1
2743  4354.0  0.1
2744  4354.0  0.1
2745  4354.0  0.1
2746  4354.0  0.1
2747  4354.0  0.1
2748  4354.0  0.1
2749  4354.0  0.1
2750  4354.0  0.1
2751  4354.0  0.1
2752  4354.0  0.1
2753  4354.0  0.1
2754  4354.0  0.1
2755  4354.0  0.1
2756  4354.0  0.1
2757  4354.0  0.1
2758  4354.0  0.1
2759  4354.0  0.1
2760  4354.0  0.1
2761  4354.0  0.1
2762  4354.0  0.1
2763  4354.0  0.1
2764  4354.0  0.1
2765  4354.0  0.1
2766  4354.0  0.1
2767  4354.0  0.1
2768  4354.0  0.1
2769  4354.0  0.1
2770  4354.0  0.1
2771  4354.0  0.1
2772  4354.0  0.1
2773  4354.0  0.1
2774  4354.0  0.1
2775  4354.0  0.1
2776  4354.0  0.1
2777  4354.0  0.1
2778  4354.0  0.1
2779  4354.0  0.1
2780  4354.0  0.1
2781  4354.0  0.1
2782  4354.0  0.1
2783  4354.0  0.1
2784  4354.0  0.1
2785  4354.0  0.1
2786  4354.0  0.1
2787  4354.0  0.1
2788  4354.0  0.1
2789  4354.0  0.1
2790  4354.0  0.1
2791  4354.0  0.1
2792  4354.0  0.1
2793  4354.0  0.1
2794  4354.0  0.1
2795  4354.0  0.1
2796  4354.0  0.1
2797  4354.0  0.1
2798  4354.0  0.1
2799  4354.0  0.1
2800  4354.0  0.1
2801  4354.0  0.1
2802  4354.0  0.1
2803  4354.0  0.1
2804  4354.0  0.1
2805  4354.0  0.1
2806  4354.0  0.1
2807  4354.0  0.1
2808  4354.0  0.1
2809  4354.0  0.1
2810  4354.0  0.1
2811  4354.0  0.1
2812  4354.0  0.1
2813  4354.0  0.1
2814  4354.0  0.1
2815  4354.0  0.1
2816  4354.0  0.1
2817  4354.0  0.1
2818  4354.0  0.1
2819  4354.0  0.1
2820  4354.0  0.1
2821  4354.0  0.1
2822  4354.0  0.1
2823  4354.0  0.1
2824  4354.0  0.1
2825  4354.0  0.1
2826  4354.0  0.1
2827  4354.0  0.1
2828  4354.0  0.1
2829  4354.0  0.1
2830  4354.0  0.1
2831  4354.0  0.1
2832  4354.0  0.1
2833  4354.0  0.1
2834  4354.0  0.1
2835  4354.0  0.1
2836  4354.0  0.1
2837  4354.0  0.1
2838  4354.0  0.1
2839  4354.0  0.1
2840  4354.0  0.1
2841  4354.0  0.1
2842  4354.0  0.1
2843  4354.0  0.1
2844  4354.0  0.1
2845  4354.0  0.1
2846  4354.0  0.1
2847  4354.0  0.1
2848  4354.0  0.1
2849  4354.0  0.1
2850  4354.0  0.1
2851  4354.0  0.1
2852  4354.0  0.1
2853  4354.0  0.1
2854  4354.0  0.1
2855  4354.0  0.1
2856  4354.0  0.1
2857  4354.0  0.1
2858  4354.0  0.1
2859  4354.0  0.1
2860  4354.0  0.1
2861  4354.0  0.1
2862  4354.0  0.1
2863  4354.0  0.1
2864  4354.0  0.1
2865  4354.0  0.1
2866  4354.0  0.1
2867  4354.0  0.1
2868  4354.0  0.1
2869  4354.0  0.1
2870  4354.0  0.1
2871  4354.0  0.1
2872  4354.0  0.1
2873  4354.0  0.1
2874  4354.0  0.1
2875  4354.0  0.1
2876  4354.0  0.1
2877  4354.0  0.1
2878  4354.0  0.1
2879  4354.0  0.1
2880  4354.0  0.1
2881  4354.0  0.1
2882  4354.0  0.1
2883  4354.0  0.1
2884  4354.0  0.1
2885  4354.0  0.1
2886  4354.0  0.1
2887  4354.0  0.1
2888  4354.0  0.1
2889  4354.0  0.1
2890  4354.0  0.1
2891  4354.0  0.1
2892  4354.0  0.1
2893  4354.0  0.1
2894  4354.0  0.1
2895  4354.0  0.1
2896  4354.0  0.1
2897  4354.0  0.1
2898  4354.0  0.1
2899  4354.0  0.1
2900  4354.0  0.1
2901  4354.0  0.1
2902  4354.0  0.1
2903  4354.0  0.1
2904  4354.0  0.1
2905  4354.0  0.1
2906  4354.0  0.1
2907  4354.0  0.1
2908  4354.0  0.1
2909  4354.0  0.1
2910  4354.0  0.1
2911  4354.0  0.1
2912  4354.0  0.1
2913  4354.0  0.1
2914  4354.0  0.1
2915  4354.0  0.1
2916  4354.0  0.1
2917  4354.0  0.1
2918  4354.0  0.1
2919  4354.0  0.1
2920  4354.0  0.1
2921  4354.0  0.1
2922  4354.0  0.1
2923  4354.0  0.1
2924  4354.0  0.1
2925  4354.0  0.1
2926  4354.0  0.1
2927  4354.0  0.1
2928  4354.0  0.1
2929  4354.0  0.1
2930  4354.0  0.1
2931  4354.0  0.1
2932  4354.0  0.1
2933  4354.0  0.1
2934  4354.0  0.1
2935  4354.0  0.1
2936  4354.0  0.1
2937  4354.0  0.1
2938  4354.0  0.1
2939  4354.0  0.1
2940  4354.0  0.1
2941  4354.0  0.1
2942  4354.0  0.1
2943  4354.0  0.1
2944  4354.0  0.1
2945  4354.0  0.1
2946  4354.0  0.1
2947  4354.0  0.1
2948  4354.0  0.1
2949  4354.0  0.1
2950  4354.0  0.1
2951  4354.0  0.1
2952  4354.0  0.1
2953  4354.0  0.1
2954  4354.0  0.1
2955  4354.0  0.1
2956  4354.0  0.1
2957  4354.0  0.1
2958  4354.0  0.1
2959  4354.0  0.1
2960  4354.0  0.1
2961  4354.0  0.1
2962  4354.0  0.1
2963  4354.0  0.1
2964  4354.0  0.1
2965  4354.0  0.1
2966  4354.0  0.1
2967  4354.0  0.1
2968  4354.0  0.1
2969  4354.0  0.1
2970  4354.0  0.1
2971  4354.0  0.1
2972  4354.0  0.1
2973  4354.0  0.1
2974  4354.0  0.1
2975  4354.0  0.1
2976  4354.0  0.1
2977  4354.0  0.1
2978  4354.0  0.1
2979  4354.0  0.1
2980  4354.0  0.1
2981  4354.0  0.1
2982  4354.0  0.1
2983  4354.0  0.1
2984  4354.0  0.1
2985  4354.0  0.1
2986  4354.0  0.1
2987  4354.0  0.1
2988  4354.0  0.1
2989  4354.0  0.1
2990  4354.0  0.1
2991  4354.0  0.1
2992  4354.0  0.1
2993  4354.0  0.1
2994  4354.0  0.1
2995  4354.0  0.1
2996  4354.0  0.1
2997  4354.0  0.1
2998  4354.0  0.1
2999  4354.0  0.1
#[-9, -5, -4, 2, 6, 6, 6, 6, 7, 9]
#[-7, 6, 6, 6, 6, 6, 6, 7, 7, 8]
#[4, 6, 6, 6, 6, 6, 6, 6, 6, 9]
#[6, 6, 6, 6, 6, 6, 6, 6, 6, 6]
#[-8, 6, 6, 6, 6, 6, 6, 6, 6, 8]
#[-9, -3, 6, 6, 6, 6, 6, 6, 6, 6]
#[-8, 2, 6, 6, 6, 6, 6, 6, 6, 8]
#[-5, 2, 6, 6, 6, 6, 6, 6, 6, 9]
#[-7, 6, 6, 6, 6, 6, 6, 6, 7, 9]
#Specialization index= [3, 6, 0.15384615384615385]
