#[9, 0, 1, 7, 4]
#[9, 5, 6, 1, 5]
#[8, 5, 1, 9, 8]
#[9, 7, 4, 2, 3]
#[0, 0, 9, 0, 4]
#[8, 9, 9, 9, 3]
#[0, 7, 9, 5, 5]
#[9, 5, 4, 1, 9]
#[2, 7, 7, 3, 6]
#[7, 8, 0, 4, 6]
#[8, 3, 4, 6, 3]
#[9, 8, 1, 0, 0]
#[5, 7, 2, 4, 4]
#[9, 8, 9, 6, 4]
#[4, 4, 0, 7, 1]
#[4, 6, 6, 2, 5]
#[8, 3, 0, 8, 3]
#[6, 9, 7, 6, 9]
#[4, 8, 8, 7, 8]
#[7, 3, 1, 7, 2]
#[7, 0, 6, 7, 7]
#[8, 3, 9, 6, 1]
#[0, 0, 6, 8, 6]
#[8, 7, 2, 4, 1]
#[1, 7, 5, 3, 8]
0  3471.5  0.0769230769231
1  3471.5  0.0769230769231
2  3471.5  0.0769230769231
3  3471.5  0.0769230769231
4  3471.5  0.0769230769231
5  3471.5  0.0769230769231
6  3471.5  0.0769230769231
7  3471.5  0.0769230769231
8  3471.5  0.0769230769231
9  3471.5  0.0769230769231
10  3471.5  0.0769230769231
11  3471.5  0.0769230769231
12  3471.5  0.0769230769231
13  3471.5  0.0769230769231
14  3471.5  0.0769230769231
15  3471.5  0.0769230769231
16  3471.5  0.0769230769231
17  3471.5  0.0769230769231
18  3471.5  0.0769230769231
19  3471.5  0.0769230769231
20  3471.5  0.0769230769231
21  3471.5  0.0769230769231
22  3471.5  0.0769230769231
23  3471.5  0.0769230769231
24  3471.5  0.0769230769231
25  3471.5  0.0769230769231
26  3471.5  0.0769230769231
27  3471.5  0.0769230769231
28  3471.5  0.0769230769231
29  3471.5  0.0769230769231
30  3471.5  0.0769230769231
31  3523.0  0.0846153846154
32  3523.0  0.0846153846154
33  3523.0  0.0846153846154
34  3523.0  0.0846153846154
35  3523.0  0.0846153846154
36  3523.0  0.0846153846154
37  3523.0  0.0846153846154
38  3523.0  0.0846153846154
39  3523.0  0.0846153846154
40  3523.0  0.0846153846154
41  3523.0  0.0846153846154
42  3523.0  0.0846153846154
43  3523.0  0.0846153846154
44  3523.0  0.0846153846154
45  3523.0  0.0846153846154
46  3523.0  0.0846153846154
47  3523.0  0.0846153846154
48  3523.0  0.0846153846154
49  3523.0  0.0846153846154
50  3523.0  0.0846153846154
51  3523.0  0.0846153846154
52  3523.0  0.0846153846154
53  3523.0  0.0846153846154
54  3523.0  0.0846153846154
55  3523.0  0.0846153846154
56  3523.0  0.0846153846154
57  3523.0  0.0846153846154
58  3523.0  0.0846153846154
59  3550.0  0.0769230769231
60  3550.0  0.0769230769231
61  3550.0  0.0769230769231
62  3550.0  0.0769230769231
63  3550.0  0.0769230769231
64  3550.0  0.0769230769231
65  3550.0  0.0769230769231
66  3550.0  0.0769230769231
67  3550.0  0.0769230769231
68  3550.0  0.0769230769231
69  3550.0  0.0769230769231
70  3550.0  0.0769230769231
71  3550.0  0.0769230769231
72  3550.0  0.0769230769231
73  3550.0  0.0769230769231
74  3550.0  0.0769230769231
75  3550.0  0.0769230769231
76  3550.0  0.0769230769231
77  3550.0  0.0769230769231
78  3611.0  0.0615384615385
79  3611.0  0.0615384615385
80  3611.0  0.0615384615385
81  3611.0  0.0615384615385
82  3611.0  0.0615384615385
83  3611.0  0.0615384615385
84  3611.0  0.0615384615385
85  3611.0  0.0615384615385
86  3611.0  0.0615384615385
87  3611.0  0.0615384615385
88  3611.0  0.0615384615385
89  3611.0  0.0615384615385
90  3611.0  0.0615384615385
91  3611.0  0.0615384615385
92  3611.0  0.0615384615385
93  3611.0  0.0615384615385
94  3611.0  0.0615384615385
95  3611.0  0.0615384615385
96  3611.0  0.0615384615385
97  3611.0  0.0615384615385
98  3611.0  0.0615384615385
99  3611.0  0.0615384615385
100  3611.0  0.0615384615385
101  3611.0  0.0615384615385
102  3611.0  0.0615384615385
103  3611.0  0.0615384615385
104  3611.0  0.0615384615385
105  3611.0  0.0615384615385
106  3611.0  0.0615384615385
107  3611.0  0.0615384615385
108  3611.0  0.0615384615385
109  3611.0  0.0615384615385
110  3611.0  0.0615384615385
111  3611.0  0.0615384615385
112  3611.0  0.0615384615385
113  3611.0  0.0615384615385
114  3611.0  0.0615384615385
115  3611.0  0.0615384615385
116  3611.0  0.0615384615385
117  3611.0  0.0615384615385
118  3611.0  0.0615384615385
119  3611.0  0.0615384615385
120  3611.0  0.0615384615385
121  3611.0  0.0615384615385
122  3611.0  0.0615384615385
123  3611.0  0.0615384615385
124  3611.0  0.0615384615385
125  3611.0  0.0615384615385
126  3611.0  0.0615384615385
127  3611.0  0.0615384615385
128  3611.0  0.0615384615385
129  3611.0  0.0615384615385
130  3611.0  0.0615384615385
131  3611.0  0.0615384615385
132  3611.0  0.0615384615385
133  3611.0  0.0615384615385
134  3611.0  0.0615384615385
135  3611.0  0.0615384615385
136  3611.0  0.0615384615385
137  3611.0  0.0615384615385
138  3611.0  0.0615384615385
139  3611.0  0.0615384615385
140  3611.0  0.0615384615385
141  3611.0  0.0615384615385
142  3611.0  0.0615384615385
143  3611.0  0.0615384615385
144  3611.0  0.0615384615385
145  3611.0  0.0615384615385
146  3611.0  0.0615384615385
147  3611.0  0.0615384615385
148  3611.0  0.0615384615385
149  3611.0  0.0615384615385
150  3611.0  0.0615384615385
151  3611.0  0.0615384615385
152  3611.0  0.0615384615385
153  3611.0  0.0615384615385
154  3611.0  0.0615384615385
155  3611.0  0.0615384615385
156  3611.0  0.0615384615385
157  3611.0  0.0615384615385
158  3611.0  0.0615384615385
159  3611.0  0.0615384615385
160  3611.0  0.0615384615385
161  3611.0  0.0615384615385
162  3611.0  0.0615384615385
163  3611.0  0.0615384615385
164  3611.0  0.0615384615385
165  3611.0  0.0615384615385
166  3611.0  0.0615384615385
167  3611.0  0.0615384615385
168  3611.0  0.0615384615385
169  3611.0  0.0615384615385
170  3611.0  0.0615384615385
171  3611.0  0.0615384615385
172  3611.0  0.0615384615385
173  3611.0  0.0615384615385
174  3611.0  0.0615384615385
175  3611.0  0.0615384615385
176  3611.0  0.0615384615385
177  3611.0  0.0615384615385
178  3611.0  0.0615384615385
179  3611.0  0.0615384615385
180  3611.0  0.0615384615385
181  3611.0  0.0615384615385
182  3611.0  0.0615384615385
183  3611.0  0.0615384615385
184  3611.0  0.0615384615385
185  3611.0  0.0615384615385
186  3611.0  0.0615384615385
187  3611.0  0.0615384615385
188  3611.0  0.0615384615385
189  3611.0  0.0615384615385
190  3611.0  0.0615384615385
191  3611.0  0.0615384615385
192  3611.0  0.0615384615385
193  3611.0  0.0615384615385
194  3611.0  0.0615384615385
195  3611.0  0.0615384615385
196  3611.0  0.0615384615385
197  3629.5  0.0461538461538
198  3629.5  0.0461538461538
199  3629.5  0.0461538461538
200  3629.5  0.0461538461538
201  3629.5  0.0461538461538
202  3629.5  0.0461538461538
203  3629.5  0.0461538461538
204  3629.5  0.0461538461538
205  3629.5  0.0461538461538
206  3629.5  0.0461538461538
207  3629.5  0.0461538461538
208  3629.5  0.0461538461538
209  3629.5  0.0461538461538
210  3629.5  0.0461538461538
211  3629.5  0.0461538461538
212  3629.5  0.0461538461538
213  3629.5  0.0461538461538
214  3629.5  0.0461538461538
215  3629.5  0.0461538461538
216  3629.5  0.0461538461538
217  3629.5  0.0461538461538
218  3629.5  0.0461538461538
219  3629.5  0.0461538461538
220  3629.5  0.0461538461538
221  3629.5  0.0461538461538
222  3629.5  0.0461538461538
223  3629.5  0.0461538461538
224  3629.5  0.0461538461538
225  3629.5  0.0461538461538
226  3629.5  0.0461538461538
227  3629.5  0.0461538461538
228  3629.5  0.0461538461538
229  3629.5  0.0461538461538
230  3629.5  0.0461538461538
231  3629.5  0.0461538461538
232  3629.5  0.0461538461538
233  3629.5  0.0461538461538
234  3629.5  0.0461538461538
235  3629.5  0.0461538461538
236  3629.5  0.0461538461538
237  3629.5  0.0461538461538
238  3629.5  0.0461538461538
239  3629.5  0.0461538461538
240  3629.5  0.0461538461538
241  3629.5  0.0461538461538
242  3629.5  0.0461538461538
243  3629.5  0.0461538461538
244  3629.5  0.0461538461538
245  3629.5  0.0461538461538
246  3629.5  0.0461538461538
247  3629.5  0.0461538461538
248  3629.5  0.0461538461538
249  3629.5  0.0461538461538
250  3629.5  0.0461538461538
251  3629.5  0.0461538461538
252  3629.5  0.0461538461538
253  3629.5  0.0461538461538
254  3629.5  0.0461538461538
255  3629.5  0.0461538461538
256  3629.5  0.0461538461538
257  3629.5  0.0461538461538
258  3629.5  0.0461538461538
259  3629.5  0.0461538461538
260  3629.5  0.0461538461538
261  3629.5  0.0461538461538
262  3629.5  0.0461538461538
263  3629.5  0.0461538461538
264  3629.5  0.0461538461538
265  3629.5  0.0461538461538
266  3629.5  0.0461538461538
267  3629.5  0.0461538461538
268  3629.5  0.0461538461538
269  3629.5  0.0461538461538
270  3629.5  0.0461538461538
271  3629.5  0.0461538461538
272  3629.5  0.0461538461538
273  3629.5  0.0461538461538
274  3629.5  0.0461538461538
275  3629.5  0.0461538461538
276  3629.5  0.0461538461538
277  3629.5  0.0461538461538
278  3629.5  0.0461538461538
279  3629.5  0.0461538461538
280  3629.5  0.0461538461538
281  3629.5  0.0461538461538
282  3629.5  0.0461538461538
283  3629.5  0.0461538461538
284  3629.5  0.0461538461538
285  3629.5  0.0461538461538
286  3629.5  0.0461538461538
287  3629.5  0.0461538461538
288  3629.5  0.0461538461538
289  3629.5  0.0461538461538
290  3629.5  0.0461538461538
291  3629.5  0.0461538461538
292  3629.5  0.0461538461538
293  3629.5  0.0461538461538
294  3629.5  0.0461538461538
295  3629.5  0.0461538461538
296  3629.5  0.0461538461538
297  3629.5  0.0461538461538
298  3629.5  0.0461538461538
299  3629.5  0.0461538461538
300  3629.5  0.0461538461538
301  3629.5  0.0461538461538
302  3629.5  0.0461538461538
303  3629.5  0.0461538461538
304  3629.5  0.0461538461538
305  3629.5  0.0461538461538
306  3629.5  0.0461538461538
307  3629.5  0.0461538461538
308  3629.5  0.0461538461538
309  3629.5  0.0461538461538
310  3629.5  0.0461538461538
311  3629.5  0.0461538461538
312  3629.5  0.0461538461538
313  3629.5  0.0461538461538
314  3629.5  0.0461538461538
315  3629.5  0.0461538461538
316  3629.5  0.0461538461538
317  3629.5  0.0461538461538
318  3629.5  0.0461538461538
319  3629.5  0.0461538461538
320  3629.5  0.0461538461538
321  3629.5  0.0461538461538
322  3629.5  0.0461538461538
323  3629.5  0.0461538461538
324  3629.5  0.0461538461538
325  3629.5  0.0461538461538
326  3629.5  0.0461538461538
327  3629.5  0.0461538461538
328  3629.5  0.0461538461538
329  3629.5  0.0461538461538
330  3629.5  0.0461538461538
331  3629.5  0.0461538461538
332  3629.5  0.0461538461538
333  3629.5  0.0461538461538
334  3629.5  0.0461538461538
335  3629.5  0.0461538461538
336  3629.5  0.0461538461538
337  3629.5  0.0461538461538
338  3629.5  0.0461538461538
339  3629.5  0.0461538461538
340  3629.5  0.0461538461538
341  3629.5  0.0461538461538
342  3629.5  0.0461538461538
343  3629.5  0.0461538461538
344  3629.5  0.0461538461538
345  3629.5  0.0461538461538
346  3629.5  0.0461538461538
347  3629.5  0.0461538461538
348  3629.5  0.0461538461538
349  3629.5  0.0461538461538
350  3629.5  0.0461538461538
351  3629.5  0.0461538461538
352  3629.5  0.0461538461538
353  3629.5  0.0461538461538
354  3629.5  0.0461538461538
355  3629.5  0.0461538461538
356  3629.5  0.0461538461538
357  3629.5  0.0461538461538
358  3629.5  0.0461538461538
359  3629.5  0.0461538461538
360  3629.5  0.0461538461538
361  3629.5  0.0461538461538
362  3629.5  0.0461538461538
363  3629.5  0.0461538461538
364  3629.5  0.0461538461538
365  3629.5  0.0461538461538
366  3629.5  0.0461538461538
367  3629.5  0.0461538461538
368  3629.5  0.0461538461538
369  3629.5  0.0461538461538
370  3629.5  0.0461538461538
371  3629.5  0.0461538461538
372  3629.5  0.0461538461538
373  3629.5  0.0461538461538
374  3629.5  0.0461538461538
375  3629.5  0.0461538461538
376  3629.5  0.0461538461538
377  3629.5  0.0461538461538
378  3629.5  0.0461538461538
379  3629.5  0.0461538461538
380  3629.5  0.0461538461538
381  3629.5  0.0461538461538
382  3629.5  0.0461538461538
383  3629.5  0.0461538461538
384  3629.5  0.0461538461538
385  3629.5  0.0461538461538
386  3629.5  0.0461538461538
387  3629.5  0.0461538461538
388  3629.5  0.0461538461538
389  3629.5  0.0461538461538
390  3629.5  0.0461538461538
391  3629.5  0.0461538461538
392  3629.5  0.0461538461538
393  3629.5  0.0461538461538
394  3629.5  0.0461538461538
395  3629.5  0.0461538461538
396  3629.5  0.0461538461538
397  3629.5  0.0461538461538
398  3629.5  0.0461538461538
399  3629.5  0.0461538461538
400  3629.5  0.0461538461538
401  3629.5  0.0461538461538
402  3629.5  0.0461538461538
403  3629.5  0.0461538461538
404  3629.5  0.0461538461538
405  3629.5  0.0461538461538
406  3629.5  0.0461538461538
407  3629.5  0.0461538461538
408  3629.5  0.0461538461538
409  3629.5  0.0461538461538
410  3629.5  0.0461538461538
411  3629.5  0.0461538461538
412  3629.5  0.0461538461538
413  3629.5  0.0461538461538
414  3629.5  0.0461538461538
415  3629.5  0.0461538461538
416  3629.5  0.0461538461538
417  3629.5  0.0461538461538
418  3629.5  0.0461538461538
419  3629.5  0.0461538461538
420  3629.5  0.0461538461538
421  3629.5  0.0461538461538
422  3629.5  0.0461538461538
423  3629.5  0.0461538461538
424  3629.5  0.0461538461538
425  3629.5  0.0461538461538
426  3629.5  0.0461538461538
427  3629.5  0.0461538461538
428  3629.5  0.0461538461538
429  3629.5  0.0461538461538
430  3629.5  0.0461538461538
431  3629.5  0.0461538461538
432  3629.5  0.0461538461538
433  3629.5  0.0461538461538
434  3629.5  0.0461538461538
435  3629.5  0.0461538461538
436  3629.5  0.0461538461538
437  3629.5  0.0461538461538
438  3629.5  0.0461538461538
439  3629.5  0.0461538461538
440  3629.5  0.0461538461538
441  3629.5  0.0461538461538
442  3629.5  0.0461538461538
443  3629.5  0.0461538461538
444  3629.5  0.0461538461538
445  3629.5  0.0461538461538
446  3629.5  0.0461538461538
447  3629.5  0.0461538461538
448  3629.5  0.0461538461538
449  3629.5  0.0461538461538
450  3629.5  0.0461538461538
451  3629.5  0.0461538461538
452  3629.5  0.0461538461538
453  3629.5  0.0461538461538
454  3629.5  0.0461538461538
455  3629.5  0.0461538461538
456  3629.5  0.0461538461538
457  3629.5  0.0461538461538
458  3629.5  0.0461538461538
459  3629.5  0.0461538461538
460  3629.5  0.0461538461538
461  3629.5  0.0461538461538
462  3629.5  0.0461538461538
463  3629.5  0.0461538461538
464  3629.5  0.0461538461538
465  3629.5  0.0461538461538
466  3629.5  0.0461538461538
467  3629.5  0.0461538461538
468  3629.5  0.0461538461538
469  3629.5  0.0461538461538
470  3629.5  0.0461538461538
471  3629.5  0.0461538461538
472  3629.5  0.0461538461538
473  3629.5  0.0461538461538
474  3629.5  0.0461538461538
475  3629.5  0.0461538461538
476  3629.5  0.0461538461538
477  3629.5  0.0461538461538
478  3629.5  0.0461538461538
479  3629.5  0.0461538461538
480  3629.5  0.0461538461538
481  3629.5  0.0461538461538
482  3629.5  0.0461538461538
483  3629.5  0.0461538461538
484  3629.5  0.0461538461538
485  3629.5  0.0461538461538
486  3629.5  0.0461538461538
487  3629.5  0.0461538461538
488  3629.5  0.0461538461538
489  3629.5  0.0461538461538
490  3629.5  0.0461538461538
491  3629.5  0.0461538461538
492  3629.5  0.0461538461538
493  3629.5  0.0461538461538
494  3629.5  0.0461538461538
495  3629.5  0.0461538461538
496  3629.5  0.0461538461538
497  3629.5  0.0461538461538
498  3629.5  0.0461538461538
499  3629.5  0.0461538461538
500  3629.5  0.0461538461538
501  3629.5  0.0461538461538
502  3629.5  0.0461538461538
503  3629.5  0.0461538461538
504  3629.5  0.0461538461538
505  3629.5  0.0461538461538
506  3629.5  0.0461538461538
507  3629.5  0.0461538461538
508  3629.5  0.0461538461538
509  3629.5  0.0461538461538
510  3629.5  0.0461538461538
511  3629.5  0.0461538461538
512  3629.5  0.0461538461538
513  3629.5  0.0461538461538
514  3629.5  0.0461538461538
515  3629.5  0.0461538461538
516  3629.5  0.0461538461538
517  3629.5  0.0461538461538
518  3629.5  0.0461538461538
519  3629.5  0.0461538461538
520  3629.5  0.0461538461538
521  3629.5  0.0461538461538
522  3629.5  0.0461538461538
523  3629.5  0.0461538461538
524  3629.5  0.0461538461538
525  3629.5  0.0461538461538
526  3629.5  0.0461538461538
527  3629.5  0.0461538461538
528  3629.5  0.0461538461538
529  3629.5  0.0461538461538
530  3629.5  0.0461538461538
531  3629.5  0.0461538461538
532  3629.5  0.0461538461538
533  3629.5  0.0461538461538
534  3629.5  0.0461538461538
535  3629.5  0.0461538461538
536  3629.5  0.0461538461538
537  3629.5  0.0461538461538
538  3629.5  0.0461538461538
539  3629.5  0.0461538461538
540  3629.5  0.0461538461538
541  3629.5  0.0461538461538
542  3629.5  0.0461538461538
543  3629.5  0.0461538461538
544  3629.5  0.0461538461538
545  3629.5  0.0461538461538
546  3629.5  0.0461538461538
547  3629.5  0.0461538461538
548  3629.5  0.0461538461538
549  3629.5  0.0461538461538
550  3629.5  0.0461538461538
551  3629.5  0.0461538461538
552  3629.5  0.0461538461538
553  3629.5  0.0461538461538
554  3629.5  0.0461538461538
555  3629.5  0.0461538461538
556  3629.5  0.0461538461538
557  3629.5  0.0461538461538
558  3629.5  0.0461538461538
559  3629.5  0.0461538461538
560  3629.5  0.0461538461538
561  3629.5  0.0461538461538
562  3629.5  0.0461538461538
563  3629.5  0.0461538461538
564  3629.5  0.0461538461538
565  3629.5  0.0461538461538
566  3629.5  0.0461538461538
567  3629.5  0.0461538461538
568  3629.5  0.0461538461538
569  3629.5  0.0461538461538
570  3629.5  0.0461538461538
571  3629.5  0.0461538461538
572  3629.5  0.0461538461538
573  3629.5  0.0461538461538
574  3629.5  0.0461538461538
575  3629.5  0.0461538461538
576  3629.5  0.0461538461538
577  3629.5  0.0461538461538
578  3629.5  0.0461538461538
579  3629.5  0.0461538461538
580  3629.5  0.0461538461538
581  3629.5  0.0461538461538
582  3629.5  0.0461538461538
583  3629.5  0.0461538461538
584  3629.5  0.0461538461538
585  3629.5  0.0461538461538
586  3629.5  0.0461538461538
587  3629.5  0.0461538461538
588  3629.5  0.0461538461538
589  3629.5  0.0461538461538
590  3629.5  0.0461538461538
591  3629.5  0.0461538461538
592  3629.5  0.0461538461538
593  3629.5  0.0461538461538
594  3629.5  0.0461538461538
595  3629.5  0.0461538461538
596  3629.5  0.0461538461538
597  3629.5  0.0461538461538
598  3629.5  0.0461538461538
599  3629.5  0.0461538461538
600  3629.5  0.0461538461538
601  3629.5  0.0461538461538
602  3629.5  0.0461538461538
603  3629.5  0.0461538461538
604  3629.5  0.0461538461538
605  3629.5  0.0461538461538
606  3629.5  0.0461538461538
607  3629.5  0.0461538461538
608  3629.5  0.0461538461538
609  3629.5  0.0461538461538
610  3629.5  0.0461538461538
611  3629.5  0.0461538461538
612  3629.5  0.0461538461538
613  3629.5  0.0461538461538
614  3629.5  0.0461538461538
615  3629.5  0.0461538461538
616  3629.5  0.0461538461538
617  3629.5  0.0461538461538
618  3629.5  0.0461538461538
619  3629.5  0.0461538461538
620  3629.5  0.0461538461538
621  3629.5  0.0461538461538
622  3629.5  0.0461538461538
623  3629.5  0.0461538461538
624  3629.5  0.0461538461538
625  3629.5  0.0461538461538
626  3629.5  0.0461538461538
627  3629.5  0.0461538461538
628  3629.5  0.0461538461538
629  3629.5  0.0461538461538
630  3629.5  0.0461538461538
631  3629.5  0.0461538461538
632  3629.5  0.0461538461538
633  3629.5  0.0461538461538
634  3629.5  0.0461538461538
635  3629.5  0.0461538461538
636  3629.5  0.0461538461538
637  3629.5  0.0461538461538
638  3629.5  0.0461538461538
639  3629.5  0.0461538461538
640  3629.5  0.0461538461538
641  3629.5  0.0461538461538
642  3629.5  0.0461538461538
643  3629.5  0.0461538461538
644  3629.5  0.0461538461538
645  3629.5  0.0461538461538
646  3629.5  0.0461538461538
647  3629.5  0.0461538461538
648  3629.5  0.0461538461538
649  3629.5  0.0461538461538
650  3629.5  0.0461538461538
651  3629.5  0.0461538461538
652  3629.5  0.0461538461538
653  3629.5  0.0461538461538
654  3629.5  0.0461538461538
655  3629.5  0.0461538461538
656  3629.5  0.0461538461538
657  3629.5  0.0461538461538
658  3629.5  0.0461538461538
659  3629.5  0.0461538461538
660  3629.5  0.0461538461538
661  3629.5  0.0461538461538
662  3629.5  0.0461538461538
663  3629.5  0.0461538461538
664  3629.5  0.0461538461538
665  3629.5  0.0461538461538
666  3629.5  0.0461538461538
667  3629.5  0.0461538461538
668  3629.5  0.0461538461538
669  3629.5  0.0461538461538
670  3629.5  0.0461538461538
671  3629.5  0.0461538461538
672  3629.5  0.0461538461538
673  3629.5  0.0461538461538
674  3629.5  0.0461538461538
675  3629.5  0.0461538461538
676  3629.5  0.0461538461538
677  3629.5  0.0461538461538
678  3629.5  0.0461538461538
679  3629.5  0.0461538461538
680  3629.5  0.0461538461538
681  3629.5  0.0461538461538
682  3629.5  0.0461538461538
683  3629.5  0.0461538461538
684  3629.5  0.0461538461538
685  3629.5  0.0461538461538
686  3629.5  0.0461538461538
687  3629.5  0.0461538461538
688  3629.5  0.0461538461538
689  3629.5  0.0461538461538
690  3629.5  0.0461538461538
691  3629.5  0.0461538461538
692  3629.5  0.0461538461538
693  3629.5  0.0461538461538
694  3629.5  0.0461538461538
695  3629.5  0.0461538461538
696  3629.5  0.0461538461538
697  3629.5  0.0461538461538
698  3629.5  0.0461538461538
699  3629.5  0.0461538461538
700  3629.5  0.0461538461538
701  3629.5  0.0461538461538
702  3629.5  0.0461538461538
703  3629.5  0.0461538461538
704  3629.5  0.0461538461538
705  3629.5  0.0461538461538
706  3629.5  0.0461538461538
707  3629.5  0.0461538461538
708  3629.5  0.0461538461538
709  3629.5  0.0461538461538
710  3629.5  0.0461538461538
711  3629.5  0.0461538461538
712  3629.5  0.0461538461538
713  3629.5  0.0461538461538
714  3629.5  0.0461538461538
715  3629.5  0.0461538461538
716  3629.5  0.0461538461538
717  3629.5  0.0461538461538
718  3629.5  0.0461538461538
719  3629.5  0.0461538461538
720  3629.5  0.0461538461538
721  3629.5  0.0461538461538
722  3629.5  0.0461538461538
723  3629.5  0.0461538461538
724  3629.5  0.0461538461538
725  3629.5  0.0461538461538
726  3629.5  0.0461538461538
727  3629.5  0.0461538461538
728  3629.5  0.0461538461538
729  3629.5  0.0461538461538
730  3629.5  0.0461538461538
731  3629.5  0.0461538461538
732  3629.5  0.0461538461538
733  3629.5  0.0461538461538
734  3629.5  0.0461538461538
735  3629.5  0.0461538461538
736  3629.5  0.0461538461538
737  3629.5  0.0461538461538
738  3629.5  0.0461538461538
739  3629.5  0.0461538461538
740  3629.5  0.0461538461538
741  3629.5  0.0461538461538
742  3629.5  0.0461538461538
743  3629.5  0.0461538461538
744  3629.5  0.0461538461538
745  3629.5  0.0461538461538
746  3629.5  0.0461538461538
747  3629.5  0.0461538461538
748  3629.5  0.0461538461538
749  3629.5  0.0461538461538
750  3629.5  0.0461538461538
751  3629.5  0.0461538461538
752  3629.5  0.0461538461538
753  3629.5  0.0461538461538
754  3629.5  0.0461538461538
755  3629.5  0.0461538461538
756  3629.5  0.0461538461538
757  3629.5  0.0461538461538
758  3629.5  0.0461538461538
759  3629.5  0.0461538461538
760  3629.5  0.0461538461538
761  3629.5  0.0461538461538
762  3629.5  0.0461538461538
763  3629.5  0.0461538461538
764  3629.5  0.0461538461538
765  3629.5  0.0461538461538
766  3629.5  0.0461538461538
767  3629.5  0.0461538461538
768  3629.5  0.0461538461538
769  3629.5  0.0461538461538
770  3629.5  0.0461538461538
771  3629.5  0.0461538461538
772  3629.5  0.0461538461538
773  3629.5  0.0461538461538
774  3629.5  0.0461538461538
775  3629.5  0.0461538461538
776  3629.5  0.0461538461538
777  3629.5  0.0461538461538
778  3629.5  0.0461538461538
779  3629.5  0.0461538461538
780  3629.5  0.0461538461538
781  3629.5  0.0461538461538
782  3629.5  0.0461538461538
783  3629.5  0.0461538461538
784  3629.5  0.0461538461538
785  3629.5  0.0461538461538
786  3629.5  0.0461538461538
787  3629.5  0.0461538461538
788  3629.5  0.0461538461538
789  3629.5  0.0461538461538
790  3629.5  0.0461538461538
791  3629.5  0.0461538461538
792  3629.5  0.0461538461538
793  3629.5  0.0461538461538
794  3629.5  0.0461538461538
795  3629.5  0.0461538461538
796  3629.5  0.0461538461538
797  3629.5  0.0461538461538
798  3629.5  0.0461538461538
799  3629.5  0.0461538461538
800  3629.5  0.0461538461538
801  3629.5  0.0461538461538
802  3629.5  0.0461538461538
803  3629.5  0.0461538461538
804  3629.5  0.0461538461538
805  3629.5  0.0461538461538
806  3629.5  0.0461538461538
807  3629.5  0.0461538461538
808  3629.5  0.0461538461538
809  3629.5  0.0461538461538
810  3629.5  0.0461538461538
811  3629.5  0.0461538461538
812  3629.5  0.0461538461538
813  3629.5  0.0461538461538
814  3629.5  0.0461538461538
815  3629.5  0.0461538461538
816  3629.5  0.0461538461538
817  3629.5  0.0461538461538
818  3629.5  0.0461538461538
819  3629.5  0.0461538461538
820  3629.5  0.0461538461538
821  3629.5  0.0461538461538
822  3629.5  0.0461538461538
823  3629.5  0.0461538461538
824  3629.5  0.0461538461538
825  3629.5  0.0461538461538
826  3629.5  0.0461538461538
827  3629.5  0.0461538461538
828  3629.5  0.0461538461538
829  3629.5  0.0461538461538
830  3629.5  0.0461538461538
831  3629.5  0.0461538461538
832  3629.5  0.0461538461538
833  3629.5  0.0461538461538
834  3629.5  0.0461538461538
835  3629.5  0.0461538461538
836  3629.5  0.0461538461538
837  3629.5  0.0461538461538
838  3629.5  0.0461538461538
839  3629.5  0.0461538461538
840  3629.5  0.0461538461538
841  3629.5  0.0461538461538
842  3629.5  0.0461538461538
843  3629.5  0.0461538461538
844  3629.5  0.0461538461538
845  3629.5  0.0461538461538
846  3629.5  0.0461538461538
847  3629.5  0.0461538461538
848  3629.5  0.0461538461538
849  3629.5  0.0461538461538
850  3629.5  0.0461538461538
851  3629.5  0.0461538461538
852  3629.5  0.0461538461538
853  3629.5  0.0461538461538
854  3629.5  0.0461538461538
855  3629.5  0.0461538461538
856  3629.5  0.0461538461538
857  3629.5  0.0461538461538
858  3629.5  0.0461538461538
859  3629.5  0.0461538461538
860  3629.5  0.0461538461538
861  3629.5  0.0461538461538
862  3629.5  0.0461538461538
863  3629.5  0.0461538461538
864  3629.5  0.0461538461538
865  3629.5  0.0461538461538
866  3629.5  0.0461538461538
867  3629.5  0.0461538461538
868  3629.5  0.0461538461538
869  3629.5  0.0461538461538
870  3629.5  0.0461538461538
871  3629.5  0.0461538461538
872  3629.5  0.0461538461538
873  3629.5  0.0461538461538
874  3629.5  0.0461538461538
875  3629.5  0.0461538461538
876  3629.5  0.0461538461538
877  3629.5  0.0461538461538
878  3629.5  0.0461538461538
879  3629.5  0.0461538461538
880  3629.5  0.0461538461538
881  3629.5  0.0461538461538
882  3629.5  0.0461538461538
883  3629.5  0.0461538461538
884  3629.5  0.0461538461538
885  3629.5  0.0461538461538
886  3629.5  0.0461538461538
887  3629.5  0.0461538461538
888  3629.5  0.0461538461538
889  3629.5  0.0461538461538
890  3629.5  0.0461538461538
891  3629.5  0.0461538461538
892  3629.5  0.0461538461538
893  3629.5  0.0461538461538
894  3629.5  0.0461538461538
895  3629.5  0.0461538461538
896  3629.5  0.0461538461538
897  3629.5  0.0461538461538
898  3629.5  0.0461538461538
899  3629.5  0.0461538461538
900  3629.5  0.0461538461538
901  3629.5  0.0461538461538
902  3629.5  0.0461538461538
903  3629.5  0.0461538461538
904  3629.5  0.0461538461538
905  3629.5  0.0461538461538
906  3629.5  0.0461538461538
907  3629.5  0.0461538461538
908  3629.5  0.0461538461538
909  3629.5  0.0461538461538
910  3629.5  0.0461538461538
911  3629.5  0.0461538461538
912  3629.5  0.0461538461538
913  3629.5  0.0461538461538
914  3629.5  0.0461538461538
915  3629.5  0.0461538461538
916  3629.5  0.0461538461538
917  3629.5  0.0461538461538
918  3629.5  0.0461538461538
919  3629.5  0.0461538461538
920  3629.5  0.0461538461538
921  3629.5  0.0461538461538
922  3629.5  0.0461538461538
923  3629.5  0.0461538461538
924  3629.5  0.0461538461538
925  3629.5  0.0461538461538
926  3629.5  0.0461538461538
927  3629.5  0.0461538461538
928  3629.5  0.0461538461538
929  3629.5  0.0461538461538
930  3629.5  0.0461538461538
931  3629.5  0.0461538461538
932  3629.5  0.0461538461538
933  3629.5  0.0461538461538
934  3629.5  0.0461538461538
935  3629.5  0.0461538461538
936  3629.5  0.0461538461538
937  3629.5  0.0461538461538
938  3629.5  0.0461538461538
939  3629.5  0.0461538461538
940  3629.5  0.0461538461538
941  3629.5  0.0461538461538
942  3629.5  0.0461538461538
943  3629.5  0.0461538461538
944  3629.5  0.0461538461538
945  3629.5  0.0461538461538
946  3629.5  0.0461538461538
947  3629.5  0.0461538461538
948  3629.5  0.0461538461538
949  3629.5  0.0461538461538
950  3629.5  0.0461538461538
951  3629.5  0.0461538461538
952  3629.5  0.0461538461538
953  3629.5  0.0461538461538
954  3629.5  0.0461538461538
955  3629.5  0.0461538461538
956  3629.5  0.0461538461538
957  3629.5  0.0461538461538
958  3629.5  0.0461538461538
959  3629.5  0.0461538461538
960  3629.5  0.0461538461538
961  3629.5  0.0461538461538
962  3629.5  0.0461538461538
963  3629.5  0.0461538461538
964  3629.5  0.0461538461538
965  3629.5  0.0461538461538
966  3629.5  0.0461538461538
967  3629.5  0.0461538461538
968  3629.5  0.0461538461538
969  3629.5  0.0461538461538
970  3629.5  0.0461538461538
971  3629.5  0.0461538461538
972  3629.5  0.0461538461538
973  3629.5  0.0461538461538
974  3629.5  0.0461538461538
975  3629.5  0.0461538461538
976  3629.5  0.0461538461538
977  3629.5  0.0461538461538
978  3629.5  0.0461538461538
979  3629.5  0.0461538461538
980  3629.5  0.0461538461538
981  3629.5  0.0461538461538
982  3629.5  0.0461538461538
983  3629.5  0.0461538461538
984  3629.5  0.0461538461538
985  3629.5  0.0461538461538
986  3629.5  0.0461538461538
987  3629.5  0.0461538461538
988  3629.5  0.0461538461538
989  3629.5  0.0461538461538
990  3629.5  0.0461538461538
991  3629.5  0.0461538461538
992  3629.5  0.0461538461538
993  3629.5  0.0461538461538
994  3629.5  0.0461538461538
995  3629.5  0.0461538461538
996  3629.5  0.0461538461538
997  3629.5  0.0461538461538
998  3629.5  0.0461538461538
999  3629.5  0.0461538461538
1000  3629.5  0.0461538461538
1001  3629.5  0.0461538461538
1002  3629.5  0.0461538461538
1003  3629.5  0.0461538461538
1004  3629.5  0.0461538461538
1005  3629.5  0.0461538461538
1006  3629.5  0.0461538461538
1007  3629.5  0.0461538461538
1008  3629.5  0.0461538461538
1009  3629.5  0.0461538461538
1010  3629.5  0.0461538461538
1011  3629.5  0.0461538461538
1012  3629.5  0.0461538461538
1013  3629.5  0.0461538461538
1014  3629.5  0.0461538461538
1015  3629.5  0.0461538461538
1016  3629.5  0.0461538461538
1017  3629.5  0.0461538461538
1018  3629.5  0.0461538461538
1019  3629.5  0.0461538461538
1020  3629.5  0.0461538461538
1021  3629.5  0.0461538461538
1022  3629.5  0.0461538461538
1023  3629.5  0.0461538461538
1024  3629.5  0.0461538461538
1025  3629.5  0.0461538461538
1026  3629.5  0.0461538461538
1027  3629.5  0.0461538461538
1028  3629.5  0.0461538461538
1029  3629.5  0.0461538461538
1030  3629.5  0.0461538461538
1031  3629.5  0.0461538461538
1032  3629.5  0.0461538461538
1033  3629.5  0.0461538461538
1034  3629.5  0.0461538461538
1035  3629.5  0.0461538461538
1036  3629.5  0.0461538461538
1037  3629.5  0.0461538461538
1038  3629.5  0.0461538461538
1039  3629.5  0.0461538461538
1040  3629.5  0.0461538461538
1041  3629.5  0.0461538461538
1042  3629.5  0.0461538461538
1043  3629.5  0.0461538461538
1044  3629.5  0.0461538461538
1045  3629.5  0.0461538461538
1046  3629.5  0.0461538461538
1047  3629.5  0.0461538461538
1048  3629.5  0.0461538461538
1049  3629.5  0.0461538461538
1050  3629.5  0.0461538461538
1051  3629.5  0.0461538461538
1052  3629.5  0.0461538461538
1053  3629.5  0.0461538461538
1054  3629.5  0.0461538461538
1055  3629.5  0.0461538461538
1056  3629.5  0.0461538461538
1057  3629.5  0.0461538461538
1058  3629.5  0.0461538461538
1059  3629.5  0.0461538461538
1060  3629.5  0.0461538461538
1061  3629.5  0.0461538461538
1062  3629.5  0.0461538461538
1063  3629.5  0.0461538461538
1064  3629.5  0.0461538461538
1065  3629.5  0.0461538461538
1066  3629.5  0.0461538461538
1067  3629.5  0.0461538461538
1068  3629.5  0.0461538461538
1069  3629.5  0.0461538461538
1070  3629.5  0.0461538461538
1071  3629.5  0.0461538461538
1072  3629.5  0.0461538461538
1073  3629.5  0.0461538461538
1074  3629.5  0.0461538461538
1075  3629.5  0.0461538461538
1076  3629.5  0.0461538461538
1077  3629.5  0.0461538461538
1078  3629.5  0.0461538461538
1079  3629.5  0.0461538461538
1080  3629.5  0.0461538461538
1081  3629.5  0.0461538461538
1082  3629.5  0.0461538461538
1083  3629.5  0.0461538461538
1084  3629.5  0.0461538461538
1085  3629.5  0.0461538461538
1086  3629.5  0.0461538461538
1087  3629.5  0.0461538461538
1088  3629.5  0.0461538461538
1089  3629.5  0.0461538461538
1090  3629.5  0.0461538461538
1091  3629.5  0.0461538461538
1092  3629.5  0.0461538461538
1093  3629.5  0.0461538461538
1094  3629.5  0.0461538461538
1095  3629.5  0.0461538461538
1096  3629.5  0.0461538461538
1097  3629.5  0.0461538461538
1098  3629.5  0.0461538461538
1099  3629.5  0.0461538461538
1100  3629.5  0.0461538461538
1101  3629.5  0.0461538461538
1102  3629.5  0.0461538461538
1103  3629.5  0.0461538461538
1104  3629.5  0.0461538461538
1105  3629.5  0.0461538461538
1106  3629.5  0.0461538461538
1107  3629.5  0.0461538461538
1108  3629.5  0.0461538461538
1109  3629.5  0.0461538461538
1110  3629.5  0.0461538461538
1111  3629.5  0.0461538461538
1112  3629.5  0.0461538461538
1113  3629.5  0.0461538461538
1114  3629.5  0.0461538461538
1115  3629.5  0.0461538461538
1116  3629.5  0.0461538461538
1117  3629.5  0.0461538461538
1118  3629.5  0.0461538461538
1119  3629.5  0.0461538461538
1120  3629.5  0.0461538461538
1121  3629.5  0.0461538461538
1122  3629.5  0.0461538461538
1123  3629.5  0.0461538461538
1124  3629.5  0.0461538461538
1125  3629.5  0.0461538461538
1126  3629.5  0.0461538461538
1127  3629.5  0.0461538461538
1128  3629.5  0.0461538461538
1129  3629.5  0.0461538461538
1130  3629.5  0.0461538461538
1131  3629.5  0.0461538461538
1132  3629.5  0.0461538461538
1133  3629.5  0.0461538461538
1134  3629.5  0.0461538461538
1135  3629.5  0.0461538461538
1136  3629.5  0.0461538461538
1137  3629.5  0.0461538461538
1138  3629.5  0.0461538461538
1139  3629.5  0.0461538461538
1140  3629.5  0.0461538461538
1141  3629.5  0.0461538461538
1142  3629.5  0.0461538461538
1143  3629.5  0.0461538461538
1144  3629.5  0.0461538461538
1145  3629.5  0.0461538461538
1146  3629.5  0.0461538461538
1147  3629.5  0.0461538461538
1148  3629.5  0.0461538461538
1149  3629.5  0.0461538461538
1150  3629.5  0.0461538461538
1151  3629.5  0.0461538461538
1152  3629.5  0.0461538461538
1153  3629.5  0.0461538461538
1154  3629.5  0.0461538461538
1155  3629.5  0.0461538461538
1156  3629.5  0.0461538461538
1157  3629.5  0.0461538461538
1158  3629.5  0.0461538461538
1159  3629.5  0.0461538461538
1160  3629.5  0.0461538461538
1161  3629.5  0.0461538461538
1162  3629.5  0.0461538461538
1163  3629.5  0.0461538461538
1164  3629.5  0.0461538461538
1165  3629.5  0.0461538461538
1166  3629.5  0.0461538461538
1167  3629.5  0.0461538461538
1168  3629.5  0.0461538461538
1169  3629.5  0.0461538461538
1170  3629.5  0.0461538461538
1171  3629.5  0.0461538461538
1172  3629.5  0.0461538461538
1173  3629.5  0.0461538461538
1174  3629.5  0.0461538461538
1175  3629.5  0.0461538461538
1176  3629.5  0.0461538461538
1177  3629.5  0.0461538461538
1178  3629.5  0.0461538461538
1179  3629.5  0.0461538461538
1180  3629.5  0.0461538461538
1181  3629.5  0.0461538461538
1182  3629.5  0.0461538461538
1183  3629.5  0.0461538461538
1184  3629.5  0.0461538461538
1185  3629.5  0.0461538461538
1186  3629.5  0.0461538461538
1187  3629.5  0.0461538461538
1188  3629.5  0.0461538461538
1189  3629.5  0.0461538461538
1190  3629.5  0.0461538461538
1191  3629.5  0.0461538461538
1192  3629.5  0.0461538461538
1193  3629.5  0.0461538461538
1194  3629.5  0.0461538461538
1195  3629.5  0.0461538461538
1196  3629.5  0.0461538461538
1197  3629.5  0.0461538461538
1198  3629.5  0.0461538461538
1199  3629.5  0.0461538461538
1200  3629.5  0.0461538461538
1201  3629.5  0.0461538461538
1202  3629.5  0.0461538461538
1203  3629.5  0.0461538461538
1204  3629.5  0.0461538461538
1205  3629.5  0.0461538461538
1206  3629.5  0.0461538461538
1207  3629.5  0.0461538461538
1208  3629.5  0.0461538461538
1209  3629.5  0.0461538461538
1210  3629.5  0.0461538461538
1211  3629.5  0.0461538461538
1212  3629.5  0.0461538461538
1213  3629.5  0.0461538461538
1214  3629.5  0.0461538461538
1215  3629.5  0.0461538461538
1216  3629.5  0.0461538461538
1217  3629.5  0.0461538461538
1218  3629.5  0.0461538461538
1219  3629.5  0.0461538461538
1220  3629.5  0.0461538461538
1221  3629.5  0.0461538461538
1222  3629.5  0.0461538461538
1223  3629.5  0.0461538461538
1224  3629.5  0.0461538461538
1225  3629.5  0.0461538461538
1226  3629.5  0.0461538461538
1227  3629.5  0.0461538461538
1228  3629.5  0.0461538461538
1229  3629.5  0.0461538461538
1230  3629.5  0.0461538461538
1231  3629.5  0.0461538461538
1232  3629.5  0.0461538461538
1233  3629.5  0.0461538461538
1234  3629.5  0.0461538461538
1235  3629.5  0.0461538461538
1236  3629.5  0.0461538461538
1237  3629.5  0.0461538461538
1238  3629.5  0.0461538461538
1239  3629.5  0.0461538461538
1240  3629.5  0.0461538461538
1241  3629.5  0.0461538461538
1242  3629.5  0.0461538461538
1243  3629.5  0.0461538461538
1244  3629.5  0.0461538461538
1245  3629.5  0.0461538461538
1246  3629.5  0.0461538461538
1247  3629.5  0.0461538461538
1248  3629.5  0.0461538461538
1249  3629.5  0.0461538461538
1250  3629.5  0.0461538461538
1251  3629.5  0.0461538461538
1252  3629.5  0.0461538461538
1253  3629.5  0.0461538461538
1254  3629.5  0.0461538461538
1255  3629.5  0.0461538461538
1256  3629.5  0.0461538461538
1257  3629.5  0.0461538461538
1258  3629.5  0.0461538461538
1259  3629.5  0.0461538461538
1260  3629.5  0.0461538461538
1261  3629.5  0.0461538461538
1262  3629.5  0.0461538461538
1263  3629.5  0.0461538461538
1264  3629.5  0.0461538461538
1265  3629.5  0.0461538461538
1266  3629.5  0.0461538461538
1267  3629.5  0.0461538461538
1268  3629.5  0.0461538461538
1269  3629.5  0.0461538461538
1270  3629.5  0.0461538461538
1271  3629.5  0.0461538461538
1272  3629.5  0.0461538461538
1273  3629.5  0.0461538461538
1274  3629.5  0.0461538461538
1275  3629.5  0.0461538461538
1276  3629.5  0.0461538461538
1277  3629.5  0.0461538461538
1278  3629.5  0.0461538461538
1279  3629.5  0.0461538461538
1280  3629.5  0.0461538461538
1281  3629.5  0.0461538461538
1282  3629.5  0.0461538461538
1283  3629.5  0.0461538461538
1284  3629.5  0.0461538461538
1285  3629.5  0.0461538461538
1286  3629.5  0.0461538461538
1287  3629.5  0.0461538461538
1288  3629.5  0.0461538461538
1289  3629.5  0.0461538461538
1290  3629.5  0.0461538461538
1291  3629.5  0.0461538461538
1292  3629.5  0.0461538461538
1293  3629.5  0.0461538461538
1294  3629.5  0.0461538461538
1295  3629.5  0.0461538461538
1296  3629.5  0.0461538461538
1297  3629.5  0.0461538461538
1298  3629.5  0.0461538461538
1299  3629.5  0.0461538461538
1300  3629.5  0.0461538461538
1301  3629.5  0.0461538461538
1302  3629.5  0.0461538461538
1303  3629.5  0.0461538461538
1304  3629.5  0.0461538461538
1305  3629.5  0.0461538461538
1306  3629.5  0.0461538461538
1307  3629.5  0.0461538461538
1308  3629.5  0.0461538461538
1309  3629.5  0.0461538461538
1310  3629.5  0.0461538461538
1311  3629.5  0.0461538461538
1312  3629.5  0.0461538461538
1313  3629.5  0.0461538461538
1314  3629.5  0.0461538461538
1315  3629.5  0.0461538461538
1316  3629.5  0.0461538461538
1317  3629.5  0.0461538461538
1318  3629.5  0.0461538461538
1319  3629.5  0.0461538461538
1320  3629.5  0.0461538461538
1321  3629.5  0.0461538461538
1322  3629.5  0.0461538461538
1323  3629.5  0.0461538461538
1324  3629.5  0.0461538461538
1325  3629.5  0.0461538461538
1326  3629.5  0.0461538461538
1327  3629.5  0.0461538461538
1328  3629.5  0.0461538461538
1329  3629.5  0.0461538461538
1330  3629.5  0.0461538461538
1331  3629.5  0.0461538461538
1332  3629.5  0.0461538461538
1333  3629.5  0.0461538461538
1334  3629.5  0.0461538461538
1335  3629.5  0.0461538461538
1336  3629.5  0.0461538461538
1337  3629.5  0.0461538461538
1338  3629.5  0.0461538461538
1339  3629.5  0.0461538461538
1340  3629.5  0.0461538461538
1341  3629.5  0.0461538461538
1342  3629.5  0.0461538461538
1343  3629.5  0.0461538461538
1344  3629.5  0.0461538461538
1345  3629.5  0.0461538461538
1346  3629.5  0.0461538461538
1347  3629.5  0.0461538461538
1348  3629.5  0.0461538461538
1349  3629.5  0.0461538461538
1350  3629.5  0.0461538461538
1351  3629.5  0.0461538461538
1352  3629.5  0.0461538461538
1353  3629.5  0.0461538461538
1354  3629.5  0.0461538461538
1355  3629.5  0.0461538461538
1356  3629.5  0.0461538461538
1357  3629.5  0.0461538461538
1358  3629.5  0.0461538461538
1359  3629.5  0.0461538461538
1360  3629.5  0.0461538461538
1361  3629.5  0.0461538461538
1362  3629.5  0.0461538461538
1363  3629.5  0.0461538461538
1364  3629.5  0.0461538461538
1365  3629.5  0.0461538461538
1366  3629.5  0.0461538461538
1367  3629.5  0.0461538461538
1368  3629.5  0.0461538461538
1369  3629.5  0.0461538461538
1370  3629.5  0.0461538461538
1371  3629.5  0.0461538461538
1372  3629.5  0.0461538461538
1373  3629.5  0.0461538461538
1374  3629.5  0.0461538461538
1375  3629.5  0.0461538461538
1376  3629.5  0.0461538461538
1377  3629.5  0.0461538461538
1378  3629.5  0.0461538461538
1379  3629.5  0.0461538461538
1380  3629.5  0.0461538461538
1381  3629.5  0.0461538461538
1382  3629.5  0.0461538461538
1383  3629.5  0.0461538461538
1384  3629.5  0.0461538461538
1385  3629.5  0.0461538461538
1386  3629.5  0.0461538461538
1387  3629.5  0.0461538461538
1388  3629.5  0.0461538461538
1389  3629.5  0.0461538461538
1390  3629.5  0.0461538461538
1391  3629.5  0.0461538461538
1392  3629.5  0.0461538461538
1393  3629.5  0.0461538461538
1394  3629.5  0.0461538461538
1395  3629.5  0.0461538461538
1396  3629.5  0.0461538461538
1397  3629.5  0.0461538461538
1398  3629.5  0.0461538461538
1399  3629.5  0.0461538461538
1400  3629.5  0.0461538461538
1401  3629.5  0.0461538461538
1402  3629.5  0.0461538461538
1403  3629.5  0.0461538461538
1404  3629.5  0.0461538461538
1405  3629.5  0.0461538461538
1406  3629.5  0.0461538461538
1407  3629.5  0.0461538461538
1408  3629.5  0.0461538461538
1409  3629.5  0.0461538461538
1410  3629.5  0.0461538461538
1411  3629.5  0.0461538461538
1412  3629.5  0.0461538461538
1413  3629.5  0.0461538461538
1414  3629.5  0.0461538461538
1415  3629.5  0.0461538461538
1416  3629.5  0.0461538461538
1417  3629.5  0.0461538461538
1418  3629.5  0.0461538461538
1419  3629.5  0.0461538461538
1420  3629.5  0.0461538461538
1421  3629.5  0.0461538461538
1422  3629.5  0.0461538461538
1423  3629.5  0.0461538461538
1424  3629.5  0.0461538461538
1425  3629.5  0.0461538461538
1426  3629.5  0.0461538461538
1427  3629.5  0.0461538461538
1428  3629.5  0.0461538461538
1429  3629.5  0.0461538461538
1430  3629.5  0.0461538461538
1431  3629.5  0.0461538461538
1432  3629.5  0.0461538461538
1433  3629.5  0.0461538461538
1434  3629.5  0.0461538461538
1435  3629.5  0.0461538461538
1436  3629.5  0.0461538461538
1437  3629.5  0.0461538461538
1438  3629.5  0.0461538461538
1439  3629.5  0.0461538461538
1440  3629.5  0.0461538461538
1441  3629.5  0.0461538461538
1442  3629.5  0.0461538461538
1443  3629.5  0.0461538461538
1444  3629.5  0.0461538461538
1445  3629.5  0.0461538461538
1446  3629.5  0.0461538461538
1447  3629.5  0.0461538461538
1448  3629.5  0.0461538461538
1449  3629.5  0.0461538461538
1450  3629.5  0.0461538461538
1451  3629.5  0.0461538461538
1452  3629.5  0.0461538461538
1453  3629.5  0.0461538461538
1454  3629.5  0.0461538461538
1455  3629.5  0.0461538461538
1456  3629.5  0.0461538461538
1457  3629.5  0.0461538461538
1458  3629.5  0.0461538461538
1459  3629.5  0.0461538461538
1460  3629.5  0.0461538461538
1461  3629.5  0.0461538461538
1462  3629.5  0.0461538461538
1463  3629.5  0.0461538461538
1464  3629.5  0.0461538461538
1465  3629.5  0.0461538461538
1466  3629.5  0.0461538461538
1467  3629.5  0.0461538461538
1468  3629.5  0.0461538461538
1469  3629.5  0.0461538461538
1470  3629.5  0.0461538461538
1471  3629.5  0.0461538461538
1472  3629.5  0.0461538461538
1473  3629.5  0.0461538461538
1474  3629.5  0.0461538461538
1475  3629.5  0.0461538461538
1476  3629.5  0.0461538461538
1477  3629.5  0.0461538461538
1478  3629.5  0.0461538461538
1479  3629.5  0.0461538461538
1480  3629.5  0.0461538461538
1481  3629.5  0.0461538461538
1482  3629.5  0.0461538461538
1483  3629.5  0.0461538461538
1484  3629.5  0.0461538461538
1485  3629.5  0.0461538461538
1486  3629.5  0.0461538461538
1487  3629.5  0.0461538461538
1488  3629.5  0.0461538461538
1489  3629.5  0.0461538461538
1490  3629.5  0.0461538461538
1491  3629.5  0.0461538461538
1492  3629.5  0.0461538461538
1493  3629.5  0.0461538461538
1494  3629.5  0.0461538461538
1495  3629.5  0.0461538461538
1496  3629.5  0.0461538461538
1497  3629.5  0.0461538461538
1498  3629.5  0.0461538461538
1499  3629.5  0.0461538461538
1500  3629.5  0.0461538461538
1501  3629.5  0.0461538461538
1502  3629.5  0.0461538461538
1503  3629.5  0.0461538461538
1504  3629.5  0.0461538461538
1505  3629.5  0.0461538461538
1506  3629.5  0.0461538461538
1507  3629.5  0.0461538461538
1508  3629.5  0.0461538461538
1509  3629.5  0.0461538461538
1510  3629.5  0.0461538461538
1511  3629.5  0.0461538461538
1512  3629.5  0.0461538461538
1513  3629.5  0.0461538461538
1514  3629.5  0.0461538461538
1515  3629.5  0.0461538461538
1516  3629.5  0.0461538461538
1517  3629.5  0.0461538461538
1518  3629.5  0.0461538461538
1519  3629.5  0.0461538461538
1520  3629.5  0.0461538461538
1521  3629.5  0.0461538461538
1522  3629.5  0.0461538461538
1523  3629.5  0.0461538461538
1524  3629.5  0.0461538461538
1525  3629.5  0.0461538461538
1526  3629.5  0.0461538461538
1527  3629.5  0.0461538461538
1528  3629.5  0.0461538461538
1529  3629.5  0.0461538461538
1530  3629.5  0.0461538461538
1531  3629.5  0.0461538461538
1532  3629.5  0.0461538461538
1533  3629.5  0.0461538461538
1534  3629.5  0.0461538461538
1535  3629.5  0.0461538461538
1536  3629.5  0.0461538461538
1537  3629.5  0.0461538461538
1538  3629.5  0.0461538461538
1539  3629.5  0.0461538461538
1540  3629.5  0.0461538461538
1541  3629.5  0.0461538461538
1542  3629.5  0.0461538461538
1543  3629.5  0.0461538461538
1544  3629.5  0.0461538461538
1545  3629.5  0.0461538461538
1546  3629.5  0.0461538461538
1547  3629.5  0.0461538461538
1548  3629.5  0.0461538461538
1549  3629.5  0.0461538461538
1550  3629.5  0.0461538461538
1551  3629.5  0.0461538461538
1552  3629.5  0.0461538461538
1553  3629.5  0.0461538461538
1554  3629.5  0.0461538461538
1555  3629.5  0.0461538461538
1556  3629.5  0.0461538461538
1557  3629.5  0.0461538461538
1558  3629.5  0.0461538461538
1559  3629.5  0.0461538461538
1560  3629.5  0.0461538461538
1561  3629.5  0.0461538461538
1562  3629.5  0.0461538461538
1563  3629.5  0.0461538461538
1564  3629.5  0.0461538461538
1565  3629.5  0.0461538461538
1566  3629.5  0.0461538461538
1567  3629.5  0.0461538461538
1568  3629.5  0.0461538461538
1569  3629.5  0.0461538461538
1570  3629.5  0.0461538461538
1571  3629.5  0.0461538461538
1572  3629.5  0.0461538461538
1573  3629.5  0.0461538461538
1574  3629.5  0.0461538461538
1575  3629.5  0.0461538461538
1576  3629.5  0.0461538461538
1577  3629.5  0.0461538461538
1578  3629.5  0.0461538461538
1579  3629.5  0.0461538461538
1580  3629.5  0.0461538461538
1581  3629.5  0.0461538461538
1582  3629.5  0.0461538461538
1583  3629.5  0.0461538461538
1584  3629.5  0.0461538461538
1585  3629.5  0.0461538461538
1586  3629.5  0.0461538461538
1587  3629.5  0.0461538461538
1588  3629.5  0.0461538461538
1589  3629.5  0.0461538461538
1590  3629.5  0.0461538461538
1591  3629.5  0.0461538461538
1592  3629.5  0.0461538461538
1593  3629.5  0.0461538461538
1594  3629.5  0.0461538461538
1595  3629.5  0.0461538461538
1596  3629.5  0.0461538461538
1597  3629.5  0.0461538461538
1598  3629.5  0.0461538461538
1599  3629.5  0.0461538461538
1600  3629.5  0.0461538461538
1601  3629.5  0.0461538461538
1602  3629.5  0.0461538461538
1603  3629.5  0.0461538461538
1604  3629.5  0.0461538461538
1605  3629.5  0.0461538461538
1606  3629.5  0.0461538461538
1607  3629.5  0.0461538461538
1608  3629.5  0.0461538461538
1609  3629.5  0.0461538461538
1610  3629.5  0.0461538461538
1611  3629.5  0.0461538461538
1612  3629.5  0.0461538461538
1613  3629.5  0.0461538461538
1614  3629.5  0.0461538461538
1615  3629.5  0.0461538461538
1616  3629.5  0.0461538461538
1617  3629.5  0.0461538461538
1618  3629.5  0.0461538461538
1619  3706.5  0.0384615384615
1620  3706.5  0.0384615384615
1621  3706.5  0.0384615384615
1622  3706.5  0.0384615384615
1623  3706.5  0.0384615384615
1624  3706.5  0.0384615384615
1625  3706.5  0.0384615384615
1626  3706.5  0.0384615384615
1627  3706.5  0.0384615384615
1628  3706.5  0.0384615384615
1629  3706.5  0.0384615384615
1630  3706.5  0.0384615384615
1631  3706.5  0.0384615384615
1632  3706.5  0.0384615384615
1633  3706.5  0.0384615384615
1634  3706.5  0.0384615384615
1635  3706.5  0.0384615384615
1636  3706.5  0.0384615384615
1637  3706.5  0.0384615384615
1638  3706.5  0.0384615384615
1639  3706.5  0.0384615384615
1640  3706.5  0.0384615384615
1641  3706.5  0.0384615384615
1642  3706.5  0.0384615384615
1643  3706.5  0.0384615384615
1644  3706.5  0.0384615384615
1645  3706.5  0.0384615384615
1646  3706.5  0.0384615384615
1647  3706.5  0.0384615384615
1648  3706.5  0.0384615384615
1649  3706.5  0.0384615384615
1650  3706.5  0.0384615384615
1651  3706.5  0.0384615384615
1652  3706.5  0.0384615384615
1653  3706.5  0.0384615384615
1654  3706.5  0.0384615384615
1655  3706.5  0.0384615384615
1656  3706.5  0.0384615384615
1657  3706.5  0.0384615384615
1658  3706.5  0.0384615384615
1659  3706.5  0.0384615384615
1660  3706.5  0.0384615384615
1661  3706.5  0.0384615384615
1662  3706.5  0.0384615384615
1663  3706.5  0.0384615384615
1664  3706.5  0.0384615384615
1665  3706.5  0.0384615384615
1666  3706.5  0.0384615384615
1667  3706.5  0.0384615384615
1668  3706.5  0.0384615384615
1669  3706.5  0.0384615384615
1670  3706.5  0.0384615384615
1671  3706.5  0.0384615384615
1672  3706.5  0.0384615384615
1673  3706.5  0.0384615384615
1674  3706.5  0.0384615384615
1675  3706.5  0.0384615384615
1676  3706.5  0.0384615384615
1677  3706.5  0.0384615384615
1678  3706.5  0.0384615384615
1679  3706.5  0.0384615384615
1680  3706.5  0.0384615384615
1681  3706.5  0.0384615384615
1682  3706.5  0.0384615384615
1683  3706.5  0.0384615384615
1684  3706.5  0.0384615384615
1685  3706.5  0.0384615384615
1686  3706.5  0.0384615384615
1687  3706.5  0.0384615384615
1688  3706.5  0.0384615384615
1689  3706.5  0.0384615384615
1690  3706.5  0.0384615384615
1691  3706.5  0.0384615384615
1692  3706.5  0.0384615384615
1693  3706.5  0.0384615384615
1694  3706.5  0.0384615384615
1695  3706.5  0.0384615384615
1696  3706.5  0.0384615384615
1697  3706.5  0.0384615384615
1698  3706.5  0.0384615384615
1699  3706.5  0.0384615384615
1700  3706.5  0.0384615384615
1701  3706.5  0.0384615384615
1702  3706.5  0.0384615384615
1703  3706.5  0.0384615384615
1704  3706.5  0.0384615384615
1705  3706.5  0.0384615384615
1706  3706.5  0.0384615384615
1707  3706.5  0.0384615384615
1708  3706.5  0.0384615384615
1709  3706.5  0.0384615384615
1710  3706.5  0.0384615384615
1711  3706.5  0.0384615384615
1712  3706.5  0.0384615384615
1713  3706.5  0.0384615384615
1714  3706.5  0.0384615384615
1715  3706.5  0.0384615384615
1716  3706.5  0.0384615384615
1717  3706.5  0.0384615384615
1718  3706.5  0.0384615384615
1719  3706.5  0.0384615384615
1720  3706.5  0.0384615384615
1721  3706.5  0.0384615384615
1722  3706.5  0.0384615384615
1723  3706.5  0.0384615384615
1724  3706.5  0.0384615384615
1725  3706.5  0.0384615384615
1726  3706.5  0.0384615384615
1727  3706.5  0.0384615384615
1728  3706.5  0.0384615384615
1729  3706.5  0.0384615384615
1730  3706.5  0.0384615384615
1731  3706.5  0.0384615384615
1732  3706.5  0.0384615384615
1733  3706.5  0.0384615384615
1734  3706.5  0.0384615384615
1735  3706.5  0.0384615384615
1736  3706.5  0.0384615384615
1737  3706.5  0.0384615384615
1738  3706.5  0.0384615384615
1739  3706.5  0.0384615384615
1740  3706.5  0.0384615384615
1741  3706.5  0.0384615384615
1742  3706.5  0.0384615384615
1743  3706.5  0.0384615384615
1744  3706.5  0.0384615384615
1745  3706.5  0.0384615384615
1746  3706.5  0.0384615384615
1747  3706.5  0.0384615384615
1748  3706.5  0.0384615384615
1749  3706.5  0.0384615384615
1750  3706.5  0.0384615384615
1751  3706.5  0.0384615384615
1752  3706.5  0.0384615384615
1753  3706.5  0.0384615384615
1754  3706.5  0.0384615384615
1755  3706.5  0.0384615384615
1756  3706.5  0.0384615384615
1757  3706.5  0.0384615384615
1758  3706.5  0.0384615384615
1759  3706.5  0.0384615384615
1760  3706.5  0.0384615384615
1761  3706.5  0.0384615384615
1762  3706.5  0.0384615384615
1763  3706.5  0.0384615384615
1764  3706.5  0.0384615384615
1765  3706.5  0.0384615384615
1766  3706.5  0.0384615384615
1767  3706.5  0.0384615384615
1768  3706.5  0.0384615384615
1769  3706.5  0.0384615384615
1770  3706.5  0.0384615384615
1771  3706.5  0.0384615384615
1772  3706.5  0.0384615384615
1773  3706.5  0.0384615384615
1774  3706.5  0.0384615384615
1775  3706.5  0.0384615384615
1776  3706.5  0.0384615384615
1777  3706.5  0.0384615384615
1778  3706.5  0.0384615384615
1779  3706.5  0.0384615384615
1780  3706.5  0.0384615384615
1781  3706.5  0.0384615384615
1782  3706.5  0.0384615384615
1783  3706.5  0.0384615384615
1784  3706.5  0.0384615384615
1785  3706.5  0.0384615384615
1786  3706.5  0.0384615384615
1787  3706.5  0.0384615384615
1788  3706.5  0.0384615384615
1789  3706.5  0.0384615384615
1790  3706.5  0.0384615384615
1791  3706.5  0.0384615384615
1792  3706.5  0.0384615384615
1793  3706.5  0.0384615384615
1794  3706.5  0.0384615384615
1795  3706.5  0.0384615384615
1796  3706.5  0.0384615384615
1797  3706.5  0.0384615384615
1798  3706.5  0.0384615384615
1799  3706.5  0.0384615384615
1800  3706.5  0.0384615384615
1801  3706.5  0.0384615384615
1802  3706.5  0.0384615384615
1803  3706.5  0.0384615384615
1804  3706.5  0.0384615384615
1805  3706.5  0.0384615384615
1806  3706.5  0.0384615384615
1807  3706.5  0.0384615384615
1808  3706.5  0.0384615384615
1809  3706.5  0.0384615384615
1810  3706.5  0.0384615384615
1811  3706.5  0.0384615384615
1812  3706.5  0.0384615384615
1813  3706.5  0.0384615384615
1814  3706.5  0.0384615384615
1815  3706.5  0.0384615384615
1816  3706.5  0.0384615384615
1817  3706.5  0.0384615384615
1818  3706.5  0.0384615384615
1819  3706.5  0.0384615384615
1820  3706.5  0.0384615384615
1821  3706.5  0.0384615384615
1822  3706.5  0.0384615384615
1823  3706.5  0.0384615384615
1824  3706.5  0.0384615384615
1825  3706.5  0.0384615384615
1826  3706.5  0.0384615384615
1827  3706.5  0.0384615384615
1828  3706.5  0.0384615384615
1829  3706.5  0.0384615384615
1830  3706.5  0.0384615384615
1831  3706.5  0.0384615384615
1832  3706.5  0.0384615384615
1833  3706.5  0.0384615384615
1834  3706.5  0.0384615384615
1835  3706.5  0.0384615384615
1836  3706.5  0.0384615384615
1837  3706.5  0.0384615384615
1838  3706.5  0.0384615384615
1839  3706.5  0.0384615384615
1840  3706.5  0.0384615384615
1841  3706.5  0.0384615384615
1842  3706.5  0.0384615384615
1843  3706.5  0.0384615384615
1844  3706.5  0.0384615384615
1845  3706.5  0.0384615384615
1846  3706.5  0.0384615384615
1847  3706.5  0.0384615384615
1848  3706.5  0.0384615384615
1849  3706.5  0.0384615384615
1850  3706.5  0.0384615384615
1851  3706.5  0.0384615384615
1852  3706.5  0.0384615384615
1853  3706.5  0.0384615384615
1854  3706.5  0.0384615384615
1855  3706.5  0.0384615384615
1856  3706.5  0.0384615384615
1857  3706.5  0.0384615384615
1858  3706.5  0.0384615384615
1859  3706.5  0.0384615384615
1860  3706.5  0.0384615384615
1861  3706.5  0.0384615384615
1862  3706.5  0.0384615384615
1863  3706.5  0.0384615384615
1864  3706.5  0.0384615384615
1865  3706.5  0.0384615384615
1866  3706.5  0.0384615384615
1867  3706.5  0.0384615384615
1868  3706.5  0.0384615384615
1869  3706.5  0.0384615384615
1870  3706.5  0.0384615384615
1871  3706.5  0.0384615384615
1872  3706.5  0.0384615384615
1873  3706.5  0.0384615384615
1874  3706.5  0.0384615384615
1875  3706.5  0.0384615384615
1876  3706.5  0.0384615384615
1877  3706.5  0.0384615384615
1878  3706.5  0.0384615384615
1879  3706.5  0.0384615384615
1880  3706.5  0.0384615384615
1881  3706.5  0.0384615384615
1882  3706.5  0.0384615384615
1883  3706.5  0.0384615384615
1884  3706.5  0.0384615384615
1885  3706.5  0.0384615384615
1886  3706.5  0.0384615384615
1887  3706.5  0.0384615384615
1888  3706.5  0.0384615384615
1889  3706.5  0.0384615384615
1890  3706.5  0.0384615384615
1891  3706.5  0.0384615384615
1892  3706.5  0.0384615384615
1893  3706.5  0.0384615384615
1894  3706.5  0.0384615384615
1895  3706.5  0.0384615384615
1896  3706.5  0.0384615384615
1897  3706.5  0.0384615384615
1898  3706.5  0.0384615384615
1899  3706.5  0.0384615384615
1900  3706.5  0.0384615384615
1901  3706.5  0.0384615384615
1902  3706.5  0.0384615384615
1903  3706.5  0.0384615384615
1904  3706.5  0.0384615384615
1905  3706.5  0.0384615384615
1906  3706.5  0.0384615384615
1907  3706.5  0.0384615384615
1908  3706.5  0.0384615384615
1909  3706.5  0.0384615384615
1910  3706.5  0.0384615384615
1911  3706.5  0.0384615384615
1912  3706.5  0.0384615384615
1913  3706.5  0.0384615384615
1914  3706.5  0.0384615384615
1915  3706.5  0.0384615384615
1916  3706.5  0.0384615384615
1917  3706.5  0.0384615384615
1918  3706.5  0.0384615384615
1919  3706.5  0.0384615384615
1920  3706.5  0.0384615384615
1921  3706.5  0.0384615384615
1922  3706.5  0.0384615384615
1923  3706.5  0.0384615384615
1924  3706.5  0.0384615384615
1925  3706.5  0.0384615384615
1926  3706.5  0.0384615384615
1927  3706.5  0.0384615384615
1928  3706.5  0.0384615384615
1929  3706.5  0.0384615384615
1930  3706.5  0.0384615384615
1931  3706.5  0.0384615384615
1932  3706.5  0.0384615384615
1933  3706.5  0.0384615384615
1934  3706.5  0.0384615384615
1935  3706.5  0.0384615384615
1936  3706.5  0.0384615384615
1937  3706.5  0.0384615384615
1938  3706.5  0.0384615384615
1939  3706.5  0.0384615384615
1940  3706.5  0.0384615384615
1941  3706.5  0.0384615384615
1942  3706.5  0.0384615384615
1943  3706.5  0.0384615384615
1944  3706.5  0.0384615384615
1945  3706.5  0.0384615384615
1946  3706.5  0.0384615384615
1947  3706.5  0.0384615384615
1948  3706.5  0.0384615384615
1949  3706.5  0.0384615384615
1950  3706.5  0.0384615384615
1951  3706.5  0.0384615384615
1952  3706.5  0.0384615384615
1953  3706.5  0.0384615384615
1954  3706.5  0.0384615384615
1955  3706.5  0.0384615384615
1956  3706.5  0.0384615384615
1957  3706.5  0.0384615384615
1958  3706.5  0.0384615384615
1959  3706.5  0.0384615384615
1960  3706.5  0.0384615384615
1961  3706.5  0.0384615384615
1962  3706.5  0.0384615384615
1963  3706.5  0.0384615384615
1964  3706.5  0.0384615384615
1965  3706.5  0.0384615384615
1966  3706.5  0.0384615384615
1967  3706.5  0.0384615384615
1968  3706.5  0.0384615384615
1969  3706.5  0.0384615384615
1970  3706.5  0.0384615384615
1971  3706.5  0.0384615384615
1972  3706.5  0.0384615384615
1973  3706.5  0.0384615384615
1974  3706.5  0.0384615384615
1975  3706.5  0.0384615384615
1976  3706.5  0.0384615384615
1977  3706.5  0.0384615384615
1978  3706.5  0.0384615384615
1979  3706.5  0.0384615384615
1980  3706.5  0.0384615384615
1981  3706.5  0.0384615384615
1982  3706.5  0.0384615384615
1983  3706.5  0.0384615384615
1984  3706.5  0.0384615384615
1985  3706.5  0.0384615384615
1986  3706.5  0.0384615384615
1987  3706.5  0.0384615384615
1988  3706.5  0.0384615384615
1989  3706.5  0.0384615384615
1990  3706.5  0.0384615384615
1991  3706.5  0.0384615384615
1992  3706.5  0.0384615384615
1993  3706.5  0.0384615384615
1994  3706.5  0.0384615384615
1995  3706.5  0.0384615384615
1996  3706.5  0.0384615384615
1997  3706.5  0.0384615384615
1998  3706.5  0.0384615384615
1999  3706.5  0.0384615384615
2000  3706.5  0.0384615384615
2001  3706.5  0.0384615384615
2002  3706.5  0.0384615384615
2003  3706.5  0.0384615384615
2004  3706.5  0.0384615384615
2005  3706.5  0.0384615384615
2006  3706.5  0.0384615384615
2007  3706.5  0.0384615384615
2008  3706.5  0.0384615384615
2009  3706.5  0.0384615384615
2010  3706.5  0.0384615384615
2011  3706.5  0.0384615384615
2012  3706.5  0.0384615384615
2013  3706.5  0.0384615384615
2014  3706.5  0.0384615384615
2015  3706.5  0.0384615384615
2016  3706.5  0.0384615384615
2017  3706.5  0.0384615384615
2018  3706.5  0.0384615384615
2019  3706.5  0.0384615384615
2020  3706.5  0.0384615384615
2021  3706.5  0.0384615384615
2022  3706.5  0.0384615384615
2023  3706.5  0.0384615384615
2024  3706.5  0.0384615384615
2025  3706.5  0.0384615384615
2026  3706.5  0.0384615384615
2027  3706.5  0.0384615384615
2028  3706.5  0.0384615384615
2029  3706.5  0.0384615384615
2030  3706.5  0.0384615384615
2031  3706.5  0.0384615384615
2032  3706.5  0.0384615384615
2033  3706.5  0.0384615384615
2034  3706.5  0.0384615384615
2035  3706.5  0.0384615384615
2036  3706.5  0.0384615384615
2037  3706.5  0.0384615384615
2038  3706.5  0.0384615384615
2039  3706.5  0.0384615384615
2040  3706.5  0.0384615384615
2041  3706.5  0.0384615384615
2042  3706.5  0.0384615384615
2043  3706.5  0.0384615384615
2044  3706.5  0.0384615384615
2045  3706.5  0.0384615384615
2046  3706.5  0.0384615384615
2047  3706.5  0.0384615384615
2048  3706.5  0.0384615384615
2049  3706.5  0.0384615384615
2050  3706.5  0.0384615384615
2051  3706.5  0.0384615384615
2052  3706.5  0.0384615384615
2053  3706.5  0.0384615384615
2054  3706.5  0.0384615384615
2055  3706.5  0.0384615384615
2056  3706.5  0.0384615384615
2057  3706.5  0.0384615384615
2058  3706.5  0.0384615384615
2059  3706.5  0.0384615384615
2060  3706.5  0.0384615384615
2061  3706.5  0.0384615384615
2062  3706.5  0.0384615384615
2063  3706.5  0.0384615384615
2064  3706.5  0.0384615384615
2065  3706.5  0.0384615384615
2066  3706.5  0.0384615384615
2067  3706.5  0.0384615384615
2068  3706.5  0.0384615384615
2069  3706.5  0.0384615384615
2070  3706.5  0.0384615384615
2071  3706.5  0.0384615384615
2072  3706.5  0.0384615384615
2073  3706.5  0.0384615384615
2074  3706.5  0.0384615384615
2075  3706.5  0.0384615384615
2076  3706.5  0.0384615384615
2077  3706.5  0.0384615384615
2078  3706.5  0.0384615384615
2079  3706.5  0.0384615384615
2080  3706.5  0.0384615384615
2081  3706.5  0.0384615384615
2082  3706.5  0.0384615384615
2083  3706.5  0.0384615384615
2084  3706.5  0.0384615384615
2085  3706.5  0.0384615384615
2086  3706.5  0.0384615384615
2087  3706.5  0.0384615384615
2088  3706.5  0.0384615384615
2089  3706.5  0.0384615384615
2090  3706.5  0.0384615384615
2091  3706.5  0.0384615384615
2092  3706.5  0.0384615384615
2093  3706.5  0.0384615384615
2094  3706.5  0.0384615384615
2095  3706.5  0.0384615384615
2096  3706.5  0.0384615384615
2097  3706.5  0.0384615384615
2098  3706.5  0.0384615384615
2099  3706.5  0.0384615384615
2100  3706.5  0.0384615384615
2101  3706.5  0.0384615384615
2102  3706.5  0.0384615384615
2103  3706.5  0.0384615384615
2104  3706.5  0.0384615384615
2105  3706.5  0.0384615384615
2106  3706.5  0.0384615384615
2107  3706.5  0.0384615384615
2108  3706.5  0.0384615384615
2109  3706.5  0.0384615384615
2110  3706.5  0.0384615384615
2111  3706.5  0.0384615384615
2112  3706.5  0.0384615384615
2113  3706.5  0.0384615384615
2114  3706.5  0.0384615384615
2115  3706.5  0.0384615384615
2116  3706.5  0.0384615384615
2117  3706.5  0.0384615384615
2118  3706.5  0.0384615384615
2119  3706.5  0.0384615384615
2120  3706.5  0.0384615384615
2121  3706.5  0.0384615384615
2122  3706.5  0.0384615384615
2123  3706.5  0.0384615384615
2124  3706.5  0.0384615384615
2125  3706.5  0.0384615384615
2126  3706.5  0.0384615384615
2127  3706.5  0.0384615384615
2128  3706.5  0.0384615384615
2129  3706.5  0.0384615384615
2130  3706.5  0.0384615384615
2131  3706.5  0.0384615384615
2132  3706.5  0.0384615384615
2133  3706.5  0.0384615384615
2134  3706.5  0.0384615384615
2135  3706.5  0.0384615384615
2136  3706.5  0.0384615384615
2137  3706.5  0.0384615384615
2138  3706.5  0.0384615384615
2139  3706.5  0.0384615384615
2140  3706.5  0.0384615384615
2141  3706.5  0.0384615384615
2142  3706.5  0.0384615384615
2143  3706.5  0.0384615384615
2144  3706.5  0.0384615384615
2145  3706.5  0.0384615384615
2146  3706.5  0.0384615384615
2147  3706.5  0.0384615384615
2148  3706.5  0.0384615384615
2149  3706.5  0.0384615384615
2150  3706.5  0.0384615384615
2151  3706.5  0.0384615384615
2152  3706.5  0.0384615384615
2153  3706.5  0.0384615384615
2154  3706.5  0.0384615384615
2155  3706.5  0.0384615384615
2156  3706.5  0.0384615384615
2157  3706.5  0.0384615384615
2158  3706.5  0.0384615384615
2159  3706.5  0.0384615384615
2160  3706.5  0.0384615384615
2161  3706.5  0.0384615384615
2162  3706.5  0.0384615384615
2163  3706.5  0.0384615384615
2164  3706.5  0.0384615384615
2165  3706.5  0.0384615384615
2166  3706.5  0.0384615384615
2167  3706.5  0.0384615384615
2168  3706.5  0.0384615384615
2169  3706.5  0.0384615384615
2170  3706.5  0.0384615384615
2171  3706.5  0.0384615384615
2172  3706.5  0.0384615384615
2173  3706.5  0.0384615384615
2174  3706.5  0.0384615384615
2175  3706.5  0.0384615384615
2176  3706.5  0.0384615384615
2177  3706.5  0.0384615384615
2178  3706.5  0.0384615384615
2179  3706.5  0.0384615384615
2180  3706.5  0.0384615384615
2181  3706.5  0.0384615384615
2182  3706.5  0.0384615384615
2183  3706.5  0.0384615384615
2184  3706.5  0.0384615384615
2185  3706.5  0.0384615384615
2186  3706.5  0.0384615384615
2187  3706.5  0.0384615384615
2188  3706.5  0.0384615384615
2189  3706.5  0.0384615384615
2190  3706.5  0.0384615384615
2191  3706.5  0.0384615384615
2192  3706.5  0.0384615384615
2193  3706.5  0.0384615384615
2194  3706.5  0.0384615384615
2195  3706.5  0.0384615384615
2196  3706.5  0.0384615384615
2197  3706.5  0.0384615384615
2198  3706.5  0.0384615384615
2199  3706.5  0.0384615384615
2200  3706.5  0.0384615384615
2201  3706.5  0.0384615384615
2202  3706.5  0.0384615384615
2203  3706.5  0.0384615384615
2204  3706.5  0.0384615384615
2205  3706.5  0.0384615384615
2206  3706.5  0.0384615384615
2207  3706.5  0.0384615384615
2208  3706.5  0.0384615384615
2209  3706.5  0.0384615384615
2210  3706.5  0.0384615384615
2211  3706.5  0.0384615384615
2212  3706.5  0.0384615384615
2213  3706.5  0.0384615384615
2214  3706.5  0.0384615384615
2215  3706.5  0.0384615384615
2216  3706.5  0.0384615384615
2217  3706.5  0.0384615384615
2218  3706.5  0.0384615384615
2219  3706.5  0.0384615384615
2220  3706.5  0.0384615384615
2221  3706.5  0.0384615384615
2222  3706.5  0.0384615384615
2223  3706.5  0.0384615384615
2224  3706.5  0.0384615384615
2225  3706.5  0.0384615384615
2226  3706.5  0.0384615384615
2227  3706.5  0.0384615384615
2228  3706.5  0.0384615384615
2229  3706.5  0.0384615384615
2230  3706.5  0.0384615384615
2231  3706.5  0.0384615384615
2232  3706.5  0.0384615384615
2233  3706.5  0.0384615384615
2234  3706.5  0.0384615384615
2235  3706.5  0.0384615384615
2236  3706.5  0.0384615384615
2237  3706.5  0.0384615384615
2238  3706.5  0.0384615384615
2239  3706.5  0.0384615384615
2240  3706.5  0.0384615384615
2241  3706.5  0.0384615384615
2242  3706.5  0.0384615384615
2243  3706.5  0.0384615384615
2244  3706.5  0.0384615384615
2245  3706.5  0.0384615384615
2246  3706.5  0.0384615384615
2247  3706.5  0.0384615384615
2248  3706.5  0.0384615384615
2249  3706.5  0.0384615384615
2250  3706.5  0.0384615384615
2251  3706.5  0.0384615384615
2252  3706.5  0.0384615384615
2253  3706.5  0.0384615384615
2254  3706.5  0.0384615384615
2255  3706.5  0.0384615384615
2256  3706.5  0.0384615384615
2257  3706.5  0.0384615384615
2258  3706.5  0.0384615384615
2259  3706.5  0.0384615384615
2260  3706.5  0.0384615384615
2261  3706.5  0.0384615384615
2262  3706.5  0.0384615384615
2263  3706.5  0.0384615384615
2264  3706.5  0.0384615384615
2265  3706.5  0.0384615384615
2266  3706.5  0.0384615384615
2267  3706.5  0.0384615384615
2268  3706.5  0.0384615384615
2269  3706.5  0.0384615384615
2270  3706.5  0.0384615384615
2271  3706.5  0.0384615384615
2272  3706.5  0.0384615384615
2273  3706.5  0.0384615384615
2274  3706.5  0.0384615384615
2275  3706.5  0.0384615384615
2276  3706.5  0.0384615384615
2277  3706.5  0.0384615384615
2278  3706.5  0.0384615384615
2279  3706.5  0.0384615384615
2280  3706.5  0.0384615384615
2281  3706.5  0.0384615384615
2282  3706.5  0.0384615384615
2283  3706.5  0.0384615384615
2284  3706.5  0.0384615384615
2285  3706.5  0.0384615384615
2286  3706.5  0.0384615384615
2287  3706.5  0.0384615384615
2288  3706.5  0.0384615384615
2289  3706.5  0.0384615384615
2290  3706.5  0.0384615384615
2291  3706.5  0.0384615384615
2292  3706.5  0.0384615384615
2293  3706.5  0.0384615384615
2294  3706.5  0.0384615384615
2295  3706.5  0.0384615384615
2296  3706.5  0.0384615384615
2297  3706.5  0.0384615384615
2298  3706.5  0.0384615384615
2299  3706.5  0.0384615384615
2300  3706.5  0.0384615384615
2301  3706.5  0.0384615384615
2302  3706.5  0.0384615384615
2303  3706.5  0.0384615384615
2304  3706.5  0.0384615384615
2305  3706.5  0.0384615384615
2306  3706.5  0.0384615384615
2307  3706.5  0.0384615384615
2308  3706.5  0.0384615384615
2309  3706.5  0.0384615384615
2310  3706.5  0.0384615384615
2311  3706.5  0.0384615384615
2312  3706.5  0.0384615384615
2313  3706.5  0.0384615384615
2314  3706.5  0.0384615384615
2315  3706.5  0.0384615384615
2316  3706.5  0.0384615384615
2317  3706.5  0.0384615384615
2318  3706.5  0.0384615384615
2319  3706.5  0.0384615384615
2320  3706.5  0.0384615384615
2321  3706.5  0.0384615384615
2322  3706.5  0.0384615384615
2323  3706.5  0.0384615384615
2324  3706.5  0.0384615384615
2325  3706.5  0.0384615384615
2326  3706.5  0.0384615384615
2327  3706.5  0.0384615384615
2328  3706.5  0.0384615384615
2329  3706.5  0.0384615384615
2330  3706.5  0.0384615384615
2331  3706.5  0.0384615384615
2332  3706.5  0.0384615384615
2333  3706.5  0.0384615384615
2334  3706.5  0.0384615384615
2335  3706.5  0.0384615384615
2336  3706.5  0.0384615384615
2337  3706.5  0.0384615384615
2338  3706.5  0.0384615384615
2339  3706.5  0.0384615384615
2340  3706.5  0.0384615384615
2341  3706.5  0.0384615384615
2342  3706.5  0.0384615384615
2343  3706.5  0.0384615384615
2344  3706.5  0.0384615384615
2345  3706.5  0.0384615384615
2346  3706.5  0.0384615384615
2347  3706.5  0.0384615384615
2348  3706.5  0.0384615384615
2349  3706.5  0.0384615384615
2350  3706.5  0.0384615384615
2351  3706.5  0.0384615384615
2352  3706.5  0.0384615384615
2353  3706.5  0.0384615384615
2354  3706.5  0.0384615384615
2355  3706.5  0.0384615384615
2356  3706.5  0.0384615384615
2357  3706.5  0.0384615384615
2358  3706.5  0.0384615384615
2359  3706.5  0.0384615384615
2360  3706.5  0.0384615384615
2361  3706.5  0.0384615384615
2362  3706.5  0.0384615384615
2363  3706.5  0.0384615384615
2364  3706.5  0.0384615384615
2365  3706.5  0.0384615384615
2366  3706.5  0.0384615384615
2367  3706.5  0.0384615384615
2368  3706.5  0.0384615384615
2369  3706.5  0.0384615384615
2370  3706.5  0.0384615384615
2371  3706.5  0.0384615384615
2372  3706.5  0.0384615384615
2373  3706.5  0.0384615384615
2374  3706.5  0.0384615384615
2375  3706.5  0.0384615384615
2376  3706.5  0.0384615384615
2377  3706.5  0.0384615384615
2378  3706.5  0.0384615384615
2379  3706.5  0.0384615384615
2380  3706.5  0.0384615384615
2381  3706.5  0.0384615384615
2382  3706.5  0.0384615384615
2383  3706.5  0.0384615384615
2384  3706.5  0.0384615384615
2385  3706.5  0.0384615384615
2386  3706.5  0.0384615384615
2387  3706.5  0.0384615384615
2388  3706.5  0.0384615384615
2389  3706.5  0.0384615384615
2390  3706.5  0.0384615384615
2391  3706.5  0.0384615384615
2392  3706.5  0.0384615384615
2393  3706.5  0.0384615384615
2394  3706.5  0.0384615384615
2395  3706.5  0.0384615384615
2396  3706.5  0.0384615384615
2397  3706.5  0.0384615384615
2398  3706.5  0.0384615384615
2399  3706.5  0.0384615384615
2400  3706.5  0.0384615384615
2401  3706.5  0.0384615384615
2402  3706.5  0.0384615384615
2403  3706.5  0.0384615384615
2404  3706.5  0.0384615384615
2405  3706.5  0.0384615384615
2406  3706.5  0.0384615384615
2407  3706.5  0.0384615384615
2408  3706.5  0.0384615384615
2409  3706.5  0.0384615384615
2410  3706.5  0.0384615384615
2411  3706.5  0.0384615384615
2412  3706.5  0.0384615384615
2413  3706.5  0.0384615384615
2414  3706.5  0.0384615384615
2415  3706.5  0.0384615384615
2416  3706.5  0.0384615384615
2417  3706.5  0.0384615384615
2418  3706.5  0.0384615384615
2419  3706.5  0.0384615384615
2420  3706.5  0.0384615384615
2421  3706.5  0.0384615384615
2422  3706.5  0.0384615384615
2423  3706.5  0.0384615384615
2424  3706.5  0.0384615384615
2425  3706.5  0.0384615384615
2426  3706.5  0.0384615384615
2427  3706.5  0.0384615384615
2428  3706.5  0.0384615384615
2429  3706.5  0.0384615384615
2430  3706.5  0.0384615384615
2431  3706.5  0.0384615384615
2432  3706.5  0.0384615384615
2433  3706.5  0.0384615384615
2434  3706.5  0.0384615384615
2435  3706.5  0.0384615384615
2436  3706.5  0.0384615384615
2437  3706.5  0.0384615384615
2438  3706.5  0.0384615384615
2439  3706.5  0.0384615384615
2440  3706.5  0.0384615384615
2441  3706.5  0.0384615384615
2442  3706.5  0.0384615384615
2443  3706.5  0.0384615384615
2444  3706.5  0.0384615384615
2445  3706.5  0.0384615384615
2446  3706.5  0.0384615384615
2447  3706.5  0.0384615384615
2448  3706.5  0.0384615384615
2449  3706.5  0.0384615384615
2450  3706.5  0.0384615384615
2451  3706.5  0.0384615384615
2452  3706.5  0.0384615384615
2453  3706.5  0.0384615384615
2454  3706.5  0.0384615384615
2455  3706.5  0.0384615384615
2456  3706.5  0.0384615384615
2457  3706.5  0.0384615384615
2458  3706.5  0.0384615384615
2459  3706.5  0.0384615384615
2460  3706.5  0.0384615384615
2461  3706.5  0.0384615384615
2462  3706.5  0.0384615384615
2463  3706.5  0.0384615384615
2464  3706.5  0.0384615384615
2465  3706.5  0.0384615384615
2466  3706.5  0.0384615384615
2467  3706.5  0.0384615384615
2468  3706.5  0.0384615384615
2469  3706.5  0.0384615384615
2470  3706.5  0.0384615384615
2471  3706.5  0.0384615384615
2472  3706.5  0.0384615384615
2473  3706.5  0.0384615384615
2474  3706.5  0.0384615384615
2475  3706.5  0.0384615384615
2476  3706.5  0.0384615384615
2477  3706.5  0.0384615384615
2478  3706.5  0.0384615384615
2479  3706.5  0.0384615384615
2480  3706.5  0.0384615384615
2481  3706.5  0.0384615384615
2482  3706.5  0.0384615384615
2483  3706.5  0.0384615384615
2484  3706.5  0.0384615384615
2485  3706.5  0.0384615384615
2486  3706.5  0.0384615384615
2487  3706.5  0.0384615384615
2488  3706.5  0.0384615384615
2489  3706.5  0.0384615384615
2490  3706.5  0.0384615384615
2491  3706.5  0.0384615384615
2492  3706.5  0.0384615384615
2493  3706.5  0.0384615384615
2494  3706.5  0.0384615384615
2495  3706.5  0.0384615384615
2496  3706.5  0.0384615384615
2497  3706.5  0.0384615384615
2498  3706.5  0.0384615384615
2499  3706.5  0.0384615384615
2500  3706.5  0.0384615384615
2501  3706.5  0.0384615384615
2502  3706.5  0.0384615384615
2503  3706.5  0.0384615384615
2504  3706.5  0.0384615384615
2505  3706.5  0.0384615384615
2506  3706.5  0.0384615384615
2507  3706.5  0.0384615384615
2508  3706.5  0.0384615384615
2509  3706.5  0.0384615384615
2510  3706.5  0.0384615384615
2511  3706.5  0.0384615384615
2512  3706.5  0.0384615384615
2513  3706.5  0.0384615384615
2514  3706.5  0.0384615384615
2515  3706.5  0.0384615384615
2516  3706.5  0.0384615384615
2517  3706.5  0.0384615384615
2518  3706.5  0.0384615384615
2519  3706.5  0.0384615384615
2520  3706.5  0.0384615384615
2521  3706.5  0.0384615384615
2522  3706.5  0.0384615384615
2523  3706.5  0.0384615384615
2524  3706.5  0.0384615384615
2525  3706.5  0.0384615384615
2526  3706.5  0.0384615384615
2527  3706.5  0.0384615384615
2528  3706.5  0.0384615384615
2529  3706.5  0.0384615384615
2530  3706.5  0.0384615384615
2531  3706.5  0.0384615384615
2532  3706.5  0.0384615384615
2533  3706.5  0.0384615384615
2534  3706.5  0.0384615384615
2535  3706.5  0.0384615384615
2536  3706.5  0.0384615384615
2537  3706.5  0.0384615384615
2538  3706.5  0.0384615384615
2539  3706.5  0.0384615384615
2540  3706.5  0.0384615384615
2541  3706.5  0.0384615384615
2542  3706.5  0.0384615384615
2543  3706.5  0.0384615384615
2544  3706.5  0.0384615384615
2545  3706.5  0.0384615384615
2546  3706.5  0.0384615384615
2547  3706.5  0.0384615384615
2548  3706.5  0.0384615384615
2549  3706.5  0.0384615384615
2550  3706.5  0.0384615384615
2551  3706.5  0.0384615384615
2552  3706.5  0.0384615384615
2553  3706.5  0.0384615384615
2554  3706.5  0.0384615384615
2555  3706.5  0.0384615384615
2556  3706.5  0.0384615384615
2557  3706.5  0.0384615384615
2558  3706.5  0.0384615384615
2559  3706.5  0.0384615384615
2560  3706.5  0.0384615384615
2561  3706.5  0.0384615384615
2562  3706.5  0.0384615384615
2563  3706.5  0.0384615384615
2564  3706.5  0.0384615384615
2565  3706.5  0.0384615384615
2566  3706.5  0.0384615384615
2567  3706.5  0.0384615384615
2568  3706.5  0.0384615384615
2569  3706.5  0.0384615384615
2570  3706.5  0.0384615384615
2571  3706.5  0.0384615384615
2572  3706.5  0.0384615384615
2573  3706.5  0.0384615384615
2574  3706.5  0.0384615384615
2575  3706.5  0.0384615384615
2576  3706.5  0.0384615384615
2577  3706.5  0.0384615384615
2578  3706.5  0.0384615384615
2579  3706.5  0.0384615384615
2580  3706.5  0.0384615384615
2581  3706.5  0.0384615384615
2582  3706.5  0.0384615384615
2583  3706.5  0.0384615384615
2584  3706.5  0.0384615384615
2585  3706.5  0.0384615384615
2586  3706.5  0.0384615384615
2587  3706.5  0.0384615384615
2588  3706.5  0.0384615384615
2589  3706.5  0.0384615384615
2590  3706.5  0.0384615384615
2591  3706.5  0.0384615384615
2592  3706.5  0.0384615384615
2593  3706.5  0.0384615384615
2594  3706.5  0.0384615384615
2595  3706.5  0.0384615384615
2596  3706.5  0.0384615384615
2597  3706.5  0.0384615384615
2598  3706.5  0.0384615384615
2599  3706.5  0.0384615384615
2600  3706.5  0.0384615384615
2601  3706.5  0.0384615384615
2602  3706.5  0.0384615384615
2603  3706.5  0.0384615384615
2604  3706.5  0.0384615384615
2605  3706.5  0.0384615384615
2606  3706.5  0.0384615384615
2607  3706.5  0.0384615384615
2608  3706.5  0.0384615384615
2609  3706.5  0.0384615384615
2610  3706.5  0.0384615384615
2611  3706.5  0.0384615384615
2612  3706.5  0.0384615384615
2613  3706.5  0.0384615384615
2614  3706.5  0.0384615384615
2615  3706.5  0.0384615384615
2616  3706.5  0.0384615384615
2617  3706.5  0.0384615384615
2618  3706.5  0.0384615384615
2619  3706.5  0.0384615384615
2620  3706.5  0.0384615384615
2621  3706.5  0.0384615384615
2622  3706.5  0.0384615384615
2623  3706.5  0.0384615384615
2624  3706.5  0.0384615384615
2625  3706.5  0.0384615384615
2626  3706.5  0.0384615384615
2627  3706.5  0.0384615384615
2628  3706.5  0.0384615384615
2629  3706.5  0.0384615384615
2630  3706.5  0.0384615384615
2631  3706.5  0.0384615384615
2632  3706.5  0.0384615384615
2633  3706.5  0.0384615384615
2634  3706.5  0.0384615384615
2635  3706.5  0.0384615384615
2636  3706.5  0.0384615384615
2637  3706.5  0.0384615384615
2638  3706.5  0.0384615384615
2639  3706.5  0.0384615384615
2640  3706.5  0.0384615384615
2641  3706.5  0.0384615384615
2642  3706.5  0.0384615384615
2643  3706.5  0.0384615384615
2644  3706.5  0.0384615384615
2645  3706.5  0.0384615384615
2646  3706.5  0.0384615384615
2647  3706.5  0.0384615384615
2648  3706.5  0.0384615384615
2649  3706.5  0.0384615384615
2650  3706.5  0.0384615384615
2651  3706.5  0.0384615384615
2652  3706.5  0.0384615384615
2653  3706.5  0.0384615384615
2654  3706.5  0.0384615384615
2655  3706.5  0.0384615384615
2656  3706.5  0.0384615384615
2657  3706.5  0.0384615384615
2658  3706.5  0.0384615384615
2659  3706.5  0.0384615384615
2660  3706.5  0.0384615384615
2661  3706.5  0.0384615384615
2662  3706.5  0.0384615384615
2663  3706.5  0.0384615384615
2664  3706.5  0.0384615384615
2665  3706.5  0.0384615384615
2666  3706.5  0.0384615384615
2667  3706.5  0.0384615384615
2668  3706.5  0.0384615384615
2669  3706.5  0.0384615384615
2670  3706.5  0.0384615384615
2671  3706.5  0.0384615384615
2672  3706.5  0.0384615384615
2673  3706.5  0.0384615384615
2674  3706.5  0.0384615384615
2675  3706.5  0.0384615384615
2676  3706.5  0.0384615384615
2677  3706.5  0.0384615384615
2678  3706.5  0.0384615384615
2679  3706.5  0.0384615384615
2680  3706.5  0.0384615384615
2681  3706.5  0.0384615384615
2682  3706.5  0.0384615384615
2683  3706.5  0.0384615384615
2684  3706.5  0.0384615384615
2685  3706.5  0.0384615384615
2686  3706.5  0.0384615384615
2687  3706.5  0.0384615384615
2688  3706.5  0.0384615384615
2689  3706.5  0.0384615384615
2690  3706.5  0.0384615384615
2691  3706.5  0.0384615384615
2692  3706.5  0.0384615384615
2693  3706.5  0.0384615384615
2694  3706.5  0.0384615384615
2695  3706.5  0.0384615384615
2696  3706.5  0.0384615384615
2697  3706.5  0.0384615384615
2698  3706.5  0.0384615384615
2699  3706.5  0.0384615384615
2700  3706.5  0.0384615384615
2701  3706.5  0.0384615384615
2702  3706.5  0.0384615384615
2703  3706.5  0.0384615384615
2704  3706.5  0.0384615384615
2705  3706.5  0.0384615384615
2706  3706.5  0.0384615384615
2707  3706.5  0.0384615384615
2708  3706.5  0.0384615384615
2709  3706.5  0.0384615384615
2710  3706.5  0.0384615384615
2711  3706.5  0.0384615384615
2712  3706.5  0.0384615384615
2713  3706.5  0.0384615384615
2714  3706.5  0.0384615384615
2715  3706.5  0.0384615384615
2716  3706.5  0.0384615384615
2717  3706.5  0.0384615384615
2718  3706.5  0.0384615384615
2719  3706.5  0.0384615384615
2720  3706.5  0.0384615384615
2721  3706.5  0.0384615384615
2722  3706.5  0.0384615384615
2723  3706.5  0.0384615384615
2724  3706.5  0.0384615384615
2725  3706.5  0.0384615384615
2726  3706.5  0.0384615384615
2727  3706.5  0.0384615384615
2728  3706.5  0.0384615384615
2729  3706.5  0.0384615384615
2730  3706.5  0.0384615384615
2731  3706.5  0.0384615384615
2732  3706.5  0.0384615384615
2733  3706.5  0.0384615384615
2734  3706.5  0.0384615384615
2735  3706.5  0.0384615384615
2736  3706.5  0.0384615384615
2737  3706.5  0.0384615384615
2738  3706.5  0.0384615384615
2739  3706.5  0.0384615384615
2740  3706.5  0.0384615384615
2741  3706.5  0.0384615384615
2742  3706.5  0.0384615384615
2743  3706.5  0.0384615384615
2744  3706.5  0.0384615384615
2745  3706.5  0.0384615384615
2746  3706.5  0.0384615384615
2747  3706.5  0.0384615384615
2748  3706.5  0.0384615384615
2749  3706.5  0.0384615384615
2750  3706.5  0.0384615384615
2751  3706.5  0.0384615384615
2752  3706.5  0.0384615384615
2753  3706.5  0.0384615384615
2754  3706.5  0.0384615384615
2755  3706.5  0.0384615384615
2756  3706.5  0.0384615384615
2757  3706.5  0.0384615384615
2758  3706.5  0.0384615384615
2759  3706.5  0.0384615384615
2760  3706.5  0.0384615384615
2761  3706.5  0.0384615384615
2762  3706.5  0.0384615384615
2763  3706.5  0.0384615384615
2764  3706.5  0.0384615384615
2765  3706.5  0.0384615384615
2766  3706.5  0.0384615384615
2767  3706.5  0.0384615384615
2768  3706.5  0.0384615384615
2769  3706.5  0.0384615384615
2770  3706.5  0.0384615384615
2771  3706.5  0.0384615384615
2772  3706.5  0.0384615384615
2773  3706.5  0.0384615384615
2774  3706.5  0.0384615384615
2775  3706.5  0.0384615384615
2776  3706.5  0.0384615384615
2777  3706.5  0.0384615384615
2778  3706.5  0.0384615384615
2779  3706.5  0.0384615384615
2780  3706.5  0.0384615384615
2781  3706.5  0.0384615384615
2782  3706.5  0.0384615384615
2783  3706.5  0.0384615384615
2784  3706.5  0.0384615384615
2785  3706.5  0.0384615384615
2786  3706.5  0.0384615384615
2787  3706.5  0.0384615384615
2788  3706.5  0.0384615384615
2789  3706.5  0.0384615384615
2790  3706.5  0.0384615384615
2791  3706.5  0.0384615384615
2792  3706.5  0.0384615384615
2793  3706.5  0.0384615384615
2794  3706.5  0.0384615384615
2795  3706.5  0.0384615384615
2796  3706.5  0.0384615384615
2797  3706.5  0.0384615384615
2798  3706.5  0.0384615384615
2799  3706.5  0.0384615384615
2800  3706.5  0.0384615384615
2801  3706.5  0.0384615384615
2802  3706.5  0.0384615384615
2803  3706.5  0.0384615384615
2804  3706.5  0.0384615384615
2805  3706.5  0.0384615384615
2806  3706.5  0.0384615384615
2807  3706.5  0.0384615384615
2808  3706.5  0.0384615384615
2809  3706.5  0.0384615384615
2810  3706.5  0.0384615384615
2811  3706.5  0.0384615384615
2812  3706.5  0.0384615384615
2813  3706.5  0.0384615384615
2814  3706.5  0.0384615384615
2815  3706.5  0.0384615384615
2816  3706.5  0.0384615384615
2817  3706.5  0.0384615384615
2818  3706.5  0.0384615384615
2819  3706.5  0.0384615384615
2820  3706.5  0.0384615384615
2821  3706.5  0.0384615384615
2822  3706.5  0.0384615384615
2823  3706.5  0.0384615384615
2824  3706.5  0.0384615384615
2825  3706.5  0.0384615384615
2826  3706.5  0.0384615384615
2827  3706.5  0.0384615384615
2828  3706.5  0.0384615384615
2829  3706.5  0.0384615384615
2830  3706.5  0.0384615384615
2831  3706.5  0.0384615384615
2832  3706.5  0.0384615384615
2833  3706.5  0.0384615384615
2834  3706.5  0.0384615384615
2835  3706.5  0.0384615384615
2836  3706.5  0.0384615384615
2837  3706.5  0.0384615384615
2838  3706.5  0.0384615384615
2839  3706.5  0.0384615384615
2840  3706.5  0.0384615384615
2841  3706.5  0.0384615384615
2842  3706.5  0.0384615384615
2843  3706.5  0.0384615384615
2844  3706.5  0.0384615384615
2845  3706.5  0.0384615384615
2846  3706.5  0.0384615384615
2847  3706.5  0.0384615384615
2848  3706.5  0.0384615384615
2849  3706.5  0.0384615384615
2850  3706.5  0.0384615384615
2851  3706.5  0.0384615384615
2852  3706.5  0.0384615384615
2853  3706.5  0.0384615384615
2854  3706.5  0.0384615384615
2855  3706.5  0.0384615384615
2856  3706.5  0.0384615384615
2857  3706.5  0.0384615384615
2858  3706.5  0.0384615384615
2859  3706.5  0.0384615384615
2860  3706.5  0.0384615384615
2861  3706.5  0.0384615384615
2862  3706.5  0.0384615384615
2863  3706.5  0.0384615384615
2864  3706.5  0.0384615384615
2865  3706.5  0.0384615384615
2866  3706.5  0.0384615384615
2867  3706.5  0.0384615384615
2868  3706.5  0.0384615384615
2869  3706.5  0.0384615384615
2870  3706.5  0.0384615384615
2871  3706.5  0.0384615384615
2872  3706.5  0.0384615384615
2873  3706.5  0.0384615384615
2874  3706.5  0.0384615384615
2875  3706.5  0.0384615384615
2876  3706.5  0.0384615384615
2877  3706.5  0.0384615384615
2878  3706.5  0.0384615384615
2879  3706.5  0.0384615384615
2880  3706.5  0.0384615384615
2881  3706.5  0.0384615384615
2882  3706.5  0.0384615384615
2883  3706.5  0.0384615384615
2884  3706.5  0.0384615384615
2885  3706.5  0.0384615384615
2886  3706.5  0.0384615384615
2887  3706.5  0.0384615384615
2888  3706.5  0.0384615384615
2889  3706.5  0.0384615384615
2890  3706.5  0.0384615384615
2891  3706.5  0.0384615384615
2892  3706.5  0.0384615384615
2893  3706.5  0.0384615384615
2894  3706.5  0.0384615384615
2895  3706.5  0.0384615384615
2896  3706.5  0.0384615384615
2897  3706.5  0.0384615384615
2898  3706.5  0.0384615384615
2899  3706.5  0.0384615384615
2900  3706.5  0.0384615384615
2901  3706.5  0.0384615384615
2902  3706.5  0.0384615384615
2903  3706.5  0.0384615384615
2904  3706.5  0.0384615384615
2905  3706.5  0.0384615384615
2906  3706.5  0.0384615384615
2907  3706.5  0.0384615384615
2908  3706.5  0.0384615384615
2909  3706.5  0.0384615384615
2910  3706.5  0.0384615384615
2911  3706.5  0.0384615384615
2912  3706.5  0.0384615384615
2913  3706.5  0.0384615384615
2914  3706.5  0.0384615384615
2915  3706.5  0.0384615384615
2916  3706.5  0.0384615384615
2917  3706.5  0.0384615384615
2918  3706.5  0.0384615384615
2919  3706.5  0.0384615384615
2920  3706.5  0.0384615384615
2921  3706.5  0.0384615384615
2922  3706.5  0.0384615384615
2923  3706.5  0.0384615384615
2924  3706.5  0.0384615384615
2925  3706.5  0.0384615384615
2926  3706.5  0.0384615384615
2927  3706.5  0.0384615384615
2928  3706.5  0.0384615384615
2929  3706.5  0.0384615384615
2930  3706.5  0.0384615384615
2931  3706.5  0.0384615384615
2932  3706.5  0.0384615384615
2933  3706.5  0.0384615384615
2934  3706.5  0.0384615384615
2935  3706.5  0.0384615384615
2936  3706.5  0.0384615384615
2937  3706.5  0.0384615384615
2938  3706.5  0.0384615384615
2939  3706.5  0.0384615384615
2940  3706.5  0.0384615384615
2941  3706.5  0.0384615384615
2942  3706.5  0.0384615384615
2943  3706.5  0.0384615384615
2944  3706.5  0.0384615384615
2945  3706.5  0.0384615384615
2946  3706.5  0.0384615384615
2947  3706.5  0.0384615384615
2948  3706.5  0.0384615384615
2949  3706.5  0.0384615384615
2950  3706.5  0.0384615384615
2951  3706.5  0.0384615384615
2952  3706.5  0.0384615384615
2953  3706.5  0.0384615384615
2954  3706.5  0.0384615384615
2955  3706.5  0.0384615384615
2956  3706.5  0.0384615384615
2957  3706.5  0.0384615384615
2958  3706.5  0.0384615384615
2959  3706.5  0.0384615384615
2960  3706.5  0.0384615384615
2961  3706.5  0.0384615384615
2962  3706.5  0.0384615384615
2963  3706.5  0.0384615384615
2964  3706.5  0.0384615384615
2965  3706.5  0.0384615384615
2966  3706.5  0.0384615384615
2967  3706.5  0.0384615384615
2968  3706.5  0.0384615384615
2969  3706.5  0.0384615384615
2970  3706.5  0.0384615384615
2971  3706.5  0.0384615384615
2972  3706.5  0.0384615384615
2973  3706.5  0.0384615384615
2974  3706.5  0.0384615384615
2975  3706.5  0.0384615384615
2976  3706.5  0.0384615384615
2977  3706.5  0.0384615384615
2978  3706.5  0.0384615384615
2979  3706.5  0.0384615384615
2980  3706.5  0.0384615384615
2981  3706.5  0.0384615384615
2982  3706.5  0.0384615384615
2983  3706.5  0.0384615384615
2984  3706.5  0.0384615384615
2985  3706.5  0.0384615384615
2986  3706.5  0.0384615384615
2987  3706.5  0.0384615384615
2988  3706.5  0.0384615384615
2989  3706.5  0.0384615384615
2990  3706.5  0.0384615384615
2991  3706.5  0.0384615384615
2992  3706.5  0.0384615384615
2993  3706.5  0.0384615384615
2994  3706.5  0.0384615384615
2995  3706.5  0.0384615384615
2996  3706.5  0.0384615384615
2997  3706.5  0.0384615384615
2998  3706.5  0.0384615384615
2999  3706.5  0.0384615384615
#[9, 9, 9, 9, 9]
#[1, 9, 9, 9, 9]
#[9, 9, 9, 9, 9]
#[9, 9, 9, 9, 9]
#[-6, 9, 9, 9, 9]
#[9, 9, 9, 9, 9]
#[-4, 4, 9, 9, 9]
#[6, 7, 9, 9, 9]
#[9, 9, 9, 9, 9]
#[1, 9, 9, 9, 9]
#[4, 9, 9, 9, 9]
#[2, 9, 9, 9, 9]
#[-7, 9, 9, 9, 9]
#[9, 9, 9, 9, 9]
#[-1, 9, 9, 9, 9]
#[4, 9, 9, 9, 9]
#[9, 9, 9, 9, 9]
#[-5, 9, 9, 9, 9]
#[4, 9, 9, 9, 9]
#[9, 9, 9, 9, 9]
#[9, 9, 9, 9, 9]
#[9, 9, 9, 9, 9]
#[9, 9, 9, 9, 9]
#[9, 9, 9, 9, 9]
#[9, 9, 9, 9, 9]
#Specialization index= [0, 9, 0.04504504504504504]
