#[9, 6, 7, 5, 9]
#[4, 7, 1, 6, 3]
#[5, 4, 7, 9, 8]
#[3, 9, 8, 4, 7]
#[7, 8, 9, 4, 0]
#[8, 2, 3, 4, 4]
#[8, 7, 7, 0, 2]
#[8, 3, 5, 6, 6]
#[4, 6, 3, 7, 4]
#[4, 5, 2, 1, 1]
#[7, 4, 8, 8, 2]
#[7, 2, 0, 4, 4]
#[2, 9, 6, 9, 7]
#[1, 8, 0, 9, 3]
#[0, 2, 4, 5, 9]
#[9, 4, 7, 9, 9]
0  2107.0  0.105882352941
1  2211.5  0.0823529411765
2  2211.5  0.0823529411765
3  2211.5  0.0823529411765
4  2211.5  0.0823529411765
5  2211.5  0.0823529411765
6  2211.5  0.0823529411765
7  2211.5  0.0823529411765
8  2211.5  0.0823529411765
9  2211.5  0.0823529411765
10  2211.5  0.0823529411765
11  2211.5  0.0823529411765
12  2211.5  0.0823529411765
13  2211.5  0.0823529411765
14  2261.5  0.0941176470588
15  2261.5  0.0941176470588
16  2261.5  0.0941176470588
17  2261.5  0.0941176470588
18  2261.5  0.0941176470588
19  2261.5  0.0941176470588
20  2261.5  0.0941176470588
21  2261.5  0.0941176470588
22  2261.5  0.0941176470588
23  2261.5  0.0941176470588
24  2261.5  0.0941176470588
25  2261.5  0.0941176470588
26  2261.5  0.0941176470588
27  2261.5  0.0941176470588
28  2261.5  0.0941176470588
29  2261.5  0.0941176470588
30  2261.5  0.0941176470588
31  2261.5  0.0941176470588
32  2261.5  0.0941176470588
33  2261.5  0.0941176470588
34  2261.5  0.0941176470588
35  2261.5  0.0941176470588
36  2261.5  0.0941176470588
37  2261.5  0.0941176470588
38  2261.5  0.0941176470588
39  2261.5  0.0941176470588
40  2261.5  0.0941176470588
41  2352.5  0.0470588235294
42  2352.5  0.0470588235294
43  2352.5  0.0470588235294
44  2352.5  0.0470588235294
45  2352.5  0.0470588235294
46  2352.5  0.0470588235294
47  2352.5  0.0470588235294
48  2352.5  0.0470588235294
49  2352.5  0.0470588235294
50  2352.5  0.0470588235294
51  2352.5  0.0470588235294
52  2352.5  0.0470588235294
53  2352.5  0.0470588235294
54  2352.5  0.0470588235294
55  2352.5  0.0470588235294
56  2352.5  0.0470588235294
57  2352.5  0.0470588235294
58  2352.5  0.0470588235294
59  2352.5  0.0470588235294
60  2352.5  0.0470588235294
61  2352.5  0.0470588235294
62  2352.5  0.0470588235294
63  2352.5  0.0470588235294
64  2352.5  0.0470588235294
65  2352.5  0.0470588235294
66  2352.5  0.0470588235294
67  2352.5  0.0470588235294
68  2352.5  0.0470588235294
69  2352.5  0.0470588235294
70  2352.5  0.0470588235294
71  2352.5  0.0470588235294
72  2352.5  0.0470588235294
73  2352.5  0.0470588235294
74  2352.5  0.0470588235294
75  2352.5  0.0470588235294
76  2352.5  0.0470588235294
77  2352.5  0.0470588235294
78  2352.5  0.0470588235294
79  2352.5  0.0470588235294
80  2352.5  0.0470588235294
81  2352.5  0.0470588235294
82  2352.5  0.0470588235294
83  2352.5  0.0470588235294
84  2352.5  0.0470588235294
85  2352.5  0.0470588235294
86  2352.5  0.0470588235294
87  2352.5  0.0470588235294
88  2352.5  0.0470588235294
89  2352.5  0.0470588235294
90  2352.5  0.0470588235294
91  2352.5  0.0470588235294
92  2352.5  0.0470588235294
93  2352.5  0.0470588235294
94  2352.5  0.0470588235294
95  2352.5  0.0470588235294
96  2352.5  0.0470588235294
97  2352.5  0.0470588235294
98  2352.5  0.0470588235294
99  2352.5  0.0470588235294
100  2352.5  0.0470588235294
101  2352.5  0.0470588235294
102  2352.5  0.0470588235294
103  2352.5  0.0470588235294
104  2352.5  0.0470588235294
105  2352.5  0.0470588235294
106  2352.5  0.0470588235294
107  2352.5  0.0470588235294
108  2352.5  0.0470588235294
109  2352.5  0.0470588235294
110  2352.5  0.0470588235294
111  2352.5  0.0470588235294
112  2352.5  0.0470588235294
113  2352.5  0.0470588235294
114  2352.5  0.0470588235294
115  2352.5  0.0470588235294
116  2352.5  0.0470588235294
117  2352.5  0.0470588235294
118  2352.5  0.0470588235294
119  2352.5  0.0470588235294
120  2352.5  0.0470588235294
121  2352.5  0.0470588235294
122  2352.5  0.0470588235294
123  2352.5  0.0470588235294
124  2352.5  0.0470588235294
125  2352.5  0.0470588235294
126  2352.5  0.0470588235294
127  2352.5  0.0470588235294
128  2352.5  0.0470588235294
129  2352.5  0.0470588235294
130  2352.5  0.0470588235294
131  2352.5  0.0470588235294
132  2352.5  0.0470588235294
133  2352.5  0.0470588235294
134  2352.5  0.0470588235294
135  2352.5  0.0470588235294
136  2352.5  0.0470588235294
137  2352.5  0.0470588235294
138  2352.5  0.0470588235294
139  2352.5  0.0470588235294
140  2352.5  0.0470588235294
141  2352.5  0.0470588235294
142  2352.5  0.0470588235294
143  2352.5  0.0470588235294
144  2352.5  0.0470588235294
145  2352.5  0.0470588235294
146  2352.5  0.0470588235294
147  2352.5  0.0470588235294
148  2352.5  0.0470588235294
149  2352.5  0.0470588235294
150  2352.5  0.0470588235294
151  2352.5  0.0470588235294
152  2352.5  0.0470588235294
153  2352.5  0.0470588235294
154  2352.5  0.0470588235294
155  2352.5  0.0470588235294
156  2352.5  0.0470588235294
157  2352.5  0.0470588235294
158  2352.5  0.0470588235294
159  2352.5  0.0470588235294
160  2352.5  0.0470588235294
161  2352.5  0.0470588235294
162  2352.5  0.0470588235294
163  2352.5  0.0470588235294
164  2352.5  0.0470588235294
165  2352.5  0.0470588235294
166  2352.5  0.0470588235294
167  2352.5  0.0470588235294
168  2352.5  0.0470588235294
169  2352.5  0.0470588235294
170  2352.5  0.0470588235294
171  2352.5  0.0470588235294
172  2352.5  0.0470588235294
173  2352.5  0.0470588235294
174  2352.5  0.0470588235294
175  2352.5  0.0470588235294
176  2352.5  0.0470588235294
177  2352.5  0.0470588235294
178  2352.5  0.0470588235294
179  2352.5  0.0470588235294
180  2352.5  0.0470588235294
181  2352.5  0.0470588235294
182  2352.5  0.0470588235294
183  2352.5  0.0470588235294
184  2352.5  0.0470588235294
185  2352.5  0.0470588235294
186  2352.5  0.0470588235294
187  2352.5  0.0470588235294
188  2352.5  0.0470588235294
189  2352.5  0.0470588235294
190  2352.5  0.0470588235294
191  2352.5  0.0470588235294
192  2352.5  0.0470588235294
193  2352.5  0.0470588235294
194  2352.5  0.0470588235294
195  2352.5  0.0470588235294
196  2352.5  0.0470588235294
197  2352.5  0.0470588235294
198  2352.5  0.0470588235294
199  2352.5  0.0470588235294
200  2352.5  0.0470588235294
201  2352.5  0.0470588235294
202  2352.5  0.0470588235294
203  2352.5  0.0470588235294
204  2352.5  0.0470588235294
205  2352.5  0.0470588235294
206  2352.5  0.0470588235294
207  2352.5  0.0470588235294
208  2352.5  0.0470588235294
209  2352.5  0.0470588235294
210  2352.5  0.0470588235294
211  2352.5  0.0470588235294
212  2352.5  0.0470588235294
213  2352.5  0.0470588235294
214  2352.5  0.0470588235294
215  2352.5  0.0470588235294
216  2352.5  0.0470588235294
217  2352.5  0.0470588235294
218  2352.5  0.0470588235294
219  2352.5  0.0470588235294
220  2352.5  0.0470588235294
221  2352.5  0.0470588235294
222  2352.5  0.0470588235294
223  2352.5  0.0470588235294
224  2352.5  0.0470588235294
225  2352.5  0.0470588235294
226  2352.5  0.0470588235294
227  2352.5  0.0470588235294
228  2352.5  0.0470588235294
229  2352.5  0.0470588235294
230  2352.5  0.0470588235294
231  2352.5  0.0470588235294
232  2352.5  0.0470588235294
233  2352.5  0.0470588235294
234  2352.5  0.0470588235294
235  2352.5  0.0470588235294
236  2352.5  0.0470588235294
237  2352.5  0.0470588235294
238  2352.5  0.0470588235294
239  2352.5  0.0470588235294
240  2352.5  0.0470588235294
241  2352.5  0.0470588235294
242  2352.5  0.0470588235294
243  2352.5  0.0470588235294
244  2352.5  0.0470588235294
245  2352.5  0.0470588235294
246  2352.5  0.0470588235294
247  2352.5  0.0470588235294
248  2360.0  0.0588235294118
249  2360.0  0.0588235294118
250  2360.0  0.0588235294118
251  2360.0  0.0588235294118
252  2360.0  0.0588235294118
253  2360.0  0.0588235294118
254  2360.0  0.0588235294118
255  2360.0  0.0588235294118
256  2360.0  0.0588235294118
257  2360.0  0.0588235294118
258  2360.0  0.0588235294118
259  2360.0  0.0588235294118
260  2360.0  0.0588235294118
261  2360.0  0.0588235294118
262  2360.0  0.0588235294118
263  2360.0  0.0588235294118
264  2360.0  0.0588235294118
265  2360.0  0.0588235294118
266  2360.0  0.0588235294118
267  2360.0  0.0588235294118
268  2360.0  0.0588235294118
269  2360.0  0.0588235294118
270  2360.0  0.0588235294118
271  2360.0  0.0588235294118
272  2360.0  0.0588235294118
273  2360.0  0.0588235294118
274  2360.0  0.0588235294118
275  2360.0  0.0588235294118
276  2360.0  0.0588235294118
277  2360.0  0.0588235294118
278  2360.0  0.0588235294118
279  2360.0  0.0588235294118
280  2360.0  0.0588235294118
281  2360.0  0.0588235294118
282  2360.0  0.0588235294118
283  2360.0  0.0588235294118
284  2360.0  0.0588235294118
285  2360.0  0.0588235294118
286  2360.0  0.0588235294118
287  2360.0  0.0588235294118
288  2360.0  0.0588235294118
289  2360.0  0.0588235294118
290  2360.0  0.0588235294118
291  2360.0  0.0588235294118
292  2360.0  0.0588235294118
293  2360.0  0.0588235294118
294  2360.0  0.0588235294118
295  2360.0  0.0588235294118
296  2360.0  0.0588235294118
297  2360.0  0.0588235294118
298  2360.0  0.0588235294118
299  2360.0  0.0588235294118
300  2360.0  0.0588235294118
301  2360.0  0.0588235294118
302  2360.0  0.0588235294118
303  2360.0  0.0588235294118
304  2360.0  0.0588235294118
305  2360.0  0.0588235294118
306  2360.0  0.0588235294118
307  2360.0  0.0588235294118
308  2360.0  0.0588235294118
309  2360.0  0.0588235294118
310  2360.0  0.0588235294118
311  2360.0  0.0588235294118
312  2360.0  0.0588235294118
313  2360.0  0.0588235294118
314  2360.0  0.0588235294118
315  2360.0  0.0588235294118
316  2360.0  0.0588235294118
317  2360.0  0.0588235294118
318  2360.0  0.0588235294118
319  2360.0  0.0588235294118
320  2360.0  0.0588235294118
321  2360.0  0.0588235294118
322  2360.0  0.0588235294118
323  2360.0  0.0588235294118
324  2360.0  0.0588235294118
325  2360.0  0.0588235294118
326  2360.0  0.0588235294118
327  2360.0  0.0588235294118
328  2360.0  0.0588235294118
329  2360.0  0.0588235294118
330  2360.0  0.0588235294118
331  2360.0  0.0588235294118
332  2360.0  0.0588235294118
333  2360.0  0.0588235294118
334  2360.0  0.0588235294118
335  2360.0  0.0588235294118
336  2360.0  0.0588235294118
337  2360.0  0.0588235294118
338  2360.0  0.0588235294118
339  2360.0  0.0588235294118
340  2360.0  0.0588235294118
341  2360.0  0.0588235294118
342  2360.0  0.0588235294118
343  2360.0  0.0588235294118
344  2360.0  0.0588235294118
345  2360.0  0.0588235294118
346  2360.0  0.0588235294118
347  2360.0  0.0588235294118
348  2360.0  0.0588235294118
349  2360.0  0.0588235294118
350  2364.0  0.0352941176471
351  2364.0  0.0352941176471
352  2364.0  0.0352941176471
353  2364.0  0.0352941176471
354  2364.0  0.0352941176471
355  2364.0  0.0352941176471
356  2364.0  0.0352941176471
357  2364.0  0.0352941176471
358  2364.0  0.0352941176471
359  2364.0  0.0352941176471
360  2364.0  0.0352941176471
361  2364.0  0.0352941176471
362  2364.0  0.0352941176471
363  2364.0  0.0352941176471
364  2364.0  0.0352941176471
365  2364.0  0.0352941176471
366  2364.0  0.0352941176471
367  2364.0  0.0352941176471
368  2364.0  0.0352941176471
369  2364.0  0.0352941176471
370  2364.0  0.0352941176471
371  2364.0  0.0352941176471
372  2364.0  0.0352941176471
373  2364.0  0.0352941176471
374  2364.0  0.0352941176471
375  2364.0  0.0352941176471
376  2364.0  0.0352941176471
377  2364.0  0.0352941176471
378  2364.0  0.0352941176471
379  2364.0  0.0352941176471
380  2364.0  0.0352941176471
381  2364.0  0.0352941176471
382  2364.0  0.0352941176471
383  2364.0  0.0352941176471
384  2364.0  0.0352941176471
385  2364.0  0.0352941176471
386  2364.0  0.0352941176471
387  2364.0  0.0352941176471
388  2364.0  0.0352941176471
389  2364.0  0.0352941176471
390  2364.0  0.0352941176471
391  2364.0  0.0352941176471
392  2364.0  0.0352941176471
393  2364.0  0.0352941176471
394  2364.0  0.0352941176471
395  2364.0  0.0352941176471
396  2364.0  0.0352941176471
397  2364.0  0.0352941176471
398  2364.0  0.0352941176471
399  2364.0  0.0352941176471
400  2364.0  0.0352941176471
401  2364.0  0.0352941176471
402  2364.0  0.0352941176471
403  2364.0  0.0352941176471
404  2364.0  0.0352941176471
405  2364.0  0.0352941176471
406  2364.0  0.0352941176471
407  2364.0  0.0352941176471
408  2364.0  0.0352941176471
409  2364.0  0.0352941176471
410  2364.0  0.0352941176471
411  2364.0  0.0352941176471
412  2364.0  0.0352941176471
413  2364.0  0.0352941176471
414  2364.0  0.0352941176471
415  2364.0  0.0352941176471
416  2364.0  0.0352941176471
417  2364.0  0.0352941176471
418  2364.0  0.0352941176471
419  2364.0  0.0352941176471
420  2364.0  0.0352941176471
421  2364.0  0.0352941176471
422  2364.0  0.0352941176471
423  2364.0  0.0352941176471
424  2364.0  0.0352941176471
425  2364.0  0.0352941176471
426  2364.0  0.0352941176471
427  2364.0  0.0352941176471
428  2364.0  0.0352941176471
429  2364.0  0.0352941176471
430  2364.0  0.0352941176471
431  2364.0  0.0352941176471
432  2364.0  0.0352941176471
433  2364.0  0.0352941176471
434  2364.0  0.0352941176471
435  2364.0  0.0352941176471
436  2364.0  0.0352941176471
437  2364.0  0.0352941176471
438  2364.0  0.0352941176471
439  2364.0  0.0352941176471
440  2364.0  0.0352941176471
441  2364.0  0.0352941176471
442  2364.0  0.0352941176471
443  2364.0  0.0352941176471
444  2364.0  0.0352941176471
445  2364.0  0.0352941176471
446  2364.0  0.0352941176471
447  2364.0  0.0352941176471
448  2364.0  0.0352941176471
449  2364.0  0.0352941176471
450  2364.0  0.0352941176471
451  2364.0  0.0352941176471
452  2364.0  0.0352941176471
453  2364.0  0.0352941176471
454  2364.0  0.0352941176471
455  2364.0  0.0352941176471
456  2364.0  0.0352941176471
457  2364.0  0.0352941176471
458  2364.0  0.0352941176471
459  2364.0  0.0352941176471
460  2364.0  0.0352941176471
461  2364.0  0.0352941176471
462  2364.0  0.0352941176471
463  2364.0  0.0352941176471
464  2364.0  0.0352941176471
465  2364.0  0.0352941176471
466  2364.0  0.0352941176471
467  2364.0  0.0352941176471
468  2364.0  0.0352941176471
469  2364.0  0.0352941176471
470  2364.0  0.0352941176471
471  2364.0  0.0352941176471
472  2364.0  0.0352941176471
473  2364.0  0.0352941176471
474  2364.0  0.0352941176471
475  2364.0  0.0352941176471
476  2364.0  0.0352941176471
477  2364.0  0.0352941176471
478  2364.0  0.0352941176471
479  2364.0  0.0352941176471
480  2364.0  0.0352941176471
481  2364.0  0.0352941176471
482  2364.0  0.0352941176471
483  2364.0  0.0352941176471
484  2364.0  0.0352941176471
485  2364.0  0.0352941176471
486  2364.0  0.0352941176471
487  2364.0  0.0352941176471
488  2364.0  0.0352941176471
489  2364.0  0.0352941176471
490  2364.0  0.0352941176471
491  2364.0  0.0352941176471
492  2364.0  0.0352941176471
493  2364.0  0.0352941176471
494  2364.0  0.0352941176471
495  2364.0  0.0352941176471
496  2364.0  0.0352941176471
497  2364.0  0.0352941176471
498  2364.0  0.0352941176471
499  2364.0  0.0352941176471
500  2364.0  0.0352941176471
501  2364.0  0.0352941176471
502  2364.0  0.0352941176471
503  2364.0  0.0352941176471
504  2364.0  0.0352941176471
505  2364.0  0.0352941176471
506  2364.0  0.0352941176471
507  2364.0  0.0352941176471
508  2364.0  0.0352941176471
509  2364.0  0.0352941176471
510  2364.0  0.0352941176471
511  2364.0  0.0352941176471
512  2364.0  0.0352941176471
513  2364.0  0.0352941176471
514  2364.0  0.0352941176471
515  2364.0  0.0352941176471
516  2364.0  0.0352941176471
517  2364.0  0.0352941176471
518  2364.0  0.0352941176471
519  2364.0  0.0352941176471
520  2364.0  0.0352941176471
521  2364.0  0.0352941176471
522  2364.0  0.0352941176471
523  2364.0  0.0352941176471
524  2364.0  0.0352941176471
525  2364.0  0.0352941176471
526  2364.0  0.0352941176471
527  2364.0  0.0352941176471
528  2364.0  0.0352941176471
529  2364.0  0.0352941176471
530  2364.0  0.0352941176471
531  2364.0  0.0352941176471
532  2364.0  0.0352941176471
533  2364.0  0.0352941176471
534  2364.0  0.0352941176471
535  2364.0  0.0352941176471
536  2364.0  0.0352941176471
537  2364.0  0.0352941176471
538  2364.0  0.0352941176471
539  2364.0  0.0352941176471
540  2364.0  0.0352941176471
541  2364.0  0.0352941176471
542  2364.0  0.0352941176471
543  2364.0  0.0352941176471
544  2364.0  0.0352941176471
545  2364.0  0.0352941176471
546  2364.0  0.0352941176471
547  2364.0  0.0352941176471
548  2364.0  0.0352941176471
549  2364.0  0.0352941176471
550  2364.0  0.0352941176471
551  2364.0  0.0352941176471
552  2364.0  0.0352941176471
553  2364.0  0.0352941176471
554  2364.0  0.0352941176471
555  2364.0  0.0352941176471
556  2364.0  0.0352941176471
557  2364.0  0.0352941176471
558  2364.0  0.0352941176471
559  2364.0  0.0352941176471
560  2364.0  0.0352941176471
561  2364.0  0.0352941176471
562  2364.0  0.0352941176471
563  2364.0  0.0352941176471
564  2364.0  0.0352941176471
565  2364.0  0.0352941176471
566  2364.0  0.0352941176471
567  2364.0  0.0352941176471
568  2364.0  0.0352941176471
569  2364.0  0.0352941176471
570  2364.0  0.0352941176471
571  2364.0  0.0352941176471
572  2364.0  0.0352941176471
573  2364.0  0.0352941176471
574  2364.0  0.0352941176471
575  2364.0  0.0352941176471
576  2364.0  0.0352941176471
577  2364.0  0.0352941176471
578  2364.0  0.0352941176471
579  2364.0  0.0352941176471
580  2364.0  0.0352941176471
581  2364.0  0.0352941176471
582  2364.0  0.0352941176471
583  2364.0  0.0352941176471
584  2364.0  0.0352941176471
585  2364.0  0.0352941176471
586  2364.0  0.0352941176471
587  2364.0  0.0352941176471
588  2364.0  0.0352941176471
589  2364.0  0.0352941176471
590  2364.0  0.0352941176471
591  2364.0  0.0352941176471
592  2364.0  0.0352941176471
593  2364.0  0.0352941176471
594  2364.0  0.0352941176471
595  2364.0  0.0352941176471
596  2364.0  0.0352941176471
597  2364.0  0.0352941176471
598  2364.0  0.0352941176471
599  2364.0  0.0352941176471
600  2364.0  0.0352941176471
601  2364.0  0.0352941176471
602  2364.0  0.0352941176471
603  2364.0  0.0352941176471
604  2364.0  0.0352941176471
605  2364.0  0.0352941176471
606  2364.0  0.0352941176471
607  2364.0  0.0352941176471
608  2364.0  0.0352941176471
609  2364.0  0.0352941176471
610  2364.0  0.0352941176471
611  2364.0  0.0352941176471
612  2364.0  0.0352941176471
613  2364.0  0.0352941176471
614  2364.0  0.0352941176471
615  2364.0  0.0352941176471
616  2364.0  0.0352941176471
617  2364.0  0.0352941176471
618  2364.0  0.0352941176471
619  2364.0  0.0352941176471
620  2364.0  0.0352941176471
621  2364.0  0.0352941176471
622  2364.0  0.0352941176471
623  2364.0  0.0352941176471
624  2364.0  0.0352941176471
625  2364.0  0.0352941176471
626  2364.0  0.0352941176471
627  2364.0  0.0352941176471
628  2364.0  0.0352941176471
629  2364.0  0.0352941176471
630  2364.0  0.0352941176471
631  2364.0  0.0352941176471
632  2364.0  0.0352941176471
633  2364.0  0.0352941176471
634  2364.0  0.0352941176471
635  2364.0  0.0352941176471
636  2364.0  0.0352941176471
637  2364.0  0.0352941176471
638  2364.0  0.0352941176471
639  2364.0  0.0352941176471
640  2364.0  0.0352941176471
641  2364.0  0.0352941176471
642  2364.0  0.0352941176471
643  2364.0  0.0352941176471
644  2364.0  0.0352941176471
645  2364.0  0.0352941176471
646  2364.0  0.0352941176471
647  2364.0  0.0352941176471
648  2364.0  0.0352941176471
649  2364.0  0.0352941176471
650  2364.0  0.0352941176471
651  2364.0  0.0352941176471
652  2364.0  0.0352941176471
653  2364.0  0.0352941176471
654  2364.0  0.0352941176471
655  2364.0  0.0352941176471
656  2364.0  0.0352941176471
657  2364.0  0.0352941176471
658  2364.0  0.0352941176471
659  2364.0  0.0352941176471
660  2364.0  0.0352941176471
661  2364.0  0.0352941176471
662  2364.0  0.0352941176471
663  2364.0  0.0352941176471
664  2364.0  0.0352941176471
665  2364.0  0.0352941176471
666  2364.0  0.0352941176471
667  2364.0  0.0352941176471
668  2364.0  0.0352941176471
669  2364.0  0.0352941176471
670  2364.0  0.0352941176471
671  2364.0  0.0352941176471
672  2364.0  0.0352941176471
673  2364.0  0.0352941176471
674  2364.0  0.0352941176471
675  2364.0  0.0352941176471
676  2364.0  0.0352941176471
677  2364.0  0.0352941176471
678  2364.0  0.0352941176471
679  2364.0  0.0352941176471
680  2364.0  0.0352941176471
681  2364.0  0.0352941176471
682  2364.0  0.0352941176471
683  2364.0  0.0352941176471
684  2364.0  0.0352941176471
685  2364.0  0.0352941176471
686  2364.0  0.0352941176471
687  2364.0  0.0352941176471
688  2364.0  0.0352941176471
689  2364.0  0.0352941176471
690  2364.0  0.0352941176471
691  2364.0  0.0352941176471
692  2364.0  0.0352941176471
693  2364.0  0.0352941176471
694  2364.0  0.0352941176471
695  2364.0  0.0352941176471
696  2364.0  0.0352941176471
697  2364.0  0.0352941176471
698  2364.0  0.0352941176471
699  2364.0  0.0352941176471
700  2364.0  0.0352941176471
701  2364.0  0.0352941176471
702  2364.0  0.0352941176471
703  2364.0  0.0352941176471
704  2364.0  0.0352941176471
705  2364.0  0.0352941176471
706  2364.0  0.0352941176471
707  2364.0  0.0352941176471
708  2364.0  0.0352941176471
709  2364.0  0.0352941176471
710  2364.0  0.0352941176471
711  2364.0  0.0352941176471
712  2364.0  0.0352941176471
713  2364.0  0.0352941176471
714  2364.0  0.0352941176471
715  2364.0  0.0352941176471
716  2364.0  0.0352941176471
717  2364.0  0.0352941176471
718  2364.0  0.0352941176471
719  2364.0  0.0352941176471
720  2364.0  0.0352941176471
721  2364.0  0.0352941176471
722  2364.0  0.0352941176471
723  2364.0  0.0352941176471
724  2364.0  0.0352941176471
725  2364.0  0.0352941176471
726  2364.0  0.0352941176471
727  2364.0  0.0352941176471
728  2364.0  0.0352941176471
729  2364.0  0.0352941176471
730  2364.0  0.0352941176471
731  2364.0  0.0352941176471
732  2364.0  0.0352941176471
733  2364.0  0.0352941176471
734  2364.0  0.0352941176471
735  2364.0  0.0352941176471
736  2364.0  0.0352941176471
737  2364.0  0.0352941176471
738  2364.0  0.0352941176471
739  2364.0  0.0352941176471
740  2364.0  0.0352941176471
741  2364.0  0.0352941176471
742  2364.0  0.0352941176471
743  2364.0  0.0352941176471
744  2364.0  0.0352941176471
745  2364.0  0.0352941176471
746  2364.0  0.0352941176471
747  2364.0  0.0352941176471
748  2364.0  0.0352941176471
749  2364.0  0.0352941176471
750  2364.0  0.0352941176471
751  2364.0  0.0352941176471
752  2364.0  0.0352941176471
753  2364.0  0.0352941176471
754  2364.0  0.0352941176471
755  2364.0  0.0352941176471
756  2364.0  0.0352941176471
757  2404.0  0.0235294117647
758  2404.0  0.0235294117647
759  2404.0  0.0235294117647
760  2404.0  0.0235294117647
761  2404.0  0.0235294117647
762  2404.0  0.0235294117647
763  2404.0  0.0235294117647
764  2404.0  0.0235294117647
765  2404.0  0.0235294117647
766  2404.0  0.0235294117647
767  2404.0  0.0235294117647
768  2404.0  0.0235294117647
769  2404.0  0.0235294117647
770  2404.0  0.0235294117647
771  2404.0  0.0235294117647
772  2404.0  0.0235294117647
773  2404.0  0.0235294117647
774  2404.0  0.0235294117647
775  2404.0  0.0235294117647
776  2404.0  0.0235294117647
777  2404.0  0.0235294117647
778  2404.0  0.0235294117647
779  2404.0  0.0235294117647
780  2404.0  0.0235294117647
781  2404.0  0.0235294117647
782  2404.0  0.0235294117647
783  2404.0  0.0235294117647
784  2404.0  0.0235294117647
785  2404.0  0.0235294117647
786  2404.0  0.0235294117647
787  2404.0  0.0235294117647
788  2404.0  0.0235294117647
789  2404.0  0.0235294117647
790  2404.0  0.0235294117647
791  2404.0  0.0235294117647
792  2404.0  0.0235294117647
793  2404.0  0.0235294117647
794  2404.0  0.0235294117647
795  2404.0  0.0235294117647
796  2404.0  0.0235294117647
797  2404.0  0.0235294117647
798  2404.0  0.0235294117647
799  2404.0  0.0235294117647
800  2404.0  0.0235294117647
801  2404.0  0.0235294117647
802  2404.0  0.0235294117647
803  2404.0  0.0235294117647
804  2404.0  0.0235294117647
805  2404.0  0.0235294117647
806  2404.0  0.0235294117647
807  2404.0  0.0235294117647
808  2404.0  0.0235294117647
809  2404.0  0.0235294117647
810  2404.0  0.0235294117647
811  2404.0  0.0235294117647
812  2404.0  0.0235294117647
813  2404.0  0.0235294117647
814  2404.0  0.0235294117647
815  2404.0  0.0235294117647
816  2404.0  0.0235294117647
817  2404.0  0.0235294117647
818  2404.0  0.0235294117647
819  2404.0  0.0235294117647
820  2404.0  0.0235294117647
821  2404.0  0.0235294117647
822  2404.0  0.0235294117647
823  2404.0  0.0235294117647
824  2404.0  0.0235294117647
825  2404.0  0.0235294117647
826  2404.0  0.0235294117647
827  2404.0  0.0235294117647
828  2404.0  0.0235294117647
829  2404.0  0.0235294117647
830  2404.0  0.0235294117647
831  2404.0  0.0235294117647
832  2404.0  0.0235294117647
833  2404.0  0.0235294117647
834  2404.0  0.0235294117647
835  2404.0  0.0235294117647
836  2404.0  0.0235294117647
837  2404.0  0.0235294117647
838  2404.0  0.0235294117647
839  2404.0  0.0235294117647
840  2404.0  0.0235294117647
841  2404.0  0.0235294117647
842  2404.0  0.0235294117647
843  2404.0  0.0235294117647
844  2404.0  0.0235294117647
845  2404.0  0.0235294117647
846  2404.0  0.0235294117647
847  2404.0  0.0235294117647
848  2404.0  0.0235294117647
849  2404.0  0.0235294117647
850  2404.0  0.0235294117647
851  2404.0  0.0235294117647
852  2404.0  0.0235294117647
853  2404.0  0.0235294117647
854  2404.0  0.0235294117647
855  2404.0  0.0235294117647
856  2404.0  0.0235294117647
857  2404.0  0.0235294117647
858  2404.0  0.0235294117647
859  2404.0  0.0235294117647
860  2404.0  0.0235294117647
861  2404.0  0.0235294117647
862  2404.0  0.0235294117647
863  2404.0  0.0235294117647
864  2404.0  0.0235294117647
865  2404.0  0.0235294117647
866  2404.0  0.0235294117647
867  2404.0  0.0235294117647
868  2404.0  0.0235294117647
869  2404.0  0.0235294117647
870  2404.0  0.0235294117647
871  2404.0  0.0235294117647
872  2404.0  0.0235294117647
873  2404.0  0.0235294117647
874  2404.0  0.0235294117647
875  2404.0  0.0235294117647
876  2404.0  0.0235294117647
877  2404.0  0.0235294117647
878  2404.0  0.0235294117647
879  2404.0  0.0235294117647
880  2404.0  0.0235294117647
881  2404.0  0.0235294117647
882  2404.0  0.0235294117647
883  2404.0  0.0235294117647
884  2404.0  0.0235294117647
885  2404.0  0.0235294117647
886  2404.0  0.0235294117647
887  2404.0  0.0235294117647
888  2404.0  0.0235294117647
889  2404.0  0.0235294117647
890  2404.0  0.0235294117647
891  2404.0  0.0235294117647
892  2404.0  0.0235294117647
893  2404.0  0.0235294117647
894  2404.0  0.0235294117647
895  2404.0  0.0235294117647
896  2404.0  0.0235294117647
897  2404.0  0.0235294117647
898  2404.0  0.0235294117647
899  2404.0  0.0235294117647
900  2404.0  0.0235294117647
901  2404.0  0.0235294117647
902  2404.0  0.0235294117647
903  2404.0  0.0235294117647
904  2404.0  0.0235294117647
905  2404.0  0.0235294117647
906  2404.0  0.0235294117647
907  2404.0  0.0235294117647
908  2404.0  0.0235294117647
909  2404.0  0.0235294117647
910  2404.0  0.0235294117647
911  2404.0  0.0235294117647
912  2404.0  0.0235294117647
913  2404.0  0.0235294117647
914  2404.0  0.0235294117647
915  2404.0  0.0235294117647
916  2404.0  0.0235294117647
917  2404.0  0.0235294117647
918  2404.0  0.0235294117647
919  2404.0  0.0235294117647
920  2404.0  0.0235294117647
921  2404.0  0.0235294117647
922  2404.0  0.0235294117647
923  2404.0  0.0235294117647
924  2404.0  0.0235294117647
925  2404.0  0.0235294117647
926  2404.0  0.0235294117647
927  2404.0  0.0235294117647
928  2404.0  0.0235294117647
929  2404.0  0.0235294117647
930  2404.0  0.0235294117647
931  2404.0  0.0235294117647
932  2404.0  0.0235294117647
933  2404.0  0.0235294117647
934  2404.0  0.0235294117647
935  2404.0  0.0235294117647
936  2404.0  0.0235294117647
937  2404.0  0.0235294117647
938  2404.0  0.0235294117647
939  2404.0  0.0235294117647
940  2404.0  0.0235294117647
941  2404.0  0.0235294117647
942  2404.0  0.0235294117647
943  2404.0  0.0235294117647
944  2404.0  0.0235294117647
945  2404.0  0.0235294117647
946  2404.0  0.0235294117647
947  2404.0  0.0235294117647
948  2404.0  0.0235294117647
949  2404.0  0.0235294117647
950  2404.0  0.0235294117647
951  2404.0  0.0235294117647
952  2404.0  0.0235294117647
953  2404.0  0.0235294117647
954  2404.0  0.0235294117647
955  2404.0  0.0235294117647
956  2404.0  0.0235294117647
957  2404.0  0.0235294117647
958  2404.0  0.0235294117647
959  2404.0  0.0235294117647
960  2404.0  0.0235294117647
961  2404.0  0.0235294117647
962  2404.0  0.0235294117647
963  2404.0  0.0235294117647
964  2404.0  0.0235294117647
965  2404.0  0.0235294117647
966  2404.0  0.0235294117647
967  2404.0  0.0235294117647
968  2404.0  0.0235294117647
969  2404.0  0.0235294117647
970  2404.0  0.0235294117647
971  2404.0  0.0235294117647
972  2404.0  0.0235294117647
973  2404.0  0.0235294117647
974  2404.0  0.0235294117647
975  2404.0  0.0235294117647
976  2404.0  0.0235294117647
977  2404.0  0.0235294117647
978  2404.0  0.0235294117647
979  2404.0  0.0235294117647
980  2404.0  0.0235294117647
981  2404.0  0.0235294117647
982  2404.0  0.0235294117647
983  2404.0  0.0235294117647
984  2404.0  0.0235294117647
985  2404.0  0.0235294117647
986  2404.0  0.0235294117647
987  2404.0  0.0235294117647
988  2404.0  0.0235294117647
989  2404.0  0.0235294117647
990  2404.0  0.0235294117647
991  2404.0  0.0235294117647
992  2404.0  0.0235294117647
993  2404.0  0.0235294117647
994  2404.0  0.0235294117647
995  2404.0  0.0235294117647
996  2404.0  0.0235294117647
997  2404.0  0.0235294117647
998  2404.0  0.0235294117647
999  2404.0  0.0235294117647
1000  2404.0  0.0235294117647
1001  2404.0  0.0235294117647
1002  2404.0  0.0235294117647
1003  2404.0  0.0235294117647
1004  2404.0  0.0235294117647
1005  2404.0  0.0235294117647
1006  2404.0  0.0235294117647
1007  2404.0  0.0235294117647
1008  2404.0  0.0235294117647
1009  2404.0  0.0235294117647
1010  2404.0  0.0235294117647
1011  2404.0  0.0235294117647
1012  2404.0  0.0235294117647
1013  2404.0  0.0235294117647
1014  2404.0  0.0235294117647
1015  2404.0  0.0235294117647
1016  2404.0  0.0235294117647
1017  2404.0  0.0235294117647
1018  2404.0  0.0235294117647
1019  2404.0  0.0235294117647
1020  2404.0  0.0235294117647
1021  2404.0  0.0235294117647
1022  2404.0  0.0235294117647
1023  2404.0  0.0235294117647
1024  2404.0  0.0235294117647
1025  2404.0  0.0235294117647
1026  2404.0  0.0235294117647
1027  2404.0  0.0235294117647
1028  2404.0  0.0235294117647
1029  2404.0  0.0235294117647
1030  2404.0  0.0235294117647
1031  2404.0  0.0235294117647
1032  2404.0  0.0235294117647
1033  2404.0  0.0235294117647
1034  2404.0  0.0235294117647
1035  2404.0  0.0235294117647
1036  2404.0  0.0235294117647
1037  2404.0  0.0235294117647
1038  2404.0  0.0235294117647
1039  2404.0  0.0235294117647
1040  2404.0  0.0235294117647
1041  2404.0  0.0235294117647
1042  2404.0  0.0235294117647
1043  2404.0  0.0235294117647
1044  2404.0  0.0235294117647
1045  2404.0  0.0235294117647
1046  2404.0  0.0235294117647
1047  2404.0  0.0235294117647
1048  2404.0  0.0235294117647
1049  2404.0  0.0235294117647
1050  2404.0  0.0235294117647
1051  2404.0  0.0235294117647
1052  2404.0  0.0235294117647
1053  2404.0  0.0235294117647
1054  2404.0  0.0235294117647
1055  2404.0  0.0235294117647
1056  2404.0  0.0235294117647
1057  2404.0  0.0235294117647
1058  2404.0  0.0235294117647
1059  2404.0  0.0235294117647
1060  2404.0  0.0235294117647
1061  2404.0  0.0235294117647
1062  2404.0  0.0235294117647
1063  2404.0  0.0235294117647
1064  2404.0  0.0235294117647
1065  2404.0  0.0235294117647
1066  2404.0  0.0235294117647
1067  2404.0  0.0235294117647
1068  2404.0  0.0235294117647
1069  2404.0  0.0235294117647
1070  2404.0  0.0235294117647
1071  2404.0  0.0235294117647
1072  2404.0  0.0235294117647
1073  2404.0  0.0235294117647
1074  2404.0  0.0235294117647
1075  2404.0  0.0235294117647
1076  2404.0  0.0235294117647
1077  2404.0  0.0235294117647
1078  2404.0  0.0235294117647
1079  2404.0  0.0235294117647
1080  2404.0  0.0235294117647
1081  2404.0  0.0235294117647
1082  2404.0  0.0235294117647
1083  2404.0  0.0235294117647
1084  2404.0  0.0235294117647
1085  2404.0  0.0235294117647
1086  2404.0  0.0235294117647
1087  2404.0  0.0235294117647
1088  2404.0  0.0235294117647
1089  2404.0  0.0235294117647
1090  2404.0  0.0235294117647
1091  2404.0  0.0235294117647
1092  2404.0  0.0235294117647
1093  2404.0  0.0235294117647
1094  2404.0  0.0235294117647
1095  2404.0  0.0235294117647
1096  2404.0  0.0235294117647
1097  2404.0  0.0235294117647
1098  2404.0  0.0235294117647
1099  2404.0  0.0235294117647
1100  2404.0  0.0235294117647
1101  2404.0  0.0235294117647
1102  2404.0  0.0235294117647
1103  2404.0  0.0235294117647
1104  2404.0  0.0235294117647
1105  2404.0  0.0235294117647
1106  2404.0  0.0235294117647
1107  2404.0  0.0235294117647
1108  2404.0  0.0235294117647
1109  2404.0  0.0235294117647
1110  2404.0  0.0235294117647
1111  2404.0  0.0235294117647
1112  2404.0  0.0235294117647
1113  2404.0  0.0235294117647
1114  2404.0  0.0235294117647
1115  2404.0  0.0235294117647
1116  2404.0  0.0235294117647
1117  2404.0  0.0235294117647
1118  2404.0  0.0235294117647
1119  2404.0  0.0235294117647
1120  2404.0  0.0235294117647
1121  2404.0  0.0235294117647
1122  2404.0  0.0235294117647
1123  2404.0  0.0235294117647
1124  2404.0  0.0235294117647
1125  2404.0  0.0235294117647
1126  2404.0  0.0235294117647
1127  2404.0  0.0235294117647
1128  2404.0  0.0235294117647
1129  2404.0  0.0235294117647
1130  2404.0  0.0235294117647
1131  2404.0  0.0235294117647
1132  2404.0  0.0235294117647
1133  2404.0  0.0235294117647
1134  2404.0  0.0235294117647
1135  2404.0  0.0235294117647
1136  2404.0  0.0235294117647
1137  2404.0  0.0235294117647
1138  2404.0  0.0235294117647
1139  2404.0  0.0235294117647
1140  2404.0  0.0235294117647
1141  2404.0  0.0235294117647
1142  2404.0  0.0235294117647
1143  2404.0  0.0235294117647
1144  2404.0  0.0235294117647
1145  2404.0  0.0235294117647
1146  2404.0  0.0235294117647
1147  2404.0  0.0235294117647
1148  2404.0  0.0235294117647
1149  2404.0  0.0235294117647
1150  2404.0  0.0235294117647
1151  2404.0  0.0235294117647
1152  2404.0  0.0235294117647
1153  2404.0  0.0235294117647
1154  2404.0  0.0235294117647
1155  2404.0  0.0235294117647
1156  2404.0  0.0235294117647
1157  2404.0  0.0235294117647
1158  2404.0  0.0235294117647
1159  2404.0  0.0235294117647
1160  2404.0  0.0235294117647
1161  2404.0  0.0235294117647
1162  2404.0  0.0235294117647
1163  2404.0  0.0235294117647
1164  2404.0  0.0235294117647
1165  2404.0  0.0235294117647
1166  2404.0  0.0235294117647
1167  2404.0  0.0235294117647
1168  2404.0  0.0235294117647
1169  2404.0  0.0235294117647
1170  2404.0  0.0235294117647
1171  2404.0  0.0235294117647
1172  2404.0  0.0235294117647
1173  2404.0  0.0235294117647
1174  2404.0  0.0235294117647
1175  2404.0  0.0235294117647
1176  2404.0  0.0235294117647
1177  2404.0  0.0235294117647
1178  2404.0  0.0235294117647
1179  2404.0  0.0235294117647
1180  2404.0  0.0235294117647
1181  2404.0  0.0235294117647
1182  2404.0  0.0235294117647
1183  2404.0  0.0235294117647
1184  2404.0  0.0235294117647
1185  2404.0  0.0235294117647
1186  2404.0  0.0235294117647
1187  2404.0  0.0235294117647
1188  2404.0  0.0235294117647
1189  2404.0  0.0235294117647
1190  2404.0  0.0235294117647
1191  2404.0  0.0235294117647
1192  2404.0  0.0235294117647
1193  2404.0  0.0235294117647
1194  2404.0  0.0235294117647
1195  2404.0  0.0235294117647
1196  2404.0  0.0235294117647
1197  2404.0  0.0235294117647
1198  2404.0  0.0235294117647
1199  2404.0  0.0235294117647
1200  2404.0  0.0235294117647
1201  2404.0  0.0235294117647
1202  2404.0  0.0235294117647
1203  2404.0  0.0235294117647
1204  2404.0  0.0235294117647
1205  2404.0  0.0235294117647
1206  2404.0  0.0235294117647
1207  2404.0  0.0235294117647
1208  2404.0  0.0235294117647
1209  2404.0  0.0235294117647
1210  2404.0  0.0235294117647
1211  2404.0  0.0235294117647
1212  2404.0  0.0235294117647
1213  2404.0  0.0235294117647
1214  2404.0  0.0235294117647
1215  2404.0  0.0235294117647
1216  2404.0  0.0235294117647
1217  2404.0  0.0235294117647
1218  2404.0  0.0235294117647
1219  2404.0  0.0235294117647
1220  2404.0  0.0235294117647
1221  2404.0  0.0235294117647
1222  2404.0  0.0235294117647
1223  2404.0  0.0235294117647
1224  2404.0  0.0235294117647
1225  2404.0  0.0235294117647
1226  2404.0  0.0235294117647
1227  2404.0  0.0235294117647
1228  2404.0  0.0235294117647
1229  2404.0  0.0235294117647
1230  2404.0  0.0235294117647
1231  2404.0  0.0235294117647
1232  2404.0  0.0235294117647
1233  2404.0  0.0235294117647
1234  2404.0  0.0235294117647
1235  2404.0  0.0235294117647
1236  2404.0  0.0235294117647
1237  2404.0  0.0235294117647
1238  2404.0  0.0235294117647
1239  2404.0  0.0235294117647
1240  2404.0  0.0235294117647
1241  2404.0  0.0235294117647
1242  2404.0  0.0235294117647
1243  2404.0  0.0235294117647
1244  2404.0  0.0235294117647
1245  2404.0  0.0235294117647
1246  2404.0  0.0235294117647
1247  2404.0  0.0235294117647
1248  2404.0  0.0235294117647
1249  2404.0  0.0235294117647
1250  2404.0  0.0235294117647
1251  2404.0  0.0235294117647
1252  2404.0  0.0235294117647
1253  2404.0  0.0235294117647
1254  2404.0  0.0235294117647
1255  2404.0  0.0235294117647
1256  2404.0  0.0235294117647
1257  2404.0  0.0235294117647
1258  2404.0  0.0235294117647
1259  2404.0  0.0235294117647
1260  2404.0  0.0235294117647
1261  2404.0  0.0235294117647
1262  2404.0  0.0235294117647
1263  2404.0  0.0235294117647
1264  2404.0  0.0235294117647
1265  2404.0  0.0235294117647
1266  2404.0  0.0235294117647
1267  2404.0  0.0235294117647
1268  2404.0  0.0235294117647
1269  2404.0  0.0235294117647
1270  2404.0  0.0235294117647
1271  2404.0  0.0235294117647
1272  2404.0  0.0235294117647
1273  2404.0  0.0235294117647
1274  2404.0  0.0235294117647
1275  2404.0  0.0235294117647
1276  2404.0  0.0235294117647
1277  2404.0  0.0235294117647
1278  2404.0  0.0235294117647
1279  2404.0  0.0235294117647
1280  2404.0  0.0235294117647
1281  2404.0  0.0235294117647
1282  2404.0  0.0235294117647
1283  2404.0  0.0235294117647
1284  2404.0  0.0235294117647
1285  2404.0  0.0235294117647
1286  2404.0  0.0235294117647
1287  2404.0  0.0235294117647
1288  2404.0  0.0235294117647
1289  2404.0  0.0235294117647
1290  2404.0  0.0235294117647
1291  2404.0  0.0235294117647
1292  2404.0  0.0235294117647
1293  2404.0  0.0235294117647
1294  2404.0  0.0235294117647
1295  2404.0  0.0235294117647
1296  2404.0  0.0235294117647
1297  2404.0  0.0235294117647
1298  2404.0  0.0235294117647
1299  2404.0  0.0235294117647
1300  2404.0  0.0235294117647
1301  2404.0  0.0235294117647
1302  2404.0  0.0235294117647
1303  2404.0  0.0235294117647
1304  2404.0  0.0235294117647
1305  2404.0  0.0235294117647
1306  2404.0  0.0235294117647
1307  2404.0  0.0235294117647
1308  2404.0  0.0235294117647
1309  2404.0  0.0235294117647
1310  2404.0  0.0235294117647
1311  2404.0  0.0235294117647
1312  2404.0  0.0235294117647
1313  2404.0  0.0235294117647
1314  2404.0  0.0235294117647
1315  2404.0  0.0235294117647
1316  2404.0  0.0235294117647
1317  2404.0  0.0235294117647
1318  2404.0  0.0235294117647
1319  2404.0  0.0235294117647
1320  2404.0  0.0235294117647
1321  2404.0  0.0235294117647
1322  2404.0  0.0235294117647
1323  2404.0  0.0235294117647
1324  2404.0  0.0235294117647
1325  2404.0  0.0235294117647
1326  2404.0  0.0235294117647
1327  2404.0  0.0235294117647
1328  2404.0  0.0235294117647
1329  2404.0  0.0235294117647
1330  2404.0  0.0235294117647
1331  2404.0  0.0235294117647
1332  2404.0  0.0235294117647
1333  2404.0  0.0235294117647
1334  2404.0  0.0235294117647
1335  2404.0  0.0235294117647
1336  2404.0  0.0235294117647
1337  2404.0  0.0235294117647
1338  2404.0  0.0235294117647
1339  2404.0  0.0235294117647
1340  2404.0  0.0235294117647
1341  2404.0  0.0235294117647
1342  2404.0  0.0235294117647
1343  2404.0  0.0235294117647
1344  2404.0  0.0235294117647
1345  2404.0  0.0235294117647
1346  2404.0  0.0235294117647
1347  2404.0  0.0235294117647
1348  2404.0  0.0235294117647
1349  2404.0  0.0235294117647
1350  2404.0  0.0235294117647
1351  2404.0  0.0235294117647
1352  2404.0  0.0235294117647
1353  2404.0  0.0235294117647
1354  2404.0  0.0235294117647
1355  2404.0  0.0235294117647
1356  2404.0  0.0235294117647
1357  2404.0  0.0235294117647
1358  2404.0  0.0235294117647
1359  2404.0  0.0235294117647
1360  2404.0  0.0235294117647
1361  2404.0  0.0235294117647
1362  2404.0  0.0235294117647
1363  2404.0  0.0235294117647
1364  2404.0  0.0235294117647
1365  2404.0  0.0235294117647
1366  2404.0  0.0235294117647
1367  2404.0  0.0235294117647
1368  2404.0  0.0235294117647
1369  2404.0  0.0235294117647
1370  2404.0  0.0235294117647
1371  2404.0  0.0235294117647
1372  2404.0  0.0235294117647
1373  2404.0  0.0235294117647
1374  2404.0  0.0235294117647
1375  2404.0  0.0235294117647
1376  2404.0  0.0235294117647
1377  2404.0  0.0235294117647
1378  2404.0  0.0235294117647
1379  2404.0  0.0235294117647
1380  2404.0  0.0235294117647
1381  2404.0  0.0235294117647
1382  2404.0  0.0235294117647
1383  2404.0  0.0235294117647
1384  2404.0  0.0235294117647
1385  2404.0  0.0235294117647
1386  2404.0  0.0235294117647
1387  2404.0  0.0235294117647
1388  2404.0  0.0235294117647
1389  2404.0  0.0235294117647
1390  2404.0  0.0235294117647
1391  2404.0  0.0235294117647
1392  2404.0  0.0235294117647
1393  2404.0  0.0235294117647
1394  2404.0  0.0235294117647
1395  2404.0  0.0235294117647
1396  2404.0  0.0235294117647
1397  2404.0  0.0235294117647
1398  2404.0  0.0235294117647
1399  2404.0  0.0235294117647
1400  2404.0  0.0235294117647
1401  2404.0  0.0235294117647
1402  2404.0  0.0235294117647
1403  2404.0  0.0235294117647
1404  2404.0  0.0235294117647
1405  2404.0  0.0235294117647
1406  2404.0  0.0235294117647
1407  2404.0  0.0235294117647
1408  2404.0  0.0235294117647
1409  2404.0  0.0235294117647
1410  2404.0  0.0235294117647
1411  2404.0  0.0235294117647
1412  2404.0  0.0235294117647
1413  2404.0  0.0235294117647
1414  2404.0  0.0235294117647
1415  2404.0  0.0235294117647
1416  2404.0  0.0235294117647
1417  2404.0  0.0235294117647
1418  2404.0  0.0235294117647
1419  2404.0  0.0235294117647
1420  2404.0  0.0235294117647
1421  2404.0  0.0235294117647
1422  2404.0  0.0235294117647
1423  2404.0  0.0235294117647
1424  2404.0  0.0235294117647
1425  2404.0  0.0235294117647
1426  2404.0  0.0235294117647
1427  2404.0  0.0235294117647
1428  2404.0  0.0235294117647
1429  2404.0  0.0235294117647
1430  2404.0  0.0235294117647
1431  2404.0  0.0235294117647
1432  2404.0  0.0235294117647
1433  2404.0  0.0235294117647
1434  2404.0  0.0235294117647
1435  2404.0  0.0235294117647
1436  2404.0  0.0235294117647
1437  2404.0  0.0235294117647
1438  2404.0  0.0235294117647
1439  2404.0  0.0235294117647
1440  2404.0  0.0235294117647
1441  2404.0  0.0235294117647
1442  2404.0  0.0235294117647
1443  2404.0  0.0235294117647
1444  2404.0  0.0235294117647
1445  2404.0  0.0235294117647
1446  2404.0  0.0235294117647
1447  2404.0  0.0235294117647
1448  2404.0  0.0235294117647
1449  2404.0  0.0235294117647
1450  2404.0  0.0235294117647
1451  2404.0  0.0235294117647
1452  2404.0  0.0235294117647
1453  2404.0  0.0235294117647
1454  2404.0  0.0235294117647
1455  2404.0  0.0235294117647
1456  2404.0  0.0235294117647
1457  2404.0  0.0235294117647
1458  2404.0  0.0235294117647
1459  2404.0  0.0235294117647
1460  2404.0  0.0235294117647
1461  2404.0  0.0235294117647
1462  2404.0  0.0235294117647
1463  2404.0  0.0235294117647
1464  2404.0  0.0235294117647
1465  2404.0  0.0235294117647
1466  2404.0  0.0235294117647
1467  2404.0  0.0235294117647
1468  2404.0  0.0235294117647
1469  2404.0  0.0235294117647
1470  2404.0  0.0235294117647
1471  2404.0  0.0235294117647
1472  2404.0  0.0235294117647
1473  2404.0  0.0235294117647
1474  2404.0  0.0235294117647
1475  2404.0  0.0235294117647
1476  2404.0  0.0235294117647
1477  2404.0  0.0235294117647
1478  2404.0  0.0235294117647
1479  2404.0  0.0235294117647
1480  2404.0  0.0235294117647
1481  2404.0  0.0235294117647
1482  2404.0  0.0235294117647
1483  2404.0  0.0235294117647
1484  2404.0  0.0235294117647
1485  2404.0  0.0235294117647
1486  2404.0  0.0235294117647
1487  2404.0  0.0235294117647
1488  2404.0  0.0235294117647
1489  2404.0  0.0235294117647
1490  2404.0  0.0235294117647
1491  2404.0  0.0235294117647
1492  2404.0  0.0235294117647
1493  2404.0  0.0235294117647
1494  2404.0  0.0235294117647
1495  2404.0  0.0235294117647
1496  2404.0  0.0235294117647
1497  2404.0  0.0235294117647
1498  2404.0  0.0235294117647
1499  2404.0  0.0235294117647
1500  2404.0  0.0235294117647
1501  2404.0  0.0235294117647
1502  2404.0  0.0235294117647
1503  2404.0  0.0235294117647
1504  2404.0  0.0235294117647
1505  2404.0  0.0235294117647
1506  2404.0  0.0235294117647
1507  2404.0  0.0235294117647
1508  2404.0  0.0235294117647
1509  2404.0  0.0235294117647
1510  2404.0  0.0235294117647
1511  2404.0  0.0235294117647
1512  2404.0  0.0235294117647
1513  2404.0  0.0235294117647
1514  2404.0  0.0235294117647
1515  2404.0  0.0235294117647
1516  2404.0  0.0235294117647
1517  2404.0  0.0235294117647
1518  2404.0  0.0235294117647
1519  2404.0  0.0235294117647
1520  2404.0  0.0235294117647
1521  2404.0  0.0235294117647
1522  2404.0  0.0235294117647
1523  2404.0  0.0235294117647
1524  2404.0  0.0235294117647
1525  2404.0  0.0235294117647
1526  2404.0  0.0235294117647
1527  2404.0  0.0235294117647
1528  2404.0  0.0235294117647
1529  2404.0  0.0235294117647
1530  2404.0  0.0235294117647
1531  2404.0  0.0235294117647
1532  2404.0  0.0235294117647
1533  2404.0  0.0235294117647
1534  2404.0  0.0235294117647
1535  2404.0  0.0235294117647
1536  2404.0  0.0235294117647
1537  2404.0  0.0235294117647
1538  2404.0  0.0235294117647
1539  2404.0  0.0235294117647
1540  2404.0  0.0235294117647
1541  2404.0  0.0235294117647
1542  2404.0  0.0235294117647
1543  2404.0  0.0235294117647
1544  2404.0  0.0235294117647
1545  2404.0  0.0235294117647
1546  2404.0  0.0235294117647
1547  2404.0  0.0235294117647
1548  2404.0  0.0235294117647
1549  2404.0  0.0235294117647
1550  2404.0  0.0235294117647
1551  2404.0  0.0235294117647
1552  2404.0  0.0235294117647
1553  2404.0  0.0235294117647
1554  2404.0  0.0235294117647
1555  2404.0  0.0235294117647
1556  2404.0  0.0235294117647
1557  2404.0  0.0235294117647
1558  2404.0  0.0235294117647
1559  2404.0  0.0235294117647
1560  2404.0  0.0235294117647
1561  2404.0  0.0235294117647
1562  2404.0  0.0235294117647
1563  2404.0  0.0235294117647
1564  2404.0  0.0235294117647
1565  2404.0  0.0235294117647
1566  2404.0  0.0235294117647
1567  2404.0  0.0235294117647
1568  2404.0  0.0235294117647
1569  2404.0  0.0235294117647
1570  2404.0  0.0235294117647
1571  2404.0  0.0235294117647
1572  2404.0  0.0235294117647
1573  2404.0  0.0235294117647
1574  2404.0  0.0235294117647
1575  2404.0  0.0235294117647
1576  2404.0  0.0235294117647
1577  2404.0  0.0235294117647
1578  2404.0  0.0235294117647
1579  2404.0  0.0235294117647
1580  2404.0  0.0235294117647
1581  2404.0  0.0235294117647
1582  2404.0  0.0235294117647
1583  2404.0  0.0235294117647
1584  2404.0  0.0235294117647
1585  2404.0  0.0235294117647
1586  2404.0  0.0235294117647
1587  2404.0  0.0235294117647
1588  2404.0  0.0235294117647
1589  2404.0  0.0235294117647
1590  2404.0  0.0235294117647
1591  2404.0  0.0235294117647
1592  2404.0  0.0235294117647
1593  2404.0  0.0235294117647
1594  2404.0  0.0235294117647
1595  2404.0  0.0235294117647
1596  2404.0  0.0235294117647
1597  2404.0  0.0235294117647
1598  2404.0  0.0235294117647
1599  2404.0  0.0235294117647
1600  2404.0  0.0235294117647
1601  2404.0  0.0235294117647
1602  2404.0  0.0235294117647
1603  2404.0  0.0235294117647
1604  2404.0  0.0235294117647
1605  2404.0  0.0235294117647
1606  2404.0  0.0235294117647
1607  2404.0  0.0235294117647
1608  2404.0  0.0235294117647
1609  2404.0  0.0235294117647
1610  2404.0  0.0235294117647
1611  2404.0  0.0235294117647
1612  2404.0  0.0235294117647
1613  2404.0  0.0235294117647
1614  2404.0  0.0235294117647
1615  2404.0  0.0235294117647
1616  2404.0  0.0235294117647
1617  2404.0  0.0235294117647
1618  2404.0  0.0235294117647
1619  2404.0  0.0235294117647
1620  2404.0  0.0235294117647
1621  2404.0  0.0235294117647
1622  2404.0  0.0235294117647
1623  2404.0  0.0235294117647
1624  2404.0  0.0235294117647
1625  2404.0  0.0235294117647
1626  2404.0  0.0235294117647
1627  2404.0  0.0235294117647
1628  2404.0  0.0235294117647
1629  2404.0  0.0235294117647
1630  2404.0  0.0235294117647
1631  2404.0  0.0235294117647
1632  2404.0  0.0235294117647
1633  2404.0  0.0235294117647
1634  2404.0  0.0235294117647
1635  2404.0  0.0235294117647
1636  2404.0  0.0235294117647
1637  2404.0  0.0235294117647
1638  2404.0  0.0235294117647
1639  2404.0  0.0235294117647
1640  2404.0  0.0235294117647
1641  2404.0  0.0235294117647
1642  2404.0  0.0235294117647
1643  2404.0  0.0235294117647
1644  2404.0  0.0235294117647
1645  2404.0  0.0235294117647
1646  2404.0  0.0235294117647
1647  2404.0  0.0235294117647
1648  2404.0  0.0235294117647
1649  2404.0  0.0235294117647
1650  2404.0  0.0235294117647
1651  2404.0  0.0235294117647
1652  2404.0  0.0235294117647
1653  2404.0  0.0235294117647
1654  2404.0  0.0235294117647
1655  2404.0  0.0235294117647
1656  2404.0  0.0235294117647
1657  2404.0  0.0235294117647
1658  2404.0  0.0235294117647
1659  2404.0  0.0235294117647
1660  2404.0  0.0235294117647
1661  2404.0  0.0235294117647
1662  2404.0  0.0235294117647
1663  2404.0  0.0235294117647
1664  2404.0  0.0235294117647
1665  2404.0  0.0235294117647
1666  2404.0  0.0235294117647
1667  2404.0  0.0235294117647
1668  2404.0  0.0235294117647
1669  2404.0  0.0235294117647
1670  2404.0  0.0235294117647
1671  2404.0  0.0235294117647
1672  2404.0  0.0235294117647
1673  2404.0  0.0235294117647
1674  2404.0  0.0235294117647
1675  2404.0  0.0235294117647
1676  2404.0  0.0235294117647
1677  2404.0  0.0235294117647
1678  2404.0  0.0235294117647
1679  2404.0  0.0235294117647
1680  2404.0  0.0235294117647
1681  2404.0  0.0235294117647
1682  2404.0  0.0235294117647
1683  2404.0  0.0235294117647
1684  2404.0  0.0235294117647
1685  2404.0  0.0235294117647
1686  2404.0  0.0235294117647
1687  2404.0  0.0235294117647
1688  2404.0  0.0235294117647
1689  2404.0  0.0235294117647
1690  2404.0  0.0235294117647
1691  2404.0  0.0235294117647
1692  2404.0  0.0235294117647
1693  2404.0  0.0235294117647
1694  2404.0  0.0235294117647
1695  2404.0  0.0235294117647
1696  2404.0  0.0235294117647
1697  2404.0  0.0235294117647
1698  2404.0  0.0235294117647
1699  2404.0  0.0235294117647
1700  2404.0  0.0235294117647
1701  2404.0  0.0235294117647
1702  2404.0  0.0235294117647
1703  2404.0  0.0235294117647
1704  2404.0  0.0235294117647
1705  2404.0  0.0235294117647
1706  2404.0  0.0235294117647
1707  2404.0  0.0235294117647
1708  2404.0  0.0235294117647
1709  2404.0  0.0235294117647
1710  2404.0  0.0235294117647
1711  2404.0  0.0235294117647
1712  2404.0  0.0235294117647
1713  2404.0  0.0235294117647
1714  2404.0  0.0235294117647
1715  2404.0  0.0235294117647
1716  2404.0  0.0235294117647
1717  2404.0  0.0235294117647
1718  2404.0  0.0235294117647
1719  2404.0  0.0235294117647
1720  2404.0  0.0235294117647
1721  2404.0  0.0235294117647
1722  2404.0  0.0235294117647
1723  2404.0  0.0235294117647
1724  2404.0  0.0235294117647
1725  2404.0  0.0235294117647
1726  2404.0  0.0235294117647
1727  2404.0  0.0235294117647
1728  2404.0  0.0235294117647
1729  2404.0  0.0235294117647
1730  2404.0  0.0235294117647
1731  2404.0  0.0235294117647
1732  2404.0  0.0235294117647
1733  2404.0  0.0235294117647
1734  2404.0  0.0235294117647
1735  2404.0  0.0235294117647
1736  2404.0  0.0235294117647
1737  2404.0  0.0235294117647
1738  2404.0  0.0235294117647
1739  2404.0  0.0235294117647
1740  2404.0  0.0235294117647
1741  2404.0  0.0235294117647
1742  2404.0  0.0235294117647
1743  2404.0  0.0235294117647
1744  2404.0  0.0235294117647
1745  2404.0  0.0235294117647
1746  2404.0  0.0235294117647
1747  2404.0  0.0235294117647
1748  2404.0  0.0235294117647
1749  2404.0  0.0235294117647
1750  2404.0  0.0235294117647
1751  2404.0  0.0235294117647
1752  2404.0  0.0235294117647
1753  2404.0  0.0235294117647
1754  2404.0  0.0235294117647
1755  2404.0  0.0235294117647
1756  2404.0  0.0235294117647
1757  2404.0  0.0235294117647
1758  2404.0  0.0235294117647
1759  2404.0  0.0235294117647
1760  2404.0  0.0235294117647
1761  2404.0  0.0235294117647
1762  2404.0  0.0235294117647
1763  2404.0  0.0235294117647
1764  2404.0  0.0235294117647
1765  2404.0  0.0235294117647
1766  2404.0  0.0235294117647
1767  2404.0  0.0235294117647
1768  2404.0  0.0235294117647
1769  2404.0  0.0235294117647
1770  2404.0  0.0235294117647
1771  2404.0  0.0235294117647
1772  2404.0  0.0235294117647
1773  2404.0  0.0235294117647
1774  2404.0  0.0235294117647
1775  2404.0  0.0235294117647
1776  2404.0  0.0235294117647
1777  2404.0  0.0235294117647
1778  2404.0  0.0235294117647
1779  2404.0  0.0235294117647
1780  2404.0  0.0235294117647
1781  2404.0  0.0235294117647
1782  2404.0  0.0235294117647
1783  2404.0  0.0235294117647
1784  2404.0  0.0235294117647
1785  2404.0  0.0235294117647
1786  2404.0  0.0235294117647
1787  2404.0  0.0235294117647
1788  2404.0  0.0235294117647
1789  2404.0  0.0235294117647
1790  2404.0  0.0235294117647
1791  2404.0  0.0235294117647
1792  2404.0  0.0235294117647
1793  2404.0  0.0235294117647
1794  2404.0  0.0235294117647
1795  2404.0  0.0235294117647
1796  2404.0  0.0235294117647
1797  2404.0  0.0235294117647
1798  2404.0  0.0235294117647
1799  2404.0  0.0235294117647
1800  2404.0  0.0235294117647
1801  2404.0  0.0235294117647
1802  2404.0  0.0235294117647
1803  2404.0  0.0235294117647
1804  2404.0  0.0235294117647
1805  2404.0  0.0235294117647
1806  2404.0  0.0235294117647
1807  2404.0  0.0235294117647
1808  2404.0  0.0235294117647
1809  2404.0  0.0235294117647
1810  2404.0  0.0235294117647
1811  2404.0  0.0235294117647
1812  2404.0  0.0235294117647
1813  2404.0  0.0235294117647
1814  2404.0  0.0235294117647
1815  2404.0  0.0235294117647
1816  2404.0  0.0235294117647
1817  2404.0  0.0235294117647
1818  2404.0  0.0235294117647
1819  2404.0  0.0235294117647
1820  2404.0  0.0235294117647
1821  2404.0  0.0235294117647
1822  2404.0  0.0235294117647
1823  2404.0  0.0235294117647
1824  2404.0  0.0235294117647
1825  2404.0  0.0235294117647
1826  2404.0  0.0235294117647
1827  2404.0  0.0235294117647
1828  2404.0  0.0235294117647
1829  2404.0  0.0235294117647
1830  2404.0  0.0235294117647
1831  2404.0  0.0235294117647
1832  2404.0  0.0235294117647
1833  2404.0  0.0235294117647
1834  2404.0  0.0235294117647
1835  2404.0  0.0235294117647
1836  2404.0  0.0235294117647
1837  2404.0  0.0235294117647
1838  2404.0  0.0235294117647
1839  2404.0  0.0235294117647
1840  2404.0  0.0235294117647
1841  2404.0  0.0235294117647
1842  2404.0  0.0235294117647
1843  2404.0  0.0235294117647
1844  2404.0  0.0235294117647
1845  2404.0  0.0235294117647
1846  2404.0  0.0235294117647
1847  2404.0  0.0235294117647
1848  2404.0  0.0235294117647
1849  2404.0  0.0235294117647
1850  2404.0  0.0235294117647
1851  2404.0  0.0235294117647
1852  2404.0  0.0235294117647
1853  2404.0  0.0235294117647
1854  2404.0  0.0235294117647
1855  2404.0  0.0235294117647
1856  2404.0  0.0235294117647
1857  2404.0  0.0235294117647
1858  2404.0  0.0235294117647
1859  2404.0  0.0235294117647
1860  2404.0  0.0235294117647
1861  2404.0  0.0235294117647
1862  2404.0  0.0235294117647
1863  2404.0  0.0235294117647
1864  2404.0  0.0235294117647
1865  2404.0  0.0235294117647
1866  2404.0  0.0235294117647
1867  2404.0  0.0235294117647
1868  2404.0  0.0235294117647
1869  2404.0  0.0235294117647
1870  2404.0  0.0235294117647
1871  2404.0  0.0235294117647
1872  2404.0  0.0235294117647
1873  2404.0  0.0235294117647
1874  2404.0  0.0235294117647
1875  2404.0  0.0235294117647
1876  2404.0  0.0235294117647
1877  2404.0  0.0235294117647
1878  2404.0  0.0235294117647
1879  2404.0  0.0235294117647
1880  2404.0  0.0235294117647
1881  2404.0  0.0235294117647
1882  2404.0  0.0235294117647
1883  2404.0  0.0235294117647
1884  2404.0  0.0235294117647
1885  2404.0  0.0235294117647
1886  2404.0  0.0235294117647
1887  2404.0  0.0235294117647
1888  2404.0  0.0235294117647
1889  2404.0  0.0235294117647
1890  2404.0  0.0235294117647
1891  2404.0  0.0235294117647
1892  2404.0  0.0235294117647
1893  2404.0  0.0235294117647
1894  2404.0  0.0235294117647
1895  2404.0  0.0235294117647
1896  2404.0  0.0235294117647
1897  2404.0  0.0235294117647
1898  2404.0  0.0235294117647
1899  2404.0  0.0235294117647
1900  2404.0  0.0235294117647
1901  2404.0  0.0235294117647
1902  2404.0  0.0235294117647
1903  2404.0  0.0235294117647
1904  2404.0  0.0235294117647
1905  2404.0  0.0235294117647
1906  2404.0  0.0235294117647
1907  2404.0  0.0235294117647
1908  2404.0  0.0235294117647
1909  2404.0  0.0235294117647
1910  2404.0  0.0235294117647
1911  2404.0  0.0235294117647
1912  2404.0  0.0235294117647
1913  2404.0  0.0235294117647
1914  2404.0  0.0235294117647
1915  2404.0  0.0235294117647
1916  2404.0  0.0235294117647
1917  2404.0  0.0235294117647
1918  2404.0  0.0235294117647
1919  2404.0  0.0235294117647
1920  2404.0  0.0235294117647
1921  2404.0  0.0235294117647
1922  2404.0  0.0235294117647
1923  2404.0  0.0235294117647
1924  2404.0  0.0235294117647
1925  2404.0  0.0235294117647
1926  2404.0  0.0235294117647
1927  2404.0  0.0235294117647
1928  2404.0  0.0235294117647
1929  2404.0  0.0235294117647
1930  2404.0  0.0235294117647
1931  2404.0  0.0235294117647
1932  2404.0  0.0235294117647
1933  2404.0  0.0235294117647
1934  2404.0  0.0235294117647
1935  2404.0  0.0235294117647
1936  2404.0  0.0235294117647
1937  2404.0  0.0235294117647
1938  2404.0  0.0235294117647
1939  2404.0  0.0235294117647
1940  2404.0  0.0235294117647
1941  2404.0  0.0235294117647
1942  2404.0  0.0235294117647
1943  2404.0  0.0235294117647
1944  2404.0  0.0235294117647
1945  2404.0  0.0235294117647
1946  2404.0  0.0235294117647
1947  2404.0  0.0235294117647
1948  2404.0  0.0235294117647
1949  2404.0  0.0235294117647
1950  2404.0  0.0235294117647
1951  2404.0  0.0235294117647
1952  2404.0  0.0235294117647
1953  2404.0  0.0235294117647
1954  2404.0  0.0235294117647
1955  2404.0  0.0235294117647
1956  2404.0  0.0235294117647
1957  2404.0  0.0235294117647
1958  2404.0  0.0235294117647
1959  2404.0  0.0235294117647
1960  2404.0  0.0235294117647
1961  2404.0  0.0235294117647
1962  2404.0  0.0235294117647
1963  2404.0  0.0235294117647
1964  2404.0  0.0235294117647
1965  2404.0  0.0235294117647
1966  2404.0  0.0235294117647
1967  2404.0  0.0235294117647
1968  2404.0  0.0235294117647
1969  2404.0  0.0235294117647
1970  2404.0  0.0235294117647
1971  2404.0  0.0235294117647
1972  2404.0  0.0235294117647
1973  2404.0  0.0235294117647
1974  2404.0  0.0235294117647
1975  2404.0  0.0235294117647
1976  2404.0  0.0235294117647
1977  2404.0  0.0235294117647
1978  2404.0  0.0235294117647
1979  2404.0  0.0235294117647
1980  2404.0  0.0235294117647
1981  2404.0  0.0235294117647
1982  2404.0  0.0235294117647
1983  2404.0  0.0235294117647
1984  2404.0  0.0235294117647
1985  2404.0  0.0235294117647
1986  2404.0  0.0235294117647
1987  2404.0  0.0235294117647
1988  2404.0  0.0235294117647
1989  2404.0  0.0235294117647
1990  2404.0  0.0235294117647
1991  2404.0  0.0235294117647
1992  2404.0  0.0235294117647
1993  2404.0  0.0235294117647
1994  2404.0  0.0235294117647
1995  2404.0  0.0235294117647
1996  2404.0  0.0235294117647
1997  2404.0  0.0235294117647
1998  2404.0  0.0235294117647
1999  2404.0  0.0235294117647
2000  2404.0  0.0235294117647
2001  2404.0  0.0235294117647
2002  2404.0  0.0235294117647
2003  2404.0  0.0235294117647
2004  2404.0  0.0235294117647
2005  2404.0  0.0235294117647
2006  2404.0  0.0235294117647
2007  2404.0  0.0235294117647
2008  2404.0  0.0235294117647
2009  2404.0  0.0235294117647
2010  2404.0  0.0235294117647
2011  2404.0  0.0235294117647
2012  2404.0  0.0235294117647
2013  2404.0  0.0235294117647
2014  2404.0  0.0235294117647
2015  2404.0  0.0235294117647
2016  2404.0  0.0235294117647
2017  2404.0  0.0235294117647
2018  2404.0  0.0235294117647
2019  2404.0  0.0235294117647
2020  2404.0  0.0235294117647
2021  2404.0  0.0235294117647
2022  2404.0  0.0235294117647
2023  2404.0  0.0235294117647
2024  2404.0  0.0235294117647
2025  2404.0  0.0235294117647
2026  2404.0  0.0235294117647
2027  2404.0  0.0235294117647
2028  2404.0  0.0235294117647
2029  2404.0  0.0235294117647
2030  2404.0  0.0235294117647
2031  2404.0  0.0235294117647
2032  2404.0  0.0235294117647
2033  2404.0  0.0235294117647
2034  2404.0  0.0235294117647
2035  2404.0  0.0235294117647
2036  2404.0  0.0235294117647
2037  2404.0  0.0235294117647
2038  2404.0  0.0235294117647
2039  2404.0  0.0235294117647
2040  2404.0  0.0235294117647
2041  2404.0  0.0235294117647
2042  2404.0  0.0235294117647
2043  2404.0  0.0235294117647
2044  2404.0  0.0235294117647
2045  2404.0  0.0235294117647
2046  2404.0  0.0235294117647
2047  2404.0  0.0235294117647
2048  2404.0  0.0235294117647
2049  2404.0  0.0235294117647
2050  2404.0  0.0235294117647
2051  2404.0  0.0235294117647
2052  2404.0  0.0235294117647
2053  2404.0  0.0235294117647
2054  2404.0  0.0235294117647
2055  2404.0  0.0235294117647
2056  2404.0  0.0235294117647
2057  2404.0  0.0235294117647
2058  2404.0  0.0235294117647
2059  2404.0  0.0235294117647
2060  2404.0  0.0235294117647
2061  2404.0  0.0235294117647
2062  2404.0  0.0235294117647
2063  2404.0  0.0235294117647
2064  2404.0  0.0235294117647
2065  2404.0  0.0235294117647
2066  2404.0  0.0235294117647
2067  2404.0  0.0235294117647
2068  2404.0  0.0235294117647
2069  2404.0  0.0235294117647
2070  2404.0  0.0235294117647
2071  2404.0  0.0235294117647
2072  2404.0  0.0235294117647
2073  2404.0  0.0235294117647
2074  2404.0  0.0235294117647
2075  2404.0  0.0235294117647
2076  2404.0  0.0235294117647
2077  2404.0  0.0235294117647
2078  2404.0  0.0235294117647
2079  2404.0  0.0235294117647
2080  2404.0  0.0235294117647
2081  2404.0  0.0235294117647
2082  2404.0  0.0235294117647
2083  2404.0  0.0235294117647
2084  2404.0  0.0235294117647
2085  2404.0  0.0235294117647
2086  2404.0  0.0235294117647
2087  2404.0  0.0235294117647
2088  2404.0  0.0235294117647
2089  2404.0  0.0235294117647
2090  2404.0  0.0235294117647
2091  2404.0  0.0235294117647
2092  2404.0  0.0235294117647
2093  2404.0  0.0235294117647
2094  2404.0  0.0235294117647
2095  2404.0  0.0235294117647
2096  2404.0  0.0235294117647
2097  2404.0  0.0235294117647
2098  2404.0  0.0235294117647
2099  2404.0  0.0235294117647
2100  2404.0  0.0235294117647
2101  2404.0  0.0235294117647
2102  2404.0  0.0235294117647
2103  2404.0  0.0235294117647
2104  2404.0  0.0235294117647
2105  2404.0  0.0235294117647
2106  2404.0  0.0235294117647
2107  2404.0  0.0235294117647
2108  2404.0  0.0235294117647
2109  2404.0  0.0235294117647
2110  2404.0  0.0235294117647
2111  2404.0  0.0235294117647
2112  2404.0  0.0235294117647
2113  2404.0  0.0235294117647
2114  2404.0  0.0235294117647
2115  2404.0  0.0235294117647
2116  2404.0  0.0235294117647
2117  2404.0  0.0235294117647
2118  2404.0  0.0235294117647
2119  2404.0  0.0235294117647
2120  2404.0  0.0235294117647
2121  2404.0  0.0235294117647
2122  2404.0  0.0235294117647
2123  2404.0  0.0235294117647
2124  2404.0  0.0235294117647
2125  2404.0  0.0235294117647
2126  2404.0  0.0235294117647
2127  2404.0  0.0235294117647
2128  2404.0  0.0235294117647
2129  2404.0  0.0235294117647
2130  2404.0  0.0235294117647
2131  2404.0  0.0235294117647
2132  2404.0  0.0235294117647
2133  2404.0  0.0235294117647
2134  2404.0  0.0235294117647
2135  2404.0  0.0235294117647
2136  2404.0  0.0235294117647
2137  2404.0  0.0235294117647
2138  2404.0  0.0235294117647
2139  2404.0  0.0235294117647
2140  2404.0  0.0235294117647
2141  2404.0  0.0235294117647
2142  2404.0  0.0235294117647
2143  2404.0  0.0235294117647
2144  2404.0  0.0235294117647
2145  2404.0  0.0235294117647
2146  2404.0  0.0235294117647
2147  2404.0  0.0235294117647
2148  2404.0  0.0235294117647
2149  2404.0  0.0235294117647
2150  2404.0  0.0235294117647
2151  2404.0  0.0235294117647
2152  2404.0  0.0235294117647
2153  2404.0  0.0235294117647
2154  2404.0  0.0235294117647
2155  2404.0  0.0235294117647
2156  2404.0  0.0235294117647
2157  2404.0  0.0235294117647
2158  2404.0  0.0235294117647
2159  2404.0  0.0235294117647
2160  2404.0  0.0235294117647
2161  2404.0  0.0235294117647
2162  2404.0  0.0235294117647
2163  2404.0  0.0235294117647
2164  2404.0  0.0235294117647
2165  2404.0  0.0235294117647
2166  2404.0  0.0235294117647
2167  2404.0  0.0235294117647
2168  2404.0  0.0235294117647
2169  2404.0  0.0235294117647
2170  2404.0  0.0235294117647
2171  2404.0  0.0235294117647
2172  2404.0  0.0235294117647
2173  2404.0  0.0235294117647
2174  2404.0  0.0235294117647
2175  2404.0  0.0235294117647
2176  2404.0  0.0235294117647
2177  2404.0  0.0235294117647
2178  2404.0  0.0235294117647
2179  2404.0  0.0235294117647
2180  2404.0  0.0235294117647
2181  2404.0  0.0235294117647
2182  2404.0  0.0235294117647
2183  2404.0  0.0235294117647
2184  2404.0  0.0235294117647
2185  2404.0  0.0235294117647
2186  2404.0  0.0235294117647
2187  2404.0  0.0235294117647
2188  2404.0  0.0235294117647
2189  2404.0  0.0235294117647
2190  2404.0  0.0235294117647
2191  2404.0  0.0235294117647
2192  2404.0  0.0235294117647
2193  2404.0  0.0235294117647
2194  2404.0  0.0235294117647
2195  2404.0  0.0235294117647
2196  2404.0  0.0235294117647
2197  2404.0  0.0235294117647
2198  2404.0  0.0235294117647
2199  2404.0  0.0235294117647
2200  2404.0  0.0235294117647
2201  2404.0  0.0235294117647
2202  2404.0  0.0235294117647
2203  2404.0  0.0235294117647
2204  2404.0  0.0235294117647
2205  2404.0  0.0235294117647
2206  2404.0  0.0235294117647
2207  2404.0  0.0235294117647
2208  2404.0  0.0235294117647
2209  2404.0  0.0235294117647
2210  2404.0  0.0235294117647
2211  2404.0  0.0235294117647
2212  2404.0  0.0235294117647
2213  2404.0  0.0235294117647
2214  2404.0  0.0235294117647
2215  2404.0  0.0235294117647
2216  2404.0  0.0235294117647
2217  2404.0  0.0235294117647
2218  2404.0  0.0235294117647
2219  2404.0  0.0235294117647
2220  2404.0  0.0235294117647
2221  2404.0  0.0235294117647
2222  2404.0  0.0235294117647
2223  2404.0  0.0235294117647
2224  2404.0  0.0235294117647
2225  2404.0  0.0235294117647
2226  2404.0  0.0235294117647
2227  2404.0  0.0235294117647
2228  2404.0  0.0235294117647
2229  2404.0  0.0235294117647
2230  2404.0  0.0235294117647
2231  2404.0  0.0235294117647
2232  2404.0  0.0235294117647
2233  2404.0  0.0235294117647
2234  2404.0  0.0235294117647
2235  2404.0  0.0235294117647
2236  2404.0  0.0235294117647
2237  2404.0  0.0235294117647
2238  2404.0  0.0235294117647
2239  2404.0  0.0235294117647
2240  2404.0  0.0235294117647
2241  2404.0  0.0235294117647
2242  2404.0  0.0235294117647
2243  2404.0  0.0235294117647
2244  2404.0  0.0235294117647
2245  2404.0  0.0235294117647
2246  2404.0  0.0235294117647
2247  2404.0  0.0235294117647
2248  2404.0  0.0235294117647
2249  2404.0  0.0235294117647
2250  2404.0  0.0235294117647
2251  2404.0  0.0235294117647
2252  2404.0  0.0235294117647
2253  2404.0  0.0235294117647
2254  2404.0  0.0235294117647
2255  2404.0  0.0235294117647
2256  2404.0  0.0235294117647
2257  2404.0  0.0235294117647
2258  2404.0  0.0235294117647
2259  2404.0  0.0235294117647
2260  2404.0  0.0235294117647
2261  2404.0  0.0235294117647
2262  2404.0  0.0235294117647
2263  2404.0  0.0235294117647
2264  2404.0  0.0235294117647
2265  2404.0  0.0235294117647
2266  2404.0  0.0235294117647
2267  2404.0  0.0235294117647
2268  2404.0  0.0235294117647
2269  2404.0  0.0235294117647
2270  2404.0  0.0235294117647
2271  2404.0  0.0235294117647
2272  2404.0  0.0235294117647
2273  2404.0  0.0235294117647
2274  2404.0  0.0235294117647
2275  2404.0  0.0235294117647
2276  2404.0  0.0235294117647
2277  2404.0  0.0235294117647
2278  2404.0  0.0235294117647
2279  2404.0  0.0235294117647
2280  2404.0  0.0235294117647
2281  2404.0  0.0235294117647
2282  2404.0  0.0235294117647
2283  2404.0  0.0235294117647
2284  2404.0  0.0235294117647
2285  2404.0  0.0235294117647
2286  2404.0  0.0235294117647
2287  2404.0  0.0235294117647
2288  2404.0  0.0235294117647
2289  2404.0  0.0235294117647
2290  2404.0  0.0235294117647
2291  2404.0  0.0235294117647
2292  2404.0  0.0235294117647
2293  2404.0  0.0235294117647
2294  2404.0  0.0235294117647
2295  2404.0  0.0235294117647
2296  2404.0  0.0235294117647
2297  2404.0  0.0235294117647
2298  2404.0  0.0235294117647
2299  2404.0  0.0235294117647
2300  2404.0  0.0235294117647
2301  2404.0  0.0235294117647
2302  2404.0  0.0235294117647
2303  2404.0  0.0235294117647
2304  2404.0  0.0235294117647
2305  2404.0  0.0235294117647
2306  2404.0  0.0235294117647
2307  2404.0  0.0235294117647
2308  2404.0  0.0235294117647
2309  2404.0  0.0235294117647
2310  2404.0  0.0235294117647
2311  2404.0  0.0235294117647
2312  2404.0  0.0235294117647
2313  2404.0  0.0235294117647
2314  2404.0  0.0235294117647
2315  2404.0  0.0235294117647
2316  2404.0  0.0235294117647
2317  2404.0  0.0235294117647
2318  2404.0  0.0235294117647
2319  2404.0  0.0235294117647
2320  2404.0  0.0235294117647
2321  2404.0  0.0235294117647
2322  2404.0  0.0235294117647
2323  2404.0  0.0235294117647
2324  2404.0  0.0235294117647
2325  2404.0  0.0235294117647
2326  2404.0  0.0235294117647
2327  2404.0  0.0235294117647
2328  2404.0  0.0235294117647
2329  2404.0  0.0235294117647
2330  2404.0  0.0235294117647
2331  2404.0  0.0235294117647
2332  2404.0  0.0235294117647
2333  2404.0  0.0235294117647
2334  2404.0  0.0235294117647
2335  2404.0  0.0235294117647
2336  2404.0  0.0235294117647
2337  2404.0  0.0235294117647
2338  2404.0  0.0235294117647
2339  2404.0  0.0235294117647
2340  2404.0  0.0235294117647
2341  2404.0  0.0235294117647
2342  2404.0  0.0235294117647
2343  2404.0  0.0235294117647
2344  2404.0  0.0235294117647
2345  2404.0  0.0235294117647
2346  2404.0  0.0235294117647
2347  2404.0  0.0235294117647
2348  2404.0  0.0235294117647
2349  2404.0  0.0235294117647
2350  2404.0  0.0235294117647
2351  2404.0  0.0235294117647
2352  2404.0  0.0235294117647
2353  2404.0  0.0235294117647
2354  2404.0  0.0235294117647
2355  2404.0  0.0235294117647
2356  2404.0  0.0235294117647
2357  2404.0  0.0235294117647
2358  2404.0  0.0235294117647
2359  2404.0  0.0235294117647
2360  2404.0  0.0235294117647
2361  2404.0  0.0235294117647
2362  2404.0  0.0235294117647
2363  2404.0  0.0235294117647
2364  2404.0  0.0235294117647
2365  2404.0  0.0235294117647
2366  2404.0  0.0235294117647
2367  2404.0  0.0235294117647
2368  2404.0  0.0235294117647
2369  2404.0  0.0235294117647
2370  2404.0  0.0235294117647
2371  2404.0  0.0235294117647
2372  2404.0  0.0235294117647
2373  2404.0  0.0235294117647
2374  2404.0  0.0235294117647
2375  2404.0  0.0235294117647
2376  2404.0  0.0235294117647
2377  2404.0  0.0235294117647
2378  2404.0  0.0235294117647
2379  2404.0  0.0235294117647
2380  2404.0  0.0235294117647
2381  2404.0  0.0235294117647
2382  2404.0  0.0235294117647
2383  2404.0  0.0235294117647
2384  2404.0  0.0235294117647
2385  2404.0  0.0235294117647
2386  2404.0  0.0235294117647
2387  2404.0  0.0235294117647
2388  2404.0  0.0235294117647
2389  2404.0  0.0235294117647
2390  2404.0  0.0235294117647
2391  2404.0  0.0235294117647
2392  2404.0  0.0235294117647
2393  2404.0  0.0235294117647
2394  2404.0  0.0235294117647
2395  2404.0  0.0235294117647
2396  2404.0  0.0235294117647
2397  2404.0  0.0235294117647
2398  2404.0  0.0235294117647
2399  2404.0  0.0235294117647
2400  2404.0  0.0235294117647
2401  2404.0  0.0235294117647
2402  2404.0  0.0235294117647
2403  2404.0  0.0235294117647
2404  2404.0  0.0235294117647
2405  2404.0  0.0235294117647
2406  2404.0  0.0235294117647
2407  2404.0  0.0235294117647
2408  2404.0  0.0235294117647
2409  2404.0  0.0235294117647
2410  2404.0  0.0235294117647
2411  2404.0  0.0235294117647
2412  2404.0  0.0235294117647
2413  2404.0  0.0235294117647
2414  2404.0  0.0235294117647
2415  2404.0  0.0235294117647
2416  2404.0  0.0235294117647
2417  2404.0  0.0235294117647
2418  2416.5  0.0117647058824
2419  2416.5  0.0117647058824
2420  2416.5  0.0117647058824
2421  2416.5  0.0117647058824
2422  2416.5  0.0117647058824
2423  2416.5  0.0117647058824
2424  2416.5  0.0117647058824
2425  2416.5  0.0117647058824
2426  2416.5  0.0117647058824
2427  2416.5  0.0117647058824
2428  2416.5  0.0117647058824
2429  2416.5  0.0117647058824
2430  2416.5  0.0117647058824
2431  2416.5  0.0117647058824
2432  2416.5  0.0117647058824
2433  2416.5  0.0117647058824
2434  2416.5  0.0117647058824
2435  2416.5  0.0117647058824
2436  2416.5  0.0117647058824
2437  2416.5  0.0117647058824
2438  2416.5  0.0117647058824
2439  2416.5  0.0117647058824
2440  2416.5  0.0117647058824
2441  2416.5  0.0117647058824
2442  2416.5  0.0117647058824
2443  2416.5  0.0117647058824
2444  2416.5  0.0117647058824
2445  2416.5  0.0117647058824
2446  2416.5  0.0117647058824
2447  2416.5  0.0117647058824
2448  2416.5  0.0117647058824
2449  2416.5  0.0117647058824
2450  2416.5  0.0117647058824
2451  2416.5  0.0117647058824
2452  2416.5  0.0117647058824
2453  2416.5  0.0117647058824
2454  2416.5  0.0117647058824
2455  2416.5  0.0117647058824
2456  2416.5  0.0117647058824
2457  2416.5  0.0117647058824
2458  2416.5  0.0117647058824
2459  2416.5  0.0117647058824
2460  2416.5  0.0117647058824
2461  2416.5  0.0117647058824
2462  2416.5  0.0117647058824
2463  2416.5  0.0117647058824
2464  2416.5  0.0117647058824
2465  2416.5  0.0117647058824
2466  2416.5  0.0117647058824
2467  2416.5  0.0117647058824
2468  2416.5  0.0117647058824
2469  2416.5  0.0117647058824
2470  2416.5  0.0117647058824
2471  2416.5  0.0117647058824
2472  2416.5  0.0117647058824
2473  2416.5  0.0117647058824
2474  2416.5  0.0117647058824
2475  2416.5  0.0117647058824
2476  2416.5  0.0117647058824
2477  2416.5  0.0117647058824
2478  2416.5  0.0117647058824
2479  2416.5  0.0117647058824
2480  2416.5  0.0117647058824
2481  2416.5  0.0117647058824
2482  2416.5  0.0117647058824
2483  2416.5  0.0117647058824
2484  2416.5  0.0117647058824
2485  2416.5  0.0117647058824
2486  2416.5  0.0117647058824
2487  2416.5  0.0117647058824
2488  2416.5  0.0117647058824
2489  2416.5  0.0117647058824
2490  2416.5  0.0117647058824
2491  2416.5  0.0117647058824
2492  2416.5  0.0117647058824
2493  2416.5  0.0117647058824
2494  2416.5  0.0117647058824
2495  2416.5  0.0117647058824
2496  2416.5  0.0117647058824
2497  2416.5  0.0117647058824
2498  2416.5  0.0117647058824
2499  2416.5  0.0117647058824
2500  2416.5  0.0117647058824
2501  2416.5  0.0117647058824
2502  2416.5  0.0117647058824
2503  2416.5  0.0117647058824
2504  2416.5  0.0117647058824
2505  2416.5  0.0117647058824
2506  2416.5  0.0117647058824
2507  2416.5  0.0117647058824
2508  2416.5  0.0117647058824
2509  2416.5  0.0117647058824
2510  2416.5  0.0117647058824
2511  2416.5  0.0117647058824
2512  2416.5  0.0117647058824
2513  2416.5  0.0117647058824
2514  2416.5  0.0117647058824
2515  2416.5  0.0117647058824
2516  2416.5  0.0117647058824
2517  2416.5  0.0117647058824
2518  2416.5  0.0117647058824
2519  2416.5  0.0117647058824
2520  2416.5  0.0117647058824
2521  2416.5  0.0117647058824
2522  2416.5  0.0117647058824
2523  2416.5  0.0117647058824
2524  2416.5  0.0117647058824
2525  2416.5  0.0117647058824
2526  2416.5  0.0117647058824
2527  2416.5  0.0117647058824
2528  2416.5  0.0117647058824
2529  2416.5  0.0117647058824
2530  2416.5  0.0117647058824
2531  2416.5  0.0117647058824
2532  2416.5  0.0117647058824
2533  2416.5  0.0117647058824
2534  2416.5  0.0117647058824
2535  2416.5  0.0117647058824
2536  2416.5  0.0117647058824
2537  2416.5  0.0117647058824
2538  2416.5  0.0117647058824
2539  2416.5  0.0117647058824
2540  2416.5  0.0117647058824
2541  2416.5  0.0117647058824
2542  2416.5  0.0117647058824
2543  2416.5  0.0117647058824
2544  2416.5  0.0117647058824
2545  2416.5  0.0117647058824
2546  2416.5  0.0117647058824
2547  2416.5  0.0117647058824
2548  2416.5  0.0117647058824
2549  2416.5  0.0117647058824
2550  2416.5  0.0117647058824
2551  2416.5  0.0117647058824
2552  2416.5  0.0117647058824
2553  2416.5  0.0117647058824
2554  2416.5  0.0117647058824
2555  2416.5  0.0117647058824
2556  2416.5  0.0117647058824
2557  2416.5  0.0117647058824
2558  2416.5  0.0117647058824
2559  2416.5  0.0117647058824
2560  2416.5  0.0117647058824
2561  2416.5  0.0117647058824
2562  2416.5  0.0117647058824
2563  2416.5  0.0117647058824
2564  2416.5  0.0117647058824
2565  2416.5  0.0117647058824
2566  2416.5  0.0117647058824
2567  2416.5  0.0117647058824
2568  2416.5  0.0117647058824
2569  2416.5  0.0117647058824
2570  2416.5  0.0117647058824
2571  2416.5  0.0117647058824
2572  2416.5  0.0117647058824
2573  2416.5  0.0117647058824
2574  2416.5  0.0117647058824
2575  2416.5  0.0117647058824
2576  2416.5  0.0117647058824
2577  2416.5  0.0117647058824
2578  2416.5  0.0117647058824
2579  2416.5  0.0117647058824
2580  2416.5  0.0117647058824
2581  2416.5  0.0117647058824
2582  2416.5  0.0117647058824
2583  2416.5  0.0117647058824
2584  2416.5  0.0117647058824
2585  2416.5  0.0117647058824
2586  2416.5  0.0117647058824
2587  2416.5  0.0117647058824
2588  2416.5  0.0117647058824
2589  2416.5  0.0117647058824
2590  2416.5  0.0117647058824
2591  2416.5  0.0117647058824
2592  2416.5  0.0117647058824
2593  2416.5  0.0117647058824
2594  2416.5  0.0117647058824
2595  2416.5  0.0117647058824
2596  2416.5  0.0117647058824
2597  2416.5  0.0117647058824
2598  2416.5  0.0117647058824
2599  2416.5  0.0117647058824
2600  2416.5  0.0117647058824
2601  2416.5  0.0117647058824
2602  2416.5  0.0117647058824
2603  2416.5  0.0117647058824
2604  2416.5  0.0117647058824
2605  2416.5  0.0117647058824
2606  2416.5  0.0117647058824
2607  2416.5  0.0117647058824
2608  2416.5  0.0117647058824
2609  2416.5  0.0117647058824
2610  2416.5  0.0117647058824
2611  2416.5  0.0117647058824
2612  2416.5  0.0117647058824
2613  2416.5  0.0117647058824
2614  2416.5  0.0117647058824
2615  2416.5  0.0117647058824
2616  2416.5  0.0117647058824
2617  2416.5  0.0117647058824
2618  2416.5  0.0117647058824
2619  2416.5  0.0117647058824
2620  2416.5  0.0117647058824
2621  2416.5  0.0117647058824
2622  2416.5  0.0117647058824
2623  2416.5  0.0117647058824
2624  2416.5  0.0117647058824
2625  2416.5  0.0117647058824
2626  2416.5  0.0117647058824
2627  2416.5  0.0117647058824
2628  2416.5  0.0117647058824
2629  2416.5  0.0117647058824
2630  2416.5  0.0117647058824
2631  2416.5  0.0117647058824
2632  2416.5  0.0117647058824
2633  2416.5  0.0117647058824
2634  2416.5  0.0117647058824
2635  2416.5  0.0117647058824
2636  2416.5  0.0117647058824
2637  2416.5  0.0117647058824
2638  2416.5  0.0117647058824
2639  2416.5  0.0117647058824
2640  2416.5  0.0117647058824
2641  2416.5  0.0117647058824
2642  2416.5  0.0117647058824
2643  2416.5  0.0117647058824
2644  2416.5  0.0117647058824
2645  2416.5  0.0117647058824
2646  2416.5  0.0117647058824
2647  2416.5  0.0117647058824
2648  2416.5  0.0117647058824
2649  2416.5  0.0117647058824
2650  2416.5  0.0117647058824
2651  2416.5  0.0117647058824
2652  2416.5  0.0117647058824
2653  2416.5  0.0117647058824
2654  2416.5  0.0117647058824
2655  2416.5  0.0117647058824
2656  2416.5  0.0117647058824
2657  2416.5  0.0117647058824
2658  2416.5  0.0117647058824
2659  2416.5  0.0117647058824
2660  2416.5  0.0117647058824
2661  2416.5  0.0117647058824
2662  2416.5  0.0117647058824
2663  2416.5  0.0117647058824
2664  2416.5  0.0117647058824
2665  2416.5  0.0117647058824
2666  2416.5  0.0117647058824
2667  2416.5  0.0117647058824
2668  2416.5  0.0117647058824
2669  2416.5  0.0117647058824
2670  2416.5  0.0117647058824
2671  2416.5  0.0117647058824
2672  2416.5  0.0117647058824
2673  2416.5  0.0117647058824
2674  2416.5  0.0117647058824
2675  2416.5  0.0117647058824
2676  2416.5  0.0117647058824
2677  2416.5  0.0117647058824
2678  2416.5  0.0117647058824
2679  2416.5  0.0117647058824
2680  2416.5  0.0117647058824
2681  2416.5  0.0117647058824
2682  2416.5  0.0117647058824
2683  2416.5  0.0117647058824
2684  2416.5  0.0117647058824
2685  2416.5  0.0117647058824
2686  2416.5  0.0117647058824
2687  2416.5  0.0117647058824
2688  2416.5  0.0117647058824
2689  2416.5  0.0117647058824
2690  2416.5  0.0117647058824
2691  2416.5  0.0117647058824
2692  2416.5  0.0117647058824
2693  2416.5  0.0117647058824
2694  2416.5  0.0117647058824
2695  2416.5  0.0117647058824
2696  2416.5  0.0117647058824
2697  2416.5  0.0117647058824
2698  2416.5  0.0117647058824
2699  2416.5  0.0117647058824
2700  2416.5  0.0117647058824
2701  2416.5  0.0117647058824
2702  2416.5  0.0117647058824
2703  2416.5  0.0117647058824
2704  2416.5  0.0117647058824
2705  2416.5  0.0117647058824
2706  2416.5  0.0117647058824
2707  2416.5  0.0117647058824
2708  2416.5  0.0117647058824
2709  2416.5  0.0117647058824
2710  2416.5  0.0117647058824
2711  2416.5  0.0117647058824
2712  2416.5  0.0117647058824
2713  2416.5  0.0117647058824
2714  2416.5  0.0117647058824
2715  2416.5  0.0117647058824
2716  2416.5  0.0117647058824
2717  2416.5  0.0117647058824
2718  2416.5  0.0117647058824
2719  2416.5  0.0117647058824
2720  2416.5  0.0117647058824
2721  2416.5  0.0117647058824
2722  2416.5  0.0117647058824
2723  2416.5  0.0117647058824
2724  2416.5  0.0117647058824
2725  2416.5  0.0117647058824
2726  2416.5  0.0117647058824
2727  2416.5  0.0117647058824
2728  2416.5  0.0117647058824
2729  2416.5  0.0117647058824
2730  2416.5  0.0117647058824
2731  2416.5  0.0117647058824
2732  2416.5  0.0117647058824
2733  2416.5  0.0117647058824
2734  2416.5  0.0117647058824
2735  2416.5  0.0117647058824
2736  2416.5  0.0117647058824
2737  2416.5  0.0117647058824
2738  2416.5  0.0117647058824
2739  2416.5  0.0117647058824
2740  2416.5  0.0117647058824
2741  2416.5  0.0117647058824
2742  2416.5  0.0117647058824
2743  2416.5  0.0117647058824
2744  2416.5  0.0117647058824
2745  2416.5  0.0117647058824
2746  2416.5  0.0117647058824
2747  2416.5  0.0117647058824
2748  2416.5  0.0117647058824
2749  2416.5  0.0117647058824
2750  2416.5  0.0117647058824
2751  2416.5  0.0117647058824
2752  2416.5  0.0117647058824
2753  2416.5  0.0117647058824
2754  2416.5  0.0117647058824
2755  2416.5  0.0117647058824
2756  2416.5  0.0117647058824
2757  2416.5  0.0117647058824
2758  2416.5  0.0117647058824
2759  2416.5  0.0117647058824
2760  2416.5  0.0117647058824
2761  2416.5  0.0117647058824
2762  2416.5  0.0117647058824
2763  2416.5  0.0117647058824
2764  2416.5  0.0117647058824
2765  2416.5  0.0117647058824
2766  2416.5  0.0117647058824
2767  2416.5  0.0117647058824
2768  2416.5  0.0117647058824
2769  2416.5  0.0117647058824
2770  2416.5  0.0117647058824
2771  2416.5  0.0117647058824
2772  2416.5  0.0117647058824
2773  2416.5  0.0117647058824
2774  2416.5  0.0117647058824
2775  2416.5  0.0117647058824
2776  2416.5  0.0117647058824
2777  2416.5  0.0117647058824
2778  2416.5  0.0117647058824
2779  2416.5  0.0117647058824
2780  2416.5  0.0117647058824
2781  2416.5  0.0117647058824
2782  2416.5  0.0117647058824
2783  2416.5  0.0117647058824
2784  2416.5  0.0117647058824
2785  2416.5  0.0117647058824
2786  2416.5  0.0117647058824
2787  2416.5  0.0117647058824
2788  2416.5  0.0117647058824
2789  2416.5  0.0117647058824
2790  2416.5  0.0117647058824
2791  2416.5  0.0117647058824
2792  2416.5  0.0117647058824
2793  2416.5  0.0117647058824
2794  2416.5  0.0117647058824
2795  2416.5  0.0117647058824
2796  2416.5  0.0117647058824
2797  2416.5  0.0117647058824
2798  2416.5  0.0117647058824
2799  2416.5  0.0117647058824
2800  2416.5  0.0117647058824
2801  2416.5  0.0117647058824
2802  2416.5  0.0117647058824
2803  2416.5  0.0117647058824
2804  2416.5  0.0117647058824
2805  2416.5  0.0117647058824
2806  2416.5  0.0117647058824
2807  2416.5  0.0117647058824
2808  2416.5  0.0117647058824
2809  2416.5  0.0117647058824
2810  2416.5  0.0117647058824
2811  2416.5  0.0117647058824
2812  2416.5  0.0117647058824
2813  2416.5  0.0117647058824
2814  2416.5  0.0117647058824
2815  2416.5  0.0117647058824
2816  2416.5  0.0117647058824
2817  2416.5  0.0117647058824
2818  2416.5  0.0117647058824
2819  2416.5  0.0117647058824
2820  2416.5  0.0117647058824
2821  2416.5  0.0117647058824
2822  2416.5  0.0117647058824
2823  2416.5  0.0117647058824
2824  2416.5  0.0117647058824
2825  2416.5  0.0117647058824
2826  2416.5  0.0117647058824
2827  2416.5  0.0117647058824
2828  2416.5  0.0117647058824
2829  2416.5  0.0117647058824
2830  2416.5  0.0117647058824
2831  2416.5  0.0117647058824
2832  2416.5  0.0117647058824
2833  2416.5  0.0117647058824
2834  2416.5  0.0117647058824
2835  2416.5  0.0117647058824
2836  2416.5  0.0117647058824
2837  2416.5  0.0117647058824
2838  2416.5  0.0117647058824
2839  2416.5  0.0117647058824
2840  2416.5  0.0117647058824
2841  2416.5  0.0117647058824
2842  2416.5  0.0117647058824
2843  2416.5  0.0117647058824
2844  2416.5  0.0117647058824
2845  2416.5  0.0117647058824
2846  2416.5  0.0117647058824
2847  2416.5  0.0117647058824
2848  2416.5  0.0117647058824
2849  2416.5  0.0117647058824
2850  2416.5  0.0117647058824
2851  2416.5  0.0117647058824
2852  2416.5  0.0117647058824
2853  2416.5  0.0117647058824
2854  2416.5  0.0117647058824
2855  2416.5  0.0117647058824
2856  2416.5  0.0117647058824
2857  2416.5  0.0117647058824
2858  2416.5  0.0117647058824
2859  2416.5  0.0117647058824
2860  2416.5  0.0117647058824
2861  2416.5  0.0117647058824
2862  2416.5  0.0117647058824
2863  2416.5  0.0117647058824
2864  2416.5  0.0117647058824
2865  2416.5  0.0117647058824
2866  2416.5  0.0117647058824
2867  2416.5  0.0117647058824
2868  2416.5  0.0117647058824
2869  2416.5  0.0117647058824
2870  2416.5  0.0117647058824
2871  2416.5  0.0117647058824
2872  2416.5  0.0117647058824
2873  2416.5  0.0117647058824
2874  2416.5  0.0117647058824
2875  2416.5  0.0117647058824
2876  2416.5  0.0117647058824
2877  2416.5  0.0117647058824
2878  2416.5  0.0117647058824
2879  2416.5  0.0117647058824
2880  2416.5  0.0117647058824
2881  2416.5  0.0117647058824
2882  2416.5  0.0117647058824
2883  2416.5  0.0117647058824
2884  2416.5  0.0117647058824
2885  2416.5  0.0117647058824
2886  2416.5  0.0117647058824
2887  2416.5  0.0117647058824
2888  2416.5  0.0117647058824
2889  2416.5  0.0117647058824
2890  2416.5  0.0117647058824
2891  2416.5  0.0117647058824
2892  2416.5  0.0117647058824
2893  2416.5  0.0117647058824
2894  2416.5  0.0117647058824
2895  2416.5  0.0117647058824
2896  2416.5  0.0117647058824
2897  2416.5  0.0117647058824
2898  2416.5  0.0117647058824
2899  2416.5  0.0117647058824
2900  2416.5  0.0117647058824
2901  2416.5  0.0117647058824
2902  2416.5  0.0117647058824
2903  2416.5  0.0117647058824
2904  2416.5  0.0117647058824
2905  2416.5  0.0117647058824
2906  2416.5  0.0117647058824
2907  2416.5  0.0117647058824
2908  2416.5  0.0117647058824
2909  2416.5  0.0117647058824
2910  2416.5  0.0117647058824
2911  2416.5  0.0117647058824
2912  2416.5  0.0117647058824
2913  2416.5  0.0117647058824
2914  2416.5  0.0117647058824
2915  2416.5  0.0117647058824
2916  2416.5  0.0117647058824
2917  2416.5  0.0117647058824
2918  2416.5  0.0117647058824
2919  2416.5  0.0117647058824
2920  2416.5  0.0117647058824
2921  2416.5  0.0117647058824
2922  2416.5  0.0117647058824
2923  2416.5  0.0117647058824
2924  2416.5  0.0117647058824
2925  2416.5  0.0117647058824
2926  2416.5  0.0117647058824
2927  2416.5  0.0117647058824
2928  2416.5  0.0117647058824
2929  2416.5  0.0117647058824
2930  2416.5  0.0117647058824
2931  2416.5  0.0117647058824
2932  2416.5  0.0117647058824
2933  2416.5  0.0117647058824
2934  2416.5  0.0117647058824
2935  2416.5  0.0117647058824
2936  2416.5  0.0117647058824
2937  2416.5  0.0117647058824
2938  2416.5  0.0117647058824
2939  2416.5  0.0117647058824
2940  2416.5  0.0117647058824
2941  2416.5  0.0117647058824
2942  2416.5  0.0117647058824
2943  2416.5  0.0117647058824
2944  2416.5  0.0117647058824
2945  2416.5  0.0117647058824
2946  2416.5  0.0117647058824
2947  2416.5  0.0117647058824
2948  2416.5  0.0117647058824
2949  2416.5  0.0117647058824
2950  2416.5  0.0117647058824
2951  2416.5  0.0117647058824
2952  2416.5  0.0117647058824
2953  2416.5  0.0117647058824
2954  2416.5  0.0117647058824
2955  2416.5  0.0117647058824
2956  2416.5  0.0117647058824
2957  2416.5  0.0117647058824
2958  2416.5  0.0117647058824
2959  2416.5  0.0117647058824
2960  2416.5  0.0117647058824
2961  2416.5  0.0117647058824
2962  2416.5  0.0117647058824
2963  2416.5  0.0117647058824
2964  2416.5  0.0117647058824
2965  2416.5  0.0117647058824
2966  2416.5  0.0117647058824
2967  2416.5  0.0117647058824
2968  2416.5  0.0117647058824
2969  2416.5  0.0117647058824
2970  2416.5  0.0117647058824
2971  2416.5  0.0117647058824
2972  2416.5  0.0117647058824
2973  2416.5  0.0117647058824
2974  2416.5  0.0117647058824
2975  2416.5  0.0117647058824
2976  2416.5  0.0117647058824
2977  2416.5  0.0117647058824
2978  2416.5  0.0117647058824
2979  2416.5  0.0117647058824
2980  2416.5  0.0117647058824
2981  2416.5  0.0117647058824
2982  2416.5  0.0117647058824
2983  2416.5  0.0117647058824
2984  2416.5  0.0117647058824
2985  2416.5  0.0117647058824
2986  2416.5  0.0117647058824
2987  2416.5  0.0117647058824
2988  2416.5  0.0117647058824
2989  2416.5  0.0117647058824
2990  2416.5  0.0117647058824
2991  2416.5  0.0117647058824
2992  2416.5  0.0117647058824
2993  2416.5  0.0117647058824
2994  2416.5  0.0117647058824
2995  2416.5  0.0117647058824
2996  2416.5  0.0117647058824
2997  2416.5  0.0117647058824
2998  2416.5  0.0117647058824
2999  2416.5  0.0117647058824
#[6, 8, 9, 9, 9]
#[9, 9, 9, 9, 9]
#[9, 9, 9, 9, 9]
#[2, 9, 9, 9, 9]
#[9, 9, 9, 9, 9]
#[-5, 9, 9, 9, 9]
#[9, 9, 9, 9, 9]
#[9, 9, 9, 9, 9]
#[9, 9, 9, 9, 9]
#[7, 9, 9, 9, 9]
#[3, 9, 9, 9, 9]
#[9, 9, 9, 9, 9]
#[9, 9, 9, 9, 9]
#[5, 9, 9, 9, 9]
#[6, 9, 9, 9, 9]
#[1, 4, 9, 9, 9]
#Specialization index= [1, 9, 0.07142857142857142]
