#[8, 3, 5, 3, 9, 5, 6, 9, 7, 0]
#[2, 6, 8, 5, 5, 8, 2, 6, 4, 7]
#[9, 5, 2, 8, 9, 4, 9, 8, 4, 5]
#[8, 6, 6, 5, 3, 5, 2, 1, 2, 9]
#[7, 1, 0, 5, 1, 2, 1, 8, 4, 6]
#[8, 7, 9, 2, 4, 7, 5, 6, 7, 9]
#[0, 8, 6, 2, 6, 5, 6, 4, 4, 0]
#[7, 4, 0, 8, 9, 6, 3, 8, 6, 4]
#[3, 2, 1, 4, 2, 8, 8, 4, 4, 8]
0  2071.5  0.18
1  2192.5  0.13
2  2192.5  0.13
3  2192.5  0.13
4  2192.5  0.13
5  2207.0  0.11
6  2207.0  0.11
7  2207.0  0.11
8  2322.5  0.09
9  2322.5  0.09
10  2322.5  0.09
11  2523.0  0.08
12  2523.0  0.08
13  2523.0  0.08
14  2523.0  0.08
15  2523.0  0.08
16  2523.0  0.08
17  2523.0  0.08
18  2523.0  0.08
19  2523.0  0.08
20  2523.0  0.08
21  2523.0  0.08
22  2523.0  0.08
23  2523.0  0.08
24  2523.0  0.08
25  2523.0  0.08
26  2523.0  0.08
27  2523.0  0.08
28  2523.0  0.08
29  2523.0  0.08
30  2523.0  0.08
31  2523.0  0.08
32  2523.0  0.08
33  2523.0  0.08
34  2523.0  0.08
35  2523.0  0.08
36  2523.0  0.08
37  2523.0  0.08
38  2523.0  0.08
39  2541.5  0.07
40  2541.5  0.07
41  2541.5  0.07
42  2541.5  0.07
43  2541.5  0.07
44  2541.5  0.07
45  2541.5  0.07
46  2541.5  0.07
47  2541.5  0.07
48  2541.5  0.07
49  2541.5  0.07
50  2541.5  0.07
51  2657.0  0.05
52  2657.0  0.05
53  2657.0  0.05
54  2657.0  0.05
55  2657.0  0.05
56  2657.0  0.05
57  2657.0  0.05
58  2657.0  0.05
59  2657.0  0.05
60  2657.0  0.05
61  2657.0  0.05
62  2657.0  0.05
63  2657.0  0.05
64  2657.0  0.05
65  2657.0  0.05
66  2657.0  0.05
67  2657.0  0.05
68  2657.0  0.05
69  2657.0  0.05
70  2657.0  0.05
71  2657.0  0.05
72  2657.0  0.05
73  2657.0  0.05
74  2657.0  0.05
75  2657.0  0.05
76  2657.0  0.05
77  2657.0  0.05
78  2657.0  0.05
79  2657.0  0.05
80  2657.0  0.05
81  2657.0  0.05
82  2657.0  0.05
83  2657.0  0.05
84  2657.0  0.05
85  2657.0  0.05
86  2657.0  0.05
87  2657.0  0.05
88  2657.0  0.05
89  2657.0  0.05
90  2657.0  0.05
91  2657.0  0.05
92  2657.0  0.05
93  2657.0  0.05
94  2657.0  0.05
95  2657.0  0.05
96  2657.0  0.05
97  2657.0  0.05
98  2657.0  0.05
99  2657.0  0.05
100  2657.0  0.05
101  2657.0  0.05
102  2657.0  0.05
103  2657.0  0.05
104  2657.0  0.05
105  2657.0  0.05
106  2657.0  0.05
107  2657.0  0.05
108  2657.0  0.05
109  2657.0  0.05
110  2657.0  0.05
111  2657.0  0.05
112  2657.0  0.05
113  2657.0  0.05
114  2657.0  0.05
115  2657.0  0.05
116  2657.0  0.05
117  2657.0  0.05
118  2657.0  0.05
119  2657.0  0.05
120  2657.0  0.05
121  2657.0  0.05
122  2657.0  0.05
123  2657.0  0.05
124  2657.0  0.05
125  2657.0  0.05
126  2657.0  0.05
127  2657.0  0.05
128  2657.0  0.05
129  2657.0  0.05
130  2657.0  0.05
131  2657.0  0.05
132  2657.0  0.05
133  2657.0  0.05
134  2657.0  0.05
135  2657.0  0.05
136  2657.0  0.05
137  2657.0  0.05
138  2657.0  0.05
139  2657.0  0.05
140  2657.0  0.05
141  2657.0  0.05
142  2657.0  0.05
143  2657.0  0.05
144  2657.0  0.05
145  2657.0  0.05
146  2657.0  0.05
147  2657.0  0.05
148  2657.0  0.05
149  2657.0  0.05
150  2657.0  0.05
151  2657.0  0.05
152  2657.0  0.05
153  2657.0  0.05
154  2657.0  0.05
155  2657.0  0.05
156  2657.0  0.05
157  2657.0  0.05
158  2657.0  0.05
159  2657.0  0.05
160  2657.0  0.05
161  2657.0  0.05
162  2657.0  0.05
163  2657.0  0.05
164  2657.0  0.05
165  2657.0  0.05
166  2657.0  0.05
167  2657.0  0.05
168  2657.0  0.05
169  2657.0  0.05
170  2657.0  0.05
171  2657.0  0.05
172  2657.0  0.05
173  2657.0  0.05
174  2657.0  0.05
175  2657.0  0.05
176  2657.0  0.05
177  2657.0  0.05
178  2657.0  0.05
179  2657.0  0.05
180  2657.0  0.05
181  2657.0  0.05
182  2657.0  0.05
183  2657.0  0.05
184  2657.0  0.05
185  2657.0  0.05
186  2657.0  0.05
187  2657.0  0.05
188  2657.0  0.05
189  2657.0  0.05
190  2657.0  0.05
191  2657.0  0.05
192  2657.0  0.05
193  2657.0  0.05
194  2657.0  0.05
195  2657.0  0.05
196  2657.0  0.05
197  2657.0  0.05
198  2657.0  0.05
199  2657.0  0.05
200  2657.0  0.05
201  2657.0  0.05
202  2657.0  0.05
203  2657.0  0.05
204  2657.0  0.05
205  2657.0  0.05
206  2657.0  0.05
207  2657.0  0.05
208  2657.0  0.05
209  2657.0  0.05
210  2657.0  0.05
211  2657.0  0.05
212  2657.0  0.05
213  2657.0  0.05
214  2657.0  0.05
215  2657.0  0.05
216  2657.0  0.05
217  2657.0  0.05
218  2657.0  0.05
219  2657.0  0.05
220  2657.0  0.05
221  2657.0  0.05
222  2657.0  0.05
223  2657.0  0.05
224  2657.0  0.05
225  2657.0  0.05
226  2657.0  0.05
227  2657.0  0.05
228  2657.0  0.05
229  2657.0  0.05
230  2657.0  0.05
231  2657.0  0.05
232  2657.0  0.05
233  2657.0  0.05
234  2657.0  0.05
235  2657.0  0.05
236  2657.0  0.05
237  2657.0  0.05
238  2657.0  0.05
239  2657.0  0.05
240  2657.0  0.05
241  2657.0  0.05
242  2657.0  0.05
243  2657.0  0.05
244  2657.0  0.05
245  2657.0  0.05
246  2657.0  0.05
247  2657.0  0.05
248  2657.0  0.05
249  2657.0  0.05
250  2657.0  0.05
251  2657.0  0.05
252  2657.0  0.05
253  2657.0  0.05
254  2657.0  0.05
255  2657.0  0.05
256  2657.0  0.05
257  2657.0  0.05
258  2657.0  0.05
259  2657.0  0.05
260  2657.0  0.05
261  2657.0  0.05
262  2657.0  0.05
263  2657.0  0.05
264  2657.0  0.05
265  2657.0  0.05
266  2657.0  0.05
267  2657.0  0.05
268  2657.0  0.05
269  2657.0  0.05
270  2657.0  0.05
271  2657.0  0.05
272  2657.0  0.05
273  2657.0  0.05
274  2657.0  0.05
275  2657.0  0.05
276  2657.0  0.05
277  2657.0  0.05
278  2657.0  0.05
279  2657.0  0.05
280  2657.0  0.05
281  2657.0  0.05
282  2657.0  0.05
283  2657.0  0.05
284  2657.0  0.05
285  2657.0  0.05
286  2657.0  0.05
287  2657.0  0.05
288  2657.0  0.05
289  2657.0  0.05
290  2657.0  0.05
291  2657.0  0.05
292  2657.0  0.05
293  2657.0  0.05
294  2657.0  0.05
295  2657.0  0.05
296  2657.0  0.05
297  2657.0  0.05
298  2657.0  0.05
299  2657.0  0.05
300  2657.0  0.05
301  2657.0  0.05
302  2657.0  0.05
303  2657.0  0.05
304  2657.0  0.05
305  2657.0  0.05
306  2657.0  0.05
307  2657.0  0.05
308  2657.0  0.05
309  2657.0  0.05
310  2657.0  0.05
311  2657.0  0.05
312  2657.0  0.05
313  2657.0  0.05
314  2657.0  0.05
315  2657.0  0.05
316  2657.0  0.05
317  2657.0  0.05
318  2657.0  0.05
319  2657.0  0.05
320  2657.0  0.05
321  2657.0  0.05
322  2657.0  0.05
323  2657.0  0.05
324  2657.0  0.05
325  2657.0  0.05
326  2657.0  0.05
327  2657.0  0.05
328  2657.0  0.05
329  2657.0  0.05
330  2657.0  0.05
331  2657.0  0.05
332  2657.0  0.05
333  2657.0  0.05
334  2657.0  0.05
335  2657.0  0.05
336  2657.0  0.05
337  2657.0  0.05
338  2657.0  0.05
339  2657.0  0.05
340  2657.0  0.05
341  2657.0  0.05
342  2657.0  0.05
343  2657.0  0.05
344  2657.0  0.05
345  2657.0  0.05
346  2657.0  0.05
347  2657.0  0.05
348  2657.0  0.05
349  2657.0  0.05
350  2657.0  0.05
351  2657.0  0.05
352  2657.0  0.05
353  2657.0  0.05
354  2657.0  0.05
355  2657.0  0.05
356  2657.0  0.05
357  2657.0  0.05
358  2657.0  0.05
359  2657.0  0.05
360  2657.0  0.05
361  2657.0  0.05
362  2657.0  0.05
363  2657.0  0.05
364  2657.0  0.05
365  2657.0  0.05
366  2657.0  0.05
367  2657.0  0.05
368  2657.0  0.05
369  2657.0  0.05
370  2657.0  0.05
371  2657.0  0.05
372  2657.0  0.05
373  2657.0  0.05
374  2657.0  0.05
375  2657.0  0.05
376  2657.0  0.05
377  2657.0  0.05
378  2657.0  0.05
379  2657.0  0.05
380  2657.0  0.05
381  2657.0  0.05
382  2657.0  0.05
383  2657.0  0.05
384  2657.0  0.05
385  2657.0  0.05
386  2657.0  0.05
387  2657.0  0.05
388  2657.0  0.05
389  2657.0  0.05
390  2657.0  0.05
391  2657.0  0.05
392  2657.0  0.05
393  2657.0  0.05
394  2657.0  0.05
395  2657.0  0.05
396  2657.0  0.05
397  2657.0  0.05
398  2657.0  0.05
399  2657.0  0.05
400  2657.0  0.05
401  2657.0  0.05
402  2657.0  0.05
403  2657.0  0.05
404  2657.0  0.05
405  2657.0  0.05
406  2657.0  0.05
407  2657.0  0.05
408  2657.0  0.05
409  2657.0  0.05
410  2657.0  0.05
411  2657.0  0.05
412  2657.0  0.05
413  2657.0  0.05
414  2657.0  0.05
415  2657.0  0.05
416  2657.0  0.05
417  2657.0  0.05
418  2657.0  0.05
419  2657.0  0.05
420  2657.0  0.05
421  2657.0  0.05
422  2657.0  0.05
423  2657.0  0.05
424  2657.0  0.05
425  2657.0  0.05
426  2657.0  0.05
427  2657.0  0.05
428  2657.0  0.05
429  2657.0  0.05
430  2657.0  0.05
431  2657.0  0.05
432  2657.0  0.05
433  2657.0  0.05
434  2657.0  0.05
435  2657.0  0.05
436  2657.0  0.05
437  2657.0  0.05
438  2657.0  0.05
439  2657.0  0.05
440  2657.0  0.05
441  2657.0  0.05
442  2657.0  0.05
443  2657.0  0.05
444  2657.0  0.05
445  2657.0  0.05
446  2657.0  0.05
447  2657.0  0.05
448  2657.0  0.05
449  2657.0  0.05
450  2657.0  0.05
451  2657.0  0.05
452  2657.0  0.05
453  2657.0  0.05
454  2657.0  0.05
455  2657.0  0.05
456  2657.0  0.05
457  2657.0  0.05
458  2657.0  0.05
459  2657.0  0.05
460  2657.0  0.05
461  2657.0  0.05
462  2657.0  0.05
463  2657.0  0.05
464  2657.0  0.05
465  2657.0  0.05
466  2657.0  0.05
467  2657.0  0.05
468  2657.0  0.05
469  2657.0  0.05
470  2657.0  0.05
471  2657.0  0.05
472  2657.0  0.05
473  2657.0  0.05
474  2657.0  0.05
475  2657.0  0.05
476  2657.0  0.05
477  2657.0  0.05
478  2657.0  0.05
479  2657.0  0.05
480  2657.0  0.05
481  2657.0  0.05
482  2657.0  0.05
483  2657.0  0.05
484  2657.0  0.05
485  2657.0  0.05
486  2657.0  0.05
487  2657.0  0.05
488  2657.0  0.05
489  2657.0  0.05
490  2657.0  0.05
491  2657.0  0.05
492  2657.0  0.05
493  2657.0  0.05
494  2657.0  0.05
495  2657.0  0.05
496  2657.0  0.05
497  2657.0  0.05
498  2657.0  0.05
499  2657.0  0.05
500  2657.0  0.05
501  2657.0  0.05
502  2657.0  0.05
503  2657.0  0.05
504  2657.0  0.05
505  2657.0  0.05
506  2657.0  0.05
507  2657.0  0.05
508  2657.0  0.05
509  2657.0  0.05
510  2657.0  0.05
511  2657.0  0.05
512  2657.0  0.05
513  2657.0  0.05
514  2657.0  0.05
515  2657.0  0.05
516  2657.0  0.05
517  2657.0  0.05
518  2657.0  0.05
519  2657.0  0.05
520  2657.0  0.05
521  2657.0  0.05
522  2657.0  0.05
523  2657.0  0.05
524  2657.0  0.05
525  2657.0  0.05
526  2657.0  0.05
527  2657.0  0.05
528  2657.0  0.05
529  2657.0  0.05
530  2657.0  0.05
531  2657.0  0.05
532  2657.0  0.05
533  2657.0  0.05
534  2657.0  0.05
535  2657.0  0.05
536  2657.0  0.05
537  2657.0  0.05
538  2657.0  0.05
539  2657.0  0.05
540  2657.0  0.05
541  2657.0  0.05
542  2657.0  0.05
543  2657.0  0.05
544  2657.0  0.05
545  2657.0  0.05
546  2657.0  0.05
547  2657.0  0.05
548  2657.0  0.05
549  2657.0  0.05
550  2657.0  0.05
551  2657.0  0.05
552  2657.0  0.05
553  2657.0  0.05
554  2657.0  0.05
555  2657.0  0.05
556  2657.0  0.05
557  2657.0  0.05
558  2657.0  0.05
559  2657.0  0.05
560  2657.0  0.05
561  2657.0  0.05
562  2657.0  0.05
563  2657.0  0.05
564  2657.0  0.05
565  2657.0  0.05
566  2657.0  0.05
567  2657.0  0.05
568  2657.0  0.05
569  2657.0  0.05
570  2657.0  0.05
571  2657.0  0.05
572  2657.0  0.05
573  2657.0  0.05
574  2657.0  0.05
575  2657.0  0.05
576  2657.0  0.05
577  2657.0  0.05
578  2657.0  0.05
579  2657.0  0.05
580  2657.0  0.05
581  2657.0  0.05
582  2657.0  0.05
583  2657.0  0.05
584  2657.0  0.05
585  2657.0  0.05
586  2657.0  0.05
587  2657.0  0.05
588  2657.0  0.05
589  2657.0  0.05
590  2657.0  0.05
591  2657.0  0.05
592  2657.0  0.05
593  2657.0  0.05
594  2657.0  0.05
595  2657.0  0.05
596  2657.0  0.05
597  2657.0  0.05
598  2657.0  0.05
599  2657.0  0.05
600  2657.0  0.05
601  2657.0  0.05
602  2657.0  0.05
603  2657.0  0.05
604  2657.0  0.05
605  2657.0  0.05
606  2657.0  0.05
607  2657.0  0.05
608  2657.0  0.05
609  2657.0  0.05
610  2657.0  0.05
611  2657.0  0.05
612  2657.0  0.05
613  2657.0  0.05
614  2657.0  0.05
615  2657.0  0.05
616  2657.0  0.05
617  2657.0  0.05
618  2657.0  0.05
619  2657.0  0.05
620  2657.0  0.05
621  2657.0  0.05
622  2657.0  0.05
623  2657.0  0.05
624  2657.0  0.05
625  2657.0  0.05
626  2657.0  0.05
627  2657.0  0.05
628  2657.0  0.05
629  2657.0  0.05
630  2657.0  0.05
631  2657.0  0.05
632  2657.0  0.05
633  2657.0  0.05
634  2657.0  0.05
635  2657.0  0.05
636  2657.0  0.05
637  2657.0  0.05
638  2657.0  0.05
639  2657.0  0.05
640  2657.0  0.05
641  2657.0  0.05
642  2657.0  0.05
643  2657.0  0.05
644  2657.0  0.05
645  2657.0  0.05
646  2657.0  0.05
647  2657.0  0.05
648  2657.0  0.05
649  2657.0  0.05
650  2657.0  0.05
651  2657.0  0.05
652  2657.0  0.05
653  2657.0  0.05
654  2657.0  0.05
655  2657.0  0.05
656  2657.0  0.05
657  2657.0  0.05
658  2657.0  0.05
659  2657.0  0.05
660  2657.0  0.05
661  2657.0  0.05
662  2657.0  0.05
663  2657.0  0.05
664  2657.0  0.05
665  2657.0  0.05
666  2657.0  0.05
667  2657.0  0.05
668  2657.0  0.05
669  2657.0  0.05
670  2657.0  0.05
671  2657.0  0.05
672  2657.0  0.05
673  2657.0  0.05
674  2657.0  0.05
675  2657.0  0.05
676  2657.0  0.05
677  2657.0  0.05
678  2657.0  0.05
679  2657.0  0.05
680  2657.0  0.05
681  2657.0  0.05
682  2657.0  0.05
683  2657.0  0.05
684  2657.0  0.05
685  2657.0  0.05
686  2657.0  0.05
687  2657.0  0.05
688  2657.0  0.05
689  2657.0  0.05
690  2657.0  0.05
691  2657.0  0.05
692  2657.0  0.05
693  2657.0  0.05
694  2657.0  0.05
695  2657.0  0.05
696  2657.0  0.05
697  2657.0  0.05
698  2657.0  0.05
699  2657.0  0.05
700  2657.0  0.05
701  2657.0  0.05
702  2657.0  0.05
703  2657.0  0.05
704  2657.0  0.05
705  2657.0  0.05
706  2657.0  0.05
707  2657.0  0.05
708  2657.0  0.05
709  2657.0  0.05
710  2657.0  0.05
711  2657.0  0.05
712  2657.0  0.05
713  2657.0  0.05
714  2657.0  0.05
715  2657.0  0.05
716  2657.0  0.05
717  2657.0  0.05
718  2657.0  0.05
719  2657.0  0.05
720  2657.0  0.05
721  2657.0  0.05
722  2657.0  0.05
723  2657.0  0.05
724  2657.0  0.05
725  2657.0  0.05
726  2657.0  0.05
727  2657.0  0.05
728  2657.0  0.05
729  2657.0  0.05
730  2657.0  0.05
731  2657.0  0.05
732  2657.0  0.05
733  2657.0  0.05
734  2657.0  0.05
735  2657.0  0.05
736  2657.0  0.05
737  2657.0  0.05
738  2657.0  0.05
739  2657.0  0.05
740  2657.0  0.05
741  2657.0  0.05
742  2657.0  0.05
743  2657.0  0.05
744  2657.0  0.05
745  2657.0  0.05
746  2657.0  0.05
747  2657.0  0.05
748  2657.0  0.05
749  2657.0  0.05
750  2657.0  0.05
751  2657.0  0.05
752  2657.0  0.05
753  2657.0  0.05
754  2657.0  0.05
755  2657.0  0.05
756  2657.0  0.05
757  2657.0  0.05
758  2657.0  0.05
759  2657.0  0.05
760  2657.0  0.05
761  2657.0  0.05
762  2657.0  0.05
763  2657.0  0.05
764  2657.0  0.05
765  2657.0  0.05
766  2657.0  0.05
767  2657.0  0.05
768  2657.0  0.05
769  2657.0  0.05
770  2657.0  0.05
771  2657.0  0.05
772  2657.0  0.05
773  2657.0  0.05
774  2657.0  0.05
775  2657.0  0.05
776  2657.0  0.05
777  2657.0  0.05
778  2657.0  0.05
779  2657.0  0.05
780  2657.0  0.05
781  2657.0  0.05
782  2657.0  0.05
783  2657.0  0.05
784  2657.0  0.05
785  2657.0  0.05
786  2657.0  0.05
787  2657.0  0.05
788  2657.0  0.05
789  2657.0  0.05
790  2657.0  0.05
791  2657.0  0.05
792  2657.0  0.05
793  2657.0  0.05
794  2657.0  0.05
795  2657.0  0.05
796  2657.0  0.05
797  2657.0  0.05
798  2657.0  0.05
799  2657.0  0.05
800  2657.0  0.05
801  2657.0  0.05
802  2657.0  0.05
803  2657.0  0.05
804  2657.0  0.05
805  2657.0  0.05
806  2657.0  0.05
807  2657.0  0.05
808  2657.0  0.05
809  2657.0  0.05
810  2657.0  0.05
811  2657.0  0.05
812  2657.0  0.05
813  2657.0  0.05
814  2657.0  0.05
815  2657.0  0.05
816  2657.0  0.05
817  2657.0  0.05
818  2657.0  0.05
819  2657.0  0.05
820  2657.0  0.05
821  2657.0  0.05
822  2657.0  0.05
823  2657.0  0.05
824  2657.0  0.05
825  2657.0  0.05
826  2657.0  0.05
827  2657.0  0.05
828  2657.0  0.05
829  2657.0  0.05
830  2657.0  0.05
831  2657.0  0.05
832  2657.0  0.05
833  2657.0  0.05
834  2657.0  0.05
835  2657.0  0.05
836  2657.0  0.05
837  2657.0  0.05
838  2657.0  0.05
839  2657.0  0.05
840  2657.0  0.05
841  2657.0  0.05
842  2657.0  0.05
843  2657.0  0.05
844  2657.0  0.05
845  2657.0  0.05
846  2657.0  0.05
847  2657.0  0.05
848  2657.0  0.05
849  2657.0  0.05
850  2657.0  0.05
851  2657.0  0.05
852  2657.0  0.05
853  2657.0  0.05
854  2657.0  0.05
855  2657.0  0.05
856  2657.0  0.05
857  2657.0  0.05
858  2657.0  0.05
859  2657.0  0.05
860  2657.0  0.05
861  2657.0  0.05
862  2657.0  0.05
863  2657.0  0.05
864  2657.0  0.05
865  2657.0  0.05
866  2657.0  0.05
867  2657.0  0.05
868  2657.0  0.05
869  2657.0  0.05
870  2657.0  0.05
871  2657.0  0.05
872  2657.0  0.05
873  2657.0  0.05
874  2657.0  0.05
875  2657.0  0.05
876  2657.0  0.05
877  2657.0  0.05
878  2657.0  0.05
879  2657.0  0.05
880  2657.0  0.05
881  2657.0  0.05
882  2657.0  0.05
883  2657.0  0.05
884  2657.0  0.05
885  2657.0  0.05
886  2657.0  0.05
887  2657.0  0.05
888  2657.0  0.05
889  2657.0  0.05
890  2657.0  0.05
891  2657.0  0.05
892  2657.0  0.05
893  2657.0  0.05
894  2657.0  0.05
895  2657.0  0.05
896  2657.0  0.05
897  2657.0  0.05
898  2657.0  0.05
899  2657.0  0.05
900  2657.0  0.05
901  2657.0  0.05
902  2657.0  0.05
903  2657.0  0.05
904  2657.0  0.05
905  2657.0  0.05
906  2657.0  0.05
907  2657.0  0.05
908  2657.0  0.05
909  2657.0  0.05
910  2657.0  0.05
911  2657.0  0.05
912  2657.0  0.05
913  2657.0  0.05
914  2657.0  0.05
915  2657.0  0.05
916  2657.0  0.05
917  2657.0  0.05
918  2657.0  0.05
919  2657.0  0.05
920  2657.0  0.05
921  2657.0  0.05
922  2657.0  0.05
923  2657.0  0.05
924  2657.0  0.05
925  2657.0  0.05
926  2657.0  0.05
927  2657.0  0.05
928  2657.0  0.05
929  2657.0  0.05
930  2657.0  0.05
931  2657.0  0.05
932  2657.0  0.05
933  2657.0  0.05
934  2657.0  0.05
935  2657.0  0.05
936  2657.0  0.05
937  2657.0  0.05
938  2657.0  0.05
939  2657.0  0.05
940  2657.0  0.05
941  2657.0  0.05
942  2657.0  0.05
943  2657.0  0.05
944  2657.0  0.05
945  2657.0  0.05
946  2657.0  0.05
947  2657.0  0.05
948  2657.0  0.05
949  2657.0  0.05
950  2657.0  0.05
951  2657.0  0.05
952  2657.0  0.05
953  2657.0  0.05
954  2657.0  0.05
955  2657.0  0.05
956  2657.0  0.05
957  2657.0  0.05
958  2657.0  0.05
959  2657.0  0.05
960  2657.0  0.05
961  2657.0  0.05
962  2657.0  0.05
963  2657.0  0.05
964  2657.0  0.05
965  2657.0  0.05
966  2657.0  0.05
967  2657.0  0.05
968  2657.0  0.05
969  2657.0  0.05
970  2657.0  0.05
971  2657.0  0.05
972  2657.0  0.05
973  2657.0  0.05
974  2657.0  0.05
975  2657.0  0.05
976  2657.0  0.05
977  2657.0  0.05
978  2657.0  0.05
979  2657.0  0.05
980  2657.0  0.05
981  2657.0  0.05
982  2657.0  0.05
983  2657.0  0.05
984  2657.0  0.05
985  2657.0  0.05
986  2657.0  0.05
987  2657.0  0.05
988  2657.0  0.05
989  2657.0  0.05
990  2657.0  0.05
991  2657.0  0.05
992  2657.0  0.05
993  2657.0  0.05
994  2657.0  0.05
995  2657.0  0.05
996  2657.0  0.05
997  2657.0  0.05
998  2657.0  0.05
999  2657.0  0.05
1000  2657.0  0.05
1001  2657.0  0.05
1002  2657.0  0.05
1003  2657.0  0.05
1004  2657.0  0.05
1005  2657.0  0.05
1006  2657.0  0.05
1007  2657.0  0.05
1008  2657.0  0.05
1009  2657.0  0.05
1010  2657.0  0.05
1011  2657.0  0.05
1012  2657.0  0.05
1013  2657.0  0.05
1014  2657.0  0.05
1015  2657.0  0.05
1016  2657.0  0.05
1017  2657.0  0.05
1018  2657.0  0.05
1019  2657.0  0.05
1020  2657.0  0.05
1021  2657.0  0.05
1022  2657.0  0.05
1023  2657.0  0.05
1024  2657.0  0.05
1025  2657.0  0.05
1026  2657.0  0.05
1027  2657.0  0.05
1028  2657.0  0.05
1029  2657.0  0.05
1030  2657.0  0.05
1031  2657.0  0.05
1032  2657.0  0.05
1033  2657.0  0.05
1034  2657.0  0.05
1035  2657.0  0.05
1036  2657.0  0.05
1037  2657.0  0.05
1038  2657.0  0.05
1039  2657.0  0.05
1040  2657.0  0.05
1041  2657.0  0.05
1042  2657.0  0.05
1043  2657.0  0.05
1044  2657.0  0.05
1045  2657.0  0.05
1046  2657.0  0.05
1047  2657.0  0.05
1048  2657.0  0.05
1049  2657.0  0.05
1050  2657.0  0.05
1051  2657.0  0.05
1052  2657.0  0.05
1053  2657.0  0.05
1054  2657.0  0.05
1055  2657.0  0.05
1056  2657.0  0.05
1057  2657.0  0.05
1058  2657.0  0.05
1059  2657.0  0.05
1060  2657.0  0.05
1061  2657.0  0.05
1062  2657.0  0.05
1063  2657.0  0.05
1064  2657.0  0.05
1065  2657.0  0.05
1066  2657.0  0.05
1067  2657.0  0.05
1068  2657.0  0.05
1069  2657.0  0.05
1070  2657.0  0.05
1071  2657.0  0.05
1072  2657.0  0.05
1073  2657.0  0.05
1074  2657.0  0.05
1075  2657.0  0.05
1076  2657.0  0.05
1077  2657.0  0.05
1078  2657.0  0.05
1079  2657.0  0.05
1080  2657.0  0.05
1081  2657.0  0.05
1082  2657.0  0.05
1083  2657.0  0.05
1084  2657.0  0.05
1085  2657.0  0.05
1086  2657.0  0.05
1087  2657.0  0.05
1088  2657.0  0.05
1089  2657.0  0.05
1090  2657.0  0.05
1091  2657.0  0.05
1092  2657.0  0.05
1093  2657.0  0.05
1094  2657.0  0.05
1095  2657.0  0.05
1096  2657.0  0.05
1097  2657.0  0.05
1098  2657.0  0.05
1099  2657.0  0.05
1100  2657.0  0.05
1101  2657.0  0.05
1102  2657.0  0.05
1103  2657.0  0.05
1104  2657.0  0.05
1105  2657.0  0.05
1106  2657.0  0.05
1107  2657.0  0.05
1108  2657.0  0.05
1109  2657.0  0.05
1110  2657.0  0.05
1111  2657.0  0.05
1112  2657.0  0.05
1113  2657.0  0.05
1114  2657.0  0.05
1115  2657.0  0.05
1116  2657.0  0.05
1117  2657.0  0.05
1118  2657.0  0.05
1119  2657.0  0.05
1120  2657.0  0.05
1121  2657.0  0.05
1122  2657.0  0.05
1123  2657.0  0.05
1124  2657.0  0.05
1125  2657.0  0.05
1126  2657.0  0.05
1127  2657.0  0.05
1128  2657.0  0.05
1129  2657.0  0.05
1130  2657.0  0.05
1131  2657.0  0.05
1132  2657.0  0.05
1133  2657.0  0.05
1134  2657.0  0.05
1135  2657.0  0.05
1136  2657.0  0.05
1137  2657.0  0.05
1138  2657.0  0.05
1139  2657.0  0.05
1140  2657.0  0.05
1141  2657.0  0.05
1142  2657.0  0.05
1143  2657.0  0.05
1144  2657.0  0.05
1145  2657.0  0.05
1146  2657.0  0.05
1147  2657.0  0.05
1148  2657.0  0.05
1149  2657.0  0.05
1150  2657.0  0.05
1151  2657.0  0.05
1152  2657.0  0.05
1153  2657.0  0.05
1154  2657.0  0.05
1155  2657.0  0.05
1156  2657.0  0.05
1157  2657.0  0.05
1158  2657.0  0.05
1159  2657.0  0.05
1160  2657.0  0.05
1161  2657.0  0.05
1162  2657.0  0.05
1163  2657.0  0.05
1164  2657.0  0.05
1165  2657.0  0.05
1166  2657.0  0.05
1167  2657.0  0.05
1168  2657.0  0.05
1169  2657.0  0.05
1170  2657.0  0.05
1171  2657.0  0.05
1172  2657.0  0.05
1173  2657.0  0.05
1174  2657.0  0.05
1175  2657.0  0.05
1176  2657.0  0.05
1177  2657.0  0.05
1178  2657.0  0.05
1179  2657.0  0.05
1180  2657.0  0.05
1181  2657.0  0.05
1182  2657.0  0.05
1183  2657.0  0.05
1184  2657.0  0.05
1185  2657.0  0.05
1186  2657.0  0.05
1187  2657.0  0.05
1188  2657.0  0.05
1189  2657.0  0.05
1190  2657.0  0.05
1191  2657.0  0.05
1192  2657.0  0.05
1193  2657.0  0.05
1194  2657.0  0.05
1195  2657.0  0.05
1196  2657.0  0.05
1197  2657.0  0.05
1198  2657.0  0.05
1199  2657.0  0.05
1200  2657.0  0.05
1201  2657.0  0.05
1202  2657.0  0.05
1203  2657.0  0.05
1204  2657.0  0.05
1205  2657.0  0.05
1206  2657.0  0.05
1207  2657.0  0.05
1208  2657.0  0.05
1209  2657.0  0.05
1210  2657.0  0.05
1211  2657.0  0.05
1212  2657.0  0.05
1213  2657.0  0.05
1214  2657.0  0.05
1215  2657.0  0.05
1216  2657.0  0.05
1217  2657.0  0.05
1218  2657.0  0.05
1219  2657.0  0.05
1220  2657.0  0.05
1221  2657.0  0.05
1222  2657.0  0.05
1223  2657.0  0.05
1224  2657.0  0.05
1225  2657.0  0.05
1226  2657.0  0.05
1227  2657.0  0.05
1228  2657.0  0.05
1229  2657.0  0.05
1230  2657.0  0.05
1231  2657.0  0.05
1232  2657.0  0.05
1233  2657.0  0.05
1234  2657.0  0.05
1235  2657.0  0.05
1236  2657.0  0.05
1237  2657.0  0.05
1238  2657.0  0.05
1239  2657.0  0.05
1240  2657.0  0.05
1241  2657.0  0.05
1242  2657.0  0.05
1243  2657.0  0.05
1244  2657.0  0.05
1245  2657.0  0.05
1246  2657.0  0.05
1247  2657.0  0.05
1248  2657.0  0.05
1249  2657.0  0.05
1250  2657.0  0.05
1251  2657.0  0.05
1252  2657.0  0.05
1253  2657.0  0.05
1254  2657.0  0.05
1255  2657.0  0.05
1256  2657.0  0.05
1257  2657.0  0.05
1258  2657.0  0.05
1259  2657.0  0.05
1260  2657.0  0.05
1261  2657.0  0.05
1262  2657.0  0.05
1263  2657.0  0.05
1264  2657.0  0.05
1265  2657.0  0.05
1266  2657.0  0.05
1267  2657.0  0.05
1268  2657.0  0.05
1269  2657.0  0.05
1270  2657.0  0.05
1271  2657.0  0.05
1272  2657.0  0.05
1273  2657.0  0.05
1274  2657.0  0.05
1275  2657.0  0.05
1276  2657.0  0.05
1277  2657.0  0.05
1278  2657.0  0.05
1279  2657.0  0.05
1280  2657.0  0.05
1281  2657.0  0.05
1282  2657.0  0.05
1283  2657.0  0.05
1284  2657.0  0.05
1285  2657.0  0.05
1286  2657.0  0.05
1287  2657.0  0.05
1288  2657.0  0.05
1289  2657.0  0.05
1290  2657.0  0.05
1291  2657.0  0.05
1292  2657.0  0.05
1293  2657.0  0.05
1294  2657.0  0.05
1295  2657.0  0.05
1296  2657.0  0.05
1297  2657.0  0.05
1298  2657.0  0.05
1299  2657.0  0.05
1300  2657.0  0.05
1301  2657.0  0.05
1302  2657.0  0.05
1303  2657.0  0.05
1304  2657.0  0.05
1305  2657.0  0.05
1306  2657.0  0.05
1307  2657.0  0.05
1308  2657.0  0.05
1309  2657.0  0.05
1310  2657.0  0.05
1311  2657.0  0.05
1312  2657.0  0.05
1313  2657.0  0.05
1314  2657.0  0.05
1315  2657.0  0.05
1316  2657.0  0.05
1317  2657.0  0.05
1318  2657.0  0.05
1319  2657.0  0.05
1320  2657.0  0.05
1321  2657.0  0.05
1322  2657.0  0.05
1323  2657.0  0.05
1324  2657.0  0.05
1325  2657.0  0.05
1326  2657.0  0.05
1327  2657.0  0.05
1328  2657.0  0.05
1329  2657.0  0.05
1330  2657.0  0.05
1331  2657.0  0.05
1332  2657.0  0.05
1333  2657.0  0.05
1334  2657.0  0.05
1335  2657.0  0.05
1336  2657.0  0.05
1337  2657.0  0.05
1338  2657.0  0.05
1339  2657.0  0.05
1340  2657.0  0.05
1341  2657.0  0.05
1342  2657.0  0.05
1343  2657.0  0.05
1344  2657.0  0.05
1345  2657.0  0.05
1346  2657.0  0.05
1347  2657.0  0.05
1348  2657.0  0.05
1349  2657.0  0.05
1350  2657.0  0.05
1351  2657.0  0.05
1352  2657.0  0.05
1353  2657.0  0.05
1354  2657.0  0.05
1355  2657.0  0.05
1356  2657.0  0.05
1357  2657.0  0.05
1358  2657.0  0.05
1359  2657.0  0.05
1360  2657.0  0.05
1361  2657.0  0.05
1362  2657.0  0.05
1363  2657.0  0.05
1364  2657.0  0.05
1365  2657.0  0.05
1366  2657.0  0.05
1367  2657.0  0.05
1368  2657.0  0.05
1369  2657.0  0.05
1370  2657.0  0.05
1371  2657.0  0.05
1372  2657.0  0.05
1373  2657.0  0.05
1374  2657.0  0.05
1375  2657.0  0.05
1376  2657.0  0.05
1377  2657.0  0.05
1378  2657.0  0.05
1379  2657.0  0.05
1380  2657.0  0.05
1381  2657.0  0.05
1382  2657.0  0.05
1383  2657.0  0.05
1384  2657.0  0.05
1385  2657.0  0.05
1386  2657.0  0.05
1387  2657.0  0.05
1388  2657.0  0.05
1389  2657.0  0.05
1390  2657.0  0.05
1391  2657.0  0.05
1392  2657.0  0.05
1393  2657.0  0.05
1394  2657.0  0.05
1395  2657.0  0.05
1396  2657.0  0.05
1397  2657.0  0.05
1398  2657.0  0.05
1399  2657.0  0.05
1400  2657.0  0.05
1401  2657.0  0.05
1402  2657.0  0.05
1403  2657.0  0.05
1404  2657.0  0.05
1405  2657.0  0.05
1406  2657.0  0.05
1407  2657.0  0.05
1408  2657.0  0.05
1409  2657.0  0.05
1410  2657.0  0.05
1411  2657.0  0.05
1412  2657.0  0.05
1413  2657.0  0.05
1414  2657.0  0.05
1415  2657.0  0.05
1416  2657.0  0.05
1417  2657.0  0.05
1418  2657.0  0.05
1419  2657.0  0.05
1420  2657.0  0.05
1421  2657.0  0.05
1422  2657.0  0.05
1423  2657.0  0.05
1424  2657.0  0.05
1425  2657.0  0.05
1426  2657.0  0.05
1427  2657.0  0.05
1428  2657.0  0.05
1429  2657.0  0.05
1430  2657.0  0.05
1431  2657.0  0.05
1432  2657.0  0.05
1433  2657.0  0.05
1434  2657.0  0.05
1435  2657.0  0.05
1436  2657.0  0.05
1437  2657.0  0.05
1438  2657.0  0.05
1439  2657.0  0.05
1440  2657.0  0.05
1441  2657.0  0.05
1442  2657.0  0.05
1443  2657.0  0.05
1444  2657.0  0.05
1445  2657.0  0.05
1446  2657.0  0.05
1447  2657.0  0.05
1448  2657.0  0.05
1449  2657.0  0.05
1450  2657.0  0.05
1451  2657.0  0.05
1452  2657.0  0.05
1453  2657.0  0.05
1454  2657.0  0.05
1455  2657.0  0.05
1456  2657.0  0.05
1457  2657.0  0.05
1458  2657.0  0.05
1459  2657.0  0.05
1460  2657.0  0.05
1461  2657.0  0.05
1462  2657.0  0.05
1463  2657.0  0.05
1464  2657.0  0.05
1465  2657.0  0.05
1466  2657.0  0.05
1467  2657.0  0.05
1468  2657.0  0.05
1469  2657.0  0.05
1470  2657.0  0.05
1471  2657.0  0.05
1472  2657.0  0.05
1473  2657.0  0.05
1474  2657.0  0.05
1475  2657.0  0.05
1476  2657.0  0.05
1477  2657.0  0.05
1478  2657.0  0.05
1479  2657.0  0.05
1480  2657.0  0.05
1481  2657.0  0.05
1482  2657.0  0.05
1483  2657.0  0.05
1484  2657.0  0.05
1485  2657.0  0.05
1486  2657.0  0.05
1487  2657.0  0.05
1488  2657.0  0.05
1489  2657.0  0.05
1490  2657.0  0.05
1491  2657.0  0.05
1492  2657.0  0.05
1493  2657.0  0.05
1494  2657.0  0.05
1495  2657.0  0.05
1496  2657.0  0.05
1497  2657.0  0.05
1498  2657.0  0.05
1499  2657.0  0.05
1500  2657.0  0.05
1501  2657.0  0.05
1502  2657.0  0.05
1503  2657.0  0.05
1504  2657.0  0.05
1505  2657.0  0.05
1506  2657.0  0.05
1507  2657.0  0.05
1508  2657.0  0.05
1509  2657.0  0.05
1510  2657.0  0.05
1511  2657.0  0.05
1512  2657.0  0.05
1513  2657.0  0.05
1514  2657.0  0.05
1515  2657.0  0.05
1516  2657.0  0.05
1517  2657.0  0.05
1518  2657.0  0.05
1519  2657.0  0.05
1520  2657.0  0.05
1521  2657.0  0.05
1522  2657.0  0.05
1523  2657.0  0.05
1524  2657.0  0.05
1525  2657.0  0.05
1526  2657.0  0.05
1527  2657.0  0.05
1528  2657.0  0.05
1529  2657.0  0.05
1530  2657.0  0.05
1531  2657.0  0.05
1532  2657.0  0.05
1533  2657.0  0.05
1534  2657.0  0.05
1535  2657.0  0.05
1536  2657.0  0.05
1537  2657.0  0.05
1538  2657.0  0.05
1539  2657.0  0.05
1540  2657.0  0.05
1541  2657.0  0.05
1542  2657.0  0.05
1543  2657.0  0.05
1544  2657.0  0.05
1545  2657.0  0.05
1546  2657.0  0.05
1547  2657.0  0.05
1548  2657.0  0.05
1549  2657.0  0.05
1550  2657.0  0.05
1551  2657.0  0.05
1552  2657.0  0.05
1553  2657.0  0.05
1554  2657.0  0.05
1555  2657.0  0.05
1556  2657.0  0.05
1557  2657.0  0.05
1558  2657.0  0.05
1559  2657.0  0.05
1560  2657.0  0.05
1561  2657.0  0.05
1562  2657.0  0.05
1563  2657.0  0.05
1564  2657.0  0.05
1565  2657.0  0.05
1566  2657.0  0.05
1567  2657.0  0.05
1568  2657.0  0.05
1569  2657.0  0.05
1570  2657.0  0.05
1571  2657.0  0.05
1572  2657.0  0.05
1573  2657.0  0.05
1574  2657.0  0.05
1575  2657.0  0.05
1576  2657.0  0.05
1577  2657.0  0.05
1578  2657.0  0.05
1579  2657.0  0.05
1580  2657.0  0.05
1581  2657.0  0.05
1582  2657.0  0.05
1583  2657.0  0.05
1584  2657.0  0.05
1585  2657.0  0.05
1586  2657.0  0.05
1587  2657.0  0.05
1588  2657.0  0.05
1589  2657.0  0.05
1590  2657.0  0.05
1591  2657.0  0.05
1592  2657.0  0.05
1593  2657.0  0.05
1594  2657.0  0.05
1595  2657.0  0.05
1596  2657.0  0.05
1597  2657.0  0.05
1598  2657.0  0.05
1599  2657.0  0.05
1600  2657.0  0.05
1601  2657.0  0.05
1602  2657.0  0.05
1603  2657.0  0.05
1604  2657.0  0.05
1605  2657.0  0.05
1606  2657.0  0.05
1607  2657.0  0.05
1608  2657.0  0.05
1609  2657.0  0.05
1610  2657.0  0.05
1611  2657.0  0.05
1612  2657.0  0.05
1613  2657.0  0.05
1614  2657.0  0.05
1615  2657.0  0.05
1616  2657.0  0.05
1617  2657.0  0.05
1618  2657.0  0.05
1619  2657.0  0.05
1620  2657.0  0.05
1621  2657.0  0.05
1622  2657.0  0.05
1623  2657.0  0.05
1624  2657.0  0.05
1625  2657.0  0.05
1626  2657.0  0.05
1627  2657.0  0.05
1628  2657.0  0.05
1629  2657.0  0.05
1630  2657.0  0.05
1631  2657.0  0.05
1632  2657.0  0.05
1633  2657.0  0.05
1634  2657.0  0.05
1635  2657.0  0.05
1636  2657.0  0.05
1637  2657.0  0.05
1638  2657.0  0.05
1639  2657.0  0.05
1640  2657.0  0.05
1641  2657.0  0.05
1642  2657.0  0.05
1643  2657.0  0.05
1644  2657.0  0.05
1645  2657.0  0.05
1646  2657.0  0.05
1647  2657.0  0.05
1648  2657.0  0.05
1649  2657.0  0.05
1650  2657.0  0.05
1651  2657.0  0.05
1652  2657.0  0.05
1653  2657.0  0.05
1654  2657.0  0.05
1655  2657.0  0.05
1656  2657.0  0.05
1657  2657.0  0.05
1658  2657.0  0.05
1659  2657.0  0.05
1660  2657.0  0.05
1661  2657.0  0.05
1662  2657.0  0.05
1663  2657.0  0.05
1664  2657.0  0.05
1665  2657.0  0.05
1666  2657.0  0.05
1667  2657.0  0.05
1668  2657.0  0.05
1669  2657.0  0.05
1670  2657.0  0.05
1671  2657.0  0.05
1672  2657.0  0.05
1673  2657.0  0.05
1674  2657.0  0.05
1675  2657.0  0.05
1676  2657.0  0.05
1677  2657.0  0.05
1678  2657.0  0.05
1679  2657.0  0.05
1680  2657.0  0.05
1681  2657.0  0.05
1682  2657.0  0.05
1683  2657.0  0.05
1684  2657.0  0.05
1685  2657.0  0.05
1686  2657.0  0.05
1687  2657.0  0.05
1688  2657.0  0.05
1689  2657.0  0.05
1690  2657.0  0.05
1691  2657.0  0.05
1692  2657.0  0.05
1693  2657.0  0.05
1694  2657.0  0.05
1695  2657.0  0.05
1696  2657.0  0.05
1697  2657.0  0.05
1698  2657.0  0.05
1699  2657.0  0.05
1700  2657.0  0.05
1701  2657.0  0.05
1702  2657.0  0.05
1703  2657.0  0.05
1704  2657.0  0.05
1705  2657.0  0.05
1706  2657.0  0.05
1707  2657.0  0.05
1708  2657.0  0.05
1709  2657.0  0.05
1710  2657.0  0.05
1711  2657.0  0.05
1712  2657.0  0.05
1713  2657.0  0.05
1714  2657.0  0.05
1715  2657.0  0.05
1716  2657.0  0.05
1717  2657.0  0.05
1718  2657.0  0.05
1719  2657.0  0.05
1720  2657.0  0.05
1721  2657.0  0.05
1722  2657.0  0.05
1723  2657.0  0.05
1724  2657.0  0.05
1725  2657.0  0.05
1726  2657.0  0.05
1727  2657.0  0.05
1728  2657.0  0.05
1729  2657.0  0.05
1730  2657.0  0.05
1731  2657.0  0.05
1732  2657.0  0.05
1733  2657.0  0.05
1734  2657.0  0.05
1735  2657.0  0.05
1736  2657.0  0.05
1737  2657.0  0.05
1738  2657.0  0.05
1739  2657.0  0.05
1740  2657.0  0.05
1741  2657.0  0.05
1742  2657.0  0.05
1743  2657.0  0.05
1744  2657.0  0.05
1745  2657.0  0.05
1746  2657.0  0.05
1747  2657.0  0.05
1748  2657.0  0.05
1749  2657.0  0.05
1750  2657.0  0.05
1751  2657.0  0.05
1752  2657.0  0.05
1753  2657.0  0.05
1754  2657.0  0.05
1755  2657.0  0.05
1756  2657.0  0.05
1757  2657.0  0.05
1758  2657.0  0.05
1759  2657.0  0.05
1760  2657.0  0.05
1761  2657.0  0.05
1762  2657.0  0.05
1763  2657.0  0.05
1764  2657.0  0.05
1765  2657.0  0.05
1766  2657.0  0.05
1767  2657.0  0.05
1768  2657.0  0.05
1769  2657.0  0.05
1770  2657.0  0.05
1771  2657.0  0.05
1772  2657.0  0.05
1773  2657.0  0.05
1774  2657.0  0.05
1775  2657.0  0.05
1776  2657.0  0.05
1777  2657.0  0.05
1778  2657.0  0.05
1779  2657.0  0.05
1780  2657.0  0.05
1781  2657.0  0.05
1782  2657.0  0.05
1783  2657.0  0.05
1784  2657.0  0.05
1785  2657.0  0.05
1786  2657.0  0.05
1787  2657.0  0.05
1788  2657.0  0.05
1789  2657.0  0.05
1790  2657.0  0.05
1791  2657.0  0.05
1792  2657.0  0.05
1793  2657.0  0.05
1794  2657.0  0.05
1795  2657.0  0.05
1796  2657.0  0.05
1797  2657.0  0.05
1798  2657.0  0.05
1799  2657.0  0.05
1800  2657.0  0.05
1801  2657.0  0.05
1802  2657.0  0.05
1803  2657.0  0.05
1804  2657.0  0.05
1805  2657.0  0.05
1806  2657.0  0.05
1807  2657.0  0.05
1808  2657.0  0.05
1809  2657.0  0.05
1810  2657.0  0.05
1811  2657.0  0.05
1812  2657.0  0.05
1813  2657.0  0.05
1814  2657.0  0.05
1815  2657.0  0.05
1816  2657.0  0.05
1817  2657.0  0.05
1818  2657.0  0.05
1819  2657.0  0.05
1820  2657.0  0.05
1821  2657.0  0.05
1822  2657.0  0.05
1823  2657.0  0.05
1824  2657.0  0.05
1825  2657.0  0.05
1826  2657.0  0.05
1827  2657.0  0.05
1828  2657.0  0.05
1829  2657.0  0.05
1830  2657.0  0.05
1831  2657.0  0.05
1832  2657.0  0.05
1833  2657.0  0.05
1834  2657.0  0.05
1835  2657.0  0.05
1836  2657.0  0.05
1837  2657.0  0.05
1838  2657.0  0.05
1839  2657.0  0.05
1840  2657.0  0.05
1841  2657.0  0.05
1842  2657.0  0.05
1843  2657.0  0.05
1844  2657.0  0.05
1845  2657.0  0.05
1846  2657.0  0.05
1847  2657.0  0.05
1848  2657.0  0.05
1849  2657.0  0.05
1850  2657.0  0.05
1851  2657.0  0.05
1852  2657.0  0.05
1853  2657.0  0.05
1854  2657.0  0.05
1855  2657.0  0.05
1856  2657.0  0.05
1857  2657.0  0.05
1858  2657.0  0.05
1859  2657.0  0.05
1860  2657.0  0.05
1861  2657.0  0.05
1862  2657.0  0.05
1863  2657.0  0.05
1864  2657.0  0.05
1865  2657.0  0.05
1866  2657.0  0.05
1867  2657.0  0.05
1868  2657.0  0.05
1869  2657.0  0.05
1870  2657.0  0.05
1871  2657.0  0.05
1872  2657.0  0.05
1873  2657.0  0.05
1874  2657.0  0.05
1875  2657.0  0.05
1876  2657.0  0.05
1877  2657.0  0.05
1878  2657.0  0.05
1879  2657.0  0.05
1880  2657.0  0.05
1881  2657.0  0.05
1882  2657.0  0.05
1883  2657.0  0.05
1884  2657.0  0.05
1885  2657.0  0.05
1886  2657.0  0.05
1887  2657.0  0.05
1888  2657.0  0.05
1889  2657.0  0.05
1890  2657.0  0.05
1891  2657.0  0.05
1892  2657.0  0.05
1893  2657.0  0.05
1894  2657.0  0.05
1895  2657.0  0.05
1896  2657.0  0.05
1897  2657.0  0.05
1898  2657.0  0.05
1899  2657.0  0.05
1900  2657.0  0.05
1901  2657.0  0.05
1902  2657.0  0.05
1903  2657.0  0.05
1904  2657.0  0.05
1905  2657.0  0.05
1906  2657.0  0.05
1907  2657.0  0.05
1908  2657.0  0.05
1909  2657.0  0.05
1910  2657.0  0.05
1911  2657.0  0.05
1912  2657.0  0.05
1913  2657.0  0.05
1914  2657.0  0.05
1915  2657.0  0.05
1916  2657.0  0.05
1917  2657.0  0.05
1918  2657.0  0.05
1919  2657.0  0.05
1920  2657.0  0.05
1921  2657.0  0.05
1922  2657.0  0.05
1923  2657.0  0.05
1924  2657.0  0.05
1925  2657.0  0.05
1926  2657.0  0.05
1927  2657.0  0.05
1928  2657.0  0.05
1929  2657.0  0.05
1930  2657.0  0.05
1931  2657.0  0.05
1932  2657.0  0.05
1933  2657.0  0.05
1934  2657.0  0.05
1935  2657.0  0.05
1936  2657.0  0.05
1937  2657.0  0.05
1938  2657.0  0.05
1939  2657.0  0.05
1940  2657.0  0.05
1941  2657.0  0.05
1942  2657.0  0.05
1943  2657.0  0.05
1944  2657.0  0.05
1945  2657.0  0.05
1946  2657.0  0.05
1947  2657.0  0.05
1948  2657.0  0.05
1949  2657.0  0.05
1950  2657.0  0.05
1951  2657.0  0.05
1952  2657.0  0.05
1953  2657.0  0.05
1954  2657.0  0.05
1955  2657.0  0.05
1956  2657.0  0.05
1957  2657.0  0.05
1958  2676.0  0.04
1959  2676.0  0.04
1960  2676.0  0.04
1961  2676.0  0.04
1962  2676.0  0.04
1963  2676.0  0.04
1964  2676.0  0.04
1965  2676.0  0.04
1966  2676.0  0.04
1967  2676.0  0.04
1968  2676.0  0.04
1969  2676.0  0.04
1970  2676.0  0.04
1971  2676.0  0.04
1972  2676.0  0.04
1973  2676.0  0.04
1974  2676.0  0.04
1975  2676.0  0.04
1976  2676.0  0.04
1977  2676.0  0.04
1978  2676.0  0.04
1979  2676.0  0.04
1980  2676.0  0.04
1981  2676.0  0.04
1982  2676.0  0.04
1983  2676.0  0.04
1984  2676.0  0.04
1985  2676.0  0.04
1986  2676.0  0.04
1987  2676.0  0.04
1988  2676.0  0.04
1989  2676.0  0.04
1990  2676.0  0.04
1991  2676.0  0.04
1992  2676.0  0.04
1993  2676.0  0.04
1994  2676.0  0.04
1995  2676.0  0.04
1996  2676.0  0.04
1997  2676.0  0.04
1998  2676.0  0.04
1999  2676.0  0.04
2000  2676.0  0.04
2001  2676.0  0.04
2002  2676.0  0.04
2003  2676.0  0.04
2004  2676.0  0.04
2005  2676.0  0.04
2006  2676.0  0.04
2007  2676.0  0.04
2008  2676.0  0.04
2009  2676.0  0.04
2010  2676.0  0.04
2011  2676.0  0.04
2012  2676.0  0.04
2013  2676.0  0.04
2014  2676.0  0.04
2015  2676.0  0.04
2016  2676.0  0.04
2017  2676.0  0.04
2018  2676.0  0.04
2019  2676.0  0.04
2020  2676.0  0.04
2021  2676.0  0.04
2022  2676.0  0.04
2023  2676.0  0.04
2024  2676.0  0.04
2025  2676.0  0.04
2026  2676.0  0.04
2027  2676.0  0.04
2028  2676.0  0.04
2029  2676.0  0.04
2030  2676.0  0.04
2031  2676.0  0.04
2032  2676.0  0.04
2033  2676.0  0.04
2034  2676.0  0.04
2035  2676.0  0.04
2036  2676.0  0.04
2037  2676.0  0.04
2038  2676.0  0.04
2039  2676.0  0.04
2040  2676.0  0.04
2041  2676.0  0.04
2042  2676.0  0.04
2043  2676.0  0.04
2044  2676.0  0.04
2045  2676.0  0.04
2046  2676.0  0.04
2047  2676.0  0.04
2048  2676.0  0.04
2049  2676.0  0.04
2050  2676.0  0.04
2051  2676.0  0.04
2052  2676.0  0.04
2053  2676.0  0.04
2054  2676.0  0.04
2055  2676.0  0.04
2056  2676.0  0.04
2057  2676.0  0.04
2058  2676.0  0.04
2059  2676.0  0.04
2060  2676.0  0.04
2061  2676.0  0.04
2062  2676.0  0.04
2063  2676.0  0.04
2064  2676.0  0.04
2065  2676.0  0.04
2066  2676.0  0.04
2067  2676.0  0.04
2068  2676.0  0.04
2069  2676.0  0.04
2070  2676.0  0.04
2071  2676.0  0.04
2072  2676.0  0.04
2073  2676.0  0.04
2074  2676.0  0.04
2075  2676.0  0.04
2076  2676.0  0.04
2077  2676.0  0.04
2078  2676.0  0.04
2079  2676.0  0.04
2080  2676.0  0.04
2081  2676.0  0.04
2082  2676.0  0.04
2083  2676.0  0.04
2084  2676.0  0.04
2085  2676.0  0.04
2086  2676.0  0.04
2087  2676.0  0.04
2088  2676.0  0.04
2089  2676.0  0.04
2090  2676.0  0.04
2091  2676.0  0.04
2092  2676.0  0.04
2093  2676.0  0.04
2094  2676.0  0.04
2095  2676.0  0.04
2096  2676.0  0.04
2097  2676.0  0.04
2098  2676.0  0.04
2099  2676.0  0.04
2100  2676.0  0.04
2101  2676.0  0.04
2102  2676.0  0.04
2103  2676.0  0.04
2104  2676.0  0.04
2105  2676.0  0.04
2106  2676.0  0.04
2107  2676.0  0.04
2108  2676.0  0.04
2109  2676.0  0.04
2110  2676.0  0.04
2111  2676.0  0.04
2112  2676.0  0.04
2113  2676.0  0.04
2114  2676.0  0.04
2115  2676.0  0.04
2116  2676.0  0.04
2117  2676.0  0.04
2118  2676.0  0.04
2119  2676.0  0.04
2120  2676.0  0.04
2121  2676.0  0.04
2122  2676.0  0.04
2123  2676.0  0.04
2124  2676.0  0.04
2125  2676.0  0.04
2126  2676.0  0.04
2127  2676.0  0.04
2128  2676.0  0.04
2129  2676.0  0.04
2130  2676.0  0.04
2131  2676.0  0.04
2132  2676.0  0.04
2133  2676.0  0.04
2134  2676.0  0.04
2135  2676.0  0.04
2136  2676.0  0.04
2137  2676.0  0.04
2138  2676.0  0.04
2139  2676.0  0.04
2140  2676.0  0.04
2141  2676.0  0.04
2142  2676.0  0.04
2143  2676.0  0.04
2144  2676.0  0.04
2145  2676.0  0.04
2146  2676.0  0.04
2147  2676.0  0.04
2148  2676.0  0.04
2149  2676.0  0.04
2150  2676.0  0.04
2151  2676.0  0.04
2152  2676.0  0.04
2153  2676.0  0.04
2154  2676.0  0.04
2155  2676.0  0.04
2156  2676.0  0.04
2157  2676.0  0.04
2158  2676.0  0.04
2159  2676.0  0.04
2160  2676.0  0.04
2161  2676.0  0.04
2162  2676.0  0.04
2163  2676.0  0.04
2164  2676.0  0.04
2165  2676.0  0.04
2166  2676.0  0.04
2167  2676.0  0.04
2168  2676.0  0.04
2169  2676.0  0.04
2170  2676.0  0.04
2171  2676.0  0.04
2172  2676.0  0.04
2173  2676.0  0.04
2174  2676.0  0.04
2175  2676.0  0.04
2176  2676.0  0.04
2177  2676.0  0.04
2178  2676.0  0.04
2179  2676.0  0.04
2180  2676.0  0.04
2181  2676.0  0.04
2182  2676.0  0.04
2183  2676.0  0.04
2184  2676.0  0.04
2185  2676.0  0.04
2186  2676.0  0.04
2187  2676.0  0.04
2188  2676.0  0.04
2189  2676.0  0.04
2190  2676.0  0.04
2191  2676.0  0.04
2192  2676.0  0.04
2193  2676.0  0.04
2194  2676.0  0.04
2195  2676.0  0.04
2196  2676.0  0.04
2197  2676.0  0.04
2198  2676.0  0.04
2199  2676.0  0.04
2200  2676.0  0.04
2201  2676.0  0.04
2202  2676.0  0.04
2203  2676.0  0.04
2204  2676.0  0.04
2205  2676.0  0.04
2206  2676.0  0.04
2207  2676.0  0.04
2208  2676.0  0.04
2209  2676.0  0.04
2210  2676.0  0.04
2211  2676.0  0.04
2212  2676.0  0.04
2213  2676.0  0.04
2214  2676.0  0.04
2215  2676.0  0.04
2216  2676.0  0.04
2217  2676.0  0.04
2218  2676.0  0.04
2219  2676.0  0.04
2220  2676.0  0.04
2221  2676.0  0.04
2222  2676.0  0.04
2223  2676.0  0.04
2224  2676.0  0.04
2225  2676.0  0.04
2226  2676.0  0.04
2227  2676.0  0.04
2228  2676.0  0.04
2229  2676.0  0.04
2230  2676.0  0.04
2231  2676.0  0.04
2232  2676.0  0.04
2233  2676.0  0.04
2234  2676.0  0.04
2235  2676.0  0.04
2236  2676.0  0.04
2237  2676.0  0.04
2238  2676.0  0.04
2239  2676.0  0.04
2240  2676.0  0.04
2241  2676.0  0.04
2242  2676.0  0.04
2243  2676.0  0.04
2244  2676.0  0.04
2245  2676.0  0.04
2246  2676.0  0.04
2247  2676.0  0.04
2248  2676.0  0.04
2249  2676.0  0.04
2250  2676.0  0.04
2251  2676.0  0.04
2252  2676.0  0.04
2253  2676.0  0.04
2254  2676.0  0.04
2255  2676.0  0.04
2256  2676.0  0.04
2257  2676.0  0.04
2258  2676.0  0.04
2259  2676.0  0.04
2260  2676.0  0.04
2261  2676.0  0.04
2262  2676.0  0.04
2263  2676.0  0.04
2264  2676.0  0.04
2265  2676.0  0.04
2266  2676.0  0.04
2267  2676.0  0.04
2268  2676.0  0.04
2269  2676.0  0.04
2270  2676.0  0.04
2271  2676.0  0.04
2272  2676.0  0.04
2273  2676.0  0.04
2274  2676.0  0.04
2275  2676.0  0.04
2276  2676.0  0.04
2277  2676.0  0.04
2278  2676.0  0.04
2279  2676.0  0.04
2280  2676.0  0.04
2281  2676.0  0.04
2282  2676.0  0.04
2283  2676.0  0.04
2284  2676.0  0.04
2285  2676.0  0.04
2286  2676.0  0.04
2287  2676.0  0.04
2288  2676.0  0.04
2289  2676.0  0.04
2290  2676.0  0.04
2291  2676.0  0.04
2292  2676.0  0.04
2293  2676.0  0.04
2294  2676.0  0.04
2295  2676.0  0.04
2296  2676.0  0.04
2297  2676.0  0.04
2298  2676.0  0.04
2299  2676.0  0.04
2300  2676.0  0.04
2301  2676.0  0.04
2302  2676.0  0.04
2303  2676.0  0.04
2304  2676.0  0.04
2305  2676.0  0.04
2306  2676.0  0.04
2307  2676.0  0.04
2308  2676.0  0.04
2309  2676.0  0.04
2310  2676.0  0.04
2311  2676.0  0.04
2312  2676.0  0.04
2313  2676.0  0.04
2314  2676.0  0.04
2315  2676.0  0.04
2316  2676.0  0.04
2317  2676.0  0.04
2318  2676.0  0.04
2319  2676.0  0.04
2320  2676.0  0.04
2321  2676.0  0.04
2322  2676.0  0.04
2323  2676.0  0.04
2324  2676.0  0.04
2325  2676.0  0.04
2326  2676.0  0.04
2327  2676.0  0.04
2328  2676.0  0.04
2329  2676.0  0.04
2330  2676.0  0.04
2331  2676.0  0.04
2332  2676.0  0.04
2333  2676.0  0.04
2334  2676.0  0.04
2335  2676.0  0.04
2336  2676.0  0.04
2337  2676.0  0.04
2338  2676.0  0.04
2339  2676.0  0.04
2340  2676.0  0.04
2341  2676.0  0.04
2342  2676.0  0.04
2343  2676.0  0.04
2344  2676.0  0.04
2345  2676.0  0.04
2346  2676.0  0.04
2347  2676.0  0.04
2348  2676.0  0.04
2349  2676.0  0.04
2350  2676.0  0.04
2351  2676.0  0.04
2352  2676.0  0.04
2353  2676.0  0.04
2354  2676.0  0.04
2355  2676.0  0.04
2356  2676.0  0.04
2357  2676.0  0.04
2358  2676.0  0.04
2359  2676.0  0.04
2360  2676.0  0.04
2361  2676.0  0.04
2362  2676.0  0.04
2363  2676.0  0.04
2364  2676.0  0.04
2365  2676.0  0.04
2366  2676.0  0.04
2367  2676.0  0.04
2368  2676.0  0.04
2369  2676.0  0.04
2370  2676.0  0.04
2371  2676.0  0.04
2372  2676.0  0.04
2373  2676.0  0.04
2374  2676.0  0.04
2375  2676.0  0.04
2376  2676.0  0.04
2377  2676.0  0.04
2378  2676.0  0.04
2379  2676.0  0.04
2380  2676.0  0.04
2381  2676.0  0.04
2382  2676.0  0.04
2383  2676.0  0.04
2384  2676.0  0.04
2385  2676.0  0.04
2386  2676.0  0.04
2387  2676.0  0.04
2388  2676.0  0.04
2389  2676.0  0.04
2390  2676.0  0.04
2391  2676.0  0.04
2392  2676.0  0.04
2393  2676.0  0.04
2394  2676.0  0.04
2395  2676.0  0.04
2396  2676.0  0.04
2397  2676.0  0.04
2398  2676.0  0.04
2399  2676.0  0.04
2400  2749.5  0.02
2401  2749.5  0.02
2402  2749.5  0.02
2403  2749.5  0.02
2404  2749.5  0.02
2405  2749.5  0.02
2406  2749.5  0.02
2407  2749.5  0.02
2408  2749.5  0.02
2409  2749.5  0.02
2410  2749.5  0.02
2411  2749.5  0.02
2412  2749.5  0.02
2413  2749.5  0.02
2414  2749.5  0.02
2415  2749.5  0.02
2416  2749.5  0.02
2417  2749.5  0.02
2418  2749.5  0.02
2419  2749.5  0.02
2420  2749.5  0.02
2421  2749.5  0.02
2422  2749.5  0.02
2423  2749.5  0.02
2424  2749.5  0.02
2425  2749.5  0.02
2426  2749.5  0.02
2427  2749.5  0.02
2428  2749.5  0.02
2429  2749.5  0.02
2430  2749.5  0.02
2431  2749.5  0.02
2432  2749.5  0.02
2433  2749.5  0.02
2434  2749.5  0.02
2435  2749.5  0.02
2436  2749.5  0.02
2437  2749.5  0.02
2438  2749.5  0.02
2439  2749.5  0.02
2440  2749.5  0.02
2441  2749.5  0.02
2442  2749.5  0.02
2443  2749.5  0.02
2444  2749.5  0.02
2445  2749.5  0.02
2446  2749.5  0.02
2447  2749.5  0.02
2448  2749.5  0.02
2449  2749.5  0.02
2450  2749.5  0.02
2451  2749.5  0.02
2452  2749.5  0.02
2453  2749.5  0.02
2454  2749.5  0.02
2455  2749.5  0.02
2456  2749.5  0.02
2457  2749.5  0.02
2458  2749.5  0.02
2459  2749.5  0.02
2460  2749.5  0.02
2461  2749.5  0.02
2462  2749.5  0.02
2463  2749.5  0.02
2464  2749.5  0.02
2465  2749.5  0.02
2466  2749.5  0.02
2467  2749.5  0.02
2468  2749.5  0.02
2469  2749.5  0.02
2470  2749.5  0.02
2471  2749.5  0.02
2472  2749.5  0.02
2473  2749.5  0.02
2474  2749.5  0.02
2475  2749.5  0.02
2476  2749.5  0.02
2477  2749.5  0.02
2478  2749.5  0.02
2479  2749.5  0.02
2480  2749.5  0.02
2481  2749.5  0.02
2482  2749.5  0.02
2483  2749.5  0.02
2484  2749.5  0.02
2485  2749.5  0.02
2486  2749.5  0.02
2487  2749.5  0.02
2488  2749.5  0.02
2489  2749.5  0.02
2490  2749.5  0.02
2491  2749.5  0.02
2492  2749.5  0.02
2493  2749.5  0.02
2494  2749.5  0.02
2495  2749.5  0.02
2496  2749.5  0.02
2497  2749.5  0.02
2498  2749.5  0.02
2499  2749.5  0.02
2500  2749.5  0.02
2501  2749.5  0.02
2502  2749.5  0.02
2503  2749.5  0.02
2504  2749.5  0.02
2505  2749.5  0.02
2506  2749.5  0.02
2507  2749.5  0.02
2508  2749.5  0.02
2509  2749.5  0.02
2510  2749.5  0.02
2511  2749.5  0.02
2512  2749.5  0.02
2513  2749.5  0.02
2514  2749.5  0.02
2515  2749.5  0.02
2516  2749.5  0.02
2517  2749.5  0.02
2518  2749.5  0.02
2519  2749.5  0.02
2520  2749.5  0.02
2521  2749.5  0.02
2522  2749.5  0.02
2523  2749.5  0.02
2524  2749.5  0.02
2525  2749.5  0.02
2526  2749.5  0.02
2527  2749.5  0.02
2528  2749.5  0.02
2529  2749.5  0.02
2530  2749.5  0.02
2531  2749.5  0.02
2532  2749.5  0.02
2533  2749.5  0.02
2534  2749.5  0.02
2535  2749.5  0.02
2536  2749.5  0.02
2537  2749.5  0.02
2538  2749.5  0.02
2539  2749.5  0.02
2540  2749.5  0.02
2541  2749.5  0.02
2542  2749.5  0.02
2543  2749.5  0.02
2544  2749.5  0.02
2545  2749.5  0.02
2546  2749.5  0.02
2547  2749.5  0.02
2548  2749.5  0.02
2549  2749.5  0.02
2550  2749.5  0.02
2551  2749.5  0.02
2552  2749.5  0.02
2553  2749.5  0.02
2554  2749.5  0.02
2555  2749.5  0.02
2556  2749.5  0.02
2557  2749.5  0.02
2558  2749.5  0.02
2559  2749.5  0.02
2560  2749.5  0.02
2561  2749.5  0.02
2562  2749.5  0.02
2563  2749.5  0.02
2564  2749.5  0.02
2565  2749.5  0.02
2566  2749.5  0.02
2567  2749.5  0.02
2568  2749.5  0.02
2569  2749.5  0.02
2570  2749.5  0.02
2571  2749.5  0.02
2572  2749.5  0.02
2573  2749.5  0.02
2574  2749.5  0.02
2575  2749.5  0.02
2576  2749.5  0.02
2577  2749.5  0.02
2578  2749.5  0.02
2579  2749.5  0.02
2580  2749.5  0.02
2581  2749.5  0.02
2582  2749.5  0.02
2583  2749.5  0.02
2584  2749.5  0.02
2585  2749.5  0.02
2586  2749.5  0.02
2587  2749.5  0.02
2588  2749.5  0.02
2589  2749.5  0.02
2590  2749.5  0.02
2591  2749.5  0.02
2592  2749.5  0.02
2593  2749.5  0.02
2594  2749.5  0.02
2595  2749.5  0.02
2596  2749.5  0.02
2597  2749.5  0.02
2598  2749.5  0.02
2599  2749.5  0.02
2600  2749.5  0.02
2601  2749.5  0.02
2602  2749.5  0.02
2603  2749.5  0.02
2604  2749.5  0.02
2605  2749.5  0.02
2606  2749.5  0.02
2607  2749.5  0.02
2608  2749.5  0.02
2609  2749.5  0.02
2610  2749.5  0.02
2611  2749.5  0.02
2612  2749.5  0.02
2613  2749.5  0.02
2614  2749.5  0.02
2615  2749.5  0.02
2616  2749.5  0.02
2617  2749.5  0.02
2618  2749.5  0.02
2619  2749.5  0.02
2620  2749.5  0.02
2621  2749.5  0.02
2622  2749.5  0.02
2623  2749.5  0.02
2624  2749.5  0.02
2625  2749.5  0.02
2626  2749.5  0.02
2627  2749.5  0.02
2628  2749.5  0.02
2629  2749.5  0.02
2630  2749.5  0.02
2631  2749.5  0.02
2632  2749.5  0.02
2633  2749.5  0.02
2634  2749.5  0.02
2635  2749.5  0.02
2636  2749.5  0.02
2637  2749.5  0.02
2638  2749.5  0.02
2639  2749.5  0.02
2640  2749.5  0.02
2641  2749.5  0.02
2642  2749.5  0.02
2643  2749.5  0.02
2644  2749.5  0.02
2645  2749.5  0.02
2646  2749.5  0.02
2647  2749.5  0.02
2648  2749.5  0.02
2649  2749.5  0.02
2650  2749.5  0.02
2651  2749.5  0.02
2652  2749.5  0.02
2653  2749.5  0.02
2654  2749.5  0.02
2655  2749.5  0.02
2656  2749.5  0.02
2657  2749.5  0.02
2658  2749.5  0.02
2659  2749.5  0.02
2660  2749.5  0.02
2661  2749.5  0.02
2662  2749.5  0.02
2663  2749.5  0.02
2664  2749.5  0.02
2665  2749.5  0.02
2666  2749.5  0.02
2667  2749.5  0.02
2668  2749.5  0.02
2669  2749.5  0.02
2670  2749.5  0.02
2671  2749.5  0.02
2672  2749.5  0.02
2673  2749.5  0.02
2674  2749.5  0.02
2675  2749.5  0.02
2676  2749.5  0.02
2677  2749.5  0.02
2678  2749.5  0.02
2679  2749.5  0.02
2680  2749.5  0.02
2681  2749.5  0.02
2682  2749.5  0.02
2683  2749.5  0.02
2684  2749.5  0.02
2685  2749.5  0.02
2686  2749.5  0.02
2687  2749.5  0.02
2688  2749.5  0.02
2689  2749.5  0.02
2690  2749.5  0.02
2691  2749.5  0.02
2692  2749.5  0.02
2693  2749.5  0.02
2694  2749.5  0.02
2695  2749.5  0.02
2696  2749.5  0.02
2697  2749.5  0.02
2698  2749.5  0.02
2699  2749.5  0.02
2700  2749.5  0.02
2701  2749.5  0.02
2702  2749.5  0.02
2703  2749.5  0.02
2704  2749.5  0.02
2705  2749.5  0.02
2706  2749.5  0.02
2707  2749.5  0.02
2708  2749.5  0.02
2709  2749.5  0.02
2710  2749.5  0.02
2711  2749.5  0.02
2712  2749.5  0.02
2713  2749.5  0.02
2714  2749.5  0.02
2715  2749.5  0.02
2716  2749.5  0.02
2717  2749.5  0.02
2718  2749.5  0.02
2719  2749.5  0.02
2720  2749.5  0.02
2721  2749.5  0.02
2722  2749.5  0.02
2723  2749.5  0.02
2724  2749.5  0.02
2725  2749.5  0.02
2726  2749.5  0.02
2727  2749.5  0.02
2728  2749.5  0.02
2729  2749.5  0.02
2730  2749.5  0.02
2731  2749.5  0.02
2732  2749.5  0.02
2733  2749.5  0.02
2734  2749.5  0.02
2735  2749.5  0.02
2736  2749.5  0.02
2737  2749.5  0.02
2738  2749.5  0.02
2739  2749.5  0.02
2740  2749.5  0.02
2741  2749.5  0.02
2742  2749.5  0.02
2743  2749.5  0.02
2744  2749.5  0.02
2745  2749.5  0.02
2746  2749.5  0.02
2747  2749.5  0.02
2748  2749.5  0.02
2749  2749.5  0.02
2750  2749.5  0.02
2751  2749.5  0.02
2752  2749.5  0.02
2753  2749.5  0.02
2754  2749.5  0.02
2755  2749.5  0.02
2756  2749.5  0.02
2757  2749.5  0.02
2758  2749.5  0.02
2759  2749.5  0.02
2760  2749.5  0.02
2761  2749.5  0.02
2762  2749.5  0.02
2763  2749.5  0.02
2764  2749.5  0.02
2765  2749.5  0.02
2766  2749.5  0.02
2767  2749.5  0.02
2768  2749.5  0.02
2769  2749.5  0.02
2770  2749.5  0.02
2771  2749.5  0.02
2772  2749.5  0.02
2773  2749.5  0.02
2774  2749.5  0.02
2775  2749.5  0.02
2776  2749.5  0.02
2777  2749.5  0.02
2778  2749.5  0.02
2779  2749.5  0.02
2780  2749.5  0.02
2781  2749.5  0.02
2782  2749.5  0.02
2783  2749.5  0.02
2784  2749.5  0.02
2785  2749.5  0.02
2786  2749.5  0.02
2787  2749.5  0.02
2788  2749.5  0.02
2789  2749.5  0.02
2790  2749.5  0.02
2791  2749.5  0.02
2792  2749.5  0.02
2793  2749.5  0.02
2794  2749.5  0.02
2795  2749.5  0.02
2796  2749.5  0.02
2797  2749.5  0.02
2798  2749.5  0.02
2799  2749.5  0.02
2800  2749.5  0.02
2801  2749.5  0.02
2802  2749.5  0.02
2803  2749.5  0.02
2804  2749.5  0.02
2805  2749.5  0.02
2806  2749.5  0.02
2807  2749.5  0.02
2808  2749.5  0.02
2809  2749.5  0.02
2810  2749.5  0.02
2811  2749.5  0.02
2812  2749.5  0.02
2813  2749.5  0.02
2814  2749.5  0.02
2815  2749.5  0.02
2816  2749.5  0.02
2817  2749.5  0.02
2818  2749.5  0.02
2819  2749.5  0.02
2820  2749.5  0.02
2821  2749.5  0.02
2822  2749.5  0.02
2823  2749.5  0.02
2824  2749.5  0.02
2825  2749.5  0.02
2826  2749.5  0.02
2827  2749.5  0.02
2828  2749.5  0.02
2829  2749.5  0.02
2830  2749.5  0.02
2831  2749.5  0.02
2832  2749.5  0.02
2833  2749.5  0.02
2834  2749.5  0.02
2835  2749.5  0.02
2836  2749.5  0.02
2837  2749.5  0.02
2838  2749.5  0.02
2839  2749.5  0.02
2840  2749.5  0.02
2841  2749.5  0.02
2842  2749.5  0.02
2843  2749.5  0.02
2844  2749.5  0.02
2845  2749.5  0.02
2846  2749.5  0.02
2847  2749.5  0.02
2848  2749.5  0.02
2849  2749.5  0.02
2850  2749.5  0.02
2851  2749.5  0.02
2852  2749.5  0.02
2853  2749.5  0.02
2854  2749.5  0.02
2855  2749.5  0.02
2856  2749.5  0.02
2857  2749.5  0.02
2858  2749.5  0.02
2859  2749.5  0.02
2860  2749.5  0.02
2861  2749.5  0.02
2862  2749.5  0.02
2863  2749.5  0.02
2864  2749.5  0.02
2865  2749.5  0.02
2866  2749.5  0.02
2867  2749.5  0.02
2868  2749.5  0.02
2869  2749.5  0.02
2870  2749.5  0.02
2871  2749.5  0.02
2872  2749.5  0.02
2873  2749.5  0.02
2874  2749.5  0.02
2875  2749.5  0.02
2876  2749.5  0.02
2877  2749.5  0.02
2878  2749.5  0.02
2879  2749.5  0.02
2880  2749.5  0.02
2881  2749.5  0.02
2882  2749.5  0.02
2883  2749.5  0.02
2884  2749.5  0.02
2885  2749.5  0.02
2886  2749.5  0.02
2887  2749.5  0.02
2888  2749.5  0.02
2889  2749.5  0.02
2890  2749.5  0.02
2891  2749.5  0.02
2892  2749.5  0.02
2893  2749.5  0.02
2894  2749.5  0.02
2895  2749.5  0.02
2896  2749.5  0.02
2897  2749.5  0.02
2898  2749.5  0.02
2899  2749.5  0.02
2900  2749.5  0.02
2901  2749.5  0.02
2902  2749.5  0.02
2903  2749.5  0.02
2904  2749.5  0.02
2905  2749.5  0.02
2906  2749.5  0.02
2907  2749.5  0.02
2908  2749.5  0.02
2909  2749.5  0.02
2910  2749.5  0.02
2911  2749.5  0.02
2912  2749.5  0.02
2913  2749.5  0.02
2914  2749.5  0.02
2915  2749.5  0.02
2916  2749.5  0.02
2917  2749.5  0.02
2918  2749.5  0.02
2919  2749.5  0.02
2920  2749.5  0.02
2921  2749.5  0.02
2922  2749.5  0.02
2923  2749.5  0.02
2924  2749.5  0.02
2925  2749.5  0.02
2926  2749.5  0.02
2927  2749.5  0.02
2928  2749.5  0.02
2929  2749.5  0.02
2930  2749.5  0.02
2931  2749.5  0.02
2932  2749.5  0.02
2933  2749.5  0.02
2934  2749.5  0.02
2935  2749.5  0.02
2936  2749.5  0.02
2937  2749.5  0.02
2938  2749.5  0.02
2939  2749.5  0.02
2940  2749.5  0.02
2941  2749.5  0.02
2942  2749.5  0.02
2943  2749.5  0.02
2944  2749.5  0.02
2945  2749.5  0.02
2946  2749.5  0.02
2947  2749.5  0.02
2948  2749.5  0.02
2949  2749.5  0.02
2950  2749.5  0.02
2951  2749.5  0.02
2952  2749.5  0.02
2953  2749.5  0.02
2954  2749.5  0.02
2955  2749.5  0.02
2956  2749.5  0.02
2957  2749.5  0.02
2958  2749.5  0.02
2959  2749.5  0.02
2960  2749.5  0.02
2961  2749.5  0.02
2962  2749.5  0.02
2963  2749.5  0.02
2964  2749.5  0.02
2965  2749.5  0.02
2966  2749.5  0.02
2967  2749.5  0.02
2968  2749.5  0.02
2969  2749.5  0.02
2970  2749.5  0.02
2971  2749.5  0.02
2972  2749.5  0.02
2973  2749.5  0.02
2974  2749.5  0.02
2975  2749.5  0.02
2976  2749.5  0.02
2977  2749.5  0.02
2978  2749.5  0.02
2979  2749.5  0.02
2980  2749.5  0.02
2981  2749.5  0.02
2982  2749.5  0.02
2983  2749.5  0.02
2984  2749.5  0.02
2985  2749.5  0.02
2986  2749.5  0.02
2987  2749.5  0.02
2988  2749.5  0.02
2989  2749.5  0.02
2990  2749.5  0.02
2991  2749.5  0.02
2992  2749.5  0.02
2993  2749.5  0.02
2994  2749.5  0.02
2995  2749.5  0.02
2996  2749.5  0.02
2997  2749.5  0.02
2998  2749.5  0.02
2999  2749.5  0.02
#[-4, 9, 9, 9, 9, 9, 9, 9, 9, 9]
#[-5, 4, 9, 9, 9, 9, 9, 9, 9, 9]
#[2, 6, 9, 9, 9, 9, 9, 9, 9, 9]
#[9, 9, 9, 9, 9, 9, 9, 9, 9, 9]
#[1, 9, 9, 9, 9, 9, 9, 9, 9, 9]
#[9, 9, 9, 9, 9, 9, 9, 9, 9, 9]
#[9, 9, 9, 9, 9, 9, 9, 9, 9, 9]
#[9, 9, 9, 9, 9, 9, 9, 9, 9, 9]
#[9, 9, 9, 9, 9, 9, 9, 9, 9, 9]
#Specialization index= [3, 9, 0.11904761904761904]
