#[9, 6, 6, 8, 5, 9, 3, 2, 5, 9, 0, 4, 7, 1, 3, 8, 5, 7, 7, 4]
#[5, 6, 9, 3, 2, 5, 3, 3, 9, 7, 0, 0, 0, 1, 3, 2, 5, 9, 6, 8]
#[3, 9, 5, 7, 0, 8, 8, 6, 2, 6, 0, 4, 7, 0, 7, 9, 0, 3, 5, 4]
#[3, 5, 9, 6, 9, 8, 6, 3, 1, 9, 8, 3, 3, 6, 9, 3, 7, 9, 0, 7]
#[9, 1, 8, 9, 2, 9, 7, 4, 8, 2, 4, 6, 5, 7, 6, 3, 4, 2, 4, 6]
#[2, 7, 7, 5, 3, 1, 8, 2, 6, 8, 2, 2, 0, 6, 2, 4, 6, 8, 8, 7]
#[4, 8, 6, 1, 7, 8, 7, 5, 8, 9, 8, 2, 5, 5, 4, 1, 0, 4, 7, 7]
#[7, 9, 3, 8, 2, 7, 2, 6, 7, 3, 4, 4, 4, 8, 0, 7, 5, 3, 9, 3]
#[9, 4, 3, 0, 4, 8, 5, 1, 2, 9, 8, 5, 4, 9, 2, 5, 2, 2, 0, 0]
#[4, 1, 0, 1, 1, 5, 0, 8, 8, 7, 7, 0, 9, 7, 7, 2, 6, 2, 7, 4]
#[7, 6, 6, 0, 6, 3, 1, 6, 5, 6, 9, 5, 5, 9, 6, 5, 7, 7, 9, 8]
#[3, 1, 6, 9, 8, 5, 6, 9, 4, 7, 0, 2, 1, 9, 7, 5, 6, 6, 1, 9]
#[5, 3, 2, 6, 4, 3, 7, 9, 3, 2, 7, 8, 2, 3, 3, 7, 6, 5, 1, 0]
#[8, 3, 4, 6, 8, 9, 7, 1, 0, 1, 8, 0, 4, 9, 6, 5, 3, 8, 5, 5]
#[5, 7, 2, 9, 9, 8, 5, 4, 5, 7, 8, 4, 8, 3, 5, 6, 1, 5, 1, 9]
#[5, 3, 9, 5, 4, 2, 8, 6, 5, 5, 2, 7, 5, 1, 6, 6, 0, 2, 0, 6]
#[5, 3, 6, 5, 0, 9, 4, 7, 4, 4, 2, 0, 0, 2, 0, 2, 6, 0, 6, 5]
#[0, 5, 6, 7, 9, 6, 6, 6, 6, 9, 1, 3, 7, 2, 3, 5, 4, 9, 1, 6]
#[3, 3, 9, 6, 9, 0, 8, 3, 5, 4, 0, 3, 5, 0, 4, 4, 0, 4, 7, 1]
#[9, 2, 6, 8, 4, 4, 5, 7, 8, 7, 4, 6, 1, 8, 4, 3, 4, 2, 2, 6]
#[2, 8, 9, 2, 3, 5, 8, 9, 5, 8, 0, 8, 8, 2, 3, 8, 2, 3, 5, 6]
#[6, 6, 4, 8, 5, 9, 8, 2, 9, 4, 7, 0, 6, 1, 0, 8, 1, 3, 1, 4]
#[2, 4, 1, 5, 7, 2, 6, 2, 0, 9, 3, 6, 3, 9, 0, 6, 8, 8, 8, 6]
#[9, 3, 2, 9, 6, 4, 0, 4, 2, 8, 1, 9, 5, 5, 1, 3, 1, 4, 0, 5]
#[5, 8, 4, 8, 4, 8, 8, 4, 7, 1, 1, 2, 2, 2, 0, 4, 5, 4, 5, 0]
0  21715.0  0.0
1  21715.0  0.0
2  21715.0  0.0
3  21715.0  0.0
4  21715.0  0.0
5  21715.0  0.0
6  21715.0  0.0
7  21715.0  0.0
8  21715.0  0.0
9  21715.0  0.0
10  21715.0  0.0
11  21715.0  0.0
12  21715.0  0.0
13  21715.0  0.0
14  21715.0  0.0
15  21715.0  0.0
16  21715.0  0.0
17  21715.0  0.0
18  21715.0  0.0
19  21715.0  0.0
20  21715.0  0.0
21  21715.0  0.0
22  21715.0  0.0
23  21715.0  0.0
24  21715.0  0.0
25  21715.0  0.0
26  21715.0  0.0
27  21715.0  0.0
28  21715.0  0.0
29  21715.0  0.0
30  21715.0  0.0
31  21715.0  0.0
32  21715.0  0.0
33  21715.0  0.0
34  21715.0  0.0
35  21715.0  0.0
36  21715.0  0.0
37  21715.0  0.0
38  21715.0  0.0
39  21715.0  0.0
40  21715.0  0.0
41  21715.0  0.0
42  21715.0  0.0
43  21715.0  0.0
44  21715.0  0.0
45  21715.0  0.0
46  21715.0  0.0
47  21715.0  0.0
48  21715.0  0.0
49  21715.0  0.0
50  21715.0  0.0
51  21715.0  0.0
52  21715.0  0.0
53  21715.0  0.0
54  21715.0  0.0
55  21715.0  0.0
56  21715.0  0.0
57  21715.0  0.0
58  21715.0  0.0
59  21715.0  0.0
60  21715.0  0.0
61  21715.0  0.0
62  21715.0  0.0
63  21715.0  0.0
64  21715.0  0.0
65  21715.0  0.0
66  21715.0  0.0
67  21715.0  0.0
68  21715.0  0.0
69  21715.0  0.0
70  21715.0  0.0
71  21715.0  0.0
72  21715.0  0.0
73  21715.0  0.0
74  21715.0  0.0
75  21715.0  0.0
76  21715.0  0.0
77  21715.0  0.0
78  21715.0  0.0
79  21715.0  0.0
80  21715.0  0.0
81  21715.0  0.0
82  21715.0  0.0
83  21715.0  0.0
84  21715.0  0.0
85  21715.0  0.0
86  21715.0  0.0
87  21715.0  0.0
88  21715.0  0.0
89  21715.0  0.0
90  21715.0  0.0
91  21715.0  0.0
92  21715.0  0.0
93  21715.0  0.0
94  21715.0  0.0
95  21715.0  0.0
96  21715.0  0.0
97  21715.0  0.0
98  21715.0  0.0
99  21715.0  0.0
100  21715.0  0.0
101  21715.0  0.0
102  21715.0  0.0
103  21715.0  0.0
104  21715.0  0.0
105  21715.0  0.0
106  21715.0  0.0
107  21715.0  0.0
108  21715.0  0.0
109  21715.0  0.0
110  21715.0  0.0
111  21715.0  0.0
112  21715.0  0.0
113  21715.0  0.0
114  21715.0  0.0
115  21715.0  0.0
116  21715.0  0.0
117  21715.0  0.0
118  21715.0  0.0
119  21715.0  0.0
120  21715.0  0.0
121  21715.0  0.0
122  21715.0  0.0
123  21715.0  0.0
124  21715.0  0.0
125  21715.0  0.0
126  21715.0  0.0
127  21715.0  0.0
128  21715.0  0.0
129  21715.0  0.0
130  21715.0  0.0
131  21715.0  0.0
132  21715.0  0.0
133  21715.0  0.0
134  21715.0  0.0
135  21715.0  0.0
136  21715.0  0.0
137  21715.0  0.0
138  21715.0  0.0
139  21715.0  0.0
140  21715.0  0.0
141  21715.0  0.0
142  21715.0  0.0
143  21715.0  0.0
144  21715.0  0.0
145  21715.0  0.0
146  21715.0  0.0
147  21715.0  0.0
148  21715.0  0.0
149  21715.0  0.0
150  21715.0  0.0
151  21715.0  0.0
152  21715.0  0.0
153  21715.0  0.0
154  21715.0  0.0
155  21715.0  0.0
156  21715.0  0.0
157  21715.0  0.0
158  21715.0  0.0
159  21715.0  0.0
160  21715.0  0.0
161  21715.0  0.0
162  21715.0  0.0
163  21715.0  0.0
164  21715.0  0.0
165  21715.0  0.0
166  21715.0  0.0
167  21715.0  0.0
168  21715.0  0.0
169  21715.0  0.0
170  21715.0  0.0
171  21715.0  0.0
172  21715.0  0.0
173  21715.0  0.0
174  21715.0  0.0
175  21715.0  0.0
176  21715.0  0.0
177  21715.0  0.0
178  21715.0  0.0
179  21715.0  0.0
180  21715.0  0.0
181  21715.0  0.0
182  21715.0  0.0
183  21715.0  0.0
184  21715.0  0.0
185  21715.0  0.0
186  21715.0  0.0
187  21715.0  0.0
188  21715.0  0.0
189  21715.0  0.0
190  21715.0  0.0
191  21715.0  0.0
192  21715.0  0.0
193  21715.0  0.0
194  21715.0  0.0
195  21715.0  0.0
196  21715.0  0.0
197  21715.0  0.0
198  21715.0  0.0
199  21715.0  0.0
200  21715.0  0.0
201  21715.0  0.0
202  21715.0  0.0
203  21715.0  0.0
204  21715.0  0.0
205  21715.0  0.0
206  21715.0  0.0
207  21715.0  0.0
208  21715.0  0.0
209  21715.0  0.0
210  21715.0  0.0
211  21715.0  0.0
212  21715.0  0.0
213  21715.0  0.0
214  21715.0  0.0
215  21715.0  0.0
216  21715.0  0.0
217  21715.0  0.0
218  21715.0  0.0
219  21715.0  0.0
220  21715.0  0.0
221  21715.0  0.0
222  21715.0  0.0
223  21715.0  0.0
224  21715.0  0.0
225  21715.0  0.0
226  21715.0  0.0
227  21715.0  0.0
228  21715.0  0.0
229  21715.0  0.0
230  21715.0  0.0
231  21715.0  0.0
232  21715.0  0.0
233  21715.0  0.0
234  21715.0  0.0
235  21715.0  0.0
236  21715.0  0.0
237  21715.0  0.0
238  21715.0  0.0
239  21715.0  0.0
240  21715.0  0.0
241  21715.0  0.0
242  21715.0  0.0
243  21715.0  0.0
244  21715.0  0.0
245  21715.0  0.0
246  21715.0  0.0
247  21715.0  0.0
248  21715.0  0.0
249  21715.0  0.0
250  21715.0  0.0
251  21715.0  0.0
252  21715.0  0.0
253  21715.0  0.0
254  21715.0  0.0
255  21715.0  0.0
256  21715.0  0.0
257  21715.0  0.0
258  21715.0  0.0
259  21715.0  0.0
260  21715.0  0.0
261  21715.0  0.0
262  21715.0  0.0
263  21715.0  0.0
264  21715.0  0.0
265  21715.0  0.0
266  21715.0  0.0
267  21715.0  0.0
268  21715.0  0.0
269  21715.0  0.0
270  21715.0  0.0
271  21715.0  0.0
272  21715.0  0.0
273  21715.0  0.0
274  21715.0  0.0
275  21715.0  0.0
276  21715.0  0.0
277  21715.0  0.0
278  21715.0  0.0
279  21715.0  0.0
280  21715.0  0.0
281  21715.0  0.0
282  21715.0  0.0
283  21715.0  0.0
284  21715.0  0.0
285  21715.0  0.0
286  21715.0  0.0
287  21715.0  0.0
288  21715.0  0.0
289  21715.0  0.0
290  21715.0  0.0
291  21715.0  0.0
292  21715.0  0.0
293  21715.0  0.0
294  21715.0  0.0
295  21715.0  0.0
296  21715.0  0.0
297  21715.0  0.0
298  21715.0  0.0
299  21715.0  0.0
300  21715.0  0.0
301  21715.0  0.0
302  21715.0  0.0
303  21715.0  0.0
304  21715.0  0.0
305  21715.0  0.0
306  21715.0  0.0
307  21715.0  0.0
308  21715.0  0.0
309  21715.0  0.0
310  21715.0  0.0
311  21715.0  0.0
312  21715.0  0.0
313  21715.0  0.0
314  21715.0  0.0
315  21715.0  0.0
316  21715.0  0.0
317  21715.0  0.0
318  21715.0  0.0
319  21715.0  0.0
320  21715.0  0.0
321  21715.0  0.0
322  21715.0  0.0
323  21715.0  0.0
324  21715.0  0.0
325  21715.0  0.0
326  21715.0  0.0
327  21715.0  0.0
328  21715.0  0.0
329  21715.0  0.0
330  21715.0  0.0
331  21715.0  0.0
332  21715.0  0.0
333  21715.0  0.0
334  21715.0  0.0
335  21715.0  0.0
336  21715.0  0.0
337  21715.0  0.0
338  21715.0  0.0
339  21715.0  0.0
340  21715.0  0.0
341  21715.0  0.0
342  21715.0  0.0
343  21715.0  0.0
344  21715.0  0.0
345  21715.0  0.0
346  21715.0  0.0
347  21715.0  0.0
348  21715.0  0.0
349  21715.0  0.0
350  21715.0  0.0
351  21715.0  0.0
352  21715.0  0.0
353  21715.0  0.0
354  21715.0  0.0
355  21715.0  0.0
356  21715.0  0.0
357  21715.0  0.0
358  21715.0  0.0
359  21715.0  0.0
360  21715.0  0.0
361  21715.0  0.0
362  21715.0  0.0
363  21715.0  0.0
364  21715.0  0.0
365  21715.0  0.0
366  21715.0  0.0
367  21715.0  0.0
368  21715.0  0.0
369  21715.0  0.0
370  21715.0  0.0
371  21715.0  0.0
372  21715.0  0.0
373  21715.0  0.0
374  21715.0  0.0
375  21715.0  0.0
376  21715.0  0.0
377  21715.0  0.0
378  21715.0  0.0
379  21715.0  0.0
380  21715.0  0.0
381  21715.0  0.0
382  21715.0  0.0
383  21715.0  0.0
384  21715.0  0.0
385  21715.0  0.0
386  21715.0  0.0
387  21715.0  0.0
388  21715.0  0.0
389  21715.0  0.0
390  21715.0  0.0
391  21715.0  0.0
392  21715.0  0.0
393  21715.0  0.0
394  21715.0  0.0
395  21715.0  0.0
396  21715.0  0.0
397  21715.0  0.0
398  21715.0  0.0
399  21715.0  0.0
400  21715.0  0.0
401  21715.0  0.0
402  21715.0  0.0
403  21715.0  0.0
404  21715.0  0.0
405  21715.0  0.0
406  21715.0  0.0
407  21715.0  0.0
408  21715.0  0.0
409  21715.0  0.0
410  21715.0  0.0
411  21715.0  0.0
412  21715.0  0.0
413  21715.0  0.0
414  21715.0  0.0
415  21715.0  0.0
416  21715.0  0.0
417  21715.0  0.0
418  21715.0  0.0
419  21715.0  0.0
420  21715.0  0.0
421  21715.0  0.0
422  21715.0  0.0
423  21715.0  0.0
424  21715.0  0.0
425  21715.0  0.0
426  21715.0  0.0
427  21715.0  0.0
428  21715.0  0.0
429  21715.0  0.0
430  21715.0  0.0
431  21715.0  0.0
432  21715.0  0.0
433  21715.0  0.0
434  21715.0  0.0
435  21715.0  0.0
436  21715.0  0.0
437  21715.0  0.0
438  21715.0  0.0
439  21715.0  0.0
440  21715.0  0.0
441  21715.0  0.0
442  21715.0  0.0
443  21715.0  0.0
444  21715.0  0.0
445  21715.0  0.0
446  21715.0  0.0
447  21715.0  0.0
448  21715.0  0.0
449  21715.0  0.0
450  21715.0  0.0
451  21715.0  0.0
452  21715.0  0.0
453  21715.0  0.0
454  21715.0  0.0
455  21715.0  0.0
456  21715.0  0.0
457  21715.0  0.0
458  21715.0  0.0
459  21715.0  0.0
460  21715.0  0.0
461  21715.0  0.0
462  21715.0  0.0
463  21715.0  0.0
464  21715.0  0.0
465  21715.0  0.0
466  21715.0  0.0
467  21715.0  0.0
468  21715.0  0.0
469  21715.0  0.0
470  21715.0  0.0
471  21715.0  0.0
472  21715.0  0.0
473  21715.0  0.0
474  21715.0  0.0
475  21715.0  0.0
476  21715.0  0.0
477  21715.0  0.0
478  21715.0  0.0
479  21715.0  0.0
480  21715.0  0.0
481  21715.0  0.0
482  21715.0  0.0
483  21715.0  0.0
484  21715.0  0.0
485  21715.0  0.0
486  21715.0  0.0
487  21715.0  0.0
488  21715.0  0.0
489  21715.0  0.0
490  21715.0  0.0
491  21715.0  0.0
492  21715.0  0.0
493  21715.0  0.0
494  21715.0  0.0
495  21715.0  0.0
496  21715.0  0.0
497  21715.0  0.0
498  21715.0  0.0
499  21715.0  0.0
500  21715.0  0.0
501  21715.0  0.0
502  21715.0  0.0
503  21715.0  0.0
504  21715.0  0.0
505  21715.0  0.0
506  21715.0  0.0
507  21715.0  0.0
508  21715.0  0.0
509  21715.0  0.0
510  21715.0  0.0
511  21715.0  0.0
512  21715.0  0.0
513  21715.0  0.0
514  21715.0  0.0
515  21715.0  0.0
516  21715.0  0.0
517  21715.0  0.0
518  21715.0  0.0
519  21715.0  0.0
520  21715.0  0.0
521  21715.0  0.0
522  21715.0  0.0
523  21715.0  0.0
524  21715.0  0.0
525  21715.0  0.0
526  21715.0  0.0
527  21715.0  0.0
528  21715.0  0.0
529  21715.0  0.0
530  21715.0  0.0
531  21715.0  0.0
532  21715.0  0.0
533  21715.0  0.0
534  21715.0  0.0
535  21715.0  0.0
536  21715.0  0.0
537  21715.0  0.0
538  21715.0  0.0
539  21715.0  0.0
540  21715.0  0.0
541  21715.0  0.0
542  21715.0  0.0
543  21715.0  0.0
544  21715.0  0.0
545  21715.0  0.0
546  21715.0  0.0
547  21715.0  0.0
548  21715.0  0.0
549  21715.0  0.0
550  21715.0  0.0
551  21715.0  0.0
552  21715.0  0.0
553  21715.0  0.0
554  21715.0  0.0
555  21715.0  0.0
556  21715.0  0.0
557  21715.0  0.0
558  21715.0  0.0
559  21715.0  0.0
560  21715.0  0.0
561  21715.0  0.0
562  21715.0  0.0
563  21715.0  0.0
564  21715.0  0.0
565  21715.0  0.0
566  21715.0  0.0
567  21715.0  0.0
568  21715.0  0.0
569  21715.0  0.0
570  21715.0  0.0
571  21715.0  0.0
572  21715.0  0.0
573  21715.0  0.0
574  21715.0  0.0
575  21715.0  0.0
576  21715.0  0.0
577  21715.0  0.0
578  21715.0  0.0
579  21715.0  0.0
580  21715.0  0.0
581  21715.0  0.0
582  21715.0  0.0
583  21715.0  0.0
584  21715.0  0.0
585  21715.0  0.0
586  21715.0  0.0
587  21715.0  0.0
588  21715.0  0.0
589  21715.0  0.0
590  21715.0  0.0
591  21715.0  0.0
592  21715.0  0.0
593  21715.0  0.0
594  21715.0  0.0
595  21715.0  0.0
596  21715.0  0.0
597  21715.0  0.0
598  21715.0  0.0
599  21715.0  0.0
600  21715.0  0.0
601  21715.0  0.0
602  21715.0  0.0
603  21715.0  0.0
604  21715.0  0.0
605  21715.0  0.0
606  21715.0  0.0
607  21715.0  0.0
608  21715.0  0.0
609  21715.0  0.0
610  21715.0  0.0
611  21715.0  0.0
612  21715.0  0.0
613  21715.0  0.0
614  21715.0  0.0
615  21715.0  0.0
616  21715.0  0.0
617  21715.0  0.0
618  21715.0  0.0
619  21715.0  0.0
620  21715.0  0.0
621  21715.0  0.0
622  21715.0  0.0
623  21715.0  0.0
624  21715.0  0.0
625  21715.0  0.0
626  21715.0  0.0
627  21715.0  0.0
628  21715.0  0.0
629  21715.0  0.0
630  21715.0  0.0
631  21715.0  0.0
632  21715.0  0.0
633  21715.0  0.0
634  21715.0  0.0
635  21715.0  0.0
636  21715.0  0.0
637  21715.0  0.0
638  21715.0  0.0
639  21715.0  0.0
640  21715.0  0.0
641  21715.0  0.0
642  21715.0  0.0
643  21715.0  0.0
644  21715.0  0.0
645  21715.0  0.0
646  21715.0  0.0
647  21715.0  0.0
648  21715.0  0.0
649  21715.0  0.0
650  21715.0  0.0
651  21715.0  0.0
652  21715.0  0.0
653  21715.0  0.0
654  21715.0  0.0
655  21715.0  0.0
656  21715.0  0.0
657  21715.0  0.0
658  21715.0  0.0
659  21715.0  0.0
660  21715.0  0.0
661  21715.0  0.0
662  21715.0  0.0
663  21715.0  0.0
664  21715.0  0.0
665  21715.0  0.0
666  21715.0  0.0
667  21715.0  0.0
668  21715.0  0.0
669  21715.0  0.0
670  21715.0  0.0
671  21715.0  0.0
672  21715.0  0.0
673  21715.0  0.0
674  21715.0  0.0
675  21715.0  0.0
676  21715.0  0.0
677  21715.0  0.0
678  21715.0  0.0
679  21715.0  0.0
680  21715.0  0.0
681  21715.0  0.0
682  21715.0  0.0
683  21715.0  0.0
684  21715.0  0.0
685  21715.0  0.0
686  21715.0  0.0
687  21715.0  0.0
688  21715.0  0.0
689  21715.0  0.0
690  21715.0  0.0
691  21715.0  0.0
692  21715.0  0.0
693  21715.0  0.0
694  21715.0  0.0
695  21715.0  0.0
696  21715.0  0.0
697  21715.0  0.0
698  21715.0  0.0
699  21715.0  0.0
700  21715.0  0.0
701  21715.0  0.0
702  21715.0  0.0
703  21715.0  0.0
704  21715.0  0.0
705  21715.0  0.0
706  21715.0  0.0
707  21715.0  0.0
708  21715.0  0.0
709  21715.0  0.0
710  21715.0  0.0
711  21715.0  0.0
712  21715.0  0.0
713  21715.0  0.0
714  21715.0  0.0
715  21715.0  0.0
716  21715.0  0.0
717  21715.0  0.0
718  21715.0  0.0
719  21715.0  0.0
720  21715.0  0.0
721  23116.3448542  0.1
722  23078.1257063  0.1
723  23049.1898808  0.1
724  23027.6152513  0.1
725  23011.4927743  0.1
726  22999.4186589  0.1
727  22990.3576683  0.1
728  22983.5444317  0.1
729  22978.411726  0.1
730  22974.5381732  0.1
731  22971.6100033  0.1
732  22969.393035  0.1
733  22967.712097  0.1
734  22966.4358751  0.1
735  22965.465729  0.1
736  22964.727417  0.1
737  22964.1649571  0.1
738  22963.7360626  0.1
739  22963.4087392  0.1
740  22963.1587431  0.1
741  22962.9676773  0.1
742  22962.8215634  0.1
743  22962.7097674  0.1
744  22962.6241906  0.1
745  22962.5586589  0.1
746  22962.5084613  0.1
747  22962.4699998  0.1
748  22962.4405249  0.1
749  22962.4179338  0.1
750  22962.4006173  0.1
751  22962.3873435  0.1
752  22962.3771689  0.1
753  22962.3693704  0.1
754  22962.3633938  0.1
755  22962.3588143  0.1
756  22962.3553061  0.1
757  22962.3526193  0.1
758  22962.3505622  0.1
759  22962.3489878  0.1
760  22962.3477834  0.1
761  22962.3468624  0.1
762  22962.3461586  0.1
763  22962.345621  0.1
764  22962.3452107  0.1
765  22962.3448977  0.1
766  22962.3446592  0.1
767  22962.3444775  0.1
768  22962.3443393  0.1
769  22962.3442343  0.1
770  22962.3441546  0.1
771  22962.3440942  0.1
772  22962.3440484  0.1
773  22962.3440138  0.1
774  22962.3439877  0.1
775  22962.3439681  0.1
776  22962.3439533  0.1
777  22962.3439422  0.1
778  22962.3439339  0.1
779  22962.3439277  0.1
780  22962.3439231  0.1
781  22962.3439197  0.1
782  22962.3439172  0.1
783  22962.3439154  0.1
784  22962.343914  0.1
785  22962.343913  0.1
786  22962.3439123  0.1
787  22962.3439118  0.1
788  22962.3439115  0.1
789  22962.3439112  0.1
790  22962.3439111  0.1
791  22962.343911  0.1
792  22962.3439109  0.1
793  22962.3439109  0.1
794  22962.3439108  0.1
795  22962.3439108  0.1
796  22962.3439108  0.1
797  22962.3439108  0.1
798  22962.3439108  0.1
799  22962.3439109  0.1
800  22962.3439109  0.1
801  22962.3439109  0.1
802  22962.3439109  0.1
803  22962.3439109  0.1
804  22962.3439109  0.1
805  22962.3439109  0.1
806  22962.3439109  0.1
807  22962.3439109  0.1
808  22962.3439109  0.1
809  22962.3439109  0.1
810  22962.3439109  0.1
811  22962.3439109  0.1
812  22962.3439109  0.1
813  22962.3439109  0.1
814  22962.3439109  0.1
815  22962.3439109  0.1
816  22962.3439109  0.1
817  22962.3439109  0.1
818  22962.3439109  0.1
819  22962.3439109  0.1
820  22962.3439109  0.1
821  22962.343911  0.1
822  22962.343911  0.1
823  22962.343911  0.1
824  22962.343911  0.1
825  22962.343911  0.1
826  22962.343911  0.1
827  22962.343911  0.1
828  22962.343911  0.1
829  22962.343911  0.1
830  22962.343911  0.1
831  22962.343911  0.1
832  22962.343911  0.1
833  22962.343911  0.1
834  22962.343911  0.1
835  22962.343911  0.1
836  22962.343911  0.1
837  22962.343911  0.1
838  22962.343911  0.1
839  22962.343911  0.1
840  22962.343911  0.1
841  22962.343911  0.1
842  22962.343911  0.1
843  22962.343911  0.1
844  22962.343911  0.1
845  22962.343911  0.1
846  22962.343911  0.1
847  22962.343911  0.1
848  22962.343911  0.1
849  22962.343911  0.1
850  22962.343911  0.1
851  22962.343911  0.1
852  22962.343911  0.1
853  22962.343911  0.1
854  22962.343911  0.1
855  22962.343911  0.1
856  22962.343911  0.1
857  22962.343911  0.1
858  22962.343911  0.1
859  22962.343911  0.1
860  22962.343911  0.1
861  22962.343911  0.1
862  22962.343911  0.1
863  22962.343911  0.1
864  22962.343911  0.1
865  22962.343911  0.1
866  22962.343911  0.1
867  22962.343911  0.1
868  22962.343911  0.1
869  22962.343911  0.1
870  22962.343911  0.1
871  22962.343911  0.1
872  22962.343911  0.1
873  22962.343911  0.1
874  22962.343911  0.1
875  22962.343911  0.1
876  22962.343911  0.1
877  22962.343911  0.1
878  22962.343911  0.1
879  22962.343911  0.1
880  22962.343911  0.1
881  22962.343911  0.1
882  22962.343911  0.1
883  22962.343911  0.1
884  22962.343911  0.1
885  22962.343911  0.1
886  22962.343911  0.1
887  22962.343911  0.1
888  22962.343911  0.1
889  22962.343911  0.1
890  22962.343911  0.1
891  22962.343911  0.1
892  22962.343911  0.1
893  22962.343911  0.1
894  22962.343911  0.1
895  22962.343911  0.1
896  22962.343911  0.1
897  22962.343911  0.1
898  22962.343911  0.1
899  22962.343911  0.1
900  22962.343911  0.1
901  22962.343911  0.1
902  22962.343911  0.1
903  22962.343911  0.1
904  22962.343911  0.1
905  22962.343911  0.1
906  22962.343911  0.1
907  22962.343911  0.1
908  22962.343911  0.1
909  22962.343911  0.1
910  22962.343911  0.1
911  22962.343911  0.1
912  22962.343911  0.1
913  22962.343911  0.1
914  22962.343911  0.1
915  22962.343911  0.1
916  22962.343911  0.1
917  22962.343911  0.1
918  22962.343911  0.1
919  22962.343911  0.1
920  22962.343911  0.1
921  22962.343911  0.1
922  22962.343911  0.1
923  22962.343911  0.1
924  22962.343911  0.1
925  22962.343911  0.1
926  22962.343911  0.1
927  22962.343911  0.1
928  22962.343911  0.1
929  22962.343911  0.1
930  22962.343911  0.1
931  22962.343911  0.1
932  22962.343911  0.1
933  22962.343911  0.1
934  22962.343911  0.1
935  22962.343911  0.1
936  22962.343911  0.1
937  22962.343911  0.1
938  22962.343911  0.1
939  22962.343911  0.1
940  22962.343911  0.1
941  22962.343911  0.1
942  22962.343911  0.1
943  22962.343911  0.1
944  22962.343911  0.1
945  22962.343911  0.1
946  22962.343911  0.1
947  22962.343911  0.1
948  22962.343911  0.1
949  22962.343911  0.1
950  22962.343911  0.1
951  22962.343911  0.1
952  22962.343911  0.1
953  22962.343911  0.1
954  22962.343911  0.1
955  22962.343911  0.1
956  22962.343911  0.1
957  22962.343911  0.1
958  22962.343911  0.1
959  22962.343911  0.1
960  22962.343911  0.1
961  22962.343911  0.1
962  22962.343911  0.1
963  22962.343911  0.1
964  22962.343911  0.1
965  22962.343911  0.1
966  22962.343911  0.1
967  22962.343911  0.1
968  22962.343911  0.1
969  22962.343911  0.1
970  22962.343911  0.1
971  22962.343911  0.1
972  22962.343911  0.1
973  22962.343911  0.1
974  22962.343911  0.1
975  22962.343911  0.1
976  22962.343911  0.1
977  22962.343911  0.1
978  22962.343911  0.1
979  22962.343911  0.1
980  22962.343911  0.1
981  22962.343911  0.1
982  22962.343911  0.1
983  22962.343911  0.1
984  22962.343911  0.1
985  22962.343911  0.1
986  22962.343911  0.1
987  22962.343911  0.1
988  22962.343911  0.1
989  22962.343911  0.1
990  22962.343911  0.1
991  22962.343911  0.1
992  22962.343911  0.1
993  22962.343911  0.1
994  22962.343911  0.1
995  22962.343911  0.1
996  22962.343911  0.1
997  22962.343911  0.1
998  22962.343911  0.1
999  22962.343911  0.1
1000  22962.343911  0.1
1001  22962.343911  0.1
1002  22962.343911  0.1
1003  22962.343911  0.1
1004  22962.343911  0.1
1005  22962.343911  0.1
1006  22962.343911  0.1
1007  22962.343911  0.1
1008  22962.343911  0.1
1009  22962.343911  0.1
1010  22962.343911  0.1
1011  22962.343911  0.1
1012  22962.343911  0.1
1013  22962.343911  0.1
1014  22962.343911  0.1
1015  22962.343911  0.1
1016  22962.343911  0.1
1017  22962.343911  0.1
1018  22962.343911  0.1
1019  22962.343911  0.1
1020  22962.343911  0.1
1021  22962.343911  0.1
1022  22962.343911  0.1
1023  22962.343911  0.1
1024  22962.343911  0.1
1025  22962.343911  0.1
1026  22962.343911  0.1
1027  22962.343911  0.1
1028  22962.343911  0.1
1029  22962.343911  0.1
1030  22962.343911  0.1
1031  22962.343911  0.1
1032  22962.343911  0.1
1033  22962.343911  0.1
1034  22962.343911  0.1
1035  22962.343911  0.1
1036  22962.343911  0.1
1037  22962.343911  0.1
1038  22962.343911  0.1
1039  22962.343911  0.1
1040  22962.343911  0.1
1041  22962.343911  0.1
1042  22962.343911  0.1
1043  22962.343911  0.1
1044  22962.343911  0.1
1045  22962.343911  0.1
1046  22962.343911  0.1
1047  22962.343911  0.1
1048  22962.343911  0.1
1049  22962.343911  0.1
1050  22962.343911  0.1
1051  22962.343911  0.1
1052  22962.343911  0.1
1053  22962.343911  0.1
1054  22962.343911  0.1
1055  22962.343911  0.1
1056  22962.343911  0.1
1057  22962.343911  0.1
1058  22962.343911  0.1
1059  22962.343911  0.1
1060  22962.343911  0.1
1061  22962.343911  0.1
1062  22962.343911  0.1
1063  22962.343911  0.1
1064  22962.343911  0.1
1065  22962.343911  0.1
1066  22962.343911  0.1
1067  22962.343911  0.1
1068  22962.343911  0.1
1069  22962.343911  0.1
1070  22962.343911  0.1
1071  22962.343911  0.1
1072  22962.343911  0.1
1073  22962.343911  0.1
1074  22962.343911  0.1
1075  22962.343911  0.1
1076  22962.343911  0.1
1077  22962.343911  0.1
1078  22962.343911  0.1
1079  22962.343911  0.1
1080  22962.343911  0.1
1081  22962.343911  0.1
1082  22962.343911  0.1
1083  22962.343911  0.1
1084  22962.343911  0.1
1085  22962.343911  0.1
1086  22962.343911  0.1
1087  22962.343911  0.1
1088  22962.343911  0.1
1089  22962.343911  0.1
1090  22962.343911  0.1
1091  22962.343911  0.1
1092  22962.343911  0.1
1093  22962.343911  0.1
1094  22962.343911  0.1
1095  22962.343911  0.1
1096  22962.343911  0.1
1097  22962.343911  0.1
1098  22962.343911  0.1
1099  22962.343911  0.1
1100  22962.343911  0.1
1101  22962.343911  0.1
1102  22962.343911  0.1
1103  22962.343911  0.1
1104  22962.343911  0.1
1105  22962.343911  0.1
1106  22962.343911  0.1
1107  22962.343911  0.1
1108  22962.343911  0.1
1109  22962.343911  0.1
1110  22962.343911  0.1
1111  22962.343911  0.1
1112  22962.343911  0.1
1113  22962.343911  0.1
1114  22962.343911  0.1
1115  22962.343911  0.1
1116  22962.343911  0.1
1117  22962.343911  0.1
1118  22962.343911  0.1
1119  22962.343911  0.1
1120  22962.343911  0.1
1121  22962.343911  0.1
1122  22962.343911  0.1
1123  22962.343911  0.1
1124  22962.343911  0.1
1125  22962.343911  0.1
1126  22962.343911  0.1
1127  22962.343911  0.1
1128  22962.343911  0.1
1129  22962.343911  0.1
1130  22962.343911  0.1
1131  22962.343911  0.1
1132  22962.343911  0.1
1133  22962.343911  0.1
1134  22962.343911  0.1
1135  22962.343911  0.1
1136  22962.343911  0.1
1137  22962.343911  0.1
1138  22962.343911  0.1
1139  22962.343911  0.1
1140  22962.343911  0.1
1141  22962.343911  0.1
1142  22962.343911  0.1
1143  22962.343911  0.1
1144  22962.343911  0.1
1145  22962.343911  0.1
1146  22962.343911  0.1
1147  22962.343911  0.1
1148  22962.343911  0.1
1149  22962.343911  0.1
1150  22962.343911  0.1
1151  22962.343911  0.1
1152  22962.343911  0.1
1153  22962.343911  0.1
1154  22962.343911  0.1
1155  22962.343911  0.1
1156  22962.343911  0.1
1157  22962.343911  0.1
1158  22962.343911  0.1
1159  22962.343911  0.1
1160  22962.343911  0.1
1161  22962.343911  0.1
1162  22962.343911  0.1
1163  22962.343911  0.1
1164  22962.343911  0.1
1165  22962.343911  0.1
1166  22962.343911  0.1
1167  22962.343911  0.1
1168  22962.343911  0.1
1169  22962.343911  0.1
1170  22962.343911  0.1
1171  22962.343911  0.1
1172  22962.343911  0.1
1173  22962.343911  0.1
1174  22962.343911  0.1
1175  22962.343911  0.1
1176  22962.343911  0.1
1177  22962.343911  0.1
1178  22962.343911  0.1
1179  22962.343911  0.1
1180  22962.343911  0.1
1181  22962.343911  0.1
1182  22962.343911  0.1
1183  22962.343911  0.1
1184  22962.343911  0.1
1185  22962.343911  0.1
1186  22962.343911  0.1
1187  22962.343911  0.1
1188  22962.343911  0.1
1189  22962.343911  0.1
1190  22962.343911  0.1
1191  22962.343911  0.1
1192  22962.343911  0.1
1193  22962.343911  0.1
1194  22962.343911  0.1
1195  22962.343911  0.1
1196  22962.343911  0.1
1197  22962.343911  0.1
1198  22962.343911  0.1
1199  22962.343911  0.1
1200  22962.343911  0.1
1201  22962.343911  0.1
1202  22962.343911  0.1
1203  22962.343911  0.1
1204  22962.343911  0.1
1205  22962.343911  0.1
1206  22962.343911  0.1
1207  22962.343911  0.1
1208  22962.343911  0.1
1209  22962.343911  0.1
1210  22962.343911  0.1
1211  22962.343911  0.1
1212  22962.343911  0.1
1213  22962.343911  0.1
1214  22962.343911  0.1
1215  22962.343911  0.1
1216  22962.343911  0.1
1217  22962.343911  0.1
1218  22962.343911  0.1
1219  22962.343911  0.1
1220  22962.343911  0.1
1221  22962.343911  0.1
1222  22962.343911  0.1
1223  22962.343911  0.1
1224  22962.343911  0.1
1225  22962.343911  0.1
1226  22962.343911  0.1
1227  22962.343911  0.1
1228  22962.343911  0.1
1229  22962.343911  0.1
1230  22962.343911  0.1
1231  22962.343911  0.1
1232  22962.343911  0.1
1233  24247.7529459  0.136538461538
1234  24646.058788  0.136538461538
1235  24646.1775472  0.136538461538
1236  24646.1547787  0.136538461538
1237  24646.0947628  0.136538461538
1238  24646.0234668  0.136538461538
1239  24645.9536748  0.136538461538
1240  24645.8909696  0.136538461538
1241  24645.8371936  0.136538461538
1242  24645.7923539  0.136538461538
1243  24645.755639  0.136538461538
1244  24645.7259446  0.136538461538
1245  24645.7021346  0.136538461538
1246  24645.6831609  0.136538461538
1247  24645.6681096  0.136538461538
1248  24645.6562099  0.136538461538
1249  24645.6468255  0.136538461538
1250  24645.6394385  0.136538461538
1251  24645.6336321  0.136538461538
1252  24645.6290729  0.136538461538
1253  24645.6254957  0.136538461538
1254  24645.6226908  0.136538461538
1255  24645.6204922  0.136538461538
1256  24645.6187695  0.136538461538
1257  24645.6174199  0.136538461538
1258  24645.6163627  0.136538461538
1259  24645.6155347  0.136538461538
1260  24645.6148862  0.136538461538
1261  24645.6143783  0.136538461538
1262  24645.6139806  0.136538461538
1263  24645.613669  0.136538461538
1264  24645.613425  0.136538461538
1265  24645.6132339  0.136538461538
1266  24645.6130842  0.136538461538
1267  24645.612967  0.136538461538
1268  24645.6128751  0.136538461538
1269  24645.6128032  0.136538461538
1270  24645.6127468  0.136538461538
1271  24645.6127027  0.136538461538
1272  24645.6126681  0.136538461538
1273  24645.612641  0.136538461538
1274  24645.6126198  0.136538461538
1275  24645.6126032  0.136538461538
1276  24645.6125902  0.136538461538
1277  24645.61258  0.136538461538
1278  24645.612572  0.136538461538
1279  24645.6125657  0.136538461538
1280  24645.6125608  0.136538461538
1281  24645.6125569  0.136538461538
1282  24645.6125539  0.136538461538
1283  24645.6125516  0.136538461538
1284  24645.6125497  0.136538461538
1285  24645.6125483  0.136538461538
1286  24645.6125472  0.136538461538
1287  24645.6125463  0.136538461538
1288  24645.6125456  0.136538461538
1289  24645.612545  0.136538461538
1290  24645.6125446  0.136538461538
1291  24645.6125443  0.136538461538
1292  24645.612544  0.136538461538
1293  24645.6125438  0.136538461538
1294  24645.6125436  0.136538461538
1295  24645.6125435  0.136538461538
1296  24645.6125434  0.136538461538
1297  24645.6125433  0.136538461538
1298  24645.6125433  0.136538461538
1299  24645.6125432  0.136538461538
1300  24645.6125432  0.136538461538
1301  24645.6125432  0.136538461538
1302  24645.6125431  0.136538461538
1303  24645.6125431  0.136538461538
1304  24645.6125431  0.136538461538
1305  24645.6125431  0.136538461538
1306  24645.6125431  0.136538461538
1307  24645.6125431  0.136538461538
1308  24645.6125431  0.136538461538
1309  24645.6125431  0.136538461538
1310  24645.6125431  0.136538461538
1311  24645.6125431  0.136538461538
1312  24645.6125431  0.136538461538
1313  24645.6125431  0.136538461538
1314  24645.6125431  0.136538461538
1315  24645.6125431  0.136538461538
1316  24645.6125431  0.136538461538
1317  24645.6125431  0.136538461538
1318  24645.6125431  0.136538461538
1319  24645.6125431  0.136538461538
1320  24645.6125431  0.136538461538
1321  24645.6125431  0.136538461538
1322  24645.6125431  0.136538461538
1323  24645.6125431  0.136538461538
1324  24645.6125431  0.136538461538
1325  24645.6125431  0.136538461538
1326  24645.6125431  0.136538461538
1327  24645.6125431  0.136538461538
1328  24645.6125431  0.136538461538
1329  24645.6125431  0.136538461538
1330  24645.6125431  0.136538461538
1331  24645.6125431  0.136538461538
1332  24645.6125431  0.136538461538
1333  24645.6125431  0.136538461538
1334  24645.6125431  0.136538461538
1335  24645.6125431  0.136538461538
1336  24645.6125431  0.136538461538
1337  24645.6125431  0.136538461538
1338  24645.6125431  0.136538461538
1339  24645.6125431  0.136538461538
1340  24645.6125431  0.136538461538
1341  24645.6125431  0.136538461538
1342  24645.6125431  0.136538461538
1343  24645.6125431  0.136538461538
1344  24645.6125431  0.136538461538
1345  24645.6125431  0.136538461538
1346  24645.6125431  0.136538461538
1347  24645.6125431  0.136538461538
1348  24645.6125431  0.136538461538
1349  24645.6125431  0.136538461538
1350  24645.6125431  0.136538461538
1351  24645.6125431  0.136538461538
1352  24645.6125431  0.136538461538
1353  24645.6125431  0.136538461538
1354  24645.6125431  0.136538461538
1355  24645.6125431  0.136538461538
1356  24645.6125431  0.136538461538
1357  24645.6125431  0.136538461538
1358  24645.6125431  0.136538461538
1359  24645.6125431  0.136538461538
1360  24645.6125431  0.136538461538
1361  24645.6125431  0.136538461538
1362  24645.6125431  0.136538461538
1363  24645.6125431  0.136538461538
1364  24645.6125431  0.136538461538
1365  24645.6125431  0.136538461538
1366  24645.6125431  0.136538461538
1367  24645.6125431  0.136538461538
1368  24645.6125431  0.136538461538
1369  24645.6125431  0.136538461538
1370  24645.6125431  0.136538461538
1371  24645.6125431  0.136538461538
1372  24645.6125431  0.136538461538
1373  24645.6125431  0.136538461538
1374  24645.6125431  0.136538461538
1375  24645.6125431  0.136538461538
1376  24645.6125431  0.136538461538
1377  24645.6125431  0.136538461538
1378  24645.6125431  0.136538461538
1379  24645.6125431  0.136538461538
1380  24645.6125431  0.136538461538
1381  24645.6125431  0.136538461538
1382  24645.6125431  0.136538461538
1383  24645.6125431  0.136538461538
1384  24645.6125431  0.136538461538
1385  24645.6125431  0.136538461538
1386  24645.6125431  0.136538461538
1387  24645.6125431  0.136538461538
1388  24645.6125431  0.136538461538
1389  24645.6125431  0.136538461538
1390  24645.6125431  0.136538461538
1391  24645.6125431  0.136538461538
1392  24645.6125431  0.136538461538
1393  24645.6125431  0.136538461538
1394  24645.6125431  0.136538461538
1395  24645.6125431  0.136538461538
1396  24645.6125431  0.136538461538
1397  24645.6125431  0.136538461538
1398  24645.6125431  0.136538461538
1399  24645.6125431  0.136538461538
1400  24645.6125431  0.136538461538
1401  24645.6125431  0.136538461538
1402  24645.6125431  0.136538461538
1403  24645.6125431  0.136538461538
1404  24645.6125431  0.136538461538
1405  24645.6125431  0.136538461538
1406  24645.6125431  0.136538461538
1407  24645.6125431  0.136538461538
1408  24645.6125431  0.136538461538
1409  24645.6125431  0.136538461538
1410  24645.6125431  0.136538461538
1411  24645.6125431  0.136538461538
1412  24645.6125431  0.136538461538
1413  24645.6125431  0.136538461538
1414  24645.6125431  0.136538461538
1415  24645.6125431  0.136538461538
1416  24645.6125431  0.136538461538
1417  24645.6125431  0.136538461538
1418  24645.6125431  0.136538461538
1419  24645.6125431  0.136538461538
1420  24645.6125431  0.136538461538
1421  24645.6125431  0.136538461538
1422  24645.6125431  0.136538461538
1423  24645.6125431  0.136538461538
1424  24645.6125431  0.136538461538
1425  24645.6125431  0.136538461538
1426  24645.6125431  0.136538461538
1427  24645.6125431  0.136538461538
1428  24645.6125431  0.136538461538
1429  24645.6125431  0.136538461538
1430  24645.6125431  0.136538461538
1431  24645.6125431  0.136538461538
1432  24645.6125431  0.136538461538
1433  24645.6125431  0.136538461538
1434  24645.6125431  0.136538461538
1435  24645.6125431  0.136538461538
1436  24645.6125431  0.136538461538
1437  24645.6125431  0.136538461538
1438  24645.6125431  0.136538461538
1439  24645.6125431  0.136538461538
1440  24645.6125431  0.136538461538
1441  24645.6125431  0.136538461538
1442  24645.6125431  0.136538461538
1443  24645.6125431  0.136538461538
1444  24645.6125431  0.136538461538
1445  24645.6125431  0.136538461538
1446  24645.6125431  0.136538461538
1447  24645.6125431  0.136538461538
1448  24645.6125431  0.136538461538
1449  24645.6125431  0.136538461538
1450  24645.6125431  0.136538461538
1451  24645.6125431  0.136538461538
1452  24645.6125431  0.136538461538
1453  24645.6125431  0.136538461538
1454  24645.6125431  0.136538461538
1455  24645.6125431  0.136538461538
1456  24645.6125431  0.136538461538
1457  24645.6125431  0.136538461538
1458  24645.6125431  0.136538461538
1459  24645.6125431  0.136538461538
1460  24645.6125431  0.136538461538
1461  24645.6125431  0.136538461538
1462  24645.6125431  0.136538461538
1463  24645.6125431  0.136538461538
1464  24645.6125431  0.136538461538
1465  24645.6125431  0.136538461538
1466  24645.6125431  0.136538461538
1467  24645.6125431  0.136538461538
1468  24645.6125431  0.136538461538
1469  24645.6125431  0.136538461538
1470  24645.6125431  0.136538461538
1471  24645.6125431  0.136538461538
1472  24645.6125431  0.136538461538
1473  24645.6125431  0.136538461538
1474  24645.6125431  0.136538461538
1475  24645.6125431  0.136538461538
1476  24645.6125431  0.136538461538
1477  24645.6125431  0.136538461538
1478  24645.6125431  0.136538461538
1479  24645.6125431  0.136538461538
1480  24645.6125431  0.136538461538
1481  24645.6125431  0.136538461538
1482  24645.6125431  0.136538461538
1483  24645.6125431  0.136538461538
1484  24645.6125431  0.136538461538
1485  24645.6125431  0.136538461538
1486  24645.6125431  0.136538461538
1487  24645.6125431  0.136538461538
1488  24645.6125431  0.136538461538
1489  24645.6125431  0.136538461538
1490  24645.6125431  0.136538461538
1491  24645.6125431  0.136538461538
1492  24645.6125431  0.136538461538
1493  24645.6125431  0.136538461538
1494  24645.6125431  0.136538461538
1495  24645.6125431  0.136538461538
1496  24645.6125431  0.136538461538
1497  24645.6125431  0.136538461538
1498  24645.6125431  0.136538461538
1499  24645.6125431  0.136538461538
1500  24645.6125431  0.136538461538
1501  24645.6125431  0.136538461538
1502  24645.6125431  0.136538461538
1503  24645.6125431  0.136538461538
1504  24645.6125431  0.136538461538
1505  24645.6125431  0.136538461538
1506  24645.6125431  0.136538461538
1507  24645.6125431  0.136538461538
1508  24645.6125431  0.136538461538
1509  24645.6125431  0.136538461538
1510  24645.6125431  0.136538461538
1511  24645.6125431  0.136538461538
1512  24645.6125431  0.136538461538
1513  24645.6125431  0.136538461538
1514  24645.6125431  0.136538461538
1515  24645.6125431  0.136538461538
1516  24645.6125431  0.136538461538
1517  24645.6125431  0.136538461538
1518  24645.6125431  0.136538461538
1519  24645.6125431  0.136538461538
1520  24645.6125431  0.136538461538
1521  24645.6125431  0.136538461538
1522  24645.6125431  0.136538461538
1523  24645.6125431  0.136538461538
1524  24645.6125431  0.136538461538
1525  24645.6125431  0.136538461538
1526  24645.6125431  0.136538461538
1527  24645.6125431  0.136538461538
1528  24645.6125431  0.136538461538
1529  24645.6125431  0.136538461538
1530  24645.6125431  0.136538461538
1531  24645.6125431  0.136538461538
1532  24645.6125431  0.136538461538
1533  24645.6125431  0.136538461538
1534  24645.6125431  0.136538461538
1535  24645.6125431  0.136538461538
1536  24645.6125431  0.136538461538
1537  24645.6125431  0.136538461538
1538  24645.6125431  0.136538461538
1539  24645.6125431  0.136538461538
1540  24645.6125431  0.136538461538
1541  24645.6125431  0.136538461538
1542  24645.6125431  0.136538461538
1543  24645.6125431  0.136538461538
1544  24645.6125431  0.136538461538
1545  24645.6125431  0.136538461538
1546  24645.6125431  0.136538461538
1547  24645.6125431  0.136538461538
1548  24645.6125431  0.136538461538
1549  24645.6125431  0.136538461538
1550  24645.6125431  0.136538461538
1551  24645.6125431  0.136538461538
1552  24645.6125431  0.136538461538
1553  24645.6125431  0.136538461538
1554  24645.6125431  0.136538461538
1555  24645.6125431  0.136538461538
1556  24645.6125431  0.136538461538
1557  24645.6125431  0.136538461538
1558  24645.6125431  0.136538461538
1559  24645.6125431  0.136538461538
1560  24645.6125431  0.136538461538
1561  24645.6125431  0.136538461538
1562  24645.6125431  0.136538461538
1563  24645.6125431  0.136538461538
1564  24645.6125431  0.136538461538
1565  24645.6125431  0.136538461538
1566  24645.6125431  0.136538461538
1567  24645.6125431  0.136538461538
1568  24645.6125431  0.136538461538
1569  24645.6125431  0.136538461538
1570  24645.6125431  0.136538461538
1571  24645.6125431  0.136538461538
1572  24645.6125431  0.136538461538
1573  24645.6125431  0.136538461538
1574  24645.6125431  0.136538461538
1575  24645.6125431  0.136538461538
1576  24645.6125431  0.136538461538
1577  24645.6125431  0.136538461538
1578  24645.6125431  0.136538461538
1579  24645.6125431  0.136538461538
1580  24645.6125431  0.136538461538
1581  24645.6125431  0.136538461538
1582  24645.6125431  0.136538461538
1583  24645.6125431  0.136538461538
1584  24645.6125431  0.136538461538
1585  24645.6125431  0.136538461538
1586  24645.6125431  0.136538461538
1587  24645.6125431  0.136538461538
1588  24645.6125431  0.136538461538
1589  24645.6125431  0.136538461538
1590  24645.6125431  0.136538461538
1591  24645.6125431  0.136538461538
1592  24645.6125431  0.136538461538
1593  24645.6125431  0.136538461538
1594  24645.6125431  0.136538461538
1595  24645.6125431  0.136538461538
1596  24645.6125431  0.136538461538
1597  24645.6125431  0.136538461538
1598  24645.6125431  0.136538461538
1599  24645.6125431  0.136538461538
1600  24645.6125431  0.136538461538
1601  24645.6125431  0.136538461538
1602  24645.6125431  0.136538461538
1603  24645.6125431  0.136538461538
1604  24645.6125431  0.136538461538
1605  24645.6125431  0.136538461538
1606  24645.6125431  0.136538461538
1607  24645.6125431  0.136538461538
1608  24645.6125431  0.136538461538
1609  24645.6125431  0.136538461538
1610  24645.6125431  0.136538461538
1611  24645.6125431  0.136538461538
1612  24645.6125431  0.136538461538
1613  24645.6125431  0.136538461538
1614  24645.6125431  0.136538461538
1615  24645.6125431  0.136538461538
1616  24645.6125431  0.136538461538
1617  24645.6125431  0.136538461538
1618  24645.6125431  0.136538461538
1619  24645.6125431  0.136538461538
1620  24645.6125431  0.136538461538
1621  24645.6125431  0.136538461538
1622  24645.6125431  0.136538461538
1623  24645.6125431  0.136538461538
1624  24645.6125431  0.136538461538
1625  24645.6125431  0.136538461538
1626  24645.6125431  0.136538461538
1627  24645.6125431  0.136538461538
1628  24645.6125431  0.136538461538
1629  24645.6125431  0.136538461538
1630  24645.6125431  0.136538461538
1631  24645.6125431  0.136538461538
1632  24645.6125431  0.136538461538
1633  24645.6125431  0.136538461538
1634  24645.6125431  0.136538461538
1635  24645.6125431  0.136538461538
1636  24645.6125431  0.136538461538
1637  24645.6125431  0.136538461538
1638  24645.6125431  0.136538461538
1639  24645.6125431  0.136538461538
1640  24645.6125431  0.136538461538
1641  24645.6125431  0.136538461538
1642  24645.6125431  0.136538461538
1643  24645.6125431  0.136538461538
1644  24645.6125431  0.136538461538
1645  24645.6125431  0.136538461538
1646  24645.6125431  0.136538461538
1647  24645.6125431  0.136538461538
1648  24645.6125431  0.136538461538
1649  24645.6125431  0.136538461538
1650  24645.6125431  0.136538461538
1651  24645.6125431  0.136538461538
1652  24645.6125431  0.136538461538
1653  24645.6125431  0.136538461538
1654  24645.6125431  0.136538461538
1655  24645.6125431  0.136538461538
1656  24645.6125431  0.136538461538
1657  24645.6125431  0.136538461538
1658  24645.6125431  0.136538461538
1659  24645.6125431  0.136538461538
1660  24645.6125431  0.136538461538
1661  24645.6125431  0.136538461538
1662  24645.6125431  0.136538461538
1663  24645.6125431  0.136538461538
1664  24645.6125431  0.136538461538
1665  24645.6125431  0.136538461538
1666  24645.6125431  0.136538461538
1667  24645.6125431  0.136538461538
1668  24645.6125431  0.136538461538
1669  24645.6125431  0.136538461538
1670  24645.6125431  0.136538461538
1671  24645.6125431  0.136538461538
1672  24645.6125431  0.136538461538
1673  24645.6125431  0.136538461538
1674  24645.6125431  0.136538461538
1675  24645.6125431  0.136538461538
1676  24645.6125431  0.136538461538
1677  24645.6125431  0.136538461538
1678  24645.6125431  0.136538461538
1679  24645.6125431  0.136538461538
1680  24645.6125431  0.136538461538
1681  24645.6125431  0.136538461538
1682  24645.6125431  0.136538461538
1683  24645.6125431  0.136538461538
1684  24645.6125431  0.136538461538
1685  24645.6125431  0.136538461538
1686  24645.6125431  0.136538461538
1687  24645.6125431  0.136538461538
1688  24645.6125431  0.136538461538
1689  24645.6125431  0.136538461538
1690  24645.6125431  0.136538461538
1691  24645.6125431  0.136538461538
1692  24645.6125431  0.136538461538
1693  24645.6125431  0.136538461538
1694  24645.6125431  0.136538461538
1695  24645.6125431  0.136538461538
1696  24645.6125431  0.136538461538
1697  24645.6125431  0.136538461538
1698  24645.6125431  0.136538461538
1699  24645.6125431  0.136538461538
1700  24645.6125431  0.136538461538
1701  24645.6125431  0.136538461538
1702  24645.6125431  0.136538461538
1703  24645.6125431  0.136538461538
1704  24645.6125431  0.136538461538
1705  24645.6125431  0.136538461538
1706  24645.6125431  0.136538461538
1707  24645.6125431  0.136538461538
1708  24645.6125431  0.136538461538
1709  24645.6125431  0.136538461538
1710  24645.6125431  0.136538461538
1711  24645.6125431  0.136538461538
1712  24645.6125431  0.136538461538
1713  24645.6125431  0.136538461538
1714  24645.6125431  0.136538461538
1715  24645.6125431  0.136538461538
1716  24645.6125431  0.136538461538
1717  24645.6125431  0.136538461538
1718  24645.6125431  0.136538461538
1719  24645.6125431  0.136538461538
1720  24645.6125431  0.136538461538
1721  24645.6125431  0.136538461538
1722  24645.6125431  0.136538461538
1723  24645.6125431  0.136538461538
1724  24645.6125431  0.136538461538
1725  24645.6125431  0.136538461538
1726  24645.6125431  0.136538461538
1727  24645.6125431  0.136538461538
1728  24645.6125431  0.136538461538
1729  24645.6125431  0.136538461538
1730  24645.6125431  0.136538461538
1731  24645.6125431  0.136538461538
1732  24645.6125431  0.136538461538
1733  24645.6125431  0.136538461538
1734  24645.6125431  0.136538461538
1735  24645.6125431  0.136538461538
1736  24645.6125431  0.136538461538
1737  24645.6125431  0.136538461538
1738  24645.6125431  0.136538461538
1739  24645.6125431  0.136538461538
1740  24645.6125431  0.136538461538
1741  24645.6125431  0.136538461538
1742  24645.6125431  0.136538461538
1743  24645.6125431  0.136538461538
1744  24645.6125431  0.136538461538
1745  24645.6125431  0.136538461538
1746  24645.6125431  0.136538461538
1747  24645.6125431  0.136538461538
1748  24645.6125431  0.136538461538
1749  24645.6125431  0.136538461538
1750  24645.6125431  0.136538461538
1751  24645.6125431  0.136538461538
1752  24645.6125431  0.136538461538
1753  24645.6125431  0.136538461538
1754  24645.6125431  0.136538461538
1755  24645.6125431  0.136538461538
1756  24645.6125431  0.136538461538
1757  24645.6125431  0.136538461538
1758  24645.6125431  0.136538461538
1759  24645.6125431  0.136538461538
1760  24645.6125431  0.136538461538
1761  24645.6125431  0.136538461538
1762  24645.6125431  0.136538461538
1763  24645.6125431  0.136538461538
1764  24645.6125431  0.136538461538
1765  24645.6125431  0.136538461538
1766  24645.6125431  0.136538461538
1767  24645.6125431  0.136538461538
1768  24645.6125431  0.136538461538
1769  24645.6125431  0.136538461538
1770  24645.6125431  0.136538461538
1771  24645.6125431  0.136538461538
1772  24645.6125431  0.136538461538
1773  24645.6125431  0.136538461538
1774  24645.6125431  0.136538461538
1775  24645.6125431  0.136538461538
1776  24645.6125431  0.136538461538
1777  24645.6125431  0.136538461538
1778  24645.6125431  0.136538461538
1779  24645.6125431  0.136538461538
1780  24645.6125431  0.136538461538
1781  24645.6125431  0.136538461538
1782  24645.6125431  0.136538461538
1783  24645.6125431  0.136538461538
1784  24645.6125431  0.136538461538
1785  24645.6125431  0.136538461538
1786  24645.6125431  0.136538461538
1787  24645.6125431  0.136538461538
1788  24645.6125431  0.136538461538
1789  24645.6125431  0.136538461538
1790  24645.6125431  0.136538461538
1791  24645.6125431  0.136538461538
1792  24645.6125431  0.136538461538
1793  24645.6125431  0.136538461538
1794  24645.6125431  0.136538461538
1795  24645.6125431  0.136538461538
1796  24645.6125431  0.136538461538
1797  24645.6125431  0.136538461538
1798  24645.6125431  0.136538461538
1799  24645.6125431  0.136538461538
1800  24645.6125431  0.136538461538
1801  24645.6125431  0.136538461538
1802  24645.6125431  0.136538461538
1803  24645.6125431  0.136538461538
1804  24645.6125431  0.136538461538
1805  24645.6125431  0.136538461538
1806  24645.6125431  0.136538461538
1807  24645.6125431  0.136538461538
1808  24645.6125431  0.136538461538
1809  24645.6125431  0.136538461538
1810  24645.6125431  0.136538461538
1811  24645.6125431  0.136538461538
1812  24645.6125431  0.136538461538
1813  24645.6125431  0.136538461538
1814  24645.6125431  0.136538461538
1815  24645.6125431  0.136538461538
1816  24645.6125431  0.136538461538
1817  24645.6125431  0.136538461538
1818  24645.6125431  0.136538461538
1819  24645.6125431  0.136538461538
1820  24645.6125431  0.136538461538
1821  24645.6125431  0.136538461538
1822  24645.6125431  0.136538461538
1823  24645.6125431  0.136538461538
1824  24645.6125431  0.136538461538
1825  24645.6125431  0.136538461538
1826  24645.6125431  0.136538461538
1827  24645.6125431  0.136538461538
1828  24645.6125431  0.136538461538
1829  24645.6125431  0.136538461538
1830  24645.6125431  0.136538461538
1831  24645.6125431  0.136538461538
1832  24645.6125431  0.136538461538
1833  24645.6125431  0.136538461538
1834  24645.6125431  0.136538461538
1835  24645.6125431  0.136538461538
1836  24645.6125431  0.136538461538
1837  24645.6125431  0.136538461538
1838  24645.6125431  0.136538461538
1839  24645.6125431  0.136538461538
1840  24645.6125431  0.136538461538
1841  24645.6125431  0.136538461538
1842  24645.6125431  0.136538461538
1843  24645.6125431  0.136538461538
1844  24645.6125431  0.136538461538
1845  24645.6125431  0.136538461538
1846  24645.6125431  0.136538461538
1847  24645.6125431  0.136538461538
1848  24645.6125431  0.136538461538
1849  24645.6125431  0.136538461538
1850  24645.6125431  0.136538461538
1851  24645.6125431  0.136538461538
1852  24645.6125431  0.136538461538
1853  24645.6125431  0.136538461538
1854  24645.6125431  0.136538461538
1855  24645.6125431  0.136538461538
1856  24645.6125431  0.136538461538
1857  24645.6125431  0.136538461538
1858  24645.6125431  0.136538461538
1859  24645.6125431  0.136538461538
1860  24645.6125431  0.136538461538
1861  24645.6125431  0.136538461538
1862  24645.6125431  0.136538461538
1863  24645.6125431  0.136538461538
1864  24645.6125431  0.136538461538
1865  24645.6125431  0.136538461538
1866  24645.6125431  0.136538461538
1867  24645.6125431  0.136538461538
1868  24645.6125431  0.136538461538
1869  24645.6125431  0.136538461538
1870  24645.6125431  0.136538461538
1871  24645.6125431  0.136538461538
1872  24645.6125431  0.136538461538
1873  24645.6125431  0.136538461538
1874  24645.6125431  0.136538461538
1875  24645.6125431  0.136538461538
1876  24645.6125431  0.136538461538
1877  24645.6125431  0.136538461538
1878  24645.6125431  0.136538461538
1879  24645.6125431  0.136538461538
1880  24645.6125431  0.136538461538
1881  24645.6125431  0.136538461538
1882  24645.6125431  0.136538461538
1883  24645.6125431  0.136538461538
1884  24645.6125431  0.136538461538
1885  24645.6125431  0.136538461538
1886  24645.6125431  0.136538461538
1887  24645.6125431  0.136538461538
1888  24645.6125431  0.136538461538
1889  24645.6125431  0.136538461538
1890  24645.6125431  0.136538461538
1891  24645.6125431  0.136538461538
1892  24645.6125431  0.136538461538
1893  24645.6125431  0.136538461538
1894  24645.6125431  0.136538461538
1895  24645.6125431  0.136538461538
1896  24645.6125431  0.136538461538
1897  24645.6125431  0.136538461538
1898  24645.6125431  0.136538461538
1899  24645.6125431  0.136538461538
1900  24645.6125431  0.136538461538
1901  24645.6125431  0.136538461538
1902  24645.6125431  0.136538461538
1903  24645.6125431  0.136538461538
1904  24645.6125431  0.136538461538
1905  24645.6125431  0.136538461538
1906  24645.6125431  0.136538461538
1907  24645.6125431  0.136538461538
1908  24645.6125431  0.136538461538
1909  24645.6125431  0.136538461538
1910  24645.6125431  0.136538461538
1911  24645.6125431  0.136538461538
1912  24645.6125431  0.136538461538
1913  24645.6125431  0.136538461538
1914  24645.6125431  0.136538461538
1915  24645.6125431  0.136538461538
1916  24645.6125431  0.136538461538
1917  24645.6125431  0.136538461538
1918  24645.6125431  0.136538461538
1919  24645.6125431  0.136538461538
1920  24645.6125431  0.136538461538
1921  24645.6125431  0.136538461538
1922  24645.6125431  0.136538461538
1923  24645.6125431  0.136538461538
1924  24645.6125431  0.136538461538
1925  24645.6125431  0.136538461538
1926  24645.6125431  0.136538461538
1927  24645.6125431  0.136538461538
1928  24645.6125431  0.136538461538
1929  24645.6125431  0.136538461538
1930  24645.6125431  0.136538461538
1931  24645.6125431  0.136538461538
1932  24645.6125431  0.136538461538
1933  24645.6125431  0.136538461538
1934  24645.6125431  0.136538461538
1935  24645.6125431  0.136538461538
1936  24645.6125431  0.136538461538
1937  24645.6125431  0.136538461538
1938  24645.6125431  0.136538461538
1939  24645.6125431  0.136538461538
1940  24645.6125431  0.136538461538
1941  24645.6125431  0.136538461538
1942  24645.6125431  0.136538461538
1943  24645.6125431  0.136538461538
1944  24645.6125431  0.136538461538
1945  24645.6125431  0.136538461538
1946  24645.6125431  0.136538461538
1947  24645.6125431  0.136538461538
1948  24645.6125431  0.136538461538
1949  24645.6125431  0.136538461538
1950  24645.6125431  0.136538461538
1951  24645.6125431  0.136538461538
1952  24645.6125431  0.136538461538
1953  24645.6125431  0.136538461538
1954  24645.6125431  0.136538461538
1955  24645.6125431  0.136538461538
1956  24645.6125431  0.136538461538
1957  24645.6125431  0.136538461538
1958  24645.6125431  0.136538461538
1959  24645.6125431  0.136538461538
1960  24645.6125431  0.136538461538
1961  24645.6125431  0.136538461538
1962  24645.6125431  0.136538461538
1963  24645.6125431  0.136538461538
1964  24645.6125431  0.136538461538
1965  24645.6125431  0.136538461538
1966  24645.6125431  0.136538461538
1967  24645.6125431  0.136538461538
1968  24645.6125431  0.136538461538
1969  24645.6125431  0.136538461538
1970  24645.6125431  0.136538461538
1971  24645.6125431  0.136538461538
1972  24645.6125431  0.136538461538
1973  24645.6125431  0.136538461538
1974  24645.6125431  0.136538461538
1975  24645.6125431  0.136538461538
1976  24645.6125431  0.136538461538
1977  24645.6125431  0.136538461538
1978  24645.6125431  0.136538461538
1979  24645.6125431  0.136538461538
1980  24645.6125431  0.136538461538
1981  24645.6125431  0.136538461538
1982  24645.6125431  0.136538461538
1983  24645.6125431  0.136538461538
1984  24645.6125431  0.136538461538
1985  24645.6125431  0.136538461538
1986  24645.6125431  0.136538461538
1987  24645.6125431  0.136538461538
1988  24645.6125431  0.136538461538
1989  24645.6125431  0.136538461538
1990  24645.6125431  0.136538461538
1991  24645.6125431  0.136538461538
1992  24645.6125431  0.136538461538
1993  24645.6125431  0.136538461538
1994  24645.6125431  0.136538461538
1995  24645.6125431  0.136538461538
1996  24645.6125431  0.136538461538
1997  24645.6125431  0.136538461538
1998  24645.6125431  0.136538461538
1999  24645.6125431  0.136538461538
2000  24645.6125431  0.136538461538
2001  24645.6125431  0.136538461538
2002  24645.6125431  0.136538461538
2003  24645.6125431  0.136538461538
2004  24645.6125431  0.136538461538
2005  24645.6125431  0.136538461538
2006  24645.6125431  0.136538461538
2007  24645.6125431  0.136538461538
2008  24645.6125431  0.136538461538
2009  24645.6125431  0.136538461538
2010  24645.6125431  0.136538461538
2011  24645.6125431  0.136538461538
2012  24645.6125431  0.136538461538
2013  24645.6125431  0.136538461538
2014  24645.6125431  0.136538461538
2015  24645.6125431  0.136538461538
2016  24645.6125431  0.136538461538
2017  24645.6125431  0.136538461538
2018  24645.6125431  0.136538461538
2019  24645.6125431  0.136538461538
2020  24645.6125431  0.136538461538
2021  24645.6125431  0.136538461538
2022  24645.6125431  0.136538461538
2023  24645.6125431  0.136538461538
2024  24645.6125431  0.136538461538
2025  24645.6125431  0.136538461538
2026  24645.6125431  0.136538461538
2027  24645.6125431  0.136538461538
2028  24645.6125431  0.136538461538
2029  24645.6125431  0.136538461538
2030  24645.6125431  0.136538461538
2031  24645.6125431  0.136538461538
2032  24645.6125431  0.136538461538
2033  24645.6125431  0.136538461538
2034  24645.6125431  0.136538461538
2035  24645.6125431  0.136538461538
2036  24645.6125431  0.136538461538
2037  24645.6125431  0.136538461538
2038  24645.6125431  0.136538461538
2039  24645.6125431  0.136538461538
2040  24645.6125431  0.136538461538
2041  24645.6125431  0.136538461538
2042  24645.6125431  0.136538461538
2043  24645.6125431  0.136538461538
2044  24645.6125431  0.136538461538
2045  24645.6125431  0.136538461538
2046  24645.6125431  0.136538461538
2047  24645.6125431  0.136538461538
2048  24645.6125431  0.136538461538
2049  24645.6125431  0.136538461538
2050  24645.6125431  0.136538461538
2051  24645.6125431  0.136538461538
2052  24645.6125431  0.136538461538
2053  24645.6125431  0.136538461538
2054  24645.6125431  0.136538461538
2055  24645.6125431  0.136538461538
2056  24645.6125431  0.136538461538
2057  24645.6125431  0.136538461538
2058  24645.6125431  0.136538461538
2059  24645.6125431  0.136538461538
2060  24645.6125431  0.136538461538
2061  24645.6125431  0.136538461538
2062  24645.6125431  0.136538461538
2063  24645.6125431  0.136538461538
2064  24645.6125431  0.136538461538
2065  24645.6125431  0.136538461538
2066  24645.6125431  0.136538461538
2067  24645.6125431  0.136538461538
2068  24645.6125431  0.136538461538
2069  24645.6125431  0.136538461538
2070  24645.6125431  0.136538461538
2071  24645.6125431  0.136538461538
2072  24645.6125431  0.136538461538
2073  24645.6125431  0.136538461538
2074  24645.6125431  0.136538461538
2075  24645.6125431  0.136538461538
2076  24645.6125431  0.136538461538
2077  24645.6125431  0.136538461538
2078  24645.6125431  0.136538461538
2079  24645.6125431  0.136538461538
2080  24645.6125431  0.136538461538
2081  24645.6125431  0.136538461538
2082  24645.6125431  0.136538461538
2083  24645.6125431  0.136538461538
2084  24645.6125431  0.136538461538
2085  24645.6125431  0.136538461538
2086  24645.6125431  0.136538461538
2087  24645.6125431  0.136538461538
2088  24645.6125431  0.136538461538
2089  24645.6125431  0.136538461538
2090  24645.6125431  0.136538461538
2091  24645.6125431  0.136538461538
2092  24645.6125431  0.136538461538
2093  24645.6125431  0.136538461538
2094  24645.6125431  0.136538461538
2095  24645.6125431  0.136538461538
2096  24645.6125431  0.136538461538
2097  24645.6125431  0.136538461538
2098  24645.6125431  0.136538461538
2099  24645.6125431  0.136538461538
2100  24645.6125431  0.136538461538
2101  24645.6125431  0.136538461538
2102  24645.6125431  0.136538461538
2103  24645.6125431  0.136538461538
2104  24645.6125431  0.136538461538
2105  24645.6125431  0.136538461538
2106  24645.6125431  0.136538461538
2107  24645.6125431  0.136538461538
2108  24645.6125431  0.136538461538
2109  24645.6125431  0.136538461538
2110  24645.6125431  0.136538461538
2111  24645.6125431  0.136538461538
2112  24645.6125431  0.136538461538
2113  24645.6125431  0.136538461538
2114  24645.6125431  0.136538461538
2115  24645.6125431  0.136538461538
2116  24645.6125431  0.136538461538
2117  24645.6125431  0.136538461538
2118  24645.6125431  0.136538461538
2119  24645.6125431  0.136538461538
2120  24645.6125431  0.136538461538
2121  24645.6125431  0.136538461538
2122  24645.6125431  0.136538461538
2123  24645.6125431  0.136538461538
2124  24645.6125431  0.136538461538
2125  24645.6125431  0.136538461538
2126  24645.6125431  0.136538461538
2127  24645.6125431  0.136538461538
2128  24645.6125431  0.136538461538
2129  24645.6125431  0.136538461538
2130  24645.6125431  0.136538461538
2131  24645.6125431  0.136538461538
2132  24645.6125431  0.136538461538
2133  24645.6125431  0.136538461538
2134  24645.6125431  0.136538461538
2135  24645.6125431  0.136538461538
2136  24645.6125431  0.136538461538
2137  24645.6125431  0.136538461538
2138  24645.6125431  0.136538461538
2139  24645.6125431  0.136538461538
2140  24645.6125431  0.136538461538
2141  24645.6125431  0.136538461538
2142  24645.6125431  0.136538461538
2143  24645.6125431  0.136538461538
2144  24645.6125431  0.136538461538
2145  24645.6125431  0.136538461538
2146  24645.6125431  0.136538461538
2147  24645.6125431  0.136538461538
2148  24645.6125431  0.136538461538
2149  24645.6125431  0.136538461538
2150  24645.6125431  0.136538461538
2151  24645.6125431  0.136538461538
2152  24645.6125431  0.136538461538
2153  24645.6125431  0.136538461538
2154  24645.6125431  0.136538461538
2155  24645.6125431  0.136538461538
2156  24645.6125431  0.136538461538
2157  24645.6125431  0.136538461538
2158  24645.6125431  0.136538461538
2159  24645.6125431  0.136538461538
2160  24645.6125431  0.136538461538
2161  24645.6125431  0.136538461538
2162  24645.6125431  0.136538461538
2163  24645.6125431  0.136538461538
2164  24645.6125431  0.136538461538
2165  24645.6125431  0.136538461538
2166  24645.6125431  0.136538461538
2167  24645.6125431  0.136538461538
2168  24645.6125431  0.136538461538
2169  24645.6125431  0.136538461538
2170  24645.6125431  0.136538461538
2171  24645.6125431  0.136538461538
2172  24645.6125431  0.136538461538
2173  24645.6125431  0.136538461538
2174  24645.6125431  0.136538461538
2175  24645.6125431  0.136538461538
2176  24645.6125431  0.136538461538
2177  24645.6125431  0.136538461538
2178  24645.6125431  0.136538461538
2179  24645.6125431  0.136538461538
2180  24645.6125431  0.136538461538
2181  24645.6125431  0.136538461538
2182  24645.6125431  0.136538461538
2183  24645.6125431  0.136538461538
2184  24645.6125431  0.136538461538
2185  24645.6125431  0.136538461538
2186  24645.6125431  0.136538461538
2187  24645.6125431  0.136538461538
2188  24645.6125431  0.136538461538
2189  24645.6125431  0.136538461538
2190  24645.6125431  0.136538461538
2191  24645.6125431  0.136538461538
2192  24645.6125431  0.136538461538
2193  24645.6125431  0.136538461538
2194  24645.6125431  0.136538461538
2195  24645.6125431  0.136538461538
2196  24645.6125431  0.136538461538
2197  24645.6125431  0.136538461538
2198  24645.6125431  0.136538461538
2199  24645.6125431  0.136538461538
2200  24645.6125431  0.136538461538
2201  24645.6125431  0.136538461538
2202  24645.6125431  0.136538461538
2203  24645.6125431  0.136538461538
2204  24645.6125431  0.136538461538
2205  24645.6125431  0.136538461538
2206  24645.6125431  0.136538461538
2207  24645.6125431  0.136538461538
2208  24645.6125431  0.136538461538
2209  24645.6125431  0.136538461538
2210  24645.6125431  0.136538461538
2211  24645.6125431  0.136538461538
2212  24645.6125431  0.136538461538
2213  24645.6125431  0.136538461538
2214  24645.6125431  0.136538461538
2215  24645.6125431  0.136538461538
2216  24645.6125431  0.136538461538
2217  24645.6125431  0.136538461538
2218  24645.6125431  0.136538461538
2219  24645.6125431  0.136538461538
2220  24645.6125431  0.136538461538
2221  24645.6125431  0.136538461538
2222  24645.6125431  0.136538461538
2223  24645.6125431  0.136538461538
2224  24645.6125431  0.136538461538
2225  24645.6125431  0.136538461538
2226  24645.6125431  0.136538461538
2227  24645.6125431  0.136538461538
2228  24645.6125431  0.136538461538
2229  24645.6125431  0.136538461538
2230  24645.6125431  0.136538461538
2231  24645.6125431  0.136538461538
2232  24645.6125431  0.136538461538
2233  24645.6125431  0.136538461538
2234  24645.6125431  0.136538461538
2235  24645.6125431  0.136538461538
2236  24645.6125431  0.136538461538
2237  24645.6125431  0.136538461538
2238  24645.6125431  0.136538461538
2239  24645.6125431  0.136538461538
2240  24645.6125431  0.136538461538
2241  24645.6125431  0.136538461538
2242  24645.6125431  0.136538461538
2243  24645.6125431  0.136538461538
2244  24645.6125431  0.136538461538
2245  24645.6125431  0.136538461538
2246  24645.6125431  0.136538461538
2247  24645.6125431  0.136538461538
2248  24645.6125431  0.136538461538
2249  24645.6125431  0.136538461538
2250  24645.6125431  0.136538461538
2251  24645.6125431  0.136538461538
2252  24645.6125431  0.136538461538
2253  24645.6125431  0.136538461538
2254  24645.6125431  0.136538461538
2255  24645.6125431  0.136538461538
2256  24645.6125431  0.136538461538
2257  24645.6125431  0.136538461538
2258  24645.6125431  0.136538461538
2259  24645.6125431  0.136538461538
2260  24645.6125431  0.136538461538
2261  24645.6125431  0.136538461538
2262  24645.6125431  0.136538461538
2263  24645.6125431  0.136538461538
2264  24645.6125431  0.136538461538
2265  24645.6125431  0.136538461538
2266  24645.6125431  0.136538461538
2267  24645.6125431  0.136538461538
2268  24645.6125431  0.136538461538
2269  24645.6125431  0.136538461538
2270  24645.6125431  0.136538461538
2271  24645.6125431  0.136538461538
2272  24645.6125431  0.136538461538
2273  24645.6125431  0.136538461538
2274  24645.6125431  0.136538461538
2275  24645.6125431  0.136538461538
2276  24645.6125431  0.136538461538
2277  24645.6125431  0.136538461538
2278  24645.6125431  0.136538461538
2279  24645.6125431  0.136538461538
2280  24645.6125431  0.136538461538
2281  24645.6125431  0.136538461538
2282  24645.6125431  0.136538461538
2283  24645.6125431  0.136538461538
2284  24645.6125431  0.136538461538
2285  24645.6125431  0.136538461538
2286  24645.6125431  0.136538461538
2287  24645.6125431  0.136538461538
2288  24645.6125431  0.136538461538
2289  24645.6125431  0.136538461538
2290  24645.6125431  0.136538461538
2291  24645.6125431  0.136538461538
2292  24645.6125431  0.136538461538
2293  24645.6125431  0.136538461538
2294  24645.6125431  0.136538461538
2295  24645.6125431  0.136538461538
2296  24645.6125431  0.136538461538
2297  24645.6125431  0.136538461538
2298  24645.6125431  0.136538461538
2299  24645.6125431  0.136538461538
2300  24645.6125431  0.136538461538
2301  24645.6125431  0.136538461538
2302  24645.6125431  0.136538461538
2303  24645.6125431  0.136538461538
2304  24645.6125431  0.136538461538
2305  24645.6125431  0.136538461538
2306  24645.6125431  0.136538461538
2307  24645.6125431  0.136538461538
2308  24645.6125431  0.136538461538
2309  24645.6125431  0.136538461538
2310  24645.6125431  0.136538461538
2311  24645.6125431  0.136538461538
2312  24645.6125431  0.136538461538
2313  24645.6125431  0.136538461538
2314  24645.6125431  0.136538461538
2315  24645.6125431  0.136538461538
2316  24645.6125431  0.136538461538
2317  24645.6125431  0.136538461538
2318  24645.6125431  0.136538461538
2319  24645.6125431  0.136538461538
2320  24645.6125431  0.136538461538
2321  24645.6125431  0.136538461538
2322  24645.6125431  0.136538461538
2323  24645.6125431  0.136538461538
2324  24645.6125431  0.136538461538
2325  24645.6125431  0.136538461538
2326  24645.6125431  0.136538461538
2327  24645.6125431  0.136538461538
2328  24645.6125431  0.136538461538
2329  24645.6125431  0.136538461538
2330  24645.6125431  0.136538461538
2331  24645.6125431  0.136538461538
2332  24645.6125431  0.136538461538
2333  24645.6125431  0.136538461538
2334  24645.6125431  0.136538461538
2335  24645.6125431  0.136538461538
2336  24645.6125431  0.136538461538
2337  24645.6125431  0.136538461538
2338  24645.6125431  0.136538461538
2339  24645.6125431  0.136538461538
2340  24645.6125431  0.136538461538
2341  24645.6125431  0.136538461538
2342  24645.6125431  0.136538461538
2343  24645.6125431  0.136538461538
2344  24645.6125431  0.136538461538
2345  24645.6125431  0.136538461538
2346  24645.6125431  0.136538461538
2347  24645.6125431  0.136538461538
2348  24645.6125431  0.136538461538
2349  24645.6125431  0.136538461538
2350  24645.6125431  0.136538461538
2351  24645.6125431  0.136538461538
2352  24645.6125431  0.136538461538
2353  24645.6125431  0.136538461538
2354  24645.6125431  0.136538461538
2355  24645.6125431  0.136538461538
2356  24645.6125431  0.136538461538
2357  24645.6125431  0.136538461538
2358  24645.6125431  0.136538461538
2359  24645.6125431  0.136538461538
2360  24645.6125431  0.136538461538
2361  24645.6125431  0.136538461538
2362  24645.6125431  0.136538461538
2363  24645.6125431  0.136538461538
2364  24645.6125431  0.136538461538
2365  24645.6125431  0.136538461538
2366  24645.6125431  0.136538461538
2367  24645.6125431  0.136538461538
2368  24645.6125431  0.136538461538
2369  24645.6125431  0.136538461538
2370  24645.6125431  0.136538461538
2371  24645.6125431  0.136538461538
2372  24645.6125431  0.136538461538
2373  24645.6125431  0.136538461538
2374  24645.6125431  0.136538461538
2375  24645.6125431  0.136538461538
2376  24645.6125431  0.136538461538
2377  24645.6125431  0.136538461538
2378  24645.6125431  0.136538461538
2379  24645.6125431  0.136538461538
2380  24645.6125431  0.136538461538
2381  24645.6125431  0.136538461538
2382  24645.6125431  0.136538461538
2383  24645.6125431  0.136538461538
2384  24645.6125431  0.136538461538
2385  24645.6125431  0.136538461538
2386  24645.6125431  0.136538461538
2387  24645.6125431  0.136538461538
2388  24645.6125431  0.136538461538
2389  24645.6125431  0.136538461538
2390  24645.6125431  0.136538461538
2391  24645.6125431  0.136538461538
2392  24645.6125431  0.136538461538
2393  24645.6125431  0.136538461538
2394  24645.6125431  0.136538461538
2395  24645.6125431  0.136538461538
2396  24645.6125431  0.136538461538
2397  24645.6125431  0.136538461538
2398  24645.6125431  0.136538461538
2399  24645.6125431  0.136538461538
2400  24645.6125431  0.136538461538
2401  24645.6125431  0.136538461538
2402  24645.6125431  0.136538461538
2403  24645.6125431  0.136538461538
2404  24645.6125431  0.136538461538
2405  24645.6125431  0.136538461538
2406  24645.6125431  0.136538461538
2407  24645.6125431  0.136538461538
2408  24645.6125431  0.136538461538
2409  24645.6125431  0.136538461538
2410  24645.6125431  0.136538461538
2411  24645.6125431  0.136538461538
2412  24645.6125431  0.136538461538
2413  24645.6125431  0.136538461538
2414  24645.6125431  0.136538461538
2415  24645.6125431  0.136538461538
2416  24645.6125431  0.136538461538
2417  24645.6125431  0.136538461538
2418  24645.6125431  0.136538461538
2419  24645.6125431  0.136538461538
2420  24645.6125431  0.136538461538
2421  24645.6125431  0.136538461538
2422  24645.6125431  0.136538461538
2423  24645.6125431  0.136538461538
2424  24645.6125431  0.136538461538
2425  24645.6125431  0.136538461538
2426  24645.6125431  0.136538461538
2427  24645.6125431  0.136538461538
2428  24645.6125431  0.136538461538
2429  24645.6125431  0.136538461538
2430  24645.6125431  0.136538461538
2431  24645.6125431  0.136538461538
2432  24645.6125431  0.136538461538
2433  24645.6125431  0.136538461538
2434  24645.6125431  0.136538461538
2435  24645.6125431  0.136538461538
2436  24645.6125431  0.136538461538
2437  24645.6125431  0.136538461538
2438  24645.6125431  0.136538461538
2439  24645.6125431  0.136538461538
2440  24645.6125431  0.136538461538
2441  24645.6125431  0.136538461538
2442  24645.6125431  0.136538461538
2443  24645.6125431  0.136538461538
2444  24645.6125431  0.136538461538
2445  24645.6125431  0.136538461538
2446  24645.6125431  0.136538461538
2447  24645.6125431  0.136538461538
2448  24645.6125431  0.136538461538
2449  24645.6125431  0.136538461538
2450  24645.6125431  0.136538461538
2451  24645.6125431  0.136538461538
2452  24645.6125431  0.136538461538
2453  24645.6125431  0.136538461538
2454  24645.6125431  0.136538461538
2455  24645.6125431  0.136538461538
2456  24645.6125431  0.136538461538
2457  24645.6125431  0.136538461538
2458  24645.6125431  0.136538461538
2459  24645.6125431  0.136538461538
2460  24645.6125431  0.136538461538
2461  24645.6125431  0.136538461538
2462  24645.6125431  0.136538461538
2463  24645.6125431  0.136538461538
2464  24645.6125431  0.136538461538
2465  24645.6125431  0.136538461538
2466  24645.6125431  0.136538461538
2467  24645.6125431  0.136538461538
2468  24645.6125431  0.136538461538
2469  24645.6125431  0.136538461538
2470  24645.6125431  0.136538461538
2471  24645.6125431  0.136538461538
2472  24645.6125431  0.136538461538
2473  24645.6125431  0.136538461538
2474  24645.6125431  0.136538461538
2475  24645.6125431  0.136538461538
2476  24645.6125431  0.136538461538
2477  24645.6125431  0.136538461538
2478  24645.6125431  0.136538461538
2479  24645.6125431  0.136538461538
2480  24645.6125431  0.136538461538
2481  24645.6125431  0.136538461538
2482  24645.6125431  0.136538461538
2483  24645.6125431  0.136538461538
2484  24645.6125431  0.136538461538
2485  24645.6125431  0.136538461538
2486  24645.6125431  0.136538461538
2487  24645.6125431  0.136538461538
2488  24645.6125431  0.136538461538
2489  24645.6125431  0.136538461538
2490  24645.6125431  0.136538461538
2491  24645.6125431  0.136538461538
2492  24645.6125431  0.136538461538
2493  24645.6125431  0.136538461538
2494  24645.6125431  0.136538461538
2495  24645.6125431  0.136538461538
2496  24645.6125431  0.136538461538
2497  24645.6125431  0.136538461538
2498  24645.6125431  0.136538461538
2499  24645.6125431  0.136538461538
2500  24645.6125431  0.136538461538
2501  24645.6125431  0.136538461538
2502  24645.6125431  0.136538461538
2503  24645.6125431  0.136538461538
2504  24645.6125431  0.136538461538
2505  24645.6125431  0.136538461538
2506  24645.6125431  0.136538461538
2507  24645.6125431  0.136538461538
2508  24645.6125431  0.136538461538
2509  24645.6125431  0.136538461538
2510  24645.6125431  0.136538461538
2511  24645.6125431  0.136538461538
2512  24645.6125431  0.136538461538
2513  24645.6125431  0.136538461538
2514  24645.6125431  0.136538461538
2515  24645.6125431  0.136538461538
2516  24645.6125431  0.136538461538
2517  24645.6125431  0.136538461538
2518  24645.6125431  0.136538461538
2519  24645.6125431  0.136538461538
2520  24645.6125431  0.136538461538
2521  24645.6125431  0.136538461538
2522  24645.6125431  0.136538461538
2523  24645.6125431  0.136538461538
2524  24645.6125431  0.136538461538
2525  24645.6125431  0.136538461538
2526  24645.6125431  0.136538461538
2527  24645.6125431  0.136538461538
2528  24645.6125431  0.136538461538
2529  24645.6125431  0.136538461538
2530  24645.6125431  0.136538461538
2531  24645.6125431  0.136538461538
2532  24645.6125431  0.136538461538
2533  24645.6125431  0.136538461538
2534  24645.6125431  0.136538461538
2535  24645.6125431  0.136538461538
2536  24645.6125431  0.136538461538
2537  24645.6125431  0.136538461538
2538  24645.6125431  0.136538461538
2539  24645.6125431  0.136538461538
2540  24645.6125431  0.136538461538
2541  24645.6125431  0.136538461538
2542  24645.6125431  0.136538461538
2543  24645.6125431  0.136538461538
2544  24645.6125431  0.136538461538
2545  24645.6125431  0.136538461538
2546  24645.6125431  0.136538461538
2547  24645.6125431  0.136538461538
2548  24645.6125431  0.136538461538
2549  24645.6125431  0.136538461538
2550  24645.6125431  0.136538461538
2551  24645.6125431  0.136538461538
2552  24645.6125431  0.136538461538
2553  24645.6125431  0.136538461538
2554  24645.6125431  0.136538461538
2555  24645.6125431  0.136538461538
2556  24645.6125431  0.136538461538
2557  24645.6125431  0.136538461538
2558  24645.6125431  0.136538461538
2559  24645.6125431  0.136538461538
2560  24645.6125431  0.136538461538
2561  24645.6125431  0.136538461538
2562  24645.6125431  0.136538461538
2563  24645.6125431  0.136538461538
2564  24645.6125431  0.136538461538
2565  24645.6125431  0.136538461538
2566  24645.6125431  0.136538461538
2567  24645.6125431  0.136538461538
2568  24645.6125431  0.136538461538
2569  24645.6125431  0.136538461538
2570  24645.6125431  0.136538461538
2571  24645.6125431  0.136538461538
2572  24645.6125431  0.136538461538
2573  24645.6125431  0.136538461538
2574  24645.6125431  0.136538461538
2575  24645.6125431  0.136538461538
2576  24645.6125431  0.136538461538
2577  24645.6125431  0.136538461538
2578  24645.6125431  0.136538461538
2579  24645.6125431  0.136538461538
2580  24645.6125431  0.136538461538
2581  24645.6125431  0.136538461538
2582  24645.6125431  0.136538461538
2583  24645.6125431  0.136538461538
2584  24645.6125431  0.136538461538
2585  24645.6125431  0.136538461538
2586  24645.6125431  0.136538461538
2587  24645.6125431  0.136538461538
2588  24645.6125431  0.136538461538
2589  24645.6125431  0.136538461538
2590  24645.6125431  0.136538461538
2591  24645.6125431  0.136538461538
2592  24645.6125431  0.136538461538
2593  24645.6125431  0.136538461538
2594  24645.6125431  0.136538461538
2595  24645.6125431  0.136538461538
2596  24645.6125431  0.136538461538
2597  24645.6125431  0.136538461538
2598  24645.6125431  0.136538461538
2599  24645.6125431  0.136538461538
2600  24645.6125431  0.136538461538
2601  24645.6125431  0.136538461538
2602  24645.6125431  0.136538461538
2603  24645.6125431  0.136538461538
2604  24645.6125431  0.136538461538
2605  24645.6125431  0.136538461538
2606  24645.6125431  0.136538461538
2607  24645.6125431  0.136538461538
2608  24645.6125431  0.136538461538
2609  24645.6125431  0.136538461538
2610  24645.6125431  0.136538461538
2611  24645.6125431  0.136538461538
2612  24645.6125431  0.136538461538
2613  24645.6125431  0.136538461538
2614  24645.6125431  0.136538461538
2615  24645.6125431  0.136538461538
2616  24645.6125431  0.136538461538
2617  24645.6125431  0.136538461538
2618  24645.6125431  0.136538461538
2619  24645.6125431  0.136538461538
2620  24645.6125431  0.136538461538
2621  24645.6125431  0.136538461538
2622  24645.6125431  0.136538461538
2623  24645.6125431  0.136538461538
2624  24645.6125431  0.136538461538
2625  24645.6125431  0.136538461538
2626  24645.6125431  0.136538461538
2627  24645.6125431  0.136538461538
2628  24645.6125431  0.136538461538
2629  24645.6125431  0.136538461538
2630  24645.6125431  0.136538461538
2631  24645.6125431  0.136538461538
2632  24645.6125431  0.136538461538
2633  24645.6125431  0.136538461538
2634  24645.6125431  0.136538461538
2635  24645.6125431  0.136538461538
2636  24645.6125431  0.136538461538
2637  24645.6125431  0.136538461538
2638  24645.6125431  0.136538461538
2639  24645.6125431  0.136538461538
2640  24645.6125431  0.136538461538
2641  24645.6125431  0.136538461538
2642  24645.6125431  0.136538461538
2643  24645.6125431  0.136538461538
2644  24645.6125431  0.136538461538
2645  24645.6125431  0.136538461538
2646  24645.6125431  0.136538461538
2647  24645.6125431  0.136538461538
2648  24645.6125431  0.136538461538
2649  24645.6125431  0.136538461538
2650  24645.6125431  0.136538461538
2651  24645.6125431  0.136538461538
2652  24645.6125431  0.136538461538
2653  24645.6125431  0.136538461538
2654  24645.6125431  0.136538461538
2655  24645.6125431  0.136538461538
2656  24645.6125431  0.136538461538
2657  24645.6125431  0.136538461538
2658  24645.6125431  0.136538461538
2659  24645.6125431  0.136538461538
2660  24645.6125431  0.136538461538
2661  24645.6125431  0.136538461538
2662  24645.6125431  0.136538461538
2663  24645.6125431  0.136538461538
2664  24645.6125431  0.136538461538
2665  24645.6125431  0.136538461538
2666  24645.6125431  0.136538461538
2667  24645.6125431  0.136538461538
2668  24645.6125431  0.136538461538
2669  24645.6125431  0.136538461538
2670  24645.6125431  0.136538461538
2671  24645.6125431  0.136538461538
2672  24645.6125431  0.136538461538
2673  24645.6125431  0.136538461538
2674  24645.6125431  0.136538461538
2675  24645.6125431  0.136538461538
2676  24645.6125431  0.136538461538
2677  24645.6125431  0.136538461538
2678  24645.6125431  0.136538461538
2679  24645.6125431  0.136538461538
2680  24645.6125431  0.136538461538
2681  24645.6125431  0.136538461538
2682  24645.6125431  0.136538461538
2683  24645.6125431  0.136538461538
2684  24645.6125431  0.136538461538
2685  24645.6125431  0.136538461538
2686  24645.6125431  0.136538461538
2687  24645.6125431  0.136538461538
2688  24645.6125431  0.136538461538
2689  24645.6125431  0.136538461538
2690  24645.6125431  0.136538461538
2691  24645.6125431  0.136538461538
2692  24645.6125431  0.136538461538
2693  24645.6125431  0.136538461538
2694  24645.6125431  0.136538461538
2695  24645.6125431  0.136538461538
2696  24645.6125431  0.136538461538
2697  24645.6125431  0.136538461538
2698  24645.6125431  0.136538461538
2699  24645.6125431  0.136538461538
2700  24645.6125431  0.136538461538
2701  24645.6125431  0.136538461538
2702  24645.6125431  0.136538461538
2703  24645.6125431  0.136538461538
2704  24645.6125431  0.136538461538
2705  24645.6125431  0.136538461538
2706  24645.6125431  0.136538461538
2707  24645.6125431  0.136538461538
2708  24645.6125431  0.136538461538
2709  24645.6125431  0.136538461538
2710  24645.6125431  0.136538461538
2711  24645.6125431  0.136538461538
2712  24645.6125431  0.136538461538
2713  24645.6125431  0.136538461538
2714  24645.6125431  0.136538461538
2715  24645.6125431  0.136538461538
2716  24645.6125431  0.136538461538
2717  24645.6125431  0.136538461538
2718  24645.6125431  0.136538461538
2719  24645.6125431  0.136538461538
2720  24645.6125431  0.136538461538
2721  24645.6125431  0.136538461538
2722  24645.6125431  0.136538461538
2723  24645.6125431  0.136538461538
2724  24645.6125431  0.136538461538
2725  24645.6125431  0.136538461538
2726  24645.6125431  0.136538461538
2727  24645.6125431  0.136538461538
2728  24645.6125431  0.136538461538
2729  24645.6125431  0.136538461538
2730  24645.6125431  0.136538461538
2731  24645.6125431  0.136538461538
2732  24645.6125431  0.136538461538
2733  24645.6125431  0.136538461538
2734  24645.6125431  0.136538461538
2735  24645.6125431  0.136538461538
2736  24645.6125431  0.136538461538
2737  24645.6125431  0.136538461538
2738  24645.6125431  0.136538461538
2739  24645.6125431  0.136538461538
2740  24645.6125431  0.136538461538
2741  24645.6125431  0.136538461538
2742  24645.6125431  0.136538461538
2743  24645.6125431  0.136538461538
2744  24645.6125431  0.136538461538
2745  24645.6125431  0.136538461538
2746  24645.6125431  0.136538461538
2747  24645.6125431  0.136538461538
2748  24645.6125431  0.136538461538
2749  24645.6125431  0.136538461538
2750  24645.6125431  0.136538461538
2751  24645.6125431  0.136538461538
2752  24645.6125431  0.136538461538
2753  24645.6125431  0.136538461538
2754  24645.6125431  0.136538461538
2755  24645.6125431  0.136538461538
2756  24645.6125431  0.136538461538
2757  24645.6125431  0.136538461538
2758  24645.6125431  0.136538461538
2759  24645.6125431  0.136538461538
2760  24645.6125431  0.136538461538
2761  24645.6125431  0.136538461538
2762  24645.6125431  0.136538461538
2763  24645.6125431  0.136538461538
2764  24645.6125431  0.136538461538
2765  24645.6125431  0.136538461538
2766  24645.6125431  0.136538461538
2767  24645.6125431  0.136538461538
2768  24645.6125431  0.136538461538
2769  24645.6125431  0.136538461538
2770  24645.6125431  0.136538461538
2771  24645.6125431  0.136538461538
2772  24645.6125431  0.136538461538
2773  24645.6125431  0.136538461538
2774  24645.6125431  0.136538461538
2775  24645.6125431  0.136538461538
2776  24645.6125431  0.136538461538
2777  24645.6125431  0.136538461538
2778  24645.6125431  0.136538461538
2779  24645.6125431  0.136538461538
2780  24645.6125431  0.136538461538
2781  24645.6125431  0.136538461538
2782  24645.6125431  0.136538461538
2783  24645.6125431  0.136538461538
2784  24645.6125431  0.136538461538
2785  24645.6125431  0.136538461538
2786  24645.6125431  0.136538461538
2787  24645.6125431  0.136538461538
2788  24645.6125431  0.136538461538
2789  24645.6125431  0.136538461538
2790  24645.6125431  0.136538461538
2791  24645.6125431  0.136538461538
2792  24645.6125431  0.136538461538
2793  24645.6125431  0.136538461538
2794  24645.6125431  0.136538461538
2795  24645.6125431  0.136538461538
2796  24645.6125431  0.136538461538
2797  24645.6125431  0.136538461538
2798  24645.6125431  0.136538461538
2799  24645.6125431  0.136538461538
2800  24645.6125431  0.136538461538
2801  24645.6125431  0.136538461538
2802  24645.6125431  0.136538461538
2803  24645.6125431  0.136538461538
2804  24645.6125431  0.136538461538
2805  24645.6125431  0.136538461538
2806  24645.6125431  0.136538461538
2807  24645.6125431  0.136538461538
2808  24645.6125431  0.136538461538
2809  24645.6125431  0.136538461538
2810  24645.6125431  0.136538461538
2811  24645.6125431  0.136538461538
2812  24645.6125431  0.136538461538
2813  24645.6125431  0.136538461538
2814  24645.6125431  0.136538461538
2815  24645.6125431  0.136538461538
2816  24645.6125431  0.136538461538
2817  24645.6125431  0.136538461538
2818  24645.6125431  0.136538461538
2819  24645.6125431  0.136538461538
2820  24645.6125431  0.136538461538
2821  24645.6125431  0.136538461538
2822  24645.6125431  0.136538461538
2823  24645.6125431  0.136538461538
2824  24645.6125431  0.136538461538
2825  24645.6125431  0.136538461538
2826  24645.6125431  0.136538461538
2827  24645.6125431  0.136538461538
2828  24645.6125431  0.136538461538
2829  24645.6125431  0.136538461538
2830  24645.6125431  0.136538461538
2831  24645.6125431  0.136538461538
2832  24645.6125431  0.136538461538
2833  24645.6125431  0.136538461538
2834  24645.6125431  0.136538461538
2835  24645.6125431  0.136538461538
2836  24645.6125431  0.136538461538
2837  24645.6125431  0.136538461538
2838  24645.6125431  0.136538461538
2839  24645.6125431  0.136538461538
2840  24645.6125431  0.136538461538
2841  24645.6125431  0.136538461538
2842  24645.6125431  0.136538461538
2843  24645.6125431  0.136538461538
2844  24645.6125431  0.136538461538
2845  24645.6125431  0.136538461538
2846  24645.6125431  0.136538461538
2847  24645.6125431  0.136538461538
2848  24645.6125431  0.136538461538
2849  24645.6125431  0.136538461538
2850  24645.6125431  0.136538461538
2851  24645.6125431  0.136538461538
2852  24645.6125431  0.136538461538
2853  24645.6125431  0.136538461538
2854  24645.6125431  0.136538461538
2855  24645.6125431  0.136538461538
2856  24645.6125431  0.136538461538
2857  24645.6125431  0.136538461538
2858  24645.6125431  0.136538461538
2859  24645.6125431  0.136538461538
2860  24645.6125431  0.136538461538
2861  24645.6125431  0.136538461538
2862  24645.6125431  0.136538461538
2863  24645.6125431  0.136538461538
2864  24645.6125431  0.136538461538
2865  24645.6125431  0.136538461538
2866  24645.6125431  0.136538461538
2867  24645.6125431  0.136538461538
2868  24645.6125431  0.136538461538
2869  24645.6125431  0.136538461538
2870  24645.6125431  0.136538461538
2871  24645.6125431  0.136538461538
2872  24645.6125431  0.136538461538
2873  24645.6125431  0.136538461538
2874  24645.6125431  0.136538461538
2875  24645.6125431  0.136538461538
2876  24645.6125431  0.136538461538
2877  24645.6125431  0.136538461538
2878  24645.6125431  0.136538461538
2879  24645.6125431  0.136538461538
2880  24645.6125431  0.136538461538
2881  24645.6125431  0.136538461538
2882  24645.6125431  0.136538461538
2883  24645.6125431  0.136538461538
2884  24645.6125431  0.136538461538
2885  24645.6125431  0.136538461538
2886  24645.6125431  0.136538461538
2887  24645.6125431  0.136538461538
2888  24645.6125431  0.136538461538
2889  24645.6125431  0.136538461538
2890  24645.6125431  0.136538461538
2891  24645.6125431  0.136538461538
2892  24645.6125431  0.136538461538
2893  24645.6125431  0.136538461538
2894  24645.6125431  0.136538461538
2895  24645.6125431  0.136538461538
2896  24645.6125431  0.136538461538
2897  24645.6125431  0.136538461538
2898  24645.6125431  0.136538461538
2899  24645.6125431  0.136538461538
2900  24645.6125431  0.136538461538
2901  24645.6125431  0.136538461538
2902  24645.6125431  0.136538461538
2903  24645.6125431  0.136538461538
2904  24645.6125431  0.136538461538
2905  24645.6125431  0.136538461538
2906  24645.6125431  0.136538461538
2907  24645.6125431  0.136538461538
2908  24645.6125431  0.136538461538
2909  24645.6125431  0.136538461538
2910  24645.6125431  0.136538461538
2911  24645.6125431  0.136538461538
2912  24645.6125431  0.136538461538
2913  24645.6125431  0.136538461538
2914  24645.6125431  0.136538461538
2915  24645.6125431  0.136538461538
2916  24645.6125431  0.136538461538
2917  24645.6125431  0.136538461538
2918  24645.6125431  0.136538461538
2919  24645.6125431  0.136538461538
2920  24645.6125431  0.136538461538
2921  24645.6125431  0.136538461538
2922  24645.6125431  0.136538461538
2923  24645.6125431  0.136538461538
2924  24645.6125431  0.136538461538
2925  24645.6125431  0.136538461538
2926  24645.6125431  0.136538461538
2927  24645.6125431  0.136538461538
2928  24645.6125431  0.136538461538
2929  24645.6125431  0.136538461538
2930  24645.6125431  0.136538461538
2931  24645.6125431  0.136538461538
2932  24645.6125431  0.136538461538
2933  24645.6125431  0.136538461538
2934  24645.6125431  0.136538461538
2935  24645.6125431  0.136538461538
2936  24645.6125431  0.136538461538
2937  24645.6125431  0.136538461538
2938  24645.6125431  0.136538461538
2939  24645.6125431  0.136538461538
2940  24645.6125431  0.136538461538
2941  24645.6125431  0.136538461538
2942  24645.6125431  0.136538461538
2943  24645.6125431  0.136538461538
2944  24645.6125431  0.136538461538
2945  24645.6125431  0.136538461538
2946  24645.6125431  0.136538461538
2947  24645.6125431  0.136538461538
2948  24645.6125431  0.136538461538
2949  24645.6125431  0.136538461538
2950  24645.6125431  0.136538461538
2951  24645.6125431  0.136538461538
2952  24645.6125431  0.136538461538
2953  24645.6125431  0.136538461538
2954  24645.6125431  0.136538461538
2955  24645.6125431  0.136538461538
2956  24645.6125431  0.136538461538
2957  24645.6125431  0.136538461538
2958  24645.6125431  0.136538461538
2959  24645.6125431  0.136538461538
2960  24645.6125431  0.136538461538
2961  24645.6125431  0.136538461538
2962  24645.6125431  0.136538461538
2963  24645.6125431  0.136538461538
2964  24645.6125431  0.136538461538
2965  24645.6125431  0.136538461538
2966  24645.6125431  0.136538461538
2967  24645.6125431  0.136538461538
2968  24645.6125431  0.136538461538
2969  24645.6125431  0.136538461538
2970  24645.6125431  0.136538461538
2971  24645.6125431  0.136538461538
2972  24645.6125431  0.136538461538
2973  24645.6125431  0.136538461538
2974  24645.6125431  0.136538461538
2975  24645.6125431  0.136538461538
2976  24645.6125431  0.136538461538
2977  24645.6125431  0.136538461538
2978  24645.6125431  0.136538461538
2979  24645.6125431  0.136538461538
2980  24645.6125431  0.136538461538
2981  24645.6125431  0.136538461538
2982  24645.6125431  0.136538461538
2983  24645.6125431  0.136538461538
2984  24645.6125431  0.136538461538
2985  24645.6125431  0.136538461538
2986  24645.6125431  0.136538461538
2987  24645.6125431  0.136538461538
2988  24645.6125431  0.136538461538
2989  24645.6125431  0.136538461538
2990  24645.6125431  0.136538461538
2991  24645.6125431  0.136538461538
2992  24645.6125431  0.136538461538
2993  24645.6125431  0.136538461538
2994  24645.6125431  0.136538461538
2995  24645.6125431  0.136538461538
2996  24645.6125431  0.136538461538
2997  24645.6125431  0.136538461538
2998  24645.6125431  0.136538461538
2999  24645.6125431  0.136538461538
#[-9, -9, -6, -1, -1, -1, 1, 3, 3, 4, 4, 5, 6, 6, 6, 7, 7, 7, 8, 9]
#[-8, -8, -5, -5, -3, -1, 0, 1, 1, 2, 3, 4, 5, 6, 7, 8, 8, 8, 9, 9]
#[-9, -8, -7, -7, -6, -5, -5, -4, -4, -4, 0, 2, 3, 4, 4, 5, 6, 7, 7, 9]
#[-9, -7, -6, -4, -3, -2, -2, 0, 2, 4, 5, 5, 5, 5, 5, 5, 5, 6, 6, 7]
#[-2, -1, 2, 5, 5, 5, 5, 5, 5, 5, 5, 5, 5, 5, 5, 5, 5, 5, 5, 5]
#[-9, -5, -5, 0, 2, 5, 5, 5, 5, 5, 5, 5, 5, 5, 5, 5, 5, 5, 5, 6]
#[-9, -5, 5, 5, 5, 5, 5, 5, 5, 5, 5, 5, 5, 5, 5, 5, 5, 5, 5, 5]
#[5, 5, 5, 5, 5, 5, 5, 5, 5, 5, 5, 5, 5, 5, 5, 5, 5, 5, 5, 8]
#[-4, -2, 3, 3, 5, 5, 5, 5, 5, 5, 5, 5, 5, 5, 5, 5, 5, 5, 5, 5]
#[-5, 4, 5, 5, 5, 5, 5, 5, 5, 5, 5, 5, 5, 5, 5, 5, 5, 5, 8, 9]
#[-9, -4, 5, 5, 5, 5, 5, 5, 5, 5, 5, 5, 5, 5, 5, 5, 5, 5, 8, 9]
#[-9, -7, -6, 5, 5, 5, 5, 5, 5, 5, 5, 5, 5, 5, 5, 5, 5, 5, 5, 7]
#[-7, -7, 2, 5, 5, 5, 5, 5, 5, 5, 5, 5, 5, 5, 5, 5, 5, 5, 5, 7]
#[0, 4, 5, 5, 5, 5, 5, 5, 5, 5, 5, 5, 5, 5, 5, 5, 5, 5, 6, 9]
#[-5, -4, -2, 5, 5, 5, 5, 5, 5, 5, 5, 5, 5, 5, 5, 5, 5, 5, 5, 9]
#[-7, -7, -5, -5, -3, -1, 5, 5, 5, 5, 5, 5, 5, 5, 5, 5, 5, 5, 5, 5]
#[-8, -7, 5, 5, 5, 5, 5, 5, 5, 5, 5, 5, 5, 5, 5, 5, 5, 5, 5, 5]
#[-9, -6, -4, 1, 5, 5, 5, 5, 5, 5, 5, 5, 5, 5, 5, 5, 5, 5, 6, 6]
#[-8, -6, -6, -3, 5, 5, 5, 5, 5, 5, 5, 5, 5, 5, 5, 5, 5, 5, 5, 8]
#[-7, -5, 4, 5, 5, 5, 5, 5, 5, 5, 5, 5, 5, 5, 5, 5, 5, 5, 5, 6]
#[-8, -1, 0, 4, 5, 5, 5, 5, 5, 5, 5, 5, 5, 5, 5, 5, 5, 5, 5, 6]
#[3, 5, 5, 5, 5, 5, 5, 5, 5, 5, 5, 5, 5, 5, 5, 5, 5, 5, 5, 5]
#[5, 5, 5, 5, 5, 5, 5, 5, 5, 5, 5, 5, 5, 5, 5, 5, 5, 5, 5, 6]
#[-8, 1, 5, 5, 5, 5, 5, 5, 5, 5, 5, 5, 5, 5, 5, 5, 5, 5, 5, 5]
#[-7, -6, 1, 1, 3, 5, 5, 5, 5, 5, 5, 5, 5, 5, 5, 5, 5, 5, 5, 5]
#Specialization index= [1, 8, 0.375]
