#[8, 4, 5, 8, 0]
#[5, 3, 4, 9, 9]
#[4, 9, 9, 7, 7]
#[4, 9, 4, 4, 2]
#[2, 8, 4, 5, 3]
#[7, 8, 4, 9, 6]
#[6, 9, 3, 3, 8]
#[4, 5, 3, 8, 7]
#[8, 8, 7, 1, 6]
0  1304.046875  0.0
1  1586.2109375  0.12
2  1586.2109375  0.12
3  1586.2109375  0.12
4  1586.2109375  0.12
5  1586.2109375  0.12
6  1641.25  0.06
7  1641.25  0.06
8  1641.25  0.06
9  1641.25  0.06
10  1641.25  0.06
11  1641.25  0.06
12  1641.25  0.06
13  1641.25  0.06
14  1641.25  0.06
15  1641.25  0.06
16  1641.25  0.06
17  1641.25  0.06
18  1641.25  0.06
19  1641.25  0.06
20  1641.25  0.06
21  1641.25  0.06
22  1641.25  0.06
23  1641.25  0.06
24  1641.25  0.06
25  1641.25  0.06
26  1641.25  0.06
27  1641.25  0.06
28  1641.25  0.06
29  1641.25  0.06
30  1641.25  0.06
31  1641.25  0.06
32  1641.25  0.06
33  1641.25  0.06
34  1641.25  0.06
35  1641.25  0.06
36  1641.25  0.06
37  1641.25  0.06
38  1641.25  0.06
39  1641.25  0.06
40  1641.25  0.06
41  1641.25  0.06
42  1641.25  0.06
43  1641.25  0.06
44  1641.25  0.06
45  1641.25  0.06
46  1641.25  0.06
47  1641.25  0.06
48  1641.25  0.06
49  1641.25  0.06
50  1641.25  0.06
51  1641.25  0.06
52  1641.25  0.06
53  1641.25  0.06
54  1641.25  0.06
55  1641.25  0.06
56  1725.5  0.06
57  1725.5  0.06
58  1725.5  0.06
59  1725.5  0.06
60  1725.5  0.06
61  1725.5  0.06
62  1725.5  0.06
63  1725.5  0.06
64  1725.5  0.06
65  1725.5  0.06
66  1725.5  0.06
67  1725.5  0.06
68  1725.5  0.06
69  1725.5  0.06
70  1725.5  0.06
71  1725.5  0.06
72  1725.5  0.06
73  1725.5  0.06
74  1725.5  0.06
75  1725.5  0.06
76  1725.5  0.06
77  1725.5  0.06
78  1725.5  0.06
79  1725.5  0.06
80  1725.5  0.06
81  1725.5  0.06
82  1725.5  0.06
83  1725.5  0.06
84  1725.5  0.06
85  1725.5  0.06
86  1725.5  0.06
87  1725.5  0.06
88  1725.5  0.06
89  1725.5  0.06
90  1725.5  0.06
91  1725.5  0.06
92  1725.5  0.06
93  1725.5  0.06
94  1725.5  0.06
95  1725.5  0.06
96  1725.5  0.06
97  1725.5  0.06
98  1725.5  0.06
99  1725.5  0.06
100  1725.5  0.06
101  1725.5  0.06
102  1725.5  0.06
103  1725.5  0.06
104  1725.5  0.06
105  1725.5  0.06
106  1725.5  0.06
107  1725.5  0.06
108  1749.92792969  0.18
109  1749.98822266  0.18
110  1750.03042773  0.18
111  1750.05997129  0.18
112  1750.08065178  0.18
113  1750.09512812  0.18
114  1750.10526156  0.18
115  1750.11235497  0.18
116  1750.11732035  0.18
117  1750.12079612  0.18
118  1750.12322916  0.18
119  1750.12493229  0.18
120  1750.12612448  0.18
121  1750.12695901  0.18
122  1750.12754318  0.18
123  1750.1279521  0.18
124  1750.12823835  0.18
125  1750.12843872  0.18
126  1750.12857898  0.18
127  1750.12867716  0.18
128  1750.12874589  0.18
129  1750.128794  0.18
130  1750.12882767  0.18
131  1750.12885125  0.18
132  1750.12886775  0.18
133  1750.1288793  0.18
134  1750.12888738  0.18
135  1750.12889304  0.18
136  1750.12889701  0.18
137  1750.12889978  0.18
138  1750.12890172  0.18
139  1750.12890308  0.18
140  1750.12890403  0.18
141  1750.1289047  0.18
142  1750.12890516  0.18
143  1750.12890549  0.18
144  1750.12890572  0.18
145  1750.12890588  0.18
146  1750.12890599  0.18
147  1750.12890607  0.18
148  1750.12890612  0.18
149  1750.12890616  0.18
150  1750.12890619  0.18
151  1750.12890621  0.18
152  1750.12890622  0.18
153  1750.12890623  0.18
154  1750.12890623  0.18
155  1750.12890624  0.18
156  1750.12890624  0.18
157  1750.12890624  0.18
158  1750.12890625  0.18
159  1750.12890625  0.18
160  1750.12890625  0.18
161  1750.12890625  0.18
162  1750.12890625  0.18
163  1750.12890625  0.18
164  1750.12890625  0.18
165  1750.12890625  0.18
166  1750.12890625  0.18
167  1750.12890625  0.18
168  1750.12890625  0.18
169  1750.12890625  0.18
170  1750.12890625  0.18
171  1750.12890625  0.18
172  1750.12890625  0.18
173  1750.12890625  0.18
174  1750.12890625  0.18
175  1750.12890625  0.18
176  1750.12890625  0.18
177  1750.12890625  0.18
178  1750.12890625  0.18
179  1750.12890625  0.18
180  1750.12890625  0.18
181  1750.12890625  0.18
182  1750.12890625  0.18
183  1750.12890625  0.18
184  1750.12890625  0.18
185  1750.12890625  0.18
186  1750.12890625  0.18
187  1750.12890625  0.18
188  1750.12890625  0.18
189  1750.12890625  0.18
190  1750.12890625  0.18
191  1750.12890625  0.18
192  1750.12890625  0.18
193  1750.12890625  0.18
194  1750.12890625  0.18
195  1750.12890625  0.18
196  1750.12890625  0.18
197  1750.12890625  0.18
198  1750.12890625  0.18
199  1750.12890625  0.18
200  1750.12890625  0.18
201  1750.12890625  0.18
202  1750.12890625  0.18
203  1750.12890625  0.18
204  1750.12890625  0.18
205  1750.12890625  0.18
206  1750.12890625  0.18
207  1750.12890625  0.18
208  1750.12890625  0.18
209  1750.12890625  0.18
210  1750.12890625  0.18
211  1750.12890625  0.18
212  1750.12890625  0.18
213  1750.12890625  0.18
214  1750.12890625  0.18
215  1750.12890625  0.18
216  1750.12890625  0.18
217  1750.12890625  0.18
218  1750.12890625  0.18
219  1750.12890625  0.18
220  1750.12890625  0.18
221  1750.12890625  0.18
222  1750.12890625  0.18
223  1750.12890625  0.18
224  1750.12890625  0.18
225  1750.12890625  0.18
226  1750.12890625  0.18
227  1750.12890625  0.18
228  1750.12890625  0.18
229  1750.12890625  0.18
230  1750.12890625  0.18
231  1750.12890625  0.18
232  1750.12890625  0.18
233  1750.12890625  0.18
234  1750.12890625  0.18
235  1750.12890625  0.18
236  1750.12890625  0.18
237  1750.12890625  0.18
238  1750.12890625  0.18
239  1750.12890625  0.18
240  1750.12890625  0.18
241  1750.12890625  0.18
242  1750.12890625  0.18
243  1750.12890625  0.18
244  1750.12890625  0.18
245  1750.12890625  0.18
246  1750.12890625  0.18
247  1750.12890625  0.18
248  1750.12890625  0.18
249  1750.12890625  0.18
250  1750.12890625  0.18
251  1750.12890625  0.18
252  1750.12890625  0.18
253  1750.12890625  0.18
254  1750.12890625  0.18
255  1750.12890625  0.18
256  1750.12890625  0.18
257  1750.12890625  0.18
258  1750.12890625  0.18
259  1750.12890625  0.18
260  1750.12890625  0.18
261  1750.12890625  0.18
262  1750.12890625  0.18
263  1750.12890625  0.18
264  1750.12890625  0.18
265  1750.12890625  0.18
266  1750.12890625  0.18
267  1750.12890625  0.18
268  1750.12890625  0.18
269  1750.12890625  0.18
270  1750.12890625  0.18
271  1750.12890625  0.18
272  1750.12890625  0.18
273  1750.12890625  0.18
274  1750.12890625  0.18
275  1750.12890625  0.18
276  1750.12890625  0.18
277  1750.12890625  0.18
278  1750.12890625  0.18
279  1750.12890625  0.18
280  1750.12890625  0.18
281  1750.12890625  0.18
282  1750.12890625  0.18
283  1750.12890625  0.18
284  1750.12890625  0.18
285  1750.12890625  0.18
286  1750.12890625  0.18
287  1750.12890625  0.18
288  1750.12890625  0.18
289  1750.12890625  0.18
290  1750.12890625  0.18
291  1750.12890625  0.18
292  1750.12890625  0.18
293  1750.12890625  0.18
294  1750.12890625  0.18
295  1750.12890625  0.18
296  1750.12890625  0.18
297  1750.12890625  0.18
298  1750.12890625  0.18
299  1750.12890625  0.18
300  1750.12890625  0.18
301  1750.12890625  0.18
302  1750.12890625  0.18
303  1750.12890625  0.18
304  1750.12890625  0.18
305  1750.12890625  0.18
306  1750.12890625  0.18
307  1750.12890625  0.18
308  1750.12890625  0.18
309  1750.12890625  0.18
310  1750.12890625  0.18
311  1750.12890625  0.18
312  1750.12890625  0.18
313  1750.12890625  0.18
314  1750.12890625  0.18
315  1750.12890625  0.18
316  1750.12890625  0.18
317  1750.12890625  0.18
318  1750.12890625  0.18
319  1750.12890625  0.18
320  1750.12890625  0.18
321  1750.12890625  0.18
322  1750.12890625  0.18
323  1750.12890625  0.18
324  1750.12890625  0.18
325  1750.12890625  0.18
326  1750.12890625  0.18
327  1750.12890625  0.18
328  1750.12890625  0.18
329  1750.12890625  0.18
330  1750.12890625  0.18
331  1750.12890625  0.18
332  1750.12890625  0.18
333  1750.12890625  0.18
334  1750.12890625  0.18
335  1750.12890625  0.18
336  1750.12890625  0.18
337  1750.12890625  0.18
338  1750.12890625  0.18
339  1750.12890625  0.18
340  1750.12890625  0.18
341  1750.12890625  0.18
342  1750.12890625  0.18
343  1750.12890625  0.18
344  1750.12890625  0.18
345  1750.12890625  0.18
346  1750.12890625  0.18
347  1750.12890625  0.18
348  1750.12890625  0.18
349  1750.12890625  0.18
350  1750.12890625  0.18
351  1750.12890625  0.18
352  1750.12890625  0.18
353  1750.12890625  0.18
354  1750.12890625  0.18
355  1750.12890625  0.18
356  1750.12890625  0.18
357  1750.12890625  0.18
358  1750.12890625  0.18
359  1750.12890625  0.18
360  1750.12890625  0.18
361  1750.12890625  0.18
362  1750.12890625  0.18
363  1750.12890625  0.18
364  1750.12890625  0.18
365  1750.12890625  0.18
366  1750.12890625  0.18
367  1750.12890625  0.18
368  1750.12890625  0.18
369  1750.12890625  0.18
370  1750.12890625  0.18
371  1750.12890625  0.18
372  1750.12890625  0.18
373  1750.12890625  0.18
374  1750.12890625  0.18
375  1750.12890625  0.18
376  1750.12890625  0.18
377  1750.12890625  0.18
378  1750.12890625  0.18
379  1750.12890625  0.18
380  1750.12890625  0.18
381  1750.12890625  0.18
382  1750.12890625  0.18
383  1750.12890625  0.18
384  1750.12890625  0.18
385  1750.12890625  0.18
386  1750.12890625  0.18
387  1750.12890625  0.18
388  1750.12890625  0.18
389  1750.12890625  0.18
390  1750.12890625  0.18
391  1750.12890625  0.18
392  1750.12890625  0.18
393  1750.12890625  0.18
394  1750.12890625  0.18
395  1750.12890625  0.18
396  1750.12890625  0.18
397  1750.12890625  0.18
398  1750.12890625  0.18
399  1750.12890625  0.18
400  1750.12890625  0.18
401  1750.12890625  0.18
402  1750.12890625  0.18
403  1750.12890625  0.18
404  1750.12890625  0.18
405  1750.12890625  0.18
406  1750.12890625  0.18
407  1750.12890625  0.18
408  1750.12890625  0.18
409  1750.12890625  0.18
410  1750.12890625  0.18
411  1750.12890625  0.18
412  1750.12890625  0.18
413  1750.12890625  0.18
414  1750.12890625  0.18
415  1750.12890625  0.18
416  1750.12890625  0.18
417  1750.12890625  0.18
418  1750.12890625  0.18
419  1750.12890625  0.18
420  1750.12890625  0.18
421  1750.12890625  0.18
422  1750.12890625  0.18
423  1750.12890625  0.18
424  1750.12890625  0.18
425  1750.12890625  0.18
426  1750.12890625  0.18
427  1750.12890625  0.18
428  1750.12890625  0.18
429  1750.12890625  0.18
430  1750.12890625  0.18
431  1750.12890625  0.18
432  1750.12890625  0.18
433  1750.12890625  0.18
434  1750.12890625  0.18
435  1750.12890625  0.18
436  1750.12890625  0.18
437  1750.12890625  0.18
438  1750.12890625  0.18
439  1750.12890625  0.18
440  1750.12890625  0.18
441  1750.12890625  0.18
442  1750.12890625  0.18
443  1750.12890625  0.18
444  1750.12890625  0.18
445  1750.12890625  0.18
446  1750.12890625  0.18
447  1750.12890625  0.18
448  1750.12890625  0.18
449  1750.12890625  0.18
450  1750.12890625  0.18
451  1750.12890625  0.18
452  1750.12890625  0.18
453  1750.12890625  0.18
454  1750.12890625  0.18
455  1750.12890625  0.18
456  1750.12890625  0.18
457  1750.12890625  0.18
458  1750.12890625  0.18
459  1750.12890625  0.18
460  1750.12890625  0.18
461  1750.12890625  0.18
462  1750.12890625  0.18
463  1750.12890625  0.18
464  1750.12890625  0.18
465  1750.12890625  0.18
466  1750.12890625  0.18
467  1750.12890625  0.18
468  1750.12890625  0.18
469  1750.12890625  0.18
470  1750.12890625  0.18
471  1750.12890625  0.18
472  1750.12890625  0.18
473  1750.12890625  0.18
474  1750.12890625  0.18
475  1750.12890625  0.18
476  1750.12890625  0.18
477  1750.12890625  0.18
478  1750.12890625  0.18
479  1750.12890625  0.18
480  1750.12890625  0.18
481  1750.12890625  0.18
482  1750.12890625  0.18
483  1750.12890625  0.18
484  1750.12890625  0.18
485  1750.12890625  0.18
486  1750.12890625  0.18
487  1750.12890625  0.18
488  1750.12890625  0.18
489  1750.12890625  0.18
490  1750.12890625  0.18
491  1750.12890625  0.18
492  1750.12890625  0.18
493  1750.12890625  0.18
494  1750.12890625  0.18
495  1750.12890625  0.18
496  1750.12890625  0.18
497  1750.12890625  0.18
498  1750.12890625  0.18
499  1750.12890625  0.18
500  1750.12890625  0.18
501  1750.12890625  0.18
502  1750.12890625  0.18
503  1750.12890625  0.18
504  1750.12890625  0.18
505  1750.12890625  0.18
506  1750.12890625  0.18
507  1750.12890625  0.18
508  1750.12890625  0.18
509  1750.12890625  0.18
510  1750.12890625  0.18
511  1750.12890625  0.18
512  1750.12890625  0.18
513  1750.12890625  0.18
514  1750.12890625  0.18
515  1750.12890625  0.18
516  1750.12890625  0.18
517  1750.12890625  0.18
518  1750.12890625  0.18
519  1750.12890625  0.18
520  1750.12890625  0.18
521  1750.12890625  0.18
522  1750.12890625  0.18
523  1750.12890625  0.18
524  1750.12890625  0.18
525  1750.12890625  0.18
526  1750.12890625  0.18
527  1750.12890625  0.18
528  1750.12890625  0.18
529  1750.12890625  0.18
530  1750.12890625  0.18
531  1750.12890625  0.18
532  1750.12890625  0.18
533  1750.12890625  0.18
534  1750.12890625  0.18
535  1750.12890625  0.18
536  1750.12890625  0.18
537  1750.12890625  0.18
538  1750.12890625  0.18
539  1750.12890625  0.18
540  1750.12890625  0.18
541  1750.12890625  0.18
542  1750.12890625  0.18
543  1750.12890625  0.18
544  1750.12890625  0.18
545  1750.12890625  0.18
546  1750.12890625  0.18
547  1750.12890625  0.18
548  1750.12890625  0.18
549  1750.12890625  0.18
550  1750.12890625  0.18
551  1750.12890625  0.18
552  1750.12890625  0.18
553  1750.12890625  0.18
554  1750.12890625  0.18
555  1750.12890625  0.18
556  1750.12890625  0.18
557  1750.12890625  0.18
558  1750.12890625  0.18
559  1750.12890625  0.18
560  1750.12890625  0.18
561  1750.12890625  0.18
562  1750.12890625  0.18
563  1750.12890625  0.18
564  1750.12890625  0.18
565  1750.12890625  0.18
566  1750.12890625  0.18
567  1750.12890625  0.18
568  1750.12890625  0.18
569  1750.12890625  0.18
570  1750.12890625  0.18
571  1750.12890625  0.18
572  1750.12890625  0.18
573  1750.12890625  0.18
574  1750.12890625  0.18
575  1750.12890625  0.18
576  1750.12890625  0.18
577  1750.12890625  0.18
578  1750.12890625  0.18
579  1750.12890625  0.18
580  1750.12890625  0.18
581  1750.12890625  0.18
582  1750.12890625  0.18
583  1750.12890625  0.18
584  1750.12890625  0.18
585  1750.12890625  0.18
586  1750.12890625  0.18
587  1750.12890625  0.18
588  1750.12890625  0.18
589  1750.12890625  0.18
590  1750.12890625  0.18
591  1750.12890625  0.18
592  1750.12890625  0.18
593  1750.12890625  0.18
594  1750.12890625  0.18
595  1750.12890625  0.18
596  1750.12890625  0.18
597  1750.12890625  0.18
598  1750.12890625  0.18
599  1750.12890625  0.18
600  1750.12890625  0.18
601  1750.12890625  0.18
602  1750.12890625  0.18
603  1750.12890625  0.18
604  1750.12890625  0.18
605  1750.12890625  0.18
606  1750.12890625  0.18
607  1750.12890625  0.18
608  1750.12890625  0.18
609  1750.12890625  0.18
610  1750.12890625  0.18
611  1750.12890625  0.18
612  1750.12890625  0.18
613  1750.12890625  0.18
614  1750.12890625  0.18
615  1750.12890625  0.18
616  1750.12890625  0.18
617  1750.12890625  0.18
618  1750.12890625  0.18
619  1750.12890625  0.18
620  1750.12890625  0.18
621  1750.12890625  0.18
622  1750.12890625  0.18
623  1750.12890625  0.18
624  1750.12890625  0.18
625  1750.12890625  0.18
626  1750.12890625  0.18
627  1750.12890625  0.18
628  1750.12890625  0.18
629  1750.12890625  0.18
630  1750.12890625  0.18
631  1750.12890625  0.18
632  1750.12890625  0.18
633  1750.12890625  0.18
634  1750.12890625  0.18
635  1750.12890625  0.18
636  1750.12890625  0.18
637  1750.12890625  0.18
638  1750.12890625  0.18
639  1750.12890625  0.18
640  1750.12890625  0.18
641  1750.12890625  0.18
642  1750.12890625  0.18
643  1750.12890625  0.18
644  1750.12890625  0.18
645  1750.12890625  0.18
646  1750.12890625  0.18
647  1750.12890625  0.18
648  1750.12890625  0.18
649  1750.12890625  0.18
650  1750.12890625  0.18
651  1750.12890625  0.18
652  1750.12890625  0.18
653  1750.12890625  0.18
654  1750.12890625  0.18
655  1750.12890625  0.18
656  1750.12890625  0.18
657  1750.12890625  0.18
658  1750.12890625  0.18
659  1750.12890625  0.18
660  1750.12890625  0.18
661  1750.12890625  0.18
662  1750.12890625  0.18
663  1750.12890625  0.18
664  1750.12890625  0.18
665  1750.12890625  0.18
666  1750.12890625  0.18
667  1750.12890625  0.18
668  1750.12890625  0.18
669  1750.12890625  0.18
670  1750.12890625  0.18
671  1750.12890625  0.18
672  1750.12890625  0.18
673  1750.12890625  0.18
674  1750.12890625  0.18
675  1750.12890625  0.18
676  1750.12890625  0.18
677  1750.12890625  0.18
678  1750.12890625  0.18
679  1750.12890625  0.18
680  1750.12890625  0.18
681  1750.12890625  0.18
682  1750.12890625  0.18
683  1750.12890625  0.18
684  1750.12890625  0.18
685  1750.12890625  0.18
686  1750.12890625  0.18
687  1750.12890625  0.18
688  1750.12890625  0.18
689  1750.12890625  0.18
690  1750.12890625  0.18
691  1750.12890625  0.18
692  1750.12890625  0.18
693  1750.12890625  0.18
694  1750.12890625  0.18
695  1750.12890625  0.18
696  1750.12890625  0.18
697  1750.12890625  0.18
698  1750.12890625  0.18
699  1750.12890625  0.18
700  1750.12890625  0.18
701  1750.12890625  0.18
702  1750.12890625  0.18
703  1750.12890625  0.18
704  1750.12890625  0.18
705  1750.12890625  0.18
706  1750.12890625  0.18
707  1750.12890625  0.18
708  1750.12890625  0.18
709  1750.12890625  0.18
710  1750.12890625  0.18
711  1750.12890625  0.18
712  1750.12890625  0.18
713  1750.12890625  0.18
714  1750.12890625  0.18
715  1750.12890625  0.18
716  1750.12890625  0.18
717  1750.12890625  0.18
718  1750.12890625  0.18
719  1750.12890625  0.18
720  1750.12890625  0.18
721  1750.12890625  0.18
722  1750.12890625  0.18
723  1750.12890625  0.18
724  1750.12890625  0.18
725  1750.12890625  0.18
726  1750.12890625  0.18
727  1750.12890625  0.18
728  1750.12890625  0.18
729  1750.12890625  0.18
730  1750.12890625  0.18
731  1750.12890625  0.18
732  1750.12890625  0.18
733  1750.12890625  0.18
734  1750.12890625  0.18
735  1750.12890625  0.18
736  1750.12890625  0.18
737  1750.12890625  0.18
738  1750.12890625  0.18
739  1750.12890625  0.18
740  1750.12890625  0.18
741  1750.12890625  0.18
742  1750.12890625  0.18
743  1750.12890625  0.18
744  1750.12890625  0.18
745  1750.12890625  0.18
746  1750.12890625  0.18
747  1750.12890625  0.18
748  1750.12890625  0.18
749  1750.12890625  0.18
750  1750.12890625  0.18
751  1750.12890625  0.18
752  1750.12890625  0.18
753  1750.12890625  0.18
754  1750.12890625  0.18
755  1750.12890625  0.18
756  1750.12890625  0.18
757  1750.12890625  0.18
758  1750.12890625  0.18
759  1750.12890625  0.18
760  1750.12890625  0.18
761  1750.12890625  0.18
762  1750.12890625  0.18
763  1750.12890625  0.18
764  1750.12890625  0.18
765  1750.12890625  0.18
766  1750.12890625  0.18
767  1750.12890625  0.18
768  1750.12890625  0.18
769  1750.12890625  0.18
770  1750.12890625  0.18
771  1750.12890625  0.18
772  1750.12890625  0.18
773  1750.12890625  0.18
774  1750.12890625  0.18
775  1750.12890625  0.18
776  1750.12890625  0.18
777  1750.12890625  0.18
778  1750.12890625  0.18
779  1750.12890625  0.18
780  1750.12890625  0.18
781  1750.12890625  0.18
782  1750.12890625  0.18
783  1750.12890625  0.18
784  1874.6328125  0.08
785  1874.6328125  0.08
786  1874.6328125  0.08
787  1874.6328125  0.08
788  1874.6328125  0.08
789  1874.6328125  0.08
790  1874.6328125  0.08
791  1874.6328125  0.08
792  1874.6328125  0.08
793  1874.6328125  0.08
794  1874.6328125  0.08
795  1874.6328125  0.08
796  1874.6328125  0.08
797  1874.6328125  0.08
798  1874.6328125  0.08
799  1874.6328125  0.08
800  1874.6328125  0.08
801  1874.6328125  0.08
802  1874.6328125  0.08
803  1874.6328125  0.08
804  1874.6328125  0.08
805  1874.6328125  0.08
806  1874.6328125  0.08
807  1874.6328125  0.08
808  1874.6328125  0.08
809  1874.6328125  0.08
810  1874.6328125  0.08
811  1874.6328125  0.08
812  1874.6328125  0.08
813  1874.6328125  0.08
814  1874.6328125  0.08
815  1874.6328125  0.08
816  1874.6328125  0.08
817  1874.6328125  0.08
818  1874.6328125  0.08
819  1874.6328125  0.08
820  1874.6328125  0.08
821  1874.6328125  0.08
822  1874.6328125  0.08
823  1874.6328125  0.08
824  1874.6328125  0.08
825  1874.6328125  0.08
826  1874.6328125  0.08
827  1874.6328125  0.08
828  1874.6328125  0.08
829  1874.6328125  0.08
830  1874.6328125  0.08
831  1874.6328125  0.08
832  1874.6328125  0.08
833  1874.6328125  0.08
834  1874.6328125  0.08
835  1874.6328125  0.08
836  1874.6328125  0.08
837  1874.6328125  0.08
838  1874.6328125  0.08
839  1874.6328125  0.08
840  1874.6328125  0.08
841  1874.6328125  0.08
842  1874.6328125  0.08
843  1874.6328125  0.08
844  1874.6328125  0.08
845  1874.6328125  0.08
846  1874.6328125  0.08
847  1874.6328125  0.08
848  1874.6328125  0.08
849  1874.6328125  0.08
850  1874.6328125  0.08
851  1874.6328125  0.08
852  1874.6328125  0.08
853  1874.6328125  0.08
854  1874.6328125  0.08
855  1874.6328125  0.08
856  1874.6328125  0.08
857  1874.6328125  0.08
858  1874.6328125  0.08
859  1874.6328125  0.08
860  1874.6328125  0.08
861  1874.6328125  0.08
862  1874.6328125  0.08
863  1874.6328125  0.08
864  1874.6328125  0.08
865  1874.6328125  0.08
866  1874.6328125  0.08
867  1874.6328125  0.08
868  1874.6328125  0.08
869  1874.6328125  0.08
870  1874.6328125  0.08
871  1874.6328125  0.08
872  1874.6328125  0.08
873  1874.6328125  0.08
874  1874.6328125  0.08
875  1874.6328125  0.08
876  1874.6328125  0.08
877  1874.6328125  0.08
878  1874.6328125  0.08
879  1874.6328125  0.08
880  1874.6328125  0.08
881  1874.6328125  0.08
882  1874.6328125  0.08
883  1874.6328125  0.08
884  1874.6328125  0.08
885  1874.6328125  0.08
886  1874.6328125  0.08
887  1874.6328125  0.08
888  1874.6328125  0.08
889  1874.6328125  0.08
890  1874.6328125  0.08
891  1874.6328125  0.08
892  1874.6328125  0.08
893  1874.6328125  0.08
894  1874.6328125  0.08
895  1874.6328125  0.08
896  1874.6328125  0.08
897  1874.6328125  0.08
898  1874.6328125  0.08
899  1874.6328125  0.08
900  1874.6328125  0.08
901  1874.6328125  0.08
902  1874.6328125  0.08
903  1874.6328125  0.08
904  1874.6328125  0.08
905  1874.6328125  0.08
906  1874.6328125  0.08
907  1874.6328125  0.08
908  1874.6328125  0.08
909  1874.6328125  0.08
910  1874.6328125  0.08
911  1874.6328125  0.08
912  1874.6328125  0.08
913  1874.6328125  0.08
914  1874.6328125  0.08
915  1874.6328125  0.08
916  1874.6328125  0.08
917  1874.6328125  0.08
918  1874.6328125  0.08
919  1874.6328125  0.08
920  1874.6328125  0.08
921  1874.6328125  0.08
922  1874.6328125  0.08
923  1874.6328125  0.08
924  1874.6328125  0.08
925  1874.6328125  0.08
926  1874.6328125  0.08
927  1874.6328125  0.08
928  1874.6328125  0.08
929  1874.6328125  0.08
930  1874.6328125  0.08
931  1874.6328125  0.08
932  1874.6328125  0.08
933  1874.6328125  0.08
934  1874.6328125  0.08
935  1874.6328125  0.08
936  1874.6328125  0.08
937  1874.6328125  0.08
938  1874.6328125  0.08
939  1874.6328125  0.08
940  1874.6328125  0.08
941  1874.6328125  0.08
942  1874.6328125  0.08
943  1874.6328125  0.08
944  1874.6328125  0.08
945  1874.6328125  0.08
946  1874.6328125  0.08
947  1874.6328125  0.08
948  1874.6328125  0.08
949  1874.6328125  0.08
950  1874.6328125  0.08
951  1874.6328125  0.08
952  1874.6328125  0.08
953  1874.6328125  0.08
954  1874.6328125  0.08
955  1874.6328125  0.08
956  1874.6328125  0.08
957  1874.6328125  0.08
958  1874.6328125  0.08
959  1874.6328125  0.08
960  1874.6328125  0.08
961  1874.6328125  0.08
962  1874.6328125  0.08
963  1874.6328125  0.08
964  1874.6328125  0.08
965  1874.6328125  0.08
966  1874.6328125  0.08
967  1874.6328125  0.08
968  1874.6328125  0.08
969  1874.6328125  0.08
970  1874.6328125  0.08
971  1874.6328125  0.08
972  1874.6328125  0.08
973  1874.6328125  0.08
974  1874.6328125  0.08
975  1874.6328125  0.08
976  1874.6328125  0.08
977  1874.6328125  0.08
978  1874.6328125  0.08
979  1874.6328125  0.08
980  1874.6328125  0.08
981  1874.6328125  0.08
982  1874.6328125  0.08
983  1874.6328125  0.08
984  1874.6328125  0.08
985  1874.6328125  0.08
986  1874.6328125  0.08
987  1874.6328125  0.08
988  1874.6328125  0.08
989  1874.6328125  0.08
990  1874.6328125  0.08
991  1874.6328125  0.08
992  1874.6328125  0.08
993  1874.6328125  0.08
994  1874.6328125  0.08
995  1874.6328125  0.08
996  1874.6328125  0.08
997  1874.6328125  0.08
998  1874.6328125  0.08
999  1874.6328125  0.08
1000  1874.6328125  0.08
1001  1874.6328125  0.08
1002  1874.6328125  0.08
1003  1874.6328125  0.08
1004  1874.6328125  0.08
1005  1874.6328125  0.08
1006  1874.6328125  0.08
1007  1874.6328125  0.08
1008  1874.6328125  0.08
1009  1874.6328125  0.08
1010  1874.6328125  0.08
1011  1874.6328125  0.08
1012  1874.6328125  0.08
1013  1874.6328125  0.08
1014  1874.6328125  0.08
1015  1874.6328125  0.08
1016  1874.6328125  0.08
1017  1874.6328125  0.08
1018  1874.6328125  0.08
1019  1874.6328125  0.08
1020  1874.6328125  0.08
1021  1874.6328125  0.08
1022  1874.6328125  0.08
1023  1874.6328125  0.08
1024  1874.6328125  0.08
1025  1874.6328125  0.08
1026  1874.6328125  0.08
1027  1874.6328125  0.08
1028  1874.6328125  0.08
1029  1874.6328125  0.08
1030  1874.6328125  0.08
1031  1874.6328125  0.08
1032  1874.6328125  0.08
1033  1874.6328125  0.08
1034  1874.6328125  0.08
1035  1874.6328125  0.08
1036  1874.6328125  0.08
1037  1874.6328125  0.08
1038  1874.6328125  0.08
1039  1874.6328125  0.08
1040  1874.6328125  0.08
1041  1874.6328125  0.08
1042  1874.6328125  0.08
1043  1874.6328125  0.08
1044  1874.6328125  0.08
1045  1874.6328125  0.08
1046  1874.6328125  0.08
1047  1874.6328125  0.08
1048  1874.6328125  0.08
1049  1874.6328125  0.08
1050  1874.6328125  0.08
1051  1874.6328125  0.08
1052  1874.6328125  0.08
1053  1874.6328125  0.08
1054  1874.6328125  0.08
1055  1874.6328125  0.08
1056  1874.6328125  0.08
1057  1874.6328125  0.08
1058  1874.6328125  0.08
1059  1874.6328125  0.08
1060  1874.6328125  0.08
1061  1874.6328125  0.08
1062  1874.6328125  0.08
1063  1874.6328125  0.08
1064  1874.6328125  0.08
1065  1874.6328125  0.08
1066  1874.6328125  0.08
1067  1874.6328125  0.08
1068  1874.6328125  0.08
1069  1874.6328125  0.08
1070  1874.6328125  0.08
1071  1874.6328125  0.08
1072  1874.6328125  0.08
1073  1874.6328125  0.08
1074  1874.6328125  0.08
1075  1874.6328125  0.08
1076  1874.6328125  0.08
1077  1874.6328125  0.08
1078  1874.6328125  0.08
1079  1874.6328125  0.08
1080  1874.6328125  0.08
1081  1874.6328125  0.08
1082  1874.6328125  0.08
1083  1874.6328125  0.08
1084  1874.6328125  0.08
1085  1874.6328125  0.08
1086  1874.6328125  0.08
1087  1874.6328125  0.08
1088  1874.6328125  0.08
1089  1874.6328125  0.08
1090  1874.6328125  0.08
1091  1874.6328125  0.08
1092  1874.6328125  0.08
1093  1874.6328125  0.08
1094  1874.6328125  0.08
1095  1874.6328125  0.08
1096  1874.6328125  0.08
1097  1874.6328125  0.08
1098  1874.6328125  0.08
1099  1874.6328125  0.08
1100  1874.6328125  0.08
1101  1874.6328125  0.08
1102  1874.6328125  0.08
1103  1874.6328125  0.08
1104  1874.6328125  0.08
1105  1874.6328125  0.08
1106  1874.6328125  0.08
1107  1874.6328125  0.08
1108  1874.6328125  0.08
1109  1874.6328125  0.08
1110  1874.6328125  0.08
1111  1874.6328125  0.08
1112  1874.6328125  0.08
1113  1874.6328125  0.08
1114  1874.6328125  0.08
1115  1874.6328125  0.08
1116  1874.6328125  0.08
1117  1874.6328125  0.08
1118  1874.6328125  0.08
1119  1874.6328125  0.08
1120  1874.6328125  0.08
1121  1874.6328125  0.08
1122  1874.6328125  0.08
1123  1874.6328125  0.08
1124  1874.6328125  0.08
1125  1874.6328125  0.08
1126  1874.6328125  0.08
1127  1874.6328125  0.08
1128  1874.6328125  0.08
1129  1874.6328125  0.08
1130  1874.6328125  0.08
1131  1874.6328125  0.08
1132  1874.6328125  0.08
1133  1874.6328125  0.08
1134  1874.6328125  0.08
1135  1874.6328125  0.08
1136  1874.6328125  0.08
1137  1874.6328125  0.08
1138  1874.6328125  0.08
1139  1874.6328125  0.08
1140  1874.6328125  0.08
1141  1874.6328125  0.08
1142  1874.6328125  0.08
1143  1874.6328125  0.08
1144  1874.6328125  0.08
1145  1874.6328125  0.08
1146  1874.6328125  0.08
1147  1874.6328125  0.08
1148  1882.6875  0.12
1149  1882.6875  0.12
1150  1882.6875  0.12
1151  1882.6875  0.12
1152  1882.6875  0.12
1153  1882.6875  0.12
1154  1882.6875  0.12
1155  1882.6875  0.12
1156  1882.6875  0.12
1157  1882.6875  0.12
1158  1882.6875  0.12
1159  1882.6875  0.12
1160  1882.6875  0.12
1161  1882.6875  0.12
1162  1882.6875  0.12
1163  1882.6875  0.12
1164  1882.6875  0.12
1165  1882.6875  0.12
1166  1882.6875  0.12
1167  1882.6875  0.12
1168  1882.6875  0.12
1169  1882.6875  0.12
1170  1882.6875  0.12
1171  1882.6875  0.12
1172  1882.6875  0.12
1173  1882.6875  0.12
1174  1882.6875  0.12
1175  1882.6875  0.12
1176  1882.6875  0.12
1177  1882.6875  0.12
1178  1882.6875  0.12
1179  1882.6875  0.12
1180  1882.6875  0.12
1181  1882.6875  0.12
1182  1882.6875  0.12
1183  1882.6875  0.12
1184  1882.6875  0.12
1185  1882.6875  0.12
1186  1882.6875  0.12
1187  1882.6875  0.12
1188  1882.6875  0.12
1189  1882.6875  0.12
1190  1882.6875  0.12
1191  1882.6875  0.12
1192  1882.6875  0.12
1193  1882.6875  0.12
1194  1882.6875  0.12
1195  1882.6875  0.12
1196  1882.6875  0.12
1197  1882.6875  0.12
1198  1882.6875  0.12
1199  1882.6875  0.12
1200  1882.6875  0.12
1201  1882.6875  0.12
1202  1882.6875  0.12
1203  1882.6875  0.12
1204  1882.6875  0.12
1205  1882.6875  0.12
1206  1882.6875  0.12
1207  1882.6875  0.12
1208  1882.6875  0.12
1209  1882.6875  0.12
1210  1882.6875  0.12
1211  1882.6875  0.12
1212  1882.6875  0.12
1213  1882.6875  0.12
1214  1882.6875  0.12
1215  1882.6875  0.12
1216  1882.6875  0.12
1217  1882.6875  0.12
1218  1882.6875  0.12
1219  1882.6875  0.12
1220  1882.6875  0.12
1221  1882.6875  0.12
1222  1882.6875  0.12
1223  1882.6875  0.12
1224  1882.6875  0.12
1225  1882.6875  0.12
1226  1882.6875  0.12
1227  1882.6875  0.12
1228  1882.6875  0.12
1229  1882.6875  0.12
1230  1882.6875  0.12
1231  1882.6875  0.12
1232  1882.6875  0.12
1233  1882.6875  0.12
1234  1882.6875  0.12
1235  1882.6875  0.12
1236  1882.6875  0.12
1237  1882.6875  0.12
1238  1882.6875  0.12
1239  1882.6875  0.12
1240  1882.6875  0.12
1241  1882.6875  0.12
1242  1882.6875  0.12
1243  1882.6875  0.12
1244  1882.6875  0.12
1245  1882.6875  0.12
1246  1882.6875  0.12
1247  1891.40625  0.14
1248  1891.40625  0.14
1249  1891.40625  0.14
1250  1891.40625  0.14
1251  1891.40625  0.14
1252  1891.40625  0.14
1253  1891.40625  0.14
1254  1891.40625  0.14
1255  1891.40625  0.14
1256  1891.40625  0.14
1257  1891.40625  0.14
1258  1891.40625  0.14
1259  1891.40625  0.14
1260  1891.40625  0.14
1261  1891.40625  0.14
1262  1891.40625  0.14
1263  1891.40625  0.14
1264  1891.40625  0.14
1265  1891.40625  0.14
1266  1891.40625  0.14
1267  1891.40625  0.14
1268  1891.40625  0.14
1269  1891.40625  0.14
1270  1891.40625  0.14
1271  1891.40625  0.14
1272  1891.40625  0.14
1273  1891.40625  0.14
1274  1891.40625  0.14
1275  1891.40625  0.14
1276  1891.40625  0.14
1277  1891.40625  0.14
1278  1891.40625  0.14
1279  1891.40625  0.14
1280  1891.40625  0.14
1281  1891.40625  0.14
1282  1891.40625  0.14
1283  1891.40625  0.14
1284  1891.40625  0.14
1285  1891.40625  0.14
1286  1891.40625  0.14
1287  1891.40625  0.14
1288  1891.40625  0.14
1289  1891.40625  0.14
1290  1891.40625  0.14
1291  1891.40625  0.14
1292  1891.40625  0.14
1293  1891.40625  0.14
1294  1891.40625  0.14
1295  1891.40625  0.14
1296  1891.40625  0.14
1297  1891.40625  0.14
1298  1891.40625  0.14
1299  1891.40625  0.14
1300  1891.40625  0.14
1301  1891.40625  0.14
1302  1891.40625  0.14
1303  1891.40625  0.14
1304  1891.40625  0.14
1305  1891.40625  0.14
1306  1891.40625  0.14
1307  1891.40625  0.14
1308  1891.40625  0.14
1309  1891.40625  0.14
1310  1891.40625  0.14
1311  1891.40625  0.14
1312  1891.40625  0.14
1313  1891.40625  0.14
1314  1891.40625  0.14
1315  1891.40625  0.14
1316  1891.40625  0.14
1317  1891.40625  0.14
1318  1891.40625  0.14
1319  1891.40625  0.14
1320  1891.40625  0.14
1321  1891.40625  0.14
1322  1891.40625  0.14
1323  1891.40625  0.14
1324  1891.40625  0.14
1325  1891.40625  0.14
1326  1891.40625  0.14
1327  1891.40625  0.14
1328  1891.40625  0.14
1329  1891.40625  0.14
1330  1891.40625  0.14
1331  1891.40625  0.14
1332  1891.40625  0.14
1333  1891.40625  0.14
1334  1891.40625  0.14
1335  1891.40625  0.14
1336  1891.40625  0.14
1337  1891.40625  0.14
1338  1891.40625  0.14
1339  1891.40625  0.14
1340  1891.40625  0.14
1341  1891.40625  0.14
1342  1891.40625  0.14
1343  1891.40625  0.14
1344  1891.40625  0.14
1345  1891.40625  0.14
1346  1891.40625  0.14
1347  1891.40625  0.14
1348  1891.40625  0.14
1349  1891.40625  0.14
1350  1891.40625  0.14
1351  1891.40625  0.14
1352  1891.40625  0.14
1353  1891.40625  0.14
1354  1891.40625  0.14
1355  1891.40625  0.14
1356  1891.40625  0.14
1357  1891.40625  0.14
1358  1891.40625  0.14
1359  1891.40625  0.14
1360  1891.40625  0.14
1361  1891.40625  0.14
1362  1891.40625  0.14
1363  1891.40625  0.14
1364  1891.40625  0.14
1365  1891.40625  0.14
1366  1891.40625  0.14
1367  1891.40625  0.14
1368  1891.40625  0.14
1369  1891.40625  0.14
1370  1891.40625  0.14
1371  1891.40625  0.14
1372  1891.40625  0.14
1373  1891.40625  0.14
1374  1891.40625  0.14
1375  1891.40625  0.14
1376  1891.40625  0.14
1377  1891.40625  0.14
1378  1891.40625  0.14
1379  1891.40625  0.14
1380  1891.40625  0.14
1381  1891.40625  0.14
1382  1891.40625  0.14
1383  1891.40625  0.14
1384  1891.40625  0.14
1385  1891.40625  0.14
1386  1891.40625  0.14
1387  1891.40625  0.14
1388  1891.40625  0.14
1389  1891.40625  0.14
1390  1891.40625  0.14
1391  1891.40625  0.14
1392  1891.40625  0.14
1393  1891.40625  0.14
1394  1891.40625  0.14
1395  1891.40625  0.14
1396  1891.40625  0.14
1397  1891.40625  0.14
1398  1891.40625  0.14
1399  1891.40625  0.14
1400  1891.40625  0.14
1401  1891.40625  0.14
1402  1891.40625  0.14
1403  1891.40625  0.14
1404  1891.40625  0.14
1405  1891.40625  0.14
1406  1891.40625  0.14
1407  1891.40625  0.14
1408  1891.40625  0.14
1409  1891.40625  0.14
1410  1891.40625  0.14
1411  1891.40625  0.14
1412  1891.40625  0.14
1413  1891.40625  0.14
1414  1891.40625  0.14
1415  1891.40625  0.14
1416  1891.40625  0.14
1417  1891.40625  0.14
1418  1891.40625  0.14
1419  1891.40625  0.14
1420  1891.40625  0.14
1421  1891.40625  0.14
1422  1891.40625  0.14
1423  1891.40625  0.14
1424  1891.40625  0.14
1425  1891.40625  0.14
1426  1891.40625  0.14
1427  1891.40625  0.14
1428  1891.40625  0.14
1429  1891.40625  0.14
1430  1891.40625  0.14
1431  1891.40625  0.14
1432  1891.40625  0.14
1433  1891.40625  0.14
1434  1891.40625  0.14
1435  1891.40625  0.14
1436  1891.40625  0.14
1437  1891.40625  0.14
1438  1891.40625  0.14
1439  1891.40625  0.14
1440  1891.40625  0.14
1441  1891.40625  0.14
1442  1891.40625  0.14
1443  1891.40625  0.14
1444  1891.40625  0.14
1445  1891.40625  0.14
1446  1891.40625  0.14
1447  1891.40625  0.14
1448  1891.40625  0.14
1449  1891.40625  0.14
1450  1891.40625  0.14
1451  1891.40625  0.14
1452  1891.40625  0.14
1453  1891.40625  0.14
1454  1891.40625  0.14
1455  1891.40625  0.14
1456  1891.40625  0.14
1457  1891.40625  0.14
1458  1891.40625  0.14
1459  1891.40625  0.14
1460  1891.40625  0.14
1461  1891.40625  0.14
1462  1891.40625  0.14
1463  1891.40625  0.14
1464  1891.40625  0.14
1465  1891.40625  0.14
1466  1891.40625  0.14
1467  1891.40625  0.14
1468  1891.40625  0.14
1469  1891.40625  0.14
1470  1891.40625  0.14
1471  1891.40625  0.14
1472  1891.40625  0.14
1473  1891.40625  0.14
1474  1891.40625  0.14
1475  1891.40625  0.14
1476  1891.40625  0.14
1477  1891.40625  0.14
1478  1891.40625  0.14
1479  1891.40625  0.14
1480  1891.40625  0.14
1481  1891.40625  0.14
1482  1891.40625  0.14
1483  1891.40625  0.14
1484  1891.40625  0.14
1485  1891.40625  0.14
1486  1891.40625  0.14
1487  1891.40625  0.14
1488  1891.40625  0.14
1489  1891.40625  0.14
1490  1891.40625  0.14
1491  1891.40625  0.14
1492  1891.40625  0.14
1493  1891.40625  0.14
1494  1891.40625  0.14
1495  1891.40625  0.14
1496  1891.40625  0.14
1497  1891.40625  0.14
1498  1891.40625  0.14
1499  1891.40625  0.14
1500  1891.40625  0.14
1501  1891.40625  0.14
1502  1891.40625  0.14
1503  1891.40625  0.14
1504  1891.40625  0.14
1505  1891.40625  0.14
1506  1891.40625  0.14
1507  1891.40625  0.14
1508  1891.40625  0.14
1509  1891.40625  0.14
1510  1891.40625  0.14
1511  1891.40625  0.14
1512  1891.40625  0.14
1513  1891.40625  0.14
1514  1891.40625  0.14
1515  1891.40625  0.14
1516  1891.40625  0.14
1517  1891.40625  0.14
1518  1891.40625  0.14
1519  1891.40625  0.14
1520  1891.40625  0.14
1521  1891.40625  0.14
1522  1891.40625  0.14
1523  1891.40625  0.14
1524  1891.40625  0.14
1525  1891.40625  0.14
1526  1891.40625  0.14
1527  1891.40625  0.14
1528  1891.40625  0.14
1529  1891.40625  0.14
1530  1891.40625  0.14
1531  1891.40625  0.14
1532  1891.40625  0.14
1533  1891.40625  0.14
1534  1891.40625  0.14
1535  1891.40625  0.14
1536  1891.40625  0.14
1537  1891.40625  0.14
1538  1891.40625  0.14
1539  1891.40625  0.14
1540  1891.40625  0.14
1541  1891.40625  0.14
1542  1891.40625  0.14
1543  1891.40625  0.14
1544  1891.40625  0.14
1545  1891.40625  0.14
1546  1891.40625  0.14
1547  1891.40625  0.14
1548  1891.40625  0.14
1549  1891.40625  0.14
1550  1891.40625  0.14
1551  1891.40625  0.14
1552  1891.40625  0.14
1553  1891.40625  0.14
1554  1891.40625  0.14
1555  1891.40625  0.14
1556  1891.40625  0.14
1557  1891.40625  0.14
1558  1891.40625  0.14
1559  1891.40625  0.14
1560  1891.40625  0.14
1561  1891.40625  0.14
1562  1891.40625  0.14
1563  1891.40625  0.14
1564  1891.40625  0.14
1565  1891.40625  0.14
1566  1891.40625  0.14
1567  1891.40625  0.14
1568  1891.40625  0.14
1569  1891.40625  0.14
1570  1891.40625  0.14
1571  1891.40625  0.14
1572  1891.40625  0.14
1573  1891.40625  0.14
1574  1891.40625  0.14
1575  1891.40625  0.14
1576  1891.40625  0.14
1577  1891.40625  0.14
1578  1891.40625  0.14
1579  1891.40625  0.14
1580  1891.40625  0.14
1581  1891.40625  0.14
1582  1891.40625  0.14
1583  1891.40625  0.14
1584  1891.40625  0.14
1585  1891.40625  0.14
1586  1891.40625  0.14
1587  1891.40625  0.14
1588  1891.40625  0.14
1589  1891.40625  0.14
1590  1891.40625  0.14
1591  1891.40625  0.14
1592  1891.40625  0.14
1593  1891.40625  0.14
1594  1891.40625  0.14
1595  1891.40625  0.14
1596  1891.40625  0.14
1597  1891.40625  0.14
1598  1891.40625  0.14
1599  1891.40625  0.14
1600  1891.40625  0.14
1601  1891.40625  0.14
1602  1891.40625  0.14
1603  1891.40625  0.14
1604  1891.40625  0.14
1605  1891.40625  0.14
1606  1891.40625  0.14
1607  1891.40625  0.14
1608  1891.40625  0.14
1609  1891.40625  0.14
1610  1891.40625  0.14
1611  1891.40625  0.14
1612  1891.40625  0.14
1613  1891.40625  0.14
1614  1891.40625  0.14
1615  1891.40625  0.14
1616  1891.40625  0.14
1617  1891.40625  0.14
1618  1891.40625  0.14
1619  1891.40625  0.14
1620  1891.40625  0.14
1621  1891.40625  0.14
1622  1891.40625  0.14
1623  1891.40625  0.14
1624  1891.40625  0.14
1625  1891.40625  0.14
1626  1891.40625  0.14
1627  1891.40625  0.14
1628  1891.40625  0.14
1629  1891.40625  0.14
1630  1891.40625  0.14
1631  1891.40625  0.14
1632  1891.40625  0.14
1633  1891.40625  0.14
1634  1891.40625  0.14
1635  1891.40625  0.14
1636  1891.40625  0.14
1637  1891.40625  0.14
1638  1891.40625  0.14
1639  1891.40625  0.14
1640  1891.40625  0.14
1641  1891.40625  0.14
1642  1891.40625  0.14
1643  1891.40625  0.14
1644  1891.40625  0.14
1645  1891.40625  0.14
1646  1891.40625  0.14
1647  1891.40625  0.14
1648  1891.40625  0.14
1649  1891.40625  0.14
1650  1891.40625  0.14
1651  1891.40625  0.14
1652  1891.40625  0.14
1653  1891.40625  0.14
1654  1891.40625  0.14
1655  1891.40625  0.14
1656  1891.40625  0.14
1657  1891.40625  0.14
1658  1891.40625  0.14
1659  1891.40625  0.14
1660  1891.40625  0.14
1661  1891.40625  0.14
1662  1891.40625  0.14
1663  1891.40625  0.14
1664  1891.40625  0.14
1665  1891.40625  0.14
1666  1891.40625  0.14
1667  1891.40625  0.14
1668  1891.40625  0.14
1669  1891.40625  0.14
1670  1891.40625  0.14
1671  1891.40625  0.14
1672  1891.40625  0.14
1673  1891.40625  0.14
1674  1891.40625  0.14
1675  1891.40625  0.14
1676  1891.40625  0.14
1677  1891.40625  0.14
1678  1891.40625  0.14
1679  1891.40625  0.14
1680  1891.40625  0.14
1681  1891.40625  0.14
1682  1891.40625  0.14
1683  1891.40625  0.14
1684  1891.40625  0.14
1685  1891.40625  0.14
1686  1891.40625  0.14
1687  1891.40625  0.14
1688  1891.40625  0.14
1689  1891.40625  0.14
1690  1891.40625  0.14
1691  1891.40625  0.14
1692  1891.40625  0.14
1693  1891.40625  0.14
1694  1891.40625  0.14
1695  1891.40625  0.14
1696  1891.40625  0.14
1697  1891.40625  0.14
1698  1891.40625  0.14
1699  1891.40625  0.14
1700  1891.40625  0.14
1701  1891.40625  0.14
1702  1891.40625  0.14
1703  1891.40625  0.14
1704  1891.40625  0.14
1705  1891.40625  0.14
1706  1891.40625  0.14
1707  1891.40625  0.14
1708  1891.40625  0.14
1709  1891.40625  0.14
1710  1891.40625  0.14
1711  1891.40625  0.14
1712  1891.40625  0.14
1713  1891.40625  0.14
1714  1891.40625  0.14
1715  1891.40625  0.14
1716  1891.40625  0.14
1717  1891.40625  0.14
1718  1891.40625  0.14
1719  1891.40625  0.14
1720  1891.40625  0.14
1721  1891.40625  0.14
1722  1891.40625  0.14
1723  1891.40625  0.14
1724  1891.40625  0.14
1725  1891.40625  0.14
1726  1891.40625  0.14
1727  1891.40625  0.14
1728  1891.40625  0.14
1729  1891.40625  0.14
1730  1891.40625  0.14
1731  1891.40625  0.14
1732  1891.40625  0.14
1733  1891.40625  0.14
1734  1891.40625  0.14
1735  1891.40625  0.14
1736  1891.40625  0.14
1737  1891.40625  0.14
1738  1891.40625  0.14
1739  1891.40625  0.14
1740  1891.40625  0.14
1741  1891.40625  0.14
1742  1891.40625  0.14
1743  1891.40625  0.14
1744  1891.40625  0.14
1745  1891.40625  0.14
1746  1891.40625  0.14
1747  1891.40625  0.14
1748  1891.40625  0.14
1749  1891.40625  0.14
1750  1891.40625  0.14
1751  1891.40625  0.14
1752  1891.40625  0.14
1753  1891.40625  0.14
1754  1891.40625  0.14
1755  1891.40625  0.14
1756  1891.40625  0.14
1757  1891.40625  0.14
1758  1891.40625  0.14
1759  1891.40625  0.14
1760  1891.40625  0.14
1761  2029.546875  0.06
1762  2029.546875  0.06
1763  2029.546875  0.06
1764  2029.546875  0.06
1765  2029.546875  0.06
1766  2029.546875  0.06
1767  2029.546875  0.06
1768  2029.546875  0.06
1769  2029.546875  0.06
1770  2029.546875  0.06
1771  2029.546875  0.06
1772  2029.546875  0.06
1773  2029.546875  0.06
1774  2029.546875  0.06
1775  2029.546875  0.06
1776  2029.546875  0.06
1777  2029.546875  0.06
1778  2029.546875  0.06
1779  2029.546875  0.06
1780  2029.546875  0.06
1781  2029.546875  0.06
1782  2029.546875  0.06
1783  2029.546875  0.06
1784  2029.546875  0.06
1785  2029.546875  0.06
1786  2029.546875  0.06
1787  2029.546875  0.06
1788  2029.546875  0.06
1789  2029.546875  0.06
1790  2029.546875  0.06
1791  2029.546875  0.06
1792  2029.546875  0.06
1793  2029.546875  0.06
1794  2029.546875  0.06
1795  2029.546875  0.06
1796  2029.546875  0.06
1797  2029.546875  0.06
1798  2029.546875  0.06
1799  2029.546875  0.06
1800  2029.546875  0.06
1801  2029.546875  0.06
1802  2029.546875  0.06
1803  2029.546875  0.06
1804  2029.546875  0.06
1805  2029.546875  0.06
1806  2029.546875  0.06
1807  2029.546875  0.06
1808  2029.546875  0.06
1809  2029.546875  0.06
1810  2029.546875  0.06
1811  2029.546875  0.06
1812  2029.546875  0.06
1813  2029.546875  0.06
1814  2029.546875  0.06
1815  2029.546875  0.06
1816  2029.546875  0.06
1817  2029.546875  0.06
1818  2029.546875  0.06
1819  2029.546875  0.06
1820  2029.546875  0.06
1821  2029.546875  0.06
1822  2029.546875  0.06
1823  2029.546875  0.06
1824  2029.546875  0.06
1825  2029.546875  0.06
1826  2029.546875  0.06
1827  2029.546875  0.06
1828  2029.546875  0.06
1829  2029.546875  0.06
1830  2029.546875  0.06
1831  2029.546875  0.06
1832  2029.546875  0.06
1833  2029.546875  0.06
1834  2029.546875  0.06
1835  2029.546875  0.06
1836  2029.546875  0.06
1837  2029.546875  0.06
1838  2029.546875  0.06
1839  2029.546875  0.06
1840  2029.546875  0.06
1841  2029.546875  0.06
1842  2029.546875  0.06
1843  2029.546875  0.06
1844  2029.546875  0.06
1845  2029.546875  0.06
1846  2029.546875  0.06
1847  2029.546875  0.06
1848  2029.546875  0.06
1849  2029.546875  0.06
1850  2029.546875  0.06
1851  2029.546875  0.06
1852  2029.546875  0.06
1853  2029.546875  0.06
1854  2029.546875  0.06
1855  2029.546875  0.06
1856  2029.546875  0.06
1857  2029.546875  0.06
1858  2029.546875  0.06
1859  2029.546875  0.06
1860  2029.546875  0.06
1861  2029.546875  0.06
1862  2029.546875  0.06
1863  2029.546875  0.06
1864  2029.546875  0.06
1865  2029.546875  0.06
1866  2029.546875  0.06
1867  2029.546875  0.06
1868  2029.546875  0.06
1869  2029.546875  0.06
1870  2029.546875  0.06
1871  2029.546875  0.06
1872  2029.546875  0.06
1873  2029.546875  0.06
1874  2029.546875  0.06
1875  2029.546875  0.06
1876  2029.546875  0.06
1877  2029.546875  0.06
1878  2029.546875  0.06
1879  2029.546875  0.06
1880  2029.546875  0.06
1881  2029.546875  0.06
1882  2029.546875  0.06
1883  2029.546875  0.06
1884  2029.546875  0.06
1885  2029.546875  0.06
1886  2029.546875  0.06
1887  2029.546875  0.06
1888  2029.546875  0.06
1889  2029.546875  0.06
1890  2029.546875  0.06
1891  2029.546875  0.06
1892  2029.546875  0.06
1893  2029.546875  0.06
1894  2029.546875  0.06
1895  2029.546875  0.06
1896  2029.546875  0.06
1897  2029.546875  0.06
1898  2029.546875  0.06
1899  2029.546875  0.06
1900  2029.546875  0.06
1901  2029.546875  0.06
1902  2029.546875  0.06
1903  2029.546875  0.06
1904  2029.546875  0.06
1905  2029.546875  0.06
1906  2029.546875  0.06
1907  2029.546875  0.06
1908  2029.546875  0.06
1909  2029.546875  0.06
1910  2029.546875  0.06
1911  2029.546875  0.06
1912  2029.546875  0.06
1913  2029.546875  0.06
1914  2029.546875  0.06
1915  2029.546875  0.06
1916  2029.546875  0.06
1917  2029.546875  0.06
1918  2029.546875  0.06
1919  2029.546875  0.06
1920  2029.546875  0.06
1921  2029.546875  0.06
1922  2029.546875  0.06
1923  2029.546875  0.06
1924  2029.546875  0.06
1925  2029.546875  0.06
1926  2029.546875  0.06
1927  2029.546875  0.06
1928  2029.546875  0.06
1929  2029.546875  0.06
1930  2029.546875  0.06
1931  2029.546875  0.06
1932  2029.546875  0.06
1933  2029.546875  0.06
1934  2029.546875  0.06
1935  2029.546875  0.06
1936  2029.546875  0.06
1937  2029.546875  0.06
1938  2029.546875  0.06
1939  2029.546875  0.06
1940  2029.546875  0.06
1941  2029.546875  0.06
1942  2029.546875  0.06
1943  2029.546875  0.06
1944  2029.546875  0.06
1945  2029.546875  0.06
1946  2029.546875  0.06
1947  2029.546875  0.06
1948  2029.546875  0.06
1949  2029.546875  0.06
1950  2029.546875  0.06
1951  2029.546875  0.06
1952  2029.546875  0.06
1953  2029.546875  0.06
1954  2029.546875  0.06
1955  2029.546875  0.06
1956  2029.546875  0.06
1957  2029.546875  0.06
1958  2029.546875  0.06
1959  2029.546875  0.06
1960  2029.546875  0.06
1961  2029.546875  0.06
1962  2029.546875  0.06
1963  2029.546875  0.06
1964  2029.546875  0.06
1965  2029.546875  0.06
1966  2029.546875  0.06
1967  2029.546875  0.06
1968  2029.546875  0.06
1969  2029.546875  0.06
1970  2029.546875  0.06
1971  2029.546875  0.06
1972  2029.546875  0.06
1973  2029.546875  0.06
1974  2029.546875  0.06
1975  2029.546875  0.06
1976  2029.546875  0.06
1977  2029.546875  0.06
1978  2029.546875  0.06
1979  2029.546875  0.06
1980  2029.546875  0.06
1981  2029.546875  0.06
1982  2029.546875  0.06
1983  2029.546875  0.06
1984  2029.546875  0.06
1985  2029.546875  0.06
1986  2029.546875  0.06
1987  2029.546875  0.06
1988  2029.546875  0.06
1989  2029.546875  0.06
1990  2029.546875  0.06
1991  2029.546875  0.06
1992  2029.546875  0.06
1993  2029.546875  0.06
1994  2029.546875  0.06
1995  2029.546875  0.06
1996  2029.546875  0.06
1997  2029.546875  0.06
1998  2029.546875  0.06
1999  2029.546875  0.06
2000  2029.546875  0.06
2001  2029.546875  0.06
2002  2029.546875  0.06
2003  2029.546875  0.06
2004  2029.546875  0.06
2005  2029.546875  0.06
2006  2029.546875  0.06
2007  2029.546875  0.06
2008  2029.546875  0.06
2009  2029.546875  0.06
2010  2029.546875  0.06
2011  2029.546875  0.06
2012  2029.546875  0.06
2013  2029.546875  0.06
2014  2029.546875  0.06
2015  2029.546875  0.06
2016  2029.546875  0.06
2017  2029.546875  0.06
2018  2029.546875  0.06
2019  2029.546875  0.06
2020  2029.546875  0.06
2021  2029.546875  0.06
2022  2029.546875  0.06
2023  2029.546875  0.06
2024  2029.546875  0.06
2025  2029.546875  0.06
2026  2029.546875  0.06
2027  2029.546875  0.06
2028  2029.546875  0.06
2029  2029.546875  0.06
2030  2029.546875  0.06
2031  2029.546875  0.06
2032  2029.546875  0.06
2033  2029.546875  0.06
2034  2029.546875  0.06
2035  2029.546875  0.06
2036  2029.546875  0.06
2037  2029.546875  0.06
2038  2029.546875  0.06
2039  2029.546875  0.06
2040  2029.546875  0.06
2041  2029.546875  0.06
2042  2029.546875  0.06
2043  2029.546875  0.06
2044  2029.546875  0.06
2045  2029.546875  0.06
2046  2029.546875  0.06
2047  2029.546875  0.06
2048  2029.546875  0.06
2049  2029.546875  0.06
2050  2029.546875  0.06
2051  2029.546875  0.06
2052  2029.546875  0.06
2053  2029.546875  0.06
2054  2029.546875  0.06
2055  2029.546875  0.06
2056  2029.546875  0.06
2057  2029.546875  0.06
2058  2029.546875  0.06
2059  2029.546875  0.06
2060  2029.546875  0.06
2061  2029.546875  0.06
2062  2029.546875  0.06
2063  2029.546875  0.06
2064  2029.546875  0.06
2065  2029.546875  0.06
2066  2029.546875  0.06
2067  2029.546875  0.06
2068  2029.546875  0.06
2069  2029.546875  0.06
2070  2029.546875  0.06
2071  2029.546875  0.06
2072  2029.546875  0.06
2073  2029.546875  0.06
2074  2029.546875  0.06
2075  2029.546875  0.06
2076  2029.546875  0.06
2077  2029.546875  0.06
2078  2029.546875  0.06
2079  2029.546875  0.06
2080  2029.546875  0.06
2081  2029.546875  0.06
2082  2029.546875  0.06
2083  2029.546875  0.06
2084  2029.546875  0.06
2085  2029.546875  0.06
2086  2029.546875  0.06
2087  2029.546875  0.06
2088  2029.546875  0.06
2089  2029.546875  0.06
2090  2029.546875  0.06
2091  2029.546875  0.06
2092  2029.546875  0.06
2093  2029.546875  0.06
2094  2029.546875  0.06
2095  2029.546875  0.06
2096  2029.546875  0.06
2097  2029.546875  0.06
2098  2029.546875  0.06
2099  2029.546875  0.06
2100  2029.546875  0.06
2101  2029.546875  0.06
2102  2029.546875  0.06
2103  2029.546875  0.06
2104  2029.546875  0.06
2105  2029.546875  0.06
2106  2029.546875  0.06
2107  2029.546875  0.06
2108  2029.546875  0.06
2109  2029.546875  0.06
2110  2029.546875  0.06
2111  2029.546875  0.06
2112  2029.546875  0.06
2113  2029.546875  0.06
2114  2029.546875  0.06
2115  2029.546875  0.06
2116  2029.546875  0.06
2117  2029.546875  0.06
2118  2029.546875  0.06
2119  2029.546875  0.06
2120  2029.546875  0.06
2121  2029.546875  0.06
2122  2029.546875  0.06
2123  2029.546875  0.06
2124  2029.546875  0.06
2125  2029.546875  0.06
2126  2029.546875  0.06
2127  2029.546875  0.06
2128  2029.546875  0.06
2129  2029.546875  0.06
2130  2029.546875  0.06
2131  2029.546875  0.06
2132  2029.546875  0.06
2133  2029.546875  0.06
2134  2029.546875  0.06
2135  2029.546875  0.06
2136  2029.546875  0.06
2137  2029.546875  0.06
2138  2029.546875  0.06
2139  2029.546875  0.06
2140  2029.546875  0.06
2141  2029.546875  0.06
2142  2029.546875  0.06
2143  2029.546875  0.06
2144  2029.546875  0.06
2145  2029.546875  0.06
2146  2029.546875  0.06
2147  2029.546875  0.06
2148  2029.546875  0.06
2149  2029.546875  0.06
2150  2029.546875  0.06
2151  2029.546875  0.06
2152  2029.546875  0.06
2153  2029.546875  0.06
2154  2029.546875  0.06
2155  2029.546875  0.06
2156  2029.546875  0.06
2157  2029.546875  0.06
2158  2029.546875  0.06
2159  2029.546875  0.06
2160  2029.546875  0.06
2161  2029.546875  0.06
2162  2029.546875  0.06
2163  2029.546875  0.06
2164  2029.546875  0.06
2165  2029.546875  0.06
2166  2029.546875  0.06
2167  2029.546875  0.06
2168  2029.546875  0.06
2169  2029.546875  0.06
2170  2029.546875  0.06
2171  2029.546875  0.06
2172  2029.546875  0.06
2173  2029.546875  0.06
2174  2029.546875  0.06
2175  2029.546875  0.06
2176  2029.546875  0.06
2177  2029.546875  0.06
2178  2029.546875  0.06
2179  2029.546875  0.06
2180  2029.546875  0.06
2181  2029.546875  0.06
2182  2029.546875  0.06
2183  2029.546875  0.06
2184  2029.546875  0.06
2185  2029.546875  0.06
2186  2029.546875  0.06
2187  2029.546875  0.06
2188  2029.546875  0.06
2189  2029.546875  0.06
2190  2029.546875  0.06
2191  2029.546875  0.06
2192  2029.546875  0.06
2193  2029.546875  0.06
2194  2029.546875  0.06
2195  2029.546875  0.06
2196  2029.546875  0.06
2197  2029.546875  0.06
2198  2029.546875  0.06
2199  2029.546875  0.06
2200  2029.546875  0.06
2201  2029.546875  0.06
2202  2029.546875  0.06
2203  2029.546875  0.06
2204  2029.546875  0.06
2205  2029.546875  0.06
2206  2029.546875  0.06
2207  2029.546875  0.06
2208  2029.546875  0.06
2209  2029.546875  0.06
2210  2029.546875  0.06
2211  2029.546875  0.06
2212  2029.546875  0.06
2213  2029.546875  0.06
2214  2029.546875  0.06
2215  2029.546875  0.06
2216  2029.546875  0.06
2217  2029.546875  0.06
2218  2029.546875  0.06
2219  2029.546875  0.06
2220  2029.546875  0.06
2221  2029.546875  0.06
2222  2029.546875  0.06
2223  2029.546875  0.06
2224  2029.546875  0.06
2225  2029.546875  0.06
2226  2029.546875  0.06
2227  2029.546875  0.06
2228  2029.546875  0.06
2229  2029.546875  0.06
2230  2029.546875  0.06
2231  2029.546875  0.06
2232  2029.546875  0.06
2233  2029.546875  0.06
2234  2029.546875  0.06
2235  2029.546875  0.06
2236  2029.546875  0.06
2237  2029.546875  0.06
2238  2029.546875  0.06
2239  2029.546875  0.06
2240  2029.546875  0.06
2241  2029.546875  0.06
2242  2029.546875  0.06
2243  2029.546875  0.06
2244  2029.546875  0.06
2245  2029.546875  0.06
2246  2029.546875  0.06
2247  2029.546875  0.06
2248  2029.546875  0.06
2249  2029.546875  0.06
2250  2029.546875  0.06
2251  2029.546875  0.06
2252  2029.546875  0.06
2253  2029.546875  0.06
2254  2029.546875  0.06
2255  2029.546875  0.06
2256  2029.546875  0.06
2257  2029.546875  0.06
2258  2029.546875  0.06
2259  2029.546875  0.06
2260  2029.546875  0.06
2261  2029.546875  0.06
2262  2029.546875  0.06
2263  2029.546875  0.06
2264  2029.546875  0.06
2265  2029.546875  0.06
2266  2029.546875  0.06
2267  2029.546875  0.06
2268  2029.546875  0.06
2269  2029.546875  0.06
2270  2029.546875  0.06
2271  2029.546875  0.06
2272  2029.546875  0.06
2273  2029.546875  0.06
2274  2029.546875  0.06
2275  2029.546875  0.06
2276  2029.546875  0.06
2277  2029.546875  0.06
2278  2029.546875  0.06
2279  2029.546875  0.06
2280  2029.546875  0.06
2281  2029.546875  0.06
2282  2029.546875  0.06
2283  2029.546875  0.06
2284  2029.546875  0.06
2285  2029.546875  0.06
2286  2029.546875  0.06
2287  2029.546875  0.06
2288  2029.546875  0.06
2289  2029.546875  0.06
2290  2029.546875  0.06
2291  2029.546875  0.06
2292  2029.546875  0.06
2293  2029.546875  0.06
2294  2029.546875  0.06
2295  2029.546875  0.06
2296  2029.546875  0.06
2297  2029.546875  0.06
2298  2029.546875  0.06
2299  2029.546875  0.06
2300  2029.546875  0.06
2301  2029.546875  0.06
2302  2029.546875  0.06
2303  2029.546875  0.06
2304  2029.546875  0.06
2305  2029.546875  0.06
2306  2029.546875  0.06
2307  2029.546875  0.06
2308  2029.546875  0.06
2309  2029.546875  0.06
2310  2029.546875  0.06
2311  2029.546875  0.06
2312  2029.546875  0.06
2313  2029.546875  0.06
2314  2029.546875  0.06
2315  2029.546875  0.06
2316  2029.546875  0.06
2317  2029.546875  0.06
2318  2029.546875  0.06
2319  2029.546875  0.06
2320  2029.546875  0.06
2321  2029.546875  0.06
2322  2029.546875  0.06
2323  2029.546875  0.06
2324  2029.546875  0.06
2325  2029.546875  0.06
2326  2029.546875  0.06
2327  2029.546875  0.06
2328  2029.546875  0.06
2329  2029.546875  0.06
2330  2029.546875  0.06
2331  2029.546875  0.06
2332  2029.546875  0.06
2333  2029.546875  0.06
2334  2029.546875  0.06
2335  2029.546875  0.06
2336  2029.546875  0.06
2337  2029.546875  0.06
2338  2029.546875  0.06
2339  2029.546875  0.06
2340  2029.546875  0.06
2341  2029.546875  0.06
2342  2029.546875  0.06
2343  2029.546875  0.06
2344  2029.546875  0.06
2345  2029.546875  0.06
2346  2029.546875  0.06
2347  2029.546875  0.06
2348  2029.546875  0.06
2349  2029.546875  0.06
2350  2029.546875  0.06
2351  2029.546875  0.06
2352  2029.546875  0.06
2353  2029.546875  0.06
2354  2029.546875  0.06
2355  2029.546875  0.06
2356  2029.546875  0.06
2357  2029.546875  0.06
2358  2029.546875  0.06
2359  2029.546875  0.06
2360  2029.546875  0.06
2361  2029.546875  0.06
2362  2029.546875  0.06
2363  2029.546875  0.06
2364  2029.546875  0.06
2365  2029.546875  0.06
2366  2029.546875  0.06
2367  2029.546875  0.06
2368  2029.546875  0.06
2369  2029.546875  0.06
2370  2029.546875  0.06
2371  2029.546875  0.06
2372  2029.546875  0.06
2373  2029.546875  0.06
2374  2029.546875  0.06
2375  2029.546875  0.06
2376  2029.546875  0.06
2377  2029.546875  0.06
2378  2029.546875  0.06
2379  2029.546875  0.06
2380  2029.546875  0.06
2381  2029.546875  0.06
2382  2029.546875  0.06
2383  2029.546875  0.06
2384  2029.546875  0.06
2385  2029.546875  0.06
2386  2029.546875  0.06
2387  2029.546875  0.06
2388  2029.546875  0.06
2389  2029.546875  0.06
2390  2029.546875  0.06
2391  2029.546875  0.06
2392  2029.546875  0.06
2393  2029.546875  0.06
2394  2029.546875  0.06
2395  2029.546875  0.06
2396  2029.546875  0.06
2397  2029.546875  0.06
2398  2029.546875  0.06
2399  2029.546875  0.06
2400  2029.546875  0.06
2401  2029.546875  0.06
2402  2029.546875  0.06
2403  2029.546875  0.06
2404  2029.546875  0.06
2405  2029.546875  0.06
2406  2029.546875  0.06
2407  2029.546875  0.06
2408  2029.546875  0.06
2409  2029.546875  0.06
2410  2029.546875  0.06
2411  2029.546875  0.06
2412  2029.546875  0.06
2413  2029.546875  0.06
2414  2029.546875  0.06
2415  2029.546875  0.06
2416  2029.546875  0.06
2417  2029.546875  0.06
2418  2029.546875  0.06
2419  2029.546875  0.06
2420  2029.546875  0.06
2421  2029.546875  0.06
2422  2029.546875  0.06
2423  2029.546875  0.06
2424  2029.546875  0.06
2425  2029.546875  0.06
2426  2029.546875  0.06
2427  2029.546875  0.06
2428  2029.546875  0.06
2429  2029.546875  0.06
2430  2029.546875  0.06
2431  2029.546875  0.06
2432  2029.546875  0.06
2433  2029.546875  0.06
2434  2029.546875  0.06
2435  2029.546875  0.06
2436  2029.546875  0.06
2437  2029.546875  0.06
2438  2029.546875  0.06
2439  2029.546875  0.06
2440  2029.546875  0.06
2441  2029.546875  0.06
2442  2029.546875  0.06
2443  2029.546875  0.06
2444  2029.546875  0.06
2445  2029.546875  0.06
2446  2029.546875  0.06
2447  2029.546875  0.06
2448  2029.546875  0.06
2449  2029.546875  0.06
2450  2029.546875  0.06
2451  2029.546875  0.06
2452  2029.546875  0.06
2453  2029.546875  0.06
2454  2029.546875  0.06
2455  2029.546875  0.06
2456  2029.546875  0.06
2457  2029.546875  0.06
2458  2029.546875  0.06
2459  2029.546875  0.06
2460  2029.546875  0.06
2461  2029.546875  0.06
2462  2029.546875  0.06
2463  2029.546875  0.06
2464  2029.546875  0.06
2465  2029.546875  0.06
2466  2029.546875  0.06
2467  2029.546875  0.06
2468  2029.546875  0.06
2469  2029.546875  0.06
2470  2029.546875  0.06
2471  2029.546875  0.06
2472  2029.546875  0.06
2473  2029.546875  0.06
2474  2029.546875  0.06
2475  2029.546875  0.06
2476  2029.546875  0.06
2477  2029.546875  0.06
2478  2029.546875  0.06
2479  2029.546875  0.06
2480  2029.546875  0.06
2481  2029.546875  0.06
2482  2029.546875  0.06
2483  2029.546875  0.06
2484  2029.546875  0.06
2485  2029.546875  0.06
2486  2029.546875  0.06
2487  2029.546875  0.06
2488  2029.546875  0.06
2489  2029.546875  0.06
2490  2029.546875  0.06
2491  2029.546875  0.06
2492  2029.546875  0.06
2493  2029.546875  0.06
2494  2029.546875  0.06
2495  2029.546875  0.06
2496  2029.546875  0.06
2497  2029.546875  0.06
2498  2029.546875  0.06
2499  2029.546875  0.06
2500  2029.546875  0.06
2501  2029.546875  0.06
2502  2029.546875  0.06
2503  2029.546875  0.06
2504  2029.546875  0.06
2505  2029.546875  0.06
2506  2029.546875  0.06
2507  2029.546875  0.06
2508  2029.546875  0.06
2509  2029.546875  0.06
2510  2029.546875  0.06
2511  2029.546875  0.06
2512  2029.546875  0.06
2513  2029.546875  0.06
2514  2029.546875  0.06
2515  2029.546875  0.06
2516  2029.546875  0.06
2517  2029.546875  0.06
2518  2029.546875  0.06
2519  2029.546875  0.06
2520  2029.546875  0.06
2521  2029.546875  0.06
2522  2029.546875  0.06
2523  2029.546875  0.06
2524  2029.546875  0.06
2525  2029.546875  0.06
2526  2029.546875  0.06
2527  2029.546875  0.06
2528  2029.546875  0.06
2529  2029.546875  0.06
2530  2029.546875  0.06
2531  2029.546875  0.06
2532  2029.546875  0.06
2533  2029.546875  0.06
2534  2029.546875  0.06
2535  2029.546875  0.06
2536  2029.546875  0.06
2537  2029.546875  0.06
2538  2029.546875  0.06
2539  2029.546875  0.06
2540  2029.546875  0.06
2541  2029.546875  0.06
2542  2029.546875  0.06
2543  2029.546875  0.06
2544  2029.546875  0.06
2545  2029.546875  0.06
2546  2029.546875  0.06
2547  2029.546875  0.06
2548  2029.546875  0.06
2549  2029.546875  0.06
2550  2029.546875  0.06
2551  2029.546875  0.06
2552  2029.546875  0.06
2553  2029.546875  0.06
2554  2029.546875  0.06
2555  2029.546875  0.06
2556  2029.546875  0.06
2557  2029.546875  0.06
2558  2029.546875  0.06
2559  2029.546875  0.06
2560  2029.546875  0.06
2561  2029.546875  0.06
2562  2029.546875  0.06
2563  2029.546875  0.06
2564  2029.546875  0.06
2565  2029.546875  0.06
2566  2029.546875  0.06
2567  2029.546875  0.06
2568  2029.546875  0.06
2569  2029.546875  0.06
2570  2029.546875  0.06
2571  2029.546875  0.06
2572  2029.546875  0.06
2573  2029.546875  0.06
2574  2029.546875  0.06
2575  2029.546875  0.06
2576  2029.546875  0.06
2577  2029.546875  0.06
2578  2029.546875  0.06
2579  2029.546875  0.06
2580  2029.546875  0.06
2581  2029.546875  0.06
2582  2029.546875  0.06
2583  2029.546875  0.06
2584  2029.546875  0.06
2585  2029.546875  0.06
2586  2029.546875  0.06
2587  2029.546875  0.06
2588  2029.546875  0.06
2589  2029.546875  0.06
2590  2029.546875  0.06
2591  2029.546875  0.06
2592  2029.546875  0.06
2593  2029.546875  0.06
2594  2029.546875  0.06
2595  2029.546875  0.06
2596  2029.546875  0.06
2597  2029.546875  0.06
2598  2029.546875  0.06
2599  2029.546875  0.06
2600  2029.546875  0.06
2601  2029.546875  0.06
2602  2029.546875  0.06
2603  2029.546875  0.06
2604  2029.546875  0.06
2605  2029.546875  0.06
2606  2029.546875  0.06
2607  2029.546875  0.06
2608  2029.546875  0.06
2609  2029.546875  0.06
2610  2029.546875  0.06
2611  2029.546875  0.06
2612  2029.546875  0.06
2613  2029.546875  0.06
2614  2029.546875  0.06
2615  2029.546875  0.06
2616  2029.546875  0.06
2617  2029.546875  0.06
2618  2029.546875  0.06
2619  2029.546875  0.06
2620  2029.546875  0.06
2621  2029.546875  0.06
2622  2029.546875  0.06
2623  2029.546875  0.06
2624  2029.546875  0.06
2625  2029.546875  0.06
2626  2029.546875  0.06
2627  2029.546875  0.06
2628  2029.546875  0.06
2629  2029.546875  0.06
2630  2029.546875  0.06
2631  2029.546875  0.06
2632  2029.546875  0.06
2633  2029.546875  0.06
2634  2029.546875  0.06
2635  2029.546875  0.06
2636  2029.546875  0.06
2637  2029.546875  0.06
2638  2029.546875  0.06
2639  2029.546875  0.06
2640  2029.546875  0.06
2641  2029.546875  0.06
2642  2029.546875  0.06
2643  2029.546875  0.06
2644  2029.546875  0.06
2645  2029.546875  0.06
2646  2029.546875  0.06
2647  2029.546875  0.06
2648  2029.546875  0.06
2649  2029.546875  0.06
2650  2029.546875  0.06
2651  2029.546875  0.06
2652  2029.546875  0.06
2653  2029.546875  0.06
2654  2029.546875  0.06
2655  2029.546875  0.06
2656  2029.546875  0.06
2657  2029.546875  0.06
2658  2029.546875  0.06
2659  2029.546875  0.06
2660  2029.546875  0.06
2661  2029.546875  0.06
2662  2029.546875  0.06
2663  2029.546875  0.06
2664  2029.546875  0.06
2665  2029.546875  0.06
2666  2029.546875  0.06
2667  2029.546875  0.06
2668  2029.546875  0.06
2669  2029.546875  0.06
2670  2029.546875  0.06
2671  2029.546875  0.06
2672  2029.546875  0.06
2673  2029.546875  0.06
2674  2029.546875  0.06
2675  2029.546875  0.06
2676  2029.546875  0.06
2677  2029.546875  0.06
2678  2029.546875  0.06
2679  2029.546875  0.06
2680  2029.546875  0.06
2681  2029.546875  0.06
2682  2029.546875  0.06
2683  2029.546875  0.06
2684  2029.546875  0.06
2685  2029.546875  0.06
2686  2029.546875  0.06
2687  2029.546875  0.06
2688  2029.546875  0.06
2689  2029.546875  0.06
2690  2029.546875  0.06
2691  2029.546875  0.06
2692  2029.546875  0.06
2693  2029.546875  0.06
2694  2029.546875  0.06
2695  2029.546875  0.06
2696  2029.546875  0.06
2697  2029.546875  0.06
2698  2029.546875  0.06
2699  2029.546875  0.06
2700  2029.546875  0.06
2701  2029.546875  0.06
2702  2029.546875  0.06
2703  2029.546875  0.06
2704  2029.546875  0.06
2705  2029.546875  0.06
2706  2029.546875  0.06
2707  2029.546875  0.06
2708  2029.546875  0.06
2709  2029.546875  0.06
2710  2029.546875  0.06
2711  2029.546875  0.06
2712  2029.546875  0.06
2713  2029.546875  0.06
2714  2029.546875  0.06
2715  2029.546875  0.06
2716  2029.546875  0.06
2717  2029.546875  0.06
2718  2029.546875  0.06
2719  2029.546875  0.06
2720  2029.546875  0.06
2721  2029.546875  0.06
2722  2029.546875  0.06
2723  2029.546875  0.06
2724  2029.546875  0.06
2725  2029.546875  0.06
2726  2029.546875  0.06
2727  2029.546875  0.06
2728  2029.546875  0.06
2729  2029.546875  0.06
2730  2029.546875  0.06
2731  2029.546875  0.06
2732  2029.546875  0.06
2733  2029.546875  0.06
2734  2029.546875  0.06
2735  2029.546875  0.06
2736  2029.546875  0.06
2737  2029.546875  0.06
2738  2029.546875  0.06
2739  2029.546875  0.06
2740  2029.546875  0.06
2741  2029.546875  0.06
2742  2029.546875  0.06
2743  2029.546875  0.06
2744  2029.546875  0.06
2745  2029.546875  0.06
2746  2029.546875  0.06
2747  2029.546875  0.06
2748  2029.546875  0.06
2749  2029.546875  0.06
2750  2029.546875  0.06
2751  2029.546875  0.06
2752  2029.546875  0.06
2753  2029.546875  0.06
2754  2029.546875  0.06
2755  2029.546875  0.06
2756  2029.546875  0.06
2757  2029.546875  0.06
2758  2029.546875  0.06
2759  2029.546875  0.06
2760  2029.546875  0.06
2761  2029.546875  0.06
2762  2029.546875  0.06
2763  2029.546875  0.06
2764  2029.546875  0.06
2765  2029.546875  0.06
2766  2029.546875  0.06
2767  2029.546875  0.06
2768  2029.546875  0.06
2769  2029.546875  0.06
2770  2029.546875  0.06
2771  2029.546875  0.06
2772  2029.546875  0.06
2773  2029.546875  0.06
2774  2029.546875  0.06
2775  2029.546875  0.06
2776  2029.546875  0.06
2777  2029.546875  0.06
2778  2029.546875  0.06
2779  2029.546875  0.06
2780  2029.546875  0.06
2781  2029.546875  0.06
2782  2029.546875  0.06
2783  2029.546875  0.06
2784  2029.546875  0.06
2785  2029.546875  0.06
2786  2029.546875  0.06
2787  2029.546875  0.06
2788  2029.546875  0.06
2789  2029.546875  0.06
2790  2029.546875  0.06
2791  2029.546875  0.06
2792  2029.546875  0.06
2793  2029.546875  0.06
2794  2029.546875  0.06
2795  2029.546875  0.06
2796  2029.546875  0.06
2797  2029.546875  0.06
2798  2029.546875  0.06
2799  2029.546875  0.06
2800  2029.546875  0.06
2801  2029.546875  0.06
2802  2029.546875  0.06
2803  2029.546875  0.06
2804  2029.546875  0.06
2805  2029.546875  0.06
2806  2029.546875  0.06
2807  2029.546875  0.06
2808  2029.546875  0.06
2809  2029.546875  0.06
2810  2029.546875  0.06
2811  2029.546875  0.06
2812  2029.546875  0.06
2813  2029.546875  0.06
2814  2029.546875  0.06
2815  2029.546875  0.06
2816  2029.546875  0.06
2817  2029.546875  0.06
2818  2029.546875  0.06
2819  2029.546875  0.06
2820  2029.546875  0.06
2821  2029.546875  0.06
2822  2029.546875  0.06
2823  2029.546875  0.06
2824  2029.546875  0.06
2825  2029.546875  0.06
2826  2029.546875  0.06
2827  2029.546875  0.06
2828  2029.546875  0.06
2829  2029.546875  0.06
2830  2029.546875  0.06
2831  2029.546875  0.06
2832  2029.546875  0.06
2833  2029.546875  0.06
2834  2029.546875  0.06
2835  2029.546875  0.06
2836  2029.546875  0.06
2837  2029.546875  0.06
2838  2029.546875  0.06
2839  2029.546875  0.06
2840  2029.546875  0.06
2841  2029.546875  0.06
2842  2029.546875  0.06
2843  2029.546875  0.06
2844  2029.546875  0.06
2845  2029.546875  0.06
2846  2029.546875  0.06
2847  2029.546875  0.06
2848  2029.546875  0.06
2849  2029.546875  0.06
2850  2029.546875  0.06
2851  2029.546875  0.06
2852  2029.546875  0.06
2853  2029.546875  0.06
2854  2029.546875  0.06
2855  2029.546875  0.06
2856  2029.546875  0.06
2857  2029.546875  0.06
2858  2029.546875  0.06
2859  2029.546875  0.06
2860  2029.546875  0.06
2861  2029.546875  0.06
2862  2029.546875  0.06
2863  2029.546875  0.06
2864  2029.546875  0.06
2865  2029.546875  0.06
2866  2029.546875  0.06
2867  2029.546875  0.06
2868  2029.546875  0.06
2869  2029.546875  0.06
2870  2029.546875  0.06
2871  2029.546875  0.06
2872  2029.546875  0.06
2873  2029.546875  0.06
2874  2029.546875  0.06
2875  2029.546875  0.06
2876  2029.546875  0.06
2877  2029.546875  0.06
2878  2029.546875  0.06
2879  2029.546875  0.06
2880  2029.546875  0.06
2881  2029.546875  0.06
2882  2029.546875  0.06
2883  2029.546875  0.06
2884  2029.546875  0.06
2885  2029.546875  0.06
2886  2029.546875  0.06
2887  2029.546875  0.06
2888  2029.546875  0.06
2889  2029.546875  0.06
2890  2029.546875  0.06
2891  2029.546875  0.06
2892  2029.546875  0.06
2893  2029.546875  0.06
2894  2029.546875  0.06
2895  2029.546875  0.06
2896  2029.546875  0.06
2897  2029.546875  0.06
2898  2029.546875  0.06
2899  2029.546875  0.06
2900  2029.546875  0.06
2901  2029.546875  0.06
2902  2029.546875  0.06
2903  2029.546875  0.06
2904  2029.546875  0.06
2905  2029.546875  0.06
2906  2029.546875  0.06
2907  2029.546875  0.06
2908  2029.546875  0.06
2909  2029.546875  0.06
2910  2029.546875  0.06
2911  2029.546875  0.06
2912  2029.546875  0.06
2913  2029.546875  0.06
2914  2029.546875  0.06
2915  2029.546875  0.06
2916  2029.546875  0.06
2917  2029.546875  0.06
2918  2029.546875  0.06
2919  2029.546875  0.06
2920  2029.546875  0.06
2921  2029.546875  0.06
2922  2029.546875  0.06
2923  2029.546875  0.06
2924  2029.546875  0.06
2925  2029.546875  0.06
2926  2029.546875  0.06
2927  2029.546875  0.06
2928  2029.546875  0.06
2929  2029.546875  0.06
2930  2029.546875  0.06
2931  2029.546875  0.06
2932  2029.546875  0.06
2933  2029.546875  0.06
2934  2029.546875  0.06
2935  2029.546875  0.06
2936  2029.546875  0.06
2937  2029.546875  0.06
2938  2029.546875  0.06
2939  2029.546875  0.06
2940  2029.546875  0.06
2941  2029.546875  0.06
2942  2029.546875  0.06
2943  2029.546875  0.06
2944  2029.546875  0.06
2945  2029.546875  0.06
2946  2029.546875  0.06
2947  2029.546875  0.06
2948  2029.546875  0.06
2949  2029.546875  0.06
2950  2029.546875  0.06
2951  2029.546875  0.06
2952  2029.546875  0.06
2953  2029.546875  0.06
2954  2029.546875  0.06
2955  2029.546875  0.06
2956  2029.546875  0.06
2957  2029.546875  0.06
2958  2029.546875  0.06
2959  2029.546875  0.06
2960  2029.546875  0.06
2961  2029.546875  0.06
2962  2029.546875  0.06
2963  2029.546875  0.06
2964  2029.546875  0.06
2965  2029.546875  0.06
2966  2029.546875  0.06
2967  2029.546875  0.06
2968  2029.546875  0.06
2969  2029.546875  0.06
2970  2029.546875  0.06
2971  2029.546875  0.06
2972  2029.546875  0.06
2973  2029.546875  0.06
2974  2029.546875  0.06
2975  2029.546875  0.06
2976  2029.546875  0.06
2977  2029.546875  0.06
2978  2029.546875  0.06
2979  2029.546875  0.06
2980  2029.546875  0.06
2981  2029.546875  0.06
2982  2029.546875  0.06
2983  2029.546875  0.06
2984  2029.546875  0.06
2985  2029.546875  0.06
2986  2029.546875  0.06
2987  2029.546875  0.06
2988  2029.546875  0.06
2989  2029.546875  0.06
2990  2029.546875  0.06
2991  2029.546875  0.06
2992  2029.546875  0.06
2993  2029.546875  0.06
2994  2029.546875  0.06
2995  2029.546875  0.06
2996  2029.546875  0.06
2997  2029.546875  0.06
2998  2029.546875  0.06
2999  2029.546875  0.06
#[-9, -8, 8, 8, 9]
#[2, 6, 7, 7, 7]
#[7, 7, 7, 7, 7]
#[7, 7, 7, 7, 8]
#[1, 7, 7, 7, 7]
#[-9, 7, 7, 7, 7]
#[7, 7, 7, 7, 7]
#[4, 7, 7, 7, 7]
#[7, 7, 7, 7, 7]
#Specialization index= [0, 8, 0.6666666666666666]
