#[2, 2, 3, 2, 9, 6, 7, 2, 8, 3, 0, 2, 9, 7, 3]
#[3, 4, 3, 8, 7, 1, 1, 1, 7, 9, 1, 3, 2, 8, 6]
#[4, 2, 8, 9, 8, 4, 4, 9, 3, 0, 0, 3, 5, 8, 3]
#[6, 6, 2, 4, 3, 3, 2, 2, 9, 8, 7, 3, 1, 4, 3]
#[8, 5, 7, 8, 6, 1, 5, 6, 2, 6, 4, 3, 7, 5, 8]
#[3, 0, 8, 3, 9, 4, 7, 7, 1, 5, 5, 8, 0, 1, 8]
#[7, 9, 0, 9, 2, 4, 8, 9, 8, 6, 6, 6, 3, 9, 9]
#[4, 0, 7, 2, 8, 9, 3, 7, 9, 7, 3, 7, 3, 3, 6]
#[3, 0, 7, 6, 2, 4, 6, 8, 1, 8, 2, 7, 9, 0, 1]
#[4, 9, 5, 7, 0, 0, 4, 5, 1, 6, 7, 4, 4, 6, 6]
#[8, 0, 7, 4, 5, 7, 1, 8, 4, 1, 4, 1, 9, 8, 9]
#[2, 1, 8, 0, 3, 9, 5, 4, 6, 6, 2, 8, 7, 0, 0]
#[3, 9, 7, 3, 7, 9, 8, 6, 3, 7, 3, 2, 4, 1, 1]
#[7, 3, 7, 9, 6, 7, 0, 2, 8, 2, 5, 7, 2, 4, 6]
#[3, 2, 8, 9, 2, 7, 3, 2, 5, 7, 9, 2, 7, 3, 8]
#[7, 2, 3, 7, 4, 9, 0, 8, 6, 6, 0, 6, 8, 2, 6]
#[3, 3, 9, 3, 8, 9, 1, 2, 3, 5, 7, 0, 3, 8, 4]
#[9, 9, 5, 1, 2, 3, 9, 6, 2, 3, 8, 4, 3, 2, 7]
#[0, 6, 6, 5, 7, 2, 3, 3, 5, 2, 6, 3, 1, 2, 9]
#[0, 2, 3, 6, 4, 5, 1, 9, 7, 3, 5, 7, 8, 9, 7]
#[0, 5, 0, 9, 6, 6, 5, 2, 5, 5, 0, 2, 1, 9, 7]
#[7, 7, 9, 0, 7, 0, 5, 6, 2, 2, 5, 2, 4, 3, 0]
#[0, 8, 7, 9, 5, 4, 2, 9, 6, 3, 5, 9, 8, 5, 1]
#[6, 0, 2, 4, 2, 8, 7, 3, 3, 6, 3, 4, 2, 5, 6]
#[2, 1, 8, 1, 9, 6, 5, 3, 0, 5, 7, 1, 3, 7, 0]
0  15605.5  0.0
1  15605.5  0.0
2  15605.5  0.0
3  15605.5  0.0
4  15605.5  0.0
5  15605.5  0.0
6  15605.5  0.0
7  15605.5  0.0
8  15605.5  0.0
9  15605.5  0.0
10  15605.5  0.0
11  15605.5  0.0
12  15605.5  0.0
13  15605.5  0.0
14  15605.5  0.0
15  15605.5  0.0
16  15605.5  0.0
17  15605.5  0.0
18  15605.5  0.0
19  15605.5  0.0
20  15605.5  0.0
21  15605.5  0.0
22  15605.5  0.0
23  15605.5  0.0
24  15605.5  0.0
25  15605.5  0.0
26  15605.5  0.0
27  15605.5  0.0
28  15605.5  0.0
29  15605.5  0.0
30  15605.5  0.0
31  15605.5  0.0
32  15605.5  0.0
33  15605.5  0.0
34  15605.5  0.0
35  15605.5  0.0
36  15605.5  0.0
37  15605.5  0.0
38  15605.5  0.0
39  15605.5  0.0
40  15605.5  0.0
41  15605.5  0.0
42  15605.5  0.0
43  15605.5  0.0
44  15605.5  0.0
45  15605.5  0.0
46  15605.5  0.0
47  15605.5  0.0
48  15605.5  0.0
49  15605.5  0.0
50  15605.5  0.0
51  15605.5  0.0
52  15605.5  0.0
53  15605.5  0.0
54  15605.5  0.0
55  15605.5  0.0
56  15605.5  0.0
57  15605.5  0.0
58  15605.5  0.0
59  15605.5  0.0
60  15605.5  0.0
61  15605.5  0.0
62  15605.5  0.0
63  15605.5  0.0
64  15605.5  0.0
65  15605.5  0.0
66  15605.5  0.0
67  15605.5  0.0
68  15605.5  0.0
69  15605.5  0.0
70  15605.5  0.0
71  15605.5  0.0
72  15605.5  0.0
73  15605.5  0.0
74  15605.5  0.0
75  15605.5  0.0
76  15605.5  0.0
77  15605.5  0.0
78  15605.5  0.0
79  15605.5  0.0
80  15605.5  0.0
81  15605.5  0.0
82  15605.5  0.0
83  15605.5  0.0
84  15605.5  0.0
85  15605.5  0.0
86  15605.5  0.0
87  15605.5  0.0
88  15605.5  0.0
89  15605.5  0.0
90  15605.5  0.0
91  15605.5  0.0
92  15605.5  0.0
93  15605.5  0.0
94  15605.5  0.0
95  15605.5  0.0
96  15605.5  0.0
97  15605.5  0.0
98  15605.5  0.0
99  15605.5  0.0
100  15605.5  0.0
101  15605.5  0.0
102  15605.5  0.0
103  15605.5  0.0
104  15605.5  0.0
105  15605.5  0.0
106  15605.5  0.0
107  15605.5  0.0
108  15605.5  0.0
109  15605.5  0.0
110  15605.5  0.0
111  15605.5  0.0
112  15605.5  0.0
113  15605.5  0.0
114  15605.5  0.0
115  15605.5  0.0
116  15605.5  0.0
117  15605.5  0.0
118  15605.5  0.0
119  15605.5  0.0
120  15605.5  0.0
121  15605.5  0.0
122  15605.5  0.0
123  15605.5  0.0
124  15605.5  0.0
125  15605.5  0.0
126  15605.5  0.0
127  15605.5  0.0
128  15605.5  0.0
129  15605.5  0.0
130  15605.5  0.0
131  15605.5  0.0
132  15605.5  0.0
133  15605.5  0.0
134  15605.5  0.0
135  15605.5  0.0
136  15605.5  0.0
137  15605.5  0.0
138  15605.5  0.0
139  15605.5  0.0
140  15605.5  0.0
141  15605.5  0.0
142  15605.5  0.0
143  15605.5  0.0
144  15605.5  0.0
145  15605.5  0.0
146  15605.5  0.0
147  15605.5  0.0
148  15605.5  0.0
149  15605.5  0.0
150  15605.5  0.0
151  15605.5  0.0
152  15605.5  0.0
153  15605.5  0.0
154  15605.5  0.0
155  15605.5  0.0
156  15605.5  0.0
157  15605.5  0.0
158  15605.5  0.0
159  15605.5  0.0
160  15605.5  0.0
161  15605.5  0.0
162  15605.5  0.0
163  15605.5  0.0
164  15605.5  0.0
165  15605.5  0.0
166  15605.5  0.0
167  15605.5  0.0
168  15605.5  0.0
169  15605.5  0.0
170  15605.5  0.0
171  15605.5  0.0
172  15605.5  0.0
173  15605.5  0.0
174  15605.5  0.0
175  15605.5  0.0
176  15605.5  0.0
177  15605.5  0.0
178  15605.5  0.0
179  15605.5  0.0
180  15605.5  0.0
181  15605.5  0.0
182  15605.5  0.0
183  15605.5  0.0
184  15605.5  0.0
185  15605.5  0.0
186  15605.5  0.0
187  15605.5  0.0
188  15605.5  0.0
189  15605.5  0.0
190  15605.5  0.0
191  15605.5  0.0
192  15605.5  0.0
193  15605.5  0.0
194  15605.5  0.0
195  15605.5  0.0
196  15605.5  0.0
197  15605.5  0.0
198  15605.5  0.0
199  15605.5  0.0
200  15605.5  0.0
201  15605.5  0.0
202  15605.5  0.0
203  15605.5  0.0
204  15605.5  0.0
205  15605.5  0.0
206  15605.5  0.0
207  15605.5  0.0
208  15605.5  0.0
209  15605.5  0.0
210  15605.5  0.0
211  15605.5  0.0
212  15605.5  0.0
213  15605.5  0.0
214  15605.5  0.0
215  15605.5  0.0
216  15605.5  0.0
217  15605.5  0.0
218  15605.5  0.0
219  15605.5  0.0
220  15605.5  0.0
221  15605.5  0.0
222  15605.5  0.0
223  15605.5  0.0
224  15605.5  0.0
225  15605.5  0.0
226  15605.5  0.0
227  15605.5  0.0
228  15605.5  0.0
229  15605.5  0.0
230  15605.5  0.0
231  15605.5  0.0
232  15605.5  0.0
233  15605.5  0.0
234  15605.5  0.0
235  15605.5  0.0
236  15605.5  0.0
237  15605.5  0.0
238  15605.5  0.0
239  15605.5  0.0
240  15605.5  0.0
241  15605.5  0.0
242  15605.5  0.0
243  15605.5  0.0
244  15605.5  0.0
245  15605.5  0.0
246  15605.5  0.0
247  15605.5  0.0
248  15605.5  0.0
249  15605.5  0.0
250  15605.5  0.0
251  15605.5  0.0
252  15605.5  0.0
253  15605.5  0.0
254  15605.5  0.0
255  15605.5  0.0
256  15605.5  0.0
257  15605.5  0.0
258  15605.5  0.0
259  15605.5  0.0
260  15605.5  0.0
261  15605.5  0.0
262  15605.5  0.0
263  15605.5  0.0
264  15605.5  0.0
265  15605.5  0.0
266  15605.5  0.0
267  15605.5  0.0
268  15605.5  0.0
269  15605.5  0.0
270  15605.5  0.0
271  15605.5  0.0
272  15605.5  0.0
273  15605.5  0.0
274  15605.5  0.0
275  15605.5  0.0
276  15605.5  0.0
277  15605.5  0.0
278  15605.5  0.0
279  15605.5  0.0
280  15605.5  0.0
281  15605.5  0.0
282  15605.5  0.0
283  15605.5  0.0
284  15605.5  0.0
285  15605.5  0.0
286  15605.5  0.0
287  15605.5  0.0
288  15605.5  0.0
289  15605.5  0.0
290  15605.5  0.0
291  15605.5  0.0
292  15605.5  0.0
293  15605.5  0.0
294  15605.5  0.0
295  15605.5  0.0
296  15605.5  0.0
297  15605.5  0.0
298  15605.5  0.0
299  15605.5  0.0
300  15605.5  0.0
301  15605.5  0.0
302  15605.5  0.0
303  15605.5  0.0
304  15605.5  0.0
305  15605.5  0.0
306  15605.5  0.0
307  15605.5  0.0
308  15605.5  0.0
309  15605.5  0.0
310  15605.5  0.0
311  15605.5  0.0
312  15605.5  0.0
313  15605.5  0.0
314  15605.5  0.0
315  15605.5  0.0
316  15605.5  0.0
317  15605.5  0.0
318  15605.5  0.0
319  15605.5  0.0
320  15605.5  0.0
321  15605.5  0.0
322  15605.5  0.0
323  15605.5  0.0
324  15605.5  0.0
325  15605.5  0.0
326  15605.5  0.0
327  15605.5  0.0
328  15605.5  0.0
329  15605.5  0.0
330  15605.5  0.0
331  15605.5  0.0
332  15605.5  0.0
333  15605.5  0.0
334  15605.5  0.0
335  15605.5  0.0
336  15605.5  0.0
337  15605.5  0.0
338  15605.5  0.0
339  15605.5  0.0
340  15605.5  0.0
341  15605.5  0.0
342  15605.5  0.0
343  15605.5  0.0
344  15605.5  0.0
345  15605.5  0.0
346  15605.5  0.0
347  15605.5  0.0
348  15605.5  0.0
349  15605.5  0.0
350  15605.5  0.0
351  15605.5  0.0
352  15605.5  0.0
353  15605.5  0.0
354  15605.5  0.0
355  15605.5  0.0
356  15605.5  0.0
357  15605.5  0.0
358  15605.5  0.0
359  15605.5  0.0
360  15605.5  0.0
361  15605.5  0.0
362  15605.5  0.0
363  15605.5  0.0
364  15605.5  0.0
365  15605.5  0.0
366  15605.5  0.0
367  15605.5  0.0
368  15605.5  0.0
369  15605.5  0.0
370  15605.5  0.0
371  15605.5  0.0
372  15605.5  0.0
373  15605.5  0.0
374  15605.5  0.0
375  15605.5  0.0
376  15605.5  0.0
377  15605.5  0.0
378  15605.5  0.0
379  15605.5  0.0
380  15605.5  0.0
381  15605.5  0.0
382  15605.5  0.0
383  15605.5  0.0
384  15605.5  0.0
385  15605.5  0.0
386  15605.5  0.0
387  15605.5  0.0
388  15605.5  0.0
389  15605.5  0.0
390  15605.5  0.0
391  15605.5  0.0
392  15605.5  0.0
393  15605.5  0.0
394  15605.5  0.0
395  15605.5  0.0
396  15605.5  0.0
397  15605.5  0.0
398  15605.5  0.0
399  15605.5  0.0
400  15605.5  0.0
401  15605.5  0.0
402  15605.5  0.0
403  15605.5  0.0
404  15605.5  0.0
405  15605.5  0.0
406  15605.5  0.0
407  15605.5  0.0
408  15605.5  0.0
409  15605.5  0.0
410  15605.5  0.0
411  15605.5  0.0
412  15605.5  0.0
413  15605.5  0.0
414  15605.5  0.0
415  15605.5  0.0
416  15605.5  0.0
417  15605.5  0.0
418  15605.5  0.0
419  15605.5  0.0
420  15605.5  0.0
421  15605.5  0.0
422  15605.5  0.0
423  15605.5  0.0
424  15605.5  0.0
425  15605.5  0.0
426  15605.5  0.0
427  15605.5  0.0
428  15605.5  0.0
429  15605.5  0.0
430  15605.5  0.0
431  15605.5  0.0
432  15605.5  0.0
433  15605.5  0.0
434  15605.5  0.0
435  15605.5  0.0
436  15605.5  0.0
437  15605.5  0.0
438  15605.5  0.0
439  15605.5  0.0
440  15605.5  0.0
441  15605.5  0.0
442  15605.5  0.0
443  15605.5  0.0
444  15605.5  0.0
445  15605.5  0.0
446  15605.5  0.0
447  15605.5  0.0
448  15605.5  0.0
449  15605.5  0.0
450  15605.5  0.0
451  15605.5  0.0
452  15605.5  0.0
453  15605.5  0.0
454  15605.5  0.0
455  15605.5  0.0
456  15605.5  0.0
457  15605.5  0.0
458  15605.5  0.0
459  15605.5  0.0
460  15605.5  0.0
461  15605.5  0.0
462  15605.5  0.0
463  15605.5  0.0
464  15605.5  0.0
465  15605.5  0.0
466  15605.5  0.0
467  15605.5  0.0
468  15605.5  0.0
469  15605.5  0.0
470  15605.5  0.0
471  15605.5  0.0
472  15605.5  0.0
473  15605.5  0.0
474  15605.5  0.0
475  15605.5  0.0
476  15605.5  0.0
477  15605.5  0.0
478  15605.5  0.0
479  15605.5  0.0
480  15605.5  0.0
481  15605.5  0.0
482  15605.5  0.0
483  15605.5  0.0
484  15605.5  0.0
485  15605.5  0.0
486  15605.5  0.0
487  15605.5  0.0
488  15605.5  0.0
489  15605.5  0.0
490  15605.5  0.0
491  15605.5  0.0
492  15605.5  0.0
493  15605.5  0.0
494  15605.5  0.0
495  15605.5  0.0
496  15605.5  0.0
497  15605.5  0.0
498  15605.5  0.0
499  15605.5  0.0
500  15605.5  0.0
501  15605.5  0.0
502  15605.5  0.0
503  15605.5  0.0
504  15605.5  0.0
505  15605.5  0.0
506  15605.5  0.0
507  15605.5  0.0
508  15605.5  0.0
509  15605.5  0.0
510  15605.5  0.0
511  15605.5  0.0
512  15605.5  0.0
513  15605.5  0.0
514  15605.5  0.0
515  15605.5  0.0
516  15605.5  0.0
517  15605.5  0.0
518  15605.5  0.0
519  15605.5  0.0
520  15605.5  0.0
521  15605.5  0.0
522  15605.5  0.0
523  15605.5  0.0
524  15605.5  0.0
525  15605.5  0.0
526  15605.5  0.0
527  15605.5  0.0
528  15605.5  0.0
529  15605.5  0.0
530  15605.5  0.0
531  15605.5  0.0
532  15605.5  0.0
533  15605.5  0.0
534  15605.5  0.0
535  15605.5  0.0
536  15605.5  0.0
537  15605.5  0.0
538  15605.5  0.0
539  15605.5  0.0
540  15605.5  0.0
541  15605.5  0.0
542  15605.5  0.0
543  15605.5  0.0
544  15605.5  0.0
545  15605.5  0.0
546  15605.5  0.0
547  15605.5  0.0
548  15605.5  0.0
549  15605.5  0.0
550  15605.5  0.0
551  15605.5  0.0
552  15605.5  0.0
553  15605.5  0.0
554  15605.5  0.0
555  15605.5  0.0
556  15605.5  0.0
557  15605.5  0.0
558  15605.5  0.0
559  15605.5  0.0
560  15605.5  0.0
561  15605.5  0.0
562  15605.5  0.0
563  15605.5  0.0
564  15605.5  0.0
565  15605.5  0.0
566  15605.5  0.0
567  15605.5  0.0
568  15605.5  0.0
569  15605.5  0.0
570  15605.5  0.0
571  15605.5  0.0
572  15605.5  0.0
573  15605.5  0.0
574  15605.5  0.0
575  15605.5  0.0
576  15605.5  0.0
577  15605.5  0.0
578  15605.5  0.0
579  15605.5  0.0
580  15605.5  0.0
581  15605.5  0.0
582  15605.5  0.0
583  15605.5  0.0
584  15605.5  0.0
585  15605.5  0.0
586  15605.5  0.0
587  15605.5  0.0
588  15605.5  0.0
589  15605.5  0.0
590  15605.5  0.0
591  15605.5  0.0
592  15605.5  0.0
593  15605.5  0.0
594  15605.5  0.0
595  15605.5  0.0
596  15605.5  0.0
597  15605.5  0.0
598  15605.5  0.0
599  15605.5  0.0
600  15605.5  0.0
601  15605.5  0.0
602  15605.5  0.0
603  15605.5  0.0
604  15605.5  0.0
605  15605.5  0.0
606  15605.5  0.0
607  15605.5  0.0
608  15605.5  0.0
609  15605.5  0.0
610  15605.5  0.0
611  15605.5  0.0
612  15605.5  0.0
613  15605.5  0.0
614  15605.5  0.0
615  15605.5  0.0
616  15605.5  0.0
617  15605.5  0.0
618  15605.5  0.0
619  15605.5  0.0
620  15605.5  0.0
621  15605.5  0.0
622  15605.5  0.0
623  15605.5  0.0
624  15605.5  0.0
625  15605.5  0.0
626  15605.5  0.0
627  15605.5  0.0
628  15605.5  0.0
629  15605.5  0.0
630  15605.5  0.0
631  15605.5  0.0
632  15605.5  0.0
633  15605.5  0.0
634  15605.5  0.0
635  15605.5  0.0
636  15605.5  0.0
637  15605.5  0.0
638  15605.5  0.0
639  15605.5  0.0
640  15605.5  0.0
641  15605.5  0.0
642  15605.5  0.0
643  15605.5  0.0
644  15605.5  0.0
645  15605.5  0.0
646  15605.5  0.0
647  15605.5  0.0
648  15605.5  0.0
649  15605.5  0.0
650  15605.5  0.0
651  15605.5  0.0
652  15605.5  0.0
653  15605.5  0.0
654  15605.5  0.0
655  15605.5  0.0
656  15605.5  0.0
657  15605.5  0.0
658  15605.5  0.0
659  15605.5  0.0
660  15605.5  0.0
661  15605.5  0.0
662  15605.5  0.0
663  15605.5  0.0
664  15605.5  0.0
665  15605.5  0.0
666  15605.5  0.0
667  15605.5  0.0
668  15605.5  0.0
669  15605.5  0.0
670  15605.5  0.0
671  15605.5  0.0
672  15605.5  0.0
673  15605.5  0.0
674  15605.5  0.0
675  15605.5  0.0
676  15605.5  0.0
677  15605.5  0.0
678  15605.5  0.0
679  15605.5  0.0
680  15605.5  0.0
681  15605.5  0.0
682  15605.5  0.0
683  15605.5  0.0
684  15605.5  0.0
685  15605.5  0.0
686  15605.5  0.0
687  15605.5  0.0
688  15605.5  0.0
689  15605.5  0.0
690  15605.5  0.0
691  15605.5  0.0
692  15605.5  0.0
693  15605.5  0.0
694  15605.5  0.0
695  15605.5  0.0
696  15605.5  0.0
697  15605.5  0.0
698  15605.5  0.0
699  15605.5  0.0
700  15605.5  0.0
701  15605.5  0.0
702  15605.5  0.0
703  15605.5  0.0
704  15605.5  0.0
705  15605.5  0.0
706  15605.5  0.0
707  15605.5  0.0
708  15605.5  0.0
709  15605.5  0.0
710  15605.5  0.0
711  15605.5  0.0
712  15605.5  0.0
713  15605.5  0.0
714  15605.5  0.0
715  15605.5  0.0
716  15605.5  0.0
717  15605.5  0.0
718  15605.5  0.0
719  15605.5  0.0
720  15605.5  0.0
721  15605.5  0.0
722  15605.5  0.0
723  15605.5  0.0
724  15605.5  0.0
725  15605.5  0.0
726  15605.5  0.0
727  15605.5  0.0
728  15605.5  0.0
729  15605.5  0.0
730  15605.5  0.0
731  15605.5  0.0
732  15605.5  0.0
733  15605.5  0.0
734  15605.5  0.0
735  15605.5  0.0
736  15605.5  0.0
737  15605.5  0.0
738  15605.5  0.0
739  15605.5  0.0
740  15605.5  0.0
741  15605.5  0.0
742  15605.5  0.0
743  15605.5  0.0
744  15605.5  0.0
745  15605.5  0.0
746  15605.5  0.0
747  15605.5  0.0
748  15605.5  0.0
749  15605.5  0.0
750  15605.5  0.0
751  15605.5  0.0
752  15605.5  0.0
753  15605.5  0.0
754  15605.5  0.0
755  15605.5  0.0
756  15605.5  0.0
757  15605.5  0.0
758  15605.5  0.0
759  15605.5  0.0
760  15605.5  0.0
761  15605.5  0.0
762  15605.5  0.0
763  15605.5  0.0
764  15605.5  0.0
765  15605.5  0.0
766  15605.5  0.0
767  15605.5  0.0
768  15605.5  0.0
769  15605.5  0.0
770  15605.5  0.0
771  15605.5  0.0
772  16723.4101484  0.130769230769
773  16847.9965112  0.130769230769
774  16837.0318093  0.130769230769
775  16828.8501158  0.130769230769
776  16822.7432545  0.130769230769
777  16818.1812603  0.130769230769
778  16814.769153  0.130769230769
779  16812.2132022  0.130769230769
780  16810.295191  0.130769230769
781  16808.8530369  0.130769230769
782  16807.7663138  0.130769230769
783  16806.9454844  0.130769230769
784  16806.3239131  0.130769230769
785  16805.8519498  0.130769230769
786  16805.4925496  0.130769230769
787  16805.2180305  0.130769230769
788  16805.007672  0.130769230769
789  16804.8459364  0.130769230769
790  16804.721149  0.130769230769
791  16804.6245194  0.130769230769
792  16804.5494136  0.130769230769
793  16804.4908131  0.130769230769
794  16804.4449118  0.130769230769
795  16804.4088148  0.130769230769
796  16804.3803146  0.130769230769
797  16804.3577221  0.130769230769
798  16804.3397414  0.130769230769
799  16804.3253745  0.130769230769
800  16804.3138505  0.130769230769
801  16804.3045718  0.130769230769
802  16804.2970733  0.130769230769
803  16804.2909918  0.130769230769
804  16804.2860425  0.130769230769
805  16804.2820015  0.130769230769
806  16804.2786916  0.130769230769
807  16804.2759725  0.130769230769
808  16804.2737325  0.130769230769
809  16804.2718823  0.130769230769
810  16804.2703502  0.130769230769
811  16804.2690787  0.130769230769
812  16804.2680211  0.130769230769
813  16804.2671396  0.130769230769
814  16804.2664037  0.130769230769
815  16804.2657881  0.130769230769
816  16804.2652724  0.130769230769
817  16804.2648397  0.130769230769
818  16804.2644762  0.130769230769
819  16804.2641705  0.130769230769
820  16804.263913  0.130769230769
821  16804.2636959  0.130769230769
822  16804.2635128  0.130769230769
823  16804.2633581  0.130769230769
824  16804.2632273  0.130769230769
825  16804.2631167  0.130769230769
826  16804.2630231  0.130769230769
827  16804.2629438  0.130769230769
828  16804.2628766  0.130769230769
829  16804.2628196  0.130769230769
830  16804.2627713  0.130769230769
831  16804.2627303  0.130769230769
832  16804.2626954  0.130769230769
833  16804.2626658  0.130769230769
834  16804.2626407  0.130769230769
835  16804.2626193  0.130769230769
836  16804.2626012  0.130769230769
837  16804.2625857  0.130769230769
838  16804.2625726  0.130769230769
839  16804.2625614  0.130769230769
840  16804.2625519  0.130769230769
841  16804.2625438  0.130769230769
842  16804.2625369  0.130769230769
843  16804.262531  0.130769230769
844  16804.262526  0.130769230769
845  16804.2625218  0.130769230769
846  16804.2625181  0.130769230769
847  16804.262515  0.130769230769
848  16804.2625124  0.130769230769
849  16804.2625102  0.130769230769
850  16804.2625083  0.130769230769
851  16804.2625066  0.130769230769
852  16804.2625052  0.130769230769
853  16804.2625041  0.130769230769
854  16804.262503  0.130769230769
855  16804.2625022  0.130769230769
856  16804.2625015  0.130769230769
857  16804.2625008  0.130769230769
858  16804.2625003  0.130769230769
859  16804.2624998  0.130769230769
860  16804.2624995  0.130769230769
861  16804.2624991  0.130769230769
862  16804.2624988  0.130769230769
863  16804.2624986  0.130769230769
864  16804.2624984  0.130769230769
865  16804.2624982  0.130769230769
866  16804.2624981  0.130769230769
867  16804.2624979  0.130769230769
868  16804.2624978  0.130769230769
869  16804.2624977  0.130769230769
870  16804.2624977  0.130769230769
871  16804.2624976  0.130769230769
872  16804.2624975  0.130769230769
873  16804.2624975  0.130769230769
874  16804.2624975  0.130769230769
875  16804.2624974  0.130769230769
876  16804.2624974  0.130769230769
877  16804.2624974  0.130769230769
878  16804.2624973  0.130769230769
879  16804.2624973  0.130769230769
880  16804.2624973  0.130769230769
881  16804.2624973  0.130769230769
882  16804.2624973  0.130769230769
883  16804.2624973  0.130769230769
884  16804.2624973  0.130769230769
885  16804.2624973  0.130769230769
886  16804.2624972  0.130769230769
887  16804.2624972  0.130769230769
888  16804.2624972  0.130769230769
889  16804.2624972  0.130769230769
890  16804.2624972  0.130769230769
891  16804.2624972  0.130769230769
892  16804.2624972  0.130769230769
893  16804.2624972  0.130769230769
894  16804.2624972  0.130769230769
895  16804.2624972  0.130769230769
896  16804.2624972  0.130769230769
897  16804.2624972  0.130769230769
898  16804.2624972  0.130769230769
899  16804.2624972  0.130769230769
900  16804.2624972  0.130769230769
901  16804.2624972  0.130769230769
902  16804.2624972  0.130769230769
903  16804.2624972  0.130769230769
904  16804.2624972  0.130769230769
905  16804.2624972  0.130769230769
906  16804.2624972  0.130769230769
907  16804.2624972  0.130769230769
908  16804.2624972  0.130769230769
909  16804.2624972  0.130769230769
910  16804.2624972  0.130769230769
911  16804.2624972  0.130769230769
912  16804.2624972  0.130769230769
913  16804.2624972  0.130769230769
914  16804.2624972  0.130769230769
915  16804.2624972  0.130769230769
916  16804.2624972  0.130769230769
917  16804.2624972  0.130769230769
918  16804.2624972  0.130769230769
919  16804.2624972  0.130769230769
920  16804.2624972  0.130769230769
921  16804.2624972  0.130769230769
922  16804.2624972  0.130769230769
923  16804.2624972  0.130769230769
924  16804.2624972  0.130769230769
925  16804.2624972  0.130769230769
926  16804.2624972  0.130769230769
927  16804.2624972  0.130769230769
928  16804.2624972  0.130769230769
929  16804.2624972  0.130769230769
930  16804.2624972  0.130769230769
931  16804.2624972  0.130769230769
932  16804.2624972  0.130769230769
933  16804.2624972  0.130769230769
934  16804.2624972  0.130769230769
935  16804.2624972  0.130769230769
936  16804.2624972  0.130769230769
937  16804.2624972  0.130769230769
938  16804.2624972  0.130769230769
939  16804.2624972  0.130769230769
940  16804.2624972  0.130769230769
941  16804.2624972  0.130769230769
942  16804.2624972  0.130769230769
943  16804.2624972  0.130769230769
944  16804.2624972  0.130769230769
945  16804.2624972  0.130769230769
946  16804.2624972  0.130769230769
947  16804.2624972  0.130769230769
948  16804.2624972  0.130769230769
949  16804.2624972  0.130769230769
950  16804.2624972  0.130769230769
951  16804.2624972  0.130769230769
952  16804.2624972  0.130769230769
953  16804.2624972  0.130769230769
954  16804.2624972  0.130769230769
955  16804.2624972  0.130769230769
956  16804.2624972  0.130769230769
957  16804.2624972  0.130769230769
958  16804.2624972  0.130769230769
959  16804.2624972  0.130769230769
960  16804.2624972  0.130769230769
961  16804.2624972  0.130769230769
962  16804.2624972  0.130769230769
963  16804.2624972  0.130769230769
964  16804.2624972  0.130769230769
965  16804.2624972  0.130769230769
966  16804.2624972  0.130769230769
967  16804.2624972  0.130769230769
968  16804.2624972  0.130769230769
969  16804.2624972  0.130769230769
970  16804.2624972  0.130769230769
971  16804.2624972  0.130769230769
972  16804.2624972  0.130769230769
973  16804.2624972  0.130769230769
974  16804.2624972  0.130769230769
975  16804.2624972  0.130769230769
976  16804.2624972  0.130769230769
977  16804.2624972  0.130769230769
978  16804.2624972  0.130769230769
979  16804.2624972  0.130769230769
980  16804.2624972  0.130769230769
981  16804.2624972  0.130769230769
982  16804.2624972  0.130769230769
983  16804.2624972  0.130769230769
984  16804.2624972  0.130769230769
985  16804.2624972  0.130769230769
986  16804.2624972  0.130769230769
987  16804.2624972  0.130769230769
988  16804.2624972  0.130769230769
989  16804.2624972  0.130769230769
990  16804.2624972  0.130769230769
991  16804.2624972  0.130769230769
992  16804.2624972  0.130769230769
993  16804.2624972  0.130769230769
994  16804.2624972  0.130769230769
995  16804.2624972  0.130769230769
996  16804.2624972  0.130769230769
997  16804.2624972  0.130769230769
998  16804.2624972  0.130769230769
999  16804.2624972  0.130769230769
1000  16804.2624972  0.130769230769
1001  16804.2624972  0.130769230769
1002  16804.2624972  0.130769230769
1003  16804.2624972  0.130769230769
1004  16804.2624972  0.130769230769
1005  16804.2624972  0.130769230769
1006  16804.2624972  0.130769230769
1007  16804.2624972  0.130769230769
1008  16804.2624972  0.130769230769
1009  16804.2624972  0.130769230769
1010  16804.2624972  0.130769230769
1011  16804.2624972  0.130769230769
1012  16804.2624972  0.130769230769
1013  16804.2624972  0.130769230769
1014  16804.2624972  0.130769230769
1015  16804.2624972  0.130769230769
1016  16804.2624972  0.130769230769
1017  16804.2624972  0.130769230769
1018  16804.2624972  0.130769230769
1019  16804.2624972  0.130769230769
1020  16804.2624972  0.130769230769
1021  16804.2624972  0.130769230769
1022  16804.2624972  0.130769230769
1023  16804.2624972  0.130769230769
1024  16804.2624972  0.130769230769
1025  16804.2624972  0.130769230769
1026  16804.2624972  0.130769230769
1027  16804.2624972  0.130769230769
1028  16804.2624972  0.130769230769
1029  16804.2624972  0.130769230769
1030  16804.2624972  0.130769230769
1031  16804.2624972  0.130769230769
1032  16804.2624972  0.130769230769
1033  16804.2624972  0.130769230769
1034  16804.2624972  0.130769230769
1035  16804.2624972  0.130769230769
1036  16804.2624972  0.130769230769
1037  16804.2624972  0.130769230769
1038  16804.2624972  0.130769230769
1039  16804.2624972  0.130769230769
1040  16804.2624972  0.130769230769
1041  16804.2624972  0.130769230769
1042  16804.2624972  0.130769230769
1043  16804.2624972  0.130769230769
1044  16804.2624972  0.130769230769
1045  16804.2624972  0.130769230769
1046  16804.2624972  0.130769230769
1047  16804.2624972  0.130769230769
1048  16804.2624972  0.130769230769
1049  16804.2624972  0.130769230769
1050  16804.2624972  0.130769230769
1051  16804.2624972  0.130769230769
1052  16804.2624972  0.130769230769
1053  16804.2624972  0.130769230769
1054  16804.2624972  0.130769230769
1055  16804.2624972  0.130769230769
1056  16804.2624972  0.130769230769
1057  16804.2624972  0.130769230769
1058  16804.2624972  0.130769230769
1059  16804.2624972  0.130769230769
1060  16804.2624972  0.130769230769
1061  16804.2624972  0.130769230769
1062  16804.2624972  0.130769230769
1063  16804.2624972  0.130769230769
1064  16804.2624972  0.130769230769
1065  16804.2624972  0.130769230769
1066  16804.2624972  0.130769230769
1067  16804.2624972  0.130769230769
1068  16804.2624972  0.130769230769
1069  16804.2624972  0.130769230769
1070  16804.2624972  0.130769230769
1071  16804.2624972  0.130769230769
1072  16804.2624972  0.130769230769
1073  16804.2624972  0.130769230769
1074  16804.2624972  0.130769230769
1075  16804.2624972  0.130769230769
1076  16804.2624972  0.130769230769
1077  16804.2624972  0.130769230769
1078  16804.2624972  0.130769230769
1079  16804.2624972  0.130769230769
1080  16804.2624972  0.130769230769
1081  16804.2624972  0.130769230769
1082  16804.2624972  0.130769230769
1083  16804.2624972  0.130769230769
1084  16804.2624972  0.130769230769
1085  16804.2624972  0.130769230769
1086  16804.2624972  0.130769230769
1087  16804.2624972  0.130769230769
1088  16804.2624972  0.130769230769
1089  16804.2624972  0.130769230769
1090  16804.2624972  0.130769230769
1091  16804.2624972  0.130769230769
1092  16804.2624972  0.130769230769
1093  16804.2624972  0.130769230769
1094  16804.2624972  0.130769230769
1095  16804.2624972  0.130769230769
1096  16804.2624972  0.130769230769
1097  16804.2624972  0.130769230769
1098  16804.2624972  0.130769230769
1099  16804.2624972  0.130769230769
1100  16804.2624972  0.130769230769
1101  16804.2624972  0.130769230769
1102  16804.2624972  0.130769230769
1103  16804.2624972  0.130769230769
1104  16804.2624972  0.130769230769
1105  16804.2624972  0.130769230769
1106  16804.2624972  0.130769230769
1107  16804.2624972  0.130769230769
1108  16804.2624972  0.130769230769
1109  16804.2624972  0.130769230769
1110  16804.2624972  0.130769230769
1111  16804.2624972  0.130769230769
1112  16804.2624972  0.130769230769
1113  16804.2624972  0.130769230769
1114  16804.2624972  0.130769230769
1115  16804.2624972  0.130769230769
1116  16804.2624972  0.130769230769
1117  16804.2624972  0.130769230769
1118  16804.2624972  0.130769230769
1119  16804.2624972  0.130769230769
1120  16804.2624972  0.130769230769
1121  16804.2624972  0.130769230769
1122  16804.2624972  0.130769230769
1123  16804.2624972  0.130769230769
1124  16804.2624972  0.130769230769
1125  16804.2624972  0.130769230769
1126  16804.2624972  0.130769230769
1127  16804.2624972  0.130769230769
1128  16804.2624972  0.130769230769
1129  16804.2624972  0.130769230769
1130  16804.2624972  0.130769230769
1131  16804.2624972  0.130769230769
1132  16804.2624972  0.130769230769
1133  16804.2624972  0.130769230769
1134  16804.2624972  0.130769230769
1135  16804.2624972  0.130769230769
1136  16804.2624972  0.130769230769
1137  16804.2624972  0.130769230769
1138  16804.2624972  0.130769230769
1139  16804.2624972  0.130769230769
1140  16804.2624972  0.130769230769
1141  16804.2624972  0.130769230769
1142  16804.2624972  0.130769230769
1143  16804.2624972  0.130769230769
1144  16804.2624972  0.130769230769
1145  16804.2624972  0.130769230769
1146  16804.2624972  0.130769230769
1147  16804.2624972  0.130769230769
1148  16804.2624972  0.130769230769
1149  16804.2624972  0.130769230769
1150  16804.2624972  0.130769230769
1151  16804.2624972  0.130769230769
1152  16804.2624972  0.130769230769
1153  16804.2624972  0.130769230769
1154  16804.2624972  0.130769230769
1155  16804.2624972  0.130769230769
1156  16804.2624972  0.130769230769
1157  16804.2624972  0.130769230769
1158  16804.2624972  0.130769230769
1159  16804.2624972  0.130769230769
1160  16804.2624972  0.130769230769
1161  16804.2624972  0.130769230769
1162  16804.2624972  0.130769230769
1163  16804.2624972  0.130769230769
1164  16804.2624972  0.130769230769
1165  16804.2624972  0.130769230769
1166  16804.2624972  0.130769230769
1167  16804.2624972  0.130769230769
1168  16804.2624972  0.130769230769
1169  16804.2624972  0.130769230769
1170  16804.2624972  0.130769230769
1171  16804.2624972  0.130769230769
1172  16804.2624972  0.130769230769
1173  16804.2624972  0.130769230769
1174  16804.2624972  0.130769230769
1175  16804.2624972  0.130769230769
1176  16804.2624972  0.130769230769
1177  16804.2624972  0.130769230769
1178  16804.2624972  0.130769230769
1179  16804.2624972  0.130769230769
1180  16804.2624972  0.130769230769
1181  16804.2624972  0.130769230769
1182  16804.2624972  0.130769230769
1183  16804.2624972  0.130769230769
1184  16804.2624972  0.130769230769
1185  16804.2624972  0.130769230769
1186  16804.2624972  0.130769230769
1187  16804.2624972  0.130769230769
1188  16804.2624972  0.130769230769
1189  16804.2624972  0.130769230769
1190  16804.2624972  0.130769230769
1191  16804.2624972  0.130769230769
1192  16804.2624972  0.130769230769
1193  16804.2624972  0.130769230769
1194  16804.2624972  0.130769230769
1195  16804.2624972  0.130769230769
1196  16804.2624972  0.130769230769
1197  16804.2624972  0.130769230769
1198  16804.2624972  0.130769230769
1199  16804.2624972  0.130769230769
1200  16804.2624972  0.130769230769
1201  16804.2624972  0.130769230769
1202  16804.2624972  0.130769230769
1203  16804.2624972  0.130769230769
1204  16804.2624972  0.130769230769
1205  16804.2624972  0.130769230769
1206  16804.2624972  0.130769230769
1207  16804.2624972  0.130769230769
1208  16804.2624972  0.130769230769
1209  16804.2624972  0.130769230769
1210  16804.2624972  0.130769230769
1211  16804.2624972  0.130769230769
1212  16804.2624972  0.130769230769
1213  16804.2624972  0.130769230769
1214  16804.2624972  0.130769230769
1215  16804.2624972  0.130769230769
1216  16804.2624972  0.130769230769
1217  16804.2624972  0.130769230769
1218  16804.2624972  0.130769230769
1219  16804.2624972  0.130769230769
1220  16804.2624972  0.130769230769
1221  16804.2624972  0.130769230769
1222  16804.2624972  0.130769230769
1223  16804.2624972  0.130769230769
1224  16804.2624972  0.130769230769
1225  16804.2624972  0.130769230769
1226  16804.2624972  0.130769230769
1227  16804.2624972  0.130769230769
1228  16804.2624972  0.130769230769
1229  16804.2624972  0.130769230769
1230  16804.2624972  0.130769230769
1231  16804.2624972  0.130769230769
1232  16804.2624972  0.130769230769
1233  16804.2624972  0.130769230769
1234  16804.2624972  0.130769230769
1235  16804.2624972  0.130769230769
1236  16804.2624972  0.130769230769
1237  16804.2624972  0.130769230769
1238  16804.2624972  0.130769230769
1239  16804.2624972  0.130769230769
1240  16804.2624972  0.130769230769
1241  16804.2624972  0.130769230769
1242  16804.2624972  0.130769230769
1243  16804.2624972  0.130769230769
1244  16804.2624972  0.130769230769
1245  16804.2624972  0.130769230769
1246  16804.2624972  0.130769230769
1247  16804.2624972  0.130769230769
1248  16804.2624972  0.130769230769
1249  16804.2624972  0.130769230769
1250  16804.2624972  0.130769230769
1251  16804.2624972  0.130769230769
1252  16804.2624972  0.130769230769
1253  16804.2624972  0.130769230769
1254  16804.2624972  0.130769230769
1255  16804.2624972  0.130769230769
1256  16804.2624972  0.130769230769
1257  16804.2624972  0.130769230769
1258  16804.2624972  0.130769230769
1259  16804.2624972  0.130769230769
1260  16804.2624972  0.130769230769
1261  16804.2624972  0.130769230769
1262  16804.2624972  0.130769230769
1263  16804.2624972  0.130769230769
1264  16804.2624972  0.130769230769
1265  16804.2624972  0.130769230769
1266  16804.2624972  0.130769230769
1267  16804.2624972  0.130769230769
1268  16804.2624972  0.130769230769
1269  16804.2624972  0.130769230769
1270  16804.2624972  0.130769230769
1271  16804.2624972  0.130769230769
1272  16804.2624972  0.130769230769
1273  16804.2624972  0.130769230769
1274  16804.2624972  0.130769230769
1275  16804.2624972  0.130769230769
1276  16804.2624972  0.130769230769
1277  16804.2624972  0.130769230769
1278  16804.2624972  0.130769230769
1279  16804.2624972  0.130769230769
1280  16804.2624972  0.130769230769
1281  16804.2624972  0.130769230769
1282  16804.2624972  0.130769230769
1283  16804.2624972  0.130769230769
1284  16804.2624972  0.130769230769
1285  16804.2624972  0.130769230769
1286  16804.2624972  0.130769230769
1287  16804.2624972  0.130769230769
1288  16804.2624972  0.130769230769
1289  16804.2624972  0.130769230769
1290  16804.2624972  0.130769230769
1291  16804.2624972  0.130769230769
1292  16804.2624972  0.130769230769
1293  16804.2624972  0.130769230769
1294  16804.2624972  0.130769230769
1295  16804.2624972  0.130769230769
1296  16804.2624972  0.130769230769
1297  16804.2624972  0.130769230769
1298  16804.2624972  0.130769230769
1299  16804.2624972  0.130769230769
1300  16804.2624972  0.130769230769
1301  16804.2624972  0.130769230769
1302  16804.2624972  0.130769230769
1303  16804.2624972  0.130769230769
1304  16804.2624972  0.130769230769
1305  16804.2624972  0.130769230769
1306  16804.2624972  0.130769230769
1307  16804.2624972  0.130769230769
1308  16804.2624972  0.130769230769
1309  16804.2624972  0.130769230769
1310  16804.2624972  0.130769230769
1311  16804.2624972  0.130769230769
1312  16804.2624972  0.130769230769
1313  16804.2624972  0.130769230769
1314  16804.2624972  0.130769230769
1315  16804.2624972  0.130769230769
1316  16804.2624972  0.130769230769
1317  16804.2624972  0.130769230769
1318  16804.2624972  0.130769230769
1319  16804.2624972  0.130769230769
1320  16804.2624972  0.130769230769
1321  16804.2624972  0.130769230769
1322  16804.2624972  0.130769230769
1323  16804.2624972  0.130769230769
1324  16804.2624972  0.130769230769
1325  16804.2624972  0.130769230769
1326  16804.2624972  0.130769230769
1327  16804.2624972  0.130769230769
1328  16804.2624972  0.130769230769
1329  16804.2624972  0.130769230769
1330  16804.2624972  0.130769230769
1331  16804.2624972  0.130769230769
1332  16804.2624972  0.130769230769
1333  16804.2624972  0.130769230769
1334  16804.2624972  0.130769230769
1335  16804.2624972  0.130769230769
1336  16804.2624972  0.130769230769
1337  16804.2624972  0.130769230769
1338  16804.2624972  0.130769230769
1339  16804.2624972  0.130769230769
1340  16804.2624972  0.130769230769
1341  16804.2624972  0.130769230769
1342  16804.2624972  0.130769230769
1343  16804.2624972  0.130769230769
1344  16804.2624972  0.130769230769
1345  16804.2624972  0.130769230769
1346  16804.2624972  0.130769230769
1347  16804.2624972  0.130769230769
1348  16804.2624972  0.130769230769
1349  16804.2624972  0.130769230769
1350  16804.2624972  0.130769230769
1351  16804.2624972  0.130769230769
1352  16804.2624972  0.130769230769
1353  16804.2624972  0.130769230769
1354  16804.2624972  0.130769230769
1355  16804.2624972  0.130769230769
1356  16804.2624972  0.130769230769
1357  16804.2624972  0.130769230769
1358  16804.2624972  0.130769230769
1359  16804.2624972  0.130769230769
1360  16804.2624972  0.130769230769
1361  16804.2624972  0.130769230769
1362  16804.2624972  0.130769230769
1363  16804.2624972  0.130769230769
1364  16804.2624972  0.130769230769
1365  16804.2624972  0.130769230769
1366  16804.2624972  0.130769230769
1367  16804.2624972  0.130769230769
1368  16804.2624972  0.130769230769
1369  16804.2624972  0.130769230769
1370  16804.2624972  0.130769230769
1371  16804.2624972  0.130769230769
1372  16804.2624972  0.130769230769
1373  16804.2624972  0.130769230769
1374  16804.2624972  0.130769230769
1375  16804.2624972  0.130769230769
1376  16804.2624972  0.130769230769
1377  16804.2624972  0.130769230769
1378  16804.2624972  0.130769230769
1379  16804.2624972  0.130769230769
1380  16804.2624972  0.130769230769
1381  16804.2624972  0.130769230769
1382  16804.2624972  0.130769230769
1383  16804.2624972  0.130769230769
1384  16804.2624972  0.130769230769
1385  16804.2624972  0.130769230769
1386  16804.2624972  0.130769230769
1387  16804.2624972  0.130769230769
1388  16804.2624972  0.130769230769
1389  16804.2624972  0.130769230769
1390  16804.2624972  0.130769230769
1391  16804.2624972  0.130769230769
1392  16804.2624972  0.130769230769
1393  16804.2624972  0.130769230769
1394  16804.2624972  0.130769230769
1395  16804.2624972  0.130769230769
1396  16804.2624972  0.130769230769
1397  16804.2624972  0.130769230769
1398  16804.2624972  0.130769230769
1399  16804.2624972  0.130769230769
1400  16804.2624972  0.130769230769
1401  16804.2624972  0.130769230769
1402  16804.2624972  0.130769230769
1403  16804.2624972  0.130769230769
1404  16804.2624972  0.130769230769
1405  16804.2624972  0.130769230769
1406  16804.2624972  0.130769230769
1407  16804.2624972  0.130769230769
1408  16804.2624972  0.130769230769
1409  16804.2624972  0.130769230769
1410  16804.2624972  0.130769230769
1411  16804.2624972  0.130769230769
1412  16804.2624972  0.130769230769
1413  16804.2624972  0.130769230769
1414  16804.2624972  0.130769230769
1415  16804.2624972  0.130769230769
1416  16804.2624972  0.130769230769
1417  16804.2624972  0.130769230769
1418  16804.2624972  0.130769230769
1419  16804.2624972  0.130769230769
1420  16804.2624972  0.130769230769
1421  16804.2624972  0.130769230769
1422  16804.2624972  0.130769230769
1423  16804.2624972  0.130769230769
1424  16804.2624972  0.130769230769
1425  16804.2624972  0.130769230769
1426  16804.2624972  0.130769230769
1427  16804.2624972  0.130769230769
1428  16804.2624972  0.130769230769
1429  16804.2624972  0.130769230769
1430  16804.2624972  0.130769230769
1431  16804.2624972  0.130769230769
1432  16804.2624972  0.130769230769
1433  16804.2624972  0.130769230769
1434  16804.2624972  0.130769230769
1435  16804.2624972  0.130769230769
1436  16804.2624972  0.130769230769
1437  16804.2624972  0.130769230769
1438  16804.2624972  0.130769230769
1439  16804.2624972  0.130769230769
1440  16804.2624972  0.130769230769
1441  16804.2624972  0.130769230769
1442  16804.2624972  0.130769230769
1443  16804.2624972  0.130769230769
1444  16804.2624972  0.130769230769
1445  16804.2624972  0.130769230769
1446  16804.2624972  0.130769230769
1447  16804.2624972  0.130769230769
1448  16804.2624972  0.130769230769
1449  16804.2624972  0.130769230769
1450  16804.2624972  0.130769230769
1451  16804.2624972  0.130769230769
1452  16804.2624972  0.130769230769
1453  16804.2624972  0.130769230769
1454  16804.2624972  0.130769230769
1455  16804.2624972  0.130769230769
1456  16804.2624972  0.130769230769
1457  16804.2624972  0.130769230769
1458  16804.2624972  0.130769230769
1459  16804.2624972  0.130769230769
1460  16804.2624972  0.130769230769
1461  16804.2624972  0.130769230769
1462  16804.2624972  0.130769230769
1463  16804.2624972  0.130769230769
1464  16804.2624972  0.130769230769
1465  16804.2624972  0.130769230769
1466  16804.2624972  0.130769230769
1467  16804.2624972  0.130769230769
1468  16804.2624972  0.130769230769
1469  16804.2624972  0.130769230769
1470  16804.2624972  0.130769230769
1471  16804.2624972  0.130769230769
1472  16804.2624972  0.130769230769
1473  16804.2624972  0.130769230769
1474  16804.2624972  0.130769230769
1475  16804.2624972  0.130769230769
1476  16804.2624972  0.130769230769
1477  16804.2624972  0.130769230769
1478  16804.2624972  0.130769230769
1479  16804.2624972  0.130769230769
1480  16804.2624972  0.130769230769
1481  16804.2624972  0.130769230769
1482  16804.2624972  0.130769230769
1483  16804.2624972  0.130769230769
1484  16804.2624972  0.130769230769
1485  16804.2624972  0.130769230769
1486  16804.2624972  0.130769230769
1487  16804.2624972  0.130769230769
1488  16804.2624972  0.130769230769
1489  16804.2624972  0.130769230769
1490  16804.2624972  0.130769230769
1491  16804.2624972  0.130769230769
1492  16804.2624972  0.130769230769
1493  16804.2624972  0.130769230769
1494  16804.2624972  0.130769230769
1495  16804.2624972  0.130769230769
1496  16804.2624972  0.130769230769
1497  16804.2624972  0.130769230769
1498  16804.2624972  0.130769230769
1499  16804.2624972  0.130769230769
1500  16804.2624972  0.130769230769
1501  16804.2624972  0.130769230769
1502  16804.2624972  0.130769230769
1503  16804.2624972  0.130769230769
1504  16804.2624972  0.130769230769
1505  16804.2624972  0.130769230769
1506  16804.2624972  0.130769230769
1507  16804.2624972  0.130769230769
1508  16804.2624972  0.130769230769
1509  16804.2624972  0.130769230769
1510  16804.2624972  0.130769230769
1511  16804.2624972  0.130769230769
1512  16804.2624972  0.130769230769
1513  16804.2624972  0.130769230769
1514  16804.2624972  0.130769230769
1515  16804.2624972  0.130769230769
1516  16804.2624972  0.130769230769
1517  16804.2624972  0.130769230769
1518  16804.2624972  0.130769230769
1519  16804.2624972  0.130769230769
1520  16804.2624972  0.130769230769
1521  16804.2624972  0.130769230769
1522  16804.2624972  0.130769230769
1523  16804.2624972  0.130769230769
1524  16804.2624972  0.130769230769
1525  16804.2624972  0.130769230769
1526  16804.2624972  0.130769230769
1527  16804.2624972  0.130769230769
1528  16804.2624972  0.130769230769
1529  16804.2624972  0.130769230769
1530  16804.2624972  0.130769230769
1531  16804.2624972  0.130769230769
1532  16804.2624972  0.130769230769
1533  16804.2624972  0.130769230769
1534  16804.2624972  0.130769230769
1535  16804.2624972  0.130769230769
1536  16804.2624972  0.130769230769
1537  16804.2624972  0.130769230769
1538  16804.2624972  0.130769230769
1539  16804.2624972  0.130769230769
1540  16804.2624972  0.130769230769
1541  16804.2624972  0.130769230769
1542  16804.2624972  0.130769230769
1543  16804.2624972  0.130769230769
1544  16804.2624972  0.130769230769
1545  16804.2624972  0.130769230769
1546  16804.2624972  0.130769230769
1547  16804.2624972  0.130769230769
1548  16804.2624972  0.130769230769
1549  16804.2624972  0.130769230769
1550  16804.2624972  0.130769230769
1551  16804.2624972  0.130769230769
1552  16804.2624972  0.130769230769
1553  16804.2624972  0.130769230769
1554  16804.2624972  0.130769230769
1555  16804.2624972  0.130769230769
1556  16804.2624972  0.130769230769
1557  16804.2624972  0.130769230769
1558  16804.2624972  0.130769230769
1559  16804.2624972  0.130769230769
1560  16804.2624972  0.130769230769
1561  16804.2624972  0.130769230769
1562  16804.2624972  0.130769230769
1563  16804.2624972  0.130769230769
1564  16804.2624972  0.130769230769
1565  16804.2624972  0.130769230769
1566  16804.2624972  0.130769230769
1567  16804.2624972  0.130769230769
1568  16804.2624972  0.130769230769
1569  16804.2624972  0.130769230769
1570  16804.2624972  0.130769230769
1571  16804.2624972  0.130769230769
1572  16804.2624972  0.130769230769
1573  16804.2624972  0.130769230769
1574  16804.2624972  0.130769230769
1575  16804.2624972  0.130769230769
1576  16804.2624972  0.130769230769
1577  16804.2624972  0.130769230769
1578  16804.2624972  0.130769230769
1579  16804.2624972  0.130769230769
1580  16804.2624972  0.130769230769
1581  16804.2624972  0.130769230769
1582  16804.2624972  0.130769230769
1583  16804.2624972  0.130769230769
1584  16804.2624972  0.130769230769
1585  16804.2624972  0.130769230769
1586  16804.2624972  0.130769230769
1587  16804.2624972  0.130769230769
1588  16804.2624972  0.130769230769
1589  16804.2624972  0.130769230769
1590  16804.2624972  0.130769230769
1591  16804.2624972  0.130769230769
1592  16804.2624972  0.130769230769
1593  16804.2624972  0.130769230769
1594  16804.2624972  0.130769230769
1595  16804.2624972  0.130769230769
1596  16804.2624972  0.130769230769
1597  16804.2624972  0.130769230769
1598  16804.2624972  0.130769230769
1599  16804.2624972  0.130769230769
1600  16804.2624972  0.130769230769
1601  16804.2624972  0.130769230769
1602  16804.2624972  0.130769230769
1603  16804.2624972  0.130769230769
1604  16804.2624972  0.130769230769
1605  16804.2624972  0.130769230769
1606  16804.2624972  0.130769230769
1607  16804.2624972  0.130769230769
1608  16804.2624972  0.130769230769
1609  16804.2624972  0.130769230769
1610  16804.2624972  0.130769230769
1611  16804.2624972  0.130769230769
1612  16804.2624972  0.130769230769
1613  16804.2624972  0.130769230769
1614  16804.2624972  0.130769230769
1615  16804.2624972  0.130769230769
1616  16804.2624972  0.130769230769
1617  16804.2624972  0.130769230769
1618  16804.2624972  0.130769230769
1619  16804.2624972  0.130769230769
1620  16804.2624972  0.130769230769
1621  16804.2624972  0.130769230769
1622  16804.2624972  0.130769230769
1623  16804.2624972  0.130769230769
1624  16804.2624972  0.130769230769
1625  16804.2624972  0.130769230769
1626  16804.2624972  0.130769230769
1627  16804.2624972  0.130769230769
1628  16804.2624972  0.130769230769
1629  16804.2624972  0.130769230769
1630  16804.2624972  0.130769230769
1631  16804.2624972  0.130769230769
1632  16804.2624972  0.130769230769
1633  16804.2624972  0.130769230769
1634  16804.2624972  0.130769230769
1635  16804.2624972  0.130769230769
1636  16804.2624972  0.130769230769
1637  16804.2624972  0.130769230769
1638  16804.2624972  0.130769230769
1639  16804.2624972  0.130769230769
1640  16804.2624972  0.130769230769
1641  16804.2624972  0.130769230769
1642  16804.2624972  0.130769230769
1643  16804.2624972  0.130769230769
1644  16804.2624972  0.130769230769
1645  16804.2624972  0.130769230769
1646  16804.2624972  0.130769230769
1647  16804.2624972  0.130769230769
1648  16804.2624972  0.130769230769
1649  16804.2624972  0.130769230769
1650  16804.2624972  0.130769230769
1651  16804.2624972  0.130769230769
1652  16804.2624972  0.130769230769
1653  16804.2624972  0.130769230769
1654  16804.2624972  0.130769230769
1655  16804.2624972  0.130769230769
1656  16804.2624972  0.130769230769
1657  16804.2624972  0.130769230769
1658  16804.2624972  0.130769230769
1659  16804.2624972  0.130769230769
1660  16804.2624972  0.130769230769
1661  16804.2624972  0.130769230769
1662  16804.2624972  0.130769230769
1663  16804.2624972  0.130769230769
1664  16804.2624972  0.130769230769
1665  16804.2624972  0.130769230769
1666  16804.2624972  0.130769230769
1667  16804.2624972  0.130769230769
1668  16804.2624972  0.130769230769
1669  16804.2624972  0.130769230769
1670  16804.2624972  0.130769230769
1671  16804.2624972  0.130769230769
1672  16804.2624972  0.130769230769
1673  16804.2624972  0.130769230769
1674  16804.2624972  0.130769230769
1675  16804.2624972  0.130769230769
1676  16804.2624972  0.130769230769
1677  16804.2624972  0.130769230769
1678  16804.2624972  0.130769230769
1679  16804.2624972  0.130769230769
1680  16804.2624972  0.130769230769
1681  16804.2624972  0.130769230769
1682  16804.2624972  0.130769230769
1683  16804.2624972  0.130769230769
1684  16804.2624972  0.130769230769
1685  16804.2624972  0.130769230769
1686  16804.2624972  0.130769230769
1687  16804.2624972  0.130769230769
1688  16804.2624972  0.130769230769
1689  16804.2624972  0.130769230769
1690  16804.2624972  0.130769230769
1691  16804.2624972  0.130769230769
1692  16804.2624972  0.130769230769
1693  16804.2624972  0.130769230769
1694  16804.2624972  0.130769230769
1695  16804.2624972  0.130769230769
1696  16804.2624972  0.130769230769
1697  16804.2624972  0.130769230769
1698  16804.2624972  0.130769230769
1699  16804.2624972  0.130769230769
1700  16804.2624972  0.130769230769
1701  16804.2624972  0.130769230769
1702  16804.2624972  0.130769230769
1703  16804.2624972  0.130769230769
1704  16804.2624972  0.130769230769
1705  16804.2624972  0.130769230769
1706  16804.2624972  0.130769230769
1707  16804.2624972  0.130769230769
1708  16804.2624972  0.130769230769
1709  16804.2624972  0.130769230769
1710  16804.2624972  0.130769230769
1711  16804.2624972  0.130769230769
1712  16804.2624972  0.130769230769
1713  16804.2624972  0.130769230769
1714  16804.2624972  0.130769230769
1715  16804.2624972  0.130769230769
1716  16804.2624972  0.130769230769
1717  16804.2624972  0.130769230769
1718  16804.2624972  0.130769230769
1719  16804.2624972  0.130769230769
1720  16804.2624972  0.130769230769
1721  16804.2624972  0.130769230769
1722  16804.2624972  0.130769230769
1723  16804.2624972  0.130769230769
1724  16804.2624972  0.130769230769
1725  16804.2624972  0.130769230769
1726  16804.2624972  0.130769230769
1727  16804.2624972  0.130769230769
1728  16804.2624972  0.130769230769
1729  16804.2624972  0.130769230769
1730  16804.2624972  0.130769230769
1731  16804.2624972  0.130769230769
1732  16804.2624972  0.130769230769
1733  16804.2624972  0.130769230769
1734  16804.2624972  0.130769230769
1735  16804.2624972  0.130769230769
1736  16804.2624972  0.130769230769
1737  16804.2624972  0.130769230769
1738  16804.2624972  0.130769230769
1739  16804.2624972  0.130769230769
1740  16804.2624972  0.130769230769
1741  16804.2624972  0.130769230769
1742  16804.2624972  0.130769230769
1743  16804.2624972  0.130769230769
1744  16804.2624972  0.130769230769
1745  16804.2624972  0.130769230769
1746  16804.2624972  0.130769230769
1747  16804.2624972  0.130769230769
1748  16804.2624972  0.130769230769
1749  16804.2624972  0.130769230769
1750  16804.2624972  0.130769230769
1751  16804.2624972  0.130769230769
1752  16804.2624972  0.130769230769
1753  16804.2624972  0.130769230769
1754  16804.2624972  0.130769230769
1755  16804.2624972  0.130769230769
1756  16804.2624972  0.130769230769
1757  16804.2624972  0.130769230769
1758  16804.2624972  0.130769230769
1759  16804.2624972  0.130769230769
1760  16804.2624972  0.130769230769
1761  16804.2624972  0.130769230769
1762  16804.2624972  0.130769230769
1763  16804.2624972  0.130769230769
1764  16804.2624972  0.130769230769
1765  16804.2624972  0.130769230769
1766  16804.2624972  0.130769230769
1767  16804.2624972  0.130769230769
1768  16804.2624972  0.130769230769
1769  16804.2624972  0.130769230769
1770  16804.2624972  0.130769230769
1771  16804.2624972  0.130769230769
1772  16804.2624972  0.130769230769
1773  16804.2624972  0.130769230769
1774  16804.2624972  0.130769230769
1775  16804.2624972  0.130769230769
1776  16804.2624972  0.130769230769
1777  16804.2624972  0.130769230769
1778  16804.2624972  0.130769230769
1779  16804.2624972  0.130769230769
1780  16804.2624972  0.130769230769
1781  16804.2624972  0.130769230769
1782  16804.2624972  0.130769230769
1783  16804.2624972  0.130769230769
1784  16804.2624972  0.130769230769
1785  16804.2624972  0.130769230769
1786  16804.2624972  0.130769230769
1787  16804.2624972  0.130769230769
1788  16804.2624972  0.130769230769
1789  16804.2624972  0.130769230769
1790  16804.2624972  0.130769230769
1791  16804.2624972  0.130769230769
1792  16804.2624972  0.130769230769
1793  16804.2624972  0.130769230769
1794  16804.2624972  0.130769230769
1795  16804.2624972  0.130769230769
1796  16804.2624972  0.130769230769
1797  16804.2624972  0.130769230769
1798  16804.2624972  0.130769230769
1799  16804.2624972  0.130769230769
1800  16804.2624972  0.130769230769
1801  16804.2624972  0.130769230769
1802  16804.2624972  0.130769230769
1803  16804.2624972  0.130769230769
1804  16804.2624972  0.130769230769
1805  16804.2624972  0.130769230769
1806  16804.2624972  0.130769230769
1807  16804.2624972  0.130769230769
1808  16804.2624972  0.130769230769
1809  16804.2624972  0.130769230769
1810  16804.2624972  0.130769230769
1811  16804.2624972  0.130769230769
1812  16804.2624972  0.130769230769
1813  16804.2624972  0.130769230769
1814  16804.2624972  0.130769230769
1815  16804.2624972  0.130769230769
1816  16804.2624972  0.130769230769
1817  16804.2624972  0.130769230769
1818  16804.2624972  0.130769230769
1819  16804.2624972  0.130769230769
1820  16804.2624972  0.130769230769
1821  16804.2624972  0.130769230769
1822  16804.2624972  0.130769230769
1823  16804.2624972  0.130769230769
1824  16804.2624972  0.130769230769
1825  16804.2624972  0.130769230769
1826  16804.2624972  0.130769230769
1827  16804.2624972  0.130769230769
1828  16804.2624972  0.130769230769
1829  16804.2624972  0.130769230769
1830  16804.2624972  0.130769230769
1831  16804.2624972  0.130769230769
1832  16804.2624972  0.130769230769
1833  16804.2624972  0.130769230769
1834  16804.2624972  0.130769230769
1835  16804.2624972  0.130769230769
1836  16804.2624972  0.130769230769
1837  16804.2624972  0.130769230769
1838  16804.2624972  0.130769230769
1839  16804.2624972  0.130769230769
1840  16804.2624972  0.130769230769
1841  16804.2624972  0.130769230769
1842  16804.2624972  0.130769230769
1843  16804.2624972  0.130769230769
1844  16804.2624972  0.130769230769
1845  16804.2624972  0.130769230769
1846  16804.2624972  0.130769230769
1847  16804.2624972  0.130769230769
1848  16804.2624972  0.130769230769
1849  16804.2624972  0.130769230769
1850  16804.2624972  0.130769230769
1851  16804.2624972  0.130769230769
1852  16804.2624972  0.130769230769
1853  16804.2624972  0.130769230769
1854  16804.2624972  0.130769230769
1855  16804.2624972  0.130769230769
1856  16804.2624972  0.130769230769
1857  16804.2624972  0.130769230769
1858  16804.2624972  0.130769230769
1859  16804.2624972  0.130769230769
1860  16804.2624972  0.130769230769
1861  16804.2624972  0.130769230769
1862  16804.2624972  0.130769230769
1863  16804.2624972  0.130769230769
1864  16333.6805937  0.125641025641
1865  16326.8285652  0.125641025641
1866  16321.398498  0.125641025641
1867  16317.3173905  0.125641025641
1868  16314.2503159  0.125641025641
1869  16311.9456307  0.125641025641
1870  16310.214075  0.125641025641
1871  16308.9132719  0.125641025641
1872  16307.9361301  0.125641025641
1873  16307.202125  0.125641025641
1874  16306.6507316  0.125641025641
1875  16306.2364746  0.125641025641
1876  16305.9251966  0.125641025641
1877  16305.6912487  0.125641025641
1878  16305.515374  0.125641025641
1879  16305.3831167  0.125641025641
1880  16305.2836252  0.125641025641
1881  16305.2087534  0.125641025641
1882  16305.1523854  0.125641025641
1883  16305.1099293  0.125641025641
1884  16305.0779363  0.125641025641
1885  16305.0538157  0.125641025641
1886  16305.0356208  0.125641025641
1887  16305.0218883  0.125641025641
1888  16305.0115178  0.125641025641
1889  16305.0036817  0.125641025641
1890  16304.997757  0.125641025641
1891  16304.9932747  0.125641025641
1892  16304.9898815  0.125641025641
1893  16304.9873112  0.125641025641
1894  16304.9853628  0.125641025641
1895  16304.9838849  0.125641025641
1896  16304.9827631  0.125641025641
1897  16304.9819111  0.125641025641
1898  16304.9812635  0.125641025641
1899  16304.9807709  0.125641025641
1900  16304.980396  0.125641025641
1901  16304.9801104  0.125641025641
1902  16304.9798928  0.125641025641
1903  16304.9797267  0.125641025641
1904  16304.9796  0.125641025641
1905  16304.9795032  0.125641025641
1906  16304.9794292  0.125641025641
1907  16304.9793726  0.125641025641
1908  16304.9793293  0.125641025641
1909  16304.9792961  0.125641025641
1910  16304.9792707  0.125641025641
1911  16304.9792511  0.125641025641
1912  16304.9792362  0.125641025641
1913  16304.9792247  0.125641025641
1914  16304.9792158  0.125641025641
1915  16304.979209  0.125641025641
1916  16304.9792038  0.125641025641
1917  16304.9791997  0.125641025641
1918  16304.9791966  0.125641025641
1919  16304.9791942  0.125641025641
1920  16304.9791924  0.125641025641
1921  16304.979191  0.125641025641
1922  16304.9791899  0.125641025641
1923  16304.979189  0.125641025641
1924  16304.9791883  0.125641025641
1925  16304.9791878  0.125641025641
1926  16304.9791874  0.125641025641
1927  16304.9791871  0.125641025641
1928  16304.9791869  0.125641025641
1929  16304.9791867  0.125641025641
1930  16304.9791866  0.125641025641
1931  16304.9791865  0.125641025641
1932  16304.9791864  0.125641025641
1933  16304.9791863  0.125641025641
1934  16304.9791863  0.125641025641
1935  16304.9791862  0.125641025641
1936  16304.9791862  0.125641025641
1937  16304.9791862  0.125641025641
1938  16304.9791861  0.125641025641
1939  16304.9791861  0.125641025641
1940  16304.9791861  0.125641025641
1941  16304.9791861  0.125641025641
1942  16304.9791861  0.125641025641
1943  16304.9791861  0.125641025641
1944  16304.9791861  0.125641025641
1945  16304.9791861  0.125641025641
1946  16304.9791861  0.125641025641
1947  16304.9791861  0.125641025641
1948  16304.9791861  0.125641025641
1949  16304.9791861  0.125641025641
1950  16304.9791861  0.125641025641
1951  16304.9791861  0.125641025641
1952  16304.9791861  0.125641025641
1953  16304.9791861  0.125641025641
1954  16304.9791861  0.125641025641
1955  16304.9791861  0.125641025641
1956  16304.9791861  0.125641025641
1957  16304.9791861  0.125641025641
1958  16304.9791861  0.125641025641
1959  16304.9791861  0.125641025641
1960  16304.9791861  0.125641025641
1961  16304.9791861  0.125641025641
1962  16304.9791861  0.125641025641
1963  16304.9791861  0.125641025641
1964  16304.9791861  0.125641025641
1965  16304.9791861  0.125641025641
1966  16304.9791861  0.125641025641
1967  16304.9791861  0.125641025641
1968  16304.9791861  0.125641025641
1969  16304.9791861  0.125641025641
1970  16304.9791861  0.125641025641
1971  16304.9791861  0.125641025641
1972  16304.9791861  0.125641025641
1973  16304.9791861  0.125641025641
1974  16304.9791861  0.125641025641
1975  16304.9791861  0.125641025641
1976  16304.9791861  0.125641025641
1977  16304.9791861  0.125641025641
1978  16304.9791861  0.125641025641
1979  16304.9791861  0.125641025641
1980  16304.9791861  0.125641025641
1981  16304.9791861  0.125641025641
1982  16304.9791861  0.125641025641
1983  16304.9791861  0.125641025641
1984  16304.9791861  0.125641025641
1985  16304.9791861  0.125641025641
1986  16304.9791861  0.125641025641
1987  16304.9791861  0.125641025641
1988  16304.9791861  0.125641025641
1989  16304.9791861  0.125641025641
1990  16304.9791861  0.125641025641
1991  16304.9791861  0.125641025641
1992  16304.9791861  0.125641025641
1993  16304.9791861  0.125641025641
1994  16304.9791861  0.125641025641
1995  16304.9791861  0.125641025641
1996  16304.9791861  0.125641025641
1997  16304.9791861  0.125641025641
1998  16304.9791861  0.125641025641
1999  16304.9791861  0.125641025641
2000  16304.9791861  0.125641025641
2001  16304.9791861  0.125641025641
2002  16304.9791861  0.125641025641
2003  16304.9791861  0.125641025641
2004  16304.9791861  0.125641025641
2005  16304.9791861  0.125641025641
2006  16304.9791861  0.125641025641
2007  16304.9791861  0.125641025641
2008  16304.9791861  0.125641025641
2009  16304.9791861  0.125641025641
2010  16304.9791861  0.125641025641
2011  16304.9791861  0.125641025641
2012  16304.9791861  0.125641025641
2013  16304.9791861  0.125641025641
2014  16304.9791861  0.125641025641
2015  16304.9791861  0.125641025641
2016  16304.9791861  0.125641025641
2017  16304.9791861  0.125641025641
2018  16304.9791861  0.125641025641
2019  16304.9791861  0.125641025641
2020  16304.9791861  0.125641025641
2021  16304.9791861  0.125641025641
2022  16304.9791861  0.125641025641
2023  16304.9791861  0.125641025641
2024  16304.9791861  0.125641025641
2025  16304.9791861  0.125641025641
2026  16304.9791861  0.125641025641
2027  16304.9791861  0.125641025641
2028  16304.9791861  0.125641025641
2029  16304.9791861  0.125641025641
2030  16304.9791861  0.125641025641
2031  16304.9791861  0.125641025641
2032  16304.9791861  0.125641025641
2033  16304.9791861  0.125641025641
2034  16304.9791861  0.125641025641
2035  16304.9791861  0.125641025641
2036  16304.9791861  0.125641025641
2037  16304.9791861  0.125641025641
2038  16304.9791861  0.125641025641
2039  16304.9791861  0.125641025641
2040  16304.9791861  0.125641025641
2041  16304.9791861  0.125641025641
2042  16304.9791861  0.125641025641
2043  16304.9791861  0.125641025641
2044  16304.9791861  0.125641025641
2045  16304.9791861  0.125641025641
2046  16304.9791861  0.125641025641
2047  16304.9791861  0.125641025641
2048  16304.9791861  0.125641025641
2049  16304.9791861  0.125641025641
2050  16304.9791861  0.125641025641
2051  16304.9791861  0.125641025641
2052  16304.9791861  0.125641025641
2053  16304.9791861  0.125641025641
2054  16304.9791861  0.125641025641
2055  16304.9791861  0.125641025641
2056  16304.9791861  0.125641025641
2057  16304.9791861  0.125641025641
2058  16304.9791861  0.125641025641
2059  16304.9791861  0.125641025641
2060  16304.9791861  0.125641025641
2061  16304.9791861  0.125641025641
2062  16304.9791861  0.125641025641
2063  16304.9791861  0.125641025641
2064  16304.9791861  0.125641025641
2065  16304.9791861  0.125641025641
2066  16304.9791861  0.125641025641
2067  16304.9791861  0.125641025641
2068  16304.9791861  0.125641025641
2069  16304.9791861  0.125641025641
2070  16304.9791861  0.125641025641
2071  16304.9791861  0.125641025641
2072  16304.9791861  0.125641025641
2073  16304.9791861  0.125641025641
2074  16304.9791861  0.125641025641
2075  16304.9791861  0.125641025641
2076  16304.9791861  0.125641025641
2077  16304.9791861  0.125641025641
2078  16304.9791861  0.125641025641
2079  16304.9791861  0.125641025641
2080  16304.9791861  0.125641025641
2081  16304.9791861  0.125641025641
2082  16304.9791861  0.125641025641
2083  16304.9791861  0.125641025641
2084  16304.9791861  0.125641025641
2085  16304.9791861  0.125641025641
2086  16304.9791861  0.125641025641
2087  16304.9791861  0.125641025641
2088  16304.9791861  0.125641025641
2089  16304.9791861  0.125641025641
2090  16304.9791861  0.125641025641
2091  16304.9791861  0.125641025641
2092  16304.9791861  0.125641025641
2093  16304.9791861  0.125641025641
2094  16304.9791861  0.125641025641
2095  16304.9791861  0.125641025641
2096  16304.9791861  0.125641025641
2097  16304.9791861  0.125641025641
2098  16304.9791861  0.125641025641
2099  16304.9791861  0.125641025641
2100  16304.9791861  0.125641025641
2101  16304.9791861  0.125641025641
2102  16304.9791861  0.125641025641
2103  16304.9791861  0.125641025641
2104  16304.9791861  0.125641025641
2105  16304.9791861  0.125641025641
2106  16304.9791861  0.125641025641
2107  16304.9791861  0.125641025641
2108  16304.9791861  0.125641025641
2109  16304.9791861  0.125641025641
2110  16304.9791861  0.125641025641
2111  16304.9791861  0.125641025641
2112  16304.9791861  0.125641025641
2113  16304.9791861  0.125641025641
2114  16304.9791861  0.125641025641
2115  16304.9791861  0.125641025641
2116  16304.9791861  0.125641025641
2117  16304.9791861  0.125641025641
2118  16304.9791861  0.125641025641
2119  16304.9791861  0.125641025641
2120  16304.9791861  0.125641025641
2121  16304.9791861  0.125641025641
2122  16304.9791861  0.125641025641
2123  16304.9791861  0.125641025641
2124  16304.9791861  0.125641025641
2125  16304.9791861  0.125641025641
2126  16304.9791861  0.125641025641
2127  16304.9791861  0.125641025641
2128  16304.9791861  0.125641025641
2129  16304.9791861  0.125641025641
2130  16304.9791861  0.125641025641
2131  16304.9791861  0.125641025641
2132  16304.9791861  0.125641025641
2133  16304.9791861  0.125641025641
2134  16304.9791861  0.125641025641
2135  16304.9791861  0.125641025641
2136  16304.9791861  0.125641025641
2137  16304.9791861  0.125641025641
2138  16304.9791861  0.125641025641
2139  16304.9791861  0.125641025641
2140  16304.9791861  0.125641025641
2141  16304.9791861  0.125641025641
2142  16304.9791861  0.125641025641
2143  16304.9791861  0.125641025641
2144  16304.9791861  0.125641025641
2145  16304.9791861  0.125641025641
2146  16304.9791861  0.125641025641
2147  16304.9791861  0.125641025641
2148  16304.9791861  0.125641025641
2149  16304.9791861  0.125641025641
2150  16304.9791861  0.125641025641
2151  16304.9791861  0.125641025641
2152  16304.9791861  0.125641025641
2153  16304.9791861  0.125641025641
2154  16304.9791861  0.125641025641
2155  16304.9791861  0.125641025641
2156  16304.9791861  0.125641025641
2157  16304.9791861  0.125641025641
2158  16304.9791861  0.125641025641
2159  16304.9791861  0.125641025641
2160  16304.9791861  0.125641025641
2161  16304.9791861  0.125641025641
2162  16304.9791861  0.125641025641
2163  16304.9791861  0.125641025641
2164  16304.9791861  0.125641025641
2165  16304.9791861  0.125641025641
2166  16304.9791861  0.125641025641
2167  16304.9791861  0.125641025641
2168  16304.9791861  0.125641025641
2169  16304.9791861  0.125641025641
2170  16304.9791861  0.125641025641
2171  16304.9791861  0.125641025641
2172  16304.9791861  0.125641025641
2173  16304.9791861  0.125641025641
2174  16304.9791861  0.125641025641
2175  16304.9791861  0.125641025641
2176  16304.9791861  0.125641025641
2177  16304.9791861  0.125641025641
2178  16304.9791861  0.125641025641
2179  16304.9791861  0.125641025641
2180  16304.9791861  0.125641025641
2181  16304.9791861  0.125641025641
2182  16304.9791861  0.125641025641
2183  16304.9791861  0.125641025641
2184  16304.9791861  0.125641025641
2185  16304.9791861  0.125641025641
2186  16304.9791861  0.125641025641
2187  16304.9791861  0.125641025641
2188  16304.9791861  0.125641025641
2189  16304.9791861  0.125641025641
2190  16304.9791861  0.125641025641
2191  16304.9791861  0.125641025641
2192  16304.9791861  0.125641025641
2193  16304.9791861  0.125641025641
2194  16304.9791861  0.125641025641
2195  16304.9791861  0.125641025641
2196  16304.9791861  0.125641025641
2197  16304.9791861  0.125641025641
2198  16304.9791861  0.125641025641
2199  16304.9791861  0.125641025641
2200  16304.9791861  0.125641025641
2201  16304.9791861  0.125641025641
2202  16304.9791861  0.125641025641
2203  16304.9791861  0.125641025641
2204  16304.9791861  0.125641025641
2205  16304.9791861  0.125641025641
2206  16304.9791861  0.125641025641
2207  16304.9791861  0.125641025641
2208  16304.9791861  0.125641025641
2209  16304.9791861  0.125641025641
2210  16304.9791861  0.125641025641
2211  16304.9791861  0.125641025641
2212  16304.9791861  0.125641025641
2213  16304.9791861  0.125641025641
2214  16304.9791861  0.125641025641
2215  16304.9791861  0.125641025641
2216  16304.9791861  0.125641025641
2217  16304.9791861  0.125641025641
2218  16304.9791861  0.125641025641
2219  16304.9791861  0.125641025641
2220  16304.9791861  0.125641025641
2221  16304.9791861  0.125641025641
2222  16304.9791861  0.125641025641
2223  16304.9791861  0.125641025641
2224  16304.9791861  0.125641025641
2225  16304.9791861  0.125641025641
2226  16304.9791861  0.125641025641
2227  16304.9791861  0.125641025641
2228  16304.9791861  0.125641025641
2229  16304.9791861  0.125641025641
2230  16304.9791861  0.125641025641
2231  16304.9791861  0.125641025641
2232  16304.9791861  0.125641025641
2233  16304.9791861  0.125641025641
2234  16304.9791861  0.125641025641
2235  16304.9791861  0.125641025641
2236  16304.9791861  0.125641025641
2237  16304.9791861  0.125641025641
2238  16304.9791861  0.125641025641
2239  16304.9791861  0.125641025641
2240  16304.9791861  0.125641025641
2241  16304.9791861  0.125641025641
2242  16304.9791861  0.125641025641
2243  16304.9791861  0.125641025641
2244  16304.9791861  0.125641025641
2245  16304.9791861  0.125641025641
2246  16304.9791861  0.125641025641
2247  16304.9791861  0.125641025641
2248  16304.9791861  0.125641025641
2249  16304.9791861  0.125641025641
2250  16304.9791861  0.125641025641
2251  16304.9791861  0.125641025641
2252  16304.9791861  0.125641025641
2253  16304.9791861  0.125641025641
2254  16304.9791861  0.125641025641
2255  16304.9791861  0.125641025641
2256  16304.9791861  0.125641025641
2257  16304.9791861  0.125641025641
2258  16304.9791861  0.125641025641
2259  16304.9791861  0.125641025641
2260  16304.9791861  0.125641025641
2261  16304.9791861  0.125641025641
2262  16304.9791861  0.125641025641
2263  16304.9791861  0.125641025641
2264  16304.9791861  0.125641025641
2265  16304.9791861  0.125641025641
2266  16304.9791861  0.125641025641
2267  16304.9791861  0.125641025641
2268  16304.9791861  0.125641025641
2269  16304.9791861  0.125641025641
2270  16304.9791861  0.125641025641
2271  16304.9791861  0.125641025641
2272  16304.9791861  0.125641025641
2273  16304.9791861  0.125641025641
2274  16304.9791861  0.125641025641
2275  16304.9791861  0.125641025641
2276  16304.9791861  0.125641025641
2277  16304.9791861  0.125641025641
2278  16304.9791861  0.125641025641
2279  16304.9791861  0.125641025641
2280  16304.9791861  0.125641025641
2281  16304.9791861  0.125641025641
2282  16304.9791861  0.125641025641
2283  16304.9791861  0.125641025641
2284  16304.9791861  0.125641025641
2285  16304.9791861  0.125641025641
2286  16304.9791861  0.125641025641
2287  16304.9791861  0.125641025641
2288  16304.9791861  0.125641025641
2289  16304.9791861  0.125641025641
2290  16304.9791861  0.125641025641
2291  16304.9791861  0.125641025641
2292  16304.9791861  0.125641025641
2293  16304.9791861  0.125641025641
2294  16304.9791861  0.125641025641
2295  16304.9791861  0.125641025641
2296  16304.9791861  0.125641025641
2297  16304.9791861  0.125641025641
2298  16304.9791861  0.125641025641
2299  16304.9791861  0.125641025641
2300  16304.9791861  0.125641025641
2301  16304.9791861  0.125641025641
2302  16304.9791861  0.125641025641
2303  16304.9791861  0.125641025641
2304  16304.9791861  0.125641025641
2305  16304.9791861  0.125641025641
2306  16304.9791861  0.125641025641
2307  16304.9791861  0.125641025641
2308  16304.9791861  0.125641025641
2309  16304.9791861  0.125641025641
2310  16304.9791861  0.125641025641
2311  16304.9791861  0.125641025641
2312  16304.9791861  0.125641025641
2313  16304.9791861  0.125641025641
2314  16304.9791861  0.125641025641
2315  16304.9791861  0.125641025641
2316  16304.9791861  0.125641025641
2317  16304.9791861  0.125641025641
2318  16304.9791861  0.125641025641
2319  16304.9791861  0.125641025641
2320  16304.9791861  0.125641025641
2321  16304.9791861  0.125641025641
2322  16304.9791861  0.125641025641
2323  16304.9791861  0.125641025641
2324  16304.9791861  0.125641025641
2325  16304.9791861  0.125641025641
2326  16304.9791861  0.125641025641
2327  16304.9791861  0.125641025641
2328  16304.9791861  0.125641025641
2329  16304.9791861  0.125641025641
2330  16304.9791861  0.125641025641
2331  16304.9791861  0.125641025641
2332  16304.9791861  0.125641025641
2333  16304.9791861  0.125641025641
2334  16304.9791861  0.125641025641
2335  16304.9791861  0.125641025641
2336  16304.9791861  0.125641025641
2337  16304.9791861  0.125641025641
2338  16304.9791861  0.125641025641
2339  16304.9791861  0.125641025641
2340  16304.9791861  0.125641025641
2341  16304.9791861  0.125641025641
2342  16304.9791861  0.125641025641
2343  16304.9791861  0.125641025641
2344  16304.9791861  0.125641025641
2345  16304.9791861  0.125641025641
2346  16304.9791861  0.125641025641
2347  16304.9791861  0.125641025641
2348  16304.9791861  0.125641025641
2349  16304.9791861  0.125641025641
2350  16304.9791861  0.125641025641
2351  16304.9791861  0.125641025641
2352  16304.9791861  0.125641025641
2353  16304.9791861  0.125641025641
2354  16304.9791861  0.125641025641
2355  16304.9791861  0.125641025641
2356  16304.9791861  0.125641025641
2357  16304.9791861  0.125641025641
2358  16304.9791861  0.125641025641
2359  16304.9791861  0.125641025641
2360  16304.9791861  0.125641025641
2361  16304.9791861  0.125641025641
2362  16304.9791861  0.125641025641
2363  16304.9791861  0.125641025641
2364  16304.9791861  0.125641025641
2365  16304.9791861  0.125641025641
2366  16304.9791861  0.125641025641
2367  16304.9791861  0.125641025641
2368  16304.9791861  0.125641025641
2369  16304.9791861  0.125641025641
2370  16304.9791861  0.125641025641
2371  16304.9791861  0.125641025641
2372  16304.9791861  0.125641025641
2373  16304.9791861  0.125641025641
2374  16304.9791861  0.125641025641
2375  16304.9791861  0.125641025641
2376  16304.9791861  0.125641025641
2377  16304.9791861  0.125641025641
2378  16304.9791861  0.125641025641
2379  16304.9791861  0.125641025641
2380  16304.9791861  0.125641025641
2381  16304.9791861  0.125641025641
2382  16304.9791861  0.125641025641
2383  16304.9791861  0.125641025641
2384  16304.9791861  0.125641025641
2385  16304.9791861  0.125641025641
2386  16304.9791861  0.125641025641
2387  16304.9791861  0.125641025641
2388  16304.9791861  0.125641025641
2389  16304.9791861  0.125641025641
2390  16304.9791861  0.125641025641
2391  16304.9791861  0.125641025641
2392  16304.9791861  0.125641025641
2393  16304.9791861  0.125641025641
2394  16304.9791861  0.125641025641
2395  16304.9791861  0.125641025641
2396  16304.9791861  0.125641025641
2397  16304.9791861  0.125641025641
2398  16304.9791861  0.125641025641
2399  16304.9791861  0.125641025641
2400  16304.9791861  0.125641025641
2401  16304.9791861  0.125641025641
2402  16304.9791861  0.125641025641
2403  16304.9791861  0.125641025641
2404  16304.9791861  0.125641025641
2405  16304.9791861  0.125641025641
2406  16304.9791861  0.125641025641
2407  16304.9791861  0.125641025641
2408  16304.9791861  0.125641025641
2409  16304.9791861  0.125641025641
2410  16304.9791861  0.125641025641
2411  16304.9791861  0.125641025641
2412  16304.9791861  0.125641025641
2413  16304.9791861  0.125641025641
2414  16304.9791861  0.125641025641
2415  16304.9791861  0.125641025641
2416  16304.9791861  0.125641025641
2417  16304.9791861  0.125641025641
2418  16304.9791861  0.125641025641
2419  16304.9791861  0.125641025641
2420  16304.9791861  0.125641025641
2421  16304.9791861  0.125641025641
2422  16304.9791861  0.125641025641
2423  16304.9791861  0.125641025641
2424  16304.9791861  0.125641025641
2425  16304.9791861  0.125641025641
2426  16304.9791861  0.125641025641
2427  16304.9791861  0.125641025641
2428  16304.9791861  0.125641025641
2429  16304.9791861  0.125641025641
2430  16304.9791861  0.125641025641
2431  16304.9791861  0.125641025641
2432  16304.9791861  0.125641025641
2433  16304.9791861  0.125641025641
2434  16304.9791861  0.125641025641
2435  16304.9791861  0.125641025641
2436  16304.9791861  0.125641025641
2437  16304.9791861  0.125641025641
2438  16304.9791861  0.125641025641
2439  16304.9791861  0.125641025641
2440  16304.9791861  0.125641025641
2441  16304.9791861  0.125641025641
2442  16304.9791861  0.125641025641
2443  16304.9791861  0.125641025641
2444  16304.9791861  0.125641025641
2445  16304.9791861  0.125641025641
2446  16304.9791861  0.125641025641
2447  16304.9791861  0.125641025641
2448  16304.9791861  0.125641025641
2449  16304.9791861  0.125641025641
2450  16304.9791861  0.125641025641
2451  16304.9791861  0.125641025641
2452  16304.9791861  0.125641025641
2453  16304.9791861  0.125641025641
2454  16304.9791861  0.125641025641
2455  16304.9791861  0.125641025641
2456  16304.9791861  0.125641025641
2457  16304.9791861  0.125641025641
2458  16304.9791861  0.125641025641
2459  16304.9791861  0.125641025641
2460  16304.9791861  0.125641025641
2461  16304.9791861  0.125641025641
2462  16304.9791861  0.125641025641
2463  16304.9791861  0.125641025641
2464  16304.9791861  0.125641025641
2465  16304.9791861  0.125641025641
2466  16304.9791861  0.125641025641
2467  16304.9791861  0.125641025641
2468  16304.9791861  0.125641025641
2469  16304.9791861  0.125641025641
2470  16304.9791861  0.125641025641
2471  16304.9791861  0.125641025641
2472  16304.9791861  0.125641025641
2473  16304.9791861  0.125641025641
2474  16304.9791861  0.125641025641
2475  16304.9791861  0.125641025641
2476  16304.9791861  0.125641025641
2477  16304.9791861  0.125641025641
2478  16304.9791861  0.125641025641
2479  16304.9791861  0.125641025641
2480  16304.9791861  0.125641025641
2481  16304.9791861  0.125641025641
2482  16304.9791861  0.125641025641
2483  16304.9791861  0.125641025641
2484  16304.9791861  0.125641025641
2485  16304.9791861  0.125641025641
2486  16304.9791861  0.125641025641
2487  16304.9791861  0.125641025641
2488  16304.9791861  0.125641025641
2489  16304.9791861  0.125641025641
2490  16304.9791861  0.125641025641
2491  16304.9791861  0.125641025641
2492  16304.9791861  0.125641025641
2493  16304.9791861  0.125641025641
2494  16304.9791861  0.125641025641
2495  16304.9791861  0.125641025641
2496  16304.9791861  0.125641025641
2497  16304.9791861  0.125641025641
2498  16304.9791861  0.125641025641
2499  16304.9791861  0.125641025641
2500  16304.9791861  0.125641025641
2501  16304.9791861  0.125641025641
2502  16304.9791861  0.125641025641
2503  16304.9791861  0.125641025641
2504  16304.9791861  0.125641025641
2505  16304.9791861  0.125641025641
2506  16304.9791861  0.125641025641
2507  16304.9791861  0.125641025641
2508  16304.9791861  0.125641025641
2509  16304.9791861  0.125641025641
2510  16304.9791861  0.125641025641
2511  16304.9791861  0.125641025641
2512  16304.9791861  0.125641025641
2513  16304.9791861  0.125641025641
2514  16304.9791861  0.125641025641
2515  16304.9791861  0.125641025641
2516  16304.9791861  0.125641025641
2517  16304.9791861  0.125641025641
2518  16304.9791861  0.125641025641
2519  16304.9791861  0.125641025641
2520  16304.9791861  0.125641025641
2521  16304.9791861  0.125641025641
2522  16304.9791861  0.125641025641
2523  16304.9791861  0.125641025641
2524  16304.9791861  0.125641025641
2525  16304.9791861  0.125641025641
2526  16304.9791861  0.125641025641
2527  16304.9791861  0.125641025641
2528  16304.9791861  0.125641025641
2529  16304.9791861  0.125641025641
2530  16304.9791861  0.125641025641
2531  16304.9791861  0.125641025641
2532  16304.9791861  0.125641025641
2533  16304.9791861  0.125641025641
2534  16304.9791861  0.125641025641
2535  16304.9791861  0.125641025641
2536  16304.9791861  0.125641025641
2537  16304.9791861  0.125641025641
2538  16304.9791861  0.125641025641
2539  16304.9791861  0.125641025641
2540  16304.9791861  0.125641025641
2541  16304.9791861  0.125641025641
2542  16304.9791861  0.125641025641
2543  16304.9791861  0.125641025641
2544  16304.9791861  0.125641025641
2545  16304.9791861  0.125641025641
2546  16304.9791861  0.125641025641
2547  16304.9791861  0.125641025641
2548  16304.9791861  0.125641025641
2549  16304.9791861  0.125641025641
2550  16304.9791861  0.125641025641
2551  16304.9791861  0.125641025641
2552  16304.9791861  0.125641025641
2553  16304.9791861  0.125641025641
2554  16304.9791861  0.125641025641
2555  16304.9791861  0.125641025641
2556  16304.9791861  0.125641025641
2557  16304.9791861  0.125641025641
2558  16304.9791861  0.125641025641
2559  16304.9791861  0.125641025641
2560  16304.9791861  0.125641025641
2561  16304.9791861  0.125641025641
2562  16304.9791861  0.125641025641
2563  16304.9791861  0.125641025641
2564  16304.9791861  0.125641025641
2565  16304.9791861  0.125641025641
2566  16304.9791861  0.125641025641
2567  16304.9791861  0.125641025641
2568  16304.9791861  0.125641025641
2569  16304.9791861  0.125641025641
2570  16304.9791861  0.125641025641
2571  16304.9791861  0.125641025641
2572  16304.9791861  0.125641025641
2573  16304.9791861  0.125641025641
2574  16304.9791861  0.125641025641
2575  16304.9791861  0.125641025641
2576  16304.9791861  0.125641025641
2577  16304.9791861  0.125641025641
2578  16304.9791861  0.125641025641
2579  16304.9791861  0.125641025641
2580  16304.9791861  0.125641025641
2581  16304.9791861  0.125641025641
2582  16304.9791861  0.125641025641
2583  16304.9791861  0.125641025641
2584  16304.9791861  0.125641025641
2585  16304.9791861  0.125641025641
2586  16304.9791861  0.125641025641
2587  16304.9791861  0.125641025641
2588  16304.9791861  0.125641025641
2589  16304.9791861  0.125641025641
2590  16304.9791861  0.125641025641
2591  16304.9791861  0.125641025641
2592  16304.9791861  0.125641025641
2593  16304.9791861  0.125641025641
2594  16304.9791861  0.125641025641
2595  16304.9791861  0.125641025641
2596  16304.9791861  0.125641025641
2597  16304.9791861  0.125641025641
2598  16304.9791861  0.125641025641
2599  16304.9791861  0.125641025641
2600  16304.9791861  0.125641025641
2601  16304.9791861  0.125641025641
2602  16304.9791861  0.125641025641
2603  16304.9791861  0.125641025641
2604  16304.9791861  0.125641025641
2605  16304.9791861  0.125641025641
2606  16304.9791861  0.125641025641
2607  16304.9791861  0.125641025641
2608  16304.9791861  0.125641025641
2609  16304.9791861  0.125641025641
2610  16304.9791861  0.125641025641
2611  16304.9791861  0.125641025641
2612  16304.9791861  0.125641025641
2613  16304.9791861  0.125641025641
2614  16304.9791861  0.125641025641
2615  16304.9791861  0.125641025641
2616  16304.9791861  0.125641025641
2617  16304.9791861  0.125641025641
2618  16304.9791861  0.125641025641
2619  16304.9791861  0.125641025641
2620  16304.9791861  0.125641025641
2621  16304.9791861  0.125641025641
2622  16304.9791861  0.125641025641
2623  16304.9791861  0.125641025641
2624  16304.9791861  0.125641025641
2625  16304.9791861  0.125641025641
2626  16304.9791861  0.125641025641
2627  16304.9791861  0.125641025641
2628  16304.9791861  0.125641025641
2629  16304.9791861  0.125641025641
2630  16304.9791861  0.125641025641
2631  16304.9791861  0.125641025641
2632  16304.9791861  0.125641025641
2633  16304.9791861  0.125641025641
2634  16304.9791861  0.125641025641
2635  16304.9791861  0.125641025641
2636  16304.9791861  0.125641025641
2637  16304.9791861  0.125641025641
2638  16304.9791861  0.125641025641
2639  16304.9791861  0.125641025641
2640  16304.9791861  0.125641025641
2641  16304.9791861  0.125641025641
2642  16304.9791861  0.125641025641
2643  16304.9791861  0.125641025641
2644  16304.9791861  0.125641025641
2645  16304.9791861  0.125641025641
2646  16304.9791861  0.125641025641
2647  16304.9791861  0.125641025641
2648  16304.9791861  0.125641025641
2649  16304.9791861  0.125641025641
2650  16304.9791861  0.125641025641
2651  16304.9791861  0.125641025641
2652  16304.9791861  0.125641025641
2653  16304.9791861  0.125641025641
2654  16304.9791861  0.125641025641
2655  16304.9791861  0.125641025641
2656  16304.9791861  0.125641025641
2657  16304.9791861  0.125641025641
2658  16304.9791861  0.125641025641
2659  16304.9791861  0.125641025641
2660  16304.9791861  0.125641025641
2661  16304.9791861  0.125641025641
2662  16304.9791861  0.125641025641
2663  16304.9791861  0.125641025641
2664  16304.9791861  0.125641025641
2665  16304.9791861  0.125641025641
2666  16304.9791861  0.125641025641
2667  16304.9791861  0.125641025641
2668  16304.9791861  0.125641025641
2669  16304.9791861  0.125641025641
2670  16304.9791861  0.125641025641
2671  16304.9791861  0.125641025641
2672  16304.9791861  0.125641025641
2673  16304.9791861  0.125641025641
2674  16304.9791861  0.125641025641
2675  16304.9791861  0.125641025641
2676  16304.9791861  0.125641025641
2677  16304.9791861  0.125641025641
2678  16304.9791861  0.125641025641
2679  16304.9791861  0.125641025641
2680  16304.9791861  0.125641025641
2681  16304.9791861  0.125641025641
2682  16304.9791861  0.125641025641
2683  16304.9791861  0.125641025641
2684  16304.9791861  0.125641025641
2685  16304.9791861  0.125641025641
2686  16304.9791861  0.125641025641
2687  16304.9791861  0.125641025641
2688  16304.9791861  0.125641025641
2689  16304.9791861  0.125641025641
2690  16304.9791861  0.125641025641
2691  16304.9791861  0.125641025641
2692  16304.9791861  0.125641025641
2693  16304.9791861  0.125641025641
2694  16304.9791861  0.125641025641
2695  16304.9791861  0.125641025641
2696  16304.9791861  0.125641025641
2697  16304.9791861  0.125641025641
2698  16304.9791861  0.125641025641
2699  16304.9791861  0.125641025641
2700  16304.9791861  0.125641025641
2701  16304.9791861  0.125641025641
2702  16304.9791861  0.125641025641
2703  16304.9791861  0.125641025641
2704  16304.9791861  0.125641025641
2705  16304.9791861  0.125641025641
2706  16304.9791861  0.125641025641
2707  16304.9791861  0.125641025641
2708  16304.9791861  0.125641025641
2709  16304.9791861  0.125641025641
2710  16304.9791861  0.125641025641
2711  16304.9791861  0.125641025641
2712  16304.9791861  0.125641025641
2713  16304.9791861  0.125641025641
2714  16304.9791861  0.125641025641
2715  16304.9791861  0.125641025641
2716  16304.9791861  0.125641025641
2717  16304.9791861  0.125641025641
2718  16304.9791861  0.125641025641
2719  16304.9791861  0.125641025641
2720  16304.9791861  0.125641025641
2721  16304.9791861  0.125641025641
2722  16304.9791861  0.125641025641
2723  16304.9791861  0.125641025641
2724  16304.9791861  0.125641025641
2725  16304.9791861  0.125641025641
2726  16304.9791861  0.125641025641
2727  16304.9791861  0.125641025641
2728  16304.9791861  0.125641025641
2729  16304.9791861  0.125641025641
2730  16304.9791861  0.125641025641
2731  16304.9791861  0.125641025641
2732  16304.9791861  0.125641025641
2733  16304.9791861  0.125641025641
2734  16304.9791861  0.125641025641
2735  16304.9791861  0.125641025641
2736  16304.9791861  0.125641025641
2737  16304.9791861  0.125641025641
2738  16304.9791861  0.125641025641
2739  16304.9791861  0.125641025641
2740  16304.9791861  0.125641025641
2741  16304.9791861  0.125641025641
2742  16304.9791861  0.125641025641
2743  16304.9791861  0.125641025641
2744  16304.9791861  0.125641025641
2745  16304.9791861  0.125641025641
2746  16304.9791861  0.125641025641
2747  16304.9791861  0.125641025641
2748  16304.9791861  0.125641025641
2749  16304.9791861  0.125641025641
2750  16304.9791861  0.125641025641
2751  16304.9791861  0.125641025641
2752  16304.9791861  0.125641025641
2753  16304.9791861  0.125641025641
2754  16304.9791861  0.125641025641
2755  16304.9791861  0.125641025641
2756  16304.9791861  0.125641025641
2757  16304.9791861  0.125641025641
2758  16304.9791861  0.125641025641
2759  16304.9791861  0.125641025641
2760  16304.9791861  0.125641025641
2761  16304.9791861  0.125641025641
2762  16304.9791861  0.125641025641
2763  16304.9791861  0.125641025641
2764  16304.9791861  0.125641025641
2765  16304.9791861  0.125641025641
2766  16304.9791861  0.125641025641
2767  16304.9791861  0.125641025641
2768  16304.9791861  0.125641025641
2769  16304.9791861  0.125641025641
2770  16304.9791861  0.125641025641
2771  16304.9791861  0.125641025641
2772  16304.9791861  0.125641025641
2773  16304.9791861  0.125641025641
2774  16304.9791861  0.125641025641
2775  16304.9791861  0.125641025641
2776  16304.9791861  0.125641025641
2777  16304.9791861  0.125641025641
2778  16304.9791861  0.125641025641
2779  16304.9791861  0.125641025641
2780  16304.9791861  0.125641025641
2781  16304.9791861  0.125641025641
2782  16304.9791861  0.125641025641
2783  16304.9791861  0.125641025641
2784  16304.9791861  0.125641025641
2785  16304.9791861  0.125641025641
2786  16304.9791861  0.125641025641
2787  16304.9791861  0.125641025641
2788  16304.9791861  0.125641025641
2789  16304.9791861  0.125641025641
2790  16304.9791861  0.125641025641
2791  16304.9791861  0.125641025641
2792  16304.9791861  0.125641025641
2793  16304.9791861  0.125641025641
2794  16304.9791861  0.125641025641
2795  16304.9791861  0.125641025641
2796  16304.9791861  0.125641025641
2797  16304.9791861  0.125641025641
2798  16304.9791861  0.125641025641
2799  16304.9791861  0.125641025641
2800  16304.9791861  0.125641025641
2801  16304.9791861  0.125641025641
2802  16304.9791861  0.125641025641
2803  16304.9791861  0.125641025641
2804  16304.9791861  0.125641025641
2805  16304.9791861  0.125641025641
2806  16304.9791861  0.125641025641
2807  16304.9791861  0.125641025641
2808  16304.9791861  0.125641025641
2809  16304.9791861  0.125641025641
2810  16304.9791861  0.125641025641
2811  16304.9791861  0.125641025641
2812  16304.9791861  0.125641025641
2813  16304.9791861  0.125641025641
2814  16304.9791861  0.125641025641
2815  16304.9791861  0.125641025641
2816  16304.9791861  0.125641025641
2817  16304.9791861  0.125641025641
2818  16304.9791861  0.125641025641
2819  16304.9791861  0.125641025641
2820  16304.9791861  0.125641025641
2821  16304.9791861  0.125641025641
2822  16304.9791861  0.125641025641
2823  16304.9791861  0.125641025641
2824  16304.9791861  0.125641025641
2825  16304.9791861  0.125641025641
2826  16304.9791861  0.125641025641
2827  16304.9791861  0.125641025641
2828  16304.9791861  0.125641025641
2829  16304.9791861  0.125641025641
2830  16304.9791861  0.125641025641
2831  16304.9791861  0.125641025641
2832  16304.9791861  0.125641025641
2833  16304.9791861  0.125641025641
2834  16304.9791861  0.125641025641
2835  16304.9791861  0.125641025641
2836  16304.9791861  0.125641025641
2837  16304.9791861  0.125641025641
2838  16304.9791861  0.125641025641
2839  16304.9791861  0.125641025641
2840  16304.9791861  0.125641025641
2841  16304.9791861  0.125641025641
2842  16304.9791861  0.125641025641
2843  16304.9791861  0.125641025641
2844  16304.9791861  0.125641025641
2845  16304.9791861  0.125641025641
2846  16304.9791861  0.125641025641
2847  16304.9791861  0.125641025641
2848  16304.9791861  0.125641025641
2849  16304.9791861  0.125641025641
2850  16304.9791861  0.125641025641
2851  16304.9791861  0.125641025641
2852  16304.9791861  0.125641025641
2853  16304.9791861  0.125641025641
2854  16304.9791861  0.125641025641
2855  16304.9791861  0.125641025641
2856  16304.9791861  0.125641025641
2857  16304.9791861  0.125641025641
2858  16304.9791861  0.125641025641
2859  16304.9791861  0.125641025641
2860  16304.9791861  0.125641025641
2861  16304.9791861  0.125641025641
2862  16304.9791861  0.125641025641
2863  16304.9791861  0.125641025641
2864  16304.9791861  0.125641025641
2865  16304.9791861  0.125641025641
2866  16304.9791861  0.125641025641
2867  16304.9791861  0.125641025641
2868  16304.9791861  0.125641025641
2869  16304.9791861  0.125641025641
2870  16304.9791861  0.125641025641
2871  16304.9791861  0.125641025641
2872  16304.9791861  0.125641025641
2873  16304.9791861  0.125641025641
2874  16304.9791861  0.125641025641
2875  16304.9791861  0.125641025641
2876  16304.9791861  0.125641025641
2877  16304.9791861  0.125641025641
2878  16304.9791861  0.125641025641
2879  16304.9791861  0.125641025641
2880  16304.9791861  0.125641025641
2881  16304.9791861  0.125641025641
2882  16304.9791861  0.125641025641
2883  16304.9791861  0.125641025641
2884  16304.9791861  0.125641025641
2885  16304.9791861  0.125641025641
2886  16304.9791861  0.125641025641
2887  16304.9791861  0.125641025641
2888  16304.9791861  0.125641025641
2889  16304.9791861  0.125641025641
2890  16304.9791861  0.125641025641
2891  16304.9791861  0.125641025641
2892  16304.9791861  0.125641025641
2893  16304.9791861  0.125641025641
2894  16304.9791861  0.125641025641
2895  16304.9791861  0.125641025641
2896  16304.9791861  0.125641025641
2897  16304.9791861  0.125641025641
2898  16304.9791861  0.125641025641
2899  16304.9791861  0.125641025641
2900  16304.9791861  0.125641025641
2901  16304.9791861  0.125641025641
2902  16304.9791861  0.125641025641
2903  16304.9791861  0.125641025641
2904  16304.9791861  0.125641025641
2905  16304.9791861  0.125641025641
2906  16304.9791861  0.125641025641
2907  16304.9791861  0.125641025641
2908  16304.9791861  0.125641025641
2909  16304.9791861  0.125641025641
2910  16304.9791861  0.125641025641
2911  16304.9791861  0.125641025641
2912  16304.9791861  0.125641025641
2913  16304.9791861  0.125641025641
2914  16304.9791861  0.125641025641
2915  16304.9791861  0.125641025641
2916  16304.9791861  0.125641025641
2917  16304.9791861  0.125641025641
2918  16304.9791861  0.125641025641
2919  16304.9791861  0.125641025641
2920  16304.9791861  0.125641025641
2921  16304.9791861  0.125641025641
2922  16304.9791861  0.125641025641
2923  16304.9791861  0.125641025641
2924  16304.9791861  0.125641025641
2925  16304.9791861  0.125641025641
2926  16304.9791861  0.125641025641
2927  16304.9791861  0.125641025641
2928  16304.9791861  0.125641025641
2929  16304.9791861  0.125641025641
2930  16304.9791861  0.125641025641
2931  16304.9791861  0.125641025641
2932  16304.9791861  0.125641025641
2933  16304.9791861  0.125641025641
2934  16304.9791861  0.125641025641
2935  16304.9791861  0.125641025641
2936  16304.9791861  0.125641025641
2937  16304.9791861  0.125641025641
2938  16304.9791861  0.125641025641
2939  16304.9791861  0.125641025641
2940  16304.9791861  0.125641025641
2941  16304.9791861  0.125641025641
2942  16304.9791861  0.125641025641
2943  16304.9791861  0.125641025641
2944  16304.9791861  0.125641025641
2945  16304.9791861  0.125641025641
2946  16304.9791861  0.125641025641
2947  16304.9791861  0.125641025641
2948  16304.9791861  0.125641025641
2949  16304.9791861  0.125641025641
2950  16304.9791861  0.125641025641
2951  16304.9791861  0.125641025641
2952  16304.9791861  0.125641025641
2953  16304.9791861  0.125641025641
2954  16304.9791861  0.125641025641
2955  16304.9791861  0.125641025641
2956  16304.9791861  0.125641025641
2957  16304.9791861  0.125641025641
2958  16304.9791861  0.125641025641
2959  16304.9791861  0.125641025641
2960  16304.9791861  0.125641025641
2961  16304.9791861  0.125641025641
2962  16304.9791861  0.125641025641
2963  16304.9791861  0.125641025641
2964  16304.9791861  0.125641025641
2965  16304.9791861  0.125641025641
2966  16304.9791861  0.125641025641
2967  16304.9791861  0.125641025641
2968  16304.9791861  0.125641025641
2969  16304.9791861  0.125641025641
2970  16304.9791861  0.125641025641
2971  16304.9791861  0.125641025641
2972  16304.9791861  0.125641025641
2973  16304.9791861  0.125641025641
2974  16304.9791861  0.125641025641
2975  16304.9791861  0.125641025641
2976  16304.9791861  0.125641025641
2977  16304.9791861  0.125641025641
2978  16304.9791861  0.125641025641
2979  16304.9791861  0.125641025641
2980  16304.9791861  0.125641025641
2981  16304.9791861  0.125641025641
2982  16304.9791861  0.125641025641
2983  16304.9791861  0.125641025641
2984  16304.9791861  0.125641025641
2985  16304.9791861  0.125641025641
2986  16304.9791861  0.125641025641
2987  16304.9791861  0.125641025641
2988  16304.9791861  0.125641025641
2989  16304.9791861  0.125641025641
2990  16304.9791861  0.125641025641
2991  16304.9791861  0.125641025641
2992  16304.9791861  0.125641025641
2993  16304.9791861  0.125641025641
2994  16304.9791861  0.125641025641
2995  16304.9791861  0.125641025641
2996  16304.9791861  0.125641025641
2997  16304.9791861  0.125641025641
2998  16304.9791861  0.125641025641
2999  16304.9791861  0.125641025641
#[-9, -8, -6, -6, -6, -2, 0, 1, 4, 4, 5, 6, 6, 8, 9]
#[-9, -7, -6, -6, -5, -5, -2, -1, 0, 2, 2, 3, 5, 7, 8]
#[-9, -7, -7, -5, -3, -2, 0, 2, 3, 4, 5, 6, 7, 9, 9]
#[-2, 2, 5, 5, 6, 7, 7, 7, 7, 7, 7, 7, 7, 7, 7]
#[-3, 4, 7, 7, 7, 7, 7, 7, 7, 7, 7, 7, 7, 7, 7]
#[3, 7, 7, 7, 7, 7, 7, 7, 7, 7, 7, 7, 7, 7, 7]
#[-3, 2, 7, 7, 7, 7, 7, 7, 7, 7, 7, 7, 7, 7, 7]
#[-8, 7, 7, 7, 7, 7, 7, 7, 7, 7, 7, 7, 7, 7, 7]
#[-8, -8, 5, 6, 7, 7, 7, 7, 7, 7, 7, 7, 7, 7, 8]
#[-8, 0, 7, 7, 7, 7, 7, 7, 7, 7, 7, 7, 7, 7, 7]
#[-9, -7, -3, -3, 7, 7, 7, 7, 7, 7, 7, 7, 7, 7, 7]
#[-9, -7, -3, -1, 3, 4, 4, 7, 7, 7, 7, 7, 7, 7, 7]
#[-9, 7, 7, 7, 7, 7, 7, 7, 7, 7, 7, 7, 7, 8, 8]
#[4, 6, 7, 7, 7, 7, 7, 7, 7, 7, 7, 7, 7, 7, 7]
#[-8, -5, -2, 7, 7, 7, 7, 7, 7, 7, 7, 7, 7, 8, 8]
#[-9, -3, 4, 7, 7, 7, 7, 7, 7, 7, 7, 7, 7, 7, 9]
#[4, 6, 7, 7, 7, 7, 7, 7, 7, 7, 7, 7, 7, 7, 7]
#[-9, 7, 7, 7, 7, 7, 7, 7, 7, 7, 7, 7, 7, 9, 9]
#[-9, -7, 5, 7, 7, 7, 7, 7, 7, 7, 7, 7, 7, 7, 7]
#[-9, 7, 7, 7, 7, 7, 7, 7, 7, 7, 7, 7, 7, 7, 7]
#[-3, 1, 4, 7, 7, 7, 7, 7, 7, 7, 7, 7, 7, 7, 7]
#[7, 7, 7, 7, 7, 7, 7, 7, 7, 7, 7, 7, 7, 7, 7]
#[-4, -3, 7, 7, 7, 7, 7, 7, 7, 7, 7, 7, 7, 7, 9]
#[-8, 5, 7, 7, 7, 7, 7, 7, 7, 7, 7, 7, 7, 7, 8]
#[4, 7, 7, 7, 7, 7, 7, 7, 7, 7, 7, 7, 7, 7, 7]
#Specialization index= [1, 2, 0.4]
