#[5, 4, 8, 6, 9, 4, 9, 3, 1, 9]
#[7, 0, 3, 6, 5, 3, 1, 3, 8, 2]
#[0, 8, 5, 9, 9, 9, 7, 8, 6, 6]
#[3, 4, 3, 5, 9, 5, 2, 9, 8, 6]
#[8, 8, 3, 9, 0, 7, 8, 9, 7, 3]
#[3, 8, 7, 8, 8, 3, 5, 4, 6, 3]
#[3, 4, 4, 8, 0, 3, 5, 7, 9, 2]
#[5, 0, 0, 0, 6, 2, 8, 7, 3, 7]
#[9, 5, 7, 5, 5, 5, 8, 4, 2, 1]
#[1, 8, 8, 0, 9, 8, 3, 9, 2, 6]
#[8, 5, 8, 1, 1, 7, 9, 0, 9, 1]
#[8, 2, 0, 5, 3, 1, 5, 9, 1, 3]
#[5, 0, 2, 5, 1, 0, 7, 3, 0, 4]
#[3, 7, 5, 7, 3, 9, 5, 9, 7, 8]
#[4, 4, 8, 6, 9, 9, 5, 1, 7, 6]
#[5, 5, 2, 9, 4, 1, 8, 7, 4, 8]
#[2, 2, 5, 8, 0, 6, 1, 3, 2, 8]
#[0, 9, 1, 8, 7, 9, 6, 5, 3, 3]
#[9, 7, 8, 0, 7, 6, 2, 2, 8, 3]
#[9, 8, 1, 0, 5, 6, 6, 3, 9, 9]
#[3, 0, 7, 9, 1, 4, 7, 4, 8, 6]
#[4, 8, 9, 0, 4, 7, 3, 1, 4, 0]
#[4, 5, 6, 7, 9, 6, 3, 9, 3, 8]
#[2, 0, 4, 9, 6, 1, 8, 4, 0, 9]
#[1, 4, 9, 9, 9, 4, 9, 2, 5, 3]
0  6108.5  0.188461538462
1  6697.5  0.111538461538
2  6704.5  0.111538461538
3  6706.0  0.111538461538
4  6706.0  0.111538461538
5  6706.0  0.111538461538
6  6706.0  0.111538461538
7  6706.0  0.111538461538
8  6706.0  0.111538461538
9  6706.0  0.111538461538
10  6706.0  0.111538461538
11  6706.0  0.111538461538
12  6706.0  0.111538461538
13  6706.0  0.111538461538
14  6706.0  0.111538461538
15  6706.0  0.111538461538
16  6706.0  0.111538461538
17  6706.0  0.111538461538
18  6706.0  0.111538461538
19  6706.0  0.111538461538
20  6706.0  0.111538461538
21  6706.0  0.111538461538
22  6706.0  0.111538461538
23  6706.0  0.111538461538
24  6706.0  0.111538461538
25  6706.0  0.111538461538
26  6706.0  0.111538461538
27  6706.0  0.111538461538
28  6706.0  0.111538461538
29  6706.0  0.111538461538
30  6706.0  0.111538461538
31  6706.0  0.111538461538
32  6706.0  0.111538461538
33  6706.0  0.111538461538
34  6706.0  0.111538461538
35  6706.0  0.111538461538
36  6706.0  0.111538461538
37  6706.0  0.111538461538
38  6706.0  0.111538461538
39  6706.0  0.111538461538
40  6706.0  0.111538461538
41  6706.0  0.111538461538
42  6982.5  0.0769230769231
43  6982.5  0.0769230769231
44  6982.5  0.0769230769231
45  6982.5  0.0769230769231
46  6982.5  0.0769230769231
47  6982.5  0.0769230769231
48  6982.5  0.0769230769231
49  6982.5  0.0769230769231
50  6982.5  0.0769230769231
51  6982.5  0.0769230769231
52  6982.5  0.0769230769231
53  6982.5  0.0769230769231
54  6982.5  0.0769230769231
55  6982.5  0.0769230769231
56  6982.5  0.0769230769231
57  6982.5  0.0769230769231
58  6982.5  0.0769230769231
59  6982.5  0.0769230769231
60  6982.5  0.0769230769231
61  6982.5  0.0769230769231
62  6982.5  0.0769230769231
63  6982.5  0.0769230769231
64  6982.5  0.0769230769231
65  6982.5  0.0769230769231
66  6982.5  0.0769230769231
67  6982.5  0.0769230769231
68  6982.5  0.0769230769231
69  6982.5  0.0769230769231
70  6982.5  0.0769230769231
71  6982.5  0.0769230769231
72  6982.5  0.0769230769231
73  6982.5  0.0769230769231
74  6982.5  0.0769230769231
75  6982.5  0.0769230769231
76  6982.5  0.0769230769231
77  6982.5  0.0769230769231
78  6982.5  0.0769230769231
79  6982.5  0.0769230769231
80  7096.5  0.0769230769231
81  7105.0  0.0769230769231
82  7105.0  0.0769230769231
83  7105.0  0.0769230769231
84  7105.0  0.0769230769231
85  7105.0  0.0769230769231
86  7105.0  0.0769230769231
87  7105.0  0.0769230769231
88  7105.0  0.0769230769231
89  7105.0  0.0769230769231
90  7105.0  0.0769230769231
91  7105.0  0.0769230769231
92  7105.0  0.0769230769231
93  7105.0  0.0769230769231
94  7105.0  0.0769230769231
95  7105.0  0.0769230769231
96  7105.0  0.0769230769231
97  7105.0  0.0769230769231
98  7105.0  0.0769230769231
99  7105.0  0.0769230769231
100  7105.0  0.0769230769231
101  7105.0  0.0769230769231
102  7105.0  0.0769230769231
103  7105.0  0.0769230769231
104  7105.0  0.0769230769231
105  7105.0  0.0769230769231
106  7105.0  0.0769230769231
107  7105.0  0.0769230769231
108  7105.0  0.0769230769231
109  7105.0  0.0769230769231
110  7105.0  0.0769230769231
111  7105.0  0.0769230769231
112  7105.0  0.0769230769231
113  7105.0  0.0769230769231
114  7105.0  0.0769230769231
115  7105.0  0.0769230769231
116  7105.0  0.0769230769231
117  7105.0  0.0769230769231
118  7105.0  0.0769230769231
119  7105.0  0.0769230769231
120  7105.0  0.0769230769231
121  7105.0  0.0769230769231
122  7105.0  0.0769230769231
123  7105.0  0.0769230769231
124  7105.0  0.0769230769231
125  7105.0  0.0769230769231
126  7105.0  0.0769230769231
127  7105.0  0.0769230769231
128  7105.0  0.0769230769231
129  7105.0  0.0769230769231
130  7105.0  0.0769230769231
131  7105.0  0.0769230769231
132  7105.0  0.0769230769231
133  7105.0  0.0769230769231
134  7105.0  0.0769230769231
135  7105.0  0.0769230769231
136  7105.0  0.0769230769231
137  7105.0  0.0769230769231
138  7105.0  0.0769230769231
139  7105.0  0.0769230769231
140  7105.0  0.0769230769231
141  7105.0  0.0769230769231
142  7105.0  0.0769230769231
143  7105.0  0.0769230769231
144  7105.0  0.0769230769231
145  7105.0  0.0769230769231
146  7105.0  0.0769230769231
147  7105.0  0.0769230769231
148  7105.0  0.0769230769231
149  7105.0  0.0769230769231
150  7105.0  0.0769230769231
151  7105.0  0.0769230769231
152  7105.0  0.0769230769231
153  7105.0  0.0769230769231
154  7105.0  0.0769230769231
155  7105.0  0.0769230769231
156  7105.0  0.0769230769231
157  7105.0  0.0769230769231
158  7105.0  0.0769230769231
159  7105.0  0.0769230769231
160  7105.0  0.0769230769231
161  7105.0  0.0769230769231
162  7105.0  0.0769230769231
163  7105.0  0.0769230769231
164  7105.0  0.0769230769231
165  7105.0  0.0769230769231
166  7105.0  0.0769230769231
167  7105.0  0.0769230769231
168  7105.0  0.0769230769231
169  7105.0  0.0769230769231
170  7105.0  0.0769230769231
171  7105.0  0.0769230769231
172  7105.0  0.0769230769231
173  7105.0  0.0769230769231
174  7105.0  0.0769230769231
175  7105.0  0.0769230769231
176  7105.0  0.0769230769231
177  7105.0  0.0769230769231
178  7105.0  0.0769230769231
179  7105.0  0.0769230769231
180  7105.0  0.0769230769231
181  7105.0  0.0769230769231
182  7105.0  0.0769230769231
183  7105.0  0.0769230769231
184  7105.0  0.0769230769231
185  7105.0  0.0769230769231
186  7105.0  0.0769230769231
187  7105.0  0.0769230769231
188  7105.0  0.0769230769231
189  7105.0  0.0769230769231
190  7105.0  0.0769230769231
191  7105.0  0.0769230769231
192  7105.0  0.0769230769231
193  7105.0  0.0769230769231
194  7105.0  0.0769230769231
195  7105.0  0.0769230769231
196  7105.0  0.0769230769231
197  7105.0  0.0769230769231
198  7105.0  0.0769230769231
199  7105.0  0.0769230769231
200  7105.0  0.0769230769231
201  7105.0  0.0769230769231
202  7105.0  0.0769230769231
203  7105.0  0.0769230769231
204  7105.0  0.0769230769231
205  7105.0  0.0769230769231
206  7105.0  0.0769230769231
207  7105.0  0.0769230769231
208  7105.0  0.0769230769231
209  7105.0  0.0769230769231
210  7105.0  0.0769230769231
211  7105.0  0.0769230769231
212  7105.0  0.0769230769231
213  7105.0  0.0769230769231
214  7105.0  0.0769230769231
215  7105.0  0.0769230769231
216  7105.0  0.0769230769231
217  7105.0  0.0769230769231
218  7105.0  0.0769230769231
219  7105.0  0.0769230769231
220  7105.0  0.0769230769231
221  7105.0  0.0769230769231
222  7105.0  0.0769230769231
223  7105.0  0.0769230769231
224  7105.0  0.0769230769231
225  7105.0  0.0769230769231
226  7105.0  0.0769230769231
227  7105.0  0.0769230769231
228  7105.0  0.0769230769231
229  7105.0  0.0769230769231
230  7105.0  0.0769230769231
231  7105.0  0.0769230769231
232  7105.0  0.0769230769231
233  7105.0  0.0769230769231
234  7105.0  0.0769230769231
235  7105.0  0.0769230769231
236  7105.0  0.0769230769231
237  7105.0  0.0769230769231
238  7105.0  0.0769230769231
239  7105.0  0.0769230769231
240  7105.0  0.0769230769231
241  7105.0  0.0769230769231
242  7105.0  0.0769230769231
243  7105.0  0.0769230769231
244  7105.0  0.0769230769231
245  7105.0  0.0769230769231
246  7105.0  0.0769230769231
247  7105.0  0.0769230769231
248  7105.0  0.0769230769231
249  7105.0  0.0769230769231
250  7105.0  0.0769230769231
251  7105.0  0.0769230769231
252  7105.0  0.0769230769231
253  7105.0  0.0769230769231
254  7105.0  0.0769230769231
255  7105.0  0.0769230769231
256  7105.0  0.0769230769231
257  7105.0  0.0769230769231
258  7105.0  0.0769230769231
259  7105.0  0.0769230769231
260  7105.0  0.0769230769231
261  7105.0  0.0769230769231
262  7105.0  0.0769230769231
263  7105.0  0.0769230769231
264  7105.0  0.0769230769231
265  7105.0  0.0769230769231
266  7105.0  0.0769230769231
267  7105.0  0.0769230769231
268  7105.0  0.0769230769231
269  7105.0  0.0769230769231
270  7105.0  0.0769230769231
271  7105.0  0.0769230769231
272  7105.0  0.0769230769231
273  7105.0  0.0769230769231
274  7105.0  0.0769230769231
275  7105.0  0.0769230769231
276  7105.0  0.0769230769231
277  7105.0  0.0769230769231
278  7105.0  0.0769230769231
279  7105.0  0.0769230769231
280  7105.0  0.0769230769231
281  7105.0  0.0769230769231
282  7105.0  0.0769230769231
283  7105.0  0.0769230769231
284  7105.0  0.0769230769231
285  7105.0  0.0769230769231
286  7105.0  0.0769230769231
287  7105.0  0.0769230769231
288  7105.0  0.0769230769231
289  7105.0  0.0769230769231
290  7105.0  0.0769230769231
291  7105.0  0.0769230769231
292  7105.0  0.0769230769231
293  7105.0  0.0769230769231
294  7105.0  0.0769230769231
295  7105.0  0.0769230769231
296  7105.0  0.0769230769231
297  7105.0  0.0769230769231
298  7105.0  0.0769230769231
299  7105.0  0.0769230769231
300  7105.0  0.0769230769231
301  7105.0  0.0769230769231
302  7105.0  0.0769230769231
303  7105.0  0.0769230769231
304  7105.0  0.0769230769231
305  7105.0  0.0769230769231
306  7105.0  0.0769230769231
307  7105.0  0.0769230769231
308  7105.0  0.0769230769231
309  7105.0  0.0769230769231
310  7105.0  0.0769230769231
311  7105.0  0.0769230769231
312  7105.0  0.0769230769231
313  7105.0  0.0769230769231
314  7105.0  0.0769230769231
315  7105.0  0.0769230769231
316  7105.0  0.0769230769231
317  7105.0  0.0769230769231
318  7105.0  0.0769230769231
319  7105.0  0.0769230769231
320  7105.0  0.0769230769231
321  7105.0  0.0769230769231
322  7105.0  0.0769230769231
323  7105.0  0.0769230769231
324  7105.0  0.0769230769231
325  7105.0  0.0769230769231
326  7105.0  0.0769230769231
327  7105.0  0.0769230769231
328  7105.0  0.0769230769231
329  7105.0  0.0769230769231
330  7105.0  0.0769230769231
331  7105.0  0.0769230769231
332  7105.0  0.0769230769231
333  7105.0  0.0769230769231
334  7105.0  0.0769230769231
335  7105.0  0.0769230769231
336  7105.0  0.0769230769231
337  7105.0  0.0769230769231
338  7105.0  0.0769230769231
339  7105.0  0.0769230769231
340  7105.0  0.0769230769231
341  7105.0  0.0769230769231
342  7105.0  0.0769230769231
343  7105.0  0.0769230769231
344  7105.0  0.0769230769231
345  7105.0  0.0769230769231
346  7105.0  0.0769230769231
347  7105.0  0.0769230769231
348  7105.0  0.0769230769231
349  7105.0  0.0769230769231
350  7105.0  0.0769230769231
351  7105.0  0.0769230769231
352  7105.0  0.0769230769231
353  7105.0  0.0769230769231
354  7105.0  0.0769230769231
355  7105.0  0.0769230769231
356  7105.0  0.0769230769231
357  7105.0  0.0769230769231
358  7105.0  0.0769230769231
359  7105.0  0.0769230769231
360  7105.0  0.0769230769231
361  7105.0  0.0769230769231
362  7105.0  0.0769230769231
363  7105.0  0.0769230769231
364  7105.0  0.0769230769231
365  7105.0  0.0769230769231
366  7105.0  0.0769230769231
367  7105.0  0.0769230769231
368  7105.0  0.0769230769231
369  7105.0  0.0769230769231
370  7105.0  0.0769230769231
371  7105.0  0.0769230769231
372  7105.0  0.0769230769231
373  7105.0  0.0769230769231
374  7105.0  0.0769230769231
375  7105.0  0.0769230769231
376  7105.0  0.0769230769231
377  7105.0  0.0769230769231
378  7105.0  0.0769230769231
379  7105.0  0.0769230769231
380  7105.0  0.0769230769231
381  7105.0  0.0769230769231
382  7105.0  0.0769230769231
383  7105.0  0.0769230769231
384  7105.0  0.0769230769231
385  7105.0  0.0769230769231
386  7105.0  0.0769230769231
387  7105.0  0.0769230769231
388  7105.0  0.0769230769231
389  7105.0  0.0769230769231
390  7105.0  0.0769230769231
391  7105.0  0.0769230769231
392  7105.0  0.0769230769231
393  7105.0  0.0769230769231
394  7105.0  0.0769230769231
395  7105.0  0.0769230769231
396  7105.0  0.0769230769231
397  7105.0  0.0769230769231
398  7105.0  0.0769230769231
399  7105.0  0.0769230769231
400  7105.0  0.0769230769231
401  7105.0  0.0769230769231
402  7105.0  0.0769230769231
403  7105.0  0.0769230769231
404  7105.0  0.0769230769231
405  7105.0  0.0769230769231
406  7105.0  0.0769230769231
407  7105.0  0.0769230769231
408  7105.0  0.0769230769231
409  7105.0  0.0769230769231
410  7105.0  0.0769230769231
411  7105.0  0.0769230769231
412  7105.0  0.0769230769231
413  7105.0  0.0769230769231
414  7105.0  0.0769230769231
415  7105.0  0.0769230769231
416  7105.0  0.0769230769231
417  7105.0  0.0769230769231
418  7105.0  0.0769230769231
419  7105.0  0.0769230769231
420  7105.0  0.0769230769231
421  7105.0  0.0769230769231
422  7105.0  0.0769230769231
423  7105.0  0.0769230769231
424  7105.0  0.0769230769231
425  7105.0  0.0769230769231
426  7105.0  0.0769230769231
427  7105.0  0.0769230769231
428  7105.0  0.0769230769231
429  7105.0  0.0769230769231
430  7105.0  0.0769230769231
431  7105.0  0.0769230769231
432  7105.0  0.0769230769231
433  7105.0  0.0769230769231
434  7105.0  0.0769230769231
435  7105.0  0.0769230769231
436  7105.0  0.0769230769231
437  7105.0  0.0769230769231
438  7105.0  0.0769230769231
439  7105.0  0.0769230769231
440  7105.0  0.0769230769231
441  7105.0  0.0769230769231
442  7105.0  0.0769230769231
443  7105.0  0.0769230769231
444  7105.0  0.0769230769231
445  7105.0  0.0769230769231
446  7105.0  0.0769230769231
447  7105.0  0.0769230769231
448  7105.0  0.0769230769231
449  7105.0  0.0769230769231
450  7105.0  0.0769230769231
451  7105.0  0.0769230769231
452  7105.0  0.0769230769231
453  7105.0  0.0769230769231
454  7105.0  0.0769230769231
455  7105.0  0.0769230769231
456  7105.0  0.0769230769231
457  7105.0  0.0769230769231
458  7105.0  0.0769230769231
459  7105.0  0.0769230769231
460  7105.0  0.0769230769231
461  7105.0  0.0769230769231
462  7105.0  0.0769230769231
463  7105.0  0.0769230769231
464  7105.0  0.0769230769231
465  7105.0  0.0769230769231
466  7105.0  0.0769230769231
467  7105.0  0.0769230769231
468  7105.0  0.0769230769231
469  7105.0  0.0769230769231
470  7105.0  0.0769230769231
471  7105.0  0.0769230769231
472  7105.0  0.0769230769231
473  7105.0  0.0769230769231
474  7105.0  0.0769230769231
475  7105.0  0.0769230769231
476  7105.0  0.0769230769231
477  7105.0  0.0769230769231
478  7105.0  0.0769230769231
479  7105.0  0.0769230769231
480  7105.0  0.0769230769231
481  7105.0  0.0769230769231
482  7105.0  0.0769230769231
483  7105.0  0.0769230769231
484  7105.0  0.0769230769231
485  7105.0  0.0769230769231
486  7105.0  0.0769230769231
487  7105.0  0.0769230769231
488  7105.0  0.0769230769231
489  7105.0  0.0769230769231
490  7105.0  0.0769230769231
491  7105.0  0.0769230769231
492  7105.0  0.0769230769231
493  7105.0  0.0769230769231
494  7105.0  0.0769230769231
495  7105.0  0.0769230769231
496  7105.0  0.0769230769231
497  7234.0  0.0692307692308
498  7235.0  0.0692307692308
499  7235.0  0.0692307692308
500  7235.0  0.0692307692308
501  7235.0  0.0692307692308
502  7235.0  0.0692307692308
503  7235.0  0.0692307692308
504  7235.0  0.0692307692308
505  7235.0  0.0692307692308
506  7235.0  0.0692307692308
507  7235.0  0.0692307692308
508  7235.0  0.0692307692308
509  7235.0  0.0692307692308
510  7235.0  0.0692307692308
511  7235.0  0.0692307692308
512  7235.0  0.0692307692308
513  7235.0  0.0692307692308
514  7235.0  0.0692307692308
515  7235.0  0.0692307692308
516  7235.0  0.0692307692308
517  7235.0  0.0692307692308
518  7235.0  0.0692307692308
519  7235.0  0.0692307692308
520  7235.0  0.0692307692308
521  7235.0  0.0692307692308
522  7235.0  0.0692307692308
523  7235.0  0.0692307692308
524  7235.0  0.0692307692308
525  7235.0  0.0692307692308
526  7235.0  0.0692307692308
527  7235.0  0.0692307692308
528  7235.0  0.0692307692308
529  7235.0  0.0692307692308
530  7235.0  0.0692307692308
531  7235.0  0.0692307692308
532  7235.0  0.0692307692308
533  7235.0  0.0692307692308
534  7235.0  0.0692307692308
535  7235.0  0.0692307692308
536  7235.0  0.0692307692308
537  7235.0  0.0692307692308
538  7235.0  0.0692307692308
539  7235.0  0.0692307692308
540  7235.0  0.0692307692308
541  7235.0  0.0692307692308
542  7235.0  0.0692307692308
543  7235.0  0.0692307692308
544  7235.0  0.0692307692308
545  7235.0  0.0692307692308
546  7235.0  0.0692307692308
547  7235.0  0.0692307692308
548  7235.0  0.0692307692308
549  7235.0  0.0692307692308
550  7235.0  0.0692307692308
551  7235.0  0.0692307692308
552  7235.0  0.0692307692308
553  7235.0  0.0692307692308
554  7235.0  0.0692307692308
555  7235.0  0.0692307692308
556  7235.0  0.0692307692308
557  7235.0  0.0692307692308
558  7235.0  0.0692307692308
559  7235.0  0.0692307692308
560  7235.0  0.0692307692308
561  7235.0  0.0692307692308
562  7235.0  0.0692307692308
563  7235.0  0.0692307692308
564  7235.0  0.0692307692308
565  7235.0  0.0692307692308
566  7235.0  0.0692307692308
567  7235.0  0.0692307692308
568  7235.0  0.0692307692308
569  7235.0  0.0692307692308
570  7235.0  0.0692307692308
571  7235.0  0.0692307692308
572  7235.0  0.0692307692308
573  7235.0  0.0692307692308
574  7235.0  0.0692307692308
575  7235.0  0.0692307692308
576  7235.0  0.0692307692308
577  7235.0  0.0692307692308
578  7235.0  0.0692307692308
579  7235.0  0.0692307692308
580  7235.0  0.0692307692308
581  7235.0  0.0692307692308
582  7235.0  0.0692307692308
583  7235.0  0.0692307692308
584  7235.0  0.0692307692308
585  7235.0  0.0692307692308
586  7235.0  0.0692307692308
587  7235.0  0.0692307692308
588  7235.0  0.0692307692308
589  7235.0  0.0692307692308
590  7235.0  0.0692307692308
591  7235.0  0.0692307692308
592  7235.0  0.0692307692308
593  7235.0  0.0692307692308
594  7235.0  0.0692307692308
595  7235.0  0.0692307692308
596  7235.0  0.0692307692308
597  7235.0  0.0692307692308
598  7235.0  0.0692307692308
599  7235.0  0.0692307692308
600  7235.0  0.0692307692308
601  7235.0  0.0692307692308
602  7235.0  0.0692307692308
603  7235.0  0.0692307692308
604  7235.0  0.0692307692308
605  7235.0  0.0692307692308
606  7235.0  0.0692307692308
607  7235.0  0.0692307692308
608  7235.0  0.0692307692308
609  7235.0  0.0692307692308
610  7235.0  0.0692307692308
611  7235.0  0.0692307692308
612  7235.0  0.0692307692308
613  7235.0  0.0692307692308
614  7235.0  0.0692307692308
615  7235.0  0.0692307692308
616  7235.0  0.0692307692308
617  7235.0  0.0692307692308
618  7235.0  0.0692307692308
619  7235.0  0.0692307692308
620  7235.0  0.0692307692308
621  7235.0  0.0692307692308
622  7235.0  0.0692307692308
623  7235.0  0.0692307692308
624  7235.0  0.0692307692308
625  7235.0  0.0692307692308
626  7235.0  0.0692307692308
627  7235.0  0.0692307692308
628  7235.0  0.0692307692308
629  7235.0  0.0692307692308
630  7235.0  0.0692307692308
631  7235.0  0.0692307692308
632  7235.0  0.0692307692308
633  7235.0  0.0692307692308
634  7235.0  0.0692307692308
635  7235.0  0.0692307692308
636  7235.0  0.0692307692308
637  7235.0  0.0692307692308
638  7235.0  0.0692307692308
639  7235.0  0.0692307692308
640  7235.0  0.0692307692308
641  7235.0  0.0692307692308
642  7235.0  0.0692307692308
643  7235.0  0.0692307692308
644  7235.0  0.0692307692308
645  7235.0  0.0692307692308
646  7235.0  0.0692307692308
647  7235.0  0.0692307692308
648  7235.0  0.0692307692308
649  7235.0  0.0692307692308
650  7235.0  0.0692307692308
651  7235.0  0.0692307692308
652  7235.0  0.0692307692308
653  7235.0  0.0692307692308
654  7235.0  0.0692307692308
655  7235.0  0.0692307692308
656  7235.0  0.0692307692308
657  7235.0  0.0692307692308
658  7235.0  0.0692307692308
659  7235.0  0.0692307692308
660  7235.0  0.0692307692308
661  7235.0  0.0692307692308
662  7235.0  0.0692307692308
663  7235.0  0.0692307692308
664  7235.0  0.0692307692308
665  7235.0  0.0692307692308
666  7235.0  0.0692307692308
667  7235.0  0.0692307692308
668  7235.0  0.0692307692308
669  7235.0  0.0692307692308
670  7235.0  0.0692307692308
671  7235.0  0.0692307692308
672  7235.0  0.0692307692308
673  7235.0  0.0692307692308
674  7235.0  0.0692307692308
675  7235.0  0.0692307692308
676  7235.0  0.0692307692308
677  7235.0  0.0692307692308
678  7235.0  0.0692307692308
679  7235.0  0.0692307692308
680  7235.0  0.0692307692308
681  7235.0  0.0692307692308
682  7235.0  0.0692307692308
683  7235.0  0.0692307692308
684  7235.0  0.0692307692308
685  7235.0  0.0692307692308
686  7235.0  0.0692307692308
687  7235.0  0.0692307692308
688  7235.0  0.0692307692308
689  7235.0  0.0692307692308
690  7235.0  0.0692307692308
691  7235.0  0.0692307692308
692  7235.0  0.0692307692308
693  7235.0  0.0692307692308
694  7235.0  0.0692307692308
695  7235.0  0.0692307692308
696  7235.0  0.0692307692308
697  7235.0  0.0692307692308
698  7235.0  0.0692307692308
699  7235.0  0.0692307692308
700  7235.0  0.0692307692308
701  7235.0  0.0692307692308
702  7235.0  0.0692307692308
703  7235.0  0.0692307692308
704  7235.0  0.0692307692308
705  7235.0  0.0692307692308
706  7235.0  0.0692307692308
707  7235.0  0.0692307692308
708  7235.0  0.0692307692308
709  7235.0  0.0692307692308
710  7235.0  0.0692307692308
711  7235.0  0.0692307692308
712  7235.0  0.0692307692308
713  7235.0  0.0692307692308
714  7235.0  0.0692307692308
715  7235.0  0.0692307692308
716  7235.0  0.0692307692308
717  7235.0  0.0692307692308
718  7235.0  0.0692307692308
719  7235.0  0.0692307692308
720  7235.0  0.0692307692308
721  7235.0  0.0692307692308
722  7235.0  0.0692307692308
723  7235.0  0.0692307692308
724  7235.0  0.0692307692308
725  7235.0  0.0692307692308
726  7235.0  0.0692307692308
727  7235.0  0.0692307692308
728  7235.0  0.0692307692308
729  7235.0  0.0692307692308
730  7235.0  0.0692307692308
731  7235.0  0.0692307692308
732  7235.0  0.0692307692308
733  7235.0  0.0692307692308
734  7235.0  0.0692307692308
735  7235.0  0.0692307692308
736  7235.0  0.0692307692308
737  7235.0  0.0692307692308
738  7235.0  0.0692307692308
739  7235.0  0.0692307692308
740  7235.0  0.0692307692308
741  7235.0  0.0692307692308
742  7235.0  0.0692307692308
743  7235.0  0.0692307692308
744  7235.0  0.0692307692308
745  7235.0  0.0692307692308
746  7235.0  0.0692307692308
747  7235.0  0.0692307692308
748  7235.0  0.0692307692308
749  7235.0  0.0692307692308
750  7235.0  0.0692307692308
751  7235.0  0.0692307692308
752  7235.0  0.0692307692308
753  7235.0  0.0692307692308
754  7235.0  0.0692307692308
755  7235.0  0.0692307692308
756  7235.0  0.0692307692308
757  7235.0  0.0692307692308
758  7235.0  0.0692307692308
759  7235.0  0.0692307692308
760  7235.0  0.0692307692308
761  7235.0  0.0692307692308
762  7235.0  0.0692307692308
763  7235.0  0.0692307692308
764  7235.0  0.0692307692308
765  7235.0  0.0692307692308
766  7235.0  0.0692307692308
767  7235.0  0.0692307692308
768  7235.0  0.0692307692308
769  7235.0  0.0692307692308
770  7235.0  0.0692307692308
771  7235.0  0.0692307692308
772  7235.0  0.0692307692308
773  7235.0  0.0692307692308
774  7235.0  0.0692307692308
775  7235.0  0.0692307692308
776  7235.0  0.0692307692308
777  7235.0  0.0692307692308
778  7235.0  0.0692307692308
779  7235.0  0.0692307692308
780  7235.0  0.0692307692308
781  7235.0  0.0692307692308
782  7235.0  0.0692307692308
783  7235.0  0.0692307692308
784  7235.0  0.0692307692308
785  7235.0  0.0692307692308
786  7235.0  0.0692307692308
787  7235.0  0.0692307692308
788  7235.0  0.0692307692308
789  7235.0  0.0692307692308
790  7235.0  0.0692307692308
791  7235.0  0.0692307692308
792  7235.0  0.0692307692308
793  7235.0  0.0692307692308
794  7235.0  0.0692307692308
795  7235.0  0.0692307692308
796  7235.0  0.0692307692308
797  7235.0  0.0692307692308
798  7235.0  0.0692307692308
799  7235.0  0.0692307692308
800  7235.0  0.0692307692308
801  7235.0  0.0692307692308
802  7235.0  0.0692307692308
803  7235.0  0.0692307692308
804  7235.0  0.0692307692308
805  7235.0  0.0692307692308
806  7235.0  0.0692307692308
807  7235.0  0.0692307692308
808  7235.0  0.0692307692308
809  7235.0  0.0692307692308
810  7235.0  0.0692307692308
811  7235.0  0.0692307692308
812  7235.0  0.0692307692308
813  7235.0  0.0692307692308
814  7235.0  0.0692307692308
815  7235.0  0.0692307692308
816  7235.0  0.0692307692308
817  7235.0  0.0692307692308
818  7235.0  0.0692307692308
819  7235.0  0.0692307692308
820  7235.0  0.0692307692308
821  7235.0  0.0692307692308
822  7235.0  0.0692307692308
823  7235.0  0.0692307692308
824  7235.0  0.0692307692308
825  7235.0  0.0692307692308
826  7235.0  0.0692307692308
827  7235.0  0.0692307692308
828  7235.0  0.0692307692308
829  7235.0  0.0692307692308
830  7235.0  0.0692307692308
831  7235.0  0.0692307692308
832  7235.0  0.0692307692308
833  7235.0  0.0692307692308
834  7235.0  0.0692307692308
835  7235.0  0.0692307692308
836  7235.0  0.0692307692308
837  7235.0  0.0692307692308
838  7235.0  0.0692307692308
839  7235.0  0.0692307692308
840  7235.0  0.0692307692308
841  7235.0  0.0692307692308
842  7235.0  0.0692307692308
843  7235.0  0.0692307692308
844  7235.0  0.0692307692308
845  7235.0  0.0692307692308
846  7235.0  0.0692307692308
847  7235.0  0.0692307692308
848  7235.0  0.0692307692308
849  7235.0  0.0692307692308
850  7235.0  0.0692307692308
851  7235.0  0.0692307692308
852  7235.0  0.0692307692308
853  7235.0  0.0692307692308
854  7235.0  0.0692307692308
855  7235.0  0.0692307692308
856  7235.0  0.0692307692308
857  7235.0  0.0692307692308
858  7235.0  0.0692307692308
859  7235.0  0.0692307692308
860  7235.0  0.0692307692308
861  7235.0  0.0692307692308
862  7235.0  0.0692307692308
863  7235.0  0.0692307692308
864  7235.0  0.0692307692308
865  7235.0  0.0692307692308
866  7235.0  0.0692307692308
867  7235.0  0.0692307692308
868  7235.0  0.0692307692308
869  7235.0  0.0692307692308
870  7235.0  0.0692307692308
871  7235.0  0.0692307692308
872  7235.0  0.0692307692308
873  7235.0  0.0692307692308
874  7235.0  0.0692307692308
875  7235.0  0.0692307692308
876  7235.0  0.0692307692308
877  7235.0  0.0692307692308
878  7235.0  0.0692307692308
879  7235.0  0.0692307692308
880  7235.0  0.0692307692308
881  7235.0  0.0692307692308
882  7235.0  0.0692307692308
883  7235.0  0.0692307692308
884  7235.0  0.0692307692308
885  7235.0  0.0692307692308
886  7235.0  0.0692307692308
887  7235.0  0.0692307692308
888  7235.0  0.0692307692308
889  7235.0  0.0692307692308
890  7235.0  0.0692307692308
891  7235.0  0.0692307692308
892  7235.0  0.0692307692308
893  7235.0  0.0692307692308
894  7235.0  0.0692307692308
895  7235.0  0.0692307692308
896  7235.0  0.0692307692308
897  7235.0  0.0692307692308
898  7235.0  0.0692307692308
899  7235.0  0.0692307692308
900  7235.0  0.0692307692308
901  7235.0  0.0692307692308
902  7235.0  0.0692307692308
903  7235.0  0.0692307692308
904  7235.0  0.0692307692308
905  7235.0  0.0692307692308
906  7235.0  0.0692307692308
907  7235.0  0.0692307692308
908  7235.0  0.0692307692308
909  7235.0  0.0692307692308
910  7235.0  0.0692307692308
911  7235.0  0.0692307692308
912  7235.0  0.0692307692308
913  7235.0  0.0692307692308
914  7235.0  0.0692307692308
915  7235.0  0.0692307692308
916  7235.0  0.0692307692308
917  7235.0  0.0692307692308
918  7235.0  0.0692307692308
919  7235.0  0.0692307692308
920  7235.0  0.0692307692308
921  7235.0  0.0692307692308
922  7235.0  0.0692307692308
923  7235.0  0.0692307692308
924  7235.0  0.0692307692308
925  7235.0  0.0692307692308
926  7235.0  0.0692307692308
927  7235.0  0.0692307692308
928  7235.0  0.0692307692308
929  7235.0  0.0692307692308
930  7235.0  0.0692307692308
931  7235.0  0.0692307692308
932  7235.0  0.0692307692308
933  7235.0  0.0692307692308
934  7235.0  0.0692307692308
935  7235.0  0.0692307692308
936  7235.0  0.0692307692308
937  7235.0  0.0692307692308
938  7235.0  0.0692307692308
939  7235.0  0.0692307692308
940  7235.0  0.0692307692308
941  7235.0  0.0692307692308
942  7235.0  0.0692307692308
943  7235.0  0.0692307692308
944  7235.0  0.0692307692308
945  7235.0  0.0692307692308
946  7235.0  0.0692307692308
947  7235.0  0.0692307692308
948  7235.0  0.0692307692308
949  7235.0  0.0692307692308
950  7235.0  0.0692307692308
951  7235.0  0.0692307692308
952  7235.0  0.0692307692308
953  7235.0  0.0692307692308
954  7235.0  0.0692307692308
955  7235.0  0.0692307692308
956  7235.0  0.0692307692308
957  7235.0  0.0692307692308
958  7235.0  0.0692307692308
959  7235.0  0.0692307692308
960  7235.0  0.0692307692308
961  7235.0  0.0692307692308
962  7235.0  0.0692307692308
963  7235.0  0.0692307692308
964  7235.0  0.0692307692308
965  7235.0  0.0692307692308
966  7235.0  0.0692307692308
967  7235.0  0.0692307692308
968  7235.0  0.0692307692308
969  7235.0  0.0692307692308
970  7235.0  0.0692307692308
971  7235.0  0.0692307692308
972  7235.0  0.0692307692308
973  7235.0  0.0692307692308
974  7235.0  0.0692307692308
975  7235.0  0.0692307692308
976  7235.0  0.0692307692308
977  7235.0  0.0692307692308
978  7235.0  0.0692307692308
979  7235.0  0.0692307692308
980  7235.0  0.0692307692308
981  7235.0  0.0692307692308
982  7235.0  0.0692307692308
983  7235.0  0.0692307692308
984  7235.0  0.0692307692308
985  7235.0  0.0692307692308
986  7235.0  0.0692307692308
987  7235.0  0.0692307692308
988  7235.0  0.0692307692308
989  7235.0  0.0692307692308
990  7235.0  0.0692307692308
991  7235.0  0.0692307692308
992  7235.0  0.0692307692308
993  7235.0  0.0692307692308
994  7235.0  0.0692307692308
995  7235.0  0.0692307692308
996  7235.0  0.0692307692308
997  7235.0  0.0692307692308
998  7235.0  0.0692307692308
999  7235.0  0.0692307692308
1000  7235.0  0.0692307692308
1001  7235.0  0.0692307692308
1002  7235.0  0.0692307692308
1003  7235.0  0.0692307692308
1004  7235.0  0.0692307692308
1005  7235.0  0.0692307692308
1006  7235.0  0.0692307692308
1007  7235.0  0.0692307692308
1008  7235.0  0.0692307692308
1009  7235.0  0.0692307692308
1010  7235.0  0.0692307692308
1011  7235.0  0.0692307692308
1012  7235.0  0.0692307692308
1013  7235.0  0.0692307692308
1014  7235.0  0.0692307692308
1015  7235.0  0.0692307692308
1016  7235.0  0.0692307692308
1017  7235.0  0.0692307692308
1018  7235.0  0.0692307692308
1019  7235.0  0.0692307692308
1020  7235.0  0.0692307692308
1021  7235.0  0.0692307692308
1022  7235.0  0.0692307692308
1023  7235.0  0.0692307692308
1024  7235.0  0.0692307692308
1025  7235.0  0.0692307692308
1026  7235.0  0.0692307692308
1027  7235.0  0.0692307692308
1028  7235.0  0.0692307692308
1029  7235.0  0.0692307692308
1030  7235.0  0.0692307692308
1031  7235.0  0.0692307692308
1032  7235.0  0.0692307692308
1033  7235.0  0.0692307692308
1034  7235.0  0.0692307692308
1035  7235.0  0.0692307692308
1036  7235.0  0.0692307692308
1037  7235.0  0.0692307692308
1038  7235.0  0.0692307692308
1039  7235.0  0.0692307692308
1040  7235.0  0.0692307692308
1041  7235.0  0.0692307692308
1042  7235.0  0.0692307692308
1043  7235.0  0.0692307692308
1044  7235.0  0.0692307692308
1045  7235.0  0.0692307692308
1046  7235.0  0.0692307692308
1047  7235.0  0.0692307692308
1048  7235.0  0.0692307692308
1049  7235.0  0.0692307692308
1050  7235.0  0.0692307692308
1051  7235.0  0.0692307692308
1052  7235.0  0.0692307692308
1053  7235.0  0.0692307692308
1054  7235.0  0.0692307692308
1055  7235.0  0.0692307692308
1056  7235.0  0.0692307692308
1057  7235.0  0.0692307692308
1058  7235.0  0.0692307692308
1059  7235.0  0.0692307692308
1060  7235.0  0.0692307692308
1061  7235.0  0.0692307692308
1062  7235.0  0.0692307692308
1063  7235.0  0.0692307692308
1064  7235.0  0.0692307692308
1065  7235.0  0.0692307692308
1066  7235.0  0.0692307692308
1067  7235.0  0.0692307692308
1068  7235.0  0.0692307692308
1069  7235.0  0.0692307692308
1070  7235.0  0.0692307692308
1071  7235.0  0.0692307692308
1072  7235.0  0.0692307692308
1073  7235.0  0.0692307692308
1074  7235.0  0.0692307692308
1075  7235.0  0.0692307692308
1076  7235.0  0.0692307692308
1077  7235.0  0.0692307692308
1078  7235.0  0.0692307692308
1079  7235.0  0.0692307692308
1080  7235.0  0.0692307692308
1081  7235.0  0.0692307692308
1082  7235.0  0.0692307692308
1083  7235.0  0.0692307692308
1084  7235.0  0.0692307692308
1085  7235.0  0.0692307692308
1086  7235.0  0.0692307692308
1087  7235.0  0.0692307692308
1088  7235.0  0.0692307692308
1089  7235.0  0.0692307692308
1090  7235.0  0.0692307692308
1091  7235.0  0.0692307692308
1092  7235.0  0.0692307692308
1093  7235.0  0.0692307692308
1094  7235.0  0.0692307692308
1095  7235.0  0.0692307692308
1096  7235.0  0.0692307692308
1097  7235.0  0.0692307692308
1098  7235.0  0.0692307692308
1099  7235.0  0.0692307692308
1100  7235.0  0.0692307692308
1101  7235.0  0.0692307692308
1102  7235.0  0.0692307692308
1103  7235.0  0.0692307692308
1104  7235.0  0.0692307692308
1105  7235.0  0.0692307692308
1106  7235.0  0.0692307692308
1107  7235.0  0.0692307692308
1108  7235.0  0.0692307692308
1109  7235.0  0.0692307692308
1110  7235.0  0.0692307692308
1111  7235.0  0.0692307692308
1112  7235.0  0.0692307692308
1113  7235.0  0.0692307692308
1114  7235.0  0.0692307692308
1115  7235.0  0.0692307692308
1116  7235.0  0.0692307692308
1117  7235.0  0.0692307692308
1118  7235.0  0.0692307692308
1119  7235.0  0.0692307692308
1120  7235.0  0.0692307692308
1121  7235.0  0.0692307692308
1122  7235.0  0.0692307692308
1123  7235.0  0.0692307692308
1124  7235.0  0.0692307692308
1125  7235.0  0.0692307692308
1126  7235.0  0.0692307692308
1127  7235.0  0.0692307692308
1128  7235.0  0.0692307692308
1129  7235.0  0.0692307692308
1130  7235.0  0.0692307692308
1131  7235.0  0.0692307692308
1132  7235.0  0.0692307692308
1133  7235.0  0.0692307692308
1134  7235.0  0.0692307692308
1135  7235.0  0.0692307692308
1136  7235.0  0.0692307692308
1137  7235.0  0.0692307692308
1138  7235.0  0.0692307692308
1139  7235.0  0.0692307692308
1140  7235.0  0.0692307692308
1141  7235.0  0.0692307692308
1142  7235.0  0.0692307692308
1143  7235.0  0.0692307692308
1144  7235.0  0.0692307692308
1145  7235.0  0.0692307692308
1146  7235.0  0.0692307692308
1147  7235.0  0.0692307692308
1148  7235.0  0.0692307692308
1149  7235.0  0.0692307692308
1150  7235.0  0.0692307692308
1151  7235.0  0.0692307692308
1152  7235.0  0.0692307692308
1153  7235.0  0.0692307692308
1154  7235.0  0.0692307692308
1155  7235.0  0.0692307692308
1156  7235.0  0.0692307692308
1157  7235.0  0.0692307692308
1158  7235.0  0.0692307692308
1159  7235.0  0.0692307692308
1160  7235.0  0.0692307692308
1161  7235.0  0.0692307692308
1162  7235.0  0.0692307692308
1163  7235.0  0.0692307692308
1164  7235.0  0.0692307692308
1165  7235.0  0.0692307692308
1166  7235.0  0.0692307692308
1167  7235.0  0.0692307692308
1168  7235.0  0.0692307692308
1169  7235.0  0.0692307692308
1170  7235.0  0.0692307692308
1171  7235.0  0.0692307692308
1172  7235.0  0.0692307692308
1173  7235.0  0.0692307692308
1174  7235.0  0.0692307692308
1175  7235.0  0.0692307692308
1176  7235.0  0.0692307692308
1177  7235.0  0.0692307692308
1178  7235.0  0.0692307692308
1179  7235.0  0.0692307692308
1180  7235.0  0.0692307692308
1181  7235.0  0.0692307692308
1182  7235.0  0.0692307692308
1183  7235.0  0.0692307692308
1184  7235.0  0.0692307692308
1185  7235.0  0.0692307692308
1186  7235.0  0.0692307692308
1187  7235.0  0.0692307692308
1188  7235.0  0.0692307692308
1189  7235.0  0.0692307692308
1190  7235.0  0.0692307692308
1191  7235.0  0.0692307692308
1192  7235.0  0.0692307692308
1193  7235.0  0.0692307692308
1194  7235.0  0.0692307692308
1195  7235.0  0.0692307692308
1196  7235.0  0.0692307692308
1197  7235.0  0.0692307692308
1198  7235.0  0.0692307692308
1199  7235.0  0.0692307692308
1200  7235.0  0.0692307692308
1201  7235.0  0.0692307692308
1202  7235.0  0.0692307692308
1203  7235.0  0.0692307692308
1204  7235.0  0.0692307692308
1205  7235.0  0.0692307692308
1206  7235.0  0.0692307692308
1207  7235.0  0.0692307692308
1208  7235.0  0.0692307692308
1209  7235.0  0.0692307692308
1210  7235.0  0.0692307692308
1211  7235.0  0.0692307692308
1212  7235.0  0.0692307692308
1213  7235.0  0.0692307692308
1214  7235.0  0.0692307692308
1215  7235.0  0.0692307692308
1216  7235.0  0.0692307692308
1217  7235.0  0.0692307692308
1218  7235.0  0.0692307692308
1219  7235.0  0.0692307692308
1220  7235.0  0.0692307692308
1221  7235.0  0.0692307692308
1222  7235.0  0.0692307692308
1223  7235.0  0.0692307692308
1224  7235.0  0.0692307692308
1225  7235.0  0.0692307692308
1226  7235.0  0.0692307692308
1227  7235.0  0.0692307692308
1228  7235.0  0.0692307692308
1229  7235.0  0.0692307692308
1230  7235.0  0.0692307692308
1231  7235.0  0.0692307692308
1232  7235.0  0.0692307692308
1233  7235.0  0.0692307692308
1234  7235.0  0.0692307692308
1235  7235.0  0.0692307692308
1236  7235.0  0.0692307692308
1237  7235.0  0.0692307692308
1238  7235.0  0.0692307692308
1239  7235.0  0.0692307692308
1240  7235.0  0.0692307692308
1241  7235.0  0.0692307692308
1242  7235.0  0.0692307692308
1243  7235.0  0.0692307692308
1244  7235.0  0.0692307692308
1245  7235.0  0.0692307692308
1246  7235.0  0.0692307692308
1247  7235.0  0.0692307692308
1248  7235.0  0.0692307692308
1249  7235.0  0.0692307692308
1250  7235.0  0.0692307692308
1251  7235.0  0.0692307692308
1252  7235.0  0.0692307692308
1253  7235.0  0.0692307692308
1254  7235.0  0.0692307692308
1255  7235.0  0.0692307692308
1256  7235.0  0.0692307692308
1257  7235.0  0.0692307692308
1258  7235.0  0.0692307692308
1259  7235.0  0.0692307692308
1260  7235.0  0.0692307692308
1261  7235.0  0.0692307692308
1262  7235.0  0.0692307692308
1263  7235.0  0.0692307692308
1264  7235.0  0.0692307692308
1265  7235.0  0.0692307692308
1266  7235.0  0.0692307692308
1267  7235.0  0.0692307692308
1268  7235.0  0.0692307692308
1269  7235.0  0.0692307692308
1270  7235.0  0.0692307692308
1271  7235.0  0.0692307692308
1272  7235.0  0.0692307692308
1273  7235.0  0.0692307692308
1274  7235.0  0.0692307692308
1275  7235.0  0.0692307692308
1276  7235.0  0.0692307692308
1277  7235.0  0.0692307692308
1278  7235.0  0.0692307692308
1279  7235.0  0.0692307692308
1280  7235.0  0.0692307692308
1281  7235.0  0.0692307692308
1282  7235.0  0.0692307692308
1283  7235.0  0.0692307692308
1284  7235.0  0.0692307692308
1285  7235.0  0.0692307692308
1286  7235.0  0.0692307692308
1287  7235.0  0.0692307692308
1288  7235.0  0.0692307692308
1289  7235.0  0.0692307692308
1290  7235.0  0.0692307692308
1291  7235.0  0.0692307692308
1292  7235.0  0.0692307692308
1293  7235.0  0.0692307692308
1294  7235.0  0.0692307692308
1295  7235.0  0.0692307692308
1296  7235.0  0.0692307692308
1297  7235.0  0.0692307692308
1298  7235.0  0.0692307692308
1299  7235.0  0.0692307692308
1300  7235.0  0.0692307692308
1301  7235.0  0.0692307692308
1302  7235.0  0.0692307692308
1303  7235.0  0.0692307692308
1304  7235.0  0.0692307692308
1305  7235.0  0.0692307692308
1306  7235.0  0.0692307692308
1307  7235.0  0.0692307692308
1308  7235.0  0.0692307692308
1309  7235.0  0.0692307692308
1310  7235.0  0.0692307692308
1311  7235.0  0.0692307692308
1312  7235.0  0.0692307692308
1313  7235.0  0.0692307692308
1314  7235.0  0.0692307692308
1315  7235.0  0.0692307692308
1316  7235.0  0.0692307692308
1317  7235.0  0.0692307692308
1318  7235.0  0.0692307692308
1319  7235.0  0.0692307692308
1320  7235.0  0.0692307692308
1321  7235.0  0.0692307692308
1322  7235.0  0.0692307692308
1323  7235.0  0.0692307692308
1324  7235.0  0.0692307692308
1325  7235.0  0.0692307692308
1326  7235.0  0.0692307692308
1327  7235.0  0.0692307692308
1328  7235.0  0.0692307692308
1329  7235.0  0.0692307692308
1330  7235.0  0.0692307692308
1331  7235.0  0.0692307692308
1332  7235.0  0.0692307692308
1333  7235.0  0.0692307692308
1334  7235.0  0.0692307692308
1335  7235.0  0.0692307692308
1336  7235.0  0.0692307692308
1337  7235.0  0.0692307692308
1338  7235.0  0.0692307692308
1339  7235.0  0.0692307692308
1340  7235.0  0.0692307692308
1341  7235.0  0.0692307692308
1342  7235.0  0.0692307692308
1343  7235.0  0.0692307692308
1344  7235.0  0.0692307692308
1345  7235.0  0.0692307692308
1346  7235.0  0.0692307692308
1347  7235.0  0.0692307692308
1348  7235.0  0.0692307692308
1349  7235.0  0.0692307692308
1350  7235.0  0.0692307692308
1351  7235.0  0.0692307692308
1352  7235.0  0.0692307692308
1353  7235.0  0.0692307692308
1354  7235.0  0.0692307692308
1355  7235.0  0.0692307692308
1356  7235.0  0.0692307692308
1357  7235.0  0.0692307692308
1358  7235.0  0.0692307692308
1359  7235.0  0.0692307692308
1360  7235.0  0.0692307692308
1361  7235.0  0.0692307692308
1362  7235.0  0.0692307692308
1363  7235.0  0.0692307692308
1364  7235.0  0.0692307692308
1365  7235.0  0.0692307692308
1366  7235.0  0.0692307692308
1367  7235.0  0.0692307692308
1368  7235.0  0.0692307692308
1369  7235.0  0.0692307692308
1370  7235.0  0.0692307692308
1371  7235.0  0.0692307692308
1372  7235.0  0.0692307692308
1373  7235.0  0.0692307692308
1374  7235.0  0.0692307692308
1375  7235.0  0.0692307692308
1376  7235.0  0.0692307692308
1377  7235.0  0.0692307692308
1378  7235.0  0.0692307692308
1379  7235.0  0.0692307692308
1380  7235.0  0.0692307692308
1381  7235.0  0.0692307692308
1382  7235.0  0.0692307692308
1383  7235.0  0.0692307692308
1384  7235.0  0.0692307692308
1385  7235.0  0.0692307692308
1386  7235.0  0.0692307692308
1387  7235.0  0.0692307692308
1388  7235.0  0.0692307692308
1389  7235.0  0.0692307692308
1390  7235.0  0.0692307692308
1391  7235.0  0.0692307692308
1392  7235.0  0.0692307692308
1393  7235.0  0.0692307692308
1394  7235.0  0.0692307692308
1395  7235.0  0.0692307692308
1396  7235.0  0.0692307692308
1397  7235.0  0.0692307692308
1398  7235.0  0.0692307692308
1399  7235.0  0.0692307692308
1400  7235.0  0.0692307692308
1401  7235.0  0.0692307692308
1402  7235.0  0.0692307692308
1403  7235.0  0.0692307692308
1404  7235.0  0.0692307692308
1405  7235.0  0.0692307692308
1406  7235.0  0.0692307692308
1407  7235.0  0.0692307692308
1408  7235.0  0.0692307692308
1409  7235.0  0.0692307692308
1410  7235.0  0.0692307692308
1411  7235.0  0.0692307692308
1412  7235.0  0.0692307692308
1413  7235.0  0.0692307692308
1414  7235.0  0.0692307692308
1415  7235.0  0.0692307692308
1416  7235.0  0.0692307692308
1417  7235.0  0.0692307692308
1418  7235.0  0.0692307692308
1419  7235.0  0.0692307692308
1420  7235.0  0.0692307692308
1421  7235.0  0.0692307692308
1422  7235.0  0.0692307692308
1423  7235.0  0.0692307692308
1424  7235.0  0.0692307692308
1425  7235.0  0.0692307692308
1426  7235.0  0.0692307692308
1427  7235.0  0.0692307692308
1428  7235.0  0.0692307692308
1429  7235.0  0.0692307692308
1430  7235.0  0.0692307692308
1431  7235.0  0.0692307692308
1432  7235.0  0.0692307692308
1433  7235.0  0.0692307692308
1434  7235.0  0.0692307692308
1435  7235.0  0.0692307692308
1436  7235.0  0.0692307692308
1437  7235.0  0.0692307692308
1438  7235.0  0.0692307692308
1439  7235.0  0.0692307692308
1440  7235.0  0.0692307692308
1441  7235.0  0.0692307692308
1442  7235.0  0.0692307692308
1443  7235.0  0.0692307692308
1444  7235.0  0.0692307692308
1445  7235.0  0.0692307692308
1446  7235.0  0.0692307692308
1447  7235.0  0.0692307692308
1448  7235.0  0.0692307692308
1449  7235.0  0.0692307692308
1450  7235.0  0.0692307692308
1451  7235.0  0.0692307692308
1452  7235.0  0.0692307692308
1453  7235.0  0.0692307692308
1454  7235.0  0.0692307692308
1455  7235.0  0.0692307692308
1456  7235.0  0.0692307692308
1457  7235.0  0.0692307692308
1458  7235.0  0.0692307692308
1459  7235.0  0.0692307692308
1460  7235.0  0.0692307692308
1461  7235.0  0.0692307692308
1462  7235.0  0.0692307692308
1463  7235.0  0.0692307692308
1464  7235.0  0.0692307692308
1465  7235.0  0.0692307692308
1466  7235.0  0.0692307692308
1467  7235.0  0.0692307692308
1468  7235.0  0.0692307692308
1469  7235.0  0.0692307692308
1470  7235.0  0.0692307692308
1471  7235.0  0.0692307692308
1472  7235.0  0.0692307692308
1473  7235.0  0.0692307692308
1474  7235.0  0.0692307692308
1475  7235.0  0.0692307692308
1476  7235.0  0.0692307692308
1477  7235.0  0.0692307692308
1478  7235.0  0.0692307692308
1479  7235.0  0.0692307692308
1480  7235.0  0.0692307692308
1481  7235.0  0.0692307692308
1482  7235.0  0.0692307692308
1483  7235.0  0.0692307692308
1484  7235.0  0.0692307692308
1485  7235.0  0.0692307692308
1486  7235.0  0.0692307692308
1487  7235.0  0.0692307692308
1488  7235.0  0.0692307692308
1489  7235.0  0.0692307692308
1490  7235.0  0.0692307692308
1491  7235.0  0.0692307692308
1492  7235.0  0.0692307692308
1493  7235.0  0.0692307692308
1494  7235.0  0.0692307692308
1495  7235.0  0.0692307692308
1496  7235.0  0.0692307692308
1497  7235.0  0.0692307692308
1498  7235.0  0.0692307692308
1499  7235.0  0.0692307692308
1500  7235.0  0.0692307692308
1501  7235.0  0.0692307692308
1502  7235.0  0.0692307692308
1503  7235.0  0.0692307692308
1504  7235.0  0.0692307692308
1505  7235.0  0.0692307692308
1506  7235.0  0.0692307692308
1507  7235.0  0.0692307692308
1508  7235.0  0.0692307692308
1509  7235.0  0.0692307692308
1510  7235.0  0.0692307692308
1511  7235.0  0.0692307692308
1512  7235.0  0.0692307692308
1513  7235.0  0.0692307692308
1514  7235.0  0.0692307692308
1515  7235.0  0.0692307692308
1516  7235.0  0.0692307692308
1517  7235.0  0.0692307692308
1518  7235.0  0.0692307692308
1519  7235.0  0.0692307692308
1520  7235.0  0.0692307692308
1521  7235.0  0.0692307692308
1522  7235.0  0.0692307692308
1523  7235.0  0.0692307692308
1524  7235.0  0.0692307692308
1525  7235.0  0.0692307692308
1526  7235.0  0.0692307692308
1527  7235.0  0.0692307692308
1528  7235.0  0.0692307692308
1529  7235.0  0.0692307692308
1530  7235.0  0.0692307692308
1531  7235.0  0.0692307692308
1532  7235.0  0.0692307692308
1533  7235.0  0.0692307692308
1534  7235.0  0.0692307692308
1535  7235.0  0.0692307692308
1536  7235.0  0.0692307692308
1537  7235.0  0.0692307692308
1538  7235.0  0.0692307692308
1539  7235.0  0.0692307692308
1540  7235.0  0.0692307692308
1541  7235.0  0.0692307692308
1542  7235.0  0.0692307692308
1543  7235.0  0.0692307692308
1544  7235.0  0.0692307692308
1545  7235.0  0.0692307692308
1546  7235.0  0.0692307692308
1547  7235.0  0.0692307692308
1548  7235.0  0.0692307692308
1549  7235.0  0.0692307692308
1550  7235.0  0.0692307692308
1551  7235.0  0.0692307692308
1552  7235.0  0.0692307692308
1553  7235.0  0.0692307692308
1554  7235.0  0.0692307692308
1555  7235.0  0.0692307692308
1556  7235.0  0.0692307692308
1557  7235.0  0.0692307692308
1558  7235.0  0.0692307692308
1559  7235.0  0.0692307692308
1560  7235.0  0.0692307692308
1561  7235.0  0.0692307692308
1562  7235.0  0.0692307692308
1563  7235.0  0.0692307692308
1564  7235.0  0.0692307692308
1565  7235.0  0.0692307692308
1566  7235.0  0.0692307692308
1567  7235.0  0.0692307692308
1568  7235.0  0.0692307692308
1569  7235.0  0.0692307692308
1570  7235.0  0.0692307692308
1571  7235.0  0.0692307692308
1572  7235.0  0.0692307692308
1573  7235.0  0.0692307692308
1574  7235.0  0.0692307692308
1575  7235.0  0.0692307692308
1576  7235.0  0.0692307692308
1577  7235.0  0.0692307692308
1578  7235.0  0.0692307692308
1579  7235.0  0.0692307692308
1580  7235.0  0.0692307692308
1581  7235.0  0.0692307692308
1582  7235.0  0.0692307692308
1583  7235.0  0.0692307692308
1584  7235.0  0.0692307692308
1585  7235.0  0.0692307692308
1586  7235.0  0.0692307692308
1587  7235.0  0.0692307692308
1588  7235.0  0.0692307692308
1589  7235.0  0.0692307692308
1590  7235.0  0.0692307692308
1591  7235.0  0.0692307692308
1592  7235.0  0.0692307692308
1593  7235.0  0.0692307692308
1594  7235.0  0.0692307692308
1595  7235.0  0.0692307692308
1596  7235.0  0.0692307692308
1597  7235.0  0.0692307692308
1598  7235.0  0.0692307692308
1599  7235.0  0.0692307692308
1600  7235.0  0.0692307692308
1601  7235.0  0.0692307692308
1602  7235.0  0.0692307692308
1603  7235.0  0.0692307692308
1604  7235.0  0.0692307692308
1605  7235.0  0.0692307692308
1606  7235.0  0.0692307692308
1607  7235.0  0.0692307692308
1608  7235.0  0.0692307692308
1609  7235.0  0.0692307692308
1610  7235.0  0.0692307692308
1611  7235.0  0.0692307692308
1612  7235.0  0.0692307692308
1613  7235.0  0.0692307692308
1614  7235.0  0.0692307692308
1615  7235.0  0.0692307692308
1616  7235.0  0.0692307692308
1617  7235.0  0.0692307692308
1618  7235.0  0.0692307692308
1619  7235.0  0.0692307692308
1620  7235.0  0.0692307692308
1621  7235.0  0.0692307692308
1622  7235.0  0.0692307692308
1623  7235.0  0.0692307692308
1624  7235.0  0.0692307692308
1625  7235.0  0.0692307692308
1626  7235.0  0.0692307692308
1627  7235.0  0.0692307692308
1628  7235.0  0.0692307692308
1629  7235.0  0.0692307692308
1630  7235.0  0.0692307692308
1631  7235.0  0.0692307692308
1632  7235.0  0.0692307692308
1633  7235.0  0.0692307692308
1634  7235.0  0.0692307692308
1635  7235.0  0.0692307692308
1636  7235.0  0.0692307692308
1637  7235.0  0.0692307692308
1638  7235.0  0.0692307692308
1639  7235.0  0.0692307692308
1640  7235.0  0.0692307692308
1641  7235.0  0.0692307692308
1642  7235.0  0.0692307692308
1643  7235.0  0.0692307692308
1644  7235.0  0.0692307692308
1645  7235.0  0.0692307692308
1646  7235.0  0.0692307692308
1647  7235.0  0.0692307692308
1648  7235.0  0.0692307692308
1649  7235.0  0.0692307692308
1650  7235.0  0.0692307692308
1651  7235.0  0.0692307692308
1652  7235.0  0.0692307692308
1653  7235.0  0.0692307692308
1654  7235.0  0.0692307692308
1655  7235.0  0.0692307692308
1656  7235.0  0.0692307692308
1657  7235.0  0.0692307692308
1658  7235.0  0.0692307692308
1659  7235.0  0.0692307692308
1660  7235.0  0.0692307692308
1661  7235.0  0.0692307692308
1662  7235.0  0.0692307692308
1663  7235.0  0.0692307692308
1664  7235.0  0.0692307692308
1665  7235.0  0.0692307692308
1666  7235.0  0.0692307692308
1667  7235.0  0.0692307692308
1668  7235.0  0.0692307692308
1669  7235.0  0.0692307692308
1670  7235.0  0.0692307692308
1671  7235.0  0.0692307692308
1672  7235.0  0.0692307692308
1673  7235.0  0.0692307692308
1674  7235.0  0.0692307692308
1675  7235.0  0.0692307692308
1676  7235.0  0.0692307692308
1677  7235.0  0.0692307692308
1678  7235.0  0.0692307692308
1679  7235.0  0.0692307692308
1680  7235.0  0.0692307692308
1681  7235.0  0.0692307692308
1682  7235.0  0.0692307692308
1683  7235.0  0.0692307692308
1684  7235.0  0.0692307692308
1685  7235.0  0.0692307692308
1686  7235.0  0.0692307692308
1687  7235.0  0.0692307692308
1688  7235.0  0.0692307692308
1689  7235.0  0.0692307692308
1690  7235.0  0.0692307692308
1691  7235.0  0.0692307692308
1692  7235.0  0.0692307692308
1693  7235.0  0.0692307692308
1694  7235.0  0.0692307692308
1695  7235.0  0.0692307692308
1696  7235.0  0.0692307692308
1697  7235.0  0.0692307692308
1698  7235.0  0.0692307692308
1699  7235.0  0.0692307692308
1700  7235.0  0.0692307692308
1701  7235.0  0.0692307692308
1702  7235.0  0.0692307692308
1703  7235.0  0.0692307692308
1704  7235.0  0.0692307692308
1705  7235.0  0.0692307692308
1706  7235.0  0.0692307692308
1707  7235.0  0.0692307692308
1708  7235.0  0.0692307692308
1709  7235.0  0.0692307692308
1710  7235.0  0.0692307692308
1711  7235.0  0.0692307692308
1712  7235.0  0.0692307692308
1713  7235.0  0.0692307692308
1714  7235.0  0.0692307692308
1715  7235.0  0.0692307692308
1716  7235.0  0.0692307692308
1717  7235.0  0.0692307692308
1718  7235.0  0.0692307692308
1719  7235.0  0.0692307692308
1720  7235.0  0.0692307692308
1721  7235.0  0.0692307692308
1722  7235.0  0.0692307692308
1723  7235.0  0.0692307692308
1724  7235.0  0.0692307692308
1725  7235.0  0.0692307692308
1726  7235.0  0.0692307692308
1727  7235.0  0.0692307692308
1728  7235.0  0.0692307692308
1729  7235.0  0.0692307692308
1730  7235.0  0.0692307692308
1731  7235.0  0.0692307692308
1732  7235.0  0.0692307692308
1733  7235.0  0.0692307692308
1734  7235.0  0.0692307692308
1735  7235.0  0.0692307692308
1736  7235.0  0.0692307692308
1737  7235.0  0.0692307692308
1738  7235.0  0.0692307692308
1739  7235.0  0.0692307692308
1740  7235.0  0.0692307692308
1741  7235.0  0.0692307692308
1742  7235.0  0.0692307692308
1743  7235.0  0.0692307692308
1744  7235.0  0.0692307692308
1745  7235.0  0.0692307692308
1746  7235.0  0.0692307692308
1747  7235.0  0.0692307692308
1748  7235.0  0.0692307692308
1749  7235.0  0.0692307692308
1750  7235.0  0.0692307692308
1751  7235.0  0.0692307692308
1752  7235.0  0.0692307692308
1753  7235.0  0.0692307692308
1754  7235.0  0.0692307692308
1755  7235.0  0.0692307692308
1756  7235.0  0.0692307692308
1757  7235.0  0.0692307692308
1758  7235.0  0.0692307692308
1759  7235.0  0.0692307692308
1760  7235.0  0.0692307692308
1761  7235.0  0.0692307692308
1762  7235.0  0.0692307692308
1763  7235.0  0.0692307692308
1764  7235.0  0.0692307692308
1765  7235.0  0.0692307692308
1766  7235.0  0.0692307692308
1767  7235.0  0.0692307692308
1768  7235.0  0.0692307692308
1769  7235.0  0.0692307692308
1770  7235.0  0.0692307692308
1771  7235.0  0.0692307692308
1772  7235.0  0.0692307692308
1773  7235.0  0.0692307692308
1774  7235.0  0.0692307692308
1775  7235.0  0.0692307692308
1776  7235.0  0.0692307692308
1777  7235.0  0.0692307692308
1778  7235.0  0.0692307692308
1779  7235.0  0.0692307692308
1780  7235.0  0.0692307692308
1781  7235.0  0.0692307692308
1782  7235.0  0.0692307692308
1783  7235.0  0.0692307692308
1784  7235.0  0.0692307692308
1785  7235.0  0.0692307692308
1786  7235.0  0.0692307692308
1787  7235.0  0.0692307692308
1788  7235.0  0.0692307692308
1789  7235.0  0.0692307692308
1790  7235.0  0.0692307692308
1791  7235.0  0.0692307692308
1792  7235.0  0.0692307692308
1793  7235.0  0.0692307692308
1794  7235.0  0.0692307692308
1795  7235.0  0.0692307692308
1796  7235.0  0.0692307692308
1797  7235.0  0.0692307692308
1798  7235.0  0.0692307692308
1799  7235.0  0.0692307692308
1800  7235.0  0.0692307692308
1801  7235.0  0.0692307692308
1802  7235.0  0.0692307692308
1803  7235.0  0.0692307692308
1804  7235.0  0.0692307692308
1805  7235.0  0.0692307692308
1806  7235.0  0.0692307692308
1807  7235.0  0.0692307692308
1808  7235.0  0.0692307692308
1809  7235.0  0.0692307692308
1810  7235.0  0.0692307692308
1811  7235.0  0.0692307692308
1812  7235.0  0.0692307692308
1813  7235.0  0.0692307692308
1814  7235.0  0.0692307692308
1815  7235.0  0.0692307692308
1816  7235.0  0.0692307692308
1817  7235.0  0.0692307692308
1818  7235.0  0.0692307692308
1819  7235.0  0.0692307692308
1820  7235.0  0.0692307692308
1821  7235.0  0.0692307692308
1822  7235.0  0.0692307692308
1823  7235.0  0.0692307692308
1824  7235.0  0.0692307692308
1825  7235.0  0.0692307692308
1826  7235.0  0.0692307692308
1827  7235.0  0.0692307692308
1828  7235.0  0.0692307692308
1829  7235.0  0.0692307692308
1830  7235.0  0.0692307692308
1831  7235.0  0.0692307692308
1832  7235.0  0.0692307692308
1833  7235.0  0.0692307692308
1834  7235.0  0.0692307692308
1835  7235.0  0.0692307692308
1836  7235.0  0.0692307692308
1837  7235.0  0.0692307692308
1838  7235.0  0.0692307692308
1839  7235.0  0.0692307692308
1840  7235.0  0.0692307692308
1841  7235.0  0.0692307692308
1842  7235.0  0.0692307692308
1843  7235.0  0.0692307692308
1844  7235.0  0.0692307692308
1845  7235.0  0.0692307692308
1846  7235.0  0.0692307692308
1847  7235.0  0.0692307692308
1848  7235.0  0.0692307692308
1849  7235.0  0.0692307692308
1850  7235.0  0.0692307692308
1851  7235.0  0.0692307692308
1852  7235.0  0.0692307692308
1853  7235.0  0.0692307692308
1854  7235.0  0.0692307692308
1855  7235.0  0.0692307692308
1856  7235.0  0.0692307692308
1857  7235.0  0.0692307692308
1858  7235.0  0.0692307692308
1859  7235.0  0.0692307692308
1860  7235.0  0.0692307692308
1861  7235.0  0.0692307692308
1862  7235.0  0.0692307692308
1863  7235.0  0.0692307692308
1864  7235.0  0.0692307692308
1865  7235.0  0.0692307692308
1866  7235.0  0.0692307692308
1867  7235.0  0.0692307692308
1868  7235.0  0.0692307692308
1869  7235.0  0.0692307692308
1870  7235.0  0.0692307692308
1871  7235.0  0.0692307692308
1872  7235.0  0.0692307692308
1873  7235.0  0.0692307692308
1874  7235.0  0.0692307692308
1875  7235.0  0.0692307692308
1876  7235.0  0.0692307692308
1877  7235.0  0.0692307692308
1878  7235.0  0.0692307692308
1879  7235.0  0.0692307692308
1880  7235.0  0.0692307692308
1881  7235.0  0.0692307692308
1882  7235.0  0.0692307692308
1883  7235.0  0.0692307692308
1884  7235.0  0.0692307692308
1885  7235.0  0.0692307692308
1886  7235.0  0.0692307692308
1887  7235.0  0.0692307692308
1888  7235.0  0.0692307692308
1889  7235.0  0.0692307692308
1890  7235.0  0.0692307692308
1891  7235.0  0.0692307692308
1892  7235.0  0.0692307692308
1893  7235.0  0.0692307692308
1894  7235.0  0.0692307692308
1895  7235.0  0.0692307692308
1896  7235.0  0.0692307692308
1897  7235.0  0.0692307692308
1898  7235.0  0.0692307692308
1899  7235.0  0.0692307692308
1900  7235.0  0.0692307692308
1901  7235.0  0.0692307692308
1902  7235.0  0.0692307692308
1903  7235.0  0.0692307692308
1904  7235.0  0.0692307692308
1905  7235.0  0.0692307692308
1906  7235.0  0.0692307692308
1907  7235.0  0.0692307692308
1908  7235.0  0.0692307692308
1909  7235.0  0.0692307692308
1910  7235.0  0.0692307692308
1911  7235.0  0.0692307692308
1912  7235.0  0.0692307692308
1913  7235.0  0.0692307692308
1914  7235.0  0.0692307692308
1915  7235.0  0.0692307692308
1916  7235.0  0.0692307692308
1917  7235.0  0.0692307692308
1918  7235.0  0.0692307692308
1919  7235.0  0.0692307692308
1920  7235.0  0.0692307692308
1921  7235.0  0.0692307692308
1922  7235.0  0.0692307692308
1923  7235.0  0.0692307692308
1924  7235.0  0.0692307692308
1925  7235.0  0.0692307692308
1926  7235.0  0.0692307692308
1927  7235.0  0.0692307692308
1928  7235.0  0.0692307692308
1929  7235.0  0.0692307692308
1930  7235.0  0.0692307692308
1931  7235.0  0.0692307692308
1932  7235.0  0.0692307692308
1933  7235.0  0.0692307692308
1934  7235.0  0.0692307692308
1935  7235.0  0.0692307692308
1936  7235.0  0.0692307692308
1937  7235.0  0.0692307692308
1938  7235.0  0.0692307692308
1939  7235.0  0.0692307692308
1940  7235.0  0.0692307692308
1941  7235.0  0.0692307692308
1942  7235.0  0.0692307692308
1943  7235.0  0.0692307692308
1944  7235.0  0.0692307692308
1945  7235.0  0.0692307692308
1946  7235.0  0.0692307692308
1947  7235.0  0.0692307692308
1948  7235.0  0.0692307692308
1949  7235.0  0.0692307692308
1950  7235.0  0.0692307692308
1951  7235.0  0.0692307692308
1952  7235.0  0.0692307692308
1953  7235.0  0.0692307692308
1954  7235.0  0.0692307692308
1955  7235.0  0.0692307692308
1956  7235.0  0.0692307692308
1957  7235.0  0.0692307692308
1958  7235.0  0.0692307692308
1959  7235.0  0.0692307692308
1960  7235.0  0.0692307692308
1961  7235.0  0.0692307692308
1962  7235.0  0.0692307692308
1963  7235.0  0.0692307692308
1964  7235.0  0.0692307692308
1965  7235.0  0.0692307692308
1966  7235.0  0.0692307692308
1967  7235.0  0.0692307692308
1968  7235.0  0.0692307692308
1969  7235.0  0.0692307692308
1970  7235.0  0.0692307692308
1971  7235.0  0.0692307692308
1972  7235.0  0.0692307692308
1973  7235.0  0.0692307692308
1974  7235.0  0.0692307692308
1975  7235.0  0.0692307692308
1976  7235.0  0.0692307692308
1977  7235.0  0.0692307692308
1978  7235.0  0.0692307692308
1979  7235.0  0.0692307692308
1980  7235.0  0.0692307692308
1981  7235.0  0.0692307692308
1982  7235.0  0.0692307692308
1983  7235.0  0.0692307692308
1984  7235.0  0.0692307692308
1985  7235.0  0.0692307692308
1986  7235.0  0.0692307692308
1987  7235.0  0.0692307692308
1988  7235.0  0.0692307692308
1989  7235.0  0.0692307692308
1990  7235.0  0.0692307692308
1991  7235.0  0.0692307692308
1992  7235.0  0.0692307692308
1993  7235.0  0.0692307692308
1994  7235.0  0.0692307692308
1995  7235.0  0.0692307692308
1996  7235.0  0.0692307692308
1997  7235.0  0.0692307692308
1998  7235.0  0.0692307692308
1999  7235.0  0.0692307692308
2000  7235.0  0.0692307692308
2001  7235.0  0.0692307692308
2002  7235.0  0.0692307692308
2003  7235.0  0.0692307692308
2004  7235.0  0.0692307692308
2005  7235.0  0.0692307692308
2006  7235.0  0.0692307692308
2007  7235.0  0.0692307692308
2008  7235.0  0.0692307692308
2009  7235.0  0.0692307692308
2010  7235.0  0.0692307692308
2011  7235.0  0.0692307692308
2012  7235.0  0.0692307692308
2013  7235.0  0.0692307692308
2014  7235.0  0.0692307692308
2015  7235.0  0.0692307692308
2016  7235.0  0.0692307692308
2017  7235.0  0.0692307692308
2018  7235.0  0.0692307692308
2019  7235.0  0.0692307692308
2020  7235.0  0.0692307692308
2021  7235.0  0.0692307692308
2022  7235.0  0.0692307692308
2023  7235.0  0.0692307692308
2024  7235.0  0.0692307692308
2025  7235.0  0.0692307692308
2026  7235.0  0.0692307692308
2027  7235.0  0.0692307692308
2028  7235.0  0.0692307692308
2029  7235.0  0.0692307692308
2030  7235.0  0.0692307692308
2031  7235.0  0.0692307692308
2032  7235.0  0.0692307692308
2033  7235.0  0.0692307692308
2034  7235.0  0.0692307692308
2035  7235.0  0.0692307692308
2036  7235.0  0.0692307692308
2037  7235.0  0.0692307692308
2038  7235.0  0.0692307692308
2039  7235.0  0.0692307692308
2040  7235.0  0.0692307692308
2041  7235.0  0.0692307692308
2042  7235.0  0.0692307692308
2043  7235.0  0.0692307692308
2044  7235.0  0.0692307692308
2045  7235.0  0.0692307692308
2046  7235.0  0.0692307692308
2047  7235.0  0.0692307692308
2048  7235.0  0.0692307692308
2049  7235.0  0.0692307692308
2050  7235.0  0.0692307692308
2051  7235.0  0.0692307692308
2052  7235.0  0.0692307692308
2053  7235.0  0.0692307692308
2054  7235.0  0.0692307692308
2055  7235.0  0.0692307692308
2056  7235.0  0.0692307692308
2057  7235.0  0.0692307692308
2058  7235.0  0.0692307692308
2059  7235.0  0.0692307692308
2060  7235.0  0.0692307692308
2061  7235.0  0.0692307692308
2062  7235.0  0.0692307692308
2063  7235.0  0.0692307692308
2064  7235.0  0.0692307692308
2065  7235.0  0.0692307692308
2066  7235.0  0.0692307692308
2067  7235.0  0.0692307692308
2068  7235.0  0.0692307692308
2069  7235.0  0.0692307692308
2070  7235.0  0.0692307692308
2071  7235.0  0.0692307692308
2072  7235.0  0.0692307692308
2073  7235.0  0.0692307692308
2074  7235.0  0.0692307692308
2075  7235.0  0.0692307692308
2076  7235.0  0.0692307692308
2077  7235.0  0.0692307692308
2078  7235.0  0.0692307692308
2079  7235.0  0.0692307692308
2080  7235.0  0.0692307692308
2081  7235.0  0.0692307692308
2082  7235.0  0.0692307692308
2083  7235.0  0.0692307692308
2084  7235.0  0.0692307692308
2085  7235.0  0.0692307692308
2086  7235.0  0.0692307692308
2087  7235.0  0.0692307692308
2088  7235.0  0.0692307692308
2089  7235.0  0.0692307692308
2090  7235.0  0.0692307692308
2091  7235.0  0.0692307692308
2092  7235.0  0.0692307692308
2093  7235.0  0.0692307692308
2094  7235.0  0.0692307692308
2095  7235.0  0.0692307692308
2096  7235.0  0.0692307692308
2097  7235.0  0.0692307692308
2098  7235.0  0.0692307692308
2099  7235.0  0.0692307692308
2100  7235.0  0.0692307692308
2101  7235.0  0.0692307692308
2102  7235.0  0.0692307692308
2103  7235.0  0.0692307692308
2104  7235.0  0.0692307692308
2105  7235.0  0.0692307692308
2106  7235.0  0.0692307692308
2107  7235.0  0.0692307692308
2108  7235.0  0.0692307692308
2109  7235.0  0.0692307692308
2110  7235.0  0.0692307692308
2111  7235.0  0.0692307692308
2112  7235.0  0.0692307692308
2113  7235.0  0.0692307692308
2114  7235.0  0.0692307692308
2115  7235.0  0.0692307692308
2116  7235.0  0.0692307692308
2117  7235.0  0.0692307692308
2118  7235.0  0.0692307692308
2119  7235.0  0.0692307692308
2120  7235.0  0.0692307692308
2121  7235.0  0.0692307692308
2122  7235.0  0.0692307692308
2123  7235.0  0.0692307692308
2124  7235.0  0.0692307692308
2125  7235.0  0.0692307692308
2126  7235.0  0.0692307692308
2127  7235.0  0.0692307692308
2128  7235.0  0.0692307692308
2129  7235.0  0.0692307692308
2130  7235.0  0.0692307692308
2131  7235.0  0.0692307692308
2132  7235.0  0.0692307692308
2133  7235.0  0.0692307692308
2134  7235.0  0.0692307692308
2135  7235.0  0.0692307692308
2136  7235.0  0.0692307692308
2137  7235.0  0.0692307692308
2138  7235.0  0.0692307692308
2139  7235.0  0.0692307692308
2140  7235.0  0.0692307692308
2141  7235.0  0.0692307692308
2142  7235.0  0.0692307692308
2143  7235.0  0.0692307692308
2144  7235.0  0.0692307692308
2145  7235.0  0.0692307692308
2146  7235.0  0.0692307692308
2147  7235.0  0.0692307692308
2148  7235.0  0.0692307692308
2149  7235.0  0.0692307692308
2150  7235.0  0.0692307692308
2151  7235.0  0.0692307692308
2152  7235.0  0.0692307692308
2153  7235.0  0.0692307692308
2154  7235.0  0.0692307692308
2155  7235.0  0.0692307692308
2156  7235.0  0.0692307692308
2157  7235.0  0.0692307692308
2158  7235.0  0.0692307692308
2159  7235.0  0.0692307692308
2160  7235.0  0.0692307692308
2161  7235.0  0.0692307692308
2162  7235.0  0.0692307692308
2163  7235.0  0.0692307692308
2164  7235.0  0.0692307692308
2165  7235.0  0.0692307692308
2166  7235.0  0.0692307692308
2167  7235.0  0.0692307692308
2168  7235.0  0.0692307692308
2169  7235.0  0.0692307692308
2170  7235.0  0.0692307692308
2171  7235.0  0.0692307692308
2172  7235.0  0.0692307692308
2173  7235.0  0.0692307692308
2174  7235.0  0.0692307692308
2175  7235.0  0.0692307692308
2176  7235.0  0.0692307692308
2177  7235.0  0.0692307692308
2178  7235.0  0.0692307692308
2179  7235.0  0.0692307692308
2180  7235.0  0.0692307692308
2181  7235.0  0.0692307692308
2182  7235.0  0.0692307692308
2183  7235.0  0.0692307692308
2184  7235.0  0.0692307692308
2185  7235.0  0.0692307692308
2186  7235.0  0.0692307692308
2187  7235.0  0.0692307692308
2188  7235.0  0.0692307692308
2189  7235.0  0.0692307692308
2190  7235.0  0.0692307692308
2191  7235.0  0.0692307692308
2192  7235.0  0.0692307692308
2193  7235.0  0.0692307692308
2194  7235.0  0.0692307692308
2195  7235.0  0.0692307692308
2196  7235.0  0.0692307692308
2197  7235.0  0.0692307692308
2198  7235.0  0.0692307692308
2199  7235.0  0.0692307692308
2200  7235.0  0.0692307692308
2201  7235.0  0.0692307692308
2202  7235.0  0.0692307692308
2203  7235.0  0.0692307692308
2204  7235.0  0.0692307692308
2205  7235.0  0.0692307692308
2206  7235.0  0.0692307692308
2207  7235.0  0.0692307692308
2208  7235.0  0.0692307692308
2209  7235.0  0.0692307692308
2210  7235.0  0.0692307692308
2211  7235.0  0.0692307692308
2212  7235.0  0.0692307692308
2213  7235.0  0.0692307692308
2214  7235.0  0.0692307692308
2215  7235.0  0.0692307692308
2216  7235.0  0.0692307692308
2217  7235.0  0.0692307692308
2218  7235.0  0.0692307692308
2219  7235.0  0.0692307692308
2220  7235.0  0.0692307692308
2221  7235.0  0.0692307692308
2222  7235.0  0.0692307692308
2223  7235.0  0.0692307692308
2224  7235.0  0.0692307692308
2225  7235.0  0.0692307692308
2226  7235.0  0.0692307692308
2227  7235.0  0.0692307692308
2228  7235.0  0.0692307692308
2229  7235.0  0.0692307692308
2230  7235.0  0.0692307692308
2231  7235.0  0.0692307692308
2232  7235.0  0.0692307692308
2233  7235.0  0.0692307692308
2234  7235.0  0.0692307692308
2235  7235.0  0.0692307692308
2236  7235.0  0.0692307692308
2237  7235.0  0.0692307692308
2238  7235.0  0.0692307692308
2239  7235.0  0.0692307692308
2240  7235.0  0.0692307692308
2241  7235.0  0.0692307692308
2242  7235.0  0.0692307692308
2243  7235.0  0.0692307692308
2244  7235.0  0.0692307692308
2245  7235.0  0.0692307692308
2246  7235.0  0.0692307692308
2247  7235.0  0.0692307692308
2248  7235.0  0.0692307692308
2249  7235.0  0.0692307692308
2250  7235.0  0.0692307692308
2251  7235.0  0.0692307692308
2252  7235.0  0.0692307692308
2253  7235.0  0.0692307692308
2254  7235.0  0.0692307692308
2255  7235.0  0.0692307692308
2256  7235.0  0.0692307692308
2257  7235.0  0.0692307692308
2258  7235.0  0.0692307692308
2259  7235.0  0.0692307692308
2260  7235.0  0.0692307692308
2261  7235.0  0.0692307692308
2262  7235.0  0.0692307692308
2263  7235.0  0.0692307692308
2264  7235.0  0.0692307692308
2265  7235.0  0.0692307692308
2266  7235.0  0.0692307692308
2267  7235.0  0.0692307692308
2268  7235.0  0.0692307692308
2269  7235.0  0.0692307692308
2270  7235.0  0.0692307692308
2271  7235.0  0.0692307692308
2272  7235.0  0.0692307692308
2273  7235.0  0.0692307692308
2274  7235.0  0.0692307692308
2275  7235.0  0.0692307692308
2276  7235.0  0.0692307692308
2277  7235.0  0.0692307692308
2278  7235.0  0.0692307692308
2279  7235.0  0.0692307692308
2280  7235.0  0.0692307692308
2281  7235.0  0.0692307692308
2282  7235.0  0.0692307692308
2283  7235.0  0.0692307692308
2284  7235.0  0.0692307692308
2285  7235.0  0.0692307692308
2286  7235.0  0.0692307692308
2287  7235.0  0.0692307692308
2288  7235.0  0.0692307692308
2289  7235.0  0.0692307692308
2290  7235.0  0.0692307692308
2291  7235.0  0.0692307692308
2292  7235.0  0.0692307692308
2293  7235.0  0.0692307692308
2294  7235.0  0.0692307692308
2295  7235.0  0.0692307692308
2296  7235.0  0.0692307692308
2297  7235.0  0.0692307692308
2298  7235.0  0.0692307692308
2299  7235.0  0.0692307692308
2300  7235.0  0.0692307692308
2301  7235.0  0.0692307692308
2302  7235.0  0.0692307692308
2303  7235.0  0.0692307692308
2304  7235.0  0.0692307692308
2305  7235.0  0.0692307692308
2306  7235.0  0.0692307692308
2307  7235.0  0.0692307692308
2308  7235.0  0.0692307692308
2309  7235.0  0.0692307692308
2310  7235.0  0.0692307692308
2311  7235.0  0.0692307692308
2312  7235.0  0.0692307692308
2313  7235.0  0.0692307692308
2314  7235.0  0.0692307692308
2315  7235.0  0.0692307692308
2316  7235.0  0.0692307692308
2317  7235.0  0.0692307692308
2318  7235.0  0.0692307692308
2319  7235.0  0.0692307692308
2320  7235.0  0.0692307692308
2321  7235.0  0.0692307692308
2322  7235.0  0.0692307692308
2323  7235.0  0.0692307692308
2324  7235.0  0.0692307692308
2325  7235.0  0.0692307692308
2326  7235.0  0.0692307692308
2327  7235.0  0.0692307692308
2328  7235.0  0.0692307692308
2329  7235.0  0.0692307692308
2330  7235.0  0.0692307692308
2331  7235.0  0.0692307692308
2332  7235.0  0.0692307692308
2333  7235.0  0.0692307692308
2334  7235.0  0.0692307692308
2335  7235.0  0.0692307692308
2336  7235.0  0.0692307692308
2337  7235.0  0.0692307692308
2338  7235.0  0.0692307692308
2339  7235.0  0.0692307692308
2340  7235.0  0.0692307692308
2341  7235.0  0.0692307692308
2342  7235.0  0.0692307692308
2343  7235.0  0.0692307692308
2344  7235.0  0.0692307692308
2345  7235.0  0.0692307692308
2346  7235.0  0.0692307692308
2347  7235.0  0.0692307692308
2348  7235.0  0.0692307692308
2349  7235.0  0.0692307692308
2350  7235.0  0.0692307692308
2351  7235.0  0.0692307692308
2352  7235.0  0.0692307692308
2353  7235.0  0.0692307692308
2354  7235.0  0.0692307692308
2355  7235.0  0.0692307692308
2356  7235.0  0.0692307692308
2357  7235.0  0.0692307692308
2358  7235.0  0.0692307692308
2359  7235.0  0.0692307692308
2360  7235.0  0.0692307692308
2361  7235.0  0.0692307692308
2362  7235.0  0.0692307692308
2363  7235.0  0.0692307692308
2364  7235.0  0.0692307692308
2365  7235.0  0.0692307692308
2366  7235.0  0.0692307692308
2367  7235.0  0.0692307692308
2368  7235.0  0.0692307692308
2369  7235.0  0.0692307692308
2370  7235.0  0.0692307692308
2371  7235.0  0.0692307692308
2372  7235.0  0.0692307692308
2373  7235.0  0.0692307692308
2374  7235.0  0.0692307692308
2375  7235.0  0.0692307692308
2376  7235.0  0.0692307692308
2377  7235.0  0.0692307692308
2378  7235.0  0.0692307692308
2379  7235.0  0.0692307692308
2380  7235.0  0.0692307692308
2381  7235.0  0.0692307692308
2382  7235.0  0.0692307692308
2383  7235.0  0.0692307692308
2384  7235.0  0.0692307692308
2385  7235.0  0.0692307692308
2386  7235.0  0.0692307692308
2387  7235.0  0.0692307692308
2388  7235.0  0.0692307692308
2389  7235.0  0.0692307692308
2390  7235.0  0.0692307692308
2391  7235.0  0.0692307692308
2392  7235.0  0.0692307692308
2393  7235.0  0.0692307692308
2394  7235.0  0.0692307692308
2395  7235.0  0.0692307692308
2396  7235.0  0.0692307692308
2397  7235.0  0.0692307692308
2398  7235.0  0.0692307692308
2399  7235.0  0.0692307692308
2400  7235.0  0.0692307692308
2401  7235.0  0.0692307692308
2402  7235.0  0.0692307692308
2403  7235.0  0.0692307692308
2404  7235.0  0.0692307692308
2405  7235.0  0.0692307692308
2406  7235.0  0.0692307692308
2407  7235.0  0.0692307692308
2408  7235.0  0.0692307692308
2409  7235.0  0.0692307692308
2410  7235.0  0.0692307692308
2411  7235.0  0.0692307692308
2412  7235.0  0.0692307692308
2413  7235.0  0.0692307692308
2414  7235.0  0.0692307692308
2415  7235.0  0.0692307692308
2416  7235.0  0.0692307692308
2417  7235.0  0.0692307692308
2418  7235.0  0.0692307692308
2419  7235.0  0.0692307692308
2420  7235.0  0.0692307692308
2421  7235.0  0.0692307692308
2422  7235.0  0.0692307692308
2423  7235.0  0.0692307692308
2424  7235.0  0.0692307692308
2425  7235.0  0.0692307692308
2426  7235.0  0.0692307692308
2427  7235.0  0.0692307692308
2428  7235.0  0.0692307692308
2429  7235.0  0.0692307692308
2430  7235.0  0.0692307692308
2431  7235.0  0.0692307692308
2432  7235.0  0.0692307692308
2433  7235.0  0.0692307692308
2434  7235.0  0.0692307692308
2435  7235.0  0.0692307692308
2436  7235.0  0.0692307692308
2437  7235.0  0.0692307692308
2438  7235.0  0.0692307692308
2439  7235.0  0.0692307692308
2440  7235.0  0.0692307692308
2441  7235.0  0.0692307692308
2442  7235.0  0.0692307692308
2443  7235.0  0.0692307692308
2444  7235.0  0.0692307692308
2445  7235.0  0.0692307692308
2446  7235.0  0.0692307692308
2447  7235.0  0.0692307692308
2448  7235.0  0.0692307692308
2449  7235.0  0.0692307692308
2450  7235.0  0.0692307692308
2451  7235.0  0.0692307692308
2452  7235.0  0.0692307692308
2453  7235.0  0.0692307692308
2454  7235.0  0.0692307692308
2455  7235.0  0.0692307692308
2456  7235.0  0.0692307692308
2457  7235.0  0.0692307692308
2458  7235.0  0.0692307692308
2459  7235.0  0.0692307692308
2460  7235.0  0.0692307692308
2461  7235.0  0.0692307692308
2462  7235.0  0.0692307692308
2463  7235.0  0.0692307692308
2464  7235.0  0.0692307692308
2465  7235.0  0.0692307692308
2466  7235.0  0.0692307692308
2467  7235.0  0.0692307692308
2468  7235.0  0.0692307692308
2469  7235.0  0.0692307692308
2470  7235.0  0.0692307692308
2471  7235.0  0.0692307692308
2472  7235.0  0.0692307692308
2473  7235.0  0.0692307692308
2474  7235.0  0.0692307692308
2475  7235.0  0.0692307692308
2476  7235.0  0.0692307692308
2477  7235.0  0.0692307692308
2478  7235.0  0.0692307692308
2479  7235.0  0.0692307692308
2480  7235.0  0.0692307692308
2481  7235.0  0.0692307692308
2482  7235.0  0.0692307692308
2483  7235.0  0.0692307692308
2484  7235.0  0.0692307692308
2485  7235.0  0.0692307692308
2486  7235.0  0.0692307692308
2487  7235.0  0.0692307692308
2488  7235.0  0.0692307692308
2489  7235.0  0.0692307692308
2490  7235.0  0.0692307692308
2491  7235.0  0.0692307692308
2492  7235.0  0.0692307692308
2493  7235.0  0.0692307692308
2494  7235.0  0.0692307692308
2495  7235.0  0.0692307692308
2496  7235.0  0.0692307692308
2497  7235.0  0.0692307692308
2498  7235.0  0.0692307692308
2499  7235.0  0.0692307692308
2500  7235.0  0.0692307692308
2501  7235.0  0.0692307692308
2502  7235.0  0.0692307692308
2503  7235.0  0.0692307692308
2504  7235.0  0.0692307692308
2505  7235.0  0.0692307692308
2506  7235.0  0.0692307692308
2507  7235.0  0.0692307692308
2508  7235.0  0.0692307692308
2509  7235.0  0.0692307692308
2510  7235.0  0.0692307692308
2511  7235.0  0.0692307692308
2512  7235.0  0.0692307692308
2513  7235.0  0.0692307692308
2514  7235.0  0.0692307692308
2515  7235.0  0.0692307692308
2516  7235.0  0.0692307692308
2517  7235.0  0.0692307692308
2518  7235.0  0.0692307692308
2519  7235.0  0.0692307692308
2520  7235.0  0.0692307692308
2521  7235.0  0.0692307692308
2522  7235.0  0.0692307692308
2523  7235.0  0.0692307692308
2524  7235.0  0.0692307692308
2525  7235.0  0.0692307692308
2526  7235.0  0.0692307692308
2527  7235.0  0.0692307692308
2528  7235.0  0.0692307692308
2529  7235.0  0.0692307692308
2530  7235.0  0.0692307692308
2531  7235.0  0.0692307692308
2532  7235.0  0.0692307692308
2533  7235.0  0.0692307692308
2534  7235.0  0.0692307692308
2535  7235.0  0.0692307692308
2536  7235.0  0.0692307692308
2537  7235.0  0.0692307692308
2538  7235.0  0.0692307692308
2539  7235.0  0.0692307692308
2540  7235.0  0.0692307692308
2541  7235.0  0.0692307692308
2542  7235.0  0.0692307692308
2543  7235.0  0.0692307692308
2544  7235.0  0.0692307692308
2545  7235.0  0.0692307692308
2546  7235.0  0.0692307692308
2547  7235.0  0.0692307692308
2548  7235.0  0.0692307692308
2549  7235.0  0.0692307692308
2550  7235.0  0.0692307692308
2551  7235.0  0.0692307692308
2552  7235.0  0.0692307692308
2553  7235.0  0.0692307692308
2554  7235.0  0.0692307692308
2555  7235.0  0.0692307692308
2556  7235.0  0.0692307692308
2557  7235.0  0.0692307692308
2558  7235.0  0.0692307692308
2559  7235.0  0.0692307692308
2560  7235.0  0.0692307692308
2561  7235.0  0.0692307692308
2562  7235.0  0.0692307692308
2563  7235.0  0.0692307692308
2564  7235.0  0.0692307692308
2565  7235.0  0.0692307692308
2566  7235.0  0.0692307692308
2567  7235.0  0.0692307692308
2568  7235.0  0.0692307692308
2569  7235.0  0.0692307692308
2570  7235.0  0.0692307692308
2571  7235.0  0.0692307692308
2572  7235.0  0.0692307692308
2573  7235.0  0.0692307692308
2574  7235.0  0.0692307692308
2575  7235.0  0.0692307692308
2576  7235.0  0.0692307692308
2577  7235.0  0.0692307692308
2578  7235.0  0.0692307692308
2579  7235.0  0.0692307692308
2580  7235.0  0.0692307692308
2581  7235.0  0.0692307692308
2582  7235.0  0.0692307692308
2583  7235.0  0.0692307692308
2584  7235.0  0.0692307692308
2585  7235.0  0.0692307692308
2586  7235.0  0.0692307692308
2587  7235.0  0.0692307692308
2588  7235.0  0.0692307692308
2589  7235.0  0.0692307692308
2590  7235.0  0.0692307692308
2591  7235.0  0.0692307692308
2592  7235.0  0.0692307692308
2593  7235.0  0.0692307692308
2594  7235.0  0.0692307692308
2595  7235.0  0.0692307692308
2596  7235.0  0.0692307692308
2597  7235.0  0.0692307692308
2598  7235.0  0.0692307692308
2599  7235.0  0.0692307692308
2600  7235.0  0.0692307692308
2601  7235.0  0.0692307692308
2602  7235.0  0.0692307692308
2603  7235.0  0.0692307692308
2604  7235.0  0.0692307692308
2605  7235.0  0.0692307692308
2606  7235.0  0.0692307692308
2607  7235.0  0.0692307692308
2608  7235.0  0.0692307692308
2609  7235.0  0.0692307692308
2610  7235.0  0.0692307692308
2611  7235.0  0.0692307692308
2612  7235.0  0.0692307692308
2613  7235.0  0.0692307692308
2614  7235.0  0.0692307692308
2615  7235.0  0.0692307692308
2616  7235.0  0.0692307692308
2617  7235.0  0.0692307692308
2618  7235.0  0.0692307692308
2619  7235.0  0.0692307692308
2620  7235.0  0.0692307692308
2621  7235.0  0.0692307692308
2622  7235.0  0.0692307692308
2623  7235.0  0.0692307692308
2624  7235.0  0.0692307692308
2625  7235.0  0.0692307692308
2626  7235.0  0.0692307692308
2627  7235.0  0.0692307692308
2628  7235.0  0.0692307692308
2629  7235.0  0.0692307692308
2630  7235.0  0.0692307692308
2631  7235.0  0.0692307692308
2632  7235.0  0.0692307692308
2633  7235.0  0.0692307692308
2634  7235.0  0.0692307692308
2635  7235.0  0.0692307692308
2636  7235.0  0.0692307692308
2637  7235.0  0.0692307692308
2638  7235.0  0.0692307692308
2639  7235.0  0.0692307692308
2640  7235.0  0.0692307692308
2641  7235.0  0.0692307692308
2642  7235.0  0.0692307692308
2643  7235.0  0.0692307692308
2644  7235.0  0.0692307692308
2645  7235.0  0.0692307692308
2646  7235.0  0.0692307692308
2647  7235.0  0.0692307692308
2648  7235.0  0.0692307692308
2649  7235.0  0.0692307692308
2650  7235.0  0.0692307692308
2651  7235.0  0.0692307692308
2652  7235.0  0.0692307692308
2653  7235.0  0.0692307692308
2654  7235.0  0.0692307692308
2655  7235.0  0.0692307692308
2656  7235.0  0.0692307692308
2657  7235.0  0.0692307692308
2658  7235.0  0.0692307692308
2659  7235.0  0.0692307692308
2660  7235.0  0.0692307692308
2661  7235.0  0.0692307692308
2662  7235.0  0.0692307692308
2663  7235.0  0.0692307692308
2664  7235.0  0.0692307692308
2665  7235.0  0.0692307692308
2666  7235.0  0.0692307692308
2667  7235.0  0.0692307692308
2668  7235.0  0.0692307692308
2669  7235.0  0.0692307692308
2670  7235.0  0.0692307692308
2671  7235.0  0.0692307692308
2672  7235.0  0.0692307692308
2673  7235.0  0.0692307692308
2674  7235.0  0.0692307692308
2675  7235.0  0.0692307692308
2676  7235.0  0.0692307692308
2677  7235.0  0.0692307692308
2678  7235.0  0.0692307692308
2679  7235.0  0.0692307692308
2680  7235.0  0.0692307692308
2681  7235.0  0.0692307692308
2682  7235.0  0.0692307692308
2683  7235.0  0.0692307692308
2684  7235.0  0.0692307692308
2685  7235.0  0.0692307692308
2686  7235.0  0.0692307692308
2687  7235.0  0.0692307692308
2688  7235.0  0.0692307692308
2689  7235.0  0.0692307692308
2690  7235.0  0.0692307692308
2691  7235.0  0.0692307692308
2692  7235.0  0.0692307692308
2693  7235.0  0.0692307692308
2694  7235.0  0.0692307692308
2695  7235.0  0.0692307692308
2696  7235.0  0.0692307692308
2697  7235.0  0.0692307692308
2698  7235.0  0.0692307692308
2699  7235.0  0.0692307692308
2700  7235.0  0.0692307692308
2701  7235.0  0.0692307692308
2702  7235.0  0.0692307692308
2703  7235.0  0.0692307692308
2704  7235.0  0.0692307692308
2705  7235.0  0.0692307692308
2706  7235.0  0.0692307692308
2707  7235.0  0.0692307692308
2708  7235.0  0.0692307692308
2709  7235.0  0.0692307692308
2710  7235.0  0.0692307692308
2711  7235.0  0.0692307692308
2712  7235.0  0.0692307692308
2713  7235.0  0.0692307692308
2714  7235.0  0.0692307692308
2715  7235.0  0.0692307692308
2716  7235.0  0.0692307692308
2717  7235.0  0.0692307692308
2718  7235.0  0.0692307692308
2719  7235.0  0.0692307692308
2720  7235.0  0.0692307692308
2721  7235.0  0.0692307692308
2722  7235.0  0.0692307692308
2723  7235.0  0.0692307692308
2724  7235.0  0.0692307692308
2725  7235.0  0.0692307692308
2726  7235.0  0.0692307692308
2727  7235.0  0.0692307692308
2728  7235.0  0.0692307692308
2729  7235.0  0.0692307692308
2730  7235.0  0.0692307692308
2731  7235.0  0.0692307692308
2732  7235.0  0.0692307692308
2733  7235.0  0.0692307692308
2734  7235.0  0.0692307692308
2735  7235.0  0.0692307692308
2736  7235.0  0.0692307692308
2737  7235.0  0.0692307692308
2738  7235.0  0.0692307692308
2739  7235.0  0.0692307692308
2740  7235.0  0.0692307692308
2741  7235.0  0.0692307692308
2742  7235.0  0.0692307692308
2743  7235.0  0.0692307692308
2744  7235.0  0.0692307692308
2745  7235.0  0.0692307692308
2746  7235.0  0.0692307692308
2747  7235.0  0.0692307692308
2748  7235.0  0.0692307692308
2749  7235.0  0.0692307692308
2750  7235.0  0.0692307692308
2751  7235.0  0.0692307692308
2752  7235.0  0.0692307692308
2753  7235.0  0.0692307692308
2754  7235.0  0.0692307692308
2755  7235.0  0.0692307692308
2756  7235.0  0.0692307692308
2757  7235.0  0.0692307692308
2758  7235.0  0.0692307692308
2759  7235.0  0.0692307692308
2760  7235.0  0.0692307692308
2761  7235.0  0.0692307692308
2762  7235.0  0.0692307692308
2763  7235.0  0.0692307692308
2764  7235.0  0.0692307692308
2765  7235.0  0.0692307692308
2766  7235.0  0.0692307692308
2767  7235.0  0.0692307692308
2768  7235.0  0.0692307692308
2769  7235.0  0.0692307692308
2770  7235.0  0.0692307692308
2771  7235.0  0.0692307692308
2772  7235.0  0.0692307692308
2773  7235.0  0.0692307692308
2774  7235.0  0.0692307692308
2775  7235.0  0.0692307692308
2776  7235.0  0.0692307692308
2777  7235.0  0.0692307692308
2778  7235.0  0.0692307692308
2779  7235.0  0.0692307692308
2780  7235.0  0.0692307692308
2781  7235.0  0.0692307692308
2782  7235.0  0.0692307692308
2783  7235.0  0.0692307692308
2784  7235.0  0.0692307692308
2785  7235.0  0.0692307692308
2786  7235.0  0.0692307692308
2787  7235.0  0.0692307692308
2788  7235.0  0.0692307692308
2789  7235.0  0.0692307692308
2790  7235.0  0.0692307692308
2791  7235.0  0.0692307692308
2792  7235.0  0.0692307692308
2793  7235.0  0.0692307692308
2794  7235.0  0.0692307692308
2795  7235.0  0.0692307692308
2796  7235.0  0.0692307692308
2797  7235.0  0.0692307692308
2798  7235.0  0.0692307692308
2799  7235.0  0.0692307692308
2800  7235.0  0.0692307692308
2801  7235.0  0.0692307692308
2802  7235.0  0.0692307692308
2803  7235.0  0.0692307692308
2804  7235.0  0.0692307692308
2805  7235.0  0.0692307692308
2806  7235.0  0.0692307692308
2807  7235.0  0.0692307692308
2808  7235.0  0.0692307692308
2809  7235.0  0.0692307692308
2810  7235.0  0.0692307692308
2811  7235.0  0.0692307692308
2812  7235.0  0.0692307692308
2813  7235.0  0.0692307692308
2814  7235.0  0.0692307692308
2815  7235.0  0.0692307692308
2816  7235.0  0.0692307692308
2817  7235.0  0.0692307692308
2818  7235.0  0.0692307692308
2819  7235.0  0.0692307692308
2820  7235.0  0.0692307692308
2821  7235.0  0.0692307692308
2822  7235.0  0.0692307692308
2823  7235.0  0.0692307692308
2824  7235.0  0.0692307692308
2825  7235.0  0.0692307692308
2826  7235.0  0.0692307692308
2827  7235.0  0.0692307692308
2828  7235.0  0.0692307692308
2829  7235.0  0.0692307692308
2830  7235.0  0.0692307692308
2831  7235.0  0.0692307692308
2832  7235.0  0.0692307692308
2833  7235.0  0.0692307692308
2834  7235.0  0.0692307692308
2835  7235.0  0.0692307692308
2836  7235.0  0.0692307692308
2837  7235.0  0.0692307692308
2838  7235.0  0.0692307692308
2839  7235.0  0.0692307692308
2840  7235.0  0.0692307692308
2841  7235.0  0.0692307692308
2842  7235.0  0.0692307692308
2843  7235.0  0.0692307692308
2844  7235.0  0.0692307692308
2845  7235.0  0.0692307692308
2846  7235.0  0.0692307692308
2847  7235.0  0.0692307692308
2848  7235.0  0.0692307692308
2849  7235.0  0.0692307692308
2850  7235.0  0.0692307692308
2851  7235.0  0.0692307692308
2852  7235.0  0.0692307692308
2853  7235.0  0.0692307692308
2854  7235.0  0.0692307692308
2855  7235.0  0.0692307692308
2856  7235.0  0.0692307692308
2857  7235.0  0.0692307692308
2858  7235.0  0.0692307692308
2859  7235.0  0.0692307692308
2860  7235.0  0.0692307692308
2861  7235.0  0.0692307692308
2862  7235.0  0.0692307692308
2863  7235.0  0.0692307692308
2864  7235.0  0.0692307692308
2865  7235.0  0.0692307692308
2866  7235.0  0.0692307692308
2867  7235.0  0.0692307692308
2868  7235.0  0.0692307692308
2869  7235.0  0.0692307692308
2870  7235.0  0.0692307692308
2871  7235.0  0.0692307692308
2872  7235.0  0.0692307692308
2873  7235.0  0.0692307692308
2874  7235.0  0.0692307692308
2875  7235.0  0.0692307692308
2876  7235.0  0.0692307692308
2877  7235.0  0.0692307692308
2878  7235.0  0.0692307692308
2879  7235.0  0.0692307692308
2880  7235.0  0.0692307692308
2881  7235.0  0.0692307692308
2882  7235.0  0.0692307692308
2883  7235.0  0.0692307692308
2884  7235.0  0.0692307692308
2885  7235.0  0.0692307692308
2886  7235.0  0.0692307692308
2887  7235.0  0.0692307692308
2888  7235.0  0.0692307692308
2889  7235.0  0.0692307692308
2890  7235.0  0.0692307692308
2891  7235.0  0.0692307692308
2892  7235.0  0.0692307692308
2893  7235.0  0.0692307692308
2894  7235.0  0.0692307692308
2895  7235.0  0.0692307692308
2896  7235.0  0.0692307692308
2897  7235.0  0.0692307692308
2898  7235.0  0.0692307692308
2899  7235.0  0.0692307692308
2900  7235.0  0.0692307692308
2901  7235.0  0.0692307692308
2902  7235.0  0.0692307692308
2903  7235.0  0.0692307692308
2904  7235.0  0.0692307692308
2905  7235.0  0.0692307692308
2906  7235.0  0.0692307692308
2907  7235.0  0.0692307692308
2908  7235.0  0.0692307692308
2909  7235.0  0.0692307692308
2910  7235.0  0.0692307692308
2911  7235.0  0.0692307692308
2912  7235.0  0.0692307692308
2913  7235.0  0.0692307692308
2914  7235.0  0.0692307692308
2915  7235.0  0.0692307692308
2916  7235.0  0.0692307692308
2917  7235.0  0.0692307692308
2918  7235.0  0.0692307692308
2919  7235.0  0.0692307692308
2920  7235.0  0.0692307692308
2921  7235.0  0.0692307692308
2922  7235.0  0.0692307692308
2923  7235.0  0.0692307692308
2924  7235.0  0.0692307692308
2925  7235.0  0.0692307692308
2926  7235.0  0.0692307692308
2927  7235.0  0.0692307692308
2928  7235.0  0.0692307692308
2929  7235.0  0.0692307692308
2930  7235.0  0.0692307692308
2931  7235.0  0.0692307692308
2932  7235.0  0.0692307692308
2933  7235.0  0.0692307692308
2934  7235.0  0.0692307692308
2935  7235.0  0.0692307692308
2936  7235.0  0.0692307692308
2937  7235.0  0.0692307692308
2938  7235.0  0.0692307692308
2939  7235.0  0.0692307692308
2940  7235.0  0.0692307692308
2941  7235.0  0.0692307692308
2942  7235.0  0.0692307692308
2943  7235.0  0.0692307692308
2944  7235.0  0.0692307692308
2945  7235.0  0.0692307692308
2946  7235.0  0.0692307692308
2947  7235.0  0.0692307692308
2948  7235.0  0.0692307692308
2949  7235.0  0.0692307692308
2950  7235.0  0.0692307692308
2951  7235.0  0.0692307692308
2952  7235.0  0.0692307692308
2953  7235.0  0.0692307692308
2954  7235.0  0.0692307692308
2955  7235.0  0.0692307692308
2956  7235.0  0.0692307692308
2957  7235.0  0.0692307692308
2958  7235.0  0.0692307692308
2959  7235.0  0.0692307692308
2960  7235.0  0.0692307692308
2961  7235.0  0.0692307692308
2962  7235.0  0.0692307692308
2963  7235.0  0.0692307692308
2964  7235.0  0.0692307692308
2965  7235.0  0.0692307692308
2966  7235.0  0.0692307692308
2967  7235.0  0.0692307692308
2968  7235.0  0.0692307692308
2969  7235.0  0.0692307692308
2970  7235.0  0.0692307692308
2971  7235.0  0.0692307692308
2972  7235.0  0.0692307692308
2973  7235.0  0.0692307692308
2974  7235.0  0.0692307692308
2975  7235.0  0.0692307692308
2976  7235.0  0.0692307692308
2977  7235.0  0.0692307692308
2978  7235.0  0.0692307692308
2979  7235.0  0.0692307692308
2980  7235.0  0.0692307692308
2981  7235.0  0.0692307692308
2982  7235.0  0.0692307692308
2983  7235.0  0.0692307692308
2984  7235.0  0.0692307692308
2985  7235.0  0.0692307692308
2986  7235.0  0.0692307692308
2987  7235.0  0.0692307692308
2988  7235.0  0.0692307692308
2989  7235.0  0.0692307692308
2990  7235.0  0.0692307692308
2991  7235.0  0.0692307692308
2992  7235.0  0.0692307692308
2993  7235.0  0.0692307692308
2994  7235.0  0.0692307692308
2995  7235.0  0.0692307692308
2996  7235.0  0.0692307692308
2997  7235.0  0.0692307692308
2998  7235.0  0.0692307692308
2999  7235.0  0.0692307692308
#[1, 1, 8, 9, 9, 9, 9, 9, 9, 9]
#[9, 9, 9, 9, 9, 9, 9, 9, 9, 9]
#[9, 9, 9, 9, 9, 9, 9, 9, 9, 9]
#[-7, 9, 9, 9, 9, 9, 9, 9, 9, 9]
#[-8, 8, 9, 9, 9, 9, 9, 9, 9, 9]
#[-6, 8, 9, 9, 9, 9, 9, 9, 9, 9]
#[6, 9, 9, 9, 9, 9, 9, 9, 9, 9]
#[9, 9, 9, 9, 9, 9, 9, 9, 9, 9]
#[9, 9, 9, 9, 9, 9, 9, 9, 9, 9]
#[2, 5, 9, 9, 9, 9, 9, 9, 9, 9]
#[8, 9, 9, 9, 9, 9, 9, 9, 9, 9]
#[-6, -4, 9, 9, 9, 9, 9, 9, 9, 9]
#[-6, -5, 9, 9, 9, 9, 9, 9, 9, 9]
#[-8, 4, 8, 9, 9, 9, 9, 9, 9, 9]
#[-2, 0, 5, 9, 9, 9, 9, 9, 9, 9]
#[-5, 9, 9, 9, 9, 9, 9, 9, 9, 9]
#[-6, 9, 9, 9, 9, 9, 9, 9, 9, 9]
#[-8, -2, 9, 9, 9, 9, 9, 9, 9, 9]
#[9, 9, 9, 9, 9, 9, 9, 9, 9, 9]
#[-8, -5, 6, 9, 9, 9, 9, 9, 9, 9]
#[9, 9, 9, 9, 9, 9, 9, 9, 9, 9]
#[9, 9, 9, 9, 9, 9, 9, 9, 9, 9]
#[-8, -3, 9, 9, 9, 9, 9, 9, 9, 9]
#[3, 3, 9, 9, 9, 9, 9, 9, 9, 9]
#[-8, 9, 9, 9, 9, 9, 9, 9, 9, 9]
#Specialization index= [1, 9, 0.046296296296296294]
