#[8, 8, 7, 9, 8, 5, 8, 5, 2, 0]
#[3, 6, 5, 8, 1, 8, 8, 6, 9, 6]
#[9, 6, 4, 5, 3, 4, 8, 5, 7, 5]
#[8, 5, 9, 2, 3, 6, 7, 4, 1, 9]
#[2, 7, 0, 7, 3, 5, 4, 6, 9, 9]
#[8, 9, 7, 5, 0, 7, 6, 1, 5, 6]
#[8, 1, 7, 8, 8, 9, 3, 4, 2, 7]
#[1, 8, 5, 9, 7, 4, 3, 2, 5, 7]
#[5, 2, 6, 7, 7, 9, 9, 1, 0, 1]
0  2372.75  0.09
1  2372.75  0.09
2  2372.75  0.09
3  2372.75  0.09
4  2372.75  0.09
5  2372.75  0.09
6  2372.75  0.09
7  2372.75  0.09
8  2372.75  0.09
9  2372.75  0.09
10  2372.75  0.09
11  2372.75  0.09
12  2372.75  0.09
13  2372.75  0.09
14  2584.75  0.05
15  2584.75  0.05
16  2584.75  0.05
17  2584.75  0.05
18  2584.75  0.05
19  2584.75  0.05
20  2584.75  0.05
21  2584.75  0.05
22  2584.75  0.05
23  2584.75  0.05
24  2584.75  0.05
25  2584.75  0.05
26  2584.75  0.05
27  2584.75  0.05
28  2584.75  0.05
29  2584.75  0.05
30  2584.75  0.05
31  2584.75  0.05
32  2584.75  0.05
33  2584.75  0.05
34  2584.75  0.05
35  2584.75  0.05
36  2584.75  0.05
37  2584.75  0.05
38  2584.75  0.05
39  2584.75  0.05
40  2584.75  0.05
41  2584.75  0.05
42  2584.75  0.05
43  2584.75  0.05
44  2584.75  0.05
45  2584.75  0.05
46  2584.75  0.05
47  2584.75  0.05
48  2584.75  0.05
49  2584.75  0.05
50  2584.75  0.05
51  2584.75  0.05
52  2584.75  0.05
53  2584.75  0.05
54  2584.75  0.05
55  2584.75  0.05
56  2584.75  0.05
57  2584.75  0.05
58  2584.75  0.05
59  2584.75  0.05
60  2584.75  0.05
61  2584.75  0.05
62  2584.75  0.05
63  2584.75  0.05
64  2584.75  0.05
65  2584.75  0.05
66  2584.75  0.05
67  2658.75  0.05
68  2658.75  0.05
69  2658.75  0.05
70  2658.75  0.05
71  2658.75  0.05
72  2658.75  0.05
73  2658.75  0.05
74  2658.75  0.05
75  2658.75  0.05
76  2658.75  0.05
77  2658.75  0.05
78  2658.75  0.05
79  2658.75  0.05
80  2658.75  0.05
81  2658.75  0.05
82  2658.75  0.05
83  2658.75  0.05
84  2658.75  0.05
85  2658.75  0.05
86  2658.75  0.05
87  2658.75  0.05
88  2658.75  0.05
89  2658.75  0.05
90  2658.75  0.05
91  2658.75  0.05
92  2658.75  0.05
93  2658.75  0.05
94  2658.75  0.05
95  2658.75  0.05
96  2658.75  0.05
97  2658.75  0.05
98  2658.75  0.05
99  2658.75  0.05
100  2658.75  0.05
101  2658.75  0.05
102  2658.75  0.05
103  2658.75  0.05
104  2658.75  0.05
105  2658.75  0.05
106  2658.75  0.05
107  2658.75  0.05
108  2658.75  0.05
109  2658.75  0.05
110  2658.75  0.05
111  2658.75  0.05
112  2658.75  0.05
113  2658.75  0.05
114  2658.75  0.05
115  2658.75  0.05
116  2689.0  0.04
117  2689.0  0.04
118  2689.0  0.04
119  2689.0  0.04
120  2689.0  0.04
121  2689.0  0.04
122  2689.0  0.04
123  2689.0  0.04
124  2689.0  0.04
125  2689.0  0.04
126  2689.0  0.04
127  2689.0  0.04
128  2689.0  0.04
129  2689.0  0.04
130  2689.0  0.04
131  2689.0  0.04
132  2689.0  0.04
133  2689.0  0.04
134  2689.0  0.04
135  2689.0  0.04
136  2689.0  0.04
137  2689.0  0.04
138  2689.0  0.04
139  2689.0  0.04
140  2689.0  0.04
141  2689.0  0.04
142  2689.0  0.04
143  2689.0  0.04
144  2689.0  0.04
145  2689.0  0.04
146  2689.0  0.04
147  2689.0  0.04
148  2689.0  0.04
149  2689.0  0.04
150  2689.0  0.04
151  2689.0  0.04
152  2689.0  0.04
153  2689.0  0.04
154  2689.0  0.04
155  2689.0  0.04
156  2689.0  0.04
157  2689.0  0.04
158  2689.0  0.04
159  2689.0  0.04
160  2689.0  0.04
161  2689.0  0.04
162  2689.0  0.04
163  2689.0  0.04
164  2689.0  0.04
165  2689.0  0.04
166  2689.0  0.04
167  2689.0  0.04
168  2689.0  0.04
169  2689.0  0.04
170  2689.0  0.04
171  2689.0  0.04
172  2689.0  0.04
173  2689.0  0.04
174  2689.0  0.04
175  2689.0  0.04
176  2689.0  0.04
177  2689.0  0.04
178  2689.0  0.04
179  2689.0  0.04
180  2689.0  0.04
181  2689.0  0.04
182  2689.0  0.04
183  2689.0  0.04
184  2689.0  0.04
185  2689.0  0.04
186  2689.0  0.04
187  2689.0  0.04
188  2689.0  0.04
189  2689.0  0.04
190  2689.0  0.04
191  2689.0  0.04
192  2689.0  0.04
193  2689.0  0.04
194  2689.0  0.04
195  2689.0  0.04
196  2689.0  0.04
197  2689.0  0.04
198  2689.0  0.04
199  2689.0  0.04
200  2689.0  0.04
201  2689.0  0.04
202  2689.0  0.04
203  2689.0  0.04
204  2689.0  0.04
205  2689.0  0.04
206  2689.0  0.04
207  2689.0  0.04
208  2689.0  0.04
209  2689.0  0.04
210  2689.0  0.04
211  2689.0  0.04
212  2689.0  0.04
213  2689.0  0.04
214  2689.0  0.04
215  2689.0  0.04
216  2689.0  0.04
217  2689.0  0.04
218  2689.0  0.04
219  2689.0  0.04
220  2689.0  0.04
221  2689.0  0.04
222  2689.0  0.04
223  2689.0  0.04
224  2689.0  0.04
225  2689.0  0.04
226  2689.0  0.04
227  2689.0  0.04
228  2689.0  0.04
229  2689.0  0.04
230  2689.0  0.04
231  2689.0  0.04
232  2689.0  0.04
233  2689.0  0.04
234  2689.0  0.04
235  2689.0  0.04
236  2689.0  0.04
237  2689.0  0.04
238  2689.0  0.04
239  2689.0  0.04
240  2689.0  0.04
241  2689.0  0.04
242  2689.0  0.04
243  2689.0  0.04
244  2689.0  0.04
245  2689.0  0.04
246  2689.0  0.04
247  2689.0  0.04
248  2689.0  0.04
249  2689.0  0.04
250  2689.0  0.04
251  2689.0  0.04
252  2689.0  0.04
253  2689.0  0.04
254  2689.0  0.04
255  2689.0  0.04
256  2689.0  0.04
257  2689.0  0.04
258  2689.0  0.04
259  2689.0  0.04
260  2689.0  0.04
261  2689.0  0.04
262  2689.0  0.04
263  2689.0  0.04
264  2689.0  0.04
265  2689.0  0.04
266  2689.0  0.04
267  2689.0  0.04
268  2689.0  0.04
269  2689.0  0.04
270  2689.0  0.04
271  2689.0  0.04
272  2689.0  0.04
273  2689.0  0.04
274  2689.0  0.04
275  2689.0  0.04
276  2689.0  0.04
277  2689.0  0.04
278  2689.0  0.04
279  2689.0  0.04
280  2689.0  0.04
281  2689.0  0.04
282  2689.0  0.04
283  2689.0  0.04
284  2689.0  0.04
285  2689.0  0.04
286  2689.0  0.04
287  2689.0  0.04
288  2689.0  0.04
289  2689.0  0.04
290  2689.0  0.04
291  2689.0  0.04
292  2689.0  0.04
293  2689.0  0.04
294  2689.0  0.04
295  2689.0  0.04
296  2689.0  0.04
297  2689.0  0.04
298  2689.0  0.04
299  2689.0  0.04
300  2689.0  0.04
301  2689.0  0.04
302  2689.0  0.04
303  2689.0  0.04
304  2689.0  0.04
305  2689.0  0.04
306  2689.0  0.04
307  2689.0  0.04
308  2689.0  0.04
309  2689.0  0.04
310  2689.0  0.04
311  2689.0  0.04
312  2689.0  0.04
313  2689.0  0.04
314  2689.0  0.04
315  2689.0  0.04
316  2689.0  0.04
317  2689.0  0.04
318  2689.0  0.04
319  2689.0  0.04
320  2689.0  0.04
321  2689.0  0.04
322  2689.0  0.04
323  2689.0  0.04
324  2689.0  0.04
325  2689.0  0.04
326  2689.0  0.04
327  2689.0  0.04
328  2689.0  0.04
329  2689.0  0.04
330  2689.0  0.04
331  2689.0  0.04
332  2689.0  0.04
333  2689.0  0.04
334  2689.0  0.04
335  2689.0  0.04
336  2689.0  0.04
337  2689.0  0.04
338  2689.0  0.04
339  2689.0  0.04
340  2689.0  0.04
341  2689.0  0.04
342  2689.0  0.04
343  2689.0  0.04
344  2689.0  0.04
345  2689.0  0.04
346  2689.0  0.04
347  2689.0  0.04
348  2689.0  0.04
349  2689.0  0.04
350  2689.0  0.04
351  2689.0  0.04
352  2689.0  0.04
353  2689.0  0.04
354  2689.0  0.04
355  2689.0  0.04
356  2689.0  0.04
357  2689.0  0.04
358  2689.0  0.04
359  2689.0  0.04
360  2689.0  0.04
361  2689.0  0.04
362  2689.0  0.04
363  2689.0  0.04
364  2689.0  0.04
365  2689.0  0.04
366  2689.0  0.04
367  2689.0  0.04
368  2689.0  0.04
369  2689.0  0.04
370  2689.0  0.04
371  2689.0  0.04
372  2689.0  0.04
373  2689.0  0.04
374  2689.0  0.04
375  2689.0  0.04
376  2689.0  0.04
377  2689.0  0.04
378  2689.0  0.04
379  2689.0  0.04
380  2689.0  0.04
381  2689.0  0.04
382  2689.0  0.04
383  2689.0  0.04
384  2689.0  0.04
385  2689.0  0.04
386  2689.0  0.04
387  2689.0  0.04
388  2689.0  0.04
389  2689.0  0.04
390  2689.0  0.04
391  2689.0  0.04
392  2689.0  0.04
393  2689.0  0.04
394  2689.0  0.04
395  2689.0  0.04
396  2689.0  0.04
397  2689.0  0.04
398  2689.0  0.04
399  2689.0  0.04
400  2689.0  0.04
401  2689.0  0.04
402  2689.0  0.04
403  2689.0  0.04
404  2689.0  0.04
405  2689.0  0.04
406  2689.0  0.04
407  2689.0  0.04
408  2689.0  0.04
409  2689.0  0.04
410  2689.0  0.04
411  2689.0  0.04
412  2689.0  0.04
413  2689.0  0.04
414  2689.0  0.04
415  2689.0  0.04
416  2689.0  0.04
417  2689.0  0.04
418  2689.0  0.04
419  2689.0  0.04
420  2689.0  0.04
421  2689.0  0.04
422  2689.0  0.04
423  2689.0  0.04
424  2689.0  0.04
425  2689.0  0.04
426  2689.0  0.04
427  2689.0  0.04
428  2689.0  0.04
429  2689.0  0.04
430  2689.0  0.04
431  2689.0  0.04
432  2689.0  0.04
433  2689.0  0.04
434  2689.0  0.04
435  2689.0  0.04
436  2689.0  0.04
437  2689.0  0.04
438  2689.0  0.04
439  2689.0  0.04
440  2689.0  0.04
441  2689.0  0.04
442  2689.0  0.04
443  2689.0  0.04
444  2689.0  0.04
445  2689.0  0.04
446  2689.0  0.04
447  2689.0  0.04
448  2689.0  0.04
449  2689.0  0.04
450  2689.0  0.04
451  2689.0  0.04
452  2689.0  0.04
453  2689.0  0.04
454  2689.0  0.04
455  2689.0  0.04
456  2689.0  0.04
457  2689.0  0.04
458  2689.0  0.04
459  2689.0  0.04
460  2689.0  0.04
461  2689.0  0.04
462  2689.0  0.04
463  2689.0  0.04
464  2689.0  0.04
465  2689.0  0.04
466  2689.0  0.04
467  2689.0  0.04
468  2689.0  0.04
469  2689.0  0.04
470  2689.0  0.04
471  2689.0  0.04
472  2689.0  0.04
473  2689.0  0.04
474  2689.0  0.04
475  2689.0  0.04
476  2689.0  0.04
477  2689.0  0.04
478  2689.0  0.04
479  2689.0  0.04
480  2689.0  0.04
481  2689.0  0.04
482  2689.0  0.04
483  2689.0  0.04
484  2689.0  0.04
485  2689.0  0.04
486  2689.0  0.04
487  2689.0  0.04
488  2689.0  0.04
489  2689.0  0.04
490  2689.0  0.04
491  2689.0  0.04
492  2689.0  0.04
493  2689.0  0.04
494  2689.0  0.04
495  2689.0  0.04
496  2689.0  0.04
497  2689.0  0.04
498  2689.0  0.04
499  2689.0  0.04
500  2689.0  0.04
501  2689.0  0.04
502  2689.0  0.04
503  2689.0  0.04
504  2689.0  0.04
505  2689.0  0.04
506  2689.0  0.04
507  2689.0  0.04
508  2689.0  0.04
509  2689.0  0.04
510  2689.0  0.04
511  2689.0  0.04
512  2689.0  0.04
513  2689.0  0.04
514  2689.0  0.04
515  2689.0  0.04
516  2689.0  0.04
517  2689.0  0.04
518  2689.0  0.04
519  2689.0  0.04
520  2689.0  0.04
521  2689.0  0.04
522  2689.0  0.04
523  2689.0  0.04
524  2689.0  0.04
525  2689.0  0.04
526  2689.0  0.04
527  2689.0  0.04
528  2689.0  0.04
529  2689.0  0.04
530  2689.0  0.04
531  2689.0  0.04
532  2689.0  0.04
533  2689.0  0.04
534  2689.0  0.04
535  2689.0  0.04
536  2689.0  0.04
537  2689.0  0.04
538  2689.0  0.04
539  2689.0  0.04
540  2689.0  0.04
541  2689.0  0.04
542  2689.0  0.04
543  2689.0  0.04
544  2689.0  0.04
545  2689.0  0.04
546  2689.0  0.04
547  2689.0  0.04
548  2689.0  0.04
549  2689.0  0.04
550  2689.0  0.04
551  2689.0  0.04
552  2689.0  0.04
553  2689.0  0.04
554  2689.0  0.04
555  2689.0  0.04
556  2689.0  0.04
557  2689.0  0.04
558  2689.0  0.04
559  2689.0  0.04
560  2689.0  0.04
561  2689.0  0.04
562  2689.0  0.04
563  2689.0  0.04
564  2689.0  0.04
565  2689.0  0.04
566  2689.0  0.04
567  2689.0  0.04
568  2689.0  0.04
569  2689.0  0.04
570  2689.0  0.04
571  2689.0  0.04
572  2689.0  0.04
573  2689.0  0.04
574  2689.0  0.04
575  2689.0  0.04
576  2689.0  0.04
577  2689.0  0.04
578  2689.0  0.04
579  2689.0  0.04
580  2689.0  0.04
581  2689.0  0.04
582  2689.0  0.04
583  2689.0  0.04
584  2689.0  0.04
585  2689.0  0.04
586  2689.0  0.04
587  2689.0  0.04
588  2689.0  0.04
589  2689.0  0.04
590  2689.0  0.04
591  2689.0  0.04
592  2689.0  0.04
593  2689.0  0.04
594  2689.0  0.04
595  2689.0  0.04
596  2689.0  0.04
597  2689.0  0.04
598  2689.0  0.04
599  2689.0  0.04
600  2689.0  0.04
601  2689.0  0.04
602  2689.0  0.04
603  2689.0  0.04
604  2689.0  0.04
605  2689.0  0.04
606  2689.0  0.04
607  2689.0  0.04
608  2689.0  0.04
609  2689.0  0.04
610  2689.0  0.04
611  2689.0  0.04
612  2689.0  0.04
613  2689.0  0.04
614  2689.0  0.04
615  2689.0  0.04
616  2689.0  0.04
617  2689.0  0.04
618  2689.0  0.04
619  2689.0  0.04
620  2689.0  0.04
621  2689.0  0.04
622  2689.0  0.04
623  2689.0  0.04
624  2689.0  0.04
625  2689.0  0.04
626  2689.0  0.04
627  2689.0  0.04
628  2689.0  0.04
629  2689.0  0.04
630  2689.0  0.04
631  2689.0  0.04
632  2689.0  0.04
633  2689.0  0.04
634  2689.0  0.04
635  2689.0  0.04
636  2689.0  0.04
637  2689.0  0.04
638  2689.0  0.04
639  2689.0  0.04
640  2689.0  0.04
641  2689.0  0.04
642  2689.0  0.04
643  2689.0  0.04
644  2689.0  0.04
645  2689.0  0.04
646  2689.0  0.04
647  2689.0  0.04
648  2689.0  0.04
649  2689.0  0.04
650  2689.0  0.04
651  2689.0  0.04
652  2689.0  0.04
653  2689.0  0.04
654  2689.0  0.04
655  2689.0  0.04
656  2689.0  0.04
657  2689.0  0.04
658  2689.0  0.04
659  2689.0  0.04
660  2689.0  0.04
661  2689.0  0.04
662  2689.0  0.04
663  2689.0  0.04
664  2689.0  0.04
665  2689.0  0.04
666  2689.0  0.04
667  2689.0  0.04
668  2689.0  0.04
669  2689.0  0.04
670  2689.0  0.04
671  2689.0  0.04
672  2689.0  0.04
673  2689.0  0.04
674  2689.0  0.04
675  2689.0  0.04
676  2689.0  0.04
677  2689.0  0.04
678  2689.0  0.04
679  2689.0  0.04
680  2689.0  0.04
681  2689.0  0.04
682  2689.0  0.04
683  2689.0  0.04
684  2689.0  0.04
685  2689.0  0.04
686  2689.0  0.04
687  2689.0  0.04
688  2689.0  0.04
689  2689.0  0.04
690  2689.0  0.04
691  2689.0  0.04
692  2689.0  0.04
693  2689.0  0.04
694  2689.0  0.04
695  2689.0  0.04
696  2689.0  0.04
697  2689.0  0.04
698  2689.0  0.04
699  2689.0  0.04
700  2689.0  0.04
701  2689.0  0.04
702  2689.0  0.04
703  2689.0  0.04
704  2689.0  0.04
705  2689.0  0.04
706  2689.0  0.04
707  2689.0  0.04
708  2689.0  0.04
709  2689.0  0.04
710  2689.0  0.04
711  2689.0  0.04
712  2689.0  0.04
713  2689.0  0.04
714  2689.0  0.04
715  2689.0  0.04
716  2689.0  0.04
717  2689.0  0.04
718  2689.0  0.04
719  2689.0  0.04
720  2689.0  0.04
721  2689.0  0.04
722  2689.0  0.04
723  2689.0  0.04
724  2689.0  0.04
725  2689.0  0.04
726  2689.0  0.04
727  2689.0  0.04
728  2689.0  0.04
729  2689.0  0.04
730  2689.0  0.04
731  2689.0  0.04
732  2689.0  0.04
733  2689.0  0.04
734  2689.0  0.04
735  2689.0  0.04
736  2689.0  0.04
737  2689.0  0.04
738  2689.0  0.04
739  2689.0  0.04
740  2689.0  0.04
741  2689.0  0.04
742  2689.0  0.04
743  2689.0  0.04
744  2689.0  0.04
745  2689.0  0.04
746  2689.0  0.04
747  2689.0  0.04
748  2689.0  0.04
749  2689.0  0.04
750  2689.0  0.04
751  2689.0  0.04
752  2689.0  0.04
753  2689.0  0.04
754  2689.0  0.04
755  2689.0  0.04
756  2689.0  0.04
757  2689.0  0.04
758  2689.0  0.04
759  2689.0  0.04
760  2689.0  0.04
761  2689.0  0.04
762  2689.0  0.04
763  2689.0  0.04
764  2689.0  0.04
765  2689.0  0.04
766  2689.0  0.04
767  2689.0  0.04
768  2689.0  0.04
769  2689.0  0.04
770  2689.0  0.04
771  2689.0  0.04
772  2689.0  0.04
773  2689.0  0.04
774  2689.0  0.04
775  2689.0  0.04
776  2689.0  0.04
777  2689.0  0.04
778  2689.0  0.04
779  2689.0  0.04
780  2689.0  0.04
781  2689.0  0.04
782  2689.0  0.04
783  2689.0  0.04
784  2689.0  0.04
785  2689.0  0.04
786  2689.0  0.04
787  2689.0  0.04
788  2689.0  0.04
789  2689.0  0.04
790  2689.0  0.04
791  2689.0  0.04
792  2689.0  0.04
793  2689.0  0.04
794  2689.0  0.04
795  2689.0  0.04
796  2689.0  0.04
797  2689.0  0.04
798  2689.0  0.04
799  2689.0  0.04
800  2689.0  0.04
801  2689.0  0.04
802  2689.0  0.04
803  2689.0  0.04
804  2689.0  0.04
805  2689.0  0.04
806  2689.0  0.04
807  2689.0  0.04
808  2689.0  0.04
809  2689.0  0.04
810  2689.0  0.04
811  2689.0  0.04
812  2689.0  0.04
813  2689.0  0.04
814  2689.0  0.04
815  2689.0  0.04
816  2689.0  0.04
817  2689.0  0.04
818  2689.0  0.04
819  2689.0  0.04
820  2689.0  0.04
821  2689.0  0.04
822  2689.0  0.04
823  2689.0  0.04
824  2689.0  0.04
825  2689.0  0.04
826  2689.0  0.04
827  2689.0  0.04
828  2689.0  0.04
829  2689.0  0.04
830  2689.0  0.04
831  2689.0  0.04
832  2689.0  0.04
833  2689.0  0.04
834  2689.0  0.04
835  2689.0  0.04
836  2689.0  0.04
837  2689.0  0.04
838  2689.0  0.04
839  2689.0  0.04
840  2689.0  0.04
841  2689.0  0.04
842  2689.0  0.04
843  2689.0  0.04
844  2689.0  0.04
845  2689.0  0.04
846  2689.0  0.04
847  2689.0  0.04
848  2689.0  0.04
849  2689.0  0.04
850  2689.0  0.04
851  2689.0  0.04
852  2689.0  0.04
853  2689.0  0.04
854  2689.0  0.04
855  2689.0  0.04
856  2689.0  0.04
857  2689.0  0.04
858  2689.0  0.04
859  2689.0  0.04
860  2689.0  0.04
861  2689.0  0.04
862  2689.0  0.04
863  2689.0  0.04
864  2689.0  0.04
865  2689.0  0.04
866  2689.0  0.04
867  2689.0  0.04
868  2689.0  0.04
869  2689.0  0.04
870  2689.0  0.04
871  2689.0  0.04
872  2689.0  0.04
873  2689.0  0.04
874  2689.0  0.04
875  2689.0  0.04
876  2689.0  0.04
877  2689.0  0.04
878  2689.0  0.04
879  2689.0  0.04
880  2689.0  0.04
881  2689.0  0.04
882  2689.0  0.04
883  2689.0  0.04
884  2689.0  0.04
885  2689.0  0.04
886  2689.0  0.04
887  2689.0  0.04
888  2689.0  0.04
889  2689.0  0.04
890  2689.0  0.04
891  2689.0  0.04
892  2689.0  0.04
893  2689.0  0.04
894  2689.0  0.04
895  2689.0  0.04
896  2689.0  0.04
897  2689.0  0.04
898  2689.0  0.04
899  2689.0  0.04
900  2689.0  0.04
901  2689.0  0.04
902  2689.0  0.04
903  2689.0  0.04
904  2689.0  0.04
905  2689.0  0.04
906  2689.0  0.04
907  2689.0  0.04
908  2689.0  0.04
909  2689.0  0.04
910  2689.0  0.04
911  2689.0  0.04
912  2689.0  0.04
913  2689.0  0.04
914  2689.0  0.04
915  2689.0  0.04
916  2689.0  0.04
917  2689.0  0.04
918  2689.0  0.04
919  2689.0  0.04
920  2689.0  0.04
921  2689.0  0.04
922  2689.0  0.04
923  2689.0  0.04
924  2689.0  0.04
925  2689.0  0.04
926  2689.0  0.04
927  2689.0  0.04
928  2689.0  0.04
929  2689.0  0.04
930  2689.0  0.04
931  2689.0  0.04
932  2689.0  0.04
933  2689.0  0.04
934  2689.0  0.04
935  2689.0  0.04
936  2689.0  0.04
937  2706.5  0.02
938  2706.5  0.02
939  2706.5  0.02
940  2706.5  0.02
941  2706.5  0.02
942  2706.5  0.02
943  2706.5  0.02
944  2706.5  0.02
945  2706.5  0.02
946  2706.5  0.02
947  2706.5  0.02
948  2706.5  0.02
949  2706.5  0.02
950  2706.5  0.02
951  2706.5  0.02
952  2706.5  0.02
953  2706.5  0.02
954  2706.5  0.02
955  2706.5  0.02
956  2706.5  0.02
957  2706.5  0.02
958  2706.5  0.02
959  2706.5  0.02
960  2706.5  0.02
961  2706.5  0.02
962  2706.5  0.02
963  2706.5  0.02
964  2706.5  0.02
965  2706.5  0.02
966  2706.5  0.02
967  2706.5  0.02
968  2706.5  0.02
969  2706.5  0.02
970  2706.5  0.02
971  2706.5  0.02
972  2706.5  0.02
973  2706.5  0.02
974  2706.5  0.02
975  2706.5  0.02
976  2706.5  0.02
977  2706.5  0.02
978  2706.5  0.02
979  2706.5  0.02
980  2706.5  0.02
981  2706.5  0.02
982  2706.5  0.02
983  2706.5  0.02
984  2706.5  0.02
985  2706.5  0.02
986  2706.5  0.02
987  2706.5  0.02
988  2706.5  0.02
989  2706.5  0.02
990  2706.5  0.02
991  2706.5  0.02
992  2706.5  0.02
993  2706.5  0.02
994  2706.5  0.02
995  2706.5  0.02
996  2706.5  0.02
997  2706.5  0.02
998  2706.5  0.02
999  2706.5  0.02
1000  2706.5  0.02
1001  2706.5  0.02
1002  2706.5  0.02
1003  2706.5  0.02
1004  2706.5  0.02
1005  2706.5  0.02
1006  2706.5  0.02
1007  2706.5  0.02
1008  2706.5  0.02
1009  2706.5  0.02
1010  2706.5  0.02
1011  2706.5  0.02
1012  2706.5  0.02
1013  2706.5  0.02
1014  2706.5  0.02
1015  2706.5  0.02
1016  2706.5  0.02
1017  2706.5  0.02
1018  2706.5  0.02
1019  2706.5  0.02
1020  2706.5  0.02
1021  2706.5  0.02
1022  2706.5  0.02
1023  2706.5  0.02
1024  2706.5  0.02
1025  2706.5  0.02
1026  2706.5  0.02
1027  2706.5  0.02
1028  2706.5  0.02
1029  2706.5  0.02
1030  2706.5  0.02
1031  2706.5  0.02
1032  2706.5  0.02
1033  2706.5  0.02
1034  2706.5  0.02
1035  2706.5  0.02
1036  2706.5  0.02
1037  2706.5  0.02
1038  2706.5  0.02
1039  2706.5  0.02
1040  2706.5  0.02
1041  2706.5  0.02
1042  2706.5  0.02
1043  2706.5  0.02
1044  2706.5  0.02
1045  2706.5  0.02
1046  2706.5  0.02
1047  2706.5  0.02
1048  2706.5  0.02
1049  2706.5  0.02
1050  2706.5  0.02
1051  2706.5  0.02
1052  2706.5  0.02
1053  2706.5  0.02
1054  2706.5  0.02
1055  2706.5  0.02
1056  2706.5  0.02
1057  2706.5  0.02
1058  2706.5  0.02
1059  2706.5  0.02
1060  2706.5  0.02
1061  2706.5  0.02
1062  2706.5  0.02
1063  2706.5  0.02
1064  2706.5  0.02
1065  2706.5  0.02
1066  2706.5  0.02
1067  2706.5  0.02
1068  2706.5  0.02
1069  2706.5  0.02
1070  2706.5  0.02
1071  2706.5  0.02
1072  2706.5  0.02
1073  2706.5  0.02
1074  2706.5  0.02
1075  2706.5  0.02
1076  2706.5  0.02
1077  2706.5  0.02
1078  2706.5  0.02
1079  2706.5  0.02
1080  2706.5  0.02
1081  2706.5  0.02
1082  2706.5  0.02
1083  2706.5  0.02
1084  2706.5  0.02
1085  2706.5  0.02
1086  2706.5  0.02
1087  2706.5  0.02
1088  2706.5  0.02
1089  2706.5  0.02
1090  2706.5  0.02
1091  2706.5  0.02
1092  2706.5  0.02
1093  2706.5  0.02
1094  2706.5  0.02
1095  2706.5  0.02
1096  2706.5  0.02
1097  2706.5  0.02
1098  2706.5  0.02
1099  2706.5  0.02
1100  2706.5  0.02
1101  2706.5  0.02
1102  2706.5  0.02
1103  2706.5  0.02
1104  2706.5  0.02
1105  2706.5  0.02
1106  2706.5  0.02
1107  2706.5  0.02
1108  2706.5  0.02
1109  2706.5  0.02
1110  2706.5  0.02
1111  2706.5  0.02
1112  2706.5  0.02
1113  2706.5  0.02
1114  2706.5  0.02
1115  2706.5  0.02
1116  2706.5  0.02
1117  2706.5  0.02
1118  2706.5  0.02
1119  2706.5  0.02
1120  2706.5  0.02
1121  2706.5  0.02
1122  2706.5  0.02
1123  2706.5  0.02
1124  2706.5  0.02
1125  2706.5  0.02
1126  2706.5  0.02
1127  2706.5  0.02
1128  2706.5  0.02
1129  2706.5  0.02
1130  2706.5  0.02
1131  2706.5  0.02
1132  2706.5  0.02
1133  2706.5  0.02
1134  2706.5  0.02
1135  2706.5  0.02
1136  2706.5  0.02
1137  2706.5  0.02
1138  2706.5  0.02
1139  2706.5  0.02
1140  2706.5  0.02
1141  2706.5  0.02
1142  2706.5  0.02
1143  2706.5  0.02
1144  2706.5  0.02
1145  2706.5  0.02
1146  2706.5  0.02
1147  2706.5  0.02
1148  2706.5  0.02
1149  2706.5  0.02
1150  2706.5  0.02
1151  2706.5  0.02
1152  2706.5  0.02
1153  2706.5  0.02
1154  2706.5  0.02
1155  2706.5  0.02
1156  2706.5  0.02
1157  2706.5  0.02
1158  2706.5  0.02
1159  2706.5  0.02
1160  2706.5  0.02
1161  2706.5  0.02
1162  2706.5  0.02
1163  2706.5  0.02
1164  2706.5  0.02
1165  2706.5  0.02
1166  2706.5  0.02
1167  2706.5  0.02
1168  2706.5  0.02
1169  2706.5  0.02
1170  2706.5  0.02
1171  2706.5  0.02
1172  2706.5  0.02
1173  2706.5  0.02
1174  2706.5  0.02
1175  2706.5  0.02
1176  2706.5  0.02
1177  2706.5  0.02
1178  2706.5  0.02
1179  2706.5  0.02
1180  2706.5  0.02
1181  2706.5  0.02
1182  2706.5  0.02
1183  2706.5  0.02
1184  2706.5  0.02
1185  2706.5  0.02
1186  2706.5  0.02
1187  2706.5  0.02
1188  2706.5  0.02
1189  2706.5  0.02
1190  2706.5  0.02
1191  2706.5  0.02
1192  2706.5  0.02
1193  2706.5  0.02
1194  2706.5  0.02
1195  2706.5  0.02
1196  2706.5  0.02
1197  2706.5  0.02
1198  2706.5  0.02
1199  2706.5  0.02
1200  2706.5  0.02
1201  2706.5  0.02
1202  2706.5  0.02
1203  2706.5  0.02
1204  2706.5  0.02
1205  2706.5  0.02
1206  2706.5  0.02
1207  2706.5  0.02
1208  2706.5  0.02
1209  2706.5  0.02
1210  2706.5  0.02
1211  2706.5  0.02
1212  2706.5  0.02
1213  2706.5  0.02
1214  2706.5  0.02
1215  2706.5  0.02
1216  2706.5  0.02
1217  2706.5  0.02
1218  2706.5  0.02
1219  2706.5  0.02
1220  2706.5  0.02
1221  2706.5  0.02
1222  2706.5  0.02
1223  2706.5  0.02
1224  2706.5  0.02
1225  2706.5  0.02
1226  2706.5  0.02
1227  2706.5  0.02
1228  2706.5  0.02
1229  2706.5  0.02
1230  2706.5  0.02
1231  2706.5  0.02
1232  2706.5  0.02
1233  2706.5  0.02
1234  2706.5  0.02
1235  2706.5  0.02
1236  2706.5  0.02
1237  2706.5  0.02
1238  2706.5  0.02
1239  2706.5  0.02
1240  2706.5  0.02
1241  2706.5  0.02
1242  2706.5  0.02
1243  2706.5  0.02
1244  2706.5  0.02
1245  2706.5  0.02
1246  2706.5  0.02
1247  2706.5  0.02
1248  2706.5  0.02
1249  2706.5  0.02
1250  2706.5  0.02
1251  2706.5  0.02
1252  2706.5  0.02
1253  2706.5  0.02
1254  2706.5  0.02
1255  2706.5  0.02
1256  2706.5  0.02
1257  2706.5  0.02
1258  2706.5  0.02
1259  2706.5  0.02
1260  2706.5  0.02
1261  2706.5  0.02
1262  2706.5  0.02
1263  2706.5  0.02
1264  2706.5  0.02
1265  2706.5  0.02
1266  2706.5  0.02
1267  2706.5  0.02
1268  2706.5  0.02
1269  2706.5  0.02
1270  2706.5  0.02
1271  2706.5  0.02
1272  2706.5  0.02
1273  2706.5  0.02
1274  2706.5  0.02
1275  2706.5  0.02
1276  2706.5  0.02
1277  2706.5  0.02
1278  2706.5  0.02
1279  2706.5  0.02
1280  2706.5  0.02
1281  2706.5  0.02
1282  2706.5  0.02
1283  2706.5  0.02
1284  2706.5  0.02
1285  2706.5  0.02
1286  2706.5  0.02
1287  2706.5  0.02
1288  2706.5  0.02
1289  2706.5  0.02
1290  2706.5  0.02
1291  2706.5  0.02
1292  2706.5  0.02
1293  2706.5  0.02
1294  2706.5  0.02
1295  2706.5  0.02
1296  2706.5  0.02
1297  2706.5  0.02
1298  2706.5  0.02
1299  2706.5  0.02
1300  2706.5  0.02
1301  2706.5  0.02
1302  2706.5  0.02
1303  2706.5  0.02
1304  2706.5  0.02
1305  2706.5  0.02
1306  2706.5  0.02
1307  2706.5  0.02
1308  2706.5  0.02
1309  2706.5  0.02
1310  2706.5  0.02
1311  2706.5  0.02
1312  2706.5  0.02
1313  2706.5  0.02
1314  2706.5  0.02
1315  2706.5  0.02
1316  2706.5  0.02
1317  2706.5  0.02
1318  2706.5  0.02
1319  2706.5  0.02
1320  2706.5  0.02
1321  2706.5  0.02
1322  2706.5  0.02
1323  2706.5  0.02
1324  2706.5  0.02
1325  2706.5  0.02
1326  2706.5  0.02
1327  2706.5  0.02
1328  2706.5  0.02
1329  2706.5  0.02
1330  2706.5  0.02
1331  2706.5  0.02
1332  2706.5  0.02
1333  2706.5  0.02
1334  2706.5  0.02
1335  2706.5  0.02
1336  2706.5  0.02
1337  2706.5  0.02
1338  2706.5  0.02
1339  2706.5  0.02
1340  2706.5  0.02
1341  2706.5  0.02
1342  2706.5  0.02
1343  2706.5  0.02
1344  2706.5  0.02
1345  2706.5  0.02
1346  2706.5  0.02
1347  2706.5  0.02
1348  2706.5  0.02
1349  2706.5  0.02
1350  2706.5  0.02
1351  2706.5  0.02
1352  2706.5  0.02
1353  2706.5  0.02
1354  2706.5  0.02
1355  2706.5  0.02
1356  2706.5  0.02
1357  2706.5  0.02
1358  2706.5  0.02
1359  2706.5  0.02
1360  2706.5  0.02
1361  2706.5  0.02
1362  2706.5  0.02
1363  2706.5  0.02
1364  2706.5  0.02
1365  2706.5  0.02
1366  2706.5  0.02
1367  2706.5  0.02
1368  2706.5  0.02
1369  2706.5  0.02
1370  2706.5  0.02
1371  2706.5  0.02
1372  2706.5  0.02
1373  2706.5  0.02
1374  2706.5  0.02
1375  2706.5  0.02
1376  2706.5  0.02
1377  2706.5  0.02
1378  2706.5  0.02
1379  2706.5  0.02
1380  2706.5  0.02
1381  2706.5  0.02
1382  2706.5  0.02
1383  2706.5  0.02
1384  2706.5  0.02
1385  2706.5  0.02
1386  2706.5  0.02
1387  2706.5  0.02
1388  2706.5  0.02
1389  2706.5  0.02
1390  2706.5  0.02
1391  2706.5  0.02
1392  2706.5  0.02
1393  2706.5  0.02
1394  2706.5  0.02
1395  2706.5  0.02
1396  2706.5  0.02
1397  2706.5  0.02
1398  2706.5  0.02
1399  2706.5  0.02
1400  2706.5  0.02
1401  2706.5  0.02
1402  2706.5  0.02
1403  2706.5  0.02
1404  2706.5  0.02
1405  2706.5  0.02
1406  2706.5  0.02
1407  2706.5  0.02
1408  2706.5  0.02
1409  2706.5  0.02
1410  2706.5  0.02
1411  2706.5  0.02
1412  2706.5  0.02
1413  2706.5  0.02
1414  2706.5  0.02
1415  2706.5  0.02
1416  2706.5  0.02
1417  2706.5  0.02
1418  2706.5  0.02
1419  2706.5  0.02
1420  2706.5  0.02
1421  2706.5  0.02
1422  2706.5  0.02
1423  2706.5  0.02
1424  2706.5  0.02
1425  2706.5  0.02
1426  2706.5  0.02
1427  2706.5  0.02
1428  2706.5  0.02
1429  2706.5  0.02
1430  2706.5  0.02
1431  2706.5  0.02
1432  2706.5  0.02
1433  2706.5  0.02
1434  2706.5  0.02
1435  2706.5  0.02
1436  2706.5  0.02
1437  2706.5  0.02
1438  2706.5  0.02
1439  2706.5  0.02
1440  2706.5  0.02
1441  2706.5  0.02
1442  2706.5  0.02
1443  2706.5  0.02
1444  2706.5  0.02
1445  2706.5  0.02
1446  2706.5  0.02
1447  2706.5  0.02
1448  2706.5  0.02
1449  2706.5  0.02
1450  2706.5  0.02
1451  2706.5  0.02
1452  2706.5  0.02
1453  2706.5  0.02
1454  2706.5  0.02
1455  2706.5  0.02
1456  2706.5  0.02
1457  2706.5  0.02
1458  2706.5  0.02
1459  2706.5  0.02
1460  2706.5  0.02
1461  2706.5  0.02
1462  2706.5  0.02
1463  2706.5  0.02
1464  2706.5  0.02
1465  2706.5  0.02
1466  2706.5  0.02
1467  2706.5  0.02
1468  2706.5  0.02
1469  2706.5  0.02
1470  2706.5  0.02
1471  2706.5  0.02
1472  2706.5  0.02
1473  2720.75  0.02
1474  2720.75  0.02
1475  2720.75  0.02
1476  2720.75  0.02
1477  2720.75  0.02
1478  2720.75  0.02
1479  2720.75  0.02
1480  2720.75  0.02
1481  2720.75  0.02
1482  2720.75  0.02
1483  2720.75  0.02
1484  2720.75  0.02
1485  2720.75  0.02
1486  2720.75  0.02
1487  2720.75  0.02
1488  2720.75  0.02
1489  2720.75  0.02
1490  2720.75  0.02
1491  2720.75  0.02
1492  2720.75  0.02
1493  2720.75  0.02
1494  2720.75  0.02
1495  2720.75  0.02
1496  2720.75  0.02
1497  2720.75  0.02
1498  2720.75  0.02
1499  2720.75  0.02
1500  2720.75  0.02
1501  2720.75  0.02
1502  2720.75  0.02
1503  2720.75  0.02
1504  2720.75  0.02
1505  2720.75  0.02
1506  2720.75  0.02
1507  2720.75  0.02
1508  2720.75  0.02
1509  2720.75  0.02
1510  2720.75  0.02
1511  2720.75  0.02
1512  2720.75  0.02
1513  2720.75  0.02
1514  2720.75  0.02
1515  2720.75  0.02
1516  2720.75  0.02
1517  2720.75  0.02
1518  2720.75  0.02
1519  2720.75  0.02
1520  2720.75  0.02
1521  2720.75  0.02
1522  2720.75  0.02
1523  2720.75  0.02
1524  2720.75  0.02
1525  2720.75  0.02
1526  2720.75  0.02
1527  2720.75  0.02
1528  2720.75  0.02
1529  2720.75  0.02
1530  2720.75  0.02
1531  2720.75  0.02
1532  2720.75  0.02
1533  2720.75  0.02
1534  2720.75  0.02
1535  2720.75  0.02
1536  2720.75  0.02
1537  2720.75  0.02
1538  2720.75  0.02
1539  2720.75  0.02
1540  2720.75  0.02
1541  2720.75  0.02
1542  2720.75  0.02
1543  2720.75  0.02
1544  2720.75  0.02
1545  2720.75  0.02
1546  2720.75  0.02
1547  2720.75  0.02
1548  2720.75  0.02
1549  2720.75  0.02
1550  2720.75  0.02
1551  2720.75  0.02
1552  2720.75  0.02
1553  2720.75  0.02
1554  2720.75  0.02
1555  2720.75  0.02
1556  2720.75  0.02
1557  2720.75  0.02
1558  2720.75  0.02
1559  2720.75  0.02
1560  2720.75  0.02
1561  2720.75  0.02
1562  2720.75  0.02
1563  2720.75  0.02
1564  2720.75  0.02
1565  2720.75  0.02
1566  2720.75  0.02
1567  2720.75  0.02
1568  2720.75  0.02
1569  2720.75  0.02
1570  2720.75  0.02
1571  2720.75  0.02
1572  2720.75  0.02
1573  2720.75  0.02
1574  2720.75  0.02
1575  2720.75  0.02
1576  2720.75  0.02
1577  2720.75  0.02
1578  2720.75  0.02
1579  2720.75  0.02
1580  2720.75  0.02
1581  2720.75  0.02
1582  2720.75  0.02
1583  2720.75  0.02
1584  2720.75  0.02
1585  2720.75  0.02
1586  2720.75  0.02
1587  2720.75  0.02
1588  2720.75  0.02
1589  2720.75  0.02
1590  2720.75  0.02
1591  2720.75  0.02
1592  2720.75  0.02
1593  2720.75  0.02
1594  2720.75  0.02
1595  2720.75  0.02
1596  2720.75  0.02
1597  2720.75  0.02
1598  2720.75  0.02
1599  2720.75  0.02
1600  2720.75  0.02
1601  2720.75  0.02
1602  2720.75  0.02
1603  2720.75  0.02
1604  2720.75  0.02
1605  2720.75  0.02
1606  2720.75  0.02
1607  2720.75  0.02
1608  2720.75  0.02
1609  2720.75  0.02
1610  2720.75  0.02
1611  2720.75  0.02
1612  2720.75  0.02
1613  2720.75  0.02
1614  2720.75  0.02
1615  2720.75  0.02
1616  2720.75  0.02
1617  2720.75  0.02
1618  2720.75  0.02
1619  2720.75  0.02
1620  2720.75  0.02
1621  2720.75  0.02
1622  2720.75  0.02
1623  2720.75  0.02
1624  2720.75  0.02
1625  2720.75  0.02
1626  2720.75  0.02
1627  2720.75  0.02
1628  2720.75  0.02
1629  2720.75  0.02
1630  2720.75  0.02
1631  2720.75  0.02
1632  2720.75  0.02
1633  2720.75  0.02
1634  2720.75  0.02
1635  2720.75  0.02
1636  2720.75  0.02
1637  2720.75  0.02
1638  2720.75  0.02
1639  2720.75  0.02
1640  2720.75  0.02
1641  2720.75  0.02
1642  2720.75  0.02
1643  2720.75  0.02
1644  2720.75  0.02
1645  2720.75  0.02
1646  2720.75  0.02
1647  2720.75  0.02
1648  2720.75  0.02
1649  2720.75  0.02
1650  2720.75  0.02
1651  2720.75  0.02
1652  2720.75  0.02
1653  2720.75  0.02
1654  2720.75  0.02
1655  2720.75  0.02
1656  2720.75  0.02
1657  2720.75  0.02
1658  2720.75  0.02
1659  2720.75  0.02
1660  2720.75  0.02
1661  2720.75  0.02
1662  2720.75  0.02
1663  2720.75  0.02
1664  2720.75  0.02
1665  2720.75  0.02
1666  2720.75  0.02
1667  2720.75  0.02
1668  2720.75  0.02
1669  2720.75  0.02
1670  2720.75  0.02
1671  2720.75  0.02
1672  2720.75  0.02
1673  2720.75  0.02
1674  2720.75  0.02
1675  2720.75  0.02
1676  2720.75  0.02
1677  2720.75  0.02
1678  2720.75  0.02
1679  2720.75  0.02
1680  2720.75  0.02
1681  2720.75  0.02
1682  2720.75  0.02
1683  2720.75  0.02
1684  2720.75  0.02
1685  2720.75  0.02
1686  2720.75  0.02
1687  2720.75  0.02
1688  2720.75  0.02
1689  2720.75  0.02
1690  2720.75  0.02
1691  2720.75  0.02
1692  2720.75  0.02
1693  2720.75  0.02
1694  2720.75  0.02
1695  2720.75  0.02
1696  2720.75  0.02
1697  2720.75  0.02
1698  2720.75  0.02
1699  2720.75  0.02
1700  2720.75  0.02
1701  2720.75  0.02
1702  2720.75  0.02
1703  2720.75  0.02
1704  2720.75  0.02
1705  2720.75  0.02
1706  2720.75  0.02
1707  2720.75  0.02
1708  2720.75  0.02
1709  2720.75  0.02
1710  2720.75  0.02
1711  2720.75  0.02
1712  2720.75  0.02
1713  2720.75  0.02
1714  2720.75  0.02
1715  2720.75  0.02
1716  2720.75  0.02
1717  2720.75  0.02
1718  2720.75  0.02
1719  2720.75  0.02
1720  2720.75  0.02
1721  2720.75  0.02
1722  2720.75  0.02
1723  2720.75  0.02
1724  2720.75  0.02
1725  2720.75  0.02
1726  2720.75  0.02
1727  2720.75  0.02
1728  2720.75  0.02
1729  2720.75  0.02
1730  2720.75  0.02
1731  2720.75  0.02
1732  2720.75  0.02
1733  2720.75  0.02
1734  2720.75  0.02
1735  2720.75  0.02
1736  2720.75  0.02
1737  2720.75  0.02
1738  2720.75  0.02
1739  2720.75  0.02
1740  2720.75  0.02
1741  2720.75  0.02
1742  2720.75  0.02
1743  2720.75  0.02
1744  2720.75  0.02
1745  2720.75  0.02
1746  2720.75  0.02
1747  2720.75  0.02
1748  2720.75  0.02
1749  2720.75  0.02
1750  2720.75  0.02
1751  2720.75  0.02
1752  2720.75  0.02
1753  2720.75  0.02
1754  2720.75  0.02
1755  2720.75  0.02
1756  2720.75  0.02
1757  2720.75  0.02
1758  2720.75  0.02
1759  2720.75  0.02
1760  2720.75  0.02
1761  2720.75  0.02
1762  2720.75  0.02
1763  2720.75  0.02
1764  2720.75  0.02
1765  2720.75  0.02
1766  2720.75  0.02
1767  2720.75  0.02
1768  2720.75  0.02
1769  2720.75  0.02
1770  2720.75  0.02
1771  2720.75  0.02
1772  2720.75  0.02
1773  2720.75  0.02
1774  2720.75  0.02
1775  2720.75  0.02
1776  2720.75  0.02
1777  2720.75  0.02
1778  2720.75  0.02
1779  2720.75  0.02
1780  2720.75  0.02
1781  2720.75  0.02
1782  2720.75  0.02
1783  2720.75  0.02
1784  2720.75  0.02
1785  2720.75  0.02
1786  2720.75  0.02
1787  2720.75  0.02
1788  2720.75  0.02
1789  2720.75  0.02
1790  2720.75  0.02
1791  2720.75  0.02
1792  2720.75  0.02
1793  2720.75  0.02
1794  2720.75  0.02
1795  2720.75  0.02
1796  2720.75  0.02
1797  2720.75  0.02
1798  2720.75  0.02
1799  2720.75  0.02
1800  2720.75  0.02
1801  2720.75  0.02
1802  2720.75  0.02
1803  2720.75  0.02
1804  2720.75  0.02
1805  2720.75  0.02
1806  2720.75  0.02
1807  2720.75  0.02
1808  2720.75  0.02
1809  2720.75  0.02
1810  2720.75  0.02
1811  2720.75  0.02
1812  2720.75  0.02
1813  2720.75  0.02
1814  2720.75  0.02
1815  2720.75  0.02
1816  2720.75  0.02
1817  2720.75  0.02
1818  2720.75  0.02
1819  2720.75  0.02
1820  2720.75  0.02
1821  2720.75  0.02
1822  2720.75  0.02
1823  2720.75  0.02
1824  2720.75  0.02
1825  2720.75  0.02
1826  2720.75  0.02
1827  2720.75  0.02
1828  2720.75  0.02
1829  2720.75  0.02
1830  2720.75  0.02
1831  2720.75  0.02
1832  2720.75  0.02
1833  2720.75  0.02
1834  2720.75  0.02
1835  2720.75  0.02
1836  2720.75  0.02
1837  2720.75  0.02
1838  2720.75  0.02
1839  2720.75  0.02
1840  2720.75  0.02
1841  2720.75  0.02
1842  2720.75  0.02
1843  2720.75  0.02
1844  2720.75  0.02
1845  2720.75  0.02
1846  2720.75  0.02
1847  2720.75  0.02
1848  2720.75  0.02
1849  2720.75  0.02
1850  2720.75  0.02
1851  2720.75  0.02
1852  2720.75  0.02
1853  2720.75  0.02
1854  2720.75  0.02
1855  2720.75  0.02
1856  2720.75  0.02
1857  2720.75  0.02
1858  2720.75  0.02
1859  2720.75  0.02
1860  2720.75  0.02
1861  2720.75  0.02
1862  2720.75  0.02
1863  2720.75  0.02
1864  2720.75  0.02
1865  2720.75  0.02
1866  2720.75  0.02
1867  2720.75  0.02
1868  2720.75  0.02
1869  2720.75  0.02
1870  2720.75  0.02
1871  2720.75  0.02
1872  2720.75  0.02
1873  2720.75  0.02
1874  2720.75  0.02
1875  2720.75  0.02
1876  2720.75  0.02
1877  2720.75  0.02
1878  2720.75  0.02
1879  2720.75  0.02
1880  2720.75  0.02
1881  2720.75  0.02
1882  2720.75  0.02
1883  2720.75  0.02
1884  2720.75  0.02
1885  2720.75  0.02
1886  2720.75  0.02
1887  2720.75  0.02
1888  2720.75  0.02
1889  2720.75  0.02
1890  2720.75  0.02
1891  2720.75  0.02
1892  2720.75  0.02
1893  2720.75  0.02
1894  2720.75  0.02
1895  2720.75  0.02
1896  2720.75  0.02
1897  2720.75  0.02
1898  2720.75  0.02
1899  2720.75  0.02
1900  2720.75  0.02
1901  2720.75  0.02
1902  2720.75  0.02
1903  2720.75  0.02
1904  2720.75  0.02
1905  2720.75  0.02
1906  2720.75  0.02
1907  2720.75  0.02
1908  2720.75  0.02
1909  2720.75  0.02
1910  2720.75  0.02
1911  2720.75  0.02
1912  2720.75  0.02
1913  2720.75  0.02
1914  2720.75  0.02
1915  2720.75  0.02
1916  2720.75  0.02
1917  2720.75  0.02
1918  2720.75  0.02
1919  2720.75  0.02
1920  2720.75  0.02
1921  2720.75  0.02
1922  2720.75  0.02
1923  2720.75  0.02
1924  2720.75  0.02
1925  2720.75  0.02
1926  2720.75  0.02
1927  2720.75  0.02
1928  2720.75  0.02
1929  2720.75  0.02
1930  2720.75  0.02
1931  2720.75  0.02
1932  2720.75  0.02
1933  2720.75  0.02
1934  2720.75  0.02
1935  2720.75  0.02
1936  2720.75  0.02
1937  2720.75  0.02
1938  2720.75  0.02
1939  2720.75  0.02
1940  2720.75  0.02
1941  2720.75  0.02
1942  2720.75  0.02
1943  2720.75  0.02
1944  2720.75  0.02
1945  2720.75  0.02
1946  2720.75  0.02
1947  2720.75  0.02
1948  2720.75  0.02
1949  2720.75  0.02
1950  2720.75  0.02
1951  2720.75  0.02
1952  2720.75  0.02
1953  2720.75  0.02
1954  2720.75  0.02
1955  2720.75  0.02
1956  2720.75  0.02
1957  2720.75  0.02
1958  2720.75  0.02
1959  2720.75  0.02
1960  2720.75  0.02
1961  2720.75  0.02
1962  2720.75  0.02
1963  2720.75  0.02
1964  2720.75  0.02
1965  2720.75  0.02
1966  2720.75  0.02
1967  2720.75  0.02
1968  2720.75  0.02
1969  2720.75  0.02
1970  2720.75  0.02
1971  2720.75  0.02
1972  2720.75  0.02
1973  2720.75  0.02
1974  2720.75  0.02
1975  2720.75  0.02
1976  2720.75  0.02
1977  2720.75  0.02
1978  2720.75  0.02
1979  2720.75  0.02
1980  2720.75  0.02
1981  2720.75  0.02
1982  2720.75  0.02
1983  2720.75  0.02
1984  2720.75  0.02
1985  2720.75  0.02
1986  2720.75  0.02
1987  2720.75  0.02
1988  2720.75  0.02
1989  2720.75  0.02
1990  2720.75  0.02
1991  2720.75  0.02
1992  2720.75  0.02
1993  2720.75  0.02
1994  2720.75  0.02
1995  2720.75  0.02
1996  2720.75  0.02
1997  2720.75  0.02
1998  2720.75  0.02
1999  2720.75  0.02
2000  2720.75  0.02
2001  2720.75  0.02
2002  2720.75  0.02
2003  2720.75  0.02
2004  2720.75  0.02
2005  2720.75  0.02
2006  2720.75  0.02
2007  2720.75  0.02
2008  2720.75  0.02
2009  2720.75  0.02
2010  2720.75  0.02
2011  2720.75  0.02
2012  2720.75  0.02
2013  2720.75  0.02
2014  2720.75  0.02
2015  2720.75  0.02
2016  2720.75  0.02
2017  2720.75  0.02
2018  2720.75  0.02
2019  2720.75  0.02
2020  2720.75  0.02
2021  2720.75  0.02
2022  2720.75  0.02
2023  2720.75  0.02
2024  2720.75  0.02
2025  2720.75  0.02
2026  2720.75  0.02
2027  2720.75  0.02
2028  2720.75  0.02
2029  2720.75  0.02
2030  2720.75  0.02
2031  2720.75  0.02
2032  2720.75  0.02
2033  2720.75  0.02
2034  2720.75  0.02
2035  2720.75  0.02
2036  2720.75  0.02
2037  2720.75  0.02
2038  2720.75  0.02
2039  2720.75  0.02
2040  2720.75  0.02
2041  2720.75  0.02
2042  2720.75  0.02
2043  2720.75  0.02
2044  2720.75  0.02
2045  2720.75  0.02
2046  2720.75  0.02
2047  2720.75  0.02
2048  2720.75  0.02
2049  2720.75  0.02
2050  2720.75  0.02
2051  2720.75  0.02
2052  2720.75  0.02
2053  2720.75  0.02
2054  2720.75  0.02
2055  2720.75  0.02
2056  2720.75  0.02
2057  2720.75  0.02
2058  2720.75  0.02
2059  2720.75  0.02
2060  2720.75  0.02
2061  2720.75  0.02
2062  2720.75  0.02
2063  2720.75  0.02
2064  2720.75  0.02
2065  2720.75  0.02
2066  2720.75  0.02
2067  2720.75  0.02
2068  2720.75  0.02
2069  2720.75  0.02
2070  2720.75  0.02
2071  2720.75  0.02
2072  2720.75  0.02
2073  2720.75  0.02
2074  2720.75  0.02
2075  2720.75  0.02
2076  2720.75  0.02
2077  2720.75  0.02
2078  2720.75  0.02
2079  2720.75  0.02
2080  2720.75  0.02
2081  2720.75  0.02
2082  2720.75  0.02
2083  2720.75  0.02
2084  2720.75  0.02
2085  2720.75  0.02
2086  2720.75  0.02
2087  2720.75  0.02
2088  2720.75  0.02
2089  2720.75  0.02
2090  2720.75  0.02
2091  2720.75  0.02
2092  2720.75  0.02
2093  2720.75  0.02
2094  2720.75  0.02
2095  2720.75  0.02
2096  2720.75  0.02
2097  2720.75  0.02
2098  2720.75  0.02
2099  2720.75  0.02
2100  2720.75  0.02
2101  2720.75  0.02
2102  2720.75  0.02
2103  2720.75  0.02
2104  2720.75  0.02
2105  2720.75  0.02
2106  2720.75  0.02
2107  2720.75  0.02
2108  2720.75  0.02
2109  2720.75  0.02
2110  2720.75  0.02
2111  2720.75  0.02
2112  2720.75  0.02
2113  2720.75  0.02
2114  2720.75  0.02
2115  2720.75  0.02
2116  2720.75  0.02
2117  2720.75  0.02
2118  2720.75  0.02
2119  2720.75  0.02
2120  2720.75  0.02
2121  2720.75  0.02
2122  2720.75  0.02
2123  2720.75  0.02
2124  2720.75  0.02
2125  2720.75  0.02
2126  2720.75  0.02
2127  2720.75  0.02
2128  2720.75  0.02
2129  2720.75  0.02
2130  2720.75  0.02
2131  2720.75  0.02
2132  2720.75  0.02
2133  2720.75  0.02
2134  2720.75  0.02
2135  2720.75  0.02
2136  2720.75  0.02
2137  2720.75  0.02
2138  2720.75  0.02
2139  2720.75  0.02
2140  2720.75  0.02
2141  2720.75  0.02
2142  2720.75  0.02
2143  2720.75  0.02
2144  2720.75  0.02
2145  2720.75  0.02
2146  2720.75  0.02
2147  2720.75  0.02
2148  2720.75  0.02
2149  2720.75  0.02
2150  2720.75  0.02
2151  2720.75  0.02
2152  2720.75  0.02
2153  2720.75  0.02
2154  2720.75  0.02
2155  2720.75  0.02
2156  2720.75  0.02
2157  2720.75  0.02
2158  2720.75  0.02
2159  2720.75  0.02
2160  2720.75  0.02
2161  2720.75  0.02
2162  2720.75  0.02
2163  2720.75  0.02
2164  2720.75  0.02
2165  2720.75  0.02
2166  2720.75  0.02
2167  2720.75  0.02
2168  2720.75  0.02
2169  2720.75  0.02
2170  2720.75  0.02
2171  2720.75  0.02
2172  2720.75  0.02
2173  2720.75  0.02
2174  2720.75  0.02
2175  2720.75  0.02
2176  2720.75  0.02
2177  2720.75  0.02
2178  2720.75  0.02
2179  2720.75  0.02
2180  2720.75  0.02
2181  2720.75  0.02
2182  2720.75  0.02
2183  2720.75  0.02
2184  2720.75  0.02
2185  2720.75  0.02
2186  2720.75  0.02
2187  2720.75  0.02
2188  2720.75  0.02
2189  2720.75  0.02
2190  2720.75  0.02
2191  2720.75  0.02
2192  2720.75  0.02
2193  2720.75  0.02
2194  2720.75  0.02
2195  2720.75  0.02
2196  2720.75  0.02
2197  2720.75  0.02
2198  2720.75  0.02
2199  2720.75  0.02
2200  2720.75  0.02
2201  2720.75  0.02
2202  2720.75  0.02
2203  2720.75  0.02
2204  2720.75  0.02
2205  2720.75  0.02
2206  2720.75  0.02
2207  2720.75  0.02
2208  2720.75  0.02
2209  2720.75  0.02
2210  2720.75  0.02
2211  2720.75  0.02
2212  2720.75  0.02
2213  2720.75  0.02
2214  2720.75  0.02
2215  2720.75  0.02
2216  2720.75  0.02
2217  2720.75  0.02
2218  2720.75  0.02
2219  2720.75  0.02
2220  2720.75  0.02
2221  2720.75  0.02
2222  2720.75  0.02
2223  2720.75  0.02
2224  2720.75  0.02
2225  2720.75  0.02
2226  2720.75  0.02
2227  2720.75  0.02
2228  2720.75  0.02
2229  2720.75  0.02
2230  2720.75  0.02
2231  2720.75  0.02
2232  2720.75  0.02
2233  2720.75  0.02
2234  2720.75  0.02
2235  2720.75  0.02
2236  2720.75  0.02
2237  2720.75  0.02
2238  2720.75  0.02
2239  2720.75  0.02
2240  2720.75  0.02
2241  2720.75  0.02
2242  2720.75  0.02
2243  2720.75  0.02
2244  2720.75  0.02
2245  2720.75  0.02
2246  2720.75  0.02
2247  2720.75  0.02
2248  2720.75  0.02
2249  2720.75  0.02
2250  2720.75  0.02
2251  2720.75  0.02
2252  2720.75  0.02
2253  2720.75  0.02
2254  2720.75  0.02
2255  2720.75  0.02
2256  2720.75  0.02
2257  2720.75  0.02
2258  2720.75  0.02
2259  2720.75  0.02
2260  2720.75  0.02
2261  2720.75  0.02
2262  2720.75  0.02
2263  2720.75  0.02
2264  2720.75  0.02
2265  2720.75  0.02
2266  2720.75  0.02
2267  2720.75  0.02
2268  2720.75  0.02
2269  2720.75  0.02
2270  2720.75  0.02
2271  2720.75  0.02
2272  2720.75  0.02
2273  2720.75  0.02
2274  2720.75  0.02
2275  2720.75  0.02
2276  2720.75  0.02
2277  2720.75  0.02
2278  2720.75  0.02
2279  2720.75  0.02
2280  2720.75  0.02
2281  2720.75  0.02
2282  2720.75  0.02
2283  2720.75  0.02
2284  2720.75  0.02
2285  2720.75  0.02
2286  2720.75  0.02
2287  2720.75  0.02
2288  2720.75  0.02
2289  2720.75  0.02
2290  2720.75  0.02
2291  2720.75  0.02
2292  2720.75  0.02
2293  2720.75  0.02
2294  2720.75  0.02
2295  2720.75  0.02
2296  2720.75  0.02
2297  2720.75  0.02
2298  2720.75  0.02
2299  2720.75  0.02
2300  2720.75  0.02
2301  2720.75  0.02
2302  2720.75  0.02
2303  2720.75  0.02
2304  2720.75  0.02
2305  2720.75  0.02
2306  2720.75  0.02
2307  2720.75  0.02
2308  2720.75  0.02
2309  2720.75  0.02
2310  2720.75  0.02
2311  2720.75  0.02
2312  2720.75  0.02
2313  2720.75  0.02
2314  2720.75  0.02
2315  2720.75  0.02
2316  2720.75  0.02
2317  2720.75  0.02
2318  2720.75  0.02
2319  2720.75  0.02
2320  2720.75  0.02
2321  2720.75  0.02
2322  2720.75  0.02
2323  2720.75  0.02
2324  2720.75  0.02
2325  2720.75  0.02
2326  2720.75  0.02
2327  2720.75  0.02
2328  2720.75  0.02
2329  2720.75  0.02
2330  2720.75  0.02
2331  2720.75  0.02
2332  2720.75  0.02
2333  2720.75  0.02
2334  2720.75  0.02
2335  2720.75  0.02
2336  2720.75  0.02
2337  2720.75  0.02
2338  2720.75  0.02
2339  2720.75  0.02
2340  2720.75  0.02
2341  2720.75  0.02
2342  2720.75  0.02
2343  2720.75  0.02
2344  2720.75  0.02
2345  2720.75  0.02
2346  2720.75  0.02
2347  2720.75  0.02
2348  2720.75  0.02
2349  2720.75  0.02
2350  2720.75  0.02
2351  2720.75  0.02
2352  2720.75  0.02
2353  2720.75  0.02
2354  2720.75  0.02
2355  2720.75  0.02
2356  2720.75  0.02
2357  2720.75  0.02
2358  2720.75  0.02
2359  2720.75  0.02
2360  2720.75  0.02
2361  2720.75  0.02
2362  2720.75  0.02
2363  2720.75  0.02
2364  2720.75  0.02
2365  2720.75  0.02
2366  2720.75  0.02
2367  2720.75  0.02
2368  2720.75  0.02
2369  2720.75  0.02
2370  2720.75  0.02
2371  2720.75  0.02
2372  2720.75  0.02
2373  2720.75  0.02
2374  2720.75  0.02
2375  2720.75  0.02
2376  2720.75  0.02
2377  2720.75  0.02
2378  2720.75  0.02
2379  2720.75  0.02
2380  2720.75  0.02
2381  2720.75  0.02
2382  2720.75  0.02
2383  2720.75  0.02
2384  2720.75  0.02
2385  2720.75  0.02
2386  2720.75  0.02
2387  2720.75  0.02
2388  2720.75  0.02
2389  2720.75  0.02
2390  2720.75  0.02
2391  2720.75  0.02
2392  2720.75  0.02
2393  2720.75  0.02
2394  2720.75  0.02
2395  2720.75  0.02
2396  2720.75  0.02
2397  2720.75  0.02
2398  2720.75  0.02
2399  2720.75  0.02
2400  2720.75  0.02
2401  2720.75  0.02
2402  2720.75  0.02
2403  2720.75  0.02
2404  2720.75  0.02
2405  2720.75  0.02
2406  2720.75  0.02
2407  2720.75  0.02
2408  2720.75  0.02
2409  2720.75  0.02
2410  2720.75  0.02
2411  2720.75  0.02
2412  2720.75  0.02
2413  2720.75  0.02
2414  2720.75  0.02
2415  2720.75  0.02
2416  2720.75  0.02
2417  2720.75  0.02
2418  2720.75  0.02
2419  2720.75  0.02
2420  2720.75  0.02
2421  2720.75  0.02
2422  2720.75  0.02
2423  2720.75  0.02
2424  2720.75  0.02
2425  2720.75  0.02
2426  2720.75  0.02
2427  2720.75  0.02
2428  2720.75  0.02
2429  2720.75  0.02
2430  2720.75  0.02
2431  2720.75  0.02
2432  2720.75  0.02
2433  2720.75  0.02
2434  2720.75  0.02
2435  2720.75  0.02
2436  2720.75  0.02
2437  2720.75  0.02
2438  2720.75  0.02
2439  2720.75  0.02
2440  2720.75  0.02
2441  2720.75  0.02
2442  2720.75  0.02
2443  2720.75  0.02
2444  2720.75  0.02
2445  2720.75  0.02
2446  2720.75  0.02
2447  2720.75  0.02
2448  2720.75  0.02
2449  2720.75  0.02
2450  2720.75  0.02
2451  2720.75  0.02
2452  2720.75  0.02
2453  2720.75  0.02
2454  2720.75  0.02
2455  2720.75  0.02
2456  2720.75  0.02
2457  2720.75  0.02
2458  2720.75  0.02
2459  2720.75  0.02
2460  2720.75  0.02
2461  2720.75  0.02
2462  2720.75  0.02
2463  2720.75  0.02
2464  2720.75  0.02
2465  2720.75  0.02
2466  2720.75  0.02
2467  2720.75  0.02
2468  2720.75  0.02
2469  2720.75  0.02
2470  2720.75  0.02
2471  2720.75  0.02
2472  2720.75  0.02
2473  2720.75  0.02
2474  2720.75  0.02
2475  2720.75  0.02
2476  2720.75  0.02
2477  2720.75  0.02
2478  2720.75  0.02
2479  2720.75  0.02
2480  2720.75  0.02
2481  2720.75  0.02
2482  2720.75  0.02
2483  2720.75  0.02
2484  2720.75  0.02
2485  2720.75  0.02
2486  2720.75  0.02
2487  2720.75  0.02
2488  2720.75  0.02
2489  2720.75  0.02
2490  2720.75  0.02
2491  2720.75  0.02
2492  2720.75  0.02
2493  2720.75  0.02
2494  2720.75  0.02
2495  2720.75  0.02
2496  2720.75  0.02
2497  2720.75  0.02
2498  2720.75  0.02
2499  2720.75  0.02
2500  2720.75  0.02
2501  2720.75  0.02
2502  2720.75  0.02
2503  2720.75  0.02
2504  2720.75  0.02
2505  2720.75  0.02
2506  2720.75  0.02
2507  2720.75  0.02
2508  2720.75  0.02
2509  2720.75  0.02
2510  2720.75  0.02
2511  2720.75  0.02
2512  2720.75  0.02
2513  2720.75  0.02
2514  2720.75  0.02
2515  2720.75  0.02
2516  2720.75  0.02
2517  2720.75  0.02
2518  2720.75  0.02
2519  2720.75  0.02
2520  2720.75  0.02
2521  2720.75  0.02
2522  2720.75  0.02
2523  2720.75  0.02
2524  2720.75  0.02
2525  2720.75  0.02
2526  2720.75  0.02
2527  2720.75  0.02
2528  2720.75  0.02
2529  2720.75  0.02
2530  2720.75  0.02
2531  2720.75  0.02
2532  2720.75  0.02
2533  2720.75  0.02
2534  2720.75  0.02
2535  2720.75  0.02
2536  2720.75  0.02
2537  2720.75  0.02
2538  2720.75  0.02
2539  2720.75  0.02
2540  2720.75  0.02
2541  2720.75  0.02
2542  2720.75  0.02
2543  2720.75  0.02
2544  2720.75  0.02
2545  2720.75  0.02
2546  2720.75  0.02
2547  2720.75  0.02
2548  2720.75  0.02
2549  2720.75  0.02
2550  2720.75  0.02
2551  2720.75  0.02
2552  2720.75  0.02
2553  2720.75  0.02
2554  2720.75  0.02
2555  2720.75  0.02
2556  2720.75  0.02
2557  2720.75  0.02
2558  2720.75  0.02
2559  2720.75  0.02
2560  2720.75  0.02
2561  2720.75  0.02
2562  2720.75  0.02
2563  2720.75  0.02
2564  2720.75  0.02
2565  2720.75  0.02
2566  2720.75  0.02
2567  2720.75  0.02
2568  2720.75  0.02
2569  2720.75  0.02
2570  2720.75  0.02
2571  2720.75  0.02
2572  2720.75  0.02
2573  2720.75  0.02
2574  2720.75  0.02
2575  2720.75  0.02
2576  2720.75  0.02
2577  2720.75  0.02
2578  2720.75  0.02
2579  2720.75  0.02
2580  2720.75  0.02
2581  2720.75  0.02
2582  2720.75  0.02
2583  2720.75  0.02
2584  2720.75  0.02
2585  2720.75  0.02
2586  2720.75  0.02
2587  2720.75  0.02
2588  2720.75  0.02
2589  2720.75  0.02
2590  2720.75  0.02
2591  2720.75  0.02
2592  2720.75  0.02
2593  2720.75  0.02
2594  2720.75  0.02
2595  2720.75  0.02
2596  2720.75  0.02
2597  2720.75  0.02
2598  2720.75  0.02
2599  2720.75  0.02
2600  2720.75  0.02
2601  2720.75  0.02
2602  2720.75  0.02
2603  2720.75  0.02
2604  2720.75  0.02
2605  2720.75  0.02
2606  2720.75  0.02
2607  2720.75  0.02
2608  2720.75  0.02
2609  2720.75  0.02
2610  2720.75  0.02
2611  2720.75  0.02
2612  2720.75  0.02
2613  2720.75  0.02
2614  2720.75  0.02
2615  2720.75  0.02
2616  2720.75  0.02
2617  2720.75  0.02
2618  2720.75  0.02
2619  2720.75  0.02
2620  2720.75  0.02
2621  2720.75  0.02
2622  2720.75  0.02
2623  2720.75  0.02
2624  2720.75  0.02
2625  2720.75  0.02
2626  2720.75  0.02
2627  2720.75  0.02
2628  2720.75  0.02
2629  2720.75  0.02
2630  2720.75  0.02
2631  2720.75  0.02
2632  2720.75  0.02
2633  2720.75  0.02
2634  2720.75  0.02
2635  2720.75  0.02
2636  2720.75  0.02
2637  2720.75  0.02
2638  2720.75  0.02
2639  2720.75  0.02
2640  2720.75  0.02
2641  2720.75  0.02
2642  2720.75  0.02
2643  2720.75  0.02
2644  2720.75  0.02
2645  2720.75  0.02
2646  2720.75  0.02
2647  2720.75  0.02
2648  2720.75  0.02
2649  2720.75  0.02
2650  2720.75  0.02
2651  2720.75  0.02
2652  2720.75  0.02
2653  2720.75  0.02
2654  2720.75  0.02
2655  2720.75  0.02
2656  2720.75  0.02
2657  2720.75  0.02
2658  2720.75  0.02
2659  2720.75  0.02
2660  2720.75  0.02
2661  2720.75  0.02
2662  2720.75  0.02
2663  2720.75  0.02
2664  2720.75  0.02
2665  2720.75  0.02
2666  2720.75  0.02
2667  2720.75  0.02
2668  2720.75  0.02
2669  2720.75  0.02
2670  2720.75  0.02
2671  2720.75  0.02
2672  2720.75  0.02
2673  2720.75  0.02
2674  2720.75  0.02
2675  2720.75  0.02
2676  2720.75  0.02
2677  2720.75  0.02
2678  2720.75  0.02
2679  2720.75  0.02
2680  2720.75  0.02
2681  2720.75  0.02
2682  2720.75  0.02
2683  2720.75  0.02
2684  2720.75  0.02
2685  2720.75  0.02
2686  2720.75  0.02
2687  2720.75  0.02
2688  2720.75  0.02
2689  2720.75  0.02
2690  2720.75  0.02
2691  2720.75  0.02
2692  2720.75  0.02
2693  2720.75  0.02
2694  2720.75  0.02
2695  2720.75  0.02
2696  2720.75  0.02
2697  2720.75  0.02
2698  2720.75  0.02
2699  2720.75  0.02
2700  2720.75  0.02
2701  2720.75  0.02
2702  2720.75  0.02
2703  2720.75  0.02
2704  2720.75  0.02
2705  2720.75  0.02
2706  2720.75  0.02
2707  2720.75  0.02
2708  2720.75  0.02
2709  2720.75  0.02
2710  2720.75  0.02
2711  2720.75  0.02
2712  2720.75  0.02
2713  2720.75  0.02
2714  2720.75  0.02
2715  2720.75  0.02
2716  2720.75  0.02
2717  2720.75  0.02
2718  2720.75  0.02
2719  2720.75  0.02
2720  2720.75  0.02
2721  2720.75  0.02
2722  2720.75  0.02
2723  2720.75  0.02
2724  2720.75  0.02
2725  2720.75  0.02
2726  2720.75  0.02
2727  2720.75  0.02
2728  2720.75  0.02
2729  2720.75  0.02
2730  2720.75  0.02
2731  2720.75  0.02
2732  2720.75  0.02
2733  2720.75  0.02
2734  2720.75  0.02
2735  2720.75  0.02
2736  2720.75  0.02
2737  2720.75  0.02
2738  2720.75  0.02
2739  2720.75  0.02
2740  2720.75  0.02
2741  2720.75  0.02
2742  2720.75  0.02
2743  2720.75  0.02
2744  2720.75  0.02
2745  2720.75  0.02
2746  2720.75  0.02
2747  2720.75  0.02
2748  2720.75  0.02
2749  2720.75  0.02
2750  2720.75  0.02
2751  2720.75  0.02
2752  2720.75  0.02
2753  2720.75  0.02
2754  2720.75  0.02
2755  2720.75  0.02
2756  2720.75  0.02
2757  2720.75  0.02
2758  2720.75  0.02
2759  2720.75  0.02
2760  2720.75  0.02
2761  2720.75  0.02
2762  2720.75  0.02
2763  2720.75  0.02
2764  2720.75  0.02
2765  2720.75  0.02
2766  2720.75  0.02
2767  2720.75  0.02
2768  2720.75  0.02
2769  2720.75  0.02
2770  2720.75  0.02
2771  2720.75  0.02
2772  2720.75  0.02
2773  2720.75  0.02
2774  2720.75  0.02
2775  2720.75  0.02
2776  2720.75  0.02
2777  2720.75  0.02
2778  2720.75  0.02
2779  2720.75  0.02
2780  2720.75  0.02
2781  2720.75  0.02
2782  2720.75  0.02
2783  2720.75  0.02
2784  2720.75  0.02
2785  2720.75  0.02
2786  2720.75  0.02
2787  2720.75  0.02
2788  2720.75  0.02
2789  2720.75  0.02
2790  2720.75  0.02
2791  2720.75  0.02
2792  2720.75  0.02
2793  2720.75  0.02
2794  2720.75  0.02
2795  2720.75  0.02
2796  2720.75  0.02
2797  2720.75  0.02
2798  2720.75  0.02
2799  2720.75  0.02
2800  2720.75  0.02
2801  2720.75  0.02
2802  2720.75  0.02
2803  2720.75  0.02
2804  2720.75  0.02
2805  2720.75  0.02
2806  2720.75  0.02
2807  2720.75  0.02
2808  2720.75  0.02
2809  2720.75  0.02
2810  2720.75  0.02
2811  2720.75  0.02
2812  2720.75  0.02
2813  2720.75  0.02
2814  2720.75  0.02
2815  2720.75  0.02
2816  2720.75  0.02
2817  2720.75  0.02
2818  2720.75  0.02
2819  2720.75  0.02
2820  2720.75  0.02
2821  2720.75  0.02
2822  2720.75  0.02
2823  2720.75  0.02
2824  2720.75  0.02
2825  2720.75  0.02
2826  2720.75  0.02
2827  2720.75  0.02
2828  2720.75  0.02
2829  2720.75  0.02
2830  2720.75  0.02
2831  2720.75  0.02
2832  2720.75  0.02
2833  2720.75  0.02
2834  2720.75  0.02
2835  2720.75  0.02
2836  2720.75  0.02
2837  2720.75  0.02
2838  2720.75  0.02
2839  2720.75  0.02
2840  2720.75  0.02
2841  2720.75  0.02
2842  2720.75  0.02
2843  2720.75  0.02
2844  2720.75  0.02
2845  2720.75  0.02
2846  2720.75  0.02
2847  2720.75  0.02
2848  2720.75  0.02
2849  2720.75  0.02
2850  2720.75  0.02
2851  2720.75  0.02
2852  2720.75  0.02
2853  2720.75  0.02
2854  2720.75  0.02
2855  2720.75  0.02
2856  2720.75  0.02
2857  2720.75  0.02
2858  2720.75  0.02
2859  2720.75  0.02
2860  2720.75  0.02
2861  2720.75  0.02
2862  2720.75  0.02
2863  2720.75  0.02
2864  2720.75  0.02
2865  2720.75  0.02
2866  2720.75  0.02
2867  2720.75  0.02
2868  2720.75  0.02
2869  2720.75  0.02
2870  2720.75  0.02
2871  2720.75  0.02
2872  2720.75  0.02
2873  2720.75  0.02
2874  2720.75  0.02
2875  2720.75  0.02
2876  2720.75  0.02
2877  2720.75  0.02
2878  2720.75  0.02
2879  2720.75  0.02
2880  2720.75  0.02
2881  2720.75  0.02
2882  2720.75  0.02
2883  2720.75  0.02
2884  2720.75  0.02
2885  2720.75  0.02
2886  2720.75  0.02
2887  2720.75  0.02
2888  2720.75  0.02
2889  2763.25  0.01
2890  2763.25  0.01
2891  2763.25  0.01
2892  2763.25  0.01
2893  2763.25  0.01
2894  2763.25  0.01
2895  2763.25  0.01
2896  2763.25  0.01
2897  2763.25  0.01
2898  2763.25  0.01
2899  2763.25  0.01
2900  2763.25  0.01
2901  2763.25  0.01
2902  2763.25  0.01
2903  2763.25  0.01
2904  2763.25  0.01
2905  2763.25  0.01
2906  2763.25  0.01
2907  2763.25  0.01
2908  2763.25  0.01
2909  2763.25  0.01
2910  2763.25  0.01
2911  2763.25  0.01
2912  2763.25  0.01
2913  2763.25  0.01
2914  2763.25  0.01
2915  2763.25  0.01
2916  2763.25  0.01
2917  2763.25  0.01
2918  2763.25  0.01
2919  2763.25  0.01
2920  2763.25  0.01
2921  2763.25  0.01
2922  2763.25  0.01
2923  2763.25  0.01
2924  2763.25  0.01
2925  2763.25  0.01
2926  2763.25  0.01
2927  2763.25  0.01
2928  2763.25  0.01
2929  2763.25  0.01
2930  2763.25  0.01
2931  2763.25  0.01
2932  2763.25  0.01
2933  2763.25  0.01
2934  2763.25  0.01
2935  2763.25  0.01
2936  2763.25  0.01
2937  2763.25  0.01
2938  2763.25  0.01
2939  2763.25  0.01
2940  2763.25  0.01
2941  2763.25  0.01
2942  2763.25  0.01
2943  2763.25  0.01
2944  2763.25  0.01
2945  2763.25  0.01
2946  2763.25  0.01
2947  2763.25  0.01
2948  2763.25  0.01
2949  2763.25  0.01
2950  2763.25  0.01
2951  2763.25  0.01
2952  2763.25  0.01
2953  2763.25  0.01
2954  2763.25  0.01
2955  2763.25  0.01
2956  2763.25  0.01
2957  2763.25  0.01
2958  2763.25  0.01
2959  2763.25  0.01
2960  2763.25  0.01
2961  2763.25  0.01
2962  2763.25  0.01
2963  2763.25  0.01
2964  2763.25  0.01
2965  2763.25  0.01
2966  2763.25  0.01
2967  2763.25  0.01
2968  2763.25  0.01
2969  2763.25  0.01
2970  2763.25  0.01
2971  2763.25  0.01
2972  2763.25  0.01
2973  2763.25  0.01
2974  2763.25  0.01
2975  2763.25  0.01
2976  2763.25  0.01
2977  2763.25  0.01
2978  2763.25  0.01
2979  2763.25  0.01
2980  2763.25  0.01
2981  2763.25  0.01
2982  2763.25  0.01
2983  2763.25  0.01
2984  2763.25  0.01
2985  2763.25  0.01
2986  2763.25  0.01
2987  2763.25  0.01
2988  2763.25  0.01
2989  2763.25  0.01
2990  2763.25  0.01
2991  2763.25  0.01
2992  2763.25  0.01
2993  2763.25  0.01
2994  2763.25  0.01
2995  2763.25  0.01
2996  2763.25  0.01
2997  2763.25  0.01
2998  2763.25  0.01
2999  2763.25  0.01
#[9, 9, 9, 9, 9, 9, 9, 9, 9, 9]
#[-6, 9, 9, 9, 9, 9, 9, 9, 9, 9]
#[9, 9, 9, 9, 9, 9, 9, 9, 9, 9]
#[3, 5, 9, 9, 9, 9, 9, 9, 9, 9]
#[4, 5, 9, 9, 9, 9, 9, 9, 9, 9]
#[7, 9, 9, 9, 9, 9, 9, 9, 9, 9]
#[8, 9, 9, 9, 9, 9, 9, 9, 9, 9]
#[1, 8, 9, 9, 9, 9, 9, 9, 9, 9]
#[9, 9, 9, 9, 9, 9, 9, 9, 9, 9]
#Specialization index= [0, 9, 0.12345679012345678]
