#[3, 2, 0, 7, 3, 5, 4, 6, 0, 7]
#[8, 3, 4, 6, 4, 7, 9, 8, 1, 8]
#[9, 5, 5, 3, 9, 3, 4, 0, 2, 7]
#[7, 8, 5, 8, 1, 7, 3, 8, 3, 1]
#[4, 6, 0, 9, 6, 7, 8, 1, 3, 8]
#[4, 3, 8, 5, 8, 7, 9, 8, 2, 0]
#[6, 4, 7, 8, 3, 5, 7, 7, 3, 6]
#[3, 7, 5, 9, 8, 0, 4, 5, 8, 5]
#[4, 5, 3, 3, 9, 3, 8, 5, 8, 7]
0  5945.61571878  0.23
1  5955.67179699  0.23
2  5959.18497594  0.23
3  5960.44115258  0.23
4  5960.90262329  0.23
5  5961.07646697  0.23
6  5961.14359049  0.23
7  5961.17013021  0.23
8  5961.18086144  0.23
9  5994.4788208  0.24
10  5994.4788208  0.24
11  5994.4788208  0.24
12  5994.4788208  0.24
13  5994.4788208  0.24
14  5994.4788208  0.24
15  5994.4788208  0.24
16  5994.4788208  0.24
17  5994.4788208  0.24
18  5994.4788208  0.24
19  5994.4788208  0.24
20  5994.4788208  0.24
21  5994.4788208  0.24
22  5994.4788208  0.24
23  5994.4788208  0.24
24  6143.39904785  0.17
25  6143.39904785  0.17
26  6143.39904785  0.17
27  6143.39904785  0.17
28  6143.39904785  0.17
29  6143.39904785  0.17
30  6143.39904785  0.17
31  6143.39904785  0.17
32  6143.39904785  0.17
33  6143.39904785  0.17
34  6143.39904785  0.17
35  6143.39904785  0.17
36  6143.39904785  0.17
37  6143.39904785  0.17
38  6143.39904785  0.17
39  6143.39904785  0.17
40  6143.39904785  0.17
41  6143.39904785  0.17
42  6143.39904785  0.17
43  6143.39904785  0.17
44  6143.39904785  0.17
45  6143.39904785  0.17
46  6143.39904785  0.17
47  6143.39904785  0.17
48  6143.39904785  0.17
49  6143.39904785  0.17
50  6143.39904785  0.17
51  6143.39904785  0.17
52  6143.39904785  0.17
53  6143.39904785  0.17
54  6143.39904785  0.17
55  6143.39904785  0.17
56  6143.39904785  0.17
57  6143.39904785  0.17
58  6143.39904785  0.17
59  6143.39904785  0.17
60  6143.39904785  0.17
61  7059.60931128  0.17
62  7062.75778854  0.17
63  7064.09855346  0.17
64  7064.67401069  0.17
65  7064.92913498  0.17
66  7065.04672503  0.17
67  7065.10293948  0.17
68  7065.1306396  0.17
69  7065.14460936  0.17
70  7065.15177405  0.17
71  7065.15549198  0.17
72  7065.15743677  0.17
73  7065.1584595  0.17
74  7065.15899924  0.17
75  7065.15928474  0.17
76  7065.15943599  0.17
77  7065.1595162  0.17
78  7065.15955876  0.17
79  7065.15958135  0.17
80  7065.15959334  0.17
81  7065.15959972  0.17
82  7065.1596031  0.17
83  7065.1596049  0.17
84  7065.15960585  0.17
85  7065.15960636  0.17
86  7065.15960663  0.17
87  7065.15960677  0.17
88  7065.15960685  0.17
89  7065.15960689  0.17
90  7065.15960691  0.17
91  7065.15960692  0.17
92  7065.15960693  0.17
93  7065.15960693  0.17
94  7065.15960693  0.17
95  7065.15960693  0.17
96  7065.15960693  0.17
97  7065.15960693  0.17
98  7065.15960693  0.17
99  7065.15960693  0.17
100  7065.15960693  0.17
101  7065.15960693  0.17
102  7065.15960693  0.17
103  7065.15960693  0.17
104  7065.15960693  0.17
105  7065.15960693  0.17
106  7065.15960693  0.17
107  7065.15960693  0.17
108  7065.15960693  0.17
109  7065.15960693  0.17
110  7065.15960693  0.17
111  7065.15960693  0.17
112  7065.15960693  0.17
113  7065.15960693  0.17
114  7065.15960693  0.17
115  7065.15960693  0.17
116  7065.15960693  0.17
117  7065.15960693  0.17
118  7065.15960693  0.17
119  7065.15960693  0.17
120  7065.15960693  0.17
121  7065.15960693  0.17
122  7065.15960693  0.17
123  7065.15960693  0.17
124  7065.15960693  0.17
125  7065.15960693  0.17
126  7065.15960693  0.17
127  7065.15960693  0.17
128  7065.15960693  0.17
129  7065.15960693  0.17
130  7065.15960693  0.17
131  7065.15960693  0.17
132  7065.15960693  0.17
133  7065.15960693  0.17
134  7065.15960693  0.17
135  7065.15960693  0.17
136  7065.15960693  0.17
137  7065.15960693  0.17
138  7065.15960693  0.17
139  7065.15960693  0.17
140  7065.15960693  0.17
141  7065.15960693  0.17
142  7065.15960693  0.17
143  7065.15960693  0.17
144  7065.15960693  0.17
145  7065.15960693  0.17
146  7065.15960693  0.17
147  7065.15960693  0.17
148  7065.15960693  0.17
149  7065.15960693  0.17
150  7065.15960693  0.17
151  7065.15960693  0.17
152  7065.15960693  0.17
153  7065.15960693  0.17
154  7065.15960693  0.17
155  7065.15960693  0.17
156  7065.15960693  0.17
157  7065.15960693  0.17
158  7065.15960693  0.17
159  7065.15960693  0.17
160  7065.15960693  0.17
161  7065.15960693  0.17
162  7065.15960693  0.17
163  7065.15960693  0.17
164  7065.15960693  0.17
165  7065.15960693  0.17
166  7065.15960693  0.17
167  7065.15960693  0.17
168  7065.15960693  0.17
169  7065.15960693  0.17
170  7065.15960693  0.17
171  7065.15960693  0.17
172  7065.15960693  0.17
173  7065.15960693  0.17
174  7065.15960693  0.17
175  7065.15960693  0.17
176  7065.15960693  0.17
177  7065.15960693  0.17
178  7065.15960693  0.17
179  7065.15960693  0.17
180  7065.15960693  0.17
181  7065.15960693  0.17
182  7065.15960693  0.17
183  7065.15960693  0.17
184  7065.15960693  0.17
185  7065.15960693  0.17
186  7065.15960693  0.17
187  7065.15960693  0.17
188  7065.15960693  0.17
189  7065.15960693  0.17
190  7065.15960693  0.17
191  7065.15960693  0.17
192  7065.15960693  0.17
193  7065.15960693  0.17
194  7065.15960693  0.17
195  7065.15960693  0.17
196  7065.15960693  0.17
197  7065.15960693  0.17
198  7065.15960693  0.17
199  7065.15960693  0.17
200  7065.15960693  0.17
201  7065.15960693  0.17
202  7065.15960693  0.17
203  7065.15960693  0.17
204  7065.15960693  0.17
205  7065.15960693  0.17
206  7065.15960693  0.17
207  7065.15960693  0.17
208  7065.15960693  0.17
209  7065.15960693  0.17
210  7065.15960693  0.17
211  7065.15960693  0.17
212  7065.15960693  0.17
213  7065.15960693  0.17
214  7065.15960693  0.17
215  7065.15960693  0.17
216  7065.15960693  0.17
217  7065.15960693  0.17
218  7065.15960693  0.17
219  7065.15960693  0.17
220  7065.15960693  0.17
221  7065.15960693  0.17
222  7065.15960693  0.17
223  7065.15960693  0.17
224  7065.15960693  0.17
225  7065.15960693  0.17
226  7065.15960693  0.17
227  7065.15960693  0.17
228  7065.15960693  0.17
229  7065.15960693  0.17
230  7065.15960693  0.17
231  7065.15960693  0.17
232  7065.15960693  0.17
233  7065.15960693  0.17
234  7065.15960693  0.17
235  7065.15960693  0.17
236  7065.15960693  0.17
237  7065.15960693  0.17
238  7065.15960693  0.17
239  7065.15960693  0.17
240  7065.15960693  0.17
241  7065.15960693  0.17
242  7065.15960693  0.17
243  7065.15960693  0.17
244  7065.15960693  0.17
245  7065.15960693  0.17
246  7065.15960693  0.17
247  7065.15960693  0.17
248  7065.15960693  0.17
249  7065.15960693  0.17
250  7065.15960693  0.17
251  7065.15960693  0.17
252  7065.15960693  0.17
253  7065.15960693  0.17
254  7065.15960693  0.17
255  7065.15960693  0.17
256  7065.15960693  0.17
257  7065.15960693  0.17
258  7065.15960693  0.17
259  7065.15960693  0.17
260  7065.15960693  0.17
261  7065.15960693  0.17
262  7065.15960693  0.17
263  7065.15960693  0.17
264  7065.15960693  0.17
265  7065.15960693  0.17
266  7065.15960693  0.17
267  7066.61091787  0.15
268  7064.86541602  0.15
269  7064.37235743  0.15
270  7064.22098388  0.15
271  7064.17032566  0.15
272  7064.1519738  0.15
273  7064.14488501  0.15
274  7064.14201673  0.15
275  7064.14081982  0.15
276  7064.14031061  0.15
277  7064.14009143  0.15
278  7064.13999644  0.15
279  7064.13995511  0.15
280  7064.13993708  0.15
281  7064.13992921  0.15
282  7064.13992577  0.15
283  7064.13992427  0.15
284  7064.13992361  0.15
285  7064.13992332  0.15
286  7064.13992319  0.15
287  7064.13992314  0.15
288  7064.13992311  0.15
289  7064.1399231  0.15
290  7064.1399231  0.15
291  7064.1399231  0.15
292  7064.1399231  0.15
293  7064.1399231  0.15
294  7064.1399231  0.15
295  7064.1399231  0.15
296  7064.1399231  0.15
297  7064.1399231  0.15
298  7064.1399231  0.15
299  7064.1399231  0.15
300  7064.1399231  0.15
301  7064.1399231  0.15
302  7064.1399231  0.15
303  7064.1399231  0.15
304  7064.1399231  0.15
305  7064.1399231  0.15
306  7064.1399231  0.15
307  7064.1399231  0.15
308  7064.1399231  0.15
309  7064.1399231  0.15
310  7064.1399231  0.15
311  7064.1399231  0.15
312  7064.1399231  0.15
313  7064.1399231  0.15
314  7064.1399231  0.15
315  7064.1399231  0.15
316  7064.1399231  0.15
317  7064.1399231  0.15
318  7064.1399231  0.15
319  7064.1399231  0.15
320  7064.1399231  0.15
321  7064.1399231  0.15
322  7064.1399231  0.15
323  7064.1399231  0.15
324  7064.1399231  0.15
325  7064.1399231  0.15
326  7064.1399231  0.15
327  7064.1399231  0.15
328  7064.1399231  0.15
329  7064.1399231  0.15
330  7064.1399231  0.15
331  7064.1399231  0.15
332  7064.1399231  0.15
333  7064.1399231  0.15
334  7064.1399231  0.15
335  7064.1399231  0.15
336  7064.1399231  0.15
337  7064.1399231  0.15
338  7064.1399231  0.15
339  7064.1399231  0.15
340  7064.1399231  0.15
341  7064.1399231  0.15
342  7064.1399231  0.15
343  7064.1399231  0.15
344  7064.1399231  0.15
345  7064.1399231  0.15
346  7064.1399231  0.15
347  7064.1399231  0.15
348  7064.1399231  0.15
349  7064.1399231  0.15
350  7064.1399231  0.15
351  7064.1399231  0.15
352  7064.1399231  0.15
353  7064.1399231  0.15
354  7064.1399231  0.15
355  7064.1399231  0.15
356  7064.1399231  0.15
357  7064.1399231  0.15
358  7064.1399231  0.15
359  7064.1399231  0.15
360  7064.1399231  0.15
361  7064.1399231  0.15
362  7064.1399231  0.15
363  7064.1399231  0.15
364  7064.1399231  0.15
365  7064.1399231  0.15
366  7064.1399231  0.15
367  7064.1399231  0.15
368  7064.1399231  0.15
369  7064.1399231  0.15
370  7064.1399231  0.15
371  7064.1399231  0.15
372  7064.1399231  0.15
373  7064.1399231  0.15
374  7064.1399231  0.15
375  7064.1399231  0.15
376  7064.1399231  0.15
377  7064.1399231  0.15
378  7064.1399231  0.15
379  7064.1399231  0.15
380  7064.1399231  0.15
381  7064.1399231  0.15
382  7064.1399231  0.15
383  7064.1399231  0.15
384  7064.1399231  0.15
385  7064.1399231  0.15
386  7064.1399231  0.15
387  7064.1399231  0.15
388  7141.88336182  0.16
389  7141.88336182  0.16
390  7141.88336182  0.16
391  7141.88336182  0.16
392  7141.88336182  0.16
393  7141.88336182  0.16
394  7141.88336182  0.16
395  7141.88336182  0.16
396  7141.88336182  0.16
397  7141.88336182  0.16
398  7141.88336182  0.16
399  7141.88336182  0.16
400  7141.88336182  0.16
401  7141.88336182  0.16
402  7141.88336182  0.16
403  7141.88336182  0.16
404  7141.88336182  0.16
405  7141.88336182  0.16
406  7141.88336182  0.16
407  7141.88336182  0.16
408  7141.88336182  0.16
409  7141.88336182  0.16
410  7141.88336182  0.16
411  7141.88336182  0.16
412  7141.88336182  0.16
413  7141.88336182  0.16
414  7141.88336182  0.16
415  7141.88336182  0.16
416  7141.88336182  0.16
417  7141.88336182  0.16
418  7141.88336182  0.16
419  7141.88336182  0.16
420  7141.88336182  0.16
421  7141.88336182  0.16
422  7141.88336182  0.16
423  7141.88336182  0.16
424  7141.88336182  0.16
425  7141.88336182  0.16
426  7141.88336182  0.16
427  7141.88336182  0.16
428  7141.88336182  0.16
429  7141.88336182  0.16
430  7141.88336182  0.16
431  7141.88336182  0.16
432  7141.88336182  0.16
433  7141.88336182  0.16
434  7141.88336182  0.16
435  7141.88336182  0.16
436  7141.88336182  0.16
437  7141.88336182  0.16
438  7141.88336182  0.16
439  7141.88336182  0.16
440  7141.88336182  0.16
441  7141.88336182  0.16
442  7141.88336182  0.16
443  7141.88336182  0.16
444  7141.88336182  0.16
445  7141.88336182  0.16
446  7141.88336182  0.16
447  7141.88336182  0.16
448  7141.88336182  0.16
449  7141.88336182  0.16
450  7141.88336182  0.16
451  7141.88336182  0.16
452  7141.88336182  0.16
453  7141.88336182  0.16
454  7141.88336182  0.16
455  7141.88336182  0.16
456  7141.88336182  0.16
457  7141.88336182  0.16
458  7141.88336182  0.16
459  7141.88336182  0.16
460  7141.88336182  0.16
461  7141.88336182  0.16
462  7141.88336182  0.16
463  7141.88336182  0.16
464  7141.88336182  0.16
465  7141.88336182  0.16
466  7141.88336182  0.16
467  7141.88336182  0.16
468  7141.88336182  0.16
469  7141.88336182  0.16
470  7141.88336182  0.16
471  7141.88336182  0.16
472  7141.88336182  0.16
473  7141.88336182  0.16
474  7141.88336182  0.16
475  7141.88336182  0.16
476  7141.88336182  0.16
477  7141.88336182  0.16
478  7141.88336182  0.16
479  7141.88336182  0.16
480  7141.88336182  0.16
481  7141.88336182  0.16
482  7141.88336182  0.16
483  7141.88336182  0.16
484  7141.88336182  0.16
485  7141.88336182  0.16
486  7141.88336182  0.16
487  7141.88336182  0.16
488  7141.88336182  0.16
489  7141.88336182  0.16
490  7141.88336182  0.16
491  7141.88336182  0.16
492  7141.88336182  0.16
493  7141.88336182  0.16
494  7141.88336182  0.16
495  7141.88336182  0.16
496  7141.88336182  0.16
497  7141.88336182  0.16
498  7141.88336182  0.16
499  7141.88336182  0.16
500  7141.88336182  0.16
501  7141.88336182  0.16
502  7141.88336182  0.16
503  7141.88336182  0.16
504  7141.88336182  0.16
505  7141.88336182  0.16
506  7141.88336182  0.16
507  7141.88336182  0.16
508  7141.88336182  0.16
509  7141.88336182  0.16
510  7141.88336182  0.16
511  7141.88336182  0.16
512  7141.88336182  0.16
513  7141.88336182  0.16
514  7141.88336182  0.16
515  7141.88336182  0.16
516  7141.88336182  0.16
517  7141.88336182  0.16
518  7141.88336182  0.16
519  7141.88336182  0.16
520  7141.88336182  0.16
521  7141.88336182  0.16
522  7141.88336182  0.16
523  7141.88336182  0.16
524  7141.88336182  0.16
525  7141.88336182  0.16
526  7141.88336182  0.16
527  7141.88336182  0.16
528  7141.88336182  0.16
529  7141.88336182  0.16
530  7141.88336182  0.16
531  7141.88336182  0.16
532  7141.88336182  0.16
533  7141.88336182  0.16
534  7141.88336182  0.16
535  7141.88336182  0.16
536  7141.88336182  0.16
537  7141.88336182  0.16
538  7141.88336182  0.16
539  7141.88336182  0.16
540  7141.88336182  0.16
541  7141.88336182  0.16
542  7141.88336182  0.16
543  7141.88336182  0.16
544  7141.88336182  0.16
545  7141.88336182  0.16
546  7141.88336182  0.16
547  7141.88336182  0.16
548  7141.88336182  0.16
549  7141.88336182  0.16
550  7141.88336182  0.16
551  7141.88336182  0.16
552  7141.88336182  0.16
553  7141.88336182  0.16
554  7141.88336182  0.16
555  7141.88336182  0.16
556  7141.88336182  0.16
557  7141.88336182  0.16
558  7141.88336182  0.16
559  7584.47143555  0.14
560  7584.47143555  0.14
561  7584.47143555  0.14
562  7584.47143555  0.14
563  7584.47143555  0.14
564  7584.47143555  0.14
565  7584.47143555  0.14
566  7584.47143555  0.14
567  7584.47143555  0.14
568  7584.47143555  0.14
569  7584.47143555  0.14
570  7584.47143555  0.14
571  7584.47143555  0.14
572  7584.47143555  0.14
573  7584.47143555  0.14
574  7584.47143555  0.14
575  7584.47143555  0.14
576  7584.47143555  0.14
577  7584.47143555  0.14
578  7584.47143555  0.14
579  7584.47143555  0.14
580  7584.47143555  0.14
581  7584.47143555  0.14
582  7584.47143555  0.14
583  7584.47143555  0.14
584  7584.47143555  0.14
585  7584.47143555  0.14
586  7584.47143555  0.14
587  7584.47143555  0.14
588  7584.47143555  0.14
589  7584.47143555  0.14
590  7584.47143555  0.14
591  7584.47143555  0.14
592  7584.47143555  0.14
593  7584.47143555  0.14
594  7584.47143555  0.14
595  7584.47143555  0.14
596  7584.47143555  0.14
597  7584.47143555  0.14
598  7584.47143555  0.14
599  7584.47143555  0.14
600  7584.47143555  0.14
601  7584.47143555  0.14
602  7584.47143555  0.14
603  7584.47143555  0.14
604  7584.47143555  0.14
605  7584.47143555  0.14
606  7584.47143555  0.14
607  7584.47143555  0.14
608  7584.47143555  0.14
609  7584.47143555  0.14
610  7584.47143555  0.14
611  7584.47143555  0.14
612  7584.47143555  0.14
613  7584.47143555  0.14
614  7584.47143555  0.14
615  7584.47143555  0.14
616  7584.47143555  0.14
617  7584.47143555  0.14
618  7584.47143555  0.14
619  7584.47143555  0.14
620  7584.47143555  0.14
621  7584.47143555  0.14
622  7584.47143555  0.14
623  7584.47143555  0.14
624  7584.47143555  0.14
625  7584.47143555  0.14
626  7584.47143555  0.14
627  7584.47143555  0.14
628  7584.47143555  0.14
629  7584.47143555  0.14
630  7584.47143555  0.14
631  7584.47143555  0.14
632  7584.47143555  0.14
633  7584.47143555  0.14
634  7584.47143555  0.14
635  7584.47143555  0.14
636  7584.47143555  0.14
637  7584.47143555  0.14
638  7584.47143555  0.14
639  7584.47143555  0.14
640  7584.47143555  0.14
641  7584.47143555  0.14
642  7584.47143555  0.14
643  7584.47143555  0.14
644  7584.47143555  0.14
645  7584.47143555  0.14
646  7584.47143555  0.14
647  7584.47143555  0.14
648  7584.47143555  0.14
649  7584.47143555  0.14
650  7584.47143555  0.14
651  7584.47143555  0.14
652  7584.47143555  0.14
653  7584.47143555  0.14
654  7584.47143555  0.14
655  7584.47143555  0.14
656  7584.47143555  0.14
657  7584.47143555  0.14
658  7584.47143555  0.14
659  7584.47143555  0.14
660  7584.47143555  0.14
661  7584.47143555  0.14
662  7584.47143555  0.14
663  7584.47143555  0.14
664  7584.47143555  0.14
665  7584.47143555  0.14
666  7584.47143555  0.14
667  7584.47143555  0.14
668  7584.47143555  0.14
669  7584.47143555  0.14
670  7584.47143555  0.14
671  7584.47143555  0.14
672  7584.47143555  0.14
673  7584.47143555  0.14
674  7584.47143555  0.14
675  7584.47143555  0.14
676  7584.47143555  0.14
677  7584.47143555  0.14
678  7584.47143555  0.14
679  7584.47143555  0.14
680  7584.47143555  0.14
681  7584.47143555  0.14
682  7584.47143555  0.14
683  7584.47143555  0.14
684  7584.47143555  0.14
685  7584.47143555  0.14
686  7584.47143555  0.14
687  7584.47143555  0.14
688  7584.47143555  0.14
689  7584.47143555  0.14
690  7584.47143555  0.14
691  7584.47143555  0.14
692  7584.47143555  0.14
693  7584.47143555  0.14
694  7584.47143555  0.14
695  7584.47143555  0.14
696  7584.47143555  0.14
697  7584.47143555  0.14
698  7584.47143555  0.14
699  7584.47143555  0.14
700  7584.47143555  0.14
701  7584.47143555  0.14
702  7584.47143555  0.14
703  7584.47143555  0.14
704  7584.47143555  0.14
705  7584.47143555  0.14
706  7584.47143555  0.14
707  7584.47143555  0.14
708  7584.47143555  0.14
709  7584.47143555  0.14
710  7584.47143555  0.14
711  7584.47143555  0.14
712  7584.47143555  0.14
713  7584.47143555  0.14
714  7584.47143555  0.14
715  7584.47143555  0.14
716  7584.47143555  0.14
717  7584.47143555  0.14
718  7584.47143555  0.14
719  7584.47143555  0.14
720  7584.47143555  0.14
721  7584.47143555  0.14
722  7584.47143555  0.14
723  7584.47143555  0.14
724  7584.47143555  0.14
725  7584.47143555  0.14
726  7584.47143555  0.14
727  7584.47143555  0.14
728  7584.47143555  0.14
729  7584.47143555  0.14
730  7584.47143555  0.14
731  7584.47143555  0.14
732  7584.47143555  0.14
733  7584.47143555  0.14
734  7584.47143555  0.14
735  7584.47143555  0.14
736  7584.47143555  0.14
737  7584.47143555  0.14
738  7584.47143555  0.14
739  7584.47143555  0.14
740  7584.47143555  0.14
741  7584.47143555  0.14
742  7584.47143555  0.14
743  7584.47143555  0.14
744  7584.47143555  0.14
745  7584.47143555  0.14
746  7584.47143555  0.14
747  7584.47143555  0.14
748  7584.47143555  0.14
749  7584.47143555  0.14
750  7584.47143555  0.14
751  7584.47143555  0.14
752  7584.47143555  0.14
753  7584.47143555  0.14
754  7584.47143555  0.14
755  7584.47143555  0.14
756  7584.47143555  0.14
757  7584.47143555  0.14
758  7584.47143555  0.14
759  7584.47143555  0.14
760  7584.47143555  0.14
761  7584.47143555  0.14
762  7584.47143555  0.14
763  7584.47143555  0.14
764  7584.47143555  0.14
765  7584.47143555  0.14
766  7584.47143555  0.14
767  7584.47143555  0.14
768  7584.47143555  0.14
769  7584.47143555  0.14
770  7584.47143555  0.14
771  7584.47143555  0.14
772  7584.47143555  0.14
773  7584.47143555  0.14
774  7584.47143555  0.14
775  7584.47143555  0.14
776  7584.47143555  0.14
777  7584.47143555  0.14
778  7584.47143555  0.14
779  7584.47143555  0.14
780  7584.47143555  0.14
781  7584.47143555  0.14
782  7584.47143555  0.14
783  7584.47143555  0.14
784  7584.47143555  0.14
785  7584.47143555  0.14
786  7584.47143555  0.14
787  7584.47143555  0.14
788  7584.47143555  0.14
789  7584.47143555  0.14
790  7584.47143555  0.14
791  7584.47143555  0.14
792  7584.47143555  0.14
793  7584.47143555  0.14
794  7584.47143555  0.14
795  7584.47143555  0.14
796  7584.47143555  0.14
797  7584.47143555  0.14
798  7584.47143555  0.14
799  7584.47143555  0.14
800  7584.47143555  0.14
801  7584.47143555  0.14
802  7584.47143555  0.14
803  7584.47143555  0.14
804  7584.47143555  0.14
805  7584.47143555  0.14
806  7584.47143555  0.14
807  7584.47143555  0.14
808  7584.47143555  0.14
809  7584.47143555  0.14
810  7584.47143555  0.14
811  7584.47143555  0.14
812  7584.47143555  0.14
813  7584.47143555  0.14
814  7584.47143555  0.14
815  7584.47143555  0.14
816  7584.47143555  0.14
817  7584.47143555  0.14
818  7584.47143555  0.14
819  7584.47143555  0.14
820  7584.47143555  0.14
821  7584.47143555  0.14
822  7584.47143555  0.14
823  7584.47143555  0.14
824  7584.47143555  0.14
825  7584.47143555  0.14
826  7584.47143555  0.14
827  7584.47143555  0.14
828  7584.47143555  0.14
829  7584.47143555  0.14
830  7584.47143555  0.14
831  7584.47143555  0.14
832  7584.47143555  0.14
833  7584.47143555  0.14
834  7584.47143555  0.14
835  7584.47143555  0.14
836  7584.47143555  0.14
837  7584.47143555  0.14
838  7584.47143555  0.14
839  7584.47143555  0.14
840  7584.47143555  0.14
841  7584.47143555  0.14
842  7584.47143555  0.14
843  7584.47143555  0.14
844  7584.47143555  0.14
845  7584.47143555  0.14
846  7584.47143555  0.14
847  7584.47143555  0.14
848  7584.47143555  0.14
849  7584.47143555  0.14
850  7584.47143555  0.14
851  7584.47143555  0.14
852  7584.47143555  0.14
853  7584.47143555  0.14
854  7584.47143555  0.14
855  7584.47143555  0.14
856  7584.47143555  0.14
857  7584.47143555  0.14
858  7584.47143555  0.14
859  7584.47143555  0.14
860  7584.47143555  0.14
861  7584.47143555  0.14
862  7584.47143555  0.14
863  7584.47143555  0.14
864  7584.47143555  0.14
865  7584.47143555  0.14
866  7584.47143555  0.14
867  7584.47143555  0.14
868  7584.47143555  0.14
869  7584.47143555  0.14
870  7584.47143555  0.14
871  7584.47143555  0.14
872  7584.47143555  0.14
873  7584.47143555  0.14
874  7584.47143555  0.14
875  7584.47143555  0.14
876  7584.47143555  0.14
877  7584.47143555  0.14
878  7584.47143555  0.14
879  7584.47143555  0.14
880  7584.47143555  0.14
881  7584.47143555  0.14
882  7584.47143555  0.14
883  7584.47143555  0.14
884  7584.47143555  0.14
885  7584.47143555  0.14
886  7584.47143555  0.14
887  7584.47143555  0.14
888  7584.47143555  0.14
889  7584.47143555  0.14
890  7584.47143555  0.14
891  7584.47143555  0.14
892  7584.47143555  0.14
893  7584.47143555  0.14
894  7584.47143555  0.14
895  7584.47143555  0.14
896  7584.47143555  0.14
897  7584.47143555  0.14
898  7584.47143555  0.14
899  7584.47143555  0.14
900  7584.47143555  0.14
901  7584.47143555  0.14
902  7584.47143555  0.14
903  7584.47143555  0.14
904  7584.47143555  0.14
905  7584.47143555  0.14
906  7584.47143555  0.14
907  7584.47143555  0.14
908  7584.47143555  0.14
909  7584.47143555  0.14
910  7584.47143555  0.14
911  7584.47143555  0.14
912  7584.47143555  0.14
913  7584.47143555  0.14
914  7584.47143555  0.14
915  7584.47143555  0.14
916  7584.47143555  0.14
917  7584.47143555  0.14
918  7584.47143555  0.14
919  7584.47143555  0.14
920  7584.47143555  0.14
921  7584.47143555  0.14
922  7584.47143555  0.14
923  7584.47143555  0.14
924  7584.47143555  0.14
925  7584.47143555  0.14
926  7584.47143555  0.14
927  7584.47143555  0.14
928  7584.47143555  0.14
929  7584.47143555  0.14
930  7584.47143555  0.14
931  7584.47143555  0.14
932  7584.47143555  0.14
933  7584.47143555  0.14
934  7584.47143555  0.14
935  7584.47143555  0.14
936  7584.47143555  0.14
937  7584.47143555  0.14
938  7584.47143555  0.14
939  7584.47143555  0.14
940  7584.47143555  0.14
941  7584.47143555  0.14
942  7584.47143555  0.14
943  7584.47143555  0.14
944  7584.47143555  0.14
945  7584.47143555  0.14
946  7584.47143555  0.14
947  7584.47143555  0.14
948  7584.47143555  0.14
949  7584.47143555  0.14
950  7584.47143555  0.14
951  7584.47143555  0.14
952  7584.47143555  0.14
953  7584.47143555  0.14
954  7584.47143555  0.14
955  7584.47143555  0.14
956  7584.47143555  0.14
957  7584.47143555  0.14
958  7584.47143555  0.14
959  7584.47143555  0.14
960  7584.47143555  0.14
961  7584.47143555  0.14
962  7584.47143555  0.14
963  7584.47143555  0.14
964  7584.47143555  0.14
965  7584.47143555  0.14
966  7584.47143555  0.14
967  7584.47143555  0.14
968  7584.47143555  0.14
969  7584.47143555  0.14
970  7584.47143555  0.14
971  7584.47143555  0.14
972  7584.47143555  0.14
973  7584.47143555  0.14
974  7584.47143555  0.14
975  7584.47143555  0.14
976  7584.47143555  0.14
977  7584.47143555  0.14
978  7584.47143555  0.14
979  7584.47143555  0.14
980  7584.47143555  0.14
981  7584.47143555  0.14
982  7584.47143555  0.14
983  7584.47143555  0.14
984  7584.47143555  0.14
985  7584.47143555  0.14
986  7584.47143555  0.14
987  7584.47143555  0.14
988  7584.47143555  0.14
989  7584.47143555  0.14
990  7584.47143555  0.14
991  7584.47143555  0.14
992  7584.47143555  0.14
993  7584.47143555  0.14
994  7584.47143555  0.14
995  7584.47143555  0.14
996  7584.47143555  0.14
997  7584.47143555  0.14
998  7584.47143555  0.14
999  7584.47143555  0.14
1000  7584.47143555  0.14
1001  7584.47143555  0.14
1002  7584.47143555  0.14
1003  7584.47143555  0.14
1004  7584.47143555  0.14
1005  7584.47143555  0.14
1006  7584.47143555  0.14
1007  7584.47143555  0.14
1008  7584.47143555  0.14
1009  7584.47143555  0.14
1010  7584.47143555  0.14
1011  7584.47143555  0.14
1012  7584.47143555  0.14
1013  7584.47143555  0.14
1014  7584.47143555  0.14
1015  7584.47143555  0.14
1016  7584.47143555  0.14
1017  7584.47143555  0.14
1018  7584.47143555  0.14
1019  7584.47143555  0.14
1020  7584.47143555  0.14
1021  7584.47143555  0.14
1022  7584.47143555  0.14
1023  7584.47143555  0.14
1024  7584.47143555  0.14
1025  7584.47143555  0.14
1026  7584.47143555  0.14
1027  7584.47143555  0.14
1028  7584.47143555  0.14
1029  7584.47143555  0.14
1030  7584.47143555  0.14
1031  7584.47143555  0.14
1032  7584.47143555  0.14
1033  7584.47143555  0.14
1034  7584.47143555  0.14
1035  7584.47143555  0.14
1036  7584.47143555  0.14
1037  7584.47143555  0.14
1038  7584.47143555  0.14
1039  7584.47143555  0.14
1040  7584.47143555  0.14
1041  7584.47143555  0.14
1042  7584.47143555  0.14
1043  7584.47143555  0.14
1044  7584.47143555  0.14
1045  7584.47143555  0.14
1046  7584.47143555  0.14
1047  7584.47143555  0.14
1048  7584.47143555  0.14
1049  7584.47143555  0.14
1050  7584.47143555  0.14
1051  7584.47143555  0.14
1052  7584.47143555  0.14
1053  7584.47143555  0.14
1054  7584.47143555  0.14
1055  7584.47143555  0.14
1056  7584.47143555  0.14
1057  7584.47143555  0.14
1058  7584.47143555  0.14
1059  7584.47143555  0.14
1060  7584.47143555  0.14
1061  7584.47143555  0.14
1062  7584.47143555  0.14
1063  7584.47143555  0.14
1064  7584.47143555  0.14
1065  7584.47143555  0.14
1066  7584.47143555  0.14
1067  7584.47143555  0.14
1068  7584.47143555  0.14
1069  7584.47143555  0.14
1070  7584.47143555  0.14
1071  7584.47143555  0.14
1072  7584.47143555  0.14
1073  7584.47143555  0.14
1074  7584.47143555  0.14
1075  7584.47143555  0.14
1076  7584.47143555  0.14
1077  7584.47143555  0.14
1078  7584.47143555  0.14
1079  7584.47143555  0.14
1080  7584.47143555  0.14
1081  7584.47143555  0.14
1082  7584.47143555  0.14
1083  7584.47143555  0.14
1084  7584.47143555  0.14
1085  7584.47143555  0.14
1086  7584.47143555  0.14
1087  7584.47143555  0.14
1088  7584.47143555  0.14
1089  7584.47143555  0.14
1090  7584.47143555  0.14
1091  7584.47143555  0.14
1092  7584.47143555  0.14
1093  7584.47143555  0.14
1094  7584.47143555  0.14
1095  7584.47143555  0.14
1096  7144.61976842  0.14
1097  7144.61976842  0.14
1098  7144.61976842  0.14
1099  7144.61976842  0.14
1100  7144.61976842  0.14
1101  7144.61976842  0.14
1102  7144.61976842  0.14
1103  7144.61976842  0.14
1104  7144.61976842  0.14
1105  7144.61976842  0.14
1106  7144.61976842  0.14
1107  7144.61976842  0.14
1108  7144.61976842  0.14
1109  7144.61976842  0.14
1110  7144.61976842  0.14
1111  7144.61976842  0.14
1112  7144.61976842  0.14
1113  7144.61976842  0.14
1114  7144.61976842  0.14
1115  7144.61976842  0.14
1116  7144.61976842  0.14
1117  7144.61976842  0.14
1118  7144.61976842  0.14
1119  7144.61976842  0.14
1120  7144.61976842  0.14
1121  7144.61976842  0.14
1122  7144.61976842  0.14
1123  7144.61976842  0.14
1124  7144.61976842  0.14
1125  7144.61976842  0.14
1126  7144.61976842  0.14
1127  7144.61976842  0.14
1128  7144.61976842  0.14
1129  7144.61976842  0.14
1130  7144.61976842  0.14
1131  7144.61976842  0.14
1132  7144.61976842  0.14
1133  7144.61976842  0.14
1134  7144.61976842  0.14
1135  7144.61976842  0.14
1136  7144.61976842  0.14
1137  7144.61976842  0.14
1138  7144.61976842  0.14
1139  7144.61976842  0.14
1140  7144.61976842  0.14
1141  7144.61976842  0.14
1142  7144.61976842  0.14
1143  7144.61976842  0.14
1144  7144.61976842  0.14
1145  7144.61976842  0.14
1146  7144.61976842  0.14
1147  7144.61976842  0.14
1148  7144.61976842  0.14
1149  7144.61976842  0.14
1150  7144.61976842  0.14
1151  7144.61976842  0.14
1152  7144.61976842  0.14
1153  7144.61976842  0.14
1154  7144.61976842  0.14
1155  7144.61976842  0.14
1156  7144.61976842  0.14
1157  7144.61976842  0.14
1158  7144.61976842  0.14
1159  7144.61976842  0.14
1160  7144.61976842  0.14
1161  7144.61976842  0.14
1162  7144.61976842  0.14
1163  7144.61976842  0.14
1164  7144.61976842  0.14
1165  7144.61976842  0.14
1166  7144.61976842  0.14
1167  7144.61976842  0.14
1168  7144.61976842  0.14
1169  7144.61976842  0.14
1170  7144.61976842  0.14
1171  7144.61976842  0.14
1172  7144.61976842  0.14
1173  7144.61976842  0.14
1174  7144.61976842  0.14
1175  7144.61976842  0.14
1176  7144.61976842  0.14
1177  7144.61976842  0.14
1178  7144.61976842  0.14
1179  7144.61976842  0.14
1180  7144.61976842  0.14
1181  7144.61976842  0.14
1182  7144.61976842  0.14
1183  7144.61976842  0.14
1184  7144.61976842  0.14
1185  7144.61976842  0.14
1186  7144.61976842  0.14
1187  7144.61976842  0.14
1188  7144.61976842  0.14
1189  7144.61976842  0.14
1190  7144.61976842  0.14
1191  7144.61976842  0.14
1192  7144.61976842  0.14
1193  7144.61976842  0.14
1194  7144.61976842  0.14
1195  7144.61976842  0.14
1196  7144.61976842  0.14
1197  7144.61976842  0.14
1198  7144.61976842  0.14
1199  7144.61976842  0.14
1200  7144.61976842  0.14
1201  7144.61976842  0.14
1202  7144.61976842  0.14
1203  7144.61976842  0.14
1204  7144.61976842  0.14
1205  7144.61976842  0.14
1206  7144.61976842  0.14
1207  7144.61976842  0.14
1208  7144.61976842  0.14
1209  7144.61976842  0.14
1210  7144.61976842  0.14
1211  7144.61976842  0.14
1212  7144.61976842  0.14
1213  7144.61976842  0.14
1214  7144.61976842  0.14
1215  7144.61976842  0.14
1216  7144.61976842  0.14
1217  7144.61976842  0.14
1218  7144.61976842  0.14
1219  7144.61976842  0.14
1220  7144.61976842  0.14
1221  7144.61976842  0.14
1222  7144.61976842  0.14
1223  7144.61976842  0.14
1224  7144.61976842  0.14
1225  7144.61976842  0.14
1226  7144.61976842  0.14
1227  7144.61976842  0.14
1228  7144.61976842  0.14
1229  7144.61976842  0.14
1230  7144.61976842  0.14
1231  7144.61976842  0.14
1232  7144.61976842  0.14
1233  7144.61976842  0.14
1234  7144.61976842  0.14
1235  7144.61976842  0.14
1236  7144.61976842  0.14
1237  7144.61976842  0.14
1238  7144.61976842  0.14
1239  7144.61976842  0.14
1240  7144.61976842  0.14
1241  7144.61976842  0.14
1242  7144.61976842  0.14
1243  7144.61976842  0.14
1244  7144.61976842  0.14
1245  7144.61976842  0.14
1246  7144.61976842  0.14
1247  7144.61976842  0.14
1248  7144.61976842  0.14
1249  7144.61976842  0.14
1250  7144.61976842  0.14
1251  7144.61976842  0.14
1252  7144.61976842  0.14
1253  7144.61976842  0.14
1254  7144.61976842  0.14
1255  7144.61976842  0.14
1256  7144.61976842  0.14
1257  7144.61976842  0.14
1258  7144.61976842  0.14
1259  7144.61976842  0.14
1260  7144.61976842  0.14
1261  7144.61976842  0.14
1262  7144.61976842  0.14
1263  7144.61976842  0.14
1264  7144.61976842  0.14
1265  7144.61976842  0.14
1266  7144.61976842  0.14
1267  7144.61976842  0.14
1268  7144.61976842  0.14
1269  7144.61976842  0.14
1270  7144.61976842  0.14
1271  7144.61976842  0.14
1272  7144.61976842  0.14
1273  7144.61976842  0.14
1274  7144.61976842  0.14
1275  7144.61976842  0.14
1276  7144.61976842  0.14
1277  7144.61976842  0.14
1278  7144.61976842  0.14
1279  7144.61976842  0.14
1280  7144.61976842  0.14
1281  7144.61976842  0.14
1282  7144.61976842  0.14
1283  7144.61976842  0.14
1284  7144.61976842  0.14
1285  7144.61976842  0.14
1286  7144.61976842  0.14
1287  7144.61976842  0.14
1288  7144.61976842  0.14
1289  7144.61976842  0.14
1290  7144.61976842  0.14
1291  7144.61976842  0.14
1292  7144.61976842  0.14
1293  7144.61976842  0.14
1294  7144.61976842  0.14
1295  7144.61976842  0.14
1296  7144.61976842  0.14
1297  7144.61976842  0.14
1298  7144.61976842  0.14
1299  7144.61976842  0.14
1300  7144.61976842  0.14
1301  7144.61976842  0.14
1302  7144.61976842  0.14
1303  7144.61976842  0.14
1304  7144.61976842  0.14
1305  7144.61976842  0.14
1306  7144.61976842  0.14
1307  7144.61976842  0.14
1308  7144.61976842  0.14
1309  7144.61976842  0.14
1310  7144.61976842  0.14
1311  7144.61976842  0.14
1312  7144.61976842  0.14
1313  7144.61976842  0.14
1314  7144.61976842  0.14
1315  7144.61976842  0.14
1316  7144.61976842  0.14
1317  7144.61976842  0.14
1318  7144.61976842  0.14
1319  7144.61976842  0.14
1320  7144.61976842  0.14
1321  7144.61976842  0.14
1322  7144.61976842  0.14
1323  7144.61976842  0.14
1324  7144.61976842  0.14
1325  7144.61976842  0.14
1326  7144.61976842  0.14
1327  7144.61976842  0.14
1328  7144.61976842  0.14
1329  7144.61976842  0.14
1330  7144.61976842  0.14
1331  7144.61976842  0.14
1332  7144.61976842  0.14
1333  7144.61976842  0.14
1334  7144.61976842  0.14
1335  7144.61976842  0.14
1336  7144.61976842  0.14
1337  7144.61976842  0.14
1338  7144.61976842  0.14
1339  7144.61976842  0.14
1340  7144.61976842  0.14
1341  7144.61976842  0.14
1342  7144.61976842  0.14
1343  7144.61976842  0.14
1344  7144.61976842  0.14
1345  7144.61976842  0.14
1346  7144.61976842  0.14
1347  7144.61976842  0.14
1348  7144.61976842  0.14
1349  7144.61976842  0.14
1350  7144.61976842  0.14
1351  7144.61976842  0.14
1352  7144.61976842  0.14
1353  7144.61976842  0.14
1354  7144.61976842  0.14
1355  7144.61976842  0.14
1356  7144.61976842  0.14
1357  7144.61976842  0.14
1358  7144.61976842  0.14
1359  7144.61976842  0.14
1360  7144.61976842  0.14
1361  7144.61976842  0.14
1362  7144.61976842  0.14
1363  7144.61976842  0.14
1364  7144.61976842  0.14
1365  7144.61976842  0.14
1366  7144.61976842  0.14
1367  7144.61976842  0.14
1368  7144.61976842  0.14
1369  7144.61976842  0.14
1370  7144.61976842  0.14
1371  7144.61976842  0.14
1372  7144.61976842  0.14
1373  7144.61976842  0.14
1374  7144.61976842  0.14
1375  7144.61976842  0.14
1376  7144.61976842  0.14
1377  7144.61976842  0.14
1378  7144.61976842  0.14
1379  7144.61976842  0.14
1380  7144.61976842  0.14
1381  7144.61976842  0.14
1382  7144.61976842  0.14
1383  7144.61976842  0.14
1384  7144.61976842  0.14
1385  7144.61976842  0.14
1386  7144.61976842  0.14
1387  7144.61976842  0.14
1388  7144.61976842  0.14
1389  7144.61976842  0.14
1390  7144.61976842  0.14
1391  7144.61976842  0.14
1392  7144.61976842  0.14
1393  7144.61976842  0.14
1394  7144.61976842  0.14
1395  7144.61976842  0.14
1396  7144.61976842  0.14
1397  7144.61976842  0.14
1398  7144.61976842  0.14
1399  7144.61976842  0.14
1400  7144.61976842  0.14
1401  7144.61976842  0.14
1402  7144.61976842  0.14
1403  7144.61976842  0.14
1404  7144.61976842  0.14
1405  7144.61976842  0.14
1406  7144.61976842  0.14
1407  7144.61976842  0.14
1408  7144.61976842  0.14
1409  7144.61976842  0.14
1410  7144.61976842  0.14
1411  7144.61976842  0.14
1412  7144.61976842  0.14
1413  7144.61976842  0.14
1414  7144.61976842  0.14
1415  7144.61976842  0.14
1416  7144.61976842  0.14
1417  7144.61976842  0.14
1418  7144.61976842  0.14
1419  7144.61976842  0.14
1420  7144.61976842  0.14
1421  7144.61976842  0.14
1422  7144.61976842  0.14
1423  7144.61976842  0.14
1424  7144.61976842  0.14
1425  7144.61976842  0.14
1426  7144.61976842  0.14
1427  7144.61976842  0.14
1428  7144.61976842  0.14
1429  7144.61976842  0.14
1430  7144.61976842  0.14
1431  7144.61976842  0.14
1432  7144.61976842  0.14
1433  7144.61976842  0.14
1434  7144.61976842  0.14
1435  7144.61976842  0.14
1436  7144.61976842  0.14
1437  7144.61976842  0.14
1438  7144.61976842  0.14
1439  7144.61976842  0.14
1440  7144.61976842  0.14
1441  7144.61976842  0.14
1442  7144.61976842  0.14
1443  7144.61976842  0.14
1444  7144.61976842  0.14
1445  7144.61976842  0.14
1446  7144.61976842  0.14
1447  7144.61976842  0.14
1448  7144.61976842  0.14
1449  7144.61976842  0.14
1450  7144.61976842  0.14
1451  7144.61976842  0.14
1452  7144.61976842  0.14
1453  7144.61976842  0.14
1454  7144.61976842  0.14
1455  7144.61976842  0.14
1456  7144.61976842  0.14
1457  7144.61976842  0.14
1458  7144.61976842  0.14
1459  7144.61976842  0.14
1460  7144.61976842  0.14
1461  7144.61976842  0.14
1462  7144.61976842  0.14
1463  7144.61976842  0.14
1464  7144.61976842  0.14
1465  7144.61976842  0.14
1466  7144.61976842  0.14
1467  7144.61976842  0.14
1468  7144.61976842  0.14
1469  7144.61976842  0.14
1470  7144.61976842  0.14
1471  7144.61976842  0.14
1472  7144.61976842  0.14
1473  7144.61976842  0.14
1474  7144.61976842  0.14
1475  7144.61976842  0.14
1476  7144.61976842  0.14
1477  7144.61976842  0.14
1478  7144.61976842  0.14
1479  7144.61976842  0.14
1480  7144.61976842  0.14
1481  7144.61976842  0.14
1482  7144.61976842  0.14
1483  7144.61976842  0.14
1484  7144.61976842  0.14
1485  7144.61976842  0.14
1486  7144.61976842  0.14
1487  7144.61976842  0.14
1488  7144.61976842  0.14
1489  7144.61976842  0.14
1490  7144.61976842  0.14
1491  7144.61976842  0.14
1492  7144.61976842  0.14
1493  7144.61976842  0.14
1494  7144.61976842  0.14
1495  7144.61976842  0.14
1496  7144.61976842  0.14
1497  7144.61976842  0.14
1498  7144.61976842  0.14
1499  7144.61976842  0.14
1500  7144.61976842  0.14
1501  7144.61976842  0.14
1502  7144.61976842  0.14
1503  7144.61976842  0.14
1504  7144.61976842  0.14
1505  7144.61976842  0.14
1506  7144.61976842  0.14
1507  7144.61976842  0.14
1508  7144.61976842  0.14
1509  7144.61976842  0.14
1510  7144.61976842  0.14
1511  7144.61976842  0.14
1512  7144.61976842  0.14
1513  7144.61976842  0.14
1514  7144.61976842  0.14
1515  7144.61976842  0.14
1516  7144.61976842  0.14
1517  7144.61976842  0.14
1518  7144.61976842  0.14
1519  7144.61976842  0.14
1520  7144.61976842  0.14
1521  7144.61976842  0.14
1522  7144.61976842  0.14
1523  7144.61976842  0.14
1524  7144.61976842  0.14
1525  7144.61976842  0.14
1526  7144.61976842  0.14
1527  7144.61976842  0.14
1528  7144.61976842  0.14
1529  7144.61976842  0.14
1530  7144.61976842  0.14
1531  7144.61976842  0.14
1532  7144.61976842  0.14
1533  7144.61976842  0.14
1534  7144.61976842  0.14
1535  7144.61976842  0.14
1536  7144.61976842  0.14
1537  7144.61976842  0.14
1538  7144.61976842  0.14
1539  7144.61976842  0.14
1540  7144.61976842  0.14
1541  7144.61976842  0.14
1542  7144.61976842  0.14
1543  7144.61976842  0.14
1544  7144.61976842  0.14
1545  7144.61976842  0.14
1546  7144.61976842  0.14
1547  7144.61976842  0.14
1548  7144.61976842  0.14
1549  7144.61976842  0.14
1550  7144.61976842  0.14
1551  7144.61976842  0.14
1552  7144.61976842  0.14
1553  7144.61976842  0.14
1554  7144.61976842  0.14
1555  7144.61976842  0.14
1556  7144.61976842  0.14
1557  7144.61976842  0.14
1558  7144.61976842  0.14
1559  7144.61976842  0.14
1560  7144.61976842  0.14
1561  7144.61976842  0.14
1562  7144.61976842  0.14
1563  7144.61976842  0.14
1564  7144.61976842  0.14
1565  7144.61976842  0.14
1566  7144.61976842  0.14
1567  7144.61976842  0.14
1568  7144.61976842  0.14
1569  7144.61976842  0.14
1570  7144.61976842  0.14
1571  7144.61976842  0.14
1572  7144.61976842  0.14
1573  7144.61976842  0.14
1574  7144.61976842  0.14
1575  7144.61976842  0.14
1576  7144.61976842  0.14
1577  7144.61976842  0.14
1578  7144.61976842  0.14
1579  7144.61976842  0.14
1580  7144.61976842  0.14
1581  7144.61976842  0.14
1582  7144.61976842  0.14
1583  7144.61976842  0.14
1584  7144.61976842  0.14
1585  7144.61976842  0.14
1586  7144.61976842  0.14
1587  7144.61976842  0.14
1588  7144.61976842  0.14
1589  7144.61976842  0.14
1590  7144.61976842  0.14
1591  7144.61976842  0.14
1592  7144.61976842  0.14
1593  7144.61976842  0.14
1594  7144.61976842  0.14
1595  7144.61976842  0.14
1596  7144.61976842  0.14
1597  7144.61976842  0.14
1598  7144.61976842  0.14
1599  7144.61976842  0.14
1600  7144.61976842  0.14
1601  7144.61976842  0.14
1602  7144.61976842  0.14
1603  7144.61976842  0.14
1604  7144.61976842  0.14
1605  7144.61976842  0.14
1606  7144.61976842  0.14
1607  7144.61976842  0.14
1608  7144.61976842  0.14
1609  7144.61976842  0.14
1610  7144.61976842  0.14
1611  7144.61976842  0.14
1612  7144.61976842  0.14
1613  7144.61976842  0.14
1614  7144.61976842  0.14
1615  7144.61976842  0.14
1616  7144.61976842  0.14
1617  7144.61976842  0.14
1618  7144.61976842  0.14
1619  7144.61976842  0.14
1620  7144.61976842  0.14
1621  7144.61976842  0.14
1622  7144.61976842  0.14
1623  7144.61976842  0.14
1624  7144.61976842  0.14
1625  7144.61976842  0.14
1626  7144.61976842  0.14
1627  7144.61976842  0.14
1628  7144.61976842  0.14
1629  7144.61976842  0.14
1630  7144.61976842  0.14
1631  7144.61976842  0.14
1632  7144.61976842  0.14
1633  7144.61976842  0.14
1634  7144.61976842  0.14
1635  7144.61976842  0.14
1636  7144.61976842  0.14
1637  7144.61976842  0.14
1638  7144.61976842  0.14
1639  7144.61976842  0.14
1640  7144.61976842  0.14
1641  7144.61976842  0.14
1642  7144.61976842  0.14
1643  7144.61976842  0.14
1644  7144.61976842  0.14
1645  7144.61976842  0.14
1646  7144.61976842  0.14
1647  7144.61976842  0.14
1648  7144.61976842  0.14
1649  7144.61976842  0.14
1650  7144.61976842  0.14
1651  7144.61976842  0.14
1652  7144.61976842  0.14
1653  7144.61976842  0.14
1654  7144.61976842  0.14
1655  7144.61976842  0.14
1656  7144.61976842  0.14
1657  7144.61976842  0.14
1658  7144.61976842  0.14
1659  7144.61976842  0.14
1660  7144.61976842  0.14
1661  7144.61976842  0.14
1662  7144.61976842  0.14
1663  7144.61976842  0.14
1664  7144.61976842  0.14
1665  7144.61976842  0.14
1666  7144.61976842  0.14
1667  7144.61976842  0.14
1668  7144.61976842  0.14
1669  7144.61976842  0.14
1670  7144.61976842  0.14
1671  7144.61976842  0.14
1672  7144.61976842  0.14
1673  7144.61976842  0.14
1674  7144.61976842  0.14
1675  7144.61976842  0.14
1676  7144.61976842  0.14
1677  7144.61976842  0.14
1678  7144.61976842  0.14
1679  7144.61976842  0.14
1680  7144.61976842  0.14
1681  7144.61976842  0.14
1682  7144.61976842  0.14
1683  7144.61976842  0.14
1684  7144.61976842  0.14
1685  7144.61976842  0.14
1686  7144.61976842  0.14
1687  7144.61976842  0.14
1688  7144.61976842  0.14
1689  7144.61976842  0.14
1690  7144.61976842  0.14
1691  7144.61976842  0.14
1692  7144.61976842  0.14
1693  7144.61976842  0.14
1694  7144.61976842  0.14
1695  7144.61976842  0.14
1696  7144.61976842  0.14
1697  7144.61976842  0.14
1698  7144.61976842  0.14
1699  7144.61976842  0.14
1700  7144.61976842  0.14
1701  7144.61976842  0.14
1702  7144.61976842  0.14
1703  7144.61976842  0.14
1704  7144.61976842  0.14
1705  7144.61976842  0.14
1706  7144.61976842  0.14
1707  7144.61976842  0.14
1708  7144.61976842  0.14
1709  7144.61976842  0.14
1710  7144.61976842  0.14
1711  7144.61976842  0.14
1712  7144.61976842  0.14
1713  7144.61976842  0.14
1714  7144.61976842  0.14
1715  7144.61976842  0.14
1716  7144.61976842  0.14
1717  7144.61976842  0.14
1718  7144.61976842  0.14
1719  7144.61976842  0.14
1720  7144.61976842  0.14
1721  7144.61976842  0.14
1722  7144.61976842  0.14
1723  7144.61976842  0.14
1724  7144.61976842  0.14
1725  7144.61976842  0.14
1726  7144.61976842  0.14
1727  7144.61976842  0.14
1728  7144.61976842  0.14
1729  7144.61976842  0.14
1730  7144.61976842  0.14
1731  7144.61976842  0.14
1732  7144.61976842  0.14
1733  7144.61976842  0.14
1734  7144.61976842  0.14
1735  7144.61976842  0.14
1736  7144.61976842  0.14
1737  7144.61976842  0.14
1738  7144.61976842  0.14
1739  7144.61976842  0.14
1740  7144.61976842  0.14
1741  7144.61976842  0.14
1742  7144.61976842  0.14
1743  7144.61976842  0.14
1744  7144.61976842  0.14
1745  7144.61976842  0.14
1746  7144.61976842  0.14
1747  7144.61976842  0.14
1748  7144.61976842  0.14
1749  7144.61976842  0.14
1750  7144.61976842  0.14
1751  7144.61976842  0.14
1752  7144.61976842  0.14
1753  7144.61976842  0.14
1754  7144.61976842  0.14
1755  7144.61976842  0.14
1756  7144.61976842  0.14
1757  7144.61976842  0.14
1758  7144.61976842  0.14
1759  7144.61976842  0.14
1760  7144.61976842  0.14
1761  7144.61976842  0.14
1762  7144.61976842  0.14
1763  7144.61976842  0.14
1764  7144.61976842  0.14
1765  7144.61976842  0.14
1766  7144.61976842  0.14
1767  7144.61976842  0.14
1768  7144.61976842  0.14
1769  7144.61976842  0.14
1770  7144.61976842  0.14
1771  7144.61976842  0.14
1772  7144.61976842  0.14
1773  7144.61976842  0.14
1774  7144.61976842  0.14
1775  7144.61976842  0.14
1776  7144.61976842  0.14
1777  7144.61976842  0.14
1778  7144.61976842  0.14
1779  7144.61976842  0.14
1780  7144.61976842  0.14
1781  7144.61976842  0.14
1782  7144.61976842  0.14
1783  7144.61976842  0.14
1784  7144.61976842  0.14
1785  7144.61976842  0.14
1786  7144.61976842  0.14
1787  7144.61976842  0.14
1788  7144.61976842  0.14
1789  7144.61976842  0.14
1790  7144.61976842  0.14
1791  7144.61976842  0.14
1792  7144.61976842  0.14
1793  7144.61976842  0.14
1794  7144.61976842  0.14
1795  7144.61976842  0.14
1796  7144.61976842  0.14
1797  7144.61976842  0.14
1798  7144.61976842  0.14
1799  7144.61976842  0.14
1800  7144.61976842  0.14
1801  7144.61976842  0.14
1802  7144.61976842  0.14
1803  7144.61976842  0.14
1804  7144.61976842  0.14
1805  7144.61976842  0.14
1806  7144.61976842  0.14
1807  7144.61976842  0.14
1808  7144.61976842  0.14
1809  7144.61976842  0.14
1810  7144.61976842  0.14
1811  7144.61976842  0.14
1812  7144.61976842  0.14
1813  7144.61976842  0.14
1814  7144.61976842  0.14
1815  7144.61976842  0.14
1816  7144.61976842  0.14
1817  7144.61976842  0.14
1818  7144.61976842  0.14
1819  7144.61976842  0.14
1820  7144.61976842  0.14
1821  7144.61976842  0.14
1822  7144.61976842  0.14
1823  7144.61976842  0.14
1824  7144.61976842  0.14
1825  7144.61976842  0.14
1826  7144.61976842  0.14
1827  7144.61976842  0.14
1828  7144.61976842  0.14
1829  7144.61976842  0.14
1830  7144.61976842  0.14
1831  7144.61976842  0.14
1832  7144.61976842  0.14
1833  7144.61976842  0.14
1834  7144.61976842  0.14
1835  7144.61976842  0.14
1836  7144.61976842  0.14
1837  7144.61976842  0.14
1838  7144.61976842  0.14
1839  7144.61976842  0.14
1840  7144.61976842  0.14
1841  7144.61976842  0.14
1842  7144.61976842  0.14
1843  7144.61976842  0.14
1844  7144.61976842  0.14
1845  7144.61976842  0.14
1846  7144.61976842  0.14
1847  7144.61976842  0.14
1848  7144.61976842  0.14
1849  7144.61976842  0.14
1850  7144.61976842  0.14
1851  7144.61976842  0.14
1852  7144.61976842  0.14
1853  7144.61976842  0.14
1854  7144.61976842  0.14
1855  7144.61976842  0.14
1856  7144.61976842  0.14
1857  7144.61976842  0.14
1858  7144.61976842  0.14
1859  7144.61976842  0.14
1860  7144.61976842  0.14
1861  7144.61976842  0.14
1862  7144.61976842  0.14
1863  7144.61976842  0.14
1864  7144.61976842  0.14
1865  7144.61976842  0.14
1866  7144.61976842  0.14
1867  7144.61976842  0.14
1868  7144.61976842  0.14
1869  7144.61976842  0.14
1870  7144.61976842  0.14
1871  7144.61976842  0.14
1872  7144.61976842  0.14
1873  7144.61976842  0.14
1874  7144.61976842  0.14
1875  7144.61976842  0.14
1876  7144.61976842  0.14
1877  7144.61976842  0.14
1878  7144.61976842  0.14
1879  7144.61976842  0.14
1880  7144.61976842  0.14
1881  7144.61976842  0.14
1882  7144.61976842  0.14
1883  7144.61976842  0.14
1884  7144.61976842  0.14
1885  7144.61976842  0.14
1886  7144.61976842  0.14
1887  7144.61976842  0.14
1888  7144.61976842  0.14
1889  7144.61976842  0.14
1890  7144.61976842  0.14
1891  7144.61976842  0.14
1892  7144.61976842  0.14
1893  7144.61976842  0.14
1894  7144.61976842  0.14
1895  7144.61976842  0.14
1896  7144.61976842  0.14
1897  7144.61976842  0.14
1898  7144.61976842  0.14
1899  7144.61976842  0.14
1900  7144.61976842  0.14
1901  7144.61976842  0.14
1902  7144.61976842  0.14
1903  7144.61976842  0.14
1904  7144.61976842  0.14
1905  7144.61976842  0.14
1906  7144.61976842  0.14
1907  7144.61976842  0.14
1908  7144.61976842  0.14
1909  7144.61976842  0.14
1910  7144.61976842  0.14
1911  7144.61976842  0.14
1912  7144.61976842  0.14
1913  7144.61976842  0.14
1914  7144.61976842  0.14
1915  7144.61976842  0.14
1916  7144.61976842  0.14
1917  7144.61976842  0.14
1918  7144.61976842  0.14
1919  7144.61976842  0.14
1920  7144.61976842  0.14
1921  7144.61976842  0.14
1922  7144.61976842  0.14
1923  7144.61976842  0.14
1924  7144.61976842  0.14
1925  7144.61976842  0.14
1926  7144.61976842  0.14
1927  7144.61976842  0.14
1928  7144.61976842  0.14
1929  7144.61976842  0.14
1930  7144.61976842  0.14
1931  7144.61976842  0.14
1932  7144.61976842  0.14
1933  7144.61976842  0.14
1934  7144.61976842  0.14
1935  7144.61976842  0.14
1936  7144.61976842  0.14
1937  7144.61976842  0.14
1938  7144.61976842  0.14
1939  7144.61976842  0.14
1940  7144.61976842  0.14
1941  7144.61976842  0.14
1942  7144.61976842  0.14
1943  7144.61976842  0.14
1944  7144.61976842  0.14
1945  7144.61976842  0.14
1946  7144.61976842  0.14
1947  7144.61976842  0.14
1948  7144.61976842  0.14
1949  7144.61976842  0.14
1950  7144.61976842  0.14
1951  7144.61976842  0.14
1952  7144.61976842  0.14
1953  7144.61976842  0.14
1954  7144.61976842  0.14
1955  7144.61976842  0.14
1956  7144.61976842  0.14
1957  7144.61976842  0.14
1958  7144.61976842  0.14
1959  7144.61976842  0.14
1960  7144.61976842  0.14
1961  7144.61976842  0.14
1962  7144.61976842  0.14
1963  7144.61976842  0.14
1964  7144.61976842  0.14
1965  7144.61976842  0.14
1966  7144.61976842  0.14
1967  7144.61976842  0.14
1968  7144.61976842  0.14
1969  7144.61976842  0.14
1970  7144.61976842  0.14
1971  7144.61976842  0.14
1972  7144.61976842  0.14
1973  7144.61976842  0.14
1974  7144.61976842  0.14
1975  7144.61976842  0.14
1976  7144.61976842  0.14
1977  7144.61976842  0.14
1978  7144.61976842  0.14
1979  7144.61976842  0.14
1980  7144.61976842  0.14
1981  7144.61976842  0.14
1982  7144.61976842  0.14
1983  7144.61976842  0.14
1984  7144.61976842  0.14
1985  7144.61976842  0.14
1986  7144.61976842  0.14
1987  7144.61976842  0.14
1988  7144.61976842  0.14
1989  7144.61976842  0.14
1990  7144.61976842  0.14
1991  7144.61976842  0.14
1992  7144.61976842  0.14
1993  7144.61976842  0.14
1994  7144.61976842  0.14
1995  7144.61976842  0.14
1996  7144.61976842  0.14
1997  7144.61976842  0.14
1998  7144.61976842  0.14
1999  7144.61976842  0.14
2000  7144.61976842  0.14
2001  7144.61976842  0.14
2002  7144.61976842  0.14
2003  7144.61976842  0.14
2004  7144.61976842  0.14
2005  7144.61976842  0.14
2006  7144.61976842  0.14
2007  7144.61976842  0.14
2008  7144.61976842  0.14
2009  7144.61976842  0.14
2010  7144.61976842  0.14
2011  7144.61976842  0.14
2012  7144.61976842  0.14
2013  7144.61976842  0.14
2014  7144.61976842  0.14
2015  7144.61976842  0.14
2016  7144.61976842  0.14
2017  7144.61976842  0.14
2018  7144.61976842  0.14
2019  7144.61976842  0.14
2020  7144.61976842  0.14
2021  7144.61976842  0.14
2022  7144.61976842  0.14
2023  7144.61976842  0.14
2024  7144.61976842  0.14
2025  7144.61976842  0.14
2026  7144.61976842  0.14
2027  7144.61976842  0.14
2028  7144.61976842  0.14
2029  7144.61976842  0.14
2030  7144.61976842  0.14
2031  7144.61976842  0.14
2032  7144.61976842  0.14
2033  7144.61976842  0.14
2034  7144.61976842  0.14
2035  7144.61976842  0.14
2036  7144.61976842  0.14
2037  7144.61976842  0.14
2038  7144.61976842  0.14
2039  7144.61976842  0.14
2040  7144.61976842  0.14
2041  7144.61976842  0.14
2042  7144.61976842  0.14
2043  7144.61976842  0.14
2044  7144.61976842  0.14
2045  7144.61976842  0.14
2046  7144.61976842  0.14
2047  7144.61976842  0.14
2048  7144.61976842  0.14
2049  7144.61976842  0.14
2050  7144.61976842  0.14
2051  7144.61976842  0.14
2052  7144.61976842  0.14
2053  7144.61976842  0.14
2054  7144.61976842  0.14
2055  7144.61976842  0.14
2056  7144.61976842  0.14
2057  7144.61976842  0.14
2058  7144.61976842  0.14
2059  7144.61976842  0.14
2060  7144.61976842  0.14
2061  7144.61976842  0.14
2062  7144.61976842  0.14
2063  7144.61976842  0.14
2064  7144.61976842  0.14
2065  7144.61976842  0.14
2066  7144.61976842  0.14
2067  7144.61976842  0.14
2068  7144.61976842  0.14
2069  7144.61976842  0.14
2070  7144.61976842  0.14
2071  7144.61976842  0.14
2072  7144.61976842  0.14
2073  7144.61976842  0.14
2074  7144.61976842  0.14
2075  7144.61976842  0.14
2076  7144.61976842  0.14
2077  7144.61976842  0.14
2078  7144.61976842  0.14
2079  7144.61976842  0.14
2080  7144.61976842  0.14
2081  7144.61976842  0.14
2082  7144.61976842  0.14
2083  7144.61976842  0.14
2084  7144.61976842  0.14
2085  7144.61976842  0.14
2086  7144.61976842  0.14
2087  7144.61976842  0.14
2088  7144.61976842  0.14
2089  7144.61976842  0.14
2090  7144.61976842  0.14
2091  7144.61976842  0.14
2092  7144.61976842  0.14
2093  7144.61976842  0.14
2094  7144.61976842  0.14
2095  7144.61976842  0.14
2096  7144.61976842  0.14
2097  7144.61976842  0.14
2098  7144.61976842  0.14
2099  7144.61976842  0.14
2100  7144.61976842  0.14
2101  7144.61976842  0.14
2102  7144.61976842  0.14
2103  7144.61976842  0.14
2104  7144.61976842  0.14
2105  7144.61976842  0.14
2106  7144.61976842  0.14
2107  7144.61976842  0.14
2108  7144.61976842  0.14
2109  7144.61976842  0.14
2110  7144.61976842  0.14
2111  7144.61976842  0.14
2112  7144.61976842  0.14
2113  7144.61976842  0.14
2114  7144.61976842  0.14
2115  7144.61976842  0.14
2116  7144.61976842  0.14
2117  7144.61976842  0.14
2118  7144.61976842  0.14
2119  7144.61976842  0.14
2120  7144.61976842  0.14
2121  7144.61976842  0.14
2122  7144.61976842  0.14
2123  7144.61976842  0.14
2124  7144.61976842  0.14
2125  7144.61976842  0.14
2126  7144.61976842  0.14
2127  7144.61976842  0.14
2128  7144.61976842  0.14
2129  7144.61976842  0.14
2130  7144.61976842  0.14
2131  7144.61976842  0.14
2132  7144.61976842  0.14
2133  7144.61976842  0.14
2134  7144.61976842  0.14
2135  7144.61976842  0.14
2136  7144.61976842  0.14
2137  7144.61976842  0.14
2138  7144.61976842  0.14
2139  7144.61976842  0.14
2140  7144.61976842  0.14
2141  7144.61976842  0.14
2142  7144.61976842  0.14
2143  7144.61976842  0.14
2144  7144.61976842  0.14
2145  7144.61976842  0.14
2146  7144.61976842  0.14
2147  7144.61976842  0.14
2148  7144.61976842  0.14
2149  7144.61976842  0.14
2150  7144.61976842  0.14
2151  7144.61976842  0.14
2152  7144.61976842  0.14
2153  7144.61976842  0.14
2154  7144.61976842  0.14
2155  7144.61976842  0.14
2156  7144.61976842  0.14
2157  7144.61976842  0.14
2158  7144.61976842  0.14
2159  7144.61976842  0.14
2160  7144.61976842  0.14
2161  7144.61976842  0.14
2162  7144.61976842  0.14
2163  7144.61976842  0.14
2164  7144.61976842  0.14
2165  7144.61976842  0.14
2166  7144.61976842  0.14
2167  7144.61976842  0.14
2168  7144.61976842  0.14
2169  7144.61976842  0.14
2170  7144.61976842  0.14
2171  7144.61976842  0.14
2172  7144.61976842  0.14
2173  7144.61976842  0.14
2174  7144.61976842  0.14
2175  7144.61976842  0.14
2176  7144.61976842  0.14
2177  7144.61976842  0.14
2178  7144.61976842  0.14
2179  7144.61976842  0.14
2180  7144.61976842  0.14
2181  7144.61976842  0.14
2182  7144.61976842  0.14
2183  7144.61976842  0.14
2184  7144.61976842  0.14
2185  7144.61976842  0.14
2186  7144.61976842  0.14
2187  7144.61976842  0.14
2188  7144.61976842  0.14
2189  7144.61976842  0.14
2190  7144.61976842  0.14
2191  7144.61976842  0.14
2192  7144.61976842  0.14
2193  7144.61976842  0.14
2194  7144.61976842  0.14
2195  7144.61976842  0.14
2196  7144.61976842  0.14
2197  7144.61976842  0.14
2198  7144.61976842  0.14
2199  7144.61976842  0.14
2200  7144.61976842  0.14
2201  7144.61976842  0.14
2202  7144.61976842  0.14
2203  7144.61976842  0.14
2204  7144.61976842  0.14
2205  7144.61976842  0.14
2206  7144.61976842  0.14
2207  7144.61976842  0.14
2208  7144.61976842  0.14
2209  7144.61976842  0.14
2210  7144.61976842  0.14
2211  7144.61976842  0.14
2212  7144.61976842  0.14
2213  7144.61976842  0.14
2214  7144.61976842  0.14
2215  7144.61976842  0.14
2216  7144.61976842  0.14
2217  7144.61976842  0.14
2218  7144.61976842  0.14
2219  7144.61976842  0.14
2220  7144.61976842  0.14
2221  7144.61976842  0.14
2222  7144.61976842  0.14
2223  7144.61976842  0.14
2224  7144.61976842  0.14
2225  7144.61976842  0.14
2226  7144.61976842  0.14
2227  7144.61976842  0.14
2228  7144.61976842  0.14
2229  7144.61976842  0.14
2230  7144.61976842  0.14
2231  7144.61976842  0.14
2232  7144.61976842  0.14
2233  7144.61976842  0.14
2234  7144.61976842  0.14
2235  7144.61976842  0.14
2236  7144.61976842  0.14
2237  7144.61976842  0.14
2238  7144.61976842  0.14
2239  7144.61976842  0.14
2240  7144.61976842  0.14
2241  7144.61976842  0.14
2242  7144.61976842  0.14
2243  7144.61976842  0.14
2244  7144.61976842  0.14
2245  7144.61976842  0.14
2246  7144.61976842  0.14
2247  7144.61976842  0.14
2248  7144.61976842  0.14
2249  7144.61976842  0.14
2250  7144.61976842  0.14
2251  7144.61976842  0.14
2252  7144.61976842  0.14
2253  7144.61976842  0.14
2254  7144.61976842  0.14
2255  7144.61976842  0.14
2256  7144.61976842  0.14
2257  7144.61976842  0.14
2258  7144.61976842  0.14
2259  7144.61976842  0.14
2260  7144.61976842  0.14
2261  7144.61976842  0.14
2262  7144.61976842  0.14
2263  7144.61976842  0.14
2264  7144.61976842  0.14
2265  7144.61976842  0.14
2266  7144.61976842  0.14
2267  7144.61976842  0.14
2268  7144.61976842  0.14
2269  7144.61976842  0.14
2270  7144.61976842  0.14
2271  7144.61976842  0.14
2272  7144.61976842  0.14
2273  7144.61976842  0.14
2274  7144.61976842  0.14
2275  7144.61976842  0.14
2276  7144.61976842  0.14
2277  7144.61976842  0.14
2278  7144.61976842  0.14
2279  7144.61976842  0.14
2280  7144.61976842  0.14
2281  7144.61976842  0.14
2282  7144.61976842  0.14
2283  7144.61976842  0.14
2284  7144.61976842  0.14
2285  7144.61976842  0.14
2286  7144.61976842  0.14
2287  7144.61976842  0.14
2288  7144.61976842  0.14
2289  7144.61976842  0.14
2290  7144.61976842  0.14
2291  7144.61976842  0.14
2292  7144.61976842  0.14
2293  7144.61976842  0.14
2294  7144.61976842  0.14
2295  7144.61976842  0.14
2296  7144.61976842  0.14
2297  7144.61976842  0.14
2298  7144.61976842  0.14
2299  7144.61976842  0.14
2300  7144.61976842  0.14
2301  7144.61976842  0.14
2302  7144.61976842  0.14
2303  7144.61976842  0.14
2304  7144.61976842  0.14
2305  7144.61976842  0.14
2306  7144.61976842  0.14
2307  7144.61976842  0.14
2308  7144.61976842  0.14
2309  7144.61976842  0.14
2310  7144.61976842  0.14
2311  7144.61976842  0.14
2312  7144.61976842  0.14
2313  7144.61976842  0.14
2314  7144.61976842  0.14
2315  7144.61976842  0.14
2316  7144.61976842  0.14
2317  7144.61976842  0.14
2318  7144.61976842  0.14
2319  7144.61976842  0.14
2320  7144.61976842  0.14
2321  7144.61976842  0.14
2322  7144.61976842  0.14
2323  7144.61976842  0.14
2324  7144.61976842  0.14
2325  7144.61976842  0.14
2326  7144.61976842  0.14
2327  7144.61976842  0.14
2328  7144.61976842  0.14
2329  7144.61976842  0.14
2330  7144.61976842  0.14
2331  7144.61976842  0.14
2332  7144.61976842  0.14
2333  7144.61976842  0.14
2334  7144.61976842  0.14
2335  7144.61976842  0.14
2336  7144.61976842  0.14
2337  7144.61976842  0.14
2338  7144.61976842  0.14
2339  7144.61976842  0.14
2340  7144.61976842  0.14
2341  7144.61976842  0.14
2342  7144.61976842  0.14
2343  7144.61976842  0.14
2344  7144.61976842  0.14
2345  7144.61976842  0.14
2346  7144.61976842  0.14
2347  7144.61976842  0.14
2348  7144.61976842  0.14
2349  7144.61976842  0.14
2350  7144.61976842  0.14
2351  7144.61976842  0.14
2352  7144.61976842  0.14
2353  7144.61976842  0.14
2354  7144.61976842  0.14
2355  7144.61976842  0.14
2356  7144.61976842  0.14
2357  7144.61976842  0.14
2358  7144.61976842  0.14
2359  7144.61976842  0.14
2360  7144.61976842  0.14
2361  7144.61976842  0.14
2362  7144.61976842  0.14
2363  7144.61976842  0.14
2364  7144.61976842  0.14
2365  7144.61976842  0.14
2366  7144.61976842  0.14
2367  7144.61976842  0.14
2368  7144.61976842  0.14
2369  7144.61976842  0.14
2370  7144.61976842  0.14
2371  7144.61976842  0.14
2372  7144.61976842  0.14
2373  7144.61976842  0.14
2374  7144.61976842  0.14
2375  7144.61976842  0.14
2376  7144.61976842  0.14
2377  7144.61976842  0.14
2378  7144.61976842  0.14
2379  7144.61976842  0.14
2380  7144.61976842  0.14
2381  7144.61976842  0.14
2382  7144.61976842  0.14
2383  7144.61976842  0.14
2384  7144.61976842  0.14
2385  7144.61976842  0.14
2386  7144.61976842  0.14
2387  7144.61976842  0.14
2388  7144.61976842  0.14
2389  7144.61976842  0.14
2390  7144.61976842  0.14
2391  7144.61976842  0.14
2392  7144.61976842  0.14
2393  7144.61976842  0.14
2394  7144.61976842  0.14
2395  7144.61976842  0.14
2396  7144.61976842  0.14
2397  7144.61976842  0.14
2398  7144.61976842  0.14
2399  7144.61976842  0.14
2400  7144.61976842  0.14
2401  7144.61976842  0.14
2402  7144.61976842  0.14
2403  7144.61976842  0.14
2404  7144.61976842  0.14
2405  7144.61976842  0.14
2406  7144.61976842  0.14
2407  7144.61976842  0.14
2408  7144.61976842  0.14
2409  7144.61976842  0.14
2410  7144.61976842  0.14
2411  7144.61976842  0.14
2412  7144.61976842  0.14
2413  7144.61976842  0.14
2414  7144.61976842  0.14
2415  7144.61976842  0.14
2416  7144.61976842  0.14
2417  7144.61976842  0.14
2418  7144.61976842  0.14
2419  7144.61976842  0.14
2420  7144.61976842  0.14
2421  7144.61976842  0.14
2422  7144.61976842  0.14
2423  7144.61976842  0.14
2424  7144.61976842  0.14
2425  7144.61976842  0.14
2426  7144.61976842  0.14
2427  7144.61976842  0.14
2428  7144.61976842  0.14
2429  7144.61976842  0.14
2430  7144.61976842  0.14
2431  7144.61976842  0.14
2432  7144.61976842  0.14
2433  7144.61976842  0.14
2434  7144.61976842  0.14
2435  7144.61976842  0.14
2436  7144.61976842  0.14
2437  7144.61976842  0.14
2438  7144.61976842  0.14
2439  7144.61976842  0.14
2440  7144.61976842  0.14
2441  7144.61976842  0.14
2442  7144.61976842  0.14
2443  7144.61976842  0.14
2444  7144.61976842  0.14
2445  7144.61976842  0.14
2446  7144.61976842  0.14
2447  7144.61976842  0.14
2448  7144.61976842  0.14
2449  7144.61976842  0.14
2450  7144.61976842  0.14
2451  7144.61976842  0.14
2452  7144.61976842  0.14
2453  7144.61976842  0.14
2454  7144.61976842  0.14
2455  7144.61976842  0.14
2456  7144.61976842  0.14
2457  7144.61976842  0.14
2458  7144.61976842  0.14
2459  7144.61976842  0.14
2460  7144.61976842  0.14
2461  7144.61976842  0.14
2462  7144.61976842  0.14
2463  7144.61976842  0.14
2464  7144.61976842  0.14
2465  7144.61976842  0.14
2466  7144.61976842  0.14
2467  7144.61976842  0.14
2468  7144.61976842  0.14
2469  7144.61976842  0.14
2470  7144.61976842  0.14
2471  7144.61976842  0.14
2472  7144.61976842  0.14
2473  7144.61976842  0.14
2474  7144.61976842  0.14
2475  7144.61976842  0.14
2476  7144.61976842  0.14
2477  7144.61976842  0.14
2478  7144.61976842  0.14
2479  7144.61976842  0.14
2480  7144.61976842  0.14
2481  7144.61976842  0.14
2482  7144.61976842  0.14
2483  7144.61976842  0.14
2484  7144.61976842  0.14
2485  7144.61976842  0.14
2486  7144.61976842  0.14
2487  7144.61976842  0.14
2488  7144.61976842  0.14
2489  7144.61976842  0.14
2490  7144.61976842  0.14
2491  7144.61976842  0.14
2492  7144.61976842  0.14
2493  7144.61976842  0.14
2494  7144.61976842  0.14
2495  7144.61976842  0.14
2496  7144.61976842  0.14
2497  7144.61976842  0.14
2498  7144.61976842  0.14
2499  7144.61976842  0.14
2500  7144.61976842  0.14
2501  7144.61976842  0.14
2502  7144.61976842  0.14
2503  7144.61976842  0.14
2504  7144.61976842  0.14
2505  7144.61976842  0.14
2506  7144.61976842  0.14
2507  7144.61976842  0.14
2508  7144.61976842  0.14
2509  7144.61976842  0.14
2510  7144.61976842  0.14
2511  7144.61976842  0.14
2512  7144.61976842  0.14
2513  7144.61976842  0.14
2514  7144.61976842  0.14
2515  7144.61976842  0.14
2516  7144.61976842  0.14
2517  7144.61976842  0.14
2518  7144.61976842  0.14
2519  7144.61976842  0.14
2520  7144.61976842  0.14
2521  7144.61976842  0.14
2522  7144.61976842  0.14
2523  7144.61976842  0.14
2524  7144.61976842  0.14
2525  7144.61976842  0.14
2526  7144.61976842  0.14
2527  7144.61976842  0.14
2528  7144.61976842  0.14
2529  7144.61976842  0.14
2530  7144.61976842  0.14
2531  7144.61976842  0.14
2532  7144.61976842  0.14
2533  7144.61976842  0.14
2534  7144.61976842  0.14
2535  7144.61976842  0.14
2536  7144.61976842  0.14
2537  7144.61976842  0.14
2538  7144.61976842  0.14
2539  7144.61976842  0.14
2540  7144.61976842  0.14
2541  7144.61976842  0.14
2542  7144.61976842  0.14
2543  7144.61976842  0.14
2544  7144.61976842  0.14
2545  7144.61976842  0.14
2546  7144.61976842  0.14
2547  7144.61976842  0.14
2548  7144.61976842  0.14
2549  7144.61976842  0.14
2550  7144.61976842  0.14
2551  7144.61976842  0.14
2552  7144.61976842  0.14
2553  7144.61976842  0.14
2554  7144.61976842  0.14
2555  7144.61976842  0.14
2556  7144.61976842  0.14
2557  7144.61976842  0.14
2558  7144.61976842  0.14
2559  7144.61976842  0.14
2560  7144.61976842  0.14
2561  7144.61976842  0.14
2562  7144.61976842  0.14
2563  7144.61976842  0.14
2564  7144.61976842  0.14
2565  7144.61976842  0.14
2566  7144.61976842  0.14
2567  7144.61976842  0.14
2568  7144.61976842  0.14
2569  7144.61976842  0.14
2570  7144.61976842  0.14
2571  7144.61976842  0.14
2572  7144.61976842  0.14
2573  7144.61976842  0.14
2574  7144.61976842  0.14
2575  7144.61976842  0.14
2576  7144.61976842  0.14
2577  7144.61976842  0.14
2578  7144.61976842  0.14
2579  7144.61976842  0.14
2580  7144.61976842  0.14
2581  7144.61976842  0.14
2582  7144.61976842  0.14
2583  7144.61976842  0.14
2584  7144.61976842  0.14
2585  7144.61976842  0.14
2586  7144.61976842  0.14
2587  7144.61976842  0.14
2588  7144.61976842  0.14
2589  7144.61976842  0.14
2590  7144.61976842  0.14
2591  7144.61976842  0.14
2592  7144.61976842  0.14
2593  7144.61976842  0.14
2594  7144.61976842  0.14
2595  7144.61976842  0.14
2596  7144.61976842  0.14
2597  7144.61976842  0.14
2598  7144.61976842  0.14
2599  7144.61976842  0.14
2600  7144.61976842  0.14
2601  7144.61976842  0.14
2602  7144.61976842  0.14
2603  7144.61976842  0.14
2604  7144.61976842  0.14
2605  7144.61976842  0.14
2606  7144.61976842  0.14
2607  7144.61976842  0.14
2608  7144.61976842  0.14
2609  7144.61976842  0.14
2610  7144.61976842  0.14
2611  7144.61976842  0.14
2612  7144.61976842  0.14
2613  7144.61976842  0.14
2614  7144.61976842  0.14
2615  7144.61976842  0.14
2616  7144.61976842  0.14
2617  7144.61976842  0.14
2618  7144.61976842  0.14
2619  7144.61976842  0.14
2620  7144.61976842  0.14
2621  7144.61976842  0.14
2622  7144.61976842  0.14
2623  7144.61976842  0.14
2624  7144.61976842  0.14
2625  7144.61976842  0.14
2626  7144.61976842  0.14
2627  7144.61976842  0.14
2628  7144.61976842  0.14
2629  7144.61976842  0.14
2630  7144.61976842  0.14
2631  7144.61976842  0.14
2632  7144.61976842  0.14
2633  7144.61976842  0.14
2634  7144.61976842  0.14
2635  7144.61976842  0.14
2636  7144.61976842  0.14
2637  7144.61976842  0.14
2638  7144.61976842  0.14
2639  7144.61976842  0.14
2640  7144.61976842  0.14
2641  7144.61976842  0.14
2642  7144.61976842  0.14
2643  7144.61976842  0.14
2644  7144.61976842  0.14
2645  7144.61976842  0.14
2646  7144.61976842  0.14
2647  7144.61976842  0.14
2648  7144.61976842  0.14
2649  7144.61976842  0.14
2650  7144.61976842  0.14
2651  7144.61976842  0.14
2652  7144.61976842  0.14
2653  7144.61976842  0.14
2654  7144.61976842  0.14
2655  7144.61976842  0.14
2656  7144.61976842  0.14
2657  7144.61976842  0.14
2658  7144.61976842  0.14
2659  7144.61976842  0.14
2660  7144.61976842  0.14
2661  7144.61976842  0.14
2662  7144.61976842  0.14
2663  7144.61976842  0.14
2664  7144.61976842  0.14
2665  7144.61976842  0.14
2666  7144.61976842  0.14
2667  7144.61976842  0.14
2668  7144.61976842  0.14
2669  7144.61976842  0.14
2670  7144.61976842  0.14
2671  7144.61976842  0.14
2672  7144.61976842  0.14
2673  7144.61976842  0.14
2674  7144.61976842  0.14
2675  7144.61976842  0.14
2676  7144.61976842  0.14
2677  7144.61976842  0.14
2678  7144.61976842  0.14
2679  7144.61976842  0.14
2680  7144.61976842  0.14
2681  7144.61976842  0.14
2682  7144.61976842  0.14
2683  7144.61976842  0.14
2684  7144.61976842  0.14
2685  7144.61976842  0.14
2686  7144.61976842  0.14
2687  7144.61976842  0.14
2688  7144.61976842  0.14
2689  7144.61976842  0.14
2690  7144.61976842  0.14
2691  7144.61976842  0.14
2692  7144.61976842  0.14
2693  7144.61976842  0.14
2694  7144.61976842  0.14
2695  7144.61976842  0.14
2696  7144.61976842  0.14
2697  7144.61976842  0.14
2698  7144.61976842  0.14
2699  7144.61976842  0.14
2700  7144.61976842  0.14
2701  7144.61976842  0.14
2702  7144.61976842  0.14
2703  7144.61976842  0.14
2704  7144.61976842  0.14
2705  7144.61976842  0.14
2706  7144.61976842  0.14
2707  7144.61976842  0.14
2708  7144.61976842  0.14
2709  7144.61976842  0.14
2710  7144.61976842  0.14
2711  7144.61976842  0.14
2712  7144.61976842  0.14
2713  7144.61976842  0.14
2714  7144.61976842  0.14
2715  7144.61976842  0.14
2716  7144.61976842  0.14
2717  7144.61976842  0.14
2718  7144.61976842  0.14
2719  7144.61976842  0.14
2720  7144.61976842  0.14
2721  7144.61976842  0.14
2722  7144.61976842  0.14
2723  7144.61976842  0.14
2724  7144.61976842  0.14
2725  7144.61976842  0.14
2726  7144.61976842  0.14
2727  7144.61976842  0.14
2728  7144.61976842  0.14
2729  7144.61976842  0.14
2730  7144.61976842  0.14
2731  7144.61976842  0.14
2732  7144.61976842  0.14
2733  7144.61976842  0.14
2734  7144.61976842  0.14
2735  7144.61976842  0.14
2736  7144.61976842  0.14
2737  7144.61976842  0.14
2738  7144.61976842  0.14
2739  7144.61976842  0.14
2740  7144.61976842  0.14
2741  7144.61976842  0.14
2742  7144.61976842  0.14
2743  7144.61976842  0.14
2744  7144.61976842  0.14
2745  7144.61976842  0.14
2746  7144.61976842  0.14
2747  7144.61976842  0.14
2748  7144.61976842  0.14
2749  7144.61976842  0.14
2750  7144.61976842  0.14
2751  7144.61976842  0.14
2752  7144.61976842  0.14
2753  7144.61976842  0.14
2754  7144.61976842  0.14
2755  7144.61976842  0.14
2756  7144.61976842  0.14
2757  7144.61976842  0.14
2758  7144.61976842  0.14
2759  7144.61976842  0.14
2760  7144.61976842  0.14
2761  7144.61976842  0.14
2762  7144.61976842  0.14
2763  7144.61976842  0.14
2764  7144.61976842  0.14
2765  7144.61976842  0.14
2766  7144.61976842  0.14
2767  7144.61976842  0.14
2768  7144.61976842  0.14
2769  7144.61976842  0.14
2770  7144.61976842  0.14
2771  7144.61976842  0.14
2772  7144.61976842  0.14
2773  7144.61976842  0.14
2774  7144.61976842  0.14
2775  7144.61976842  0.14
2776  7144.61976842  0.14
2777  7144.61976842  0.14
2778  7144.61976842  0.14
2779  7144.61976842  0.14
2780  7144.61976842  0.14
2781  7144.61976842  0.14
2782  7144.61976842  0.14
2783  7144.61976842  0.14
2784  7144.61976842  0.14
2785  7144.61976842  0.14
2786  7144.61976842  0.14
2787  7144.61976842  0.14
2788  7144.61976842  0.14
2789  7144.61976842  0.14
2790  7144.61976842  0.14
2791  7144.61976842  0.14
2792  7144.61976842  0.14
2793  7144.61976842  0.14
2794  7144.61976842  0.14
2795  7144.61976842  0.14
2796  7144.61976842  0.14
2797  7144.61976842  0.14
2798  7144.61976842  0.14
2799  7144.61976842  0.14
2800  7144.61976842  0.14
2801  7144.61976842  0.14
2802  7144.61976842  0.14
2803  7144.61976842  0.14
2804  7144.61976842  0.14
2805  7144.61976842  0.14
2806  7144.61976842  0.14
2807  7144.61976842  0.14
2808  7144.61976842  0.14
2809  7144.61976842  0.14
2810  7144.61976842  0.14
2811  7144.61976842  0.14
2812  7144.61976842  0.14
2813  7144.61976842  0.14
2814  7144.61976842  0.14
2815  7144.61976842  0.14
2816  7144.61976842  0.14
2817  7144.61976842  0.14
2818  7144.61976842  0.14
2819  7144.61976842  0.14
2820  7144.61976842  0.14
2821  7144.61976842  0.14
2822  7144.61976842  0.14
2823  7144.61976842  0.14
2824  7144.61976842  0.14
2825  7144.61976842  0.14
2826  7144.61976842  0.14
2827  7144.61976842  0.14
2828  7144.61976842  0.14
2829  7144.61976842  0.14
2830  7144.61976842  0.14
2831  7144.61976842  0.14
2832  7144.61976842  0.14
2833  7144.61976842  0.14
2834  7144.61976842  0.14
2835  7144.61976842  0.14
2836  7144.61976842  0.14
2837  7144.61976842  0.14
2838  7144.61976842  0.14
2839  7144.61976842  0.14
2840  7144.61976842  0.14
2841  7144.61976842  0.14
2842  7144.61976842  0.14
2843  7144.61976842  0.14
2844  7144.61976842  0.14
2845  7144.61976842  0.14
2846  7144.61976842  0.14
2847  7144.61976842  0.14
2848  7144.61976842  0.14
2849  7144.61976842  0.14
2850  7144.61976842  0.14
2851  7144.61976842  0.14
2852  7144.61976842  0.14
2853  7144.61976842  0.14
2854  7144.61976842  0.14
2855  7144.61976842  0.14
2856  7144.61976842  0.14
2857  7144.61976842  0.14
2858  7144.61976842  0.14
2859  7144.61976842  0.14
2860  7144.61976842  0.14
2861  7144.61976842  0.14
2862  7144.61976842  0.14
2863  7144.61976842  0.14
2864  7144.61976842  0.14
2865  7144.61976842  0.14
2866  7144.61976842  0.14
2867  7144.61976842  0.14
2868  7144.61976842  0.14
2869  7144.61976842  0.14
2870  7144.61976842  0.14
2871  7144.61976842  0.14
2872  7144.61976842  0.14
2873  7144.61976842  0.14
2874  7144.61976842  0.14
2875  7144.61976842  0.14
2876  7144.61976842  0.14
2877  7144.61976842  0.14
2878  7144.61976842  0.14
2879  7144.61976842  0.14
2880  7144.61976842  0.14
2881  7144.61976842  0.14
2882  7144.61976842  0.14
2883  7144.61976842  0.14
2884  7144.61976842  0.14
2885  7144.61976842  0.14
2886  7144.61976842  0.14
2887  7144.61976842  0.14
2888  7144.61976842  0.14
2889  7144.61976842  0.14
2890  7144.61976842  0.14
2891  7144.61976842  0.14
2892  7144.61976842  0.14
2893  7144.61976842  0.14
2894  7144.61976842  0.14
2895  7144.61976842  0.14
2896  7144.61976842  0.14
2897  7144.61976842  0.14
2898  7144.61976842  0.14
2899  7144.61976842  0.14
2900  7144.61976842  0.14
2901  7144.61976842  0.14
2902  7144.61976842  0.14
2903  7144.61976842  0.14
2904  7144.61976842  0.14
2905  7144.61976842  0.14
2906  7144.61976842  0.14
2907  7144.61976842  0.14
2908  7144.61976842  0.14
2909  7144.61976842  0.14
2910  7144.61976842  0.14
2911  7144.61976842  0.14
2912  7144.61976842  0.14
2913  7144.61976842  0.14
2914  7144.61976842  0.14
2915  7144.61976842  0.14
2916  7144.61976842  0.14
2917  7144.61976842  0.14
2918  7144.61976842  0.14
2919  7144.61976842  0.14
2920  7144.61976842  0.14
2921  7144.61976842  0.14
2922  7144.61976842  0.14
2923  7144.61976842  0.14
2924  7144.61976842  0.14
2925  7144.61976842  0.14
2926  7144.61976842  0.14
2927  7144.61976842  0.14
2928  7144.61976842  0.14
2929  7144.61976842  0.14
2930  7144.61976842  0.14
2931  7144.61976842  0.14
2932  7144.61976842  0.14
2933  7144.61976842  0.14
2934  7144.61976842  0.14
2935  7144.61976842  0.14
2936  7144.61976842  0.14
2937  7144.61976842  0.14
2938  7144.61976842  0.14
2939  7144.61976842  0.14
2940  7144.61976842  0.14
2941  7144.61976842  0.14
2942  7144.61976842  0.14
2943  7144.61976842  0.14
2944  7144.61976842  0.14
2945  7144.61976842  0.14
2946  7144.61976842  0.14
2947  7144.61976842  0.14
2948  7144.61976842  0.14
2949  7144.61976842  0.14
2950  7144.61976842  0.14
2951  7144.61976842  0.14
2952  7144.61976842  0.14
2953  7144.61976842  0.14
2954  7144.61976842  0.14
2955  7144.61976842  0.14
2956  7144.61976842  0.14
2957  7144.61976842  0.14
2958  7144.61976842  0.14
2959  7144.61976842  0.14
2960  7144.61976842  0.14
2961  7144.61976842  0.14
2962  7144.61976842  0.14
2963  7144.61976842  0.14
2964  7144.61976842  0.14
2965  7144.61976842  0.14
2966  7144.61976842  0.14
2967  7144.61976842  0.14
2968  7144.61976842  0.14
2969  7144.61976842  0.14
2970  7144.61976842  0.14
2971  7144.61976842  0.14
2972  7144.61976842  0.14
2973  7144.61976842  0.14
2974  7144.61976842  0.14
2975  7144.61976842  0.14
2976  7144.61976842  0.14
2977  7144.61976842  0.14
2978  7144.61976842  0.14
2979  7144.61976842  0.14
2980  7144.61976842  0.14
2981  7144.61976842  0.14
2982  7144.61976842  0.14
2983  7144.61976842  0.14
2984  7144.61976842  0.14
2985  7144.61976842  0.14
2986  7144.61976842  0.14
2987  7144.61976842  0.14
2988  7144.61976842  0.14
2989  7144.61976842  0.14
2990  7144.61976842  0.14
2991  7144.61976842  0.14
2992  7144.61976842  0.14
2993  7144.61976842  0.14
2994  7144.61976842  0.14
2995  7144.61976842  0.14
2996  7144.61976842  0.14
2997  7144.61976842  0.14
2998  7144.61976842  0.14
2999  7144.61976842  0.14
#[-8, -4, -4, 4, 4, 5, 5, 7, 8, 9]
#[-7, -5, -4, -4, 1, 1, 3, 5, 7, 8]
#[-9, -5, 3, 3, 3, 3, 3, 5, 8, 9]
#[-6, -5, 3, 3, 3, 3, 3, 3, 3, 6]
#[3, 3, 3, 3, 3, 3, 3, 3, 3, 9]
#[-8, 3, 3, 3, 3, 3, 3, 3, 3, 3]
#[-5, 3, 3, 3, 3, 3, 3, 3, 3, 3]
#[3, 3, 3, 3, 3, 3, 3, 3, 3, 3]
#[-3, 3, 3, 3, 3, 3, 3, 3, 3, 3]
#Specialization index= [0, 4, 1.0]
