#[3, 0, 6, 7, 7, 5, 4, 4, 7, 4]
#[7, 3, 4, 7, 1, 8, 9, 8, 0, 9]
#[1, 3, 5, 6, 5, 1, 0, 8, 5, 6]
#[9, 6, 2, 7, 8, 4, 3, 5, 0, 6]
#[9, 7, 8, 9, 7, 4, 1, 9, 4, 2]
#[7, 7, 6, 5, 6, 3, 6, 1, 7, 9]
#[4, 6, 8, 6, 5, 9, 4, 5, 9, 7]
#[8, 7, 6, 6, 9, 4, 6, 6, 4, 3]
#[9, 0, 4, 8, 8, 7, 5, 5, 6, 3]
0  3740.5  0.0
1  3740.5  0.0
2  3740.5  0.0
3  3740.5  0.0
4  3740.5  0.0
5  3740.5  0.0
6  3740.5  0.0
7  3740.5  0.0
8  3740.5  0.0
9  3740.5  0.0
10  3740.5  0.0
11  3740.5  0.0
12  3740.5  0.0
13  3740.5  0.0
14  3740.5  0.0
15  3740.5  0.0
16  3740.5  0.0
17  3740.5  0.0
18  3740.5  0.0
19  3740.5  0.0
20  3740.5  0.0
21  3740.5  0.0
22  3740.5  0.0
23  3740.5  0.0
24  3740.5  0.0
25  3740.5  0.0
26  3740.5  0.0
27  3740.5  0.0
28  3740.5  0.0
29  3740.5  0.0
30  3740.5  0.0
31  3740.5  0.0
32  3740.5  0.0
33  3740.5  0.0
34  3740.5  0.0
35  3740.5  0.0
36  3740.5  0.0
37  3740.5  0.0
38  3740.5  0.0
39  3740.5  0.0
40  3740.5  0.0
41  3740.5  0.0
42  3740.5  0.0
43  3740.5  0.0
44  3740.5  0.0
45  3740.5  0.0
46  3740.5  0.0
47  3740.5  0.0
48  3740.5  0.0
49  3740.5  0.0
50  3740.5  0.0
51  3740.5  0.0
52  3740.5  0.0
53  3740.5  0.0
54  3740.5  0.0
55  3740.5  0.0
56  3740.5  0.0
57  3740.5  0.0
58  3740.5  0.0
59  3740.5  0.0
60  3740.5  0.0
61  3740.5  0.0
62  3740.5  0.0
63  3740.5  0.0
64  3740.5  0.0
65  3740.5  0.0
66  3740.5  0.0
67  3740.5  0.0
68  3740.5  0.0
69  3740.5  0.0
70  3740.5  0.0
71  3740.5  0.0
72  3740.5  0.0
73  3740.5  0.0
74  3740.5  0.0
75  3740.5  0.0
76  3740.5  0.0
77  3740.5  0.0
78  3740.5  0.0
79  3740.5  0.0
80  3740.5  0.0
81  3740.5  0.0
82  3740.5  0.0
83  3740.5  0.0
84  3740.5  0.0
85  3740.5  0.0
86  3740.5  0.0
87  3740.5  0.0
88  3740.5  0.0
89  3740.5  0.0
90  3740.5  0.0
91  3740.5  0.0
92  3740.5  0.0
93  3740.5  0.0
94  3740.5  0.0
95  3740.5  0.0
96  3740.5  0.0
97  3740.5  0.0
98  3740.5  0.0
99  3740.5  0.0
100  3740.5  0.0
101  3740.5  0.0
102  3740.5  0.0
103  3740.5  0.0
104  3740.5  0.0
105  3740.5  0.0
106  3740.5  0.0
107  3740.5  0.0
108  3740.5  0.0
109  3740.5  0.0
110  3740.5  0.0
111  3740.5  0.0
112  3740.5  0.0
113  3740.5  0.0
114  3740.5  0.0
115  3740.5  0.0
116  3740.5  0.0
117  3740.5  0.0
118  3740.5  0.0
119  3740.5  0.0
120  3740.5  0.0
121  3740.5  0.0
122  3740.5  0.0
123  3740.5  0.0
124  3740.5  0.0
125  3740.5  0.0
126  3740.5  0.0
127  3740.5  0.0
128  3740.5  0.0
129  3740.5  0.0
130  3740.5  0.0
131  3740.5  0.0
132  3740.5  0.0
133  3740.5  0.0
134  3740.5  0.0
135  3740.5  0.0
136  3740.5  0.0
137  3740.5  0.0
138  3740.5  0.0
139  3740.5  0.0
140  3740.5  0.0
141  3740.5  0.0
142  3740.5  0.0
143  3740.5  0.0
144  3740.5  0.0
145  3740.5  0.0
146  3740.5  0.0
147  3740.5  0.0
148  3740.5  0.0
149  3740.5  0.0
150  3740.5  0.0
151  3740.5  0.0
152  3740.5  0.0
153  3740.5  0.0
154  3740.5  0.0
155  3740.5  0.0
156  3740.5  0.0
157  3740.5  0.0
158  3740.5  0.0
159  3740.5  0.0
160  3740.5  0.0
161  3740.5  0.0
162  3740.5  0.0
163  3740.5  0.0
164  3740.5  0.0
165  3740.5  0.0
166  3740.5  0.0
167  3740.5  0.0
168  3740.5  0.0
169  3740.5  0.0
170  3740.5  0.0
171  3740.5  0.0
172  3740.5  0.0
173  3740.5  0.0
174  3740.5  0.0
175  3740.5  0.0
176  3740.5  0.0
177  3740.5  0.0
178  3740.5  0.0
179  3740.5  0.0
180  3740.5  0.0
181  3740.5  0.0
182  3740.5  0.0
183  3740.5  0.0
184  3740.5  0.0
185  3740.5  0.0
186  3740.5  0.0
187  3740.5  0.0
188  3740.5  0.0
189  3740.5  0.0
190  3740.5  0.0
191  3740.5  0.0
192  3740.5  0.0
193  3740.5  0.0
194  3740.5  0.0
195  3740.5  0.0
196  3740.5  0.0
197  3740.5  0.0
198  3740.5  0.0
199  3740.5  0.0
200  3740.5  0.0
201  3740.5  0.0
202  3740.5  0.0
203  3740.5  0.0
204  3740.5  0.0
205  3740.5  0.0
206  3740.5  0.0
207  3740.5  0.0
208  3740.5  0.0
209  3740.5  0.0
210  3740.5  0.0
211  3740.5  0.0
212  3740.5  0.0
213  3740.5  0.0
214  3740.5  0.0
215  3740.5  0.0
216  3740.5  0.0
217  3740.5  0.0
218  3740.5  0.0
219  3740.5  0.0
220  3740.5  0.0
221  3740.5  0.0
222  3740.5  0.0
223  3740.5  0.0
224  3740.5  0.0
225  3740.5  0.0
226  3740.5  0.0
227  3740.5  0.0
228  3740.5  0.0
229  3740.5  0.0
230  3740.5  0.0
231  3740.5  0.0
232  3740.5  0.0
233  3740.5  0.0
234  3740.5  0.0
235  3740.5  0.0
236  3740.5  0.0
237  3740.5  0.0
238  3740.5  0.0
239  3740.5  0.0
240  3740.5  0.0
241  3740.5  0.0
242  3740.5  0.0
243  3740.5  0.0
244  3740.5  0.0
245  3740.5  0.0
246  3740.5  0.0
247  3740.5  0.0
248  3740.5  0.0
249  3740.5  0.0
250  3740.5  0.0
251  3740.5  0.0
252  3740.5  0.0
253  3740.5  0.0
254  3740.5  0.0
255  3740.5  0.0
256  3740.5  0.0
257  3740.5  0.0
258  3740.5  0.0
259  3740.5  0.0
260  3740.5  0.0
261  3740.5  0.0
262  3740.5  0.0
263  3740.5  0.0
264  3740.5  0.0
265  3740.5  0.0
266  3740.5  0.0
267  3740.5  0.0
268  3740.5  0.0
269  3740.5  0.0
270  3740.5  0.0
271  3740.5  0.0
272  3740.5  0.0
273  3740.5  0.0
274  3740.5  0.0
275  3740.5  0.0
276  3740.5  0.0
277  3740.5  0.0
278  3740.5  0.0
279  3740.5  0.0
280  3740.5  0.0
281  3740.5  0.0
282  3740.5  0.0
283  3740.5  0.0
284  3740.5  0.0
285  3740.5  0.0
286  3740.5  0.0
287  3740.5  0.0
288  3740.5  0.0
289  3740.5  0.0
290  3740.5  0.0
291  3740.5  0.0
292  3740.5  0.0
293  3740.5  0.0
294  3740.5  0.0
295  3740.5  0.0
296  3740.5  0.0
297  3740.5  0.0
298  3740.5  0.0
299  3740.5  0.0
300  3740.5  0.0
301  3740.5  0.0
302  3740.5  0.0
303  3740.5  0.0
304  3740.5  0.0
305  3740.5  0.0
306  3740.5  0.0
307  3740.5  0.0
308  3740.5  0.0
309  3740.5  0.0
310  3740.5  0.0
311  3740.5  0.0
312  3740.5  0.0
313  3740.5  0.0
314  3740.5  0.0
315  3740.5  0.0
316  3740.5  0.0
317  3740.5  0.0
318  3740.5  0.0
319  3740.5  0.0
320  3740.5  0.0
321  3740.5  0.0
322  3740.5  0.0
323  3740.5  0.0
324  3740.5  0.0
325  3740.5  0.0
326  3740.5  0.0
327  3740.5  0.0
328  3740.5  0.0
329  3740.5  0.0
330  3740.5  0.0
331  3740.5  0.0
332  3740.5  0.0
333  3740.5  0.0
334  3740.5  0.0
335  3740.5  0.0
336  3740.5  0.0
337  3740.5  0.0
338  3740.5  0.0
339  3740.5  0.0
340  3740.5  0.0
341  3740.5  0.0
342  3740.5  0.0
343  3740.5  0.0
344  3740.5  0.0
345  3740.5  0.0
346  3740.5  0.0
347  3740.5  0.0
348  3740.5  0.0
349  3740.5  0.0
350  3740.5  0.0
351  3740.5  0.0
352  3740.5  0.0
353  3740.5  0.0
354  3740.5  0.0
355  3740.5  0.0
356  3740.5  0.0
357  3740.5  0.0
358  3740.5  0.0
359  3740.5  0.0
360  3740.5  0.0
361  3740.5  0.0
362  3740.5  0.0
363  3740.5  0.0
364  3740.5  0.0
365  3740.5  0.0
366  3740.5  0.0
367  3740.5  0.0
368  3740.5  0.0
369  3740.5  0.0
370  3740.5  0.0
371  3740.5  0.0
372  3740.5  0.0
373  3740.5  0.0
374  3740.5  0.0
375  3740.5  0.0
376  3740.5  0.0
377  3740.5  0.0
378  3740.5  0.0
379  3740.5  0.0
380  3740.5  0.0
381  3740.5  0.0
382  3740.5  0.0
383  3740.5  0.0
384  3740.5  0.0
385  3740.5  0.0
386  3740.5  0.0
387  3740.5  0.0
388  3740.5  0.0
389  3740.5  0.0
390  3740.5  0.0
391  3740.5  0.0
392  3740.5  0.0
393  3740.5  0.0
394  3740.5  0.0
395  3740.5  0.0
396  3740.5  0.0
397  3740.5  0.0
398  3740.5  0.0
399  3740.5  0.0
400  3740.5  0.0
401  3740.5  0.0
402  3740.5  0.0
403  3740.5  0.0
404  3740.5  0.0
405  3740.5  0.0
406  3740.5  0.0
407  3740.5  0.0
408  3740.5  0.0
409  3740.5  0.0
410  3740.5  0.0
411  3740.5  0.0
412  3740.5  0.0
413  3740.5  0.0
414  3740.5  0.0
415  3740.5  0.0
416  3740.5  0.0
417  3740.5  0.0
418  3740.5  0.0
419  3740.5  0.0
420  3740.5  0.0
421  3740.5  0.0
422  3740.5  0.0
423  3740.5  0.0
424  3740.5  0.0
425  3740.5  0.0
426  3740.5  0.0
427  3740.5  0.0
428  3740.5  0.0
429  3740.5  0.0
430  3740.5  0.0
431  3740.5  0.0
432  3740.5  0.0
433  3740.5  0.0
434  3740.5  0.0
435  3740.5  0.0
436  3740.5  0.0
437  3740.5  0.0
438  3740.5  0.0
439  3740.5  0.0
440  3740.5  0.0
441  3740.5  0.0
442  3740.5  0.0
443  3740.5  0.0
444  3740.5  0.0
445  3740.5  0.0
446  3740.5  0.0
447  3740.5  0.0
448  3740.5  0.0
449  3740.5  0.0
450  3740.5  0.0
451  3740.5  0.0
452  3740.5  0.0
453  3740.5  0.0
454  3740.5  0.0
455  3740.5  0.0
456  3740.5  0.0
457  3740.5  0.0
458  3740.5  0.0
459  3740.5  0.0
460  3740.5  0.0
461  3740.5  0.0
462  3740.5  0.0
463  3740.5  0.0
464  3740.5  0.0
465  3740.5  0.0
466  3740.5  0.0
467  3740.5  0.0
468  3740.5  0.0
469  3740.5  0.0
470  3740.5  0.0
471  3740.5  0.0
472  3740.5  0.0
473  3740.5  0.0
474  3740.5  0.0
475  3740.5  0.0
476  3740.5  0.0
477  3740.5  0.0
478  3740.5  0.0
479  3740.5  0.0
480  3740.5  0.0
481  3740.5  0.0
482  3740.5  0.0
483  3740.5  0.0
484  3740.5  0.0
485  3740.5  0.0
486  3740.5  0.0
487  3740.5  0.0
488  3740.5  0.0
489  3740.5  0.0
490  3740.5  0.0
491  3740.5  0.0
492  3740.5  0.0
493  3740.5  0.0
494  3740.5  0.0
495  3740.5  0.0
496  3740.5  0.0
497  3740.5  0.0
498  3740.5  0.0
499  3740.5  0.0
500  3740.5  0.0
501  3740.5  0.0
502  3740.5  0.0
503  3740.5  0.0
504  3740.5  0.0
505  3740.5  0.0
506  3740.5  0.0
507  3740.5  0.0
508  3740.5  0.0
509  3740.5  0.0
510  3740.5  0.0
511  3740.5  0.0
512  3740.5  0.0
513  3740.5  0.0
514  3740.5  0.0
515  3740.5  0.0
516  3740.5  0.0
517  3740.5  0.0
518  3740.5  0.0
519  3740.5  0.0
520  3740.5  0.0
521  3740.5  0.0
522  3740.5  0.0
523  3740.5  0.0
524  3740.5  0.0
525  3740.5  0.0
526  3740.5  0.0
527  3740.5  0.0
528  3740.5  0.0
529  3740.5  0.0
530  3740.5  0.0
531  3740.5  0.0
532  3740.5  0.0
533  3740.5  0.0
534  3740.5  0.0
535  3740.5  0.0
536  3740.5  0.0
537  3740.5  0.0
538  3740.5  0.0
539  3740.5  0.0
540  3740.5  0.0
541  3740.5  0.0
542  3740.5  0.0
543  3740.5  0.0
544  3740.5  0.0
545  3740.5  0.0
546  3740.5  0.0
547  3740.5  0.0
548  3740.5  0.0
549  3740.5  0.0
550  3740.5  0.0
551  3740.5  0.0
552  3740.5  0.0
553  3740.5  0.0
554  3740.5  0.0
555  3740.5  0.0
556  3740.5  0.0
557  3740.5  0.0
558  3740.5  0.0
559  3740.5  0.0
560  3740.5  0.0
561  3740.5  0.0
562  3740.5  0.0
563  3740.5  0.0
564  3740.5  0.0
565  3740.5  0.0
566  3740.5  0.0
567  3740.5  0.0
568  3740.5  0.0
569  3740.5  0.0
570  3740.5  0.0
571  3740.5  0.0
572  3740.5  0.0
573  3740.5  0.0
574  3740.5  0.0
575  3740.5  0.0
576  3740.5  0.0
577  3740.5  0.0
578  3740.5  0.0
579  3740.5  0.0
580  3740.5  0.0
581  3740.5  0.0
582  3740.5  0.0
583  3740.5  0.0
584  3740.5  0.0
585  3740.5  0.0
586  3740.5  0.0
587  3740.5  0.0
588  3740.5  0.0
589  3740.5  0.0
590  3740.5  0.0
591  3740.5  0.0
592  3740.5  0.0
593  3740.5  0.0
594  3740.5  0.0
595  3740.5  0.0
596  3740.5  0.0
597  3740.5  0.0
598  3740.5  0.0
599  3740.5  0.0
600  3740.5  0.0
601  3740.5  0.0
602  3740.5  0.0
603  3740.5  0.0
604  3740.5  0.0
605  3740.5  0.0
606  3740.5  0.0
607  3740.5  0.0
608  3740.5  0.0
609  3740.5  0.0
610  3740.5  0.0
611  3740.5  0.0
612  3740.5  0.0
613  3740.5  0.0
614  3740.5  0.0
615  3740.5  0.0
616  3740.5  0.0
617  3740.5  0.0
618  3740.5  0.0
619  3740.5  0.0
620  3740.5  0.0
621  3740.5  0.0
622  3740.5  0.0
623  3740.5  0.0
624  3740.5  0.0
625  3740.5  0.0
626  3740.5  0.0
627  3740.5  0.0
628  3740.5  0.0
629  3740.5  0.0
630  3740.5  0.0
631  3740.5  0.0
632  3740.5  0.0
633  3740.5  0.0
634  3740.5  0.0
635  3740.5  0.0
636  3740.5  0.0
637  3740.5  0.0
638  3740.5  0.0
639  3740.5  0.0
640  3740.5  0.0
641  3740.5  0.0
642  3740.5  0.0
643  3740.5  0.0
644  3740.5  0.0
645  3740.5  0.0
646  3740.5  0.0
647  3740.5  0.0
648  3740.5  0.0
649  3740.5  0.0
650  3740.5  0.0
651  3740.5  0.0
652  3740.5  0.0
653  3740.5  0.0
654  3740.5  0.0
655  3740.5  0.0
656  3740.5  0.0
657  3740.5  0.0
658  3740.5  0.0
659  3740.5  0.0
660  3740.5  0.0
661  3740.5  0.0
662  3740.5  0.0
663  3740.5  0.0
664  3740.5  0.0
665  3740.5  0.0
666  3740.5  0.0
667  3740.5  0.0
668  3740.5  0.0
669  3740.5  0.0
670  3740.5  0.0
671  3740.5  0.0
672  3740.5  0.0
673  3740.5  0.0
674  3740.5  0.0
675  3740.5  0.0
676  3740.5  0.0
677  3740.5  0.0
678  3740.5  0.0
679  3740.5  0.0
680  3740.5  0.0
681  3740.5  0.0
682  3740.5  0.0
683  3740.5  0.0
684  3740.5  0.0
685  3740.5  0.0
686  3740.5  0.0
687  3740.5  0.0
688  3740.5  0.0
689  3740.5  0.0
690  3740.5  0.0
691  3740.5  0.0
692  3740.5  0.0
693  3740.5  0.0
694  3740.5  0.0
695  3740.5  0.0
696  3740.5  0.0
697  3740.5  0.0
698  3740.5  0.0
699  3740.5  0.0
700  3740.5  0.0
701  3740.5  0.0
702  3740.5  0.0
703  3740.5  0.0
704  3740.5  0.0
705  3740.5  0.0
706  3740.5  0.0
707  3740.5  0.0
708  3740.5  0.0
709  3740.5  0.0
710  3740.5  0.0
711  3740.5  0.0
712  3740.5  0.0
713  3740.5  0.0
714  3740.5  0.0
715  3740.5  0.0
716  3740.5  0.0
717  3740.5  0.0
718  3740.5  0.0
719  3740.5  0.0
720  3740.5  0.0
721  3740.5  0.0
722  3740.5  0.0
723  3740.5  0.0
724  3740.5  0.0
725  3740.5  0.0
726  3740.5  0.0
727  3740.5  0.0
728  3740.5  0.0
729  3740.5  0.0
730  3740.5  0.0
731  3740.5  0.0
732  3740.5  0.0
733  3740.5  0.0
734  3740.5  0.0
735  3740.5  0.0
736  3740.5  0.0
737  3740.5  0.0
738  3740.5  0.0
739  3740.5  0.0
740  3740.5  0.0
741  3740.5  0.0
742  3740.5  0.0
743  3740.5  0.0
744  3740.5  0.0
745  3740.5  0.0
746  3740.5  0.0
747  3740.5  0.0
748  3740.5  0.0
749  3740.5  0.0
750  3740.5  0.0
751  3740.5  0.0
752  3740.5  0.0
753  3740.5  0.0
754  3740.5  0.0
755  3740.5  0.0
756  3740.5  0.0
757  3740.5  0.0
758  3740.5  0.0
759  3740.5  0.0
760  3740.5  0.0
761  3740.5  0.0
762  3740.5  0.0
763  3740.5  0.0
764  3740.5  0.0
765  3740.5  0.0
766  3740.5  0.0
767  3740.5  0.0
768  3740.5  0.0
769  3740.5  0.0
770  3740.5  0.0
771  3740.5  0.0
772  3740.5  0.0
773  3740.5  0.0
774  3740.5  0.0
775  3740.5  0.0
776  3740.5  0.0
777  3740.5  0.0
778  3740.5  0.0
779  3740.5  0.0
780  3740.5  0.0
781  3740.5  0.0
782  3740.5  0.0
783  3740.5  0.0
784  3740.5  0.0
785  3740.5  0.0
786  3740.5  0.0
787  3740.5  0.0
788  3740.5  0.0
789  3740.5  0.0
790  3740.5  0.0
791  3740.5  0.0
792  3740.5  0.0
793  3740.5  0.0
794  3740.5  0.0
795  3740.5  0.0
796  3740.5  0.0
797  3740.5  0.0
798  3740.5  0.0
799  3740.5  0.0
800  3740.5  0.0
801  3740.5  0.0
802  3740.5  0.0
803  3740.5  0.0
804  3740.5  0.0
805  3740.5  0.0
806  3740.5  0.0
807  3740.5  0.0
808  3740.5  0.0
809  3740.5  0.0
810  3740.5  0.0
811  3740.5  0.0
812  3740.5  0.0
813  3740.5  0.0
814  3740.5  0.0
815  3740.5  0.0
816  3740.5  0.0
817  3740.5  0.0
818  3740.5  0.0
819  3740.5  0.0
820  3740.5  0.0
821  3740.5  0.0
822  3740.5  0.0
823  3740.5  0.0
824  3740.5  0.0
825  3740.5  0.0
826  3740.5  0.0
827  3740.5  0.0
828  3740.5  0.0
829  3740.5  0.0
830  3740.5  0.0
831  3740.5  0.0
832  3740.5  0.0
833  3740.5  0.0
834  3740.5  0.0
835  3740.5  0.0
836  3740.5  0.0
837  3740.5  0.0
838  3740.5  0.0
839  3740.5  0.0
840  3740.5  0.0
841  3740.5  0.0
842  3740.5  0.0
843  3740.5  0.0
844  3740.5  0.0
845  3740.5  0.0
846  3740.5  0.0
847  3740.5  0.0
848  3740.5  0.0
849  3740.5  0.0
850  3740.5  0.0
851  3740.5  0.0
852  3740.5  0.0
853  3740.5  0.0
854  3740.5  0.0
855  3740.5  0.0
856  3740.5  0.0
857  3740.5  0.0
858  3740.5  0.0
859  3740.5  0.0
860  3740.5  0.0
861  3740.5  0.0
862  3740.5  0.0
863  3740.5  0.0
864  3740.5  0.0
865  3740.5  0.0
866  3740.5  0.0
867  3740.5  0.0
868  3740.5  0.0
869  3740.5  0.0
870  3740.5  0.0
871  3740.5  0.0
872  3740.5  0.0
873  3740.5  0.0
874  3740.5  0.0
875  3740.5  0.0
876  3740.5  0.0
877  3740.5  0.0
878  3740.5  0.0
879  3740.5  0.0
880  3740.5  0.0
881  3740.5  0.0
882  3740.5  0.0
883  3740.5  0.0
884  3740.5  0.0
885  3740.5  0.0
886  3740.5  0.0
887  3740.5  0.0
888  3740.5  0.0
889  3740.5  0.0
890  3740.5  0.0
891  3740.5  0.0
892  3740.5  0.0
893  3740.5  0.0
894  3740.5  0.0
895  3740.5  0.0
896  3740.5  0.0
897  3740.5  0.0
898  3740.5  0.0
899  3740.5  0.0
900  3740.5  0.0
901  3740.5  0.0
902  3740.5  0.0
903  3740.5  0.0
904  3740.5  0.0
905  3740.5  0.0
906  3740.5  0.0
907  3740.5  0.0
908  3740.5  0.0
909  3740.5  0.0
910  3740.5  0.0
911  3740.5  0.0
912  3740.5  0.0
913  3740.5  0.0
914  3740.5  0.0
915  3740.5  0.0
916  3740.5  0.0
917  3740.5  0.0
918  3740.5  0.0
919  3740.5  0.0
920  3740.5  0.0
921  3740.5  0.0
922  3740.5  0.0
923  3740.5  0.0
924  3740.5  0.0
925  3740.5  0.0
926  3740.5  0.0
927  3740.5  0.0
928  3740.5  0.0
929  3740.5  0.0
930  3740.5  0.0
931  3740.5  0.0
932  3740.5  0.0
933  3740.5  0.0
934  3740.5  0.0
935  3740.5  0.0
936  3740.5  0.0
937  3740.5  0.0
938  3740.5  0.0
939  3740.5  0.0
940  3740.5  0.0
941  3740.5  0.0
942  3740.5  0.0
943  3740.5  0.0
944  3740.5  0.0
945  3740.5  0.0
946  3740.5  0.0
947  3740.5  0.0
948  3740.5  0.0
949  3740.5  0.0
950  3740.5  0.0
951  3740.5  0.0
952  3740.5  0.0
953  3740.5  0.0
954  3740.5  0.0
955  3740.5  0.0
956  3740.5  0.0
957  3740.5  0.0
958  3740.5  0.0
959  3740.5  0.0
960  3740.5  0.0
961  3740.5  0.0
962  3740.5  0.0
963  3740.5  0.0
964  3740.5  0.0
965  3740.5  0.0
966  3740.5  0.0
967  3740.5  0.0
968  3740.5  0.0
969  3740.5  0.0
970  3740.5  0.0
971  3740.5  0.0
972  3740.5  0.0
973  3740.5  0.0
974  3740.5  0.0
975  3740.5  0.0
976  3740.5  0.0
977  3740.5  0.0
978  3740.5  0.0
979  3740.5  0.0
980  3740.5  0.0
981  3740.5  0.0
982  3740.5  0.0
983  3740.5  0.0
984  3740.5  0.0
985  3740.5  0.0
986  3740.5  0.0
987  3740.5  0.0
988  3740.5  0.0
989  3740.5  0.0
990  3740.5  0.0
991  3740.5  0.0
992  3740.5  0.0
993  3740.5  0.0
994  3740.5  0.0
995  3740.5  0.0
996  3740.5  0.0
997  3740.5  0.0
998  3740.5  0.0
999  3740.5  0.0
1000  3740.5  0.0
1001  3740.5  0.0
1002  3740.5  0.0
1003  3740.5  0.0
1004  3740.5  0.0
1005  3740.5  0.0
1006  3740.5  0.0
1007  3740.5  0.0
1008  3740.5  0.0
1009  3740.5  0.0
1010  3740.5  0.0
1011  3740.5  0.0
1012  3740.5  0.0
1013  3740.5  0.0
1014  3740.5  0.0
1015  3740.5  0.0
1016  3740.5  0.0
1017  3740.5  0.0
1018  3740.5  0.0
1019  3740.5  0.0
1020  3740.5  0.0
1021  3740.5  0.0
1022  3740.5  0.0
1023  3740.5  0.0
1024  3740.5  0.0
1025  3740.5  0.0
1026  3740.5  0.0
1027  3740.5  0.0
1028  3740.5  0.0
1029  3740.5  0.0
1030  3740.5  0.0
1031  3740.5  0.0
1032  3740.5  0.0
1033  3740.5  0.0
1034  3740.5  0.0
1035  3740.5  0.0
1036  3740.5  0.0
1037  3740.5  0.0
1038  3740.5  0.0
1039  3740.5  0.0
1040  3740.5  0.0
1041  3740.5  0.0
1042  3740.5  0.0
1043  3740.5  0.0
1044  3740.5  0.0
1045  3740.5  0.0
1046  3740.5  0.0
1047  3740.5  0.0
1048  3740.5  0.0
1049  3740.5  0.0
1050  3740.5  0.0
1051  3740.5  0.0
1052  3740.5  0.0
1053  3740.5  0.0
1054  3740.5  0.0
1055  3740.5  0.0
1056  3740.5  0.0
1057  3740.5  0.0
1058  3740.5  0.0
1059  3740.5  0.0
1060  3740.5  0.0
1061  3740.5  0.0
1062  3740.5  0.0
1063  3740.5  0.0
1064  3740.5  0.0
1065  3740.5  0.0
1066  3740.5  0.0
1067  3740.5  0.0
1068  3740.5  0.0
1069  3740.5  0.0
1070  3740.5  0.0
1071  3740.5  0.0
1072  3740.5  0.0
1073  3740.5  0.0
1074  3740.5  0.0
1075  3740.5  0.0
1076  3740.5  0.0
1077  3740.5  0.0
1078  3740.5  0.0
1079  3740.5  0.0
1080  3740.5  0.0
1081  3740.5  0.0
1082  3740.5  0.0
1083  3740.5  0.0
1084  3740.5  0.0
1085  3740.5  0.0
1086  3740.5  0.0
1087  3740.5  0.0
1088  3740.5  0.0
1089  3740.5  0.0
1090  3740.5  0.0
1091  3740.5  0.0
1092  3740.5  0.0
1093  3740.5  0.0
1094  3740.5  0.0
1095  3740.5  0.0
1096  3740.5  0.0
1097  3740.5  0.0
1098  3740.5  0.0
1099  3740.5  0.0
1100  3740.5  0.0
1101  3740.5  0.0
1102  3740.5  0.0
1103  3740.5  0.0
1104  3740.5  0.0
1105  3740.5  0.0
1106  3740.5  0.0
1107  3740.5  0.0
1108  3740.5  0.0
1109  3740.5  0.0
1110  3740.5  0.0
1111  3740.5  0.0
1112  3740.5  0.0
1113  3740.5  0.0
1114  3740.5  0.0
1115  3740.5  0.0
1116  3740.5  0.0
1117  3740.5  0.0
1118  3740.5  0.0
1119  3740.5  0.0
1120  3740.5  0.0
1121  3740.5  0.0
1122  3740.5  0.0
1123  3740.5  0.0
1124  3740.5  0.0
1125  3740.5  0.0
1126  3740.5  0.0
1127  3740.5  0.0
1128  3740.5  0.0
1129  3740.5  0.0
1130  3740.5  0.0
1131  3740.5  0.0
1132  3740.5  0.0
1133  3740.5  0.0
1134  3740.5  0.0
1135  3740.5  0.0
1136  3740.5  0.0
1137  3740.5  0.0
1138  3740.5  0.0
1139  3740.5  0.0
1140  3740.5  0.0
1141  3740.5  0.0
1142  3740.5  0.0
1143  3740.5  0.0
1144  3740.5  0.0
1145  3740.5  0.0
1146  3740.5  0.0
1147  3740.5  0.0
1148  3740.5  0.0
1149  3740.5  0.0
1150  3740.5  0.0
1151  3740.5  0.0
1152  3740.5  0.0
1153  3740.5  0.0
1154  3740.5  0.0
1155  3740.5  0.0
1156  3740.5  0.0
1157  3740.5  0.0
1158  3740.5  0.0
1159  3740.5  0.0
1160  3740.5  0.0
1161  3740.5  0.0
1162  3740.5  0.0
1163  3740.5  0.0
1164  3740.5  0.0
1165  3740.5  0.0
1166  3740.5  0.0
1167  3740.5  0.0
1168  3740.5  0.0
1169  3740.5  0.0
1170  3740.5  0.0
1171  3740.5  0.0
1172  3740.5  0.0
1173  3740.5  0.0
1174  3740.5  0.0
1175  3740.5  0.0
1176  3740.5  0.0
1177  3740.5  0.0
1178  3740.5  0.0
1179  3740.5  0.0
1180  3740.5  0.0
1181  3740.5  0.0
1182  3740.5  0.0
1183  3740.5  0.0
1184  3740.5  0.0
1185  3740.5  0.0
1186  3740.5  0.0
1187  3740.5  0.0
1188  3740.5  0.0
1189  3740.5  0.0
1190  3740.5  0.0
1191  3740.5  0.0
1192  3740.5  0.0
1193  3740.5  0.0
1194  3740.5  0.0
1195  3740.5  0.0
1196  3740.5  0.0
1197  3740.5  0.0
1198  3740.5  0.0
1199  3740.5  0.0
1200  3740.5  0.0
1201  3740.5  0.0
1202  3740.5  0.0
1203  3740.5  0.0
1204  3740.5  0.0
1205  3740.5  0.0
1206  3740.5  0.0
1207  3740.5  0.0
1208  3740.5  0.0
1209  3740.5  0.0
1210  3740.5  0.0
1211  3740.5  0.0
1212  3740.5  0.0
1213  3740.5  0.0
1214  3740.5  0.0
1215  3740.5  0.0
1216  3740.5  0.0
1217  3740.5  0.0
1218  3740.5  0.0
1219  3740.5  0.0
1220  3740.5  0.0
1221  3740.5  0.0
1222  3740.5  0.0
1223  3740.5  0.0
1224  3740.5  0.0
1225  3740.5  0.0
1226  3740.5  0.0
1227  3740.5  0.0
1228  3740.5  0.0
1229  3740.5  0.0
1230  3740.5  0.0
1231  3740.5  0.0
1232  3740.5  0.0
1233  3740.5  0.0
1234  3740.5  0.0
1235  3740.5  0.0
1236  3740.5  0.0
1237  3740.5  0.0
1238  3740.5  0.0
1239  3740.5  0.0
1240  3740.5  0.0
1241  3740.5  0.0
1242  3740.5  0.0
1243  3740.5  0.0
1244  3740.5  0.0
1245  3740.5  0.0
1246  3740.5  0.0
1247  3740.5  0.0
1248  3740.5  0.0
1249  3740.5  0.0
1250  3740.5  0.0
1251  3740.5  0.0
1252  3740.5  0.0
1253  3740.5  0.0
1254  3740.5  0.0
1255  3740.5  0.0
1256  3740.5  0.0
1257  3740.5  0.0
1258  3740.5  0.0
1259  3740.5  0.0
1260  3740.5  0.0
1261  3740.5  0.0
1262  3740.5  0.0
1263  3740.5  0.0
1264  3740.5  0.0
1265  3740.5  0.0
1266  3740.5  0.0
1267  3740.5  0.0
1268  3740.5  0.0
1269  3740.5  0.0
1270  3740.5  0.0
1271  3740.5  0.0
1272  3740.5  0.0
1273  3740.5  0.0
1274  3740.5  0.0
1275  3740.5  0.0
1276  3740.5  0.0
1277  3740.5  0.0
1278  3740.5  0.0
1279  3740.5  0.0
1280  3740.5  0.0
1281  3740.5  0.0
1282  3740.5  0.0
1283  3740.5  0.0
1284  3740.5  0.0
1285  3740.5  0.0
1286  3740.5  0.0
1287  3740.5  0.0
1288  3740.5  0.0
1289  3740.5  0.0
1290  3740.5  0.0
1291  3740.5  0.0
1292  3740.5  0.0
1293  3740.5  0.0
1294  3740.5  0.0
1295  3740.5  0.0
1296  3740.5  0.0
1297  3740.5  0.0
1298  3740.5  0.0
1299  3740.5  0.0
1300  3740.5  0.0
1301  3740.5  0.0
1302  3740.5  0.0
1303  3740.5  0.0
1304  3740.5  0.0
1305  3740.5  0.0
1306  3740.5  0.0
1307  3740.5  0.0
1308  3740.5  0.0
1309  3740.5  0.0
1310  3740.5  0.0
1311  3740.5  0.0
1312  3740.5  0.0
1313  3740.5  0.0
1314  3740.5  0.0
1315  3740.5  0.0
1316  3740.5  0.0
1317  3740.5  0.0
1318  3740.5  0.0
1319  3740.5  0.0
1320  3740.5  0.0
1321  3740.5  0.0
1322  3740.5  0.0
1323  3740.5  0.0
1324  3740.5  0.0
1325  3740.5  0.0
1326  3740.5  0.0
1327  3740.5  0.0
1328  3740.5  0.0
1329  3740.5  0.0
1330  3740.5  0.0
1331  3740.5  0.0
1332  3740.5  0.0
1333  3740.5  0.0
1334  3740.5  0.0
1335  3740.5  0.0
1336  3740.5  0.0
1337  3740.5  0.0
1338  3740.5  0.0
1339  3740.5  0.0
1340  3740.5  0.0
1341  3740.5  0.0
1342  3740.5  0.0
1343  3740.5  0.0
1344  3740.5  0.0
1345  3740.5  0.0
1346  3740.5  0.0
1347  3740.5  0.0
1348  3740.5  0.0
1349  3740.5  0.0
1350  3740.5  0.0
1351  3740.5  0.0
1352  3740.5  0.0
1353  3740.5  0.0
1354  3740.5  0.0
1355  3740.5  0.0
1356  3740.5  0.0
1357  3740.5  0.0
1358  3740.5  0.0
1359  3740.5  0.0
1360  3740.5  0.0
1361  3740.5  0.0
1362  3740.5  0.0
1363  3740.5  0.0
1364  3740.5  0.0
1365  3740.5  0.0
1366  3740.5  0.0
1367  3740.5  0.0
1368  3740.5  0.0
1369  3740.5  0.0
1370  3740.5  0.0
1371  3740.5  0.0
1372  3740.5  0.0
1373  3740.5  0.0
1374  3740.5  0.0
1375  3740.5  0.0
1376  3740.5  0.0
1377  3740.5  0.0
1378  3740.5  0.0
1379  3740.5  0.0
1380  3740.5  0.0
1381  3740.5  0.0
1382  3740.5  0.0
1383  3740.5  0.0
1384  3740.5  0.0
1385  3740.5  0.0
1386  3740.5  0.0
1387  3740.5  0.0
1388  3740.5  0.0
1389  3740.5  0.0
1390  3740.5  0.0
1391  3740.5  0.0
1392  3740.5  0.0
1393  3740.5  0.0
1394  3740.5  0.0
1395  3740.5  0.0
1396  3740.5  0.0
1397  3740.5  0.0
1398  3740.5  0.0
1399  3740.5  0.0
1400  3740.5  0.0
1401  3740.5  0.0
1402  3740.5  0.0
1403  3740.5  0.0
1404  3740.5  0.0
1405  3740.5  0.0
1406  3740.5  0.0
1407  3740.5  0.0
1408  3740.5  0.0
1409  3740.5  0.0
1410  3740.5  0.0
1411  3740.5  0.0
1412  3740.5  0.0
1413  3740.5  0.0
1414  3740.5  0.0
1415  3740.5  0.0
1416  3740.5  0.0
1417  3740.5  0.0
1418  3740.5  0.0
1419  3740.5  0.0
1420  3740.5  0.0
1421  3740.5  0.0
1422  3740.5  0.0
1423  3740.5  0.0
1424  3740.5  0.0
1425  3740.5  0.0
1426  3740.5  0.0
1427  3740.5  0.0
1428  3740.5  0.0
1429  3740.5  0.0
1430  3740.5  0.0
1431  3740.5  0.0
1432  3740.5  0.0
1433  3740.5  0.0
1434  3740.5  0.0
1435  3740.5  0.0
1436  3740.5  0.0
1437  3740.5  0.0
1438  3740.5  0.0
1439  3740.5  0.0
1440  3740.5  0.0
1441  3740.5  0.0
1442  3740.5  0.0
1443  3740.5  0.0
1444  3740.5  0.0
1445  3740.5  0.0
1446  3740.5  0.0
1447  3740.5  0.0
1448  3740.5  0.0
1449  3740.5  0.0
1450  3740.5  0.0
1451  3740.5  0.0
1452  3740.5  0.0
1453  3740.5  0.0
1454  3740.5  0.0
1455  3740.5  0.0
1456  3740.5  0.0
1457  3740.5  0.0
1458  3740.5  0.0
1459  3740.5  0.0
1460  3740.5  0.0
1461  3740.5  0.0
1462  3740.5  0.0
1463  3740.5  0.0
1464  3740.5  0.0
1465  3740.5  0.0
1466  3740.5  0.0
1467  3740.5  0.0
1468  3740.5  0.0
1469  3740.5  0.0
1470  3740.5  0.0
1471  3740.5  0.0
1472  3740.5  0.0
1473  3740.5  0.0
1474  3740.5  0.0
1475  3740.5  0.0
1476  3740.5  0.0
1477  3740.5  0.0
1478  3740.5  0.0
1479  3740.5  0.0
1480  3740.5  0.0
1481  3740.5  0.0
1482  3740.5  0.0
1483  3740.5  0.0
1484  3740.5  0.0
1485  3740.5  0.0
1486  3740.5  0.0
1487  3740.5  0.0
1488  3740.5  0.0
1489  3740.5  0.0
1490  3740.5  0.0
1491  3740.5  0.0
1492  3740.5  0.0
1493  3740.5  0.0
1494  3740.5  0.0
1495  3740.5  0.0
1496  3740.5  0.0
1497  3740.5  0.0
1498  3740.5  0.0
1499  3740.5  0.0
1500  3740.5  0.0
1501  3740.5  0.0
1502  3740.5  0.0
1503  3740.5  0.0
1504  3740.5  0.0
1505  3740.5  0.0
1506  3740.5  0.0
1507  3740.5  0.0
1508  3740.5  0.0
1509  3740.5  0.0
1510  3740.5  0.0
1511  3740.5  0.0
1512  3740.5  0.0
1513  3740.5  0.0
1514  3740.5  0.0
1515  3740.5  0.0
1516  3740.5  0.0
1517  3740.5  0.0
1518  3740.5  0.0
1519  3740.5  0.0
1520  3740.5  0.0
1521  3740.5  0.0
1522  3740.5  0.0
1523  3740.5  0.0
1524  3740.5  0.0
1525  3740.5  0.0
1526  3740.5  0.0
1527  3740.5  0.0
1528  3740.5  0.0
1529  3740.5  0.0
1530  3740.5  0.0
1531  3740.5  0.0
1532  3740.5  0.0
1533  3740.5  0.0
1534  3740.5  0.0
1535  3740.5  0.0
1536  3740.5  0.0
1537  3740.5  0.0
1538  3740.5  0.0
1539  3740.5  0.0
1540  3740.5  0.0
1541  3740.5  0.0
1542  3740.5  0.0
1543  3740.5  0.0
1544  3740.5  0.0
1545  3740.5  0.0
1546  3740.5  0.0
1547  3740.5  0.0
1548  3740.5  0.0
1549  3740.5  0.0
1550  3740.5  0.0
1551  3740.5  0.0
1552  3740.5  0.0
1553  3740.5  0.0
1554  3740.5  0.0
1555  3740.5  0.0
1556  3740.5  0.0
1557  3740.5  0.0
1558  3740.5  0.0
1559  3740.5  0.0
1560  3740.5  0.0
1561  3740.5  0.0
1562  3740.5  0.0
1563  3740.5  0.0
1564  3740.5  0.0
1565  3740.5  0.0
1566  3740.5  0.0
1567  3740.5  0.0
1568  3740.5  0.0
1569  3740.5  0.0
1570  3740.5  0.0
1571  3740.5  0.0
1572  3740.5  0.0
1573  3740.5  0.0
1574  3740.5  0.0
1575  3740.5  0.0
1576  3740.5  0.0
1577  3740.5  0.0
1578  3740.5  0.0
1579  3740.5  0.0
1580  3740.5  0.0
1581  3740.5  0.0
1582  3740.5  0.0
1583  3740.5  0.0
1584  3740.5  0.0
1585  3740.5  0.0
1586  3740.5  0.0
1587  3740.5  0.0
1588  3740.5  0.0
1589  3740.5  0.0
1590  3740.5  0.0
1591  3740.5  0.0
1592  3740.5  0.0
1593  3740.5  0.0
1594  3740.5  0.0
1595  3740.5  0.0
1596  3740.5  0.0
1597  3740.5  0.0
1598  3740.5  0.0
1599  3740.5  0.0
1600  3740.5  0.0
1601  3740.5  0.0
1602  3740.5  0.0
1603  3740.5  0.0
1604  3740.5  0.0
1605  3740.5  0.0
1606  3740.5  0.0
1607  3740.5  0.0
1608  3740.5  0.0
1609  3740.5  0.0
1610  3740.5  0.0
1611  3740.5  0.0
1612  3740.5  0.0
1613  3740.5  0.0
1614  3740.5  0.0
1615  3740.5  0.0
1616  3740.5  0.0
1617  3740.5  0.0
1618  3740.5  0.0
1619  3740.5  0.0
1620  3740.5  0.0
1621  3740.5  0.0
1622  3740.5  0.0
1623  3740.5  0.0
1624  3740.5  0.0
1625  3740.5  0.0
1626  3740.5  0.0
1627  3740.5  0.0
1628  3740.5  0.0
1629  3740.5  0.0
1630  3740.5  0.0
1631  3740.5  0.0
1632  3740.5  0.0
1633  3740.5  0.0
1634  3740.5  0.0
1635  3740.5  0.0
1636  3740.5  0.0
1637  3740.5  0.0
1638  3740.5  0.0
1639  3740.5  0.0
1640  3740.5  0.0
1641  3740.5  0.0
1642  3740.5  0.0
1643  3740.5  0.0
1644  3740.5  0.0
1645  3740.5  0.0
1646  3740.5  0.0
1647  3740.5  0.0
1648  3740.5  0.0
1649  3740.5  0.0
1650  3740.5  0.0
1651  3740.5  0.0
1652  3740.5  0.0
1653  3740.5  0.0
1654  3740.5  0.0
1655  3740.5  0.0
1656  3740.5  0.0
1657  3740.5  0.0
1658  3740.5  0.0
1659  3740.5  0.0
1660  3740.5  0.0
1661  3740.5  0.0
1662  3740.5  0.0
1663  3740.5  0.0
1664  3740.5  0.0
1665  3740.5  0.0
1666  3740.5  0.0
1667  3740.5  0.0
1668  3740.5  0.0
1669  3740.5  0.0
1670  3740.5  0.0
1671  3740.5  0.0
1672  3740.5  0.0
1673  3740.5  0.0
1674  3740.5  0.0
1675  3740.5  0.0
1676  3740.5  0.0
1677  3740.5  0.0
1678  3740.5  0.0
1679  3740.5  0.0
1680  3740.5  0.0
1681  3740.5  0.0
1682  3740.5  0.0
1683  3740.5  0.0
1684  3740.5  0.0
1685  3740.5  0.0
1686  3740.5  0.0
1687  3740.5  0.0
1688  3740.5  0.0
1689  3740.5  0.0
1690  3740.5  0.0
1691  3740.5  0.0
1692  3740.5  0.0
1693  3740.5  0.0
1694  3740.5  0.0
1695  3740.5  0.0
1696  3740.5  0.0
1697  3740.5  0.0
1698  3740.5  0.0
1699  3740.5  0.0
1700  3740.5  0.0
1701  3740.5  0.0
1702  3740.5  0.0
1703  3740.5  0.0
1704  3740.5  0.0
1705  3740.5  0.0
1706  3740.5  0.0
1707  3740.5  0.0
1708  3740.5  0.0
1709  3740.5  0.0
1710  3740.5  0.0
1711  3740.5  0.0
1712  3740.5  0.0
1713  3740.5  0.0
1714  3740.5  0.0
1715  3740.5  0.0
1716  3740.5  0.0
1717  3740.5  0.0
1718  3740.5  0.0
1719  3740.5  0.0
1720  3740.5  0.0
1721  3740.5  0.0
1722  3740.5  0.0
1723  3740.5  0.0
1724  3740.5  0.0
1725  3740.5  0.0
1726  3740.5  0.0
1727  3740.5  0.0
1728  3740.5  0.0
1729  3740.5  0.0
1730  3740.5  0.0
1731  3740.5  0.0
1732  3740.5  0.0
1733  3740.5  0.0
1734  3740.5  0.0
1735  3740.5  0.0
1736  3740.5  0.0
1737  3740.5  0.0
1738  3740.5  0.0
1739  3740.5  0.0
1740  3740.5  0.0
1741  3740.5  0.0
1742  3740.5  0.0
1743  3740.5  0.0
1744  3740.5  0.0
1745  3740.5  0.0
1746  3740.5  0.0
1747  3740.5  0.0
1748  3740.5  0.0
1749  3740.5  0.0
1750  3740.5  0.0
1751  3740.5  0.0
1752  3740.5  0.0
1753  3740.5  0.0
1754  3740.5  0.0
1755  3740.5  0.0
1756  3740.5  0.0
1757  3740.5  0.0
1758  3740.5  0.0
1759  3740.5  0.0
1760  3740.5  0.0
1761  3740.5  0.0
1762  3740.5  0.0
1763  3740.5  0.0
1764  3740.5  0.0
1765  3740.5  0.0
1766  3740.5  0.0
1767  3740.5  0.0
1768  3740.5  0.0
1769  3740.5  0.0
1770  3740.5  0.0
1771  3740.5  0.0
1772  3740.5  0.0
1773  3740.5  0.0
1774  3740.5  0.0
1775  3740.5  0.0
1776  3740.5  0.0
1777  3740.5  0.0
1778  3740.5  0.0
1779  3740.5  0.0
1780  3740.5  0.0
1781  3740.5  0.0
1782  3740.5  0.0
1783  3740.5  0.0
1784  3740.5  0.0
1785  3740.5  0.0
1786  3740.5  0.0
1787  3740.5  0.0
1788  3740.5  0.0
1789  3740.5  0.0
1790  3740.5  0.0
1791  3740.5  0.0
1792  3740.5  0.0
1793  3740.5  0.0
1794  3740.5  0.0
1795  3740.5  0.0
1796  3740.5  0.0
1797  3740.5  0.0
1798  3740.5  0.0
1799  3740.5  0.0
1800  3740.5  0.0
1801  3740.5  0.0
1802  3740.5  0.0
1803  3740.5  0.0
1804  3740.5  0.0
1805  3740.5  0.0
1806  3740.5  0.0
1807  3740.5  0.0
1808  3740.5  0.0
1809  3740.5  0.0
1810  3740.5  0.0
1811  3740.5  0.0
1812  3740.5  0.0
1813  3740.5  0.0
1814  3740.5  0.0
1815  3740.5  0.0
1816  3740.5  0.0
1817  3740.5  0.0
1818  3740.5  0.0
1819  3740.5  0.0
1820  3740.5  0.0
1821  3740.5  0.0
1822  3740.5  0.0
1823  3740.5  0.0
1824  3740.5  0.0
1825  3740.5  0.0
1826  3740.5  0.0
1827  3740.5  0.0
1828  3740.5  0.0
1829  3740.5  0.0
1830  3740.5  0.0
1831  3740.5  0.0
1832  3740.5  0.0
1833  3740.5  0.0
1834  3740.5  0.0
1835  3740.5  0.0
1836  3740.5  0.0
1837  3740.5  0.0
1838  3740.5  0.0
1839  3740.5  0.0
1840  3740.5  0.0
1841  3740.5  0.0
1842  3740.5  0.0
1843  3740.5  0.0
1844  3740.5  0.0
1845  3740.5  0.0
1846  3740.5  0.0
1847  3740.5  0.0
1848  3740.5  0.0
1849  3740.5  0.0
1850  3740.5  0.0
1851  3740.5  0.0
1852  3740.5  0.0
1853  3740.5  0.0
1854  3740.5  0.0
1855  3740.5  0.0
1856  3740.5  0.0
1857  3740.5  0.0
1858  3740.5  0.0
1859  3740.5  0.0
1860  3740.5  0.0
1861  3740.5  0.0
1862  3740.5  0.0
1863  3740.5  0.0
1864  3740.5  0.0
1865  3740.5  0.0
1866  3740.5  0.0
1867  3740.5  0.0
1868  3740.5  0.0
1869  3740.5  0.0
1870  3740.5  0.0
1871  3740.5  0.0
1872  3740.5  0.0
1873  3740.5  0.0
1874  3740.5  0.0
1875  3740.5  0.0
1876  3740.5  0.0
1877  3740.5  0.0
1878  3740.5  0.0
1879  3740.5  0.0
1880  3740.5  0.0
1881  3740.5  0.0
1882  3740.5  0.0
1883  3740.5  0.0
1884  3740.5  0.0
1885  3740.5  0.0
1886  3740.5  0.0
1887  3740.5  0.0
1888  3740.5  0.0
1889  3740.5  0.0
1890  3740.5  0.0
1891  3740.5  0.0
1892  3740.5  0.0
1893  3740.5  0.0
1894  3740.5  0.0
1895  3740.5  0.0
1896  3740.5  0.0
1897  3740.5  0.0
1898  3740.5  0.0
1899  3740.5  0.0
1900  3740.5  0.0
1901  3740.5  0.0
1902  3740.5  0.0
1903  3740.5  0.0
1904  3740.5  0.0
1905  3740.5  0.0
1906  3740.5  0.0
1907  3740.5  0.0
1908  3740.5  0.0
1909  3740.5  0.0
1910  3740.5  0.0
1911  3740.5  0.0
1912  3740.5  0.0
1913  3740.5  0.0
1914  3740.5  0.0
1915  3740.5  0.0
1916  3740.5  0.0
1917  3740.5  0.0
1918  3740.5  0.0
1919  3740.5  0.0
1920  3740.5  0.0
1921  3740.5  0.0
1922  3740.5  0.0
1923  3740.5  0.0
1924  3740.5  0.0
1925  3740.5  0.0
1926  3740.5  0.0
1927  3740.5  0.0
1928  3740.5  0.0
1929  3740.5  0.0
1930  3740.5  0.0
1931  3740.5  0.0
1932  3740.5  0.0
1933  3740.5  0.0
1934  3740.5  0.0
1935  3740.5  0.0
1936  3740.5  0.0
1937  3740.5  0.0
1938  3740.5  0.0
1939  3740.5  0.0
1940  3740.5  0.0
1941  3740.5  0.0
1942  3740.5  0.0
1943  3740.5  0.0
1944  3740.5  0.0
1945  3740.5  0.0
1946  3740.5  0.0
1947  3740.5  0.0
1948  3740.5  0.0
1949  3740.5  0.0
1950  3740.5  0.0
1951  3740.5  0.0
1952  3740.5  0.0
1953  3740.5  0.0
1954  3740.5  0.0
1955  3740.5  0.0
1956  3740.5  0.0
1957  3740.5  0.0
1958  3740.5  0.0
1959  3740.5  0.0
1960  3740.5  0.0
1961  3740.5  0.0
1962  3740.5  0.0
1963  3740.5  0.0
1964  3740.5  0.0
1965  3740.5  0.0
1966  3740.5  0.0
1967  3740.5  0.0
1968  3740.5  0.0
1969  3740.5  0.0
1970  3740.5  0.0
1971  3740.5  0.0
1972  3740.5  0.0
1973  3740.5  0.0
1974  3740.5  0.0
1975  3740.5  0.0
1976  3740.5  0.0
1977  3740.5  0.0
1978  3740.5  0.0
1979  3740.5  0.0
1980  3740.5  0.0
1981  3740.5  0.0
1982  3740.5  0.0
1983  3740.5  0.0
1984  3740.5  0.0
1985  3740.5  0.0
1986  3740.5  0.0
1987  3740.5  0.0
1988  3740.5  0.0
1989  3740.5  0.0
1990  3740.5  0.0
1991  3740.5  0.0
1992  3740.5  0.0
1993  3740.5  0.0
1994  3740.5  0.0
1995  3740.5  0.0
1996  3740.5  0.0
1997  3740.5  0.0
1998  3740.5  0.0
1999  3740.5  0.0
2000  3740.5  0.0
2001  3740.5  0.0
2002  3740.5  0.0
2003  3740.5  0.0
2004  3740.5  0.0
2005  3740.5  0.0
2006  3740.5  0.0
2007  3740.5  0.0
2008  3740.5  0.0
2009  3740.5  0.0
2010  3740.5  0.0
2011  3740.5  0.0
2012  3740.5  0.0
2013  3740.5  0.0
2014  3740.5  0.0
2015  3740.5  0.0
2016  3740.5  0.0
2017  3740.5  0.0
2018  3740.5  0.0
2019  3740.5  0.0
2020  3740.5  0.0
2021  3740.5  0.0
2022  3740.5  0.0
2023  3740.5  0.0
2024  3740.5  0.0
2025  3740.5  0.0
2026  3740.5  0.0
2027  3740.5  0.0
2028  3740.5  0.0
2029  3740.5  0.0
2030  3740.5  0.0
2031  3740.5  0.0
2032  3740.5  0.0
2033  3740.5  0.0
2034  3740.5  0.0
2035  3740.5  0.0
2036  3740.5  0.0
2037  3740.5  0.0
2038  3740.5  0.0
2039  3740.5  0.0
2040  3740.5  0.0
2041  3740.5  0.0
2042  3740.5  0.0
2043  3740.5  0.0
2044  3740.5  0.0
2045  3740.5  0.0
2046  3740.5  0.0
2047  3740.5  0.0
2048  3740.5  0.0
2049  3740.5  0.0
2050  3740.5  0.0
2051  3740.5  0.0
2052  3740.5  0.0
2053  3740.5  0.0
2054  3740.5  0.0
2055  3740.5  0.0
2056  3740.5  0.0
2057  3740.5  0.0
2058  3740.5  0.0
2059  3740.5  0.0
2060  3740.5  0.0
2061  3740.5  0.0
2062  3740.5  0.0
2063  3740.5  0.0
2064  3740.5  0.0
2065  3740.5  0.0
2066  3740.5  0.0
2067  3740.5  0.0
2068  3740.5  0.0
2069  3740.5  0.0
2070  3740.5  0.0
2071  3740.5  0.0
2072  3740.5  0.0
2073  3740.5  0.0
2074  3740.5  0.0
2075  3740.5  0.0
2076  3740.5  0.0
2077  3740.5  0.0
2078  3740.5  0.0
2079  3740.5  0.0
2080  3740.5  0.0
2081  3740.5  0.0
2082  3740.5  0.0
2083  3740.5  0.0
2084  3740.5  0.0
2085  3740.5  0.0
2086  3740.5  0.0
2087  3740.5  0.0
2088  3740.5  0.0
2089  3740.5  0.0
2090  3740.5  0.0
2091  3740.5  0.0
2092  3740.5  0.0
2093  3740.5  0.0
2094  3740.5  0.0
2095  3740.5  0.0
2096  3740.5  0.0
2097  3740.5  0.0
2098  3740.5  0.0
2099  3740.5  0.0
2100  3740.5  0.0
2101  3740.5  0.0
2102  3740.5  0.0
2103  3740.5  0.0
2104  3740.5  0.0
2105  3740.5  0.0
2106  3740.5  0.0
2107  3740.5  0.0
2108  3740.5  0.0
2109  3740.5  0.0
2110  3740.5  0.0
2111  3740.5  0.0
2112  3740.5  0.0
2113  3740.5  0.0
2114  3740.5  0.0
2115  3740.5  0.0
2116  3740.5  0.0
2117  3740.5  0.0
2118  3740.5  0.0
2119  3740.5  0.0
2120  3740.5  0.0
2121  3740.5  0.0
2122  3740.5  0.0
2123  3740.5  0.0
2124  3740.5  0.0
2125  3740.5  0.0
2126  3740.5  0.0
2127  3740.5  0.0
2128  3740.5  0.0
2129  3740.5  0.0
2130  3740.5  0.0
2131  3740.5  0.0
2132  3740.5  0.0
2133  3740.5  0.0
2134  3740.5  0.0
2135  3740.5  0.0
2136  3740.5  0.0
2137  3740.5  0.0
2138  3740.5  0.0
2139  3740.5  0.0
2140  3740.5  0.0
2141  3740.5  0.0
2142  3740.5  0.0
2143  3740.5  0.0
2144  3740.5  0.0
2145  3740.5  0.0
2146  3740.5  0.0
2147  3740.5  0.0
2148  3740.5  0.0
2149  3740.5  0.0
2150  3740.5  0.0
2151  3740.5  0.0
2152  3740.5  0.0
2153  3740.5  0.0
2154  3740.5  0.0
2155  3740.5  0.0
2156  3740.5  0.0
2157  3740.5  0.0
2158  3740.5  0.0
2159  3740.5  0.0
2160  3740.5  0.0
2161  3740.5  0.0
2162  3740.5  0.0
2163  3740.5  0.0
2164  3740.5  0.0
2165  3740.5  0.0
2166  3740.5  0.0
2167  3740.5  0.0
2168  3740.5  0.0
2169  3740.5  0.0
2170  3740.5  0.0
2171  3740.5  0.0
2172  3740.5  0.0
2173  3740.5  0.0
2174  3740.5  0.0
2175  3740.5  0.0
2176  3740.5  0.0
2177  3740.5  0.0
2178  3740.5  0.0
2179  3740.5  0.0
2180  3740.5  0.0
2181  3740.5  0.0
2182  3740.5  0.0
2183  3740.5  0.0
2184  3740.5  0.0
2185  3740.5  0.0
2186  3740.5  0.0
2187  3740.5  0.0
2188  3740.5  0.0
2189  3740.5  0.0
2190  3740.5  0.0
2191  3740.5  0.0
2192  3740.5  0.0
2193  3740.5  0.0
2194  3740.5  0.0
2195  3740.5  0.0
2196  3740.5  0.0
2197  3740.5  0.0
2198  3740.5  0.0
2199  3740.5  0.0
2200  3740.5  0.0
2201  3740.5  0.0
2202  3740.5  0.0
2203  3740.5  0.0
2204  3740.5  0.0
2205  3740.5  0.0
2206  3740.5  0.0
2207  3740.5  0.0
2208  3740.5  0.0
2209  3740.5  0.0
2210  3740.5  0.0
2211  3740.5  0.0
2212  3740.5  0.0
2213  3740.5  0.0
2214  3740.5  0.0
2215  3740.5  0.0
2216  3740.5  0.0
2217  3740.5  0.0
2218  3740.5  0.0
2219  3740.5  0.0
2220  3740.5  0.0
2221  3740.5  0.0
2222  3740.5  0.0
2223  3740.5  0.0
2224  3740.5  0.0
2225  3740.5  0.0
2226  3740.5  0.0
2227  3740.5  0.0
2228  3740.5  0.0
2229  3740.5  0.0
2230  3740.5  0.0
2231  3740.5  0.0
2232  3740.5  0.0
2233  3740.5  0.0
2234  3740.5  0.0
2235  3740.5  0.0
2236  3740.5  0.0
2237  3740.5  0.0
2238  3740.5  0.0
2239  3740.5  0.0
2240  3740.5  0.0
2241  3740.5  0.0
2242  3740.5  0.0
2243  3740.5  0.0
2244  3740.5  0.0
2245  3740.5  0.0
2246  3740.5  0.0
2247  3740.5  0.0
2248  3740.5  0.0
2249  3740.5  0.0
2250  3740.5  0.0
2251  3740.5  0.0
2252  3740.5  0.0
2253  3740.5  0.0
2254  3740.5  0.0
2255  3740.5  0.0
2256  3740.5  0.0
2257  3740.5  0.0
2258  3740.5  0.0
2259  3740.5  0.0
2260  3740.5  0.0
2261  3740.5  0.0
2262  3740.5  0.0
2263  3740.5  0.0
2264  3740.5  0.0
2265  3740.5  0.0
2266  3740.5  0.0
2267  3740.5  0.0
2268  3740.5  0.0
2269  3740.5  0.0
2270  3740.5  0.0
2271  3740.5  0.0
2272  3740.5  0.0
2273  3740.5  0.0
2274  3740.5  0.0
2275  3740.5  0.0
2276  3740.5  0.0
2277  3740.5  0.0
2278  3740.5  0.0
2279  3740.5  0.0
2280  3740.5  0.0
2281  3740.5  0.0
2282  3740.5  0.0
2283  3740.5  0.0
2284  3740.5  0.0
2285  3740.5  0.0
2286  3740.5  0.0
2287  3740.5  0.0
2288  3740.5  0.0
2289  3740.5  0.0
2290  3740.5  0.0
2291  3740.5  0.0
2292  3740.5  0.0
2293  3740.5  0.0
2294  3740.5  0.0
2295  3740.5  0.0
2296  3740.5  0.0
2297  3740.5  0.0
2298  3740.5  0.0
2299  3740.5  0.0
2300  3740.5  0.0
2301  3740.5  0.0
2302  3740.5  0.0
2303  3740.5  0.0
2304  3740.5  0.0
2305  3740.5  0.0
2306  3740.5  0.0
2307  3740.5  0.0
2308  3740.5  0.0
2309  3740.5  0.0
2310  3740.5  0.0
2311  3740.5  0.0
2312  3740.5  0.0
2313  3740.5  0.0
2314  3740.5  0.0
2315  3740.5  0.0
2316  3740.5  0.0
2317  3740.5  0.0
2318  3740.5  0.0
2319  3740.5  0.0
2320  3740.5  0.0
2321  3740.5  0.0
2322  3740.5  0.0
2323  3740.5  0.0
2324  3740.5  0.0
2325  3740.5  0.0
2326  3740.5  0.0
2327  3740.5  0.0
2328  3740.5  0.0
2329  3740.5  0.0
2330  3740.5  0.0
2331  3740.5  0.0
2332  3740.5  0.0
2333  3740.5  0.0
2334  3740.5  0.0
2335  3740.5  0.0
2336  3740.5  0.0
2337  3740.5  0.0
2338  3740.5  0.0
2339  3740.5  0.0
2340  3740.5  0.0
2341  3740.5  0.0
2342  3740.5  0.0
2343  3740.5  0.0
2344  3740.5  0.0
2345  3740.5  0.0
2346  3740.5  0.0
2347  3740.5  0.0
2348  3740.5  0.0
2349  3740.5  0.0
2350  3740.5  0.0
2351  3740.5  0.0
2352  3740.5  0.0
2353  3740.5  0.0
2354  3740.5  0.0
2355  3740.5  0.0
2356  3740.5  0.0
2357  3740.5  0.0
2358  3740.5  0.0
2359  3740.5  0.0
2360  3740.5  0.0
2361  3740.5  0.0
2362  3740.5  0.0
2363  3740.5  0.0
2364  3740.5  0.0
2365  3740.5  0.0
2366  3740.5  0.0
2367  3740.5  0.0
2368  3740.5  0.0
2369  3740.5  0.0
2370  3740.5  0.0
2371  3740.5  0.0
2372  3740.5  0.0
2373  3740.5  0.0
2374  3740.5  0.0
2375  3740.5  0.0
2376  3740.5  0.0
2377  3740.5  0.0
2378  3740.5  0.0
2379  3740.5  0.0
2380  3740.5  0.0
2381  3740.5  0.0
2382  3740.5  0.0
2383  3740.5  0.0
2384  3740.5  0.0
2385  3740.5  0.0
2386  3740.5  0.0
2387  3740.5  0.0
2388  3740.5  0.0
2389  3740.5  0.0
2390  3740.5  0.0
2391  3740.5  0.0
2392  3740.5  0.0
2393  3740.5  0.0
2394  3740.5  0.0
2395  3740.5  0.0
2396  3740.5  0.0
2397  3740.5  0.0
2398  3740.5  0.0
2399  3740.5  0.0
2400  3740.5  0.0
2401  3740.5  0.0
2402  3740.5  0.0
2403  3740.5  0.0
2404  3740.5  0.0
2405  3740.5  0.0
2406  3740.5  0.0
2407  3740.5  0.0
2408  3740.5  0.0
2409  3740.5  0.0
2410  3740.5  0.0
2411  3740.5  0.0
2412  3740.5  0.0
2413  3740.5  0.0
2414  3740.5  0.0
2415  3740.5  0.0
2416  3740.5  0.0
2417  3740.5  0.0
2418  3740.5  0.0
2419  3740.5  0.0
2420  3740.5  0.0
2421  3740.5  0.0
2422  3740.5  0.0
2423  3740.5  0.0
2424  3740.5  0.0
2425  3740.5  0.0
2426  3740.5  0.0
2427  3740.5  0.0
2428  3740.5  0.0
2429  3740.5  0.0
2430  3740.5  0.0
2431  3740.5  0.0
2432  3740.5  0.0
2433  3740.5  0.0
2434  3740.5  0.0
2435  3740.5  0.0
2436  3740.5  0.0
2437  3740.5  0.0
2438  3740.5  0.0
2439  3740.5  0.0
2440  3740.5  0.0
2441  3740.5  0.0
2442  3740.5  0.0
2443  3740.5  0.0
2444  3740.5  0.0
2445  3740.5  0.0
2446  3740.5  0.0
2447  3740.5  0.0
2448  3740.5  0.0
2449  3740.5  0.0
2450  3740.5  0.0
2451  3740.5  0.0
2452  3740.5  0.0
2453  3740.5  0.0
2454  3740.5  0.0
2455  3740.5  0.0
2456  3740.5  0.0
2457  3740.5  0.0
2458  3740.5  0.0
2459  3740.5  0.0
2460  3740.5  0.0
2461  3740.5  0.0
2462  3740.5  0.0
2463  3740.5  0.0
2464  3740.5  0.0
2465  3740.5  0.0
2466  3740.5  0.0
2467  3740.5  0.0
2468  3740.5  0.0
2469  3740.5  0.0
2470  3740.5  0.0
2471  3740.5  0.0
2472  3740.5  0.0
2473  3740.5  0.0
2474  3740.5  0.0
2475  3740.5  0.0
2476  3740.5  0.0
2477  3740.5  0.0
2478  3740.5  0.0
2479  3740.5  0.0
2480  3740.5  0.0
2481  3740.5  0.0
2482  3740.5  0.0
2483  3740.5  0.0
2484  3740.5  0.0
2485  3740.5  0.0
2486  3740.5  0.0
2487  3740.5  0.0
2488  3740.5  0.0
2489  3740.5  0.0
2490  3740.5  0.0
2491  3740.5  0.0
2492  3740.5  0.0
2493  3740.5  0.0
2494  3740.5  0.0
2495  3740.5  0.0
2496  3740.5  0.0
2497  3740.5  0.0
2498  3740.5  0.0
2499  3740.5  0.0
2500  3740.5  0.0
2501  3740.5  0.0
2502  3740.5  0.0
2503  3740.5  0.0
2504  3740.5  0.0
2505  3740.5  0.0
2506  3740.5  0.0
2507  3740.5  0.0
2508  3740.5  0.0
2509  3740.5  0.0
2510  3740.5  0.0
2511  3740.5  0.0
2512  3740.5  0.0
2513  3740.5  0.0
2514  3740.5  0.0
2515  3740.5  0.0
2516  3740.5  0.0
2517  3740.5  0.0
2518  3740.5  0.0
2519  3740.5  0.0
2520  3740.5  0.0
2521  3740.5  0.0
2522  3740.5  0.0
2523  3740.5  0.0
2524  3740.5  0.0
2525  3740.5  0.0
2526  3740.5  0.0
2527  3740.5  0.0
2528  3740.5  0.0
2529  3740.5  0.0
2530  3740.5  0.0
2531  3740.5  0.0
2532  3740.5  0.0
2533  3740.5  0.0
2534  3740.5  0.0
2535  3740.5  0.0
2536  3740.5  0.0
2537  3740.5  0.0
2538  3740.5  0.0
2539  3740.5  0.0
2540  3740.5  0.0
2541  3740.5  0.0
2542  3740.5  0.0
2543  3740.5  0.0
2544  3740.5  0.0
2545  3740.5  0.0
2546  3740.5  0.0
2547  3740.5  0.0
2548  3740.5  0.0
2549  3740.5  0.0
2550  3740.5  0.0
2551  3740.5  0.0
2552  3740.5  0.0
2553  3740.5  0.0
2554  3740.5  0.0
2555  3740.5  0.0
2556  3740.5  0.0
2557  3740.5  0.0
2558  3740.5  0.0
2559  3740.5  0.0
2560  3740.5  0.0
2561  3740.5  0.0
2562  3740.5  0.0
2563  3740.5  0.0
2564  3740.5  0.0
2565  3740.5  0.0
2566  3740.5  0.0
2567  3740.5  0.0
2568  3740.5  0.0
2569  3740.5  0.0
2570  3740.5  0.0
2571  3740.5  0.0
2572  3740.5  0.0
2573  3740.5  0.0
2574  3740.5  0.0
2575  3740.5  0.0
2576  3740.5  0.0
2577  3740.5  0.0
2578  3740.5  0.0
2579  3740.5  0.0
2580  3740.5  0.0
2581  3740.5  0.0
2582  3740.5  0.0
2583  3740.5  0.0
2584  3740.5  0.0
2585  3740.5  0.0
2586  3740.5  0.0
2587  3740.5  0.0
2588  3740.5  0.0
2589  3740.5  0.0
2590  3740.5  0.0
2591  3740.5  0.0
2592  3740.5  0.0
2593  3740.5  0.0
2594  3740.5  0.0
2595  3740.5  0.0
2596  3740.5  0.0
2597  3740.5  0.0
2598  3740.5  0.0
2599  3740.5  0.0
2600  3740.5  0.0
2601  3740.5  0.0
2602  3740.5  0.0
2603  3740.5  0.0
2604  3740.5  0.0
2605  3740.5  0.0
2606  3740.5  0.0
2607  3740.5  0.0
2608  3740.5  0.0
2609  3740.5  0.0
2610  3740.5  0.0
2611  3740.5  0.0
2612  3740.5  0.0
2613  3740.5  0.0
2614  3740.5  0.0
2615  3740.5  0.0
2616  3740.5  0.0
2617  3740.5  0.0
2618  3740.5  0.0
2619  3740.5  0.0
2620  3740.5  0.0
2621  3740.5  0.0
2622  3740.5  0.0
2623  3740.5  0.0
2624  3740.5  0.0
2625  3740.5  0.0
2626  3740.5  0.0
2627  3740.5  0.0
2628  3740.5  0.0
2629  3740.5  0.0
2630  3740.5  0.0
2631  3740.5  0.0
2632  3740.5  0.0
2633  3740.5  0.0
2634  3740.5  0.0
2635  3740.5  0.0
2636  3740.5  0.0
2637  3740.5  0.0
2638  3740.5  0.0
2639  3740.5  0.0
2640  3740.5  0.0
2641  3740.5  0.0
2642  3740.5  0.0
2643  3740.5  0.0
2644  3740.5  0.0
2645  3740.5  0.0
2646  3740.5  0.0
2647  3740.5  0.0
2648  3740.5  0.0
2649  3740.5  0.0
2650  3740.5  0.0
2651  3740.5  0.0
2652  3740.5  0.0
2653  3740.5  0.0
2654  3740.5  0.0
2655  3740.5  0.0
2656  3740.5  0.0
2657  3740.5  0.0
2658  3740.5  0.0
2659  3740.5  0.0
2660  3740.5  0.0
2661  3740.5  0.0
2662  3740.5  0.0
2663  3740.5  0.0
2664  3740.5  0.0
2665  3740.5  0.0
2666  3740.5  0.0
2667  3740.5  0.0
2668  3740.5  0.0
2669  3740.5  0.0
2670  3740.5  0.0
2671  3740.5  0.0
2672  3740.5  0.0
2673  3740.5  0.0
2674  3740.5  0.0
2675  3740.5  0.0
2676  3740.5  0.0
2677  3740.5  0.0
2678  3740.5  0.0
2679  3740.5  0.0
2680  3740.5  0.0
2681  3740.5  0.0
2682  3740.5  0.0
2683  3740.5  0.0
2684  3740.5  0.0
2685  3740.5  0.0
2686  3740.5  0.0
2687  3740.5  0.0
2688  3740.5  0.0
2689  3740.5  0.0
2690  3740.5  0.0
2691  3740.5  0.0
2692  3740.5  0.0
2693  3740.5  0.0
2694  3740.5  0.0
2695  3740.5  0.0
2696  3740.5  0.0
2697  3740.5  0.0
2698  3740.5  0.0
2699  3740.5  0.0
2700  3740.5  0.0
2701  3740.5  0.0
2702  3740.5  0.0
2703  3740.5  0.0
2704  3740.5  0.0
2705  3740.5  0.0
2706  3740.5  0.0
2707  3740.5  0.0
2708  3740.5  0.0
2709  3740.5  0.0
2710  3740.5  0.0
2711  3740.5  0.0
2712  3740.5  0.0
2713  3740.5  0.0
2714  3740.5  0.0
2715  3740.5  0.0
2716  3740.5  0.0
2717  3740.5  0.0
2718  3740.5  0.0
2719  3740.5  0.0
2720  3740.5  0.0
2721  3740.5  0.0
2722  3740.5  0.0
2723  3740.5  0.0
2724  3740.5  0.0
2725  3740.5  0.0
2726  3740.5  0.0
2727  3740.5  0.0
2728  3740.5  0.0
2729  3740.5  0.0
2730  3740.5  0.0
2731  3740.5  0.0
2732  3740.5  0.0
2733  3740.5  0.0
2734  3740.5  0.0
2735  3740.5  0.0
2736  3740.5  0.0
2737  3740.5  0.0
2738  3740.5  0.0
2739  3740.5  0.0
2740  3740.5  0.0
2741  3740.5  0.0
2742  3740.5  0.0
2743  3740.5  0.0
2744  3740.5  0.0
2745  3740.5  0.0
2746  3740.5  0.0
2747  3740.5  0.0
2748  3740.5  0.0
2749  3740.5  0.0
2750  3740.5  0.0
2751  3740.5  0.0
2752  3740.5  0.0
2753  3740.5  0.0
2754  3740.5  0.0
2755  3740.5  0.0
2756  3740.5  0.0
2757  3740.5  0.0
2758  3740.5  0.0
2759  3740.5  0.0
2760  3740.5  0.0
2761  3740.5  0.0
2762  3740.5  0.0
2763  3740.5  0.0
2764  3740.5  0.0
2765  3740.5  0.0
2766  3740.5  0.0
2767  3740.5  0.0
2768  3740.5  0.0
2769  3740.5  0.0
2770  3740.5  0.0
2771  3740.5  0.0
2772  3740.5  0.0
2773  3740.5  0.0
2774  3740.5  0.0
2775  3740.5  0.0
2776  3740.5  0.0
2777  3740.5  0.0
2778  3740.5  0.0
2779  3740.5  0.0
2780  3740.5  0.0
2781  3740.5  0.0
2782  3740.5  0.0
2783  3740.5  0.0
2784  3740.5  0.0
2785  3740.5  0.0
2786  3740.5  0.0
2787  3740.5  0.0
2788  3740.5  0.0
2789  3740.5  0.0
2790  3740.5  0.0
2791  3740.5  0.0
2792  3740.5  0.0
2793  3740.5  0.0
2794  3740.5  0.0
2795  3740.5  0.0
2796  3740.5  0.0
2797  3740.5  0.0
2798  3740.5  0.0
2799  3740.5  0.0
2800  3740.5  0.0
2801  3740.5  0.0
2802  3740.5  0.0
2803  3740.5  0.0
2804  3740.5  0.0
2805  3740.5  0.0
2806  3740.5  0.0
2807  3740.5  0.0
2808  3740.5  0.0
2809  3740.5  0.0
2810  3740.5  0.0
2811  3740.5  0.0
2812  3740.5  0.0
2813  3740.5  0.0
2814  3740.5  0.0
2815  3740.5  0.0
2816  3740.5  0.0
2817  3740.5  0.0
2818  3740.5  0.0
2819  3740.5  0.0
2820  3740.5  0.0
2821  3740.5  0.0
2822  3740.5  0.0
2823  3740.5  0.0
2824  3740.5  0.0
2825  3740.5  0.0
2826  3740.5  0.0
2827  3740.5  0.0
2828  3740.5  0.0
2829  3740.5  0.0
2830  3740.5  0.0
2831  3740.5  0.0
2832  3740.5  0.0
2833  3740.5  0.0
2834  3740.5  0.0
2835  3740.5  0.0
2836  3740.5  0.0
2837  3740.5  0.0
2838  3740.5  0.0
2839  3740.5  0.0
2840  3740.5  0.0
2841  3740.5  0.0
2842  3740.5  0.0
2843  3740.5  0.0
2844  3740.5  0.0
2845  3740.5  0.0
2846  3740.5  0.0
2847  3740.5  0.0
2848  3740.5  0.0
2849  3740.5  0.0
2850  3740.5  0.0
2851  3740.5  0.0
2852  3740.5  0.0
2853  3740.5  0.0
2854  3740.5  0.0
2855  3740.5  0.0
2856  3740.5  0.0
2857  3740.5  0.0
2858  3740.5  0.0
2859  3740.5  0.0
2860  3740.5  0.0
2861  3740.5  0.0
2862  3740.5  0.0
2863  3740.5  0.0
2864  3740.5  0.0
2865  3740.5  0.0
2866  3740.5  0.0
2867  3740.5  0.0
2868  3740.5  0.0
2869  3740.5  0.0
2870  3740.5  0.0
2871  3740.5  0.0
2872  3740.5  0.0
2873  3740.5  0.0
2874  3740.5  0.0
2875  3740.5  0.0
2876  3740.5  0.0
2877  3740.5  0.0
2878  3740.5  0.0
2879  3740.5  0.0
2880  3740.5  0.0
2881  3740.5  0.0
2882  3740.5  0.0
2883  3740.5  0.0
2884  3740.5  0.0
2885  3740.5  0.0
2886  3740.5  0.0
2887  3740.5  0.0
2888  3740.5  0.0
2889  3740.5  0.0
2890  3740.5  0.0
2891  3740.5  0.0
2892  3740.5  0.0
2893  3740.5  0.0
2894  3740.5  0.0
2895  3740.5  0.0
2896  3740.5  0.0
2897  3740.5  0.0
2898  3740.5  0.0
2899  3740.5  0.0
2900  3740.5  0.0
2901  3740.5  0.0
2902  3740.5  0.0
2903  3740.5  0.0
2904  3740.5  0.0
2905  3740.5  0.0
2906  3740.5  0.0
2907  3740.5  0.0
2908  3740.5  0.0
2909  3740.5  0.0
2910  3740.5  0.0
2911  3740.5  0.0
2912  3740.5  0.0
2913  3740.5  0.0
2914  3740.5  0.0
2915  3740.5  0.0
2916  3740.5  0.0
2917  3740.5  0.0
2918  3740.5  0.0
2919  3740.5  0.0
2920  3740.5  0.0
2921  3740.5  0.0
2922  3740.5  0.0
2923  3740.5  0.0
2924  3740.5  0.0
2925  3740.5  0.0
2926  3740.5  0.0
2927  3740.5  0.0
2928  3740.5  0.0
2929  3740.5  0.0
2930  3740.5  0.0
2931  3740.5  0.0
2932  3740.5  0.0
2933  3740.5  0.0
2934  3740.5  0.0
2935  3740.5  0.0
2936  3740.5  0.0
2937  3740.5  0.0
2938  3740.5  0.0
2939  3740.5  0.0
2940  3740.5  0.0
2941  3740.5  0.0
2942  3740.5  0.0
2943  3740.5  0.0
2944  3740.5  0.0
2945  3740.5  0.0
2946  3740.5  0.0
2947  3740.5  0.0
2948  3740.5  0.0
2949  3740.5  0.0
2950  3740.5  0.0
2951  3740.5  0.0
2952  3740.5  0.0
2953  3740.5  0.0
2954  3740.5  0.0
2955  3740.5  0.0
2956  3740.5  0.0
2957  3740.5  0.0
2958  3740.5  0.0
2959  3740.5  0.0
2960  3740.5  0.0
2961  3740.5  0.0
2962  3740.5  0.0
2963  3740.5  0.0
2964  3740.5  0.0
2965  3740.5  0.0
2966  3740.5  0.0
2967  3740.5  0.0
2968  3740.5  0.0
2969  3740.5  0.0
2970  3740.5  0.0
2971  3740.5  0.0
2972  3740.5  0.0
2973  3740.5  0.0
2974  3740.5  0.0
2975  3740.5  0.0
2976  3740.5  0.0
2977  3740.5  0.0
2978  3740.5  0.0
2979  3740.5  0.0
2980  3740.5  0.0
2981  3740.5  0.0
2982  3740.5  0.0
2983  3740.5  0.0
2984  3740.5  0.0
2985  3740.5  0.0
2986  3740.5  0.0
2987  3740.5  0.0
2988  3740.5  0.0
2989  3740.5  0.0
2990  3740.5  0.0
2991  3740.5  0.0
2992  3740.5  0.0
2993  3740.5  0.0
2994  3740.5  0.0
2995  3740.5  0.0
2996  3740.5  0.0
2997  3740.5  0.0
2998  3740.5  0.0
2999  3740.5  0.0
#[0, 3, 4, 4, 4, 5, 6, 7, 7, 7]
#[0, 1, 3, 4, 7, 7, 8, 8, 9, 9]
#[0, 1, 1, 3, 5, 5, 5, 6, 6, 8]
#[0, 2, 3, 4, 5, 6, 6, 7, 8, 9]
#[1, 2, 4, 4, 7, 7, 8, 9, 9, 9]
#[1, 3, 5, 6, 6, 6, 7, 7, 7, 9]
#[4, 4, 5, 5, 6, 6, 7, 8, 9, 9]
#[3, 4, 4, 6, 6, 6, 6, 7, 8, 9]
#[0, 3, 4, 5, 5, 6, 7, 8, 8, 9]
#Specialization index= [2, 5, 0.3]
