#[8, 5, 9, 1, 6, 2, 6, 1, 5, 8]
#[2, 3, 9, 8, 5, 2, 3, 4, 5, 7]
#[7, 4, 3, 7, 0, 0, 5, 9, 4, 4]
#[5, 8, 6, 1, 7, 8, 2, 5, 6, 6]
#[8, 8, 4, 0, 4, 6, 0, 4, 8, 8]
#[5, 4, 5, 9, 8, 1, 3, 9, 6, 9]
#[6, 8, 7, 8, 5, 3, 4, 4, 7, 7]
#[6, 7, 6, 4, 5, 4, 4, 4, 7, 4]
#[8, 7, 2, 5, 1, 7, 4, 5, 3, 4]
0  2292.75  0.12
1  2292.75  0.12
2  2292.75  0.12
3  2424.25  0.08
4  2424.25  0.08
5  2424.25  0.08
6  2424.25  0.08
7  2424.25  0.08
8  2424.25  0.08
9  2424.25  0.08
10  2424.25  0.08
11  2424.25  0.08
12  2424.25  0.08
13  2424.25  0.08
14  2424.25  0.08
15  2424.25  0.08
16  2424.25  0.08
17  2424.25  0.08
18  2550.5  0.07
19  2550.5  0.07
20  2550.5  0.07
21  2550.5  0.07
22  2550.5  0.07
23  2550.5  0.07
24  2550.5  0.07
25  2550.5  0.07
26  2550.5  0.07
27  2550.5  0.07
28  2550.5  0.07
29  2550.5  0.07
30  2550.5  0.07
31  2550.5  0.07
32  2550.5  0.07
33  2550.5  0.07
34  2550.5  0.07
35  2550.5  0.07
36  2550.5  0.07
37  2550.5  0.07
38  2550.5  0.07
39  2550.5  0.07
40  2550.5  0.07
41  2550.5  0.07
42  2627.0  0.05
43  2627.0  0.05
44  2627.0  0.05
45  2627.0  0.05
46  2627.0  0.05
47  2627.0  0.05
48  2627.0  0.05
49  2627.0  0.05
50  2627.0  0.05
51  2627.0  0.05
52  2627.0  0.05
53  2627.0  0.05
54  2627.0  0.05
55  2627.0  0.05
56  2627.0  0.05
57  2627.0  0.05
58  2627.0  0.05
59  2627.0  0.05
60  2627.0  0.05
61  2627.0  0.05
62  2627.0  0.05
63  2627.0  0.05
64  2627.0  0.05
65  2627.0  0.05
66  2627.0  0.05
67  2627.0  0.05
68  2627.0  0.05
69  2627.0  0.05
70  2627.0  0.05
71  2627.0  0.05
72  2627.0  0.05
73  2627.0  0.05
74  2627.0  0.05
75  2627.0  0.05
76  2627.0  0.05
77  2635.5  0.07
78  2635.5  0.07
79  2635.5  0.07
80  2635.5  0.07
81  2635.5  0.07
82  2635.5  0.07
83  2635.5  0.07
84  2635.5  0.07
85  2635.5  0.07
86  2635.5  0.07
87  2635.5  0.07
88  2635.5  0.07
89  2635.5  0.07
90  2635.5  0.07
91  2635.5  0.07
92  2635.5  0.07
93  2635.5  0.07
94  2635.5  0.07
95  2635.5  0.07
96  2635.5  0.07
97  2635.5  0.07
98  2635.5  0.07
99  2635.5  0.07
100  2635.5  0.07
101  2635.5  0.07
102  2635.5  0.07
103  2635.5  0.07
104  2635.5  0.07
105  2635.5  0.07
106  2635.5  0.07
107  2635.5  0.07
108  2635.5  0.07
109  2635.5  0.07
110  2635.5  0.07
111  2635.5  0.07
112  2635.5  0.07
113  2635.5  0.07
114  2635.5  0.07
115  2635.5  0.07
116  2635.5  0.07
117  2635.5  0.07
118  2635.5  0.07
119  2635.5  0.07
120  2635.5  0.07
121  2635.5  0.07
122  2635.5  0.07
123  2635.5  0.07
124  2635.5  0.07
125  2635.5  0.07
126  2635.5  0.07
127  2635.5  0.07
128  2635.5  0.07
129  2635.5  0.07
130  2635.5  0.07
131  2635.5  0.07
132  2635.5  0.07
133  2635.5  0.07
134  2635.5  0.07
135  2635.5  0.07
136  2635.5  0.07
137  2635.5  0.07
138  2635.5  0.07
139  2635.5  0.07
140  2635.5  0.07
141  2635.5  0.07
142  2635.5  0.07
143  2635.5  0.07
144  2635.5  0.07
145  2635.5  0.07
146  2635.5  0.07
147  2635.5  0.07
148  2635.5  0.07
149  2635.5  0.07
150  2635.5  0.07
151  2635.5  0.07
152  2635.5  0.07
153  2635.5  0.07
154  2635.5  0.07
155  2635.5  0.07
156  2635.5  0.07
157  2635.5  0.07
158  2635.5  0.07
159  2635.5  0.07
160  2635.5  0.07
161  2635.5  0.07
162  2635.5  0.07
163  2635.5  0.07
164  2635.5  0.07
165  2635.5  0.07
166  2635.5  0.07
167  2635.5  0.07
168  2635.5  0.07
169  2635.5  0.07
170  2635.5  0.07
171  2635.5  0.07
172  2635.5  0.07
173  2635.5  0.07
174  2635.5  0.07
175  2635.5  0.07
176  2635.5  0.07
177  2635.5  0.07
178  2635.5  0.07
179  2635.5  0.07
180  2635.5  0.07
181  2635.5  0.07
182  2635.5  0.07
183  2635.5  0.07
184  2635.5  0.07
185  2635.5  0.07
186  2635.5  0.07
187  2635.5  0.07
188  2635.5  0.07
189  2635.5  0.07
190  2635.5  0.07
191  2635.5  0.07
192  2635.5  0.07
193  2635.5  0.07
194  2635.5  0.07
195  2635.5  0.07
196  2635.5  0.07
197  2635.5  0.07
198  2635.5  0.07
199  2635.5  0.07
200  2635.5  0.07
201  2635.5  0.07
202  2635.5  0.07
203  2635.5  0.07
204  2635.5  0.07
205  2635.5  0.07
206  2635.5  0.07
207  2635.5  0.07
208  2635.5  0.07
209  2635.5  0.07
210  2635.5  0.07
211  2635.5  0.07
212  2635.5  0.07
213  2635.5  0.07
214  2635.5  0.07
215  2635.5  0.07
216  2635.5  0.07
217  2635.5  0.07
218  2635.5  0.07
219  2635.5  0.07
220  2635.5  0.07
221  2635.5  0.07
222  2635.5  0.07
223  2635.5  0.07
224  2635.5  0.07
225  2635.5  0.07
226  2635.5  0.07
227  2635.5  0.07
228  2635.5  0.07
229  2635.5  0.07
230  2635.5  0.07
231  2635.5  0.07
232  2635.5  0.07
233  2635.5  0.07
234  2635.5  0.07
235  2635.5  0.07
236  2635.5  0.07
237  2635.5  0.07
238  2635.5  0.07
239  2635.5  0.07
240  2635.5  0.07
241  2635.5  0.07
242  2635.5  0.07
243  2635.5  0.07
244  2635.5  0.07
245  2635.5  0.07
246  2635.5  0.07
247  2635.5  0.07
248  2635.5  0.07
249  2635.5  0.07
250  2635.5  0.07
251  2635.5  0.07
252  2635.5  0.07
253  2635.5  0.07
254  2635.5  0.07
255  2635.5  0.07
256  2635.5  0.07
257  2635.5  0.07
258  2635.5  0.07
259  2635.5  0.07
260  2635.5  0.07
261  2635.5  0.07
262  2635.5  0.07
263  2635.5  0.07
264  2635.5  0.07
265  2635.5  0.07
266  2635.5  0.07
267  2635.5  0.07
268  2635.5  0.07
269  2635.5  0.07
270  2635.5  0.07
271  2635.5  0.07
272  2635.5  0.07
273  2635.5  0.07
274  2635.5  0.07
275  2635.5  0.07
276  2635.5  0.07
277  2635.5  0.07
278  2635.5  0.07
279  2635.5  0.07
280  2635.5  0.07
281  2635.5  0.07
282  2635.5  0.07
283  2635.5  0.07
284  2635.5  0.07
285  2635.5  0.07
286  2635.5  0.07
287  2635.5  0.07
288  2635.5  0.07
289  2635.5  0.07
290  2635.5  0.07
291  2635.5  0.07
292  2635.5  0.07
293  2635.5  0.07
294  2635.5  0.07
295  2635.5  0.07
296  2635.5  0.07
297  2635.5  0.07
298  2635.5  0.07
299  2635.5  0.07
300  2635.5  0.07
301  2635.5  0.07
302  2635.5  0.07
303  2635.5  0.07
304  2635.5  0.07
305  2635.5  0.07
306  2635.5  0.07
307  2635.5  0.07
308  2635.5  0.07
309  2635.5  0.07
310  2635.5  0.07
311  2635.5  0.07
312  2635.5  0.07
313  2635.5  0.07
314  2635.5  0.07
315  2635.5  0.07
316  2635.5  0.07
317  2635.5  0.07
318  2635.5  0.07
319  2635.5  0.07
320  2635.5  0.07
321  2635.5  0.07
322  2635.5  0.07
323  2635.5  0.07
324  2635.5  0.07
325  2635.5  0.07
326  2635.5  0.07
327  2635.5  0.07
328  2635.5  0.07
329  2635.5  0.07
330  2635.5  0.07
331  2635.5  0.07
332  2635.5  0.07
333  2635.5  0.07
334  2635.5  0.07
335  2635.5  0.07
336  2635.5  0.07
337  2635.5  0.07
338  2635.5  0.07
339  2635.5  0.07
340  2635.5  0.07
341  2635.5  0.07
342  2635.5  0.07
343  2635.5  0.07
344  2635.5  0.07
345  2635.5  0.07
346  2635.5  0.07
347  2635.5  0.07
348  2635.5  0.07
349  2635.5  0.07
350  2635.5  0.07
351  2635.5  0.07
352  2635.5  0.07
353  2635.5  0.07
354  2635.5  0.07
355  2635.5  0.07
356  2635.5  0.07
357  2635.5  0.07
358  2635.5  0.07
359  2635.5  0.07
360  2635.5  0.07
361  2635.5  0.07
362  2635.5  0.07
363  2635.5  0.07
364  2635.5  0.07
365  2635.5  0.07
366  2635.5  0.07
367  2635.5  0.07
368  2635.5  0.07
369  2635.5  0.07
370  2635.5  0.07
371  2635.5  0.07
372  2635.5  0.07
373  2635.5  0.07
374  2635.5  0.07
375  2635.5  0.07
376  2635.5  0.07
377  2635.5  0.07
378  2635.5  0.07
379  2635.5  0.07
380  2635.5  0.07
381  2635.5  0.07
382  2635.5  0.07
383  2635.5  0.07
384  2635.5  0.07
385  2635.5  0.07
386  2635.5  0.07
387  2635.5  0.07
388  2635.5  0.07
389  2635.5  0.07
390  2635.5  0.07
391  2635.5  0.07
392  2635.5  0.07
393  2635.5  0.07
394  2635.5  0.07
395  2635.5  0.07
396  2635.5  0.07
397  2635.5  0.07
398  2635.5  0.07
399  2635.5  0.07
400  2635.5  0.07
401  2635.5  0.07
402  2635.5  0.07
403  2635.5  0.07
404  2635.5  0.07
405  2635.5  0.07
406  2635.5  0.07
407  2635.5  0.07
408  2635.5  0.07
409  2635.5  0.07
410  2635.5  0.07
411  2635.5  0.07
412  2635.5  0.07
413  2635.5  0.07
414  2635.5  0.07
415  2635.5  0.07
416  2635.5  0.07
417  2635.5  0.07
418  2635.5  0.07
419  2635.5  0.07
420  2635.5  0.07
421  2635.5  0.07
422  2635.5  0.07
423  2635.5  0.07
424  2635.5  0.07
425  2635.5  0.07
426  2635.5  0.07
427  2635.5  0.07
428  2635.5  0.07
429  2635.5  0.07
430  2635.5  0.07
431  2635.5  0.07
432  2635.5  0.07
433  2635.5  0.07
434  2635.5  0.07
435  2635.5  0.07
436  2635.5  0.07
437  2635.5  0.07
438  2635.5  0.07
439  2635.5  0.07
440  2635.5  0.07
441  2635.5  0.07
442  2635.5  0.07
443  2635.5  0.07
444  2635.5  0.07
445  2635.5  0.07
446  2635.5  0.07
447  2635.5  0.07
448  2635.5  0.07
449  2635.5  0.07
450  2635.5  0.07
451  2635.5  0.07
452  2635.5  0.07
453  2635.5  0.07
454  2635.5  0.07
455  2635.5  0.07
456  2635.5  0.07
457  2635.5  0.07
458  2635.5  0.07
459  2635.5  0.07
460  2635.5  0.07
461  2635.5  0.07
462  2635.5  0.07
463  2635.5  0.07
464  2635.5  0.07
465  2635.5  0.07
466  2635.5  0.07
467  2635.5  0.07
468  2635.5  0.07
469  2635.5  0.07
470  2635.5  0.07
471  2635.5  0.07
472  2635.5  0.07
473  2635.5  0.07
474  2635.5  0.07
475  2635.5  0.07
476  2635.5  0.07
477  2635.5  0.07
478  2635.5  0.07
479  2635.5  0.07
480  2635.5  0.07
481  2635.5  0.07
482  2635.5  0.07
483  2635.5  0.07
484  2635.5  0.07
485  2635.5  0.07
486  2635.5  0.07
487  2635.5  0.07
488  2635.5  0.07
489  2635.5  0.07
490  2635.5  0.07
491  2635.5  0.07
492  2635.5  0.07
493  2635.5  0.07
494  2635.5  0.07
495  2635.5  0.07
496  2635.5  0.07
497  2635.5  0.07
498  2635.5  0.07
499  2635.5  0.07
500  2635.5  0.07
501  2635.5  0.07
502  2635.5  0.07
503  2635.5  0.07
504  2635.5  0.07
505  2635.5  0.07
506  2635.5  0.07
507  2635.5  0.07
508  2635.5  0.07
509  2635.5  0.07
510  2635.5  0.07
511  2635.5  0.07
512  2635.5  0.07
513  2635.5  0.07
514  2635.5  0.07
515  2635.5  0.07
516  2635.5  0.07
517  2635.5  0.07
518  2635.5  0.07
519  2635.5  0.07
520  2635.5  0.07
521  2635.5  0.07
522  2635.5  0.07
523  2635.5  0.07
524  2635.5  0.07
525  2635.5  0.07
526  2635.5  0.07
527  2635.5  0.07
528  2635.5  0.07
529  2635.5  0.07
530  2635.5  0.07
531  2635.5  0.07
532  2635.5  0.07
533  2635.5  0.07
534  2635.5  0.07
535  2635.5  0.07
536  2635.5  0.07
537  2635.5  0.07
538  2635.5  0.07
539  2635.5  0.07
540  2635.5  0.07
541  2635.5  0.07
542  2635.5  0.07
543  2635.5  0.07
544  2635.5  0.07
545  2635.5  0.07
546  2635.5  0.07
547  2635.5  0.07
548  2635.5  0.07
549  2635.5  0.07
550  2635.5  0.07
551  2635.5  0.07
552  2635.5  0.07
553  2635.5  0.07
554  2635.5  0.07
555  2635.5  0.07
556  2635.5  0.07
557  2635.5  0.07
558  2635.5  0.07
559  2635.5  0.07
560  2635.5  0.07
561  2635.5  0.07
562  2635.5  0.07
563  2635.5  0.07
564  2635.5  0.07
565  2635.5  0.07
566  2635.5  0.07
567  2635.5  0.07
568  2635.5  0.07
569  2635.5  0.07
570  2635.5  0.07
571  2635.5  0.07
572  2635.5  0.07
573  2635.5  0.07
574  2635.5  0.07
575  2635.5  0.07
576  2635.5  0.07
577  2635.5  0.07
578  2635.5  0.07
579  2635.5  0.07
580  2635.5  0.07
581  2635.5  0.07
582  2635.5  0.07
583  2635.5  0.07
584  2635.5  0.07
585  2635.5  0.07
586  2635.5  0.07
587  2635.5  0.07
588  2635.5  0.07
589  2635.5  0.07
590  2635.5  0.07
591  2635.5  0.07
592  2635.5  0.07
593  2635.5  0.07
594  2635.5  0.07
595  2635.5  0.07
596  2635.5  0.07
597  2635.5  0.07
598  2635.5  0.07
599  2635.5  0.07
600  2635.5  0.07
601  2635.5  0.07
602  2635.5  0.07
603  2635.5  0.07
604  2635.5  0.07
605  2635.5  0.07
606  2635.5  0.07
607  2635.5  0.07
608  2635.5  0.07
609  2635.5  0.07
610  2635.5  0.07
611  2635.5  0.07
612  2635.5  0.07
613  2635.5  0.07
614  2635.5  0.07
615  2635.5  0.07
616  2635.5  0.07
617  2635.5  0.07
618  2635.5  0.07
619  2635.5  0.07
620  2635.5  0.07
621  2635.5  0.07
622  2635.5  0.07
623  2635.5  0.07
624  2635.5  0.07
625  2635.5  0.07
626  2635.5  0.07
627  2635.5  0.07
628  2635.5  0.07
629  2635.5  0.07
630  2635.5  0.07
631  2635.5  0.07
632  2635.5  0.07
633  2635.5  0.07
634  2635.5  0.07
635  2635.5  0.07
636  2635.5  0.07
637  2635.5  0.07
638  2635.5  0.07
639  2635.5  0.07
640  2635.5  0.07
641  2635.5  0.07
642  2635.5  0.07
643  2635.5  0.07
644  2635.5  0.07
645  2635.5  0.07
646  2635.5  0.07
647  2635.5  0.07
648  2635.5  0.07
649  2635.5  0.07
650  2635.5  0.07
651  2635.5  0.07
652  2635.5  0.07
653  2635.5  0.07
654  2635.5  0.07
655  2635.5  0.07
656  2635.5  0.07
657  2635.5  0.07
658  2635.5  0.07
659  2635.5  0.07
660  2635.5  0.07
661  2635.5  0.07
662  2635.5  0.07
663  2635.5  0.07
664  2635.5  0.07
665  2635.5  0.07
666  2635.5  0.07
667  2635.5  0.07
668  2635.5  0.07
669  2635.5  0.07
670  2635.5  0.07
671  2635.5  0.07
672  2635.5  0.07
673  2635.5  0.07
674  2635.5  0.07
675  2635.5  0.07
676  2635.5  0.07
677  2635.5  0.07
678  2635.5  0.07
679  2635.5  0.07
680  2635.5  0.07
681  2635.5  0.07
682  2635.5  0.07
683  2635.5  0.07
684  2635.5  0.07
685  2635.5  0.07
686  2635.5  0.07
687  2635.5  0.07
688  2635.5  0.07
689  2635.5  0.07
690  2635.5  0.07
691  2635.5  0.07
692  2635.5  0.07
693  2635.5  0.07
694  2635.5  0.07
695  2635.5  0.07
696  2635.5  0.07
697  2635.5  0.07
698  2635.5  0.07
699  2635.5  0.07
700  2635.5  0.07
701  2635.5  0.07
702  2635.5  0.07
703  2635.5  0.07
704  2635.5  0.07
705  2635.5  0.07
706  2635.5  0.07
707  2635.5  0.07
708  2635.5  0.07
709  2635.5  0.07
710  2635.5  0.07
711  2635.5  0.07
712  2635.5  0.07
713  2635.5  0.07
714  2635.5  0.07
715  2635.5  0.07
716  2635.5  0.07
717  2635.5  0.07
718  2635.5  0.07
719  2635.5  0.07
720  2635.5  0.07
721  2635.5  0.07
722  2635.5  0.07
723  2635.5  0.07
724  2635.5  0.07
725  2635.5  0.07
726  2635.5  0.07
727  2635.5  0.07
728  2635.5  0.07
729  2635.5  0.07
730  2635.5  0.07
731  2635.5  0.07
732  2635.5  0.07
733  2635.5  0.07
734  2635.5  0.07
735  2635.5  0.07
736  2635.5  0.07
737  2635.5  0.07
738  2635.5  0.07
739  2635.5  0.07
740  2635.5  0.07
741  2635.5  0.07
742  2635.5  0.07
743  2635.5  0.07
744  2635.5  0.07
745  2635.5  0.07
746  2635.5  0.07
747  2635.5  0.07
748  2635.5  0.07
749  2635.5  0.07
750  2635.5  0.07
751  2635.5  0.07
752  2635.5  0.07
753  2635.5  0.07
754  2635.5  0.07
755  2635.5  0.07
756  2635.5  0.07
757  2635.5  0.07
758  2635.5  0.07
759  2635.5  0.07
760  2635.5  0.07
761  2635.5  0.07
762  2635.5  0.07
763  2635.5  0.07
764  2635.5  0.07
765  2635.5  0.07
766  2635.5  0.07
767  2635.5  0.07
768  2635.5  0.07
769  2635.5  0.07
770  2635.5  0.07
771  2635.5  0.07
772  2635.5  0.07
773  2635.5  0.07
774  2635.5  0.07
775  2635.5  0.07
776  2635.5  0.07
777  2635.5  0.07
778  2635.5  0.07
779  2635.5  0.07
780  2635.5  0.07
781  2635.5  0.07
782  2635.5  0.07
783  2635.5  0.07
784  2635.5  0.07
785  2635.5  0.07
786  2635.5  0.07
787  2635.5  0.07
788  2635.5  0.07
789  2635.5  0.07
790  2635.5  0.07
791  2635.5  0.07
792  2635.5  0.07
793  2635.5  0.07
794  2635.5  0.07
795  2635.5  0.07
796  2635.5  0.07
797  2635.5  0.07
798  2635.5  0.07
799  2635.5  0.07
800  2635.5  0.07
801  2635.5  0.07
802  2635.5  0.07
803  2635.5  0.07
804  2635.5  0.07
805  2635.5  0.07
806  2635.5  0.07
807  2635.5  0.07
808  2635.5  0.07
809  2635.5  0.07
810  2635.5  0.07
811  2635.5  0.07
812  2635.5  0.07
813  2635.5  0.07
814  2635.5  0.07
815  2635.5  0.07
816  2635.5  0.07
817  2635.5  0.07
818  2635.5  0.07
819  2635.5  0.07
820  2635.5  0.07
821  2635.5  0.07
822  2635.5  0.07
823  2635.5  0.07
824  2635.5  0.07
825  2635.5  0.07
826  2635.5  0.07
827  2635.5  0.07
828  2635.5  0.07
829  2635.5  0.07
830  2635.5  0.07
831  2635.5  0.07
832  2635.5  0.07
833  2635.5  0.07
834  2635.5  0.07
835  2635.5  0.07
836  2647.5  0.05
837  2647.5  0.05
838  2647.5  0.05
839  2647.5  0.05
840  2647.5  0.05
841  2647.5  0.05
842  2647.5  0.05
843  2647.5  0.05
844  2647.5  0.05
845  2647.5  0.05
846  2647.5  0.05
847  2647.5  0.05
848  2647.5  0.05
849  2647.5  0.05
850  2647.5  0.05
851  2647.5  0.05
852  2647.5  0.05
853  2647.5  0.05
854  2647.5  0.05
855  2647.5  0.05
856  2647.5  0.05
857  2647.5  0.05
858  2647.5  0.05
859  2647.5  0.05
860  2647.5  0.05
861  2647.5  0.05
862  2647.5  0.05
863  2647.5  0.05
864  2647.5  0.05
865  2647.5  0.05
866  2647.5  0.05
867  2647.5  0.05
868  2647.5  0.05
869  2647.5  0.05
870  2647.5  0.05
871  2647.5  0.05
872  2647.5  0.05
873  2647.5  0.05
874  2647.5  0.05
875  2647.5  0.05
876  2647.5  0.05
877  2647.5  0.05
878  2647.5  0.05
879  2647.5  0.05
880  2647.5  0.05
881  2647.5  0.05
882  2647.5  0.05
883  2647.5  0.05
884  2647.5  0.05
885  2647.5  0.05
886  2647.5  0.05
887  2647.5  0.05
888  2647.5  0.05
889  2647.5  0.05
890  2647.5  0.05
891  2647.5  0.05
892  2647.5  0.05
893  2647.5  0.05
894  2647.5  0.05
895  2647.5  0.05
896  2647.5  0.05
897  2647.5  0.05
898  2647.5  0.05
899  2647.5  0.05
900  2647.5  0.05
901  2647.5  0.05
902  2647.5  0.05
903  2647.5  0.05
904  2647.5  0.05
905  2647.5  0.05
906  2647.5  0.05
907  2647.5  0.05
908  2647.5  0.05
909  2647.5  0.05
910  2647.5  0.05
911  2647.5  0.05
912  2647.5  0.05
913  2647.5  0.05
914  2647.5  0.05
915  2647.5  0.05
916  2647.5  0.05
917  2647.5  0.05
918  2647.5  0.05
919  2647.5  0.05
920  2647.5  0.05
921  2647.5  0.05
922  2647.5  0.05
923  2647.5  0.05
924  2647.5  0.05
925  2647.5  0.05
926  2647.5  0.05
927  2647.5  0.05
928  2647.5  0.05
929  2647.5  0.05
930  2647.5  0.05
931  2647.5  0.05
932  2647.5  0.05
933  2647.5  0.05
934  2647.5  0.05
935  2647.5  0.05
936  2647.5  0.05
937  2647.5  0.05
938  2647.5  0.05
939  2647.5  0.05
940  2647.5  0.05
941  2647.5  0.05
942  2647.5  0.05
943  2647.5  0.05
944  2647.5  0.05
945  2647.5  0.05
946  2647.5  0.05
947  2647.5  0.05
948  2647.5  0.05
949  2647.5  0.05
950  2647.5  0.05
951  2647.5  0.05
952  2647.5  0.05
953  2647.5  0.05
954  2647.5  0.05
955  2647.5  0.05
956  2647.5  0.05
957  2647.5  0.05
958  2647.5  0.05
959  2647.5  0.05
960  2647.5  0.05
961  2647.5  0.05
962  2647.5  0.05
963  2647.5  0.05
964  2647.5  0.05
965  2647.5  0.05
966  2647.5  0.05
967  2647.5  0.05
968  2647.5  0.05
969  2647.5  0.05
970  2647.5  0.05
971  2647.5  0.05
972  2647.5  0.05
973  2647.5  0.05
974  2647.5  0.05
975  2647.5  0.05
976  2647.5  0.05
977  2647.5  0.05
978  2647.5  0.05
979  2647.5  0.05
980  2647.5  0.05
981  2647.5  0.05
982  2647.5  0.05
983  2647.5  0.05
984  2647.5  0.05
985  2647.5  0.05
986  2647.5  0.05
987  2647.5  0.05
988  2647.5  0.05
989  2647.5  0.05
990  2647.5  0.05
991  2647.5  0.05
992  2647.5  0.05
993  2647.5  0.05
994  2647.5  0.05
995  2647.5  0.05
996  2647.5  0.05
997  2647.5  0.05
998  2647.5  0.05
999  2647.5  0.05
1000  2647.5  0.05
1001  2647.5  0.05
1002  2647.5  0.05
1003  2647.5  0.05
1004  2647.5  0.05
1005  2647.5  0.05
1006  2647.5  0.05
1007  2647.5  0.05
1008  2647.5  0.05
1009  2647.5  0.05
1010  2647.5  0.05
1011  2647.5  0.05
1012  2647.5  0.05
1013  2647.5  0.05
1014  2647.5  0.05
1015  2647.5  0.05
1016  2647.5  0.05
1017  2647.5  0.05
1018  2647.5  0.05
1019  2647.5  0.05
1020  2647.5  0.05
1021  2647.5  0.05
1022  2647.5  0.05
1023  2647.5  0.05
1024  2647.5  0.05
1025  2647.5  0.05
1026  2647.5  0.05
1027  2647.5  0.05
1028  2647.5  0.05
1029  2647.5  0.05
1030  2647.5  0.05
1031  2647.5  0.05
1032  2647.5  0.05
1033  2647.5  0.05
1034  2647.5  0.05
1035  2647.5  0.05
1036  2647.5  0.05
1037  2647.5  0.05
1038  2647.5  0.05
1039  2647.5  0.05
1040  2647.5  0.05
1041  2647.5  0.05
1042  2647.5  0.05
1043  2647.5  0.05
1044  2647.5  0.05
1045  2647.5  0.05
1046  2647.5  0.05
1047  2647.5  0.05
1048  2647.5  0.05
1049  2647.5  0.05
1050  2647.5  0.05
1051  2647.5  0.05
1052  2647.5  0.05
1053  2647.5  0.05
1054  2647.5  0.05
1055  2647.5  0.05
1056  2647.5  0.05
1057  2647.5  0.05
1058  2647.5  0.05
1059  2647.5  0.05
1060  2647.5  0.05
1061  2647.5  0.05
1062  2647.5  0.05
1063  2647.5  0.05
1064  2647.5  0.05
1065  2647.5  0.05
1066  2647.5  0.05
1067  2647.5  0.05
1068  2647.5  0.05
1069  2647.5  0.05
1070  2647.5  0.05
1071  2647.5  0.05
1072  2647.5  0.05
1073  2647.5  0.05
1074  2647.5  0.05
1075  2647.5  0.05
1076  2647.5  0.05
1077  2647.5  0.05
1078  2647.5  0.05
1079  2647.5  0.05
1080  2647.5  0.05
1081  2647.5  0.05
1082  2647.5  0.05
1083  2647.5  0.05
1084  2647.5  0.05
1085  2647.5  0.05
1086  2647.5  0.05
1087  2647.5  0.05
1088  2647.5  0.05
1089  2647.5  0.05
1090  2647.5  0.05
1091  2647.5  0.05
1092  2647.5  0.05
1093  2647.5  0.05
1094  2647.5  0.05
1095  2647.5  0.05
1096  2647.5  0.05
1097  2647.5  0.05
1098  2647.5  0.05
1099  2647.5  0.05
1100  2647.5  0.05
1101  2647.5  0.05
1102  2647.5  0.05
1103  2647.5  0.05
1104  2647.5  0.05
1105  2647.5  0.05
1106  2647.5  0.05
1107  2647.5  0.05
1108  2647.5  0.05
1109  2647.5  0.05
1110  2647.5  0.05
1111  2647.5  0.05
1112  2647.5  0.05
1113  2647.5  0.05
1114  2647.5  0.05
1115  2647.5  0.05
1116  2647.5  0.05
1117  2647.5  0.05
1118  2647.5  0.05
1119  2647.5  0.05
1120  2647.5  0.05
1121  2647.5  0.05
1122  2647.5  0.05
1123  2647.5  0.05
1124  2647.5  0.05
1125  2647.5  0.05
1126  2647.5  0.05
1127  2647.5  0.05
1128  2647.5  0.05
1129  2647.5  0.05
1130  2647.5  0.05
1131  2647.5  0.05
1132  2647.5  0.05
1133  2647.5  0.05
1134  2647.5  0.05
1135  2647.5  0.05
1136  2647.5  0.05
1137  2647.5  0.05
1138  2647.5  0.05
1139  2647.5  0.05
1140  2647.5  0.05
1141  2647.5  0.05
1142  2647.5  0.05
1143  2647.5  0.05
1144  2647.5  0.05
1145  2647.5  0.05
1146  2647.5  0.05
1147  2647.5  0.05
1148  2647.5  0.05
1149  2647.5  0.05
1150  2647.5  0.05
1151  2647.5  0.05
1152  2647.5  0.05
1153  2647.5  0.05
1154  2647.5  0.05
1155  2647.5  0.05
1156  2647.5  0.05
1157  2647.5  0.05
1158  2647.5  0.05
1159  2647.5  0.05
1160  2647.5  0.05
1161  2647.5  0.05
1162  2647.5  0.05
1163  2647.5  0.05
1164  2647.5  0.05
1165  2647.5  0.05
1166  2647.5  0.05
1167  2647.5  0.05
1168  2647.5  0.05
1169  2647.5  0.05
1170  2647.5  0.05
1171  2647.5  0.05
1172  2647.5  0.05
1173  2647.5  0.05
1174  2647.5  0.05
1175  2647.5  0.05
1176  2647.5  0.05
1177  2647.5  0.05
1178  2647.5  0.05
1179  2647.5  0.05
1180  2647.5  0.05
1181  2647.5  0.05
1182  2647.5  0.05
1183  2647.5  0.05
1184  2647.5  0.05
1185  2647.5  0.05
1186  2647.5  0.05
1187  2647.5  0.05
1188  2647.5  0.05
1189  2647.5  0.05
1190  2647.5  0.05
1191  2647.5  0.05
1192  2647.5  0.05
1193  2647.5  0.05
1194  2647.5  0.05
1195  2647.5  0.05
1196  2647.5  0.05
1197  2647.5  0.05
1198  2647.5  0.05
1199  2647.5  0.05
1200  2647.5  0.05
1201  2647.5  0.05
1202  2647.5  0.05
1203  2647.5  0.05
1204  2647.5  0.05
1205  2647.5  0.05
1206  2647.5  0.05
1207  2647.5  0.05
1208  2647.5  0.05
1209  2647.5  0.05
1210  2647.5  0.05
1211  2647.5  0.05
1212  2647.5  0.05
1213  2647.5  0.05
1214  2647.5  0.05
1215  2647.5  0.05
1216  2647.5  0.05
1217  2647.5  0.05
1218  2647.5  0.05
1219  2647.5  0.05
1220  2647.5  0.05
1221  2647.5  0.05
1222  2647.5  0.05
1223  2647.5  0.05
1224  2647.5  0.05
1225  2647.5  0.05
1226  2647.5  0.05
1227  2647.5  0.05
1228  2647.5  0.05
1229  2647.5  0.05
1230  2647.5  0.05
1231  2647.5  0.05
1232  2647.5  0.05
1233  2647.5  0.05
1234  2647.5  0.05
1235  2647.5  0.05
1236  2647.5  0.05
1237  2647.5  0.05
1238  2654.5  0.04
1239  2654.5  0.04
1240  2654.5  0.04
1241  2654.5  0.04
1242  2654.5  0.04
1243  2654.5  0.04
1244  2654.5  0.04
1245  2654.5  0.04
1246  2654.5  0.04
1247  2654.5  0.04
1248  2654.5  0.04
1249  2654.5  0.04
1250  2654.5  0.04
1251  2654.5  0.04
1252  2654.5  0.04
1253  2654.5  0.04
1254  2654.5  0.04
1255  2654.5  0.04
1256  2654.5  0.04
1257  2654.5  0.04
1258  2654.5  0.04
1259  2654.5  0.04
1260  2654.5  0.04
1261  2654.5  0.04
1262  2654.5  0.04
1263  2654.5  0.04
1264  2654.5  0.04
1265  2654.5  0.04
1266  2654.5  0.04
1267  2654.5  0.04
1268  2654.5  0.04
1269  2654.5  0.04
1270  2654.5  0.04
1271  2654.5  0.04
1272  2654.5  0.04
1273  2654.5  0.04
1274  2654.5  0.04
1275  2654.5  0.04
1276  2654.5  0.04
1277  2654.5  0.04
1278  2654.5  0.04
1279  2654.5  0.04
1280  2654.5  0.04
1281  2654.5  0.04
1282  2654.5  0.04
1283  2654.5  0.04
1284  2654.5  0.04
1285  2654.5  0.04
1286  2654.5  0.04
1287  2654.5  0.04
1288  2654.5  0.04
1289  2654.5  0.04
1290  2654.5  0.04
1291  2654.5  0.04
1292  2654.5  0.04
1293  2654.5  0.04
1294  2654.5  0.04
1295  2654.5  0.04
1296  2654.5  0.04
1297  2654.5  0.04
1298  2654.5  0.04
1299  2654.5  0.04
1300  2654.5  0.04
1301  2654.5  0.04
1302  2654.5  0.04
1303  2654.5  0.04
1304  2654.5  0.04
1305  2654.5  0.04
1306  2654.5  0.04
1307  2654.5  0.04
1308  2654.5  0.04
1309  2654.5  0.04
1310  2654.5  0.04
1311  2654.5  0.04
1312  2654.5  0.04
1313  2654.5  0.04
1314  2654.5  0.04
1315  2654.5  0.04
1316  2654.5  0.04
1317  2654.5  0.04
1318  2654.5  0.04
1319  2654.5  0.04
1320  2654.5  0.04
1321  2654.5  0.04
1322  2654.5  0.04
1323  2654.5  0.04
1324  2654.5  0.04
1325  2654.5  0.04
1326  2654.5  0.04
1327  2654.5  0.04
1328  2654.5  0.04
1329  2654.5  0.04
1330  2654.5  0.04
1331  2654.5  0.04
1332  2654.5  0.04
1333  2654.5  0.04
1334  2654.5  0.04
1335  2654.5  0.04
1336  2654.5  0.04
1337  2654.5  0.04
1338  2654.5  0.04
1339  2654.5  0.04
1340  2654.5  0.04
1341  2654.5  0.04
1342  2654.5  0.04
1343  2654.5  0.04
1344  2654.5  0.04
1345  2654.5  0.04
1346  2654.5  0.04
1347  2654.5  0.04
1348  2654.5  0.04
1349  2654.5  0.04
1350  2654.5  0.04
1351  2654.5  0.04
1352  2662.0  0.04
1353  2662.0  0.04
1354  2662.0  0.04
1355  2662.0  0.04
1356  2662.0  0.04
1357  2662.0  0.04
1358  2662.0  0.04
1359  2662.0  0.04
1360  2662.0  0.04
1361  2662.0  0.04
1362  2662.0  0.04
1363  2662.0  0.04
1364  2662.0  0.04
1365  2662.0  0.04
1366  2662.0  0.04
1367  2662.0  0.04
1368  2662.0  0.04
1369  2662.0  0.04
1370  2662.0  0.04
1371  2662.0  0.04
1372  2662.0  0.04
1373  2662.0  0.04
1374  2662.0  0.04
1375  2662.0  0.04
1376  2662.0  0.04
1377  2662.0  0.04
1378  2662.0  0.04
1379  2662.0  0.04
1380  2662.0  0.04
1381  2662.0  0.04
1382  2662.0  0.04
1383  2662.0  0.04
1384  2662.0  0.04
1385  2662.0  0.04
1386  2662.0  0.04
1387  2662.0  0.04
1388  2662.0  0.04
1389  2662.0  0.04
1390  2662.0  0.04
1391  2662.0  0.04
1392  2662.0  0.04
1393  2662.0  0.04
1394  2662.0  0.04
1395  2662.0  0.04
1396  2662.0  0.04
1397  2662.0  0.04
1398  2662.0  0.04
1399  2662.0  0.04
1400  2662.0  0.04
1401  2662.0  0.04
1402  2662.0  0.04
1403  2662.0  0.04
1404  2662.0  0.04
1405  2662.0  0.04
1406  2662.0  0.04
1407  2662.0  0.04
1408  2662.0  0.04
1409  2662.0  0.04
1410  2662.0  0.04
1411  2662.0  0.04
1412  2662.0  0.04
1413  2662.0  0.04
1414  2662.0  0.04
1415  2662.0  0.04
1416  2662.0  0.04
1417  2662.0  0.04
1418  2662.0  0.04
1419  2662.0  0.04
1420  2662.0  0.04
1421  2662.0  0.04
1422  2662.0  0.04
1423  2662.0  0.04
1424  2662.0  0.04
1425  2662.0  0.04
1426  2662.0  0.04
1427  2662.0  0.04
1428  2662.0  0.04
1429  2662.0  0.04
1430  2662.0  0.04
1431  2662.0  0.04
1432  2662.0  0.04
1433  2662.0  0.04
1434  2662.0  0.04
1435  2662.0  0.04
1436  2662.0  0.04
1437  2662.0  0.04
1438  2662.0  0.04
1439  2662.0  0.04
1440  2662.0  0.04
1441  2662.0  0.04
1442  2662.0  0.04
1443  2662.0  0.04
1444  2662.0  0.04
1445  2662.0  0.04
1446  2662.0  0.04
1447  2662.0  0.04
1448  2662.0  0.04
1449  2662.0  0.04
1450  2662.0  0.04
1451  2662.0  0.04
1452  2662.0  0.04
1453  2662.0  0.04
1454  2662.0  0.04
1455  2662.0  0.04
1456  2662.0  0.04
1457  2662.0  0.04
1458  2662.0  0.04
1459  2662.0  0.04
1460  2662.0  0.04
1461  2662.0  0.04
1462  2662.0  0.04
1463  2662.0  0.04
1464  2662.0  0.04
1465  2662.0  0.04
1466  2662.0  0.04
1467  2662.0  0.04
1468  2662.0  0.04
1469  2662.0  0.04
1470  2662.0  0.04
1471  2662.0  0.04
1472  2662.0  0.04
1473  2662.0  0.04
1474  2662.0  0.04
1475  2662.0  0.04
1476  2662.0  0.04
1477  2662.0  0.04
1478  2662.0  0.04
1479  2662.0  0.04
1480  2662.0  0.04
1481  2742.5  0.01
1482  2742.5  0.01
1483  2742.5  0.01
1484  2742.5  0.01
1485  2742.5  0.01
1486  2742.5  0.01
1487  2742.5  0.01
1488  2742.5  0.01
1489  2742.5  0.01
1490  2742.5  0.01
1491  2742.5  0.01
1492  2742.5  0.01
1493  2742.5  0.01
1494  2742.5  0.01
1495  2742.5  0.01
1496  2742.5  0.01
1497  2742.5  0.01
1498  2742.5  0.01
1499  2742.5  0.01
1500  2742.5  0.01
1501  2742.5  0.01
1502  2742.5  0.01
1503  2742.5  0.01
1504  2742.5  0.01
1505  2742.5  0.01
1506  2742.5  0.01
1507  2742.5  0.01
1508  2742.5  0.01
1509  2742.5  0.01
1510  2742.5  0.01
1511  2742.5  0.01
1512  2742.5  0.01
1513  2742.5  0.01
1514  2742.5  0.01
1515  2742.5  0.01
1516  2742.5  0.01
1517  2742.5  0.01
1518  2742.5  0.01
1519  2742.5  0.01
1520  2742.5  0.01
1521  2742.5  0.01
1522  2742.5  0.01
1523  2742.5  0.01
1524  2742.5  0.01
1525  2742.5  0.01
1526  2742.5  0.01
1527  2742.5  0.01
1528  2742.5  0.01
1529  2742.5  0.01
1530  2742.5  0.01
1531  2742.5  0.01
1532  2742.5  0.01
1533  2742.5  0.01
1534  2742.5  0.01
1535  2742.5  0.01
1536  2742.5  0.01
1537  2742.5  0.01
1538  2742.5  0.01
1539  2742.5  0.01
1540  2742.5  0.01
1541  2742.5  0.01
1542  2742.5  0.01
1543  2742.5  0.01
1544  2742.5  0.01
1545  2742.5  0.01
1546  2742.5  0.01
1547  2742.5  0.01
1548  2742.5  0.01
1549  2742.5  0.01
1550  2742.5  0.01
1551  2742.5  0.01
1552  2742.5  0.01
1553  2742.5  0.01
1554  2742.5  0.01
1555  2742.5  0.01
1556  2742.5  0.01
1557  2742.5  0.01
1558  2742.5  0.01
1559  2742.5  0.01
1560  2742.5  0.01
1561  2742.5  0.01
1562  2742.5  0.01
1563  2742.5  0.01
1564  2742.5  0.01
1565  2742.5  0.01
1566  2742.5  0.01
1567  2742.5  0.01
1568  2742.5  0.01
1569  2742.5  0.01
1570  2742.5  0.01
1571  2742.5  0.01
1572  2742.5  0.01
1573  2742.5  0.01
1574  2742.5  0.01
1575  2742.5  0.01
1576  2742.5  0.01
1577  2742.5  0.01
1578  2742.5  0.01
1579  2742.5  0.01
1580  2742.5  0.01
1581  2742.5  0.01
1582  2742.5  0.01
1583  2742.5  0.01
1584  2742.5  0.01
1585  2742.5  0.01
1586  2742.5  0.01
1587  2742.5  0.01
1588  2742.5  0.01
1589  2742.5  0.01
1590  2742.5  0.01
1591  2742.5  0.01
1592  2742.5  0.01
1593  2742.5  0.01
1594  2742.5  0.01
1595  2742.5  0.01
1596  2742.5  0.01
1597  2742.5  0.01
1598  2742.5  0.01
1599  2742.5  0.01
1600  2742.5  0.01
1601  2742.5  0.01
1602  2742.5  0.01
1603  2742.5  0.01
1604  2742.5  0.01
1605  2742.5  0.01
1606  2742.5  0.01
1607  2742.5  0.01
1608  2742.5  0.01
1609  2742.5  0.01
1610  2742.5  0.01
1611  2742.5  0.01
1612  2742.5  0.01
1613  2742.5  0.01
1614  2742.5  0.01
1615  2742.5  0.01
1616  2742.5  0.01
1617  2742.5  0.01
1618  2742.5  0.01
1619  2742.5  0.01
1620  2742.5  0.01
1621  2742.5  0.01
1622  2742.5  0.01
1623  2742.5  0.01
1624  2742.5  0.01
1625  2742.5  0.01
1626  2742.5  0.01
1627  2742.5  0.01
1628  2742.5  0.01
1629  2742.5  0.01
1630  2742.5  0.01
1631  2742.5  0.01
1632  2742.5  0.01
1633  2742.5  0.01
1634  2742.5  0.01
1635  2742.5  0.01
1636  2742.5  0.01
1637  2742.5  0.01
1638  2742.5  0.01
1639  2742.5  0.01
1640  2742.5  0.01
1641  2742.5  0.01
1642  2742.5  0.01
1643  2742.5  0.01
1644  2742.5  0.01
1645  2742.5  0.01
1646  2742.5  0.01
1647  2742.5  0.01
1648  2742.5  0.01
1649  2742.5  0.01
1650  2742.5  0.01
1651  2742.5  0.01
1652  2742.5  0.01
1653  2742.5  0.01
1654  2742.5  0.01
1655  2742.5  0.01
1656  2742.5  0.01
1657  2742.5  0.01
1658  2742.5  0.01
1659  2742.5  0.01
1660  2742.5  0.01
1661  2742.5  0.01
1662  2742.5  0.01
1663  2742.5  0.01
1664  2742.5  0.01
1665  2742.5  0.01
1666  2742.5  0.01
1667  2742.5  0.01
1668  2742.5  0.01
1669  2742.5  0.01
1670  2742.5  0.01
1671  2742.5  0.01
1672  2742.5  0.01
1673  2742.5  0.01
1674  2742.5  0.01
1675  2742.5  0.01
1676  2742.5  0.01
1677  2742.5  0.01
1678  2742.5  0.01
1679  2742.5  0.01
1680  2742.5  0.01
1681  2742.5  0.01
1682  2742.5  0.01
1683  2742.5  0.01
1684  2742.5  0.01
1685  2742.5  0.01
1686  2742.5  0.01
1687  2742.5  0.01
1688  2742.5  0.01
1689  2742.5  0.01
1690  2742.5  0.01
1691  2742.5  0.01
1692  2742.5  0.01
1693  2742.5  0.01
1694  2742.5  0.01
1695  2742.5  0.01
1696  2742.5  0.01
1697  2742.5  0.01
1698  2742.5  0.01
1699  2742.5  0.01
1700  2742.5  0.01
1701  2742.5  0.01
1702  2742.5  0.01
1703  2742.5  0.01
1704  2742.5  0.01
1705  2742.5  0.01
1706  2742.5  0.01
1707  2742.5  0.01
1708  2742.5  0.01
1709  2742.5  0.01
1710  2742.5  0.01
1711  2742.5  0.01
1712  2742.5  0.01
1713  2742.5  0.01
1714  2742.5  0.01
1715  2742.5  0.01
1716  2742.5  0.01
1717  2742.5  0.01
1718  2742.5  0.01
1719  2742.5  0.01
1720  2742.5  0.01
1721  2742.5  0.01
1722  2742.5  0.01
1723  2742.5  0.01
1724  2742.5  0.01
1725  2742.5  0.01
1726  2742.5  0.01
1727  2742.5  0.01
1728  2742.5  0.01
1729  2742.5  0.01
1730  2742.5  0.01
1731  2742.5  0.01
1732  2742.5  0.01
1733  2742.5  0.01
1734  2742.5  0.01
1735  2742.5  0.01
1736  2742.5  0.01
1737  2742.5  0.01
1738  2742.5  0.01
1739  2742.5  0.01
1740  2742.5  0.01
1741  2742.5  0.01
1742  2742.5  0.01
1743  2742.5  0.01
1744  2742.5  0.01
1745  2742.5  0.01
1746  2742.5  0.01
1747  2742.5  0.01
1748  2742.5  0.01
1749  2742.5  0.01
1750  2742.5  0.01
1751  2742.5  0.01
1752  2742.5  0.01
1753  2742.5  0.01
1754  2742.5  0.01
1755  2742.5  0.01
1756  2742.5  0.01
1757  2742.5  0.01
1758  2742.5  0.01
1759  2742.5  0.01
1760  2742.5  0.01
1761  2742.5  0.01
1762  2742.5  0.01
1763  2742.5  0.01
1764  2742.5  0.01
1765  2742.5  0.01
1766  2742.5  0.01
1767  2742.5  0.01
1768  2742.5  0.01
1769  2742.5  0.01
1770  2742.5  0.01
1771  2742.5  0.01
1772  2742.5  0.01
1773  2742.5  0.01
1774  2742.5  0.01
1775  2742.5  0.01
1776  2742.5  0.01
1777  2742.5  0.01
1778  2742.5  0.01
1779  2742.5  0.01
1780  2742.5  0.01
1781  2742.5  0.01
1782  2742.5  0.01
1783  2742.5  0.01
1784  2742.5  0.01
1785  2742.5  0.01
1786  2742.5  0.01
1787  2742.5  0.01
1788  2742.5  0.01
1789  2742.5  0.01
1790  2742.5  0.01
1791  2742.5  0.01
1792  2742.5  0.01
1793  2742.5  0.01
1794  2742.5  0.01
1795  2742.5  0.01
1796  2742.5  0.01
1797  2742.5  0.01
1798  2742.5  0.01
1799  2742.5  0.01
1800  2742.5  0.01
1801  2742.5  0.01
1802  2742.5  0.01
1803  2742.5  0.01
1804  2742.5  0.01
1805  2742.5  0.01
1806  2742.5  0.01
1807  2742.5  0.01
1808  2742.5  0.01
1809  2742.5  0.01
1810  2742.5  0.01
1811  2742.5  0.01
1812  2742.5  0.01
1813  2742.5  0.01
1814  2742.5  0.01
1815  2742.5  0.01
1816  2742.5  0.01
1817  2742.5  0.01
1818  2742.5  0.01
1819  2742.5  0.01
1820  2742.5  0.01
1821  2742.5  0.01
1822  2742.5  0.01
1823  2742.5  0.01
1824  2742.5  0.01
1825  2742.5  0.01
1826  2742.5  0.01
1827  2742.5  0.01
1828  2742.5  0.01
1829  2742.5  0.01
1830  2742.5  0.01
1831  2742.5  0.01
1832  2742.5  0.01
1833  2742.5  0.01
1834  2742.5  0.01
1835  2742.5  0.01
1836  2742.5  0.01
1837  2742.5  0.01
1838  2742.5  0.01
1839  2742.5  0.01
1840  2742.5  0.01
1841  2742.5  0.01
1842  2742.5  0.01
1843  2742.5  0.01
1844  2742.5  0.01
1845  2742.5  0.01
1846  2742.5  0.01
1847  2742.5  0.01
1848  2742.5  0.01
1849  2742.5  0.01
1850  2742.5  0.01
1851  2742.5  0.01
1852  2742.5  0.01
1853  2742.5  0.01
1854  2742.5  0.01
1855  2742.5  0.01
1856  2742.5  0.01
1857  2742.5  0.01
1858  2742.5  0.01
1859  2742.5  0.01
1860  2742.5  0.01
1861  2742.5  0.01
1862  2742.5  0.01
1863  2742.5  0.01
1864  2742.5  0.01
1865  2742.5  0.01
1866  2742.5  0.01
1867  2742.5  0.01
1868  2742.5  0.01
1869  2742.5  0.01
1870  2742.5  0.01
1871  2742.5  0.01
1872  2742.5  0.01
1873  2742.5  0.01
1874  2742.5  0.01
1875  2742.5  0.01
1876  2742.5  0.01
1877  2742.5  0.01
1878  2742.5  0.01
1879  2742.5  0.01
1880  2742.5  0.01
1881  2742.5  0.01
1882  2742.5  0.01
1883  2742.5  0.01
1884  2742.5  0.01
1885  2742.5  0.01
1886  2742.5  0.01
1887  2742.5  0.01
1888  2742.5  0.01
1889  2742.5  0.01
1890  2742.5  0.01
1891  2742.5  0.01
1892  2742.5  0.01
1893  2742.5  0.01
1894  2742.5  0.01
1895  2742.5  0.01
1896  2742.5  0.01
1897  2742.5  0.01
1898  2742.5  0.01
1899  2742.5  0.01
1900  2742.5  0.01
1901  2742.5  0.01
1902  2742.5  0.01
1903  2742.5  0.01
1904  2742.5  0.01
1905  2742.5  0.01
1906  2742.5  0.01
1907  2742.5  0.01
1908  2742.5  0.01
1909  2742.5  0.01
1910  2742.5  0.01
1911  2742.5  0.01
1912  2742.5  0.01
1913  2742.5  0.01
1914  2742.5  0.01
1915  2742.5  0.01
1916  2742.5  0.01
1917  2742.5  0.01
1918  2742.5  0.01
1919  2742.5  0.01
1920  2742.5  0.01
1921  2742.5  0.01
1922  2742.5  0.01
1923  2742.5  0.01
1924  2742.5  0.01
1925  2742.5  0.01
1926  2742.5  0.01
1927  2742.5  0.01
1928  2742.5  0.01
1929  2742.5  0.01
1930  2742.5  0.01
1931  2742.5  0.01
1932  2742.5  0.01
1933  2742.5  0.01
1934  2742.5  0.01
1935  2742.5  0.01
1936  2742.5  0.01
1937  2742.5  0.01
1938  2742.5  0.01
1939  2742.5  0.01
1940  2742.5  0.01
1941  2742.5  0.01
1942  2742.5  0.01
1943  2742.5  0.01
1944  2742.5  0.01
1945  2742.5  0.01
1946  2742.5  0.01
1947  2742.5  0.01
1948  2742.5  0.01
1949  2742.5  0.01
1950  2742.5  0.01
1951  2742.5  0.01
1952  2742.5  0.01
1953  2742.5  0.01
1954  2742.5  0.01
1955  2742.5  0.01
1956  2742.5  0.01
1957  2742.5  0.01
1958  2742.5  0.01
1959  2742.5  0.01
1960  2742.5  0.01
1961  2742.5  0.01
1962  2742.5  0.01
1963  2742.5  0.01
1964  2742.5  0.01
1965  2742.5  0.01
1966  2742.5  0.01
1967  2742.5  0.01
1968  2742.5  0.01
1969  2742.5  0.01
1970  2742.5  0.01
1971  2742.5  0.01
1972  2742.5  0.01
1973  2742.5  0.01
1974  2742.5  0.01
1975  2742.5  0.01
1976  2742.5  0.01
1977  2742.5  0.01
1978  2742.5  0.01
1979  2742.5  0.01
1980  2742.5  0.01
1981  2742.5  0.01
1982  2742.5  0.01
1983  2742.5  0.01
1984  2742.5  0.01
1985  2742.5  0.01
1986  2742.5  0.01
1987  2742.5  0.01
1988  2742.5  0.01
1989  2742.5  0.01
1990  2742.5  0.01
1991  2742.5  0.01
1992  2742.5  0.01
1993  2742.5  0.01
1994  2742.5  0.01
1995  2742.5  0.01
1996  2742.5  0.01
1997  2742.5  0.01
1998  2742.5  0.01
1999  2742.5  0.01
2000  2742.5  0.01
2001  2742.5  0.01
2002  2742.5  0.01
2003  2742.5  0.01
2004  2742.5  0.01
2005  2742.5  0.01
2006  2742.5  0.01
2007  2742.5  0.01
2008  2742.5  0.01
2009  2742.5  0.01
2010  2742.5  0.01
2011  2742.5  0.01
2012  2742.5  0.01
2013  2742.5  0.01
2014  2742.5  0.01
2015  2742.5  0.01
2016  2742.5  0.01
2017  2742.5  0.01
2018  2742.5  0.01
2019  2742.5  0.01
2020  2742.5  0.01
2021  2742.5  0.01
2022  2742.5  0.01
2023  2742.5  0.01
2024  2742.5  0.01
2025  2742.5  0.01
2026  2742.5  0.01
2027  2742.5  0.01
2028  2742.5  0.01
2029  2742.5  0.01
2030  2742.5  0.01
2031  2742.5  0.01
2032  2742.5  0.01
2033  2742.5  0.01
2034  2742.5  0.01
2035  2742.5  0.01
2036  2742.5  0.01
2037  2742.5  0.01
2038  2742.5  0.01
2039  2742.5  0.01
2040  2742.5  0.01
2041  2742.5  0.01
2042  2742.5  0.01
2043  2742.5  0.01
2044  2742.5  0.01
2045  2742.5  0.01
2046  2742.5  0.01
2047  2742.5  0.01
2048  2742.5  0.01
2049  2742.5  0.01
2050  2742.5  0.01
2051  2742.5  0.01
2052  2742.5  0.01
2053  2742.5  0.01
2054  2742.5  0.01
2055  2742.5  0.01
2056  2742.5  0.01
2057  2742.5  0.01
2058  2742.5  0.01
2059  2742.5  0.01
2060  2742.5  0.01
2061  2742.5  0.01
2062  2742.5  0.01
2063  2742.5  0.01
2064  2742.5  0.01
2065  2742.5  0.01
2066  2742.5  0.01
2067  2742.5  0.01
2068  2742.5  0.01
2069  2742.5  0.01
2070  2742.5  0.01
2071  2742.5  0.01
2072  2742.5  0.01
2073  2742.5  0.01
2074  2742.5  0.01
2075  2742.5  0.01
2076  2742.5  0.01
2077  2742.5  0.01
2078  2742.5  0.01
2079  2742.5  0.01
2080  2742.5  0.01
2081  2742.5  0.01
2082  2742.5  0.01
2083  2742.5  0.01
2084  2742.5  0.01
2085  2742.5  0.01
2086  2742.5  0.01
2087  2742.5  0.01
2088  2742.5  0.01
2089  2742.5  0.01
2090  2742.5  0.01
2091  2742.5  0.01
2092  2742.5  0.01
2093  2742.5  0.01
2094  2742.5  0.01
2095  2742.5  0.01
2096  2742.5  0.01
2097  2742.5  0.01
2098  2742.5  0.01
2099  2742.5  0.01
2100  2742.5  0.01
2101  2742.5  0.01
2102  2742.5  0.01
2103  2742.5  0.01
2104  2742.5  0.01
2105  2742.5  0.01
2106  2742.5  0.01
2107  2742.5  0.01
2108  2742.5  0.01
2109  2742.5  0.01
2110  2742.5  0.01
2111  2742.5  0.01
2112  2742.5  0.01
2113  2742.5  0.01
2114  2742.5  0.01
2115  2742.5  0.01
2116  2742.5  0.01
2117  2742.5  0.01
2118  2742.5  0.01
2119  2742.5  0.01
2120  2742.5  0.01
2121  2742.5  0.01
2122  2742.5  0.01
2123  2742.5  0.01
2124  2742.5  0.01
2125  2742.5  0.01
2126  2742.5  0.01
2127  2742.5  0.01
2128  2742.5  0.01
2129  2742.5  0.01
2130  2742.5  0.01
2131  2742.5  0.01
2132  2742.5  0.01
2133  2742.5  0.01
2134  2742.5  0.01
2135  2742.5  0.01
2136  2742.5  0.01
2137  2742.5  0.01
2138  2742.5  0.01
2139  2742.5  0.01
2140  2742.5  0.01
2141  2742.5  0.01
2142  2742.5  0.01
2143  2742.5  0.01
2144  2742.5  0.01
2145  2742.5  0.01
2146  2742.5  0.01
2147  2742.5  0.01
2148  2742.5  0.01
2149  2742.5  0.01
2150  2742.5  0.01
2151  2742.5  0.01
2152  2742.5  0.01
2153  2742.5  0.01
2154  2742.5  0.01
2155  2742.5  0.01
2156  2742.5  0.01
2157  2742.5  0.01
2158  2742.5  0.01
2159  2742.5  0.01
2160  2742.5  0.01
2161  2742.5  0.01
2162  2742.5  0.01
2163  2742.5  0.01
2164  2742.5  0.01
2165  2742.5  0.01
2166  2742.5  0.01
2167  2742.5  0.01
2168  2742.5  0.01
2169  2742.5  0.01
2170  2742.5  0.01
2171  2742.5  0.01
2172  2742.5  0.01
2173  2742.5  0.01
2174  2742.5  0.01
2175  2742.5  0.01
2176  2742.5  0.01
2177  2742.5  0.01
2178  2742.5  0.01
2179  2742.5  0.01
2180  2742.5  0.01
2181  2742.5  0.01
2182  2742.5  0.01
2183  2742.5  0.01
2184  2742.5  0.01
2185  2742.5  0.01
2186  2742.5  0.01
2187  2742.5  0.01
2188  2742.5  0.01
2189  2742.5  0.01
2190  2742.5  0.01
2191  2742.5  0.01
2192  2742.5  0.01
2193  2742.5  0.01
2194  2742.5  0.01
2195  2742.5  0.01
2196  2742.5  0.01
2197  2742.5  0.01
2198  2742.5  0.01
2199  2742.5  0.01
2200  2742.5  0.01
2201  2742.5  0.01
2202  2742.5  0.01
2203  2742.5  0.01
2204  2742.5  0.01
2205  2742.5  0.01
2206  2742.5  0.01
2207  2742.5  0.01
2208  2742.5  0.01
2209  2742.5  0.01
2210  2742.5  0.01
2211  2742.5  0.01
2212  2742.5  0.01
2213  2742.5  0.01
2214  2742.5  0.01
2215  2742.5  0.01
2216  2742.5  0.01
2217  2742.5  0.01
2218  2742.5  0.01
2219  2742.5  0.01
2220  2742.5  0.01
2221  2742.5  0.01
2222  2742.5  0.01
2223  2742.5  0.01
2224  2742.5  0.01
2225  2742.5  0.01
2226  2742.5  0.01
2227  2742.5  0.01
2228  2742.5  0.01
2229  2742.5  0.01
2230  2742.5  0.01
2231  2742.5  0.01
2232  2742.5  0.01
2233  2742.5  0.01
2234  2742.5  0.01
2235  2742.5  0.01
2236  2742.5  0.01
2237  2742.5  0.01
2238  2742.5  0.01
2239  2742.5  0.01
2240  2742.5  0.01
2241  2742.5  0.01
2242  2742.5  0.01
2243  2742.5  0.01
2244  2742.5  0.01
2245  2742.5  0.01
2246  2742.5  0.01
2247  2742.5  0.01
2248  2742.5  0.01
2249  2742.5  0.01
2250  2742.5  0.01
2251  2742.5  0.01
2252  2742.5  0.01
2253  2742.5  0.01
2254  2742.5  0.01
2255  2742.5  0.01
2256  2742.5  0.01
2257  2742.5  0.01
2258  2742.5  0.01
2259  2742.5  0.01
2260  2742.5  0.01
2261  2742.5  0.01
2262  2742.5  0.01
2263  2742.5  0.01
2264  2742.5  0.01
2265  2742.5  0.01
2266  2742.5  0.01
2267  2742.5  0.01
2268  2742.5  0.01
2269  2742.5  0.01
2270  2742.5  0.01
2271  2742.5  0.01
2272  2742.5  0.01
2273  2742.5  0.01
2274  2742.5  0.01
2275  2742.5  0.01
2276  2742.5  0.01
2277  2742.5  0.01
2278  2742.5  0.01
2279  2742.5  0.01
2280  2742.5  0.01
2281  2742.5  0.01
2282  2742.5  0.01
2283  2742.5  0.01
2284  2742.5  0.01
2285  2742.5  0.01
2286  2742.5  0.01
2287  2742.5  0.01
2288  2742.5  0.01
2289  2742.5  0.01
2290  2742.5  0.01
2291  2742.5  0.01
2292  2742.5  0.01
2293  2742.5  0.01
2294  2742.5  0.01
2295  2742.5  0.01
2296  2742.5  0.01
2297  2742.5  0.01
2298  2742.5  0.01
2299  2742.5  0.01
2300  2742.5  0.01
2301  2742.5  0.01
2302  2742.5  0.01
2303  2742.5  0.01
2304  2742.5  0.01
2305  2742.5  0.01
2306  2742.5  0.01
2307  2742.5  0.01
2308  2742.5  0.01
2309  2742.5  0.01
2310  2742.5  0.01
2311  2742.5  0.01
2312  2742.5  0.01
2313  2742.5  0.01
2314  2742.5  0.01
2315  2742.5  0.01
2316  2742.5  0.01
2317  2742.5  0.01
2318  2742.5  0.01
2319  2742.5  0.01
2320  2742.5  0.01
2321  2742.5  0.01
2322  2742.5  0.01
2323  2742.5  0.01
2324  2742.5  0.01
2325  2742.5  0.01
2326  2742.5  0.01
2327  2742.5  0.01
2328  2742.5  0.01
2329  2742.5  0.01
2330  2742.5  0.01
2331  2742.5  0.01
2332  2742.5  0.01
2333  2742.5  0.01
2334  2742.5  0.01
2335  2742.5  0.01
2336  2742.5  0.01
2337  2742.5  0.01
2338  2742.5  0.01
2339  2742.5  0.01
2340  2742.5  0.01
2341  2742.5  0.01
2342  2742.5  0.01
2343  2742.5  0.01
2344  2742.5  0.01
2345  2742.5  0.01
2346  2742.5  0.01
2347  2742.5  0.01
2348  2742.5  0.01
2349  2742.5  0.01
2350  2742.5  0.01
2351  2742.5  0.01
2352  2742.5  0.01
2353  2742.5  0.01
2354  2742.5  0.01
2355  2742.5  0.01
2356  2742.5  0.01
2357  2742.5  0.01
2358  2742.5  0.01
2359  2742.5  0.01
2360  2742.5  0.01
2361  2742.5  0.01
2362  2742.5  0.01
2363  2742.5  0.01
2364  2742.5  0.01
2365  2742.5  0.01
2366  2742.5  0.01
2367  2742.5  0.01
2368  2742.5  0.01
2369  2742.5  0.01
2370  2742.5  0.01
2371  2742.5  0.01
2372  2742.5  0.01
2373  2742.5  0.01
2374  2742.5  0.01
2375  2742.5  0.01
2376  2742.5  0.01
2377  2742.5  0.01
2378  2742.5  0.01
2379  2742.5  0.01
2380  2742.5  0.01
2381  2742.5  0.01
2382  2742.5  0.01
2383  2742.5  0.01
2384  2742.5  0.01
2385  2742.5  0.01
2386  2742.5  0.01
2387  2742.5  0.01
2388  2742.5  0.01
2389  2742.5  0.01
2390  2742.5  0.01
2391  2742.5  0.01
2392  2742.5  0.01
2393  2742.5  0.01
2394  2742.5  0.01
2395  2742.5  0.01
2396  2742.5  0.01
2397  2742.5  0.01
2398  2742.5  0.01
2399  2742.5  0.01
2400  2742.5  0.01
2401  2742.5  0.01
2402  2742.5  0.01
2403  2742.5  0.01
2404  2742.5  0.01
2405  2742.5  0.01
2406  2742.5  0.01
2407  2742.5  0.01
2408  2742.5  0.01
2409  2742.5  0.01
2410  2742.5  0.01
2411  2742.5  0.01
2412  2742.5  0.01
2413  2742.5  0.01
2414  2742.5  0.01
2415  2742.5  0.01
2416  2742.5  0.01
2417  2742.5  0.01
2418  2742.5  0.01
2419  2742.5  0.01
2420  2742.5  0.01
2421  2742.5  0.01
2422  2742.5  0.01
2423  2742.5  0.01
2424  2742.5  0.01
2425  2742.5  0.01
2426  2742.5  0.01
2427  2742.5  0.01
2428  2742.5  0.01
2429  2742.5  0.01
2430  2742.5  0.01
2431  2742.5  0.01
2432  2742.5  0.01
2433  2742.5  0.01
2434  2742.5  0.01
2435  2742.5  0.01
2436  2742.5  0.01
2437  2742.5  0.01
2438  2742.5  0.01
2439  2742.5  0.01
2440  2742.5  0.01
2441  2742.5  0.01
2442  2742.5  0.01
2443  2742.5  0.01
2444  2742.5  0.01
2445  2742.5  0.01
2446  2742.5  0.01
2447  2742.5  0.01
2448  2742.5  0.01
2449  2742.5  0.01
2450  2742.5  0.01
2451  2742.5  0.01
2452  2742.5  0.01
2453  2742.5  0.01
2454  2742.5  0.01
2455  2742.5  0.01
2456  2742.5  0.01
2457  2742.5  0.01
2458  2742.5  0.01
2459  2742.5  0.01
2460  2742.5  0.01
2461  2742.5  0.01
2462  2742.5  0.01
2463  2742.5  0.01
2464  2742.5  0.01
2465  2742.5  0.01
2466  2742.5  0.01
2467  2742.5  0.01
2468  2742.5  0.01
2469  2742.5  0.01
2470  2742.5  0.01
2471  2742.5  0.01
2472  2742.5  0.01
2473  2742.5  0.01
2474  2742.5  0.01
2475  2742.5  0.01
2476  2742.5  0.01
2477  2742.5  0.01
2478  2742.5  0.01
2479  2742.5  0.01
2480  2742.5  0.01
2481  2742.5  0.01
2482  2742.5  0.01
2483  2742.5  0.01
2484  2742.5  0.01
2485  2742.5  0.01
2486  2742.5  0.01
2487  2742.5  0.01
2488  2742.5  0.01
2489  2742.5  0.01
2490  2742.5  0.01
2491  2742.5  0.01
2492  2742.5  0.01
2493  2742.5  0.01
2494  2742.5  0.01
2495  2742.5  0.01
2496  2742.5  0.01
2497  2742.5  0.01
2498  2742.5  0.01
2499  2742.5  0.01
2500  2742.5  0.01
2501  2742.5  0.01
2502  2742.5  0.01
2503  2742.5  0.01
2504  2742.5  0.01
2505  2742.5  0.01
2506  2742.5  0.01
2507  2742.5  0.01
2508  2742.5  0.01
2509  2742.5  0.01
2510  2742.5  0.01
2511  2742.5  0.01
2512  2742.5  0.01
2513  2742.5  0.01
2514  2742.5  0.01
2515  2742.5  0.01
2516  2742.5  0.01
2517  2742.5  0.01
2518  2742.5  0.01
2519  2742.5  0.01
2520  2742.5  0.01
2521  2742.5  0.01
2522  2742.5  0.01
2523  2742.5  0.01
2524  2742.5  0.01
2525  2742.5  0.01
2526  2742.5  0.01
2527  2742.5  0.01
2528  2742.5  0.01
2529  2742.5  0.01
2530  2742.5  0.01
2531  2742.5  0.01
2532  2742.5  0.01
2533  2742.5  0.01
2534  2742.5  0.01
2535  2742.5  0.01
2536  2742.5  0.01
2537  2742.5  0.01
2538  2742.5  0.01
2539  2742.5  0.01
2540  2742.5  0.01
2541  2742.5  0.01
2542  2742.5  0.01
2543  2742.5  0.01
2544  2742.5  0.01
2545  2742.5  0.01
2546  2742.5  0.01
2547  2742.5  0.01
2548  2742.5  0.01
2549  2742.5  0.01
2550  2742.5  0.01
2551  2742.5  0.01
2552  2742.5  0.01
2553  2742.5  0.01
2554  2742.5  0.01
2555  2742.5  0.01
2556  2742.5  0.01
2557  2742.5  0.01
2558  2742.5  0.01
2559  2742.5  0.01
2560  2742.5  0.01
2561  2742.5  0.01
2562  2742.5  0.01
2563  2742.5  0.01
2564  2742.5  0.01
2565  2742.5  0.01
2566  2742.5  0.01
2567  2742.5  0.01
2568  2742.5  0.01
2569  2742.5  0.01
2570  2742.5  0.01
2571  2742.5  0.01
2572  2742.5  0.01
2573  2742.5  0.01
2574  2742.5  0.01
2575  2742.5  0.01
2576  2742.5  0.01
2577  2742.5  0.01
2578  2742.5  0.01
2579  2742.5  0.01
2580  2742.5  0.01
2581  2742.5  0.01
2582  2742.5  0.01
2583  2742.5  0.01
2584  2742.5  0.01
2585  2742.5  0.01
2586  2742.5  0.01
2587  2742.5  0.01
2588  2742.5  0.01
2589  2742.5  0.01
2590  2742.5  0.01
2591  2742.5  0.01
2592  2742.5  0.01
2593  2742.5  0.01
2594  2742.5  0.01
2595  2742.5  0.01
2596  2742.5  0.01
2597  2742.5  0.01
2598  2742.5  0.01
2599  2742.5  0.01
2600  2742.5  0.01
2601  2742.5  0.01
2602  2742.5  0.01
2603  2742.5  0.01
2604  2742.5  0.01
2605  2742.5  0.01
2606  2742.5  0.01
2607  2742.5  0.01
2608  2742.5  0.01
2609  2742.5  0.01
2610  2742.5  0.01
2611  2742.5  0.01
2612  2742.5  0.01
2613  2742.5  0.01
2614  2742.5  0.01
2615  2742.5  0.01
2616  2742.5  0.01
2617  2742.5  0.01
2618  2742.5  0.01
2619  2742.5  0.01
2620  2742.5  0.01
2621  2742.5  0.01
2622  2742.5  0.01
2623  2742.5  0.01
2624  2742.5  0.01
2625  2742.5  0.01
2626  2742.5  0.01
2627  2742.5  0.01
2628  2742.5  0.01
2629  2742.5  0.01
2630  2742.5  0.01
2631  2742.5  0.01
2632  2742.5  0.01
2633  2742.5  0.01
2634  2742.5  0.01
2635  2742.5  0.01
2636  2742.5  0.01
2637  2742.5  0.01
2638  2742.5  0.01
2639  2742.5  0.01
2640  2742.5  0.01
2641  2742.5  0.01
2642  2742.5  0.01
2643  2742.5  0.01
2644  2742.5  0.01
2645  2742.5  0.01
2646  2742.5  0.01
2647  2742.5  0.01
2648  2742.5  0.01
2649  2742.5  0.01
2650  2742.5  0.01
2651  2742.5  0.01
2652  2742.5  0.01
2653  2742.5  0.01
2654  2742.5  0.01
2655  2742.5  0.01
2656  2742.5  0.01
2657  2742.5  0.01
2658  2742.5  0.01
2659  2742.5  0.01
2660  2742.5  0.01
2661  2742.5  0.01
2662  2742.5  0.01
2663  2742.5  0.01
2664  2742.5  0.01
2665  2742.5  0.01
2666  2742.5  0.01
2667  2742.5  0.01
2668  2742.5  0.01
2669  2742.5  0.01
2670  2742.5  0.01
2671  2742.5  0.01
2672  2742.5  0.01
2673  2742.5  0.01
2674  2742.5  0.01
2675  2742.5  0.01
2676  2742.5  0.01
2677  2742.5  0.01
2678  2742.5  0.01
2679  2742.5  0.01
2680  2742.5  0.01
2681  2742.5  0.01
2682  2742.5  0.01
2683  2742.5  0.01
2684  2742.5  0.01
2685  2742.5  0.01
2686  2742.5  0.01
2687  2742.5  0.01
2688  2742.5  0.01
2689  2742.5  0.01
2690  2742.5  0.01
2691  2742.5  0.01
2692  2742.5  0.01
2693  2742.5  0.01
2694  2742.5  0.01
2695  2742.5  0.01
2696  2742.5  0.01
2697  2742.5  0.01
2698  2742.5  0.01
2699  2742.5  0.01
2700  2742.5  0.01
2701  2742.5  0.01
2702  2742.5  0.01
2703  2742.5  0.01
2704  2742.5  0.01
2705  2742.5  0.01
2706  2742.5  0.01
2707  2742.5  0.01
2708  2742.5  0.01
2709  2742.5  0.01
2710  2742.5  0.01
2711  2742.5  0.01
2712  2742.5  0.01
2713  2742.5  0.01
2714  2742.5  0.01
2715  2742.5  0.01
2716  2742.5  0.01
2717  2742.5  0.01
2718  2742.5  0.01
2719  2742.5  0.01
2720  2742.5  0.01
2721  2742.5  0.01
2722  2742.5  0.01
2723  2742.5  0.01
2724  2742.5  0.01
2725  2742.5  0.01
2726  2742.5  0.01
2727  2742.5  0.01
2728  2742.5  0.01
2729  2742.5  0.01
2730  2742.5  0.01
2731  2742.5  0.01
2732  2742.5  0.01
2733  2742.5  0.01
2734  2742.5  0.01
2735  2742.5  0.01
2736  2742.5  0.01
2737  2742.5  0.01
2738  2742.5  0.01
2739  2742.5  0.01
2740  2742.5  0.01
2741  2742.5  0.01
2742  2742.5  0.01
2743  2742.5  0.01
2744  2742.5  0.01
2745  2742.5  0.01
2746  2742.5  0.01
2747  2742.5  0.01
2748  2742.5  0.01
2749  2742.5  0.01
2750  2742.5  0.01
2751  2742.5  0.01
2752  2742.5  0.01
2753  2742.5  0.01
2754  2742.5  0.01
2755  2742.5  0.01
2756  2742.5  0.01
2757  2742.5  0.01
2758  2742.5  0.01
2759  2742.5  0.01
2760  2742.5  0.01
2761  2742.5  0.01
2762  2742.5  0.01
2763  2742.5  0.01
2764  2742.5  0.01
2765  2742.5  0.01
2766  2742.5  0.01
2767  2742.5  0.01
2768  2742.5  0.01
2769  2742.5  0.01
2770  2742.5  0.01
2771  2742.5  0.01
2772  2742.5  0.01
2773  2742.5  0.01
2774  2742.5  0.01
2775  2742.5  0.01
2776  2742.5  0.01
2777  2742.5  0.01
2778  2742.5  0.01
2779  2742.5  0.01
2780  2742.5  0.01
2781  2742.5  0.01
2782  2742.5  0.01
2783  2742.5  0.01
2784  2742.5  0.01
2785  2742.5  0.01
2786  2742.5  0.01
2787  2742.5  0.01
2788  2742.5  0.01
2789  2742.5  0.01
2790  2742.5  0.01
2791  2742.5  0.01
2792  2742.5  0.01
2793  2742.5  0.01
2794  2742.5  0.01
2795  2742.5  0.01
2796  2742.5  0.01
2797  2742.5  0.01
2798  2742.5  0.01
2799  2742.5  0.01
2800  2742.5  0.01
2801  2742.5  0.01
2802  2742.5  0.01
2803  2742.5  0.01
2804  2742.5  0.01
2805  2742.5  0.01
2806  2742.5  0.01
2807  2742.5  0.01
2808  2742.5  0.01
2809  2742.5  0.01
2810  2742.5  0.01
2811  2742.5  0.01
2812  2742.5  0.01
2813  2742.5  0.01
2814  2742.5  0.01
2815  2742.5  0.01
2816  2742.5  0.01
2817  2742.5  0.01
2818  2742.5  0.01
2819  2742.5  0.01
2820  2742.5  0.01
2821  2742.5  0.01
2822  2742.5  0.01
2823  2742.5  0.01
2824  2742.5  0.01
2825  2742.5  0.01
2826  2742.5  0.01
2827  2742.5  0.01
2828  2742.5  0.01
2829  2742.5  0.01
2830  2742.5  0.01
2831  2742.5  0.01
2832  2742.5  0.01
2833  2742.5  0.01
2834  2742.5  0.01
2835  2742.5  0.01
2836  2742.5  0.01
2837  2742.5  0.01
2838  2742.5  0.01
2839  2742.5  0.01
2840  2742.5  0.01
2841  2742.5  0.01
2842  2742.5  0.01
2843  2742.5  0.01
2844  2742.5  0.01
2845  2742.5  0.01
2846  2742.5  0.01
2847  2742.5  0.01
2848  2742.5  0.01
2849  2742.5  0.01
2850  2742.5  0.01
2851  2742.5  0.01
2852  2742.5  0.01
2853  2742.5  0.01
2854  2742.5  0.01
2855  2742.5  0.01
2856  2742.5  0.01
2857  2742.5  0.01
2858  2742.5  0.01
2859  2742.5  0.01
2860  2742.5  0.01
2861  2742.5  0.01
2862  2742.5  0.01
2863  2742.5  0.01
2864  2742.5  0.01
2865  2742.5  0.01
2866  2742.5  0.01
2867  2742.5  0.01
2868  2742.5  0.01
2869  2742.5  0.01
2870  2742.5  0.01
2871  2742.5  0.01
2872  2742.5  0.01
2873  2742.5  0.01
2874  2742.5  0.01
2875  2742.5  0.01
2876  2742.5  0.01
2877  2742.5  0.01
2878  2742.5  0.01
2879  2742.5  0.01
2880  2742.5  0.01
2881  2742.5  0.01
2882  2742.5  0.01
2883  2742.5  0.01
2884  2742.5  0.01
2885  2742.5  0.01
2886  2742.5  0.01
2887  2742.5  0.01
2888  2742.5  0.01
2889  2742.5  0.01
2890  2742.5  0.01
2891  2742.5  0.01
2892  2742.5  0.01
2893  2742.5  0.01
2894  2742.5  0.01
2895  2742.5  0.01
2896  2742.5  0.01
2897  2742.5  0.01
2898  2742.5  0.01
2899  2742.5  0.01
2900  2742.5  0.01
2901  2742.5  0.01
2902  2742.5  0.01
2903  2742.5  0.01
2904  2742.5  0.01
2905  2742.5  0.01
2906  2742.5  0.01
2907  2742.5  0.01
2908  2742.5  0.01
2909  2742.5  0.01
2910  2742.5  0.01
2911  2742.5  0.01
2912  2742.5  0.01
2913  2742.5  0.01
2914  2742.5  0.01
2915  2742.5  0.01
2916  2742.5  0.01
2917  2742.5  0.01
2918  2742.5  0.01
2919  2742.5  0.01
2920  2742.5  0.01
2921  2742.5  0.01
2922  2742.5  0.01
2923  2742.5  0.01
2924  2742.5  0.01
2925  2742.5  0.01
2926  2742.5  0.01
2927  2742.5  0.01
2928  2742.5  0.01
2929  2742.5  0.01
2930  2742.5  0.01
2931  2742.5  0.01
2932  2742.5  0.01
2933  2742.5  0.01
2934  2742.5  0.01
2935  2742.5  0.01
2936  2742.5  0.01
2937  2742.5  0.01
2938  2742.5  0.01
2939  2742.5  0.01
2940  2742.5  0.01
2941  2742.5  0.01
2942  2742.5  0.01
2943  2742.5  0.01
2944  2742.5  0.01
2945  2742.5  0.01
2946  2742.5  0.01
2947  2742.5  0.01
2948  2742.5  0.01
2949  2742.5  0.01
2950  2742.5  0.01
2951  2742.5  0.01
2952  2742.5  0.01
2953  2742.5  0.01
2954  2742.5  0.01
2955  2742.5  0.01
2956  2742.5  0.01
2957  2742.5  0.01
2958  2742.5  0.01
2959  2742.5  0.01
2960  2742.5  0.01
2961  2742.5  0.01
2962  2742.5  0.01
2963  2742.5  0.01
2964  2742.5  0.01
2965  2742.5  0.01
2966  2742.5  0.01
2967  2742.5  0.01
2968  2742.5  0.01
2969  2742.5  0.01
2970  2742.5  0.01
2971  2742.5  0.01
2972  2742.5  0.01
2973  2742.5  0.01
2974  2742.5  0.01
2975  2742.5  0.01
2976  2742.5  0.01
2977  2742.5  0.01
2978  2742.5  0.01
2979  2742.5  0.01
2980  2742.5  0.01
2981  2742.5  0.01
2982  2742.5  0.01
2983  2742.5  0.01
2984  2742.5  0.01
2985  2742.5  0.01
2986  2742.5  0.01
2987  2742.5  0.01
2988  2742.5  0.01
2989  2742.5  0.01
2990  2742.5  0.01
2991  2742.5  0.01
2992  2742.5  0.01
2993  2742.5  0.01
2994  2742.5  0.01
2995  2742.5  0.01
2996  2742.5  0.01
2997  2742.5  0.01
2998  2742.5  0.01
2999  2742.5  0.01
#[4, 5, 9, 9, 9, 9, 9, 9, 9, 9]
#[4, 9, 9, 9, 9, 9, 9, 9, 9, 9]
#[-7, 3, 8, 9, 9, 9, 9, 9, 9, 9]
#[9, 9, 9, 9, 9, 9, 9, 9, 9, 9]
#[9, 9, 9, 9, 9, 9, 9, 9, 9, 9]
#[7, 9, 9, 9, 9, 9, 9, 9, 9, 9]
#[3, 9, 9, 9, 9, 9, 9, 9, 9, 9]
#[9, 9, 9, 9, 9, 9, 9, 9, 9, 9]
#[2, 9, 9, 9, 9, 9, 9, 9, 9, 9]
#Specialization index= [3, 9, 0.12345679012345678]
