#[9, 6, 8, 2, 9, 9, 7, 6, 0, 3]
#[0, 6, 5, 2, 8, 9, 4, 2, 6, 3]
#[2, 3, 9, 4, 8, 9, 9, 3, 8, 8]
#[6, 4, 4, 9, 5, 8, 4, 7, 2, 3]
#[3, 9, 7, 8, 5, 5, 4, 2, 6, 3]
#[5, 7, 6, 5, 5, 8, 9, 2, 7, 8]
#[5, 0, 2, 6, 6, 9, 7, 4, 6, 2]
#[4, 5, 5, 7, 6, 5, 4, 4, 0, 7]
#[3, 0, 4, 5, 6, 9, 9, 8, 5, 5]
0  2021.0  0.16
1  2021.0  0.16
2  2021.0  0.16
3  2021.0  0.16
4  2315.0  0.07
5  2324.0  0.08
6  2324.0  0.08
7  2324.0  0.08
8  2324.0  0.08
9  2324.0  0.08
10  2408.0  0.11
11  2408.0  0.11
12  2408.0  0.11
13  2408.0  0.11
14  2408.0  0.11
15  2408.0  0.11
16  2408.0  0.11
17  2408.0  0.11
18  2408.0  0.11
19  2408.0  0.11
20  2408.0  0.11
21  2408.0  0.11
22  2408.0  0.11
23  2408.0  0.11
24  2408.0  0.11
25  2408.0  0.11
26  2408.0  0.11
27  2501.0  0.08
28  2501.0  0.08
29  2501.0  0.08
30  2501.0  0.08
31  2501.0  0.08
32  2501.0  0.08
33  2501.0  0.08
34  2501.0  0.08
35  2501.0  0.08
36  2501.0  0.08
37  2501.0  0.08
38  2501.0  0.08
39  2501.0  0.08
40  2501.0  0.08
41  2501.0  0.08
42  2501.0  0.08
43  2501.0  0.08
44  2501.0  0.08
45  2501.0  0.08
46  2501.0  0.08
47  2513.0  0.08
48  2513.0  0.08
49  2513.0  0.08
50  2513.0  0.08
51  2515.0  0.09
52  2515.0  0.09
53  2515.0  0.09
54  2515.0  0.09
55  2515.0  0.09
56  2515.0  0.09
57  2515.0  0.09
58  2515.0  0.09
59  2515.0  0.09
60  2515.0  0.09
61  2515.0  0.09
62  2664.0  0.03
63  2664.0  0.03
64  2664.0  0.03
65  2664.0  0.03
66  2664.0  0.03
67  2664.0  0.03
68  2664.0  0.03
69  2664.0  0.03
70  2664.0  0.03
71  2664.0  0.03
72  2664.0  0.03
73  2664.0  0.03
74  2664.0  0.03
75  2664.0  0.03
76  2664.0  0.03
77  2664.0  0.03
78  2664.0  0.03
79  2664.0  0.03
80  2664.0  0.03
81  2664.0  0.03
82  2664.0  0.03
83  2664.0  0.03
84  2664.0  0.03
85  2664.0  0.03
86  2664.0  0.03
87  2664.0  0.03
88  2664.0  0.03
89  2664.0  0.03
90  2664.0  0.03
91  2664.0  0.03
92  2664.0  0.03
93  2664.0  0.03
94  2664.0  0.03
95  2664.0  0.03
96  2664.0  0.03
97  2664.0  0.03
98  2664.0  0.03
99  2664.0  0.03
100  2664.0  0.03
101  2664.0  0.03
102  2664.0  0.03
103  2664.0  0.03
104  2664.0  0.03
105  2664.0  0.03
106  2664.0  0.03
107  2664.0  0.03
108  2664.0  0.03
109  2664.0  0.03
110  2664.0  0.03
111  2664.0  0.03
112  2664.0  0.03
113  2664.0  0.03
114  2664.0  0.03
115  2664.0  0.03
116  2664.0  0.03
117  2664.0  0.03
118  2664.0  0.03
119  2664.0  0.03
120  2664.0  0.03
121  2664.0  0.03
122  2664.0  0.03
123  2664.0  0.03
124  2664.0  0.03
125  2664.0  0.03
126  2664.0  0.03
127  2664.0  0.03
128  2664.0  0.03
129  2664.0  0.03
130  2664.0  0.03
131  2664.0  0.03
132  2664.0  0.03
133  2664.0  0.03
134  2664.0  0.03
135  2664.0  0.03
136  2664.0  0.03
137  2664.0  0.03
138  2664.0  0.03
139  2664.0  0.03
140  2664.0  0.03
141  2664.0  0.03
142  2664.0  0.03
143  2664.0  0.03
144  2664.0  0.03
145  2664.0  0.03
146  2664.0  0.03
147  2664.0  0.03
148  2664.0  0.03
149  2664.0  0.03
150  2664.0  0.03
151  2664.0  0.03
152  2664.0  0.03
153  2664.0  0.03
154  2664.0  0.03
155  2664.0  0.03
156  2664.0  0.03
157  2664.0  0.03
158  2664.0  0.03
159  2664.0  0.03
160  2664.0  0.03
161  2664.0  0.03
162  2664.0  0.03
163  2664.0  0.03
164  2664.0  0.03
165  2664.0  0.03
166  2664.0  0.03
167  2664.0  0.03
168  2664.0  0.03
169  2664.0  0.03
170  2664.0  0.03
171  2664.0  0.03
172  2664.0  0.03
173  2664.0  0.03
174  2664.0  0.03
175  2664.0  0.03
176  2664.0  0.03
177  2664.0  0.03
178  2664.0  0.03
179  2664.0  0.03
180  2664.0  0.03
181  2664.0  0.03
182  2664.0  0.03
183  2664.0  0.03
184  2664.0  0.03
185  2664.0  0.03
186  2664.0  0.03
187  2664.0  0.03
188  2664.0  0.03
189  2664.0  0.03
190  2664.0  0.03
191  2664.0  0.03
192  2664.0  0.03
193  2664.0  0.03
194  2664.0  0.03
195  2664.0  0.03
196  2664.0  0.03
197  2664.0  0.03
198  2664.0  0.03
199  2664.0  0.03
200  2664.0  0.03
201  2664.0  0.03
202  2664.0  0.03
203  2664.0  0.03
204  2664.0  0.03
205  2664.0  0.03
206  2664.0  0.03
207  2664.0  0.03
208  2664.0  0.03
209  2664.0  0.03
210  2664.0  0.03
211  2664.0  0.03
212  2664.0  0.03
213  2664.0  0.03
214  2664.0  0.03
215  2664.0  0.03
216  2664.0  0.03
217  2664.0  0.03
218  2664.0  0.03
219  2664.0  0.03
220  2664.0  0.03
221  2664.0  0.03
222  2664.0  0.03
223  2664.0  0.03
224  2664.0  0.03
225  2664.0  0.03
226  2664.0  0.03
227  2664.0  0.03
228  2664.0  0.03
229  2664.0  0.03
230  2664.0  0.03
231  2664.0  0.03
232  2664.0  0.03
233  2664.0  0.03
234  2664.0  0.03
235  2664.0  0.03
236  2664.0  0.03
237  2664.0  0.03
238  2664.0  0.03
239  2664.0  0.03
240  2664.0  0.03
241  2664.0  0.03
242  2664.0  0.03
243  2664.0  0.03
244  2664.0  0.03
245  2664.0  0.03
246  2664.0  0.03
247  2664.0  0.03
248  2664.0  0.03
249  2664.0  0.03
250  2664.0  0.03
251  2664.0  0.03
252  2664.0  0.03
253  2664.0  0.03
254  2664.0  0.03
255  2664.0  0.03
256  2664.0  0.03
257  2664.0  0.03
258  2664.0  0.03
259  2664.0  0.03
260  2664.0  0.03
261  2664.0  0.03
262  2664.0  0.03
263  2664.0  0.03
264  2664.0  0.03
265  2664.0  0.03
266  2664.0  0.03
267  2664.0  0.03
268  2664.0  0.03
269  2664.0  0.03
270  2664.0  0.03
271  2664.0  0.03
272  2664.0  0.03
273  2664.0  0.03
274  2664.0  0.03
275  2664.0  0.03
276  2664.0  0.03
277  2664.0  0.03
278  2664.0  0.03
279  2664.0  0.03
280  2664.0  0.03
281  2664.0  0.03
282  2664.0  0.03
283  2664.0  0.03
284  2664.0  0.03
285  2664.0  0.03
286  2664.0  0.03
287  2664.0  0.03
288  2664.0  0.03
289  2664.0  0.03
290  2664.0  0.03
291  2664.0  0.03
292  2664.0  0.03
293  2664.0  0.03
294  2664.0  0.03
295  2664.0  0.03
296  2664.0  0.03
297  2664.0  0.03
298  2664.0  0.03
299  2664.0  0.03
300  2664.0  0.03
301  2664.0  0.03
302  2664.0  0.03
303  2664.0  0.03
304  2664.0  0.03
305  2664.0  0.03
306  2664.0  0.03
307  2664.0  0.03
308  2664.0  0.03
309  2664.0  0.03
310  2664.0  0.03
311  2664.0  0.03
312  2664.0  0.03
313  2664.0  0.03
314  2664.0  0.03
315  2664.0  0.03
316  2664.0  0.03
317  2664.0  0.03
318  2664.0  0.03
319  2664.0  0.03
320  2664.0  0.03
321  2664.0  0.03
322  2664.0  0.03
323  2664.0  0.03
324  2664.0  0.03
325  2664.0  0.03
326  2664.0  0.03
327  2664.0  0.03
328  2664.0  0.03
329  2664.0  0.03
330  2664.0  0.03
331  2664.0  0.03
332  2664.0  0.03
333  2664.0  0.03
334  2664.0  0.03
335  2664.0  0.03
336  2664.0  0.03
337  2664.0  0.03
338  2664.0  0.03
339  2664.0  0.03
340  2664.0  0.03
341  2664.0  0.03
342  2664.0  0.03
343  2664.0  0.03
344  2664.0  0.03
345  2664.0  0.03
346  2664.0  0.03
347  2664.0  0.03
348  2664.0  0.03
349  2664.0  0.03
350  2664.0  0.03
351  2664.0  0.03
352  2664.0  0.03
353  2664.0  0.03
354  2664.0  0.03
355  2664.0  0.03
356  2664.0  0.03
357  2664.0  0.03
358  2664.0  0.03
359  2664.0  0.03
360  2664.0  0.03
361  2664.0  0.03
362  2664.0  0.03
363  2664.0  0.03
364  2664.0  0.03
365  2664.0  0.03
366  2664.0  0.03
367  2664.0  0.03
368  2664.0  0.03
369  2664.0  0.03
370  2664.0  0.03
371  2664.0  0.03
372  2664.0  0.03
373  2664.0  0.03
374  2664.0  0.03
375  2664.0  0.03
376  2664.0  0.03
377  2664.0  0.03
378  2664.0  0.03
379  2664.0  0.03
380  2664.0  0.03
381  2664.0  0.03
382  2664.0  0.03
383  2664.0  0.03
384  2664.0  0.03
385  2664.0  0.03
386  2664.0  0.03
387  2664.0  0.03
388  2664.0  0.03
389  2664.0  0.03
390  2664.0  0.03
391  2664.0  0.03
392  2664.0  0.03
393  2664.0  0.03
394  2664.0  0.03
395  2664.0  0.03
396  2664.0  0.03
397  2664.0  0.03
398  2664.0  0.03
399  2664.0  0.03
400  2664.0  0.03
401  2664.0  0.03
402  2664.0  0.03
403  2664.0  0.03
404  2664.0  0.03
405  2664.0  0.03
406  2664.0  0.03
407  2664.0  0.03
408  2664.0  0.03
409  2664.0  0.03
410  2664.0  0.03
411  2664.0  0.03
412  2664.0  0.03
413  2664.0  0.03
414  2664.0  0.03
415  2664.0  0.03
416  2664.0  0.03
417  2664.0  0.03
418  2664.0  0.03
419  2664.0  0.03
420  2664.0  0.03
421  2664.0  0.03
422  2664.0  0.03
423  2664.0  0.03
424  2664.0  0.03
425  2664.0  0.03
426  2664.0  0.03
427  2664.0  0.03
428  2664.0  0.03
429  2664.0  0.03
430  2664.0  0.03
431  2664.0  0.03
432  2664.0  0.03
433  2664.0  0.03
434  2664.0  0.03
435  2664.0  0.03
436  2664.0  0.03
437  2664.0  0.03
438  2664.0  0.03
439  2664.0  0.03
440  2664.0  0.03
441  2664.0  0.03
442  2664.0  0.03
443  2664.0  0.03
444  2664.0  0.03
445  2664.0  0.03
446  2664.0  0.03
447  2664.0  0.03
448  2664.0  0.03
449  2664.0  0.03
450  2664.0  0.03
451  2664.0  0.03
452  2664.0  0.03
453  2664.0  0.03
454  2664.0  0.03
455  2664.0  0.03
456  2664.0  0.03
457  2664.0  0.03
458  2664.0  0.03
459  2664.0  0.03
460  2664.0  0.03
461  2664.0  0.03
462  2664.0  0.03
463  2664.0  0.03
464  2664.0  0.03
465  2664.0  0.03
466  2664.0  0.03
467  2664.0  0.03
468  2664.0  0.03
469  2664.0  0.03
470  2664.0  0.03
471  2664.0  0.03
472  2664.0  0.03
473  2664.0  0.03
474  2664.0  0.03
475  2664.0  0.03
476  2664.0  0.03
477  2664.0  0.03
478  2664.0  0.03
479  2664.0  0.03
480  2664.0  0.03
481  2664.0  0.03
482  2664.0  0.03
483  2664.0  0.03
484  2664.0  0.03
485  2664.0  0.03
486  2664.0  0.03
487  2664.0  0.03
488  2664.0  0.03
489  2664.0  0.03
490  2664.0  0.03
491  2664.0  0.03
492  2664.0  0.03
493  2664.0  0.03
494  2664.0  0.03
495  2664.0  0.03
496  2664.0  0.03
497  2664.0  0.03
498  2664.0  0.03
499  2664.0  0.03
500  2664.0  0.03
501  2664.0  0.03
502  2664.0  0.03
503  2664.0  0.03
504  2664.0  0.03
505  2664.0  0.03
506  2664.0  0.03
507  2664.0  0.03
508  2664.0  0.03
509  2664.0  0.03
510  2664.0  0.03
511  2664.0  0.03
512  2664.0  0.03
513  2664.0  0.03
514  2664.0  0.03
515  2664.0  0.03
516  2664.0  0.03
517  2664.0  0.03
518  2664.0  0.03
519  2664.0  0.03
520  2664.0  0.03
521  2664.0  0.03
522  2664.0  0.03
523  2664.0  0.03
524  2664.0  0.03
525  2664.0  0.03
526  2664.0  0.03
527  2664.0  0.03
528  2664.0  0.03
529  2664.0  0.03
530  2664.0  0.03
531  2664.0  0.03
532  2664.0  0.03
533  2664.0  0.03
534  2664.0  0.03
535  2664.0  0.03
536  2664.0  0.03
537  2664.0  0.03
538  2664.0  0.03
539  2664.0  0.03
540  2664.0  0.03
541  2664.0  0.03
542  2664.0  0.03
543  2664.0  0.03
544  2664.0  0.03
545  2664.0  0.03
546  2664.0  0.03
547  2664.0  0.03
548  2664.0  0.03
549  2664.0  0.03
550  2664.0  0.03
551  2664.0  0.03
552  2664.0  0.03
553  2664.0  0.03
554  2664.0  0.03
555  2664.0  0.03
556  2664.0  0.03
557  2664.0  0.03
558  2664.0  0.03
559  2681.0  0.04
560  2681.0  0.04
561  2681.0  0.04
562  2681.0  0.04
563  2681.0  0.04
564  2681.0  0.04
565  2681.0  0.04
566  2681.0  0.04
567  2681.0  0.04
568  2681.0  0.04
569  2681.0  0.04
570  2681.0  0.04
571  2681.0  0.04
572  2681.0  0.04
573  2681.0  0.04
574  2681.0  0.04
575  2681.0  0.04
576  2681.0  0.04
577  2681.0  0.04
578  2681.0  0.04
579  2681.0  0.04
580  2681.0  0.04
581  2681.0  0.04
582  2681.0  0.04
583  2681.0  0.04
584  2681.0  0.04
585  2681.0  0.04
586  2681.0  0.04
587  2681.0  0.04
588  2681.0  0.04
589  2681.0  0.04
590  2681.0  0.04
591  2681.0  0.04
592  2681.0  0.04
593  2681.0  0.04
594  2681.0  0.04
595  2681.0  0.04
596  2681.0  0.04
597  2681.0  0.04
598  2681.0  0.04
599  2681.0  0.04
600  2681.0  0.04
601  2681.0  0.04
602  2681.0  0.04
603  2681.0  0.04
604  2681.0  0.04
605  2681.0  0.04
606  2681.0  0.04
607  2681.0  0.04
608  2681.0  0.04
609  2681.0  0.04
610  2681.0  0.04
611  2681.0  0.04
612  2681.0  0.04
613  2681.0  0.04
614  2681.0  0.04
615  2681.0  0.04
616  2681.0  0.04
617  2681.0  0.04
618  2681.0  0.04
619  2681.0  0.04
620  2681.0  0.04
621  2681.0  0.04
622  2681.0  0.04
623  2681.0  0.04
624  2681.0  0.04
625  2681.0  0.04
626  2681.0  0.04
627  2681.0  0.04
628  2681.0  0.04
629  2681.0  0.04
630  2681.0  0.04
631  2681.0  0.04
632  2681.0  0.04
633  2681.0  0.04
634  2681.0  0.04
635  2681.0  0.04
636  2681.0  0.04
637  2681.0  0.04
638  2681.0  0.04
639  2681.0  0.04
640  2681.0  0.04
641  2681.0  0.04
642  2681.0  0.04
643  2681.0  0.04
644  2681.0  0.04
645  2681.0  0.04
646  2681.0  0.04
647  2681.0  0.04
648  2681.0  0.04
649  2681.0  0.04
650  2681.0  0.04
651  2681.0  0.04
652  2681.0  0.04
653  2681.0  0.04
654  2681.0  0.04
655  2681.0  0.04
656  2681.0  0.04
657  2681.0  0.04
658  2681.0  0.04
659  2681.0  0.04
660  2681.0  0.04
661  2681.0  0.04
662  2681.0  0.04
663  2681.0  0.04
664  2681.0  0.04
665  2681.0  0.04
666  2681.0  0.04
667  2681.0  0.04
668  2681.0  0.04
669  2681.0  0.04
670  2681.0  0.04
671  2681.0  0.04
672  2681.0  0.04
673  2681.0  0.04
674  2681.0  0.04
675  2681.0  0.04
676  2681.0  0.04
677  2681.0  0.04
678  2681.0  0.04
679  2681.0  0.04
680  2681.0  0.04
681  2681.0  0.04
682  2681.0  0.04
683  2681.0  0.04
684  2681.0  0.04
685  2681.0  0.04
686  2681.0  0.04
687  2681.0  0.04
688  2681.0  0.04
689  2681.0  0.04
690  2681.0  0.04
691  2681.0  0.04
692  2681.0  0.04
693  2681.0  0.04
694  2681.0  0.04
695  2681.0  0.04
696  2681.0  0.04
697  2681.0  0.04
698  2681.0  0.04
699  2681.0  0.04
700  2681.0  0.04
701  2681.0  0.04
702  2681.0  0.04
703  2681.0  0.04
704  2681.0  0.04
705  2681.0  0.04
706  2681.0  0.04
707  2681.0  0.04
708  2681.0  0.04
709  2681.0  0.04
710  2681.0  0.04
711  2681.0  0.04
712  2681.0  0.04
713  2681.0  0.04
714  2681.0  0.04
715  2681.0  0.04
716  2681.0  0.04
717  2681.0  0.04
718  2681.0  0.04
719  2681.0  0.04
720  2681.0  0.04
721  2681.0  0.04
722  2681.0  0.04
723  2681.0  0.04
724  2681.0  0.04
725  2681.0  0.04
726  2681.0  0.04
727  2681.0  0.04
728  2681.0  0.04
729  2681.0  0.04
730  2681.0  0.04
731  2681.0  0.04
732  2681.0  0.04
733  2681.0  0.04
734  2681.0  0.04
735  2681.0  0.04
736  2681.0  0.04
737  2681.0  0.04
738  2681.0  0.04
739  2681.0  0.04
740  2681.0  0.04
741  2681.0  0.04
742  2681.0  0.04
743  2681.0  0.04
744  2681.0  0.04
745  2681.0  0.04
746  2681.0  0.04
747  2681.0  0.04
748  2681.0  0.04
749  2681.0  0.04
750  2681.0  0.04
751  2681.0  0.04
752  2681.0  0.04
753  2681.0  0.04
754  2681.0  0.04
755  2681.0  0.04
756  2681.0  0.04
757  2681.0  0.04
758  2681.0  0.04
759  2681.0  0.04
760  2681.0  0.04
761  2681.0  0.04
762  2681.0  0.04
763  2681.0  0.04
764  2681.0  0.04
765  2681.0  0.04
766  2681.0  0.04
767  2681.0  0.04
768  2681.0  0.04
769  2681.0  0.04
770  2681.0  0.04
771  2681.0  0.04
772  2681.0  0.04
773  2681.0  0.04
774  2681.0  0.04
775  2681.0  0.04
776  2681.0  0.04
777  2681.0  0.04
778  2681.0  0.04
779  2681.0  0.04
780  2681.0  0.04
781  2681.0  0.04
782  2681.0  0.04
783  2681.0  0.04
784  2681.0  0.04
785  2681.0  0.04
786  2681.0  0.04
787  2681.0  0.04
788  2681.0  0.04
789  2681.0  0.04
790  2681.0  0.04
791  2681.0  0.04
792  2681.0  0.04
793  2681.0  0.04
794  2681.0  0.04
795  2681.0  0.04
796  2681.0  0.04
797  2681.0  0.04
798  2681.0  0.04
799  2681.0  0.04
800  2681.0  0.04
801  2681.0  0.04
802  2681.0  0.04
803  2681.0  0.04
804  2681.0  0.04
805  2681.0  0.04
806  2681.0  0.04
807  2681.0  0.04
808  2681.0  0.04
809  2681.0  0.04
810  2681.0  0.04
811  2681.0  0.04
812  2681.0  0.04
813  2681.0  0.04
814  2681.0  0.04
815  2681.0  0.04
816  2681.0  0.04
817  2681.0  0.04
818  2681.0  0.04
819  2681.0  0.04
820  2681.0  0.04
821  2681.0  0.04
822  2681.0  0.04
823  2681.0  0.04
824  2681.0  0.04
825  2681.0  0.04
826  2681.0  0.04
827  2681.0  0.04
828  2681.0  0.04
829  2681.0  0.04
830  2681.0  0.04
831  2681.0  0.04
832  2681.0  0.04
833  2681.0  0.04
834  2681.0  0.04
835  2681.0  0.04
836  2681.0  0.04
837  2681.0  0.04
838  2681.0  0.04
839  2681.0  0.04
840  2681.0  0.04
841  2681.0  0.04
842  2681.0  0.04
843  2681.0  0.04
844  2681.0  0.04
845  2681.0  0.04
846  2681.0  0.04
847  2681.0  0.04
848  2681.0  0.04
849  2681.0  0.04
850  2681.0  0.04
851  2681.0  0.04
852  2681.0  0.04
853  2681.0  0.04
854  2681.0  0.04
855  2681.0  0.04
856  2681.0  0.04
857  2681.0  0.04
858  2681.0  0.04
859  2681.0  0.04
860  2681.0  0.04
861  2681.0  0.04
862  2681.0  0.04
863  2681.0  0.04
864  2681.0  0.04
865  2681.0  0.04
866  2681.0  0.04
867  2681.0  0.04
868  2681.0  0.04
869  2681.0  0.04
870  2681.0  0.04
871  2681.0  0.04
872  2681.0  0.04
873  2681.0  0.04
874  2681.0  0.04
875  2681.0  0.04
876  2681.0  0.04
877  2681.0  0.04
878  2681.0  0.04
879  2681.0  0.04
880  2681.0  0.04
881  2681.0  0.04
882  2681.0  0.04
883  2681.0  0.04
884  2681.0  0.04
885  2681.0  0.04
886  2681.0  0.04
887  2681.0  0.04
888  2681.0  0.04
889  2681.0  0.04
890  2681.0  0.04
891  2707.0  0.03
892  2707.0  0.03
893  2707.0  0.03
894  2707.0  0.03
895  2707.0  0.03
896  2707.0  0.03
897  2707.0  0.03
898  2707.0  0.03
899  2707.0  0.03
900  2707.0  0.03
901  2707.0  0.03
902  2707.0  0.03
903  2707.0  0.03
904  2707.0  0.03
905  2707.0  0.03
906  2707.0  0.03
907  2707.0  0.03
908  2707.0  0.03
909  2707.0  0.03
910  2707.0  0.03
911  2707.0  0.03
912  2707.0  0.03
913  2707.0  0.03
914  2707.0  0.03
915  2707.0  0.03
916  2707.0  0.03
917  2707.0  0.03
918  2707.0  0.03
919  2707.0  0.03
920  2707.0  0.03
921  2707.0  0.03
922  2707.0  0.03
923  2707.0  0.03
924  2707.0  0.03
925  2707.0  0.03
926  2707.0  0.03
927  2707.0  0.03
928  2707.0  0.03
929  2707.0  0.03
930  2707.0  0.03
931  2707.0  0.03
932  2707.0  0.03
933  2707.0  0.03
934  2707.0  0.03
935  2707.0  0.03
936  2707.0  0.03
937  2707.0  0.03
938  2707.0  0.03
939  2707.0  0.03
940  2707.0  0.03
941  2707.0  0.03
942  2707.0  0.03
943  2707.0  0.03
944  2707.0  0.03
945  2707.0  0.03
946  2707.0  0.03
947  2707.0  0.03
948  2707.0  0.03
949  2707.0  0.03
950  2707.0  0.03
951  2707.0  0.03
952  2707.0  0.03
953  2707.0  0.03
954  2707.0  0.03
955  2707.0  0.03
956  2707.0  0.03
957  2707.0  0.03
958  2707.0  0.03
959  2707.0  0.03
960  2707.0  0.03
961  2707.0  0.03
962  2707.0  0.03
963  2707.0  0.03
964  2707.0  0.03
965  2707.0  0.03
966  2707.0  0.03
967  2707.0  0.03
968  2707.0  0.03
969  2707.0  0.03
970  2707.0  0.03
971  2707.0  0.03
972  2707.0  0.03
973  2707.0  0.03
974  2707.0  0.03
975  2707.0  0.03
976  2707.0  0.03
977  2707.0  0.03
978  2707.0  0.03
979  2707.0  0.03
980  2707.0  0.03
981  2707.0  0.03
982  2707.0  0.03
983  2707.0  0.03
984  2707.0  0.03
985  2707.0  0.03
986  2707.0  0.03
987  2707.0  0.03
988  2707.0  0.03
989  2707.0  0.03
990  2707.0  0.03
991  2707.0  0.03
992  2707.0  0.03
993  2707.0  0.03
994  2707.0  0.03
995  2707.0  0.03
996  2707.0  0.03
997  2707.0  0.03
998  2707.0  0.03
999  2707.0  0.03
1000  2707.0  0.03
1001  2707.0  0.03
1002  2707.0  0.03
1003  2707.0  0.03
1004  2707.0  0.03
1005  2707.0  0.03
1006  2707.0  0.03
1007  2707.0  0.03
1008  2707.0  0.03
1009  2707.0  0.03
1010  2707.0  0.03
1011  2707.0  0.03
1012  2707.0  0.03
1013  2707.0  0.03
1014  2707.0  0.03
1015  2707.0  0.03
1016  2707.0  0.03
1017  2707.0  0.03
1018  2707.0  0.03
1019  2707.0  0.03
1020  2707.0  0.03
1021  2707.0  0.03
1022  2707.0  0.03
1023  2707.0  0.03
1024  2707.0  0.03
1025  2707.0  0.03
1026  2707.0  0.03
1027  2707.0  0.03
1028  2707.0  0.03
1029  2707.0  0.03
1030  2707.0  0.03
1031  2707.0  0.03
1032  2707.0  0.03
1033  2707.0  0.03
1034  2707.0  0.03
1035  2707.0  0.03
1036  2707.0  0.03
1037  2707.0  0.03
1038  2707.0  0.03
1039  2707.0  0.03
1040  2707.0  0.03
1041  2707.0  0.03
1042  2707.0  0.03
1043  2707.0  0.03
1044  2707.0  0.03
1045  2707.0  0.03
1046  2707.0  0.03
1047  2707.0  0.03
1048  2707.0  0.03
1049  2707.0  0.03
1050  2707.0  0.03
1051  2707.0  0.03
1052  2707.0  0.03
1053  2707.0  0.03
1054  2707.0  0.03
1055  2707.0  0.03
1056  2707.0  0.03
1057  2707.0  0.03
1058  2707.0  0.03
1059  2707.0  0.03
1060  2707.0  0.03
1061  2707.0  0.03
1062  2707.0  0.03
1063  2707.0  0.03
1064  2707.0  0.03
1065  2707.0  0.03
1066  2707.0  0.03
1067  2707.0  0.03
1068  2707.0  0.03
1069  2707.0  0.03
1070  2707.0  0.03
1071  2707.0  0.03
1072  2707.0  0.03
1073  2707.0  0.03
1074  2707.0  0.03
1075  2707.0  0.03
1076  2707.0  0.03
1077  2707.0  0.03
1078  2707.0  0.03
1079  2707.0  0.03
1080  2707.0  0.03
1081  2707.0  0.03
1082  2707.0  0.03
1083  2707.0  0.03
1084  2707.0  0.03
1085  2707.0  0.03
1086  2707.0  0.03
1087  2707.0  0.03
1088  2707.0  0.03
1089  2707.0  0.03
1090  2707.0  0.03
1091  2707.0  0.03
1092  2707.0  0.03
1093  2707.0  0.03
1094  2707.0  0.03
1095  2707.0  0.03
1096  2707.0  0.03
1097  2707.0  0.03
1098  2707.0  0.03
1099  2707.0  0.03
1100  2707.0  0.03
1101  2707.0  0.03
1102  2707.0  0.03
1103  2707.0  0.03
1104  2707.0  0.03
1105  2707.0  0.03
1106  2707.0  0.03
1107  2707.0  0.03
1108  2707.0  0.03
1109  2707.0  0.03
1110  2707.0  0.03
1111  2707.0  0.03
1112  2707.0  0.03
1113  2707.0  0.03
1114  2707.0  0.03
1115  2707.0  0.03
1116  2707.0  0.03
1117  2707.0  0.03
1118  2707.0  0.03
1119  2707.0  0.03
1120  2707.0  0.03
1121  2707.0  0.03
1122  2707.0  0.03
1123  2707.0  0.03
1124  2707.0  0.03
1125  2707.0  0.03
1126  2707.0  0.03
1127  2707.0  0.03
1128  2707.0  0.03
1129  2707.0  0.03
1130  2707.0  0.03
1131  2707.0  0.03
1132  2707.0  0.03
1133  2707.0  0.03
1134  2707.0  0.03
1135  2707.0  0.03
1136  2707.0  0.03
1137  2707.0  0.03
1138  2707.0  0.03
1139  2707.0  0.03
1140  2707.0  0.03
1141  2707.0  0.03
1142  2707.0  0.03
1143  2707.0  0.03
1144  2707.0  0.03
1145  2707.0  0.03
1146  2707.0  0.03
1147  2707.0  0.03
1148  2707.0  0.03
1149  2707.0  0.03
1150  2707.0  0.03
1151  2707.0  0.03
1152  2707.0  0.03
1153  2707.0  0.03
1154  2707.0  0.03
1155  2707.0  0.03
1156  2707.0  0.03
1157  2707.0  0.03
1158  2707.0  0.03
1159  2707.0  0.03
1160  2707.0  0.03
1161  2707.0  0.03
1162  2707.0  0.03
1163  2707.0  0.03
1164  2707.0  0.03
1165  2707.0  0.03
1166  2707.0  0.03
1167  2707.0  0.03
1168  2707.0  0.03
1169  2707.0  0.03
1170  2707.0  0.03
1171  2707.0  0.03
1172  2707.0  0.03
1173  2707.0  0.03
1174  2707.0  0.03
1175  2707.0  0.03
1176  2707.0  0.03
1177  2707.0  0.03
1178  2707.0  0.03
1179  2707.0  0.03
1180  2707.0  0.03
1181  2707.0  0.03
1182  2707.0  0.03
1183  2707.0  0.03
1184  2707.0  0.03
1185  2707.0  0.03
1186  2707.0  0.03
1187  2707.0  0.03
1188  2707.0  0.03
1189  2707.0  0.03
1190  2707.0  0.03
1191  2707.0  0.03
1192  2707.0  0.03
1193  2707.0  0.03
1194  2707.0  0.03
1195  2707.0  0.03
1196  2707.0  0.03
1197  2707.0  0.03
1198  2707.0  0.03
1199  2707.0  0.03
1200  2707.0  0.03
1201  2707.0  0.03
1202  2707.0  0.03
1203  2707.0  0.03
1204  2707.0  0.03
1205  2707.0  0.03
1206  2707.0  0.03
1207  2707.0  0.03
1208  2707.0  0.03
1209  2707.0  0.03
1210  2707.0  0.03
1211  2707.0  0.03
1212  2707.0  0.03
1213  2707.0  0.03
1214  2707.0  0.03
1215  2707.0  0.03
1216  2707.0  0.03
1217  2707.0  0.03
1218  2707.0  0.03
1219  2707.0  0.03
1220  2707.0  0.03
1221  2707.0  0.03
1222  2707.0  0.03
1223  2707.0  0.03
1224  2707.0  0.03
1225  2707.0  0.03
1226  2707.0  0.03
1227  2707.0  0.03
1228  2707.0  0.03
1229  2707.0  0.03
1230  2707.0  0.03
1231  2707.0  0.03
1232  2707.0  0.03
1233  2707.0  0.03
1234  2707.0  0.03
1235  2707.0  0.03
1236  2707.0  0.03
1237  2707.0  0.03
1238  2707.0  0.03
1239  2707.0  0.03
1240  2707.0  0.03
1241  2707.0  0.03
1242  2707.0  0.03
1243  2707.0  0.03
1244  2707.0  0.03
1245  2707.0  0.03
1246  2707.0  0.03
1247  2707.0  0.03
1248  2707.0  0.03
1249  2707.0  0.03
1250  2707.0  0.03
1251  2707.0  0.03
1252  2707.0  0.03
1253  2707.0  0.03
1254  2707.0  0.03
1255  2707.0  0.03
1256  2707.0  0.03
1257  2707.0  0.03
1258  2707.0  0.03
1259  2707.0  0.03
1260  2707.0  0.03
1261  2707.0  0.03
1262  2707.0  0.03
1263  2707.0  0.03
1264  2707.0  0.03
1265  2707.0  0.03
1266  2707.0  0.03
1267  2707.0  0.03
1268  2707.0  0.03
1269  2707.0  0.03
1270  2707.0  0.03
1271  2707.0  0.03
1272  2707.0  0.03
1273  2707.0  0.03
1274  2707.0  0.03
1275  2707.0  0.03
1276  2707.0  0.03
1277  2707.0  0.03
1278  2707.0  0.03
1279  2707.0  0.03
1280  2707.0  0.03
1281  2707.0  0.03
1282  2707.0  0.03
1283  2707.0  0.03
1284  2707.0  0.03
1285  2707.0  0.03
1286  2707.0  0.03
1287  2707.0  0.03
1288  2707.0  0.03
1289  2707.0  0.03
1290  2707.0  0.03
1291  2707.0  0.03
1292  2707.0  0.03
1293  2707.0  0.03
1294  2707.0  0.03
1295  2707.0  0.03
1296  2707.0  0.03
1297  2707.0  0.03
1298  2707.0  0.03
1299  2707.0  0.03
1300  2707.0  0.03
1301  2707.0  0.03
1302  2707.0  0.03
1303  2707.0  0.03
1304  2707.0  0.03
1305  2707.0  0.03
1306  2707.0  0.03
1307  2707.0  0.03
1308  2707.0  0.03
1309  2707.0  0.03
1310  2707.0  0.03
1311  2707.0  0.03
1312  2707.0  0.03
1313  2707.0  0.03
1314  2707.0  0.03
1315  2707.0  0.03
1316  2707.0  0.03
1317  2707.0  0.03
1318  2707.0  0.03
1319  2707.0  0.03
1320  2707.0  0.03
1321  2707.0  0.03
1322  2707.0  0.03
1323  2707.0  0.03
1324  2707.0  0.03
1325  2707.0  0.03
1326  2707.0  0.03
1327  2707.0  0.03
1328  2707.0  0.03
1329  2707.0  0.03
1330  2707.0  0.03
1331  2707.0  0.03
1332  2707.0  0.03
1333  2707.0  0.03
1334  2707.0  0.03
1335  2707.0  0.03
1336  2707.0  0.03
1337  2707.0  0.03
1338  2707.0  0.03
1339  2707.0  0.03
1340  2707.0  0.03
1341  2707.0  0.03
1342  2707.0  0.03
1343  2707.0  0.03
1344  2707.0  0.03
1345  2707.0  0.03
1346  2707.0  0.03
1347  2707.0  0.03
1348  2707.0  0.03
1349  2707.0  0.03
1350  2707.0  0.03
1351  2707.0  0.03
1352  2707.0  0.03
1353  2707.0  0.03
1354  2707.0  0.03
1355  2707.0  0.03
1356  2707.0  0.03
1357  2707.0  0.03
1358  2707.0  0.03
1359  2707.0  0.03
1360  2707.0  0.03
1361  2707.0  0.03
1362  2707.0  0.03
1363  2707.0  0.03
1364  2707.0  0.03
1365  2707.0  0.03
1366  2707.0  0.03
1367  2707.0  0.03
1368  2707.0  0.03
1369  2707.0  0.03
1370  2707.0  0.03
1371  2707.0  0.03
1372  2707.0  0.03
1373  2707.0  0.03
1374  2707.0  0.03
1375  2707.0  0.03
1376  2707.0  0.03
1377  2707.0  0.03
1378  2707.0  0.03
1379  2707.0  0.03
1380  2707.0  0.03
1381  2707.0  0.03
1382  2707.0  0.03
1383  2707.0  0.03
1384  2707.0  0.03
1385  2707.0  0.03
1386  2707.0  0.03
1387  2707.0  0.03
1388  2707.0  0.03
1389  2707.0  0.03
1390  2707.0  0.03
1391  2707.0  0.03
1392  2707.0  0.03
1393  2707.0  0.03
1394  2707.0  0.03
1395  2707.0  0.03
1396  2707.0  0.03
1397  2707.0  0.03
1398  2707.0  0.03
1399  2707.0  0.03
1400  2707.0  0.03
1401  2707.0  0.03
1402  2707.0  0.03
1403  2707.0  0.03
1404  2707.0  0.03
1405  2707.0  0.03
1406  2707.0  0.03
1407  2707.0  0.03
1408  2707.0  0.03
1409  2707.0  0.03
1410  2707.0  0.03
1411  2707.0  0.03
1412  2707.0  0.03
1413  2707.0  0.03
1414  2707.0  0.03
1415  2707.0  0.03
1416  2707.0  0.03
1417  2707.0  0.03
1418  2707.0  0.03
1419  2707.0  0.03
1420  2707.0  0.03
1421  2707.0  0.03
1422  2707.0  0.03
1423  2707.0  0.03
1424  2707.0  0.03
1425  2707.0  0.03
1426  2707.0  0.03
1427  2707.0  0.03
1428  2707.0  0.03
1429  2707.0  0.03
1430  2707.0  0.03
1431  2707.0  0.03
1432  2707.0  0.03
1433  2707.0  0.03
1434  2707.0  0.03
1435  2707.0  0.03
1436  2707.0  0.03
1437  2707.0  0.03
1438  2707.0  0.03
1439  2707.0  0.03
1440  2707.0  0.03
1441  2707.0  0.03
1442  2707.0  0.03
1443  2707.0  0.03
1444  2707.0  0.03
1445  2707.0  0.03
1446  2707.0  0.03
1447  2707.0  0.03
1448  2707.0  0.03
1449  2707.0  0.03
1450  2707.0  0.03
1451  2707.0  0.03
1452  2707.0  0.03
1453  2707.0  0.03
1454  2707.0  0.03
1455  2707.0  0.03
1456  2707.0  0.03
1457  2707.0  0.03
1458  2707.0  0.03
1459  2707.0  0.03
1460  2707.0  0.03
1461  2707.0  0.03
1462  2707.0  0.03
1463  2707.0  0.03
1464  2707.0  0.03
1465  2707.0  0.03
1466  2707.0  0.03
1467  2707.0  0.03
1468  2707.0  0.03
1469  2707.0  0.03
1470  2707.0  0.03
1471  2707.0  0.03
1472  2707.0  0.03
1473  2707.0  0.03
1474  2707.0  0.03
1475  2707.0  0.03
1476  2707.0  0.03
1477  2707.0  0.03
1478  2707.0  0.03
1479  2707.0  0.03
1480  2707.0  0.03
1481  2707.0  0.03
1482  2707.0  0.03
1483  2707.0  0.03
1484  2707.0  0.03
1485  2707.0  0.03
1486  2707.0  0.03
1487  2707.0  0.03
1488  2707.0  0.03
1489  2707.0  0.03
1490  2707.0  0.03
1491  2707.0  0.03
1492  2707.0  0.03
1493  2707.0  0.03
1494  2707.0  0.03
1495  2707.0  0.03
1496  2707.0  0.03
1497  2707.0  0.03
1498  2707.0  0.03
1499  2707.0  0.03
1500  2707.0  0.03
1501  2707.0  0.03
1502  2707.0  0.03
1503  2707.0  0.03
1504  2707.0  0.03
1505  2707.0  0.03
1506  2707.0  0.03
1507  2707.0  0.03
1508  2707.0  0.03
1509  2707.0  0.03
1510  2707.0  0.03
1511  2707.0  0.03
1512  2707.0  0.03
1513  2707.0  0.03
1514  2707.0  0.03
1515  2707.0  0.03
1516  2707.0  0.03
1517  2707.0  0.03
1518  2707.0  0.03
1519  2707.0  0.03
1520  2707.0  0.03
1521  2707.0  0.03
1522  2707.0  0.03
1523  2707.0  0.03
1524  2707.0  0.03
1525  2707.0  0.03
1526  2707.0  0.03
1527  2707.0  0.03
1528  2707.0  0.03
1529  2707.0  0.03
1530  2707.0  0.03
1531  2707.0  0.03
1532  2707.0  0.03
1533  2707.0  0.03
1534  2707.0  0.03
1535  2707.0  0.03
1536  2707.0  0.03
1537  2707.0  0.03
1538  2707.0  0.03
1539  2707.0  0.03
1540  2707.0  0.03
1541  2707.0  0.03
1542  2707.0  0.03
1543  2707.0  0.03
1544  2707.0  0.03
1545  2707.0  0.03
1546  2707.0  0.03
1547  2707.0  0.03
1548  2707.0  0.03
1549  2707.0  0.03
1550  2707.0  0.03
1551  2707.0  0.03
1552  2707.0  0.03
1553  2707.0  0.03
1554  2707.0  0.03
1555  2707.0  0.03
1556  2707.0  0.03
1557  2707.0  0.03
1558  2707.0  0.03
1559  2707.0  0.03
1560  2707.0  0.03
1561  2707.0  0.03
1562  2707.0  0.03
1563  2707.0  0.03
1564  2707.0  0.03
1565  2707.0  0.03
1566  2707.0  0.03
1567  2707.0  0.03
1568  2707.0  0.03
1569  2707.0  0.03
1570  2707.0  0.03
1571  2707.0  0.03
1572  2707.0  0.03
1573  2707.0  0.03
1574  2707.0  0.03
1575  2707.0  0.03
1576  2707.0  0.03
1577  2707.0  0.03
1578  2707.0  0.03
1579  2707.0  0.03
1580  2707.0  0.03
1581  2707.0  0.03
1582  2707.0  0.03
1583  2707.0  0.03
1584  2707.0  0.03
1585  2707.0  0.03
1586  2707.0  0.03
1587  2707.0  0.03
1588  2707.0  0.03
1589  2707.0  0.03
1590  2707.0  0.03
1591  2707.0  0.03
1592  2707.0  0.03
1593  2707.0  0.03
1594  2707.0  0.03
1595  2707.0  0.03
1596  2707.0  0.03
1597  2707.0  0.03
1598  2707.0  0.03
1599  2707.0  0.03
1600  2707.0  0.03
1601  2707.0  0.03
1602  2707.0  0.03
1603  2707.0  0.03
1604  2707.0  0.03
1605  2707.0  0.03
1606  2707.0  0.03
1607  2707.0  0.03
1608  2707.0  0.03
1609  2707.0  0.03
1610  2707.0  0.03
1611  2707.0  0.03
1612  2707.0  0.03
1613  2707.0  0.03
1614  2707.0  0.03
1615  2707.0  0.03
1616  2707.0  0.03
1617  2707.0  0.03
1618  2707.0  0.03
1619  2707.0  0.03
1620  2707.0  0.03
1621  2707.0  0.03
1622  2707.0  0.03
1623  2707.0  0.03
1624  2707.0  0.03
1625  2707.0  0.03
1626  2707.0  0.03
1627  2707.0  0.03
1628  2707.0  0.03
1629  2707.0  0.03
1630  2707.0  0.03
1631  2707.0  0.03
1632  2707.0  0.03
1633  2707.0  0.03
1634  2707.0  0.03
1635  2707.0  0.03
1636  2707.0  0.03
1637  2707.0  0.03
1638  2707.0  0.03
1639  2707.0  0.03
1640  2707.0  0.03
1641  2707.0  0.03
1642  2707.0  0.03
1643  2707.0  0.03
1644  2707.0  0.03
1645  2707.0  0.03
1646  2707.0  0.03
1647  2707.0  0.03
1648  2707.0  0.03
1649  2707.0  0.03
1650  2707.0  0.03
1651  2707.0  0.03
1652  2707.0  0.03
1653  2707.0  0.03
1654  2707.0  0.03
1655  2707.0  0.03
1656  2707.0  0.03
1657  2707.0  0.03
1658  2707.0  0.03
1659  2707.0  0.03
1660  2707.0  0.03
1661  2707.0  0.03
1662  2707.0  0.03
1663  2707.0  0.03
1664  2707.0  0.03
1665  2707.0  0.03
1666  2707.0  0.03
1667  2707.0  0.03
1668  2707.0  0.03
1669  2707.0  0.03
1670  2707.0  0.03
1671  2707.0  0.03
1672  2707.0  0.03
1673  2707.0  0.03
1674  2707.0  0.03
1675  2707.0  0.03
1676  2707.0  0.03
1677  2707.0  0.03
1678  2707.0  0.03
1679  2707.0  0.03
1680  2707.0  0.03
1681  2707.0  0.03
1682  2707.0  0.03
1683  2707.0  0.03
1684  2707.0  0.03
1685  2707.0  0.03
1686  2707.0  0.03
1687  2707.0  0.03
1688  2707.0  0.03
1689  2707.0  0.03
1690  2707.0  0.03
1691  2707.0  0.03
1692  2707.0  0.03
1693  2707.0  0.03
1694  2707.0  0.03
1695  2707.0  0.03
1696  2707.0  0.03
1697  2707.0  0.03
1698  2707.0  0.03
1699  2707.0  0.03
1700  2707.0  0.03
1701  2707.0  0.03
1702  2707.0  0.03
1703  2707.0  0.03
1704  2707.0  0.03
1705  2707.0  0.03
1706  2707.0  0.03
1707  2707.0  0.03
1708  2707.0  0.03
1709  2707.0  0.03
1710  2707.0  0.03
1711  2707.0  0.03
1712  2707.0  0.03
1713  2707.0  0.03
1714  2707.0  0.03
1715  2707.0  0.03
1716  2707.0  0.03
1717  2707.0  0.03
1718  2707.0  0.03
1719  2707.0  0.03
1720  2707.0  0.03
1721  2707.0  0.03
1722  2707.0  0.03
1723  2707.0  0.03
1724  2707.0  0.03
1725  2707.0  0.03
1726  2707.0  0.03
1727  2707.0  0.03
1728  2707.0  0.03
1729  2707.0  0.03
1730  2707.0  0.03
1731  2707.0  0.03
1732  2707.0  0.03
1733  2707.0  0.03
1734  2707.0  0.03
1735  2707.0  0.03
1736  2707.0  0.03
1737  2707.0  0.03
1738  2707.0  0.03
1739  2707.0  0.03
1740  2707.0  0.03
1741  2707.0  0.03
1742  2707.0  0.03
1743  2707.0  0.03
1744  2707.0  0.03
1745  2707.0  0.03
1746  2707.0  0.03
1747  2707.0  0.03
1748  2707.0  0.03
1749  2707.0  0.03
1750  2707.0  0.03
1751  2707.0  0.03
1752  2707.0  0.03
1753  2707.0  0.03
1754  2707.0  0.03
1755  2707.0  0.03
1756  2707.0  0.03
1757  2707.0  0.03
1758  2707.0  0.03
1759  2707.0  0.03
1760  2707.0  0.03
1761  2707.0  0.03
1762  2707.0  0.03
1763  2707.0  0.03
1764  2707.0  0.03
1765  2707.0  0.03
1766  2707.0  0.03
1767  2707.0  0.03
1768  2707.0  0.03
1769  2707.0  0.03
1770  2707.0  0.03
1771  2707.0  0.03
1772  2707.0  0.03
1773  2707.0  0.03
1774  2707.0  0.03
1775  2707.0  0.03
1776  2707.0  0.03
1777  2707.0  0.03
1778  2707.0  0.03
1779  2707.0  0.03
1780  2707.0  0.03
1781  2707.0  0.03
1782  2707.0  0.03
1783  2707.0  0.03
1784  2707.0  0.03
1785  2707.0  0.03
1786  2707.0  0.03
1787  2707.0  0.03
1788  2707.0  0.03
1789  2707.0  0.03
1790  2707.0  0.03
1791  2707.0  0.03
1792  2707.0  0.03
1793  2707.0  0.03
1794  2707.0  0.03
1795  2707.0  0.03
1796  2707.0  0.03
1797  2707.0  0.03
1798  2707.0  0.03
1799  2707.0  0.03
1800  2707.0  0.03
1801  2707.0  0.03
1802  2707.0  0.03
1803  2707.0  0.03
1804  2707.0  0.03
1805  2707.0  0.03
1806  2707.0  0.03
1807  2707.0  0.03
1808  2707.0  0.03
1809  2707.0  0.03
1810  2707.0  0.03
1811  2707.0  0.03
1812  2707.0  0.03
1813  2707.0  0.03
1814  2707.0  0.03
1815  2707.0  0.03
1816  2707.0  0.03
1817  2707.0  0.03
1818  2707.0  0.03
1819  2707.0  0.03
1820  2707.0  0.03
1821  2707.0  0.03
1822  2707.0  0.03
1823  2707.0  0.03
1824  2707.0  0.03
1825  2707.0  0.03
1826  2707.0  0.03
1827  2707.0  0.03
1828  2707.0  0.03
1829  2707.0  0.03
1830  2707.0  0.03
1831  2707.0  0.03
1832  2707.0  0.03
1833  2707.0  0.03
1834  2707.0  0.03
1835  2707.0  0.03
1836  2707.0  0.03
1837  2707.0  0.03
1838  2707.0  0.03
1839  2707.0  0.03
1840  2707.0  0.03
1841  2707.0  0.03
1842  2707.0  0.03
1843  2707.0  0.03
1844  2707.0  0.03
1845  2707.0  0.03
1846  2707.0  0.03
1847  2707.0  0.03
1848  2707.0  0.03
1849  2707.0  0.03
1850  2707.0  0.03
1851  2707.0  0.03
1852  2707.0  0.03
1853  2707.0  0.03
1854  2707.0  0.03
1855  2707.0  0.03
1856  2707.0  0.03
1857  2707.0  0.03
1858  2707.0  0.03
1859  2707.0  0.03
1860  2707.0  0.03
1861  2707.0  0.03
1862  2707.0  0.03
1863  2707.0  0.03
1864  2707.0  0.03
1865  2707.0  0.03
1866  2707.0  0.03
1867  2707.0  0.03
1868  2707.0  0.03
1869  2707.0  0.03
1870  2707.0  0.03
1871  2707.0  0.03
1872  2707.0  0.03
1873  2707.0  0.03
1874  2707.0  0.03
1875  2707.0  0.03
1876  2707.0  0.03
1877  2707.0  0.03
1878  2707.0  0.03
1879  2707.0  0.03
1880  2707.0  0.03
1881  2707.0  0.03
1882  2707.0  0.03
1883  2707.0  0.03
1884  2707.0  0.03
1885  2707.0  0.03
1886  2707.0  0.03
1887  2707.0  0.03
1888  2707.0  0.03
1889  2707.0  0.03
1890  2707.0  0.03
1891  2707.0  0.03
1892  2707.0  0.03
1893  2707.0  0.03
1894  2707.0  0.03
1895  2707.0  0.03
1896  2707.0  0.03
1897  2707.0  0.03
1898  2707.0  0.03
1899  2707.0  0.03
1900  2707.0  0.03
1901  2707.0  0.03
1902  2707.0  0.03
1903  2707.0  0.03
1904  2707.0  0.03
1905  2707.0  0.03
1906  2707.0  0.03
1907  2707.0  0.03
1908  2707.0  0.03
1909  2707.0  0.03
1910  2707.0  0.03
1911  2707.0  0.03
1912  2707.0  0.03
1913  2707.0  0.03
1914  2707.0  0.03
1915  2707.0  0.03
1916  2707.0  0.03
1917  2707.0  0.03
1918  2707.0  0.03
1919  2707.0  0.03
1920  2707.0  0.03
1921  2707.0  0.03
1922  2707.0  0.03
1923  2707.0  0.03
1924  2707.0  0.03
1925  2707.0  0.03
1926  2707.0  0.03
1927  2707.0  0.03
1928  2707.0  0.03
1929  2707.0  0.03
1930  2707.0  0.03
1931  2707.0  0.03
1932  2707.0  0.03
1933  2707.0  0.03
1934  2707.0  0.03
1935  2707.0  0.03
1936  2707.0  0.03
1937  2707.0  0.03
1938  2707.0  0.03
1939  2707.0  0.03
1940  2707.0  0.03
1941  2707.0  0.03
1942  2707.0  0.03
1943  2707.0  0.03
1944  2707.0  0.03
1945  2707.0  0.03
1946  2707.0  0.03
1947  2707.0  0.03
1948  2707.0  0.03
1949  2707.0  0.03
1950  2707.0  0.03
1951  2707.0  0.03
1952  2707.0  0.03
1953  2707.0  0.03
1954  2707.0  0.03
1955  2707.0  0.03
1956  2707.0  0.03
1957  2707.0  0.03
1958  2707.0  0.03
1959  2707.0  0.03
1960  2707.0  0.03
1961  2707.0  0.03
1962  2707.0  0.03
1963  2707.0  0.03
1964  2707.0  0.03
1965  2707.0  0.03
1966  2707.0  0.03
1967  2707.0  0.03
1968  2707.0  0.03
1969  2707.0  0.03
1970  2707.0  0.03
1971  2707.0  0.03
1972  2707.0  0.03
1973  2707.0  0.03
1974  2707.0  0.03
1975  2707.0  0.03
1976  2707.0  0.03
1977  2707.0  0.03
1978  2707.0  0.03
1979  2707.0  0.03
1980  2707.0  0.03
1981  2707.0  0.03
1982  2707.0  0.03
1983  2707.0  0.03
1984  2707.0  0.03
1985  2707.0  0.03
1986  2707.0  0.03
1987  2707.0  0.03
1988  2707.0  0.03
1989  2707.0  0.03
1990  2707.0  0.03
1991  2707.0  0.03
1992  2707.0  0.03
1993  2707.0  0.03
1994  2707.0  0.03
1995  2707.0  0.03
1996  2707.0  0.03
1997  2707.0  0.03
1998  2707.0  0.03
1999  2707.0  0.03
2000  2707.0  0.03
2001  2707.0  0.03
2002  2707.0  0.03
2003  2707.0  0.03
2004  2707.0  0.03
2005  2707.0  0.03
2006  2707.0  0.03
2007  2707.0  0.03
2008  2707.0  0.03
2009  2707.0  0.03
2010  2707.0  0.03
2011  2707.0  0.03
2012  2707.0  0.03
2013  2707.0  0.03
2014  2707.0  0.03
2015  2707.0  0.03
2016  2707.0  0.03
2017  2707.0  0.03
2018  2707.0  0.03
2019  2707.0  0.03
2020  2707.0  0.03
2021  2707.0  0.03
2022  2707.0  0.03
2023  2707.0  0.03
2024  2707.0  0.03
2025  2707.0  0.03
2026  2707.0  0.03
2027  2707.0  0.03
2028  2707.0  0.03
2029  2707.0  0.03
2030  2707.0  0.03
2031  2707.0  0.03
2032  2707.0  0.03
2033  2707.0  0.03
2034  2707.0  0.03
2035  2707.0  0.03
2036  2707.0  0.03
2037  2707.0  0.03
2038  2707.0  0.03
2039  2707.0  0.03
2040  2707.0  0.03
2041  2707.0  0.03
2042  2707.0  0.03
2043  2707.0  0.03
2044  2707.0  0.03
2045  2707.0  0.03
2046  2707.0  0.03
2047  2707.0  0.03
2048  2707.0  0.03
2049  2707.0  0.03
2050  2707.0  0.03
2051  2707.0  0.03
2052  2707.0  0.03
2053  2707.0  0.03
2054  2707.0  0.03
2055  2707.0  0.03
2056  2707.0  0.03
2057  2707.0  0.03
2058  2707.0  0.03
2059  2707.0  0.03
2060  2707.0  0.03
2061  2707.0  0.03
2062  2707.0  0.03
2063  2707.0  0.03
2064  2707.0  0.03
2065  2707.0  0.03
2066  2707.0  0.03
2067  2707.0  0.03
2068  2707.0  0.03
2069  2707.0  0.03
2070  2707.0  0.03
2071  2707.0  0.03
2072  2707.0  0.03
2073  2707.0  0.03
2074  2707.0  0.03
2075  2707.0  0.03
2076  2707.0  0.03
2077  2707.0  0.03
2078  2707.0  0.03
2079  2707.0  0.03
2080  2707.0  0.03
2081  2707.0  0.03
2082  2707.0  0.03
2083  2707.0  0.03
2084  2707.0  0.03
2085  2707.0  0.03
2086  2707.0  0.03
2087  2707.0  0.03
2088  2707.0  0.03
2089  2707.0  0.03
2090  2707.0  0.03
2091  2707.0  0.03
2092  2707.0  0.03
2093  2707.0  0.03
2094  2707.0  0.03
2095  2707.0  0.03
2096  2707.0  0.03
2097  2707.0  0.03
2098  2707.0  0.03
2099  2707.0  0.03
2100  2707.0  0.03
2101  2707.0  0.03
2102  2707.0  0.03
2103  2707.0  0.03
2104  2707.0  0.03
2105  2707.0  0.03
2106  2707.0  0.03
2107  2707.0  0.03
2108  2707.0  0.03
2109  2707.0  0.03
2110  2707.0  0.03
2111  2707.0  0.03
2112  2707.0  0.03
2113  2707.0  0.03
2114  2707.0  0.03
2115  2707.0  0.03
2116  2707.0  0.03
2117  2707.0  0.03
2118  2707.0  0.03
2119  2707.0  0.03
2120  2707.0  0.03
2121  2707.0  0.03
2122  2707.0  0.03
2123  2707.0  0.03
2124  2707.0  0.03
2125  2707.0  0.03
2126  2707.0  0.03
2127  2707.0  0.03
2128  2707.0  0.03
2129  2707.0  0.03
2130  2707.0  0.03
2131  2707.0  0.03
2132  2707.0  0.03
2133  2707.0  0.03
2134  2707.0  0.03
2135  2707.0  0.03
2136  2707.0  0.03
2137  2707.0  0.03
2138  2707.0  0.03
2139  2707.0  0.03
2140  2707.0  0.03
2141  2707.0  0.03
2142  2707.0  0.03
2143  2707.0  0.03
2144  2707.0  0.03
2145  2707.0  0.03
2146  2707.0  0.03
2147  2707.0  0.03
2148  2707.0  0.03
2149  2707.0  0.03
2150  2707.0  0.03
2151  2707.0  0.03
2152  2707.0  0.03
2153  2707.0  0.03
2154  2707.0  0.03
2155  2707.0  0.03
2156  2707.0  0.03
2157  2707.0  0.03
2158  2707.0  0.03
2159  2707.0  0.03
2160  2707.0  0.03
2161  2707.0  0.03
2162  2707.0  0.03
2163  2707.0  0.03
2164  2707.0  0.03
2165  2707.0  0.03
2166  2707.0  0.03
2167  2707.0  0.03
2168  2707.0  0.03
2169  2707.0  0.03
2170  2707.0  0.03
2171  2707.0  0.03
2172  2707.0  0.03
2173  2707.0  0.03
2174  2707.0  0.03
2175  2707.0  0.03
2176  2707.0  0.03
2177  2707.0  0.03
2178  2707.0  0.03
2179  2707.0  0.03
2180  2707.0  0.03
2181  2707.0  0.03
2182  2707.0  0.03
2183  2707.0  0.03
2184  2707.0  0.03
2185  2707.0  0.03
2186  2707.0  0.03
2187  2707.0  0.03
2188  2707.0  0.03
2189  2707.0  0.03
2190  2707.0  0.03
2191  2707.0  0.03
2192  2707.0  0.03
2193  2707.0  0.03
2194  2707.0  0.03
2195  2707.0  0.03
2196  2707.0  0.03
2197  2707.0  0.03
2198  2707.0  0.03
2199  2707.0  0.03
2200  2707.0  0.03
2201  2707.0  0.03
2202  2707.0  0.03
2203  2707.0  0.03
2204  2707.0  0.03
2205  2707.0  0.03
2206  2707.0  0.03
2207  2707.0  0.03
2208  2707.0  0.03
2209  2707.0  0.03
2210  2707.0  0.03
2211  2707.0  0.03
2212  2707.0  0.03
2213  2707.0  0.03
2214  2707.0  0.03
2215  2707.0  0.03
2216  2707.0  0.03
2217  2707.0  0.03
2218  2707.0  0.03
2219  2707.0  0.03
2220  2707.0  0.03
2221  2707.0  0.03
2222  2707.0  0.03
2223  2707.0  0.03
2224  2707.0  0.03
2225  2707.0  0.03
2226  2707.0  0.03
2227  2707.0  0.03
2228  2707.0  0.03
2229  2707.0  0.03
2230  2707.0  0.03
2231  2707.0  0.03
2232  2707.0  0.03
2233  2707.0  0.03
2234  2707.0  0.03
2235  2707.0  0.03
2236  2707.0  0.03
2237  2707.0  0.03
2238  2707.0  0.03
2239  2707.0  0.03
2240  2707.0  0.03
2241  2707.0  0.03
2242  2707.0  0.03
2243  2707.0  0.03
2244  2707.0  0.03
2245  2707.0  0.03
2246  2707.0  0.03
2247  2707.0  0.03
2248  2707.0  0.03
2249  2707.0  0.03
2250  2707.0  0.03
2251  2707.0  0.03
2252  2707.0  0.03
2253  2707.0  0.03
2254  2707.0  0.03
2255  2707.0  0.03
2256  2707.0  0.03
2257  2707.0  0.03
2258  2707.0  0.03
2259  2707.0  0.03
2260  2707.0  0.03
2261  2707.0  0.03
2262  2707.0  0.03
2263  2707.0  0.03
2264  2707.0  0.03
2265  2707.0  0.03
2266  2707.0  0.03
2267  2707.0  0.03
2268  2707.0  0.03
2269  2707.0  0.03
2270  2707.0  0.03
2271  2707.0  0.03
2272  2707.0  0.03
2273  2707.0  0.03
2274  2707.0  0.03
2275  2707.0  0.03
2276  2707.0  0.03
2277  2707.0  0.03
2278  2707.0  0.03
2279  2707.0  0.03
2280  2707.0  0.03
2281  2707.0  0.03
2282  2707.0  0.03
2283  2707.0  0.03
2284  2707.0  0.03
2285  2707.0  0.03
2286  2707.0  0.03
2287  2707.0  0.03
2288  2707.0  0.03
2289  2707.0  0.03
2290  2707.0  0.03
2291  2707.0  0.03
2292  2707.0  0.03
2293  2707.0  0.03
2294  2707.0  0.03
2295  2707.0  0.03
2296  2707.0  0.03
2297  2707.0  0.03
2298  2707.0  0.03
2299  2707.0  0.03
2300  2707.0  0.03
2301  2707.0  0.03
2302  2707.0  0.03
2303  2707.0  0.03
2304  2707.0  0.03
2305  2707.0  0.03
2306  2707.0  0.03
2307  2707.0  0.03
2308  2707.0  0.03
2309  2707.0  0.03
2310  2707.0  0.03
2311  2707.0  0.03
2312  2707.0  0.03
2313  2707.0  0.03
2314  2707.0  0.03
2315  2707.0  0.03
2316  2707.0  0.03
2317  2707.0  0.03
2318  2707.0  0.03
2319  2707.0  0.03
2320  2707.0  0.03
2321  2707.0  0.03
2322  2707.0  0.03
2323  2707.0  0.03
2324  2707.0  0.03
2325  2707.0  0.03
2326  2707.0  0.03
2327  2707.0  0.03
2328  2707.0  0.03
2329  2707.0  0.03
2330  2707.0  0.03
2331  2707.0  0.03
2332  2707.0  0.03
2333  2707.0  0.03
2334  2707.0  0.03
2335  2707.0  0.03
2336  2707.0  0.03
2337  2707.0  0.03
2338  2707.0  0.03
2339  2707.0  0.03
2340  2707.0  0.03
2341  2707.0  0.03
2342  2707.0  0.03
2343  2707.0  0.03
2344  2707.0  0.03
2345  2707.0  0.03
2346  2707.0  0.03
2347  2707.0  0.03
2348  2707.0  0.03
2349  2707.0  0.03
2350  2707.0  0.03
2351  2707.0  0.03
2352  2707.0  0.03
2353  2707.0  0.03
2354  2707.0  0.03
2355  2707.0  0.03
2356  2707.0  0.03
2357  2707.0  0.03
2358  2707.0  0.03
2359  2707.0  0.03
2360  2707.0  0.03
2361  2707.0  0.03
2362  2707.0  0.03
2363  2707.0  0.03
2364  2707.0  0.03
2365  2707.0  0.03
2366  2707.0  0.03
2367  2707.0  0.03
2368  2707.0  0.03
2369  2707.0  0.03
2370  2707.0  0.03
2371  2707.0  0.03
2372  2707.0  0.03
2373  2707.0  0.03
2374  2707.0  0.03
2375  2707.0  0.03
2376  2707.0  0.03
2377  2707.0  0.03
2378  2707.0  0.03
2379  2707.0  0.03
2380  2707.0  0.03
2381  2707.0  0.03
2382  2707.0  0.03
2383  2707.0  0.03
2384  2707.0  0.03
2385  2707.0  0.03
2386  2707.0  0.03
2387  2707.0  0.03
2388  2707.0  0.03
2389  2707.0  0.03
2390  2707.0  0.03
2391  2707.0  0.03
2392  2707.0  0.03
2393  2707.0  0.03
2394  2707.0  0.03
2395  2707.0  0.03
2396  2707.0  0.03
2397  2707.0  0.03
2398  2707.0  0.03
2399  2707.0  0.03
2400  2707.0  0.03
2401  2707.0  0.03
2402  2707.0  0.03
2403  2707.0  0.03
2404  2707.0  0.03
2405  2707.0  0.03
2406  2707.0  0.03
2407  2707.0  0.03
2408  2707.0  0.03
2409  2707.0  0.03
2410  2707.0  0.03
2411  2707.0  0.03
2412  2707.0  0.03
2413  2707.0  0.03
2414  2707.0  0.03
2415  2707.0  0.03
2416  2707.0  0.03
2417  2707.0  0.03
2418  2707.0  0.03
2419  2707.0  0.03
2420  2707.0  0.03
2421  2707.0  0.03
2422  2707.0  0.03
2423  2707.0  0.03
2424  2707.0  0.03
2425  2707.0  0.03
2426  2707.0  0.03
2427  2707.0  0.03
2428  2707.0  0.03
2429  2707.0  0.03
2430  2707.0  0.03
2431  2707.0  0.03
2432  2707.0  0.03
2433  2707.0  0.03
2434  2707.0  0.03
2435  2707.0  0.03
2436  2707.0  0.03
2437  2707.0  0.03
2438  2707.0  0.03
2439  2707.0  0.03
2440  2707.0  0.03
2441  2707.0  0.03
2442  2707.0  0.03
2443  2707.0  0.03
2444  2707.0  0.03
2445  2707.0  0.03
2446  2707.0  0.03
2447  2707.0  0.03
2448  2707.0  0.03
2449  2707.0  0.03
2450  2707.0  0.03
2451  2707.0  0.03
2452  2707.0  0.03
2453  2707.0  0.03
2454  2707.0  0.03
2455  2707.0  0.03
2456  2707.0  0.03
2457  2707.0  0.03
2458  2707.0  0.03
2459  2707.0  0.03
2460  2707.0  0.03
2461  2707.0  0.03
2462  2707.0  0.03
2463  2707.0  0.03
2464  2707.0  0.03
2465  2707.0  0.03
2466  2707.0  0.03
2467  2707.0  0.03
2468  2707.0  0.03
2469  2707.0  0.03
2470  2707.0  0.03
2471  2707.0  0.03
2472  2707.0  0.03
2473  2707.0  0.03
2474  2707.0  0.03
2475  2707.0  0.03
2476  2707.0  0.03
2477  2707.0  0.03
2478  2707.0  0.03
2479  2707.0  0.03
2480  2707.0  0.03
2481  2707.0  0.03
2482  2707.0  0.03
2483  2707.0  0.03
2484  2707.0  0.03
2485  2707.0  0.03
2486  2707.0  0.03
2487  2707.0  0.03
2488  2707.0  0.03
2489  2707.0  0.03
2490  2707.0  0.03
2491  2707.0  0.03
2492  2707.0  0.03
2493  2707.0  0.03
2494  2707.0  0.03
2495  2707.0  0.03
2496  2707.0  0.03
2497  2707.0  0.03
2498  2707.0  0.03
2499  2707.0  0.03
2500  2707.0  0.03
2501  2707.0  0.03
2502  2707.0  0.03
2503  2707.0  0.03
2504  2707.0  0.03
2505  2707.0  0.03
2506  2707.0  0.03
2507  2707.0  0.03
2508  2707.0  0.03
2509  2707.0  0.03
2510  2707.0  0.03
2511  2707.0  0.03
2512  2707.0  0.03
2513  2707.0  0.03
2514  2707.0  0.03
2515  2707.0  0.03
2516  2707.0  0.03
2517  2707.0  0.03
2518  2707.0  0.03
2519  2707.0  0.03
2520  2707.0  0.03
2521  2707.0  0.03
2522  2707.0  0.03
2523  2707.0  0.03
2524  2707.0  0.03
2525  2707.0  0.03
2526  2707.0  0.03
2527  2707.0  0.03
2528  2707.0  0.03
2529  2707.0  0.03
2530  2707.0  0.03
2531  2707.0  0.03
2532  2707.0  0.03
2533  2707.0  0.03
2534  2707.0  0.03
2535  2707.0  0.03
2536  2707.0  0.03
2537  2707.0  0.03
2538  2707.0  0.03
2539  2707.0  0.03
2540  2707.0  0.03
2541  2707.0  0.03
2542  2707.0  0.03
2543  2707.0  0.03
2544  2707.0  0.03
2545  2707.0  0.03
2546  2707.0  0.03
2547  2707.0  0.03
2548  2707.0  0.03
2549  2707.0  0.03
2550  2707.0  0.03
2551  2707.0  0.03
2552  2707.0  0.03
2553  2707.0  0.03
2554  2707.0  0.03
2555  2707.0  0.03
2556  2707.0  0.03
2557  2707.0  0.03
2558  2707.0  0.03
2559  2707.0  0.03
2560  2707.0  0.03
2561  2707.0  0.03
2562  2707.0  0.03
2563  2707.0  0.03
2564  2707.0  0.03
2565  2707.0  0.03
2566  2707.0  0.03
2567  2707.0  0.03
2568  2707.0  0.03
2569  2707.0  0.03
2570  2707.0  0.03
2571  2707.0  0.03
2572  2707.0  0.03
2573  2707.0  0.03
2574  2707.0  0.03
2575  2707.0  0.03
2576  2707.0  0.03
2577  2707.0  0.03
2578  2707.0  0.03
2579  2707.0  0.03
2580  2707.0  0.03
2581  2707.0  0.03
2582  2707.0  0.03
2583  2707.0  0.03
2584  2707.0  0.03
2585  2707.0  0.03
2586  2707.0  0.03
2587  2707.0  0.03
2588  2707.0  0.03
2589  2707.0  0.03
2590  2707.0  0.03
2591  2707.0  0.03
2592  2707.0  0.03
2593  2707.0  0.03
2594  2707.0  0.03
2595  2707.0  0.03
2596  2707.0  0.03
2597  2707.0  0.03
2598  2707.0  0.03
2599  2707.0  0.03
2600  2707.0  0.03
2601  2707.0  0.03
2602  2707.0  0.03
2603  2707.0  0.03
2604  2707.0  0.03
2605  2707.0  0.03
2606  2707.0  0.03
2607  2707.0  0.03
2608  2707.0  0.03
2609  2707.0  0.03
2610  2707.0  0.03
2611  2707.0  0.03
2612  2707.0  0.03
2613  2707.0  0.03
2614  2707.0  0.03
2615  2707.0  0.03
2616  2707.0  0.03
2617  2707.0  0.03
2618  2707.0  0.03
2619  2707.0  0.03
2620  2707.0  0.03
2621  2707.0  0.03
2622  2707.0  0.03
2623  2707.0  0.03
2624  2707.0  0.03
2625  2707.0  0.03
2626  2707.0  0.03
2627  2707.0  0.03
2628  2707.0  0.03
2629  2707.0  0.03
2630  2707.0  0.03
2631  2707.0  0.03
2632  2707.0  0.03
2633  2707.0  0.03
2634  2707.0  0.03
2635  2707.0  0.03
2636  2707.0  0.03
2637  2707.0  0.03
2638  2707.0  0.03
2639  2707.0  0.03
2640  2707.0  0.03
2641  2707.0  0.03
2642  2707.0  0.03
2643  2707.0  0.03
2644  2707.0  0.03
2645  2707.0  0.03
2646  2707.0  0.03
2647  2707.0  0.03
2648  2707.0  0.03
2649  2707.0  0.03
2650  2707.0  0.03
2651  2707.0  0.03
2652  2707.0  0.03
2653  2707.0  0.03
2654  2707.0  0.03
2655  2707.0  0.03
2656  2707.0  0.03
2657  2707.0  0.03
2658  2707.0  0.03
2659  2707.0  0.03
2660  2707.0  0.03
2661  2707.0  0.03
2662  2707.0  0.03
2663  2707.0  0.03
2664  2707.0  0.03
2665  2707.0  0.03
2666  2707.0  0.03
2667  2707.0  0.03
2668  2707.0  0.03
2669  2707.0  0.03
2670  2707.0  0.03
2671  2707.0  0.03
2672  2707.0  0.03
2673  2707.0  0.03
2674  2707.0  0.03
2675  2707.0  0.03
2676  2707.0  0.03
2677  2707.0  0.03
2678  2707.0  0.03
2679  2707.0  0.03
2680  2707.0  0.03
2681  2707.0  0.03
2682  2707.0  0.03
2683  2707.0  0.03
2684  2707.0  0.03
2685  2707.0  0.03
2686  2707.0  0.03
2687  2707.0  0.03
2688  2707.0  0.03
2689  2707.0  0.03
2690  2707.0  0.03
2691  2707.0  0.03
2692  2707.0  0.03
2693  2707.0  0.03
2694  2707.0  0.03
2695  2707.0  0.03
2696  2707.0  0.03
2697  2707.0  0.03
2698  2707.0  0.03
2699  2707.0  0.03
2700  2707.0  0.03
2701  2707.0  0.03
2702  2707.0  0.03
2703  2707.0  0.03
2704  2707.0  0.03
2705  2707.0  0.03
2706  2707.0  0.03
2707  2707.0  0.03
2708  2707.0  0.03
2709  2707.0  0.03
2710  2707.0  0.03
2711  2707.0  0.03
2712  2707.0  0.03
2713  2707.0  0.03
2714  2707.0  0.03
2715  2707.0  0.03
2716  2707.0  0.03
2717  2707.0  0.03
2718  2707.0  0.03
2719  2707.0  0.03
2720  2707.0  0.03
2721  2707.0  0.03
2722  2707.0  0.03
2723  2707.0  0.03
2724  2707.0  0.03
2725  2707.0  0.03
2726  2707.0  0.03
2727  2707.0  0.03
2728  2707.0  0.03
2729  2707.0  0.03
2730  2707.0  0.03
2731  2707.0  0.03
2732  2707.0  0.03
2733  2707.0  0.03
2734  2707.0  0.03
2735  2707.0  0.03
2736  2707.0  0.03
2737  2707.0  0.03
2738  2707.0  0.03
2739  2707.0  0.03
2740  2707.0  0.03
2741  2707.0  0.03
2742  2707.0  0.03
2743  2707.0  0.03
2744  2707.0  0.03
2745  2707.0  0.03
2746  2707.0  0.03
2747  2707.0  0.03
2748  2707.0  0.03
2749  2707.0  0.03
2750  2707.0  0.03
2751  2707.0  0.03
2752  2707.0  0.03
2753  2707.0  0.03
2754  2707.0  0.03
2755  2707.0  0.03
2756  2707.0  0.03
2757  2707.0  0.03
2758  2707.0  0.03
2759  2707.0  0.03
2760  2707.0  0.03
2761  2707.0  0.03
2762  2707.0  0.03
2763  2707.0  0.03
2764  2707.0  0.03
2765  2707.0  0.03
2766  2707.0  0.03
2767  2707.0  0.03
2768  2707.0  0.03
2769  2707.0  0.03
2770  2707.0  0.03
2771  2707.0  0.03
2772  2707.0  0.03
2773  2707.0  0.03
2774  2707.0  0.03
2775  2707.0  0.03
2776  2707.0  0.03
2777  2707.0  0.03
2778  2707.0  0.03
2779  2707.0  0.03
2780  2707.0  0.03
2781  2707.0  0.03
2782  2707.0  0.03
2783  2707.0  0.03
2784  2707.0  0.03
2785  2707.0  0.03
2786  2707.0  0.03
2787  2707.0  0.03
2788  2707.0  0.03
2789  2707.0  0.03
2790  2707.0  0.03
2791  2707.0  0.03
2792  2707.0  0.03
2793  2707.0  0.03
2794  2707.0  0.03
2795  2707.0  0.03
2796  2707.0  0.03
2797  2707.0  0.03
2798  2707.0  0.03
2799  2707.0  0.03
2800  2707.0  0.03
2801  2707.0  0.03
2802  2707.0  0.03
2803  2707.0  0.03
2804  2707.0  0.03
2805  2707.0  0.03
2806  2707.0  0.03
2807  2707.0  0.03
2808  2707.0  0.03
2809  2707.0  0.03
2810  2707.0  0.03
2811  2707.0  0.03
2812  2707.0  0.03
2813  2707.0  0.03
2814  2707.0  0.03
2815  2707.0  0.03
2816  2707.0  0.03
2817  2707.0  0.03
2818  2707.0  0.03
2819  2707.0  0.03
2820  2707.0  0.03
2821  2707.0  0.03
2822  2707.0  0.03
2823  2707.0  0.03
2824  2707.0  0.03
2825  2707.0  0.03
2826  2707.0  0.03
2827  2707.0  0.03
2828  2707.0  0.03
2829  2707.0  0.03
2830  2707.0  0.03
2831  2707.0  0.03
2832  2707.0  0.03
2833  2707.0  0.03
2834  2707.0  0.03
2835  2707.0  0.03
2836  2707.0  0.03
2837  2707.0  0.03
2838  2707.0  0.03
2839  2707.0  0.03
2840  2707.0  0.03
2841  2707.0  0.03
2842  2707.0  0.03
2843  2707.0  0.03
2844  2707.0  0.03
2845  2707.0  0.03
2846  2707.0  0.03
2847  2707.0  0.03
2848  2707.0  0.03
2849  2707.0  0.03
2850  2707.0  0.03
2851  2707.0  0.03
2852  2707.0  0.03
2853  2707.0  0.03
2854  2707.0  0.03
2855  2707.0  0.03
2856  2707.0  0.03
2857  2707.0  0.03
2858  2707.0  0.03
2859  2707.0  0.03
2860  2707.0  0.03
2861  2707.0  0.03
2862  2707.0  0.03
2863  2707.0  0.03
2864  2707.0  0.03
2865  2707.0  0.03
2866  2707.0  0.03
2867  2707.0  0.03
2868  2707.0  0.03
2869  2707.0  0.03
2870  2707.0  0.03
2871  2707.0  0.03
2872  2707.0  0.03
2873  2707.0  0.03
2874  2707.0  0.03
2875  2707.0  0.03
2876  2707.0  0.03
2877  2707.0  0.03
2878  2707.0  0.03
2879  2707.0  0.03
2880  2707.0  0.03
2881  2707.0  0.03
2882  2707.0  0.03
2883  2707.0  0.03
2884  2707.0  0.03
2885  2707.0  0.03
2886  2707.0  0.03
2887  2707.0  0.03
2888  2707.0  0.03
2889  2707.0  0.03
2890  2707.0  0.03
2891  2707.0  0.03
2892  2707.0  0.03
2893  2707.0  0.03
2894  2707.0  0.03
2895  2707.0  0.03
2896  2707.0  0.03
2897  2707.0  0.03
2898  2707.0  0.03
2899  2707.0  0.03
2900  2707.0  0.03
2901  2707.0  0.03
2902  2707.0  0.03
2903  2707.0  0.03
2904  2707.0  0.03
2905  2707.0  0.03
2906  2707.0  0.03
2907  2707.0  0.03
2908  2707.0  0.03
2909  2707.0  0.03
2910  2707.0  0.03
2911  2707.0  0.03
2912  2707.0  0.03
2913  2707.0  0.03
2914  2707.0  0.03
2915  2707.0  0.03
2916  2707.0  0.03
2917  2707.0  0.03
2918  2707.0  0.03
2919  2707.0  0.03
2920  2707.0  0.03
2921  2707.0  0.03
2922  2707.0  0.03
2923  2707.0  0.03
2924  2707.0  0.03
2925  2707.0  0.03
2926  2707.0  0.03
2927  2707.0  0.03
2928  2707.0  0.03
2929  2707.0  0.03
2930  2707.0  0.03
2931  2707.0  0.03
2932  2707.0  0.03
2933  2707.0  0.03
2934  2707.0  0.03
2935  2707.0  0.03
2936  2707.0  0.03
2937  2707.0  0.03
2938  2707.0  0.03
2939  2707.0  0.03
2940  2707.0  0.03
2941  2707.0  0.03
2942  2707.0  0.03
2943  2707.0  0.03
2944  2707.0  0.03
2945  2707.0  0.03
2946  2707.0  0.03
2947  2707.0  0.03
2948  2707.0  0.03
2949  2707.0  0.03
2950  2707.0  0.03
2951  2707.0  0.03
2952  2707.0  0.03
2953  2707.0  0.03
2954  2707.0  0.03
2955  2707.0  0.03
2956  2707.0  0.03
2957  2707.0  0.03
2958  2707.0  0.03
2959  2707.0  0.03
2960  2707.0  0.03
2961  2707.0  0.03
2962  2707.0  0.03
2963  2707.0  0.03
2964  2707.0  0.03
2965  2707.0  0.03
2966  2707.0  0.03
2967  2707.0  0.03
2968  2707.0  0.03
2969  2707.0  0.03
2970  2707.0  0.03
2971  2707.0  0.03
2972  2707.0  0.03
2973  2707.0  0.03
2974  2707.0  0.03
2975  2707.0  0.03
2976  2707.0  0.03
2977  2707.0  0.03
2978  2707.0  0.03
2979  2707.0  0.03
2980  2707.0  0.03
2981  2707.0  0.03
2982  2707.0  0.03
2983  2707.0  0.03
2984  2707.0  0.03
2985  2707.0  0.03
2986  2707.0  0.03
2987  2707.0  0.03
2988  2707.0  0.03
2989  2707.0  0.03
2990  2707.0  0.03
2991  2707.0  0.03
2992  2707.0  0.03
2993  2707.0  0.03
2994  2707.0  0.03
2995  2707.0  0.03
2996  2707.0  0.03
2997  2707.0  0.03
2998  2707.0  0.03
2999  2707.0  0.03
#[9, 9, 9, 9, 9, 9, 9, 9, 9, 9]
#[-1, 0, 9, 9, 9, 9, 9, 9, 9, 9]
#[9, 9, 9, 9, 9, 9, 9, 9, 9, 9]
#[-2, 9, 9, 9, 9, 9, 9, 9, 9, 9]
#[2, 9, 9, 9, 9, 9, 9, 9, 9, 9]
#[1, 9, 9, 9, 9, 9, 9, 9, 9, 9]
#[-3, 9, 9, 9, 9, 9, 9, 9, 9, 9]
#[9, 9, 9, 9, 9, 9, 9, 9, 9, 9]
#[9, 9, 9, 9, 9, 9, 9, 9, 9, 9]
#Specialization index= [0, 9, 0.11904761904761904]
