#[6, 4, 4, 6, 8, 5, 5, 6, 0, 1]
#[2, 4, 3, 7, 4, 8, 9, 3, 8, 9]
#[5, 5, 7, 6, 0, 9, 9, 1, 9, 5]
#[2, 4, 4, 3, 5, 1, 7, 5, 8, 8]
#[7, 5, 4, 9, 9, 7, 6, 8, 6, 5]
#[7, 8, 9, 2, 5, 7, 2, 7, 9, 7]
#[9, 5, 4, 9, 2, 3, 6, 6, 1, 9]
#[5, 8, 8, 8, 2, 6, 3, 6, 5, 3]
#[0, 1, 2, 7, 1, 2, 4, 1, 2, 9]
0  2099.0  0.12
1  2099.0  0.12
2  2208.0  0.08
3  2400.0  0.09
4  2400.0  0.09
5  2564.0  0.05
6  2564.0  0.05
7  2564.0  0.05
8  2564.0  0.05
9  2564.0  0.05
10  2564.0  0.05
11  2564.0  0.05
12  2564.0  0.05
13  2564.0  0.05
14  2564.0  0.05
15  2564.0  0.05
16  2564.0  0.05
17  2564.0  0.05
18  2564.0  0.05
19  2564.0  0.05
20  2564.0  0.05
21  2564.0  0.05
22  2564.0  0.05
23  2564.0  0.05
24  2564.0  0.05
25  2564.0  0.05
26  2564.0  0.05
27  2564.0  0.05
28  2564.0  0.05
29  2564.0  0.05
30  2564.0  0.05
31  2564.0  0.05
32  2564.0  0.05
33  2564.0  0.05
34  2564.0  0.05
35  2564.0  0.05
36  2564.0  0.05
37  2564.0  0.05
38  2564.0  0.05
39  2564.0  0.05
40  2564.0  0.05
41  2564.0  0.05
42  2564.0  0.05
43  2564.0  0.05
44  2564.0  0.05
45  2564.0  0.05
46  2564.0  0.05
47  2564.0  0.05
48  2564.0  0.05
49  2564.0  0.05
50  2564.0  0.05
51  2564.0  0.05
52  2564.0  0.05
53  2564.0  0.05
54  2564.0  0.05
55  2564.0  0.05
56  2564.0  0.05
57  2564.0  0.05
58  2564.0  0.05
59  2564.0  0.05
60  2564.0  0.05
61  2564.0  0.05
62  2564.0  0.05
63  2564.0  0.05
64  2564.0  0.05
65  2564.0  0.05
66  2564.0  0.05
67  2564.0  0.05
68  2564.0  0.05
69  2564.0  0.05
70  2587.0  0.04
71  2587.0  0.04
72  2587.0  0.04
73  2587.0  0.04
74  2587.0  0.04
75  2587.0  0.04
76  2587.0  0.04
77  2587.0  0.04
78  2587.0  0.04
79  2587.0  0.04
80  2587.0  0.04
81  2587.0  0.04
82  2587.0  0.04
83  2641.0  0.04
84  2641.0  0.04
85  2641.0  0.04
86  2641.0  0.04
87  2641.0  0.04
88  2641.0  0.04
89  2641.0  0.04
90  2641.0  0.04
91  2641.0  0.04
92  2641.0  0.04
93  2641.0  0.04
94  2641.0  0.04
95  2641.0  0.04
96  2641.0  0.04
97  2641.0  0.04
98  2641.0  0.04
99  2641.0  0.04
100  2641.0  0.04
101  2641.0  0.04
102  2641.0  0.04
103  2641.0  0.04
104  2641.0  0.04
105  2641.0  0.04
106  2641.0  0.04
107  2641.0  0.04
108  2641.0  0.04
109  2641.0  0.04
110  2641.0  0.04
111  2641.0  0.04
112  2641.0  0.04
113  2641.0  0.04
114  2641.0  0.04
115  2641.0  0.04
116  2641.0  0.04
117  2641.0  0.04
118  2641.0  0.04
119  2641.0  0.04
120  2641.0  0.04
121  2641.0  0.04
122  2641.0  0.04
123  2641.0  0.04
124  2641.0  0.04
125  2641.0  0.04
126  2641.0  0.04
127  2641.0  0.04
128  2641.0  0.04
129  2641.0  0.04
130  2641.0  0.04
131  2641.0  0.04
132  2641.0  0.04
133  2641.0  0.04
134  2641.0  0.04
135  2641.0  0.04
136  2641.0  0.04
137  2641.0  0.04
138  2641.0  0.04
139  2641.0  0.04
140  2641.0  0.04
141  2641.0  0.04
142  2641.0  0.04
143  2641.0  0.04
144  2641.0  0.04
145  2641.0  0.04
146  2641.0  0.04
147  2641.0  0.04
148  2641.0  0.04
149  2641.0  0.04
150  2641.0  0.04
151  2641.0  0.04
152  2641.0  0.04
153  2641.0  0.04
154  2641.0  0.04
155  2641.0  0.04
156  2641.0  0.04
157  2641.0  0.04
158  2641.0  0.04
159  2641.0  0.04
160  2641.0  0.04
161  2641.0  0.04
162  2641.0  0.04
163  2641.0  0.04
164  2641.0  0.04
165  2641.0  0.04
166  2641.0  0.04
167  2641.0  0.04
168  2641.0  0.04
169  2641.0  0.04
170  2641.0  0.04
171  2641.0  0.04
172  2641.0  0.04
173  2641.0  0.04
174  2641.0  0.04
175  2641.0  0.04
176  2641.0  0.04
177  2641.0  0.04
178  2641.0  0.04
179  2641.0  0.04
180  2641.0  0.04
181  2641.0  0.04
182  2641.0  0.04
183  2641.0  0.04
184  2641.0  0.04
185  2641.0  0.04
186  2641.0  0.04
187  2641.0  0.04
188  2641.0  0.04
189  2641.0  0.04
190  2641.0  0.04
191  2641.0  0.04
192  2641.0  0.04
193  2641.0  0.04
194  2641.0  0.04
195  2641.0  0.04
196  2641.0  0.04
197  2641.0  0.04
198  2641.0  0.04
199  2641.0  0.04
200  2641.0  0.04
201  2641.0  0.04
202  2641.0  0.04
203  2641.0  0.04
204  2641.0  0.04
205  2641.0  0.04
206  2641.0  0.04
207  2641.0  0.04
208  2641.0  0.04
209  2641.0  0.04
210  2641.0  0.04
211  2641.0  0.04
212  2641.0  0.04
213  2641.0  0.04
214  2641.0  0.04
215  2641.0  0.04
216  2641.0  0.04
217  2641.0  0.04
218  2641.0  0.04
219  2641.0  0.04
220  2641.0  0.04
221  2641.0  0.04
222  2641.0  0.04
223  2641.0  0.04
224  2641.0  0.04
225  2641.0  0.04
226  2641.0  0.04
227  2641.0  0.04
228  2641.0  0.04
229  2641.0  0.04
230  2641.0  0.04
231  2641.0  0.04
232  2641.0  0.04
233  2641.0  0.04
234  2641.0  0.04
235  2641.0  0.04
236  2641.0  0.04
237  2641.0  0.04
238  2641.0  0.04
239  2641.0  0.04
240  2641.0  0.04
241  2641.0  0.04
242  2641.0  0.04
243  2641.0  0.04
244  2641.0  0.04
245  2641.0  0.04
246  2641.0  0.04
247  2641.0  0.04
248  2641.0  0.04
249  2641.0  0.04
250  2641.0  0.04
251  2641.0  0.04
252  2641.0  0.04
253  2641.0  0.04
254  2641.0  0.04
255  2641.0  0.04
256  2641.0  0.04
257  2641.0  0.04
258  2641.0  0.04
259  2641.0  0.04
260  2641.0  0.04
261  2641.0  0.04
262  2641.0  0.04
263  2641.0  0.04
264  2641.0  0.04
265  2641.0  0.04
266  2641.0  0.04
267  2641.0  0.04
268  2641.0  0.04
269  2641.0  0.04
270  2641.0  0.04
271  2641.0  0.04
272  2641.0  0.04
273  2641.0  0.04
274  2641.0  0.04
275  2641.0  0.04
276  2641.0  0.04
277  2641.0  0.04
278  2641.0  0.04
279  2641.0  0.04
280  2641.0  0.04
281  2641.0  0.04
282  2641.0  0.04
283  2641.0  0.04
284  2641.0  0.04
285  2641.0  0.04
286  2641.0  0.04
287  2641.0  0.04
288  2641.0  0.04
289  2641.0  0.04
290  2641.0  0.04
291  2641.0  0.04
292  2641.0  0.04
293  2641.0  0.04
294  2641.0  0.04
295  2641.0  0.04
296  2641.0  0.04
297  2641.0  0.04
298  2641.0  0.04
299  2641.0  0.04
300  2641.0  0.04
301  2641.0  0.04
302  2679.0  0.02
303  2679.0  0.02
304  2679.0  0.02
305  2679.0  0.02
306  2679.0  0.02
307  2679.0  0.02
308  2679.0  0.02
309  2679.0  0.02
310  2679.0  0.02
311  2679.0  0.02
312  2679.0  0.02
313  2679.0  0.02
314  2679.0  0.02
315  2679.0  0.02
316  2679.0  0.02
317  2679.0  0.02
318  2679.0  0.02
319  2679.0  0.02
320  2679.0  0.02
321  2679.0  0.02
322  2679.0  0.02
323  2679.0  0.02
324  2679.0  0.02
325  2679.0  0.02
326  2679.0  0.02
327  2679.0  0.02
328  2679.0  0.02
329  2679.0  0.02
330  2679.0  0.02
331  2679.0  0.02
332  2679.0  0.02
333  2679.0  0.02
334  2679.0  0.02
335  2679.0  0.02
336  2679.0  0.02
337  2679.0  0.02
338  2679.0  0.02
339  2679.0  0.02
340  2679.0  0.02
341  2679.0  0.02
342  2679.0  0.02
343  2679.0  0.02
344  2679.0  0.02
345  2679.0  0.02
346  2679.0  0.02
347  2679.0  0.02
348  2679.0  0.02
349  2679.0  0.02
350  2679.0  0.02
351  2679.0  0.02
352  2679.0  0.02
353  2679.0  0.02
354  2679.0  0.02
355  2679.0  0.02
356  2679.0  0.02
357  2679.0  0.02
358  2679.0  0.02
359  2679.0  0.02
360  2679.0  0.02
361  2679.0  0.02
362  2679.0  0.02
363  2679.0  0.02
364  2679.0  0.02
365  2679.0  0.02
366  2679.0  0.02
367  2679.0  0.02
368  2679.0  0.02
369  2679.0  0.02
370  2679.0  0.02
371  2679.0  0.02
372  2679.0  0.02
373  2679.0  0.02
374  2679.0  0.02
375  2679.0  0.02
376  2679.0  0.02
377  2679.0  0.02
378  2679.0  0.02
379  2679.0  0.02
380  2679.0  0.02
381  2679.0  0.02
382  2679.0  0.02
383  2679.0  0.02
384  2679.0  0.02
385  2679.0  0.02
386  2679.0  0.02
387  2679.0  0.02
388  2679.0  0.02
389  2679.0  0.02
390  2679.0  0.02
391  2679.0  0.02
392  2679.0  0.02
393  2679.0  0.02
394  2679.0  0.02
395  2679.0  0.02
396  2679.0  0.02
397  2679.0  0.02
398  2679.0  0.02
399  2679.0  0.02
400  2679.0  0.02
401  2679.0  0.02
402  2679.0  0.02
403  2679.0  0.02
404  2679.0  0.02
405  2679.0  0.02
406  2679.0  0.02
407  2679.0  0.02
408  2679.0  0.02
409  2679.0  0.02
410  2679.0  0.02
411  2679.0  0.02
412  2679.0  0.02
413  2679.0  0.02
414  2679.0  0.02
415  2679.0  0.02
416  2679.0  0.02
417  2679.0  0.02
418  2679.0  0.02
419  2679.0  0.02
420  2679.0  0.02
421  2679.0  0.02
422  2679.0  0.02
423  2679.0  0.02
424  2679.0  0.02
425  2679.0  0.02
426  2679.0  0.02
427  2679.0  0.02
428  2679.0  0.02
429  2679.0  0.02
430  2679.0  0.02
431  2679.0  0.02
432  2679.0  0.02
433  2679.0  0.02
434  2679.0  0.02
435  2679.0  0.02
436  2679.0  0.02
437  2679.0  0.02
438  2679.0  0.02
439  2679.0  0.02
440  2679.0  0.02
441  2679.0  0.02
442  2679.0  0.02
443  2679.0  0.02
444  2679.0  0.02
445  2679.0  0.02
446  2679.0  0.02
447  2679.0  0.02
448  2679.0  0.02
449  2679.0  0.02
450  2679.0  0.02
451  2679.0  0.02
452  2679.0  0.02
453  2679.0  0.02
454  2679.0  0.02
455  2679.0  0.02
456  2679.0  0.02
457  2679.0  0.02
458  2679.0  0.02
459  2679.0  0.02
460  2679.0  0.02
461  2679.0  0.02
462  2679.0  0.02
463  2679.0  0.02
464  2679.0  0.02
465  2679.0  0.02
466  2679.0  0.02
467  2679.0  0.02
468  2679.0  0.02
469  2679.0  0.02
470  2679.0  0.02
471  2679.0  0.02
472  2679.0  0.02
473  2679.0  0.02
474  2679.0  0.02
475  2679.0  0.02
476  2679.0  0.02
477  2679.0  0.02
478  2679.0  0.02
479  2679.0  0.02
480  2679.0  0.02
481  2679.0  0.02
482  2679.0  0.02
483  2679.0  0.02
484  2679.0  0.02
485  2679.0  0.02
486  2679.0  0.02
487  2679.0  0.02
488  2679.0  0.02
489  2679.0  0.02
490  2679.0  0.02
491  2679.0  0.02
492  2679.0  0.02
493  2679.0  0.02
494  2679.0  0.02
495  2679.0  0.02
496  2679.0  0.02
497  2679.0  0.02
498  2679.0  0.02
499  2679.0  0.02
500  2679.0  0.02
501  2679.0  0.02
502  2679.0  0.02
503  2679.0  0.02
504  2679.0  0.02
505  2679.0  0.02
506  2679.0  0.02
507  2679.0  0.02
508  2679.0  0.02
509  2679.0  0.02
510  2679.0  0.02
511  2679.0  0.02
512  2679.0  0.02
513  2679.0  0.02
514  2679.0  0.02
515  2679.0  0.02
516  2679.0  0.02
517  2679.0  0.02
518  2679.0  0.02
519  2679.0  0.02
520  2679.0  0.02
521  2679.0  0.02
522  2679.0  0.02
523  2679.0  0.02
524  2679.0  0.02
525  2679.0  0.02
526  2679.0  0.02
527  2679.0  0.02
528  2679.0  0.02
529  2679.0  0.02
530  2679.0  0.02
531  2679.0  0.02
532  2679.0  0.02
533  2679.0  0.02
534  2679.0  0.02
535  2679.0  0.02
536  2679.0  0.02
537  2679.0  0.02
538  2679.0  0.02
539  2679.0  0.02
540  2679.0  0.02
541  2679.0  0.02
542  2679.0  0.02
543  2679.0  0.02
544  2679.0  0.02
545  2679.0  0.02
546  2679.0  0.02
547  2679.0  0.02
548  2679.0  0.02
549  2679.0  0.02
550  2679.0  0.02
551  2679.0  0.02
552  2679.0  0.02
553  2679.0  0.02
554  2679.0  0.02
555  2679.0  0.02
556  2679.0  0.02
557  2679.0  0.02
558  2679.0  0.02
559  2679.0  0.02
560  2679.0  0.02
561  2679.0  0.02
562  2679.0  0.02
563  2679.0  0.02
564  2679.0  0.02
565  2679.0  0.02
566  2679.0  0.02
567  2679.0  0.02
568  2679.0  0.02
569  2679.0  0.02
570  2679.0  0.02
571  2679.0  0.02
572  2679.0  0.02
573  2679.0  0.02
574  2679.0  0.02
575  2679.0  0.02
576  2679.0  0.02
577  2679.0  0.02
578  2679.0  0.02
579  2679.0  0.02
580  2679.0  0.02
581  2679.0  0.02
582  2679.0  0.02
583  2679.0  0.02
584  2679.0  0.02
585  2679.0  0.02
586  2679.0  0.02
587  2679.0  0.02
588  2679.0  0.02
589  2679.0  0.02
590  2679.0  0.02
591  2679.0  0.02
592  2679.0  0.02
593  2679.0  0.02
594  2679.0  0.02
595  2679.0  0.02
596  2679.0  0.02
597  2679.0  0.02
598  2679.0  0.02
599  2679.0  0.02
600  2679.0  0.02
601  2679.0  0.02
602  2679.0  0.02
603  2679.0  0.02
604  2679.0  0.02
605  2679.0  0.02
606  2679.0  0.02
607  2679.0  0.02
608  2679.0  0.02
609  2679.0  0.02
610  2679.0  0.02
611  2679.0  0.02
612  2679.0  0.02
613  2679.0  0.02
614  2679.0  0.02
615  2679.0  0.02
616  2679.0  0.02
617  2679.0  0.02
618  2679.0  0.02
619  2679.0  0.02
620  2679.0  0.02
621  2679.0  0.02
622  2679.0  0.02
623  2679.0  0.02
624  2679.0  0.02
625  2679.0  0.02
626  2679.0  0.02
627  2679.0  0.02
628  2679.0  0.02
629  2679.0  0.02
630  2679.0  0.02
631  2679.0  0.02
632  2679.0  0.02
633  2679.0  0.02
634  2679.0  0.02
635  2679.0  0.02
636  2679.0  0.02
637  2679.0  0.02
638  2679.0  0.02
639  2679.0  0.02
640  2679.0  0.02
641  2679.0  0.02
642  2679.0  0.02
643  2679.0  0.02
644  2679.0  0.02
645  2679.0  0.02
646  2679.0  0.02
647  2679.0  0.02
648  2679.0  0.02
649  2679.0  0.02
650  2679.0  0.02
651  2679.0  0.02
652  2679.0  0.02
653  2679.0  0.02
654  2679.0  0.02
655  2679.0  0.02
656  2679.0  0.02
657  2679.0  0.02
658  2679.0  0.02
659  2679.0  0.02
660  2679.0  0.02
661  2679.0  0.02
662  2679.0  0.02
663  2679.0  0.02
664  2679.0  0.02
665  2679.0  0.02
666  2679.0  0.02
667  2679.0  0.02
668  2679.0  0.02
669  2679.0  0.02
670  2679.0  0.02
671  2679.0  0.02
672  2679.0  0.02
673  2679.0  0.02
674  2679.0  0.02
675  2679.0  0.02
676  2679.0  0.02
677  2679.0  0.02
678  2679.0  0.02
679  2679.0  0.02
680  2679.0  0.02
681  2679.0  0.02
682  2679.0  0.02
683  2679.0  0.02
684  2679.0  0.02
685  2679.0  0.02
686  2679.0  0.02
687  2679.0  0.02
688  2679.0  0.02
689  2679.0  0.02
690  2679.0  0.02
691  2679.0  0.02
692  2679.0  0.02
693  2679.0  0.02
694  2679.0  0.02
695  2679.0  0.02
696  2679.0  0.02
697  2679.0  0.02
698  2679.0  0.02
699  2679.0  0.02
700  2679.0  0.02
701  2679.0  0.02
702  2679.0  0.02
703  2679.0  0.02
704  2679.0  0.02
705  2679.0  0.02
706  2679.0  0.02
707  2679.0  0.02
708  2679.0  0.02
709  2679.0  0.02
710  2679.0  0.02
711  2679.0  0.02
712  2679.0  0.02
713  2679.0  0.02
714  2679.0  0.02
715  2679.0  0.02
716  2679.0  0.02
717  2679.0  0.02
718  2679.0  0.02
719  2679.0  0.02
720  2679.0  0.02
721  2679.0  0.02
722  2679.0  0.02
723  2679.0  0.02
724  2679.0  0.02
725  2679.0  0.02
726  2679.0  0.02
727  2679.0  0.02
728  2679.0  0.02
729  2679.0  0.02
730  2679.0  0.02
731  2679.0  0.02
732  2679.0  0.02
733  2679.0  0.02
734  2679.0  0.02
735  2679.0  0.02
736  2679.0  0.02
737  2679.0  0.02
738  2679.0  0.02
739  2679.0  0.02
740  2679.0  0.02
741  2679.0  0.02
742  2679.0  0.02
743  2679.0  0.02
744  2679.0  0.02
745  2679.0  0.02
746  2679.0  0.02
747  2679.0  0.02
748  2679.0  0.02
749  2679.0  0.02
750  2679.0  0.02
751  2679.0  0.02
752  2679.0  0.02
753  2679.0  0.02
754  2679.0  0.02
755  2679.0  0.02
756  2679.0  0.02
757  2679.0  0.02
758  2679.0  0.02
759  2679.0  0.02
760  2679.0  0.02
761  2679.0  0.02
762  2679.0  0.02
763  2679.0  0.02
764  2679.0  0.02
765  2679.0  0.02
766  2679.0  0.02
767  2679.0  0.02
768  2679.0  0.02
769  2679.0  0.02
770  2679.0  0.02
771  2679.0  0.02
772  2679.0  0.02
773  2679.0  0.02
774  2679.0  0.02
775  2679.0  0.02
776  2679.0  0.02
777  2679.0  0.02
778  2679.0  0.02
779  2679.0  0.02
780  2679.0  0.02
781  2679.0  0.02
782  2679.0  0.02
783  2679.0  0.02
784  2679.0  0.02
785  2679.0  0.02
786  2679.0  0.02
787  2679.0  0.02
788  2679.0  0.02
789  2679.0  0.02
790  2679.0  0.02
791  2679.0  0.02
792  2679.0  0.02
793  2679.0  0.02
794  2679.0  0.02
795  2679.0  0.02
796  2679.0  0.02
797  2679.0  0.02
798  2679.0  0.02
799  2679.0  0.02
800  2679.0  0.02
801  2679.0  0.02
802  2679.0  0.02
803  2679.0  0.02
804  2679.0  0.02
805  2679.0  0.02
806  2679.0  0.02
807  2679.0  0.02
808  2679.0  0.02
809  2679.0  0.02
810  2679.0  0.02
811  2679.0  0.02
812  2679.0  0.02
813  2679.0  0.02
814  2679.0  0.02
815  2679.0  0.02
816  2679.0  0.02
817  2679.0  0.02
818  2679.0  0.02
819  2679.0  0.02
820  2679.0  0.02
821  2679.0  0.02
822  2679.0  0.02
823  2679.0  0.02
824  2679.0  0.02
825  2679.0  0.02
826  2679.0  0.02
827  2679.0  0.02
828  2679.0  0.02
829  2679.0  0.02
830  2679.0  0.02
831  2679.0  0.02
832  2679.0  0.02
833  2679.0  0.02
834  2679.0  0.02
835  2679.0  0.02
836  2679.0  0.02
837  2679.0  0.02
838  2679.0  0.02
839  2679.0  0.02
840  2679.0  0.02
841  2679.0  0.02
842  2679.0  0.02
843  2679.0  0.02
844  2679.0  0.02
845  2679.0  0.02
846  2679.0  0.02
847  2679.0  0.02
848  2679.0  0.02
849  2679.0  0.02
850  2679.0  0.02
851  2679.0  0.02
852  2679.0  0.02
853  2679.0  0.02
854  2679.0  0.02
855  2679.0  0.02
856  2679.0  0.02
857  2679.0  0.02
858  2679.0  0.02
859  2679.0  0.02
860  2679.0  0.02
861  2679.0  0.02
862  2679.0  0.02
863  2679.0  0.02
864  2679.0  0.02
865  2679.0  0.02
866  2679.0  0.02
867  2679.0  0.02
868  2679.0  0.02
869  2679.0  0.02
870  2679.0  0.02
871  2679.0  0.02
872  2679.0  0.02
873  2679.0  0.02
874  2679.0  0.02
875  2679.0  0.02
876  2679.0  0.02
877  2679.0  0.02
878  2679.0  0.02
879  2679.0  0.02
880  2679.0  0.02
881  2679.0  0.02
882  2679.0  0.02
883  2679.0  0.02
884  2679.0  0.02
885  2679.0  0.02
886  2679.0  0.02
887  2679.0  0.02
888  2679.0  0.02
889  2679.0  0.02
890  2679.0  0.02
891  2679.0  0.02
892  2679.0  0.02
893  2679.0  0.02
894  2679.0  0.02
895  2679.0  0.02
896  2679.0  0.02
897  2679.0  0.02
898  2679.0  0.02
899  2679.0  0.02
900  2679.0  0.02
901  2679.0  0.02
902  2679.0  0.02
903  2679.0  0.02
904  2679.0  0.02
905  2679.0  0.02
906  2679.0  0.02
907  2679.0  0.02
908  2679.0  0.02
909  2679.0  0.02
910  2679.0  0.02
911  2679.0  0.02
912  2679.0  0.02
913  2679.0  0.02
914  2679.0  0.02
915  2679.0  0.02
916  2679.0  0.02
917  2679.0  0.02
918  2679.0  0.02
919  2679.0  0.02
920  2679.0  0.02
921  2679.0  0.02
922  2679.0  0.02
923  2679.0  0.02
924  2679.0  0.02
925  2679.0  0.02
926  2679.0  0.02
927  2679.0  0.02
928  2679.0  0.02
929  2679.0  0.02
930  2679.0  0.02
931  2679.0  0.02
932  2679.0  0.02
933  2679.0  0.02
934  2679.0  0.02
935  2679.0  0.02
936  2679.0  0.02
937  2679.0  0.02
938  2679.0  0.02
939  2679.0  0.02
940  2679.0  0.02
941  2679.0  0.02
942  2679.0  0.02
943  2679.0  0.02
944  2679.0  0.02
945  2679.0  0.02
946  2679.0  0.02
947  2679.0  0.02
948  2679.0  0.02
949  2679.0  0.02
950  2679.0  0.02
951  2679.0  0.02
952  2679.0  0.02
953  2679.0  0.02
954  2679.0  0.02
955  2679.0  0.02
956  2679.0  0.02
957  2679.0  0.02
958  2679.0  0.02
959  2679.0  0.02
960  2679.0  0.02
961  2679.0  0.02
962  2679.0  0.02
963  2679.0  0.02
964  2679.0  0.02
965  2679.0  0.02
966  2679.0  0.02
967  2679.0  0.02
968  2679.0  0.02
969  2679.0  0.02
970  2679.0  0.02
971  2679.0  0.02
972  2679.0  0.02
973  2679.0  0.02
974  2679.0  0.02
975  2679.0  0.02
976  2739.0  0.02
977  2739.0  0.02
978  2739.0  0.02
979  2739.0  0.02
980  2739.0  0.02
981  2739.0  0.02
982  2739.0  0.02
983  2739.0  0.02
984  2739.0  0.02
985  2739.0  0.02
986  2739.0  0.02
987  2739.0  0.02
988  2739.0  0.02
989  2739.0  0.02
990  2739.0  0.02
991  2739.0  0.02
992  2739.0  0.02
993  2739.0  0.02
994  2739.0  0.02
995  2739.0  0.02
996  2739.0  0.02
997  2739.0  0.02
998  2739.0  0.02
999  2739.0  0.02
1000  2739.0  0.02
1001  2739.0  0.02
1002  2739.0  0.02
1003  2739.0  0.02
1004  2739.0  0.02
1005  2739.0  0.02
1006  2739.0  0.02
1007  2739.0  0.02
1008  2739.0  0.02
1009  2739.0  0.02
1010  2739.0  0.02
1011  2739.0  0.02
1012  2739.0  0.02
1013  2739.0  0.02
1014  2739.0  0.02
1015  2739.0  0.02
1016  2739.0  0.02
1017  2739.0  0.02
1018  2739.0  0.02
1019  2739.0  0.02
1020  2739.0  0.02
1021  2739.0  0.02
1022  2739.0  0.02
1023  2739.0  0.02
1024  2739.0  0.02
1025  2739.0  0.02
1026  2739.0  0.02
1027  2739.0  0.02
1028  2739.0  0.02
1029  2739.0  0.02
1030  2739.0  0.02
1031  2739.0  0.02
1032  2739.0  0.02
1033  2739.0  0.02
1034  2739.0  0.02
1035  2739.0  0.02
1036  2739.0  0.02
1037  2739.0  0.02
1038  2739.0  0.02
1039  2739.0  0.02
1040  2739.0  0.02
1041  2739.0  0.02
1042  2739.0  0.02
1043  2739.0  0.02
1044  2739.0  0.02
1045  2739.0  0.02
1046  2739.0  0.02
1047  2739.0  0.02
1048  2739.0  0.02
1049  2739.0  0.02
1050  2739.0  0.02
1051  2739.0  0.02
1052  2739.0  0.02
1053  2739.0  0.02
1054  2739.0  0.02
1055  2739.0  0.02
1056  2739.0  0.02
1057  2739.0  0.02
1058  2739.0  0.02
1059  2739.0  0.02
1060  2739.0  0.02
1061  2739.0  0.02
1062  2739.0  0.02
1063  2739.0  0.02
1064  2739.0  0.02
1065  2739.0  0.02
1066  2739.0  0.02
1067  2739.0  0.02
1068  2739.0  0.02
1069  2739.0  0.02
1070  2739.0  0.02
1071  2739.0  0.02
1072  2739.0  0.02
1073  2739.0  0.02
1074  2739.0  0.02
1075  2739.0  0.02
1076  2739.0  0.02
1077  2739.0  0.02
1078  2739.0  0.02
1079  2739.0  0.02
1080  2739.0  0.02
1081  2739.0  0.02
1082  2739.0  0.02
1083  2739.0  0.02
1084  2739.0  0.02
1085  2739.0  0.02
1086  2739.0  0.02
1087  2739.0  0.02
1088  2739.0  0.02
1089  2739.0  0.02
1090  2739.0  0.02
1091  2739.0  0.02
1092  2739.0  0.02
1093  2739.0  0.02
1094  2739.0  0.02
1095  2739.0  0.02
1096  2739.0  0.02
1097  2739.0  0.02
1098  2739.0  0.02
1099  2739.0  0.02
1100  2739.0  0.02
1101  2739.0  0.02
1102  2739.0  0.02
1103  2739.0  0.02
1104  2739.0  0.02
1105  2739.0  0.02
1106  2739.0  0.02
1107  2739.0  0.02
1108  2739.0  0.02
1109  2739.0  0.02
1110  2739.0  0.02
1111  2739.0  0.02
1112  2739.0  0.02
1113  2739.0  0.02
1114  2739.0  0.02
1115  2739.0  0.02
1116  2739.0  0.02
1117  2739.0  0.02
1118  2739.0  0.02
1119  2739.0  0.02
1120  2739.0  0.02
1121  2739.0  0.02
1122  2739.0  0.02
1123  2739.0  0.02
1124  2739.0  0.02
1125  2739.0  0.02
1126  2739.0  0.02
1127  2739.0  0.02
1128  2739.0  0.02
1129  2739.0  0.02
1130  2739.0  0.02
1131  2739.0  0.02
1132  2739.0  0.02
1133  2739.0  0.02
1134  2739.0  0.02
1135  2739.0  0.02
1136  2739.0  0.02
1137  2739.0  0.02
1138  2739.0  0.02
1139  2739.0  0.02
1140  2739.0  0.02
1141  2739.0  0.02
1142  2739.0  0.02
1143  2739.0  0.02
1144  2739.0  0.02
1145  2739.0  0.02
1146  2739.0  0.02
1147  2739.0  0.02
1148  2739.0  0.02
1149  2739.0  0.02
1150  2739.0  0.02
1151  2739.0  0.02
1152  2739.0  0.02
1153  2739.0  0.02
1154  2739.0  0.02
1155  2739.0  0.02
1156  2739.0  0.02
1157  2739.0  0.02
1158  2739.0  0.02
1159  2739.0  0.02
1160  2739.0  0.02
1161  2739.0  0.02
1162  2739.0  0.02
1163  2739.0  0.02
1164  2739.0  0.02
1165  2739.0  0.02
1166  2739.0  0.02
1167  2739.0  0.02
1168  2739.0  0.02
1169  2739.0  0.02
1170  2739.0  0.02
1171  2739.0  0.02
1172  2739.0  0.02
1173  2739.0  0.02
1174  2739.0  0.02
1175  2739.0  0.02
1176  2739.0  0.02
1177  2739.0  0.02
1178  2739.0  0.02
1179  2739.0  0.02
1180  2739.0  0.02
1181  2739.0  0.02
1182  2739.0  0.02
1183  2739.0  0.02
1184  2739.0  0.02
1185  2739.0  0.02
1186  2739.0  0.02
1187  2739.0  0.02
1188  2739.0  0.02
1189  2739.0  0.02
1190  2739.0  0.02
1191  2739.0  0.02
1192  2739.0  0.02
1193  2739.0  0.02
1194  2739.0  0.02
1195  2739.0  0.02
1196  2739.0  0.02
1197  2739.0  0.02
1198  2739.0  0.02
1199  2739.0  0.02
1200  2739.0  0.02
1201  2739.0  0.02
1202  2739.0  0.02
1203  2739.0  0.02
1204  2739.0  0.02
1205  2739.0  0.02
1206  2739.0  0.02
1207  2739.0  0.02
1208  2739.0  0.02
1209  2739.0  0.02
1210  2739.0  0.02
1211  2739.0  0.02
1212  2739.0  0.02
1213  2739.0  0.02
1214  2739.0  0.02
1215  2739.0  0.02
1216  2739.0  0.02
1217  2739.0  0.02
1218  2739.0  0.02
1219  2739.0  0.02
1220  2739.0  0.02
1221  2739.0  0.02
1222  2739.0  0.02
1223  2739.0  0.02
1224  2739.0  0.02
1225  2739.0  0.02
1226  2739.0  0.02
1227  2739.0  0.02
1228  2739.0  0.02
1229  2739.0  0.02
1230  2739.0  0.02
1231  2739.0  0.02
1232  2739.0  0.02
1233  2739.0  0.02
1234  2739.0  0.02
1235  2739.0  0.02
1236  2739.0  0.02
1237  2739.0  0.02
1238  2739.0  0.02
1239  2739.0  0.02
1240  2739.0  0.02
1241  2739.0  0.02
1242  2739.0  0.02
1243  2739.0  0.02
1244  2739.0  0.02
1245  2739.0  0.02
1246  2739.0  0.02
1247  2739.0  0.02
1248  2739.0  0.02
1249  2739.0  0.02
1250  2739.0  0.02
1251  2739.0  0.02
1252  2739.0  0.02
1253  2739.0  0.02
1254  2739.0  0.02
1255  2739.0  0.02
1256  2739.0  0.02
1257  2739.0  0.02
1258  2739.0  0.02
1259  2739.0  0.02
1260  2739.0  0.02
1261  2739.0  0.02
1262  2739.0  0.02
1263  2739.0  0.02
1264  2739.0  0.02
1265  2739.0  0.02
1266  2739.0  0.02
1267  2739.0  0.02
1268  2739.0  0.02
1269  2739.0  0.02
1270  2739.0  0.02
1271  2739.0  0.02
1272  2739.0  0.02
1273  2739.0  0.02
1274  2739.0  0.02
1275  2739.0  0.02
1276  2739.0  0.02
1277  2739.0  0.02
1278  2739.0  0.02
1279  2739.0  0.02
1280  2739.0  0.02
1281  2739.0  0.02
1282  2739.0  0.02
1283  2739.0  0.02
1284  2739.0  0.02
1285  2739.0  0.02
1286  2739.0  0.02
1287  2739.0  0.02
1288  2739.0  0.02
1289  2739.0  0.02
1290  2739.0  0.02
1291  2739.0  0.02
1292  2739.0  0.02
1293  2739.0  0.02
1294  2739.0  0.02
1295  2739.0  0.02
1296  2739.0  0.02
1297  2739.0  0.02
1298  2739.0  0.02
1299  2739.0  0.02
1300  2739.0  0.02
1301  2739.0  0.02
1302  2739.0  0.02
1303  2739.0  0.02
1304  2739.0  0.02
1305  2739.0  0.02
1306  2739.0  0.02
1307  2739.0  0.02
1308  2739.0  0.02
1309  2739.0  0.02
1310  2739.0  0.02
1311  2739.0  0.02
1312  2739.0  0.02
1313  2739.0  0.02
1314  2739.0  0.02
1315  2739.0  0.02
1316  2739.0  0.02
1317  2739.0  0.02
1318  2739.0  0.02
1319  2739.0  0.02
1320  2739.0  0.02
1321  2739.0  0.02
1322  2739.0  0.02
1323  2739.0  0.02
1324  2739.0  0.02
1325  2739.0  0.02
1326  2739.0  0.02
1327  2739.0  0.02
1328  2739.0  0.02
1329  2739.0  0.02
1330  2739.0  0.02
1331  2739.0  0.02
1332  2739.0  0.02
1333  2739.0  0.02
1334  2739.0  0.02
1335  2739.0  0.02
1336  2739.0  0.02
1337  2739.0  0.02
1338  2739.0  0.02
1339  2739.0  0.02
1340  2739.0  0.02
1341  2739.0  0.02
1342  2739.0  0.02
1343  2739.0  0.02
1344  2739.0  0.02
1345  2739.0  0.02
1346  2739.0  0.02
1347  2739.0  0.02
1348  2739.0  0.02
1349  2739.0  0.02
1350  2739.0  0.02
1351  2739.0  0.02
1352  2739.0  0.02
1353  2739.0  0.02
1354  2739.0  0.02
1355  2739.0  0.02
1356  2739.0  0.02
1357  2739.0  0.02
1358  2739.0  0.02
1359  2739.0  0.02
1360  2739.0  0.02
1361  2739.0  0.02
1362  2739.0  0.02
1363  2739.0  0.02
1364  2739.0  0.02
1365  2739.0  0.02
1366  2739.0  0.02
1367  2739.0  0.02
1368  2739.0  0.02
1369  2739.0  0.02
1370  2739.0  0.02
1371  2739.0  0.02
1372  2739.0  0.02
1373  2739.0  0.02
1374  2739.0  0.02
1375  2739.0  0.02
1376  2739.0  0.02
1377  2739.0  0.02
1378  2739.0  0.02
1379  2739.0  0.02
1380  2739.0  0.02
1381  2739.0  0.02
1382  2739.0  0.02
1383  2739.0  0.02
1384  2739.0  0.02
1385  2739.0  0.02
1386  2739.0  0.02
1387  2739.0  0.02
1388  2739.0  0.02
1389  2739.0  0.02
1390  2739.0  0.02
1391  2739.0  0.02
1392  2739.0  0.02
1393  2739.0  0.02
1394  2739.0  0.02
1395  2739.0  0.02
1396  2739.0  0.02
1397  2739.0  0.02
1398  2739.0  0.02
1399  2739.0  0.02
1400  2739.0  0.02
1401  2739.0  0.02
1402  2739.0  0.02
1403  2739.0  0.02
1404  2739.0  0.02
1405  2739.0  0.02
1406  2739.0  0.02
1407  2739.0  0.02
1408  2739.0  0.02
1409  2739.0  0.02
1410  2739.0  0.02
1411  2739.0  0.02
1412  2739.0  0.02
1413  2739.0  0.02
1414  2739.0  0.02
1415  2739.0  0.02
1416  2739.0  0.02
1417  2739.0  0.02
1418  2739.0  0.02
1419  2739.0  0.02
1420  2739.0  0.02
1421  2739.0  0.02
1422  2739.0  0.02
1423  2739.0  0.02
1424  2739.0  0.02
1425  2739.0  0.02
1426  2739.0  0.02
1427  2739.0  0.02
1428  2739.0  0.02
1429  2739.0  0.02
1430  2739.0  0.02
1431  2739.0  0.02
1432  2739.0  0.02
1433  2739.0  0.02
1434  2739.0  0.02
1435  2739.0  0.02
1436  2739.0  0.02
1437  2739.0  0.02
1438  2739.0  0.02
1439  2739.0  0.02
1440  2739.0  0.02
1441  2739.0  0.02
1442  2739.0  0.02
1443  2739.0  0.02
1444  2739.0  0.02
1445  2739.0  0.02
1446  2739.0  0.02
1447  2739.0  0.02
1448  2739.0  0.02
1449  2739.0  0.02
1450  2739.0  0.02
1451  2739.0  0.02
1452  2739.0  0.02
1453  2739.0  0.02
1454  2739.0  0.02
1455  2739.0  0.02
1456  2739.0  0.02
1457  2739.0  0.02
1458  2739.0  0.02
1459  2739.0  0.02
1460  2739.0  0.02
1461  2739.0  0.02
1462  2739.0  0.02
1463  2739.0  0.02
1464  2739.0  0.02
1465  2739.0  0.02
1466  2739.0  0.02
1467  2739.0  0.02
1468  2739.0  0.02
1469  2739.0  0.02
1470  2739.0  0.02
1471  2739.0  0.02
1472  2739.0  0.02
1473  2739.0  0.02
1474  2739.0  0.02
1475  2739.0  0.02
1476  2739.0  0.02
1477  2739.0  0.02
1478  2739.0  0.02
1479  2739.0  0.02
1480  2739.0  0.02
1481  2739.0  0.02
1482  2739.0  0.02
1483  2739.0  0.02
1484  2739.0  0.02
1485  2739.0  0.02
1486  2739.0  0.02
1487  2739.0  0.02
1488  2739.0  0.02
1489  2739.0  0.02
1490  2739.0  0.02
1491  2739.0  0.02
1492  2739.0  0.02
1493  2739.0  0.02
1494  2739.0  0.02
1495  2739.0  0.02
1496  2739.0  0.02
1497  2739.0  0.02
1498  2739.0  0.02
1499  2739.0  0.02
1500  2739.0  0.02
1501  2739.0  0.02
1502  2739.0  0.02
1503  2739.0  0.02
1504  2739.0  0.02
1505  2739.0  0.02
1506  2739.0  0.02
1507  2739.0  0.02
1508  2739.0  0.02
1509  2739.0  0.02
1510  2739.0  0.02
1511  2739.0  0.02
1512  2739.0  0.02
1513  2739.0  0.02
1514  2739.0  0.02
1515  2739.0  0.02
1516  2739.0  0.02
1517  2739.0  0.02
1518  2739.0  0.02
1519  2739.0  0.02
1520  2739.0  0.02
1521  2739.0  0.02
1522  2739.0  0.02
1523  2739.0  0.02
1524  2739.0  0.02
1525  2739.0  0.02
1526  2739.0  0.02
1527  2739.0  0.02
1528  2739.0  0.02
1529  2739.0  0.02
1530  2739.0  0.02
1531  2739.0  0.02
1532  2739.0  0.02
1533  2739.0  0.02
1534  2739.0  0.02
1535  2739.0  0.02
1536  2739.0  0.02
1537  2739.0  0.02
1538  2739.0  0.02
1539  2739.0  0.02
1540  2739.0  0.02
1541  2739.0  0.02
1542  2739.0  0.02
1543  2739.0  0.02
1544  2739.0  0.02
1545  2739.0  0.02
1546  2739.0  0.02
1547  2739.0  0.02
1548  2739.0  0.02
1549  2739.0  0.02
1550  2739.0  0.02
1551  2739.0  0.02
1552  2739.0  0.02
1553  2739.0  0.02
1554  2739.0  0.02
1555  2739.0  0.02
1556  2739.0  0.02
1557  2739.0  0.02
1558  2739.0  0.02
1559  2739.0  0.02
1560  2739.0  0.02
1561  2739.0  0.02
1562  2739.0  0.02
1563  2739.0  0.02
1564  2739.0  0.02
1565  2739.0  0.02
1566  2739.0  0.02
1567  2739.0  0.02
1568  2739.0  0.02
1569  2739.0  0.02
1570  2739.0  0.02
1571  2739.0  0.02
1572  2739.0  0.02
1573  2739.0  0.02
1574  2739.0  0.02
1575  2739.0  0.02
1576  2739.0  0.02
1577  2739.0  0.02
1578  2739.0  0.02
1579  2739.0  0.02
1580  2739.0  0.02
1581  2739.0  0.02
1582  2739.0  0.02
1583  2739.0  0.02
1584  2739.0  0.02
1585  2739.0  0.02
1586  2739.0  0.02
1587  2739.0  0.02
1588  2739.0  0.02
1589  2739.0  0.02
1590  2739.0  0.02
1591  2739.0  0.02
1592  2739.0  0.02
1593  2739.0  0.02
1594  2739.0  0.02
1595  2739.0  0.02
1596  2739.0  0.02
1597  2739.0  0.02
1598  2739.0  0.02
1599  2739.0  0.02
1600  2739.0  0.02
1601  2739.0  0.02
1602  2739.0  0.02
1603  2739.0  0.02
1604  2739.0  0.02
1605  2739.0  0.02
1606  2739.0  0.02
1607  2739.0  0.02
1608  2739.0  0.02
1609  2739.0  0.02
1610  2739.0  0.02
1611  2739.0  0.02
1612  2739.0  0.02
1613  2739.0  0.02
1614  2739.0  0.02
1615  2739.0  0.02
1616  2739.0  0.02
1617  2739.0  0.02
1618  2739.0  0.02
1619  2739.0  0.02
1620  2739.0  0.02
1621  2739.0  0.02
1622  2739.0  0.02
1623  2739.0  0.02
1624  2739.0  0.02
1625  2739.0  0.02
1626  2739.0  0.02
1627  2739.0  0.02
1628  2739.0  0.02
1629  2739.0  0.02
1630  2739.0  0.02
1631  2739.0  0.02
1632  2739.0  0.02
1633  2739.0  0.02
1634  2739.0  0.02
1635  2739.0  0.02
1636  2739.0  0.02
1637  2739.0  0.02
1638  2739.0  0.02
1639  2739.0  0.02
1640  2739.0  0.02
1641  2739.0  0.02
1642  2739.0  0.02
1643  2739.0  0.02
1644  2739.0  0.02
1645  2739.0  0.02
1646  2739.0  0.02
1647  2739.0  0.02
1648  2739.0  0.02
1649  2739.0  0.02
1650  2739.0  0.02
1651  2739.0  0.02
1652  2739.0  0.02
1653  2739.0  0.02
1654  2739.0  0.02
1655  2739.0  0.02
1656  2739.0  0.02
1657  2739.0  0.02
1658  2739.0  0.02
1659  2739.0  0.02
1660  2739.0  0.02
1661  2739.0  0.02
1662  2739.0  0.02
1663  2739.0  0.02
1664  2739.0  0.02
1665  2739.0  0.02
1666  2739.0  0.02
1667  2739.0  0.02
1668  2739.0  0.02
1669  2739.0  0.02
1670  2739.0  0.02
1671  2739.0  0.02
1672  2739.0  0.02
1673  2739.0  0.02
1674  2739.0  0.02
1675  2739.0  0.02
1676  2739.0  0.02
1677  2739.0  0.02
1678  2739.0  0.02
1679  2739.0  0.02
1680  2739.0  0.02
1681  2739.0  0.02
1682  2739.0  0.02
1683  2739.0  0.02
1684  2739.0  0.02
1685  2739.0  0.02
1686  2739.0  0.02
1687  2739.0  0.02
1688  2739.0  0.02
1689  2739.0  0.02
1690  2739.0  0.02
1691  2739.0  0.02
1692  2739.0  0.02
1693  2739.0  0.02
1694  2739.0  0.02
1695  2739.0  0.02
1696  2739.0  0.02
1697  2739.0  0.02
1698  2739.0  0.02
1699  2739.0  0.02
1700  2739.0  0.02
1701  2739.0  0.02
1702  2739.0  0.02
1703  2739.0  0.02
1704  2739.0  0.02
1705  2739.0  0.02
1706  2739.0  0.02
1707  2739.0  0.02
1708  2739.0  0.02
1709  2739.0  0.02
1710  2739.0  0.02
1711  2739.0  0.02
1712  2739.0  0.02
1713  2739.0  0.02
1714  2739.0  0.02
1715  2739.0  0.02
1716  2739.0  0.02
1717  2739.0  0.02
1718  2739.0  0.02
1719  2739.0  0.02
1720  2739.0  0.02
1721  2739.0  0.02
1722  2739.0  0.02
1723  2739.0  0.02
1724  2739.0  0.02
1725  2739.0  0.02
1726  2739.0  0.02
1727  2739.0  0.02
1728  2739.0  0.02
1729  2739.0  0.02
1730  2739.0  0.02
1731  2739.0  0.02
1732  2739.0  0.02
1733  2739.0  0.02
1734  2739.0  0.02
1735  2739.0  0.02
1736  2739.0  0.02
1737  2739.0  0.02
1738  2739.0  0.02
1739  2739.0  0.02
1740  2739.0  0.02
1741  2739.0  0.02
1742  2739.0  0.02
1743  2739.0  0.02
1744  2739.0  0.02
1745  2739.0  0.02
1746  2739.0  0.02
1747  2739.0  0.02
1748  2739.0  0.02
1749  2739.0  0.02
1750  2739.0  0.02
1751  2739.0  0.02
1752  2739.0  0.02
1753  2739.0  0.02
1754  2739.0  0.02
1755  2739.0  0.02
1756  2739.0  0.02
1757  2739.0  0.02
1758  2739.0  0.02
1759  2739.0  0.02
1760  2739.0  0.02
1761  2739.0  0.02
1762  2739.0  0.02
1763  2739.0  0.02
1764  2739.0  0.02
1765  2739.0  0.02
1766  2739.0  0.02
1767  2739.0  0.02
1768  2739.0  0.02
1769  2739.0  0.02
1770  2739.0  0.02
1771  2739.0  0.02
1772  2739.0  0.02
1773  2739.0  0.02
1774  2739.0  0.02
1775  2739.0  0.02
1776  2739.0  0.02
1777  2739.0  0.02
1778  2739.0  0.02
1779  2739.0  0.02
1780  2739.0  0.02
1781  2739.0  0.02
1782  2739.0  0.02
1783  2739.0  0.02
1784  2739.0  0.02
1785  2739.0  0.02
1786  2739.0  0.02
1787  2739.0  0.02
1788  2739.0  0.02
1789  2739.0  0.02
1790  2739.0  0.02
1791  2739.0  0.02
1792  2739.0  0.02
1793  2739.0  0.02
1794  2739.0  0.02
1795  2739.0  0.02
1796  2739.0  0.02
1797  2739.0  0.02
1798  2739.0  0.02
1799  2739.0  0.02
1800  2739.0  0.02
1801  2739.0  0.02
1802  2739.0  0.02
1803  2739.0  0.02
1804  2739.0  0.02
1805  2739.0  0.02
1806  2739.0  0.02
1807  2739.0  0.02
1808  2739.0  0.02
1809  2739.0  0.02
1810  2739.0  0.02
1811  2739.0  0.02
1812  2739.0  0.02
1813  2739.0  0.02
1814  2739.0  0.02
1815  2739.0  0.02
1816  2739.0  0.02
1817  2739.0  0.02
1818  2739.0  0.02
1819  2739.0  0.02
1820  2739.0  0.02
1821  2739.0  0.02
1822  2739.0  0.02
1823  2739.0  0.02
1824  2739.0  0.02
1825  2739.0  0.02
1826  2739.0  0.02
1827  2739.0  0.02
1828  2739.0  0.02
1829  2739.0  0.02
1830  2739.0  0.02
1831  2739.0  0.02
1832  2739.0  0.02
1833  2739.0  0.02
1834  2739.0  0.02
1835  2739.0  0.02
1836  2739.0  0.02
1837  2739.0  0.02
1838  2739.0  0.02
1839  2739.0  0.02
1840  2739.0  0.02
1841  2739.0  0.02
1842  2739.0  0.02
1843  2739.0  0.02
1844  2739.0  0.02
1845  2739.0  0.02
1846  2739.0  0.02
1847  2739.0  0.02
1848  2739.0  0.02
1849  2739.0  0.02
1850  2739.0  0.02
1851  2739.0  0.02
1852  2739.0  0.02
1853  2739.0  0.02
1854  2739.0  0.02
1855  2739.0  0.02
1856  2739.0  0.02
1857  2739.0  0.02
1858  2739.0  0.02
1859  2739.0  0.02
1860  2739.0  0.02
1861  2739.0  0.02
1862  2739.0  0.02
1863  2739.0  0.02
1864  2739.0  0.02
1865  2739.0  0.02
1866  2739.0  0.02
1867  2739.0  0.02
1868  2739.0  0.02
1869  2739.0  0.02
1870  2739.0  0.02
1871  2739.0  0.02
1872  2739.0  0.02
1873  2739.0  0.02
1874  2739.0  0.02
1875  2739.0  0.02
1876  2739.0  0.02
1877  2739.0  0.02
1878  2739.0  0.02
1879  2739.0  0.02
1880  2739.0  0.02
1881  2739.0  0.02
1882  2739.0  0.02
1883  2739.0  0.02
1884  2739.0  0.02
1885  2739.0  0.02
1886  2739.0  0.02
1887  2739.0  0.02
1888  2739.0  0.02
1889  2739.0  0.02
1890  2739.0  0.02
1891  2739.0  0.02
1892  2739.0  0.02
1893  2739.0  0.02
1894  2739.0  0.02
1895  2739.0  0.02
1896  2739.0  0.02
1897  2739.0  0.02
1898  2739.0  0.02
1899  2739.0  0.02
1900  2739.0  0.02
1901  2739.0  0.02
1902  2739.0  0.02
1903  2739.0  0.02
1904  2739.0  0.02
1905  2739.0  0.02
1906  2739.0  0.02
1907  2739.0  0.02
1908  2739.0  0.02
1909  2739.0  0.02
1910  2739.0  0.02
1911  2739.0  0.02
1912  2739.0  0.02
1913  2739.0  0.02
1914  2739.0  0.02
1915  2739.0  0.02
1916  2739.0  0.02
1917  2739.0  0.02
1918  2739.0  0.02
1919  2739.0  0.02
1920  2739.0  0.02
1921  2739.0  0.02
1922  2739.0  0.02
1923  2739.0  0.02
1924  2739.0  0.02
1925  2739.0  0.02
1926  2739.0  0.02
1927  2739.0  0.02
1928  2739.0  0.02
1929  2739.0  0.02
1930  2739.0  0.02
1931  2739.0  0.02
1932  2739.0  0.02
1933  2739.0  0.02
1934  2739.0  0.02
1935  2739.0  0.02
1936  2739.0  0.02
1937  2739.0  0.02
1938  2739.0  0.02
1939  2739.0  0.02
1940  2739.0  0.02
1941  2739.0  0.02
1942  2739.0  0.02
1943  2739.0  0.02
1944  2739.0  0.02
1945  2739.0  0.02
1946  2739.0  0.02
1947  2739.0  0.02
1948  2739.0  0.02
1949  2739.0  0.02
1950  2739.0  0.02
1951  2739.0  0.02
1952  2739.0  0.02
1953  2739.0  0.02
1954  2739.0  0.02
1955  2739.0  0.02
1956  2739.0  0.02
1957  2739.0  0.02
1958  2739.0  0.02
1959  2739.0  0.02
1960  2739.0  0.02
1961  2739.0  0.02
1962  2739.0  0.02
1963  2739.0  0.02
1964  2739.0  0.02
1965  2739.0  0.02
1966  2739.0  0.02
1967  2739.0  0.02
1968  2739.0  0.02
1969  2739.0  0.02
1970  2739.0  0.02
1971  2739.0  0.02
1972  2739.0  0.02
1973  2739.0  0.02
1974  2739.0  0.02
1975  2739.0  0.02
1976  2739.0  0.02
1977  2739.0  0.02
1978  2739.0  0.02
1979  2739.0  0.02
1980  2739.0  0.02
1981  2739.0  0.02
1982  2739.0  0.02
1983  2739.0  0.02
1984  2739.0  0.02
1985  2739.0  0.02
1986  2739.0  0.02
1987  2739.0  0.02
1988  2739.0  0.02
1989  2739.0  0.02
1990  2739.0  0.02
1991  2739.0  0.02
1992  2739.0  0.02
1993  2739.0  0.02
1994  2739.0  0.02
1995  2739.0  0.02
1996  2739.0  0.02
1997  2739.0  0.02
1998  2739.0  0.02
1999  2739.0  0.02
2000  2739.0  0.02
2001  2739.0  0.02
2002  2739.0  0.02
2003  2739.0  0.02
2004  2739.0  0.02
2005  2739.0  0.02
2006  2739.0  0.02
2007  2739.0  0.02
2008  2739.0  0.02
2009  2739.0  0.02
2010  2739.0  0.02
2011  2739.0  0.02
2012  2739.0  0.02
2013  2739.0  0.02
2014  2739.0  0.02
2015  2739.0  0.02
2016  2739.0  0.02
2017  2739.0  0.02
2018  2739.0  0.02
2019  2739.0  0.02
2020  2739.0  0.02
2021  2739.0  0.02
2022  2739.0  0.02
2023  2739.0  0.02
2024  2739.0  0.02
2025  2739.0  0.02
2026  2739.0  0.02
2027  2739.0  0.02
2028  2739.0  0.02
2029  2739.0  0.02
2030  2739.0  0.02
2031  2739.0  0.02
2032  2739.0  0.02
2033  2739.0  0.02
2034  2739.0  0.02
2035  2739.0  0.02
2036  2739.0  0.02
2037  2739.0  0.02
2038  2739.0  0.02
2039  2739.0  0.02
2040  2739.0  0.02
2041  2739.0  0.02
2042  2739.0  0.02
2043  2739.0  0.02
2044  2739.0  0.02
2045  2739.0  0.02
2046  2739.0  0.02
2047  2739.0  0.02
2048  2739.0  0.02
2049  2739.0  0.02
2050  2739.0  0.02
2051  2739.0  0.02
2052  2739.0  0.02
2053  2739.0  0.02
2054  2739.0  0.02
2055  2739.0  0.02
2056  2739.0  0.02
2057  2739.0  0.02
2058  2739.0  0.02
2059  2739.0  0.02
2060  2739.0  0.02
2061  2739.0  0.02
2062  2739.0  0.02
2063  2739.0  0.02
2064  2739.0  0.02
2065  2739.0  0.02
2066  2739.0  0.02
2067  2739.0  0.02
2068  2739.0  0.02
2069  2739.0  0.02
2070  2739.0  0.02
2071  2739.0  0.02
2072  2739.0  0.02
2073  2739.0  0.02
2074  2739.0  0.02
2075  2739.0  0.02
2076  2739.0  0.02
2077  2739.0  0.02
2078  2739.0  0.02
2079  2739.0  0.02
2080  2739.0  0.02
2081  2739.0  0.02
2082  2739.0  0.02
2083  2739.0  0.02
2084  2739.0  0.02
2085  2739.0  0.02
2086  2739.0  0.02
2087  2739.0  0.02
2088  2739.0  0.02
2089  2739.0  0.02
2090  2739.0  0.02
2091  2739.0  0.02
2092  2739.0  0.02
2093  2739.0  0.02
2094  2739.0  0.02
2095  2739.0  0.02
2096  2739.0  0.02
2097  2739.0  0.02
2098  2739.0  0.02
2099  2739.0  0.02
2100  2739.0  0.02
2101  2739.0  0.02
2102  2739.0  0.02
2103  2739.0  0.02
2104  2739.0  0.02
2105  2739.0  0.02
2106  2739.0  0.02
2107  2739.0  0.02
2108  2739.0  0.02
2109  2739.0  0.02
2110  2739.0  0.02
2111  2739.0  0.02
2112  2739.0  0.02
2113  2739.0  0.02
2114  2739.0  0.02
2115  2739.0  0.02
2116  2739.0  0.02
2117  2739.0  0.02
2118  2739.0  0.02
2119  2739.0  0.02
2120  2739.0  0.02
2121  2739.0  0.02
2122  2739.0  0.02
2123  2739.0  0.02
2124  2739.0  0.02
2125  2739.0  0.02
2126  2739.0  0.02
2127  2739.0  0.02
2128  2739.0  0.02
2129  2739.0  0.02
2130  2739.0  0.02
2131  2739.0  0.02
2132  2739.0  0.02
2133  2739.0  0.02
2134  2739.0  0.02
2135  2739.0  0.02
2136  2739.0  0.02
2137  2739.0  0.02
2138  2739.0  0.02
2139  2739.0  0.02
2140  2739.0  0.02
2141  2739.0  0.02
2142  2739.0  0.02
2143  2739.0  0.02
2144  2739.0  0.02
2145  2739.0  0.02
2146  2739.0  0.02
2147  2739.0  0.02
2148  2739.0  0.02
2149  2739.0  0.02
2150  2739.0  0.02
2151  2739.0  0.02
2152  2739.0  0.02
2153  2739.0  0.02
2154  2739.0  0.02
2155  2739.0  0.02
2156  2739.0  0.02
2157  2739.0  0.02
2158  2739.0  0.02
2159  2739.0  0.02
2160  2739.0  0.02
2161  2739.0  0.02
2162  2739.0  0.02
2163  2739.0  0.02
2164  2739.0  0.02
2165  2739.0  0.02
2166  2739.0  0.02
2167  2739.0  0.02
2168  2739.0  0.02
2169  2739.0  0.02
2170  2739.0  0.02
2171  2739.0  0.02
2172  2739.0  0.02
2173  2739.0  0.02
2174  2739.0  0.02
2175  2739.0  0.02
2176  2739.0  0.02
2177  2739.0  0.02
2178  2739.0  0.02
2179  2739.0  0.02
2180  2739.0  0.02
2181  2739.0  0.02
2182  2739.0  0.02
2183  2739.0  0.02
2184  2739.0  0.02
2185  2739.0  0.02
2186  2739.0  0.02
2187  2739.0  0.02
2188  2739.0  0.02
2189  2739.0  0.02
2190  2739.0  0.02
2191  2739.0  0.02
2192  2739.0  0.02
2193  2739.0  0.02
2194  2739.0  0.02
2195  2739.0  0.02
2196  2739.0  0.02
2197  2739.0  0.02
2198  2739.0  0.02
2199  2739.0  0.02
2200  2739.0  0.02
2201  2739.0  0.02
2202  2739.0  0.02
2203  2739.0  0.02
2204  2739.0  0.02
2205  2739.0  0.02
2206  2739.0  0.02
2207  2739.0  0.02
2208  2739.0  0.02
2209  2739.0  0.02
2210  2739.0  0.02
2211  2739.0  0.02
2212  2739.0  0.02
2213  2739.0  0.02
2214  2739.0  0.02
2215  2739.0  0.02
2216  2739.0  0.02
2217  2739.0  0.02
2218  2739.0  0.02
2219  2739.0  0.02
2220  2739.0  0.02
2221  2739.0  0.02
2222  2739.0  0.02
2223  2739.0  0.02
2224  2739.0  0.02
2225  2739.0  0.02
2226  2739.0  0.02
2227  2739.0  0.02
2228  2739.0  0.02
2229  2739.0  0.02
2230  2739.0  0.02
2231  2739.0  0.02
2232  2739.0  0.02
2233  2739.0  0.02
2234  2739.0  0.02
2235  2739.0  0.02
2236  2739.0  0.02
2237  2739.0  0.02
2238  2739.0  0.02
2239  2739.0  0.02
2240  2739.0  0.02
2241  2739.0  0.02
2242  2739.0  0.02
2243  2739.0  0.02
2244  2739.0  0.02
2245  2739.0  0.02
2246  2739.0  0.02
2247  2739.0  0.02
2248  2739.0  0.02
2249  2739.0  0.02
2250  2739.0  0.02
2251  2739.0  0.02
2252  2739.0  0.02
2253  2739.0  0.02
2254  2739.0  0.02
2255  2739.0  0.02
2256  2739.0  0.02
2257  2739.0  0.02
2258  2739.0  0.02
2259  2739.0  0.02
2260  2739.0  0.02
2261  2739.0  0.02
2262  2739.0  0.02
2263  2739.0  0.02
2264  2739.0  0.02
2265  2739.0  0.02
2266  2739.0  0.02
2267  2739.0  0.02
2268  2739.0  0.02
2269  2739.0  0.02
2270  2739.0  0.02
2271  2739.0  0.02
2272  2739.0  0.02
2273  2739.0  0.02
2274  2739.0  0.02
2275  2739.0  0.02
2276  2739.0  0.02
2277  2739.0  0.02
2278  2739.0  0.02
2279  2739.0  0.02
2280  2739.0  0.02
2281  2739.0  0.02
2282  2739.0  0.02
2283  2739.0  0.02
2284  2739.0  0.02
2285  2739.0  0.02
2286  2739.0  0.02
2287  2739.0  0.02
2288  2739.0  0.02
2289  2739.0  0.02
2290  2739.0  0.02
2291  2739.0  0.02
2292  2739.0  0.02
2293  2739.0  0.02
2294  2739.0  0.02
2295  2739.0  0.02
2296  2739.0  0.02
2297  2739.0  0.02
2298  2739.0  0.02
2299  2739.0  0.02
2300  2739.0  0.02
2301  2739.0  0.02
2302  2739.0  0.02
2303  2739.0  0.02
2304  2739.0  0.02
2305  2739.0  0.02
2306  2739.0  0.02
2307  2739.0  0.02
2308  2739.0  0.02
2309  2739.0  0.02
2310  2739.0  0.02
2311  2739.0  0.02
2312  2739.0  0.02
2313  2739.0  0.02
2314  2739.0  0.02
2315  2739.0  0.02
2316  2739.0  0.02
2317  2739.0  0.02
2318  2739.0  0.02
2319  2739.0  0.02
2320  2739.0  0.02
2321  2739.0  0.02
2322  2739.0  0.02
2323  2739.0  0.02
2324  2739.0  0.02
2325  2739.0  0.02
2326  2739.0  0.02
2327  2739.0  0.02
2328  2739.0  0.02
2329  2739.0  0.02
2330  2739.0  0.02
2331  2739.0  0.02
2332  2739.0  0.02
2333  2739.0  0.02
2334  2739.0  0.02
2335  2739.0  0.02
2336  2739.0  0.02
2337  2739.0  0.02
2338  2739.0  0.02
2339  2739.0  0.02
2340  2739.0  0.02
2341  2739.0  0.02
2342  2739.0  0.02
2343  2739.0  0.02
2344  2739.0  0.02
2345  2739.0  0.02
2346  2739.0  0.02
2347  2739.0  0.02
2348  2739.0  0.02
2349  2739.0  0.02
2350  2739.0  0.02
2351  2739.0  0.02
2352  2739.0  0.02
2353  2739.0  0.02
2354  2739.0  0.02
2355  2739.0  0.02
2356  2739.0  0.02
2357  2739.0  0.02
2358  2739.0  0.02
2359  2739.0  0.02
2360  2739.0  0.02
2361  2739.0  0.02
2362  2739.0  0.02
2363  2739.0  0.02
2364  2739.0  0.02
2365  2739.0  0.02
2366  2739.0  0.02
2367  2739.0  0.02
2368  2739.0  0.02
2369  2739.0  0.02
2370  2739.0  0.02
2371  2739.0  0.02
2372  2739.0  0.02
2373  2739.0  0.02
2374  2739.0  0.02
2375  2739.0  0.02
2376  2739.0  0.02
2377  2739.0  0.02
2378  2739.0  0.02
2379  2739.0  0.02
2380  2739.0  0.02
2381  2739.0  0.02
2382  2739.0  0.02
2383  2739.0  0.02
2384  2739.0  0.02
2385  2739.0  0.02
2386  2739.0  0.02
2387  2739.0  0.02
2388  2739.0  0.02
2389  2739.0  0.02
2390  2739.0  0.02
2391  2739.0  0.02
2392  2739.0  0.02
2393  2739.0  0.02
2394  2739.0  0.02
2395  2739.0  0.02
2396  2739.0  0.02
2397  2739.0  0.02
2398  2739.0  0.02
2399  2739.0  0.02
2400  2739.0  0.02
2401  2739.0  0.02
2402  2739.0  0.02
2403  2739.0  0.02
2404  2739.0  0.02
2405  2739.0  0.02
2406  2739.0  0.02
2407  2739.0  0.02
2408  2739.0  0.02
2409  2739.0  0.02
2410  2739.0  0.02
2411  2739.0  0.02
2412  2739.0  0.02
2413  2739.0  0.02
2414  2739.0  0.02
2415  2739.0  0.02
2416  2739.0  0.02
2417  2739.0  0.02
2418  2739.0  0.02
2419  2739.0  0.02
2420  2739.0  0.02
2421  2739.0  0.02
2422  2739.0  0.02
2423  2739.0  0.02
2424  2739.0  0.02
2425  2739.0  0.02
2426  2739.0  0.02
2427  2739.0  0.02
2428  2739.0  0.02
2429  2739.0  0.02
2430  2739.0  0.02
2431  2739.0  0.02
2432  2739.0  0.02
2433  2739.0  0.02
2434  2739.0  0.02
2435  2739.0  0.02
2436  2739.0  0.02
2437  2739.0  0.02
2438  2739.0  0.02
2439  2739.0  0.02
2440  2739.0  0.02
2441  2739.0  0.02
2442  2739.0  0.02
2443  2739.0  0.02
2444  2739.0  0.02
2445  2739.0  0.02
2446  2739.0  0.02
2447  2739.0  0.02
2448  2739.0  0.02
2449  2739.0  0.02
2450  2739.0  0.02
2451  2739.0  0.02
2452  2739.0  0.02
2453  2739.0  0.02
2454  2739.0  0.02
2455  2739.0  0.02
2456  2739.0  0.02
2457  2739.0  0.02
2458  2739.0  0.02
2459  2739.0  0.02
2460  2739.0  0.02
2461  2739.0  0.02
2462  2739.0  0.02
2463  2739.0  0.02
2464  2739.0  0.02
2465  2739.0  0.02
2466  2739.0  0.02
2467  2739.0  0.02
2468  2739.0  0.02
2469  2739.0  0.02
2470  2739.0  0.02
2471  2739.0  0.02
2472  2739.0  0.02
2473  2739.0  0.02
2474  2739.0  0.02
2475  2739.0  0.02
2476  2739.0  0.02
2477  2739.0  0.02
2478  2739.0  0.02
2479  2739.0  0.02
2480  2739.0  0.02
2481  2739.0  0.02
2482  2739.0  0.02
2483  2739.0  0.02
2484  2739.0  0.02
2485  2739.0  0.02
2486  2739.0  0.02
2487  2739.0  0.02
2488  2739.0  0.02
2489  2739.0  0.02
2490  2739.0  0.02
2491  2739.0  0.02
2492  2739.0  0.02
2493  2739.0  0.02
2494  2739.0  0.02
2495  2739.0  0.02
2496  2739.0  0.02
2497  2739.0  0.02
2498  2739.0  0.02
2499  2739.0  0.02
2500  2739.0  0.02
2501  2739.0  0.02
2502  2739.0  0.02
2503  2739.0  0.02
2504  2739.0  0.02
2505  2739.0  0.02
2506  2739.0  0.02
2507  2739.0  0.02
2508  2739.0  0.02
2509  2739.0  0.02
2510  2739.0  0.02
2511  2739.0  0.02
2512  2739.0  0.02
2513  2739.0  0.02
2514  2739.0  0.02
2515  2739.0  0.02
2516  2739.0  0.02
2517  2739.0  0.02
2518  2739.0  0.02
2519  2739.0  0.02
2520  2739.0  0.02
2521  2739.0  0.02
2522  2739.0  0.02
2523  2739.0  0.02
2524  2739.0  0.02
2525  2739.0  0.02
2526  2739.0  0.02
2527  2739.0  0.02
2528  2739.0  0.02
2529  2739.0  0.02
2530  2739.0  0.02
2531  2739.0  0.02
2532  2739.0  0.02
2533  2739.0  0.02
2534  2739.0  0.02
2535  2739.0  0.02
2536  2739.0  0.02
2537  2739.0  0.02
2538  2739.0  0.02
2539  2739.0  0.02
2540  2739.0  0.02
2541  2739.0  0.02
2542  2739.0  0.02
2543  2739.0  0.02
2544  2739.0  0.02
2545  2739.0  0.02
2546  2739.0  0.02
2547  2739.0  0.02
2548  2739.0  0.02
2549  2739.0  0.02
2550  2739.0  0.02
2551  2739.0  0.02
2552  2739.0  0.02
2553  2739.0  0.02
2554  2739.0  0.02
2555  2739.0  0.02
2556  2739.0  0.02
2557  2739.0  0.02
2558  2739.0  0.02
2559  2739.0  0.02
2560  2739.0  0.02
2561  2739.0  0.02
2562  2739.0  0.02
2563  2739.0  0.02
2564  2739.0  0.02
2565  2739.0  0.02
2566  2739.0  0.02
2567  2739.0  0.02
2568  2739.0  0.02
2569  2739.0  0.02
2570  2739.0  0.02
2571  2739.0  0.02
2572  2739.0  0.02
2573  2739.0  0.02
2574  2739.0  0.02
2575  2739.0  0.02
2576  2739.0  0.02
2577  2739.0  0.02
2578  2739.0  0.02
2579  2739.0  0.02
2580  2739.0  0.02
2581  2739.0  0.02
2582  2739.0  0.02
2583  2739.0  0.02
2584  2739.0  0.02
2585  2739.0  0.02
2586  2739.0  0.02
2587  2739.0  0.02
2588  2739.0  0.02
2589  2739.0  0.02
2590  2739.0  0.02
2591  2739.0  0.02
2592  2739.0  0.02
2593  2739.0  0.02
2594  2739.0  0.02
2595  2739.0  0.02
2596  2739.0  0.02
2597  2739.0  0.02
2598  2739.0  0.02
2599  2739.0  0.02
2600  2739.0  0.02
2601  2739.0  0.02
2602  2739.0  0.02
2603  2739.0  0.02
2604  2739.0  0.02
2605  2739.0  0.02
2606  2739.0  0.02
2607  2739.0  0.02
2608  2739.0  0.02
2609  2739.0  0.02
2610  2739.0  0.02
2611  2739.0  0.02
2612  2739.0  0.02
2613  2739.0  0.02
2614  2739.0  0.02
2615  2739.0  0.02
2616  2739.0  0.02
2617  2739.0  0.02
2618  2739.0  0.02
2619  2739.0  0.02
2620  2739.0  0.02
2621  2739.0  0.02
2622  2739.0  0.02
2623  2739.0  0.02
2624  2739.0  0.02
2625  2739.0  0.02
2626  2739.0  0.02
2627  2739.0  0.02
2628  2739.0  0.02
2629  2739.0  0.02
2630  2739.0  0.02
2631  2739.0  0.02
2632  2739.0  0.02
2633  2739.0  0.02
2634  2739.0  0.02
2635  2739.0  0.02
2636  2739.0  0.02
2637  2739.0  0.02
2638  2739.0  0.02
2639  2739.0  0.02
2640  2739.0  0.02
2641  2739.0  0.02
2642  2739.0  0.02
2643  2739.0  0.02
2644  2739.0  0.02
2645  2739.0  0.02
2646  2739.0  0.02
2647  2739.0  0.02
2648  2739.0  0.02
2649  2739.0  0.02
2650  2739.0  0.02
2651  2739.0  0.02
2652  2739.0  0.02
2653  2739.0  0.02
2654  2739.0  0.02
2655  2739.0  0.02
2656  2739.0  0.02
2657  2739.0  0.02
2658  2739.0  0.02
2659  2739.0  0.02
2660  2739.0  0.02
2661  2739.0  0.02
2662  2739.0  0.02
2663  2739.0  0.02
2664  2739.0  0.02
2665  2739.0  0.02
2666  2739.0  0.02
2667  2739.0  0.02
2668  2739.0  0.02
2669  2739.0  0.02
2670  2739.0  0.02
2671  2739.0  0.02
2672  2739.0  0.02
2673  2739.0  0.02
2674  2739.0  0.02
2675  2739.0  0.02
2676  2739.0  0.02
2677  2739.0  0.02
2678  2739.0  0.02
2679  2739.0  0.02
2680  2739.0  0.02
2681  2739.0  0.02
2682  2739.0  0.02
2683  2739.0  0.02
2684  2739.0  0.02
2685  2739.0  0.02
2686  2739.0  0.02
2687  2739.0  0.02
2688  2739.0  0.02
2689  2739.0  0.02
2690  2739.0  0.02
2691  2739.0  0.02
2692  2739.0  0.02
2693  2739.0  0.02
2694  2739.0  0.02
2695  2739.0  0.02
2696  2739.0  0.02
2697  2739.0  0.02
2698  2739.0  0.02
2699  2739.0  0.02
2700  2739.0  0.02
2701  2739.0  0.02
2702  2739.0  0.02
2703  2739.0  0.02
2704  2739.0  0.02
2705  2739.0  0.02
2706  2739.0  0.02
2707  2739.0  0.02
2708  2739.0  0.02
2709  2739.0  0.02
2710  2739.0  0.02
2711  2739.0  0.02
2712  2739.0  0.02
2713  2739.0  0.02
2714  2739.0  0.02
2715  2739.0  0.02
2716  2739.0  0.02
2717  2739.0  0.02
2718  2739.0  0.02
2719  2739.0  0.02
2720  2739.0  0.02
2721  2739.0  0.02
2722  2739.0  0.02
2723  2739.0  0.02
2724  2739.0  0.02
2725  2739.0  0.02
2726  2739.0  0.02
2727  2739.0  0.02
2728  2739.0  0.02
2729  2739.0  0.02
2730  2739.0  0.02
2731  2739.0  0.02
2732  2739.0  0.02
2733  2739.0  0.02
2734  2739.0  0.02
2735  2739.0  0.02
2736  2739.0  0.02
2737  2739.0  0.02
2738  2739.0  0.02
2739  2739.0  0.02
2740  2739.0  0.02
2741  2739.0  0.02
2742  2739.0  0.02
2743  2739.0  0.02
2744  2739.0  0.02
2745  2739.0  0.02
2746  2739.0  0.02
2747  2739.0  0.02
2748  2739.0  0.02
2749  2739.0  0.02
2750  2739.0  0.02
2751  2739.0  0.02
2752  2739.0  0.02
2753  2739.0  0.02
2754  2739.0  0.02
2755  2739.0  0.02
2756  2739.0  0.02
2757  2739.0  0.02
2758  2739.0  0.02
2759  2739.0  0.02
2760  2739.0  0.02
2761  2739.0  0.02
2762  2739.0  0.02
2763  2739.0  0.02
2764  2739.0  0.02
2765  2739.0  0.02
2766  2739.0  0.02
2767  2739.0  0.02
2768  2739.0  0.02
2769  2739.0  0.02
2770  2739.0  0.02
2771  2739.0  0.02
2772  2739.0  0.02
2773  2739.0  0.02
2774  2739.0  0.02
2775  2739.0  0.02
2776  2739.0  0.02
2777  2739.0  0.02
2778  2739.0  0.02
2779  2739.0  0.02
2780  2739.0  0.02
2781  2739.0  0.02
2782  2739.0  0.02
2783  2739.0  0.02
2784  2739.0  0.02
2785  2739.0  0.02
2786  2739.0  0.02
2787  2739.0  0.02
2788  2739.0  0.02
2789  2739.0  0.02
2790  2739.0  0.02
2791  2739.0  0.02
2792  2739.0  0.02
2793  2739.0  0.02
2794  2739.0  0.02
2795  2739.0  0.02
2796  2739.0  0.02
2797  2739.0  0.02
2798  2739.0  0.02
2799  2739.0  0.02
2800  2739.0  0.02
2801  2739.0  0.02
2802  2739.0  0.02
2803  2739.0  0.02
2804  2739.0  0.02
2805  2739.0  0.02
2806  2739.0  0.02
2807  2739.0  0.02
2808  2739.0  0.02
2809  2739.0  0.02
2810  2739.0  0.02
2811  2739.0  0.02
2812  2739.0  0.02
2813  2739.0  0.02
2814  2739.0  0.02
2815  2739.0  0.02
2816  2739.0  0.02
2817  2739.0  0.02
2818  2739.0  0.02
2819  2739.0  0.02
2820  2739.0  0.02
2821  2739.0  0.02
2822  2739.0  0.02
2823  2739.0  0.02
2824  2739.0  0.02
2825  2739.0  0.02
2826  2739.0  0.02
2827  2739.0  0.02
2828  2739.0  0.02
2829  2739.0  0.02
2830  2739.0  0.02
2831  2739.0  0.02
2832  2739.0  0.02
2833  2739.0  0.02
2834  2739.0  0.02
2835  2739.0  0.02
2836  2739.0  0.02
2837  2739.0  0.02
2838  2739.0  0.02
2839  2739.0  0.02
2840  2739.0  0.02
2841  2739.0  0.02
2842  2739.0  0.02
2843  2739.0  0.02
2844  2739.0  0.02
2845  2739.0  0.02
2846  2739.0  0.02
2847  2739.0  0.02
2848  2739.0  0.02
2849  2739.0  0.02
2850  2739.0  0.02
2851  2739.0  0.02
2852  2739.0  0.02
2853  2739.0  0.02
2854  2739.0  0.02
2855  2739.0  0.02
2856  2739.0  0.02
2857  2739.0  0.02
2858  2739.0  0.02
2859  2739.0  0.02
2860  2739.0  0.02
2861  2739.0  0.02
2862  2739.0  0.02
2863  2739.0  0.02
2864  2739.0  0.02
2865  2739.0  0.02
2866  2739.0  0.02
2867  2739.0  0.02
2868  2739.0  0.02
2869  2739.0  0.02
2870  2739.0  0.02
2871  2739.0  0.02
2872  2739.0  0.02
2873  2739.0  0.02
2874  2739.0  0.02
2875  2739.0  0.02
2876  2739.0  0.02
2877  2739.0  0.02
2878  2739.0  0.02
2879  2739.0  0.02
2880  2739.0  0.02
2881  2739.0  0.02
2882  2739.0  0.02
2883  2739.0  0.02
2884  2739.0  0.02
2885  2739.0  0.02
2886  2739.0  0.02
2887  2739.0  0.02
2888  2739.0  0.02
2889  2739.0  0.02
2890  2739.0  0.02
2891  2739.0  0.02
2892  2739.0  0.02
2893  2739.0  0.02
2894  2739.0  0.02
2895  2739.0  0.02
2896  2739.0  0.02
2897  2739.0  0.02
2898  2739.0  0.02
2899  2739.0  0.02
2900  2739.0  0.02
2901  2739.0  0.02
2902  2739.0  0.02
2903  2739.0  0.02
2904  2739.0  0.02
2905  2739.0  0.02
2906  2739.0  0.02
2907  2739.0  0.02
2908  2739.0  0.02
2909  2739.0  0.02
2910  2739.0  0.02
2911  2739.0  0.02
2912  2739.0  0.02
2913  2739.0  0.02
2914  2739.0  0.02
2915  2739.0  0.02
2916  2739.0  0.02
2917  2739.0  0.02
2918  2739.0  0.02
2919  2739.0  0.02
2920  2739.0  0.02
2921  2739.0  0.02
2922  2739.0  0.02
2923  2739.0  0.02
2924  2739.0  0.02
2925  2739.0  0.02
2926  2739.0  0.02
2927  2739.0  0.02
2928  2739.0  0.02
2929  2739.0  0.02
2930  2739.0  0.02
2931  2739.0  0.02
2932  2739.0  0.02
2933  2739.0  0.02
2934  2739.0  0.02
2935  2739.0  0.02
2936  2739.0  0.02
2937  2739.0  0.02
2938  2739.0  0.02
2939  2739.0  0.02
2940  2739.0  0.02
2941  2739.0  0.02
2942  2739.0  0.02
2943  2739.0  0.02
2944  2739.0  0.02
2945  2739.0  0.02
2946  2739.0  0.02
2947  2739.0  0.02
2948  2739.0  0.02
2949  2739.0  0.02
2950  2739.0  0.02
2951  2739.0  0.02
2952  2739.0  0.02
2953  2739.0  0.02
2954  2739.0  0.02
2955  2739.0  0.02
2956  2739.0  0.02
2957  2739.0  0.02
2958  2739.0  0.02
2959  2739.0  0.02
2960  2739.0  0.02
2961  2739.0  0.02
2962  2739.0  0.02
2963  2739.0  0.02
2964  2739.0  0.02
2965  2739.0  0.02
2966  2739.0  0.02
2967  2739.0  0.02
2968  2739.0  0.02
2969  2739.0  0.02
2970  2739.0  0.02
2971  2739.0  0.02
2972  2739.0  0.02
2973  2739.0  0.02
2974  2739.0  0.02
2975  2739.0  0.02
2976  2739.0  0.02
2977  2739.0  0.02
2978  2739.0  0.02
2979  2739.0  0.02
2980  2739.0  0.02
2981  2739.0  0.02
2982  2739.0  0.02
2983  2739.0  0.02
2984  2739.0  0.02
2985  2739.0  0.02
2986  2739.0  0.02
2987  2739.0  0.02
2988  2739.0  0.02
2989  2739.0  0.02
2990  2739.0  0.02
2991  2739.0  0.02
2992  2739.0  0.02
2993  2739.0  0.02
2994  2739.0  0.02
2995  2739.0  0.02
2996  2739.0  0.02
2997  2739.0  0.02
2998  2739.0  0.02
2999  2739.0  0.02
#[-5, 0, 5, 9, 9, 9, 9, 9, 9, 9]
#[9, 9, 9, 9, 9, 9, 9, 9, 9, 9]
#[9, 9, 9, 9, 9, 9, 9, 9, 9, 9]
#[9, 9, 9, 9, 9, 9, 9, 9, 9, 9]
#[7, 9, 9, 9, 9, 9, 9, 9, 9, 9]
#[8, 9, 9, 9, 9, 9, 9, 9, 9, 9]
#[7, 9, 9, 9, 9, 9, 9, 9, 9, 9]
#[9, 9, 9, 9, 9, 9, 9, 9, 9, 9]
#[-2, 3, 9, 9, 9, 9, 9, 9, 9, 9]
#Specialization index= [1, 9, 0.12195121951219512]
