#[2, 2, 1, 4, 0, 1, 7, 2, 6, 5]
#[5, 6, 4, 9, 7, 7, 8, 3, 6, 7]
#[2, 1, 1, 1, 6, 4, 8, 5, 5, 2]
#[5, 3, 6, 2, 9, 7, 8, 7, 3, 7]
#[6, 2, 3, 4, 9, 1, 7, 7, 5, 2]
#[7, 7, 0, 1, 7, 9, 4, 6, 8, 4]
#[1, 9, 1, 4, 7, 2, 7, 2, 9, 2]
#[0, 4, 7, 5, 2, 9, 7, 8, 1, 9]
#[6, 2, 5, 0, 2, 8, 1, 7, 9, 9]
0  5429.0  0.0
1  5429.0  0.0
2  5429.0  0.0
3  5429.0  0.0
4  5429.0  0.0
5  5429.0  0.0
6  5429.0  0.0
7  5429.0  0.0
8  6235.5  0.22
9  6235.75  0.22
10  6235.875  0.22
11  6235.9375  0.22
12  6235.96875  0.22
13  6235.984375  0.22
14  6235.9921875  0.22
15  6235.99609375  0.22
16  6235.99804688  0.22
17  6235.99902344  0.22
18  6235.99951172  0.22
19  6235.99975586  0.22
20  6235.99987793  0.22
21  6235.99993896  0.22
22  6235.99996948  0.22
23  6235.99998474  0.22
24  6235.99999237  0.22
25  6235.99999619  0.22
26  6235.99999809  0.22
27  6235.99999905  0.22
28  6235.99999952  0.22
29  6235.99999976  0.22
30  6235.99999988  0.22
31  6235.99999994  0.22
32  6235.99999997  0.22
33  6235.99999999  0.22
34  6235.99999999  0.22
35  6236.0  0.22
36  6236.0  0.22
37  6236.0  0.22
38  6236.0  0.22
39  6236.0  0.22
40  6236.0  0.22
41  6236.0  0.22
42  6236.0  0.22
43  6236.0  0.22
44  6236.0  0.22
45  6236.0  0.22
46  6236.0  0.22
47  6236.0  0.22
48  6236.0  0.22
49  6236.0  0.22
50  7046.0  0.16
51  7046.0  0.16
52  7046.0  0.16
53  7046.0  0.16
54  7046.0  0.16
55  7046.0  0.16
56  7046.0  0.16
57  7046.0  0.16
58  7046.0  0.16
59  7046.0  0.16
60  7046.0  0.16
61  7046.0  0.16
62  7046.0  0.16
63  7046.0  0.16
64  7046.0  0.16
65  7046.0  0.16
66  7046.0  0.16
67  7046.0  0.16
68  7046.0  0.16
69  7046.0  0.16
70  7046.0  0.16
71  7046.0  0.16
72  7046.0  0.16
73  7046.0  0.16
74  7046.0  0.16
75  7046.0  0.16
76  7046.0  0.16
77  7046.0  0.16
78  7046.0  0.16
79  7046.0  0.16
80  7046.0  0.16
81  7046.0  0.16
82  7046.0  0.16
83  7046.0  0.16
84  7046.0  0.16
85  7046.0  0.16
86  7046.0  0.16
87  7046.0  0.16
88  7046.0  0.16
89  7046.0  0.16
90  7046.0  0.16
91  7046.0  0.16
92  7046.0  0.16
93  7046.0  0.16
94  7046.0  0.16
95  7046.0  0.16
96  7046.0  0.16
97  7046.0  0.16
98  7046.0  0.16
99  7046.0  0.16
100  7046.0  0.16
101  7046.0  0.16
102  7046.0  0.16
103  7046.0  0.16
104  7046.0  0.16
105  7046.0  0.16
106  7046.0  0.16
107  7046.0  0.16
108  7046.0  0.16
109  7046.0  0.16
110  7046.0  0.16
111  7046.0  0.16
112  7046.0  0.16
113  7046.0  0.16
114  7046.0  0.16
115  7046.0  0.16
116  7046.0  0.16
117  7046.0  0.16
118  7046.0  0.16
119  7046.0  0.16
120  7046.0  0.16
121  7046.0  0.16
122  7046.0  0.16
123  7046.0  0.16
124  7046.0  0.16
125  7046.0  0.16
126  7046.0  0.16
127  7046.0  0.16
128  7046.0  0.16
129  7046.0  0.16
130  7046.0  0.16
131  7046.0  0.16
132  7046.0  0.16
133  7046.0  0.16
134  7046.0  0.16
135  7046.0  0.16
136  7046.0  0.16
137  7046.0  0.16
138  7046.0  0.16
139  7046.0  0.16
140  7046.0  0.16
141  7046.0  0.16
142  7046.0  0.16
143  7046.0  0.16
144  7046.0  0.16
145  7046.0  0.16
146  7046.0  0.16
147  7046.0  0.16
148  7046.0  0.16
149  7046.0  0.16
150  7046.0  0.16
151  7046.0  0.16
152  7046.0  0.16
153  7046.0  0.16
154  7046.0  0.16
155  7046.0  0.16
156  7046.0  0.16
157  7046.0  0.16
158  7046.0  0.16
159  7046.0  0.16
160  7046.0  0.16
161  7046.0  0.16
162  7046.0  0.16
163  7046.0  0.16
164  7046.0  0.16
165  7046.0  0.16
166  7046.0  0.16
167  7046.0  0.16
168  7046.0  0.16
169  7046.0  0.16
170  7046.0  0.16
171  7046.0  0.16
172  7046.0  0.16
173  7046.0  0.16
174  7046.0  0.16
175  7046.0  0.16
176  7046.0  0.16
177  7046.0  0.16
178  7046.0  0.16
179  7046.0  0.16
180  7046.0  0.16
181  7046.0  0.16
182  7046.0  0.16
183  7046.0  0.16
184  7046.0  0.16
185  7046.0  0.16
186  7046.0  0.16
187  7046.0  0.16
188  7046.0  0.16
189  7046.0  0.16
190  7046.0  0.16
191  7046.0  0.16
192  7046.0  0.16
193  7046.0  0.16
194  7046.0  0.16
195  7046.0  0.16
196  7046.0  0.16
197  7046.0  0.16
198  7046.0  0.16
199  7046.0  0.16
200  7046.0  0.16
201  7046.0  0.16
202  7046.0  0.16
203  7046.0  0.16
204  7046.0  0.16
205  7046.0  0.16
206  7046.0  0.16
207  7046.0  0.16
208  7046.0  0.16
209  7046.0  0.16
210  7046.0  0.16
211  7046.0  0.16
212  7046.0  0.16
213  7046.0  0.16
214  7046.0  0.16
215  7046.0  0.16
216  7046.0  0.16
217  7046.0  0.16
218  7046.0  0.16
219  7046.0  0.16
220  7046.0  0.16
221  7046.0  0.16
222  7046.0  0.16
223  7046.0  0.16
224  7046.0  0.16
225  7046.0  0.16
226  7046.0  0.16
227  7046.0  0.16
228  7046.0  0.16
229  7046.0  0.16
230  7046.0  0.16
231  7046.0  0.16
232  7046.0  0.16
233  7046.0  0.16
234  7046.0  0.16
235  7046.0  0.16
236  7046.0  0.16
237  7046.0  0.16
238  7046.0  0.16
239  7046.0  0.16
240  7046.0  0.16
241  7046.0  0.16
242  7046.0  0.16
243  7046.0  0.16
244  7046.0  0.16
245  7046.0  0.16
246  7046.0  0.16
247  7046.0  0.16
248  7046.0  0.16
249  7046.0  0.16
250  7046.0  0.16
251  7046.0  0.16
252  7046.0  0.16
253  7046.0  0.16
254  7046.0  0.16
255  7046.0  0.16
256  7046.0  0.16
257  7046.0  0.16
258  7046.0  0.16
259  7046.0  0.16
260  7046.0  0.16
261  7046.0  0.16
262  7046.0  0.16
263  7046.0  0.16
264  7046.0  0.16
265  7046.0  0.16
266  7046.0  0.16
267  7046.0  0.16
268  7046.0  0.16
269  7046.0  0.16
270  7046.0  0.16
271  7046.0  0.16
272  7046.0  0.16
273  7046.0  0.16
274  7046.0  0.16
275  7046.0  0.16
276  7046.0  0.16
277  7046.0  0.16
278  7046.0  0.16
279  7046.0  0.16
280  7046.0  0.16
281  7046.0  0.16
282  7046.0  0.16
283  7046.0  0.16
284  7046.0  0.16
285  7046.0  0.16
286  7046.0  0.16
287  7046.0  0.16
288  7046.0  0.16
289  7046.0  0.16
290  7046.0  0.16
291  7046.0  0.16
292  7046.0  0.16
293  7046.0  0.16
294  7046.0  0.16
295  7046.0  0.16
296  7046.0  0.16
297  7046.0  0.16
298  7046.0  0.16
299  7046.0  0.16
300  7046.0  0.16
301  7046.0  0.16
302  7046.0  0.16
303  7046.0  0.16
304  7046.0  0.16
305  7046.0  0.16
306  7046.0  0.16
307  7046.0  0.16
308  7046.0  0.16
309  7046.0  0.16
310  7046.0  0.16
311  7046.0  0.16
312  7046.0  0.16
313  7046.0  0.16
314  7046.0  0.16
315  7046.0  0.16
316  7046.0  0.16
317  7046.0  0.16
318  7046.0  0.16
319  7046.0  0.16
320  7046.0  0.16
321  7046.0  0.16
322  7046.0  0.16
323  7046.0  0.16
324  7046.0  0.16
325  7046.0  0.16
326  7046.0  0.16
327  7046.0  0.16
328  7046.0  0.16
329  7046.0  0.16
330  7046.0  0.16
331  7046.0  0.16
332  7046.0  0.16
333  7046.0  0.16
334  7046.0  0.16
335  7046.0  0.16
336  7046.0  0.16
337  7046.0  0.16
338  7046.0  0.16
339  7046.0  0.16
340  7046.0  0.16
341  7046.0  0.16
342  7046.0  0.16
343  7046.0  0.16
344  7046.0  0.16
345  7046.0  0.16
346  7046.0  0.16
347  7046.0  0.16
348  7046.0  0.16
349  7046.0  0.16
350  7046.0  0.16
351  7046.0  0.16
352  7046.0  0.16
353  7046.0  0.16
354  7046.0  0.16
355  7046.0  0.16
356  7046.0  0.16
357  7046.0  0.16
358  7046.0  0.16
359  7046.0  0.16
360  7046.0  0.16
361  7046.0  0.16
362  7046.0  0.16
363  7046.0  0.16
364  7046.0  0.16
365  7046.0  0.16
366  7046.0  0.16
367  7046.0  0.16
368  7046.0  0.16
369  7046.0  0.16
370  7046.0  0.16
371  7046.0  0.16
372  7046.0  0.16
373  7046.0  0.16
374  7046.0  0.16
375  7046.0  0.16
376  7046.0  0.16
377  7046.0  0.16
378  7046.0  0.16
379  7046.0  0.16
380  7046.0  0.16
381  7046.0  0.16
382  7046.0  0.16
383  7046.0  0.16
384  7046.0  0.16
385  7046.0  0.16
386  7046.0  0.16
387  7046.0  0.16
388  7046.0  0.16
389  7046.0  0.16
390  7046.0  0.16
391  7046.0  0.16
392  7046.0  0.16
393  7046.0  0.16
394  7046.0  0.16
395  7046.0  0.16
396  7046.0  0.16
397  7046.0  0.16
398  7046.0  0.16
399  7046.0  0.16
400  7046.0  0.16
401  7046.0  0.16
402  7046.0  0.16
403  7046.0  0.16
404  7046.0  0.16
405  7046.0  0.16
406  7046.0  0.16
407  7046.0  0.16
408  7046.0  0.16
409  7046.0  0.16
410  7046.0  0.16
411  7046.0  0.16
412  7046.0  0.16
413  7046.0  0.16
414  7046.0  0.16
415  7046.0  0.16
416  7046.0  0.16
417  7046.0  0.16
418  7046.0  0.16
419  7046.0  0.16
420  7046.0  0.16
421  7046.0  0.16
422  7046.0  0.16
423  7046.0  0.16
424  7046.0  0.16
425  7046.0  0.16
426  7046.0  0.16
427  7046.0  0.16
428  7046.0  0.16
429  7046.0  0.16
430  7046.0  0.16
431  7046.0  0.16
432  7046.0  0.16
433  7046.0  0.16
434  7046.0  0.16
435  7046.0  0.16
436  7046.0  0.16
437  7046.0  0.16
438  7046.0  0.16
439  7046.0  0.16
440  7046.0  0.16
441  7046.0  0.16
442  7046.0  0.16
443  7046.0  0.16
444  7046.0  0.16
445  7046.0  0.16
446  7046.0  0.16
447  7046.0  0.16
448  7046.0  0.16
449  7046.0  0.16
450  7046.0  0.16
451  7046.0  0.16
452  7046.0  0.16
453  7046.0  0.16
454  7046.0  0.16
455  7046.0  0.16
456  7046.0  0.16
457  7046.0  0.16
458  7046.0  0.16
459  7046.0  0.16
460  7046.0  0.16
461  7046.0  0.16
462  7046.0  0.16
463  7046.0  0.16
464  7046.0  0.16
465  7046.0  0.16
466  7046.0  0.16
467  7046.0  0.16
468  7046.0  0.16
469  7046.0  0.16
470  7046.0  0.16
471  7046.0  0.16
472  7046.0  0.16
473  7046.0  0.16
474  7046.0  0.16
475  7046.0  0.16
476  7046.0  0.16
477  7046.0  0.16
478  7046.0  0.16
479  7046.0  0.16
480  7046.0  0.16
481  7046.0  0.16
482  7046.0  0.16
483  7046.0  0.16
484  7046.0  0.16
485  7046.0  0.16
486  7046.0  0.16
487  7046.0  0.16
488  7046.0  0.16
489  7046.0  0.16
490  7046.0  0.16
491  7046.0  0.16
492  7046.0  0.16
493  7046.0  0.16
494  7046.0  0.16
495  7046.0  0.16
496  7046.0  0.16
497  7046.0  0.16
498  7046.0  0.16
499  7046.0  0.16
500  7046.0  0.16
501  7046.0  0.16
502  7046.0  0.16
503  7046.0  0.16
504  7046.0  0.16
505  7046.0  0.16
506  7046.0  0.16
507  7046.0  0.16
508  7046.0  0.16
509  7046.0  0.16
510  7046.0  0.16
511  7046.0  0.16
512  7046.0  0.16
513  7046.0  0.16
514  7046.0  0.16
515  7046.0  0.16
516  7046.0  0.16
517  7046.0  0.16
518  7046.0  0.16
519  7046.0  0.16
520  7046.0  0.16
521  7046.0  0.16
522  7046.0  0.16
523  7046.0  0.16
524  7046.0  0.16
525  7046.0  0.16
526  7046.0  0.16
527  7046.0  0.16
528  7046.0  0.16
529  7046.0  0.16
530  7046.0  0.16
531  7046.0  0.16
532  7046.0  0.16
533  7046.0  0.16
534  7046.0  0.16
535  7046.0  0.16
536  7046.0  0.16
537  7046.0  0.16
538  7046.0  0.16
539  7046.0  0.16
540  7046.0  0.16
541  7046.0  0.16
542  7046.0  0.16
543  7046.0  0.16
544  7046.0  0.16
545  7046.0  0.16
546  7046.0  0.16
547  7046.0  0.16
548  7046.0  0.16
549  7046.0  0.16
550  7046.0  0.16
551  7046.0  0.16
552  7046.0  0.16
553  7046.0  0.16
554  7046.0  0.16
555  7046.0  0.16
556  7046.0  0.16
557  7046.0  0.16
558  7046.0  0.16
559  7046.0  0.16
560  7046.0  0.16
561  7046.0  0.16
562  7046.0  0.16
563  7046.0  0.16
564  7046.0  0.16
565  7046.0  0.16
566  7046.0  0.16
567  7046.0  0.16
568  7046.0  0.16
569  7046.0  0.16
570  7046.0  0.16
571  7046.0  0.16
572  7046.0  0.16
573  7046.0  0.16
574  7046.0  0.16
575  7046.0  0.16
576  7046.0  0.16
577  7046.0  0.16
578  7046.0  0.16
579  7046.0  0.16
580  7046.0  0.16
581  7046.0  0.16
582  7046.0  0.16
583  7046.0  0.16
584  7046.0  0.16
585  7046.0  0.16
586  7046.0  0.16
587  7046.0  0.16
588  7046.0  0.16
589  7046.0  0.16
590  7046.0  0.16
591  7046.0  0.16
592  7046.0  0.16
593  7046.0  0.16
594  7046.0  0.16
595  7046.0  0.16
596  7046.0  0.16
597  7046.0  0.16
598  7046.0  0.16
599  7046.0  0.16
600  7046.0  0.16
601  7046.0  0.16
602  7046.0  0.16
603  7046.0  0.16
604  7046.0  0.16
605  7046.0  0.16
606  7046.0  0.16
607  7046.0  0.16
608  7046.0  0.16
609  7046.0  0.16
610  7046.0  0.16
611  7046.0  0.16
612  7046.0  0.16
613  7046.0  0.16
614  7046.0  0.16
615  7046.0  0.16
616  7046.0  0.16
617  7046.0  0.16
618  7046.0  0.16
619  7046.0  0.16
620  7046.0  0.16
621  7046.0  0.16
622  7046.0  0.16
623  7046.0  0.16
624  7046.0  0.16
625  7046.0  0.16
626  7046.0  0.16
627  7046.0  0.16
628  7046.0  0.16
629  7046.0  0.16
630  7046.0  0.16
631  7046.0  0.16
632  7046.0  0.16
633  7046.0  0.16
634  7046.0  0.16
635  7046.0  0.16
636  7046.0  0.16
637  7046.0  0.16
638  7046.0  0.16
639  7046.0  0.16
640  7046.0  0.16
641  7046.0  0.16
642  7046.0  0.16
643  7046.0  0.16
644  7046.0  0.16
645  7046.0  0.16
646  7046.0  0.16
647  7046.0  0.16
648  7046.0  0.16
649  7046.0  0.16
650  7046.0  0.16
651  7046.0  0.16
652  7046.0  0.16
653  7046.0  0.16
654  7046.0  0.16
655  7046.0  0.16
656  7046.0  0.16
657  7046.0  0.16
658  7046.0  0.16
659  7046.0  0.16
660  7046.0  0.16
661  7046.0  0.16
662  7046.0  0.16
663  7046.0  0.16
664  7046.0  0.16
665  7046.0  0.16
666  7046.0  0.16
667  7046.0  0.16
668  7046.0  0.16
669  7046.0  0.16
670  7046.0  0.16
671  7046.0  0.16
672  7046.0  0.16
673  7046.0  0.16
674  7046.0  0.16
675  7046.0  0.16
676  7046.0  0.16
677  7046.0  0.16
678  7046.0  0.16
679  7046.0  0.16
680  7046.0  0.16
681  7046.0  0.16
682  7046.0  0.16
683  7046.0  0.16
684  7046.0  0.16
685  7046.0  0.16
686  7046.0  0.16
687  7046.0  0.16
688  7046.0  0.16
689  7046.0  0.16
690  7046.0  0.16
691  7046.0  0.16
692  7046.0  0.16
693  7046.0  0.16
694  7046.0  0.16
695  7046.0  0.16
696  7046.0  0.16
697  7046.0  0.16
698  7046.0  0.16
699  7046.0  0.16
700  7046.0  0.16
701  7046.0  0.16
702  7046.0  0.16
703  7046.0  0.16
704  7046.0  0.16
705  7046.0  0.16
706  7046.0  0.16
707  7046.0  0.16
708  7046.0  0.16
709  7046.0  0.16
710  7046.0  0.16
711  7046.0  0.16
712  7046.0  0.16
713  7046.0  0.16
714  7046.0  0.16
715  7046.0  0.16
716  7046.0  0.16
717  7046.0  0.16
718  7046.0  0.16
719  7046.0  0.16
720  7046.0  0.16
721  7046.0  0.16
722  7046.0  0.16
723  7046.0  0.16
724  7046.0  0.16
725  7046.0  0.16
726  7046.0  0.16
727  7046.0  0.16
728  7046.0  0.16
729  7046.0  0.16
730  7046.0  0.16
731  7046.0  0.16
732  7046.0  0.16
733  7046.0  0.16
734  7046.0  0.16
735  7046.0  0.16
736  7046.0  0.16
737  7046.0  0.16
738  7046.0  0.16
739  7046.0  0.16
740  7046.0  0.16
741  7046.0  0.16
742  7046.0  0.16
743  7046.0  0.16
744  7046.0  0.16
745  7046.0  0.16
746  7046.0  0.16
747  7046.0  0.16
748  7046.0  0.16
749  7046.0  0.16
750  7046.0  0.16
751  7046.0  0.16
752  7046.0  0.16
753  7046.0  0.16
754  7046.0  0.16
755  7046.0  0.16
756  7046.0  0.16
757  7046.0  0.16
758  7046.0  0.16
759  7046.0  0.16
760  7046.0  0.16
761  7046.0  0.16
762  7046.0  0.16
763  7046.0  0.16
764  7046.0  0.16
765  7046.0  0.16
766  7046.0  0.16
767  7046.0  0.16
768  7046.0  0.16
769  7046.0  0.16
770  7046.0  0.16
771  7046.0  0.16
772  7046.0  0.16
773  7046.0  0.16
774  7046.0  0.16
775  7046.0  0.16
776  7046.0  0.16
777  7046.0  0.16
778  7046.0  0.16
779  7046.0  0.16
780  7046.0  0.16
781  7046.0  0.16
782  7046.0  0.16
783  7046.0  0.16
784  7046.0  0.16
785  7046.0  0.16
786  7046.0  0.16
787  7046.0  0.16
788  7046.0  0.16
789  7046.0  0.16
790  7046.0  0.16
791  7046.0  0.16
792  7046.0  0.16
793  7046.0  0.16
794  7046.0  0.16
795  7046.0  0.16
796  7046.0  0.16
797  7046.0  0.16
798  7046.0  0.16
799  7046.0  0.16
800  7046.0  0.16
801  7046.0  0.16
802  7046.0  0.16
803  7046.0  0.16
804  7046.0  0.16
805  7046.0  0.16
806  7046.0  0.16
807  7046.0  0.16
808  7046.0  0.16
809  7046.0  0.16
810  7046.0  0.16
811  7046.0  0.16
812  7046.0  0.16
813  7046.0  0.16
814  7046.0  0.16
815  7046.0  0.16
816  7046.0  0.16
817  7046.0  0.16
818  7046.0  0.16
819  7046.0  0.16
820  7046.0  0.16
821  7046.0  0.16
822  7046.0  0.16
823  7046.0  0.16
824  7046.0  0.16
825  7046.0  0.16
826  7046.0  0.16
827  7046.0  0.16
828  7046.0  0.16
829  7046.0  0.16
830  7046.0  0.16
831  7046.0  0.16
832  7046.0  0.16
833  7046.0  0.16
834  7046.0  0.16
835  7046.0  0.16
836  7046.0  0.16
837  7046.0  0.16
838  7046.0  0.16
839  7046.0  0.16
840  7046.0  0.16
841  7046.0  0.16
842  7046.0  0.16
843  7046.0  0.16
844  7046.0  0.16
845  7046.0  0.16
846  7046.0  0.16
847  7046.0  0.16
848  7046.0  0.16
849  7046.0  0.16
850  7046.0  0.16
851  7046.0  0.16
852  7046.0  0.16
853  7046.0  0.16
854  7046.0  0.16
855  7046.0  0.16
856  7046.0  0.16
857  7046.0  0.16
858  7046.0  0.16
859  7046.0  0.16
860  7046.0  0.16
861  7046.0  0.16
862  7046.0  0.16
863  7046.0  0.16
864  7046.0  0.16
865  7046.0  0.16
866  7046.0  0.16
867  7046.0  0.16
868  7046.0  0.16
869  7046.0  0.16
870  7046.0  0.16
871  7046.0  0.16
872  7046.0  0.16
873  7046.0  0.16
874  7046.0  0.16
875  7046.0  0.16
876  7046.0  0.16
877  7046.0  0.16
878  7046.0  0.16
879  7046.0  0.16
880  7046.0  0.16
881  7046.0  0.16
882  7046.0  0.16
883  7046.0  0.16
884  7046.0  0.16
885  7046.0  0.16
886  7046.0  0.16
887  7046.0  0.16
888  7046.0  0.16
889  7046.0  0.16
890  7046.0  0.16
891  7046.0  0.16
892  7046.0  0.16
893  7046.0  0.16
894  7046.0  0.16
895  7046.0  0.16
896  7046.0  0.16
897  7046.0  0.16
898  7046.0  0.16
899  7046.0  0.16
900  7046.0  0.16
901  7046.0  0.16
902  7046.0  0.16
903  7046.0  0.16
904  7046.0  0.16
905  7046.0  0.16
906  7046.0  0.16
907  7046.0  0.16
908  7046.0  0.16
909  7046.0  0.16
910  7046.0  0.16
911  7046.0  0.16
912  7046.0  0.16
913  7046.0  0.16
914  7046.0  0.16
915  7046.0  0.16
916  7046.0  0.16
917  7046.0  0.16
918  7046.0  0.16
919  7046.0  0.16
920  7046.0  0.16
921  7046.0  0.16
922  7046.0  0.16
923  7046.0  0.16
924  7046.0  0.16
925  7046.0  0.16
926  7046.0  0.16
927  7046.0  0.16
928  7046.0  0.16
929  7046.0  0.16
930  7046.0  0.16
931  7046.0  0.16
932  7046.0  0.16
933  7046.0  0.16
934  7046.0  0.16
935  7046.0  0.16
936  7046.0  0.16
937  7046.0  0.16
938  7046.0  0.16
939  7046.0  0.16
940  7046.0  0.16
941  7046.0  0.16
942  7046.0  0.16
943  7046.0  0.16
944  7046.0  0.16
945  7046.0  0.16
946  7046.0  0.16
947  7046.0  0.16
948  7046.0  0.16
949  7046.0  0.16
950  7046.0  0.16
951  7046.0  0.16
952  7046.0  0.16
953  7046.0  0.16
954  7046.0  0.16
955  7046.0  0.16
956  7046.0  0.16
957  7046.0  0.16
958  7046.0  0.16
959  7046.0  0.16
960  7046.0  0.16
961  7046.0  0.16
962  7046.0  0.16
963  7046.0  0.16
964  7046.0  0.16
965  7046.0  0.16
966  7046.0  0.16
967  7046.0  0.16
968  7046.0  0.16
969  7046.0  0.16
970  7046.0  0.16
971  7046.0  0.16
972  7046.0  0.16
973  7046.0  0.16
974  7046.0  0.16
975  7046.0  0.16
976  7046.0  0.16
977  7046.0  0.16
978  7046.0  0.16
979  7046.0  0.16
980  7046.0  0.16
981  7046.0  0.16
982  7046.0  0.16
983  7046.0  0.16
984  7046.0  0.16
985  7046.0  0.16
986  7046.0  0.16
987  7046.0  0.16
988  7046.0  0.16
989  7046.0  0.16
990  7046.0  0.16
991  7046.0  0.16
992  7046.0  0.16
993  7046.0  0.16
994  7046.0  0.16
995  7046.0  0.16
996  7046.0  0.16
997  7046.0  0.16
998  7046.0  0.16
999  7046.0  0.16
1000  7046.0  0.16
1001  7046.0  0.16
1002  7046.0  0.16
1003  7046.0  0.16
1004  7046.0  0.16
1005  7046.0  0.16
1006  7046.0  0.16
1007  7046.0  0.16
1008  7046.0  0.16
1009  7046.0  0.16
1010  7046.0  0.16
1011  7046.0  0.16
1012  7046.0  0.16
1013  7046.0  0.16
1014  7046.0  0.16
1015  7046.0  0.16
1016  7046.0  0.16
1017  7046.0  0.16
1018  7046.0  0.16
1019  7046.0  0.16
1020  7046.0  0.16
1021  7046.0  0.16
1022  7046.0  0.16
1023  7046.0  0.16
1024  7046.0  0.16
1025  7046.0  0.16
1026  7046.0  0.16
1027  7046.0  0.16
1028  7046.0  0.16
1029  7046.0  0.16
1030  7046.0  0.16
1031  7046.0  0.16
1032  7046.0  0.16
1033  7046.0  0.16
1034  7046.0  0.16
1035  7046.0  0.16
1036  7046.0  0.16
1037  7046.0  0.16
1038  7046.0  0.16
1039  7046.0  0.16
1040  7046.0  0.16
1041  7046.0  0.16
1042  7046.0  0.16
1043  7046.0  0.16
1044  7046.0  0.16
1045  7046.0  0.16
1046  7046.0  0.16
1047  7046.0  0.16
1048  7046.0  0.16
1049  7046.0  0.16
1050  7046.0  0.16
1051  7046.0  0.16
1052  7046.0  0.16
1053  7046.0  0.16
1054  7046.0  0.16
1055  7046.0  0.16
1056  7046.0  0.16
1057  7046.0  0.16
1058  7046.0  0.16
1059  7046.0  0.16
1060  7046.0  0.16
1061  7046.0  0.16
1062  7046.0  0.16
1063  7046.0  0.16
1064  7046.0  0.16
1065  7046.0  0.16
1066  7046.0  0.16
1067  7046.0  0.16
1068  7046.0  0.16
1069  7046.0  0.16
1070  7046.0  0.16
1071  7046.0  0.16
1072  7046.0  0.16
1073  7046.0  0.16
1074  7046.0  0.16
1075  7046.0  0.16
1076  7046.0  0.16
1077  7046.0  0.16
1078  7046.0  0.16
1079  7046.0  0.16
1080  7046.0  0.16
1081  7046.0  0.16
1082  7046.0  0.16
1083  7046.0  0.16
1084  7046.0  0.16
1085  7046.0  0.16
1086  7046.0  0.16
1087  7046.0  0.16
1088  7046.0  0.16
1089  7046.0  0.16
1090  7046.0  0.16
1091  7046.0  0.16
1092  7046.0  0.16
1093  7046.0  0.16
1094  7046.0  0.16
1095  7046.0  0.16
1096  7046.0  0.16
1097  7046.0  0.16
1098  7046.0  0.16
1099  7046.0  0.16
1100  7046.0  0.16
1101  7046.0  0.16
1102  7046.0  0.16
1103  7046.0  0.16
1104  7046.0  0.16
1105  7046.0  0.16
1106  7046.0  0.16
1107  7046.0  0.16
1108  7046.0  0.16
1109  7046.0  0.16
1110  7046.0  0.16
1111  7046.0  0.16
1112  7046.0  0.16
1113  7046.0  0.16
1114  7046.0  0.16
1115  7046.0  0.16
1116  7046.0  0.16
1117  7046.0  0.16
1118  7046.0  0.16
1119  7046.0  0.16
1120  7046.0  0.16
1121  7046.0  0.16
1122  7046.0  0.16
1123  7046.0  0.16
1124  7046.0  0.16
1125  7046.0  0.16
1126  7046.0  0.16
1127  7046.0  0.16
1128  7046.0  0.16
1129  7046.0  0.16
1130  7046.0  0.16
1131  7046.0  0.16
1132  7046.0  0.16
1133  7046.0  0.16
1134  7046.0  0.16
1135  7046.0  0.16
1136  7046.0  0.16
1137  7046.0  0.16
1138  7046.0  0.16
1139  7046.0  0.16
1140  7046.0  0.16
1141  7046.0  0.16
1142  7046.0  0.16
1143  7046.0  0.16
1144  7046.0  0.16
1145  7046.0  0.16
1146  7046.0  0.16
1147  7046.0  0.16
1148  7046.0  0.16
1149  7046.0  0.16
1150  7046.0  0.16
1151  7046.0  0.16
1152  7046.0  0.16
1153  7046.0  0.16
1154  7046.0  0.16
1155  7046.0  0.16
1156  7046.0  0.16
1157  7046.0  0.16
1158  7046.0  0.16
1159  7046.0  0.16
1160  7046.0  0.16
1161  7046.0  0.16
1162  7046.0  0.16
1163  7046.0  0.16
1164  7046.0  0.16
1165  7046.0  0.16
1166  7046.0  0.16
1167  7046.0  0.16
1168  7046.0  0.16
1169  7046.0  0.16
1170  7046.0  0.16
1171  7046.0  0.16
1172  7046.0  0.16
1173  7046.0  0.16
1174  7046.0  0.16
1175  7046.0  0.16
1176  7046.0  0.16
1177  7046.0  0.16
1178  7046.0  0.16
1179  7046.0  0.16
1180  7046.0  0.16
1181  7046.0  0.16
1182  7046.0  0.16
1183  7046.0  0.16
1184  7046.0  0.16
1185  7046.0  0.16
1186  7046.0  0.16
1187  7046.0  0.16
1188  7046.0  0.16
1189  7046.0  0.16
1190  7046.0  0.16
1191  7046.0  0.16
1192  7046.0  0.16
1193  7046.0  0.16
1194  7046.0  0.16
1195  7046.0  0.16
1196  7046.0  0.16
1197  7046.0  0.16
1198  7046.0  0.16
1199  7046.0  0.16
1200  7046.0  0.16
1201  7046.0  0.16
1202  7046.0  0.16
1203  7046.0  0.16
1204  7046.0  0.16
1205  7046.0  0.16
1206  7046.0  0.16
1207  7046.0  0.16
1208  7046.0  0.16
1209  7046.0  0.16
1210  7046.0  0.16
1211  7046.0  0.16
1212  7046.0  0.16
1213  7046.0  0.16
1214  7046.0  0.16
1215  7046.0  0.16
1216  7046.0  0.16
1217  7046.0  0.16
1218  7046.0  0.16
1219  7046.0  0.16
1220  7046.0  0.16
1221  7046.0  0.16
1222  7046.0  0.16
1223  7046.0  0.16
1224  7046.0  0.16
1225  7046.0  0.16
1226  7046.0  0.16
1227  7046.0  0.16
1228  7046.0  0.16
1229  7046.0  0.16
1230  7046.0  0.16
1231  7046.0  0.16
1232  7046.0  0.16
1233  7046.0  0.16
1234  7046.0  0.16
1235  7046.0  0.16
1236  7046.0  0.16
1237  7046.0  0.16
1238  7046.0  0.16
1239  7046.0  0.16
1240  7046.0  0.16
1241  7046.0  0.16
1242  7046.0  0.16
1243  7046.0  0.16
1244  7046.0  0.16
1245  7046.0  0.16
1246  7046.0  0.16
1247  7046.0  0.16
1248  7046.0  0.16
1249  7046.0  0.16
1250  7046.0  0.16
1251  7046.0  0.16
1252  7046.0  0.16
1253  7046.0  0.16
1254  7046.0  0.16
1255  7046.0  0.16
1256  7046.0  0.16
1257  7046.0  0.16
1258  7046.0  0.16
1259  7046.0  0.16
1260  7046.0  0.16
1261  7046.0  0.16
1262  7046.0  0.16
1263  7046.0  0.16
1264  7046.0  0.16
1265  7046.0  0.16
1266  7046.0  0.16
1267  7046.0  0.16
1268  7046.0  0.16
1269  7046.0  0.16
1270  7046.0  0.16
1271  7046.0  0.16
1272  7046.0  0.16
1273  7046.0  0.16
1274  7046.0  0.16
1275  7046.0  0.16
1276  7448.71875  0.11
1277  7448.41992188  0.11
1278  7448.17932129  0.11
1279  7448.00539398  0.11
1280  7447.88638544  0.11
1281  7447.80749711  0.11
1282  7447.75621966  0.11
1283  7447.7233084  0.11
1284  7447.70236136  0.11
1285  7447.68910431  0.11
1286  7447.68074639  0.11
1287  7447.67549108  0.11
1288  7447.67219268  0.11
1289  7447.67012513  0.11
1290  7447.66883027  0.11
1291  7447.66801982  0.11
1292  7447.66751278  0.11
1293  7447.66719566  0.11
1294  7447.66699736  0.11
1295  7447.66687338  0.11
1296  7447.66679588  0.11
1297  7447.66674743  0.11
1298  7447.66671715  0.11
1299  7447.66669822  0.11
1300  7447.66668639  0.11
1301  7447.66667899  0.11
1302  7447.66667437  0.11
1303  7447.66667148  0.11
1304  7447.66666968  0.11
1305  7447.66666855  0.11
1306  7447.66666784  0.11
1307  7447.6666674  0.11
1308  7447.66666713  0.11
1309  7447.66666695  0.11
1310  7447.66666685  0.11
1311  7447.66666678  0.11
1312  7447.66666674  0.11
1313  7447.66666671  0.11
1314  7447.66666669  0.11
1315  7447.66666668  0.11
1316  7447.66666668  0.11
1317  7447.66666667  0.11
1318  7447.66666667  0.11
1319  7447.66666667  0.11
1320  7447.66666667  0.11
1321  7447.66666667  0.11
1322  7447.66666667  0.11
1323  7447.66666667  0.11
1324  7447.66666667  0.11
1325  7447.66666667  0.11
1326  7447.66666667  0.11
1327  7447.66666667  0.11
1328  7447.66666667  0.11
1329  7447.66666667  0.11
1330  7447.66666667  0.11
1331  7447.66666667  0.11
1332  7447.66666667  0.11
1333  7447.66666667  0.11
1334  7447.66666667  0.11
1335  7447.66666667  0.11
1336  7447.66666667  0.11
1337  7447.66666667  0.11
1338  7447.66666667  0.11
1339  7447.66666667  0.11
1340  7447.66666667  0.11
1341  7447.66666667  0.11
1342  7447.66666667  0.11
1343  7447.66666667  0.11
1344  7447.66666667  0.11
1345  7447.66666667  0.11
1346  7447.66666667  0.11
1347  7447.66666667  0.11
1348  7447.66666667  0.11
1349  7447.66666667  0.11
1350  7447.66666667  0.11
1351  7447.66666667  0.11
1352  7447.66666667  0.11
1353  7447.66666667  0.11
1354  7447.66666667  0.11
1355  7447.66666667  0.11
1356  7447.66666667  0.11
1357  7447.66666667  0.11
1358  7447.66666667  0.11
1359  7447.66666667  0.11
1360  7447.66666667  0.11
1361  7447.66666667  0.11
1362  7447.66666667  0.11
1363  7447.66666667  0.11
1364  7447.66666667  0.11
1365  7447.66666667  0.11
1366  7447.66666667  0.11
1367  7447.66666667  0.11
1368  7447.66666667  0.11
1369  7447.66666667  0.11
1370  7447.66666667  0.11
1371  7447.66666667  0.11
1372  7447.66666667  0.11
1373  7447.66666667  0.11
1374  7447.66666667  0.11
1375  7447.66666667  0.11
1376  7447.66666667  0.11
1377  7447.66666667  0.11
1378  7447.66666667  0.11
1379  7447.66666667  0.11
1380  7447.66666667  0.11
1381  7447.66666667  0.11
1382  7447.66666667  0.11
1383  7447.66666667  0.11
1384  7447.66666667  0.11
1385  7447.66666667  0.11
1386  7447.66666667  0.11
1387  7447.66666667  0.11
1388  7447.66666667  0.11
1389  7447.66666667  0.11
1390  7447.66666667  0.11
1391  7447.66666667  0.11
1392  7447.66666667  0.11
1393  7447.66666667  0.11
1394  7447.66666667  0.11
1395  7447.66666667  0.11
1396  7447.66666667  0.11
1397  7447.66666667  0.11
1398  7447.66666667  0.11
1399  7447.66666667  0.11
1400  7447.66666667  0.11
1401  7447.66666667  0.11
1402  7447.66666667  0.11
1403  7447.66666667  0.11
1404  7447.66666667  0.11
1405  7447.66666667  0.11
1406  7447.66666667  0.11
1407  7447.66666667  0.11
1408  7447.66666667  0.11
1409  7447.66666667  0.11
1410  7447.66666667  0.11
1411  7447.66666667  0.11
1412  7447.66666667  0.11
1413  7447.66666667  0.11
1414  7447.66666667  0.11
1415  7447.66666667  0.11
1416  7447.66666667  0.11
1417  7447.66666667  0.11
1418  7447.66666667  0.11
1419  7447.66666667  0.11
1420  7447.66666667  0.11
1421  7447.66666667  0.11
1422  7447.66666667  0.11
1423  7447.66666667  0.11
1424  7447.66666667  0.11
1425  7447.66666667  0.11
1426  7447.66666667  0.11
1427  7447.66666667  0.11
1428  7447.66666667  0.11
1429  7447.66666667  0.11
1430  7447.66666667  0.11
1431  7447.66666667  0.11
1432  7447.66666667  0.11
1433  7447.66666667  0.11
1434  7447.66666667  0.11
1435  7447.66666667  0.11
1436  7447.66666667  0.11
1437  7447.66666667  0.11
1438  7447.66666667  0.11
1439  7447.66666667  0.11
1440  7447.66666667  0.11
1441  7447.66666667  0.11
1442  7447.66666667  0.11
1443  7447.66666667  0.11
1444  7447.66666667  0.11
1445  7447.66666667  0.11
1446  7447.66666667  0.11
1447  7447.66666667  0.11
1448  7447.66666667  0.11
1449  7447.66666667  0.11
1450  7447.66666667  0.11
1451  7447.66666667  0.11
1452  7447.66666667  0.11
1453  7447.66666667  0.11
1454  7447.66666667  0.11
1455  7447.66666667  0.11
1456  7447.66666667  0.11
1457  7447.66666667  0.11
1458  7447.66666667  0.11
1459  7447.66666667  0.11
1460  7447.66666667  0.11
1461  7447.66666667  0.11
1462  7447.66666667  0.11
1463  7447.66666667  0.11
1464  7447.66666667  0.11
1465  7447.66666667  0.11
1466  7447.66666667  0.11
1467  7447.66666667  0.11
1468  7447.66666667  0.11
1469  7447.66666667  0.11
1470  7447.66666667  0.11
1471  7447.66666667  0.11
1472  7447.66666667  0.11
1473  7447.66666667  0.11
1474  7447.66666667  0.11
1475  7447.66666667  0.11
1476  7447.66666667  0.11
1477  7447.66666667  0.11
1478  7447.66666667  0.11
1479  7447.66666667  0.11
1480  7447.66666667  0.11
1481  7447.66666667  0.11
1482  7447.66666667  0.11
1483  7447.66666667  0.11
1484  7447.66666667  0.11
1485  7447.66666667  0.11
1486  7447.66666667  0.11
1487  7447.66666667  0.11
1488  7447.66666667  0.11
1489  7447.66666667  0.11
1490  7447.66666667  0.11
1491  7447.66666667  0.11
1492  7447.66666667  0.11
1493  7447.66666667  0.11
1494  7447.66666667  0.11
1495  7447.66666667  0.11
1496  7447.66666667  0.11
1497  7447.66666667  0.11
1498  7447.66666667  0.11
1499  7447.66666667  0.11
1500  7447.66666667  0.11
1501  7447.66666667  0.11
1502  7447.66666667  0.11
1503  7447.66666667  0.11
1504  7447.66666667  0.11
1505  7447.66666667  0.11
1506  7447.66666667  0.11
1507  7447.66666667  0.11
1508  7447.66666667  0.11
1509  7447.66666667  0.11
1510  7447.66666667  0.11
1511  7447.66666667  0.11
1512  7447.66666667  0.11
1513  7447.66666667  0.11
1514  7447.66666667  0.11
1515  7447.66666667  0.11
1516  7447.66666667  0.11
1517  7447.66666667  0.11
1518  7447.66666667  0.11
1519  7447.66666667  0.11
1520  7447.66666667  0.11
1521  7447.66666667  0.11
1522  7447.66666667  0.11
1523  7447.66666667  0.11
1524  7447.66666667  0.11
1525  7447.66666667  0.11
1526  7447.66666667  0.11
1527  7447.66666667  0.11
1528  7447.66666667  0.11
1529  7447.66666667  0.11
1530  7447.66666667  0.11
1531  7447.66666667  0.11
1532  7447.66666667  0.11
1533  7447.66666667  0.11
1534  7447.66666667  0.11
1535  7447.66666667  0.11
1536  7447.66666667  0.11
1537  7447.66666667  0.11
1538  7447.66666667  0.11
1539  7447.66666667  0.11
1540  7447.66666667  0.11
1541  7447.66666667  0.11
1542  7447.66666667  0.11
1543  7447.66666667  0.11
1544  7447.66666667  0.11
1545  7447.66666667  0.11
1546  7447.66666667  0.11
1547  7447.66666667  0.11
1548  7447.66666667  0.11
1549  7447.66666667  0.11
1550  7447.66666667  0.11
1551  7447.66666667  0.11
1552  7447.66666667  0.11
1553  7447.66666667  0.11
1554  7447.66666667  0.11
1555  7447.66666667  0.11
1556  7447.66666667  0.11
1557  7447.66666667  0.11
1558  7447.66666667  0.11
1559  7447.66666667  0.11
1560  7447.66666667  0.11
1561  7447.66666667  0.11
1562  7447.66666667  0.11
1563  7447.66666667  0.11
1564  7447.66666667  0.11
1565  7447.66666667  0.11
1566  7447.66666667  0.11
1567  7447.66666667  0.11
1568  7447.66666667  0.11
1569  7447.66666667  0.11
1570  7447.66666667  0.11
1571  7447.66666667  0.11
1572  7447.66666667  0.11
1573  7447.66666667  0.11
1574  7447.66666667  0.11
1575  7447.66666667  0.11
1576  7447.66666667  0.11
1577  7447.66666667  0.11
1578  7447.66666667  0.11
1579  7447.66666667  0.11
1580  7447.66666667  0.11
1581  7447.66666667  0.11
1582  7447.66666667  0.11
1583  7447.66666667  0.11
1584  7447.66666667  0.11
1585  7447.66666667  0.11
1586  7447.66666667  0.11
1587  7447.66666667  0.11
1588  7447.66666667  0.11
1589  7447.66666667  0.11
1590  7447.66666667  0.11
1591  7447.66666667  0.11
1592  7447.66666667  0.11
1593  7447.66666667  0.11
1594  7447.66666667  0.11
1595  7447.66666667  0.11
1596  7447.66666667  0.11
1597  7447.66666667  0.11
1598  7447.66666667  0.11
1599  7447.66666667  0.11
1600  7447.66666667  0.11
1601  7447.66666667  0.11
1602  7447.66666667  0.11
1603  7447.66666667  0.11
1604  7447.66666667  0.11
1605  7447.66666667  0.11
1606  7447.66666667  0.11
1607  7447.66666667  0.11
1608  7447.66666667  0.11
1609  7447.66666667  0.11
1610  7447.66666667  0.11
1611  7447.66666667  0.11
1612  7447.66666667  0.11
1613  7447.66666667  0.11
1614  7447.66666667  0.11
1615  7447.66666667  0.11
1616  7447.66666667  0.11
1617  7447.66666667  0.11
1618  7447.66666667  0.11
1619  7447.66666667  0.11
1620  7447.66666667  0.11
1621  7447.66666667  0.11
1622  7447.66666667  0.11
1623  7447.66666667  0.11
1624  7447.66666667  0.11
1625  7447.66666667  0.11
1626  7447.66666667  0.11
1627  7447.66666667  0.11
1628  7447.66666667  0.11
1629  7447.66666667  0.11
1630  7447.66666667  0.11
1631  7447.66666667  0.11
1632  7447.66666667  0.11
1633  7447.66666667  0.11
1634  7447.66666667  0.11
1635  7447.66666667  0.11
1636  7447.66666667  0.11
1637  7447.66666667  0.11
1638  7447.66666667  0.11
1639  7447.66666667  0.11
1640  7447.66666667  0.11
1641  7447.66666667  0.11
1642  7447.66666667  0.11
1643  7447.66666667  0.11
1644  7447.66666667  0.11
1645  7447.66666667  0.11
1646  7447.66666667  0.11
1647  7447.66666667  0.11
1648  7447.66666667  0.11
1649  7447.66666667  0.11
1650  7447.66666667  0.11
1651  7447.66666667  0.11
1652  7447.66666667  0.11
1653  7447.66666667  0.11
1654  7447.66666667  0.11
1655  7447.66666667  0.11
1656  7447.66666667  0.11
1657  7447.66666667  0.11
1658  7447.66666667  0.11
1659  7447.66666667  0.11
1660  7447.66666667  0.11
1661  7447.66666667  0.11
1662  7447.66666667  0.11
1663  7447.66666667  0.11
1664  7447.66666667  0.11
1665  7447.66666667  0.11
1666  7447.66666667  0.11
1667  7447.66666667  0.11
1668  7447.66666667  0.11
1669  7447.66666667  0.11
1670  7447.66666667  0.11
1671  7447.66666667  0.11
1672  7447.66666667  0.11
1673  7447.66666667  0.11
1674  7447.66666667  0.11
1675  7447.66666667  0.11
1676  7447.66666667  0.11
1677  7447.66666667  0.11
1678  7447.66666667  0.11
1679  7447.66666667  0.11
1680  7447.66666667  0.11
1681  7447.66666667  0.11
1682  7447.66666667  0.11
1683  7447.66666667  0.11
1684  7447.66666667  0.11
1685  7447.66666667  0.11
1686  7447.66666667  0.11
1687  7447.66666667  0.11
1688  7447.66666667  0.11
1689  7447.66666667  0.11
1690  7447.66666667  0.11
1691  7447.66666667  0.11
1692  7447.66666667  0.11
1693  7447.66666667  0.11
1694  7447.66666667  0.11
1695  7447.66666667  0.11
1696  7447.66666667  0.11
1697  7447.66666667  0.11
1698  7447.66666667  0.11
1699  7447.66666667  0.11
1700  7447.66666667  0.11
1701  7447.66666667  0.11
1702  7447.66666667  0.11
1703  7447.66666667  0.11
1704  7447.66666667  0.11
1705  7447.66666667  0.11
1706  7447.66666667  0.11
1707  7447.66666667  0.11
1708  7447.66666667  0.11
1709  7447.66666667  0.11
1710  7447.66666667  0.11
1711  7447.66666667  0.11
1712  7447.66666667  0.11
1713  7447.66666667  0.11
1714  7447.66666667  0.11
1715  7447.66666667  0.11
1716  7447.66666667  0.11
1717  7447.66666667  0.11
1718  7447.66666667  0.11
1719  7447.66666667  0.11
1720  7447.66666667  0.11
1721  7447.66666667  0.11
1722  7447.66666667  0.11
1723  7447.66666667  0.11
1724  7447.66666667  0.11
1725  7447.66666667  0.11
1726  7447.66666667  0.11
1727  7447.66666667  0.11
1728  7447.66666667  0.11
1729  7447.66666667  0.11
1730  7447.66666667  0.11
1731  7447.66666667  0.11
1732  7447.66666667  0.11
1733  7447.66666667  0.11
1734  7447.66666667  0.11
1735  7447.66666667  0.11
1736  7447.66666667  0.11
1737  7447.66666667  0.11
1738  7447.66666667  0.11
1739  7447.66666667  0.11
1740  7447.66666667  0.11
1741  7447.66666667  0.11
1742  7447.66666667  0.11
1743  7447.66666667  0.11
1744  7447.66666667  0.11
1745  7447.66666667  0.11
1746  7447.66666667  0.11
1747  7447.66666667  0.11
1748  7447.66666667  0.11
1749  7447.66666667  0.11
1750  7447.66666667  0.11
1751  7447.66666667  0.11
1752  7447.66666667  0.11
1753  7447.66666667  0.11
1754  7447.66666667  0.11
1755  7447.66666667  0.11
1756  7447.66666667  0.11
1757  7447.66666667  0.11
1758  7447.66666667  0.11
1759  7447.66666667  0.11
1760  7447.66666667  0.11
1761  7447.66666667  0.11
1762  7447.66666667  0.11
1763  7447.66666667  0.11
1764  7447.66666667  0.11
1765  7447.66666667  0.11
1766  7447.66666667  0.11
1767  7447.66666667  0.11
1768  7447.66666667  0.11
1769  7447.66666667  0.11
1770  7447.66666667  0.11
1771  7447.66666667  0.11
1772  7447.66666667  0.11
1773  7447.66666667  0.11
1774  7447.66666667  0.11
1775  7447.66666667  0.11
1776  7447.66666667  0.11
1777  7447.66666667  0.11
1778  7447.66666667  0.11
1779  7447.66666667  0.11
1780  7447.66666667  0.11
1781  7447.66666667  0.11
1782  7447.66666667  0.11
1783  7447.66666667  0.11
1784  7447.66666667  0.11
1785  7447.66666667  0.11
1786  7447.66666667  0.11
1787  7447.66666667  0.11
1788  7447.66666667  0.11
1789  7447.66666667  0.11
1790  7447.66666667  0.11
1791  7447.66666667  0.11
1792  7447.66666667  0.11
1793  7447.66666667  0.11
1794  7447.66666667  0.11
1795  7447.66666667  0.11
1796  7447.66666667  0.11
1797  7447.66666667  0.11
1798  7447.66666667  0.11
1799  7447.66666667  0.11
1800  7447.66666667  0.11
1801  7447.66666667  0.11
1802  7447.66666667  0.11
1803  7447.66666667  0.11
1804  7447.66666667  0.11
1805  7447.66666667  0.11
1806  7447.66666667  0.11
1807  7447.66666667  0.11
1808  7447.66666667  0.11
1809  7447.66666667  0.11
1810  7447.66666667  0.11
1811  7447.66666667  0.11
1812  7447.66666667  0.11
1813  7447.66666667  0.11
1814  7447.66666667  0.11
1815  7447.66666667  0.11
1816  7447.66666667  0.11
1817  7447.66666667  0.11
1818  7447.66666667  0.11
1819  7447.66666667  0.11
1820  7447.66666667  0.11
1821  7447.66666667  0.11
1822  7447.66666667  0.11
1823  7447.66666667  0.11
1824  7447.66666667  0.11
1825  7447.66666667  0.11
1826  7447.66666667  0.11
1827  7447.66666667  0.11
1828  7447.66666667  0.11
1829  7447.66666667  0.11
1830  7447.66666667  0.11
1831  7447.66666667  0.11
1832  7447.66666667  0.11
1833  7447.66666667  0.11
1834  7447.66666667  0.11
1835  7447.66666667  0.11
1836  7447.66666667  0.11
1837  7447.66666667  0.11
1838  7447.66666667  0.11
1839  7447.66666667  0.11
1840  7447.66666667  0.11
1841  7447.66666667  0.11
1842  7447.66666667  0.11
1843  7447.66666667  0.11
1844  7447.66666667  0.11
1845  7447.66666667  0.11
1846  7447.66666667  0.11
1847  7447.66666667  0.11
1848  7447.66666667  0.11
1849  7447.66666667  0.11
1850  7447.66666667  0.11
1851  7447.66666667  0.11
1852  7447.66666667  0.11
1853  7447.66666667  0.11
1854  7447.66666667  0.11
1855  7447.66666667  0.11
1856  7447.66666667  0.11
1857  7447.66666667  0.11
1858  7447.66666667  0.11
1859  7447.66666667  0.11
1860  7447.66666667  0.11
1861  7447.66666667  0.11
1862  7447.66666667  0.11
1863  7447.66666667  0.11
1864  7447.66666667  0.11
1865  7447.66666667  0.11
1866  7447.66666667  0.11
1867  7447.66666667  0.11
1868  7447.66666667  0.11
1869  7447.66666667  0.11
1870  7447.66666667  0.11
1871  7447.66666667  0.11
1872  7447.66666667  0.11
1873  7447.66666667  0.11
1874  7447.66666667  0.11
1875  7447.66666667  0.11
1876  7447.66666667  0.11
1877  7447.66666667  0.11
1878  7447.66666667  0.11
1879  7447.66666667  0.11
1880  7447.66666667  0.11
1881  7447.66666667  0.11
1882  7447.66666667  0.11
1883  7447.66666667  0.11
1884  7447.66666667  0.11
1885  7447.66666667  0.11
1886  7447.66666667  0.11
1887  7447.66666667  0.11
1888  7447.66666667  0.11
1889  7447.66666667  0.11
1890  7447.66666667  0.11
1891  7447.66666667  0.11
1892  7447.66666667  0.11
1893  7447.66666667  0.11
1894  7447.66666667  0.11
1895  7447.66666667  0.11
1896  7447.66666667  0.11
1897  7447.66666667  0.11
1898  7447.66666667  0.11
1899  7447.66666667  0.11
1900  7447.66666667  0.11
1901  7447.66666667  0.11
1902  7447.66666667  0.11
1903  7447.66666667  0.11
1904  7447.66666667  0.11
1905  7447.66666667  0.11
1906  7447.66666667  0.11
1907  7447.66666667  0.11
1908  7447.66666667  0.11
1909  7447.66666667  0.11
1910  7447.66666667  0.11
1911  7447.66666667  0.11
1912  7447.66666667  0.11
1913  7447.66666667  0.11
1914  7447.66666667  0.11
1915  7447.66666667  0.11
1916  7447.66666667  0.11
1917  7447.66666667  0.11
1918  7447.66666667  0.11
1919  7447.66666667  0.11
1920  7447.66666667  0.11
1921  7447.66666667  0.11
1922  7447.66666667  0.11
1923  7447.66666667  0.11
1924  7447.66666667  0.11
1925  7447.66666667  0.11
1926  7447.66666667  0.11
1927  7447.66666667  0.11
1928  7447.66666667  0.11
1929  7447.66666667  0.11
1930  7447.66666667  0.11
1931  7447.66666667  0.11
1932  7447.66666667  0.11
1933  7447.66666667  0.11
1934  7447.66666667  0.11
1935  7447.66666667  0.11
1936  7447.66666667  0.11
1937  7447.66666667  0.11
1938  7447.66666667  0.11
1939  7447.66666667  0.11
1940  7447.66666667  0.11
1941  7447.66666667  0.11
1942  7447.66666667  0.11
1943  7447.66666667  0.11
1944  7447.66666667  0.11
1945  7447.66666667  0.11
1946  7447.66666667  0.11
1947  7447.66666667  0.11
1948  7447.66666667  0.11
1949  7447.66666667  0.11
1950  7447.66666667  0.11
1951  7447.66666667  0.11
1952  7447.66666667  0.11
1953  7447.66666667  0.11
1954  7447.66666667  0.11
1955  7447.66666667  0.11
1956  7447.66666667  0.11
1957  7447.66666667  0.11
1958  7447.66666667  0.11
1959  7447.66666667  0.11
1960  7447.66666667  0.11
1961  7447.66666667  0.11
1962  7447.66666667  0.11
1963  7447.66666667  0.11
1964  7447.66666667  0.11
1965  7447.66666667  0.11
1966  7447.66666667  0.11
1967  7447.66666667  0.11
1968  7447.66666667  0.11
1969  7447.66666667  0.11
1970  7447.66666667  0.11
1971  7447.66666667  0.11
1972  7447.66666667  0.11
1973  7447.66666667  0.11
1974  7447.66666667  0.11
1975  7447.66666667  0.11
1976  7447.66666667  0.11
1977  7447.66666667  0.11
1978  7447.66666667  0.11
1979  7447.66666667  0.11
1980  7447.66666667  0.11
1981  7447.66666667  0.11
1982  7447.66666667  0.11
1983  7447.66666667  0.11
1984  7447.66666667  0.11
1985  7447.66666667  0.11
1986  7447.66666667  0.11
1987  7447.66666667  0.11
1988  7447.66666667  0.11
1989  7447.66666667  0.11
1990  7447.66666667  0.11
1991  7447.66666667  0.11
1992  7447.66666667  0.11
1993  7447.66666667  0.11
1994  7447.66666667  0.11
1995  7447.66666667  0.11
1996  7447.66666667  0.11
1997  7447.66666667  0.11
1998  7447.66666667  0.11
1999  7447.66666667  0.11
2000  7447.66666667  0.11
2001  7447.66666667  0.11
2002  7447.66666667  0.11
2003  7447.66666667  0.11
2004  7447.66666667  0.11
2005  7447.66666667  0.11
2006  7447.66666667  0.11
2007  7447.66666667  0.11
2008  7447.66666667  0.11
2009  7447.66666667  0.11
2010  7447.66666667  0.11
2011  7447.66666667  0.11
2012  7447.66666667  0.11
2013  7447.66666667  0.11
2014  7447.66666667  0.11
2015  7447.66666667  0.11
2016  7447.66666667  0.11
2017  7447.66666667  0.11
2018  7447.66666667  0.11
2019  7447.66666667  0.11
2020  7447.66666667  0.11
2021  7447.66666667  0.11
2022  7447.66666667  0.11
2023  7447.66666667  0.11
2024  7447.66666667  0.11
2025  7447.66666667  0.11
2026  7447.66666667  0.11
2027  7447.66666667  0.11
2028  7447.66666667  0.11
2029  7447.66666667  0.11
2030  7447.66666667  0.11
2031  7447.66666667  0.11
2032  7447.66666667  0.11
2033  7447.66666667  0.11
2034  7447.66666667  0.11
2035  7447.66666667  0.11
2036  7447.66666667  0.11
2037  7447.66666667  0.11
2038  7447.66666667  0.11
2039  7447.66666667  0.11
2040  7447.66666667  0.11
2041  7447.66666667  0.11
2042  7447.66666667  0.11
2043  7447.66666667  0.11
2044  7447.66666667  0.11
2045  7447.66666667  0.11
2046  7447.66666667  0.11
2047  7447.66666667  0.11
2048  7447.66666667  0.11
2049  7447.66666667  0.11
2050  7447.66666667  0.11
2051  7447.66666667  0.11
2052  7447.66666667  0.11
2053  7447.66666667  0.11
2054  7447.66666667  0.11
2055  7447.66666667  0.11
2056  7447.66666667  0.11
2057  7447.66666667  0.11
2058  7447.66666667  0.11
2059  7447.66666667  0.11
2060  7447.66666667  0.11
2061  7447.66666667  0.11
2062  7447.66666667  0.11
2063  7447.66666667  0.11
2064  7447.66666667  0.11
2065  7447.66666667  0.11
2066  7447.66666667  0.11
2067  7447.66666667  0.11
2068  7447.66666667  0.11
2069  7447.66666667  0.11
2070  7447.66666667  0.11
2071  7447.66666667  0.11
2072  7447.66666667  0.11
2073  7447.66666667  0.11
2074  7447.66666667  0.11
2075  7447.66666667  0.11
2076  7447.66666667  0.11
2077  7447.66666667  0.11
2078  7447.66666667  0.11
2079  7447.66666667  0.11
2080  7447.66666667  0.11
2081  7447.66666667  0.11
2082  7447.66666667  0.11
2083  7447.66666667  0.11
2084  7447.66666667  0.11
2085  7447.66666667  0.11
2086  7447.66666667  0.11
2087  7447.66666667  0.11
2088  7447.66666667  0.11
2089  7447.66666667  0.11
2090  7447.66666667  0.11
2091  7447.66666667  0.11
2092  7447.66666667  0.11
2093  7447.66666667  0.11
2094  7447.66666667  0.11
2095  7447.66666667  0.11
2096  7447.66666667  0.11
2097  7447.66666667  0.11
2098  7447.66666667  0.11
2099  7447.66666667  0.11
2100  7447.66666667  0.11
2101  7447.66666667  0.11
2102  7447.66666667  0.11
2103  7447.66666667  0.11
2104  7447.66666667  0.11
2105  7447.66666667  0.11
2106  7447.66666667  0.11
2107  7447.66666667  0.11
2108  7447.66666667  0.11
2109  7447.66666667  0.11
2110  7447.66666667  0.11
2111  7447.66666667  0.11
2112  7447.66666667  0.11
2113  7447.66666667  0.11
2114  7447.66666667  0.11
2115  7447.66666667  0.11
2116  7447.66666667  0.11
2117  7447.66666667  0.11
2118  7447.66666667  0.11
2119  7447.66666667  0.11
2120  7447.66666667  0.11
2121  7447.66666667  0.11
2122  7447.66666667  0.11
2123  7447.66666667  0.11
2124  7447.66666667  0.11
2125  7447.66666667  0.11
2126  7447.66666667  0.11
2127  7447.66666667  0.11
2128  7447.66666667  0.11
2129  7447.66666667  0.11
2130  7447.66666667  0.11
2131  7447.66666667  0.11
2132  7447.66666667  0.11
2133  7447.66666667  0.11
2134  7447.66666667  0.11
2135  7447.66666667  0.11
2136  7447.66666667  0.11
2137  7447.66666667  0.11
2138  7447.66666667  0.11
2139  7447.66666667  0.11
2140  7447.66666667  0.11
2141  7447.66666667  0.11
2142  7447.66666667  0.11
2143  7447.66666667  0.11
2144  7447.66666667  0.11
2145  7447.66666667  0.11
2146  7447.66666667  0.11
2147  7447.66666667  0.11
2148  7447.66666667  0.11
2149  7447.66666667  0.11
2150  7447.66666667  0.11
2151  7447.66666667  0.11
2152  7447.66666667  0.11
2153  7447.66666667  0.11
2154  7447.66666667  0.11
2155  7447.66666667  0.11
2156  7447.66666667  0.11
2157  7447.66666667  0.11
2158  7447.66666667  0.11
2159  7447.66666667  0.11
2160  7447.66666667  0.11
2161  7447.66666667  0.11
2162  7447.66666667  0.11
2163  7447.66666667  0.11
2164  7447.66666667  0.11
2165  7447.66666667  0.11
2166  7447.66666667  0.11
2167  7447.66666667  0.11
2168  7447.66666667  0.11
2169  7447.66666667  0.11
2170  7447.66666667  0.11
2171  7447.66666667  0.11
2172  7447.66666667  0.11
2173  7447.66666667  0.11
2174  7447.66666667  0.11
2175  7447.66666667  0.11
2176  7447.66666667  0.11
2177  7447.66666667  0.11
2178  7447.66666667  0.11
2179  7447.66666667  0.11
2180  7447.66666667  0.11
2181  7447.66666667  0.11
2182  7447.66666667  0.11
2183  7447.66666667  0.11
2184  7447.66666667  0.11
2185  7447.66666667  0.11
2186  7447.66666667  0.11
2187  7447.66666667  0.11
2188  7447.66666667  0.11
2189  7447.66666667  0.11
2190  7447.66666667  0.11
2191  7447.66666667  0.11
2192  7447.66666667  0.11
2193  7447.66666667  0.11
2194  7447.66666667  0.11
2195  7447.66666667  0.11
2196  7447.66666667  0.11
2197  7447.66666667  0.11
2198  7447.66666667  0.11
2199  7447.66666667  0.11
2200  7447.66666667  0.11
2201  7447.66666667  0.11
2202  7447.66666667  0.11
2203  7447.66666667  0.11
2204  7447.66666667  0.11
2205  7447.66666667  0.11
2206  7447.66666667  0.11
2207  7447.66666667  0.11
2208  7447.66666667  0.11
2209  7447.66666667  0.11
2210  7447.66666667  0.11
2211  7447.66666667  0.11
2212  7447.66666667  0.11
2213  7447.66666667  0.11
2214  7447.66666667  0.11
2215  7447.66666667  0.11
2216  7447.66666667  0.11
2217  7447.66666667  0.11
2218  7447.66666667  0.11
2219  7447.66666667  0.11
2220  7447.66666667  0.11
2221  7447.66666667  0.11
2222  7447.66666667  0.11
2223  7447.66666667  0.11
2224  7447.66666667  0.11
2225  7447.66666667  0.11
2226  7447.66666667  0.11
2227  7447.66666667  0.11
2228  7447.66666667  0.11
2229  7447.66666667  0.11
2230  7447.66666667  0.11
2231  7447.66666667  0.11
2232  7447.66666667  0.11
2233  7447.66666667  0.11
2234  7447.66666667  0.11
2235  7447.66666667  0.11
2236  7447.66666667  0.11
2237  7447.66666667  0.11
2238  7447.66666667  0.11
2239  7447.66666667  0.11
2240  7447.66666667  0.11
2241  7447.66666667  0.11
2242  7447.66666667  0.11
2243  7447.66666667  0.11
2244  7447.66666667  0.11
2245  7447.66666667  0.11
2246  7447.66666667  0.11
2247  7447.66666667  0.11
2248  7447.66666667  0.11
2249  7447.66666667  0.11
2250  7447.66666667  0.11
2251  7447.66666667  0.11
2252  7447.66666667  0.11
2253  7447.66666667  0.11
2254  7447.66666667  0.11
2255  7447.66666667  0.11
2256  7447.66666667  0.11
2257  7447.66666667  0.11
2258  7447.66666667  0.11
2259  7447.66666667  0.11
2260  7447.66666667  0.11
2261  7447.66666667  0.11
2262  7447.66666667  0.11
2263  7447.66666667  0.11
2264  7447.66666667  0.11
2265  7447.66666667  0.11
2266  7447.66666667  0.11
2267  7447.66666667  0.11
2268  7447.66666667  0.11
2269  7447.66666667  0.11
2270  7447.66666667  0.11
2271  7447.66666667  0.11
2272  7447.66666667  0.11
2273  7447.66666667  0.11
2274  7447.66666667  0.11
2275  7447.66666667  0.11
2276  7447.66666667  0.11
2277  7447.66666667  0.11
2278  7447.66666667  0.11
2279  7447.66666667  0.11
2280  7447.66666667  0.11
2281  7447.66666667  0.11
2282  7447.66666667  0.11
2283  7447.66666667  0.11
2284  7447.66666667  0.11
2285  7447.66666667  0.11
2286  7447.66666667  0.11
2287  7447.66666667  0.11
2288  7447.66666667  0.11
2289  7447.66666667  0.11
2290  7447.66666667  0.11
2291  7447.66666667  0.11
2292  7447.66666667  0.11
2293  7447.66666667  0.11
2294  7447.66666667  0.11
2295  7447.66666667  0.11
2296  7447.66666667  0.11
2297  7447.66666667  0.11
2298  7447.66666667  0.11
2299  7447.66666667  0.11
2300  7447.66666667  0.11
2301  7447.66666667  0.11
2302  7447.66666667  0.11
2303  7447.66666667  0.11
2304  7447.66666667  0.11
2305  7447.66666667  0.11
2306  7447.66666667  0.11
2307  7447.66666667  0.11
2308  7447.66666667  0.11
2309  7447.66666667  0.11
2310  7447.66666667  0.11
2311  7447.66666667  0.11
2312  7447.66666667  0.11
2313  7447.66666667  0.11
2314  7447.66666667  0.11
2315  7447.66666667  0.11
2316  7447.66666667  0.11
2317  7447.66666667  0.11
2318  7447.66666667  0.11
2319  7447.66666667  0.11
2320  7447.66666667  0.11
2321  7447.66666667  0.11
2322  7447.66666667  0.11
2323  7447.66666667  0.11
2324  7447.66666667  0.11
2325  7447.66666667  0.11
2326  7447.66666667  0.11
2327  7447.66666667  0.11
2328  7447.66666667  0.11
2329  7447.66666667  0.11
2330  7447.66666667  0.11
2331  7447.66666667  0.11
2332  7447.66666667  0.11
2333  7447.66666667  0.11
2334  7447.66666667  0.11
2335  7447.66666667  0.11
2336  7447.66666667  0.11
2337  7447.66666667  0.11
2338  7447.66666667  0.11
2339  7447.66666667  0.11
2340  7447.66666667  0.11
2341  7447.66666667  0.11
2342  7447.66666667  0.11
2343  7447.66666667  0.11
2344  7447.66666667  0.11
2345  7447.66666667  0.11
2346  7447.66666667  0.11
2347  7447.66666667  0.11
2348  7447.66666667  0.11
2349  7447.66666667  0.11
2350  7447.66666667  0.11
2351  7447.66666667  0.11
2352  7447.66666667  0.11
2353  7447.66666667  0.11
2354  7447.66666667  0.11
2355  7447.66666667  0.11
2356  7447.66666667  0.11
2357  7447.66666667  0.11
2358  7447.66666667  0.11
2359  7447.66666667  0.11
2360  7447.66666667  0.11
2361  7447.66666667  0.11
2362  7447.66666667  0.11
2363  7447.66666667  0.11
2364  7447.66666667  0.11
2365  7447.66666667  0.11
2366  7447.66666667  0.11
2367  7447.66666667  0.11
2368  7447.66666667  0.11
2369  7447.66666667  0.11
2370  7447.66666667  0.11
2371  7447.66666667  0.11
2372  7447.66666667  0.11
2373  7447.66666667  0.11
2374  7447.66666667  0.11
2375  7447.66666667  0.11
2376  7447.66666667  0.11
2377  7447.66666667  0.11
2378  7447.66666667  0.11
2379  7447.66666667  0.11
2380  7447.66666667  0.11
2381  7447.66666667  0.11
2382  7447.66666667  0.11
2383  7447.66666667  0.11
2384  7447.66666667  0.11
2385  7447.66666667  0.11
2386  7447.66666667  0.11
2387  7447.66666667  0.11
2388  7447.66666667  0.11
2389  7447.66666667  0.11
2390  7447.66666667  0.11
2391  7447.66666667  0.11
2392  7447.66666667  0.11
2393  7447.66666667  0.11
2394  7447.66666667  0.11
2395  7447.66666667  0.11
2396  7447.66666667  0.11
2397  7447.66666667  0.11
2398  7447.66666667  0.11
2399  7447.66666667  0.11
2400  7447.66666667  0.11
2401  7447.66666667  0.11
2402  7447.66666667  0.11
2403  7447.66666667  0.11
2404  7447.66666667  0.11
2405  7447.66666667  0.11
2406  7447.66666667  0.11
2407  7447.66666667  0.11
2408  7447.66666667  0.11
2409  7447.66666667  0.11
2410  7447.66666667  0.11
2411  7447.66666667  0.11
2412  7447.66666667  0.11
2413  7447.66666667  0.11
2414  7447.66666667  0.11
2415  7447.66666667  0.11
2416  7447.66666667  0.11
2417  7447.66666667  0.11
2418  7447.66666667  0.11
2419  7447.66666667  0.11
2420  7447.66666667  0.11
2421  7447.66666667  0.11
2422  7447.66666667  0.11
2423  7447.66666667  0.11
2424  7447.66666667  0.11
2425  7447.66666667  0.11
2426  7447.66666667  0.11
2427  7447.66666667  0.11
2428  7447.66666667  0.11
2429  7447.66666667  0.11
2430  7447.66666667  0.11
2431  7447.66666667  0.11
2432  7447.66666667  0.11
2433  7447.66666667  0.11
2434  7447.66666667  0.11
2435  7447.66666667  0.11
2436  7447.66666667  0.11
2437  7447.66666667  0.11
2438  7447.66666667  0.11
2439  7447.66666667  0.11
2440  7447.66666667  0.11
2441  7447.66666667  0.11
2442  7447.66666667  0.11
2443  7447.66666667  0.11
2444  7447.66666667  0.11
2445  7447.66666667  0.11
2446  7447.66666667  0.11
2447  7447.66666667  0.11
2448  7447.66666667  0.11
2449  7447.66666667  0.11
2450  7447.66666667  0.11
2451  7447.66666667  0.11
2452  7447.66666667  0.11
2453  7447.66666667  0.11
2454  7447.66666667  0.11
2455  7447.66666667  0.11
2456  7447.66666667  0.11
2457  7447.66666667  0.11
2458  7447.66666667  0.11
2459  7447.66666667  0.11
2460  7447.66666667  0.11
2461  7447.66666667  0.11
2462  7447.66666667  0.11
2463  7447.66666667  0.11
2464  7447.66666667  0.11
2465  7447.66666667  0.11
2466  7447.66666667  0.11
2467  7447.66666667  0.11
2468  7447.66666667  0.11
2469  7447.66666667  0.11
2470  7447.66666667  0.11
2471  7447.66666667  0.11
2472  7447.66666667  0.11
2473  7447.66666667  0.11
2474  7447.66666667  0.11
2475  7447.66666667  0.11
2476  7447.66666667  0.11
2477  7447.66666667  0.11
2478  7447.66666667  0.11
2479  7447.66666667  0.11
2480  7447.66666667  0.11
2481  7447.66666667  0.11
2482  7447.66666667  0.11
2483  7447.66666667  0.11
2484  7447.66666667  0.11
2485  7447.66666667  0.11
2486  7447.66666667  0.11
2487  7447.66666667  0.11
2488  7447.66666667  0.11
2489  7447.66666667  0.11
2490  7447.66666667  0.11
2491  7447.66666667  0.11
2492  7447.66666667  0.11
2493  7447.66666667  0.11
2494  7447.66666667  0.11
2495  7447.66666667  0.11
2496  7447.66666667  0.11
2497  7447.66666667  0.11
2498  7447.66666667  0.11
2499  7447.66666667  0.11
2500  7447.66666667  0.11
2501  7447.66666667  0.11
2502  7447.66666667  0.11
2503  7447.66666667  0.11
2504  7447.66666667  0.11
2505  7447.66666667  0.11
2506  7447.66666667  0.11
2507  7447.66666667  0.11
2508  7447.66666667  0.11
2509  7447.66666667  0.11
2510  7447.66666667  0.11
2511  7447.66666667  0.11
2512  7447.66666667  0.11
2513  7447.66666667  0.11
2514  7447.66666667  0.11
2515  7447.66666667  0.11
2516  7447.66666667  0.11
2517  7447.66666667  0.11
2518  7447.66666667  0.11
2519  7447.66666667  0.11
2520  7447.66666667  0.11
2521  7447.66666667  0.11
2522  7447.66666667  0.11
2523  7447.66666667  0.11
2524  7447.66666667  0.11
2525  7447.66666667  0.11
2526  7447.66666667  0.11
2527  7447.66666667  0.11
2528  7447.66666667  0.11
2529  7447.66666667  0.11
2530  7447.66666667  0.11
2531  7447.66666667  0.11
2532  7447.66666667  0.11
2533  7447.66666667  0.11
2534  7447.66666667  0.11
2535  7447.66666667  0.11
2536  7447.66666667  0.11
2537  7447.66666667  0.11
2538  7447.66666667  0.11
2539  7447.66666667  0.11
2540  7447.66666667  0.11
2541  7447.66666667  0.11
2542  7447.66666667  0.11
2543  7447.66666667  0.11
2544  7447.66666667  0.11
2545  7447.66666667  0.11
2546  7447.66666667  0.11
2547  7447.66666667  0.11
2548  7447.66666667  0.11
2549  7447.66666667  0.11
2550  7447.66666667  0.11
2551  7447.66666667  0.11
2552  7447.66666667  0.11
2553  7447.66666667  0.11
2554  7447.66666667  0.11
2555  7447.66666667  0.11
2556  7447.66666667  0.11
2557  7447.66666667  0.11
2558  7447.66666667  0.11
2559  7447.66666667  0.11
2560  7447.66666667  0.11
2561  7447.66666667  0.11
2562  7447.66666667  0.11
2563  7447.66666667  0.11
2564  7447.66666667  0.11
2565  7447.66666667  0.11
2566  7447.66666667  0.11
2567  7447.66666667  0.11
2568  7447.66666667  0.11
2569  7447.66666667  0.11
2570  7447.66666667  0.11
2571  7447.66666667  0.11
2572  7447.66666667  0.11
2573  7447.66666667  0.11
2574  7447.66666667  0.11
2575  7447.66666667  0.11
2576  7447.66666667  0.11
2577  7447.66666667  0.11
2578  7447.66666667  0.11
2579  7447.66666667  0.11
2580  7447.66666667  0.11
2581  7447.66666667  0.11
2582  7447.66666667  0.11
2583  7447.66666667  0.11
2584  7447.66666667  0.11
2585  7447.66666667  0.11
2586  7447.66666667  0.11
2587  7447.66666667  0.11
2588  7447.66666667  0.11
2589  7447.66666667  0.11
2590  7447.66666667  0.11
2591  7447.66666667  0.11
2592  7447.66666667  0.11
2593  7447.66666667  0.11
2594  7447.66666667  0.11
2595  7447.66666667  0.11
2596  7447.66666667  0.11
2597  7447.66666667  0.11
2598  7447.66666667  0.11
2599  7447.66666667  0.11
2600  7447.66666667  0.11
2601  7447.66666667  0.11
2602  7447.66666667  0.11
2603  7447.66666667  0.11
2604  7447.66666667  0.11
2605  7447.66666667  0.11
2606  7447.66666667  0.11
2607  7447.66666667  0.11
2608  7447.66666667  0.11
2609  7447.66666667  0.11
2610  7447.66666667  0.11
2611  7447.66666667  0.11
2612  7447.66666667  0.11
2613  7447.66666667  0.11
2614  7447.66666667  0.11
2615  7447.66666667  0.11
2616  7447.66666667  0.11
2617  7447.66666667  0.11
2618  7447.66666667  0.11
2619  7447.66666667  0.11
2620  7447.66666667  0.11
2621  7447.66666667  0.11
2622  7447.66666667  0.11
2623  7447.66666667  0.11
2624  7447.66666667  0.11
2625  7447.66666667  0.11
2626  7447.66666667  0.11
2627  7447.66666667  0.11
2628  7447.66666667  0.11
2629  7447.66666667  0.11
2630  7447.66666667  0.11
2631  7447.66666667  0.11
2632  7447.66666667  0.11
2633  7447.66666667  0.11
2634  7447.66666667  0.11
2635  7447.66666667  0.11
2636  7447.66666667  0.11
2637  7447.66666667  0.11
2638  7447.66666667  0.11
2639  7447.66666667  0.11
2640  7447.66666667  0.11
2641  7447.66666667  0.11
2642  7447.66666667  0.11
2643  7447.66666667  0.11
2644  7447.66666667  0.11
2645  7447.66666667  0.11
2646  7447.66666667  0.11
2647  7447.66666667  0.11
2648  7447.66666667  0.11
2649  7447.66666667  0.11
2650  7447.66666667  0.11
2651  7447.66666667  0.11
2652  7447.66666667  0.11
2653  7447.66666667  0.11
2654  7447.66666667  0.11
2655  7447.66666667  0.11
2656  7447.66666667  0.11
2657  7447.66666667  0.11
2658  7447.66666667  0.11
2659  7447.66666667  0.11
2660  7447.66666667  0.11
2661  7447.66666667  0.11
2662  7447.66666667  0.11
2663  7447.66666667  0.11
2664  7447.66666667  0.11
2665  7447.66666667  0.11
2666  7447.66666667  0.11
2667  7447.66666667  0.11
2668  7447.66666667  0.11
2669  7447.66666667  0.11
2670  7447.66666667  0.11
2671  7447.66666667  0.11
2672  7447.66666667  0.11
2673  7447.66666667  0.11
2674  7447.66666667  0.11
2675  7447.66666667  0.11
2676  7447.66666667  0.11
2677  7447.66666667  0.11
2678  7447.66666667  0.11
2679  7447.66666667  0.11
2680  7447.66666667  0.11
2681  7447.66666667  0.11
2682  7447.66666667  0.11
2683  7447.66666667  0.11
2684  7447.66666667  0.11
2685  7447.66666667  0.11
2686  7447.66666667  0.11
2687  7447.66666667  0.11
2688  7447.66666667  0.11
2689  7447.66666667  0.11
2690  7447.66666667  0.11
2691  7447.66666667  0.11
2692  7447.66666667  0.11
2693  7447.66666667  0.11
2694  7447.66666667  0.11
2695  7447.66666667  0.11
2696  7447.66666667  0.11
2697  7447.66666667  0.11
2698  7447.66666667  0.11
2699  7447.66666667  0.11
2700  7447.66666667  0.11
2701  7447.66666667  0.11
2702  7447.66666667  0.11
2703  7447.66666667  0.11
2704  7447.66666667  0.11
2705  7447.66666667  0.11
2706  7447.66666667  0.11
2707  7447.66666667  0.11
2708  7447.66666667  0.11
2709  7447.66666667  0.11
2710  7447.66666667  0.11
2711  7447.66666667  0.11
2712  7447.66666667  0.11
2713  7447.66666667  0.11
2714  7447.66666667  0.11
2715  7447.66666667  0.11
2716  7447.66666667  0.11
2717  7447.66666667  0.11
2718  7447.66666667  0.11
2719  7447.66666667  0.11
2720  7447.66666667  0.11
2721  7447.66666667  0.11
2722  7447.66666667  0.11
2723  7447.66666667  0.11
2724  7447.66666667  0.11
2725  7447.66666667  0.11
2726  7447.66666667  0.11
2727  7447.66666667  0.11
2728  7447.66666667  0.11
2729  7447.66666667  0.11
2730  7447.66666667  0.11
2731  7447.66666667  0.11
2732  7447.66666667  0.11
2733  7447.66666667  0.11
2734  7447.66666667  0.11
2735  7447.66666667  0.11
2736  7447.66666667  0.11
2737  7447.66666667  0.11
2738  7447.66666667  0.11
2739  7447.66666667  0.11
2740  7447.66666667  0.11
2741  7447.66666667  0.11
2742  7447.66666667  0.11
2743  7447.66666667  0.11
2744  7447.66666667  0.11
2745  7447.66666667  0.11
2746  7447.66666667  0.11
2747  7447.66666667  0.11
2748  7447.66666667  0.11
2749  7447.66666667  0.11
2750  7447.66666667  0.11
2751  7447.66666667  0.11
2752  7447.66666667  0.11
2753  7447.66666667  0.11
2754  7447.66666667  0.11
2755  7447.66666667  0.11
2756  7447.66666667  0.11
2757  7447.66666667  0.11
2758  7447.66666667  0.11
2759  7447.66666667  0.11
2760  7447.66666667  0.11
2761  7447.66666667  0.11
2762  7447.66666667  0.11
2763  7447.66666667  0.11
2764  7447.66666667  0.11
2765  7447.66666667  0.11
2766  7447.66666667  0.11
2767  7447.66666667  0.11
2768  7447.66666667  0.11
2769  7447.66666667  0.11
2770  7447.66666667  0.11
2771  7447.66666667  0.11
2772  7447.66666667  0.11
2773  7447.66666667  0.11
2774  7447.66666667  0.11
2775  7447.66666667  0.11
2776  7447.66666667  0.11
2777  7447.66666667  0.11
2778  7447.66666667  0.11
2779  7447.66666667  0.11
2780  7447.66666667  0.11
2781  7447.66666667  0.11
2782  7447.66666667  0.11
2783  7447.66666667  0.11
2784  7447.66666667  0.11
2785  7447.66666667  0.11
2786  7447.66666667  0.11
2787  7447.66666667  0.11
2788  7447.66666667  0.11
2789  7447.66666667  0.11
2790  7447.66666667  0.11
2791  7447.66666667  0.11
2792  7447.66666667  0.11
2793  7447.66666667  0.11
2794  7447.66666667  0.11
2795  7447.66666667  0.11
2796  7447.66666667  0.11
2797  7447.66666667  0.11
2798  7447.66666667  0.11
2799  7447.66666667  0.11
2800  7447.66666667  0.11
2801  7447.66666667  0.11
2802  7447.66666667  0.11
2803  7447.66666667  0.11
2804  7447.66666667  0.11
2805  7447.66666667  0.11
2806  7447.66666667  0.11
2807  7447.66666667  0.11
2808  7447.66666667  0.11
2809  7447.66666667  0.11
2810  7447.66666667  0.11
2811  7447.66666667  0.11
2812  7447.66666667  0.11
2813  7447.66666667  0.11
2814  7447.66666667  0.11
2815  7447.66666667  0.11
2816  7447.66666667  0.11
2817  7447.66666667  0.11
2818  7447.66666667  0.11
2819  7447.66666667  0.11
2820  7447.66666667  0.11
2821  7447.66666667  0.11
2822  7447.66666667  0.11
2823  7447.66666667  0.11
2824  7447.66666667  0.11
2825  7447.66666667  0.11
2826  7447.66666667  0.11
2827  7447.66666667  0.11
2828  7447.66666667  0.11
2829  7447.66666667  0.11
2830  7447.66666667  0.11
2831  7447.66666667  0.11
2832  7447.66666667  0.11
2833  7447.66666667  0.11
2834  7447.66666667  0.11
2835  7447.66666667  0.11
2836  7447.66666667  0.11
2837  7447.66666667  0.11
2838  7447.66666667  0.11
2839  7447.66666667  0.11
2840  7447.66666667  0.11
2841  7447.66666667  0.11
2842  7447.66666667  0.11
2843  7447.66666667  0.11
2844  7447.66666667  0.11
2845  7447.66666667  0.11
2846  7447.66666667  0.11
2847  7447.66666667  0.11
2848  7447.66666667  0.11
2849  7447.66666667  0.11
2850  7447.66666667  0.11
2851  7447.66666667  0.11
2852  7447.66666667  0.11
2853  7447.66666667  0.11
2854  7447.66666667  0.11
2855  7447.66666667  0.11
2856  7447.66666667  0.11
2857  7447.66666667  0.11
2858  7447.66666667  0.11
2859  7447.66666667  0.11
2860  7447.66666667  0.11
2861  7447.66666667  0.11
2862  7447.66666667  0.11
2863  7447.66666667  0.11
2864  7447.66666667  0.11
2865  7447.66666667  0.11
2866  7447.66666667  0.11
2867  7447.66666667  0.11
2868  7447.66666667  0.11
2869  7447.66666667  0.11
2870  7447.66666667  0.11
2871  7447.66666667  0.11
2872  7447.66666667  0.11
2873  7447.66666667  0.11
2874  7447.66666667  0.11
2875  7447.66666667  0.11
2876  7447.66666667  0.11
2877  7447.66666667  0.11
2878  7447.66666667  0.11
2879  7447.66666667  0.11
2880  7447.66666667  0.11
2881  7447.66666667  0.11
2882  7447.66666667  0.11
2883  7447.66666667  0.11
2884  7447.66666667  0.11
2885  7447.66666667  0.11
2886  7447.66666667  0.11
2887  7447.66666667  0.11
2888  7447.66666667  0.11
2889  7447.66666667  0.11
2890  7447.66666667  0.11
2891  7447.66666667  0.11
2892  7447.66666667  0.11
2893  7447.66666667  0.11
2894  7447.66666667  0.11
2895  7447.66666667  0.11
2896  7447.66666667  0.11
2897  7447.66666667  0.11
2898  7447.66666667  0.11
2899  7447.66666667  0.11
2900  7447.66666667  0.11
2901  7447.66666667  0.11
2902  7447.66666667  0.11
2903  7447.66666667  0.11
2904  7447.66666667  0.11
2905  7447.66666667  0.11
2906  7447.66666667  0.11
2907  7447.66666667  0.11
2908  7447.66666667  0.11
2909  7447.66666667  0.11
2910  7447.66666667  0.11
2911  7447.66666667  0.11
2912  7447.66666667  0.11
2913  7447.66666667  0.11
2914  7447.66666667  0.11
2915  7447.66666667  0.11
2916  7447.66666667  0.11
2917  7447.66666667  0.11
2918  7447.66666667  0.11
2919  7447.66666667  0.11
2920  7447.66666667  0.11
2921  7447.66666667  0.11
2922  7447.66666667  0.11
2923  7447.66666667  0.11
2924  7447.66666667  0.11
2925  7447.66666667  0.11
2926  7447.66666667  0.11
2927  7447.66666667  0.11
2928  7447.66666667  0.11
2929  7447.66666667  0.11
2930  7447.66666667  0.11
2931  7447.66666667  0.11
2932  7447.66666667  0.11
2933  7447.66666667  0.11
2934  7447.66666667  0.11
2935  7447.66666667  0.11
2936  7447.66666667  0.11
2937  7447.66666667  0.11
2938  7447.66666667  0.11
2939  7447.66666667  0.11
2940  7447.66666667  0.11
2941  7447.66666667  0.11
2942  7447.66666667  0.11
2943  7447.66666667  0.11
2944  7447.66666667  0.11
2945  7447.66666667  0.11
2946  7447.66666667  0.11
2947  7447.66666667  0.11
2948  7447.66666667  0.11
2949  7447.66666667  0.11
2950  7447.66666667  0.11
2951  7447.66666667  0.11
2952  7447.66666667  0.11
2953  7447.66666667  0.11
2954  7447.66666667  0.11
2955  7447.66666667  0.11
2956  7447.66666667  0.11
2957  7447.66666667  0.11
2958  7447.66666667  0.11
2959  7447.66666667  0.11
2960  7447.66666667  0.11
2961  7447.66666667  0.11
2962  7447.66666667  0.11
2963  7447.66666667  0.11
2964  7447.66666667  0.11
2965  7447.66666667  0.11
2966  7447.66666667  0.11
2967  7447.66666667  0.11
2968  7447.66666667  0.11
2969  7447.66666667  0.11
2970  7447.66666667  0.11
2971  7447.66666667  0.11
2972  7447.66666667  0.11
2973  7447.66666667  0.11
2974  7447.66666667  0.11
2975  7447.66666667  0.11
2976  7447.66666667  0.11
2977  7447.66666667  0.11
2978  7447.66666667  0.11
2979  7447.66666667  0.11
2980  7447.66666667  0.11
2981  7447.66666667  0.11
2982  7447.66666667  0.11
2983  7447.66666667  0.11
2984  7447.66666667  0.11
2985  7447.66666667  0.11
2986  7447.66666667  0.11
2987  7447.66666667  0.11
2988  7447.66666667  0.11
2989  7447.66666667  0.11
2990  7447.66666667  0.11
2991  7447.66666667  0.11
2992  7447.66666667  0.11
2993  7447.66666667  0.11
2994  7447.66666667  0.11
2995  7447.66666667  0.11
2996  7447.66666667  0.11
2997  7447.66666667  0.11
2998  7447.66666667  0.11
2999  7447.66666667  0.11
#[-9, -9, -1, 1, 3, 4, 6, 7, 8, 9]
#[-8, -7, -6, -6, 1, 2, 3, 5, 6, 7]
#[-1, 5, 5, 5, 5, 5, 5, 5, 5, 7]
#[5, 5, 5, 5, 5, 5, 5, 5, 5, 5]
#[2, 3, 5, 5, 5, 5, 5, 5, 5, 5]
#[-8, 5, 5, 5, 5, 5, 5, 5, 5, 8]
#[-6, 3, 5, 5, 5, 5, 5, 5, 5, 5]
#[5, 5, 5, 5, 5, 5, 5, 5, 5, 5]
#[-1, 2, 3, 4, 5, 5, 5, 5, 5, 5]
#Specialization index= [0, 9, 1.0]
