#[6, 7, 5, 8, 2, 8, 5, 8, 1, 5]
#[4, 2, 7, 1, 7, 6, 8, 5, 1, 4]
#[6, 8, 8, 3, 9, 7, 8, 3, 5, 3]
#[2, 7, 6, 2, 8, 6, 7, 9, 7, 7]
#[6, 1, 3, 3, 2, 8, 6, 8, 3, 9]
#[8, 2, 6, 1, 9, 6, 7, 7, 3, 3]
#[9, 3, 6, 7, 6, 3, 2, 2, 8, 2]
#[1, 3, 9, 5, 6, 2, 7, 3, 1, 7]
#[1, 7, 4, 1, 4, 3, 1, 6, 5, 9]
0  5202.96478271  0.0
1  5202.96478271  0.0
2  5202.96478271  0.0
3  5202.96478271  0.0
4  5202.96478271  0.0
5  5202.96478271  0.0
6  5202.96478271  0.0
7  5202.96478271  0.0
8  5202.96478271  0.0
9  5202.96478271  0.0
10  5202.96478271  0.0
11  5202.96478271  0.0
12  5202.96478271  0.0
13  5202.96478271  0.0
14  5202.96478271  0.0
15  5202.96478271  0.0
16  5202.96478271  0.0
17  5202.96478271  0.0
18  5202.96478271  0.0
19  5202.96478271  0.0
20  5202.96478271  0.0
21  5202.96478271  0.0
22  5202.96478271  0.0
23  5202.96478271  0.0
24  5202.96478271  0.0
25  5202.96478271  0.0
26  5202.96478271  0.0
27  5202.96478271  0.0
28  5202.96478271  0.0
29  5202.96478271  0.0
30  5202.96478271  0.0
31  5202.96478271  0.0
32  5202.96478271  0.0
33  5202.96478271  0.0
34  5202.96478271  0.0
35  5202.96478271  0.0
36  5202.96478271  0.0
37  5202.96478271  0.0
38  5202.96478271  0.0
39  5202.96478271  0.0
40  5202.96478271  0.0
41  5202.96478271  0.0
42  5202.96478271  0.0
43  5202.96478271  0.0
44  5202.96478271  0.0
45  5202.96478271  0.0
46  5202.96478271  0.0
47  5202.96478271  0.0
48  5202.96478271  0.0
49  5202.96478271  0.0
50  5202.96478271  0.0
51  5202.96478271  0.0
52  5202.96478271  0.0
53  5202.96478271  0.0
54  5202.96478271  0.0
55  5202.96478271  0.0
56  5202.96478271  0.0
57  5202.96478271  0.0
58  5202.96478271  0.0
59  5202.96478271  0.0
60  5202.96478271  0.0
61  5202.96478271  0.0
62  5202.96478271  0.0
63  5202.96478271  0.0
64  5202.96478271  0.0
65  5202.96478271  0.0
66  5202.96478271  0.0
67  5202.96478271  0.0
68  5202.96478271  0.0
69  5202.96478271  0.0
70  5202.96478271  0.0
71  5202.96478271  0.0
72  5202.96478271  0.0
73  5202.96478271  0.0
74  5202.96478271  0.0
75  5202.96478271  0.0
76  5202.96478271  0.0
77  5202.96478271  0.0
78  5202.96478271  0.0
79  5202.96478271  0.0
80  5202.96478271  0.0
81  5202.96478271  0.0
82  5202.96478271  0.0
83  5202.96478271  0.0
84  5202.96478271  0.0
85  5202.96478271  0.0
86  5202.96478271  0.0
87  5202.96478271  0.0
88  5202.96478271  0.0
89  5202.96478271  0.0
90  5202.96478271  0.0
91  5202.96478271  0.0
92  5202.96478271  0.0
93  5202.96478271  0.0
94  5202.96478271  0.0
95  5202.96478271  0.0
96  5202.96478271  0.0
97  5202.96478271  0.0
98  5202.96478271  0.0
99  5202.96478271  0.0
100  5202.96478271  0.0
101  5202.96478271  0.0
102  5202.96478271  0.0
103  5202.96478271  0.0
104  5202.96478271  0.0
105  5202.96478271  0.0
106  5202.96478271  0.0
107  5202.96478271  0.0
108  5202.96478271  0.0
109  5202.96478271  0.0
110  5202.96478271  0.0
111  5202.96478271  0.0
112  5202.96478271  0.0
113  5202.96478271  0.0
114  5202.96478271  0.0
115  5202.96478271  0.0
116  5202.96478271  0.0
117  5202.96478271  0.0
118  5202.96478271  0.0
119  5202.96478271  0.0
120  5202.96478271  0.0
121  5202.96478271  0.0
122  5202.96478271  0.0
123  5202.96478271  0.0
124  5202.96478271  0.0
125  5202.96478271  0.0
126  5202.96478271  0.0
127  5202.96478271  0.0
128  5202.96478271  0.0
129  5202.96478271  0.0
130  5202.96478271  0.0
131  5202.96478271  0.0
132  5202.96478271  0.0
133  5202.96478271  0.0
134  5202.96478271  0.0
135  5202.96478271  0.0
136  5202.96478271  0.0
137  5202.96478271  0.0
138  5202.96478271  0.0
139  5202.96478271  0.0
140  5202.96478271  0.0
141  5202.96478271  0.0
142  5202.96478271  0.0
143  5202.96478271  0.0
144  5202.96478271  0.0
145  5202.96478271  0.0
146  5202.96478271  0.0
147  5202.96478271  0.0
148  5202.96478271  0.0
149  5202.96478271  0.0
150  5202.96478271  0.0
151  5202.96478271  0.0
152  5202.96478271  0.0
153  5202.96478271  0.0
154  5202.96478271  0.0
155  5202.96478271  0.0
156  5202.96478271  0.0
157  5202.96478271  0.0
158  5202.96478271  0.0
159  5202.96478271  0.0
160  5202.96478271  0.0
161  5202.96478271  0.0
162  5202.96478271  0.0
163  5202.96478271  0.0
164  5202.96478271  0.0
165  5202.96478271  0.0
166  5202.96478271  0.0
167  5202.96478271  0.0
168  5202.96478271  0.0
169  5202.96478271  0.0
170  5202.96478271  0.0
171  5202.96478271  0.0
172  5202.96478271  0.0
173  5202.96478271  0.0
174  5202.96478271  0.0
175  5202.96478271  0.0
176  5202.96478271  0.0
177  5202.96478271  0.0
178  5202.96478271  0.0
179  5202.96478271  0.0
180  5202.96478271  0.0
181  5202.96478271  0.0
182  5202.96478271  0.0
183  5202.96478271  0.0
184  5202.96478271  0.0
185  5202.96478271  0.0
186  5202.96478271  0.0
187  5202.96478271  0.0
188  5202.96478271  0.0
189  5202.96478271  0.0
190  5202.96478271  0.0
191  5202.96478271  0.0
192  5202.96478271  0.0
193  5202.96478271  0.0
194  5202.96478271  0.0
195  5202.96478271  0.0
196  5202.96478271  0.0
197  5202.96478271  0.0
198  5202.96478271  0.0
199  5202.96478271  0.0
200  5202.96478271  0.0
201  5202.96478271  0.0
202  5202.96478271  0.0
203  5202.96478271  0.0
204  5202.96478271  0.0
205  5202.96478271  0.0
206  5202.96478271  0.0
207  5202.96478271  0.0
208  5202.96478271  0.0
209  5202.96478271  0.0
210  5202.96478271  0.0
211  5202.96478271  0.0
212  5202.96478271  0.0
213  5202.96478271  0.0
214  5202.96478271  0.0
215  5202.96478271  0.0
216  5202.96478271  0.0
217  5202.96478271  0.0
218  5202.96478271  0.0
219  5202.96478271  0.0
220  5202.96478271  0.0
221  5202.96478271  0.0
222  5202.96478271  0.0
223  5202.96478271  0.0
224  5202.96478271  0.0
225  5202.96478271  0.0
226  5202.96478271  0.0
227  5202.96478271  0.0
228  5202.96478271  0.0
229  5202.96478271  0.0
230  5202.96478271  0.0
231  5202.96478271  0.0
232  5202.96478271  0.0
233  5202.96478271  0.0
234  5202.96478271  0.0
235  5202.96478271  0.0
236  5202.96478271  0.0
237  5202.96478271  0.0
238  5202.96478271  0.0
239  5202.96478271  0.0
240  5202.96478271  0.0
241  5202.96478271  0.0
242  5202.96478271  0.0
243  5202.96478271  0.0
244  5202.96478271  0.0
245  5202.96478271  0.0
246  5202.96478271  0.0
247  5202.96478271  0.0
248  5202.96478271  0.0
249  5202.96478271  0.0
250  5202.96478271  0.0
251  5202.96478271  0.0
252  5202.96478271  0.0
253  5202.96478271  0.0
254  5202.96478271  0.0
255  5202.96478271  0.0
256  5202.96478271  0.0
257  5202.96478271  0.0
258  5202.96478271  0.0
259  5202.96478271  0.0
260  5202.96478271  0.0
261  5202.96478271  0.0
262  5202.96478271  0.0
263  5202.96478271  0.0
264  5202.96478271  0.0
265  5202.96478271  0.0
266  5202.96478271  0.0
267  5202.96478271  0.0
268  5202.96478271  0.0
269  5202.96478271  0.0
270  5202.96478271  0.0
271  5202.96478271  0.0
272  5202.96478271  0.0
273  5202.96478271  0.0
274  5202.96478271  0.0
275  5202.96478271  0.0
276  5202.96478271  0.0
277  5202.96478271  0.0
278  5202.96478271  0.0
279  5202.96478271  0.0
280  5202.96478271  0.0
281  5202.96478271  0.0
282  5202.96478271  0.0
283  5202.96478271  0.0
284  5202.96478271  0.0
285  5202.96478271  0.0
286  5202.96478271  0.0
287  5202.96478271  0.0
288  5202.96478271  0.0
289  5202.96478271  0.0
290  5202.96478271  0.0
291  5202.96478271  0.0
292  5202.96478271  0.0
293  5202.96478271  0.0
294  5202.96478271  0.0
295  5202.96478271  0.0
296  5202.96478271  0.0
297  5202.96478271  0.0
298  5202.96478271  0.0
299  5202.96478271  0.0
300  5202.96478271  0.0
301  5202.96478271  0.0
302  5202.96478271  0.0
303  5202.96478271  0.0
304  5202.96478271  0.0
305  5202.96478271  0.0
306  5202.96478271  0.0
307  5202.96478271  0.0
308  5202.96478271  0.0
309  5202.96478271  0.0
310  5202.96478271  0.0
311  5202.96478271  0.0
312  5202.96478271  0.0
313  5202.96478271  0.0
314  5202.96478271  0.0
315  5202.96478271  0.0
316  5202.96478271  0.0
317  5202.96478271  0.0
318  5202.96478271  0.0
319  5202.96478271  0.0
320  5202.96478271  0.0
321  5202.96478271  0.0
322  5202.96478271  0.0
323  5202.96478271  0.0
324  5202.96478271  0.0
325  5202.96478271  0.0
326  5202.96478271  0.0
327  5202.96478271  0.0
328  5202.96478271  0.0
329  5202.96478271  0.0
330  5202.96478271  0.0
331  5202.96478271  0.0
332  5202.96478271  0.0
333  5202.96478271  0.0
334  5202.96478271  0.0
335  5202.96478271  0.0
336  5202.96478271  0.0
337  5202.96478271  0.0
338  5202.96478271  0.0
339  5202.96478271  0.0
340  5202.96478271  0.0
341  5202.96478271  0.0
342  5202.96478271  0.0
343  5202.96478271  0.0
344  5202.96478271  0.0
345  5202.96478271  0.0
346  5202.96478271  0.0
347  5202.96478271  0.0
348  5202.96478271  0.0
349  5202.96478271  0.0
350  5202.96478271  0.0
351  5202.96478271  0.0
352  5202.96478271  0.0
353  5202.96478271  0.0
354  5202.96478271  0.0
355  5202.96478271  0.0
356  5202.96478271  0.0
357  5202.96478271  0.0
358  5202.96478271  0.0
359  5202.96478271  0.0
360  5202.96478271  0.0
361  5202.96478271  0.0
362  5202.96478271  0.0
363  5202.96478271  0.0
364  5202.96478271  0.0
365  5202.96478271  0.0
366  5202.96478271  0.0
367  5202.96478271  0.0
368  5202.96478271  0.0
369  5202.96478271  0.0
370  5202.96478271  0.0
371  5202.96478271  0.0
372  5202.96478271  0.0
373  5202.96478271  0.0
374  5202.96478271  0.0
375  5202.96478271  0.0
376  5202.96478271  0.0
377  5202.96478271  0.0
378  5202.96478271  0.0
379  5202.96478271  0.0
380  5202.96478271  0.0
381  5202.96478271  0.0
382  5202.96478271  0.0
383  5202.96478271  0.0
384  5202.96478271  0.0
385  5202.96478271  0.0
386  5202.96478271  0.0
387  5202.96478271  0.0
388  5202.96478271  0.0
389  5202.96478271  0.0
390  5202.96478271  0.0
391  5202.96478271  0.0
392  5202.96478271  0.0
393  5202.96478271  0.0
394  5202.96478271  0.0
395  5202.96478271  0.0
396  5202.96478271  0.0
397  5202.96478271  0.0
398  5202.96478271  0.0
399  5202.96478271  0.0
400  5202.96478271  0.0
401  5202.96478271  0.0
402  5202.96478271  0.0
403  5202.96478271  0.0
404  5202.96478271  0.0
405  5202.96478271  0.0
406  5202.96478271  0.0
407  5202.96478271  0.0
408  5202.96478271  0.0
409  5202.96478271  0.0
410  5202.96478271  0.0
411  5202.96478271  0.0
412  5202.96478271  0.0
413  5202.96478271  0.0
414  5202.96478271  0.0
415  5202.96478271  0.0
416  5202.96478271  0.0
417  5202.96478271  0.0
418  5202.96478271  0.0
419  5202.96478271  0.0
420  5202.96478271  0.0
421  5202.96478271  0.0
422  5202.96478271  0.0
423  5202.96478271  0.0
424  5202.96478271  0.0
425  5202.96478271  0.0
426  5202.96478271  0.0
427  5202.96478271  0.0
428  5202.96478271  0.0
429  5202.96478271  0.0
430  5202.96478271  0.0
431  5202.96478271  0.0
432  5202.96478271  0.0
433  5202.96478271  0.0
434  5202.96478271  0.0
435  5202.96478271  0.0
436  5202.96478271  0.0
437  5202.96478271  0.0
438  5202.96478271  0.0
439  5202.96478271  0.0
440  5202.96478271  0.0
441  5202.96478271  0.0
442  5202.96478271  0.0
443  5202.96478271  0.0
444  5202.96478271  0.0
445  5202.96478271  0.0
446  5202.96478271  0.0
447  5202.96478271  0.0
448  5202.96478271  0.0
449  5202.96478271  0.0
450  5202.96478271  0.0
451  5202.96478271  0.0
452  5202.96478271  0.0
453  5202.96478271  0.0
454  5202.96478271  0.0
455  5202.96478271  0.0
456  5202.96478271  0.0
457  5202.96478271  0.0
458  5202.96478271  0.0
459  5202.96478271  0.0
460  5202.96478271  0.0
461  5202.96478271  0.0
462  5202.96478271  0.0
463  5202.96478271  0.0
464  5202.96478271  0.0
465  5202.96478271  0.0
466  5202.96478271  0.0
467  5202.96478271  0.0
468  5202.96478271  0.0
469  5202.96478271  0.0
470  5202.96478271  0.0
471  5202.96478271  0.0
472  5202.96478271  0.0
473  5202.96478271  0.0
474  5202.96478271  0.0
475  5202.96478271  0.0
476  5202.96478271  0.0
477  5202.96478271  0.0
478  5202.96478271  0.0
479  5202.96478271  0.0
480  5202.96478271  0.0
481  5202.96478271  0.0
482  5202.96478271  0.0
483  5202.96478271  0.0
484  5202.96478271  0.0
485  5202.96478271  0.0
486  5202.96478271  0.0
487  5202.96478271  0.0
488  5202.96478271  0.0
489  5202.96478271  0.0
490  5202.96478271  0.0
491  5202.96478271  0.0
492  5202.96478271  0.0
493  5202.96478271  0.0
494  5202.96478271  0.0
495  5202.96478271  0.0
496  5202.96478271  0.0
497  5202.96478271  0.0
498  5202.96478271  0.0
499  5202.96478271  0.0
500  5202.96478271  0.0
501  5202.96478271  0.0
502  5202.96478271  0.0
503  5202.96478271  0.0
504  5202.96478271  0.0
505  5202.96478271  0.0
506  5202.96478271  0.0
507  5202.96478271  0.0
508  5202.96478271  0.0
509  5202.96478271  0.0
510  5202.96478271  0.0
511  5202.96478271  0.0
512  5202.96478271  0.0
513  5202.96478271  0.0
514  5202.96478271  0.0
515  5202.96478271  0.0
516  5202.96478271  0.0
517  5202.96478271  0.0
518  5202.96478271  0.0
519  5202.96478271  0.0
520  5202.96478271  0.0
521  5202.96478271  0.0
522  5202.96478271  0.0
523  5202.96478271  0.0
524  5202.96478271  0.0
525  5202.96478271  0.0
526  5202.96478271  0.0
527  5202.96478271  0.0
528  5202.96478271  0.0
529  5202.96478271  0.0
530  5202.96478271  0.0
531  5202.96478271  0.0
532  5202.96478271  0.0
533  5202.96478271  0.0
534  5202.96478271  0.0
535  5202.96478271  0.0
536  5202.96478271  0.0
537  5202.96478271  0.0
538  5202.96478271  0.0
539  5202.96478271  0.0
540  5202.96478271  0.0
541  5202.96478271  0.0
542  5202.96478271  0.0
543  5202.96478271  0.0
544  5202.96478271  0.0
545  5202.96478271  0.0
546  5202.96478271  0.0
547  5202.96478271  0.0
548  5202.96478271  0.0
549  5202.96478271  0.0
550  5202.96478271  0.0
551  5202.96478271  0.0
552  5202.96478271  0.0
553  5202.96478271  0.0
554  5202.96478271  0.0
555  5202.96478271  0.0
556  5202.96478271  0.0
557  5202.96478271  0.0
558  5202.96478271  0.0
559  5202.96478271  0.0
560  5202.96478271  0.0
561  5202.96478271  0.0
562  5202.96478271  0.0
563  5202.96478271  0.0
564  5202.96478271  0.0
565  5202.96478271  0.0
566  5202.96478271  0.0
567  5202.96478271  0.0
568  5202.96478271  0.0
569  5202.96478271  0.0
570  5202.96478271  0.0
571  5202.96478271  0.0
572  5202.96478271  0.0
573  5202.96478271  0.0
574  5202.96478271  0.0
575  5202.96478271  0.0
576  5202.96478271  0.0
577  5202.96478271  0.0
578  5202.96478271  0.0
579  5202.96478271  0.0
580  5202.96478271  0.0
581  5202.96478271  0.0
582  5202.96478271  0.0
583  5202.96478271  0.0
584  5202.96478271  0.0
585  5202.96478271  0.0
586  5202.96478271  0.0
587  5202.96478271  0.0
588  5202.96478271  0.0
589  5202.96478271  0.0
590  5202.96478271  0.0
591  5202.96478271  0.0
592  5202.96478271  0.0
593  5202.96478271  0.0
594  5202.96478271  0.0
595  5202.96478271  0.0
596  5202.96478271  0.0
597  5202.96478271  0.0
598  5202.96478271  0.0
599  5202.96478271  0.0
600  5202.96478271  0.0
601  5202.96478271  0.0
602  5202.96478271  0.0
603  5202.96478271  0.0
604  5202.96478271  0.0
605  5202.96478271  0.0
606  5202.96478271  0.0
607  5202.96478271  0.0
608  5202.96478271  0.0
609  5202.96478271  0.0
610  5202.96478271  0.0
611  5202.96478271  0.0
612  5202.96478271  0.0
613  5202.96478271  0.0
614  5202.96478271  0.0
615  5202.96478271  0.0
616  5202.96478271  0.0
617  5202.96478271  0.0
618  5202.96478271  0.0
619  5202.96478271  0.0
620  5202.96478271  0.0
621  5202.96478271  0.0
622  5202.96478271  0.0
623  5202.96478271  0.0
624  5202.96478271  0.0
625  5202.96478271  0.0
626  5202.96478271  0.0
627  5202.96478271  0.0
628  5202.96478271  0.0
629  5202.96478271  0.0
630  5202.96478271  0.0
631  5202.96478271  0.0
632  5202.96478271  0.0
633  5202.96478271  0.0
634  5202.96478271  0.0
635  5202.96478271  0.0
636  5202.96478271  0.0
637  5202.96478271  0.0
638  5202.96478271  0.0
639  5202.96478271  0.0
640  5202.96478271  0.0
641  5202.96478271  0.0
642  5202.96478271  0.0
643  5202.96478271  0.0
644  5202.96478271  0.0
645  5202.96478271  0.0
646  5202.96478271  0.0
647  5202.96478271  0.0
648  5202.96478271  0.0
649  5202.96478271  0.0
650  5202.96478271  0.0
651  5202.96478271  0.0
652  5202.96478271  0.0
653  5202.96478271  0.0
654  5202.96478271  0.0
655  5202.96478271  0.0
656  5202.96478271  0.0
657  5202.96478271  0.0
658  5202.96478271  0.0
659  5202.96478271  0.0
660  5202.96478271  0.0
661  5202.96478271  0.0
662  5202.96478271  0.0
663  5202.96478271  0.0
664  5202.96478271  0.0
665  5202.96478271  0.0
666  5202.96478271  0.0
667  5202.96478271  0.0
668  5202.96478271  0.0
669  5202.96478271  0.0
670  5202.96478271  0.0
671  5202.96478271  0.0
672  5202.96478271  0.0
673  5202.96478271  0.0
674  5202.96478271  0.0
675  5202.96478271  0.0
676  5202.96478271  0.0
677  5202.96478271  0.0
678  5202.96478271  0.0
679  5202.96478271  0.0
680  5202.96478271  0.0
681  5202.96478271  0.0
682  5202.96478271  0.0
683  5202.96478271  0.0
684  5202.96478271  0.0
685  5202.96478271  0.0
686  5202.96478271  0.0
687  5202.96478271  0.0
688  5202.96478271  0.0
689  5202.96478271  0.0
690  5202.96478271  0.0
691  5202.96478271  0.0
692  5202.96478271  0.0
693  5202.96478271  0.0
694  5202.96478271  0.0
695  5202.96478271  0.0
696  5202.96478271  0.0
697  5202.96478271  0.0
698  5202.96478271  0.0
699  5202.96478271  0.0
700  5202.96478271  0.0
701  5202.96478271  0.0
702  5202.96478271  0.0
703  5202.96478271  0.0
704  5202.96478271  0.0
705  5202.96478271  0.0
706  5202.96478271  0.0
707  5202.96478271  0.0
708  5202.96478271  0.0
709  5202.96478271  0.0
710  5202.96478271  0.0
711  5202.96478271  0.0
712  5202.96478271  0.0
713  5202.96478271  0.0
714  5202.96478271  0.0
715  5202.96478271  0.0
716  5202.96478271  0.0
717  5202.96478271  0.0
718  5202.96478271  0.0
719  5202.96478271  0.0
720  5202.96478271  0.0
721  5202.96478271  0.0
722  5202.96478271  0.0
723  5202.96478271  0.0
724  5202.96478271  0.0
725  5202.96478271  0.0
726  5202.96478271  0.0
727  5202.96478271  0.0
728  5202.96478271  0.0
729  5202.96478271  0.0
730  5202.96478271  0.0
731  5202.96478271  0.0
732  5202.96478271  0.0
733  5202.96478271  0.0
734  5202.96478271  0.0
735  5202.96478271  0.0
736  5202.96478271  0.0
737  5202.96478271  0.0
738  5202.96478271  0.0
739  5202.96478271  0.0
740  5202.96478271  0.0
741  5202.96478271  0.0
742  5202.96478271  0.0
743  5202.96478271  0.0
744  5202.96478271  0.0
745  5202.96478271  0.0
746  5202.96478271  0.0
747  5202.96478271  0.0
748  5202.96478271  0.0
749  5202.96478271  0.0
750  5202.96478271  0.0
751  5202.96478271  0.0
752  5202.96478271  0.0
753  5202.96478271  0.0
754  5202.96478271  0.0
755  5202.96478271  0.0
756  5202.96478271  0.0
757  5202.96478271  0.0
758  5202.96478271  0.0
759  5202.96478271  0.0
760  5202.96478271  0.0
761  5202.96478271  0.0
762  5202.96478271  0.0
763  5202.96478271  0.0
764  5202.96478271  0.0
765  5202.96478271  0.0
766  5202.96478271  0.0
767  5202.96478271  0.0
768  5202.96478271  0.0
769  5202.96478271  0.0
770  5202.96478271  0.0
771  5202.96478271  0.0
772  5202.96478271  0.0
773  5202.96478271  0.0
774  5202.96478271  0.0
775  5202.96478271  0.0
776  5202.96478271  0.0
777  5202.96478271  0.0
778  5202.96478271  0.0
779  5202.96478271  0.0
780  5202.96478271  0.0
781  5202.96478271  0.0
782  5202.96478271  0.0
783  5202.96478271  0.0
784  5202.96478271  0.0
785  5202.96478271  0.0
786  5202.96478271  0.0
787  5202.96478271  0.0
788  5202.96478271  0.0
789  5202.96478271  0.0
790  5202.96478271  0.0
791  5202.96478271  0.0
792  5202.96478271  0.0
793  5202.96478271  0.0
794  5202.96478271  0.0
795  5202.96478271  0.0
796  5202.96478271  0.0
797  5202.96478271  0.0
798  5202.96478271  0.0
799  5202.96478271  0.0
800  5202.96478271  0.0
801  5202.96478271  0.0
802  5202.96478271  0.0
803  5202.96478271  0.0
804  5202.96478271  0.0
805  5202.96478271  0.0
806  5202.96478271  0.0
807  5202.96478271  0.0
808  5202.96478271  0.0
809  5202.96478271  0.0
810  5202.96478271  0.0
811  5202.96478271  0.0
812  5202.96478271  0.0
813  5202.96478271  0.0
814  5202.96478271  0.0
815  5202.96478271  0.0
816  5202.96478271  0.0
817  5202.96478271  0.0
818  5202.96478271  0.0
819  5202.96478271  0.0
820  5202.96478271  0.0
821  5202.96478271  0.0
822  5202.96478271  0.0
823  5202.96478271  0.0
824  5202.96478271  0.0
825  5202.96478271  0.0
826  5202.96478271  0.0
827  5202.96478271  0.0
828  5202.96478271  0.0
829  5202.96478271  0.0
830  5202.96478271  0.0
831  5202.96478271  0.0
832  5202.96478271  0.0
833  5202.96478271  0.0
834  5202.96478271  0.0
835  5202.96478271  0.0
836  5202.96478271  0.0
837  5202.96478271  0.0
838  5202.96478271  0.0
839  5202.96478271  0.0
840  5202.96478271  0.0
841  5202.96478271  0.0
842  5202.96478271  0.0
843  5202.96478271  0.0
844  5202.96478271  0.0
845  5202.96478271  0.0
846  5202.96478271  0.0
847  5202.96478271  0.0
848  5202.96478271  0.0
849  5202.96478271  0.0
850  5202.96478271  0.0
851  5202.96478271  0.0
852  5202.96478271  0.0
853  5202.96478271  0.0
854  5202.96478271  0.0
855  5202.96478271  0.0
856  5202.96478271  0.0
857  5202.96478271  0.0
858  5202.96478271  0.0
859  5202.96478271  0.0
860  5202.96478271  0.0
861  5202.96478271  0.0
862  5202.96478271  0.0
863  5202.96478271  0.0
864  5202.96478271  0.0
865  5202.96478271  0.0
866  5202.96478271  0.0
867  5202.96478271  0.0
868  5202.96478271  0.0
869  5202.96478271  0.0
870  5202.96478271  0.0
871  5202.96478271  0.0
872  5202.96478271  0.0
873  5202.96478271  0.0
874  5202.96478271  0.0
875  5202.96478271  0.0
876  5202.96478271  0.0
877  5202.96478271  0.0
878  5202.96478271  0.0
879  5202.96478271  0.0
880  5202.96478271  0.0
881  5202.96478271  0.0
882  5202.96478271  0.0
883  5202.96478271  0.0
884  5202.96478271  0.0
885  5202.96478271  0.0
886  5202.96478271  0.0
887  5202.96478271  0.0
888  5202.96478271  0.0
889  5202.96478271  0.0
890  5202.96478271  0.0
891  5202.96478271  0.0
892  5202.96478271  0.0
893  5202.96478271  0.0
894  5202.96478271  0.0
895  5202.96478271  0.0
896  5202.96478271  0.0
897  5202.96478271  0.0
898  5202.96478271  0.0
899  5202.96478271  0.0
900  5202.96478271  0.0
901  5202.96478271  0.0
902  5202.96478271  0.0
903  5202.96478271  0.0
904  5202.96478271  0.0
905  5202.96478271  0.0
906  5202.96478271  0.0
907  5202.96478271  0.0
908  5202.96478271  0.0
909  5202.96478271  0.0
910  5202.96478271  0.0
911  5202.96478271  0.0
912  5202.96478271  0.0
913  5202.96478271  0.0
914  5202.96478271  0.0
915  5202.96478271  0.0
916  5202.96478271  0.0
917  5202.96478271  0.0
918  5202.96478271  0.0
919  5202.96478271  0.0
920  5202.96478271  0.0
921  5202.96478271  0.0
922  5202.96478271  0.0
923  5202.96478271  0.0
924  5202.96478271  0.0
925  5202.96478271  0.0
926  5202.96478271  0.0
927  5202.96478271  0.0
928  5202.96478271  0.0
929  5202.96478271  0.0
930  5202.96478271  0.0
931  5202.96478271  0.0
932  5202.96478271  0.0
933  5202.96478271  0.0
934  5202.96478271  0.0
935  5202.96478271  0.0
936  5202.96478271  0.0
937  5202.96478271  0.0
938  5202.96478271  0.0
939  5202.96478271  0.0
940  5202.96478271  0.0
941  5202.96478271  0.0
942  5202.96478271  0.0
943  5202.96478271  0.0
944  5202.96478271  0.0
945  5202.96478271  0.0
946  5202.96478271  0.0
947  5202.96478271  0.0
948  5202.96478271  0.0
949  5202.96478271  0.0
950  5202.96478271  0.0
951  5202.96478271  0.0
952  5202.96478271  0.0
953  5202.96478271  0.0
954  5202.96478271  0.0
955  5202.96478271  0.0
956  5202.96478271  0.0
957  5202.96478271  0.0
958  5202.96478271  0.0
959  5202.96478271  0.0
960  5202.96478271  0.0
961  5202.96478271  0.0
962  5202.96478271  0.0
963  5202.96478271  0.0
964  5202.96478271  0.0
965  5202.96478271  0.0
966  5202.96478271  0.0
967  5202.96478271  0.0
968  5202.96478271  0.0
969  5202.96478271  0.0
970  5202.96478271  0.0
971  5202.96478271  0.0
972  5202.96478271  0.0
973  5202.96478271  0.0
974  5202.96478271  0.0
975  5202.96478271  0.0
976  5202.96478271  0.0
977  5202.96478271  0.0
978  5202.96478271  0.0
979  5202.96478271  0.0
980  5202.96478271  0.0
981  5202.96478271  0.0
982  5202.96478271  0.0
983  5202.96478271  0.0
984  5202.96478271  0.0
985  5202.96478271  0.0
986  5202.96478271  0.0
987  5202.96478271  0.0
988  5202.96478271  0.0
989  5202.96478271  0.0
990  5202.96478271  0.0
991  5202.96478271  0.0
992  5202.96478271  0.0
993  5202.96478271  0.0
994  5202.96478271  0.0
995  5202.96478271  0.0
996  5202.96478271  0.0
997  5202.96478271  0.0
998  5202.96478271  0.0
999  5202.96478271  0.0
1000  5202.96478271  0.0
1001  5202.96478271  0.0
1002  5202.96478271  0.0
1003  5202.96478271  0.0
1004  5202.96478271  0.0
1005  5202.96478271  0.0
1006  5202.96478271  0.0
1007  5202.96478271  0.0
1008  5202.96478271  0.0
1009  5202.96478271  0.0
1010  5202.96478271  0.0
1011  5202.96478271  0.0
1012  5202.96478271  0.0
1013  5202.96478271  0.0
1014  5202.96478271  0.0
1015  5202.96478271  0.0
1016  5202.96478271  0.0
1017  5202.96478271  0.0
1018  5202.96478271  0.0
1019  5202.96478271  0.0
1020  5202.96478271  0.0
1021  5202.96478271  0.0
1022  5202.96478271  0.0
1023  5202.96478271  0.0
1024  5202.96478271  0.0
1025  5202.96478271  0.0
1026  5202.96478271  0.0
1027  5202.96478271  0.0
1028  5202.96478271  0.0
1029  5202.96478271  0.0
1030  5202.96478271  0.0
1031  5202.96478271  0.0
1032  5202.96478271  0.0
1033  5202.96478271  0.0
1034  5202.96478271  0.0
1035  5202.96478271  0.0
1036  5202.96478271  0.0
1037  5202.96478271  0.0
1038  5202.96478271  0.0
1039  5202.96478271  0.0
1040  5202.96478271  0.0
1041  5202.96478271  0.0
1042  5202.96478271  0.0
1043  5202.96478271  0.0
1044  5202.96478271  0.0
1045  5202.96478271  0.0
1046  5202.96478271  0.0
1047  5202.96478271  0.0
1048  5202.96478271  0.0
1049  5202.96478271  0.0
1050  5202.96478271  0.0
1051  5202.96478271  0.0
1052  5202.96478271  0.0
1053  5202.96478271  0.0
1054  5202.96478271  0.0
1055  5202.96478271  0.0
1056  5202.96478271  0.0
1057  5202.96478271  0.0
1058  5202.96478271  0.0
1059  5202.96478271  0.0
1060  5202.96478271  0.0
1061  5202.96478271  0.0
1062  5202.96478271  0.0
1063  5202.96478271  0.0
1064  5202.96478271  0.0
1065  5202.96478271  0.0
1066  5202.96478271  0.0
1067  5202.96478271  0.0
1068  5202.96478271  0.0
1069  5202.96478271  0.0
1070  5202.96478271  0.0
1071  5202.96478271  0.0
1072  5202.96478271  0.0
1073  5202.96478271  0.0
1074  5202.96478271  0.0
1075  5202.96478271  0.0
1076  5202.96478271  0.0
1077  5202.96478271  0.0
1078  5202.96478271  0.0
1079  5202.96478271  0.0
1080  5202.96478271  0.0
1081  5202.96478271  0.0
1082  5202.96478271  0.0
1083  5202.96478271  0.0
1084  5202.96478271  0.0
1085  5202.96478271  0.0
1086  5202.96478271  0.0
1087  5202.96478271  0.0
1088  5202.96478271  0.0
1089  5202.96478271  0.0
1090  5202.96478271  0.0
1091  5202.96478271  0.0
1092  5202.96478271  0.0
1093  5202.96478271  0.0
1094  5202.96478271  0.0
1095  5202.96478271  0.0
1096  5202.96478271  0.0
1097  5202.96478271  0.0
1098  5202.96478271  0.0
1099  5202.96478271  0.0
1100  5202.96478271  0.0
1101  5202.96478271  0.0
1102  5202.96478271  0.0
1103  5202.96478271  0.0
1104  5202.96478271  0.0
1105  5202.96478271  0.0
1106  5202.96478271  0.0
1107  5202.96478271  0.0
1108  5202.96478271  0.0
1109  5202.96478271  0.0
1110  5202.96478271  0.0
1111  5202.96478271  0.0
1112  5202.96478271  0.0
1113  5202.96478271  0.0
1114  5202.96478271  0.0
1115  5202.96478271  0.0
1116  5202.96478271  0.0
1117  5202.96478271  0.0
1118  5202.96478271  0.0
1119  5202.96478271  0.0
1120  5202.96478271  0.0
1121  5202.96478271  0.0
1122  5202.96478271  0.0
1123  5202.96478271  0.0
1124  5202.96478271  0.0
1125  5202.96478271  0.0
1126  5202.96478271  0.0
1127  5202.96478271  0.0
1128  5202.96478271  0.0
1129  5202.96478271  0.0
1130  5202.96478271  0.0
1131  5202.96478271  0.0
1132  5202.96478271  0.0
1133  5202.96478271  0.0
1134  5202.96478271  0.0
1135  5202.96478271  0.0
1136  5202.96478271  0.0
1137  5202.96478271  0.0
1138  5202.96478271  0.0
1139  5202.96478271  0.0
1140  5202.96478271  0.0
1141  5202.96478271  0.0
1142  5202.96478271  0.0
1143  5202.96478271  0.0
1144  5202.96478271  0.0
1145  5202.96478271  0.0
1146  5202.96478271  0.0
1147  5202.96478271  0.0
1148  5202.96478271  0.0
1149  5202.96478271  0.0
1150  5202.96478271  0.0
1151  5202.96478271  0.0
1152  5202.96478271  0.0
1153  5202.96478271  0.0
1154  5202.96478271  0.0
1155  5202.96478271  0.0
1156  5202.96478271  0.0
1157  5202.96478271  0.0
1158  5202.96478271  0.0
1159  5202.96478271  0.0
1160  5202.96478271  0.0
1161  5202.96478271  0.0
1162  5202.96478271  0.0
1163  5202.96478271  0.0
1164  5202.96478271  0.0
1165  5202.96478271  0.0
1166  5202.96478271  0.0
1167  5202.96478271  0.0
1168  5202.96478271  0.0
1169  5202.96478271  0.0
1170  5202.96478271  0.0
1171  5202.96478271  0.0
1172  5202.96478271  0.0
1173  5202.96478271  0.0
1174  5202.96478271  0.0
1175  5202.96478271  0.0
1176  5202.96478271  0.0
1177  5202.96478271  0.0
1178  5202.96478271  0.0
1179  5202.96478271  0.0
1180  5202.96478271  0.0
1181  5202.96478271  0.0
1182  5202.96478271  0.0
1183  5202.96478271  0.0
1184  5202.96478271  0.0
1185  5202.96478271  0.0
1186  5202.96478271  0.0
1187  5202.96478271  0.0
1188  5202.96478271  0.0
1189  5202.96478271  0.0
1190  5202.96478271  0.0
1191  5202.96478271  0.0
1192  5202.96478271  0.0
1193  5202.96478271  0.0
1194  5202.96478271  0.0
1195  5202.96478271  0.0
1196  5202.96478271  0.0
1197  5202.96478271  0.0
1198  5202.96478271  0.0
1199  5202.96478271  0.0
1200  5202.96478271  0.0
1201  5202.96478271  0.0
1202  5202.96478271  0.0
1203  5202.96478271  0.0
1204  5202.96478271  0.0
1205  5202.96478271  0.0
1206  5202.96478271  0.0
1207  5202.96478271  0.0
1208  5202.96478271  0.0
1209  5202.96478271  0.0
1210  5202.96478271  0.0
1211  5202.96478271  0.0
1212  5202.96478271  0.0
1213  5202.96478271  0.0
1214  5202.96478271  0.0
1215  5202.96478271  0.0
1216  5202.96478271  0.0
1217  5202.96478271  0.0
1218  5202.96478271  0.0
1219  5202.96478271  0.0
1220  5202.96478271  0.0
1221  5202.96478271  0.0
1222  5202.96478271  0.0
1223  5202.96478271  0.0
1224  5202.96478271  0.0
1225  5202.96478271  0.0
1226  5202.96478271  0.0
1227  5202.96478271  0.0
1228  5202.96478271  0.0
1229  5202.96478271  0.0
1230  5202.96478271  0.0
1231  5202.96478271  0.0
1232  5202.96478271  0.0
1233  5202.96478271  0.0
1234  5202.96478271  0.0
1235  5202.96478271  0.0
1236  5202.96478271  0.0
1237  5202.96478271  0.0
1238  5202.96478271  0.0
1239  5202.96478271  0.0
1240  5202.96478271  0.0
1241  5202.96478271  0.0
1242  5202.96478271  0.0
1243  5202.96478271  0.0
1244  5202.96478271  0.0
1245  5202.96478271  0.0
1246  5202.96478271  0.0
1247  5202.96478271  0.0
1248  5202.96478271  0.0
1249  5202.96478271  0.0
1250  5202.96478271  0.0
1251  5202.96478271  0.0
1252  5202.96478271  0.0
1253  5202.96478271  0.0
1254  5202.96478271  0.0
1255  5202.96478271  0.0
1256  5202.96478271  0.0
1257  5202.96478271  0.0
1258  5202.96478271  0.0
1259  5202.96478271  0.0
1260  5202.96478271  0.0
1261  5202.96478271  0.0
1262  5202.96478271  0.0
1263  5202.96478271  0.0
1264  5202.96478271  0.0
1265  5202.96478271  0.0
1266  5202.96478271  0.0
1267  5202.96478271  0.0
1268  5202.96478271  0.0
1269  5202.96478271  0.0
1270  5202.96478271  0.0
1271  5202.96478271  0.0
1272  5202.96478271  0.0
1273  5202.96478271  0.0
1274  5202.96478271  0.0
1275  5202.96478271  0.0
1276  5202.96478271  0.0
1277  5202.96478271  0.0
1278  5202.96478271  0.0
1279  5202.96478271  0.0
1280  5202.96478271  0.0
1281  5202.96478271  0.0
1282  5202.96478271  0.0
1283  5202.96478271  0.0
1284  5202.96478271  0.0
1285  5202.96478271  0.0
1286  5202.96478271  0.0
1287  5202.96478271  0.0
1288  5202.96478271  0.0
1289  5202.96478271  0.0
1290  5202.96478271  0.0
1291  5202.96478271  0.0
1292  5202.96478271  0.0
1293  5202.96478271  0.0
1294  5202.96478271  0.0
1295  5202.96478271  0.0
1296  5202.96478271  0.0
1297  5202.96478271  0.0
1298  5202.96478271  0.0
1299  5202.96478271  0.0
1300  5202.96478271  0.0
1301  5202.96478271  0.0
1302  5202.96478271  0.0
1303  5202.96478271  0.0
1304  5202.96478271  0.0
1305  5202.96478271  0.0
1306  5202.96478271  0.0
1307  5202.96478271  0.0
1308  5202.96478271  0.0
1309  5202.96478271  0.0
1310  5202.96478271  0.0
1311  5202.96478271  0.0
1312  5202.96478271  0.0
1313  5202.96478271  0.0
1314  5202.96478271  0.0
1315  5202.96478271  0.0
1316  5202.96478271  0.0
1317  5202.96478271  0.0
1318  5202.96478271  0.0
1319  5202.96478271  0.0
1320  5202.96478271  0.0
1321  5202.96478271  0.0
1322  5202.96478271  0.0
1323  5202.96478271  0.0
1324  5202.96478271  0.0
1325  5202.96478271  0.0
1326  5202.96478271  0.0
1327  5202.96478271  0.0
1328  5202.96478271  0.0
1329  5202.96478271  0.0
1330  5202.96478271  0.0
1331  5202.96478271  0.0
1332  5202.96478271  0.0
1333  5202.96478271  0.0
1334  5202.96478271  0.0
1335  5202.96478271  0.0
1336  5202.96478271  0.0
1337  5202.96478271  0.0
1338  5202.96478271  0.0
1339  5202.96478271  0.0
1340  5202.96478271  0.0
1341  5202.96478271  0.0
1342  5202.96478271  0.0
1343  5202.96478271  0.0
1344  5202.96478271  0.0
1345  5202.96478271  0.0
1346  5202.96478271  0.0
1347  5202.96478271  0.0
1348  5202.96478271  0.0
1349  5202.96478271  0.0
1350  5202.96478271  0.0
1351  5202.96478271  0.0
1352  5202.96478271  0.0
1353  5202.96478271  0.0
1354  5202.96478271  0.0
1355  5202.96478271  0.0
1356  5202.96478271  0.0
1357  5202.96478271  0.0
1358  5202.96478271  0.0
1359  5202.96478271  0.0
1360  5202.96478271  0.0
1361  5202.96478271  0.0
1362  5202.96478271  0.0
1363  5202.96478271  0.0
1364  5202.96478271  0.0
1365  5202.96478271  0.0
1366  5202.96478271  0.0
1367  5202.96478271  0.0
1368  5202.96478271  0.0
1369  5202.96478271  0.0
1370  5202.96478271  0.0
1371  5202.96478271  0.0
1372  5202.96478271  0.0
1373  5202.96478271  0.0
1374  5202.96478271  0.0
1375  5202.96478271  0.0
1376  5202.96478271  0.0
1377  5202.96478271  0.0
1378  5202.96478271  0.0
1379  5202.96478271  0.0
1380  5202.96478271  0.0
1381  5202.96478271  0.0
1382  5202.96478271  0.0
1383  5202.96478271  0.0
1384  5202.96478271  0.0
1385  5202.96478271  0.0
1386  5202.96478271  0.0
1387  5202.96478271  0.0
1388  5202.96478271  0.0
1389  5202.96478271  0.0
1390  5202.96478271  0.0
1391  5202.96478271  0.0
1392  5202.96478271  0.0
1393  5202.96478271  0.0
1394  5202.96478271  0.0
1395  5202.96478271  0.0
1396  5202.96478271  0.0
1397  5202.96478271  0.0
1398  5202.96478271  0.0
1399  5202.96478271  0.0
1400  5202.96478271  0.0
1401  5202.96478271  0.0
1402  5202.96478271  0.0
1403  5202.96478271  0.0
1404  5202.96478271  0.0
1405  5202.96478271  0.0
1406  5202.96478271  0.0
1407  5202.96478271  0.0
1408  5202.96478271  0.0
1409  5202.96478271  0.0
1410  5202.96478271  0.0
1411  5202.96478271  0.0
1412  5202.96478271  0.0
1413  5202.96478271  0.0
1414  5202.96478271  0.0
1415  5202.96478271  0.0
1416  5202.96478271  0.0
1417  5202.96478271  0.0
1418  5202.96478271  0.0
1419  5202.96478271  0.0
1420  5202.96478271  0.0
1421  5202.96478271  0.0
1422  5202.96478271  0.0
1423  5202.96478271  0.0
1424  5202.96478271  0.0
1425  5202.96478271  0.0
1426  5202.96478271  0.0
1427  5202.96478271  0.0
1428  5202.96478271  0.0
1429  5202.96478271  0.0
1430  5202.96478271  0.0
1431  5202.96478271  0.0
1432  5202.96478271  0.0
1433  5202.96478271  0.0
1434  5202.96478271  0.0
1435  5202.96478271  0.0
1436  5202.96478271  0.0
1437  5202.96478271  0.0
1438  5202.96478271  0.0
1439  5202.96478271  0.0
1440  5202.96478271  0.0
1441  5202.96478271  0.0
1442  5202.96478271  0.0
1443  5202.96478271  0.0
1444  5202.96478271  0.0
1445  5202.96478271  0.0
1446  5202.96478271  0.0
1447  5202.96478271  0.0
1448  5202.96478271  0.0
1449  5202.96478271  0.0
1450  5202.96478271  0.0
1451  5202.96478271  0.0
1452  5202.96478271  0.0
1453  5202.96478271  0.0
1454  5202.96478271  0.0
1455  5202.96478271  0.0
1456  5202.96478271  0.0
1457  5202.96478271  0.0
1458  5202.96478271  0.0
1459  5202.96478271  0.0
1460  5202.96478271  0.0
1461  5202.96478271  0.0
1462  5202.96478271  0.0
1463  5202.96478271  0.0
1464  5202.96478271  0.0
1465  5202.96478271  0.0
1466  5202.96478271  0.0
1467  5202.96478271  0.0
1468  5202.96478271  0.0
1469  5202.96478271  0.0
1470  5202.96478271  0.0
1471  5202.96478271  0.0
1472  5202.96478271  0.0
1473  5202.96478271  0.0
1474  5202.96478271  0.0
1475  5202.96478271  0.0
1476  5202.96478271  0.0
1477  5202.96478271  0.0
1478  5202.96478271  0.0
1479  5202.96478271  0.0
1480  5202.96478271  0.0
1481  5202.96478271  0.0
1482  5202.96478271  0.0
1483  5202.96478271  0.0
1484  5202.96478271  0.0
1485  5202.96478271  0.0
1486  5202.96478271  0.0
1487  5202.96478271  0.0
1488  5202.96478271  0.0
1489  5202.96478271  0.0
1490  5202.96478271  0.0
1491  5202.96478271  0.0
1492  5202.96478271  0.0
1493  5202.96478271  0.0
1494  5202.96478271  0.0
1495  5202.96478271  0.0
1496  5202.96478271  0.0
1497  5202.96478271  0.0
1498  5202.96478271  0.0
1499  5202.96478271  0.0
1500  5202.96478271  0.0
1501  5202.96478271  0.0
1502  5202.96478271  0.0
1503  5202.96478271  0.0
1504  5202.96478271  0.0
1505  5202.96478271  0.0
1506  5202.96478271  0.0
1507  5202.96478271  0.0
1508  5202.96478271  0.0
1509  5202.96478271  0.0
1510  5202.96478271  0.0
1511  5202.96478271  0.0
1512  5202.96478271  0.0
1513  5202.96478271  0.0
1514  5202.96478271  0.0
1515  5202.96478271  0.0
1516  5202.96478271  0.0
1517  5202.96478271  0.0
1518  5202.96478271  0.0
1519  5202.96478271  0.0
1520  5202.96478271  0.0
1521  5202.96478271  0.0
1522  5202.96478271  0.0
1523  5202.96478271  0.0
1524  5202.96478271  0.0
1525  5202.96478271  0.0
1526  5202.96478271  0.0
1527  5202.96478271  0.0
1528  5202.96478271  0.0
1529  5202.96478271  0.0
1530  5202.96478271  0.0
1531  5202.96478271  0.0
1532  5202.96478271  0.0
1533  5202.96478271  0.0
1534  5202.96478271  0.0
1535  5202.96478271  0.0
1536  5202.96478271  0.0
1537  5202.96478271  0.0
1538  5202.96478271  0.0
1539  5202.96478271  0.0
1540  5202.96478271  0.0
1541  5202.96478271  0.0
1542  5202.96478271  0.0
1543  5202.96478271  0.0
1544  5202.96478271  0.0
1545  5202.96478271  0.0
1546  5202.96478271  0.0
1547  5202.96478271  0.0
1548  5202.96478271  0.0
1549  5202.96478271  0.0
1550  5202.96478271  0.0
1551  5202.96478271  0.0
1552  5202.96478271  0.0
1553  5202.96478271  0.0
1554  5202.96478271  0.0
1555  5202.96478271  0.0
1556  5202.96478271  0.0
1557  5202.96478271  0.0
1558  5202.96478271  0.0
1559  5202.96478271  0.0
1560  5202.96478271  0.0
1561  5202.96478271  0.0
1562  5202.96478271  0.0
1563  5202.96478271  0.0
1564  5202.96478271  0.0
1565  5202.96478271  0.0
1566  5202.96478271  0.0
1567  5202.96478271  0.0
1568  5202.96478271  0.0
1569  5202.96478271  0.0
1570  5202.96478271  0.0
1571  5202.96478271  0.0
1572  5202.96478271  0.0
1573  5202.96478271  0.0
1574  5202.96478271  0.0
1575  5202.96478271  0.0
1576  5202.96478271  0.0
1577  5202.96478271  0.0
1578  5202.96478271  0.0
1579  5202.96478271  0.0
1580  5202.96478271  0.0
1581  5202.96478271  0.0
1582  5202.96478271  0.0
1583  5202.96478271  0.0
1584  5202.96478271  0.0
1585  5202.96478271  0.0
1586  5202.96478271  0.0
1587  5202.96478271  0.0
1588  5202.96478271  0.0
1589  5202.96478271  0.0
1590  5202.96478271  0.0
1591  5202.96478271  0.0
1592  5202.96478271  0.0
1593  5202.96478271  0.0
1594  5202.96478271  0.0
1595  5202.96478271  0.0
1596  5202.96478271  0.0
1597  5202.96478271  0.0
1598  5202.96478271  0.0
1599  5202.96478271  0.0
1600  5202.96478271  0.0
1601  5202.96478271  0.0
1602  5202.96478271  0.0
1603  5202.96478271  0.0
1604  5202.96478271  0.0
1605  5202.96478271  0.0
1606  5202.96478271  0.0
1607  5202.96478271  0.0
1608  5202.96478271  0.0
1609  5202.96478271  0.0
1610  5202.96478271  0.0
1611  5202.96478271  0.0
1612  5202.96478271  0.0
1613  5202.96478271  0.0
1614  5202.96478271  0.0
1615  5202.96478271  0.0
1616  5202.96478271  0.0
1617  5202.96478271  0.0
1618  5202.96478271  0.0
1619  5202.96478271  0.0
1620  5202.96478271  0.0
1621  5202.96478271  0.0
1622  5202.96478271  0.0
1623  5202.96478271  0.0
1624  5202.96478271  0.0
1625  5202.96478271  0.0
1626  5202.96478271  0.0
1627  5202.96478271  0.0
1628  5202.96478271  0.0
1629  5202.96478271  0.0
1630  5202.96478271  0.0
1631  5202.96478271  0.0
1632  5202.96478271  0.0
1633  5202.96478271  0.0
1634  5202.96478271  0.0
1635  5202.96478271  0.0
1636  5202.96478271  0.0
1637  5202.96478271  0.0
1638  5202.96478271  0.0
1639  5202.96478271  0.0
1640  5202.96478271  0.0
1641  5202.96478271  0.0
1642  5202.96478271  0.0
1643  5202.96478271  0.0
1644  5202.96478271  0.0
1645  5202.96478271  0.0
1646  5202.96478271  0.0
1647  5202.96478271  0.0
1648  5202.96478271  0.0
1649  5202.96478271  0.0
1650  5202.96478271  0.0
1651  5202.96478271  0.0
1652  5202.96478271  0.0
1653  5202.96478271  0.0
1654  5202.96478271  0.0
1655  5202.96478271  0.0
1656  5202.96478271  0.0
1657  5202.96478271  0.0
1658  5202.96478271  0.0
1659  5202.96478271  0.0
1660  5202.96478271  0.0
1661  5202.96478271  0.0
1662  5202.96478271  0.0
1663  5202.96478271  0.0
1664  5202.96478271  0.0
1665  5202.96478271  0.0
1666  5202.96478271  0.0
1667  5202.96478271  0.0
1668  5202.96478271  0.0
1669  5202.96478271  0.0
1670  5202.96478271  0.0
1671  5202.96478271  0.0
1672  5202.96478271  0.0
1673  5202.96478271  0.0
1674  5202.96478271  0.0
1675  5202.96478271  0.0
1676  5202.96478271  0.0
1677  5202.96478271  0.0
1678  5202.96478271  0.0
1679  5202.96478271  0.0
1680  5202.96478271  0.0
1681  5202.96478271  0.0
1682  5202.96478271  0.0
1683  5202.96478271  0.0
1684  5202.96478271  0.0
1685  5202.96478271  0.0
1686  5202.96478271  0.0
1687  5202.96478271  0.0
1688  5202.96478271  0.0
1689  5202.96478271  0.0
1690  5202.96478271  0.0
1691  5202.96478271  0.0
1692  5202.96478271  0.0
1693  5202.96478271  0.0
1694  5202.96478271  0.0
1695  5202.96478271  0.0
1696  5202.96478271  0.0
1697  5202.96478271  0.0
1698  5202.96478271  0.0
1699  5202.96478271  0.0
1700  5202.96478271  0.0
1701  5202.96478271  0.0
1702  5202.96478271  0.0
1703  5202.96478271  0.0
1704  5202.96478271  0.0
1705  5202.96478271  0.0
1706  5202.96478271  0.0
1707  5202.96478271  0.0
1708  5202.96478271  0.0
1709  5202.96478271  0.0
1710  5202.96478271  0.0
1711  5202.96478271  0.0
1712  5202.96478271  0.0
1713  5202.96478271  0.0
1714  5202.96478271  0.0
1715  5202.96478271  0.0
1716  5202.96478271  0.0
1717  5202.96478271  0.0
1718  5202.96478271  0.0
1719  5202.96478271  0.0
1720  5202.96478271  0.0
1721  5202.96478271  0.0
1722  5202.96478271  0.0
1723  5202.96478271  0.0
1724  5202.96478271  0.0
1725  5202.96478271  0.0
1726  5202.96478271  0.0
1727  5202.96478271  0.0
1728  5202.96478271  0.0
1729  5202.96478271  0.0
1730  5202.96478271  0.0
1731  5202.96478271  0.0
1732  5202.96478271  0.0
1733  5202.96478271  0.0
1734  5202.96478271  0.0
1735  5202.96478271  0.0
1736  5202.96478271  0.0
1737  5202.96478271  0.0
1738  5202.96478271  0.0
1739  5202.96478271  0.0
1740  5202.96478271  0.0
1741  5202.96478271  0.0
1742  5202.96478271  0.0
1743  5202.96478271  0.0
1744  5202.96478271  0.0
1745  5202.96478271  0.0
1746  5202.96478271  0.0
1747  5202.96478271  0.0
1748  5202.96478271  0.0
1749  5202.96478271  0.0
1750  5202.96478271  0.0
1751  5202.96478271  0.0
1752  5202.96478271  0.0
1753  5202.96478271  0.0
1754  5202.96478271  0.0
1755  5202.96478271  0.0
1756  5202.96478271  0.0
1757  5202.96478271  0.0
1758  5202.96478271  0.0
1759  5202.96478271  0.0
1760  5202.96478271  0.0
1761  5202.96478271  0.0
1762  5202.96478271  0.0
1763  5202.96478271  0.0
1764  5202.96478271  0.0
1765  5202.96478271  0.0
1766  5202.96478271  0.0
1767  5202.96478271  0.0
1768  5202.96478271  0.0
1769  5202.96478271  0.0
1770  5202.96478271  0.0
1771  5202.96478271  0.0
1772  5202.96478271  0.0
1773  5202.96478271  0.0
1774  5202.96478271  0.0
1775  5202.96478271  0.0
1776  5202.96478271  0.0
1777  5202.96478271  0.0
1778  5202.96478271  0.0
1779  5202.96478271  0.0
1780  5202.96478271  0.0
1781  5202.96478271  0.0
1782  5202.96478271  0.0
1783  5202.96478271  0.0
1784  5202.96478271  0.0
1785  5202.96478271  0.0
1786  5202.96478271  0.0
1787  5202.96478271  0.0
1788  5202.96478271  0.0
1789  5202.96478271  0.0
1790  5202.96478271  0.0
1791  5202.96478271  0.0
1792  5202.96478271  0.0
1793  5202.96478271  0.0
1794  5202.96478271  0.0
1795  5202.96478271  0.0
1796  5202.96478271  0.0
1797  5202.96478271  0.0
1798  5202.96478271  0.0
1799  5202.96478271  0.0
1800  5202.96478271  0.0
1801  5202.96478271  0.0
1802  5202.96478271  0.0
1803  5202.96478271  0.0
1804  5202.96478271  0.0
1805  5202.96478271  0.0
1806  5202.96478271  0.0
1807  5202.96478271  0.0
1808  5202.96478271  0.0
1809  5202.96478271  0.0
1810  5202.96478271  0.0
1811  5202.96478271  0.0
1812  5202.96478271  0.0
1813  5202.96478271  0.0
1814  5202.96478271  0.0
1815  5202.96478271  0.0
1816  5202.96478271  0.0
1817  5202.96478271  0.0
1818  5202.96478271  0.0
1819  5202.96478271  0.0
1820  5202.96478271  0.0
1821  5202.96478271  0.0
1822  5202.96478271  0.0
1823  5202.96478271  0.0
1824  5202.96478271  0.0
1825  5202.96478271  0.0
1826  5202.96478271  0.0
1827  5202.96478271  0.0
1828  5202.96478271  0.0
1829  5202.96478271  0.0
1830  5202.96478271  0.0
1831  5202.96478271  0.0
1832  5202.96478271  0.0
1833  5202.96478271  0.0
1834  5202.96478271  0.0
1835  5202.96478271  0.0
1836  5202.96478271  0.0
1837  5202.96478271  0.0
1838  5202.96478271  0.0
1839  5202.96478271  0.0
1840  5202.96478271  0.0
1841  5202.96478271  0.0
1842  5202.96478271  0.0
1843  5202.96478271  0.0
1844  5202.96478271  0.0
1845  5202.96478271  0.0
1846  5202.96478271  0.0
1847  5202.96478271  0.0
1848  5202.96478271  0.0
1849  5202.96478271  0.0
1850  5202.96478271  0.0
1851  5202.96478271  0.0
1852  5202.96478271  0.0
1853  5202.96478271  0.0
1854  5202.96478271  0.0
1855  5202.96478271  0.0
1856  5202.96478271  0.0
1857  5202.96478271  0.0
1858  5202.96478271  0.0
1859  5202.96478271  0.0
1860  5202.96478271  0.0
1861  5202.96478271  0.0
1862  5202.96478271  0.0
1863  5202.96478271  0.0
1864  5202.96478271  0.0
1865  5202.96478271  0.0
1866  5202.96478271  0.0
1867  5202.96478271  0.0
1868  5202.96478271  0.0
1869  5202.96478271  0.0
1870  5202.96478271  0.0
1871  5202.96478271  0.0
1872  5202.96478271  0.0
1873  5202.96478271  0.0
1874  5202.96478271  0.0
1875  5202.96478271  0.0
1876  5202.96478271  0.0
1877  5202.96478271  0.0
1878  5202.96478271  0.0
1879  5202.96478271  0.0
1880  5202.96478271  0.0
1881  5202.96478271  0.0
1882  5202.96478271  0.0
1883  5202.96478271  0.0
1884  5202.96478271  0.0
1885  5202.96478271  0.0
1886  5202.96478271  0.0
1887  5202.96478271  0.0
1888  5202.96478271  0.0
1889  5202.96478271  0.0
1890  5202.96478271  0.0
1891  5202.96478271  0.0
1892  5202.96478271  0.0
1893  5202.96478271  0.0
1894  5202.96478271  0.0
1895  5202.96478271  0.0
1896  5202.96478271  0.0
1897  5202.96478271  0.0
1898  5202.96478271  0.0
1899  5202.96478271  0.0
1900  5202.96478271  0.0
1901  5202.96478271  0.0
1902  5202.96478271  0.0
1903  5202.96478271  0.0
1904  5202.96478271  0.0
1905  5202.96478271  0.0
1906  5202.96478271  0.0
1907  5202.96478271  0.0
1908  5202.96478271  0.0
1909  5202.96478271  0.0
1910  5202.96478271  0.0
1911  5202.96478271  0.0
1912  5202.96478271  0.0
1913  5202.96478271  0.0
1914  5202.96478271  0.0
1915  5202.96478271  0.0
1916  5202.96478271  0.0
1917  5202.96478271  0.0
1918  5202.96478271  0.0
1919  5202.96478271  0.0
1920  5202.96478271  0.0
1921  5202.96478271  0.0
1922  5202.96478271  0.0
1923  5202.96478271  0.0
1924  5202.96478271  0.0
1925  5202.96478271  0.0
1926  5202.96478271  0.0
1927  5202.96478271  0.0
1928  5202.96478271  0.0
1929  5202.96478271  0.0
1930  5202.96478271  0.0
1931  5202.96478271  0.0
1932  5202.96478271  0.0
1933  5202.96478271  0.0
1934  5202.96478271  0.0
1935  5202.96478271  0.0
1936  5202.96478271  0.0
1937  5202.96478271  0.0
1938  5202.96478271  0.0
1939  5202.96478271  0.0
1940  5202.96478271  0.0
1941  5202.96478271  0.0
1942  5202.96478271  0.0
1943  5202.96478271  0.0
1944  5202.96478271  0.0
1945  5202.96478271  0.0
1946  5202.96478271  0.0
1947  5202.96478271  0.0
1948  5202.96478271  0.0
1949  5202.96478271  0.0
1950  5202.96478271  0.0
1951  5202.96478271  0.0
1952  5202.96478271  0.0
1953  5202.96478271  0.0
1954  5202.96478271  0.0
1955  5202.96478271  0.0
1956  5202.96478271  0.0
1957  5202.96478271  0.0
1958  5202.96478271  0.0
1959  5202.96478271  0.0
1960  5202.96478271  0.0
1961  5202.96478271  0.0
1962  5202.96478271  0.0
1963  5202.96478271  0.0
1964  5202.96478271  0.0
1965  5202.96478271  0.0
1966  5202.96478271  0.0
1967  5202.96478271  0.0
1968  5202.96478271  0.0
1969  5202.96478271  0.0
1970  5202.96478271  0.0
1971  5202.96478271  0.0
1972  5202.96478271  0.0
1973  5202.96478271  0.0
1974  5202.96478271  0.0
1975  5202.96478271  0.0
1976  5202.96478271  0.0
1977  5202.96478271  0.0
1978  5202.96478271  0.0
1979  5202.96478271  0.0
1980  5202.96478271  0.0
1981  5202.96478271  0.0
1982  5202.96478271  0.0
1983  5202.96478271  0.0
1984  5202.96478271  0.0
1985  5202.96478271  0.0
1986  5202.96478271  0.0
1987  5202.96478271  0.0
1988  5202.96478271  0.0
1989  5202.96478271  0.0
1990  5202.96478271  0.0
1991  5202.96478271  0.0
1992  5202.96478271  0.0
1993  5202.96478271  0.0
1994  5202.96478271  0.0
1995  5202.96478271  0.0
1996  5202.96478271  0.0
1997  5202.96478271  0.0
1998  5202.96478271  0.0
1999  5202.96478271  0.0
2000  5202.96478271  0.0
2001  5202.96478271  0.0
2002  5202.96478271  0.0
2003  5202.96478271  0.0
2004  5202.96478271  0.0
2005  5202.96478271  0.0
2006  5202.96478271  0.0
2007  5202.96478271  0.0
2008  5202.96478271  0.0
2009  5202.96478271  0.0
2010  5202.96478271  0.0
2011  5202.96478271  0.0
2012  5202.96478271  0.0
2013  5202.96478271  0.0
2014  5202.96478271  0.0
2015  5202.96478271  0.0
2016  5202.96478271  0.0
2017  5202.96478271  0.0
2018  5202.96478271  0.0
2019  5202.96478271  0.0
2020  5202.96478271  0.0
2021  5202.96478271  0.0
2022  5202.96478271  0.0
2023  5202.96478271  0.0
2024  5202.96478271  0.0
2025  5202.96478271  0.0
2026  5202.96478271  0.0
2027  5202.96478271  0.0
2028  5202.96478271  0.0
2029  5202.96478271  0.0
2030  5202.96478271  0.0
2031  5202.96478271  0.0
2032  5202.96478271  0.0
2033  5202.96478271  0.0
2034  5202.96478271  0.0
2035  5202.96478271  0.0
2036  5202.96478271  0.0
2037  5202.96478271  0.0
2038  5202.96478271  0.0
2039  5202.96478271  0.0
2040  5202.96478271  0.0
2041  5202.96478271  0.0
2042  5202.96478271  0.0
2043  5202.96478271  0.0
2044  5202.96478271  0.0
2045  5202.96478271  0.0
2046  5202.96478271  0.0
2047  5202.96478271  0.0
2048  5202.96478271  0.0
2049  5202.96478271  0.0
2050  5202.96478271  0.0
2051  5202.96478271  0.0
2052  5202.96478271  0.0
2053  5202.96478271  0.0
2054  5202.96478271  0.0
2055  5202.96478271  0.0
2056  5202.96478271  0.0
2057  5202.96478271  0.0
2058  5202.96478271  0.0
2059  5202.96478271  0.0
2060  5202.96478271  0.0
2061  5202.96478271  0.0
2062  5202.96478271  0.0
2063  5202.96478271  0.0
2064  5202.96478271  0.0
2065  5202.96478271  0.0
2066  5202.96478271  0.0
2067  5202.96478271  0.0
2068  5202.96478271  0.0
2069  5202.96478271  0.0
2070  5202.96478271  0.0
2071  5202.96478271  0.0
2072  5202.96478271  0.0
2073  5202.96478271  0.0
2074  5202.96478271  0.0
2075  5202.96478271  0.0
2076  5202.96478271  0.0
2077  5202.96478271  0.0
2078  5202.96478271  0.0
2079  5202.96478271  0.0
2080  5202.96478271  0.0
2081  5202.96478271  0.0
2082  5202.96478271  0.0
2083  5202.96478271  0.0
2084  5202.96478271  0.0
2085  5202.96478271  0.0
2086  5202.96478271  0.0
2087  5202.96478271  0.0
2088  5202.96478271  0.0
2089  5202.96478271  0.0
2090  5202.96478271  0.0
2091  5202.96478271  0.0
2092  5202.96478271  0.0
2093  5202.96478271  0.0
2094  5202.96478271  0.0
2095  5202.96478271  0.0
2096  5202.96478271  0.0
2097  5202.96478271  0.0
2098  5202.96478271  0.0
2099  5202.96478271  0.0
2100  5202.96478271  0.0
2101  5202.96478271  0.0
2102  5202.96478271  0.0
2103  5202.96478271  0.0
2104  5202.96478271  0.0
2105  5202.96478271  0.0
2106  5202.96478271  0.0
2107  5202.96478271  0.0
2108  5202.96478271  0.0
2109  5202.96478271  0.0
2110  5202.96478271  0.0
2111  5202.96478271  0.0
2112  5202.96478271  0.0
2113  5202.96478271  0.0
2114  5202.96478271  0.0
2115  5202.96478271  0.0
2116  5202.96478271  0.0
2117  5202.96478271  0.0
2118  5202.96478271  0.0
2119  5202.96478271  0.0
2120  5202.96478271  0.0
2121  5202.96478271  0.0
2122  5202.96478271  0.0
2123  5202.96478271  0.0
2124  5202.96478271  0.0
2125  5202.96478271  0.0
2126  5202.96478271  0.0
2127  5202.96478271  0.0
2128  5202.96478271  0.0
2129  5202.96478271  0.0
2130  5202.96478271  0.0
2131  5202.96478271  0.0
2132  5202.96478271  0.0
2133  5202.96478271  0.0
2134  5202.96478271  0.0
2135  5202.96478271  0.0
2136  5202.96478271  0.0
2137  5202.96478271  0.0
2138  5202.96478271  0.0
2139  5202.96478271  0.0
2140  5202.96478271  0.0
2141  5202.96478271  0.0
2142  5202.96478271  0.0
2143  5202.96478271  0.0
2144  5202.96478271  0.0
2145  5202.96478271  0.0
2146  5202.96478271  0.0
2147  5202.96478271  0.0
2148  5202.96478271  0.0
2149  5202.96478271  0.0
2150  5202.96478271  0.0
2151  5202.96478271  0.0
2152  5202.96478271  0.0
2153  5202.96478271  0.0
2154  5202.96478271  0.0
2155  5202.96478271  0.0
2156  5202.96478271  0.0
2157  5202.96478271  0.0
2158  5202.96478271  0.0
2159  5202.96478271  0.0
2160  5202.96478271  0.0
2161  5202.96478271  0.0
2162  5202.96478271  0.0
2163  5202.96478271  0.0
2164  5202.96478271  0.0
2165  5202.96478271  0.0
2166  5202.96478271  0.0
2167  5202.96478271  0.0
2168  5202.96478271  0.0
2169  5202.96478271  0.0
2170  5202.96478271  0.0
2171  5202.96478271  0.0
2172  5202.96478271  0.0
2173  5202.96478271  0.0
2174  5202.96478271  0.0
2175  5202.96478271  0.0
2176  5202.96478271  0.0
2177  5202.96478271  0.0
2178  5202.96478271  0.0
2179  5202.96478271  0.0
2180  5202.96478271  0.0
2181  5202.96478271  0.0
2182  5202.96478271  0.0
2183  5202.96478271  0.0
2184  5202.96478271  0.0
2185  5202.96478271  0.0
2186  5202.96478271  0.0
2187  5202.96478271  0.0
2188  5202.96478271  0.0
2189  5202.96478271  0.0
2190  5202.96478271  0.0
2191  5202.96478271  0.0
2192  5202.96478271  0.0
2193  5202.96478271  0.0
2194  5202.96478271  0.0
2195  5202.96478271  0.0
2196  5202.96478271  0.0
2197  5202.96478271  0.0
2198  5202.96478271  0.0
2199  5202.96478271  0.0
2200  5202.96478271  0.0
2201  5202.96478271  0.0
2202  5202.96478271  0.0
2203  5202.96478271  0.0
2204  5202.96478271  0.0
2205  5202.96478271  0.0
2206  5202.96478271  0.0
2207  5202.96478271  0.0
2208  5202.96478271  0.0
2209  5202.96478271  0.0
2210  5202.96478271  0.0
2211  5202.96478271  0.0
2212  5202.96478271  0.0
2213  5202.96478271  0.0
2214  5202.96478271  0.0
2215  5202.96478271  0.0
2216  5202.96478271  0.0
2217  5202.96478271  0.0
2218  5202.96478271  0.0
2219  5202.96478271  0.0
2220  5202.96478271  0.0
2221  5202.96478271  0.0
2222  5202.96478271  0.0
2223  5202.96478271  0.0
2224  5202.96478271  0.0
2225  5202.96478271  0.0
2226  5202.96478271  0.0
2227  5202.96478271  0.0
2228  5202.96478271  0.0
2229  5202.96478271  0.0
2230  5202.96478271  0.0
2231  5202.96478271  0.0
2232  5202.96478271  0.0
2233  5202.96478271  0.0
2234  5202.96478271  0.0
2235  5202.96478271  0.0
2236  5202.96478271  0.0
2237  5202.96478271  0.0
2238  5202.96478271  0.0
2239  5202.96478271  0.0
2240  5202.96478271  0.0
2241  5202.96478271  0.0
2242  5202.96478271  0.0
2243  5202.96478271  0.0
2244  5202.96478271  0.0
2245  5202.96478271  0.0
2246  5202.96478271  0.0
2247  5202.96478271  0.0
2248  5202.96478271  0.0
2249  5202.96478271  0.0
2250  5202.96478271  0.0
2251  5202.96478271  0.0
2252  5202.96478271  0.0
2253  5202.96478271  0.0
2254  5202.96478271  0.0
2255  5202.96478271  0.0
2256  5202.96478271  0.0
2257  5202.96478271  0.0
2258  5202.96478271  0.0
2259  5202.96478271  0.0
2260  5202.96478271  0.0
2261  5202.96478271  0.0
2262  5202.96478271  0.0
2263  5202.96478271  0.0
2264  5202.96478271  0.0
2265  5202.96478271  0.0
2266  5202.96478271  0.0
2267  5202.96478271  0.0
2268  5202.96478271  0.0
2269  5202.96478271  0.0
2270  5202.96478271  0.0
2271  5202.96478271  0.0
2272  5202.96478271  0.0
2273  5202.96478271  0.0
2274  5202.96478271  0.0
2275  5202.96478271  0.0
2276  5202.96478271  0.0
2277  5202.96478271  0.0
2278  5202.96478271  0.0
2279  5202.96478271  0.0
2280  5202.96478271  0.0
2281  5202.96478271  0.0
2282  5202.96478271  0.0
2283  5202.96478271  0.0
2284  5202.96478271  0.0
2285  5202.96478271  0.0
2286  5202.96478271  0.0
2287  5202.96478271  0.0
2288  5202.96478271  0.0
2289  5202.96478271  0.0
2290  5202.96478271  0.0
2291  5202.96478271  0.0
2292  5202.96478271  0.0
2293  5202.96478271  0.0
2294  5202.96478271  0.0
2295  5202.96478271  0.0
2296  5202.96478271  0.0
2297  5202.96478271  0.0
2298  5202.96478271  0.0
2299  5202.96478271  0.0
2300  5202.96478271  0.0
2301  5202.96478271  0.0
2302  5202.96478271  0.0
2303  5202.96478271  0.0
2304  5202.96478271  0.0
2305  5202.96478271  0.0
2306  5202.96478271  0.0
2307  5202.96478271  0.0
2308  5202.96478271  0.0
2309  5202.96478271  0.0
2310  5202.96478271  0.0
2311  5202.96478271  0.0
2312  5202.96478271  0.0
2313  5202.96478271  0.0
2314  5202.96478271  0.0
2315  5202.96478271  0.0
2316  5202.96478271  0.0
2317  5202.96478271  0.0
2318  5202.96478271  0.0
2319  5202.96478271  0.0
2320  5202.96478271  0.0
2321  5202.96478271  0.0
2322  5202.96478271  0.0
2323  5202.96478271  0.0
2324  5202.96478271  0.0
2325  5202.96478271  0.0
2326  5202.96478271  0.0
2327  5202.96478271  0.0
2328  5202.96478271  0.0
2329  5202.96478271  0.0
2330  5202.96478271  0.0
2331  5202.96478271  0.0
2332  5202.96478271  0.0
2333  5202.96478271  0.0
2334  5202.96478271  0.0
2335  5202.96478271  0.0
2336  5202.96478271  0.0
2337  5202.96478271  0.0
2338  5202.96478271  0.0
2339  5202.96478271  0.0
2340  5202.96478271  0.0
2341  5202.96478271  0.0
2342  5202.96478271  0.0
2343  5202.96478271  0.0
2344  5202.96478271  0.0
2345  5202.96478271  0.0
2346  5202.96478271  0.0
2347  5202.96478271  0.0
2348  5202.96478271  0.0
2349  5202.96478271  0.0
2350  5202.96478271  0.0
2351  5202.96478271  0.0
2352  5202.96478271  0.0
2353  5202.96478271  0.0
2354  5202.96478271  0.0
2355  5202.96478271  0.0
2356  5202.96478271  0.0
2357  5202.96478271  0.0
2358  5202.96478271  0.0
2359  5202.96478271  0.0
2360  5202.96478271  0.0
2361  5202.96478271  0.0
2362  5202.96478271  0.0
2363  5202.96478271  0.0
2364  5202.96478271  0.0
2365  5202.96478271  0.0
2366  5202.96478271  0.0
2367  5202.96478271  0.0
2368  5202.96478271  0.0
2369  5202.96478271  0.0
2370  5202.96478271  0.0
2371  5202.96478271  0.0
2372  5202.96478271  0.0
2373  5202.96478271  0.0
2374  5202.96478271  0.0
2375  5202.96478271  0.0
2376  5202.96478271  0.0
2377  5202.96478271  0.0
2378  5202.96478271  0.0
2379  5202.96478271  0.0
2380  5202.96478271  0.0
2381  5202.96478271  0.0
2382  5202.96478271  0.0
2383  5202.96478271  0.0
2384  5202.96478271  0.0
2385  5202.96478271  0.0
2386  5202.96478271  0.0
2387  5202.96478271  0.0
2388  5202.96478271  0.0
2389  5202.96478271  0.0
2390  5202.96478271  0.0
2391  5202.96478271  0.0
2392  5202.96478271  0.0
2393  5202.96478271  0.0
2394  5202.96478271  0.0
2395  5202.96478271  0.0
2396  5202.96478271  0.0
2397  5202.96478271  0.0
2398  5202.96478271  0.0
2399  5202.96478271  0.0
2400  5202.96478271  0.0
2401  5202.96478271  0.0
2402  5202.96478271  0.0
2403  5202.96478271  0.0
2404  5202.96478271  0.0
2405  5202.96478271  0.0
2406  5202.96478271  0.0
2407  5202.96478271  0.0
2408  5202.96478271  0.0
2409  5202.96478271  0.0
2410  5202.96478271  0.0
2411  5202.96478271  0.0
2412  5202.96478271  0.0
2413  5202.96478271  0.0
2414  5202.96478271  0.0
2415  5202.96478271  0.0
2416  5202.96478271  0.0
2417  5202.96478271  0.0
2418  5202.96478271  0.0
2419  5202.96478271  0.0
2420  5202.96478271  0.0
2421  5202.96478271  0.0
2422  5202.96478271  0.0
2423  5202.96478271  0.0
2424  5202.96478271  0.0
2425  5202.96478271  0.0
2426  5202.96478271  0.0
2427  5202.96478271  0.0
2428  5202.96478271  0.0
2429  5202.96478271  0.0
2430  5202.96478271  0.0
2431  5202.96478271  0.0
2432  5202.96478271  0.0
2433  5202.96478271  0.0
2434  5202.96478271  0.0
2435  5202.96478271  0.0
2436  5202.96478271  0.0
2437  5202.96478271  0.0
2438  5202.96478271  0.0
2439  5202.96478271  0.0
2440  5202.96478271  0.0
2441  5202.96478271  0.0
2442  5202.96478271  0.0
2443  5202.96478271  0.0
2444  5202.96478271  0.0
2445  5202.96478271  0.0
2446  5202.96478271  0.0
2447  5202.96478271  0.0
2448  5202.96478271  0.0
2449  5202.96478271  0.0
2450  5202.96478271  0.0
2451  5202.96478271  0.0
2452  5202.96478271  0.0
2453  5202.96478271  0.0
2454  5202.96478271  0.0
2455  5202.96478271  0.0
2456  5202.96478271  0.0
2457  5202.96478271  0.0
2458  5202.96478271  0.0
2459  5202.96478271  0.0
2460  5202.96478271  0.0
2461  5202.96478271  0.0
2462  5202.96478271  0.0
2463  5202.96478271  0.0
2464  5202.96478271  0.0
2465  5202.96478271  0.0
2466  5202.96478271  0.0
2467  5202.96478271  0.0
2468  5202.96478271  0.0
2469  5202.96478271  0.0
2470  5202.96478271  0.0
2471  5202.96478271  0.0
2472  5202.96478271  0.0
2473  5202.96478271  0.0
2474  5202.96478271  0.0
2475  5202.96478271  0.0
2476  5202.96478271  0.0
2477  5202.96478271  0.0
2478  5202.96478271  0.0
2479  5202.96478271  0.0
2480  5202.96478271  0.0
2481  5202.96478271  0.0
2482  5202.96478271  0.0
2483  5202.96478271  0.0
2484  5202.96478271  0.0
2485  5202.96478271  0.0
2486  5202.96478271  0.0
2487  5202.96478271  0.0
2488  5202.96478271  0.0
2489  5202.96478271  0.0
2490  5202.96478271  0.0
2491  5202.96478271  0.0
2492  5202.96478271  0.0
2493  5202.96478271  0.0
2494  5202.96478271  0.0
2495  5202.96478271  0.0
2496  5202.96478271  0.0
2497  5202.96478271  0.0
2498  5202.96478271  0.0
2499  5202.96478271  0.0
2500  5202.96478271  0.0
2501  5202.96478271  0.0
2502  5202.96478271  0.0
2503  5202.96478271  0.0
2504  5202.96478271  0.0
2505  5202.96478271  0.0
2506  5202.96478271  0.0
2507  5202.96478271  0.0
2508  5202.96478271  0.0
2509  5202.96478271  0.0
2510  5202.96478271  0.0
2511  5202.96478271  0.0
2512  5202.96478271  0.0
2513  5202.96478271  0.0
2514  5202.96478271  0.0
2515  5202.96478271  0.0
2516  5202.96478271  0.0
2517  5202.96478271  0.0
2518  5202.96478271  0.0
2519  5202.96478271  0.0
2520  5202.96478271  0.0
2521  5202.96478271  0.0
2522  5202.96478271  0.0
2523  5202.96478271  0.0
2524  5202.96478271  0.0
2525  5202.96478271  0.0
2526  5202.96478271  0.0
2527  5202.96478271  0.0
2528  5202.96478271  0.0
2529  5202.96478271  0.0
2530  5202.96478271  0.0
2531  5202.96478271  0.0
2532  5202.96478271  0.0
2533  5202.96478271  0.0
2534  5202.96478271  0.0
2535  5202.96478271  0.0
2536  5202.96478271  0.0
2537  5202.96478271  0.0
2538  5202.96478271  0.0
2539  5202.96478271  0.0
2540  5202.96478271  0.0
2541  5202.96478271  0.0
2542  5202.96478271  0.0
2543  5202.96478271  0.0
2544  5202.96478271  0.0
2545  5202.96478271  0.0
2546  5202.96478271  0.0
2547  5202.96478271  0.0
2548  5202.96478271  0.0
2549  5202.96478271  0.0
2550  5202.96478271  0.0
2551  5202.96478271  0.0
2552  5202.96478271  0.0
2553  5202.96478271  0.0
2554  5202.96478271  0.0
2555  5202.96478271  0.0
2556  5202.96478271  0.0
2557  5202.96478271  0.0
2558  5202.96478271  0.0
2559  5202.96478271  0.0
2560  5202.96478271  0.0
2561  5202.96478271  0.0
2562  5202.96478271  0.0
2563  5202.96478271  0.0
2564  5202.96478271  0.0
2565  5202.96478271  0.0
2566  5202.96478271  0.0
2567  5202.96478271  0.0
2568  5202.96478271  0.0
2569  5202.96478271  0.0
2570  5202.96478271  0.0
2571  5202.96478271  0.0
2572  5202.96478271  0.0
2573  5202.96478271  0.0
2574  5202.96478271  0.0
2575  5202.96478271  0.0
2576  5202.96478271  0.0
2577  5202.96478271  0.0
2578  5202.96478271  0.0
2579  5202.96478271  0.0
2580  5202.96478271  0.0
2581  5202.96478271  0.0
2582  5202.96478271  0.0
2583  5202.96478271  0.0
2584  5202.96478271  0.0
2585  5202.96478271  0.0
2586  5202.96478271  0.0
2587  5202.96478271  0.0
2588  5202.96478271  0.0
2589  5202.96478271  0.0
2590  5202.96478271  0.0
2591  5202.96478271  0.0
2592  5202.96478271  0.0
2593  5202.96478271  0.0
2594  5202.96478271  0.0
2595  5202.96478271  0.0
2596  5202.96478271  0.0
2597  5202.96478271  0.0
2598  5202.96478271  0.0
2599  5202.96478271  0.0
2600  5202.96478271  0.0
2601  5202.96478271  0.0
2602  5202.96478271  0.0
2603  5202.96478271  0.0
2604  5202.96478271  0.0
2605  5202.96478271  0.0
2606  5202.96478271  0.0
2607  5202.96478271  0.0
2608  5202.96478271  0.0
2609  5202.96478271  0.0
2610  5202.96478271  0.0
2611  5202.96478271  0.0
2612  5202.96478271  0.0
2613  5202.96478271  0.0
2614  5202.96478271  0.0
2615  5202.96478271  0.0
2616  5202.96478271  0.0
2617  5202.96478271  0.0
2618  5202.96478271  0.0
2619  5202.96478271  0.0
2620  5202.96478271  0.0
2621  5202.96478271  0.0
2622  5202.96478271  0.0
2623  5202.96478271  0.0
2624  5202.96478271  0.0
2625  5202.96478271  0.0
2626  5202.96478271  0.0
2627  5202.96478271  0.0
2628  5202.96478271  0.0
2629  5202.96478271  0.0
2630  5202.96478271  0.0
2631  5202.96478271  0.0
2632  5202.96478271  0.0
2633  5202.96478271  0.0
2634  5202.96478271  0.0
2635  5202.96478271  0.0
2636  5202.96478271  0.0
2637  5202.96478271  0.0
2638  5202.96478271  0.0
2639  5202.96478271  0.0
2640  5202.96478271  0.0
2641  5202.96478271  0.0
2642  5202.96478271  0.0
2643  5202.96478271  0.0
2644  5202.96478271  0.0
2645  5202.96478271  0.0
2646  5202.96478271  0.0
2647  5202.96478271  0.0
2648  5202.96478271  0.0
2649  5202.96478271  0.0
2650  5202.96478271  0.0
2651  5202.96478271  0.0
2652  5202.96478271  0.0
2653  5202.96478271  0.0
2654  5202.96478271  0.0
2655  5202.96478271  0.0
2656  5202.96478271  0.0
2657  5202.96478271  0.0
2658  5202.96478271  0.0
2659  5202.96478271  0.0
2660  5202.96478271  0.0
2661  5202.96478271  0.0
2662  5202.96478271  0.0
2663  5202.96478271  0.0
2664  5202.96478271  0.0
2665  5202.96478271  0.0
2666  5202.96478271  0.0
2667  5202.96478271  0.0
2668  5202.96478271  0.0
2669  5202.96478271  0.0
2670  5202.96478271  0.0
2671  5202.96478271  0.0
2672  5202.96478271  0.0
2673  5202.96478271  0.0
2674  5202.96478271  0.0
2675  5202.96478271  0.0
2676  5202.96478271  0.0
2677  5202.96478271  0.0
2678  5202.96478271  0.0
2679  5202.96478271  0.0
2680  5202.96478271  0.0
2681  5202.96478271  0.0
2682  5202.96478271  0.0
2683  5202.96478271  0.0
2684  5202.96478271  0.0
2685  5202.96478271  0.0
2686  5202.96478271  0.0
2687  5202.96478271  0.0
2688  5202.96478271  0.0
2689  5202.96478271  0.0
2690  5202.96478271  0.0
2691  5202.96478271  0.0
2692  5202.96478271  0.0
2693  5202.96478271  0.0
2694  5202.96478271  0.0
2695  5202.96478271  0.0
2696  5202.96478271  0.0
2697  5202.96478271  0.0
2698  5202.96478271  0.0
2699  5202.96478271  0.0
2700  5202.96478271  0.0
2701  5202.96478271  0.0
2702  5202.96478271  0.0
2703  5202.96478271  0.0
2704  5202.96478271  0.0
2705  5202.96478271  0.0
2706  5202.96478271  0.0
2707  5202.96478271  0.0
2708  5202.96478271  0.0
2709  5202.96478271  0.0
2710  5202.96478271  0.0
2711  5202.96478271  0.0
2712  5202.96478271  0.0
2713  5202.96478271  0.0
2714  5202.96478271  0.0
2715  5202.96478271  0.0
2716  5202.96478271  0.0
2717  5202.96478271  0.0
2718  5202.96478271  0.0
2719  5202.96478271  0.0
2720  5202.96478271  0.0
2721  5202.96478271  0.0
2722  5202.96478271  0.0
2723  5202.96478271  0.0
2724  5202.96478271  0.0
2725  5202.96478271  0.0
2726  5202.96478271  0.0
2727  5202.96478271  0.0
2728  5202.96478271  0.0
2729  5202.96478271  0.0
2730  5202.96478271  0.0
2731  5202.96478271  0.0
2732  5202.96478271  0.0
2733  5202.96478271  0.0
2734  5202.96478271  0.0
2735  5202.96478271  0.0
2736  5202.96478271  0.0
2737  5202.96478271  0.0
2738  5202.96478271  0.0
2739  5202.96478271  0.0
2740  5202.96478271  0.0
2741  5202.96478271  0.0
2742  5202.96478271  0.0
2743  5202.96478271  0.0
2744  5202.96478271  0.0
2745  5202.96478271  0.0
2746  5202.96478271  0.0
2747  5202.96478271  0.0
2748  5202.96478271  0.0
2749  5202.96478271  0.0
2750  5202.96478271  0.0
2751  5202.96478271  0.0
2752  5202.96478271  0.0
2753  5202.96478271  0.0
2754  5202.96478271  0.0
2755  5202.96478271  0.0
2756  5202.96478271  0.0
2757  5202.96478271  0.0
2758  5202.96478271  0.0
2759  5202.96478271  0.0
2760  5202.96478271  0.0
2761  5202.96478271  0.0
2762  5202.96478271  0.0
2763  5202.96478271  0.0
2764  5202.96478271  0.0
2765  5202.96478271  0.0
2766  5202.96478271  0.0
2767  5202.96478271  0.0
2768  5202.96478271  0.0
2769  5202.96478271  0.0
2770  5202.96478271  0.0
2771  5202.96478271  0.0
2772  5202.96478271  0.0
2773  5202.96478271  0.0
2774  5202.96478271  0.0
2775  5202.96478271  0.0
2776  5202.96478271  0.0
2777  5202.96478271  0.0
2778  5202.96478271  0.0
2779  5202.96478271  0.0
2780  5202.96478271  0.0
2781  5202.96478271  0.0
2782  5202.96478271  0.0
2783  5202.96478271  0.0
2784  5202.96478271  0.0
2785  5202.96478271  0.0
2786  5202.96478271  0.0
2787  5202.96478271  0.0
2788  5202.96478271  0.0
2789  5202.96478271  0.0
2790  5202.96478271  0.0
2791  5202.96478271  0.0
2792  5202.96478271  0.0
2793  5202.96478271  0.0
2794  5202.96478271  0.0
2795  5202.96478271  0.0
2796  5202.96478271  0.0
2797  5202.96478271  0.0
2798  5202.96478271  0.0
2799  5202.96478271  0.0
2800  5202.96478271  0.0
2801  5202.96478271  0.0
2802  5202.96478271  0.0
2803  5202.96478271  0.0
2804  5202.96478271  0.0
2805  5202.96478271  0.0
2806  5202.96478271  0.0
2807  5202.96478271  0.0
2808  5202.96478271  0.0
2809  5202.96478271  0.0
2810  5202.96478271  0.0
2811  5202.96478271  0.0
2812  5202.96478271  0.0
2813  5202.96478271  0.0
2814  5202.96478271  0.0
2815  5202.96478271  0.0
2816  5202.96478271  0.0
2817  5202.96478271  0.0
2818  5202.96478271  0.0
2819  5202.96478271  0.0
2820  5202.96478271  0.0
2821  5202.96478271  0.0
2822  5202.96478271  0.0
2823  5202.96478271  0.0
2824  5202.96478271  0.0
2825  5202.96478271  0.0
2826  5202.96478271  0.0
2827  5202.96478271  0.0
2828  5202.96478271  0.0
2829  5202.96478271  0.0
2830  5202.96478271  0.0
2831  5202.96478271  0.0
2832  5202.96478271  0.0
2833  5202.96478271  0.0
2834  5202.96478271  0.0
2835  5202.96478271  0.0
2836  5202.96478271  0.0
2837  5202.96478271  0.0
2838  5202.96478271  0.0
2839  5202.96478271  0.0
2840  5202.96478271  0.0
2841  5202.96478271  0.0
2842  5202.96478271  0.0
2843  5202.96478271  0.0
2844  5202.96478271  0.0
2845  5202.96478271  0.0
2846  5202.96478271  0.0
2847  5202.96478271  0.0
2848  5202.96478271  0.0
2849  5202.96478271  0.0
2850  5202.96478271  0.0
2851  5202.96478271  0.0
2852  5202.96478271  0.0
2853  5202.96478271  0.0
2854  5202.96478271  0.0
2855  5202.96478271  0.0
2856  5202.96478271  0.0
2857  5202.96478271  0.0
2858  5202.96478271  0.0
2859  5202.96478271  0.0
2860  5202.96478271  0.0
2861  5202.96478271  0.0
2862  5202.96478271  0.0
2863  5202.96478271  0.0
2864  5202.96478271  0.0
2865  5202.96478271  0.0
2866  5202.96478271  0.0
2867  5202.96478271  0.0
2868  5202.96478271  0.0
2869  5202.96478271  0.0
2870  5202.96478271  0.0
2871  5202.96478271  0.0
2872  5202.96478271  0.0
2873  5202.96478271  0.0
2874  5202.96478271  0.0
2875  5202.96478271  0.0
2876  5202.96478271  0.0
2877  5202.96478271  0.0
2878  5202.96478271  0.0
2879  5202.96478271  0.0
2880  5202.96478271  0.0
2881  5202.96478271  0.0
2882  5202.96478271  0.0
2883  5202.96478271  0.0
2884  5202.96478271  0.0
2885  5202.96478271  0.0
2886  5202.96478271  0.0
2887  5202.96478271  0.0
2888  5202.96478271  0.0
2889  5202.96478271  0.0
2890  5202.96478271  0.0
2891  5202.96478271  0.0
2892  5202.96478271  0.0
2893  5202.96478271  0.0
2894  5202.96478271  0.0
2895  5202.96478271  0.0
2896  5202.96478271  0.0
2897  5202.96478271  0.0
2898  5202.96478271  0.0
2899  5202.96478271  0.0
2900  5202.96478271  0.0
2901  5202.96478271  0.0
2902  5202.96478271  0.0
2903  5202.96478271  0.0
2904  5202.96478271  0.0
2905  5202.96478271  0.0
2906  5202.96478271  0.0
2907  5202.96478271  0.0
2908  5202.96478271  0.0
2909  5202.96478271  0.0
2910  5202.96478271  0.0
2911  5202.96478271  0.0
2912  5202.96478271  0.0
2913  5202.96478271  0.0
2914  5202.96478271  0.0
2915  5202.96478271  0.0
2916  5202.96478271  0.0
2917  5202.96478271  0.0
2918  5202.96478271  0.0
2919  5202.96478271  0.0
2920  5202.96478271  0.0
2921  5202.96478271  0.0
2922  5202.96478271  0.0
2923  5202.96478271  0.0
2924  5202.96478271  0.0
2925  5202.96478271  0.0
2926  5202.96478271  0.0
2927  5202.96478271  0.0
2928  5202.96478271  0.0
2929  5202.96478271  0.0
2930  5202.96478271  0.0
2931  5202.96478271  0.0
2932  5202.96478271  0.0
2933  5202.96478271  0.0
2934  5202.96478271  0.0
2935  5202.96478271  0.0
2936  5202.96478271  0.0
2937  5202.96478271  0.0
2938  5202.96478271  0.0
2939  5202.96478271  0.0
2940  5202.96478271  0.0
2941  5202.96478271  0.0
2942  5202.96478271  0.0
2943  5202.96478271  0.0
2944  5202.96478271  0.0
2945  5202.96478271  0.0
2946  5202.96478271  0.0
2947  5202.96478271  0.0
2948  5202.96478271  0.0
2949  5202.96478271  0.0
2950  5202.96478271  0.0
2951  5202.96478271  0.0
2952  5202.96478271  0.0
2953  5202.96478271  0.0
2954  5202.96478271  0.0
2955  5202.96478271  0.0
2956  5202.96478271  0.0
2957  5202.96478271  0.0
2958  5202.96478271  0.0
2959  5202.96478271  0.0
2960  5202.96478271  0.0
2961  5202.96478271  0.0
2962  5202.96478271  0.0
2963  5202.96478271  0.0
2964  5202.96478271  0.0
2965  5202.96478271  0.0
2966  5202.96478271  0.0
2967  5202.96478271  0.0
2968  5202.96478271  0.0
2969  5202.96478271  0.0
2970  5202.96478271  0.0
2971  5202.96478271  0.0
2972  5202.96478271  0.0
2973  5202.96478271  0.0
2974  5202.96478271  0.0
2975  5202.96478271  0.0
2976  5202.96478271  0.0
2977  5202.96478271  0.0
2978  5202.96478271  0.0
2979  5202.96478271  0.0
2980  5202.96478271  0.0
2981  5202.96478271  0.0
2982  5202.96478271  0.0
2983  5202.96478271  0.0
2984  5202.96478271  0.0
2985  5202.96478271  0.0
2986  5202.96478271  0.0
2987  5202.96478271  0.0
2988  5202.96478271  0.0
2989  5202.96478271  0.0
2990  5202.96478271  0.0
2991  5202.96478271  0.0
2992  5202.96478271  0.0
2993  5202.96478271  0.0
2994  5202.96478271  0.0
2995  5202.96478271  0.0
2996  5202.96478271  0.0
2997  5202.96478271  0.0
2998  5202.96478271  0.0
2999  5202.96478271  0.0
#[1, 2, 5, 5, 5, 6, 7, 8, 8, 8]
#[1, 1, 2, 4, 4, 5, 6, 7, 7, 8]
#[3, 3, 3, 5, 6, 7, 8, 8, 8, 9]
#[2, 2, 6, 6, 7, 7, 7, 7, 8, 9]
#[1, 2, 3, 3, 3, 6, 6, 8, 8, 9]
#[1, 2, 3, 3, 6, 6, 7, 7, 8, 9]
#[2, 2, 2, 3, 3, 6, 6, 7, 8, 9]
#[1, 1, 2, 3, 3, 5, 6, 7, 7, 9]
#[1, 1, 1, 3, 4, 4, 5, 6, 7, 9]
#Specialization index= [0, 5, 0.42857142857142855]
