#[4, 3, 6, 9, 5, 4, 4, 4, 1, 6]
#[3, 5, 2, 0, 5, 2, 4, 6, 7, 7]
#[8, 9, 0, 3, 1, 4, 2, 4, 2, 3]
#[2, 4, 8, 9, 8, 1, 6, 3, 6, 7]
#[5, 6, 6, 3, 3, 9, 7, 4, 8, 0]
#[2, 8, 5, 4, 3, 0, 7, 2, 8, 6]
#[9, 4, 7, 9, 9, 8, 6, 3, 6, 6]
#[7, 1, 8, 3, 5, 8, 8, 7, 9, 4]
#[6, 8, 9, 6, 6, 9, 8, 6, 3, 9]
0  2442.0  0.08
1  2442.0  0.08
2  2442.0  0.08
3  2442.0  0.08
4  2442.0  0.08
5  2442.0  0.08
6  2470.0  0.07
7  2470.0  0.07
8  2470.0  0.07
9  2470.0  0.07
10  2470.0  0.07
11  2470.0  0.07
12  2470.0  0.07
13  2470.0  0.07
14  2470.0  0.07
15  2470.0  0.07
16  2470.0  0.07
17  2470.0  0.07
18  2470.0  0.07
19  2470.0  0.07
20  2470.0  0.07
21  2470.0  0.07
22  2470.0  0.07
23  2470.0  0.07
24  2470.0  0.07
25  2470.0  0.07
26  2470.0  0.07
27  2470.0  0.07
28  2484.0  0.08
29  2484.0  0.08
30  2484.0  0.08
31  2484.0  0.08
32  2484.0  0.08
33  2484.0  0.08
34  2484.0  0.08
35  2484.0  0.08
36  2484.0  0.08
37  2484.0  0.08
38  2484.0  0.08
39  2484.0  0.08
40  2484.0  0.08
41  2484.0  0.08
42  2484.0  0.08
43  2499.0  0.07
44  2499.0  0.07
45  2499.0  0.07
46  2499.0  0.07
47  2499.0  0.07
48  2499.0  0.07
49  2499.0  0.07
50  2499.0  0.07
51  2499.0  0.07
52  2499.0  0.07
53  2499.0  0.07
54  2499.0  0.07
55  2499.0  0.07
56  2499.0  0.07
57  2499.0  0.07
58  2499.0  0.07
59  2499.0  0.07
60  2499.0  0.07
61  2499.0  0.07
62  2499.0  0.07
63  2499.0  0.07
64  2499.0  0.07
65  2499.0  0.07
66  2499.0  0.07
67  2499.0  0.07
68  2499.0  0.07
69  2499.0  0.07
70  2499.0  0.07
71  2499.0  0.07
72  2499.0  0.07
73  2499.0  0.07
74  2499.0  0.07
75  2499.0  0.07
76  2499.0  0.07
77  2499.0  0.07
78  2499.0  0.07
79  2499.0  0.07
80  2499.0  0.07
81  2499.0  0.07
82  2499.0  0.07
83  2499.0  0.07
84  2499.0  0.07
85  2499.0  0.07
86  2499.0  0.07
87  2499.0  0.07
88  2499.0  0.07
89  2499.0  0.07
90  2499.0  0.07
91  2499.0  0.07
92  2499.0  0.07
93  2499.0  0.07
94  2499.0  0.07
95  2499.0  0.07
96  2499.0  0.07
97  2529.0  0.09
98  2529.0  0.09
99  2529.0  0.09
100  2529.0  0.09
101  2529.0  0.09
102  2529.0  0.09
103  2529.0  0.09
104  2529.0  0.09
105  2529.0  0.09
106  2529.0  0.09
107  2529.0  0.09
108  2529.0  0.09
109  2529.0  0.09
110  2529.0  0.09
111  2529.0  0.09
112  2546.0  0.05
113  2546.0  0.05
114  2546.0  0.05
115  2546.0  0.05
116  2546.0  0.05
117  2546.0  0.05
118  2546.0  0.05
119  2552.0  0.07
120  2552.0  0.07
121  2552.0  0.07
122  2552.0  0.07
123  2552.0  0.07
124  2552.0  0.07
125  2552.0  0.07
126  2552.0  0.07
127  2552.0  0.07
128  2552.0  0.07
129  2552.0  0.07
130  2552.0  0.07
131  2552.0  0.07
132  2552.0  0.07
133  2552.0  0.07
134  2552.0  0.07
135  2552.0  0.07
136  2552.0  0.07
137  2552.0  0.07
138  2552.0  0.07
139  2552.0  0.07
140  2552.0  0.07
141  2552.0  0.07
142  2552.0  0.07
143  2552.0  0.07
144  2552.0  0.07
145  2552.0  0.07
146  2552.0  0.07
147  2552.0  0.07
148  2552.0  0.07
149  2552.0  0.07
150  2552.0  0.07
151  2552.0  0.07
152  2552.0  0.07
153  2552.0  0.07
154  2552.0  0.07
155  2552.0  0.07
156  2552.0  0.07
157  2552.0  0.07
158  2552.0  0.07
159  2552.0  0.07
160  2552.0  0.07
161  2552.0  0.07
162  2552.0  0.07
163  2552.0  0.07
164  2552.0  0.07
165  2552.0  0.07
166  2552.0  0.07
167  2552.0  0.07
168  2552.0  0.07
169  2552.0  0.07
170  2552.0  0.07
171  2552.0  0.07
172  2552.0  0.07
173  2552.0  0.07
174  2552.0  0.07
175  2552.0  0.07
176  2552.0  0.07
177  2552.0  0.07
178  2552.0  0.07
179  2552.0  0.07
180  2552.0  0.07
181  2552.0  0.07
182  2552.0  0.07
183  2552.0  0.07
184  2552.0  0.07
185  2552.0  0.07
186  2552.0  0.07
187  2552.0  0.07
188  2552.0  0.07
189  2552.0  0.07
190  2552.0  0.07
191  2552.0  0.07
192  2552.0  0.07
193  2552.0  0.07
194  2552.0  0.07
195  2552.0  0.07
196  2552.0  0.07
197  2552.0  0.07
198  2552.0  0.07
199  2552.0  0.07
200  2552.0  0.07
201  2552.0  0.07
202  2552.0  0.07
203  2552.0  0.07
204  2552.0  0.07
205  2552.0  0.07
206  2552.0  0.07
207  2552.0  0.07
208  2552.0  0.07
209  2552.0  0.07
210  2552.0  0.07
211  2552.0  0.07
212  2552.0  0.07
213  2552.0  0.07
214  2552.0  0.07
215  2552.0  0.07
216  2552.0  0.07
217  2552.0  0.07
218  2552.0  0.07
219  2552.0  0.07
220  2552.0  0.07
221  2552.0  0.07
222  2552.0  0.07
223  2552.0  0.07
224  2552.0  0.07
225  2552.0  0.07
226  2552.0  0.07
227  2552.0  0.07
228  2552.0  0.07
229  2552.0  0.07
230  2552.0  0.07
231  2552.0  0.07
232  2552.0  0.07
233  2552.0  0.07
234  2552.0  0.07
235  2552.0  0.07
236  2552.0  0.07
237  2552.0  0.07
238  2552.0  0.07
239  2552.0  0.07
240  2552.0  0.07
241  2552.0  0.07
242  2552.0  0.07
243  2552.0  0.07
244  2552.0  0.07
245  2552.0  0.07
246  2552.0  0.07
247  2552.0  0.07
248  2552.0  0.07
249  2552.0  0.07
250  2552.0  0.07
251  2552.0  0.07
252  2552.0  0.07
253  2552.0  0.07
254  2552.0  0.07
255  2552.0  0.07
256  2552.0  0.07
257  2552.0  0.07
258  2552.0  0.07
259  2552.0  0.07
260  2552.0  0.07
261  2552.0  0.07
262  2552.0  0.07
263  2552.0  0.07
264  2552.0  0.07
265  2552.0  0.07
266  2552.0  0.07
267  2552.0  0.07
268  2552.0  0.07
269  2552.0  0.07
270  2552.0  0.07
271  2552.0  0.07
272  2552.0  0.07
273  2552.0  0.07
274  2552.0  0.07
275  2552.0  0.07
276  2552.0  0.07
277  2552.0  0.07
278  2552.0  0.07
279  2552.0  0.07
280  2552.0  0.07
281  2552.0  0.07
282  2552.0  0.07
283  2552.0  0.07
284  2552.0  0.07
285  2552.0  0.07
286  2552.0  0.07
287  2552.0  0.07
288  2552.0  0.07
289  2552.0  0.07
290  2552.0  0.07
291  2552.0  0.07
292  2552.0  0.07
293  2552.0  0.07
294  2552.0  0.07
295  2575.0  0.07
296  2575.0  0.07
297  2575.0  0.07
298  2575.0  0.07
299  2575.0  0.07
300  2575.0  0.07
301  2575.0  0.07
302  2575.0  0.07
303  2575.0  0.07
304  2575.0  0.07
305  2575.0  0.07
306  2575.0  0.07
307  2575.0  0.07
308  2575.0  0.07
309  2575.0  0.07
310  2575.0  0.07
311  2575.0  0.07
312  2575.0  0.07
313  2575.0  0.07
314  2575.0  0.07
315  2575.0  0.07
316  2575.0  0.07
317  2575.0  0.07
318  2575.0  0.07
319  2575.0  0.07
320  2575.0  0.07
321  2575.0  0.07
322  2575.0  0.07
323  2575.0  0.07
324  2575.0  0.07
325  2575.0  0.07
326  2575.0  0.07
327  2575.0  0.07
328  2575.0  0.07
329  2575.0  0.07
330  2575.0  0.07
331  2575.0  0.07
332  2575.0  0.07
333  2575.0  0.07
334  2575.0  0.07
335  2575.0  0.07
336  2575.0  0.07
337  2575.0  0.07
338  2575.0  0.07
339  2575.0  0.07
340  2575.0  0.07
341  2575.0  0.07
342  2575.0  0.07
343  2575.0  0.07
344  2575.0  0.07
345  2575.0  0.07
346  2575.0  0.07
347  2575.0  0.07
348  2575.0  0.07
349  2575.0  0.07
350  2575.0  0.07
351  2575.0  0.07
352  2575.0  0.07
353  2575.0  0.07
354  2575.0  0.07
355  2575.0  0.07
356  2575.0  0.07
357  2575.0  0.07
358  2575.0  0.07
359  2575.0  0.07
360  2575.0  0.07
361  2575.0  0.07
362  2575.0  0.07
363  2575.0  0.07
364  2575.0  0.07
365  2575.0  0.07
366  2575.0  0.07
367  2575.0  0.07
368  2575.0  0.07
369  2575.0  0.07
370  2575.0  0.07
371  2575.0  0.07
372  2575.0  0.07
373  2575.0  0.07
374  2575.0  0.07
375  2575.0  0.07
376  2575.0  0.07
377  2575.0  0.07
378  2575.0  0.07
379  2575.0  0.07
380  2575.0  0.07
381  2575.0  0.07
382  2575.0  0.07
383  2575.0  0.07
384  2575.0  0.07
385  2575.0  0.07
386  2575.0  0.07
387  2577.0  0.03
388  2577.0  0.03
389  2577.0  0.03
390  2577.0  0.03
391  2577.0  0.03
392  2577.0  0.03
393  2577.0  0.03
394  2577.0  0.03
395  2577.0  0.03
396  2577.0  0.03
397  2577.0  0.03
398  2577.0  0.03
399  2577.0  0.03
400  2594.0  0.07
401  2594.0  0.07
402  2594.0  0.07
403  2594.0  0.07
404  2594.0  0.07
405  2594.0  0.07
406  2594.0  0.07
407  2594.0  0.07
408  2594.0  0.07
409  2594.0  0.07
410  2594.0  0.07
411  2594.0  0.07
412  2594.0  0.07
413  2594.0  0.07
414  2594.0  0.07
415  2594.0  0.07
416  2594.0  0.07
417  2594.0  0.07
418  2594.0  0.07
419  2594.0  0.07
420  2594.0  0.07
421  2594.0  0.07
422  2594.0  0.07
423  2594.0  0.07
424  2594.0  0.07
425  2594.0  0.07
426  2594.0  0.07
427  2594.0  0.07
428  2594.0  0.07
429  2594.0  0.07
430  2594.0  0.07
431  2594.0  0.07
432  2594.0  0.07
433  2594.0  0.07
434  2594.0  0.07
435  2594.0  0.07
436  2594.0  0.07
437  2594.0  0.07
438  2594.0  0.07
439  2594.0  0.07
440  2594.0  0.07
441  2594.0  0.07
442  2594.0  0.07
443  2594.0  0.07
444  2594.0  0.07
445  2602.0  0.07
446  2602.0  0.07
447  2602.0  0.07
448  2602.0  0.07
449  2602.0  0.07
450  2602.0  0.07
451  2602.0  0.07
452  2602.0  0.07
453  2602.0  0.07
454  2602.0  0.07
455  2602.0  0.07
456  2602.0  0.07
457  2602.0  0.07
458  2602.0  0.07
459  2602.0  0.07
460  2602.0  0.07
461  2602.0  0.07
462  2602.0  0.07
463  2602.0  0.07
464  2602.0  0.07
465  2602.0  0.07
466  2602.0  0.07
467  2602.0  0.07
468  2602.0  0.07
469  2602.0  0.07
470  2602.0  0.07
471  2602.0  0.07
472  2602.0  0.07
473  2602.0  0.07
474  2602.0  0.07
475  2602.0  0.07
476  2633.0  0.02
477  2633.0  0.02
478  2633.0  0.02
479  2633.0  0.02
480  2633.0  0.02
481  2633.0  0.02
482  2633.0  0.02
483  2633.0  0.02
484  2633.0  0.02
485  2633.0  0.02
486  2633.0  0.02
487  2633.0  0.02
488  2633.0  0.02
489  2633.0  0.02
490  2633.0  0.02
491  2633.0  0.02
492  2633.0  0.02
493  2633.0  0.02
494  2633.0  0.02
495  2633.0  0.02
496  2633.0  0.02
497  2633.0  0.02
498  2633.0  0.02
499  2633.0  0.02
500  2633.0  0.02
501  2633.0  0.02
502  2633.0  0.02
503  2633.0  0.02
504  2633.0  0.02
505  2633.0  0.02
506  2633.0  0.02
507  2633.0  0.02
508  2633.0  0.02
509  2633.0  0.02
510  2633.0  0.02
511  2633.0  0.02
512  2633.0  0.02
513  2633.0  0.02
514  2633.0  0.02
515  2633.0  0.02
516  2633.0  0.02
517  2633.0  0.02
518  2633.0  0.02
519  2633.0  0.02
520  2633.0  0.02
521  2633.0  0.02
522  2633.0  0.02
523  2633.0  0.02
524  2633.0  0.02
525  2633.0  0.02
526  2633.0  0.02
527  2633.0  0.02
528  2633.0  0.02
529  2633.0  0.02
530  2633.0  0.02
531  2633.0  0.02
532  2633.0  0.02
533  2633.0  0.02
534  2633.0  0.02
535  2633.0  0.02
536  2633.0  0.02
537  2633.0  0.02
538  2633.0  0.02
539  2633.0  0.02
540  2633.0  0.02
541  2633.0  0.02
542  2633.0  0.02
543  2633.0  0.02
544  2633.0  0.02
545  2633.0  0.02
546  2633.0  0.02
547  2633.0  0.02
548  2633.0  0.02
549  2633.0  0.02
550  2633.0  0.02
551  2633.0  0.02
552  2633.0  0.02
553  2633.0  0.02
554  2633.0  0.02
555  2633.0  0.02
556  2633.0  0.02
557  2633.0  0.02
558  2633.0  0.02
559  2633.0  0.02
560  2633.0  0.02
561  2633.0  0.02
562  2633.0  0.02
563  2633.0  0.02
564  2633.0  0.02
565  2633.0  0.02
566  2633.0  0.02
567  2633.0  0.02
568  2633.0  0.02
569  2633.0  0.02
570  2633.0  0.02
571  2633.0  0.02
572  2633.0  0.02
573  2633.0  0.02
574  2633.0  0.02
575  2633.0  0.02
576  2633.0  0.02
577  2633.0  0.02
578  2633.0  0.02
579  2633.0  0.02
580  2633.0  0.02
581  2633.0  0.02
582  2633.0  0.02
583  2633.0  0.02
584  2633.0  0.02
585  2633.0  0.02
586  2633.0  0.02
587  2633.0  0.02
588  2633.0  0.02
589  2633.0  0.02
590  2633.0  0.02
591  2633.0  0.02
592  2633.0  0.02
593  2633.0  0.02
594  2633.0  0.02
595  2633.0  0.02
596  2633.0  0.02
597  2633.0  0.02
598  2633.0  0.02
599  2633.0  0.02
600  2633.0  0.02
601  2633.0  0.02
602  2633.0  0.02
603  2633.0  0.02
604  2633.0  0.02
605  2633.0  0.02
606  2633.0  0.02
607  2633.0  0.02
608  2633.0  0.02
609  2633.0  0.02
610  2633.0  0.02
611  2633.0  0.02
612  2633.0  0.02
613  2633.0  0.02
614  2633.0  0.02
615  2633.0  0.02
616  2633.0  0.02
617  2633.0  0.02
618  2633.0  0.02
619  2633.0  0.02
620  2633.0  0.02
621  2633.0  0.02
622  2633.0  0.02
623  2633.0  0.02
624  2633.0  0.02
625  2633.0  0.02
626  2633.0  0.02
627  2633.0  0.02
628  2633.0  0.02
629  2633.0  0.02
630  2633.0  0.02
631  2633.0  0.02
632  2633.0  0.02
633  2633.0  0.02
634  2633.0  0.02
635  2633.0  0.02
636  2633.0  0.02
637  2633.0  0.02
638  2633.0  0.02
639  2633.0  0.02
640  2633.0  0.02
641  2633.0  0.02
642  2633.0  0.02
643  2633.0  0.02
644  2633.0  0.02
645  2633.0  0.02
646  2633.0  0.02
647  2633.0  0.02
648  2633.0  0.02
649  2633.0  0.02
650  2633.0  0.02
651  2633.0  0.02
652  2633.0  0.02
653  2633.0  0.02
654  2633.0  0.02
655  2633.0  0.02
656  2633.0  0.02
657  2633.0  0.02
658  2633.0  0.02
659  2633.0  0.02
660  2633.0  0.02
661  2633.0  0.02
662  2633.0  0.02
663  2633.0  0.02
664  2633.0  0.02
665  2633.0  0.02
666  2633.0  0.02
667  2633.0  0.02
668  2633.0  0.02
669  2633.0  0.02
670  2633.0  0.02
671  2633.0  0.02
672  2633.0  0.02
673  2633.0  0.02
674  2633.0  0.02
675  2633.0  0.02
676  2633.0  0.02
677  2633.0  0.02
678  2633.0  0.02
679  2633.0  0.02
680  2633.0  0.02
681  2633.0  0.02
682  2633.0  0.02
683  2633.0  0.02
684  2633.0  0.02
685  2633.0  0.02
686  2633.0  0.02
687  2633.0  0.02
688  2633.0  0.02
689  2633.0  0.02
690  2633.0  0.02
691  2633.0  0.02
692  2633.0  0.02
693  2633.0  0.02
694  2633.0  0.02
695  2633.0  0.02
696  2633.0  0.02
697  2633.0  0.02
698  2633.0  0.02
699  2633.0  0.02
700  2633.0  0.02
701  2633.0  0.02
702  2633.0  0.02
703  2633.0  0.02
704  2633.0  0.02
705  2633.0  0.02
706  2633.0  0.02
707  2633.0  0.02
708  2633.0  0.02
709  2633.0  0.02
710  2633.0  0.02
711  2633.0  0.02
712  2633.0  0.02
713  2633.0  0.02
714  2633.0  0.02
715  2633.0  0.02
716  2633.0  0.02
717  2633.0  0.02
718  2633.0  0.02
719  2633.0  0.02
720  2633.0  0.02
721  2633.0  0.02
722  2633.0  0.02
723  2633.0  0.02
724  2633.0  0.02
725  2633.0  0.02
726  2633.0  0.02
727  2633.0  0.02
728  2633.0  0.02
729  2633.0  0.02
730  2633.0  0.02
731  2633.0  0.02
732  2633.0  0.02
733  2633.0  0.02
734  2633.0  0.02
735  2633.0  0.02
736  2633.0  0.02
737  2633.0  0.02
738  2633.0  0.02
739  2633.0  0.02
740  2633.0  0.02
741  2633.0  0.02
742  2633.0  0.02
743  2633.0  0.02
744  2633.0  0.02
745  2633.0  0.02
746  2633.0  0.02
747  2633.0  0.02
748  2633.0  0.02
749  2633.0  0.02
750  2633.0  0.02
751  2633.0  0.02
752  2633.0  0.02
753  2633.0  0.02
754  2633.0  0.02
755  2633.0  0.02
756  2633.0  0.02
757  2633.0  0.02
758  2633.0  0.02
759  2633.0  0.02
760  2633.0  0.02
761  2633.0  0.02
762  2633.0  0.02
763  2633.0  0.02
764  2633.0  0.02
765  2633.0  0.02
766  2633.0  0.02
767  2633.0  0.02
768  2633.0  0.02
769  2633.0  0.02
770  2633.0  0.02
771  2633.0  0.02
772  2633.0  0.02
773  2633.0  0.02
774  2633.0  0.02
775  2633.0  0.02
776  2633.0  0.02
777  2633.0  0.02
778  2633.0  0.02
779  2633.0  0.02
780  2633.0  0.02
781  2633.0  0.02
782  2633.0  0.02
783  2633.0  0.02
784  2633.0  0.02
785  2633.0  0.02
786  2633.0  0.02
787  2633.0  0.02
788  2633.0  0.02
789  2633.0  0.02
790  2633.0  0.02
791  2633.0  0.02
792  2633.0  0.02
793  2633.0  0.02
794  2633.0  0.02
795  2633.0  0.02
796  2633.0  0.02
797  2633.0  0.02
798  2633.0  0.02
799  2633.0  0.02
800  2633.0  0.02
801  2633.0  0.02
802  2633.0  0.02
803  2633.0  0.02
804  2633.0  0.02
805  2633.0  0.02
806  2633.0  0.02
807  2633.0  0.02
808  2633.0  0.02
809  2633.0  0.02
810  2633.0  0.02
811  2633.0  0.02
812  2633.0  0.02
813  2633.0  0.02
814  2633.0  0.02
815  2633.0  0.02
816  2633.0  0.02
817  2633.0  0.02
818  2633.0  0.02
819  2633.0  0.02
820  2633.0  0.02
821  2633.0  0.02
822  2633.0  0.02
823  2633.0  0.02
824  2633.0  0.02
825  2633.0  0.02
826  2633.0  0.02
827  2633.0  0.02
828  2633.0  0.02
829  2633.0  0.02
830  2633.0  0.02
831  2633.0  0.02
832  2633.0  0.02
833  2633.0  0.02
834  2633.0  0.02
835  2633.0  0.02
836  2633.0  0.02
837  2633.0  0.02
838  2633.0  0.02
839  2633.0  0.02
840  2633.0  0.02
841  2633.0  0.02
842  2633.0  0.02
843  2633.0  0.02
844  2633.0  0.02
845  2633.0  0.02
846  2633.0  0.02
847  2633.0  0.02
848  2633.0  0.02
849  2633.0  0.02
850  2633.0  0.02
851  2633.0  0.02
852  2633.0  0.02
853  2633.0  0.02
854  2633.0  0.02
855  2633.0  0.02
856  2633.0  0.02
857  2633.0  0.02
858  2633.0  0.02
859  2633.0  0.02
860  2633.0  0.02
861  2633.0  0.02
862  2633.0  0.02
863  2633.0  0.02
864  2633.0  0.02
865  2633.0  0.02
866  2633.0  0.02
867  2633.0  0.02
868  2633.0  0.02
869  2633.0  0.02
870  2633.0  0.02
871  2633.0  0.02
872  2633.0  0.02
873  2633.0  0.02
874  2633.0  0.02
875  2633.0  0.02
876  2633.0  0.02
877  2633.0  0.02
878  2633.0  0.02
879  2633.0  0.02
880  2633.0  0.02
881  2633.0  0.02
882  2633.0  0.02
883  2633.0  0.02
884  2633.0  0.02
885  2633.0  0.02
886  2633.0  0.02
887  2633.0  0.02
888  2633.0  0.02
889  2633.0  0.02
890  2633.0  0.02
891  2633.0  0.02
892  2633.0  0.02
893  2633.0  0.02
894  2633.0  0.02
895  2633.0  0.02
896  2633.0  0.02
897  2633.0  0.02
898  2633.0  0.02
899  2633.0  0.02
900  2633.0  0.02
901  2633.0  0.02
902  2633.0  0.02
903  2633.0  0.02
904  2633.0  0.02
905  2633.0  0.02
906  2633.0  0.02
907  2633.0  0.02
908  2633.0  0.02
909  2633.0  0.02
910  2633.0  0.02
911  2633.0  0.02
912  2633.0  0.02
913  2633.0  0.02
914  2633.0  0.02
915  2633.0  0.02
916  2633.0  0.02
917  2633.0  0.02
918  2633.0  0.02
919  2633.0  0.02
920  2633.0  0.02
921  2633.0  0.02
922  2633.0  0.02
923  2633.0  0.02
924  2633.0  0.02
925  2633.0  0.02
926  2633.0  0.02
927  2633.0  0.02
928  2633.0  0.02
929  2633.0  0.02
930  2633.0  0.02
931  2633.0  0.02
932  2633.0  0.02
933  2633.0  0.02
934  2633.0  0.02
935  2633.0  0.02
936  2633.0  0.02
937  2633.0  0.02
938  2633.0  0.02
939  2633.0  0.02
940  2633.0  0.02
941  2633.0  0.02
942  2633.0  0.02
943  2633.0  0.02
944  2633.0  0.02
945  2633.0  0.02
946  2633.0  0.02
947  2633.0  0.02
948  2633.0  0.02
949  2633.0  0.02
950  2633.0  0.02
951  2633.0  0.02
952  2633.0  0.02
953  2633.0  0.02
954  2633.0  0.02
955  2633.0  0.02
956  2633.0  0.02
957  2633.0  0.02
958  2633.0  0.02
959  2633.0  0.02
960  2633.0  0.02
961  2633.0  0.02
962  2633.0  0.02
963  2633.0  0.02
964  2633.0  0.02
965  2633.0  0.02
966  2633.0  0.02
967  2633.0  0.02
968  2633.0  0.02
969  2633.0  0.02
970  2633.0  0.02
971  2633.0  0.02
972  2633.0  0.02
973  2633.0  0.02
974  2633.0  0.02
975  2633.0  0.02
976  2633.0  0.02
977  2633.0  0.02
978  2633.0  0.02
979  2633.0  0.02
980  2633.0  0.02
981  2633.0  0.02
982  2633.0  0.02
983  2633.0  0.02
984  2633.0  0.02
985  2633.0  0.02
986  2633.0  0.02
987  2633.0  0.02
988  2633.0  0.02
989  2633.0  0.02
990  2633.0  0.02
991  2633.0  0.02
992  2633.0  0.02
993  2633.0  0.02
994  2633.0  0.02
995  2633.0  0.02
996  2633.0  0.02
997  2633.0  0.02
998  2633.0  0.02
999  2633.0  0.02
1000  2633.0  0.02
1001  2633.0  0.02
1002  2633.0  0.02
1003  2633.0  0.02
1004  2633.0  0.02
1005  2633.0  0.02
1006  2633.0  0.02
1007  2633.0  0.02
1008  2633.0  0.02
1009  2633.0  0.02
1010  2633.0  0.02
1011  2633.0  0.02
1012  2633.0  0.02
1013  2633.0  0.02
1014  2633.0  0.02
1015  2633.0  0.02
1016  2633.0  0.02
1017  2633.0  0.02
1018  2633.0  0.02
1019  2633.0  0.02
1020  2633.0  0.02
1021  2633.0  0.02
1022  2633.0  0.02
1023  2633.0  0.02
1024  2633.0  0.02
1025  2633.0  0.02
1026  2633.0  0.02
1027  2633.0  0.02
1028  2633.0  0.02
1029  2633.0  0.02
1030  2633.0  0.02
1031  2633.0  0.02
1032  2633.0  0.02
1033  2633.0  0.02
1034  2633.0  0.02
1035  2633.0  0.02
1036  2633.0  0.02
1037  2633.0  0.02
1038  2633.0  0.02
1039  2633.0  0.02
1040  2633.0  0.02
1041  2633.0  0.02
1042  2633.0  0.02
1043  2633.0  0.02
1044  2633.0  0.02
1045  2633.0  0.02
1046  2633.0  0.02
1047  2633.0  0.02
1048  2633.0  0.02
1049  2633.0  0.02
1050  2633.0  0.02
1051  2633.0  0.02
1052  2633.0  0.02
1053  2633.0  0.02
1054  2633.0  0.02
1055  2633.0  0.02
1056  2633.0  0.02
1057  2633.0  0.02
1058  2633.0  0.02
1059  2633.0  0.02
1060  2633.0  0.02
1061  2633.0  0.02
1062  2633.0  0.02
1063  2633.0  0.02
1064  2633.0  0.02
1065  2633.0  0.02
1066  2633.0  0.02
1067  2633.0  0.02
1068  2633.0  0.02
1069  2633.0  0.02
1070  2633.0  0.02
1071  2633.0  0.02
1072  2633.0  0.02
1073  2633.0  0.02
1074  2633.0  0.02
1075  2633.0  0.02
1076  2633.0  0.02
1077  2633.0  0.02
1078  2633.0  0.02
1079  2633.0  0.02
1080  2633.0  0.02
1081  2633.0  0.02
1082  2633.0  0.02
1083  2633.0  0.02
1084  2633.0  0.02
1085  2633.0  0.02
1086  2633.0  0.02
1087  2633.0  0.02
1088  2633.0  0.02
1089  2633.0  0.02
1090  2633.0  0.02
1091  2633.0  0.02
1092  2633.0  0.02
1093  2633.0  0.02
1094  2633.0  0.02
1095  2633.0  0.02
1096  2633.0  0.02
1097  2633.0  0.02
1098  2633.0  0.02
1099  2633.0  0.02
1100  2633.0  0.02
1101  2633.0  0.02
1102  2633.0  0.02
1103  2633.0  0.02
1104  2633.0  0.02
1105  2633.0  0.02
1106  2633.0  0.02
1107  2633.0  0.02
1108  2633.0  0.02
1109  2633.0  0.02
1110  2633.0  0.02
1111  2633.0  0.02
1112  2633.0  0.02
1113  2633.0  0.02
1114  2633.0  0.02
1115  2633.0  0.02
1116  2633.0  0.02
1117  2633.0  0.02
1118  2633.0  0.02
1119  2633.0  0.02
1120  2633.0  0.02
1121  2633.0  0.02
1122  2633.0  0.02
1123  2633.0  0.02
1124  2633.0  0.02
1125  2633.0  0.02
1126  2633.0  0.02
1127  2633.0  0.02
1128  2633.0  0.02
1129  2633.0  0.02
1130  2633.0  0.02
1131  2633.0  0.02
1132  2633.0  0.02
1133  2633.0  0.02
1134  2633.0  0.02
1135  2633.0  0.02
1136  2633.0  0.02
1137  2633.0  0.02
1138  2633.0  0.02
1139  2633.0  0.02
1140  2633.0  0.02
1141  2633.0  0.02
1142  2633.0  0.02
1143  2633.0  0.02
1144  2633.0  0.02
1145  2633.0  0.02
1146  2633.0  0.02
1147  2633.0  0.02
1148  2633.0  0.02
1149  2633.0  0.02
1150  2633.0  0.02
1151  2633.0  0.02
1152  2633.0  0.02
1153  2633.0  0.02
1154  2633.0  0.02
1155  2633.0  0.02
1156  2633.0  0.02
1157  2633.0  0.02
1158  2633.0  0.02
1159  2633.0  0.02
1160  2633.0  0.02
1161  2633.0  0.02
1162  2633.0  0.02
1163  2633.0  0.02
1164  2633.0  0.02
1165  2633.0  0.02
1166  2633.0  0.02
1167  2633.0  0.02
1168  2633.0  0.02
1169  2633.0  0.02
1170  2633.0  0.02
1171  2633.0  0.02
1172  2633.0  0.02
1173  2633.0  0.02
1174  2633.0  0.02
1175  2633.0  0.02
1176  2633.0  0.02
1177  2633.0  0.02
1178  2633.0  0.02
1179  2633.0  0.02
1180  2633.0  0.02
1181  2633.0  0.02
1182  2633.0  0.02
1183  2633.0  0.02
1184  2633.0  0.02
1185  2633.0  0.02
1186  2633.0  0.02
1187  2633.0  0.02
1188  2633.0  0.02
1189  2633.0  0.02
1190  2633.0  0.02
1191  2633.0  0.02
1192  2633.0  0.02
1193  2633.0  0.02
1194  2633.0  0.02
1195  2633.0  0.02
1196  2633.0  0.02
1197  2633.0  0.02
1198  2633.0  0.02
1199  2633.0  0.02
1200  2633.0  0.02
1201  2633.0  0.02
1202  2633.0  0.02
1203  2633.0  0.02
1204  2633.0  0.02
1205  2633.0  0.02
1206  2633.0  0.02
1207  2633.0  0.02
1208  2633.0  0.02
1209  2633.0  0.02
1210  2633.0  0.02
1211  2633.0  0.02
1212  2633.0  0.02
1213  2633.0  0.02
1214  2633.0  0.02
1215  2633.0  0.02
1216  2633.0  0.02
1217  2633.0  0.02
1218  2633.0  0.02
1219  2633.0  0.02
1220  2633.0  0.02
1221  2633.0  0.02
1222  2633.0  0.02
1223  2633.0  0.02
1224  2633.0  0.02
1225  2633.0  0.02
1226  2633.0  0.02
1227  2633.0  0.02
1228  2633.0  0.02
1229  2633.0  0.02
1230  2633.0  0.02
1231  2633.0  0.02
1232  2633.0  0.02
1233  2633.0  0.02
1234  2633.0  0.02
1235  2633.0  0.02
1236  2633.0  0.02
1237  2633.0  0.02
1238  2633.0  0.02
1239  2633.0  0.02
1240  2633.0  0.02
1241  2633.0  0.02
1242  2633.0  0.02
1243  2633.0  0.02
1244  2633.0  0.02
1245  2633.0  0.02
1246  2633.0  0.02
1247  2633.0  0.02
1248  2633.0  0.02
1249  2633.0  0.02
1250  2633.0  0.02
1251  2633.0  0.02
1252  2633.0  0.02
1253  2633.0  0.02
1254  2633.0  0.02
1255  2633.0  0.02
1256  2633.0  0.02
1257  2633.0  0.02
1258  2633.0  0.02
1259  2633.0  0.02
1260  2633.0  0.02
1261  2633.0  0.02
1262  2633.0  0.02
1263  2633.0  0.02
1264  2633.0  0.02
1265  2633.0  0.02
1266  2633.0  0.02
1267  2633.0  0.02
1268  2633.0  0.02
1269  2633.0  0.02
1270  2633.0  0.02
1271  2633.0  0.02
1272  2633.0  0.02
1273  2633.0  0.02
1274  2633.0  0.02
1275  2633.0  0.02
1276  2633.0  0.02
1277  2633.0  0.02
1278  2633.0  0.02
1279  2633.0  0.02
1280  2633.0  0.02
1281  2633.0  0.02
1282  2633.0  0.02
1283  2633.0  0.02
1284  2633.0  0.02
1285  2633.0  0.02
1286  2633.0  0.02
1287  2633.0  0.02
1288  2633.0  0.02
1289  2633.0  0.02
1290  2633.0  0.02
1291  2633.0  0.02
1292  2633.0  0.02
1293  2633.0  0.02
1294  2633.0  0.02
1295  2633.0  0.02
1296  2633.0  0.02
1297  2633.0  0.02
1298  2633.0  0.02
1299  2633.0  0.02
1300  2633.0  0.02
1301  2633.0  0.02
1302  2633.0  0.02
1303  2633.0  0.02
1304  2633.0  0.02
1305  2633.0  0.02
1306  2633.0  0.02
1307  2633.0  0.02
1308  2633.0  0.02
1309  2633.0  0.02
1310  2633.0  0.02
1311  2633.0  0.02
1312  2633.0  0.02
1313  2633.0  0.02
1314  2633.0  0.02
1315  2633.0  0.02
1316  2633.0  0.02
1317  2633.0  0.02
1318  2633.0  0.02
1319  2633.0  0.02
1320  2633.0  0.02
1321  2633.0  0.02
1322  2633.0  0.02
1323  2633.0  0.02
1324  2633.0  0.02
1325  2633.0  0.02
1326  2633.0  0.02
1327  2633.0  0.02
1328  2633.0  0.02
1329  2633.0  0.02
1330  2633.0  0.02
1331  2633.0  0.02
1332  2633.0  0.02
1333  2633.0  0.02
1334  2633.0  0.02
1335  2633.0  0.02
1336  2633.0  0.02
1337  2633.0  0.02
1338  2633.0  0.02
1339  2633.0  0.02
1340  2633.0  0.02
1341  2633.0  0.02
1342  2633.0  0.02
1343  2633.0  0.02
1344  2633.0  0.02
1345  2633.0  0.02
1346  2633.0  0.02
1347  2633.0  0.02
1348  2633.0  0.02
1349  2633.0  0.02
1350  2633.0  0.02
1351  2633.0  0.02
1352  2633.0  0.02
1353  2633.0  0.02
1354  2633.0  0.02
1355  2633.0  0.02
1356  2633.0  0.02
1357  2633.0  0.02
1358  2633.0  0.02
1359  2633.0  0.02
1360  2633.0  0.02
1361  2633.0  0.02
1362  2633.0  0.02
1363  2633.0  0.02
1364  2633.0  0.02
1365  2633.0  0.02
1366  2633.0  0.02
1367  2633.0  0.02
1368  2633.0  0.02
1369  2633.0  0.02
1370  2633.0  0.02
1371  2633.0  0.02
1372  2633.0  0.02
1373  2633.0  0.02
1374  2633.0  0.02
1375  2633.0  0.02
1376  2633.0  0.02
1377  2633.0  0.02
1378  2633.0  0.02
1379  2633.0  0.02
1380  2633.0  0.02
1381  2633.0  0.02
1382  2633.0  0.02
1383  2633.0  0.02
1384  2633.0  0.02
1385  2633.0  0.02
1386  2633.0  0.02
1387  2633.0  0.02
1388  2633.0  0.02
1389  2633.0  0.02
1390  2633.0  0.02
1391  2633.0  0.02
1392  2633.0  0.02
1393  2633.0  0.02
1394  2633.0  0.02
1395  2633.0  0.02
1396  2633.0  0.02
1397  2633.0  0.02
1398  2633.0  0.02
1399  2633.0  0.02
1400  2633.0  0.02
1401  2633.0  0.02
1402  2633.0  0.02
1403  2633.0  0.02
1404  2633.0  0.02
1405  2633.0  0.02
1406  2633.0  0.02
1407  2633.0  0.02
1408  2633.0  0.02
1409  2633.0  0.02
1410  2633.0  0.02
1411  2633.0  0.02
1412  2633.0  0.02
1413  2633.0  0.02
1414  2633.0  0.02
1415  2633.0  0.02
1416  2633.0  0.02
1417  2633.0  0.02
1418  2633.0  0.02
1419  2633.0  0.02
1420  2633.0  0.02
1421  2633.0  0.02
1422  2633.0  0.02
1423  2633.0  0.02
1424  2633.0  0.02
1425  2633.0  0.02
1426  2633.0  0.02
1427  2633.0  0.02
1428  2633.0  0.02
1429  2633.0  0.02
1430  2633.0  0.02
1431  2633.0  0.02
1432  2633.0  0.02
1433  2633.0  0.02
1434  2633.0  0.02
1435  2633.0  0.02
1436  2633.0  0.02
1437  2633.0  0.02
1438  2633.0  0.02
1439  2633.0  0.02
1440  2633.0  0.02
1441  2633.0  0.02
1442  2633.0  0.02
1443  2633.0  0.02
1444  2633.0  0.02
1445  2633.0  0.02
1446  2633.0  0.02
1447  2633.0  0.02
1448  2633.0  0.02
1449  2633.0  0.02
1450  2633.0  0.02
1451  2633.0  0.02
1452  2633.0  0.02
1453  2633.0  0.02
1454  2633.0  0.02
1455  2633.0  0.02
1456  2633.0  0.02
1457  2633.0  0.02
1458  2633.0  0.02
1459  2633.0  0.02
1460  2633.0  0.02
1461  2633.0  0.02
1462  2633.0  0.02
1463  2633.0  0.02
1464  2633.0  0.02
1465  2633.0  0.02
1466  2633.0  0.02
1467  2633.0  0.02
1468  2633.0  0.02
1469  2633.0  0.02
1470  2633.0  0.02
1471  2633.0  0.02
1472  2633.0  0.02
1473  2633.0  0.02
1474  2633.0  0.02
1475  2633.0  0.02
1476  2633.0  0.02
1477  2633.0  0.02
1478  2633.0  0.02
1479  2633.0  0.02
1480  2633.0  0.02
1481  2633.0  0.02
1482  2633.0  0.02
1483  2633.0  0.02
1484  2633.0  0.02
1485  2633.0  0.02
1486  2633.0  0.02
1487  2633.0  0.02
1488  2633.0  0.02
1489  2633.0  0.02
1490  2633.0  0.02
1491  2633.0  0.02
1492  2633.0  0.02
1493  2633.0  0.02
1494  2633.0  0.02
1495  2633.0  0.02
1496  2633.0  0.02
1497  2633.0  0.02
1498  2633.0  0.02
1499  2633.0  0.02
1500  2633.0  0.02
1501  2633.0  0.02
1502  2633.0  0.02
1503  2633.0  0.02
1504  2633.0  0.02
1505  2633.0  0.02
1506  2633.0  0.02
1507  2633.0  0.02
1508  2633.0  0.02
1509  2633.0  0.02
1510  2633.0  0.02
1511  2633.0  0.02
1512  2633.0  0.02
1513  2633.0  0.02
1514  2633.0  0.02
1515  2633.0  0.02
1516  2633.0  0.02
1517  2633.0  0.02
1518  2633.0  0.02
1519  2633.0  0.02
1520  2633.0  0.02
1521  2633.0  0.02
1522  2633.0  0.02
1523  2633.0  0.02
1524  2633.0  0.02
1525  2633.0  0.02
1526  2633.0  0.02
1527  2633.0  0.02
1528  2633.0  0.02
1529  2633.0  0.02
1530  2633.0  0.02
1531  2633.0  0.02
1532  2633.0  0.02
1533  2633.0  0.02
1534  2633.0  0.02
1535  2633.0  0.02
1536  2633.0  0.02
1537  2633.0  0.02
1538  2633.0  0.02
1539  2633.0  0.02
1540  2633.0  0.02
1541  2633.0  0.02
1542  2633.0  0.02
1543  2633.0  0.02
1544  2633.0  0.02
1545  2633.0  0.02
1546  2633.0  0.02
1547  2633.0  0.02
1548  2633.0  0.02
1549  2633.0  0.02
1550  2633.0  0.02
1551  2633.0  0.02
1552  2633.0  0.02
1553  2633.0  0.02
1554  2633.0  0.02
1555  2633.0  0.02
1556  2633.0  0.02
1557  2633.0  0.02
1558  2633.0  0.02
1559  2633.0  0.02
1560  2633.0  0.02
1561  2633.0  0.02
1562  2633.0  0.02
1563  2633.0  0.02
1564  2633.0  0.02
1565  2633.0  0.02
1566  2633.0  0.02
1567  2633.0  0.02
1568  2633.0  0.02
1569  2633.0  0.02
1570  2633.0  0.02
1571  2633.0  0.02
1572  2633.0  0.02
1573  2633.0  0.02
1574  2633.0  0.02
1575  2633.0  0.02
1576  2633.0  0.02
1577  2633.0  0.02
1578  2633.0  0.02
1579  2633.0  0.02
1580  2633.0  0.02
1581  2633.0  0.02
1582  2633.0  0.02
1583  2633.0  0.02
1584  2633.0  0.02
1585  2633.0  0.02
1586  2633.0  0.02
1587  2633.0  0.02
1588  2633.0  0.02
1589  2633.0  0.02
1590  2633.0  0.02
1591  2633.0  0.02
1592  2633.0  0.02
1593  2633.0  0.02
1594  2633.0  0.02
1595  2633.0  0.02
1596  2633.0  0.02
1597  2633.0  0.02
1598  2633.0  0.02
1599  2633.0  0.02
1600  2633.0  0.02
1601  2633.0  0.02
1602  2633.0  0.02
1603  2633.0  0.02
1604  2633.0  0.02
1605  2633.0  0.02
1606  2633.0  0.02
1607  2633.0  0.02
1608  2633.0  0.02
1609  2633.0  0.02
1610  2633.0  0.02
1611  2633.0  0.02
1612  2633.0  0.02
1613  2633.0  0.02
1614  2633.0  0.02
1615  2633.0  0.02
1616  2633.0  0.02
1617  2633.0  0.02
1618  2633.0  0.02
1619  2633.0  0.02
1620  2633.0  0.02
1621  2633.0  0.02
1622  2633.0  0.02
1623  2633.0  0.02
1624  2633.0  0.02
1625  2633.0  0.02
1626  2633.0  0.02
1627  2633.0  0.02
1628  2633.0  0.02
1629  2633.0  0.02
1630  2633.0  0.02
1631  2633.0  0.02
1632  2633.0  0.02
1633  2633.0  0.02
1634  2633.0  0.02
1635  2633.0  0.02
1636  2633.0  0.02
1637  2633.0  0.02
1638  2633.0  0.02
1639  2633.0  0.02
1640  2633.0  0.02
1641  2633.0  0.02
1642  2633.0  0.02
1643  2633.0  0.02
1644  2633.0  0.02
1645  2633.0  0.02
1646  2633.0  0.02
1647  2633.0  0.02
1648  2633.0  0.02
1649  2633.0  0.02
1650  2633.0  0.02
1651  2633.0  0.02
1652  2633.0  0.02
1653  2633.0  0.02
1654  2633.0  0.02
1655  2633.0  0.02
1656  2633.0  0.02
1657  2633.0  0.02
1658  2633.0  0.02
1659  2633.0  0.02
1660  2633.0  0.02
1661  2633.0  0.02
1662  2633.0  0.02
1663  2633.0  0.02
1664  2633.0  0.02
1665  2633.0  0.02
1666  2633.0  0.02
1667  2633.0  0.02
1668  2633.0  0.02
1669  2633.0  0.02
1670  2633.0  0.02
1671  2633.0  0.02
1672  2633.0  0.02
1673  2633.0  0.02
1674  2633.0  0.02
1675  2633.0  0.02
1676  2633.0  0.02
1677  2633.0  0.02
1678  2633.0  0.02
1679  2633.0  0.02
1680  2633.0  0.02
1681  2633.0  0.02
1682  2633.0  0.02
1683  2633.0  0.02
1684  2633.0  0.02
1685  2633.0  0.02
1686  2633.0  0.02
1687  2633.0  0.02
1688  2633.0  0.02
1689  2633.0  0.02
1690  2633.0  0.02
1691  2633.0  0.02
1692  2633.0  0.02
1693  2633.0  0.02
1694  2633.0  0.02
1695  2633.0  0.02
1696  2633.0  0.02
1697  2633.0  0.02
1698  2633.0  0.02
1699  2633.0  0.02
1700  2633.0  0.02
1701  2633.0  0.02
1702  2633.0  0.02
1703  2633.0  0.02
1704  2633.0  0.02
1705  2633.0  0.02
1706  2633.0  0.02
1707  2633.0  0.02
1708  2633.0  0.02
1709  2633.0  0.02
1710  2633.0  0.02
1711  2633.0  0.02
1712  2633.0  0.02
1713  2633.0  0.02
1714  2633.0  0.02
1715  2633.0  0.02
1716  2633.0  0.02
1717  2633.0  0.02
1718  2633.0  0.02
1719  2633.0  0.02
1720  2633.0  0.02
1721  2633.0  0.02
1722  2633.0  0.02
1723  2633.0  0.02
1724  2633.0  0.02
1725  2633.0  0.02
1726  2633.0  0.02
1727  2633.0  0.02
1728  2633.0  0.02
1729  2633.0  0.02
1730  2633.0  0.02
1731  2633.0  0.02
1732  2633.0  0.02
1733  2633.0  0.02
1734  2633.0  0.02
1735  2633.0  0.02
1736  2633.0  0.02
1737  2633.0  0.02
1738  2633.0  0.02
1739  2633.0  0.02
1740  2633.0  0.02
1741  2633.0  0.02
1742  2633.0  0.02
1743  2633.0  0.02
1744  2633.0  0.02
1745  2633.0  0.02
1746  2633.0  0.02
1747  2633.0  0.02
1748  2633.0  0.02
1749  2633.0  0.02
1750  2633.0  0.02
1751  2633.0  0.02
1752  2633.0  0.02
1753  2633.0  0.02
1754  2633.0  0.02
1755  2633.0  0.02
1756  2633.0  0.02
1757  2633.0  0.02
1758  2633.0  0.02
1759  2633.0  0.02
1760  2633.0  0.02
1761  2633.0  0.02
1762  2633.0  0.02
1763  2633.0  0.02
1764  2633.0  0.02
1765  2633.0  0.02
1766  2633.0  0.02
1767  2633.0  0.02
1768  2633.0  0.02
1769  2633.0  0.02
1770  2633.0  0.02
1771  2633.0  0.02
1772  2633.0  0.02
1773  2633.0  0.02
1774  2633.0  0.02
1775  2633.0  0.02
1776  2633.0  0.02
1777  2633.0  0.02
1778  2633.0  0.02
1779  2633.0  0.02
1780  2633.0  0.02
1781  2633.0  0.02
1782  2633.0  0.02
1783  2633.0  0.02
1784  2633.0  0.02
1785  2633.0  0.02
1786  2633.0  0.02
1787  2633.0  0.02
1788  2633.0  0.02
1789  2633.0  0.02
1790  2633.0  0.02
1791  2633.0  0.02
1792  2633.0  0.02
1793  2633.0  0.02
1794  2633.0  0.02
1795  2633.0  0.02
1796  2633.0  0.02
1797  2633.0  0.02
1798  2633.0  0.02
1799  2633.0  0.02
1800  2633.0  0.02
1801  2633.0  0.02
1802  2633.0  0.02
1803  2633.0  0.02
1804  2633.0  0.02
1805  2633.0  0.02
1806  2633.0  0.02
1807  2633.0  0.02
1808  2633.0  0.02
1809  2633.0  0.02
1810  2633.0  0.02
1811  2633.0  0.02
1812  2633.0  0.02
1813  2633.0  0.02
1814  2633.0  0.02
1815  2633.0  0.02
1816  2633.0  0.02
1817  2633.0  0.02
1818  2633.0  0.02
1819  2633.0  0.02
1820  2633.0  0.02
1821  2633.0  0.02
1822  2633.0  0.02
1823  2633.0  0.02
1824  2633.0  0.02
1825  2633.0  0.02
1826  2633.0  0.02
1827  2633.0  0.02
1828  2633.0  0.02
1829  2633.0  0.02
1830  2633.0  0.02
1831  2633.0  0.02
1832  2633.0  0.02
1833  2633.0  0.02
1834  2633.0  0.02
1835  2633.0  0.02
1836  2633.0  0.02
1837  2633.0  0.02
1838  2633.0  0.02
1839  2633.0  0.02
1840  2633.0  0.02
1841  2633.0  0.02
1842  2633.0  0.02
1843  2633.0  0.02
1844  2633.0  0.02
1845  2633.0  0.02
1846  2633.0  0.02
1847  2633.0  0.02
1848  2633.0  0.02
1849  2633.0  0.02
1850  2633.0  0.02
1851  2633.0  0.02
1852  2633.0  0.02
1853  2633.0  0.02
1854  2633.0  0.02
1855  2633.0  0.02
1856  2633.0  0.02
1857  2633.0  0.02
1858  2633.0  0.02
1859  2633.0  0.02
1860  2633.0  0.02
1861  2633.0  0.02
1862  2633.0  0.02
1863  2633.0  0.02
1864  2633.0  0.02
1865  2633.0  0.02
1866  2633.0  0.02
1867  2633.0  0.02
1868  2633.0  0.02
1869  2633.0  0.02
1870  2633.0  0.02
1871  2633.0  0.02
1872  2633.0  0.02
1873  2633.0  0.02
1874  2633.0  0.02
1875  2633.0  0.02
1876  2633.0  0.02
1877  2633.0  0.02
1878  2633.0  0.02
1879  2633.0  0.02
1880  2633.0  0.02
1881  2633.0  0.02
1882  2633.0  0.02
1883  2633.0  0.02
1884  2633.0  0.02
1885  2633.0  0.02
1886  2633.0  0.02
1887  2633.0  0.02
1888  2633.0  0.02
1889  2633.0  0.02
1890  2633.0  0.02
1891  2633.0  0.02
1892  2633.0  0.02
1893  2633.0  0.02
1894  2633.0  0.02
1895  2633.0  0.02
1896  2633.0  0.02
1897  2633.0  0.02
1898  2633.0  0.02
1899  2633.0  0.02
1900  2633.0  0.02
1901  2633.0  0.02
1902  2633.0  0.02
1903  2633.0  0.02
1904  2633.0  0.02
1905  2633.0  0.02
1906  2633.0  0.02
1907  2633.0  0.02
1908  2633.0  0.02
1909  2633.0  0.02
1910  2633.0  0.02
1911  2633.0  0.02
1912  2633.0  0.02
1913  2633.0  0.02
1914  2633.0  0.02
1915  2633.0  0.02
1916  2633.0  0.02
1917  2633.0  0.02
1918  2633.0  0.02
1919  2633.0  0.02
1920  2633.0  0.02
1921  2633.0  0.02
1922  2633.0  0.02
1923  2633.0  0.02
1924  2633.0  0.02
1925  2633.0  0.02
1926  2633.0  0.02
1927  2633.0  0.02
1928  2633.0  0.02
1929  2633.0  0.02
1930  2633.0  0.02
1931  2633.0  0.02
1932  2633.0  0.02
1933  2633.0  0.02
1934  2633.0  0.02
1935  2633.0  0.02
1936  2633.0  0.02
1937  2633.0  0.02
1938  2633.0  0.02
1939  2633.0  0.02
1940  2633.0  0.02
1941  2633.0  0.02
1942  2633.0  0.02
1943  2633.0  0.02
1944  2633.0  0.02
1945  2633.0  0.02
1946  2633.0  0.02
1947  2633.0  0.02
1948  2633.0  0.02
1949  2633.0  0.02
1950  2633.0  0.02
1951  2633.0  0.02
1952  2633.0  0.02
1953  2633.0  0.02
1954  2633.0  0.02
1955  2633.0  0.02
1956  2633.0  0.02
1957  2633.0  0.02
1958  2633.0  0.02
1959  2633.0  0.02
1960  2633.0  0.02
1961  2633.0  0.02
1962  2633.0  0.02
1963  2633.0  0.02
1964  2633.0  0.02
1965  2633.0  0.02
1966  2633.0  0.02
1967  2633.0  0.02
1968  2633.0  0.02
1969  2633.0  0.02
1970  2633.0  0.02
1971  2633.0  0.02
1972  2633.0  0.02
1973  2633.0  0.02
1974  2633.0  0.02
1975  2633.0  0.02
1976  2633.0  0.02
1977  2633.0  0.02
1978  2633.0  0.02
1979  2633.0  0.02
1980  2633.0  0.02
1981  2633.0  0.02
1982  2633.0  0.02
1983  2633.0  0.02
1984  2633.0  0.02
1985  2633.0  0.02
1986  2633.0  0.02
1987  2633.0  0.02
1988  2633.0  0.02
1989  2633.0  0.02
1990  2633.0  0.02
1991  2633.0  0.02
1992  2633.0  0.02
1993  2633.0  0.02
1994  2633.0  0.02
1995  2633.0  0.02
1996  2633.0  0.02
1997  2633.0  0.02
1998  2633.0  0.02
1999  2633.0  0.02
2000  2633.0  0.02
2001  2633.0  0.02
2002  2633.0  0.02
2003  2633.0  0.02
2004  2633.0  0.02
2005  2633.0  0.02
2006  2633.0  0.02
2007  2633.0  0.02
2008  2633.0  0.02
2009  2633.0  0.02
2010  2633.0  0.02
2011  2633.0  0.02
2012  2633.0  0.02
2013  2633.0  0.02
2014  2633.0  0.02
2015  2633.0  0.02
2016  2633.0  0.02
2017  2633.0  0.02
2018  2633.0  0.02
2019  2633.0  0.02
2020  2633.0  0.02
2021  2633.0  0.02
2022  2633.0  0.02
2023  2633.0  0.02
2024  2633.0  0.02
2025  2633.0  0.02
2026  2633.0  0.02
2027  2633.0  0.02
2028  2633.0  0.02
2029  2633.0  0.02
2030  2633.0  0.02
2031  2633.0  0.02
2032  2633.0  0.02
2033  2633.0  0.02
2034  2633.0  0.02
2035  2633.0  0.02
2036  2633.0  0.02
2037  2633.0  0.02
2038  2633.0  0.02
2039  2633.0  0.02
2040  2633.0  0.02
2041  2633.0  0.02
2042  2633.0  0.02
2043  2633.0  0.02
2044  2633.0  0.02
2045  2633.0  0.02
2046  2633.0  0.02
2047  2633.0  0.02
2048  2633.0  0.02
2049  2633.0  0.02
2050  2633.0  0.02
2051  2633.0  0.02
2052  2633.0  0.02
2053  2633.0  0.02
2054  2633.0  0.02
2055  2633.0  0.02
2056  2633.0  0.02
2057  2633.0  0.02
2058  2633.0  0.02
2059  2633.0  0.02
2060  2633.0  0.02
2061  2633.0  0.02
2062  2633.0  0.02
2063  2633.0  0.02
2064  2633.0  0.02
2065  2633.0  0.02
2066  2633.0  0.02
2067  2633.0  0.02
2068  2633.0  0.02
2069  2633.0  0.02
2070  2633.0  0.02
2071  2633.0  0.02
2072  2633.0  0.02
2073  2633.0  0.02
2074  2633.0  0.02
2075  2633.0  0.02
2076  2633.0  0.02
2077  2633.0  0.02
2078  2633.0  0.02
2079  2633.0  0.02
2080  2633.0  0.02
2081  2633.0  0.02
2082  2633.0  0.02
2083  2633.0  0.02
2084  2633.0  0.02
2085  2633.0  0.02
2086  2633.0  0.02
2087  2633.0  0.02
2088  2633.0  0.02
2089  2633.0  0.02
2090  2633.0  0.02
2091  2633.0  0.02
2092  2633.0  0.02
2093  2633.0  0.02
2094  2633.0  0.02
2095  2633.0  0.02
2096  2633.0  0.02
2097  2633.0  0.02
2098  2633.0  0.02
2099  2633.0  0.02
2100  2633.0  0.02
2101  2633.0  0.02
2102  2633.0  0.02
2103  2633.0  0.02
2104  2633.0  0.02
2105  2633.0  0.02
2106  2633.0  0.02
2107  2633.0  0.02
2108  2633.0  0.02
2109  2633.0  0.02
2110  2633.0  0.02
2111  2633.0  0.02
2112  2633.0  0.02
2113  2633.0  0.02
2114  2633.0  0.02
2115  2633.0  0.02
2116  2633.0  0.02
2117  2633.0  0.02
2118  2633.0  0.02
2119  2633.0  0.02
2120  2633.0  0.02
2121  2633.0  0.02
2122  2633.0  0.02
2123  2633.0  0.02
2124  2633.0  0.02
2125  2633.0  0.02
2126  2633.0  0.02
2127  2633.0  0.02
2128  2633.0  0.02
2129  2633.0  0.02
2130  2633.0  0.02
2131  2633.0  0.02
2132  2633.0  0.02
2133  2633.0  0.02
2134  2633.0  0.02
2135  2633.0  0.02
2136  2633.0  0.02
2137  2633.0  0.02
2138  2633.0  0.02
2139  2633.0  0.02
2140  2633.0  0.02
2141  2633.0  0.02
2142  2633.0  0.02
2143  2633.0  0.02
2144  2633.0  0.02
2145  2633.0  0.02
2146  2633.0  0.02
2147  2633.0  0.02
2148  2633.0  0.02
2149  2633.0  0.02
2150  2633.0  0.02
2151  2633.0  0.02
2152  2633.0  0.02
2153  2633.0  0.02
2154  2633.0  0.02
2155  2633.0  0.02
2156  2633.0  0.02
2157  2633.0  0.02
2158  2633.0  0.02
2159  2633.0  0.02
2160  2633.0  0.02
2161  2633.0  0.02
2162  2633.0  0.02
2163  2633.0  0.02
2164  2633.0  0.02
2165  2633.0  0.02
2166  2633.0  0.02
2167  2633.0  0.02
2168  2633.0  0.02
2169  2633.0  0.02
2170  2633.0  0.02
2171  2633.0  0.02
2172  2633.0  0.02
2173  2633.0  0.02
2174  2633.0  0.02
2175  2633.0  0.02
2176  2633.0  0.02
2177  2633.0  0.02
2178  2633.0  0.02
2179  2633.0  0.02
2180  2633.0  0.02
2181  2633.0  0.02
2182  2633.0  0.02
2183  2633.0  0.02
2184  2633.0  0.02
2185  2633.0  0.02
2186  2633.0  0.02
2187  2633.0  0.02
2188  2633.0  0.02
2189  2633.0  0.02
2190  2633.0  0.02
2191  2633.0  0.02
2192  2633.0  0.02
2193  2633.0  0.02
2194  2633.0  0.02
2195  2633.0  0.02
2196  2633.0  0.02
2197  2633.0  0.02
2198  2633.0  0.02
2199  2633.0  0.02
2200  2633.0  0.02
2201  2633.0  0.02
2202  2633.0  0.02
2203  2633.0  0.02
2204  2633.0  0.02
2205  2633.0  0.02
2206  2633.0  0.02
2207  2633.0  0.02
2208  2633.0  0.02
2209  2633.0  0.02
2210  2633.0  0.02
2211  2633.0  0.02
2212  2633.0  0.02
2213  2633.0  0.02
2214  2633.0  0.02
2215  2633.0  0.02
2216  2633.0  0.02
2217  2633.0  0.02
2218  2633.0  0.02
2219  2633.0  0.02
2220  2633.0  0.02
2221  2633.0  0.02
2222  2633.0  0.02
2223  2633.0  0.02
2224  2633.0  0.02
2225  2633.0  0.02
2226  2633.0  0.02
2227  2633.0  0.02
2228  2633.0  0.02
2229  2633.0  0.02
2230  2633.0  0.02
2231  2633.0  0.02
2232  2633.0  0.02
2233  2633.0  0.02
2234  2633.0  0.02
2235  2633.0  0.02
2236  2633.0  0.02
2237  2633.0  0.02
2238  2633.0  0.02
2239  2633.0  0.02
2240  2633.0  0.02
2241  2633.0  0.02
2242  2633.0  0.02
2243  2633.0  0.02
2244  2633.0  0.02
2245  2633.0  0.02
2246  2633.0  0.02
2247  2633.0  0.02
2248  2633.0  0.02
2249  2633.0  0.02
2250  2633.0  0.02
2251  2633.0  0.02
2252  2633.0  0.02
2253  2633.0  0.02
2254  2633.0  0.02
2255  2633.0  0.02
2256  2633.0  0.02
2257  2633.0  0.02
2258  2633.0  0.02
2259  2633.0  0.02
2260  2633.0  0.02
2261  2633.0  0.02
2262  2633.0  0.02
2263  2633.0  0.02
2264  2633.0  0.02
2265  2633.0  0.02
2266  2633.0  0.02
2267  2633.0  0.02
2268  2633.0  0.02
2269  2633.0  0.02
2270  2633.0  0.02
2271  2633.0  0.02
2272  2633.0  0.02
2273  2633.0  0.02
2274  2633.0  0.02
2275  2633.0  0.02
2276  2633.0  0.02
2277  2633.0  0.02
2278  2633.0  0.02
2279  2633.0  0.02
2280  2633.0  0.02
2281  2633.0  0.02
2282  2633.0  0.02
2283  2633.0  0.02
2284  2633.0  0.02
2285  2633.0  0.02
2286  2633.0  0.02
2287  2633.0  0.02
2288  2633.0  0.02
2289  2633.0  0.02
2290  2633.0  0.02
2291  2633.0  0.02
2292  2633.0  0.02
2293  2633.0  0.02
2294  2633.0  0.02
2295  2633.0  0.02
2296  2633.0  0.02
2297  2633.0  0.02
2298  2633.0  0.02
2299  2633.0  0.02
2300  2633.0  0.02
2301  2633.0  0.02
2302  2633.0  0.02
2303  2633.0  0.02
2304  2633.0  0.02
2305  2633.0  0.02
2306  2633.0  0.02
2307  2633.0  0.02
2308  2633.0  0.02
2309  2633.0  0.02
2310  2633.0  0.02
2311  2633.0  0.02
2312  2633.0  0.02
2313  2633.0  0.02
2314  2633.0  0.02
2315  2633.0  0.02
2316  2633.0  0.02
2317  2633.0  0.02
2318  2633.0  0.02
2319  2633.0  0.02
2320  2633.0  0.02
2321  2633.0  0.02
2322  2633.0  0.02
2323  2633.0  0.02
2324  2633.0  0.02
2325  2633.0  0.02
2326  2633.0  0.02
2327  2633.0  0.02
2328  2633.0  0.02
2329  2633.0  0.02
2330  2633.0  0.02
2331  2633.0  0.02
2332  2633.0  0.02
2333  2633.0  0.02
2334  2633.0  0.02
2335  2633.0  0.02
2336  2633.0  0.02
2337  2633.0  0.02
2338  2633.0  0.02
2339  2633.0  0.02
2340  2633.0  0.02
2341  2633.0  0.02
2342  2633.0  0.02
2343  2633.0  0.02
2344  2633.0  0.02
2345  2633.0  0.02
2346  2633.0  0.02
2347  2633.0  0.02
2348  2633.0  0.02
2349  2633.0  0.02
2350  2633.0  0.02
2351  2633.0  0.02
2352  2633.0  0.02
2353  2633.0  0.02
2354  2633.0  0.02
2355  2633.0  0.02
2356  2633.0  0.02
2357  2633.0  0.02
2358  2633.0  0.02
2359  2633.0  0.02
2360  2633.0  0.02
2361  2633.0  0.02
2362  2633.0  0.02
2363  2633.0  0.02
2364  2633.0  0.02
2365  2633.0  0.02
2366  2633.0  0.02
2367  2633.0  0.02
2368  2633.0  0.02
2369  2633.0  0.02
2370  2633.0  0.02
2371  2633.0  0.02
2372  2633.0  0.02
2373  2633.0  0.02
2374  2633.0  0.02
2375  2633.0  0.02
2376  2633.0  0.02
2377  2633.0  0.02
2378  2633.0  0.02
2379  2633.0  0.02
2380  2633.0  0.02
2381  2633.0  0.02
2382  2633.0  0.02
2383  2633.0  0.02
2384  2633.0  0.02
2385  2633.0  0.02
2386  2633.0  0.02
2387  2633.0  0.02
2388  2633.0  0.02
2389  2633.0  0.02
2390  2633.0  0.02
2391  2633.0  0.02
2392  2633.0  0.02
2393  2633.0  0.02
2394  2633.0  0.02
2395  2633.0  0.02
2396  2633.0  0.02
2397  2633.0  0.02
2398  2633.0  0.02
2399  2633.0  0.02
2400  2633.0  0.02
2401  2633.0  0.02
2402  2633.0  0.02
2403  2633.0  0.02
2404  2633.0  0.02
2405  2633.0  0.02
2406  2633.0  0.02
2407  2633.0  0.02
2408  2633.0  0.02
2409  2633.0  0.02
2410  2633.0  0.02
2411  2633.0  0.02
2412  2633.0  0.02
2413  2633.0  0.02
2414  2633.0  0.02
2415  2633.0  0.02
2416  2633.0  0.02
2417  2633.0  0.02
2418  2633.0  0.02
2419  2633.0  0.02
2420  2633.0  0.02
2421  2633.0  0.02
2422  2633.0  0.02
2423  2633.0  0.02
2424  2633.0  0.02
2425  2633.0  0.02
2426  2633.0  0.02
2427  2633.0  0.02
2428  2633.0  0.02
2429  2633.0  0.02
2430  2633.0  0.02
2431  2633.0  0.02
2432  2633.0  0.02
2433  2633.0  0.02
2434  2633.0  0.02
2435  2633.0  0.02
2436  2633.0  0.02
2437  2633.0  0.02
2438  2633.0  0.02
2439  2633.0  0.02
2440  2633.0  0.02
2441  2633.0  0.02
2442  2633.0  0.02
2443  2633.0  0.02
2444  2633.0  0.02
2445  2633.0  0.02
2446  2633.0  0.02
2447  2633.0  0.02
2448  2633.0  0.02
2449  2633.0  0.02
2450  2633.0  0.02
2451  2633.0  0.02
2452  2633.0  0.02
2453  2633.0  0.02
2454  2633.0  0.02
2455  2633.0  0.02
2456  2633.0  0.02
2457  2633.0  0.02
2458  2633.0  0.02
2459  2633.0  0.02
2460  2633.0  0.02
2461  2633.0  0.02
2462  2633.0  0.02
2463  2633.0  0.02
2464  2633.0  0.02
2465  2633.0  0.02
2466  2633.0  0.02
2467  2633.0  0.02
2468  2633.0  0.02
2469  2633.0  0.02
2470  2633.0  0.02
2471  2633.0  0.02
2472  2633.0  0.02
2473  2633.0  0.02
2474  2633.0  0.02
2475  2633.0  0.02
2476  2633.0  0.02
2477  2633.0  0.02
2478  2633.0  0.02
2479  2633.0  0.02
2480  2633.0  0.02
2481  2633.0  0.02
2482  2633.0  0.02
2483  2633.0  0.02
2484  2633.0  0.02
2485  2633.0  0.02
2486  2633.0  0.02
2487  2633.0  0.02
2488  2633.0  0.02
2489  2633.0  0.02
2490  2633.0  0.02
2491  2633.0  0.02
2492  2633.0  0.02
2493  2633.0  0.02
2494  2633.0  0.02
2495  2633.0  0.02
2496  2633.0  0.02
2497  2633.0  0.02
2498  2633.0  0.02
2499  2633.0  0.02
2500  2633.0  0.02
2501  2633.0  0.02
2502  2633.0  0.02
2503  2633.0  0.02
2504  2633.0  0.02
2505  2633.0  0.02
2506  2633.0  0.02
2507  2633.0  0.02
2508  2633.0  0.02
2509  2633.0  0.02
2510  2633.0  0.02
2511  2633.0  0.02
2512  2633.0  0.02
2513  2633.0  0.02
2514  2633.0  0.02
2515  2633.0  0.02
2516  2633.0  0.02
2517  2633.0  0.02
2518  2633.0  0.02
2519  2633.0  0.02
2520  2633.0  0.02
2521  2633.0  0.02
2522  2633.0  0.02
2523  2633.0  0.02
2524  2633.0  0.02
2525  2633.0  0.02
2526  2633.0  0.02
2527  2633.0  0.02
2528  2633.0  0.02
2529  2633.0  0.02
2530  2633.0  0.02
2531  2633.0  0.02
2532  2633.0  0.02
2533  2633.0  0.02
2534  2633.0  0.02
2535  2633.0  0.02
2536  2633.0  0.02
2537  2633.0  0.02
2538  2633.0  0.02
2539  2633.0  0.02
2540  2633.0  0.02
2541  2633.0  0.02
2542  2633.0  0.02
2543  2633.0  0.02
2544  2633.0  0.02
2545  2633.0  0.02
2546  2633.0  0.02
2547  2633.0  0.02
2548  2633.0  0.02
2549  2633.0  0.02
2550  2633.0  0.02
2551  2633.0  0.02
2552  2633.0  0.02
2553  2633.0  0.02
2554  2633.0  0.02
2555  2633.0  0.02
2556  2633.0  0.02
2557  2633.0  0.02
2558  2633.0  0.02
2559  2633.0  0.02
2560  2633.0  0.02
2561  2633.0  0.02
2562  2633.0  0.02
2563  2633.0  0.02
2564  2633.0  0.02
2565  2633.0  0.02
2566  2633.0  0.02
2567  2633.0  0.02
2568  2633.0  0.02
2569  2633.0  0.02
2570  2633.0  0.02
2571  2633.0  0.02
2572  2633.0  0.02
2573  2633.0  0.02
2574  2633.0  0.02
2575  2633.0  0.02
2576  2633.0  0.02
2577  2633.0  0.02
2578  2633.0  0.02
2579  2633.0  0.02
2580  2633.0  0.02
2581  2633.0  0.02
2582  2633.0  0.02
2583  2633.0  0.02
2584  2633.0  0.02
2585  2633.0  0.02
2586  2633.0  0.02
2587  2633.0  0.02
2588  2633.0  0.02
2589  2633.0  0.02
2590  2637.0  0.06
2591  2637.0  0.06
2592  2637.0  0.06
2593  2637.0  0.06
2594  2637.0  0.06
2595  2637.0  0.06
2596  2637.0  0.06
2597  2637.0  0.06
2598  2637.0  0.06
2599  2637.0  0.06
2600  2637.0  0.06
2601  2637.0  0.06
2602  2637.0  0.06
2603  2637.0  0.06
2604  2637.0  0.06
2605  2637.0  0.06
2606  2637.0  0.06
2607  2637.0  0.06
2608  2637.0  0.06
2609  2637.0  0.06
2610  2637.0  0.06
2611  2637.0  0.06
2612  2637.0  0.06
2613  2637.0  0.06
2614  2637.0  0.06
2615  2637.0  0.06
2616  2637.0  0.06
2617  2637.0  0.06
2618  2637.0  0.06
2619  2637.0  0.06
2620  2637.0  0.06
2621  2637.0  0.06
2622  2637.0  0.06
2623  2637.0  0.06
2624  2637.0  0.06
2625  2637.0  0.06
2626  2637.0  0.06
2627  2637.0  0.06
2628  2637.0  0.06
2629  2637.0  0.06
2630  2637.0  0.06
2631  2637.0  0.06
2632  2637.0  0.06
2633  2637.0  0.06
2634  2637.0  0.06
2635  2637.0  0.06
2636  2637.0  0.06
2637  2637.0  0.06
2638  2637.0  0.06
2639  2637.0  0.06
2640  2637.0  0.06
2641  2637.0  0.06
2642  2637.0  0.06
2643  2637.0  0.06
2644  2637.0  0.06
2645  2637.0  0.06
2646  2637.0  0.06
2647  2637.0  0.06
2648  2637.0  0.06
2649  2637.0  0.06
2650  2637.0  0.06
2651  2637.0  0.06
2652  2637.0  0.06
2653  2637.0  0.06
2654  2637.0  0.06
2655  2637.0  0.06
2656  2637.0  0.06
2657  2637.0  0.06
2658  2637.0  0.06
2659  2637.0  0.06
2660  2637.0  0.06
2661  2637.0  0.06
2662  2637.0  0.06
2663  2637.0  0.06
2664  2637.0  0.06
2665  2637.0  0.06
2666  2637.0  0.06
2667  2637.0  0.06
2668  2637.0  0.06
2669  2637.0  0.06
2670  2637.0  0.06
2671  2637.0  0.06
2672  2637.0  0.06
2673  2637.0  0.06
2674  2673.0  0.06
2675  2673.0  0.06
2676  2673.0  0.06
2677  2673.0  0.06
2678  2673.0  0.06
2679  2673.0  0.06
2680  2673.0  0.06
2681  2673.0  0.06
2682  2673.0  0.06
2683  2673.0  0.06
2684  2673.0  0.06
2685  2673.0  0.06
2686  2673.0  0.06
2687  2673.0  0.06
2688  2673.0  0.06
2689  2673.0  0.06
2690  2673.0  0.06
2691  2673.0  0.06
2692  2673.0  0.06
2693  2673.0  0.06
2694  2673.0  0.06
2695  2673.0  0.06
2696  2673.0  0.06
2697  2673.0  0.06
2698  2673.0  0.06
2699  2673.0  0.06
2700  2673.0  0.06
2701  2673.0  0.06
2702  2673.0  0.06
2703  2673.0  0.06
2704  2673.0  0.06
2705  2673.0  0.06
2706  2673.0  0.06
2707  2673.0  0.06
2708  2673.0  0.06
2709  2673.0  0.06
2710  2673.0  0.06
2711  2673.0  0.06
2712  2673.0  0.06
2713  2673.0  0.06
2714  2673.0  0.06
2715  2673.0  0.06
2716  2673.0  0.06
2717  2673.0  0.06
2718  2673.0  0.06
2719  2673.0  0.06
2720  2673.0  0.06
2721  2673.0  0.06
2722  2673.0  0.06
2723  2673.0  0.06
2724  2673.0  0.06
2725  2673.0  0.06
2726  2673.0  0.06
2727  2673.0  0.06
2728  2673.0  0.06
2729  2673.0  0.06
2730  2673.0  0.06
2731  2673.0  0.06
2732  2673.0  0.06
2733  2673.0  0.06
2734  2673.0  0.06
2735  2673.0  0.06
2736  2673.0  0.06
2737  2673.0  0.06
2738  2673.0  0.06
2739  2673.0  0.06
2740  2673.0  0.06
2741  2673.0  0.06
2742  2673.0  0.06
2743  2673.0  0.06
2744  2673.0  0.06
2745  2673.0  0.06
2746  2673.0  0.06
2747  2673.0  0.06
2748  2673.0  0.06
2749  2673.0  0.06
2750  2673.0  0.06
2751  2673.0  0.06
2752  2673.0  0.06
2753  2673.0  0.06
2754  2673.0  0.06
2755  2673.0  0.06
2756  2673.0  0.06
2757  2673.0  0.06
2758  2673.0  0.06
2759  2673.0  0.06
2760  2673.0  0.06
2761  2673.0  0.06
2762  2673.0  0.06
2763  2673.0  0.06
2764  2673.0  0.06
2765  2673.0  0.06
2766  2673.0  0.06
2767  2673.0  0.06
2768  2673.0  0.06
2769  2673.0  0.06
2770  2673.0  0.06
2771  2673.0  0.06
2772  2673.0  0.06
2773  2673.0  0.06
2774  2673.0  0.06
2775  2673.0  0.06
2776  2673.0  0.06
2777  2673.0  0.06
2778  2673.0  0.06
2779  2673.0  0.06
2780  2673.0  0.06
2781  2673.0  0.06
2782  2673.0  0.06
2783  2673.0  0.06
2784  2673.0  0.06
2785  2673.0  0.06
2786  2673.0  0.06
2787  2673.0  0.06
2788  2673.0  0.06
2789  2673.0  0.06
2790  2673.0  0.06
2791  2673.0  0.06
2792  2673.0  0.06
2793  2673.0  0.06
2794  2673.0  0.06
2795  2673.0  0.06
2796  2673.0  0.06
2797  2673.0  0.06
2798  2673.0  0.06
2799  2673.0  0.06
2800  2673.0  0.06
2801  2673.0  0.06
2802  2673.0  0.06
2803  2673.0  0.06
2804  2673.0  0.06
2805  2673.0  0.06
2806  2673.0  0.06
2807  2673.0  0.06
2808  2673.0  0.06
2809  2673.0  0.06
2810  2673.0  0.06
2811  2673.0  0.06
2812  2673.0  0.06
2813  2673.0  0.06
2814  2673.0  0.06
2815  2673.0  0.06
2816  2673.0  0.06
2817  2673.0  0.06
2818  2673.0  0.06
2819  2673.0  0.06
2820  2673.0  0.06
2821  2673.0  0.06
2822  2673.0  0.06
2823  2673.0  0.06
2824  2673.0  0.06
2825  2673.0  0.06
2826  2673.0  0.06
2827  2673.0  0.06
2828  2673.0  0.06
2829  2673.0  0.06
2830  2673.0  0.06
2831  2673.0  0.06
2832  2673.0  0.06
2833  2673.0  0.06
2834  2673.0  0.06
2835  2673.0  0.06
2836  2673.0  0.06
2837  2673.0  0.06
2838  2673.0  0.06
2839  2673.0  0.06
2840  2673.0  0.06
2841  2673.0  0.06
2842  2673.0  0.06
2843  2673.0  0.06
2844  2673.0  0.06
2845  2673.0  0.06
2846  2673.0  0.06
2847  2673.0  0.06
2848  2673.0  0.06
2849  2673.0  0.06
2850  2673.0  0.06
2851  2673.0  0.06
2852  2673.0  0.06
2853  2673.0  0.06
2854  2673.0  0.06
2855  2673.0  0.06
2856  2673.0  0.06
2857  2673.0  0.06
2858  2673.0  0.06
2859  2673.0  0.06
2860  2673.0  0.06
2861  2673.0  0.06
2862  2673.0  0.06
2863  2673.0  0.06
2864  2673.0  0.06
2865  2673.0  0.06
2866  2673.0  0.06
2867  2673.0  0.06
2868  2673.0  0.06
2869  2673.0  0.06
2870  2673.0  0.06
2871  2673.0  0.06
2872  2673.0  0.06
2873  2673.0  0.06
2874  2673.0  0.06
2875  2673.0  0.06
2876  2673.0  0.06
2877  2673.0  0.06
2878  2673.0  0.06
2879  2673.0  0.06
2880  2673.0  0.06
2881  2673.0  0.06
2882  2673.0  0.06
2883  2673.0  0.06
2884  2673.0  0.06
2885  2673.0  0.06
2886  2673.0  0.06
2887  2673.0  0.06
2888  2673.0  0.06
2889  2673.0  0.06
2890  2673.0  0.06
2891  2673.0  0.06
2892  2673.0  0.06
2893  2673.0  0.06
2894  2673.0  0.06
2895  2673.0  0.06
2896  2673.0  0.06
2897  2673.0  0.06
2898  2673.0  0.06
2899  2673.0  0.06
2900  2673.0  0.06
2901  2673.0  0.06
2902  2673.0  0.06
2903  2673.0  0.06
2904  2673.0  0.06
2905  2673.0  0.06
2906  2673.0  0.06
2907  2673.0  0.06
2908  2673.0  0.06
2909  2673.0  0.06
2910  2673.0  0.06
2911  2673.0  0.06
2912  2673.0  0.06
2913  2673.0  0.06
2914  2673.0  0.06
2915  2673.0  0.06
2916  2673.0  0.06
2917  2673.0  0.06
2918  2673.0  0.06
2919  2673.0  0.06
2920  2673.0  0.06
2921  2673.0  0.06
2922  2673.0  0.06
2923  2673.0  0.06
2924  2673.0  0.06
2925  2673.0  0.06
2926  2673.0  0.06
2927  2673.0  0.06
2928  2673.0  0.06
2929  2673.0  0.06
2930  2673.0  0.06
2931  2673.0  0.06
2932  2673.0  0.06
2933  2673.0  0.06
2934  2673.0  0.06
2935  2673.0  0.06
2936  2673.0  0.06
2937  2673.0  0.06
2938  2673.0  0.06
2939  2673.0  0.06
2940  2673.0  0.06
2941  2673.0  0.06
2942  2673.0  0.06
2943  2673.0  0.06
2944  2673.0  0.06
2945  2673.0  0.06
2946  2673.0  0.06
2947  2673.0  0.06
2948  2673.0  0.06
2949  2673.0  0.06
2950  2673.0  0.06
2951  2673.0  0.06
2952  2673.0  0.06
2953  2673.0  0.06
2954  2673.0  0.06
2955  2673.0  0.06
2956  2673.0  0.06
2957  2673.0  0.06
2958  2673.0  0.06
2959  2673.0  0.06
2960  2673.0  0.06
2961  2673.0  0.06
2962  2673.0  0.06
2963  2673.0  0.06
2964  2673.0  0.06
2965  2673.0  0.06
2966  2673.0  0.06
2967  2673.0  0.06
2968  2673.0  0.06
2969  2673.0  0.06
2970  2673.0  0.06
2971  2673.0  0.06
2972  2673.0  0.06
2973  2673.0  0.06
2974  2673.0  0.06
2975  2673.0  0.06
2976  2673.0  0.06
2977  2673.0  0.06
2978  2673.0  0.06
2979  2673.0  0.06
2980  2673.0  0.06
2981  2673.0  0.06
2982  2673.0  0.06
2983  2673.0  0.06
2984  2673.0  0.06
2985  2673.0  0.06
2986  2673.0  0.06
2987  2673.0  0.06
2988  2673.0  0.06
2989  2673.0  0.06
2990  2673.0  0.06
2991  2673.0  0.06
2992  2673.0  0.06
2993  2673.0  0.06
2994  2673.0  0.06
2995  2673.0  0.06
2996  2673.0  0.06
2997  2673.0  0.06
2998  2673.0  0.06
2999  2673.0  0.06
#[-5, 8, 9, 9, 9, 9, 9, 9, 9, 9]
#[-8, -1, 9, 9, 9, 9, 9, 9, 9, 9]
#[9, 9, 9, 9, 9, 9, 9, 9, 9, 9]
#[-7, 9, 9, 9, 9, 9, 9, 9, 9, 9]
#[-7, 9, 9, 9, 9, 9, 9, 9, 9, 9]
#[-2, 8, 9, 9, 9, 9, 9, 9, 9, 9]
#[9, 9, 9, 9, 9, 9, 9, 9, 9, 9]
#[9, 9, 9, 9, 9, 9, 9, 9, 9, 9]
#[6, 9, 9, 9, 9, 9, 9, 9, 9, 9]
#Specialization index= [2, 9, 0.12345679012345678]
