#[7, 2, 0, 7, 9, 9, 9, 2, 7, 8]
#[2, 8, 4, 6, 4, 2, 8, 4, 4, 9]
#[6, 3, 2, 1, 8, 7, 5, 9, 9, 3]
#[6, 6, 9, 7, 3, 7, 9, 5, 8, 9]
#[6, 5, 9, 6, 1, 1, 1, 5, 5, 7]
#[5, 6, 9, 1, 6, 3, 8, 8, 2, 4]
#[3, 1, 9, 4, 1, 7, 6, 7, 5, 8]
#[7, 9, 2, 8, 4, 4, 6, 2, 8, 4]
#[6, 2, 4, 6, 6, 3, 4, 9, 2, 1]
0  2828.75  0.0
1  2828.75  0.0
2  2828.75  0.0
3  2828.75  0.0
4  2828.75  0.0
5  2828.75  0.0
6  2828.75  0.0
7  2828.75  0.0
8  2828.75  0.0
9  2828.75  0.0
10  2828.75  0.0
11  2828.75  0.0
12  2828.75  0.0
13  2828.75  0.0
14  2828.75  0.0
15  2828.75  0.0
16  2828.75  0.0
17  2828.75  0.0
18  2828.75  0.0
19  2828.75  0.0
20  2828.75  0.0
21  2828.75  0.0
22  2828.75  0.0
23  2828.75  0.0
24  2828.75  0.0
25  2828.75  0.0
26  2828.75  0.0
27  2828.75  0.0
28  2828.75  0.0
29  2828.75  0.0
30  2828.75  0.0
31  2828.75  0.0
32  2828.75  0.0
33  2828.75  0.0
34  2828.75  0.0
35  2828.75  0.0
36  2828.75  0.0
37  2828.75  0.0
38  2828.75  0.0
39  2828.75  0.0
40  2828.75  0.0
41  2828.75  0.0
42  2828.75  0.0
43  2828.75  0.0
44  2828.75  0.0
45  2828.75  0.0
46  2828.75  0.0
47  2828.75  0.0
48  2828.75  0.0
49  2828.75  0.0
50  2828.75  0.0
51  2828.75  0.0
52  2828.75  0.0
53  2828.75  0.0
54  2828.75  0.0
55  2828.75  0.0
56  2828.75  0.0
57  2828.75  0.0
58  2828.75  0.0
59  2828.75  0.0
60  2828.75  0.0
61  2828.75  0.0
62  2828.75  0.0
63  2828.75  0.0
64  2828.75  0.0
65  2828.75  0.0
66  2828.75  0.0
67  2828.75  0.0
68  2828.75  0.0
69  2828.75  0.0
70  2828.75  0.0
71  2828.75  0.0
72  2828.75  0.0
73  2828.75  0.0
74  2828.75  0.0
75  2828.75  0.0
76  2828.75  0.0
77  2828.75  0.0
78  2828.75  0.0
79  2828.75  0.0
80  2828.75  0.0
81  2828.75  0.0
82  2828.75  0.0
83  2828.75  0.0
84  2828.75  0.0
85  2828.75  0.0
86  2828.75  0.0
87  2828.75  0.0
88  2828.75  0.0
89  2828.75  0.0
90  2828.75  0.0
91  2828.75  0.0
92  2828.75  0.0
93  2828.75  0.0
94  2828.75  0.0
95  2828.75  0.0
96  2828.75  0.0
97  2828.75  0.0
98  2828.75  0.0
99  2828.75  0.0
100  2828.75  0.0
101  2828.75  0.0
102  2828.75  0.0
103  2828.75  0.0
104  2828.75  0.0
105  2828.75  0.0
106  2828.75  0.0
107  2828.75  0.0
108  2828.75  0.0
109  2828.75  0.0
110  2828.75  0.0
111  2828.75  0.0
112  2828.75  0.0
113  2828.75  0.0
114  2828.75  0.0
115  2828.75  0.0
116  2828.75  0.0
117  2828.75  0.0
118  2828.75  0.0
119  2828.75  0.0
120  2828.75  0.0
121  2828.75  0.0
122  2828.75  0.0
123  2828.75  0.0
124  2828.75  0.0
125  2828.75  0.0
126  2828.75  0.0
127  2828.75  0.0
128  2828.75  0.0
129  2828.75  0.0
130  2828.75  0.0
131  2828.75  0.0
132  2828.75  0.0
133  2828.75  0.0
134  2828.75  0.0
135  2828.75  0.0
136  2828.75  0.0
137  2828.75  0.0
138  2828.75  0.0
139  2828.75  0.0
140  2828.75  0.0
141  2828.75  0.0
142  2828.75  0.0
143  2828.75  0.0
144  2828.75  0.0
145  2828.75  0.0
146  2828.75  0.0
147  2828.75  0.0
148  2828.75  0.0
149  2828.75  0.0
150  2828.75  0.0
151  2828.75  0.0
152  2828.75  0.0
153  2828.75  0.0
154  2828.75  0.0
155  2828.75  0.0
156  2828.75  0.0
157  2828.75  0.0
158  2828.75  0.0
159  2828.75  0.0
160  2828.75  0.0
161  2828.75  0.0
162  2828.75  0.0
163  2828.75  0.0
164  2828.75  0.0
165  2828.75  0.0
166  2828.75  0.0
167  2828.75  0.0
168  2828.75  0.0
169  2828.75  0.0
170  2828.75  0.0
171  2828.75  0.0
172  2828.75  0.0
173  2828.75  0.0
174  2828.75  0.0
175  2828.75  0.0
176  2828.75  0.0
177  2828.75  0.0
178  2828.75  0.0
179  2828.75  0.0
180  2828.75  0.0
181  2828.75  0.0
182  2828.75  0.0
183  2828.75  0.0
184  2828.75  0.0
185  2828.75  0.0
186  2828.75  0.0
187  2828.75  0.0
188  2828.75  0.0
189  2828.75  0.0
190  2828.75  0.0
191  2828.75  0.0
192  2828.75  0.0
193  2828.75  0.0
194  2828.75  0.0
195  2828.75  0.0
196  2828.75  0.0
197  2828.75  0.0
198  2828.75  0.0
199  2828.75  0.0
200  2828.75  0.0
201  2828.75  0.0
202  2828.75  0.0
203  2828.75  0.0
204  2828.75  0.0
205  2828.75  0.0
206  2828.75  0.0
207  2828.75  0.0
208  2828.75  0.0
209  2828.75  0.0
210  2828.75  0.0
211  2828.75  0.0
212  2828.75  0.0
213  2828.75  0.0
214  2828.75  0.0
215  2828.75  0.0
216  2828.75  0.0
217  2828.75  0.0
218  2828.75  0.0
219  2828.75  0.0
220  2828.75  0.0
221  2828.75  0.0
222  2828.75  0.0
223  2828.75  0.0
224  2828.75  0.0
225  2828.75  0.0
226  2828.75  0.0
227  2828.75  0.0
228  2828.75  0.0
229  2828.75  0.0
230  2828.75  0.0
231  2828.75  0.0
232  2828.75  0.0
233  2828.75  0.0
234  2828.75  0.0
235  2828.75  0.0
236  2828.75  0.0
237  2828.75  0.0
238  2828.75  0.0
239  2828.75  0.0
240  2828.75  0.0
241  2828.75  0.0
242  2828.75  0.0
243  2828.75  0.0
244  2828.75  0.0
245  2828.75  0.0
246  2828.75  0.0
247  2828.75  0.0
248  2828.75  0.0
249  2828.75  0.0
250  2828.75  0.0
251  2828.75  0.0
252  2828.75  0.0
253  2828.75  0.0
254  2828.75  0.0
255  2828.75  0.0
256  2828.75  0.0
257  2828.75  0.0
258  2828.75  0.0
259  2828.75  0.0
260  2828.75  0.0
261  2828.75  0.0
262  2828.75  0.0
263  2828.75  0.0
264  2828.75  0.0
265  2828.75  0.0
266  2828.75  0.0
267  2828.75  0.0
268  2828.75  0.0
269  2828.75  0.0
270  2828.75  0.0
271  2828.75  0.0
272  2828.75  0.0
273  2828.75  0.0
274  2828.75  0.0
275  2828.75  0.0
276  2828.75  0.0
277  2828.75  0.0
278  2828.75  0.0
279  2828.75  0.0
280  2828.75  0.0
281  2828.75  0.0
282  2828.75  0.0
283  2828.75  0.0
284  2828.75  0.0
285  2828.75  0.0
286  2828.75  0.0
287  2828.75  0.0
288  2828.75  0.0
289  2828.75  0.0
290  2828.75  0.0
291  2828.75  0.0
292  2828.75  0.0
293  2828.75  0.0
294  2828.75  0.0
295  2828.75  0.0
296  2828.75  0.0
297  2828.75  0.0
298  2828.75  0.0
299  2828.75  0.0
300  2828.75  0.0
301  2828.75  0.0
302  2828.75  0.0
303  2828.75  0.0
304  2828.75  0.0
305  2828.75  0.0
306  2828.75  0.0
307  2828.75  0.0
308  2828.75  0.0
309  2828.75  0.0
310  2828.75  0.0
311  2828.75  0.0
312  2828.75  0.0
313  2828.75  0.0
314  2828.75  0.0
315  2828.75  0.0
316  2828.75  0.0
317  2828.75  0.0
318  2828.75  0.0
319  2828.75  0.0
320  2828.75  0.0
321  2828.75  0.0
322  2828.75  0.0
323  2828.75  0.0
324  2828.75  0.0
325  2828.75  0.0
326  2828.75  0.0
327  2828.75  0.0
328  2828.75  0.0
329  2828.75  0.0
330  2828.75  0.0
331  2828.75  0.0
332  2828.75  0.0
333  2828.75  0.0
334  2828.75  0.0
335  2828.75  0.0
336  2828.75  0.0
337  2828.75  0.0
338  2828.75  0.0
339  2828.75  0.0
340  2828.75  0.0
341  2828.75  0.0
342  2828.75  0.0
343  2828.75  0.0
344  2828.75  0.0
345  2828.75  0.0
346  2828.75  0.0
347  2828.75  0.0
348  2828.75  0.0
349  2828.75  0.0
350  2828.75  0.0
351  2828.75  0.0
352  2828.75  0.0
353  2828.75  0.0
354  2828.75  0.0
355  2828.75  0.0
356  2828.75  0.0
357  2828.75  0.0
358  2828.75  0.0
359  2828.75  0.0
360  2828.75  0.0
361  2828.75  0.0
362  2828.75  0.0
363  2828.75  0.0
364  2828.75  0.0
365  2828.75  0.0
366  2828.75  0.0
367  2828.75  0.0
368  2828.75  0.0
369  2828.75  0.0
370  2828.75  0.0
371  2828.75  0.0
372  2828.75  0.0
373  2828.75  0.0
374  2828.75  0.0
375  2828.75  0.0
376  2828.75  0.0
377  2828.75  0.0
378  2828.75  0.0
379  2828.75  0.0
380  2828.75  0.0
381  2828.75  0.0
382  2828.75  0.0
383  2828.75  0.0
384  2828.75  0.0
385  2828.75  0.0
386  2828.75  0.0
387  2828.75  0.0
388  2828.75  0.0
389  2828.75  0.0
390  2828.75  0.0
391  2828.75  0.0
392  2828.75  0.0
393  2828.75  0.0
394  2828.75  0.0
395  2828.75  0.0
396  2828.75  0.0
397  2828.75  0.0
398  2828.75  0.0
399  2828.75  0.0
400  2828.75  0.0
401  2828.75  0.0
402  2828.75  0.0
403  2828.75  0.0
404  2828.75  0.0
405  2828.75  0.0
406  2828.75  0.0
407  2828.75  0.0
408  2828.75  0.0
409  2828.75  0.0
410  2828.75  0.0
411  2828.75  0.0
412  2828.75  0.0
413  2828.75  0.0
414  2828.75  0.0
415  2828.75  0.0
416  2828.75  0.0
417  2828.75  0.0
418  2828.75  0.0
419  2828.75  0.0
420  2828.75  0.0
421  2828.75  0.0
422  2828.75  0.0
423  2828.75  0.0
424  2828.75  0.0
425  2828.75  0.0
426  2828.75  0.0
427  2828.75  0.0
428  2828.75  0.0
429  2828.75  0.0
430  2828.75  0.0
431  2828.75  0.0
432  2828.75  0.0
433  2828.75  0.0
434  2828.75  0.0
435  2828.75  0.0
436  2828.75  0.0
437  2828.75  0.0
438  2828.75  0.0
439  2828.75  0.0
440  2828.75  0.0
441  2828.75  0.0
442  2828.75  0.0
443  2828.75  0.0
444  2828.75  0.0
445  2828.75  0.0
446  2828.75  0.0
447  2828.75  0.0
448  2828.75  0.0
449  2828.75  0.0
450  2828.75  0.0
451  2828.75  0.0
452  2828.75  0.0
453  2828.75  0.0
454  2828.75  0.0
455  2828.75  0.0
456  2828.75  0.0
457  2828.75  0.0
458  2828.75  0.0
459  2828.75  0.0
460  2828.75  0.0
461  2828.75  0.0
462  2828.75  0.0
463  2828.75  0.0
464  2828.75  0.0
465  2828.75  0.0
466  2828.75  0.0
467  2828.75  0.0
468  2828.75  0.0
469  2828.75  0.0
470  2828.75  0.0
471  2828.75  0.0
472  2828.75  0.0
473  2828.75  0.0
474  2828.75  0.0
475  2828.75  0.0
476  2828.75  0.0
477  2828.75  0.0
478  2828.75  0.0
479  2828.75  0.0
480  2828.75  0.0
481  2828.75  0.0
482  2828.75  0.0
483  2828.75  0.0
484  2828.75  0.0
485  2828.75  0.0
486  2828.75  0.0
487  2828.75  0.0
488  2828.75  0.0
489  2828.75  0.0
490  2828.75  0.0
491  2828.75  0.0
492  2828.75  0.0
493  2828.75  0.0
494  2828.75  0.0
495  2828.75  0.0
496  2828.75  0.0
497  2828.75  0.0
498  2828.75  0.0
499  2828.75  0.0
500  2828.75  0.0
501  2828.75  0.0
502  2828.75  0.0
503  2828.75  0.0
504  2828.75  0.0
505  2828.75  0.0
506  2828.75  0.0
507  2828.75  0.0
508  2828.75  0.0
509  2828.75  0.0
510  2828.75  0.0
511  2828.75  0.0
512  2828.75  0.0
513  2828.75  0.0
514  2828.75  0.0
515  2828.75  0.0
516  2828.75  0.0
517  2828.75  0.0
518  2828.75  0.0
519  2828.75  0.0
520  2828.75  0.0
521  2828.75  0.0
522  2828.75  0.0
523  2828.75  0.0
524  2828.75  0.0
525  2828.75  0.0
526  2828.75  0.0
527  2828.75  0.0
528  2828.75  0.0
529  2828.75  0.0
530  2828.75  0.0
531  2828.75  0.0
532  2828.75  0.0
533  2828.75  0.0
534  2828.75  0.0
535  2828.75  0.0
536  2828.75  0.0
537  2828.75  0.0
538  2828.75  0.0
539  2828.75  0.0
540  2828.75  0.0
541  2828.75  0.0
542  2828.75  0.0
543  2828.75  0.0
544  2828.75  0.0
545  2828.75  0.0
546  2828.75  0.0
547  2828.75  0.0
548  2828.75  0.0
549  2828.75  0.0
550  2828.75  0.0
551  2828.75  0.0
552  2828.75  0.0
553  2828.75  0.0
554  2828.75  0.0
555  2828.75  0.0
556  2828.75  0.0
557  2828.75  0.0
558  2828.75  0.0
559  2828.75  0.0
560  2828.75  0.0
561  2828.75  0.0
562  2828.75  0.0
563  2828.75  0.0
564  2828.75  0.0
565  2828.75  0.0
566  2828.75  0.0
567  2828.75  0.0
568  2828.75  0.0
569  2828.75  0.0
570  2828.75  0.0
571  2828.75  0.0
572  2828.75  0.0
573  2828.75  0.0
574  2828.75  0.0
575  2828.75  0.0
576  2828.75  0.0
577  2828.75  0.0
578  2828.75  0.0
579  2828.75  0.0
580  2828.75  0.0
581  2828.75  0.0
582  2828.75  0.0
583  2828.75  0.0
584  2828.75  0.0
585  2828.75  0.0
586  2828.75  0.0
587  2828.75  0.0
588  2828.75  0.0
589  2828.75  0.0
590  2828.75  0.0
591  2828.75  0.0
592  2828.75  0.0
593  2828.75  0.0
594  2828.75  0.0
595  2828.75  0.0
596  2828.75  0.0
597  2828.75  0.0
598  2828.75  0.0
599  2828.75  0.0
600  2828.75  0.0
601  2828.75  0.0
602  2828.75  0.0
603  2828.75  0.0
604  2828.75  0.0
605  2828.75  0.0
606  2828.75  0.0
607  2828.75  0.0
608  2828.75  0.0
609  2828.75  0.0
610  2828.75  0.0
611  2828.75  0.0
612  2828.75  0.0
613  2828.75  0.0
614  2828.75  0.0
615  2828.75  0.0
616  2828.75  0.0
617  2828.75  0.0
618  2828.75  0.0
619  2828.75  0.0
620  2828.75  0.0
621  2828.75  0.0
622  2828.75  0.0
623  2828.75  0.0
624  2828.75  0.0
625  2828.75  0.0
626  2828.75  0.0
627  2828.75  0.0
628  2828.75  0.0
629  2828.75  0.0
630  2828.75  0.0
631  2828.75  0.0
632  2828.75  0.0
633  2828.75  0.0
634  2828.75  0.0
635  2828.75  0.0
636  2828.75  0.0
637  2828.75  0.0
638  2828.75  0.0
639  2828.75  0.0
640  2828.75  0.0
641  2828.75  0.0
642  2828.75  0.0
643  2828.75  0.0
644  2828.75  0.0
645  2828.75  0.0
646  2828.75  0.0
647  2828.75  0.0
648  2828.75  0.0
649  2828.75  0.0
650  2828.75  0.0
651  2828.75  0.0
652  2828.75  0.0
653  2828.75  0.0
654  2828.75  0.0
655  2828.75  0.0
656  2828.75  0.0
657  2828.75  0.0
658  2828.75  0.0
659  2828.75  0.0
660  2828.75  0.0
661  2828.75  0.0
662  2828.75  0.0
663  2828.75  0.0
664  2828.75  0.0
665  2828.75  0.0
666  2828.75  0.0
667  2828.75  0.0
668  2828.75  0.0
669  2828.75  0.0
670  2828.75  0.0
671  2828.75  0.0
672  2828.75  0.0
673  2828.75  0.0
674  2828.75  0.0
675  2828.75  0.0
676  2828.75  0.0
677  2828.75  0.0
678  2828.75  0.0
679  2828.75  0.0
680  2828.75  0.0
681  2828.75  0.0
682  2828.75  0.0
683  2828.75  0.0
684  2828.75  0.0
685  2828.75  0.0
686  2828.75  0.0
687  2828.75  0.0
688  2828.75  0.0
689  2828.75  0.0
690  2828.75  0.0
691  2828.75  0.0
692  2828.75  0.0
693  2828.75  0.0
694  2828.75  0.0
695  2828.75  0.0
696  2828.75  0.0
697  2828.75  0.0
698  2828.75  0.0
699  2828.75  0.0
700  2828.75  0.0
701  2828.75  0.0
702  2828.75  0.0
703  2828.75  0.0
704  2828.75  0.0
705  2828.75  0.0
706  2828.75  0.0
707  2828.75  0.0
708  2828.75  0.0
709  2828.75  0.0
710  2828.75  0.0
711  2828.75  0.0
712  2828.75  0.0
713  2828.75  0.0
714  2828.75  0.0
715  2828.75  0.0
716  2828.75  0.0
717  2828.75  0.0
718  2828.75  0.0
719  2828.75  0.0
720  2828.75  0.0
721  2828.75  0.0
722  2828.75  0.0
723  2828.75  0.0
724  2828.75  0.0
725  2828.75  0.0
726  2828.75  0.0
727  2828.75  0.0
728  2828.75  0.0
729  2828.75  0.0
730  2828.75  0.0
731  2828.75  0.0
732  2828.75  0.0
733  2828.75  0.0
734  2828.75  0.0
735  2828.75  0.0
736  2828.75  0.0
737  2828.75  0.0
738  2828.75  0.0
739  2828.75  0.0
740  2828.75  0.0
741  2828.75  0.0
742  2828.75  0.0
743  2828.75  0.0
744  2828.75  0.0
745  2828.75  0.0
746  2828.75  0.0
747  2828.75  0.0
748  2828.75  0.0
749  2828.75  0.0
750  2828.75  0.0
751  2828.75  0.0
752  2828.75  0.0
753  2828.75  0.0
754  2828.75  0.0
755  2828.75  0.0
756  2828.75  0.0
757  2828.75  0.0
758  2828.75  0.0
759  2828.75  0.0
760  2828.75  0.0
761  2828.75  0.0
762  2828.75  0.0
763  2828.75  0.0
764  2828.75  0.0
765  2828.75  0.0
766  2828.75  0.0
767  2828.75  0.0
768  2828.75  0.0
769  2828.75  0.0
770  2828.75  0.0
771  2828.75  0.0
772  2828.75  0.0
773  2828.75  0.0
774  2828.75  0.0
775  2828.75  0.0
776  2828.75  0.0
777  2828.75  0.0
778  2828.75  0.0
779  2828.75  0.0
780  2828.75  0.0
781  2828.75  0.0
782  2828.75  0.0
783  2828.75  0.0
784  2828.75  0.0
785  2828.75  0.0
786  2828.75  0.0
787  2828.75  0.0
788  2828.75  0.0
789  2828.75  0.0
790  2828.75  0.0
791  2828.75  0.0
792  2828.75  0.0
793  2828.75  0.0
794  2828.75  0.0
795  2828.75  0.0
796  2828.75  0.0
797  2828.75  0.0
798  2828.75  0.0
799  2828.75  0.0
800  2828.75  0.0
801  2828.75  0.0
802  2828.75  0.0
803  2828.75  0.0
804  2828.75  0.0
805  2828.75  0.0
806  2828.75  0.0
807  2828.75  0.0
808  2828.75  0.0
809  2828.75  0.0
810  2828.75  0.0
811  2828.75  0.0
812  2828.75  0.0
813  2828.75  0.0
814  2828.75  0.0
815  2828.75  0.0
816  2828.75  0.0
817  2828.75  0.0
818  2828.75  0.0
819  2828.75  0.0
820  2828.75  0.0
821  2828.75  0.0
822  2828.75  0.0
823  2828.75  0.0
824  2828.75  0.0
825  2828.75  0.0
826  2828.75  0.0
827  2828.75  0.0
828  2828.75  0.0
829  2828.75  0.0
830  2828.75  0.0
831  2828.75  0.0
832  2828.75  0.0
833  2828.75  0.0
834  2828.75  0.0
835  2828.75  0.0
836  2828.75  0.0
837  2828.75  0.0
838  2828.75  0.0
839  2828.75  0.0
840  2828.75  0.0
841  2828.75  0.0
842  2828.75  0.0
843  2828.75  0.0
844  2828.75  0.0
845  2828.75  0.0
846  2828.75  0.0
847  2828.75  0.0
848  2828.75  0.0
849  2828.75  0.0
850  2828.75  0.0
851  2828.75  0.0
852  2828.75  0.0
853  2828.75  0.0
854  2828.75  0.0
855  2828.75  0.0
856  2828.75  0.0
857  2828.75  0.0
858  2828.75  0.0
859  2828.75  0.0
860  2828.75  0.0
861  2828.75  0.0
862  2828.75  0.0
863  2828.75  0.0
864  2828.75  0.0
865  2828.75  0.0
866  2828.75  0.0
867  2828.75  0.0
868  2828.75  0.0
869  2828.75  0.0
870  2828.75  0.0
871  2828.75  0.0
872  2828.75  0.0
873  2828.75  0.0
874  2828.75  0.0
875  2828.75  0.0
876  2828.75  0.0
877  2828.75  0.0
878  2828.75  0.0
879  2828.75  0.0
880  2828.75  0.0
881  2828.75  0.0
882  2828.75  0.0
883  2828.75  0.0
884  2828.75  0.0
885  2828.75  0.0
886  2828.75  0.0
887  2828.75  0.0
888  2828.75  0.0
889  2828.75  0.0
890  2828.75  0.0
891  2828.75  0.0
892  2828.75  0.0
893  2828.75  0.0
894  2828.75  0.0
895  2828.75  0.0
896  2828.75  0.0
897  2828.75  0.0
898  2828.75  0.0
899  2828.75  0.0
900  2828.75  0.0
901  2828.75  0.0
902  2828.75  0.0
903  2828.75  0.0
904  2828.75  0.0
905  2828.75  0.0
906  2828.75  0.0
907  2828.75  0.0
908  2828.75  0.0
909  2828.75  0.0
910  2828.75  0.0
911  2828.75  0.0
912  2828.75  0.0
913  2828.75  0.0
914  2828.75  0.0
915  2828.75  0.0
916  2828.75  0.0
917  2828.75  0.0
918  2828.75  0.0
919  2828.75  0.0
920  2828.75  0.0
921  2828.75  0.0
922  2828.75  0.0
923  2828.75  0.0
924  2828.75  0.0
925  2828.75  0.0
926  2828.75  0.0
927  2828.75  0.0
928  2828.75  0.0
929  2828.75  0.0
930  2828.75  0.0
931  2828.75  0.0
932  2828.75  0.0
933  2828.75  0.0
934  2828.75  0.0
935  2828.75  0.0
936  2828.75  0.0
937  2828.75  0.0
938  2828.75  0.0
939  2828.75  0.0
940  2828.75  0.0
941  2828.75  0.0
942  2828.75  0.0
943  2828.75  0.0
944  2828.75  0.0
945  2828.75  0.0
946  2828.75  0.0
947  2828.75  0.0
948  2828.75  0.0
949  2828.75  0.0
950  2828.75  0.0
951  2828.75  0.0
952  2828.75  0.0
953  2828.75  0.0
954  2828.75  0.0
955  2828.75  0.0
956  2828.75  0.0
957  2828.75  0.0
958  2828.75  0.0
959  2828.75  0.0
960  2828.75  0.0
961  2828.75  0.0
962  2828.75  0.0
963  2828.75  0.0
964  2828.75  0.0
965  2828.75  0.0
966  2828.75  0.0
967  2828.75  0.0
968  2828.75  0.0
969  2828.75  0.0
970  2828.75  0.0
971  2828.75  0.0
972  2828.75  0.0
973  2828.75  0.0
974  2828.75  0.0
975  2828.75  0.0
976  2828.75  0.0
977  2828.75  0.0
978  2828.75  0.0
979  2828.75  0.0
980  2828.75  0.0
981  2828.75  0.0
982  2828.75  0.0
983  2828.75  0.0
984  2828.75  0.0
985  2828.75  0.0
986  2828.75  0.0
987  2828.75  0.0
988  2828.75  0.0
989  2828.75  0.0
990  2828.75  0.0
991  2828.75  0.0
992  2828.75  0.0
993  2828.75  0.0
994  2828.75  0.0
995  2828.75  0.0
996  2828.75  0.0
997  2828.75  0.0
998  2828.75  0.0
999  2828.75  0.0
1000  2828.75  0.0
1001  2828.75  0.0
1002  2828.75  0.0
1003  2828.75  0.0
1004  2828.75  0.0
1005  2828.75  0.0
1006  2828.75  0.0
1007  2828.75  0.0
1008  2828.75  0.0
1009  2828.75  0.0
1010  2828.75  0.0
1011  2828.75  0.0
1012  2828.75  0.0
1013  2828.75  0.0
1014  2828.75  0.0
1015  2828.75  0.0
1016  2828.75  0.0
1017  2828.75  0.0
1018  2828.75  0.0
1019  2828.75  0.0
1020  2828.75  0.0
1021  2828.75  0.0
1022  2828.75  0.0
1023  2828.75  0.0
1024  2828.75  0.0
1025  2828.75  0.0
1026  2828.75  0.0
1027  2828.75  0.0
1028  2828.75  0.0
1029  2828.75  0.0
1030  2828.75  0.0
1031  2828.75  0.0
1032  2828.75  0.0
1033  2828.75  0.0
1034  2828.75  0.0
1035  2828.75  0.0
1036  2828.75  0.0
1037  2828.75  0.0
1038  2828.75  0.0
1039  2828.75  0.0
1040  2828.75  0.0
1041  2828.75  0.0
1042  2828.75  0.0
1043  2828.75  0.0
1044  2828.75  0.0
1045  2828.75  0.0
1046  2828.75  0.0
1047  2828.75  0.0
1048  2828.75  0.0
1049  2828.75  0.0
1050  2828.75  0.0
1051  2828.75  0.0
1052  2828.75  0.0
1053  2828.75  0.0
1054  2828.75  0.0
1055  2828.75  0.0
1056  2828.75  0.0
1057  2828.75  0.0
1058  2828.75  0.0
1059  2828.75  0.0
1060  2828.75  0.0
1061  2828.75  0.0
1062  2828.75  0.0
1063  2828.75  0.0
1064  2828.75  0.0
1065  2828.75  0.0
1066  2828.75  0.0
1067  2828.75  0.0
1068  2828.75  0.0
1069  2828.75  0.0
1070  2828.75  0.0
1071  2828.75  0.0
1072  2828.75  0.0
1073  2828.75  0.0
1074  2828.75  0.0
1075  2828.75  0.0
1076  2828.75  0.0
1077  2828.75  0.0
1078  2828.75  0.0
1079  2828.75  0.0
1080  2828.75  0.0
1081  2828.75  0.0
1082  2828.75  0.0
1083  2828.75  0.0
1084  2828.75  0.0
1085  2828.75  0.0
1086  2828.75  0.0
1087  2828.75  0.0
1088  2828.75  0.0
1089  2828.75  0.0
1090  2828.75  0.0
1091  2828.75  0.0
1092  2828.75  0.0
1093  2828.75  0.0
1094  2828.75  0.0
1095  2828.75  0.0
1096  2828.75  0.0
1097  2828.75  0.0
1098  2828.75  0.0
1099  2828.75  0.0
1100  2828.75  0.0
1101  2828.75  0.0
1102  2828.75  0.0
1103  2828.75  0.0
1104  2828.75  0.0
1105  2828.75  0.0
1106  2828.75  0.0
1107  2828.75  0.0
1108  2828.75  0.0
1109  2828.75  0.0
1110  2828.75  0.0
1111  2828.75  0.0
1112  2828.75  0.0
1113  2828.75  0.0
1114  2828.75  0.0
1115  2828.75  0.0
1116  2828.75  0.0
1117  2828.75  0.0
1118  2828.75  0.0
1119  2828.75  0.0
1120  2828.75  0.0
1121  2828.75  0.0
1122  2828.75  0.0
1123  2828.75  0.0
1124  2828.75  0.0
1125  2828.75  0.0
1126  2828.75  0.0
1127  2828.75  0.0
1128  2828.75  0.0
1129  2828.75  0.0
1130  2828.75  0.0
1131  2828.75  0.0
1132  2828.75  0.0
1133  2828.75  0.0
1134  2828.75  0.0
1135  2828.75  0.0
1136  2828.75  0.0
1137  2828.75  0.0
1138  2828.75  0.0
1139  2828.75  0.0
1140  2828.75  0.0
1141  2828.75  0.0
1142  2828.75  0.0
1143  2828.75  0.0
1144  2828.75  0.0
1145  2828.75  0.0
1146  2828.75  0.0
1147  2828.75  0.0
1148  2828.75  0.0
1149  2828.75  0.0
1150  2828.75  0.0
1151  2828.75  0.0
1152  2828.75  0.0
1153  2828.75  0.0
1154  2828.75  0.0
1155  2828.75  0.0
1156  2828.75  0.0
1157  2828.75  0.0
1158  2828.75  0.0
1159  2828.75  0.0
1160  2828.75  0.0
1161  2828.75  0.0
1162  2828.75  0.0
1163  2828.75  0.0
1164  2828.75  0.0
1165  2828.75  0.0
1166  2828.75  0.0
1167  2828.75  0.0
1168  2828.75  0.0
1169  2828.75  0.0
1170  2828.75  0.0
1171  2828.75  0.0
1172  2828.75  0.0
1173  2828.75  0.0
1174  2828.75  0.0
1175  2828.75  0.0
1176  2828.75  0.0
1177  2828.75  0.0
1178  2828.75  0.0
1179  2828.75  0.0
1180  2828.75  0.0
1181  2828.75  0.0
1182  2828.75  0.0
1183  2828.75  0.0
1184  2828.75  0.0
1185  2828.75  0.0
1186  2828.75  0.0
1187  2828.75  0.0
1188  2828.75  0.0
1189  2828.75  0.0
1190  2828.75  0.0
1191  2828.75  0.0
1192  2828.75  0.0
1193  2828.75  0.0
1194  2828.75  0.0
1195  2828.75  0.0
1196  2828.75  0.0
1197  2828.75  0.0
1198  2828.75  0.0
1199  2828.75  0.0
1200  2828.75  0.0
1201  2828.75  0.0
1202  2828.75  0.0
1203  2828.75  0.0
1204  2828.75  0.0
1205  2828.75  0.0
1206  2828.75  0.0
1207  2828.75  0.0
1208  2828.75  0.0
1209  2828.75  0.0
1210  2828.75  0.0
1211  2828.75  0.0
1212  2828.75  0.0
1213  2828.75  0.0
1214  2828.75  0.0
1215  2828.75  0.0
1216  2828.75  0.0
1217  2828.75  0.0
1218  2828.75  0.0
1219  2828.75  0.0
1220  2828.75  0.0
1221  2828.75  0.0
1222  2828.75  0.0
1223  2828.75  0.0
1224  2828.75  0.0
1225  2828.75  0.0
1226  2828.75  0.0
1227  2828.75  0.0
1228  2828.75  0.0
1229  2828.75  0.0
1230  2828.75  0.0
1231  2828.75  0.0
1232  2828.75  0.0
1233  2828.75  0.0
1234  2828.75  0.0
1235  2828.75  0.0
1236  2828.75  0.0
1237  2828.75  0.0
1238  2828.75  0.0
1239  2828.75  0.0
1240  2828.75  0.0
1241  2828.75  0.0
1242  2828.75  0.0
1243  2828.75  0.0
1244  2828.75  0.0
1245  2828.75  0.0
1246  2828.75  0.0
1247  2828.75  0.0
1248  2828.75  0.0
1249  2828.75  0.0
1250  2828.75  0.0
1251  2828.75  0.0
1252  2828.75  0.0
1253  2828.75  0.0
1254  2828.75  0.0
1255  2828.75  0.0
1256  2828.75  0.0
1257  2828.75  0.0
1258  2828.75  0.0
1259  2828.75  0.0
1260  2828.75  0.0
1261  2828.75  0.0
1262  2828.75  0.0
1263  2828.75  0.0
1264  2828.75  0.0
1265  2828.75  0.0
1266  2828.75  0.0
1267  2828.75  0.0
1268  2828.75  0.0
1269  2828.75  0.0
1270  2828.75  0.0
1271  2828.75  0.0
1272  2828.75  0.0
1273  2828.75  0.0
1274  2828.75  0.0
1275  2828.75  0.0
1276  2828.75  0.0
1277  2828.75  0.0
1278  2828.75  0.0
1279  2828.75  0.0
1280  2828.75  0.0
1281  2828.75  0.0
1282  2828.75  0.0
1283  2828.75  0.0
1284  2828.75  0.0
1285  2828.75  0.0
1286  2828.75  0.0
1287  2828.75  0.0
1288  2828.75  0.0
1289  2828.75  0.0
1290  2828.75  0.0
1291  2828.75  0.0
1292  2828.75  0.0
1293  2828.75  0.0
1294  2828.75  0.0
1295  2828.75  0.0
1296  2828.75  0.0
1297  2828.75  0.0
1298  2828.75  0.0
1299  2828.75  0.0
1300  2828.75  0.0
1301  2828.75  0.0
1302  2828.75  0.0
1303  2828.75  0.0
1304  2828.75  0.0
1305  2828.75  0.0
1306  2828.75  0.0
1307  2828.75  0.0
1308  2828.75  0.0
1309  2828.75  0.0
1310  2828.75  0.0
1311  2828.75  0.0
1312  2828.75  0.0
1313  2828.75  0.0
1314  2828.75  0.0
1315  2828.75  0.0
1316  2828.75  0.0
1317  2828.75  0.0
1318  2828.75  0.0
1319  2828.75  0.0
1320  2828.75  0.0
1321  2828.75  0.0
1322  2828.75  0.0
1323  2828.75  0.0
1324  2828.75  0.0
1325  2828.75  0.0
1326  2828.75  0.0
1327  2828.75  0.0
1328  2828.75  0.0
1329  2828.75  0.0
1330  2828.75  0.0
1331  2828.75  0.0
1332  2828.75  0.0
1333  2828.75  0.0
1334  2828.75  0.0
1335  2828.75  0.0
1336  2828.75  0.0
1337  2828.75  0.0
1338  2828.75  0.0
1339  2828.75  0.0
1340  2828.75  0.0
1341  2828.75  0.0
1342  2828.75  0.0
1343  2828.75  0.0
1344  2828.75  0.0
1345  2828.75  0.0
1346  2828.75  0.0
1347  2828.75  0.0
1348  2828.75  0.0
1349  2828.75  0.0
1350  2828.75  0.0
1351  2828.75  0.0
1352  2828.75  0.0
1353  2828.75  0.0
1354  2828.75  0.0
1355  2828.75  0.0
1356  2828.75  0.0
1357  2828.75  0.0
1358  2828.75  0.0
1359  2828.75  0.0
1360  2828.75  0.0
1361  2828.75  0.0
1362  2828.75  0.0
1363  2828.75  0.0
1364  2828.75  0.0
1365  2828.75  0.0
1366  2828.75  0.0
1367  2828.75  0.0
1368  2828.75  0.0
1369  2828.75  0.0
1370  2828.75  0.0
1371  2828.75  0.0
1372  2828.75  0.0
1373  2828.75  0.0
1374  2828.75  0.0
1375  2828.75  0.0
1376  2828.75  0.0
1377  2828.75  0.0
1378  2828.75  0.0
1379  2828.75  0.0
1380  2828.75  0.0
1381  2828.75  0.0
1382  2828.75  0.0
1383  2828.75  0.0
1384  2828.75  0.0
1385  2828.75  0.0
1386  2828.75  0.0
1387  2828.75  0.0
1388  2828.75  0.0
1389  2828.75  0.0
1390  2828.75  0.0
1391  2828.75  0.0
1392  2828.75  0.0
1393  2828.75  0.0
1394  2828.75  0.0
1395  2828.75  0.0
1396  2828.75  0.0
1397  2828.75  0.0
1398  2828.75  0.0
1399  2828.75  0.0
1400  2828.75  0.0
1401  2828.75  0.0
1402  2828.75  0.0
1403  2828.75  0.0
1404  2828.75  0.0
1405  2828.75  0.0
1406  2828.75  0.0
1407  2828.75  0.0
1408  2828.75  0.0
1409  2828.75  0.0
1410  2828.75  0.0
1411  2828.75  0.0
1412  2828.75  0.0
1413  2828.75  0.0
1414  2828.75  0.0
1415  2828.75  0.0
1416  2828.75  0.0
1417  2828.75  0.0
1418  2828.75  0.0
1419  2828.75  0.0
1420  2828.75  0.0
1421  2828.75  0.0
1422  2828.75  0.0
1423  2828.75  0.0
1424  2828.75  0.0
1425  2828.75  0.0
1426  2828.75  0.0
1427  2828.75  0.0
1428  2828.75  0.0
1429  2828.75  0.0
1430  2828.75  0.0
1431  2828.75  0.0
1432  2828.75  0.0
1433  2828.75  0.0
1434  2828.75  0.0
1435  2828.75  0.0
1436  2828.75  0.0
1437  2828.75  0.0
1438  2828.75  0.0
1439  2828.75  0.0
1440  2828.75  0.0
1441  2828.75  0.0
1442  2828.75  0.0
1443  2828.75  0.0
1444  2828.75  0.0
1445  2828.75  0.0
1446  2828.75  0.0
1447  2828.75  0.0
1448  2828.75  0.0
1449  2828.75  0.0
1450  2828.75  0.0
1451  2828.75  0.0
1452  2828.75  0.0
1453  2828.75  0.0
1454  2828.75  0.0
1455  2828.75  0.0
1456  2828.75  0.0
1457  2828.75  0.0
1458  2828.75  0.0
1459  2828.75  0.0
1460  2828.75  0.0
1461  2828.75  0.0
1462  2828.75  0.0
1463  2828.75  0.0
1464  2828.75  0.0
1465  2828.75  0.0
1466  2828.75  0.0
1467  2828.75  0.0
1468  2828.75  0.0
1469  2828.75  0.0
1470  2828.75  0.0
1471  2828.75  0.0
1472  2828.75  0.0
1473  2828.75  0.0
1474  2828.75  0.0
1475  2828.75  0.0
1476  2828.75  0.0
1477  2828.75  0.0
1478  2828.75  0.0
1479  2828.75  0.0
1480  2828.75  0.0
1481  2828.75  0.0
1482  2828.75  0.0
1483  2828.75  0.0
1484  2828.75  0.0
1485  2828.75  0.0
1486  2828.75  0.0
1487  2828.75  0.0
1488  2828.75  0.0
1489  2828.75  0.0
1490  2828.75  0.0
1491  2828.75  0.0
1492  2828.75  0.0
1493  2828.75  0.0
1494  2828.75  0.0
1495  2828.75  0.0
1496  2828.75  0.0
1497  2828.75  0.0
1498  2828.75  0.0
1499  2828.75  0.0
1500  2828.75  0.0
1501  2828.75  0.0
1502  2828.75  0.0
1503  2828.75  0.0
1504  2828.75  0.0
1505  2828.75  0.0
1506  2828.75  0.0
1507  2828.75  0.0
1508  2828.75  0.0
1509  2828.75  0.0
1510  2828.75  0.0
1511  2828.75  0.0
1512  2828.75  0.0
1513  2828.75  0.0
1514  2828.75  0.0
1515  2828.75  0.0
1516  2828.75  0.0
1517  2828.75  0.0
1518  2828.75  0.0
1519  2828.75  0.0
1520  2828.75  0.0
1521  2828.75  0.0
1522  2828.75  0.0
1523  2828.75  0.0
1524  2828.75  0.0
1525  2828.75  0.0
1526  2828.75  0.0
1527  2828.75  0.0
1528  2828.75  0.0
1529  2828.75  0.0
1530  2828.75  0.0
1531  2828.75  0.0
1532  2828.75  0.0
1533  2828.75  0.0
1534  2828.75  0.0
1535  2828.75  0.0
1536  2828.75  0.0
1537  2828.75  0.0
1538  2828.75  0.0
1539  2828.75  0.0
1540  2828.75  0.0
1541  2828.75  0.0
1542  2828.75  0.0
1543  2828.75  0.0
1544  2828.75  0.0
1545  2828.75  0.0
1546  2828.75  0.0
1547  2828.75  0.0
1548  2828.75  0.0
1549  2828.75  0.0
1550  2828.75  0.0
1551  2828.75  0.0
1552  2828.75  0.0
1553  2828.75  0.0
1554  2828.75  0.0
1555  2828.75  0.0
1556  2828.75  0.0
1557  2828.75  0.0
1558  2828.75  0.0
1559  2828.75  0.0
1560  2828.75  0.0
1561  2828.75  0.0
1562  2828.75  0.0
1563  2828.75  0.0
1564  2828.75  0.0
1565  2828.75  0.0
1566  2828.75  0.0
1567  2828.75  0.0
1568  2828.75  0.0
1569  2828.75  0.0
1570  2828.75  0.0
1571  2828.75  0.0
1572  2828.75  0.0
1573  2828.75  0.0
1574  2828.75  0.0
1575  2828.75  0.0
1576  2828.75  0.0
1577  2828.75  0.0
1578  2828.75  0.0
1579  2828.75  0.0
1580  2828.75  0.0
1581  2828.75  0.0
1582  2828.75  0.0
1583  2828.75  0.0
1584  2828.75  0.0
1585  2828.75  0.0
1586  2828.75  0.0
1587  2828.75  0.0
1588  2828.75  0.0
1589  2828.75  0.0
1590  2828.75  0.0
1591  2828.75  0.0
1592  2828.75  0.0
1593  2828.75  0.0
1594  2828.75  0.0
1595  2828.75  0.0
1596  2828.75  0.0
1597  2828.75  0.0
1598  2828.75  0.0
1599  2828.75  0.0
1600  2828.75  0.0
1601  2828.75  0.0
1602  2828.75  0.0
1603  2828.75  0.0
1604  2828.75  0.0
1605  2828.75  0.0
1606  2828.75  0.0
1607  2828.75  0.0
1608  2828.75  0.0
1609  2828.75  0.0
1610  2828.75  0.0
1611  2828.75  0.0
1612  2828.75  0.0
1613  2828.75  0.0
1614  2828.75  0.0
1615  2828.75  0.0
1616  2828.75  0.0
1617  2828.75  0.0
1618  2828.75  0.0
1619  2828.75  0.0
1620  2828.75  0.0
1621  2828.75  0.0
1622  2828.75  0.0
1623  2828.75  0.0
1624  2828.75  0.0
1625  2828.75  0.0
1626  2828.75  0.0
1627  2828.75  0.0
1628  2828.75  0.0
1629  2828.75  0.0
1630  2828.75  0.0
1631  2828.75  0.0
1632  2828.75  0.0
1633  2828.75  0.0
1634  2828.75  0.0
1635  2828.75  0.0
1636  2828.75  0.0
1637  2828.75  0.0
1638  2828.75  0.0
1639  2828.75  0.0
1640  2828.75  0.0
1641  2828.75  0.0
1642  2828.75  0.0
1643  2828.75  0.0
1644  2828.75  0.0
1645  2828.75  0.0
1646  2828.75  0.0
1647  2828.75  0.0
1648  2828.75  0.0
1649  2828.75  0.0
1650  2828.75  0.0
1651  2828.75  0.0
1652  2828.75  0.0
1653  2828.75  0.0
1654  2828.75  0.0
1655  2828.75  0.0
1656  2828.75  0.0
1657  2828.75  0.0
1658  2828.75  0.0
1659  2828.75  0.0
1660  2828.75  0.0
1661  2828.75  0.0
1662  2828.75  0.0
1663  2828.75  0.0
1664  2828.75  0.0
1665  2828.75  0.0
1666  2828.75  0.0
1667  2828.75  0.0
1668  2828.75  0.0
1669  2828.75  0.0
1670  2828.75  0.0
1671  2828.75  0.0
1672  2828.75  0.0
1673  2828.75  0.0
1674  2828.75  0.0
1675  2828.75  0.0
1676  2828.75  0.0
1677  2828.75  0.0
1678  2828.75  0.0
1679  2828.75  0.0
1680  2828.75  0.0
1681  2828.75  0.0
1682  2828.75  0.0
1683  2828.75  0.0
1684  2828.75  0.0
1685  2828.75  0.0
1686  2828.75  0.0
1687  2828.75  0.0
1688  2828.75  0.0
1689  2828.75  0.0
1690  2828.75  0.0
1691  2828.75  0.0
1692  2828.75  0.0
1693  2828.75  0.0
1694  2828.75  0.0
1695  2828.75  0.0
1696  2828.75  0.0
1697  2828.75  0.0
1698  2828.75  0.0
1699  2828.75  0.0
1700  2828.75  0.0
1701  2828.75  0.0
1702  2828.75  0.0
1703  2828.75  0.0
1704  2828.75  0.0
1705  2828.75  0.0
1706  2828.75  0.0
1707  2828.75  0.0
1708  2828.75  0.0
1709  2828.75  0.0
1710  2828.75  0.0
1711  2828.75  0.0
1712  2828.75  0.0
1713  2828.75  0.0
1714  2828.75  0.0
1715  2828.75  0.0
1716  2828.75  0.0
1717  2828.75  0.0
1718  2828.75  0.0
1719  2828.75  0.0
1720  2828.75  0.0
1721  2828.75  0.0
1722  2828.75  0.0
1723  2828.75  0.0
1724  2828.75  0.0
1725  2828.75  0.0
1726  2828.75  0.0
1727  2828.75  0.0
1728  2828.75  0.0
1729  2828.75  0.0
1730  2828.75  0.0
1731  2828.75  0.0
1732  2828.75  0.0
1733  2828.75  0.0
1734  2828.75  0.0
1735  2828.75  0.0
1736  2828.75  0.0
1737  2828.75  0.0
1738  2828.75  0.0
1739  2828.75  0.0
1740  2828.75  0.0
1741  2828.75  0.0
1742  2828.75  0.0
1743  2828.75  0.0
1744  2828.75  0.0
1745  2828.75  0.0
1746  2828.75  0.0
1747  2828.75  0.0
1748  2828.75  0.0
1749  2828.75  0.0
1750  2828.75  0.0
1751  2828.75  0.0
1752  2828.75  0.0
1753  2828.75  0.0
1754  2828.75  0.0
1755  2828.75  0.0
1756  2828.75  0.0
1757  2828.75  0.0
1758  2828.75  0.0
1759  2828.75  0.0
1760  2828.75  0.0
1761  2828.75  0.0
1762  2828.75  0.0
1763  2828.75  0.0
1764  2828.75  0.0
1765  2828.75  0.0
1766  2828.75  0.0
1767  2828.75  0.0
1768  2828.75  0.0
1769  2828.75  0.0
1770  2828.75  0.0
1771  2828.75  0.0
1772  2828.75  0.0
1773  2828.75  0.0
1774  2828.75  0.0
1775  2828.75  0.0
1776  2828.75  0.0
1777  2828.75  0.0
1778  2828.75  0.0
1779  2828.75  0.0
1780  2828.75  0.0
1781  2828.75  0.0
1782  2828.75  0.0
1783  2828.75  0.0
1784  2828.75  0.0
1785  2828.75  0.0
1786  2828.75  0.0
1787  2828.75  0.0
1788  2828.75  0.0
1789  2828.75  0.0
1790  2828.75  0.0
1791  2828.75  0.0
1792  2828.75  0.0
1793  2828.75  0.0
1794  2828.75  0.0
1795  2828.75  0.0
1796  2828.75  0.0
1797  2828.75  0.0
1798  2828.75  0.0
1799  2828.75  0.0
1800  2828.75  0.0
1801  2828.75  0.0
1802  2828.75  0.0
1803  2828.75  0.0
1804  2828.75  0.0
1805  2828.75  0.0
1806  2828.75  0.0
1807  2828.75  0.0
1808  2828.75  0.0
1809  2828.75  0.0
1810  2828.75  0.0
1811  2828.75  0.0
1812  2828.75  0.0
1813  2828.75  0.0
1814  2828.75  0.0
1815  2828.75  0.0
1816  2828.75  0.0
1817  2828.75  0.0
1818  2828.75  0.0
1819  2828.75  0.0
1820  2828.75  0.0
1821  2828.75  0.0
1822  2828.75  0.0
1823  2828.75  0.0
1824  2828.75  0.0
1825  2828.75  0.0
1826  2828.75  0.0
1827  2828.75  0.0
1828  2828.75  0.0
1829  2828.75  0.0
1830  2828.75  0.0
1831  2828.75  0.0
1832  2828.75  0.0
1833  2828.75  0.0
1834  2828.75  0.0
1835  2828.75  0.0
1836  2828.75  0.0
1837  2828.75  0.0
1838  2828.75  0.0
1839  2828.75  0.0
1840  2828.75  0.0
1841  2828.75  0.0
1842  2828.75  0.0
1843  2828.75  0.0
1844  2828.75  0.0
1845  2828.75  0.0
1846  2828.75  0.0
1847  2828.75  0.0
1848  2828.75  0.0
1849  2828.75  0.0
1850  2828.75  0.0
1851  2828.75  0.0
1852  2828.75  0.0
1853  2828.75  0.0
1854  2828.75  0.0
1855  2828.75  0.0
1856  2828.75  0.0
1857  2828.75  0.0
1858  2828.75  0.0
1859  2828.75  0.0
1860  2828.75  0.0
1861  2828.75  0.0
1862  2828.75  0.0
1863  2828.75  0.0
1864  2828.75  0.0
1865  2828.75  0.0
1866  2828.75  0.0
1867  2828.75  0.0
1868  2828.75  0.0
1869  2828.75  0.0
1870  2828.75  0.0
1871  2828.75  0.0
1872  2828.75  0.0
1873  2828.75  0.0
1874  2828.75  0.0
1875  2828.75  0.0
1876  2828.75  0.0
1877  2828.75  0.0
1878  2828.75  0.0
1879  2828.75  0.0
1880  2828.75  0.0
1881  2828.75  0.0
1882  2828.75  0.0
1883  2828.75  0.0
1884  2828.75  0.0
1885  2828.75  0.0
1886  2828.75  0.0
1887  2828.75  0.0
1888  2828.75  0.0
1889  2828.75  0.0
1890  2828.75  0.0
1891  2828.75  0.0
1892  2828.75  0.0
1893  2828.75  0.0
1894  2828.75  0.0
1895  2828.75  0.0
1896  2828.75  0.0
1897  2828.75  0.0
1898  2828.75  0.0
1899  2828.75  0.0
1900  2828.75  0.0
1901  2828.75  0.0
1902  2828.75  0.0
1903  2828.75  0.0
1904  2828.75  0.0
1905  2828.75  0.0
1906  2828.75  0.0
1907  2828.75  0.0
1908  2828.75  0.0
1909  2828.75  0.0
1910  2828.75  0.0
1911  2828.75  0.0
1912  2828.75  0.0
1913  2828.75  0.0
1914  2828.75  0.0
1915  2828.75  0.0
1916  2828.75  0.0
1917  2828.75  0.0
1918  2828.75  0.0
1919  2828.75  0.0
1920  2828.75  0.0
1921  2828.75  0.0
1922  2828.75  0.0
1923  2828.75  0.0
1924  2828.75  0.0
1925  2828.75  0.0
1926  2828.75  0.0
1927  2828.75  0.0
1928  2828.75  0.0
1929  2828.75  0.0
1930  2828.75  0.0
1931  2828.75  0.0
1932  2828.75  0.0
1933  2828.75  0.0
1934  2828.75  0.0
1935  2828.75  0.0
1936  2828.75  0.0
1937  2828.75  0.0
1938  2828.75  0.0
1939  2828.75  0.0
1940  2828.75  0.0
1941  2828.75  0.0
1942  2828.75  0.0
1943  2828.75  0.0
1944  2828.75  0.0
1945  2828.75  0.0
1946  2828.75  0.0
1947  2828.75  0.0
1948  2828.75  0.0
1949  2828.75  0.0
1950  2828.75  0.0
1951  2828.75  0.0
1952  2828.75  0.0
1953  2828.75  0.0
1954  2828.75  0.0
1955  2828.75  0.0
1956  2828.75  0.0
1957  2828.75  0.0
1958  2828.75  0.0
1959  2828.75  0.0
1960  2828.75  0.0
1961  2828.75  0.0
1962  2828.75  0.0
1963  2828.75  0.0
1964  2828.75  0.0
1965  2828.75  0.0
1966  2828.75  0.0
1967  2828.75  0.0
1968  2828.75  0.0
1969  2828.75  0.0
1970  2828.75  0.0
1971  2828.75  0.0
1972  2828.75  0.0
1973  2828.75  0.0
1974  2828.75  0.0
1975  2828.75  0.0
1976  2828.75  0.0
1977  2828.75  0.0
1978  2828.75  0.0
1979  2828.75  0.0
1980  2828.75  0.0
1981  2828.75  0.0
1982  2828.75  0.0
1983  2828.75  0.0
1984  2828.75  0.0
1985  2828.75  0.0
1986  2828.75  0.0
1987  2828.75  0.0
1988  2828.75  0.0
1989  2828.75  0.0
1990  2828.75  0.0
1991  2828.75  0.0
1992  2828.75  0.0
1993  2828.75  0.0
1994  2828.75  0.0
1995  2828.75  0.0
1996  2828.75  0.0
1997  2828.75  0.0
1998  2828.75  0.0
1999  2828.75  0.0
2000  2828.75  0.0
2001  2828.75  0.0
2002  2828.75  0.0
2003  2828.75  0.0
2004  2828.75  0.0
2005  2828.75  0.0
2006  2828.75  0.0
2007  2828.75  0.0
2008  2828.75  0.0
2009  2828.75  0.0
2010  2828.75  0.0
2011  2828.75  0.0
2012  2828.75  0.0
2013  2828.75  0.0
2014  2828.75  0.0
2015  2828.75  0.0
2016  2828.75  0.0
2017  2828.75  0.0
2018  2828.75  0.0
2019  2828.75  0.0
2020  2828.75  0.0
2021  2828.75  0.0
2022  2828.75  0.0
2023  2828.75  0.0
2024  2828.75  0.0
2025  2828.75  0.0
2026  2828.75  0.0
2027  2828.75  0.0
2028  2828.75  0.0
2029  2828.75  0.0
2030  2828.75  0.0
2031  2828.75  0.0
2032  2828.75  0.0
2033  2828.75  0.0
2034  2828.75  0.0
2035  2828.75  0.0
2036  2828.75  0.0
2037  2828.75  0.0
2038  2828.75  0.0
2039  2828.75  0.0
2040  2828.75  0.0
2041  2828.75  0.0
2042  2828.75  0.0
2043  2828.75  0.0
2044  2828.75  0.0
2045  2828.75  0.0
2046  2828.75  0.0
2047  2828.75  0.0
2048  2828.75  0.0
2049  2828.75  0.0
2050  2828.75  0.0
2051  2828.75  0.0
2052  2828.75  0.0
2053  2828.75  0.0
2054  2828.75  0.0
2055  2828.75  0.0
2056  2828.75  0.0
2057  2828.75  0.0
2058  2828.75  0.0
2059  2828.75  0.0
2060  2828.75  0.0
2061  2828.75  0.0
2062  2828.75  0.0
2063  2828.75  0.0
2064  2828.75  0.0
2065  2828.75  0.0
2066  2828.75  0.0
2067  2828.75  0.0
2068  2828.75  0.0
2069  2828.75  0.0
2070  2828.75  0.0
2071  2828.75  0.0
2072  2828.75  0.0
2073  2828.75  0.0
2074  2828.75  0.0
2075  2828.75  0.0
2076  2828.75  0.0
2077  2828.75  0.0
2078  2828.75  0.0
2079  2828.75  0.0
2080  2828.75  0.0
2081  2828.75  0.0
2082  2828.75  0.0
2083  2828.75  0.0
2084  2828.75  0.0
2085  2828.75  0.0
2086  2828.75  0.0
2087  2828.75  0.0
2088  2828.75  0.0
2089  2828.75  0.0
2090  2828.75  0.0
2091  2828.75  0.0
2092  2828.75  0.0
2093  2828.75  0.0
2094  2828.75  0.0
2095  2828.75  0.0
2096  2828.75  0.0
2097  2828.75  0.0
2098  2828.75  0.0
2099  2828.75  0.0
2100  2828.75  0.0
2101  2828.75  0.0
2102  2828.75  0.0
2103  2828.75  0.0
2104  2828.75  0.0
2105  2828.75  0.0
2106  2828.75  0.0
2107  2828.75  0.0
2108  2828.75  0.0
2109  2828.75  0.0
2110  2828.75  0.0
2111  2828.75  0.0
2112  2828.75  0.0
2113  2828.75  0.0
2114  2828.75  0.0
2115  2828.75  0.0
2116  2828.75  0.0
2117  2828.75  0.0
2118  2828.75  0.0
2119  2828.75  0.0
2120  2828.75  0.0
2121  2828.75  0.0
2122  2828.75  0.0
2123  2828.75  0.0
2124  2828.75  0.0
2125  2828.75  0.0
2126  2828.75  0.0
2127  2828.75  0.0
2128  2828.75  0.0
2129  2828.75  0.0
2130  2828.75  0.0
2131  2828.75  0.0
2132  2828.75  0.0
2133  2828.75  0.0
2134  2828.75  0.0
2135  2828.75  0.0
2136  2828.75  0.0
2137  2828.75  0.0
2138  2828.75  0.0
2139  2828.75  0.0
2140  2828.75  0.0
2141  2828.75  0.0
2142  2828.75  0.0
2143  2828.75  0.0
2144  2828.75  0.0
2145  2828.75  0.0
2146  2828.75  0.0
2147  2828.75  0.0
2148  2828.75  0.0
2149  2828.75  0.0
2150  2828.75  0.0
2151  2828.75  0.0
2152  2828.75  0.0
2153  2828.75  0.0
2154  2828.75  0.0
2155  2828.75  0.0
2156  2828.75  0.0
2157  2828.75  0.0
2158  2828.75  0.0
2159  2828.75  0.0
2160  2828.75  0.0
2161  2828.75  0.0
2162  2828.75  0.0
2163  2828.75  0.0
2164  2828.75  0.0
2165  2828.75  0.0
2166  2828.75  0.0
2167  2828.75  0.0
2168  2828.75  0.0
2169  2828.75  0.0
2170  2828.75  0.0
2171  2828.75  0.0
2172  2828.75  0.0
2173  2828.75  0.0
2174  2828.75  0.0
2175  2828.75  0.0
2176  2828.75  0.0
2177  2828.75  0.0
2178  2828.75  0.0
2179  2828.75  0.0
2180  2828.75  0.0
2181  2828.75  0.0
2182  2828.75  0.0
2183  2828.75  0.0
2184  2828.75  0.0
2185  2828.75  0.0
2186  2828.75  0.0
2187  2828.75  0.0
2188  2828.75  0.0
2189  2828.75  0.0
2190  2828.75  0.0
2191  2828.75  0.0
2192  2828.75  0.0
2193  2828.75  0.0
2194  2828.75  0.0
2195  2828.75  0.0
2196  2828.75  0.0
2197  2828.75  0.0
2198  2828.75  0.0
2199  2828.75  0.0
2200  2828.75  0.0
2201  2828.75  0.0
2202  2828.75  0.0
2203  2828.75  0.0
2204  2828.75  0.0
2205  2828.75  0.0
2206  2828.75  0.0
2207  2828.75  0.0
2208  2828.75  0.0
2209  2828.75  0.0
2210  2828.75  0.0
2211  2828.75  0.0
2212  2828.75  0.0
2213  2828.75  0.0
2214  2828.75  0.0
2215  2828.75  0.0
2216  2828.75  0.0
2217  2828.75  0.0
2218  2828.75  0.0
2219  2828.75  0.0
2220  2828.75  0.0
2221  2828.75  0.0
2222  2828.75  0.0
2223  2828.75  0.0
2224  2828.75  0.0
2225  2828.75  0.0
2226  2828.75  0.0
2227  2828.75  0.0
2228  2828.75  0.0
2229  2828.75  0.0
2230  2828.75  0.0
2231  2828.75  0.0
2232  2828.75  0.0
2233  2828.75  0.0
2234  2828.75  0.0
2235  2828.75  0.0
2236  2828.75  0.0
2237  2828.75  0.0
2238  2828.75  0.0
2239  2828.75  0.0
2240  2828.75  0.0
2241  2828.75  0.0
2242  2828.75  0.0
2243  2828.75  0.0
2244  2828.75  0.0
2245  2828.75  0.0
2246  2828.75  0.0
2247  2828.75  0.0
2248  2828.75  0.0
2249  2828.75  0.0
2250  2828.75  0.0
2251  2828.75  0.0
2252  2828.75  0.0
2253  2828.75  0.0
2254  2828.75  0.0
2255  2828.75  0.0
2256  2828.75  0.0
2257  2828.75  0.0
2258  2828.75  0.0
2259  2828.75  0.0
2260  2828.75  0.0
2261  2828.75  0.0
2262  2828.75  0.0
2263  2828.75  0.0
2264  2828.75  0.0
2265  2828.75  0.0
2266  2828.75  0.0
2267  2828.75  0.0
2268  2828.75  0.0
2269  2828.75  0.0
2270  2828.75  0.0
2271  2828.75  0.0
2272  2828.75  0.0
2273  2828.75  0.0
2274  2828.75  0.0
2275  2828.75  0.0
2276  2828.75  0.0
2277  2828.75  0.0
2278  2828.75  0.0
2279  2828.75  0.0
2280  2828.75  0.0
2281  2828.75  0.0
2282  2828.75  0.0
2283  2828.75  0.0
2284  2828.75  0.0
2285  2828.75  0.0
2286  2828.75  0.0
2287  2828.75  0.0
2288  2828.75  0.0
2289  2828.75  0.0
2290  2828.75  0.0
2291  2828.75  0.0
2292  2828.75  0.0
2293  2828.75  0.0
2294  2828.75  0.0
2295  2828.75  0.0
2296  2828.75  0.0
2297  2828.75  0.0
2298  2828.75  0.0
2299  2828.75  0.0
2300  2828.75  0.0
2301  2828.75  0.0
2302  2828.75  0.0
2303  2828.75  0.0
2304  2828.75  0.0
2305  2828.75  0.0
2306  2828.75  0.0
2307  2828.75  0.0
2308  2828.75  0.0
2309  2828.75  0.0
2310  2828.75  0.0
2311  2828.75  0.0
2312  2828.75  0.0
2313  2828.75  0.0
2314  2828.75  0.0
2315  2828.75  0.0
2316  2828.75  0.0
2317  2828.75  0.0
2318  2828.75  0.0
2319  2828.75  0.0
2320  2828.75  0.0
2321  2828.75  0.0
2322  2828.75  0.0
2323  2828.75  0.0
2324  2828.75  0.0
2325  2828.75  0.0
2326  2828.75  0.0
2327  2828.75  0.0
2328  2828.75  0.0
2329  2828.75  0.0
2330  2828.75  0.0
2331  2828.75  0.0
2332  2828.75  0.0
2333  2828.75  0.0
2334  2828.75  0.0
2335  2828.75  0.0
2336  2828.75  0.0
2337  2828.75  0.0
2338  2828.75  0.0
2339  2828.75  0.0
2340  2828.75  0.0
2341  2828.75  0.0
2342  2828.75  0.0
2343  2828.75  0.0
2344  2828.75  0.0
2345  2828.75  0.0
2346  2828.75  0.0
2347  2828.75  0.0
2348  2828.75  0.0
2349  2828.75  0.0
2350  2828.75  0.0
2351  2828.75  0.0
2352  2828.75  0.0
2353  2828.75  0.0
2354  2828.75  0.0
2355  2828.75  0.0
2356  2828.75  0.0
2357  2828.75  0.0
2358  2828.75  0.0
2359  2828.75  0.0
2360  2828.75  0.0
2361  2828.75  0.0
2362  2828.75  0.0
2363  2828.75  0.0
2364  2828.75  0.0
2365  2828.75  0.0
2366  2828.75  0.0
2367  2828.75  0.0
2368  2828.75  0.0
2369  2828.75  0.0
2370  2828.75  0.0
2371  2828.75  0.0
2372  2828.75  0.0
2373  2828.75  0.0
2374  2828.75  0.0
2375  2828.75  0.0
2376  2828.75  0.0
2377  2828.75  0.0
2378  2828.75  0.0
2379  2828.75  0.0
2380  2828.75  0.0
2381  2828.75  0.0
2382  2828.75  0.0
2383  2828.75  0.0
2384  2828.75  0.0
2385  2828.75  0.0
2386  2828.75  0.0
2387  2828.75  0.0
2388  2828.75  0.0
2389  2828.75  0.0
2390  2828.75  0.0
2391  2828.75  0.0
2392  2828.75  0.0
2393  2828.75  0.0
2394  2828.75  0.0
2395  2828.75  0.0
2396  2828.75  0.0
2397  2828.75  0.0
2398  2828.75  0.0
2399  2828.75  0.0
2400  2828.75  0.0
2401  2828.75  0.0
2402  2828.75  0.0
2403  2828.75  0.0
2404  2828.75  0.0
2405  2828.75  0.0
2406  2828.75  0.0
2407  2828.75  0.0
2408  2828.75  0.0
2409  2828.75  0.0
2410  2828.75  0.0
2411  2828.75  0.0
2412  2828.75  0.0
2413  2828.75  0.0
2414  2828.75  0.0
2415  2828.75  0.0
2416  2828.75  0.0
2417  2828.75  0.0
2418  2828.75  0.0
2419  2828.75  0.0
2420  2828.75  0.0
2421  2828.75  0.0
2422  2828.75  0.0
2423  2828.75  0.0
2424  2828.75  0.0
2425  2828.75  0.0
2426  2828.75  0.0
2427  2828.75  0.0
2428  2828.75  0.0
2429  2828.75  0.0
2430  2828.75  0.0
2431  2828.75  0.0
2432  2828.75  0.0
2433  2828.75  0.0
2434  2828.75  0.0
2435  2828.75  0.0
2436  2828.75  0.0
2437  2828.75  0.0
2438  2828.75  0.0
2439  2828.75  0.0
2440  2828.75  0.0
2441  2828.75  0.0
2442  2828.75  0.0
2443  2828.75  0.0
2444  2828.75  0.0
2445  2828.75  0.0
2446  2828.75  0.0
2447  2828.75  0.0
2448  2828.75  0.0
2449  2828.75  0.0
2450  2828.75  0.0
2451  2828.75  0.0
2452  2828.75  0.0
2453  2828.75  0.0
2454  2828.75  0.0
2455  2828.75  0.0
2456  2828.75  0.0
2457  2828.75  0.0
2458  2828.75  0.0
2459  2828.75  0.0
2460  2828.75  0.0
2461  2828.75  0.0
2462  2828.75  0.0
2463  2828.75  0.0
2464  2828.75  0.0
2465  2828.75  0.0
2466  2828.75  0.0
2467  2828.75  0.0
2468  2828.75  0.0
2469  2828.75  0.0
2470  2828.75  0.0
2471  2828.75  0.0
2472  2828.75  0.0
2473  2828.75  0.0
2474  2828.75  0.0
2475  2828.75  0.0
2476  2828.75  0.0
2477  2828.75  0.0
2478  2828.75  0.0
2479  2828.75  0.0
2480  2828.75  0.0
2481  2828.75  0.0
2482  2828.75  0.0
2483  2828.75  0.0
2484  2828.75  0.0
2485  2828.75  0.0
2486  2828.75  0.0
2487  2828.75  0.0
2488  2828.75  0.0
2489  2828.75  0.0
2490  2828.75  0.0
2491  2828.75  0.0
2492  2828.75  0.0
2493  2828.75  0.0
2494  2828.75  0.0
2495  2828.75  0.0
2496  2828.75  0.0
2497  2828.75  0.0
2498  2828.75  0.0
2499  2828.75  0.0
2500  2828.75  0.0
2501  2828.75  0.0
2502  2828.75  0.0
2503  2828.75  0.0
2504  2828.75  0.0
2505  2828.75  0.0
2506  2828.75  0.0
2507  2828.75  0.0
2508  2828.75  0.0
2509  2828.75  0.0
2510  2828.75  0.0
2511  2828.75  0.0
2512  2828.75  0.0
2513  2828.75  0.0
2514  2828.75  0.0
2515  2828.75  0.0
2516  2828.75  0.0
2517  2828.75  0.0
2518  2828.75  0.0
2519  2828.75  0.0
2520  2828.75  0.0
2521  2828.75  0.0
2522  2828.75  0.0
2523  2828.75  0.0
2524  2828.75  0.0
2525  2828.75  0.0
2526  2828.75  0.0
2527  2828.75  0.0
2528  2828.75  0.0
2529  2828.75  0.0
2530  2828.75  0.0
2531  2828.75  0.0
2532  2828.75  0.0
2533  2828.75  0.0
2534  2828.75  0.0
2535  2828.75  0.0
2536  2828.75  0.0
2537  2828.75  0.0
2538  2828.75  0.0
2539  2828.75  0.0
2540  2828.75  0.0
2541  2828.75  0.0
2542  2828.75  0.0
2543  2828.75  0.0
2544  2828.75  0.0
2545  2828.75  0.0
2546  2828.75  0.0
2547  2828.75  0.0
2548  2828.75  0.0
2549  2828.75  0.0
2550  2828.75  0.0
2551  2828.75  0.0
2552  2828.75  0.0
2553  2828.75  0.0
2554  2828.75  0.0
2555  2828.75  0.0
2556  2828.75  0.0
2557  2828.75  0.0
2558  2828.75  0.0
2559  2828.75  0.0
2560  2828.75  0.0
2561  2828.75  0.0
2562  2828.75  0.0
2563  2828.75  0.0
2564  2828.75  0.0
2565  2828.75  0.0
2566  2828.75  0.0
2567  2828.75  0.0
2568  2828.75  0.0
2569  2828.75  0.0
2570  2828.75  0.0
2571  2828.75  0.0
2572  2828.75  0.0
2573  2828.75  0.0
2574  2828.75  0.0
2575  2828.75  0.0
2576  2828.75  0.0
2577  2828.75  0.0
2578  2828.75  0.0
2579  2828.75  0.0
2580  2828.75  0.0
2581  2828.75  0.0
2582  2828.75  0.0
2583  2828.75  0.0
2584  2828.75  0.0
2585  2828.75  0.0
2586  2828.75  0.0
2587  2828.75  0.0
2588  2828.75  0.0
2589  2828.75  0.0
2590  2828.75  0.0
2591  2828.75  0.0
2592  2828.75  0.0
2593  2828.75  0.0
2594  2828.75  0.0
2595  2828.75  0.0
2596  2828.75  0.0
2597  2828.75  0.0
2598  2828.75  0.0
2599  2828.75  0.0
2600  2828.75  0.0
2601  2828.75  0.0
2602  2828.75  0.0
2603  2828.75  0.0
2604  2828.75  0.0
2605  2828.75  0.0
2606  2828.75  0.0
2607  2828.75  0.0
2608  2828.75  0.0
2609  2828.75  0.0
2610  2828.75  0.0
2611  2828.75  0.0
2612  2828.75  0.0
2613  2828.75  0.0
2614  2828.75  0.0
2615  2828.75  0.0
2616  2828.75  0.0
2617  2828.75  0.0
2618  2828.75  0.0
2619  2828.75  0.0
2620  2828.75  0.0
2621  2828.75  0.0
2622  2828.75  0.0
2623  2828.75  0.0
2624  2828.75  0.0
2625  2828.75  0.0
2626  2828.75  0.0
2627  2828.75  0.0
2628  2828.75  0.0
2629  2828.75  0.0
2630  2828.75  0.0
2631  2828.75  0.0
2632  2828.75  0.0
2633  2828.75  0.0
2634  2828.75  0.0
2635  2828.75  0.0
2636  2828.75  0.0
2637  2828.75  0.0
2638  2828.75  0.0
2639  2828.75  0.0
2640  2828.75  0.0
2641  2828.75  0.0
2642  2828.75  0.0
2643  2828.75  0.0
2644  2828.75  0.0
2645  2828.75  0.0
2646  2828.75  0.0
2647  2828.75  0.0
2648  2828.75  0.0
2649  2828.75  0.0
2650  2828.75  0.0
2651  2828.75  0.0
2652  2828.75  0.0
2653  2828.75  0.0
2654  2828.75  0.0
2655  2828.75  0.0
2656  2828.75  0.0
2657  2828.75  0.0
2658  2828.75  0.0
2659  2828.75  0.0
2660  2828.75  0.0
2661  2828.75  0.0
2662  2828.75  0.0
2663  2828.75  0.0
2664  2828.75  0.0
2665  2828.75  0.0
2666  2828.75  0.0
2667  2828.75  0.0
2668  2828.75  0.0
2669  2828.75  0.0
2670  2828.75  0.0
2671  2828.75  0.0
2672  2828.75  0.0
2673  2828.75  0.0
2674  2828.75  0.0
2675  2828.75  0.0
2676  2828.75  0.0
2677  2828.75  0.0
2678  2828.75  0.0
2679  2828.75  0.0
2680  2828.75  0.0
2681  2828.75  0.0
2682  2828.75  0.0
2683  2828.75  0.0
2684  2828.75  0.0
2685  2828.75  0.0
2686  2828.75  0.0
2687  2828.75  0.0
2688  2828.75  0.0
2689  2828.75  0.0
2690  2828.75  0.0
2691  2828.75  0.0
2692  2828.75  0.0
2693  2828.75  0.0
2694  2828.75  0.0
2695  2828.75  0.0
2696  2828.75  0.0
2697  2828.75  0.0
2698  2828.75  0.0
2699  2828.75  0.0
2700  2828.75  0.0
2701  2828.75  0.0
2702  2828.75  0.0
2703  2828.75  0.0
2704  2828.75  0.0
2705  2828.75  0.0
2706  2828.75  0.0
2707  2828.75  0.0
2708  2828.75  0.0
2709  2828.75  0.0
2710  2828.75  0.0
2711  2828.75  0.0
2712  2828.75  0.0
2713  2828.75  0.0
2714  2828.75  0.0
2715  2828.75  0.0
2716  2828.75  0.0
2717  2828.75  0.0
2718  2828.75  0.0
2719  2828.75  0.0
2720  2828.75  0.0
2721  2828.75  0.0
2722  2828.75  0.0
2723  2828.75  0.0
2724  2828.75  0.0
2725  2828.75  0.0
2726  2828.75  0.0
2727  2828.75  0.0
2728  2828.75  0.0
2729  2828.75  0.0
2730  2828.75  0.0
2731  2828.75  0.0
2732  2828.75  0.0
2733  2828.75  0.0
2734  2828.75  0.0
2735  2828.75  0.0
2736  2828.75  0.0
2737  2828.75  0.0
2738  2828.75  0.0
2739  2828.75  0.0
2740  2828.75  0.0
2741  2828.75  0.0
2742  2828.75  0.0
2743  2828.75  0.0
2744  2828.75  0.0
2745  2828.75  0.0
2746  2828.75  0.0
2747  2828.75  0.0
2748  2828.75  0.0
2749  2828.75  0.0
2750  2828.75  0.0
2751  2828.75  0.0
2752  2828.75  0.0
2753  2828.75  0.0
2754  2828.75  0.0
2755  2828.75  0.0
2756  2828.75  0.0
2757  2828.75  0.0
2758  2828.75  0.0
2759  2828.75  0.0
2760  2828.75  0.0
2761  2828.75  0.0
2762  2828.75  0.0
2763  2828.75  0.0
2764  2828.75  0.0
2765  2828.75  0.0
2766  2828.75  0.0
2767  2828.75  0.0
2768  2828.75  0.0
2769  2828.75  0.0
2770  2828.75  0.0
2771  2828.75  0.0
2772  2828.75  0.0
2773  2828.75  0.0
2774  2828.75  0.0
2775  2828.75  0.0
2776  2828.75  0.0
2777  2828.75  0.0
2778  2828.75  0.0
2779  2828.75  0.0
2780  2828.75  0.0
2781  2828.75  0.0
2782  2828.75  0.0
2783  2828.75  0.0
2784  2828.75  0.0
2785  2828.75  0.0
2786  2828.75  0.0
2787  2828.75  0.0
2788  2828.75  0.0
2789  2828.75  0.0
2790  2828.75  0.0
2791  2828.75  0.0
2792  2828.75  0.0
2793  2828.75  0.0
2794  2828.75  0.0
2795  2828.75  0.0
2796  2828.75  0.0
2797  2828.75  0.0
2798  2828.75  0.0
2799  2828.75  0.0
2800  2828.75  0.0
2801  2828.75  0.0
2802  2828.75  0.0
2803  2828.75  0.0
2804  2828.75  0.0
2805  2828.75  0.0
2806  2828.75  0.0
2807  2828.75  0.0
2808  2828.75  0.0
2809  2828.75  0.0
2810  2828.75  0.0
2811  2828.75  0.0
2812  2828.75  0.0
2813  2828.75  0.0
2814  2828.75  0.0
2815  2828.75  0.0
2816  2828.75  0.0
2817  2828.75  0.0
2818  2828.75  0.0
2819  2828.75  0.0
2820  2828.75  0.0
2821  2828.75  0.0
2822  2828.75  0.0
2823  2828.75  0.0
2824  2828.75  0.0
2825  2828.75  0.0
2826  2828.75  0.0
2827  2828.75  0.0
2828  2828.75  0.0
2829  2828.75  0.0
2830  2828.75  0.0
2831  2828.75  0.0
2832  2828.75  0.0
2833  2828.75  0.0
2834  2828.75  0.0
2835  2828.75  0.0
2836  2828.75  0.0
2837  2828.75  0.0
2838  2828.75  0.0
2839  2828.75  0.0
2840  2828.75  0.0
2841  2828.75  0.0
2842  2828.75  0.0
2843  2828.75  0.0
2844  2828.75  0.0
2845  2828.75  0.0
2846  2828.75  0.0
2847  2828.75  0.0
2848  2828.75  0.0
2849  2828.75  0.0
2850  2828.75  0.0
2851  2828.75  0.0
2852  2828.75  0.0
2853  2828.75  0.0
2854  2828.75  0.0
2855  2828.75  0.0
2856  2828.75  0.0
2857  2828.75  0.0
2858  2828.75  0.0
2859  2828.75  0.0
2860  2828.75  0.0
2861  2828.75  0.0
2862  2828.75  0.0
2863  2828.75  0.0
2864  2828.75  0.0
2865  2828.75  0.0
2866  2828.75  0.0
2867  2828.75  0.0
2868  2828.75  0.0
2869  2828.75  0.0
2870  2828.75  0.0
2871  2828.75  0.0
2872  2828.75  0.0
2873  2828.75  0.0
2874  2828.75  0.0
2875  2828.75  0.0
2876  2828.75  0.0
2877  2828.75  0.0
2878  2828.75  0.0
2879  2828.75  0.0
2880  2828.75  0.0
2881  2828.75  0.0
2882  2828.75  0.0
2883  2828.75  0.0
2884  2828.75  0.0
2885  2828.75  0.0
2886  2828.75  0.0
2887  2828.75  0.0
2888  2828.75  0.0
2889  2828.75  0.0
2890  2828.75  0.0
2891  2828.75  0.0
2892  2828.75  0.0
2893  2828.75  0.0
2894  2828.75  0.0
2895  2828.75  0.0
2896  2828.75  0.0
2897  2828.75  0.0
2898  2828.75  0.0
2899  2828.75  0.0
2900  2828.75  0.0
2901  2828.75  0.0
2902  2828.75  0.0
2903  2828.75  0.0
2904  2828.75  0.0
2905  2828.75  0.0
2906  2828.75  0.0
2907  2828.75  0.0
2908  2828.75  0.0
2909  2828.75  0.0
2910  2828.75  0.0
2911  2828.75  0.0
2912  2828.75  0.0
2913  2828.75  0.0
2914  2828.75  0.0
2915  2828.75  0.0
2916  2828.75  0.0
2917  2828.75  0.0
2918  2828.75  0.0
2919  2828.75  0.0
2920  2828.75  0.0
2921  2828.75  0.0
2922  2828.75  0.0
2923  2828.75  0.0
2924  2828.75  0.0
2925  2828.75  0.0
2926  2828.75  0.0
2927  2828.75  0.0
2928  2828.75  0.0
2929  2828.75  0.0
2930  2828.75  0.0
2931  2828.75  0.0
2932  2828.75  0.0
2933  2828.75  0.0
2934  2828.75  0.0
2935  2828.75  0.0
2936  2828.75  0.0
2937  2828.75  0.0
2938  2828.75  0.0
2939  2828.75  0.0
2940  2828.75  0.0
2941  2828.75  0.0
2942  2828.75  0.0
2943  2828.75  0.0
2944  2828.75  0.0
2945  2828.75  0.0
2946  2828.75  0.0
2947  2828.75  0.0
2948  2828.75  0.0
2949  2828.75  0.0
2950  2828.75  0.0
2951  2828.75  0.0
2952  2828.75  0.0
2953  2828.75  0.0
2954  2828.75  0.0
2955  2828.75  0.0
2956  2828.75  0.0
2957  2828.75  0.0
2958  2828.75  0.0
2959  2828.75  0.0
2960  2828.75  0.0
2961  2828.75  0.0
2962  2828.75  0.0
2963  2828.75  0.0
2964  2828.75  0.0
2965  2828.75  0.0
2966  2828.75  0.0
2967  2828.75  0.0
2968  2828.75  0.0
2969  2828.75  0.0
2970  2828.75  0.0
2971  2828.75  0.0
2972  2828.75  0.0
2973  2828.75  0.0
2974  2828.75  0.0
2975  2828.75  0.0
2976  2828.75  0.0
2977  2828.75  0.0
2978  2828.75  0.0
2979  2828.75  0.0
2980  2828.75  0.0
2981  2828.75  0.0
2982  2828.75  0.0
2983  2828.75  0.0
2984  2828.75  0.0
2985  2828.75  0.0
2986  2828.75  0.0
2987  2828.75  0.0
2988  2828.75  0.0
2989  2828.75  0.0
2990  2828.75  0.0
2991  2828.75  0.0
2992  2828.75  0.0
2993  2828.75  0.0
2994  2828.75  0.0
2995  2828.75  0.0
2996  2828.75  0.0
2997  2828.75  0.0
2998  2828.75  0.0
2999  2828.75  0.0
#[0, 2, 2, 7, 7, 7, 8, 9, 9, 9]
#[2, 2, 4, 4, 4, 4, 6, 8, 8, 9]
#[1, 2, 3, 3, 5, 6, 7, 8, 9, 9]
#[3, 5, 6, 6, 7, 7, 8, 9, 9, 9]
#[1, 1, 1, 5, 5, 5, 6, 6, 7, 9]
#[1, 2, 3, 4, 5, 6, 6, 8, 8, 9]
#[1, 1, 3, 4, 5, 6, 7, 7, 8, 9]
#[2, 2, 4, 4, 4, 6, 7, 8, 8, 9]
#[1, 2, 2, 3, 4, 4, 6, 6, 6, 9]
#Specialization index= [4, 1, 0.375]
