#[4, 7, 9, 7, 0, 0, 2, 2, 5, 7]
#[0, 4, 9, 2, 8, 3, 8, 8, 8, 6]
#[3, 6, 5, 1, 6, 9, 7, 0, 7, 9]
#[8, 3, 3, 6, 9, 3, 6, 7, 9, 7]
#[5, 5, 6, 8, 5, 8, 6, 3, 7, 5]
#[9, 1, 1, 1, 5, 5, 5, 5, 3, 3]
#[9, 9, 1, 8, 6, 5, 6, 8, 6, 5]
#[4, 9, 5, 1, 6, 4, 6, 9, 0, 7]
#[3, 9, 2, 9, 1, 5, 5, 2, 9, 8]
0  2536.0  0.07
1  2536.0  0.07
2  2536.0  0.07
3  2536.0  0.07
4  2536.0  0.07
5  2536.0  0.07
6  2536.0  0.07
7  2536.0  0.07
8  2536.0  0.07
9  2536.0  0.07
10  2536.0  0.07
11  2536.0  0.07
12  2536.0  0.07
13  2536.0  0.07
14  2536.0  0.07
15  2536.0  0.07
16  2536.0  0.07
17  2536.0  0.07
18  2536.0  0.07
19  2536.0  0.07
20  2536.0  0.07
21  2536.0  0.07
22  2536.0  0.07
23  2536.0  0.07
24  2536.0  0.07
25  2536.0  0.07
26  2536.0  0.07
27  2536.0  0.07
28  2536.0  0.07
29  2536.0  0.07
30  2536.0  0.07
31  2536.0  0.07
32  2536.0  0.07
33  2536.0  0.07
34  2536.0  0.07
35  2536.0  0.07
36  2536.0  0.07
37  2536.0  0.07
38  2536.0  0.07
39  2536.0  0.07
40  2536.0  0.07
41  2536.0  0.07
42  2536.0  0.07
43  2536.0  0.07
44  2536.0  0.07
45  2536.0  0.07
46  2536.0  0.07
47  2536.0  0.07
48  2536.0  0.07
49  2536.0  0.07
50  2536.0  0.07
51  2536.0  0.07
52  2536.0  0.07
53  2536.0  0.07
54  2536.0  0.07
55  2536.0  0.07
56  2536.0  0.07
57  2536.0  0.07
58  2536.0  0.07
59  2536.0  0.07
60  2536.0  0.07
61  2536.0  0.07
62  2536.0  0.07
63  2536.0  0.07
64  2536.0  0.07
65  2536.0  0.07
66  2536.0  0.07
67  2536.0  0.07
68  2536.0  0.07
69  2536.0  0.07
70  2536.0  0.07
71  2536.0  0.07
72  2536.0  0.07
73  2536.0  0.07
74  2536.0  0.07
75  2536.0  0.07
76  2536.0  0.07
77  2536.0  0.07
78  2536.0  0.07
79  2536.0  0.07
80  2536.0  0.07
81  2536.0  0.07
82  2536.0  0.07
83  2536.0  0.07
84  2536.0  0.07
85  2643.0  0.03
86  2643.0  0.03
87  2643.0  0.03
88  2643.0  0.03
89  2643.0  0.03
90  2643.0  0.03
91  2643.0  0.03
92  2643.0  0.03
93  2643.0  0.03
94  2643.0  0.03
95  2643.0  0.03
96  2643.0  0.03
97  2643.0  0.03
98  2643.0  0.03
99  2643.0  0.03
100  2643.0  0.03
101  2643.0  0.03
102  2643.0  0.03
103  2643.0  0.03
104  2643.0  0.03
105  2643.0  0.03
106  2643.0  0.03
107  2643.0  0.03
108  2643.0  0.03
109  2643.0  0.03
110  2643.0  0.03
111  2643.0  0.03
112  2643.0  0.03
113  2643.0  0.03
114  2643.0  0.03
115  2643.0  0.03
116  2643.0  0.03
117  2643.0  0.03
118  2643.0  0.03
119  2643.0  0.03
120  2643.0  0.03
121  2643.0  0.03
122  2643.0  0.03
123  2643.0  0.03
124  2643.0  0.03
125  2643.0  0.03
126  2643.0  0.03
127  2643.0  0.03
128  2643.0  0.03
129  2643.0  0.03
130  2643.0  0.03
131  2643.0  0.03
132  2643.0  0.03
133  2643.0  0.03
134  2643.0  0.03
135  2643.0  0.03
136  2643.0  0.03
137  2643.0  0.03
138  2643.0  0.03
139  2643.0  0.03
140  2643.0  0.03
141  2643.0  0.03
142  2643.0  0.03
143  2643.0  0.03
144  2643.0  0.03
145  2643.0  0.03
146  2643.0  0.03
147  2643.0  0.03
148  2643.0  0.03
149  2643.0  0.03
150  2643.0  0.03
151  2643.0  0.03
152  2643.0  0.03
153  2643.0  0.03
154  2643.0  0.03
155  2643.0  0.03
156  2643.0  0.03
157  2643.0  0.03
158  2643.0  0.03
159  2643.0  0.03
160  2643.0  0.03
161  2643.0  0.03
162  2643.0  0.03
163  2643.0  0.03
164  2643.0  0.03
165  2643.0  0.03
166  2643.0  0.03
167  2643.0  0.03
168  2643.0  0.03
169  2643.0  0.03
170  2643.0  0.03
171  2643.0  0.03
172  2643.0  0.03
173  2643.0  0.03
174  2643.0  0.03
175  2643.0  0.03
176  2643.0  0.03
177  2643.0  0.03
178  2643.0  0.03
179  2643.0  0.03
180  2643.0  0.03
181  2643.0  0.03
182  2643.0  0.03
183  2643.0  0.03
184  2643.0  0.03
185  2643.0  0.03
186  2643.0  0.03
187  2643.0  0.03
188  2643.0  0.03
189  2643.0  0.03
190  2643.0  0.03
191  2643.0  0.03
192  2643.0  0.03
193  2643.0  0.03
194  2643.0  0.03
195  2643.0  0.03
196  2643.0  0.03
197  2643.0  0.03
198  2643.0  0.03
199  2643.0  0.03
200  2643.0  0.03
201  2643.0  0.03
202  2643.0  0.03
203  2643.0  0.03
204  2643.0  0.03
205  2643.0  0.03
206  2643.0  0.03
207  2643.0  0.03
208  2643.0  0.03
209  2643.0  0.03
210  2643.0  0.03
211  2643.0  0.03
212  2643.0  0.03
213  2643.0  0.03
214  2643.0  0.03
215  2643.0  0.03
216  2643.0  0.03
217  2643.0  0.03
218  2643.0  0.03
219  2643.0  0.03
220  2643.0  0.03
221  2643.0  0.03
222  2643.0  0.03
223  2643.0  0.03
224  2643.0  0.03
225  2643.0  0.03
226  2643.0  0.03
227  2643.0  0.03
228  2643.0  0.03
229  2643.0  0.03
230  2643.0  0.03
231  2643.0  0.03
232  2643.0  0.03
233  2643.0  0.03
234  2643.0  0.03
235  2643.0  0.03
236  2643.0  0.03
237  2643.0  0.03
238  2643.0  0.03
239  2643.0  0.03
240  2643.0  0.03
241  2643.0  0.03
242  2643.0  0.03
243  2643.0  0.03
244  2643.0  0.03
245  2643.0  0.03
246  2643.0  0.03
247  2643.0  0.03
248  2643.0  0.03
249  2643.0  0.03
250  2643.0  0.03
251  2643.0  0.03
252  2643.0  0.03
253  2643.0  0.03
254  2643.0  0.03
255  2643.0  0.03
256  2643.0  0.03
257  2643.0  0.03
258  2643.0  0.03
259  2643.0  0.03
260  2643.0  0.03
261  2643.0  0.03
262  2643.0  0.03
263  2643.0  0.03
264  2643.0  0.03
265  2643.0  0.03
266  2643.0  0.03
267  2643.0  0.03
268  2643.0  0.03
269  2643.0  0.03
270  2643.0  0.03
271  2643.0  0.03
272  2643.0  0.03
273  2643.0  0.03
274  2643.0  0.03
275  2643.0  0.03
276  2643.0  0.03
277  2643.0  0.03
278  2643.0  0.03
279  2643.0  0.03
280  2643.0  0.03
281  2643.0  0.03
282  2643.0  0.03
283  2643.0  0.03
284  2643.0  0.03
285  2643.0  0.03
286  2643.0  0.03
287  2643.0  0.03
288  2643.0  0.03
289  2643.0  0.03
290  2643.0  0.03
291  2643.0  0.03
292  2643.0  0.03
293  2643.0  0.03
294  2643.0  0.03
295  2643.0  0.03
296  2643.0  0.03
297  2643.0  0.03
298  2643.0  0.03
299  2643.0  0.03
300  2643.0  0.03
301  2643.0  0.03
302  2643.0  0.03
303  2643.0  0.03
304  2643.0  0.03
305  2643.0  0.03
306  2643.0  0.03
307  2643.0  0.03
308  2643.0  0.03
309  2643.0  0.03
310  2643.0  0.03
311  2643.0  0.03
312  2643.0  0.03
313  2643.0  0.03
314  2643.0  0.03
315  2643.0  0.03
316  2643.0  0.03
317  2643.0  0.03
318  2643.0  0.03
319  2643.0  0.03
320  2643.0  0.03
321  2643.0  0.03
322  2643.0  0.03
323  2643.0  0.03
324  2643.0  0.03
325  2643.0  0.03
326  2643.0  0.03
327  2643.0  0.03
328  2643.0  0.03
329  2643.0  0.03
330  2643.0  0.03
331  2643.0  0.03
332  2643.0  0.03
333  2643.0  0.03
334  2643.0  0.03
335  2643.0  0.03
336  2643.0  0.03
337  2643.0  0.03
338  2643.0  0.03
339  2643.0  0.03
340  2643.0  0.03
341  2643.0  0.03
342  2643.0  0.03
343  2643.0  0.03
344  2643.0  0.03
345  2643.0  0.03
346  2643.0  0.03
347  2643.0  0.03
348  2643.0  0.03
349  2643.0  0.03
350  2643.0  0.03
351  2643.0  0.03
352  2643.0  0.03
353  2643.0  0.03
354  2643.0  0.03
355  2643.0  0.03
356  2643.0  0.03
357  2643.0  0.03
358  2643.0  0.03
359  2643.0  0.03
360  2643.0  0.03
361  2643.0  0.03
362  2643.0  0.03
363  2643.0  0.03
364  2643.0  0.03
365  2643.0  0.03
366  2643.0  0.03
367  2643.0  0.03
368  2643.0  0.03
369  2643.0  0.03
370  2643.0  0.03
371  2643.0  0.03
372  2643.0  0.03
373  2643.0  0.03
374  2643.0  0.03
375  2643.0  0.03
376  2643.0  0.03
377  2643.0  0.03
378  2643.0  0.03
379  2643.0  0.03
380  2643.0  0.03
381  2643.0  0.03
382  2643.0  0.03
383  2643.0  0.03
384  2643.0  0.03
385  2643.0  0.03
386  2643.0  0.03
387  2643.0  0.03
388  2643.0  0.03
389  2643.0  0.03
390  2643.0  0.03
391  2643.0  0.03
392  2643.0  0.03
393  2643.0  0.03
394  2643.0  0.03
395  2643.0  0.03
396  2643.0  0.03
397  2643.0  0.03
398  2643.0  0.03
399  2643.0  0.03
400  2643.0  0.03
401  2643.0  0.03
402  2643.0  0.03
403  2643.0  0.03
404  2643.0  0.03
405  2643.0  0.03
406  2643.0  0.03
407  2643.0  0.03
408  2643.0  0.03
409  2643.0  0.03
410  2643.0  0.03
411  2643.0  0.03
412  2643.0  0.03
413  2643.0  0.03
414  2643.0  0.03
415  2643.0  0.03
416  2643.0  0.03
417  2643.0  0.03
418  2643.0  0.03
419  2643.0  0.03
420  2643.0  0.03
421  2643.0  0.03
422  2643.0  0.03
423  2643.0  0.03
424  2643.0  0.03
425  2643.0  0.03
426  2643.0  0.03
427  2643.0  0.03
428  2643.0  0.03
429  2643.0  0.03
430  2643.0  0.03
431  2643.0  0.03
432  2643.0  0.03
433  2643.0  0.03
434  2643.0  0.03
435  2643.0  0.03
436  2643.0  0.03
437  2643.0  0.03
438  2643.0  0.03
439  2643.0  0.03
440  2643.0  0.03
441  2643.0  0.03
442  2643.0  0.03
443  2643.0  0.03
444  2643.0  0.03
445  2643.0  0.03
446  2643.0  0.03
447  2643.0  0.03
448  2643.0  0.03
449  2643.0  0.03
450  2643.0  0.03
451  2643.0  0.03
452  2643.0  0.03
453  2643.0  0.03
454  2643.0  0.03
455  2643.0  0.03
456  2643.0  0.03
457  2643.0  0.03
458  2643.0  0.03
459  2643.0  0.03
460  2643.0  0.03
461  2643.0  0.03
462  2643.0  0.03
463  2643.0  0.03
464  2643.0  0.03
465  2643.0  0.03
466  2643.0  0.03
467  2643.0  0.03
468  2643.0  0.03
469  2643.0  0.03
470  2643.0  0.03
471  2643.0  0.03
472  2643.0  0.03
473  2643.0  0.03
474  2643.0  0.03
475  2643.0  0.03
476  2643.0  0.03
477  2643.0  0.03
478  2643.0  0.03
479  2643.0  0.03
480  2643.0  0.03
481  2643.0  0.03
482  2643.0  0.03
483  2643.0  0.03
484  2643.0  0.03
485  2643.0  0.03
486  2643.0  0.03
487  2643.0  0.03
488  2643.0  0.03
489  2643.0  0.03
490  2643.0  0.03
491  2643.0  0.03
492  2643.0  0.03
493  2643.0  0.03
494  2643.0  0.03
495  2643.0  0.03
496  2643.0  0.03
497  2643.0  0.03
498  2643.0  0.03
499  2643.0  0.03
500  2643.0  0.03
501  2643.0  0.03
502  2643.0  0.03
503  2643.0  0.03
504  2643.0  0.03
505  2643.0  0.03
506  2643.0  0.03
507  2643.0  0.03
508  2643.0  0.03
509  2643.0  0.03
510  2643.0  0.03
511  2643.0  0.03
512  2643.0  0.03
513  2643.0  0.03
514  2643.0  0.03
515  2643.0  0.03
516  2643.0  0.03
517  2643.0  0.03
518  2643.0  0.03
519  2643.0  0.03
520  2643.0  0.03
521  2643.0  0.03
522  2643.0  0.03
523  2643.0  0.03
524  2643.0  0.03
525  2643.0  0.03
526  2643.0  0.03
527  2643.0  0.03
528  2643.0  0.03
529  2643.0  0.03
530  2643.0  0.03
531  2643.0  0.03
532  2643.0  0.03
533  2643.0  0.03
534  2643.0  0.03
535  2643.0  0.03
536  2643.0  0.03
537  2643.0  0.03
538  2643.0  0.03
539  2643.0  0.03
540  2643.0  0.03
541  2643.0  0.03
542  2643.0  0.03
543  2643.0  0.03
544  2643.0  0.03
545  2643.0  0.03
546  2643.0  0.03
547  2643.0  0.03
548  2643.0  0.03
549  2643.0  0.03
550  2643.0  0.03
551  2643.0  0.03
552  2643.0  0.03
553  2643.0  0.03
554  2643.0  0.03
555  2643.0  0.03
556  2643.0  0.03
557  2643.0  0.03
558  2643.0  0.03
559  2643.0  0.03
560  2643.0  0.03
561  2643.0  0.03
562  2674.0  0.04
563  2674.0  0.04
564  2674.0  0.04
565  2674.0  0.04
566  2674.0  0.04
567  2674.0  0.04
568  2674.0  0.04
569  2674.0  0.04
570  2674.0  0.04
571  2674.0  0.04
572  2674.0  0.04
573  2674.0  0.04
574  2674.0  0.04
575  2674.0  0.04
576  2674.0  0.04
577  2674.0  0.04
578  2674.0  0.04
579  2674.0  0.04
580  2674.0  0.04
581  2674.0  0.04
582  2674.0  0.04
583  2674.0  0.04
584  2674.0  0.04
585  2674.0  0.04
586  2674.0  0.04
587  2674.0  0.04
588  2674.0  0.04
589  2674.0  0.04
590  2674.0  0.04
591  2674.0  0.04
592  2674.0  0.04
593  2674.0  0.04
594  2674.0  0.04
595  2674.0  0.04
596  2674.0  0.04
597  2674.0  0.04
598  2674.0  0.04
599  2674.0  0.04
600  2674.0  0.04
601  2674.0  0.04
602  2674.0  0.04
603  2674.0  0.04
604  2674.0  0.04
605  2674.0  0.04
606  2674.0  0.04
607  2674.0  0.04
608  2674.0  0.04
609  2674.0  0.04
610  2674.0  0.04
611  2674.0  0.04
612  2674.0  0.04
613  2674.0  0.04
614  2674.0  0.04
615  2674.0  0.04
616  2674.0  0.04
617  2674.0  0.04
618  2674.0  0.04
619  2674.0  0.04
620  2674.0  0.04
621  2674.0  0.04
622  2674.0  0.04
623  2674.0  0.04
624  2674.0  0.04
625  2674.0  0.04
626  2674.0  0.04
627  2674.0  0.04
628  2674.0  0.04
629  2674.0  0.04
630  2674.0  0.04
631  2674.0  0.04
632  2674.0  0.04
633  2674.0  0.04
634  2674.0  0.04
635  2674.0  0.04
636  2674.0  0.04
637  2674.0  0.04
638  2674.0  0.04
639  2674.0  0.04
640  2674.0  0.04
641  2674.0  0.04
642  2674.0  0.04
643  2674.0  0.04
644  2674.0  0.04
645  2674.0  0.04
646  2674.0  0.04
647  2674.0  0.04
648  2674.0  0.04
649  2674.0  0.04
650  2674.0  0.04
651  2674.0  0.04
652  2674.0  0.04
653  2674.0  0.04
654  2674.0  0.04
655  2674.0  0.04
656  2674.0  0.04
657  2674.0  0.04
658  2674.0  0.04
659  2674.0  0.04
660  2674.0  0.04
661  2674.0  0.04
662  2674.0  0.04
663  2674.0  0.04
664  2674.0  0.04
665  2674.0  0.04
666  2674.0  0.04
667  2674.0  0.04
668  2674.0  0.04
669  2674.0  0.04
670  2674.0  0.04
671  2674.0  0.04
672  2674.0  0.04
673  2674.0  0.04
674  2674.0  0.04
675  2674.0  0.04
676  2674.0  0.04
677  2674.0  0.04
678  2674.0  0.04
679  2674.0  0.04
680  2674.0  0.04
681  2674.0  0.04
682  2674.0  0.04
683  2674.0  0.04
684  2674.0  0.04
685  2674.0  0.04
686  2674.0  0.04
687  2674.0  0.04
688  2674.0  0.04
689  2674.0  0.04
690  2674.0  0.04
691  2674.0  0.04
692  2674.0  0.04
693  2674.0  0.04
694  2674.0  0.04
695  2674.0  0.04
696  2674.0  0.04
697  2674.0  0.04
698  2674.0  0.04
699  2674.0  0.04
700  2674.0  0.04
701  2674.0  0.04
702  2674.0  0.04
703  2674.0  0.04
704  2674.0  0.04
705  2674.0  0.04
706  2674.0  0.04
707  2674.0  0.04
708  2674.0  0.04
709  2674.0  0.04
710  2674.0  0.04
711  2674.0  0.04
712  2674.0  0.04
713  2674.0  0.04
714  2674.0  0.04
715  2674.0  0.04
716  2674.0  0.04
717  2674.0  0.04
718  2674.0  0.04
719  2674.0  0.04
720  2674.0  0.04
721  2674.0  0.04
722  2674.0  0.04
723  2674.0  0.04
724  2674.0  0.04
725  2674.0  0.04
726  2674.0  0.04
727  2674.0  0.04
728  2674.0  0.04
729  2674.0  0.04
730  2674.0  0.04
731  2674.0  0.04
732  2674.0  0.04
733  2674.0  0.04
734  2674.0  0.04
735  2674.0  0.04
736  2674.0  0.04
737  2674.0  0.04
738  2674.0  0.04
739  2674.0  0.04
740  2674.0  0.04
741  2674.0  0.04
742  2674.0  0.04
743  2674.0  0.04
744  2674.0  0.04
745  2674.0  0.04
746  2674.0  0.04
747  2674.0  0.04
748  2674.0  0.04
749  2674.0  0.04
750  2674.0  0.04
751  2674.0  0.04
752  2674.0  0.04
753  2674.0  0.04
754  2674.0  0.04
755  2674.0  0.04
756  2674.0  0.04
757  2674.0  0.04
758  2674.0  0.04
759  2674.0  0.04
760  2674.0  0.04
761  2674.0  0.04
762  2674.0  0.04
763  2674.0  0.04
764  2674.0  0.04
765  2674.0  0.04
766  2674.0  0.04
767  2674.0  0.04
768  2674.0  0.04
769  2674.0  0.04
770  2674.0  0.04
771  2674.0  0.04
772  2674.0  0.04
773  2674.0  0.04
774  2674.0  0.04
775  2674.0  0.04
776  2674.0  0.04
777  2674.0  0.04
778  2674.0  0.04
779  2674.0  0.04
780  2674.0  0.04
781  2674.0  0.04
782  2674.0  0.04
783  2674.0  0.04
784  2674.0  0.04
785  2674.0  0.04
786  2674.0  0.04
787  2674.0  0.04
788  2674.0  0.04
789  2674.0  0.04
790  2674.0  0.04
791  2674.0  0.04
792  2674.0  0.04
793  2674.0  0.04
794  2674.0  0.04
795  2674.0  0.04
796  2674.0  0.04
797  2674.0  0.04
798  2674.0  0.04
799  2674.0  0.04
800  2674.0  0.04
801  2674.0  0.04
802  2674.0  0.04
803  2674.0  0.04
804  2674.0  0.04
805  2674.0  0.04
806  2674.0  0.04
807  2674.0  0.04
808  2674.0  0.04
809  2674.0  0.04
810  2674.0  0.04
811  2674.0  0.04
812  2674.0  0.04
813  2674.0  0.04
814  2674.0  0.04
815  2674.0  0.04
816  2674.0  0.04
817  2674.0  0.04
818  2674.0  0.04
819  2674.0  0.04
820  2674.0  0.04
821  2674.0  0.04
822  2674.0  0.04
823  2674.0  0.04
824  2674.0  0.04
825  2674.0  0.04
826  2674.0  0.04
827  2674.0  0.04
828  2674.0  0.04
829  2674.0  0.04
830  2674.0  0.04
831  2674.0  0.04
832  2674.0  0.04
833  2674.0  0.04
834  2674.0  0.04
835  2674.0  0.04
836  2674.0  0.04
837  2674.0  0.04
838  2674.0  0.04
839  2674.0  0.04
840  2674.0  0.04
841  2674.0  0.04
842  2674.0  0.04
843  2674.0  0.04
844  2674.0  0.04
845  2674.0  0.04
846  2674.0  0.04
847  2674.0  0.04
848  2674.0  0.04
849  2674.0  0.04
850  2674.0  0.04
851  2674.0  0.04
852  2674.0  0.04
853  2674.0  0.04
854  2674.0  0.04
855  2674.0  0.04
856  2674.0  0.04
857  2674.0  0.04
858  2674.0  0.04
859  2674.0  0.04
860  2674.0  0.04
861  2674.0  0.04
862  2674.0  0.04
863  2674.0  0.04
864  2674.0  0.04
865  2674.0  0.04
866  2674.0  0.04
867  2674.0  0.04
868  2674.0  0.04
869  2674.0  0.04
870  2674.0  0.04
871  2674.0  0.04
872  2674.0  0.04
873  2674.0  0.04
874  2674.0  0.04
875  2674.0  0.04
876  2674.0  0.04
877  2674.0  0.04
878  2674.0  0.04
879  2674.0  0.04
880  2674.0  0.04
881  2674.0  0.04
882  2674.0  0.04
883  2674.0  0.04
884  2674.0  0.04
885  2674.0  0.04
886  2674.0  0.04
887  2674.0  0.04
888  2674.0  0.04
889  2674.0  0.04
890  2674.0  0.04
891  2674.0  0.04
892  2674.0  0.04
893  2674.0  0.04
894  2674.0  0.04
895  2674.0  0.04
896  2674.0  0.04
897  2674.0  0.04
898  2674.0  0.04
899  2674.0  0.04
900  2674.0  0.04
901  2674.0  0.04
902  2674.0  0.04
903  2674.0  0.04
904  2674.0  0.04
905  2674.0  0.04
906  2674.0  0.04
907  2674.0  0.04
908  2674.0  0.04
909  2674.0  0.04
910  2674.0  0.04
911  2674.0  0.04
912  2674.0  0.04
913  2674.0  0.04
914  2674.0  0.04
915  2674.0  0.04
916  2674.0  0.04
917  2674.0  0.04
918  2674.0  0.04
919  2674.0  0.04
920  2674.0  0.04
921  2674.0  0.04
922  2674.0  0.04
923  2674.0  0.04
924  2674.0  0.04
925  2674.0  0.04
926  2674.0  0.04
927  2674.0  0.04
928  2674.0  0.04
929  2674.0  0.04
930  2674.0  0.04
931  2674.0  0.04
932  2674.0  0.04
933  2674.0  0.04
934  2674.0  0.04
935  2674.0  0.04
936  2674.0  0.04
937  2674.0  0.04
938  2674.0  0.04
939  2674.0  0.04
940  2674.0  0.04
941  2674.0  0.04
942  2674.0  0.04
943  2674.0  0.04
944  2674.0  0.04
945  2674.0  0.04
946  2674.0  0.04
947  2674.0  0.04
948  2674.0  0.04
949  2674.0  0.04
950  2674.0  0.04
951  2674.0  0.04
952  2674.0  0.04
953  2674.0  0.04
954  2674.0  0.04
955  2674.0  0.04
956  2674.0  0.04
957  2674.0  0.04
958  2674.0  0.04
959  2674.0  0.04
960  2674.0  0.04
961  2674.0  0.04
962  2674.0  0.04
963  2674.0  0.04
964  2674.0  0.04
965  2674.0  0.04
966  2674.0  0.04
967  2674.0  0.04
968  2674.0  0.04
969  2674.0  0.04
970  2674.0  0.04
971  2674.0  0.04
972  2674.0  0.04
973  2674.0  0.04
974  2674.0  0.04
975  2674.0  0.04
976  2674.0  0.04
977  2674.0  0.04
978  2674.0  0.04
979  2674.0  0.04
980  2674.0  0.04
981  2674.0  0.04
982  2674.0  0.04
983  2674.0  0.04
984  2674.0  0.04
985  2674.0  0.04
986  2674.0  0.04
987  2674.0  0.04
988  2674.0  0.04
989  2674.0  0.04
990  2674.0  0.04
991  2674.0  0.04
992  2674.0  0.04
993  2674.0  0.04
994  2674.0  0.04
995  2674.0  0.04
996  2674.0  0.04
997  2674.0  0.04
998  2674.0  0.04
999  2674.0  0.04
1000  2674.0  0.04
1001  2674.0  0.04
1002  2674.0  0.04
1003  2674.0  0.04
1004  2674.0  0.04
1005  2674.0  0.04
1006  2674.0  0.04
1007  2674.0  0.04
1008  2674.0  0.04
1009  2674.0  0.04
1010  2674.0  0.04
1011  2674.0  0.04
1012  2674.0  0.04
1013  2674.0  0.04
1014  2674.0  0.04
1015  2674.0  0.04
1016  2674.0  0.04
1017  2674.0  0.04
1018  2674.0  0.04
1019  2674.0  0.04
1020  2674.0  0.04
1021  2674.0  0.04
1022  2674.0  0.04
1023  2674.0  0.04
1024  2674.0  0.04
1025  2674.0  0.04
1026  2674.0  0.04
1027  2674.0  0.04
1028  2674.0  0.04
1029  2674.0  0.04
1030  2674.0  0.04
1031  2674.0  0.04
1032  2674.0  0.04
1033  2674.0  0.04
1034  2674.0  0.04
1035  2674.0  0.04
1036  2674.0  0.04
1037  2674.0  0.04
1038  2674.0  0.04
1039  2674.0  0.04
1040  2674.0  0.04
1041  2674.0  0.04
1042  2674.0  0.04
1043  2674.0  0.04
1044  2674.0  0.04
1045  2674.0  0.04
1046  2674.0  0.04
1047  2674.0  0.04
1048  2674.0  0.04
1049  2674.0  0.04
1050  2674.0  0.04
1051  2674.0  0.04
1052  2674.0  0.04
1053  2674.0  0.04
1054  2674.0  0.04
1055  2674.0  0.04
1056  2674.0  0.04
1057  2674.0  0.04
1058  2674.0  0.04
1059  2674.0  0.04
1060  2674.0  0.04
1061  2674.0  0.04
1062  2674.0  0.04
1063  2674.0  0.04
1064  2674.0  0.04
1065  2674.0  0.04
1066  2674.0  0.04
1067  2674.0  0.04
1068  2674.0  0.04
1069  2674.0  0.04
1070  2674.0  0.04
1071  2674.0  0.04
1072  2674.0  0.04
1073  2674.0  0.04
1074  2674.0  0.04
1075  2674.0  0.04
1076  2674.0  0.04
1077  2674.0  0.04
1078  2674.0  0.04
1079  2674.0  0.04
1080  2674.0  0.04
1081  2674.0  0.04
1082  2674.0  0.04
1083  2674.0  0.04
1084  2674.0  0.04
1085  2674.0  0.04
1086  2674.0  0.04
1087  2674.0  0.04
1088  2674.0  0.04
1089  2674.0  0.04
1090  2674.0  0.04
1091  2674.0  0.04
1092  2674.0  0.04
1093  2674.0  0.04
1094  2674.0  0.04
1095  2674.0  0.04
1096  2674.0  0.04
1097  2674.0  0.04
1098  2674.0  0.04
1099  2674.0  0.04
1100  2674.0  0.04
1101  2674.0  0.04
1102  2674.0  0.04
1103  2674.0  0.04
1104  2674.0  0.04
1105  2674.0  0.04
1106  2674.0  0.04
1107  2674.0  0.04
1108  2674.0  0.04
1109  2674.0  0.04
1110  2674.0  0.04
1111  2674.0  0.04
1112  2674.0  0.04
1113  2674.0  0.04
1114  2674.0  0.04
1115  2674.0  0.04
1116  2674.0  0.04
1117  2674.0  0.04
1118  2674.0  0.04
1119  2674.0  0.04
1120  2674.0  0.04
1121  2674.0  0.04
1122  2674.0  0.04
1123  2674.0  0.04
1124  2674.0  0.04
1125  2674.0  0.04
1126  2674.0  0.04
1127  2674.0  0.04
1128  2674.0  0.04
1129  2674.0  0.04
1130  2674.0  0.04
1131  2674.0  0.04
1132  2674.0  0.04
1133  2674.0  0.04
1134  2674.0  0.04
1135  2674.0  0.04
1136  2674.0  0.04
1137  2674.0  0.04
1138  2674.0  0.04
1139  2674.0  0.04
1140  2674.0  0.04
1141  2674.0  0.04
1142  2674.0  0.04
1143  2674.0  0.04
1144  2674.0  0.04
1145  2674.0  0.04
1146  2674.0  0.04
1147  2674.0  0.04
1148  2674.0  0.04
1149  2674.0  0.04
1150  2674.0  0.04
1151  2674.0  0.04
1152  2674.0  0.04
1153  2674.0  0.04
1154  2674.0  0.04
1155  2674.0  0.04
1156  2674.0  0.04
1157  2674.0  0.04
1158  2674.0  0.04
1159  2674.0  0.04
1160  2674.0  0.04
1161  2674.0  0.04
1162  2674.0  0.04
1163  2674.0  0.04
1164  2674.0  0.04
1165  2674.0  0.04
1166  2674.0  0.04
1167  2674.0  0.04
1168  2674.0  0.04
1169  2674.0  0.04
1170  2674.0  0.04
1171  2674.0  0.04
1172  2674.0  0.04
1173  2674.0  0.04
1174  2674.0  0.04
1175  2674.0  0.04
1176  2674.0  0.04
1177  2674.0  0.04
1178  2674.0  0.04
1179  2674.0  0.04
1180  2674.0  0.04
1181  2674.0  0.04
1182  2674.0  0.04
1183  2674.0  0.04
1184  2674.0  0.04
1185  2674.0  0.04
1186  2674.0  0.04
1187  2674.0  0.04
1188  2674.0  0.04
1189  2674.0  0.04
1190  2674.0  0.04
1191  2674.0  0.04
1192  2674.0  0.04
1193  2674.0  0.04
1194  2674.0  0.04
1195  2674.0  0.04
1196  2674.0  0.04
1197  2674.0  0.04
1198  2674.0  0.04
1199  2674.0  0.04
1200  2674.0  0.04
1201  2674.0  0.04
1202  2674.0  0.04
1203  2674.0  0.04
1204  2674.0  0.04
1205  2674.0  0.04
1206  2674.0  0.04
1207  2674.0  0.04
1208  2674.0  0.04
1209  2674.0  0.04
1210  2674.0  0.04
1211  2674.0  0.04
1212  2674.0  0.04
1213  2674.0  0.04
1214  2674.0  0.04
1215  2674.0  0.04
1216  2674.0  0.04
1217  2674.0  0.04
1218  2674.0  0.04
1219  2674.0  0.04
1220  2674.0  0.04
1221  2674.0  0.04
1222  2674.0  0.04
1223  2674.0  0.04
1224  2674.0  0.04
1225  2674.0  0.04
1226  2674.0  0.04
1227  2674.0  0.04
1228  2674.0  0.04
1229  2674.0  0.04
1230  2674.0  0.04
1231  2674.0  0.04
1232  2674.0  0.04
1233  2674.0  0.04
1234  2674.0  0.04
1235  2674.0  0.04
1236  2674.0  0.04
1237  2674.0  0.04
1238  2674.0  0.04
1239  2674.0  0.04
1240  2674.0  0.04
1241  2674.0  0.04
1242  2674.0  0.04
1243  2674.0  0.04
1244  2674.0  0.04
1245  2674.0  0.04
1246  2674.0  0.04
1247  2674.0  0.04
1248  2674.0  0.04
1249  2674.0  0.04
1250  2674.0  0.04
1251  2674.0  0.04
1252  2674.0  0.04
1253  2674.0  0.04
1254  2674.0  0.04
1255  2674.0  0.04
1256  2674.0  0.04
1257  2674.0  0.04
1258  2674.0  0.04
1259  2674.0  0.04
1260  2674.0  0.04
1261  2674.0  0.04
1262  2674.0  0.04
1263  2674.0  0.04
1264  2674.0  0.04
1265  2674.0  0.04
1266  2674.0  0.04
1267  2674.0  0.04
1268  2674.0  0.04
1269  2674.0  0.04
1270  2674.0  0.04
1271  2674.0  0.04
1272  2674.0  0.04
1273  2674.0  0.04
1274  2674.0  0.04
1275  2674.0  0.04
1276  2674.0  0.04
1277  2674.0  0.04
1278  2674.0  0.04
1279  2674.0  0.04
1280  2674.0  0.04
1281  2674.0  0.04
1282  2674.0  0.04
1283  2674.0  0.04
1284  2674.0  0.04
1285  2674.0  0.04
1286  2674.0  0.04
1287  2674.0  0.04
1288  2674.0  0.04
1289  2674.0  0.04
1290  2674.0  0.04
1291  2674.0  0.04
1292  2674.0  0.04
1293  2674.0  0.04
1294  2674.0  0.04
1295  2674.0  0.04
1296  2674.0  0.04
1297  2674.0  0.04
1298  2674.0  0.04
1299  2674.0  0.04
1300  2674.0  0.04
1301  2674.0  0.04
1302  2674.0  0.04
1303  2674.0  0.04
1304  2674.0  0.04
1305  2674.0  0.04
1306  2674.0  0.04
1307  2674.0  0.04
1308  2674.0  0.04
1309  2674.0  0.04
1310  2674.0  0.04
1311  2674.0  0.04
1312  2674.0  0.04
1313  2674.0  0.04
1314  2674.0  0.04
1315  2674.0  0.04
1316  2674.0  0.04
1317  2674.0  0.04
1318  2674.0  0.04
1319  2674.0  0.04
1320  2674.0  0.04
1321  2674.0  0.04
1322  2674.0  0.04
1323  2674.0  0.04
1324  2674.0  0.04
1325  2674.0  0.04
1326  2674.0  0.04
1327  2674.0  0.04
1328  2674.0  0.04
1329  2674.0  0.04
1330  2674.0  0.04
1331  2674.0  0.04
1332  2674.0  0.04
1333  2674.0  0.04
1334  2674.0  0.04
1335  2674.0  0.04
1336  2674.0  0.04
1337  2674.0  0.04
1338  2674.0  0.04
1339  2674.0  0.04
1340  2674.0  0.04
1341  2674.0  0.04
1342  2674.0  0.04
1343  2674.0  0.04
1344  2674.0  0.04
1345  2674.0  0.04
1346  2674.0  0.04
1347  2674.0  0.04
1348  2674.0  0.04
1349  2674.0  0.04
1350  2674.0  0.04
1351  2674.0  0.04
1352  2674.0  0.04
1353  2674.0  0.04
1354  2674.0  0.04
1355  2674.0  0.04
1356  2674.0  0.04
1357  2674.0  0.04
1358  2674.0  0.04
1359  2674.0  0.04
1360  2674.0  0.04
1361  2674.0  0.04
1362  2674.0  0.04
1363  2674.0  0.04
1364  2674.0  0.04
1365  2674.0  0.04
1366  2674.0  0.04
1367  2674.0  0.04
1368  2674.0  0.04
1369  2674.0  0.04
1370  2674.0  0.04
1371  2674.0  0.04
1372  2674.0  0.04
1373  2674.0  0.04
1374  2674.0  0.04
1375  2674.0  0.04
1376  2674.0  0.04
1377  2674.0  0.04
1378  2674.0  0.04
1379  2674.0  0.04
1380  2674.0  0.04
1381  2674.0  0.04
1382  2674.0  0.04
1383  2674.0  0.04
1384  2674.0  0.04
1385  2674.0  0.04
1386  2674.0  0.04
1387  2674.0  0.04
1388  2674.0  0.04
1389  2674.0  0.04
1390  2674.0  0.04
1391  2674.0  0.04
1392  2674.0  0.04
1393  2674.0  0.04
1394  2674.0  0.04
1395  2674.0  0.04
1396  2674.0  0.04
1397  2674.0  0.04
1398  2674.0  0.04
1399  2674.0  0.04
1400  2674.0  0.04
1401  2674.0  0.04
1402  2674.0  0.04
1403  2674.0  0.04
1404  2674.0  0.04
1405  2674.0  0.04
1406  2674.0  0.04
1407  2674.0  0.04
1408  2674.0  0.04
1409  2674.0  0.04
1410  2674.0  0.04
1411  2674.0  0.04
1412  2674.0  0.04
1413  2674.0  0.04
1414  2674.0  0.04
1415  2674.0  0.04
1416  2674.0  0.04
1417  2674.0  0.04
1418  2674.0  0.04
1419  2674.0  0.04
1420  2674.0  0.04
1421  2674.0  0.04
1422  2674.0  0.04
1423  2674.0  0.04
1424  2674.0  0.04
1425  2674.0  0.04
1426  2674.0  0.04
1427  2674.0  0.04
1428  2674.0  0.04
1429  2674.0  0.04
1430  2674.0  0.04
1431  2674.0  0.04
1432  2674.0  0.04
1433  2674.0  0.04
1434  2674.0  0.04
1435  2674.0  0.04
1436  2674.0  0.04
1437  2674.0  0.04
1438  2674.0  0.04
1439  2674.0  0.04
1440  2674.0  0.04
1441  2674.0  0.04
1442  2674.0  0.04
1443  2674.0  0.04
1444  2674.0  0.04
1445  2674.0  0.04
1446  2674.0  0.04
1447  2674.0  0.04
1448  2674.0  0.04
1449  2674.0  0.04
1450  2674.0  0.04
1451  2674.0  0.04
1452  2674.0  0.04
1453  2674.0  0.04
1454  2674.0  0.04
1455  2674.0  0.04
1456  2674.0  0.04
1457  2674.0  0.04
1458  2674.0  0.04
1459  2674.0  0.04
1460  2674.0  0.04
1461  2674.0  0.04
1462  2674.0  0.04
1463  2674.0  0.04
1464  2674.0  0.04
1465  2674.0  0.04
1466  2674.0  0.04
1467  2674.0  0.04
1468  2674.0  0.04
1469  2674.0  0.04
1470  2674.0  0.04
1471  2674.0  0.04
1472  2674.0  0.04
1473  2674.0  0.04
1474  2674.0  0.04
1475  2674.0  0.04
1476  2674.0  0.04
1477  2674.0  0.04
1478  2674.0  0.04
1479  2674.0  0.04
1480  2674.0  0.04
1481  2674.0  0.04
1482  2674.0  0.04
1483  2674.0  0.04
1484  2674.0  0.04
1485  2674.0  0.04
1486  2674.0  0.04
1487  2674.0  0.04
1488  2674.0  0.04
1489  2674.0  0.04
1490  2674.0  0.04
1491  2674.0  0.04
1492  2674.0  0.04
1493  2674.0  0.04
1494  2674.0  0.04
1495  2674.0  0.04
1496  2674.0  0.04
1497  2674.0  0.04
1498  2674.0  0.04
1499  2674.0  0.04
1500  2674.0  0.04
1501  2674.0  0.04
1502  2674.0  0.04
1503  2674.0  0.04
1504  2674.0  0.04
1505  2674.0  0.04
1506  2674.0  0.04
1507  2674.0  0.04
1508  2674.0  0.04
1509  2674.0  0.04
1510  2674.0  0.04
1511  2674.0  0.04
1512  2674.0  0.04
1513  2674.0  0.04
1514  2674.0  0.04
1515  2674.0  0.04
1516  2674.0  0.04
1517  2674.0  0.04
1518  2674.0  0.04
1519  2674.0  0.04
1520  2674.0  0.04
1521  2674.0  0.04
1522  2674.0  0.04
1523  2674.0  0.04
1524  2674.0  0.04
1525  2674.0  0.04
1526  2674.0  0.04
1527  2674.0  0.04
1528  2674.0  0.04
1529  2674.0  0.04
1530  2674.0  0.04
1531  2674.0  0.04
1532  2674.0  0.04
1533  2674.0  0.04
1534  2674.0  0.04
1535  2674.0  0.04
1536  2674.0  0.04
1537  2674.0  0.04
1538  2674.0  0.04
1539  2674.0  0.04
1540  2674.0  0.04
1541  2674.0  0.04
1542  2674.0  0.04
1543  2674.0  0.04
1544  2674.0  0.04
1545  2674.0  0.04
1546  2674.0  0.04
1547  2674.0  0.04
1548  2674.0  0.04
1549  2674.0  0.04
1550  2674.0  0.04
1551  2674.0  0.04
1552  2674.0  0.04
1553  2674.0  0.04
1554  2674.0  0.04
1555  2674.0  0.04
1556  2674.0  0.04
1557  2674.0  0.04
1558  2674.0  0.04
1559  2674.0  0.04
1560  2674.0  0.04
1561  2674.0  0.04
1562  2674.0  0.04
1563  2674.0  0.04
1564  2674.0  0.04
1565  2674.0  0.04
1566  2674.0  0.04
1567  2674.0  0.04
1568  2674.0  0.04
1569  2674.0  0.04
1570  2674.0  0.04
1571  2674.0  0.04
1572  2674.0  0.04
1573  2674.0  0.04
1574  2674.0  0.04
1575  2674.0  0.04
1576  2674.0  0.04
1577  2674.0  0.04
1578  2674.0  0.04
1579  2674.0  0.04
1580  2674.0  0.04
1581  2674.0  0.04
1582  2674.0  0.04
1583  2674.0  0.04
1584  2674.0  0.04
1585  2674.0  0.04
1586  2674.0  0.04
1587  2674.0  0.04
1588  2674.0  0.04
1589  2674.0  0.04
1590  2674.0  0.04
1591  2674.0  0.04
1592  2674.0  0.04
1593  2674.0  0.04
1594  2674.0  0.04
1595  2674.0  0.04
1596  2674.0  0.04
1597  2674.0  0.04
1598  2674.0  0.04
1599  2674.0  0.04
1600  2674.0  0.04
1601  2674.0  0.04
1602  2674.0  0.04
1603  2674.0  0.04
1604  2674.0  0.04
1605  2674.0  0.04
1606  2674.0  0.04
1607  2674.0  0.04
1608  2674.0  0.04
1609  2674.0  0.04
1610  2674.0  0.04
1611  2674.0  0.04
1612  2674.0  0.04
1613  2674.0  0.04
1614  2674.0  0.04
1615  2674.0  0.04
1616  2674.0  0.04
1617  2674.0  0.04
1618  2674.0  0.04
1619  2674.0  0.04
1620  2674.0  0.04
1621  2674.0  0.04
1622  2674.0  0.04
1623  2674.0  0.04
1624  2674.0  0.04
1625  2674.0  0.04
1626  2674.0  0.04
1627  2674.0  0.04
1628  2674.0  0.04
1629  2674.0  0.04
1630  2674.0  0.04
1631  2674.0  0.04
1632  2674.0  0.04
1633  2674.0  0.04
1634  2674.0  0.04
1635  2674.0  0.04
1636  2674.0  0.04
1637  2674.0  0.04
1638  2674.0  0.04
1639  2674.0  0.04
1640  2674.0  0.04
1641  2674.0  0.04
1642  2674.0  0.04
1643  2674.0  0.04
1644  2674.0  0.04
1645  2674.0  0.04
1646  2674.0  0.04
1647  2674.0  0.04
1648  2674.0  0.04
1649  2674.0  0.04
1650  2674.0  0.04
1651  2674.0  0.04
1652  2674.0  0.04
1653  2674.0  0.04
1654  2674.0  0.04
1655  2674.0  0.04
1656  2674.0  0.04
1657  2674.0  0.04
1658  2674.0  0.04
1659  2674.0  0.04
1660  2674.0  0.04
1661  2674.0  0.04
1662  2674.0  0.04
1663  2674.0  0.04
1664  2674.0  0.04
1665  2674.0  0.04
1666  2674.0  0.04
1667  2674.0  0.04
1668  2674.0  0.04
1669  2674.0  0.04
1670  2674.0  0.04
1671  2674.0  0.04
1672  2674.0  0.04
1673  2674.0  0.04
1674  2674.0  0.04
1675  2674.0  0.04
1676  2674.0  0.04
1677  2674.0  0.04
1678  2674.0  0.04
1679  2674.0  0.04
1680  2674.0  0.04
1681  2674.0  0.04
1682  2674.0  0.04
1683  2674.0  0.04
1684  2674.0  0.04
1685  2674.0  0.04
1686  2674.0  0.04
1687  2674.0  0.04
1688  2674.0  0.04
1689  2674.0  0.04
1690  2674.0  0.04
1691  2674.0  0.04
1692  2674.0  0.04
1693  2674.0  0.04
1694  2674.0  0.04
1695  2674.0  0.04
1696  2674.0  0.04
1697  2674.0  0.04
1698  2674.0  0.04
1699  2674.0  0.04
1700  2674.0  0.04
1701  2674.0  0.04
1702  2674.0  0.04
1703  2674.0  0.04
1704  2674.0  0.04
1705  2674.0  0.04
1706  2674.0  0.04
1707  2674.0  0.04
1708  2674.0  0.04
1709  2674.0  0.04
1710  2674.0  0.04
1711  2674.0  0.04
1712  2674.0  0.04
1713  2674.0  0.04
1714  2674.0  0.04
1715  2674.0  0.04
1716  2674.0  0.04
1717  2674.0  0.04
1718  2674.0  0.04
1719  2674.0  0.04
1720  2674.0  0.04
1721  2674.0  0.04
1722  2674.0  0.04
1723  2674.0  0.04
1724  2674.0  0.04
1725  2674.0  0.04
1726  2674.0  0.04
1727  2674.0  0.04
1728  2674.0  0.04
1729  2674.0  0.04
1730  2674.0  0.04
1731  2674.0  0.04
1732  2674.0  0.04
1733  2674.0  0.04
1734  2674.0  0.04
1735  2674.0  0.04
1736  2674.0  0.04
1737  2674.0  0.04
1738  2674.0  0.04
1739  2674.0  0.04
1740  2674.0  0.04
1741  2674.0  0.04
1742  2674.0  0.04
1743  2674.0  0.04
1744  2674.0  0.04
1745  2674.0  0.04
1746  2674.0  0.04
1747  2674.0  0.04
1748  2674.0  0.04
1749  2674.0  0.04
1750  2674.0  0.04
1751  2674.0  0.04
1752  2674.0  0.04
1753  2674.0  0.04
1754  2674.0  0.04
1755  2674.0  0.04
1756  2674.0  0.04
1757  2674.0  0.04
1758  2674.0  0.04
1759  2674.0  0.04
1760  2674.0  0.04
1761  2674.0  0.04
1762  2674.0  0.04
1763  2674.0  0.04
1764  2674.0  0.04
1765  2674.0  0.04
1766  2674.0  0.04
1767  2674.0  0.04
1768  2674.0  0.04
1769  2674.0  0.04
1770  2674.0  0.04
1771  2674.0  0.04
1772  2674.0  0.04
1773  2674.0  0.04
1774  2674.0  0.04
1775  2674.0  0.04
1776  2674.0  0.04
1777  2674.0  0.04
1778  2674.0  0.04
1779  2674.0  0.04
1780  2674.0  0.04
1781  2674.0  0.04
1782  2674.0  0.04
1783  2674.0  0.04
1784  2674.0  0.04
1785  2674.0  0.04
1786  2674.0  0.04
1787  2674.0  0.04
1788  2674.0  0.04
1789  2674.0  0.04
1790  2674.0  0.04
1791  2674.0  0.04
1792  2674.0  0.04
1793  2674.0  0.04
1794  2674.0  0.04
1795  2674.0  0.04
1796  2674.0  0.04
1797  2674.0  0.04
1798  2674.0  0.04
1799  2674.0  0.04
1800  2674.0  0.04
1801  2674.0  0.04
1802  2674.0  0.04
1803  2674.0  0.04
1804  2674.0  0.04
1805  2674.0  0.04
1806  2674.0  0.04
1807  2674.0  0.04
1808  2674.0  0.04
1809  2674.0  0.04
1810  2674.0  0.04
1811  2674.0  0.04
1812  2674.0  0.04
1813  2674.0  0.04
1814  2674.0  0.04
1815  2674.0  0.04
1816  2674.0  0.04
1817  2674.0  0.04
1818  2674.0  0.04
1819  2674.0  0.04
1820  2674.0  0.04
1821  2674.0  0.04
1822  2674.0  0.04
1823  2674.0  0.04
1824  2674.0  0.04
1825  2674.0  0.04
1826  2674.0  0.04
1827  2674.0  0.04
1828  2674.0  0.04
1829  2674.0  0.04
1830  2674.0  0.04
1831  2674.0  0.04
1832  2674.0  0.04
1833  2674.0  0.04
1834  2674.0  0.04
1835  2674.0  0.04
1836  2674.0  0.04
1837  2674.0  0.04
1838  2674.0  0.04
1839  2674.0  0.04
1840  2674.0  0.04
1841  2674.0  0.04
1842  2674.0  0.04
1843  2674.0  0.04
1844  2674.0  0.04
1845  2674.0  0.04
1846  2674.0  0.04
1847  2674.0  0.04
1848  2674.0  0.04
1849  2674.0  0.04
1850  2674.0  0.04
1851  2674.0  0.04
1852  2674.0  0.04
1853  2674.0  0.04
1854  2674.0  0.04
1855  2674.0  0.04
1856  2674.0  0.04
1857  2674.0  0.04
1858  2674.0  0.04
1859  2674.0  0.04
1860  2674.0  0.04
1861  2674.0  0.04
1862  2674.0  0.04
1863  2674.0  0.04
1864  2674.0  0.04
1865  2674.0  0.04
1866  2674.0  0.04
1867  2674.0  0.04
1868  2674.0  0.04
1869  2674.0  0.04
1870  2674.0  0.04
1871  2674.0  0.04
1872  2674.0  0.04
1873  2674.0  0.04
1874  2674.0  0.04
1875  2674.0  0.04
1876  2674.0  0.04
1877  2674.0  0.04
1878  2674.0  0.04
1879  2674.0  0.04
1880  2674.0  0.04
1881  2674.0  0.04
1882  2674.0  0.04
1883  2674.0  0.04
1884  2674.0  0.04
1885  2674.0  0.04
1886  2674.0  0.04
1887  2674.0  0.04
1888  2674.0  0.04
1889  2674.0  0.04
1890  2674.0  0.04
1891  2674.0  0.04
1892  2674.0  0.04
1893  2674.0  0.04
1894  2674.0  0.04
1895  2674.0  0.04
1896  2674.0  0.04
1897  2674.0  0.04
1898  2674.0  0.04
1899  2674.0  0.04
1900  2674.0  0.04
1901  2674.0  0.04
1902  2674.0  0.04
1903  2674.0  0.04
1904  2674.0  0.04
1905  2674.0  0.04
1906  2674.0  0.04
1907  2674.0  0.04
1908  2674.0  0.04
1909  2674.0  0.04
1910  2674.0  0.04
1911  2674.0  0.04
1912  2674.0  0.04
1913  2674.0  0.04
1914  2674.0  0.04
1915  2674.0  0.04
1916  2674.0  0.04
1917  2674.0  0.04
1918  2674.0  0.04
1919  2674.0  0.04
1920  2674.0  0.04
1921  2674.0  0.04
1922  2674.0  0.04
1923  2674.0  0.04
1924  2674.0  0.04
1925  2674.0  0.04
1926  2674.0  0.04
1927  2674.0  0.04
1928  2674.0  0.04
1929  2674.0  0.04
1930  2674.0  0.04
1931  2674.0  0.04
1932  2674.0  0.04
1933  2674.0  0.04
1934  2674.0  0.04
1935  2674.0  0.04
1936  2674.0  0.04
1937  2674.0  0.04
1938  2674.0  0.04
1939  2674.0  0.04
1940  2674.0  0.04
1941  2674.0  0.04
1942  2674.0  0.04
1943  2674.0  0.04
1944  2674.0  0.04
1945  2674.0  0.04
1946  2674.0  0.04
1947  2674.0  0.04
1948  2674.0  0.04
1949  2674.0  0.04
1950  2674.0  0.04
1951  2674.0  0.04
1952  2674.0  0.04
1953  2674.0  0.04
1954  2674.0  0.04
1955  2674.0  0.04
1956  2674.0  0.04
1957  2674.0  0.04
1958  2674.0  0.04
1959  2674.0  0.04
1960  2674.0  0.04
1961  2674.0  0.04
1962  2674.0  0.04
1963  2674.0  0.04
1964  2674.0  0.04
1965  2674.0  0.04
1966  2674.0  0.04
1967  2674.0  0.04
1968  2674.0  0.04
1969  2674.0  0.04
1970  2674.0  0.04
1971  2674.0  0.04
1972  2674.0  0.04
1973  2674.0  0.04
1974  2674.0  0.04
1975  2674.0  0.04
1976  2674.0  0.04
1977  2674.0  0.04
1978  2674.0  0.04
1979  2674.0  0.04
1980  2674.0  0.04
1981  2674.0  0.04
1982  2674.0  0.04
1983  2674.0  0.04
1984  2674.0  0.04
1985  2674.0  0.04
1986  2674.0  0.04
1987  2674.0  0.04
1988  2674.0  0.04
1989  2674.0  0.04
1990  2674.0  0.04
1991  2674.0  0.04
1992  2674.0  0.04
1993  2674.0  0.04
1994  2674.0  0.04
1995  2674.0  0.04
1996  2674.0  0.04
1997  2674.0  0.04
1998  2674.0  0.04
1999  2674.0  0.04
2000  2674.0  0.04
2001  2674.0  0.04
2002  2674.0  0.04
2003  2674.0  0.04
2004  2674.0  0.04
2005  2674.0  0.04
2006  2674.0  0.04
2007  2674.0  0.04
2008  2674.0  0.04
2009  2674.0  0.04
2010  2674.0  0.04
2011  2674.0  0.04
2012  2674.0  0.04
2013  2674.0  0.04
2014  2674.0  0.04
2015  2674.0  0.04
2016  2674.0  0.04
2017  2674.0  0.04
2018  2674.0  0.04
2019  2674.0  0.04
2020  2674.0  0.04
2021  2674.0  0.04
2022  2674.0  0.04
2023  2674.0  0.04
2024  2674.0  0.04
2025  2674.0  0.04
2026  2674.0  0.04
2027  2674.0  0.04
2028  2674.0  0.04
2029  2674.0  0.04
2030  2674.0  0.04
2031  2674.0  0.04
2032  2674.0  0.04
2033  2674.0  0.04
2034  2674.0  0.04
2035  2674.0  0.04
2036  2674.0  0.04
2037  2674.0  0.04
2038  2674.0  0.04
2039  2674.0  0.04
2040  2674.0  0.04
2041  2674.0  0.04
2042  2674.0  0.04
2043  2674.0  0.04
2044  2674.0  0.04
2045  2674.0  0.04
2046  2674.0  0.04
2047  2674.0  0.04
2048  2674.0  0.04
2049  2674.0  0.04
2050  2674.0  0.04
2051  2674.0  0.04
2052  2674.0  0.04
2053  2674.0  0.04
2054  2674.0  0.04
2055  2674.0  0.04
2056  2674.0  0.04
2057  2674.0  0.04
2058  2674.0  0.04
2059  2674.0  0.04
2060  2674.0  0.04
2061  2674.0  0.04
2062  2674.0  0.04
2063  2674.0  0.04
2064  2674.0  0.04
2065  2674.0  0.04
2066  2674.0  0.04
2067  2674.0  0.04
2068  2674.0  0.04
2069  2674.0  0.04
2070  2674.0  0.04
2071  2674.0  0.04
2072  2674.0  0.04
2073  2674.0  0.04
2074  2674.0  0.04
2075  2674.0  0.04
2076  2674.0  0.04
2077  2674.0  0.04
2078  2674.0  0.04
2079  2674.0  0.04
2080  2674.0  0.04
2081  2674.0  0.04
2082  2674.0  0.04
2083  2674.0  0.04
2084  2674.0  0.04
2085  2674.0  0.04
2086  2674.0  0.04
2087  2674.0  0.04
2088  2674.0  0.04
2089  2674.0  0.04
2090  2674.0  0.04
2091  2674.0  0.04
2092  2674.0  0.04
2093  2674.0  0.04
2094  2674.0  0.04
2095  2674.0  0.04
2096  2674.0  0.04
2097  2674.0  0.04
2098  2674.0  0.04
2099  2674.0  0.04
2100  2674.0  0.04
2101  2674.0  0.04
2102  2674.0  0.04
2103  2674.0  0.04
2104  2674.0  0.04
2105  2674.0  0.04
2106  2674.0  0.04
2107  2674.0  0.04
2108  2674.0  0.04
2109  2674.0  0.04
2110  2674.0  0.04
2111  2674.0  0.04
2112  2674.0  0.04
2113  2674.0  0.04
2114  2674.0  0.04
2115  2674.0  0.04
2116  2674.0  0.04
2117  2674.0  0.04
2118  2674.0  0.04
2119  2674.0  0.04
2120  2674.0  0.04
2121  2674.0  0.04
2122  2674.0  0.04
2123  2674.0  0.04
2124  2674.0  0.04
2125  2674.0  0.04
2126  2674.0  0.04
2127  2674.0  0.04
2128  2674.0  0.04
2129  2674.0  0.04
2130  2674.0  0.04
2131  2674.0  0.04
2132  2674.0  0.04
2133  2674.0  0.04
2134  2674.0  0.04
2135  2674.0  0.04
2136  2674.0  0.04
2137  2674.0  0.04
2138  2674.0  0.04
2139  2674.0  0.04
2140  2674.0  0.04
2141  2674.0  0.04
2142  2674.0  0.04
2143  2674.0  0.04
2144  2674.0  0.04
2145  2674.0  0.04
2146  2674.0  0.04
2147  2674.0  0.04
2148  2674.0  0.04
2149  2674.0  0.04
2150  2674.0  0.04
2151  2674.0  0.04
2152  2674.0  0.04
2153  2674.0  0.04
2154  2674.0  0.04
2155  2674.0  0.04
2156  2674.0  0.04
2157  2674.0  0.04
2158  2674.0  0.04
2159  2674.0  0.04
2160  2674.0  0.04
2161  2674.0  0.04
2162  2674.0  0.04
2163  2674.0  0.04
2164  2674.0  0.04
2165  2674.0  0.04
2166  2674.0  0.04
2167  2674.0  0.04
2168  2674.0  0.04
2169  2674.0  0.04
2170  2674.0  0.04
2171  2674.0  0.04
2172  2674.0  0.04
2173  2674.0  0.04
2174  2674.0  0.04
2175  2674.0  0.04
2176  2674.0  0.04
2177  2674.0  0.04
2178  2674.0  0.04
2179  2674.0  0.04
2180  2674.0  0.04
2181  2674.0  0.04
2182  2674.0  0.04
2183  2674.0  0.04
2184  2674.0  0.04
2185  2674.0  0.04
2186  2674.0  0.04
2187  2674.0  0.04
2188  2674.0  0.04
2189  2674.0  0.04
2190  2674.0  0.04
2191  2674.0  0.04
2192  2674.0  0.04
2193  2674.0  0.04
2194  2674.0  0.04
2195  2674.0  0.04
2196  2674.0  0.04
2197  2674.0  0.04
2198  2674.0  0.04
2199  2674.0  0.04
2200  2674.0  0.04
2201  2674.0  0.04
2202  2674.0  0.04
2203  2674.0  0.04
2204  2674.0  0.04
2205  2674.0  0.04
2206  2674.0  0.04
2207  2674.0  0.04
2208  2674.0  0.04
2209  2674.0  0.04
2210  2674.0  0.04
2211  2674.0  0.04
2212  2674.0  0.04
2213  2674.0  0.04
2214  2674.0  0.04
2215  2674.0  0.04
2216  2674.0  0.04
2217  2674.0  0.04
2218  2674.0  0.04
2219  2674.0  0.04
2220  2674.0  0.04
2221  2674.0  0.04
2222  2674.0  0.04
2223  2674.0  0.04
2224  2674.0  0.04
2225  2674.0  0.04
2226  2674.0  0.04
2227  2674.0  0.04
2228  2674.0  0.04
2229  2674.0  0.04
2230  2674.0  0.04
2231  2674.0  0.04
2232  2674.0  0.04
2233  2674.0  0.04
2234  2674.0  0.04
2235  2674.0  0.04
2236  2674.0  0.04
2237  2674.0  0.04
2238  2674.0  0.04
2239  2674.0  0.04
2240  2674.0  0.04
2241  2674.0  0.04
2242  2674.0  0.04
2243  2674.0  0.04
2244  2674.0  0.04
2245  2674.0  0.04
2246  2674.0  0.04
2247  2674.0  0.04
2248  2674.0  0.04
2249  2674.0  0.04
2250  2674.0  0.04
2251  2674.0  0.04
2252  2674.0  0.04
2253  2674.0  0.04
2254  2674.0  0.04
2255  2674.0  0.04
2256  2674.0  0.04
2257  2674.0  0.04
2258  2674.0  0.04
2259  2674.0  0.04
2260  2674.0  0.04
2261  2674.0  0.04
2262  2674.0  0.04
2263  2674.0  0.04
2264  2674.0  0.04
2265  2674.0  0.04
2266  2674.0  0.04
2267  2674.0  0.04
2268  2674.0  0.04
2269  2674.0  0.04
2270  2674.0  0.04
2271  2674.0  0.04
2272  2674.0  0.04
2273  2674.0  0.04
2274  2674.0  0.04
2275  2674.0  0.04
2276  2674.0  0.04
2277  2674.0  0.04
2278  2674.0  0.04
2279  2674.0  0.04
2280  2674.0  0.04
2281  2674.0  0.04
2282  2674.0  0.04
2283  2674.0  0.04
2284  2674.0  0.04
2285  2674.0  0.04
2286  2674.0  0.04
2287  2674.0  0.04
2288  2674.0  0.04
2289  2674.0  0.04
2290  2674.0  0.04
2291  2674.0  0.04
2292  2674.0  0.04
2293  2674.0  0.04
2294  2674.0  0.04
2295  2674.0  0.04
2296  2674.0  0.04
2297  2674.0  0.04
2298  2674.0  0.04
2299  2674.0  0.04
2300  2674.0  0.04
2301  2674.0  0.04
2302  2674.0  0.04
2303  2674.0  0.04
2304  2674.0  0.04
2305  2674.0  0.04
2306  2674.0  0.04
2307  2674.0  0.04
2308  2674.0  0.04
2309  2674.0  0.04
2310  2674.0  0.04
2311  2674.0  0.04
2312  2674.0  0.04
2313  2674.0  0.04
2314  2674.0  0.04
2315  2674.0  0.04
2316  2674.0  0.04
2317  2674.0  0.04
2318  2674.0  0.04
2319  2674.0  0.04
2320  2674.0  0.04
2321  2674.0  0.04
2322  2674.0  0.04
2323  2674.0  0.04
2324  2674.0  0.04
2325  2674.0  0.04
2326  2674.0  0.04
2327  2674.0  0.04
2328  2674.0  0.04
2329  2674.0  0.04
2330  2674.0  0.04
2331  2674.0  0.04
2332  2674.0  0.04
2333  2674.0  0.04
2334  2674.0  0.04
2335  2674.0  0.04
2336  2674.0  0.04
2337  2674.0  0.04
2338  2674.0  0.04
2339  2674.0  0.04
2340  2674.0  0.04
2341  2674.0  0.04
2342  2674.0  0.04
2343  2674.0  0.04
2344  2674.0  0.04
2345  2674.0  0.04
2346  2674.0  0.04
2347  2674.0  0.04
2348  2674.0  0.04
2349  2674.0  0.04
2350  2674.0  0.04
2351  2674.0  0.04
2352  2674.0  0.04
2353  2674.0  0.04
2354  2674.0  0.04
2355  2674.0  0.04
2356  2674.0  0.04
2357  2674.0  0.04
2358  2674.0  0.04
2359  2674.0  0.04
2360  2674.0  0.04
2361  2674.0  0.04
2362  2674.0  0.04
2363  2674.0  0.04
2364  2674.0  0.04
2365  2674.0  0.04
2366  2674.0  0.04
2367  2674.0  0.04
2368  2674.0  0.04
2369  2674.0  0.04
2370  2674.0  0.04
2371  2674.0  0.04
2372  2674.0  0.04
2373  2674.0  0.04
2374  2674.0  0.04
2375  2674.0  0.04
2376  2674.0  0.04
2377  2674.0  0.04
2378  2674.0  0.04
2379  2674.0  0.04
2380  2674.0  0.04
2381  2674.0  0.04
2382  2674.0  0.04
2383  2674.0  0.04
2384  2674.0  0.04
2385  2674.0  0.04
2386  2674.0  0.04
2387  2674.0  0.04
2388  2674.0  0.04
2389  2674.0  0.04
2390  2674.0  0.04
2391  2674.0  0.04
2392  2674.0  0.04
2393  2674.0  0.04
2394  2674.0  0.04
2395  2674.0  0.04
2396  2674.0  0.04
2397  2674.0  0.04
2398  2674.0  0.04
2399  2674.0  0.04
2400  2674.0  0.04
2401  2674.0  0.04
2402  2674.0  0.04
2403  2674.0  0.04
2404  2674.0  0.04
2405  2674.0  0.04
2406  2674.0  0.04
2407  2674.0  0.04
2408  2674.0  0.04
2409  2674.0  0.04
2410  2674.0  0.04
2411  2674.0  0.04
2412  2674.0  0.04
2413  2674.0  0.04
2414  2674.0  0.04
2415  2674.0  0.04
2416  2674.0  0.04
2417  2674.0  0.04
2418  2674.0  0.04
2419  2674.0  0.04
2420  2674.0  0.04
2421  2674.0  0.04
2422  2674.0  0.04
2423  2674.0  0.04
2424  2674.0  0.04
2425  2674.0  0.04
2426  2674.0  0.04
2427  2674.0  0.04
2428  2674.0  0.04
2429  2674.0  0.04
2430  2674.0  0.04
2431  2674.0  0.04
2432  2674.0  0.04
2433  2674.0  0.04
2434  2674.0  0.04
2435  2674.0  0.04
2436  2674.0  0.04
2437  2674.0  0.04
2438  2674.0  0.04
2439  2674.0  0.04
2440  2674.0  0.04
2441  2674.0  0.04
2442  2674.0  0.04
2443  2674.0  0.04
2444  2674.0  0.04
2445  2674.0  0.04
2446  2674.0  0.04
2447  2674.0  0.04
2448  2674.0  0.04
2449  2674.0  0.04
2450  2674.0  0.04
2451  2674.0  0.04
2452  2674.0  0.04
2453  2674.0  0.04
2454  2674.0  0.04
2455  2674.0  0.04
2456  2674.0  0.04
2457  2674.0  0.04
2458  2674.0  0.04
2459  2674.0  0.04
2460  2674.0  0.04
2461  2674.0  0.04
2462  2674.0  0.04
2463  2674.0  0.04
2464  2674.0  0.04
2465  2674.0  0.04
2466  2674.0  0.04
2467  2674.0  0.04
2468  2674.0  0.04
2469  2674.0  0.04
2470  2674.0  0.04
2471  2674.0  0.04
2472  2674.0  0.04
2473  2674.0  0.04
2474  2674.0  0.04
2475  2674.0  0.04
2476  2674.0  0.04
2477  2674.0  0.04
2478  2674.0  0.04
2479  2674.0  0.04
2480  2674.0  0.04
2481  2674.0  0.04
2482  2674.0  0.04
2483  2674.0  0.04
2484  2674.0  0.04
2485  2674.0  0.04
2486  2674.0  0.04
2487  2674.0  0.04
2488  2674.0  0.04
2489  2674.0  0.04
2490  2674.0  0.04
2491  2674.0  0.04
2492  2674.0  0.04
2493  2674.0  0.04
2494  2674.0  0.04
2495  2674.0  0.04
2496  2674.0  0.04
2497  2674.0  0.04
2498  2674.0  0.04
2499  2674.0  0.04
2500  2674.0  0.04
2501  2674.0  0.04
2502  2674.0  0.04
2503  2674.0  0.04
2504  2674.0  0.04
2505  2674.0  0.04
2506  2674.0  0.04
2507  2674.0  0.04
2508  2674.0  0.04
2509  2674.0  0.04
2510  2674.0  0.04
2511  2674.0  0.04
2512  2674.0  0.04
2513  2674.0  0.04
2514  2674.0  0.04
2515  2674.0  0.04
2516  2674.0  0.04
2517  2674.0  0.04
2518  2674.0  0.04
2519  2674.0  0.04
2520  2674.0  0.04
2521  2674.0  0.04
2522  2674.0  0.04
2523  2674.0  0.04
2524  2674.0  0.04
2525  2674.0  0.04
2526  2674.0  0.04
2527  2674.0  0.04
2528  2674.0  0.04
2529  2674.0  0.04
2530  2674.0  0.04
2531  2674.0  0.04
2532  2674.0  0.04
2533  2674.0  0.04
2534  2674.0  0.04
2535  2674.0  0.04
2536  2674.0  0.04
2537  2674.0  0.04
2538  2674.0  0.04
2539  2674.0  0.04
2540  2674.0  0.04
2541  2674.0  0.04
2542  2674.0  0.04
2543  2674.0  0.04
2544  2674.0  0.04
2545  2674.0  0.04
2546  2674.0  0.04
2547  2674.0  0.04
2548  2674.0  0.04
2549  2674.0  0.04
2550  2674.0  0.04
2551  2674.0  0.04
2552  2674.0  0.04
2553  2674.0  0.04
2554  2674.0  0.04
2555  2674.0  0.04
2556  2674.0  0.04
2557  2674.0  0.04
2558  2674.0  0.04
2559  2674.0  0.04
2560  2674.0  0.04
2561  2674.0  0.04
2562  2674.0  0.04
2563  2674.0  0.04
2564  2674.0  0.04
2565  2674.0  0.04
2566  2674.0  0.04
2567  2674.0  0.04
2568  2674.0  0.04
2569  2674.0  0.04
2570  2674.0  0.04
2571  2674.0  0.04
2572  2674.0  0.04
2573  2674.0  0.04
2574  2674.0  0.04
2575  2674.0  0.04
2576  2674.0  0.04
2577  2674.0  0.04
2578  2674.0  0.04
2579  2674.0  0.04
2580  2674.0  0.04
2581  2674.0  0.04
2582  2674.0  0.04
2583  2674.0  0.04
2584  2674.0  0.04
2585  2674.0  0.04
2586  2674.0  0.04
2587  2674.0  0.04
2588  2674.0  0.04
2589  2674.0  0.04
2590  2674.0  0.04
2591  2674.0  0.04
2592  2674.0  0.04
2593  2674.0  0.04
2594  2674.0  0.04
2595  2674.0  0.04
2596  2674.0  0.04
2597  2674.0  0.04
2598  2674.0  0.04
2599  2674.0  0.04
2600  2674.0  0.04
2601  2674.0  0.04
2602  2674.0  0.04
2603  2674.0  0.04
2604  2674.0  0.04
2605  2674.0  0.04
2606  2674.0  0.04
2607  2674.0  0.04
2608  2674.0  0.04
2609  2674.0  0.04
2610  2674.0  0.04
2611  2674.0  0.04
2612  2674.0  0.04
2613  2674.0  0.04
2614  2674.0  0.04
2615  2674.0  0.04
2616  2674.0  0.04
2617  2674.0  0.04
2618  2674.0  0.04
2619  2674.0  0.04
2620  2674.0  0.04
2621  2674.0  0.04
2622  2674.0  0.04
2623  2674.0  0.04
2624  2674.0  0.04
2625  2674.0  0.04
2626  2674.0  0.04
2627  2674.0  0.04
2628  2674.0  0.04
2629  2674.0  0.04
2630  2674.0  0.04
2631  2674.0  0.04
2632  2674.0  0.04
2633  2674.0  0.04
2634  2674.0  0.04
2635  2674.0  0.04
2636  2674.0  0.04
2637  2674.0  0.04
2638  2674.0  0.04
2639  2674.0  0.04
2640  2674.0  0.04
2641  2674.0  0.04
2642  2674.0  0.04
2643  2674.0  0.04
2644  2674.0  0.04
2645  2674.0  0.04
2646  2674.0  0.04
2647  2674.0  0.04
2648  2674.0  0.04
2649  2674.0  0.04
2650  2674.0  0.04
2651  2674.0  0.04
2652  2674.0  0.04
2653  2674.0  0.04
2654  2674.0  0.04
2655  2674.0  0.04
2656  2674.0  0.04
2657  2674.0  0.04
2658  2674.0  0.04
2659  2674.0  0.04
2660  2674.0  0.04
2661  2674.0  0.04
2662  2674.0  0.04
2663  2674.0  0.04
2664  2674.0  0.04
2665  2674.0  0.04
2666  2674.0  0.04
2667  2674.0  0.04
2668  2674.0  0.04
2669  2674.0  0.04
2670  2674.0  0.04
2671  2674.0  0.04
2672  2674.0  0.04
2673  2674.0  0.04
2674  2674.0  0.04
2675  2674.0  0.04
2676  2674.0  0.04
2677  2674.0  0.04
2678  2674.0  0.04
2679  2674.0  0.04
2680  2674.0  0.04
2681  2674.0  0.04
2682  2674.0  0.04
2683  2674.0  0.04
2684  2674.0  0.04
2685  2674.0  0.04
2686  2674.0  0.04
2687  2674.0  0.04
2688  2674.0  0.04
2689  2674.0  0.04
2690  2674.0  0.04
2691  2674.0  0.04
2692  2674.0  0.04
2693  2674.0  0.04
2694  2674.0  0.04
2695  2674.0  0.04
2696  2674.0  0.04
2697  2674.0  0.04
2698  2674.0  0.04
2699  2674.0  0.04
2700  2674.0  0.04
2701  2674.0  0.04
2702  2674.0  0.04
2703  2674.0  0.04
2704  2674.0  0.04
2705  2674.0  0.04
2706  2674.0  0.04
2707  2674.0  0.04
2708  2674.0  0.04
2709  2674.0  0.04
2710  2674.0  0.04
2711  2674.0  0.04
2712  2674.0  0.04
2713  2674.0  0.04
2714  2674.0  0.04
2715  2674.0  0.04
2716  2674.0  0.04
2717  2674.0  0.04
2718  2674.0  0.04
2719  2674.0  0.04
2720  2674.0  0.04
2721  2674.0  0.04
2722  2674.0  0.04
2723  2674.0  0.04
2724  2674.0  0.04
2725  2674.0  0.04
2726  2674.0  0.04
2727  2674.0  0.04
2728  2674.0  0.04
2729  2674.0  0.04
2730  2674.0  0.04
2731  2674.0  0.04
2732  2674.0  0.04
2733  2674.0  0.04
2734  2674.0  0.04
2735  2674.0  0.04
2736  2674.0  0.04
2737  2674.0  0.04
2738  2674.0  0.04
2739  2674.0  0.04
2740  2674.0  0.04
2741  2674.0  0.04
2742  2674.0  0.04
2743  2674.0  0.04
2744  2674.0  0.04
2745  2674.0  0.04
2746  2674.0  0.04
2747  2674.0  0.04
2748  2674.0  0.04
2749  2674.0  0.04
2750  2674.0  0.04
2751  2674.0  0.04
2752  2674.0  0.04
2753  2674.0  0.04
2754  2674.0  0.04
2755  2674.0  0.04
2756  2674.0  0.04
2757  2674.0  0.04
2758  2674.0  0.04
2759  2674.0  0.04
2760  2674.0  0.04
2761  2674.0  0.04
2762  2674.0  0.04
2763  2674.0  0.04
2764  2674.0  0.04
2765  2674.0  0.04
2766  2674.0  0.04
2767  2674.0  0.04
2768  2674.0  0.04
2769  2674.0  0.04
2770  2674.0  0.04
2771  2674.0  0.04
2772  2674.0  0.04
2773  2674.0  0.04
2774  2674.0  0.04
2775  2674.0  0.04
2776  2674.0  0.04
2777  2674.0  0.04
2778  2674.0  0.04
2779  2674.0  0.04
2780  2674.0  0.04
2781  2674.0  0.04
2782  2674.0  0.04
2783  2674.0  0.04
2784  2674.0  0.04
2785  2674.0  0.04
2786  2674.0  0.04
2787  2674.0  0.04
2788  2674.0  0.04
2789  2674.0  0.04
2790  2674.0  0.04
2791  2674.0  0.04
2792  2674.0  0.04
2793  2674.0  0.04
2794  2674.0  0.04
2795  2674.0  0.04
2796  2674.0  0.04
2797  2674.0  0.04
2798  2674.0  0.04
2799  2674.0  0.04
2800  2674.0  0.04
2801  2674.0  0.04
2802  2674.0  0.04
2803  2674.0  0.04
2804  2674.0  0.04
2805  2674.0  0.04
2806  2674.0  0.04
2807  2674.0  0.04
2808  2674.0  0.04
2809  2674.0  0.04
2810  2674.0  0.04
2811  2674.0  0.04
2812  2674.0  0.04
2813  2674.0  0.04
2814  2674.0  0.04
2815  2674.0  0.04
2816  2674.0  0.04
2817  2674.0  0.04
2818  2674.0  0.04
2819  2674.0  0.04
2820  2674.0  0.04
2821  2674.0  0.04
2822  2674.0  0.04
2823  2674.0  0.04
2824  2674.0  0.04
2825  2674.0  0.04
2826  2674.0  0.04
2827  2674.0  0.04
2828  2674.0  0.04
2829  2674.0  0.04
2830  2674.0  0.04
2831  2674.0  0.04
2832  2674.0  0.04
2833  2674.0  0.04
2834  2674.0  0.04
2835  2674.0  0.04
2836  2674.0  0.04
2837  2674.0  0.04
2838  2674.0  0.04
2839  2674.0  0.04
2840  2674.0  0.04
2841  2674.0  0.04
2842  2674.0  0.04
2843  2674.0  0.04
2844  2674.0  0.04
2845  2674.0  0.04
2846  2674.0  0.04
2847  2674.0  0.04
2848  2674.0  0.04
2849  2674.0  0.04
2850  2674.0  0.04
2851  2674.0  0.04
2852  2674.0  0.04
2853  2674.0  0.04
2854  2674.0  0.04
2855  2674.0  0.04
2856  2674.0  0.04
2857  2674.0  0.04
2858  2674.0  0.04
2859  2674.0  0.04
2860  2674.0  0.04
2861  2674.0  0.04
2862  2674.0  0.04
2863  2674.0  0.04
2864  2674.0  0.04
2865  2674.0  0.04
2866  2674.0  0.04
2867  2674.0  0.04
2868  2674.0  0.04
2869  2674.0  0.04
2870  2674.0  0.04
2871  2674.0  0.04
2872  2674.0  0.04
2873  2674.0  0.04
2874  2674.0  0.04
2875  2674.0  0.04
2876  2674.0  0.04
2877  2674.0  0.04
2878  2674.0  0.04
2879  2674.0  0.04
2880  2674.0  0.04
2881  2674.0  0.04
2882  2674.0  0.04
2883  2674.0  0.04
2884  2674.0  0.04
2885  2674.0  0.04
2886  2674.0  0.04
2887  2674.0  0.04
2888  2674.0  0.04
2889  2674.0  0.04
2890  2674.0  0.04
2891  2674.0  0.04
2892  2674.0  0.04
2893  2674.0  0.04
2894  2674.0  0.04
2895  2674.0  0.04
2896  2674.0  0.04
2897  2674.0  0.04
2898  2674.0  0.04
2899  2674.0  0.04
2900  2674.0  0.04
2901  2674.0  0.04
2902  2674.0  0.04
2903  2674.0  0.04
2904  2674.0  0.04
2905  2674.0  0.04
2906  2674.0  0.04
2907  2674.0  0.04
2908  2674.0  0.04
2909  2674.0  0.04
2910  2674.0  0.04
2911  2674.0  0.04
2912  2674.0  0.04
2913  2674.0  0.04
2914  2674.0  0.04
2915  2674.0  0.04
2916  2674.0  0.04
2917  2674.0  0.04
2918  2674.0  0.04
2919  2674.0  0.04
2920  2674.0  0.04
2921  2674.0  0.04
2922  2674.0  0.04
2923  2674.0  0.04
2924  2674.0  0.04
2925  2674.0  0.04
2926  2674.0  0.04
2927  2674.0  0.04
2928  2674.0  0.04
2929  2674.0  0.04
2930  2674.0  0.04
2931  2674.0  0.04
2932  2674.0  0.04
2933  2674.0  0.04
2934  2674.0  0.04
2935  2674.0  0.04
2936  2674.0  0.04
2937  2674.0  0.04
2938  2674.0  0.04
2939  2674.0  0.04
2940  2674.0  0.04
2941  2674.0  0.04
2942  2674.0  0.04
2943  2674.0  0.04
2944  2674.0  0.04
2945  2674.0  0.04
2946  2674.0  0.04
2947  2674.0  0.04
2948  2674.0  0.04
2949  2674.0  0.04
2950  2674.0  0.04
2951  2674.0  0.04
2952  2674.0  0.04
2953  2674.0  0.04
2954  2674.0  0.04
2955  2674.0  0.04
2956  2674.0  0.04
2957  2674.0  0.04
2958  2674.0  0.04
2959  2674.0  0.04
2960  2674.0  0.04
2961  2674.0  0.04
2962  2674.0  0.04
2963  2674.0  0.04
2964  2674.0  0.04
2965  2674.0  0.04
2966  2674.0  0.04
2967  2674.0  0.04
2968  2674.0  0.04
2969  2674.0  0.04
2970  2674.0  0.04
2971  2674.0  0.04
2972  2674.0  0.04
2973  2674.0  0.04
2974  2674.0  0.04
2975  2674.0  0.04
2976  2674.0  0.04
2977  2674.0  0.04
2978  2674.0  0.04
2979  2674.0  0.04
2980  2674.0  0.04
2981  2674.0  0.04
2982  2674.0  0.04
2983  2674.0  0.04
2984  2674.0  0.04
2985  2674.0  0.04
2986  2674.0  0.04
2987  2674.0  0.04
2988  2674.0  0.04
2989  2674.0  0.04
2990  2674.0  0.04
2991  2674.0  0.04
2992  2674.0  0.04
2993  2674.0  0.04
2994  2674.0  0.04
2995  2674.0  0.04
2996  2674.0  0.04
2997  2674.0  0.04
2998  2674.0  0.04
2999  2674.0  0.04
#[-4, 6, 9, 9, 9, 9, 9, 9, 9, 9]
#[9, 9, 9, 9, 9, 9, 9, 9, 9, 9]
#[9, 9, 9, 9, 9, 9, 9, 9, 9, 9]
#[-6, -4, 1, 9, 9, 9, 9, 9, 9, 9]
#[-8, 9, 9, 9, 9, 9, 9, 9, 9, 9]
#[9, 9, 9, 9, 9, 9, 9, 9, 9, 9]
#[9, 9, 9, 9, 9, 9, 9, 9, 9, 9]
#[2, 8, 9, 9, 9, 9, 9, 9, 9, 9]
#[4, 7, 9, 9, 9, 9, 9, 9, 9, 9]
#Specialization index= [1, 9, 0.125]
