#[9, 9, 1, 9, 3, 1, 6, 2, 8, 7]
#[3, 8, 3, 2, 5, 5, 4, 7, 3, 6]
#[5, 3, 3, 8, 0, 6, 3, 8, 8, 8]
#[3, 8, 1, 9, 4, 3, 8, 6, 7, 5]
#[8, 4, 1, 5, 3, 8, 9, 5, 5, 8]
#[9, 6, 4, 1, 3, 9, 3, 8, 1, 3]
#[5, 9, 7, 9, 1, 8, 6, 8, 9, 7]
#[9, 2, 1, 2, 8, 7, 6, 3, 2, 7]
#[8, 1, 2, 3, 6, 6, 9, 4, 5, 8]
0  11793.265625  0.23
1  13735.59375  0.26
2  13736.4902344  0.26
3  13735.2714844  0.26
4  13739.5253601  0.26
5  13735.1379089  0.26
6  13739.9208903  0.26
7  13735.1129179  0.26
8  13739.9746729  0.26
9  13735.1090048  0.26
10  13739.982123  0.26
11  13735.1084294  0.26
12  13739.9831636  0.26
13  13735.108347  0.26
14  13739.9833095  0.26
15  13735.1083353  0.26
16  13739.98333  0.26
17  13735.1083336  0.26
18  13739.9833329  0.26
19  13735.1083334  0.26
20  13739.9833333  0.26
21  13735.1083333  0.26
22  13739.9833333  0.26
23  14842.578125  0.23
24  14661.0800781  0.23
25  15574.15625  0.26
26  15381.9355469  0.26
27  15717.6157227  0.26
28  15404.4872742  0.26
29  15755.6227188  0.26
30  15409.6072307  0.26
31  15765.1256577  0.26
32  15410.8699822  0.26
33  15767.4987222  0.26
34  15411.1845776  0.26
35  15768.0916842  0.26
36  15411.2631225  0.26
37  15768.2398902  0.26
38  15411.2827467  0.26
39  15768.2769375  0.26
40  15411.2876512  0.26
41  15768.2861987  0.26
42  15411.2888771  0.26
43  15768.288514  0.26
44  15411.2891836  0.26
45  15768.2890928  0.26
46  15411.2892602  0.26
47  15768.2892375  0.26
48  15411.2892793  0.26
49  15768.2892737  0.26
50  15411.2892841  0.26
51  15768.2892827  0.26
52  15411.2892853  0.26
53  15768.289285  0.26
54  15411.2892856  0.26
55  15768.2892855  0.26
56  15411.2892857  0.26
57  15768.2892857  0.26
58  15411.2892857  0.26
59  15768.2892857  0.26
60  15411.2892857  0.26
61  15768.2892857  0.26
62  15411.2892857  0.26
63  15768.2892857  0.26
64  15411.2892857  0.26
65  15768.2892857  0.26
66  15411.2892857  0.26
67  15768.2892857  0.26
68  15411.2892857  0.26
69  15768.2892857  0.26
70  15411.2892857  0.26
71  15768.2892857  0.26
72  15411.2892857  0.26
73  15768.2892857  0.26
74  15411.2892857  0.26
75  15768.2892857  0.26
76  15411.2892857  0.26
77  15768.2892857  0.26
78  15411.2892857  0.26
79  15768.2892857  0.26
80  15411.2892857  0.26
81  15768.2892857  0.26
82  15411.2892857  0.26
83  15768.2892857  0.26
84  15411.2892857  0.26
85  15768.2892857  0.26
86  15411.2892857  0.26
87  15768.2892857  0.26
88  15411.2892857  0.26
89  15768.2892857  0.26
90  15411.2892857  0.26
91  15768.2892857  0.26
92  15109.5625  0.23
93  15761.7480469  0.23
94  15117.3774414  0.23
95  15764.5862732  0.23
96  15117.7618484  0.23
97  15764.7730994  0.23
98  15117.7842485  0.23
99  15764.7849235  0.23
100  15117.7856231  0.23
101  15764.7856648  0.23
102  15117.7857086  0.23
103  15764.7857112  0.23
104  15117.7857139  0.23
105  15764.7857141  0.23
106  15117.7857143  0.23
107  15764.7857143  0.23
108  15117.7857143  0.23
109  15764.7857143  0.23
110  15117.7857143  0.23
111  15764.7857143  0.23
112  15117.7857143  0.23
113  15764.7857143  0.23
114  15117.7857143  0.23
115  15764.7857143  0.23
116  15117.7857143  0.23
117  15764.7857143  0.23
118  15117.7857143  0.23
119  15764.7857143  0.23
120  15117.7857143  0.23
121  15764.7857143  0.23
122  15117.7857143  0.23
123  15764.7857143  0.23
124  15117.7857143  0.23
125  15764.7857143  0.23
126  15117.7857143  0.23
127  15764.7857143  0.23
128  15117.7857143  0.23
129  15764.7857143  0.23
130  15117.7857143  0.23
131  15764.7857143  0.23
132  15117.7857143  0.23
133  15764.7857143  0.23
134  14815.8125  0.19
135  16927.9238281  0.19
136  14801.3652344  0.19
137  16944.6892395  0.19
138  14800.7503967  0.19
139  16945.6515775  0.19
140  14800.7164712  0.19
141  16945.7103877  0.19
142  14800.7144212  0.19
143  16945.7140424  0.19
144  14800.7142942  0.19
145  16945.7142705  0.19
146  14800.7142862  0.19
147  16945.7142848  0.19
148  14800.7142857  0.19
149  16945.7142857  0.19
150  14800.7142857  0.19
151  16945.7142857  0.19
152  14800.7142857  0.19
153  16945.7142857  0.19
154  14800.7142857  0.19
155  16945.7142857  0.19
156  14800.7142857  0.19
157  16945.7142857  0.19
158  14800.7142857  0.19
159  16945.7142857  0.19
160  14800.7142857  0.19
161  16945.7142857  0.19
162  14800.7142857  0.19
163  16945.7142857  0.19
164  14800.7142857  0.19
165  16945.7142857  0.19
166  14800.7142857  0.19
167  16945.7142857  0.19
168  14800.7142857  0.19
169  16945.7142857  0.19
170  14800.7142857  0.19
171  16945.7142857  0.19
172  14800.7142857  0.19
173  16945.7142857  0.19
174  14800.7142857  0.19
175  16945.7142857  0.19
176  14800.7142857  0.19
177  16945.7142857  0.19
178  14800.7142857  0.19
179  16945.7142857  0.19
180  14800.7142857  0.19
181  16945.7142857  0.19
182  14800.7142857  0.19
183  16945.7142857  0.19
184  14800.7142857  0.19
185  16945.7142857  0.19
186  14800.7142857  0.19
187  16945.7142857  0.19
188  14800.7142857  0.19
189  16945.7142857  0.19
190  14800.7142857  0.19
191  16945.7142857  0.19
192  14800.7142857  0.19
193  16945.7142857  0.19
194  14800.7142857  0.19
195  16945.7142857  0.19
196  14800.7142857  0.19
197  16945.7142857  0.19
198  14800.7142857  0.19
199  16945.7142857  0.19
200  14800.7142857  0.19
201  16945.7142857  0.19
202  14800.7142857  0.19
203  16945.7142857  0.19
204  14800.7142857  0.19
205  16945.7142857  0.19
206  14800.7142857  0.19
207  16945.7142857  0.19
208  14800.7142857  0.19
209  16945.7142857  0.19
210  14800.7142857  0.19
211  16945.7142857  0.19
212  14800.7142857  0.19
213  16945.7142857  0.19
214  14800.7142857  0.19
215  16945.7142857  0.19
216  14800.7142857  0.19
217  16945.7142857  0.19
218  14800.7142857  0.19
219  16945.7142857  0.19
220  14800.7142857  0.19
221  16945.7142857  0.19
222  14800.7142857  0.19
223  16945.7142857  0.19
224  14800.7142857  0.19
225  16945.7142857  0.19
226  14800.7142857  0.19
227  16945.7142857  0.19
228  14800.7142857  0.19
229  16945.7142857  0.19
230  14800.7142857  0.19
231  16945.7142857  0.19
232  14800.7142857  0.19
233  16945.7142857  0.19
234  14800.7142857  0.19
235  16945.7142857  0.19
236  14800.7142857  0.19
237  16945.7142857  0.19
238  14800.7142857  0.19
239  16945.7142857  0.19
240  14800.7142857  0.19
241  16945.7142857  0.19
242  14800.7142857  0.19
243  16945.7142857  0.19
244  14800.7142857  0.19
245  16945.7142857  0.19
246  14800.7142857  0.19
247  16945.7142857  0.19
248  14800.7142857  0.19
249  16945.7142857  0.19
250  14800.7142857  0.19
251  16945.7142857  0.19
252  14800.7142857  0.19
253  16945.7142857  0.19
254  17128.953125  0.23
255  17352.0371094  0.23
256  17137.3278809  0.23
257  17353.92453  0.23
258  17137.5388451  0.23
259  17354.0179935  0.23
260  17137.5471482  0.23
261  17354.0234521  0.23
262  17137.5475908  0.23
263  17354.0237873  0.23
264  17137.5476173  0.23
265  17354.0238081  0.23
266  17137.5476189  0.23
267  17354.0238094  0.23
268  17137.547619  0.23
269  17354.0238095  0.23
270  17137.547619  0.23
271  17354.0238095  0.23
272  17137.547619  0.23
273  17354.0238095  0.23
274  17137.547619  0.23
275  17354.0238095  0.23
276  17137.547619  0.23
277  17354.0238095  0.23
278  17137.547619  0.23
279  17354.0238095  0.23
280  17137.547619  0.23
281  17354.0238095  0.23
282  17137.547619  0.23
283  17354.0238095  0.23
284  17137.547619  0.23
285  17354.0238095  0.23
286  17137.547619  0.23
287  17354.0238095  0.23
288  17137.547619  0.23
289  17354.0238095  0.23
290  17137.547619  0.23
291  17354.0238095  0.23
292  17137.547619  0.23
293  17354.0238095  0.23
294  17137.547619  0.23
295  17354.0238095  0.23
296  17137.547619  0.23
297  17354.0238095  0.23
298  17137.547619  0.23
299  17354.0238095  0.23
300  17137.547619  0.23
301  17354.0238095  0.23
302  17137.547619  0.23
303  17354.0238095  0.23
304  17137.547619  0.23
305  17354.0238095  0.23
306  17137.547619  0.23
307  17354.0238095  0.23
308  17137.547619  0.23
309  17354.0238095  0.23
310  17137.547619  0.23
311  17354.0238095  0.23
312  17137.547619  0.23
313  17354.0238095  0.23
314  17137.547619  0.23
315  17354.0238095  0.23
316  17137.547619  0.23
317  17354.0238095  0.23
318  17137.547619  0.23
319  17354.0238095  0.23
320  17137.547619  0.23
321  17354.0238095  0.23
322  17137.547619  0.23
323  17354.0238095  0.23
324  17137.547619  0.23
325  17354.0238095  0.23
326  17137.547619  0.23
327  17354.0238095  0.23
328  17137.547619  0.23
329  17354.0238095  0.23
330  17137.547619  0.23
331  17354.0238095  0.23
332  17137.547619  0.23
333  17354.0238095  0.23
334  17137.547619  0.23
335  17354.0238095  0.23
336  17137.547619  0.23
337  17354.0238095  0.23
338  17137.547619  0.23
339  17354.0238095  0.23
340  17137.547619  0.23
341  17354.0238095  0.23
342  17137.547619  0.23
343  17354.0238095  0.23
344  17137.547619  0.23
345  17354.0238095  0.23
346  17137.547619  0.23
347  17354.0238095  0.23
348  17137.547619  0.23
349  17354.0238095  0.23
350  17137.547619  0.23
351  17354.0238095  0.23
352  17137.547619  0.23
353  17354.0238095  0.23
354  17137.547619  0.23
355  17354.0238095  0.23
356  17137.547619  0.23
357  17354.0238095  0.23
358  17137.547619  0.23
359  17354.0238095  0.23
360  17137.547619  0.23
361  17354.0238095  0.23
362  17137.547619  0.23
363  17354.0238095  0.23
364  17137.547619  0.23
365  17354.0238095  0.23
366  17137.547619  0.23
367  17354.0238095  0.23
368  17137.547619  0.23
369  17354.0238095  0.23
370  17137.547619  0.23
371  17354.0238095  0.23
372  17137.547619  0.23
373  17354.0238095  0.23
374  17137.547619  0.23
375  17354.0238095  0.23
376  17137.547619  0.23
377  17354.0238095  0.23
378  17137.547619  0.23
379  17354.0238095  0.23
380  17137.547619  0.23
381  17354.0238095  0.23
382  17137.547619  0.23
383  17354.0238095  0.23
384  17137.547619  0.23
385  17354.0238095  0.23
386  17137.547619  0.23
387  17354.0238095  0.23
388  17137.547619  0.23
389  17354.0238095  0.23
390  17137.547619  0.23
391  17354.0238095  0.23
392  17137.547619  0.23
393  17354.0238095  0.23
394  17137.547619  0.23
395  17354.0238095  0.23
396  17137.547619  0.23
397  17354.0238095  0.23
398  17137.547619  0.23
399  17354.0238095  0.23
400  17137.547619  0.23
401  17354.0238095  0.23
402  17137.547619  0.23
403  17354.0238095  0.23
404  17137.547619  0.23
405  17354.0238095  0.23
406  17137.547619  0.23
407  17354.0238095  0.23
408  17137.547619  0.23
409  17354.0238095  0.23
410  17137.547619  0.23
411  17354.0238095  0.23
412  17137.547619  0.23
413  17354.0238095  0.23
414  17137.547619  0.23
415  17354.0238095  0.23
416  17137.547619  0.23
417  17354.0238095  0.23
418  17137.547619  0.23
419  17354.0238095  0.23
420  17137.547619  0.23
421  17354.0238095  0.23
422  17137.547619  0.23
423  17354.0238095  0.23
424  17137.547619  0.23
425  17354.0238095  0.23
426  17137.547619  0.23
427  17354.0238095  0.23
428  17137.547619  0.23
429  17354.0238095  0.23
430  17137.547619  0.23
431  17354.0238095  0.23
432  17137.547619  0.23
433  17354.0238095  0.23
434  17137.547619  0.23
435  17354.0238095  0.23
436  17137.547619  0.23
437  17354.0238095  0.23
438  17137.547619  0.23
439  17354.0238095  0.23
440  17137.547619  0.23
441  17354.0238095  0.23
442  17137.547619  0.23
443  17354.0238095  0.23
444  17137.547619  0.23
445  17354.0238095  0.23
446  17137.547619  0.23
447  17354.0238095  0.23
448  17137.547619  0.23
449  17354.0238095  0.23
450  17137.547619  0.23
451  17354.0238095  0.23
452  17137.547619  0.23
453  17354.0238095  0.23
454  17137.547619  0.23
455  17354.0238095  0.23
456  17137.547619  0.23
457  17354.0238095  0.23
458  17137.547619  0.23
459  17354.0238095  0.23
460  17137.547619  0.23
461  17354.0238095  0.23
462  17137.547619  0.23
463  17354.0238095  0.23
464  17137.547619  0.23
465  17354.0238095  0.23
466  17137.547619  0.23
467  17354.0238095  0.23
468  17137.547619  0.23
469  17354.0238095  0.23
470  17137.547619  0.23
471  17354.0238095  0.23
472  17137.547619  0.23
473  17354.0238095  0.23
474  17137.547619  0.23
475  17354.0238095  0.23
476  17137.547619  0.23
477  17354.0238095  0.23
478  17137.547619  0.23
479  17354.0238095  0.23
480  17137.547619  0.23
481  17354.0238095  0.23
482  17137.547619  0.23
483  17354.0238095  0.23
484  17137.547619  0.23
485  17354.0238095  0.23
486  17137.547619  0.23
487  17354.0238095  0.23
488  17137.547619  0.23
489  17354.0238095  0.23
490  17137.547619  0.23
491  17354.0238095  0.23
492  17137.547619  0.23
493  17354.0238095  0.23
494  17137.547619  0.23
495  17354.0238095  0.23
496  17137.547619  0.23
497  17354.0238095  0.23
498  17137.547619  0.23
499  17354.0238095  0.23
500  17137.547619  0.23
501  17354.0238095  0.23
502  17137.547619  0.23
503  17354.0238095  0.23
504  17137.547619  0.23
505  17354.0238095  0.23
506  17137.547619  0.23
507  17354.0238095  0.23
508  17137.547619  0.23
509  17354.0238095  0.23
510  17137.547619  0.23
511  17354.0238095  0.23
512  17137.547619  0.23
513  17354.0238095  0.23
514  17137.547619  0.23
515  17354.0238095  0.23
516  17137.547619  0.23
517  17354.0238095  0.23
518  17137.547619  0.23
519  17354.0238095  0.23
520  17137.547619  0.23
521  17354.0238095  0.23
522  17137.547619  0.23
523  17354.0238095  0.23
524  17137.547619  0.23
525  17354.0238095  0.23
526  17137.547619  0.23
527  17354.0238095  0.23
528  17137.547619  0.23
529  17354.0238095  0.23
530  17137.547619  0.23
531  17354.0238095  0.23
532  17137.547619  0.23
533  17354.0238095  0.23
534  17137.547619  0.23
535  17354.0238095  0.23
536  17137.547619  0.23
537  17354.0238095  0.23
538  17137.547619  0.23
539  17354.0238095  0.23
540  17137.547619  0.23
541  17354.0238095  0.23
542  17137.547619  0.23
543  17354.0238095  0.23
544  17137.547619  0.23
545  17354.0238095  0.23
546  17137.547619  0.23
547  17354.0238095  0.23
548  17137.547619  0.23
549  17354.0238095  0.23
550  17137.547619  0.23
551  17354.0238095  0.23
552  17137.547619  0.23
553  17354.0238095  0.23
554  17137.547619  0.23
555  17354.0238095  0.23
556  17137.547619  0.23
557  17354.0238095  0.23
558  17137.547619  0.23
559  17354.0238095  0.23
560  17137.547619  0.23
561  17354.0238095  0.23
562  17137.547619  0.23
563  17354.0238095  0.23
564  17137.547619  0.23
565  17354.0238095  0.23
566  17137.547619  0.23
567  17354.0238095  0.23
568  17137.547619  0.23
569  17354.0238095  0.23
570  17137.547619  0.23
571  17354.0238095  0.23
572  17137.547619  0.23
573  17354.0238095  0.23
574  17137.547619  0.23
575  17354.0238095  0.23
576  17137.547619  0.23
577  17354.0238095  0.23
578  17137.547619  0.23
579  17354.0238095  0.23
580  17137.547619  0.23
581  17354.0238095  0.23
582  17137.547619  0.23
583  17354.0238095  0.23
584  17137.547619  0.23
585  17354.0238095  0.23
586  17137.547619  0.23
587  17354.0238095  0.23
588  17137.547619  0.23
589  17354.0238095  0.23
590  17137.547619  0.23
591  17354.0238095  0.23
592  17137.547619  0.23
593  17354.0238095  0.23
594  17137.547619  0.23
595  17354.0238095  0.23
596  17137.547619  0.23
597  17354.0238095  0.23
598  17137.547619  0.23
599  17354.0238095  0.23
600  17137.547619  0.23
601  17354.0238095  0.23
602  17137.547619  0.23
603  17354.0238095  0.23
604  17137.547619  0.23
605  17354.0238095  0.23
606  17137.547619  0.23
607  17354.0238095  0.23
608  17137.547619  0.23
609  17354.0238095  0.23
610  17137.547619  0.23
611  17269.3571429  0.23
612  16794.452381  0.23
613  16794.452381  0.23
614  16794.452381  0.23
615  16794.452381  0.23
616  16794.452381  0.23
617  16794.452381  0.23
618  16794.452381  0.23
619  16794.452381  0.23
620  16794.452381  0.23
621  16794.452381  0.23
622  16794.452381  0.23
623  16794.452381  0.23
624  16794.452381  0.23
625  16794.452381  0.23
626  16794.452381  0.23
627  16794.452381  0.23
628  16794.452381  0.23
629  16794.452381  0.23
630  16794.452381  0.23
631  16794.452381  0.23
632  16794.452381  0.23
633  16794.452381  0.23
634  16794.452381  0.23
635  16794.452381  0.23
636  16794.452381  0.23
637  16794.452381  0.23
638  16794.452381  0.23
639  16794.452381  0.23
640  16794.452381  0.23
641  16794.452381  0.23
642  16794.452381  0.23
643  16794.452381  0.23
644  16794.452381  0.23
645  16794.452381  0.23
646  16794.452381  0.23
647  16794.452381  0.23
648  16794.452381  0.23
649  16794.452381  0.23
650  16794.452381  0.23
651  16794.452381  0.23
652  16794.452381  0.23
653  16794.452381  0.23
654  16794.452381  0.23
655  16794.452381  0.23
656  16794.452381  0.23
657  16794.452381  0.23
658  16794.452381  0.23
659  16794.452381  0.23
660  16794.452381  0.23
661  16794.452381  0.23
662  16794.452381  0.23
663  16794.452381  0.23
664  16794.452381  0.23
665  16794.452381  0.23
666  16794.452381  0.23
667  16794.452381  0.23
668  16794.452381  0.23
669  16794.452381  0.23
670  16794.452381  0.23
671  16794.452381  0.23
672  16794.452381  0.23
673  16794.452381  0.23
674  16794.452381  0.23
675  16794.452381  0.23
676  16794.452381  0.23
677  16794.452381  0.23
678  16794.452381  0.23
679  16794.452381  0.23
680  16794.452381  0.23
681  16794.452381  0.23
682  16794.452381  0.23
683  16794.452381  0.23
684  16794.452381  0.23
685  16794.452381  0.23
686  16794.452381  0.23
687  16794.452381  0.23
688  16794.452381  0.23
689  16794.452381  0.23
690  16794.452381  0.23
691  16794.452381  0.23
692  16794.452381  0.23
693  16794.452381  0.23
694  16794.452381  0.23
695  16794.452381  0.23
696  16794.452381  0.23
697  16794.452381  0.23
698  16794.452381  0.23
699  16794.452381  0.23
700  16794.452381  0.23
701  16794.452381  0.23
702  16794.452381  0.23
703  16794.452381  0.23
704  16794.452381  0.23
705  16794.452381  0.23
706  16794.452381  0.23
707  16794.452381  0.23
708  16794.452381  0.23
709  16794.452381  0.23
710  16794.452381  0.23
711  16794.452381  0.23
712  16794.452381  0.23
713  16794.452381  0.23
714  16794.452381  0.23
715  16794.452381  0.23
716  16794.452381  0.23
717  16794.452381  0.23
718  16794.452381  0.23
719  16794.452381  0.23
720  16794.452381  0.23
721  16794.452381  0.23
722  16794.452381  0.23
723  16794.452381  0.23
724  16794.452381  0.23
725  16794.452381  0.23
726  16794.452381  0.23
727  16794.452381  0.23
728  16794.452381  0.23
729  16794.452381  0.23
730  16794.452381  0.23
731  16794.452381  0.23
732  16794.452381  0.23
733  16794.452381  0.23
734  16794.452381  0.23
735  16794.452381  0.23
736  16794.452381  0.23
737  16794.452381  0.23
738  16794.452381  0.23
739  16794.452381  0.23
740  16794.452381  0.23
741  16794.452381  0.23
742  16794.452381  0.23
743  16794.452381  0.23
744  16794.452381  0.23
745  16794.452381  0.23
746  16794.452381  0.23
747  16794.452381  0.23
748  16794.452381  0.23
749  16794.452381  0.23
750  16794.452381  0.23
751  16794.452381  0.23
752  16794.452381  0.23
753  16794.452381  0.23
754  16794.452381  0.23
755  16794.452381  0.23
756  16794.452381  0.23
757  16794.452381  0.23
758  16794.452381  0.23
759  16794.452381  0.23
760  16794.452381  0.23
761  16794.452381  0.23
762  16794.452381  0.23
763  16794.452381  0.23
764  16794.452381  0.23
765  16794.452381  0.23
766  16794.452381  0.23
767  16794.452381  0.23
768  16794.452381  0.23
769  16794.452381  0.23
770  16794.452381  0.23
771  16794.452381  0.23
772  16794.452381  0.23
773  16794.452381  0.23
774  16794.452381  0.23
775  16794.452381  0.23
776  16794.452381  0.23
777  16794.452381  0.23
778  16794.452381  0.23
779  16794.452381  0.23
780  16794.452381  0.23
781  16794.452381  0.23
782  16794.452381  0.23
783  16794.452381  0.23
784  16794.452381  0.23
785  16794.452381  0.23
786  16794.452381  0.23
787  16794.452381  0.23
788  16794.452381  0.23
789  16794.452381  0.23
790  16384.0714286  0.23
791  15229.0714286  0.23
792  15229.0714286  0.23
793  15229.0714286  0.23
794  15229.0714286  0.23
795  15229.0714286  0.23
796  15229.0714286  0.23
797  15229.0714286  0.23
798  15229.0714286  0.23
799  15229.0714286  0.23
800  15229.0714286  0.23
801  15229.0714286  0.23
802  15229.0714286  0.23
803  15229.0714286  0.23
804  15229.0714286  0.23
805  15229.0714286  0.23
806  15229.0714286  0.23
807  15229.0714286  0.23
808  15229.0714286  0.23
809  15229.0714286  0.23
810  15229.0714286  0.23
811  15229.0714286  0.23
812  15229.0714286  0.23
813  15229.0714286  0.23
814  15229.0714286  0.23
815  15229.0714286  0.23
816  15229.0714286  0.23
817  15229.0714286  0.23
818  15229.0714286  0.23
819  15229.0714286  0.23
820  15229.0714286  0.23
821  15229.0714286  0.23
822  15229.0714286  0.23
823  15229.0714286  0.23
824  15229.0714286  0.23
825  15229.0714286  0.23
826  15229.0714286  0.23
827  15229.0714286  0.23
828  15229.0714286  0.23
829  15229.0714286  0.23
830  15229.0714286  0.23
831  15229.0714286  0.23
832  15229.0714286  0.23
833  15229.0714286  0.23
834  15229.0714286  0.23
835  15229.0714286  0.23
836  15229.0714286  0.23
837  15229.0714286  0.23
838  15229.0714286  0.23
839  15229.0714286  0.23
840  15229.0714286  0.23
841  15229.0714286  0.23
842  15229.0714286  0.23
843  15229.0714286  0.23
844  15229.0714286  0.23
845  15229.0714286  0.23
846  15229.0714286  0.23
847  15229.0714286  0.23
848  15229.0714286  0.23
849  15229.0714286  0.23
850  15229.0714286  0.23
851  15229.0714286  0.23
852  15229.0714286  0.23
853  15229.0714286  0.23
854  15229.0714286  0.23
855  15229.0714286  0.23
856  15229.0714286  0.23
857  15229.0714286  0.23
858  15229.0714286  0.23
859  15229.0714286  0.23
860  15229.0714286  0.23
861  15229.0714286  0.23
862  15229.0714286  0.23
863  15229.0714286  0.23
864  15229.0714286  0.23
865  15229.0714286  0.23
866  15229.0714286  0.23
867  15229.0714286  0.23
868  15229.0714286  0.23
869  15229.0714286  0.23
870  15229.0714286  0.23
871  15229.0714286  0.23
872  15229.0714286  0.23
873  15229.0714286  0.23
874  15229.0714286  0.23
875  15229.0714286  0.23
876  15229.0714286  0.23
877  15229.0714286  0.23
878  15229.0714286  0.23
879  15229.0714286  0.23
880  15229.0714286  0.23
881  15229.0714286  0.23
882  15229.0714286  0.23
883  15229.0714286  0.23
884  15229.0714286  0.23
885  15229.0714286  0.23
886  15229.0714286  0.23
887  15229.0714286  0.23
888  15229.0714286  0.23
889  15229.0714286  0.23
890  15229.0714286  0.23
891  15229.0714286  0.23
892  15229.0714286  0.23
893  15229.0714286  0.23
894  15229.0714286  0.23
895  15229.0714286  0.23
896  15229.0714286  0.23
897  15229.0714286  0.23
898  15229.0714286  0.23
899  15229.0714286  0.23
900  15229.0714286  0.23
901  15229.0714286  0.23
902  15229.0714286  0.23
903  15229.0714286  0.23
904  15229.0714286  0.23
905  15229.0714286  0.23
906  15229.0714286  0.23
907  15229.0714286  0.23
908  15229.0714286  0.23
909  15229.0714286  0.23
910  15229.0714286  0.23
911  15229.0714286  0.23
912  15229.0714286  0.23
913  15229.0714286  0.23
914  15229.0714286  0.23
915  15229.0714286  0.23
916  15229.0714286  0.23
917  15229.0714286  0.23
918  15229.0714286  0.23
919  15229.0714286  0.23
920  15229.0714286  0.23
921  15229.0714286  0.23
922  15229.0714286  0.23
923  15229.0714286  0.23
924  15229.0714286  0.23
925  15229.0714286  0.23
926  15229.0714286  0.23
927  15229.0714286  0.23
928  15229.0714286  0.23
929  15229.0714286  0.23
930  15229.0714286  0.23
931  15229.0714286  0.23
932  15229.0714286  0.23
933  15229.0714286  0.23
934  15229.0714286  0.23
935  15229.0714286  0.23
936  15229.0714286  0.23
937  15229.0714286  0.23
938  15229.0714286  0.23
939  15229.0714286  0.23
940  15229.0714286  0.23
941  15229.0714286  0.23
942  15229.0714286  0.23
943  15229.0714286  0.23
944  15229.0714286  0.23
945  15229.0714286  0.23
946  15229.0714286  0.23
947  15229.0714286  0.23
948  15229.0714286  0.23
949  15229.0714286  0.23
950  15229.0714286  0.23
951  15229.0714286  0.23
952  15229.0714286  0.23
953  15229.0714286  0.23
954  15229.0714286  0.23
955  15229.0714286  0.23
956  15229.0714286  0.23
957  15229.0714286  0.23
958  15229.0714286  0.23
959  15229.0714286  0.23
960  15229.0714286  0.23
961  15229.0714286  0.23
962  15229.0714286  0.23
963  15229.0714286  0.23
964  15229.0714286  0.23
965  15229.0714286  0.23
966  15229.0714286  0.23
967  15229.0714286  0.23
968  15229.0714286  0.23
969  15229.0714286  0.23
970  15229.0714286  0.23
971  15229.0714286  0.23
972  15229.0714286  0.23
973  15229.0714286  0.23
974  15229.0714286  0.23
975  15229.0714286  0.23
976  15229.0714286  0.23
977  15229.0714286  0.23
978  15229.0714286  0.23
979  15229.0714286  0.23
980  15229.0714286  0.23
981  15229.0714286  0.23
982  15229.0714286  0.23
983  15229.0714286  0.23
984  15229.0714286  0.23
985  15229.0714286  0.23
986  15229.0714286  0.23
987  15229.0714286  0.23
988  15229.0714286  0.23
989  15229.0714286  0.23
990  15229.0714286  0.23
991  15229.0714286  0.23
992  15229.0714286  0.23
993  15229.0714286  0.23
994  15229.0714286  0.23
995  15229.0714286  0.23
996  15229.0714286  0.23
997  15229.0714286  0.23
998  15229.0714286  0.23
999  15229.0714286  0.23
1000  15229.0714286  0.23
1001  15229.0714286  0.23
1002  15229.0714286  0.23
1003  15229.0714286  0.23
1004  15229.0714286  0.23
1005  15229.0714286  0.23
1006  15229.0714286  0.23
1007  15229.0714286  0.23
1008  15229.0714286  0.23
1009  15229.0714286  0.23
1010  15229.0714286  0.23
1011  15229.0714286  0.23
1012  15229.0714286  0.23
1013  15229.0714286  0.23
1014  15229.0714286  0.23
1015  15229.0714286  0.23
1016  15229.0714286  0.23
1017  15229.0714286  0.23
1018  15229.0714286  0.23
1019  15229.0714286  0.23
1020  15229.0714286  0.23
1021  15229.0714286  0.23
1022  15229.0714286  0.23
1023  15229.0714286  0.23
1024  15229.0714286  0.23
1025  15229.0714286  0.23
1026  15229.0714286  0.23
1027  15229.0714286  0.23
1028  15229.0714286  0.23
1029  15229.0714286  0.23
1030  15229.0714286  0.23
1031  15229.0714286  0.23
1032  15229.0714286  0.23
1033  15229.0714286  0.23
1034  15229.0714286  0.23
1035  15229.0714286  0.23
1036  15229.0714286  0.23
1037  15229.0714286  0.23
1038  15229.0714286  0.23
1039  15229.0714286  0.23
1040  15229.0714286  0.23
1041  15229.0714286  0.23
1042  15229.0714286  0.23
1043  15229.0714286  0.23
1044  15229.0714286  0.23
1045  15229.0714286  0.23
1046  15229.0714286  0.23
1047  15229.0714286  0.23
1048  15229.0714286  0.23
1049  15229.0714286  0.23
1050  15229.0714286  0.23
1051  15229.0714286  0.23
1052  15229.0714286  0.23
1053  15229.0714286  0.23
1054  15229.0714286  0.23
1055  15229.0714286  0.23
1056  15229.0714286  0.23
1057  15229.0714286  0.23
1058  15229.0714286  0.23
1059  15229.0714286  0.23
1060  15229.0714286  0.23
1061  15229.0714286  0.23
1062  15229.0714286  0.23
1063  15229.0714286  0.23
1064  15229.0714286  0.23
1065  15229.0714286  0.23
1066  15229.0714286  0.23
1067  15229.0714286  0.23
1068  15229.0714286  0.23
1069  15229.0714286  0.23
1070  15229.0714286  0.23
1071  15229.0714286  0.23
1072  15229.0714286  0.23
1073  15229.0714286  0.23
1074  15229.0714286  0.23
1075  15229.0714286  0.23
1076  15229.0714286  0.23
1077  15229.0714286  0.23
1078  15229.0714286  0.23
1079  15229.0714286  0.23
1080  15229.0714286  0.23
1081  15229.0714286  0.23
1082  15229.0714286  0.23
1083  15229.0714286  0.23
1084  15229.0714286  0.23
1085  15229.0714286  0.23
1086  15229.0714286  0.23
1087  15229.0714286  0.23
1088  15229.0714286  0.23
1089  15229.0714286  0.23
1090  15229.0714286  0.23
1091  15229.0714286  0.23
1092  15229.0714286  0.23
1093  15229.0714286  0.23
1094  15229.0714286  0.23
1095  15229.0714286  0.23
1096  15229.0714286  0.23
1097  15229.0714286  0.23
1098  15229.0714286  0.23
1099  15229.0714286  0.23
1100  15229.0714286  0.23
1101  15229.0714286  0.23
1102  15229.0714286  0.23
1103  15229.0714286  0.23
1104  15229.0714286  0.23
1105  15229.0714286  0.23
1106  15229.0714286  0.23
1107  15229.0714286  0.23
1108  15229.0714286  0.23
1109  15229.0714286  0.23
1110  15229.0714286  0.23
1111  15229.0714286  0.23
1112  15229.0714286  0.23
1113  15229.0714286  0.23
1114  15229.0714286  0.23
1115  15229.0714286  0.23
1116  15229.0714286  0.23
1117  15229.0714286  0.23
1118  15229.0714286  0.23
1119  15229.0714286  0.23
1120  15229.0714286  0.23
1121  15229.0714286  0.23
1122  15229.0714286  0.23
1123  15229.0714286  0.23
1124  15229.0714286  0.23
1125  15229.0714286  0.23
1126  15229.0714286  0.23
1127  15229.0714286  0.23
1128  15229.0714286  0.23
1129  15229.0714286  0.23
1130  15229.0714286  0.23
1131  15229.0714286  0.23
1132  15229.0714286  0.23
1133  15229.0714286  0.23
1134  15229.0714286  0.23
1135  15229.0714286  0.23
1136  15229.0714286  0.23
1137  15229.0714286  0.23
1138  15229.0714286  0.23
1139  15229.0714286  0.23
1140  15229.0714286  0.23
1141  15229.0714286  0.23
1142  15229.0714286  0.23
1143  15229.0714286  0.23
1144  15229.0714286  0.23
1145  15229.0714286  0.23
1146  15229.0714286  0.23
1147  15229.0714286  0.23
1148  15229.0714286  0.23
1149  15229.0714286  0.23
1150  15229.0714286  0.23
1151  15229.0714286  0.23
1152  15229.0714286  0.23
1153  15229.0714286  0.23
1154  15229.0714286  0.23
1155  15229.0714286  0.23
1156  15229.0714286  0.23
1157  15229.0714286  0.23
1158  15229.0714286  0.23
1159  15229.0714286  0.23
1160  15229.0714286  0.23
1161  15229.0714286  0.23
1162  15229.0714286  0.23
1163  15229.0714286  0.23
1164  15229.0714286  0.23
1165  15229.0714286  0.23
1166  15229.0714286  0.23
1167  15229.0714286  0.23
1168  15229.0714286  0.23
1169  15229.0714286  0.23
1170  15229.0714286  0.23
1171  15229.0714286  0.23
1172  15229.0714286  0.23
1173  15229.0714286  0.23
1174  15229.0714286  0.23
1175  15229.0714286  0.23
1176  15229.0714286  0.23
1177  15229.0714286  0.23
1178  15229.0714286  0.23
1179  15229.0714286  0.23
1180  15229.0714286  0.23
1181  15229.0714286  0.23
1182  15229.0714286  0.23
1183  15229.0714286  0.23
1184  15229.0714286  0.23
1185  15229.0714286  0.23
1186  15229.0714286  0.23
1187  15229.0714286  0.23
1188  15229.0714286  0.23
1189  15229.0714286  0.23
1190  15229.0714286  0.23
1191  15229.0714286  0.23
1192  15229.0714286  0.23
1193  15229.0714286  0.23
1194  15229.0714286  0.23
1195  15229.0714286  0.23
1196  15229.0714286  0.23
1197  15229.0714286  0.23
1198  15229.0714286  0.23
1199  15229.0714286  0.23
1200  15229.0714286  0.23
1201  15229.0714286  0.23
1202  15229.0714286  0.23
1203  15229.0714286  0.23
1204  15229.0714286  0.23
1205  15229.0714286  0.23
1206  15229.0714286  0.23
1207  15229.0714286  0.23
1208  15229.0714286  0.23
1209  15229.0714286  0.23
1210  15229.0714286  0.23
1211  15229.0714286  0.23
1212  15229.0714286  0.23
1213  15229.0714286  0.23
1214  15229.0714286  0.23
1215  15229.0714286  0.23
1216  15229.0714286  0.23
1217  15229.0714286  0.23
1218  15229.0714286  0.23
1219  15229.0714286  0.23
1220  15229.0714286  0.23
1221  15229.0714286  0.23
1222  15229.0714286  0.23
1223  15229.0714286  0.23
1224  15229.0714286  0.23
1225  15229.0714286  0.23
1226  15229.0714286  0.23
1227  15229.0714286  0.23
1228  15229.0714286  0.23
1229  15229.0714286  0.23
1230  15229.0714286  0.23
1231  15229.0714286  0.23
1232  15229.0714286  0.23
1233  15229.0714286  0.23
1234  15229.0714286  0.23
1235  15229.0714286  0.23
1236  15229.0714286  0.23
1237  15229.0714286  0.23
1238  15229.0714286  0.23
1239  15229.0714286  0.23
1240  15229.0714286  0.23
1241  15229.0714286  0.23
1242  15229.0714286  0.23
1243  15229.0714286  0.23
1244  15229.0714286  0.23
1245  15229.0714286  0.23
1246  15229.0714286  0.23
1247  15229.0714286  0.23
1248  15229.0714286  0.23
1249  15229.0714286  0.23
1250  15229.0714286  0.23
1251  15229.0714286  0.23
1252  15229.0714286  0.23
1253  15229.0714286  0.23
1254  15229.0714286  0.23
1255  15229.0714286  0.23
1256  15229.0714286  0.23
1257  15229.0714286  0.23
1258  15229.0714286  0.23
1259  15229.0714286  0.23
1260  15229.0714286  0.23
1261  15229.0714286  0.23
1262  15229.0714286  0.23
1263  15229.0714286  0.23
1264  15229.0714286  0.23
1265  15229.0714286  0.23
1266  15229.0714286  0.23
1267  15229.0714286  0.23
1268  15229.0714286  0.23
1269  15229.0714286  0.23
1270  15229.0714286  0.23
1271  15229.0714286  0.23
1272  15229.0714286  0.23
1273  15229.0714286  0.23
1274  15229.0714286  0.23
1275  15229.0714286  0.23
1276  15229.0714286  0.23
1277  15229.0714286  0.23
1278  15229.0714286  0.23
1279  15229.0714286  0.23
1280  15229.0714286  0.23
1281  15229.0714286  0.23
1282  15229.0714286  0.23
1283  15229.0714286  0.23
1284  15229.0714286  0.23
1285  15229.0714286  0.23
1286  15229.0714286  0.23
1287  15229.0714286  0.23
1288  15229.0714286  0.23
1289  15229.0714286  0.23
1290  15229.0714286  0.23
1291  15229.0714286  0.23
1292  15229.0714286  0.23
1293  15229.0714286  0.23
1294  15229.0714286  0.23
1295  15229.0714286  0.23
1296  15229.0714286  0.23
1297  15229.0714286  0.23
1298  15229.0714286  0.23
1299  15229.0714286  0.23
1300  15229.0714286  0.23
1301  15229.0714286  0.23
1302  15229.0714286  0.23
1303  15229.0714286  0.23
1304  15229.0714286  0.23
1305  15229.0714286  0.23
1306  15229.0714286  0.23
1307  15229.0714286  0.23
1308  15229.0714286  0.23
1309  15229.0714286  0.23
1310  15229.0714286  0.23
1311  15229.0714286  0.23
1312  15229.0714286  0.23
1313  15229.0714286  0.23
1314  15229.0714286  0.23
1315  15229.0714286  0.23
1316  15229.0714286  0.23
1317  15229.0714286  0.23
1318  15229.0714286  0.23
1319  15229.0714286  0.23
1320  15229.0714286  0.23
1321  15229.0714286  0.23
1322  15229.0714286  0.23
1323  15229.0714286  0.23
1324  15229.0714286  0.23
1325  15229.0714286  0.23
1326  15229.0714286  0.23
1327  15229.0714286  0.23
1328  15229.0714286  0.23
1329  15229.0714286  0.23
1330  15229.0714286  0.23
1331  15229.0714286  0.23
1332  15229.0714286  0.23
1333  15229.0714286  0.23
1334  15229.0714286  0.23
1335  15229.0714286  0.23
1336  15229.0714286  0.23
1337  15229.0714286  0.23
1338  15229.0714286  0.23
1339  15229.0714286  0.23
1340  15229.0714286  0.23
1341  15229.0714286  0.23
1342  15229.0714286  0.23
1343  15229.0714286  0.23
1344  15229.0714286  0.23
1345  15229.0714286  0.23
1346  15229.0714286  0.23
1347  15229.0714286  0.23
1348  15229.0714286  0.23
1349  15229.0714286  0.23
1350  15229.0714286  0.23
1351  15229.0714286  0.23
1352  15229.0714286  0.23
1353  15229.0714286  0.23
1354  15229.0714286  0.23
1355  15229.0714286  0.23
1356  15229.0714286  0.23
1357  15229.0714286  0.23
1358  15229.0714286  0.23
1359  15229.0714286  0.23
1360  15229.0714286  0.23
1361  15229.0714286  0.23
1362  15229.0714286  0.23
1363  15229.0714286  0.23
1364  15229.0714286  0.23
1365  15229.0714286  0.23
1366  15229.0714286  0.23
1367  15229.0714286  0.23
1368  15229.0714286  0.23
1369  15229.0714286  0.23
1370  15229.0714286  0.23
1371  15229.0714286  0.23
1372  15229.0714286  0.23
1373  15229.0714286  0.23
1374  15229.0714286  0.23
1375  15229.0714286  0.23
1376  15229.0714286  0.23
1377  15229.0714286  0.23
1378  15229.0714286  0.23
1379  15229.0714286  0.23
1380  15229.0714286  0.23
1381  15229.0714286  0.23
1382  15229.0714286  0.23
1383  15229.0714286  0.23
1384  15229.0714286  0.23
1385  15229.0714286  0.23
1386  15229.0714286  0.23
1387  15229.0714286  0.23
1388  15229.0714286  0.23
1389  15229.0714286  0.23
1390  15229.0714286  0.23
1391  15229.0714286  0.23
1392  15229.0714286  0.23
1393  15229.0714286  0.23
1394  15229.0714286  0.23
1395  15229.0714286  0.23
1396  15229.0714286  0.23
1397  15229.0714286  0.23
1398  15229.0714286  0.23
1399  15229.0714286  0.23
1400  15229.0714286  0.23
1401  15229.0714286  0.23
1402  15229.0714286  0.23
1403  15229.0714286  0.23
1404  15229.0714286  0.23
1405  15229.0714286  0.23
1406  15229.0714286  0.23
1407  15229.0714286  0.23
1408  15229.0714286  0.23
1409  15229.0714286  0.23
1410  15229.0714286  0.23
1411  15229.0714286  0.23
1412  15229.0714286  0.23
1413  15229.0714286  0.23
1414  15229.0714286  0.23
1415  15229.0714286  0.23
1416  15229.0714286  0.23
1417  15229.0714286  0.23
1418  15229.0714286  0.23
1419  15229.0714286  0.23
1420  15229.0714286  0.23
1421  15229.0714286  0.23
1422  15229.0714286  0.23
1423  15229.0714286  0.23
1424  15229.0714286  0.23
1425  15229.0714286  0.23
1426  15229.0714286  0.23
1427  15229.0714286  0.23
1428  15229.0714286  0.23
1429  15229.0714286  0.23
1430  15229.0714286  0.23
1431  15229.0714286  0.23
1432  15229.0714286  0.23
1433  15229.0714286  0.23
1434  15229.0714286  0.23
1435  15229.0714286  0.23
1436  15229.0714286  0.23
1437  15229.0714286  0.23
1438  15229.0714286  0.23
1439  15229.0714286  0.23
1440  15229.0714286  0.23
1441  15229.0714286  0.23
1442  15229.0714286  0.23
1443  15229.0714286  0.23
1444  15229.0714286  0.23
1445  15229.0714286  0.23
1446  15229.0714286  0.23
1447  15229.0714286  0.23
1448  15229.0714286  0.23
1449  15229.0714286  0.23
1450  15229.0714286  0.23
1451  15229.0714286  0.23
1452  15229.0714286  0.23
1453  15229.0714286  0.23
1454  15229.0714286  0.23
1455  15229.0714286  0.23
1456  15229.0714286  0.23
1457  15229.0714286  0.23
1458  15229.0714286  0.23
1459  15229.0714286  0.23
1460  15229.0714286  0.23
1461  15229.0714286  0.23
1462  15229.0714286  0.23
1463  15229.0714286  0.23
1464  15229.0714286  0.23
1465  15229.0714286  0.23
1466  15229.0714286  0.23
1467  15229.0714286  0.23
1468  15229.0714286  0.23
1469  15229.0714286  0.23
1470  15229.0714286  0.23
1471  15229.0714286  0.23
1472  15229.0714286  0.23
1473  15229.0714286  0.23
1474  15229.0714286  0.23
1475  15229.0714286  0.23
1476  17609.015625  0.22
1477  18186.1601562  0.22
1478  17614.5080566  0.22
1479  18189.4862671  0.22
1480  17615.7001991  0.22
1481  18190.0416174  0.22
1482  17615.9593583  0.22
1483  18190.1674493  0.22
1484  17616.0212876  0.22
1485  18190.198161  0.22
1486  17616.0365844  0.22
1487  18190.2057933  0.22
1488  17616.0403969  0.22
1489  18190.2076985  0.22
1490  17616.0413493  0.22
1491  18190.2081746  0.22
1492  17616.0415873  0.22
1493  18190.2082937  0.22
1494  17616.0416468  0.22
1495  18190.2083234  0.22
1496  17616.0416617  0.22
1497  18190.2083309  0.22
1498  17616.0416654  0.22
1499  18190.2083327  0.22
1500  17616.0416664  0.22
1501  18190.2083332  0.22
1502  17616.0416666  0.22
1503  18190.2083333  0.22
1504  17616.0416666  0.22
1505  18190.2083333  0.22
1506  17616.0416667  0.22
1507  18190.2083333  0.22
1508  17616.0416667  0.22
1509  18190.2083333  0.22
1510  17616.0416667  0.22
1511  18190.2083333  0.22
1512  17616.0416667  0.22
1513  18190.2083333  0.22
1514  17616.0416667  0.22
1515  18190.2083333  0.22
1516  17616.0416667  0.22
1517  18190.2083333  0.22
1518  17616.0416667  0.22
1519  18190.2083333  0.22
1520  17616.0416667  0.22
1521  18190.2083333  0.22
1522  17616.0416667  0.22
1523  18190.2083333  0.22
1524  17616.0416667  0.22
1525  18190.2083333  0.22
1526  17616.0416667  0.22
1527  18190.2083333  0.22
1528  17616.0416667  0.22
1529  18026.296875  0.16
1530  18381.1972656  0.16
1531  18023.8161621  0.16
1532  18384.7988586  0.16
1533  18023.494915  0.16
1534  18385.2307115  0.16
1535  18023.4501709  0.16
1536  18385.2902748  0.16
1537  18023.4438855  0.16
1538  18385.2986327  0.16
1539  18023.4430018  0.16
1540  18385.2998077  0.16
1541  18023.4428775  0.16
1542  18385.299973  0.16
1543  18023.44286  0.16
1544  18385.2999962  0.16
1545  18023.4428575  0.16
1546  18385.2999995  0.16
1547  18023.4428572  0.16
1548  18385.2999999  0.16
1549  18023.4428572  0.16
1550  18385.3  0.16
1551  18023.4428571  0.16
1552  18385.3  0.16
1553  18023.4428571  0.16
1554  18385.3  0.16
1555  18023.4428571  0.16
1556  18385.3  0.16
1557  18023.4428571  0.16
1558  18385.3  0.16
1559  18023.4428571  0.16
1560  18385.3  0.16
1561  18023.4428571  0.16
1562  18385.3  0.16
1563  18023.4428571  0.16
1564  18385.3  0.16
1565  18023.4428571  0.16
1566  18385.3  0.16
1567  18023.4428571  0.16
1568  18385.3  0.16
1569  18023.4428571  0.16
1570  18385.3  0.16
1571  18023.4428571  0.16
1572  18385.3  0.16
1573  18023.4428571  0.16
1574  18385.3  0.16
1575  18023.4428571  0.16
1576  18385.3  0.16
1577  18023.4428571  0.16
1578  18385.3  0.16
1579  18023.4428571  0.16
1580  18385.3  0.16
1581  18023.4428571  0.16
1582  18385.3  0.16
1583  18023.4428571  0.16
1584  18385.3  0.16
1585  18023.4428571  0.16
1586  18385.3  0.16
1587  18023.4428571  0.16
1588  18385.3  0.16
1589  18023.4428571  0.16
1590  18385.3  0.16
1591  18023.4428571  0.16
1592  18385.3  0.16
1593  18023.4428571  0.16
1594  18385.3  0.16
1595  18023.4428571  0.16
1596  18385.3  0.16
1597  18023.4428571  0.16
1598  18385.3  0.16
1599  18023.4428571  0.16
1600  18385.3  0.16
1601  18023.4428571  0.16
1602  18385.3  0.16
1603  18023.4428571  0.16
1604  18385.3  0.16
1605  18023.4428571  0.16
1606  18385.3  0.16
1607  18023.4428571  0.16
1608  18385.3  0.16
1609  18023.4428571  0.16
1610  18385.3  0.16
1611  18023.4428571  0.16
1612  18385.3  0.16
1613  18023.4428571  0.16
1614  18385.3  0.16
1615  18023.4428571  0.16
1616  18385.3  0.16
1617  18023.4428571  0.16
1618  18385.3  0.16
1619  18023.4428571  0.16
1620  18385.3  0.16
1621  18023.4428571  0.16
1622  18385.3  0.16
1623  18023.4428571  0.16
1624  18385.3  0.16
1625  18023.4428571  0.16
1626  18385.3  0.16
1627  18023.4428571  0.16
1628  18385.3  0.16
1629  18023.4428571  0.16
1630  18385.3  0.16
1631  18023.4428571  0.16
1632  18385.3  0.16
1633  18023.4428571  0.16
1634  18385.3  0.16
1635  18023.4428571  0.16
1636  18385.3  0.16
1637  18023.4428571  0.16
1638  18385.3  0.16
1639  18023.4428571  0.16
1640  18385.3  0.16
1641  18023.4428571  0.16
1642  18385.3  0.16
1643  18023.4428571  0.16
1644  18385.3  0.16
1645  18023.4428571  0.16
1646  18385.3  0.16
1647  18023.4428571  0.16
1648  18385.3  0.16
1649  18023.4428571  0.16
1650  18385.3  0.16
1651  18023.4428571  0.16
1652  18385.3  0.16
1653  18023.4428571  0.16
1654  18385.3  0.16
1655  18023.4428571  0.16
1656  18385.3  0.16
1657  18023.4428571  0.16
1658  18385.3  0.16
1659  18023.4428571  0.16
1660  18385.3  0.16
1661  18023.4428571  0.16
1662  18385.3  0.16
1663  18023.4428571  0.16
1664  18385.3  0.16
1665  18023.4428571  0.16
1666  18385.3  0.16
1667  18023.4428571  0.16
1668  18385.3  0.16
1669  18023.4428571  0.16
1670  18385.3  0.16
1671  18023.4428571  0.16
1672  18385.3  0.16
1673  18023.4428571  0.16
1674  18385.3  0.16
1675  18023.4428571  0.16
1676  18385.3  0.16
1677  18023.4428571  0.16
1678  18385.3  0.16
1679  18023.4428571  0.16
1680  18385.3  0.16
1681  18023.4428571  0.16
1682  18385.3  0.16
1683  18023.4428571  0.16
1684  18385.3  0.16
1685  18023.4428571  0.16
1686  18385.3  0.16
1687  18023.4428571  0.16
1688  18385.3  0.16
1689  18023.4428571  0.16
1690  18385.3  0.16
1691  18023.4428571  0.16
1692  18385.3  0.16
1693  18023.4428571  0.16
1694  18385.3  0.16
1695  18023.4428571  0.16
1696  18385.3  0.16
1697  18023.4428571  0.16
1698  18385.3  0.16
1699  18023.4428571  0.16
1700  18385.3  0.16
1701  18023.4428571  0.16
1702  18385.3  0.16
1703  18023.4428571  0.16
1704  18385.3  0.16
1705  18023.4428571  0.16
1706  18385.3  0.16
1707  18023.4428571  0.16
1708  18385.3  0.16
1709  18023.4428571  0.16
1710  18385.3  0.16
1711  18023.4428571  0.16
1712  18385.3  0.16
1713  18023.4428571  0.16
1714  18385.3  0.16
1715  18023.4428571  0.16
1716  18385.3  0.16
1717  18023.4428571  0.16
1718  18385.3  0.16
1719  18023.4428571  0.16
1720  18385.3  0.16
1721  18023.4428571  0.16
1722  18385.3  0.16
1723  18023.4428571  0.16
1724  18385.3  0.16
1725  18023.4428571  0.16
1726  18385.3  0.16
1727  18023.4428571  0.16
1728  18385.3  0.16
1729  18023.4428571  0.16
1730  18385.3  0.16
1731  18023.4428571  0.16
1732  18385.3  0.16
1733  18023.4428571  0.16
1734  18385.3  0.16
1735  18023.4428571  0.16
1736  18385.3  0.16
1737  18023.4428571  0.16
1738  18385.3  0.16
1739  18023.4428571  0.16
1740  18385.3  0.16
1741  18023.4428571  0.16
1742  18385.3  0.16
1743  18023.4428571  0.16
1744  18385.3  0.16
1745  18023.4428571  0.16
1746  18385.3  0.16
1747  18023.4428571  0.16
1748  18385.3  0.16
1749  18023.4428571  0.16
1750  18385.3  0.16
1751  18023.4428571  0.16
1752  18385.3  0.16
1753  18023.4428571  0.16
1754  18385.3  0.16
1755  18023.4428571  0.16
1756  18385.3  0.16
1757  18023.4428571  0.16
1758  18385.3  0.16
1759  18023.4428571  0.16
1760  18385.3  0.16
1761  18023.4428571  0.16
1762  18385.3  0.16
1763  18023.4428571  0.16
1764  18385.3  0.16
1765  18023.4428571  0.16
1766  18385.3  0.16
1767  18023.4428571  0.16
1768  18385.3  0.16
1769  18023.4428571  0.16
1770  18385.3  0.16
1771  18023.4428571  0.16
1772  18385.3  0.16
1773  18023.4428571  0.16
1774  18385.3  0.16
1775  18023.4428571  0.16
1776  18385.3  0.16
1777  18023.4428571  0.16
1778  18385.3  0.16
1779  18023.4428571  0.16
1780  18385.3  0.16
1781  18023.4428571  0.16
1782  18385.3  0.16
1783  18023.4428571  0.16
1784  18385.3  0.16
1785  18023.4428571  0.16
1786  18385.3  0.16
1787  18023.4428571  0.16
1788  18385.3  0.16
1789  18023.4428571  0.16
1790  18385.3  0.16
1791  18023.4428571  0.16
1792  18385.3  0.16
1793  18023.4428571  0.16
1794  18385.3  0.16
1795  18023.4428571  0.16
1796  18385.3  0.16
1797  18023.4428571  0.16
1798  18385.3  0.16
1799  18023.4428571  0.16
1800  18385.3  0.16
1801  18023.4428571  0.16
1802  18385.3  0.16
1803  18023.4428571  0.16
1804  18385.3  0.16
1805  18023.4428571  0.16
1806  18385.3  0.16
1807  18023.4428571  0.16
1808  18385.3  0.16
1809  18023.4428571  0.16
1810  18385.3  0.16
1811  18023.4428571  0.16
1812  18385.3  0.16
1813  18023.4428571  0.16
1814  18385.3  0.16
1815  18023.4428571  0.16
1816  18385.3  0.16
1817  18023.4428571  0.16
1818  18385.3  0.16
1819  18023.4428571  0.16
1820  18385.3  0.16
1821  18023.4428571  0.16
1822  18385.3  0.16
1823  18023.4428571  0.16
1824  18385.3  0.16
1825  18023.4428571  0.16
1826  18385.3  0.16
1827  18023.4428571  0.16
1828  18385.3  0.16
1829  18023.4428571  0.16
1830  18385.3  0.16
1831  18023.4428571  0.16
1832  18385.3  0.16
1833  18023.4428571  0.16
1834  18385.3  0.16
1835  18023.4428571  0.16
1836  18385.3  0.16
1837  18023.4428571  0.16
1838  18385.3  0.16
1839  18023.4428571  0.16
1840  18385.3  0.16
1841  18023.4428571  0.16
1842  18385.3  0.16
1843  18023.4428571  0.16
1844  18385.3  0.16
1845  18023.4428571  0.16
1846  18385.3  0.16
1847  18023.4428571  0.16
1848  18385.3  0.16
1849  18023.4428571  0.16
1850  18385.3  0.16
1851  18023.4428571  0.16
1852  18385.3  0.16
1853  18023.4428571  0.16
1854  18385.3  0.16
1855  18023.4428571  0.16
1856  18385.3  0.16
1857  18023.4428571  0.16
1858  18385.3  0.16
1859  18023.4428571  0.16
1860  18385.3  0.16
1861  18023.4428571  0.16
1862  18385.3  0.16
1863  18023.4428571  0.16
1864  18385.3  0.16
1865  18023.4428571  0.16
1866  18385.3  0.16
1867  18023.4428571  0.16
1868  18385.3  0.16
1869  18023.4428571  0.16
1870  18385.3  0.16
1871  18023.4428571  0.16
1872  18385.3  0.16
1873  18023.4428571  0.16
1874  18385.3  0.16
1875  18023.4428571  0.16
1876  18385.3  0.16
1877  18023.4428571  0.16
1878  18385.3  0.16
1879  18023.4428571  0.16
1880  18385.3  0.16
1881  18023.4428571  0.16
1882  18385.3  0.16
1883  18023.4428571  0.16
1884  18385.3  0.16
1885  18023.4428571  0.16
1886  18308.3  0.16
1887  18308.3  0.16
1888  18308.3  0.16
1889  18308.3  0.16
1890  18308.3  0.16
1891  18308.3  0.16
1892  18308.3  0.16
1893  18308.3  0.16
1894  18308.3  0.16
1895  18308.3  0.16
1896  18308.3  0.16
1897  18308.3  0.16
1898  18308.3  0.16
1899  18308.3  0.16
1900  18308.3  0.16
1901  18308.3  0.16
1902  18308.3  0.16
1903  18308.3  0.16
1904  18308.3  0.16
1905  18308.3  0.16
1906  18308.3  0.16
1907  18308.3  0.16
1908  18308.3  0.16
1909  18308.3  0.16
1910  18308.3  0.16
1911  18308.3  0.16
1912  18308.3  0.16
1913  18308.3  0.16
1914  18308.3  0.16
1915  18308.3  0.16
1916  18308.3  0.16
1917  18308.3  0.16
1918  18308.3  0.16
1919  18308.3  0.16
1920  18308.3  0.16
1921  18308.3  0.16
1922  18308.3  0.16
1923  18308.3  0.16
1924  18308.3  0.16
1925  18308.3  0.16
1926  18308.3  0.16
1927  18308.3  0.16
1928  18308.3  0.16
1929  18308.3  0.16
1930  18308.3  0.16
1931  18308.3  0.16
1932  18308.3  0.16
1933  18308.3  0.16
1934  18308.3  0.16
1935  18308.3  0.16
1936  18308.3  0.16
1937  18308.3  0.16
1938  18308.3  0.16
1939  18308.3  0.16
1940  18308.3  0.16
1941  18308.3  0.16
1942  18308.3  0.16
1943  18308.3  0.16
1944  18308.3  0.16
1945  18308.3  0.16
1946  18308.3  0.16
1947  18308.3  0.16
1948  18308.3  0.16
1949  18308.3  0.16
1950  18308.3  0.16
1951  18308.3  0.16
1952  18308.3  0.16
1953  18308.3  0.16
1954  18308.3  0.16
1955  18308.3  0.16
1956  18308.3  0.16
1957  18308.3  0.16
1958  18308.3  0.16
1959  18308.3  0.16
1960  18308.3  0.16
1961  18308.3  0.16
1962  18308.3  0.16
1963  18308.3  0.16
1964  18308.3  0.16
1965  18308.3  0.16
1966  18308.3  0.16
1967  18308.3  0.16
1968  18308.3  0.16
1969  18308.3  0.16
1970  18308.3  0.16
1971  18308.3  0.16
1972  18308.3  0.16
1973  18308.3  0.16
1974  18308.3  0.16
1975  18308.3  0.16
1976  18308.3  0.16
1977  18308.3  0.16
1978  18308.3  0.16
1979  18308.3  0.16
1980  18308.3  0.16
1981  18308.3  0.16
1982  18308.3  0.16
1983  18308.3  0.16
1984  18308.3  0.16
1985  18308.3  0.16
1986  18308.3  0.16
1987  18308.3  0.16
1988  18308.3  0.16
1989  18308.3  0.16
1990  18308.3  0.16
1991  18308.3  0.16
1992  18308.3  0.16
1993  18308.3  0.16
1994  18308.3  0.16
1995  18308.3  0.16
1996  18308.3  0.16
1997  18308.3  0.16
1998  18308.3  0.16
1999  18308.3  0.16
2000  18308.3  0.16
2001  18308.3  0.16
2002  18308.3  0.16
2003  18308.3  0.16
2004  18308.3  0.16
2005  18308.3  0.16
2006  18308.3  0.16
2007  18308.3  0.16
2008  18308.3  0.16
2009  18308.3  0.16
2010  18308.3  0.16
2011  18308.3  0.16
2012  18308.3  0.16
2013  18308.3  0.16
2014  18308.3  0.16
2015  18308.3  0.16
2016  18308.3  0.16
2017  18308.3  0.16
2018  18308.3  0.16
2019  18308.3  0.16
2020  18308.3  0.16
2021  18308.3  0.16
2022  18308.3  0.16
2023  18308.3  0.16
2024  18308.3  0.16
2025  18308.3  0.16
2026  18308.3  0.16
2027  18308.3  0.16
2028  18308.3  0.16
2029  18308.3  0.16
2030  18308.3  0.16
2031  18308.3  0.16
2032  18308.3  0.16
2033  18308.3  0.16
2034  18308.3  0.16
2035  18308.3  0.16
2036  18308.3  0.16
2037  18308.3  0.16
2038  18308.3  0.16
2039  18308.3  0.16
2040  18308.3  0.16
2041  18308.3  0.16
2042  18308.3  0.16
2043  18308.3  0.16
2044  18308.3  0.16
2045  18308.3  0.16
2046  18308.3  0.16
2047  18308.3  0.16
2048  18308.3  0.16
2049  18308.3  0.16
2050  18308.3  0.16
2051  18308.3  0.16
2052  18308.3  0.16
2053  18308.3  0.16
2054  18308.3  0.16
2055  18308.3  0.16
2056  18308.3  0.16
2057  18308.3  0.16
2058  18308.3  0.16
2059  18308.3  0.16
2060  18308.3  0.16
2061  18308.3  0.16
2062  18308.3  0.16
2063  18308.3  0.16
2064  18308.3  0.16
2065  18308.3  0.16
2066  18308.3  0.16
2067  18308.3  0.16
2068  18308.3  0.16
2069  18308.3  0.16
2070  18308.3  0.16
2071  18308.3  0.16
2072  18308.3  0.16
2073  18308.3  0.16
2074  18308.3  0.16
2075  18308.3  0.16
2076  18308.3  0.16
2077  18308.3  0.16
2078  18308.3  0.16
2079  18308.3  0.16
2080  18308.3  0.16
2081  18308.3  0.16
2082  18308.3  0.16
2083  18308.3  0.16
2084  18308.3  0.16
2085  18308.3  0.16
2086  18308.3  0.16
2087  18308.3  0.16
2088  18308.3  0.16
2089  18308.3  0.16
2090  18308.3  0.16
2091  18308.3  0.16
2092  18308.3  0.16
2093  18308.3  0.16
2094  18308.3  0.16
2095  18308.3  0.16
2096  18308.3  0.16
2097  18308.3  0.16
2098  18308.3  0.16
2099  18308.3  0.16
2100  18308.3  0.16
2101  18308.3  0.16
2102  18308.3  0.16
2103  18308.3  0.16
2104  18308.3  0.16
2105  18308.3  0.16
2106  18308.3  0.16
2107  18308.3  0.16
2108  18308.3  0.16
2109  18308.3  0.16
2110  18308.3  0.16
2111  18308.3  0.16
2112  18308.3  0.16
2113  18308.3  0.16
2114  18308.3  0.16
2115  18308.3  0.16
2116  18308.3  0.16
2117  18308.3  0.16
2118  18308.3  0.16
2119  18308.3  0.16
2120  18308.3  0.16
2121  18308.3  0.16
2122  18308.3  0.16
2123  18308.3  0.16
2124  18308.3  0.16
2125  18308.3  0.16
2126  18308.3  0.16
2127  18308.3  0.16
2128  18308.3  0.16
2129  18308.3  0.16
2130  18308.3  0.16
2131  18308.3  0.16
2132  18308.3  0.16
2133  18308.3  0.16
2134  18308.3  0.16
2135  18308.3  0.16
2136  18308.3  0.16
2137  18308.3  0.16
2138  18308.3  0.16
2139  18308.3  0.16
2140  18308.3  0.16
2141  18308.3  0.16
2142  18308.3  0.16
2143  18308.3  0.16
2144  18308.3  0.16
2145  18308.3  0.16
2146  18308.3  0.16
2147  18308.3  0.16
2148  18308.3  0.16
2149  18308.3  0.16
2150  18308.3  0.16
2151  18308.3  0.16
2152  18308.3  0.16
2153  18308.3  0.16
2154  18308.3  0.16
2155  18308.3  0.16
2156  18308.3  0.16
2157  18308.3  0.16
2158  18308.3  0.16
2159  18308.3  0.16
2160  18308.3  0.16
2161  18308.3  0.16
2162  18308.3  0.16
2163  18308.3  0.16
2164  18308.3  0.16
2165  18308.3  0.16
2166  18308.3  0.16
2167  18308.3  0.16
2168  18308.3  0.16
2169  18308.3  0.16
2170  18308.3  0.16
2171  18308.3  0.16
2172  18308.3  0.16
2173  18308.3  0.16
2174  18308.3  0.16
2175  18308.3  0.16
2176  18308.3  0.16
2177  18308.3  0.16
2178  18308.3  0.16
2179  18308.3  0.16
2180  18308.3  0.16
2181  18308.3  0.16
2182  18308.3  0.16
2183  18308.3  0.16
2184  18308.3  0.16
2185  18308.3  0.16
2186  18308.3  0.16
2187  18308.3  0.16
2188  18308.3  0.16
2189  18308.3  0.16
2190  18308.3  0.16
2191  18308.3  0.16
2192  18308.3  0.16
2193  18308.3  0.16
2194  18308.3  0.16
2195  18308.3  0.16
2196  18308.3  0.16
2197  18308.3  0.16
2198  18308.3  0.16
2199  18308.3  0.16
2200  18308.3  0.16
2201  18308.3  0.16
2202  18308.3  0.16
2203  18308.3  0.16
2204  18308.3  0.16
2205  18308.3  0.16
2206  18308.3  0.16
2207  18308.3  0.16
2208  18308.3  0.16
2209  18308.3  0.16
2210  18308.3  0.16
2211  18308.3  0.16
2212  18308.3  0.16
2213  18308.3  0.16
2214  18308.3  0.16
2215  18308.3  0.16
2216  18308.3  0.16
2217  18308.3  0.16
2218  18308.3  0.16
2219  18308.3  0.16
2220  18308.3  0.16
2221  18308.3  0.16
2222  18308.3  0.16
2223  18308.3  0.16
2224  18308.3  0.16
2225  18308.3  0.16
2226  18308.3  0.16
2227  18308.3  0.16
2228  18308.3  0.16
2229  18308.3  0.16
2230  18308.3  0.16
2231  18308.3  0.16
2232  18308.3  0.16
2233  18308.3  0.16
2234  18308.3  0.16
2235  18308.3  0.16
2236  18308.3  0.16
2237  18308.3  0.16
2238  18308.3  0.16
2239  18308.3  0.16
2240  18308.3  0.16
2241  18308.3  0.16
2242  18308.3  0.16
2243  18308.3  0.16
2244  18308.3  0.16
2245  18308.3  0.16
2246  18308.3  0.16
2247  18308.3  0.16
2248  18308.3  0.16
2249  18308.3  0.16
2250  18308.3  0.16
2251  18308.3  0.16
2252  18308.3  0.16
2253  18308.3  0.16
2254  18308.3  0.16
2255  18308.3  0.16
2256  18308.3  0.16
2257  18308.3  0.16
2258  18308.3  0.16
2259  18308.3  0.16
2260  18308.3  0.16
2261  18308.3  0.16
2262  18308.3  0.16
2263  18308.3  0.16
2264  18308.3  0.16
2265  18308.3  0.16
2266  18308.3  0.16
2267  18308.3  0.16
2268  18308.3  0.16
2269  18308.3  0.16
2270  18308.3  0.16
2271  18308.3  0.16
2272  18308.3  0.16
2273  18308.3  0.16
2274  18308.3  0.16
2275  18308.3  0.16
2276  18308.3  0.16
2277  18308.3  0.16
2278  18308.3  0.16
2279  18308.3  0.16
2280  18308.3  0.16
2281  18308.3  0.16
2282  18308.3  0.16
2283  18308.3  0.16
2284  18308.3  0.16
2285  18308.3  0.16
2286  18308.3  0.16
2287  18308.3  0.16
2288  18242.3  0.16
2289  18056.3  0.16
2290  17356.3  0.16
2291  17356.3  0.16
2292  17356.3  0.16
2293  17356.3  0.16
2294  17356.3  0.16
2295  17356.3  0.16
2296  17356.3  0.16
2297  17356.3  0.16
2298  17356.3  0.16
2299  17356.3  0.16
2300  17356.3  0.16
2301  17356.3  0.16
2302  17356.3  0.16
2303  17356.3  0.16
2304  17356.3  0.16
2305  17356.3  0.16
2306  17356.3  0.16
2307  17356.3  0.16
2308  17356.3  0.16
2309  17356.3  0.16
2310  17356.3  0.16
2311  17356.3  0.16
2312  17356.3  0.16
2313  17356.3  0.16
2314  17356.3  0.16
2315  17356.3  0.16
2316  17356.3  0.16
2317  17356.3  0.16
2318  17356.3  0.16
2319  17356.3  0.16
2320  17356.3  0.16
2321  17356.3  0.16
2322  17356.3  0.16
2323  17356.3  0.16
2324  17356.3  0.16
2325  17356.3  0.16
2326  17356.3  0.16
2327  17356.3  0.16
2328  17356.3  0.16
2329  17356.3  0.16
2330  17356.3  0.16
2331  17356.3  0.16
2332  17356.3  0.16
2333  17356.3  0.16
2334  17356.3  0.16
2335  17356.3  0.16
2336  17356.3  0.16
2337  17356.3  0.16
2338  17356.3  0.16
2339  17356.3  0.16
2340  17356.3  0.16
2341  17356.3  0.16
2342  17356.3  0.16
2343  17356.3  0.16
2344  17356.3  0.16
2345  17356.3  0.16
2346  17356.3  0.16
2347  17356.3  0.16
2348  17356.3  0.16
2349  17356.3  0.16
2350  17356.3  0.16
2351  17356.3  0.16
2352  17356.3  0.16
2353  17356.3  0.16
2354  17356.3  0.16
2355  17356.3  0.16
2356  17356.3  0.16
2357  17356.3  0.16
2358  17356.3  0.16
2359  17356.3  0.16
2360  17356.3  0.16
2361  17356.3  0.16
2362  17356.3  0.16
2363  17356.3  0.16
2364  17356.3  0.16
2365  17356.3  0.16
2366  17356.3  0.16
2367  17356.3  0.16
2368  17356.3  0.16
2369  17356.3  0.16
2370  17356.3  0.16
2371  17356.3  0.16
2372  17356.3  0.16
2373  17356.3  0.16
2374  17356.3  0.16
2375  17356.3  0.16
2376  17356.3  0.16
2377  17356.3  0.16
2378  17356.3  0.16
2379  17356.3  0.16
2380  17356.3  0.16
2381  17356.3  0.16
2382  17356.3  0.16
2383  17356.3  0.16
2384  17356.3  0.16
2385  17356.3  0.16
2386  17356.3  0.16
2387  17356.3  0.16
2388  17356.3  0.16
2389  17356.3  0.16
2390  17356.3  0.16
2391  17356.3  0.16
2392  17356.3  0.16
2393  17356.3  0.16
2394  17356.3  0.16
2395  17356.3  0.16
2396  17356.3  0.16
2397  17356.3  0.16
2398  17356.3  0.16
2399  17356.3  0.16
2400  17356.3  0.16
2401  17356.3  0.16
2402  17356.3  0.16
2403  17356.3  0.16
2404  17356.3  0.16
2405  17356.3  0.16
2406  17356.3  0.16
2407  17356.3  0.16
2408  17356.3  0.16
2409  17356.3  0.16
2410  17356.3  0.16
2411  17356.3  0.16
2412  17356.3  0.16
2413  17356.3  0.16
2414  17356.3  0.16
2415  17356.3  0.16
2416  17356.3  0.16
2417  17356.3  0.16
2418  17356.3  0.16
2419  17356.3  0.16
2420  17356.3  0.16
2421  17356.3  0.16
2422  17356.3  0.16
2423  17356.3  0.16
2424  17356.3  0.16
2425  17356.3  0.16
2426  17356.3  0.16
2427  17356.3  0.16
2428  17356.3  0.16
2429  17356.3  0.16
2430  17356.3  0.16
2431  17356.3  0.16
2432  17356.3  0.16
2433  17356.3  0.16
2434  17356.3  0.16
2435  17356.3  0.16
2436  17356.3  0.16
2437  17356.3  0.16
2438  17356.3  0.16
2439  17356.3  0.16
2440  17356.3  0.16
2441  17356.3  0.16
2442  17356.3  0.16
2443  17356.3  0.16
2444  17356.3  0.16
2445  17356.3  0.16
2446  17356.3  0.16
2447  17356.3  0.16
2448  17356.3  0.16
2449  17356.3  0.16
2450  17356.3  0.16
2451  17356.3  0.16
2452  17356.3  0.16
2453  17356.3  0.16
2454  17356.3  0.16
2455  17356.3  0.16
2456  17356.3  0.16
2457  17356.3  0.16
2458  17356.3  0.16
2459  17356.3  0.16
2460  17356.3  0.16
2461  17356.3  0.16
2462  17356.3  0.16
2463  17356.3  0.16
2464  17356.3  0.16
2465  17356.3  0.16
2466  17356.3  0.16
2467  17356.3  0.16
2468  17356.3  0.16
2469  17356.3  0.16
2470  17356.3  0.16
2471  17356.3  0.16
2472  17356.3  0.16
2473  17356.3  0.16
2474  17356.3  0.16
2475  17356.3  0.16
2476  17356.3  0.16
2477  17356.3  0.16
2478  17356.3  0.16
2479  17356.3  0.16
2480  17356.3  0.16
2481  17356.3  0.16
2482  17356.3  0.16
2483  17356.3  0.16
2484  17356.3  0.16
2485  17356.3  0.16
2486  17356.3  0.16
2487  17356.3  0.16
2488  17356.3  0.16
2489  17356.3  0.16
2490  17356.3  0.16
2491  17356.3  0.16
2492  17356.3  0.16
2493  17356.3  0.16
2494  17356.3  0.16
2495  17356.3  0.16
2496  17356.3  0.16
2497  17356.3  0.16
2498  17356.3  0.16
2499  17356.3  0.16
2500  17356.3  0.16
2501  17356.3  0.16
2502  17356.3  0.16
2503  17356.3  0.16
2504  17356.3  0.16
2505  17356.3  0.16
2506  17356.3  0.16
2507  17356.3  0.16
2508  17356.3  0.16
2509  17356.3  0.16
2510  17356.3  0.16
2511  17356.3  0.16
2512  17356.3  0.16
2513  17356.3  0.16
2514  17356.3  0.16
2515  17356.3  0.16
2516  17356.3  0.16
2517  17356.3  0.16
2518  17356.3  0.16
2519  17356.3  0.16
2520  17356.3  0.16
2521  17356.3  0.16
2522  17356.3  0.16
2523  17356.3  0.16
2524  17356.3  0.16
2525  17356.3  0.16
2526  17356.3  0.16
2527  17356.3  0.16
2528  17356.3  0.16
2529  17356.3  0.16
2530  17356.3  0.16
2531  17356.3  0.16
2532  17356.3  0.16
2533  17356.3  0.16
2534  17356.3  0.16
2535  17356.3  0.16
2536  17356.3  0.16
2537  17356.3  0.16
2538  17356.3  0.16
2539  17356.3  0.16
2540  17356.3  0.16
2541  17356.3  0.16
2542  17356.3  0.16
2543  17356.3  0.16
2544  17356.3  0.16
2545  17356.3  0.16
2546  17356.3  0.16
2547  17356.3  0.16
2548  17356.3  0.16
2549  17356.3  0.16
2550  17356.3  0.16
2551  17356.3  0.16
2552  17356.3  0.16
2553  17356.3  0.16
2554  17356.3  0.16
2555  17356.3  0.16
2556  17356.3  0.16
2557  17356.3  0.16
2558  17356.3  0.16
2559  17356.3  0.16
2560  17356.3  0.16
2561  17356.3  0.16
2562  17356.3  0.16
2563  17356.3  0.16
2564  17356.3  0.16
2565  17356.3  0.16
2566  17356.3  0.16
2567  17356.3  0.16
2568  17356.3  0.16
2569  17356.3  0.16
2570  17356.3  0.16
2571  17356.3  0.16
2572  17356.3  0.16
2573  17356.3  0.16
2574  17356.3  0.16
2575  17356.3  0.16
2576  17356.3  0.16
2577  17356.3  0.16
2578  17356.3  0.16
2579  17356.3  0.16
2580  17356.3  0.16
2581  17356.3  0.16
2582  17356.3  0.16
2583  17356.3  0.16
2584  17356.3  0.16
2585  17356.3  0.16
2586  17356.3  0.16
2587  17356.3  0.16
2588  17356.3  0.16
2589  17356.3  0.16
2590  17356.3  0.16
2591  17356.3  0.16
2592  17356.3  0.16
2593  17356.3  0.16
2594  17356.3  0.16
2595  17356.3  0.16
2596  17356.3  0.16
2597  17356.3  0.16
2598  17356.3  0.16
2599  17356.3  0.16
2600  17356.3  0.16
2601  17356.3  0.16
2602  17356.3  0.16
2603  17356.3  0.16
2604  17356.3  0.16
2605  17356.3  0.16
2606  17356.3  0.16
2607  17356.3  0.16
2608  17356.3  0.16
2609  17356.3  0.16
2610  17356.3  0.16
2611  17356.3  0.16
2612  17356.3  0.16
2613  17356.3  0.16
2614  17356.3  0.16
2615  17356.3  0.16
2616  17356.3  0.16
2617  17356.3  0.16
2618  17356.3  0.16
2619  17356.3  0.16
2620  17356.3  0.16
2621  17356.3  0.16
2622  17356.3  0.16
2623  17356.3  0.16
2624  17356.3  0.16
2625  17356.3  0.16
2626  17356.3  0.16
2627  17356.3  0.16
2628  17356.3  0.16
2629  17356.3  0.16
2630  17356.3  0.16
2631  17356.3  0.16
2632  17356.3  0.16
2633  17356.3  0.16
2634  17356.3  0.16
2635  17356.3  0.16
2636  17356.3  0.16
2637  17356.3  0.16
2638  17356.3  0.16
2639  17356.3  0.16
2640  17356.3  0.16
2641  17356.3  0.16
2642  17356.3  0.16
2643  17356.3  0.16
2644  17356.3  0.16
2645  17356.3  0.16
2646  17356.3  0.16
2647  17356.3  0.16
2648  17356.3  0.16
2649  17356.3  0.16
2650  17356.3  0.16
2651  17356.3  0.16
2652  17356.3  0.16
2653  17356.3  0.16
2654  17356.3  0.16
2655  17356.3  0.16
2656  17356.3  0.16
2657  17356.3  0.16
2658  17356.3  0.16
2659  17356.3  0.16
2660  17356.3  0.16
2661  17356.3  0.16
2662  17356.3  0.16
2663  17356.3  0.16
2664  17356.3  0.16
2665  17356.3  0.16
2666  17356.3  0.16
2667  17356.3  0.16
2668  17356.3  0.16
2669  17356.3  0.16
2670  17356.3  0.16
2671  17356.3  0.16
2672  17356.3  0.16
2673  17356.3  0.16
2674  17356.3  0.16
2675  17356.3  0.16
2676  17356.3  0.16
2677  17356.3  0.16
2678  17356.3  0.16
2679  17356.3  0.16
2680  17356.3  0.16
2681  17356.3  0.16
2682  17356.3  0.16
2683  17356.3  0.16
2684  17356.3  0.16
2685  17356.3  0.16
2686  17356.3  0.16
2687  17356.3  0.16
2688  17356.3  0.16
2689  17356.3  0.16
2690  17356.3  0.16
2691  17356.3  0.16
2692  17356.3  0.16
2693  17356.3  0.16
2694  17356.3  0.16
2695  17356.3  0.16
2696  17356.3  0.16
2697  17356.3  0.16
2698  17356.3  0.16
2699  17356.3  0.16
2700  17356.3  0.16
2701  17356.3  0.16
2702  17356.3  0.16
2703  17356.3  0.16
2704  17356.3  0.16
2705  17356.3  0.16
2706  17356.3  0.16
2707  17356.3  0.16
2708  17356.3  0.16
2709  17356.3  0.16
2710  17356.3  0.16
2711  17356.3  0.16
2712  17356.3  0.16
2713  17356.3  0.16
2714  17356.3  0.16
2715  17356.3  0.16
2716  17356.3  0.16
2717  17356.3  0.16
2718  17356.3  0.16
2719  17356.3  0.16
2720  17356.3  0.16
2721  17356.3  0.16
2722  17356.3  0.16
2723  17356.3  0.16
2724  17356.3  0.16
2725  17356.3  0.16
2726  17356.3  0.16
2727  17356.3  0.16
2728  17356.3  0.16
2729  17356.3  0.16
2730  17356.3  0.16
2731  17356.3  0.16
2732  17356.3  0.16
2733  17356.3  0.16
2734  17356.3  0.16
2735  17356.3  0.16
2736  17356.3  0.16
2737  17356.3  0.16
2738  17356.3  0.16
2739  17356.3  0.16
2740  17356.3  0.16
2741  17356.3  0.16
2742  17356.3  0.16
2743  17356.3  0.16
2744  17356.3  0.16
2745  17356.3  0.16
2746  17356.3  0.16
2747  17356.3  0.16
2748  17356.3  0.16
2749  17356.3  0.16
2750  17356.3  0.16
2751  17356.3  0.16
2752  17356.3  0.16
2753  17356.3  0.16
2754  17356.3  0.16
2755  17356.3  0.16
2756  17356.3  0.16
2757  17356.3  0.16
2758  17356.3  0.16
2759  17356.3  0.16
2760  17356.3  0.16
2761  17356.3  0.16
2762  17356.3  0.16
2763  17356.3  0.16
2764  17356.3  0.16
2765  17356.3  0.16
2766  17356.3  0.16
2767  17356.3  0.16
2768  17356.3  0.16
2769  17356.3  0.16
2770  17356.3  0.16
2771  17356.3  0.16
2772  17356.3  0.16
2773  17356.3  0.16
2774  17356.3  0.16
2775  17356.3  0.16
2776  17356.3  0.16
2777  17356.3  0.16
2778  17356.3  0.16
2779  17356.3  0.16
2780  17356.3  0.16
2781  17356.3  0.16
2782  17356.3  0.16
2783  17356.3  0.16
2784  17356.3  0.16
2785  17356.3  0.16
2786  17356.3  0.16
2787  17356.3  0.16
2788  17356.3  0.16
2789  17356.3  0.16
2790  17356.3  0.16
2791  17356.3  0.16
2792  17356.3  0.16
2793  17356.3  0.16
2794  17356.3  0.16
2795  17356.3  0.16
2796  17356.3  0.16
2797  17356.3  0.16
2798  17356.3  0.16
2799  17356.3  0.16
2800  17356.3  0.16
2801  17356.3  0.16
2802  17356.3  0.16
2803  17356.3  0.16
2804  17356.3  0.16
2805  17356.3  0.16
2806  17356.3  0.16
2807  17356.3  0.16
2808  17356.3  0.16
2809  17356.3  0.16
2810  17356.3  0.16
2811  17356.3  0.16
2812  17356.3  0.16
2813  17356.3  0.16
2814  17356.3  0.16
2815  17356.3  0.16
2816  17356.3  0.16
2817  17356.3  0.16
2818  17356.3  0.16
2819  17356.3  0.16
2820  17356.3  0.16
2821  17356.3  0.16
2822  17356.3  0.16
2823  17356.3  0.16
2824  17356.3  0.16
2825  17356.3  0.16
2826  17356.3  0.16
2827  17356.3  0.16
2828  17356.3  0.16
2829  17356.3  0.16
2830  17356.3  0.16
2831  17356.3  0.16
2832  17356.3  0.16
2833  17356.3  0.16
2834  17356.3  0.16
2835  17356.3  0.16
2836  17356.3  0.16
2837  17356.3  0.16
2838  17356.3  0.16
2839  17356.3  0.16
2840  17356.3  0.16
2841  17356.3  0.16
2842  17356.3  0.16
2843  17356.3  0.16
2844  17356.3  0.16
2845  17356.3  0.16
2846  17356.3  0.16
2847  17356.3  0.16
2848  17356.3  0.16
2849  17356.3  0.16
2850  17356.3  0.16
2851  17356.3  0.16
2852  17356.3  0.16
2853  17356.3  0.16
2854  17356.3  0.16
2855  17356.3  0.16
2856  17356.3  0.16
2857  17356.3  0.16
2858  17356.3  0.16
2859  17356.3  0.16
2860  17356.3  0.16
2861  17356.3  0.16
2862  17356.3  0.16
2863  17356.3  0.16
2864  17356.3  0.16
2865  17356.3  0.16
2866  17356.3  0.16
2867  17356.3  0.16
2868  17356.3  0.16
2869  17356.3  0.16
2870  17356.3  0.16
2871  17356.3  0.16
2872  17356.3  0.16
2873  17356.3  0.16
2874  17356.3  0.16
2875  17356.3  0.16
2876  17356.3  0.16
2877  17356.3  0.16
2878  17356.3  0.16
2879  17356.3  0.16
2880  17356.3  0.16
2881  17356.3  0.16
2882  17356.3  0.16
2883  17356.3  0.16
2884  17356.3  0.16
2885  17356.3  0.16
2886  17356.3  0.16
2887  17356.3  0.16
2888  17356.3  0.16
2889  17356.3  0.16
2890  17356.3  0.16
2891  17356.3  0.16
2892  17356.3  0.16
2893  17356.3  0.16
2894  17356.3  0.16
2895  17356.3  0.16
2896  17356.3  0.16
2897  17356.3  0.16
2898  17356.3  0.16
2899  17356.3  0.16
2900  17356.3  0.16
2901  17356.3  0.16
2902  17356.3  0.16
2903  17356.3  0.16
2904  17356.3  0.16
2905  17356.3  0.16
2906  17356.3  0.16
2907  17356.3  0.16
2908  17356.3  0.16
2909  17356.3  0.16
2910  17356.3  0.16
2911  17356.3  0.16
2912  17356.3  0.16
2913  17356.3  0.16
2914  17356.3  0.16
2915  17356.3  0.16
2916  17356.3  0.16
2917  17356.3  0.16
2918  17356.3  0.16
2919  17356.3  0.16
2920  17356.3  0.16
2921  17356.3  0.16
2922  17356.3  0.16
2923  17356.3  0.16
2924  17356.3  0.16
2925  17356.3  0.16
2926  17356.3  0.16
2927  17356.3  0.16
2928  17356.3  0.16
2929  17356.3  0.16
2930  17356.3  0.16
2931  17356.3  0.16
2932  17356.3  0.16
2933  17356.3  0.16
2934  17356.3  0.16
2935  17356.3  0.16
2936  17356.3  0.16
2937  17356.3  0.16
2938  17356.3  0.16
2939  17356.3  0.16
2940  17356.3  0.16
2941  17356.3  0.16
2942  17356.3  0.16
2943  17356.3  0.16
2944  17356.3  0.16
2945  17356.3  0.16
2946  17356.3  0.16
2947  17356.3  0.16
2948  17356.3  0.16
2949  17356.3  0.16
2950  17356.3  0.16
2951  17356.3  0.16
2952  17356.3  0.16
2953  17356.3  0.16
2954  17356.3  0.16
2955  17356.3  0.16
2956  17356.3  0.16
2957  17356.3  0.16
2958  17356.3  0.16
2959  17356.3  0.16
2960  17356.3  0.16
2961  17356.3  0.16
2962  17356.3  0.16
2963  17356.3  0.16
2964  17356.3  0.16
2965  17356.3  0.16
2966  17356.3  0.16
2967  17356.3  0.16
2968  17356.3  0.16
2969  17356.3  0.16
2970  17356.3  0.16
2971  17356.3  0.16
2972  17356.3  0.16
2973  17356.3  0.16
2974  17356.3  0.16
2975  17356.3  0.16
2976  17356.3  0.16
2977  17356.3  0.16
2978  17356.3  0.16
2979  17356.3  0.16
2980  17356.3  0.16
2981  17356.3  0.16
2982  17356.3  0.16
2983  17356.3  0.16
2984  17356.3  0.16
2985  17356.3  0.16
2986  17356.3  0.16
2987  17356.3  0.16
2988  17356.3  0.16
2989  17356.3  0.16
2990  17356.3  0.16
2991  17356.3  0.16
2992  17356.3  0.16
2993  17356.3  0.16
2994  17356.3  0.16
2995  17356.3  0.16
2996  17356.3  0.16
2997  17356.3  0.16
2998  17356.3  0.16
2999  17356.3  0.16
#[-9, -7, -6, -3, -1, 3, 7, 7, 8, 9]
#[-6, -4, 0, 1, 1, 3, 5, 5, 6, 7]
#[-4, -4, -3, 2, 3, 4, 4, 5, 7, 8]
#[-8, -5, -4, 2, 2, 2, 2, 2, 2, 5]
#[2, 2, 2, 2, 2, 2, 2, 2, 2, 3]
#[-8, -4, 0, 2, 2, 2, 2, 2, 8, 9]
#[-9, 2, 2, 2, 2, 2, 2, 2, 2, 2]
#[1, 2, 2, 2, 2, 2, 2, 2, 2, 2]
#[2, 2, 2, 2, 2, 2, 2, 2, 2, 4]
#Specialization index= [1, 1, 0.6666666666666666]
