#[9, 5, 2, 5, 5, 6, 6, 5, 8, 7]
#[8, 8, 8, 9, 8, 4, 1, 4, 0, 8]
#[3, 5, 8, 8, 8, 6, 5, 7, 4, 2]
#[8, 4, 7, 6, 3, 1, 4, 1, 3, 9]
#[1, 9, 3, 8, 0, 9, 7, 9, 8, 8]
#[5, 6, 8, 6, 4, 6, 7, 9, 0, 5]
#[7, 3, 8, 9, 6, 9, 7, 5, 1, 1]
#[7, 6, 2, 2, 1, 0, 5, 6, 4, 8]
#[3, 5, 3, 2, 6, 3, 2, 4, 4, 2]
0  3302.36520386  0.19
1  3302.49705267  0.19
2  3302.55709097  0.19
3  3302.58727566  0.19
4  3302.60279912  0.19
5  3302.61082108  0.19
6  3564.12438965  0.17
7  3565.30287933  0.17
8  3565.96577978  0.17
9  3566.33866128  0.17
10  3566.54840713  0.17
11  3566.66638917  0.17
12  3566.73275406  0.17
13  3566.77008432  0.17
14  3566.79108258  0.17
15  3566.80289411  0.17
16  3566.80953809  0.17
17  3566.81327533  0.17
18  3566.81537753  0.17
19  3566.81656002  0.17
20  3566.81722517  0.17
21  3820.90078735  0.14
22  3820.15000916  0.14
23  3819.7687546  0.14
24  3819.57226187  0.14
25  3819.4695935  0.14
26  3819.41528077  0.14
27  3819.38623407  0.14
28  3819.37055341  0.14
29  3819.36202095  0.14
30  3819.35734741  0.14
31  3819.35477365  0.14
32  3819.35335002  0.14
33  3819.35255977  0.14
34  3819.35211988  0.14
35  3819.35187445  0.14
36  3819.35173729  0.14
37  3819.35166052  0.14
38  3819.3516175  0.14
39  3819.35159338  0.14
40  3819.35157985  0.14
41  3819.35157225  0.14
42  3819.35156798  0.14
43  3819.35156558  0.14
44  3819.35156423  0.14
45  3819.35156347  0.14
46  3819.35156305  0.14
47  3819.35156281  0.14
48  3819.35156267  0.14
49  3819.3515626  0.14
50  3819.35156255  0.14
51  3819.35156253  0.14
52  3819.35156252  0.14
53  3819.35156251  0.14
54  3819.35156251  0.14
55  3819.3515625  0.14
56  3819.3515625  0.14
57  3819.3515625  0.14
58  3819.3515625  0.14
59  3819.3515625  0.14
60  3819.3515625  0.14
61  3819.3515625  0.14
62  3819.3515625  0.14
63  3819.3515625  0.14
64  3819.3515625  0.14
65  3819.3515625  0.14
66  3819.3515625  0.14
67  3819.3515625  0.14
68  3819.3515625  0.14
69  3819.3515625  0.14
70  3819.3515625  0.14
71  3819.3515625  0.14
72  3819.3515625  0.14
73  3819.3515625  0.14
74  3819.3515625  0.14
75  3819.3515625  0.14
76  3819.3515625  0.14
77  3819.3515625  0.14
78  3819.3515625  0.14
79  3819.3515625  0.14
80  3819.3515625  0.14
81  3819.3515625  0.14
82  3819.3515625  0.14
83  3819.3515625  0.14
84  3819.3515625  0.14
85  3819.3515625  0.14
86  3819.3515625  0.14
87  3819.3515625  0.14
88  3819.3515625  0.14
89  3819.3515625  0.14
90  3819.3515625  0.14
91  3819.3515625  0.14
92  3819.3515625  0.14
93  3819.3515625  0.14
94  3819.3515625  0.14
95  3819.3515625  0.14
96  3819.3515625  0.14
97  3819.3515625  0.14
98  3819.3515625  0.14
99  3819.3515625  0.14
100  3819.3515625  0.14
101  3819.3515625  0.14
102  3819.3515625  0.14
103  3819.3515625  0.14
104  3819.3515625  0.14
105  3819.3515625  0.14
106  3819.3515625  0.14
107  3819.3515625  0.14
108  3819.3515625  0.14
109  3819.3515625  0.14
110  3819.3515625  0.14
111  3819.3515625  0.14
112  3819.3515625  0.14
113  3819.3515625  0.14
114  3819.3515625  0.14
115  3819.3515625  0.14
116  3819.3515625  0.14
117  3819.3515625  0.14
118  3819.3515625  0.14
119  3819.3515625  0.14
120  3819.3515625  0.14
121  3819.3515625  0.14
122  3819.3515625  0.14
123  3819.3515625  0.14
124  3819.3515625  0.14
125  3819.3515625  0.14
126  3819.3515625  0.14
127  3819.3515625  0.14
128  3819.3515625  0.14
129  3819.3515625  0.14
130  3819.3515625  0.14
131  3840.3359375  0.1
132  3840.3359375  0.1
133  3840.3359375  0.1
134  3840.3359375  0.1
135  3840.3359375  0.1
136  3840.3359375  0.1
137  3840.3359375  0.1
138  3840.3359375  0.1
139  3840.3359375  0.1
140  3840.3359375  0.1
141  3840.3359375  0.1
142  3840.3359375  0.1
143  3840.3359375  0.1
144  3840.3359375  0.1
145  3840.3359375  0.1
146  3840.3359375  0.1
147  3840.3359375  0.1
148  3840.3359375  0.1
149  3840.3359375  0.1
150  3840.3359375  0.1
151  3840.3359375  0.1
152  3840.3359375  0.1
153  3840.3359375  0.1
154  3840.3359375  0.1
155  3840.3359375  0.1
156  3840.3359375  0.1
157  3840.3359375  0.1
158  3840.3359375  0.1
159  3840.3359375  0.1
160  3840.3359375  0.1
161  3840.3359375  0.1
162  3840.3359375  0.1
163  3840.3359375  0.1
164  3840.3359375  0.1
165  3840.3359375  0.1
166  3840.3359375  0.1
167  3840.3359375  0.1
168  3840.3359375  0.1
169  3840.3359375  0.1
170  3840.3359375  0.1
171  3840.3359375  0.1
172  3840.3359375  0.1
173  3840.3359375  0.1
174  3840.3359375  0.1
175  3840.3359375  0.1
176  3840.3359375  0.1
177  3840.3359375  0.1
178  3840.3359375  0.1
179  3840.3359375  0.1
180  3840.3359375  0.1
181  3840.3359375  0.1
182  3840.3359375  0.1
183  3840.3359375  0.1
184  3840.3359375  0.1
185  3840.3359375  0.1
186  3840.3359375  0.1
187  3840.3359375  0.1
188  3840.3359375  0.1
189  3840.3359375  0.1
190  3840.3359375  0.1
191  3840.3359375  0.1
192  3840.3359375  0.1
193  3840.3359375  0.1
194  3840.3359375  0.1
195  3840.3359375  0.1
196  3840.3359375  0.1
197  3840.3359375  0.1
198  3840.3359375  0.1
199  3840.3359375  0.1
200  3840.3359375  0.1
201  3840.3359375  0.1
202  3840.3359375  0.1
203  3840.3359375  0.1
204  3840.3359375  0.1
205  3840.3359375  0.1
206  3840.3359375  0.1
207  3840.3359375  0.1
208  3840.3359375  0.1
209  3840.3359375  0.1
210  3840.3359375  0.1
211  3840.3359375  0.1
212  3840.3359375  0.1
213  3840.3359375  0.1
214  3840.3359375  0.1
215  3840.3359375  0.1
216  3840.3359375  0.1
217  3840.3359375  0.1
218  3840.3359375  0.1
219  3840.3359375  0.1
220  3840.3359375  0.1
221  3840.3359375  0.1
222  3840.3359375  0.1
223  3840.3359375  0.1
224  3840.3359375  0.1
225  3840.3359375  0.1
226  3840.3359375  0.1
227  3840.3359375  0.1
228  3840.3359375  0.1
229  3840.3359375  0.1
230  3840.3359375  0.1
231  3840.3359375  0.1
232  3840.3359375  0.1
233  3840.3359375  0.1
234  3840.3359375  0.1
235  3840.3359375  0.1
236  3840.3359375  0.1
237  3840.3359375  0.1
238  3840.3359375  0.1
239  3840.3359375  0.1
240  3840.3359375  0.1
241  3840.3359375  0.1
242  3840.3359375  0.1
243  3840.3359375  0.1
244  3840.3359375  0.1
245  3840.3359375  0.1
246  3840.3359375  0.1
247  3840.3359375  0.1
248  3840.3359375  0.1
249  3840.3359375  0.1
250  3840.3359375  0.1
251  3840.3359375  0.1
252  3840.3359375  0.1
253  3840.3359375  0.1
254  3840.3359375  0.1
255  3840.3359375  0.1
256  3840.3359375  0.1
257  3840.3359375  0.1
258  3840.3359375  0.1
259  3840.3359375  0.1
260  3840.3359375  0.1
261  3840.3359375  0.1
262  3840.3359375  0.1
263  3840.3359375  0.1
264  3840.3359375  0.1
265  3840.3359375  0.1
266  3840.3359375  0.1
267  3840.3359375  0.1
268  3840.3359375  0.1
269  3840.3359375  0.1
270  3840.3359375  0.1
271  3840.3359375  0.1
272  3840.3359375  0.1
273  3840.3359375  0.1
274  3840.3359375  0.1
275  3840.3359375  0.1
276  3840.3359375  0.1
277  3840.3359375  0.1
278  3840.3359375  0.1
279  3840.3359375  0.1
280  3840.3359375  0.1
281  3840.3359375  0.1
282  3840.3359375  0.1
283  3840.3359375  0.1
284  3840.3359375  0.1
285  3840.3359375  0.1
286  3840.3359375  0.1
287  3840.3359375  0.1
288  3840.3359375  0.1
289  3840.3359375  0.1
290  3840.3359375  0.1
291  3840.3359375  0.1
292  3840.3359375  0.1
293  3840.3359375  0.1
294  3840.3359375  0.1
295  3840.3359375  0.1
296  3840.3359375  0.1
297  3840.3359375  0.1
298  3840.3359375  0.1
299  3840.3359375  0.1
300  3840.3359375  0.1
301  3840.3359375  0.1
302  3840.3359375  0.1
303  3840.3359375  0.1
304  3840.3359375  0.1
305  3840.3359375  0.1
306  3840.3359375  0.1
307  3840.3359375  0.1
308  3840.3359375  0.1
309  3840.3359375  0.1
310  3840.3359375  0.1
311  3840.3359375  0.1
312  3840.3359375  0.1
313  3840.3359375  0.1
314  3840.3359375  0.1
315  3840.3359375  0.1
316  3840.3359375  0.1
317  3840.3359375  0.1
318  3840.3359375  0.1
319  3840.3359375  0.1
320  3840.3359375  0.1
321  3840.3359375  0.1
322  3840.3359375  0.1
323  3840.3359375  0.1
324  3840.3359375  0.1
325  3840.3359375  0.1
326  3840.3359375  0.1
327  3840.3359375  0.1
328  3840.3359375  0.1
329  3840.3359375  0.1
330  3840.3359375  0.1
331  3840.3359375  0.1
332  3840.3359375  0.1
333  3840.3359375  0.1
334  3840.3359375  0.1
335  3840.3359375  0.1
336  3840.3359375  0.1
337  3840.3359375  0.1
338  3840.3359375  0.1
339  3840.3359375  0.1
340  3840.3359375  0.1
341  3840.3359375  0.1
342  3840.3359375  0.1
343  3840.3359375  0.1
344  3840.3359375  0.1
345  3840.3359375  0.1
346  3840.3359375  0.1
347  3840.3359375  0.1
348  3840.3359375  0.1
349  3840.3359375  0.1
350  3840.3359375  0.1
351  3840.3359375  0.1
352  3840.3359375  0.1
353  3840.3359375  0.1
354  3840.3359375  0.1
355  3840.3359375  0.1
356  3840.3359375  0.1
357  3988.60217285  0.07
358  3987.33565521  0.07
359  3986.71450281  0.07
360  3986.40503249  0.07
361  3986.24842388  0.07
362  3986.16797399  0.07
363  3986.1260645  0.07
364  3986.10395323  0.07
365  3986.09215562  0.07
366  3986.08579945  0.07
367  3986.0823466  0.07
368  3986.08045797  0.07
369  3986.07941906  0.07
370  3986.07884493  0.07
371  3986.07852647  0.07
372  3986.0783493  0.07
373  3986.0782505  0.07
374  3986.0781953  0.07
375  3986.07816442  0.07
376  3986.07814712  0.07
377  3986.07813742  0.07
378  3986.07813197  0.07
379  3986.07812892  0.07
380  3986.0781272  0.07
381  3986.07812624  0.07
382  3986.0781257  0.07
383  3986.07812539  0.07
384  3986.07812522  0.07
385  3986.07812512  0.07
386  3986.07812507  0.07
387  3986.07812504  0.07
388  3986.07812502  0.07
389  3986.07812501  0.07
390  3986.07812501  0.07
391  3986.078125  0.07
392  3986.078125  0.07
393  3986.078125  0.07
394  3986.078125  0.07
395  3986.078125  0.07
396  3986.078125  0.07
397  3986.078125  0.07
398  3986.078125  0.07
399  3986.078125  0.07
400  3986.078125  0.07
401  3986.078125  0.07
402  3986.078125  0.07
403  3986.078125  0.07
404  3986.078125  0.07
405  3986.078125  0.07
406  3986.078125  0.07
407  3986.078125  0.07
408  3986.078125  0.07
409  3986.078125  0.07
410  3986.078125  0.07
411  3986.078125  0.07
412  3986.078125  0.07
413  3986.078125  0.07
414  3986.078125  0.07
415  3986.078125  0.07
416  3986.078125  0.07
417  3986.078125  0.07
418  3986.078125  0.07
419  3986.078125  0.07
420  3986.078125  0.07
421  3986.078125  0.07
422  3986.078125  0.07
423  3986.078125  0.07
424  3986.078125  0.07
425  3986.078125  0.07
426  3986.078125  0.07
427  3986.078125  0.07
428  3986.078125  0.07
429  3986.078125  0.07
430  3986.078125  0.07
431  3986.078125  0.07
432  3986.078125  0.07
433  3986.078125  0.07
434  3986.078125  0.07
435  3986.078125  0.07
436  3986.078125  0.07
437  3986.078125  0.07
438  3986.078125  0.07
439  3986.078125  0.07
440  3986.078125  0.07
441  3986.078125  0.07
442  3986.078125  0.07
443  3986.078125  0.07
444  3986.078125  0.07
445  3986.078125  0.07
446  3986.078125  0.07
447  3986.078125  0.07
448  3986.078125  0.07
449  3986.078125  0.07
450  3986.078125  0.07
451  3986.078125  0.07
452  3986.078125  0.07
453  3986.078125  0.07
454  3986.078125  0.07
455  3986.078125  0.07
456  3986.078125  0.07
457  3986.078125  0.07
458  3986.078125  0.07
459  3986.078125  0.07
460  3986.078125  0.07
461  3986.078125  0.07
462  3986.078125  0.07
463  3986.078125  0.07
464  3986.078125  0.07
465  3986.078125  0.07
466  3986.078125  0.07
467  3986.078125  0.07
468  3986.078125  0.07
469  3986.078125  0.07
470  3986.078125  0.07
471  3986.078125  0.07
472  3986.078125  0.07
473  3986.078125  0.07
474  3986.078125  0.07
475  3986.078125  0.07
476  3986.078125  0.07
477  3986.078125  0.07
478  3986.078125  0.07
479  3986.078125  0.07
480  3986.078125  0.07
481  3986.078125  0.07
482  3986.078125  0.07
483  3986.078125  0.07
484  3986.078125  0.07
485  3986.078125  0.07
486  3986.078125  0.07
487  3986.078125  0.07
488  3986.078125  0.07
489  3986.078125  0.07
490  3986.078125  0.07
491  3986.078125  0.07
492  3986.078125  0.07
493  3986.078125  0.07
494  3986.078125  0.07
495  3986.078125  0.07
496  3986.078125  0.07
497  3986.078125  0.07
498  3986.078125  0.07
499  3986.078125  0.07
500  3986.078125  0.07
501  3986.078125  0.07
502  3986.078125  0.07
503  3986.078125  0.07
504  3986.078125  0.07
505  3986.078125  0.07
506  3986.078125  0.07
507  3986.078125  0.07
508  3986.078125  0.07
509  3986.078125  0.07
510  3986.078125  0.07
511  3986.078125  0.07
512  3986.078125  0.07
513  3986.078125  0.07
514  3986.078125  0.07
515  3986.078125  0.07
516  3986.078125  0.07
517  3986.078125  0.07
518  3986.078125  0.07
519  3986.078125  0.07
520  3986.078125  0.07
521  3986.078125  0.07
522  3986.078125  0.07
523  3986.078125  0.07
524  3986.078125  0.07
525  3986.078125  0.07
526  3986.078125  0.07
527  3986.078125  0.07
528  3986.078125  0.07
529  3986.078125  0.07
530  3986.078125  0.07
531  3986.078125  0.07
532  3986.078125  0.07
533  3986.078125  0.07
534  3986.078125  0.07
535  3986.078125  0.07
536  3986.078125  0.07
537  3986.078125  0.07
538  3986.078125  0.07
539  3986.078125  0.07
540  3986.078125  0.07
541  3986.078125  0.07
542  3986.078125  0.07
543  3986.078125  0.07
544  3986.078125  0.07
545  3986.078125  0.07
546  3986.078125  0.07
547  3986.078125  0.07
548  3986.078125  0.07
549  3986.078125  0.07
550  3986.078125  0.07
551  3986.078125  0.07
552  3986.078125  0.07
553  3986.078125  0.07
554  3986.078125  0.07
555  3986.078125  0.07
556  3986.078125  0.07
557  3986.078125  0.07
558  3986.078125  0.07
559  3986.078125  0.07
560  3986.078125  0.07
561  3986.078125  0.07
562  3986.078125  0.07
563  3986.078125  0.07
564  3986.078125  0.07
565  3986.078125  0.07
566  3986.078125  0.07
567  3986.078125  0.07
568  3986.078125  0.07
569  3986.078125  0.07
570  3986.078125  0.07
571  3986.078125  0.07
572  3986.078125  0.07
573  3986.078125  0.07
574  3986.078125  0.07
575  3986.078125  0.07
576  3986.078125  0.07
577  3986.078125  0.07
578  3986.078125  0.07
579  3986.078125  0.07
580  3986.078125  0.07
581  3986.078125  0.07
582  3986.078125  0.07
583  3986.078125  0.07
584  3986.078125  0.07
585  3986.078125  0.07
586  3986.078125  0.07
587  3986.078125  0.07
588  3986.078125  0.07
589  3986.078125  0.07
590  3986.078125  0.07
591  3986.078125  0.07
592  3986.078125  0.07
593  3986.078125  0.07
594  3986.078125  0.07
595  3986.078125  0.07
596  3986.078125  0.07
597  3986.078125  0.07
598  3986.078125  0.07
599  3986.078125  0.07
600  3986.078125  0.07
601  3986.078125  0.07
602  3986.078125  0.07
603  3986.078125  0.07
604  3986.078125  0.07
605  3986.078125  0.07
606  3986.078125  0.07
607  3986.078125  0.07
608  3986.078125  0.07
609  3986.078125  0.07
610  3986.078125  0.07
611  3986.078125  0.07
612  3986.078125  0.07
613  3986.078125  0.07
614  3986.078125  0.07
615  3986.078125  0.07
616  3986.078125  0.07
617  3986.078125  0.07
618  3986.078125  0.07
619  3986.078125  0.07
620  3986.078125  0.07
621  3986.078125  0.07
622  3986.078125  0.07
623  3986.078125  0.07
624  3986.078125  0.07
625  3986.078125  0.07
626  3986.078125  0.07
627  3986.078125  0.07
628  3986.078125  0.07
629  3986.078125  0.07
630  3986.078125  0.07
631  3986.078125  0.07
632  3986.078125  0.07
633  3986.078125  0.07
634  3986.078125  0.07
635  3986.078125  0.07
636  3986.078125  0.07
637  3986.078125  0.07
638  3986.078125  0.07
639  3986.078125  0.07
640  3986.078125  0.07
641  3986.078125  0.07
642  3986.078125  0.07
643  3986.078125  0.07
644  3986.078125  0.07
645  3986.078125  0.07
646  3986.078125  0.07
647  3986.078125  0.07
648  3986.078125  0.07
649  3986.078125  0.07
650  3986.078125  0.07
651  3986.078125  0.07
652  3986.078125  0.07
653  3986.078125  0.07
654  3986.078125  0.07
655  3986.078125  0.07
656  3986.078125  0.07
657  3986.078125  0.07
658  3986.078125  0.07
659  3986.078125  0.07
660  3986.078125  0.07
661  3986.078125  0.07
662  3986.078125  0.07
663  3986.078125  0.07
664  3986.078125  0.07
665  3986.078125  0.07
666  3986.078125  0.07
667  3986.078125  0.07
668  3986.078125  0.07
669  3986.078125  0.07
670  3986.078125  0.07
671  3986.078125  0.07
672  3986.078125  0.07
673  3986.078125  0.07
674  3986.078125  0.07
675  3986.078125  0.07
676  3986.078125  0.07
677  3986.078125  0.07
678  3986.078125  0.07
679  3986.078125  0.07
680  3986.078125  0.07
681  3986.078125  0.07
682  3986.078125  0.07
683  3986.078125  0.07
684  3986.078125  0.07
685  3986.078125  0.07
686  3986.078125  0.07
687  3986.078125  0.07
688  3986.078125  0.07
689  3986.078125  0.07
690  3986.078125  0.07
691  3986.078125  0.07
692  3986.078125  0.07
693  3986.078125  0.07
694  3986.078125  0.07
695  3986.078125  0.07
696  3986.078125  0.07
697  3986.078125  0.07
698  3986.078125  0.07
699  3986.078125  0.07
700  3986.078125  0.07
701  3986.078125  0.07
702  3986.078125  0.07
703  3986.078125  0.07
704  3986.078125  0.07
705  3986.078125  0.07
706  3986.078125  0.07
707  3986.078125  0.07
708  3986.078125  0.07
709  3986.078125  0.07
710  3986.078125  0.07
711  3986.078125  0.07
712  3986.078125  0.07
713  3986.078125  0.07
714  3986.078125  0.07
715  3986.078125  0.07
716  3986.078125  0.07
717  3986.078125  0.07
718  3986.078125  0.07
719  3986.078125  0.07
720  3986.078125  0.07
721  3986.078125  0.07
722  3986.078125  0.07
723  3986.078125  0.07
724  3986.078125  0.07
725  3986.078125  0.07
726  3986.078125  0.07
727  3986.078125  0.07
728  3986.078125  0.07
729  3986.078125  0.07
730  3986.078125  0.07
731  3986.078125  0.07
732  3986.078125  0.07
733  3986.078125  0.07
734  3986.078125  0.07
735  3986.078125  0.07
736  3986.078125  0.07
737  3986.078125  0.07
738  3986.078125  0.07
739  3986.078125  0.07
740  3986.078125  0.07
741  3986.078125  0.07
742  3986.078125  0.07
743  3986.078125  0.07
744  3986.078125  0.07
745  3986.078125  0.07
746  3986.078125  0.07
747  3986.078125  0.07
748  3986.078125  0.07
749  3986.078125  0.07
750  3986.078125  0.07
751  3986.078125  0.07
752  3986.078125  0.07
753  3986.078125  0.07
754  3986.078125  0.07
755  3986.078125  0.07
756  3986.078125  0.07
757  3986.078125  0.07
758  3986.078125  0.07
759  3986.078125  0.07
760  3986.078125  0.07
761  3986.078125  0.07
762  3986.078125  0.07
763  3986.078125  0.07
764  3986.078125  0.07
765  3986.078125  0.07
766  3986.078125  0.07
767  3986.078125  0.07
768  3986.078125  0.07
769  3986.078125  0.07
770  3986.078125  0.07
771  3986.078125  0.07
772  3986.078125  0.07
773  3986.078125  0.07
774  3986.078125  0.07
775  3986.078125  0.07
776  3986.078125  0.07
777  3986.078125  0.07
778  3986.078125  0.07
779  3986.078125  0.07
780  3986.078125  0.07
781  3986.078125  0.07
782  3986.078125  0.07
783  3986.078125  0.07
784  3986.078125  0.07
785  3986.078125  0.07
786  3986.078125  0.07
787  3986.078125  0.07
788  3986.078125  0.07
789  3986.078125  0.07
790  3986.078125  0.07
791  3986.078125  0.07
792  3986.078125  0.07
793  3986.078125  0.07
794  3986.078125  0.07
795  3986.078125  0.07
796  3986.078125  0.07
797  3986.078125  0.07
798  3986.078125  0.07
799  3986.078125  0.07
800  3986.078125  0.07
801  3986.078125  0.07
802  3986.078125  0.07
803  3986.078125  0.07
804  3986.078125  0.07
805  3986.078125  0.07
806  3986.078125  0.07
807  3986.078125  0.07
808  3986.078125  0.07
809  3986.078125  0.07
810  3986.078125  0.07
811  3986.078125  0.07
812  3986.078125  0.07
813  3986.078125  0.07
814  3986.078125  0.07
815  3986.078125  0.07
816  3986.078125  0.07
817  3986.078125  0.07
818  3986.078125  0.07
819  3986.078125  0.07
820  3986.078125  0.07
821  3986.078125  0.07
822  3986.078125  0.07
823  3986.078125  0.07
824  3986.078125  0.07
825  3986.078125  0.07
826  3986.078125  0.07
827  3986.078125  0.07
828  3986.078125  0.07
829  3986.078125  0.07
830  3986.078125  0.07
831  3986.078125  0.07
832  3986.078125  0.07
833  3986.078125  0.07
834  3986.078125  0.07
835  3986.078125  0.07
836  3986.078125  0.07
837  3986.078125  0.07
838  3986.078125  0.07
839  3986.078125  0.07
840  3986.078125  0.07
841  3986.078125  0.07
842  3986.078125  0.07
843  3986.078125  0.07
844  3986.078125  0.07
845  3986.078125  0.07
846  3986.078125  0.07
847  3986.078125  0.07
848  3986.078125  0.07
849  3986.078125  0.07
850  3986.078125  0.07
851  4105.703125  0.1
852  4105.703125  0.1
853  4105.703125  0.1
854  4105.703125  0.1
855  4105.703125  0.1
856  4105.703125  0.1
857  4105.703125  0.1
858  4105.703125  0.1
859  4105.703125  0.1
860  4105.703125  0.1
861  4105.703125  0.1
862  4105.703125  0.1
863  4105.703125  0.1
864  4105.703125  0.1
865  4105.703125  0.1
866  4105.703125  0.1
867  4105.703125  0.1
868  4105.703125  0.1
869  4105.703125  0.1
870  4105.703125  0.1
871  4105.703125  0.1
872  4105.703125  0.1
873  4105.703125  0.1
874  4105.703125  0.1
875  4105.703125  0.1
876  4105.703125  0.1
877  4105.703125  0.1
878  4105.703125  0.1
879  4105.703125  0.1
880  4105.703125  0.1
881  4105.703125  0.1
882  4105.703125  0.1
883  4105.703125  0.1
884  4105.703125  0.1
885  4105.703125  0.1
886  4105.703125  0.1
887  4105.703125  0.1
888  4105.703125  0.1
889  4105.703125  0.1
890  4105.703125  0.1
891  4105.703125  0.1
892  4105.703125  0.1
893  4105.703125  0.1
894  4105.703125  0.1
895  4105.703125  0.1
896  4105.703125  0.1
897  4105.703125  0.1
898  4105.703125  0.1
899  4105.703125  0.1
900  4105.703125  0.1
901  4105.703125  0.1
902  4105.703125  0.1
903  4105.703125  0.1
904  4105.703125  0.1
905  4105.703125  0.1
906  4105.703125  0.1
907  4105.703125  0.1
908  4105.703125  0.1
909  4105.703125  0.1
910  4105.703125  0.1
911  4105.703125  0.1
912  4105.703125  0.1
913  4105.703125  0.1
914  4105.703125  0.1
915  4105.703125  0.1
916  4105.703125  0.1
917  4105.703125  0.1
918  4105.703125  0.1
919  4105.703125  0.1
920  4105.703125  0.1
921  4105.703125  0.1
922  4105.703125  0.1
923  4105.703125  0.1
924  4105.703125  0.1
925  4105.703125  0.1
926  4105.703125  0.1
927  4105.703125  0.1
928  4105.703125  0.1
929  4105.703125  0.1
930  4105.703125  0.1
931  4105.703125  0.1
932  4105.703125  0.1
933  4105.703125  0.1
934  4105.703125  0.1
935  4105.703125  0.1
936  4105.703125  0.1
937  4105.703125  0.1
938  4105.703125  0.1
939  4105.703125  0.1
940  4105.703125  0.1
941  4105.703125  0.1
942  4105.703125  0.1
943  4105.703125  0.1
944  4105.703125  0.1
945  4105.703125  0.1
946  4105.703125  0.1
947  4105.703125  0.1
948  4105.703125  0.1
949  4105.703125  0.1
950  4105.703125  0.1
951  4105.703125  0.1
952  4105.703125  0.1
953  4105.703125  0.1
954  4105.703125  0.1
955  4105.703125  0.1
956  4105.703125  0.1
957  4105.703125  0.1
958  4105.703125  0.1
959  4105.703125  0.1
960  4105.703125  0.1
961  4105.703125  0.1
962  4105.703125  0.1
963  4105.703125  0.1
964  4105.703125  0.1
965  4105.703125  0.1
966  4105.703125  0.1
967  4105.703125  0.1
968  4105.703125  0.1
969  4105.703125  0.1
970  4105.703125  0.1
971  4105.703125  0.1
972  4105.703125  0.1
973  4105.703125  0.1
974  4105.703125  0.1
975  4105.703125  0.1
976  4105.703125  0.1
977  4105.703125  0.1
978  4105.703125  0.1
979  4105.703125  0.1
980  4105.703125  0.1
981  4105.703125  0.1
982  4105.703125  0.1
983  4105.703125  0.1
984  4105.703125  0.1
985  4105.703125  0.1
986  4105.703125  0.1
987  4105.703125  0.1
988  4105.703125  0.1
989  4105.703125  0.1
990  4105.703125  0.1
991  4105.703125  0.1
992  4105.703125  0.1
993  4105.703125  0.1
994  4105.703125  0.1
995  4105.703125  0.1
996  4105.703125  0.1
997  4105.703125  0.1
998  4105.703125  0.1
999  4105.703125  0.1
1000  4105.703125  0.1
1001  4105.703125  0.1
1002  4105.703125  0.1
1003  4105.703125  0.1
1004  4105.703125  0.1
1005  4105.703125  0.1
1006  4105.703125  0.1
1007  4105.703125  0.1
1008  4105.703125  0.1
1009  4105.703125  0.1
1010  4105.703125  0.1
1011  4105.703125  0.1
1012  4105.703125  0.1
1013  4105.703125  0.1
1014  4105.703125  0.1
1015  4105.703125  0.1
1016  4105.703125  0.1
1017  4105.703125  0.1
1018  4105.703125  0.1
1019  4105.703125  0.1
1020  4105.703125  0.1
1021  4105.703125  0.1
1022  4105.703125  0.1
1023  4105.703125  0.1
1024  4105.703125  0.1
1025  4105.703125  0.1
1026  4105.703125  0.1
1027  4105.703125  0.1
1028  4105.703125  0.1
1029  4105.703125  0.1
1030  4105.703125  0.1
1031  4105.703125  0.1
1032  4105.703125  0.1
1033  4105.703125  0.1
1034  4105.703125  0.1
1035  4105.703125  0.1
1036  4105.703125  0.1
1037  4105.703125  0.1
1038  4105.703125  0.1
1039  4105.703125  0.1
1040  4105.703125  0.1
1041  4105.703125  0.1
1042  4105.703125  0.1
1043  4105.703125  0.1
1044  4105.703125  0.1
1045  4105.703125  0.1
1046  4105.703125  0.1
1047  4105.703125  0.1
1048  4105.703125  0.1
1049  4105.703125  0.1
1050  4105.703125  0.1
1051  4105.703125  0.1
1052  4105.703125  0.1
1053  4105.703125  0.1
1054  4105.703125  0.1
1055  4105.703125  0.1
1056  4105.703125  0.1
1057  4105.703125  0.1
1058  4105.703125  0.1
1059  4105.703125  0.1
1060  4105.703125  0.1
1061  4105.703125  0.1
1062  4105.703125  0.1
1063  4105.703125  0.1
1064  4105.703125  0.1
1065  4105.703125  0.1
1066  4105.703125  0.1
1067  4105.703125  0.1
1068  4105.703125  0.1
1069  4105.703125  0.1
1070  4105.703125  0.1
1071  4105.703125  0.1
1072  4105.703125  0.1
1073  4105.703125  0.1
1074  4105.703125  0.1
1075  4105.703125  0.1
1076  4105.703125  0.1
1077  4105.703125  0.1
1078  4105.703125  0.1
1079  4105.703125  0.1
1080  4105.703125  0.1
1081  4105.703125  0.1
1082  4105.703125  0.1
1083  4105.703125  0.1
1084  4105.703125  0.1
1085  4105.703125  0.1
1086  4105.703125  0.1
1087  4105.703125  0.1
1088  4105.703125  0.1
1089  4105.703125  0.1
1090  4105.703125  0.1
1091  4105.703125  0.1
1092  4105.703125  0.1
1093  4105.703125  0.1
1094  4105.703125  0.1
1095  4105.703125  0.1
1096  4105.703125  0.1
1097  4105.703125  0.1
1098  4105.703125  0.1
1099  4105.703125  0.1
1100  4105.703125  0.1
1101  4105.703125  0.1
1102  4105.703125  0.1
1103  4105.703125  0.1
1104  4105.703125  0.1
1105  4105.703125  0.1
1106  4105.703125  0.1
1107  4105.703125  0.1
1108  4105.703125  0.1
1109  4105.703125  0.1
1110  4105.703125  0.1
1111  4105.703125  0.1
1112  4105.703125  0.1
1113  4105.703125  0.1
1114  4105.703125  0.1
1115  4105.703125  0.1
1116  4105.703125  0.1
1117  4105.703125  0.1
1118  4105.703125  0.1
1119  4105.703125  0.1
1120  4105.703125  0.1
1121  4105.703125  0.1
1122  4105.703125  0.1
1123  4105.703125  0.1
1124  4105.703125  0.1
1125  4105.703125  0.1
1126  4105.703125  0.1
1127  4105.703125  0.1
1128  4105.703125  0.1
1129  4105.703125  0.1
1130  4105.703125  0.1
1131  4105.703125  0.1
1132  4105.703125  0.1
1133  4105.703125  0.1
1134  4105.703125  0.1
1135  4105.703125  0.1
1136  4105.703125  0.1
1137  4105.703125  0.1
1138  4105.703125  0.1
1139  4105.703125  0.1
1140  4105.703125  0.1
1141  4105.703125  0.1
1142  4105.703125  0.1
1143  4105.703125  0.1
1144  4105.703125  0.1
1145  4105.703125  0.1
1146  4105.703125  0.1
1147  4105.703125  0.1
1148  4105.703125  0.1
1149  4105.703125  0.1
1150  4105.703125  0.1
1151  4105.703125  0.1
1152  4105.703125  0.1
1153  4105.703125  0.1
1154  4105.703125  0.1
1155  4105.703125  0.1
1156  4105.703125  0.1
1157  4105.703125  0.1
1158  4105.703125  0.1
1159  4105.703125  0.1
1160  4105.703125  0.1
1161  4105.703125  0.1
1162  4105.703125  0.1
1163  4105.703125  0.1
1164  4105.703125  0.1
1165  4105.703125  0.1
1166  4105.703125  0.1
1167  4105.703125  0.1
1168  4105.703125  0.1
1169  4105.703125  0.1
1170  4105.703125  0.1
1171  4105.703125  0.1
1172  4105.703125  0.1
1173  4105.703125  0.1
1174  4105.703125  0.1
1175  4105.703125  0.1
1176  4105.703125  0.1
1177  4105.703125  0.1
1178  4105.703125  0.1
1179  4105.703125  0.1
1180  4105.703125  0.1
1181  4105.703125  0.1
1182  4105.703125  0.1
1183  4105.703125  0.1
1184  4105.703125  0.1
1185  4105.703125  0.1
1186  4105.703125  0.1
1187  4105.703125  0.1
1188  4105.703125  0.1
1189  4105.703125  0.1
1190  4105.703125  0.1
1191  4105.703125  0.1
1192  4105.703125  0.1
1193  4105.703125  0.1
1194  4105.703125  0.1
1195  4105.703125  0.1
1196  4105.703125  0.1
1197  4105.703125  0.1
1198  4105.703125  0.1
1199  4105.703125  0.1
1200  4105.703125  0.1
1201  4105.703125  0.1
1202  4105.703125  0.1
1203  4105.703125  0.1
1204  4105.703125  0.1
1205  4105.703125  0.1
1206  4105.703125  0.1
1207  4105.703125  0.1
1208  4105.703125  0.1
1209  4105.703125  0.1
1210  4105.703125  0.1
1211  4105.703125  0.1
1212  4105.703125  0.1
1213  4105.703125  0.1
1214  4105.703125  0.1
1215  4105.703125  0.1
1216  4105.703125  0.1
1217  4105.703125  0.1
1218  4105.703125  0.1
1219  4105.703125  0.1
1220  4105.703125  0.1
1221  4105.703125  0.1
1222  4105.703125  0.1
1223  4105.703125  0.1
1224  4105.703125  0.1
1225  4105.703125  0.1
1226  4105.703125  0.1
1227  4105.703125  0.1
1228  4105.703125  0.1
1229  4105.703125  0.1
1230  4105.703125  0.1
1231  4105.703125  0.1
1232  4105.703125  0.1
1233  4105.703125  0.1
1234  4105.703125  0.1
1235  4105.703125  0.1
1236  4105.703125  0.1
1237  4105.703125  0.1
1238  4105.703125  0.1
1239  4105.703125  0.1
1240  4105.703125  0.1
1241  4105.703125  0.1
1242  4105.703125  0.1
1243  4105.703125  0.1
1244  4105.703125  0.1
1245  4105.703125  0.1
1246  4105.703125  0.1
1247  4105.703125  0.1
1248  4105.703125  0.1
1249  4105.703125  0.1
1250  4105.703125  0.1
1251  4105.703125  0.1
1252  4105.703125  0.1
1253  4105.703125  0.1
1254  4105.703125  0.1
1255  4105.703125  0.1
1256  4105.703125  0.1
1257  4105.703125  0.1
1258  4105.703125  0.1
1259  4105.703125  0.1
1260  4105.703125  0.1
1261  4105.703125  0.1
1262  4105.703125  0.1
1263  4105.703125  0.1
1264  4105.703125  0.1
1265  4105.703125  0.1
1266  4105.703125  0.1
1267  4105.703125  0.1
1268  4105.703125  0.1
1269  4105.703125  0.1
1270  4105.703125  0.1
1271  4105.703125  0.1
1272  4105.703125  0.1
1273  4105.703125  0.1
1274  4105.703125  0.1
1275  4105.703125  0.1
1276  4105.703125  0.1
1277  4105.703125  0.1
1278  4105.703125  0.1
1279  4105.703125  0.1
1280  4105.703125  0.1
1281  4105.703125  0.1
1282  4105.703125  0.1
1283  4105.703125  0.1
1284  4105.703125  0.1
1285  4105.703125  0.1
1286  4105.703125  0.1
1287  4105.703125  0.1
1288  4105.703125  0.1
1289  4105.703125  0.1
1290  4105.703125  0.1
1291  4105.703125  0.1
1292  4105.703125  0.1
1293  4105.703125  0.1
1294  4105.703125  0.1
1295  4105.703125  0.1
1296  4105.703125  0.1
1297  4105.703125  0.1
1298  4105.703125  0.1
1299  4105.703125  0.1
1300  4105.703125  0.1
1301  4105.703125  0.1
1302  4105.703125  0.1
1303  4105.703125  0.1
1304  4105.703125  0.1
1305  4105.703125  0.1
1306  4105.703125  0.1
1307  4105.703125  0.1
1308  4105.703125  0.1
1309  4105.703125  0.1
1310  4105.703125  0.1
1311  4105.703125  0.1
1312  4105.703125  0.1
1313  4105.703125  0.1
1314  4105.703125  0.1
1315  4105.703125  0.1
1316  4105.703125  0.1
1317  4105.703125  0.1
1318  4105.703125  0.1
1319  4105.703125  0.1
1320  4105.703125  0.1
1321  4105.703125  0.1
1322  4105.703125  0.1
1323  4105.703125  0.1
1324  4105.703125  0.1
1325  4105.703125  0.1
1326  4105.703125  0.1
1327  4105.703125  0.1
1328  4105.703125  0.1
1329  4105.703125  0.1
1330  4105.703125  0.1
1331  4105.703125  0.1
1332  4105.703125  0.1
1333  4105.703125  0.1
1334  4105.703125  0.1
1335  4105.703125  0.1
1336  4105.703125  0.1
1337  4105.703125  0.1
1338  4105.703125  0.1
1339  4105.703125  0.1
1340  4105.703125  0.1
1341  4105.703125  0.1
1342  4105.703125  0.1
1343  4105.703125  0.1
1344  4105.703125  0.1
1345  4105.703125  0.1
1346  4105.703125  0.1
1347  4105.703125  0.1
1348  4105.703125  0.1
1349  4105.703125  0.1
1350  4105.703125  0.1
1351  4105.703125  0.1
1352  4105.703125  0.1
1353  4105.703125  0.1
1354  4105.703125  0.1
1355  4105.703125  0.1
1356  4105.703125  0.1
1357  4105.703125  0.1
1358  4105.703125  0.1
1359  4105.703125  0.1
1360  4105.703125  0.1
1361  4105.703125  0.1
1362  4105.703125  0.1
1363  4105.703125  0.1
1364  4105.703125  0.1
1365  4105.703125  0.1
1366  4105.703125  0.1
1367  4105.703125  0.1
1368  4105.703125  0.1
1369  4105.703125  0.1
1370  4105.703125  0.1
1371  4105.703125  0.1
1372  4105.703125  0.1
1373  4105.703125  0.1
1374  4105.703125  0.1
1375  4105.703125  0.1
1376  4105.703125  0.1
1377  4105.703125  0.1
1378  4105.703125  0.1
1379  4105.703125  0.1
1380  4105.703125  0.1
1381  4105.703125  0.1
1382  4105.703125  0.1
1383  4105.703125  0.1
1384  4105.703125  0.1
1385  4105.703125  0.1
1386  4105.703125  0.1
1387  4105.703125  0.1
1388  4105.703125  0.1
1389  4105.703125  0.1
1390  4105.703125  0.1
1391  4105.703125  0.1
1392  4105.703125  0.1
1393  4105.703125  0.1
1394  4105.703125  0.1
1395  4105.703125  0.1
1396  4105.703125  0.1
1397  4105.703125  0.1
1398  4105.703125  0.1
1399  4105.703125  0.1
1400  4105.703125  0.1
1401  4105.703125  0.1
1402  4105.703125  0.1
1403  4105.703125  0.1
1404  4105.703125  0.1
1405  4105.703125  0.1
1406  4105.703125  0.1
1407  4105.703125  0.1
1408  4105.703125  0.1
1409  4105.703125  0.1
1410  4105.703125  0.1
1411  4105.703125  0.1
1412  4105.703125  0.1
1413  4105.703125  0.1
1414  4105.703125  0.1
1415  4105.703125  0.1
1416  4105.703125  0.1
1417  4105.703125  0.1
1418  4105.703125  0.1
1419  4105.703125  0.1
1420  4105.703125  0.1
1421  4105.703125  0.1
1422  4105.703125  0.1
1423  4105.703125  0.1
1424  4105.703125  0.1
1425  4105.703125  0.1
1426  4105.703125  0.1
1427  4105.703125  0.1
1428  4105.703125  0.1
1429  4105.703125  0.1
1430  4105.703125  0.1
1431  4105.703125  0.1
1432  4105.703125  0.1
1433  4105.703125  0.1
1434  4105.703125  0.1
1435  4105.703125  0.1
1436  4105.703125  0.1
1437  4105.703125  0.1
1438  4105.703125  0.1
1439  4105.703125  0.1
1440  4105.703125  0.1
1441  4105.703125  0.1
1442  4105.703125  0.1
1443  4105.703125  0.1
1444  4105.703125  0.1
1445  4105.703125  0.1
1446  4105.703125  0.1
1447  4105.703125  0.1
1448  4105.703125  0.1
1449  4105.703125  0.1
1450  4105.703125  0.1
1451  4105.703125  0.1
1452  4105.703125  0.1
1453  4105.703125  0.1
1454  4105.703125  0.1
1455  4105.703125  0.1
1456  4105.703125  0.1
1457  4105.703125  0.1
1458  4105.703125  0.1
1459  4105.703125  0.1
1460  4105.703125  0.1
1461  4105.703125  0.1
1462  4105.703125  0.1
1463  4105.703125  0.1
1464  4105.703125  0.1
1465  4105.703125  0.1
1466  4105.703125  0.1
1467  4105.703125  0.1
1468  4105.703125  0.1
1469  4105.703125  0.1
1470  4105.703125  0.1
1471  4105.703125  0.1
1472  4105.703125  0.1
1473  4105.703125  0.1
1474  4105.703125  0.1
1475  4105.703125  0.1
1476  4105.703125  0.1
1477  4105.703125  0.1
1478  4105.703125  0.1
1479  4105.703125  0.1
1480  4105.703125  0.1
1481  4105.703125  0.1
1482  4105.703125  0.1
1483  4105.703125  0.1
1484  4105.703125  0.1
1485  4105.703125  0.1
1486  4105.703125  0.1
1487  4105.703125  0.1
1488  4105.703125  0.1
1489  4105.703125  0.1
1490  4105.703125  0.1
1491  4105.703125  0.1
1492  4105.703125  0.1
1493  4105.703125  0.1
1494  4105.703125  0.1
1495  4105.703125  0.1
1496  4105.703125  0.1
1497  4105.703125  0.1
1498  4105.703125  0.1
1499  4105.703125  0.1
1500  4105.703125  0.1
1501  4105.703125  0.1
1502  4105.703125  0.1
1503  4105.703125  0.1
1504  4105.703125  0.1
1505  4105.703125  0.1
1506  4105.703125  0.1
1507  4105.703125  0.1
1508  4105.703125  0.1
1509  4105.703125  0.1
1510  4105.703125  0.1
1511  4105.703125  0.1
1512  4105.703125  0.1
1513  4105.703125  0.1
1514  4105.703125  0.1
1515  4105.703125  0.1
1516  4105.703125  0.1
1517  4105.703125  0.1
1518  4105.703125  0.1
1519  4105.703125  0.1
1520  4105.703125  0.1
1521  4105.703125  0.1
1522  4105.703125  0.1
1523  4105.703125  0.1
1524  4105.703125  0.1
1525  4105.703125  0.1
1526  4105.703125  0.1
1527  4105.703125  0.1
1528  4105.703125  0.1
1529  4105.703125  0.1
1530  4105.703125  0.1
1531  4105.703125  0.1
1532  4105.703125  0.1
1533  4105.703125  0.1
1534  4105.703125  0.1
1535  4105.703125  0.1
1536  4105.703125  0.1
1537  4105.703125  0.1
1538  4105.703125  0.1
1539  4105.703125  0.1
1540  4105.703125  0.1
1541  4105.703125  0.1
1542  4105.703125  0.1
1543  4105.703125  0.1
1544  4105.703125  0.1
1545  4105.703125  0.1
1546  4105.703125  0.1
1547  4105.703125  0.1
1548  4105.703125  0.1
1549  4105.703125  0.1
1550  4105.703125  0.1
1551  4105.703125  0.1
1552  4105.703125  0.1
1553  4105.703125  0.1
1554  4105.703125  0.1
1555  4105.703125  0.1
1556  4105.703125  0.1
1557  4105.703125  0.1
1558  4105.703125  0.1
1559  4105.703125  0.1
1560  4105.703125  0.1
1561  4105.703125  0.1
1562  4105.703125  0.1
1563  4105.703125  0.1
1564  4105.703125  0.1
1565  4105.703125  0.1
1566  4105.703125  0.1
1567  4105.703125  0.1
1568  4105.703125  0.1
1569  4105.703125  0.1
1570  4105.703125  0.1
1571  4105.703125  0.1
1572  4105.703125  0.1
1573  4105.703125  0.1
1574  4105.703125  0.1
1575  4105.703125  0.1
1576  4105.703125  0.1
1577  4105.703125  0.1
1578  4105.703125  0.1
1579  4105.703125  0.1
1580  4105.703125  0.1
1581  4105.703125  0.1
1582  4105.703125  0.1
1583  4105.703125  0.1
1584  4105.703125  0.1
1585  4105.703125  0.1
1586  4105.703125  0.1
1587  4105.703125  0.1
1588  4105.703125  0.1
1589  4105.703125  0.1
1590  4105.703125  0.1
1591  4105.703125  0.1
1592  4105.703125  0.1
1593  4105.703125  0.1
1594  4105.703125  0.1
1595  4105.703125  0.1
1596  4105.703125  0.1
1597  4105.703125  0.1
1598  4105.703125  0.1
1599  4105.703125  0.1
1600  4105.703125  0.1
1601  4105.703125  0.1
1602  4105.703125  0.1
1603  4105.703125  0.1
1604  4105.703125  0.1
1605  4105.703125  0.1
1606  4105.703125  0.1
1607  4105.703125  0.1
1608  4105.703125  0.1
1609  4105.703125  0.1
1610  4105.703125  0.1
1611  4105.703125  0.1
1612  4105.703125  0.1
1613  4105.703125  0.1
1614  4105.703125  0.1
1615  4105.703125  0.1
1616  4105.703125  0.1
1617  4105.703125  0.1
1618  4105.703125  0.1
1619  4105.703125  0.1
1620  4105.703125  0.1
1621  4105.703125  0.1
1622  4105.703125  0.1
1623  4105.703125  0.1
1624  4105.703125  0.1
1625  4105.703125  0.1
1626  4105.703125  0.1
1627  4105.703125  0.1
1628  4105.703125  0.1
1629  4105.703125  0.1
1630  4105.703125  0.1
1631  4105.703125  0.1
1632  4105.703125  0.1
1633  4105.703125  0.1
1634  4105.703125  0.1
1635  4105.703125  0.1
1636  4105.703125  0.1
1637  4105.703125  0.1
1638  4105.703125  0.1
1639  4105.703125  0.1
1640  4105.703125  0.1
1641  4105.703125  0.1
1642  4105.703125  0.1
1643  4105.703125  0.1
1644  4105.703125  0.1
1645  4105.703125  0.1
1646  4105.703125  0.1
1647  4105.703125  0.1
1648  4105.703125  0.1
1649  4105.703125  0.1
1650  4105.703125  0.1
1651  4105.703125  0.1
1652  4105.703125  0.1
1653  4105.703125  0.1
1654  4105.703125  0.1
1655  4105.703125  0.1
1656  4105.703125  0.1
1657  4105.703125  0.1
1658  4105.703125  0.1
1659  4105.703125  0.1
1660  4105.703125  0.1
1661  4105.703125  0.1
1662  4105.703125  0.1
1663  4105.703125  0.1
1664  4105.703125  0.1
1665  4105.703125  0.1
1666  4105.703125  0.1
1667  4105.703125  0.1
1668  4105.703125  0.1
1669  4105.703125  0.1
1670  4105.703125  0.1
1671  4105.703125  0.1
1672  4105.703125  0.1
1673  4105.703125  0.1
1674  4105.703125  0.1
1675  4105.703125  0.1
1676  4105.703125  0.1
1677  4105.703125  0.1
1678  4105.703125  0.1
1679  4105.703125  0.1
1680  4105.703125  0.1
1681  4105.703125  0.1
1682  4105.703125  0.1
1683  4105.703125  0.1
1684  4105.703125  0.1
1685  4105.703125  0.1
1686  4105.703125  0.1
1687  4105.703125  0.1
1688  4105.703125  0.1
1689  4105.703125  0.1
1690  4105.703125  0.1
1691  4105.703125  0.1
1692  4105.703125  0.1
1693  4105.703125  0.1
1694  4105.703125  0.1
1695  4105.703125  0.1
1696  4105.703125  0.1
1697  4105.703125  0.1
1698  4105.703125  0.1
1699  4105.703125  0.1
1700  4105.703125  0.1
1701  4105.703125  0.1
1702  4105.703125  0.1
1703  4105.703125  0.1
1704  4105.703125  0.1
1705  4105.703125  0.1
1706  4105.703125  0.1
1707  4105.703125  0.1
1708  4105.703125  0.1
1709  4105.703125  0.1
1710  4105.703125  0.1
1711  4105.703125  0.1
1712  4105.703125  0.1
1713  4105.703125  0.1
1714  4105.703125  0.1
1715  4105.703125  0.1
1716  4105.703125  0.1
1717  4105.703125  0.1
1718  4105.703125  0.1
1719  4105.703125  0.1
1720  4105.703125  0.1
1721  4105.703125  0.1
1722  4105.703125  0.1
1723  4105.703125  0.1
1724  4105.703125  0.1
1725  4105.703125  0.1
1726  4105.703125  0.1
1727  4105.703125  0.1
1728  4105.703125  0.1
1729  4105.703125  0.1
1730  4105.703125  0.1
1731  4105.703125  0.1
1732  4105.703125  0.1
1733  4105.703125  0.1
1734  4105.703125  0.1
1735  4105.703125  0.1
1736  4105.703125  0.1
1737  4105.703125  0.1
1738  4105.703125  0.1
1739  4105.703125  0.1
1740  4105.703125  0.1
1741  4105.703125  0.1
1742  4105.703125  0.1
1743  4105.703125  0.1
1744  4105.703125  0.1
1745  4105.703125  0.1
1746  4105.703125  0.1
1747  4105.703125  0.1
1748  4105.703125  0.1
1749  4105.703125  0.1
1750  4105.703125  0.1
1751  4105.703125  0.1
1752  4105.703125  0.1
1753  4105.703125  0.1
1754  4105.703125  0.1
1755  4105.703125  0.1
1756  4105.703125  0.1
1757  4105.703125  0.1
1758  4105.703125  0.1
1759  4105.703125  0.1
1760  4105.703125  0.1
1761  4105.703125  0.1
1762  4105.703125  0.1
1763  4105.703125  0.1
1764  4105.703125  0.1
1765  4105.703125  0.1
1766  4105.703125  0.1
1767  4105.703125  0.1
1768  4105.703125  0.1
1769  4105.703125  0.1
1770  4105.703125  0.1
1771  4105.703125  0.1
1772  4105.703125  0.1
1773  4105.703125  0.1
1774  4105.703125  0.1
1775  4105.703125  0.1
1776  4105.703125  0.1
1777  4105.703125  0.1
1778  4105.703125  0.1
1779  4105.703125  0.1
1780  4105.703125  0.1
1781  4105.703125  0.1
1782  4105.703125  0.1
1783  4105.703125  0.1
1784  4105.703125  0.1
1785  4105.703125  0.1
1786  4105.703125  0.1
1787  4105.703125  0.1
1788  4105.703125  0.1
1789  4105.703125  0.1
1790  4105.703125  0.1
1791  4105.703125  0.1
1792  4105.703125  0.1
1793  4105.703125  0.1
1794  4105.703125  0.1
1795  4105.703125  0.1
1796  4105.703125  0.1
1797  4105.703125  0.1
1798  4105.703125  0.1
1799  4105.703125  0.1
1800  4105.703125  0.1
1801  4105.703125  0.1
1802  4105.703125  0.1
1803  4105.703125  0.1
1804  4105.703125  0.1
1805  4105.703125  0.1
1806  4105.703125  0.1
1807  4105.703125  0.1
1808  4105.703125  0.1
1809  4105.703125  0.1
1810  4105.703125  0.1
1811  4105.703125  0.1
1812  4105.703125  0.1
1813  4105.703125  0.1
1814  4105.703125  0.1
1815  4105.703125  0.1
1816  4105.703125  0.1
1817  4105.703125  0.1
1818  4105.703125  0.1
1819  4105.703125  0.1
1820  4105.703125  0.1
1821  4105.703125  0.1
1822  4105.703125  0.1
1823  4105.703125  0.1
1824  4105.703125  0.1
1825  4105.703125  0.1
1826  4105.703125  0.1
1827  4105.703125  0.1
1828  4105.703125  0.1
1829  4105.703125  0.1
1830  4105.703125  0.1
1831  4105.703125  0.1
1832  4105.703125  0.1
1833  4105.703125  0.1
1834  4105.703125  0.1
1835  4105.703125  0.1
1836  4105.703125  0.1
1837  4105.703125  0.1
1838  4105.703125  0.1
1839  4105.703125  0.1
1840  4105.703125  0.1
1841  4105.703125  0.1
1842  4105.703125  0.1
1843  4105.703125  0.1
1844  4105.703125  0.1
1845  4105.703125  0.1
1846  4105.703125  0.1
1847  4105.703125  0.1
1848  4105.703125  0.1
1849  4105.703125  0.1
1850  4105.703125  0.1
1851  4105.703125  0.1
1852  4105.703125  0.1
1853  4105.703125  0.1
1854  4105.703125  0.1
1855  4105.703125  0.1
1856  4105.703125  0.1
1857  4105.703125  0.1
1858  4105.703125  0.1
1859  4105.703125  0.1
1860  4105.703125  0.1
1861  4105.703125  0.1
1862  4105.703125  0.1
1863  4105.703125  0.1
1864  4105.703125  0.1
1865  4105.703125  0.1
1866  4105.703125  0.1
1867  4105.703125  0.1
1868  4105.703125  0.1
1869  4105.703125  0.1
1870  4105.703125  0.1
1871  4105.703125  0.1
1872  4105.703125  0.1
1873  4105.703125  0.1
1874  4105.703125  0.1
1875  4105.703125  0.1
1876  4105.703125  0.1
1877  4105.703125  0.1
1878  4105.703125  0.1
1879  4105.703125  0.1
1880  4105.703125  0.1
1881  4105.703125  0.1
1882  4105.703125  0.1
1883  4105.703125  0.1
1884  4105.703125  0.1
1885  4105.703125  0.1
1886  4105.703125  0.1
1887  4105.703125  0.1
1888  4105.703125  0.1
1889  4105.703125  0.1
1890  4105.703125  0.1
1891  4105.703125  0.1
1892  4105.703125  0.1
1893  4105.703125  0.1
1894  4105.703125  0.1
1895  4105.703125  0.1
1896  4105.703125  0.1
1897  4105.703125  0.1
1898  4105.703125  0.1
1899  4105.703125  0.1
1900  4105.703125  0.1
1901  4105.703125  0.1
1902  4105.703125  0.1
1903  4105.703125  0.1
1904  4105.703125  0.1
1905  4105.703125  0.1
1906  4105.703125  0.1
1907  4105.703125  0.1
1908  4105.703125  0.1
1909  4105.703125  0.1
1910  4105.703125  0.1
1911  4105.703125  0.1
1912  4105.703125  0.1
1913  4105.703125  0.1
1914  4105.703125  0.1
1915  4105.703125  0.1
1916  4105.703125  0.1
1917  4105.703125  0.1
1918  4105.703125  0.1
1919  4105.703125  0.1
1920  4105.703125  0.1
1921  4105.703125  0.1
1922  4105.703125  0.1
1923  4105.703125  0.1
1924  4105.703125  0.1
1925  4105.703125  0.1
1926  4105.703125  0.1
1927  4105.703125  0.1
1928  4105.703125  0.1
1929  4105.703125  0.1
1930  4105.703125  0.1
1931  4105.703125  0.1
1932  4105.703125  0.1
1933  4105.703125  0.1
1934  4105.703125  0.1
1935  4105.703125  0.1
1936  4105.703125  0.1
1937  4105.703125  0.1
1938  4105.703125  0.1
1939  4105.703125  0.1
1940  4105.703125  0.1
1941  4105.703125  0.1
1942  4105.703125  0.1
1943  4105.703125  0.1
1944  4105.703125  0.1
1945  4105.703125  0.1
1946  4105.703125  0.1
1947  4105.703125  0.1
1948  4105.703125  0.1
1949  4105.703125  0.1
1950  4105.703125  0.1
1951  4105.703125  0.1
1952  4105.703125  0.1
1953  4105.703125  0.1
1954  4105.703125  0.1
1955  4105.703125  0.1
1956  4105.703125  0.1
1957  4105.703125  0.1
1958  4105.703125  0.1
1959  4105.703125  0.1
1960  4105.703125  0.1
1961  4105.703125  0.1
1962  4105.703125  0.1
1963  4105.703125  0.1
1964  4105.703125  0.1
1965  4105.703125  0.1
1966  4105.703125  0.1
1967  4105.703125  0.1
1968  4105.703125  0.1
1969  4105.703125  0.1
1970  4105.703125  0.1
1971  4105.703125  0.1
1972  4105.703125  0.1
1973  4105.703125  0.1
1974  4105.703125  0.1
1975  4105.703125  0.1
1976  4105.703125  0.1
1977  4105.703125  0.1
1978  4105.703125  0.1
1979  4105.703125  0.1
1980  4105.703125  0.1
1981  4105.703125  0.1
1982  4105.703125  0.1
1983  4105.703125  0.1
1984  4105.703125  0.1
1985  4105.703125  0.1
1986  4105.703125  0.1
1987  4105.703125  0.1
1988  4105.703125  0.1
1989  4105.703125  0.1
1990  4105.703125  0.1
1991  4105.703125  0.1
1992  4105.703125  0.1
1993  4105.703125  0.1
1994  4105.703125  0.1
1995  4105.703125  0.1
1996  4105.703125  0.1
1997  4105.703125  0.1
1998  4105.703125  0.1
1999  4105.703125  0.1
2000  4105.703125  0.1
2001  4105.703125  0.1
2002  4105.703125  0.1
2003  4105.703125  0.1
2004  4105.703125  0.1
2005  4105.703125  0.1
2006  4105.703125  0.1
2007  4105.703125  0.1
2008  4105.703125  0.1
2009  4105.703125  0.1
2010  4105.703125  0.1
2011  4105.703125  0.1
2012  4105.703125  0.1
2013  4105.703125  0.1
2014  4105.703125  0.1
2015  4105.703125  0.1
2016  4105.703125  0.1
2017  4105.703125  0.1
2018  4105.703125  0.1
2019  4105.703125  0.1
2020  4105.703125  0.1
2021  4105.703125  0.1
2022  4105.703125  0.1
2023  4105.703125  0.1
2024  4105.703125  0.1
2025  4105.703125  0.1
2026  4105.703125  0.1
2027  4105.703125  0.1
2028  4105.703125  0.1
2029  4105.703125  0.1
2030  4105.703125  0.1
2031  4105.703125  0.1
2032  4105.703125  0.1
2033  4105.703125  0.1
2034  4105.703125  0.1
2035  4105.703125  0.1
2036  4105.703125  0.1
2037  4105.703125  0.1
2038  4105.703125  0.1
2039  4105.703125  0.1
2040  4105.703125  0.1
2041  4105.703125  0.1
2042  4105.703125  0.1
2043  4105.703125  0.1
2044  4105.703125  0.1
2045  4105.703125  0.1
2046  4105.703125  0.1
2047  4105.703125  0.1
2048  4105.703125  0.1
2049  4105.703125  0.1
2050  4105.703125  0.1
2051  4105.703125  0.1
2052  4105.703125  0.1
2053  4105.703125  0.1
2054  4105.703125  0.1
2055  4105.703125  0.1
2056  4105.703125  0.1
2057  4105.703125  0.1
2058  4105.703125  0.1
2059  4105.703125  0.1
2060  4105.703125  0.1
2061  4105.703125  0.1
2062  4105.703125  0.1
2063  4105.703125  0.1
2064  4105.703125  0.1
2065  4105.703125  0.1
2066  4105.703125  0.1
2067  4105.703125  0.1
2068  4105.703125  0.1
2069  4105.703125  0.1
2070  4105.703125  0.1
2071  4105.703125  0.1
2072  4105.703125  0.1
2073  4105.703125  0.1
2074  4105.703125  0.1
2075  4105.703125  0.1
2076  4105.703125  0.1
2077  4105.703125  0.1
2078  4105.703125  0.1
2079  4105.703125  0.1
2080  4105.703125  0.1
2081  4105.703125  0.1
2082  4105.703125  0.1
2083  4105.703125  0.1
2084  4105.703125  0.1
2085  4105.703125  0.1
2086  4105.703125  0.1
2087  4105.703125  0.1
2088  4105.703125  0.1
2089  4105.703125  0.1
2090  4105.703125  0.1
2091  4105.703125  0.1
2092  4105.703125  0.1
2093  4105.703125  0.1
2094  4105.703125  0.1
2095  4105.703125  0.1
2096  4105.703125  0.1
2097  4105.703125  0.1
2098  4105.703125  0.1
2099  4105.703125  0.1
2100  4105.703125  0.1
2101  4105.703125  0.1
2102  4105.703125  0.1
2103  4105.703125  0.1
2104  4105.703125  0.1
2105  4105.703125  0.1
2106  4105.703125  0.1
2107  4105.703125  0.1
2108  4105.703125  0.1
2109  4105.703125  0.1
2110  4105.703125  0.1
2111  4105.703125  0.1
2112  4105.703125  0.1
2113  4105.703125  0.1
2114  4105.703125  0.1
2115  4105.703125  0.1
2116  4105.703125  0.1
2117  4105.703125  0.1
2118  4105.703125  0.1
2119  4105.703125  0.1
2120  4105.703125  0.1
2121  4105.703125  0.1
2122  4105.703125  0.1
2123  4105.703125  0.1
2124  4105.703125  0.1
2125  4105.703125  0.1
2126  4105.703125  0.1
2127  4105.703125  0.1
2128  4105.703125  0.1
2129  4105.703125  0.1
2130  4105.703125  0.1
2131  4105.703125  0.1
2132  4105.703125  0.1
2133  4105.703125  0.1
2134  4105.703125  0.1
2135  4105.703125  0.1
2136  4105.703125  0.1
2137  4105.703125  0.1
2138  4105.703125  0.1
2139  4105.703125  0.1
2140  4105.703125  0.1
2141  4105.703125  0.1
2142  4105.703125  0.1
2143  4105.703125  0.1
2144  4105.703125  0.1
2145  4105.703125  0.1
2146  4105.703125  0.1
2147  4105.703125  0.1
2148  4105.703125  0.1
2149  4105.703125  0.1
2150  4105.703125  0.1
2151  4105.703125  0.1
2152  4105.703125  0.1
2153  4105.703125  0.1
2154  4105.703125  0.1
2155  4105.703125  0.1
2156  4105.703125  0.1
2157  4105.703125  0.1
2158  4105.703125  0.1
2159  4105.703125  0.1
2160  4105.703125  0.1
2161  4105.703125  0.1
2162  4105.703125  0.1
2163  4105.703125  0.1
2164  4105.703125  0.1
2165  4105.703125  0.1
2166  4105.703125  0.1
2167  4105.703125  0.1
2168  4105.703125  0.1
2169  4105.703125  0.1
2170  4105.703125  0.1
2171  4105.703125  0.1
2172  4105.703125  0.1
2173  4105.703125  0.1
2174  4105.703125  0.1
2175  4105.703125  0.1
2176  4105.703125  0.1
2177  4105.703125  0.1
2178  4105.703125  0.1
2179  4105.703125  0.1
2180  4105.703125  0.1
2181  4105.703125  0.1
2182  4105.703125  0.1
2183  4105.703125  0.1
2184  4105.703125  0.1
2185  4105.703125  0.1
2186  4105.703125  0.1
2187  4105.703125  0.1
2188  4105.703125  0.1
2189  4105.703125  0.1
2190  4105.703125  0.1
2191  4105.703125  0.1
2192  4105.703125  0.1
2193  4105.703125  0.1
2194  4105.703125  0.1
2195  4105.703125  0.1
2196  4105.703125  0.1
2197  4105.703125  0.1
2198  4105.703125  0.1
2199  4105.703125  0.1
2200  4105.703125  0.1
2201  4105.703125  0.1
2202  4105.703125  0.1
2203  4105.703125  0.1
2204  4105.703125  0.1
2205  4105.703125  0.1
2206  4105.703125  0.1
2207  4105.703125  0.1
2208  4105.703125  0.1
2209  4105.703125  0.1
2210  4105.703125  0.1
2211  4105.703125  0.1
2212  4105.703125  0.1
2213  4105.703125  0.1
2214  4105.703125  0.1
2215  4105.703125  0.1
2216  4105.703125  0.1
2217  4105.703125  0.1
2218  4105.703125  0.1
2219  4105.703125  0.1
2220  4105.703125  0.1
2221  4105.703125  0.1
2222  4105.703125  0.1
2223  4105.703125  0.1
2224  4105.703125  0.1
2225  4105.703125  0.1
2226  4105.703125  0.1
2227  4105.703125  0.1
2228  4105.703125  0.1
2229  4105.703125  0.1
2230  4105.703125  0.1
2231  4105.703125  0.1
2232  4105.703125  0.1
2233  4105.703125  0.1
2234  4105.703125  0.1
2235  4105.703125  0.1
2236  4105.703125  0.1
2237  4105.703125  0.1
2238  4105.703125  0.1
2239  4105.703125  0.1
2240  4105.703125  0.1
2241  4105.703125  0.1
2242  4105.703125  0.1
2243  4105.703125  0.1
2244  4105.703125  0.1
2245  4105.703125  0.1
2246  4105.703125  0.1
2247  4105.703125  0.1
2248  4105.703125  0.1
2249  4105.703125  0.1
2250  4105.703125  0.1
2251  4105.703125  0.1
2252  4105.703125  0.1
2253  4105.703125  0.1
2254  4105.703125  0.1
2255  4105.703125  0.1
2256  4105.703125  0.1
2257  4105.703125  0.1
2258  4105.703125  0.1
2259  4105.703125  0.1
2260  4105.703125  0.1
2261  4105.703125  0.1
2262  4105.703125  0.1
2263  4105.703125  0.1
2264  4105.703125  0.1
2265  4105.703125  0.1
2266  4105.703125  0.1
2267  4105.703125  0.1
2268  4105.703125  0.1
2269  4105.703125  0.1
2270  4105.703125  0.1
2271  4105.703125  0.1
2272  4105.703125  0.1
2273  4105.703125  0.1
2274  4105.703125  0.1
2275  4105.703125  0.1
2276  4105.703125  0.1
2277  4105.703125  0.1
2278  4105.703125  0.1
2279  4105.703125  0.1
2280  4105.703125  0.1
2281  4105.703125  0.1
2282  4105.703125  0.1
2283  4105.703125  0.1
2284  4105.703125  0.1
2285  4105.703125  0.1
2286  4105.703125  0.1
2287  4105.703125  0.1
2288  4105.703125  0.1
2289  4105.703125  0.1
2290  4105.703125  0.1
2291  4105.703125  0.1
2292  4105.703125  0.1
2293  4105.703125  0.1
2294  4105.703125  0.1
2295  4105.703125  0.1
2296  4105.703125  0.1
2297  4105.703125  0.1
2298  4105.703125  0.1
2299  4105.703125  0.1
2300  4105.703125  0.1
2301  4105.703125  0.1
2302  4105.703125  0.1
2303  4105.703125  0.1
2304  4105.703125  0.1
2305  4105.703125  0.1
2306  4105.703125  0.1
2307  4105.703125  0.1
2308  4105.703125  0.1
2309  4105.703125  0.1
2310  4105.703125  0.1
2311  4105.703125  0.1
2312  4105.703125  0.1
2313  4105.703125  0.1
2314  4105.703125  0.1
2315  4105.703125  0.1
2316  4105.703125  0.1
2317  4105.703125  0.1
2318  4105.703125  0.1
2319  4105.703125  0.1
2320  4105.703125  0.1
2321  4105.703125  0.1
2322  4105.703125  0.1
2323  4105.703125  0.1
2324  4105.703125  0.1
2325  4105.703125  0.1
2326  4105.703125  0.1
2327  4105.703125  0.1
2328  4105.703125  0.1
2329  4105.703125  0.1
2330  4105.703125  0.1
2331  4105.703125  0.1
2332  4105.703125  0.1
2333  4105.703125  0.1
2334  4105.703125  0.1
2335  4105.703125  0.1
2336  4105.703125  0.1
2337  4105.703125  0.1
2338  4105.703125  0.1
2339  4105.703125  0.1
2340  4105.703125  0.1
2341  4105.703125  0.1
2342  4105.703125  0.1
2343  4105.703125  0.1
2344  4105.703125  0.1
2345  4105.703125  0.1
2346  4105.703125  0.1
2347  4105.703125  0.1
2348  4105.703125  0.1
2349  4105.703125  0.1
2350  4105.703125  0.1
2351  4105.703125  0.1
2352  4105.703125  0.1
2353  4105.703125  0.1
2354  4105.703125  0.1
2355  4105.703125  0.1
2356  4105.703125  0.1
2357  4105.703125  0.1
2358  4105.703125  0.1
2359  4105.703125  0.1
2360  4105.703125  0.1
2361  4105.703125  0.1
2362  4105.703125  0.1
2363  4105.703125  0.1
2364  4105.703125  0.1
2365  4105.703125  0.1
2366  4105.703125  0.1
2367  4105.703125  0.1
2368  4105.703125  0.1
2369  4105.703125  0.1
2370  4105.703125  0.1
2371  4105.703125  0.1
2372  4105.703125  0.1
2373  4105.703125  0.1
2374  4105.703125  0.1
2375  4105.703125  0.1
2376  4105.703125  0.1
2377  4105.703125  0.1
2378  4105.703125  0.1
2379  4105.703125  0.1
2380  4105.703125  0.1
2381  4105.703125  0.1
2382  4105.703125  0.1
2383  4105.703125  0.1
2384  4105.703125  0.1
2385  4105.703125  0.1
2386  4105.703125  0.1
2387  4105.703125  0.1
2388  4105.703125  0.1
2389  4105.703125  0.1
2390  4105.703125  0.1
2391  4105.703125  0.1
2392  4105.703125  0.1
2393  4105.703125  0.1
2394  4105.703125  0.1
2395  4105.703125  0.1
2396  4105.703125  0.1
2397  4105.703125  0.1
2398  4105.703125  0.1
2399  4105.703125  0.1
2400  4105.703125  0.1
2401  4105.703125  0.1
2402  4105.703125  0.1
2403  4105.703125  0.1
2404  4105.703125  0.1
2405  4105.703125  0.1
2406  4105.703125  0.1
2407  4105.703125  0.1
2408  4105.703125  0.1
2409  4105.703125  0.1
2410  4105.703125  0.1
2411  4105.703125  0.1
2412  4105.703125  0.1
2413  4105.703125  0.1
2414  4105.703125  0.1
2415  4105.703125  0.1
2416  4105.703125  0.1
2417  4105.703125  0.1
2418  4105.703125  0.1
2419  4105.703125  0.1
2420  4105.703125  0.1
2421  4105.703125  0.1
2422  4105.703125  0.1
2423  4105.703125  0.1
2424  4105.703125  0.1
2425  4105.703125  0.1
2426  4105.703125  0.1
2427  4105.703125  0.1
2428  4105.703125  0.1
2429  4105.703125  0.1
2430  4105.703125  0.1
2431  4105.703125  0.1
2432  4105.703125  0.1
2433  4105.703125  0.1
2434  4105.703125  0.1
2435  4105.703125  0.1
2436  4105.703125  0.1
2437  4105.703125  0.1
2438  4105.703125  0.1
2439  4105.703125  0.1
2440  4105.703125  0.1
2441  4105.703125  0.1
2442  4105.703125  0.1
2443  4105.703125  0.1
2444  4105.703125  0.1
2445  4105.703125  0.1
2446  4105.703125  0.1
2447  4105.703125  0.1
2448  4105.703125  0.1
2449  4105.703125  0.1
2450  4105.703125  0.1
2451  4105.703125  0.1
2452  4105.703125  0.1
2453  4105.703125  0.1
2454  4105.703125  0.1
2455  4105.703125  0.1
2456  4105.703125  0.1
2457  4105.703125  0.1
2458  4105.703125  0.1
2459  4105.703125  0.1
2460  4105.703125  0.1
2461  4105.703125  0.1
2462  4105.703125  0.1
2463  4105.703125  0.1
2464  4105.703125  0.1
2465  4105.703125  0.1
2466  4105.703125  0.1
2467  4105.703125  0.1
2468  4105.703125  0.1
2469  4105.703125  0.1
2470  4105.703125  0.1
2471  4105.703125  0.1
2472  4105.703125  0.1
2473  4105.703125  0.1
2474  4105.703125  0.1
2475  4105.703125  0.1
2476  4105.703125  0.1
2477  4105.703125  0.1
2478  4105.703125  0.1
2479  4105.703125  0.1
2480  4105.703125  0.1
2481  4105.703125  0.1
2482  4105.703125  0.1
2483  4105.703125  0.1
2484  4105.703125  0.1
2485  4105.703125  0.1
2486  4105.703125  0.1
2487  4105.703125  0.1
2488  4105.703125  0.1
2489  4105.703125  0.1
2490  4105.703125  0.1
2491  4105.703125  0.1
2492  4105.703125  0.1
2493  4105.703125  0.1
2494  4105.703125  0.1
2495  4105.703125  0.1
2496  4105.703125  0.1
2497  4105.703125  0.1
2498  4105.703125  0.1
2499  4105.703125  0.1
2500  4105.703125  0.1
2501  4105.703125  0.1
2502  4105.703125  0.1
2503  4105.703125  0.1
2504  4105.703125  0.1
2505  4105.703125  0.1
2506  4105.703125  0.1
2507  4105.703125  0.1
2508  4105.703125  0.1
2509  4105.703125  0.1
2510  4105.703125  0.1
2511  4105.703125  0.1
2512  4105.703125  0.1
2513  4105.703125  0.1
2514  4105.703125  0.1
2515  4105.703125  0.1
2516  4105.703125  0.1
2517  4105.703125  0.1
2518  4105.703125  0.1
2519  4105.703125  0.1
2520  4105.703125  0.1
2521  4105.703125  0.1
2522  4105.703125  0.1
2523  4105.703125  0.1
2524  4105.703125  0.1
2525  4105.703125  0.1
2526  4105.703125  0.1
2527  4105.703125  0.1
2528  4105.703125  0.1
2529  4105.703125  0.1
2530  4105.703125  0.1
2531  4105.703125  0.1
2532  4105.703125  0.1
2533  4105.703125  0.1
2534  4105.703125  0.1
2535  4105.703125  0.1
2536  4105.703125  0.1
2537  4105.703125  0.1
2538  4105.703125  0.1
2539  4105.703125  0.1
2540  4105.703125  0.1
2541  4105.703125  0.1
2542  4105.703125  0.1
2543  4105.703125  0.1
2544  4105.703125  0.1
2545  4105.703125  0.1
2546  4105.703125  0.1
2547  4105.703125  0.1
2548  4105.703125  0.1
2549  4105.703125  0.1
2550  4105.703125  0.1
2551  4105.703125  0.1
2552  4105.703125  0.1
2553  4105.703125  0.1
2554  4105.703125  0.1
2555  4105.703125  0.1
2556  4105.703125  0.1
2557  4105.703125  0.1
2558  4105.703125  0.1
2559  4105.703125  0.1
2560  4105.703125  0.1
2561  4105.703125  0.1
2562  4105.703125  0.1
2563  4105.703125  0.1
2564  4105.703125  0.1
2565  4105.703125  0.1
2566  4105.703125  0.1
2567  4105.703125  0.1
2568  4105.703125  0.1
2569  4105.703125  0.1
2570  4105.703125  0.1
2571  4105.703125  0.1
2572  4105.703125  0.1
2573  4105.703125  0.1
2574  4105.703125  0.1
2575  4105.703125  0.1
2576  4105.703125  0.1
2577  4105.703125  0.1
2578  4105.703125  0.1
2579  4105.703125  0.1
2580  4105.703125  0.1
2581  4105.703125  0.1
2582  4105.703125  0.1
2583  4105.703125  0.1
2584  4105.703125  0.1
2585  4105.703125  0.1
2586  4105.703125  0.1
2587  4105.703125  0.1
2588  4105.703125  0.1
2589  4105.703125  0.1
2590  4105.703125  0.1
2591  4105.703125  0.1
2592  4105.703125  0.1
2593  4105.703125  0.1
2594  4105.703125  0.1
2595  4105.703125  0.1
2596  4105.703125  0.1
2597  4105.703125  0.1
2598  4105.703125  0.1
2599  4105.703125  0.1
2600  4105.703125  0.1
2601  4105.703125  0.1
2602  4105.703125  0.1
2603  4105.703125  0.1
2604  4105.703125  0.1
2605  4105.703125  0.1
2606  4105.703125  0.1
2607  4105.703125  0.1
2608  4105.703125  0.1
2609  4105.703125  0.1
2610  4105.703125  0.1
2611  4105.703125  0.1
2612  4105.703125  0.1
2613  4105.703125  0.1
2614  4105.703125  0.1
2615  4105.703125  0.1
2616  4105.703125  0.1
2617  4105.703125  0.1
2618  4105.703125  0.1
2619  4105.703125  0.1
2620  4105.703125  0.1
2621  4105.703125  0.1
2622  4105.703125  0.1
2623  4105.703125  0.1
2624  4105.703125  0.1
2625  4105.703125  0.1
2626  4105.703125  0.1
2627  4105.703125  0.1
2628  4105.703125  0.1
2629  4105.703125  0.1
2630  4105.703125  0.1
2631  4105.703125  0.1
2632  4105.703125  0.1
2633  4105.703125  0.1
2634  4105.703125  0.1
2635  4105.703125  0.1
2636  4105.703125  0.1
2637  4105.703125  0.1
2638  4105.703125  0.1
2639  4105.703125  0.1
2640  4105.703125  0.1
2641  4105.703125  0.1
2642  4105.703125  0.1
2643  4105.703125  0.1
2644  4105.703125  0.1
2645  4105.703125  0.1
2646  4105.703125  0.1
2647  4105.703125  0.1
2648  4105.703125  0.1
2649  4105.703125  0.1
2650  4105.703125  0.1
2651  4105.703125  0.1
2652  4105.703125  0.1
2653  4105.703125  0.1
2654  4105.703125  0.1
2655  4105.703125  0.1
2656  4105.703125  0.1
2657  4105.703125  0.1
2658  4105.703125  0.1
2659  4105.703125  0.1
2660  4105.703125  0.1
2661  4105.703125  0.1
2662  4105.703125  0.1
2663  4105.703125  0.1
2664  4105.703125  0.1
2665  4105.703125  0.1
2666  4105.703125  0.1
2667  4105.703125  0.1
2668  4105.703125  0.1
2669  4105.703125  0.1
2670  4105.703125  0.1
2671  4105.703125  0.1
2672  4105.703125  0.1
2673  4105.703125  0.1
2674  4105.703125  0.1
2675  4105.703125  0.1
2676  4105.703125  0.1
2677  4105.703125  0.1
2678  4105.703125  0.1
2679  4105.703125  0.1
2680  4105.703125  0.1
2681  4105.703125  0.1
2682  4105.703125  0.1
2683  4105.703125  0.1
2684  4105.703125  0.1
2685  4105.703125  0.1
2686  4105.703125  0.1
2687  4105.703125  0.1
2688  4105.703125  0.1
2689  4105.703125  0.1
2690  4105.703125  0.1
2691  4105.703125  0.1
2692  4105.703125  0.1
2693  4105.703125  0.1
2694  4105.703125  0.1
2695  4105.703125  0.1
2696  4105.703125  0.1
2697  4105.703125  0.1
2698  4105.703125  0.1
2699  4105.703125  0.1
2700  4105.703125  0.1
2701  4105.703125  0.1
2702  4105.703125  0.1
2703  4105.703125  0.1
2704  4105.703125  0.1
2705  4105.703125  0.1
2706  4105.703125  0.1
2707  4105.703125  0.1
2708  4105.703125  0.1
2709  4105.703125  0.1
2710  4105.703125  0.1
2711  4105.703125  0.1
2712  4105.703125  0.1
2713  4105.703125  0.1
2714  4105.703125  0.1
2715  4105.703125  0.1
2716  4105.703125  0.1
2717  4105.703125  0.1
2718  4105.703125  0.1
2719  4105.703125  0.1
2720  4105.703125  0.1
2721  4105.703125  0.1
2722  4105.703125  0.1
2723  4105.703125  0.1
2724  4105.703125  0.1
2725  4105.703125  0.1
2726  4105.703125  0.1
2727  4105.703125  0.1
2728  4105.703125  0.1
2729  4105.703125  0.1
2730  4105.703125  0.1
2731  4105.703125  0.1
2732  4105.703125  0.1
2733  4105.703125  0.1
2734  4105.703125  0.1
2735  4105.703125  0.1
2736  4105.703125  0.1
2737  4105.703125  0.1
2738  4105.703125  0.1
2739  4105.703125  0.1
2740  4105.703125  0.1
2741  4105.703125  0.1
2742  4105.703125  0.1
2743  4105.703125  0.1
2744  4105.703125  0.1
2745  4105.703125  0.1
2746  4105.703125  0.1
2747  4105.703125  0.1
2748  4105.703125  0.1
2749  4105.703125  0.1
2750  4105.703125  0.1
2751  4105.703125  0.1
2752  4105.703125  0.1
2753  4105.703125  0.1
2754  4105.703125  0.1
2755  4105.703125  0.1
2756  4105.703125  0.1
2757  4105.703125  0.1
2758  4105.703125  0.1
2759  4105.703125  0.1
2760  4105.703125  0.1
2761  4105.703125  0.1
2762  4105.703125  0.1
2763  4105.703125  0.1
2764  4105.703125  0.1
2765  4105.703125  0.1
2766  4105.703125  0.1
2767  4105.703125  0.1
2768  4105.703125  0.1
2769  4105.703125  0.1
2770  4105.703125  0.1
2771  4105.703125  0.1
2772  4105.703125  0.1
2773  4105.703125  0.1
2774  4105.703125  0.1
2775  4105.703125  0.1
2776  4105.703125  0.1
2777  4105.703125  0.1
2778  4105.703125  0.1
2779  4105.703125  0.1
2780  4105.703125  0.1
2781  4105.703125  0.1
2782  4105.703125  0.1
2783  4105.703125  0.1
2784  4105.703125  0.1
2785  4105.703125  0.1
2786  4105.703125  0.1
2787  4105.703125  0.1
2788  4105.703125  0.1
2789  4105.703125  0.1
2790  4105.703125  0.1
2791  4105.703125  0.1
2792  4105.703125  0.1
2793  4105.703125  0.1
2794  4105.703125  0.1
2795  4105.703125  0.1
2796  4105.703125  0.1
2797  4105.703125  0.1
2798  4105.703125  0.1
2799  4105.703125  0.1
2800  4105.703125  0.1
2801  4105.703125  0.1
2802  4105.703125  0.1
2803  4105.703125  0.1
2804  4105.703125  0.1
2805  4105.703125  0.1
2806  4105.703125  0.1
2807  4105.703125  0.1
2808  4105.703125  0.1
2809  4105.703125  0.1
2810  4105.703125  0.1
2811  4105.703125  0.1
2812  4105.703125  0.1
2813  4105.703125  0.1
2814  4105.703125  0.1
2815  4105.703125  0.1
2816  4105.703125  0.1
2817  4105.703125  0.1
2818  4105.703125  0.1
2819  4105.703125  0.1
2820  4105.703125  0.1
2821  4105.703125  0.1
2822  4105.703125  0.1
2823  4105.703125  0.1
2824  4105.703125  0.1
2825  4105.703125  0.1
2826  4105.703125  0.1
2827  4105.703125  0.1
2828  4105.703125  0.1
2829  4105.703125  0.1
2830  4105.703125  0.1
2831  4105.703125  0.1
2832  4105.703125  0.1
2833  4105.703125  0.1
2834  4105.703125  0.1
2835  4105.703125  0.1
2836  4105.703125  0.1
2837  4105.703125  0.1
2838  4105.703125  0.1
2839  4105.703125  0.1
2840  4105.703125  0.1
2841  4105.703125  0.1
2842  4105.703125  0.1
2843  4105.703125  0.1
2844  4105.703125  0.1
2845  4105.703125  0.1
2846  4105.703125  0.1
2847  4105.703125  0.1
2848  4105.703125  0.1
2849  4105.703125  0.1
2850  4105.703125  0.1
2851  4105.703125  0.1
2852  4105.703125  0.1
2853  4105.703125  0.1
2854  4105.703125  0.1
2855  4105.703125  0.1
2856  4105.703125  0.1
2857  4105.703125  0.1
2858  4105.703125  0.1
2859  4105.703125  0.1
2860  4105.703125  0.1
2861  4105.703125  0.1
2862  4105.703125  0.1
2863  4105.703125  0.1
2864  4105.703125  0.1
2865  4105.703125  0.1
2866  4105.703125  0.1
2867  4105.703125  0.1
2868  4105.703125  0.1
2869  4105.703125  0.1
2870  4105.703125  0.1
2871  4105.703125  0.1
2872  4105.703125  0.1
2873  4105.703125  0.1
2874  4105.703125  0.1
2875  4105.703125  0.1
2876  4105.703125  0.1
2877  4105.703125  0.1
2878  4105.703125  0.1
2879  4105.703125  0.1
2880  4105.703125  0.1
2881  4105.703125  0.1
2882  4105.703125  0.1
2883  4105.703125  0.1
2884  4105.703125  0.1
2885  4105.703125  0.1
2886  4105.703125  0.1
2887  4105.703125  0.1
2888  4105.703125  0.1
2889  4105.703125  0.1
2890  4105.703125  0.1
2891  4105.703125  0.1
2892  4105.703125  0.1
2893  4105.703125  0.1
2894  4105.703125  0.1
2895  4105.703125  0.1
2896  4105.703125  0.1
2897  4105.703125  0.1
2898  4105.703125  0.1
2899  4105.703125  0.1
2900  4105.703125  0.1
2901  4105.703125  0.1
2902  4105.703125  0.1
2903  4105.703125  0.1
2904  4105.703125  0.1
2905  4105.703125  0.1
2906  4105.703125  0.1
2907  4105.703125  0.1
2908  4105.703125  0.1
2909  4105.703125  0.1
2910  4105.703125  0.1
2911  4105.703125  0.1
2912  4105.703125  0.1
2913  4105.703125  0.1
2914  4105.703125  0.1
2915  4105.703125  0.1
2916  4105.703125  0.1
2917  4105.703125  0.1
2918  4105.703125  0.1
2919  4105.703125  0.1
2920  4105.703125  0.1
2921  4105.703125  0.1
2922  4105.703125  0.1
2923  4105.703125  0.1
2924  4105.703125  0.1
2925  4105.703125  0.1
2926  4105.703125  0.1
2927  4105.703125  0.1
2928  4105.703125  0.1
2929  4105.703125  0.1
2930  4105.703125  0.1
2931  4105.703125  0.1
2932  4105.703125  0.1
2933  4105.703125  0.1
2934  4105.703125  0.1
2935  4105.703125  0.1
2936  4105.703125  0.1
2937  4105.703125  0.1
2938  4105.703125  0.1
2939  4105.703125  0.1
2940  4105.703125  0.1
2941  4105.703125  0.1
2942  4105.703125  0.1
2943  4105.703125  0.1
2944  4105.703125  0.1
2945  4105.703125  0.1
2946  4105.703125  0.1
2947  4105.703125  0.1
2948  4105.703125  0.1
2949  4105.703125  0.1
2950  4105.703125  0.1
2951  4105.703125  0.1
2952  4105.703125  0.1
2953  4105.703125  0.1
2954  4105.703125  0.1
2955  4105.703125  0.1
2956  4105.703125  0.1
2957  4105.703125  0.1
2958  4105.703125  0.1
2959  4105.703125  0.1
2960  4105.703125  0.1
2961  4105.703125  0.1
2962  4105.703125  0.1
2963  4105.703125  0.1
2964  4105.703125  0.1
2965  4105.703125  0.1
2966  4105.703125  0.1
2967  4105.703125  0.1
2968  4105.703125  0.1
2969  4105.703125  0.1
2970  4105.703125  0.1
2971  4105.703125  0.1
2972  4105.703125  0.1
2973  4105.703125  0.1
2974  4105.703125  0.1
2975  4105.703125  0.1
2976  4105.703125  0.1
2977  4105.703125  0.1
2978  4105.703125  0.1
2979  4105.703125  0.1
2980  4105.703125  0.1
2981  4105.703125  0.1
2982  4105.703125  0.1
2983  4105.703125  0.1
2984  4105.703125  0.1
2985  4105.703125  0.1
2986  4105.703125  0.1
2987  4105.703125  0.1
2988  4105.703125  0.1
2989  4105.703125  0.1
2990  4105.703125  0.1
2991  4105.703125  0.1
2992  4105.703125  0.1
2993  4105.703125  0.1
2994  4105.703125  0.1
2995  4105.703125  0.1
2996  4105.703125  0.1
2997  4105.703125  0.1
2998  4105.703125  0.1
2999  4105.703125  0.1
#[-7, 3, 6, 6, 6, 6, 6, 6, 7, 8]
#[-5, 1, 6, 6, 6, 6, 6, 6, 6, 6]
#[-8, -6, 6, 6, 6, 6, 6, 6, 6, 8]
#[-7, 6, 6, 6, 6, 6, 6, 6, 6, 6]
#[-7, -2, 6, 6, 6, 6, 6, 6, 6, 6]
#[-9, 6, 6, 6, 6, 6, 6, 6, 6, 9]
#[-5, 6, 6, 6, 6, 6, 6, 6, 7, 8]
#[2, 6, 6, 6, 6, 6, 6, 6, 6, 7]
#[-7, 1, 3, 6, 6, 6, 6, 6, 6, 6]
#Specialization index= [3, 6, 0.1323529411764706]
