#[9, 8, 0, 9, 4, 6, 7, 6, 6, 7]
#[1, 4, 7, 6, 3, 8, 2, 4, 0, 0]
#[4, 9, 9, 1, 8, 3, 6, 6, 6, 7]
#[6, 2, 7, 6, 9, 3, 3, 6, 2, 0]
#[8, 4, 2, 0, 9, 3, 5, 4, 4, 3]
#[8, 9, 5, 1, 6, 5, 6, 1, 9, 3]
#[0, 1, 6, 1, 1, 2, 8, 9, 7, 9]
#[2, 5, 0, 8, 4, 7, 4, 0, 9, 0]
#[4, 8, 7, 3, 5, 9, 6, 6, 8, 3]
0  4374.0  0.0
1  4374.0  0.0
2  4374.0  0.0
3  4374.0  0.0
4  4374.0  0.0
5  4374.0  0.0
6  4374.0  0.0
7  4374.0  0.0
8  4374.0  0.0
9  4374.0  0.0
10  4374.0  0.0
11  4374.0  0.0
12  4374.0  0.0
13  4374.0  0.0
14  4374.0  0.0
15  4374.0  0.0
16  4374.0  0.0
17  4374.0  0.0
18  4374.0  0.0
19  4374.0  0.0
20  4374.0  0.0
21  4374.0  0.0
22  4374.0  0.0
23  4374.0  0.0
24  4374.0  0.0
25  4374.0  0.0
26  4374.0  0.0
27  4374.0  0.0
28  4374.0  0.0
29  4374.0  0.0
30  4374.0  0.0
31  4374.0  0.0
32  4374.0  0.0
33  4374.0  0.0
34  4374.0  0.0
35  4374.0  0.0
36  4374.0  0.0
37  4374.0  0.0
38  4374.0  0.0
39  4374.0  0.0
40  4374.0  0.0
41  4374.0  0.0
42  4374.0  0.0
43  4374.0  0.0
44  4374.0  0.0
45  4374.0  0.0
46  4374.0  0.0
47  4374.0  0.0
48  4374.0  0.0
49  4374.0  0.0
50  4374.0  0.0
51  4374.0  0.0
52  4374.0  0.0
53  4374.0  0.0
54  4374.0  0.0
55  4374.0  0.0
56  4374.0  0.0
57  4374.0  0.0
58  4374.0  0.0
59  4374.0  0.0
60  4374.0  0.0
61  4374.0  0.0
62  4374.0  0.0
63  4374.0  0.0
64  4374.0  0.0
65  4374.0  0.0
66  4374.0  0.0
67  4374.0  0.0
68  4374.0  0.0
69  4374.0  0.0
70  4374.0  0.0
71  4374.0  0.0
72  4374.0  0.0
73  4374.0  0.0
74  4374.0  0.0
75  4374.0  0.0
76  4374.0  0.0
77  4374.0  0.0
78  4374.0  0.0
79  4374.0  0.0
80  4374.0  0.0
81  4374.0  0.0
82  4374.0  0.0
83  4374.0  0.0
84  4374.0  0.0
85  4374.0  0.0
86  4374.0  0.0
87  4374.0  0.0
88  4374.0  0.0
89  4374.0  0.0
90  4374.0  0.0
91  4374.0  0.0
92  4374.0  0.0
93  4374.0  0.0
94  4374.0  0.0
95  4374.0  0.0
96  4374.0  0.0
97  4374.0  0.0
98  4374.0  0.0
99  4374.0  0.0
100  4374.0  0.0
101  4374.0  0.0
102  4374.0  0.0
103  4374.0  0.0
104  4374.0  0.0
105  4374.0  0.0
106  4374.0  0.0
107  4374.0  0.0
108  4374.0  0.0
109  4374.0  0.0
110  4374.0  0.0
111  4374.0  0.0
112  4374.0  0.0
113  4374.0  0.0
114  4374.0  0.0
115  4374.0  0.0
116  4374.0  0.0
117  4374.0  0.0
118  4374.0  0.0
119  4374.0  0.0
120  4374.0  0.0
121  4374.0  0.0
122  4374.0  0.0
123  4374.0  0.0
124  4374.0  0.0
125  4374.0  0.0
126  4374.0  0.0
127  4374.0  0.0
128  4374.0  0.0
129  4374.0  0.0
130  4374.0  0.0
131  4374.0  0.0
132  4374.0  0.0
133  4374.0  0.0
134  4374.0  0.0
135  4374.0  0.0
136  4374.0  0.0
137  4374.0  0.0
138  4374.0  0.0
139  4374.0  0.0
140  4374.0  0.0
141  4374.0  0.0
142  4374.0  0.0
143  4374.0  0.0
144  4374.0  0.0
145  4374.0  0.0
146  4374.0  0.0
147  4374.0  0.0
148  4374.0  0.0
149  4374.0  0.0
150  4374.0  0.0
151  4374.0  0.0
152  4374.0  0.0
153  4374.0  0.0
154  4374.0  0.0
155  4374.0  0.0
156  4374.0  0.0
157  4374.0  0.0
158  4374.0  0.0
159  4374.0  0.0
160  4374.0  0.0
161  4374.0  0.0
162  4374.0  0.0
163  4374.0  0.0
164  4374.0  0.0
165  4374.0  0.0
166  4374.0  0.0
167  4374.0  0.0
168  4374.0  0.0
169  4374.0  0.0
170  4374.0  0.0
171  4374.0  0.0
172  4374.0  0.0
173  4374.0  0.0
174  4374.0  0.0
175  4374.0  0.0
176  4374.0  0.0
177  4374.0  0.0
178  4374.0  0.0
179  4374.0  0.0
180  4374.0  0.0
181  4374.0  0.0
182  4374.0  0.0
183  4374.0  0.0
184  4374.0  0.0
185  4374.0  0.0
186  4374.0  0.0
187  4374.0  0.0
188  4374.0  0.0
189  4374.0  0.0
190  4374.0  0.0
191  4374.0  0.0
192  4374.0  0.0
193  4374.0  0.0
194  4374.0  0.0
195  4374.0  0.0
196  4374.0  0.0
197  4374.0  0.0
198  4374.0  0.0
199  4374.0  0.0
200  4374.0  0.0
201  4374.0  0.0
202  4374.0  0.0
203  4374.0  0.0
204  4374.0  0.0
205  4374.0  0.0
206  4374.0  0.0
207  4374.0  0.0
208  4374.0  0.0
209  4374.0  0.0
210  4374.0  0.0
211  4374.0  0.0
212  4374.0  0.0
213  4374.0  0.0
214  4374.0  0.0
215  4374.0  0.0
216  4374.0  0.0
217  4374.0  0.0
218  4374.0  0.0
219  4374.0  0.0
220  4374.0  0.0
221  4374.0  0.0
222  4374.0  0.0
223  4374.0  0.0
224  4374.0  0.0
225  4374.0  0.0
226  4374.0  0.0
227  4374.0  0.0
228  4374.0  0.0
229  4374.0  0.0
230  4374.0  0.0
231  4374.0  0.0
232  4374.0  0.0
233  4374.0  0.0
234  4374.0  0.0
235  4374.0  0.0
236  4374.0  0.0
237  4374.0  0.0
238  4374.0  0.0
239  4374.0  0.0
240  4374.0  0.0
241  4374.0  0.0
242  4374.0  0.0
243  4374.0  0.0
244  4374.0  0.0
245  4374.0  0.0
246  4374.0  0.0
247  4374.0  0.0
248  4374.0  0.0
249  4374.0  0.0
250  4374.0  0.0
251  4374.0  0.0
252  4374.0  0.0
253  4374.0  0.0
254  4374.0  0.0
255  4374.0  0.0
256  4374.0  0.0
257  4374.0  0.0
258  4374.0  0.0
259  4374.0  0.0
260  4374.0  0.0
261  4374.0  0.0
262  4374.0  0.0
263  4374.0  0.0
264  4374.0  0.0
265  4374.0  0.0
266  4374.0  0.0
267  4374.0  0.0
268  4374.0  0.0
269  4374.0  0.0
270  4374.0  0.0
271  4374.0  0.0
272  4374.0  0.0
273  4374.0  0.0
274  4374.0  0.0
275  4374.0  0.0
276  4374.0  0.0
277  4374.0  0.0
278  4374.0  0.0
279  4374.0  0.0
280  4374.0  0.0
281  4374.0  0.0
282  4374.0  0.0
283  4374.0  0.0
284  4374.0  0.0
285  4374.0  0.0
286  4374.0  0.0
287  4374.0  0.0
288  4374.0  0.0
289  4374.0  0.0
290  4374.0  0.0
291  4374.0  0.0
292  4374.0  0.0
293  4374.0  0.0
294  4374.0  0.0
295  4374.0  0.0
296  4374.0  0.0
297  4374.0  0.0
298  4374.0  0.0
299  4374.0  0.0
300  4374.0  0.0
301  4374.0  0.0
302  4374.0  0.0
303  4374.0  0.0
304  4374.0  0.0
305  4374.0  0.0
306  4374.0  0.0
307  4374.0  0.0
308  4374.0  0.0
309  4374.0  0.0
310  4374.0  0.0
311  4374.0  0.0
312  4374.0  0.0
313  4374.0  0.0
314  4374.0  0.0
315  4374.0  0.0
316  4374.0  0.0
317  4374.0  0.0
318  4374.0  0.0
319  4374.0  0.0
320  4374.0  0.0
321  4374.0  0.0
322  4374.0  0.0
323  4374.0  0.0
324  4374.0  0.0
325  4374.0  0.0
326  4374.0  0.0
327  4374.0  0.0
328  4374.0  0.0
329  4374.0  0.0
330  4374.0  0.0
331  4374.0  0.0
332  4374.0  0.0
333  4374.0  0.0
334  4374.0  0.0
335  4374.0  0.0
336  4374.0  0.0
337  4374.0  0.0
338  4374.0  0.0
339  4374.0  0.0
340  4374.0  0.0
341  4374.0  0.0
342  4374.0  0.0
343  4374.0  0.0
344  4374.0  0.0
345  4374.0  0.0
346  4374.0  0.0
347  4374.0  0.0
348  4374.0  0.0
349  4374.0  0.0
350  4374.0  0.0
351  4374.0  0.0
352  4374.0  0.0
353  4374.0  0.0
354  4374.0  0.0
355  4374.0  0.0
356  4374.0  0.0
357  4374.0  0.0
358  4374.0  0.0
359  4374.0  0.0
360  4374.0  0.0
361  4374.0  0.0
362  4374.0  0.0
363  4374.0  0.0
364  4374.0  0.0
365  4374.0  0.0
366  4374.0  0.0
367  4374.0  0.0
368  4374.0  0.0
369  4374.0  0.0
370  4374.0  0.0
371  4374.0  0.0
372  4374.0  0.0
373  4374.0  0.0
374  4374.0  0.0
375  4374.0  0.0
376  4374.0  0.0
377  4374.0  0.0
378  4374.0  0.0
379  4374.0  0.0
380  4374.0  0.0
381  4374.0  0.0
382  4374.0  0.0
383  4374.0  0.0
384  4374.0  0.0
385  4374.0  0.0
386  4374.0  0.0
387  4374.0  0.0
388  4374.0  0.0
389  4374.0  0.0
390  4374.0  0.0
391  4374.0  0.0
392  4374.0  0.0
393  4374.0  0.0
394  4374.0  0.0
395  4374.0  0.0
396  4374.0  0.0
397  4374.0  0.0
398  4374.0  0.0
399  4374.0  0.0
400  4374.0  0.0
401  4374.0  0.0
402  4374.0  0.0
403  4374.0  0.0
404  4374.0  0.0
405  4374.0  0.0
406  4374.0  0.0
407  4374.0  0.0
408  4374.0  0.0
409  4374.0  0.0
410  4374.0  0.0
411  4374.0  0.0
412  4374.0  0.0
413  4374.0  0.0
414  4374.0  0.0
415  4374.0  0.0
416  4374.0  0.0
417  4374.0  0.0
418  4374.0  0.0
419  4374.0  0.0
420  4374.0  0.0
421  4374.0  0.0
422  4374.0  0.0
423  4374.0  0.0
424  4374.0  0.0
425  4374.0  0.0
426  4374.0  0.0
427  4374.0  0.0
428  4374.0  0.0
429  4374.0  0.0
430  4374.0  0.0
431  4374.0  0.0
432  4374.0  0.0
433  4374.0  0.0
434  4374.0  0.0
435  4374.0  0.0
436  4374.0  0.0
437  4374.0  0.0
438  4374.0  0.0
439  4374.0  0.0
440  4374.0  0.0
441  4374.0  0.0
442  4374.0  0.0
443  4374.0  0.0
444  4374.0  0.0
445  4374.0  0.0
446  4374.0  0.0
447  4374.0  0.0
448  4374.0  0.0
449  4374.0  0.0
450  4374.0  0.0
451  4374.0  0.0
452  4374.0  0.0
453  4374.0  0.0
454  4374.0  0.0
455  4374.0  0.0
456  4374.0  0.0
457  4374.0  0.0
458  4374.0  0.0
459  4374.0  0.0
460  4374.0  0.0
461  4374.0  0.0
462  4374.0  0.0
463  4374.0  0.0
464  4374.0  0.0
465  4374.0  0.0
466  4374.0  0.0
467  4374.0  0.0
468  4374.0  0.0
469  4374.0  0.0
470  4374.0  0.0
471  4374.0  0.0
472  4374.0  0.0
473  4374.0  0.0
474  4374.0  0.0
475  4374.0  0.0
476  4374.0  0.0
477  4374.0  0.0
478  4374.0  0.0
479  4374.0  0.0
480  4374.0  0.0
481  4374.0  0.0
482  4374.0  0.0
483  4374.0  0.0
484  4374.0  0.0
485  4374.0  0.0
486  4374.0  0.0
487  4374.0  0.0
488  4374.0  0.0
489  4374.0  0.0
490  4374.0  0.0
491  4374.0  0.0
492  4374.0  0.0
493  4374.0  0.0
494  4374.0  0.0
495  4374.0  0.0
496  4374.0  0.0
497  4374.0  0.0
498  4374.0  0.0
499  4374.0  0.0
500  4374.0  0.0
501  4374.0  0.0
502  4374.0  0.0
503  4374.0  0.0
504  4374.0  0.0
505  4374.0  0.0
506  4374.0  0.0
507  4374.0  0.0
508  4374.0  0.0
509  4374.0  0.0
510  4374.0  0.0
511  4374.0  0.0
512  4374.0  0.0
513  4374.0  0.0
514  4374.0  0.0
515  4374.0  0.0
516  4374.0  0.0
517  4374.0  0.0
518  4374.0  0.0
519  4374.0  0.0
520  4374.0  0.0
521  4374.0  0.0
522  4374.0  0.0
523  4374.0  0.0
524  4374.0  0.0
525  4374.0  0.0
526  4374.0  0.0
527  4374.0  0.0
528  4374.0  0.0
529  4374.0  0.0
530  4374.0  0.0
531  4374.0  0.0
532  4374.0  0.0
533  4374.0  0.0
534  4374.0  0.0
535  4374.0  0.0
536  4374.0  0.0
537  4374.0  0.0
538  4374.0  0.0
539  4374.0  0.0
540  4374.0  0.0
541  4374.0  0.0
542  4374.0  0.0
543  4374.0  0.0
544  4374.0  0.0
545  4374.0  0.0
546  4374.0  0.0
547  4374.0  0.0
548  4374.0  0.0
549  4374.0  0.0
550  4374.0  0.0
551  4374.0  0.0
552  4374.0  0.0
553  4374.0  0.0
554  4374.0  0.0
555  4374.0  0.0
556  4374.0  0.0
557  4374.0  0.0
558  4374.0  0.0
559  4374.0  0.0
560  4374.0  0.0
561  4374.0  0.0
562  4374.0  0.0
563  4374.0  0.0
564  4374.0  0.0
565  4374.0  0.0
566  4374.0  0.0
567  4374.0  0.0
568  4374.0  0.0
569  4374.0  0.0
570  4374.0  0.0
571  4374.0  0.0
572  4374.0  0.0
573  4374.0  0.0
574  4374.0  0.0
575  4374.0  0.0
576  4374.0  0.0
577  4374.0  0.0
578  4374.0  0.0
579  4374.0  0.0
580  4374.0  0.0
581  4374.0  0.0
582  4374.0  0.0
583  4374.0  0.0
584  4374.0  0.0
585  4374.0  0.0
586  4374.0  0.0
587  4374.0  0.0
588  4374.0  0.0
589  4374.0  0.0
590  4374.0  0.0
591  4374.0  0.0
592  4374.0  0.0
593  4374.0  0.0
594  4374.0  0.0
595  4374.0  0.0
596  4374.0  0.0
597  4374.0  0.0
598  4374.0  0.0
599  4374.0  0.0
600  4374.0  0.0
601  4374.0  0.0
602  4374.0  0.0
603  4374.0  0.0
604  4374.0  0.0
605  4374.0  0.0
606  4374.0  0.0
607  4374.0  0.0
608  4374.0  0.0
609  4374.0  0.0
610  4374.0  0.0
611  4374.0  0.0
612  4374.0  0.0
613  4374.0  0.0
614  4374.0  0.0
615  4374.0  0.0
616  4374.0  0.0
617  4374.0  0.0
618  4374.0  0.0
619  4374.0  0.0
620  4374.0  0.0
621  4374.0  0.0
622  4374.0  0.0
623  4374.0  0.0
624  4374.0  0.0
625  4374.0  0.0
626  4374.0  0.0
627  4374.0  0.0
628  4374.0  0.0
629  4374.0  0.0
630  4374.0  0.0
631  4374.0  0.0
632  4374.0  0.0
633  4374.0  0.0
634  4374.0  0.0
635  4374.0  0.0
636  4374.0  0.0
637  4374.0  0.0
638  4374.0  0.0
639  4374.0  0.0
640  4374.0  0.0
641  4374.0  0.0
642  4374.0  0.0
643  4374.0  0.0
644  4374.0  0.0
645  4374.0  0.0
646  4374.0  0.0
647  4374.0  0.0
648  4374.0  0.0
649  4374.0  0.0
650  4374.0  0.0
651  4374.0  0.0
652  4374.0  0.0
653  4374.0  0.0
654  4374.0  0.0
655  4374.0  0.0
656  4374.0  0.0
657  4374.0  0.0
658  4374.0  0.0
659  4374.0  0.0
660  4374.0  0.0
661  4374.0  0.0
662  4374.0  0.0
663  4374.0  0.0
664  4374.0  0.0
665  4374.0  0.0
666  4374.0  0.0
667  4374.0  0.0
668  4374.0  0.0
669  4374.0  0.0
670  4374.0  0.0
671  4374.0  0.0
672  4374.0  0.0
673  4374.0  0.0
674  4374.0  0.0
675  4374.0  0.0
676  4374.0  0.0
677  4374.0  0.0
678  4374.0  0.0
679  4374.0  0.0
680  4374.0  0.0
681  4374.0  0.0
682  4374.0  0.0
683  4374.0  0.0
684  4374.0  0.0
685  4374.0  0.0
686  4374.0  0.0
687  4374.0  0.0
688  4374.0  0.0
689  4374.0  0.0
690  4374.0  0.0
691  4374.0  0.0
692  4374.0  0.0
693  4374.0  0.0
694  4374.0  0.0
695  4374.0  0.0
696  4374.0  0.0
697  4374.0  0.0
698  4374.0  0.0
699  4374.0  0.0
700  4374.0  0.0
701  4374.0  0.0
702  4374.0  0.0
703  4374.0  0.0
704  4374.0  0.0
705  4374.0  0.0
706  4374.0  0.0
707  4374.0  0.0
708  4374.0  0.0
709  4374.0  0.0
710  4374.0  0.0
711  4374.0  0.0
712  4374.0  0.0
713  4374.0  0.0
714  4374.0  0.0
715  4374.0  0.0
716  4374.0  0.0
717  4374.0  0.0
718  4374.0  0.0
719  4374.0  0.0
720  4374.0  0.0
721  4374.0  0.0
722  4374.0  0.0
723  4374.0  0.0
724  4374.0  0.0
725  4374.0  0.0
726  4374.0  0.0
727  4374.0  0.0
728  4374.0  0.0
729  4374.0  0.0
730  4374.0  0.0
731  4374.0  0.0
732  4374.0  0.0
733  4374.0  0.0
734  4374.0  0.0
735  4374.0  0.0
736  4374.0  0.0
737  4374.0  0.0
738  4374.0  0.0
739  4374.0  0.0
740  4374.0  0.0
741  4374.0  0.0
742  4374.0  0.0
743  4374.0  0.0
744  4374.0  0.0
745  4374.0  0.0
746  4374.0  0.0
747  4374.0  0.0
748  4374.0  0.0
749  4374.0  0.0
750  4374.0  0.0
751  4374.0  0.0
752  4374.0  0.0
753  4374.0  0.0
754  4374.0  0.0
755  4374.0  0.0
756  4374.0  0.0
757  4374.0  0.0
758  4374.0  0.0
759  4374.0  0.0
760  4374.0  0.0
761  4374.0  0.0
762  4374.0  0.0
763  4374.0  0.0
764  4374.0  0.0
765  4374.0  0.0
766  4374.0  0.0
767  4374.0  0.0
768  4374.0  0.0
769  4374.0  0.0
770  4374.0  0.0
771  4374.0  0.0
772  4374.0  0.0
773  4374.0  0.0
774  4374.0  0.0
775  4374.0  0.0
776  4374.0  0.0
777  4374.0  0.0
778  4374.0  0.0
779  4374.0  0.0
780  4374.0  0.0
781  4374.0  0.0
782  4374.0  0.0
783  4374.0  0.0
784  4374.0  0.0
785  4374.0  0.0
786  4374.0  0.0
787  4374.0  0.0
788  4374.0  0.0
789  4374.0  0.0
790  4374.0  0.0
791  4374.0  0.0
792  4374.0  0.0
793  4374.0  0.0
794  4374.0  0.0
795  4374.0  0.0
796  4374.0  0.0
797  4374.0  0.0
798  4374.0  0.0
799  4374.0  0.0
800  4374.0  0.0
801  4374.0  0.0
802  4374.0  0.0
803  4374.0  0.0
804  4374.0  0.0
805  4374.0  0.0
806  4374.0  0.0
807  4374.0  0.0
808  4374.0  0.0
809  4374.0  0.0
810  4374.0  0.0
811  4374.0  0.0
812  4374.0  0.0
813  4374.0  0.0
814  4374.0  0.0
815  4374.0  0.0
816  4374.0  0.0
817  4374.0  0.0
818  4374.0  0.0
819  4374.0  0.0
820  4374.0  0.0
821  4374.0  0.0
822  4374.0  0.0
823  4374.0  0.0
824  4374.0  0.0
825  4374.0  0.0
826  4374.0  0.0
827  4374.0  0.0
828  4374.0  0.0
829  4374.0  0.0
830  4374.0  0.0
831  4374.0  0.0
832  4374.0  0.0
833  4374.0  0.0
834  4374.0  0.0
835  4374.0  0.0
836  4374.0  0.0
837  4374.0  0.0
838  4374.0  0.0
839  4374.0  0.0
840  4374.0  0.0
841  4374.0  0.0
842  4374.0  0.0
843  4374.0  0.0
844  4374.0  0.0
845  4374.0  0.0
846  4374.0  0.0
847  4374.0  0.0
848  4374.0  0.0
849  4374.0  0.0
850  4374.0  0.0
851  4374.0  0.0
852  4374.0  0.0
853  4374.0  0.0
854  4374.0  0.0
855  4374.0  0.0
856  4374.0  0.0
857  4374.0  0.0
858  4374.0  0.0
859  4374.0  0.0
860  4374.0  0.0
861  4374.0  0.0
862  4374.0  0.0
863  4374.0  0.0
864  4374.0  0.0
865  4374.0  0.0
866  4374.0  0.0
867  4374.0  0.0
868  4374.0  0.0
869  4374.0  0.0
870  4374.0  0.0
871  4374.0  0.0
872  4374.0  0.0
873  4374.0  0.0
874  4374.0  0.0
875  4374.0  0.0
876  4374.0  0.0
877  4374.0  0.0
878  4374.0  0.0
879  4374.0  0.0
880  4374.0  0.0
881  4374.0  0.0
882  4374.0  0.0
883  4374.0  0.0
884  4374.0  0.0
885  4374.0  0.0
886  4374.0  0.0
887  4374.0  0.0
888  4374.0  0.0
889  4374.0  0.0
890  4374.0  0.0
891  4374.0  0.0
892  4374.0  0.0
893  4374.0  0.0
894  4374.0  0.0
895  4374.0  0.0
896  4374.0  0.0
897  4374.0  0.0
898  4374.0  0.0
899  4374.0  0.0
900  4374.0  0.0
901  4374.0  0.0
902  4374.0  0.0
903  4374.0  0.0
904  4374.0  0.0
905  4374.0  0.0
906  4374.0  0.0
907  4374.0  0.0
908  4374.0  0.0
909  4374.0  0.0
910  4374.0  0.0
911  4374.0  0.0
912  4374.0  0.0
913  4374.0  0.0
914  4374.0  0.0
915  4374.0  0.0
916  4374.0  0.0
917  4374.0  0.0
918  4374.0  0.0
919  4374.0  0.0
920  4374.0  0.0
921  4374.0  0.0
922  4374.0  0.0
923  4374.0  0.0
924  4374.0  0.0
925  4374.0  0.0
926  4374.0  0.0
927  4374.0  0.0
928  4374.0  0.0
929  4374.0  0.0
930  4374.0  0.0
931  4374.0  0.0
932  4374.0  0.0
933  4374.0  0.0
934  4374.0  0.0
935  4374.0  0.0
936  4374.0  0.0
937  4374.0  0.0
938  4374.0  0.0
939  4374.0  0.0
940  4374.0  0.0
941  4374.0  0.0
942  4374.0  0.0
943  4374.0  0.0
944  4374.0  0.0
945  4374.0  0.0
946  4374.0  0.0
947  4374.0  0.0
948  4374.0  0.0
949  4374.0  0.0
950  4374.0  0.0
951  4374.0  0.0
952  4374.0  0.0
953  4374.0  0.0
954  4374.0  0.0
955  4374.0  0.0
956  4374.0  0.0
957  4374.0  0.0
958  4374.0  0.0
959  4374.0  0.0
960  4374.0  0.0
961  4374.0  0.0
962  4374.0  0.0
963  4374.0  0.0
964  4374.0  0.0
965  4374.0  0.0
966  4374.0  0.0
967  4374.0  0.0
968  4374.0  0.0
969  4374.0  0.0
970  4374.0  0.0
971  4374.0  0.0
972  4374.0  0.0
973  4374.0  0.0
974  4374.0  0.0
975  4374.0  0.0
976  4374.0  0.0
977  4374.0  0.0
978  4374.0  0.0
979  4374.0  0.0
980  4374.0  0.0
981  4374.0  0.0
982  4374.0  0.0
983  4374.0  0.0
984  4374.0  0.0
985  4374.0  0.0
986  4374.0  0.0
987  4374.0  0.0
988  4374.0  0.0
989  4374.0  0.0
990  4374.0  0.0
991  4374.0  0.0
992  4374.0  0.0
993  4374.0  0.0
994  4374.0  0.0
995  4374.0  0.0
996  4374.0  0.0
997  4374.0  0.0
998  4374.0  0.0
999  4374.0  0.0
1000  4374.0  0.0
1001  4374.0  0.0
1002  4374.0  0.0
1003  4374.0  0.0
1004  4374.0  0.0
1005  4374.0  0.0
1006  4374.0  0.0
1007  4374.0  0.0
1008  4374.0  0.0
1009  4374.0  0.0
1010  4374.0  0.0
1011  4374.0  0.0
1012  4374.0  0.0
1013  4374.0  0.0
1014  4374.0  0.0
1015  4374.0  0.0
1016  4374.0  0.0
1017  4374.0  0.0
1018  4374.0  0.0
1019  4374.0  0.0
1020  4374.0  0.0
1021  4374.0  0.0
1022  4374.0  0.0
1023  4374.0  0.0
1024  4374.0  0.0
1025  4374.0  0.0
1026  4374.0  0.0
1027  4374.0  0.0
1028  4374.0  0.0
1029  4374.0  0.0
1030  4374.0  0.0
1031  4374.0  0.0
1032  4374.0  0.0
1033  4374.0  0.0
1034  4374.0  0.0
1035  4374.0  0.0
1036  4374.0  0.0
1037  4374.0  0.0
1038  4374.0  0.0
1039  4374.0  0.0
1040  4374.0  0.0
1041  4374.0  0.0
1042  4374.0  0.0
1043  4374.0  0.0
1044  4374.0  0.0
1045  4374.0  0.0
1046  4374.0  0.0
1047  4374.0  0.0
1048  4374.0  0.0
1049  4374.0  0.0
1050  4374.0  0.0
1051  4374.0  0.0
1052  4374.0  0.0
1053  4374.0  0.0
1054  4374.0  0.0
1055  4374.0  0.0
1056  4374.0  0.0
1057  4374.0  0.0
1058  4374.0  0.0
1059  4374.0  0.0
1060  4374.0  0.0
1061  4374.0  0.0
1062  4374.0  0.0
1063  4374.0  0.0
1064  4374.0  0.0
1065  4374.0  0.0
1066  4374.0  0.0
1067  4374.0  0.0
1068  4374.0  0.0
1069  4374.0  0.0
1070  4374.0  0.0
1071  4374.0  0.0
1072  4374.0  0.0
1073  4374.0  0.0
1074  4374.0  0.0
1075  4374.0  0.0
1076  4374.0  0.0
1077  4374.0  0.0
1078  4374.0  0.0
1079  4374.0  0.0
1080  4374.0  0.0
1081  4374.0  0.0
1082  4374.0  0.0
1083  4374.0  0.0
1084  4374.0  0.0
1085  4374.0  0.0
1086  4374.0  0.0
1087  4374.0  0.0
1088  4374.0  0.0
1089  4374.0  0.0
1090  4374.0  0.0
1091  4374.0  0.0
1092  4374.0  0.0
1093  4374.0  0.0
1094  4374.0  0.0
1095  4374.0  0.0
1096  4374.0  0.0
1097  4374.0  0.0
1098  4374.0  0.0
1099  4374.0  0.0
1100  4374.0  0.0
1101  4374.0  0.0
1102  4374.0  0.0
1103  4374.0  0.0
1104  4374.0  0.0
1105  4374.0  0.0
1106  4374.0  0.0
1107  4374.0  0.0
1108  4374.0  0.0
1109  4374.0  0.0
1110  4374.0  0.0
1111  4374.0  0.0
1112  4374.0  0.0
1113  4374.0  0.0
1114  4374.0  0.0
1115  4374.0  0.0
1116  4374.0  0.0
1117  4374.0  0.0
1118  4374.0  0.0
1119  4374.0  0.0
1120  4374.0  0.0
1121  4374.0  0.0
1122  4374.0  0.0
1123  4374.0  0.0
1124  4374.0  0.0
1125  4374.0  0.0
1126  4374.0  0.0
1127  4374.0  0.0
1128  4374.0  0.0
1129  4374.0  0.0
1130  4374.0  0.0
1131  4374.0  0.0
1132  4374.0  0.0
1133  4374.0  0.0
1134  4374.0  0.0
1135  4374.0  0.0
1136  4374.0  0.0
1137  4374.0  0.0
1138  4374.0  0.0
1139  4374.0  0.0
1140  4374.0  0.0
1141  4374.0  0.0
1142  4374.0  0.0
1143  4374.0  0.0
1144  4374.0  0.0
1145  4374.0  0.0
1146  4374.0  0.0
1147  4374.0  0.0
1148  4374.0  0.0
1149  4374.0  0.0
1150  4374.0  0.0
1151  4374.0  0.0
1152  4374.0  0.0
1153  4374.0  0.0
1154  4374.0  0.0
1155  4374.0  0.0
1156  4374.0  0.0
1157  4374.0  0.0
1158  4374.0  0.0
1159  4374.0  0.0
1160  4374.0  0.0
1161  4374.0  0.0
1162  4374.0  0.0
1163  4374.0  0.0
1164  4374.0  0.0
1165  4374.0  0.0
1166  4374.0  0.0
1167  4374.0  0.0
1168  4374.0  0.0
1169  4374.0  0.0
1170  4374.0  0.0
1171  4374.0  0.0
1172  4374.0  0.0
1173  4374.0  0.0
1174  4374.0  0.0
1175  4374.0  0.0
1176  4374.0  0.0
1177  4374.0  0.0
1178  4374.0  0.0
1179  4374.0  0.0
1180  4374.0  0.0
1181  4374.0  0.0
1182  4374.0  0.0
1183  4374.0  0.0
1184  4374.0  0.0
1185  4374.0  0.0
1186  4374.0  0.0
1187  4374.0  0.0
1188  4374.0  0.0
1189  4374.0  0.0
1190  4374.0  0.0
1191  4374.0  0.0
1192  4374.0  0.0
1193  4374.0  0.0
1194  4374.0  0.0
1195  4374.0  0.0
1196  4374.0  0.0
1197  4374.0  0.0
1198  4374.0  0.0
1199  4374.0  0.0
1200  4374.0  0.0
1201  4374.0  0.0
1202  4374.0  0.0
1203  4374.0  0.0
1204  4374.0  0.0
1205  4374.0  0.0
1206  4374.0  0.0
1207  4374.0  0.0
1208  4374.0  0.0
1209  4374.0  0.0
1210  4374.0  0.0
1211  4374.0  0.0
1212  4374.0  0.0
1213  4374.0  0.0
1214  4374.0  0.0
1215  4374.0  0.0
1216  4374.0  0.0
1217  4374.0  0.0
1218  4374.0  0.0
1219  4374.0  0.0
1220  4374.0  0.0
1221  4374.0  0.0
1222  4374.0  0.0
1223  4374.0  0.0
1224  4374.0  0.0
1225  4374.0  0.0
1226  4374.0  0.0
1227  4374.0  0.0
1228  4374.0  0.0
1229  4374.0  0.0
1230  4374.0  0.0
1231  4374.0  0.0
1232  4374.0  0.0
1233  4374.0  0.0
1234  4374.0  0.0
1235  4374.0  0.0
1236  4374.0  0.0
1237  4374.0  0.0
1238  4374.0  0.0
1239  4374.0  0.0
1240  4374.0  0.0
1241  4374.0  0.0
1242  4374.0  0.0
1243  4374.0  0.0
1244  4374.0  0.0
1245  4374.0  0.0
1246  4374.0  0.0
1247  4374.0  0.0
1248  4374.0  0.0
1249  4374.0  0.0
1250  4374.0  0.0
1251  4374.0  0.0
1252  4374.0  0.0
1253  4374.0  0.0
1254  4374.0  0.0
1255  4374.0  0.0
1256  4374.0  0.0
1257  4374.0  0.0
1258  4374.0  0.0
1259  4374.0  0.0
1260  4374.0  0.0
1261  4374.0  0.0
1262  4374.0  0.0
1263  4374.0  0.0
1264  4374.0  0.0
1265  4374.0  0.0
1266  4374.0  0.0
1267  4374.0  0.0
1268  4374.0  0.0
1269  4374.0  0.0
1270  4374.0  0.0
1271  4374.0  0.0
1272  4374.0  0.0
1273  4374.0  0.0
1274  4374.0  0.0
1275  4374.0  0.0
1276  4374.0  0.0
1277  4374.0  0.0
1278  4374.0  0.0
1279  4374.0  0.0
1280  4374.0  0.0
1281  4374.0  0.0
1282  4374.0  0.0
1283  4374.0  0.0
1284  4374.0  0.0
1285  4374.0  0.0
1286  4374.0  0.0
1287  4374.0  0.0
1288  4374.0  0.0
1289  4374.0  0.0
1290  4374.0  0.0
1291  4374.0  0.0
1292  4374.0  0.0
1293  4374.0  0.0
1294  4374.0  0.0
1295  4374.0  0.0
1296  4374.0  0.0
1297  4374.0  0.0
1298  4374.0  0.0
1299  4374.0  0.0
1300  4374.0  0.0
1301  4374.0  0.0
1302  4374.0  0.0
1303  4374.0  0.0
1304  4374.0  0.0
1305  4374.0  0.0
1306  4374.0  0.0
1307  4374.0  0.0
1308  4374.0  0.0
1309  4374.0  0.0
1310  4374.0  0.0
1311  4374.0  0.0
1312  4374.0  0.0
1313  4374.0  0.0
1314  4374.0  0.0
1315  4374.0  0.0
1316  4374.0  0.0
1317  4374.0  0.0
1318  4374.0  0.0
1319  4374.0  0.0
1320  4374.0  0.0
1321  4374.0  0.0
1322  4374.0  0.0
1323  4374.0  0.0
1324  4374.0  0.0
1325  4374.0  0.0
1326  4374.0  0.0
1327  4374.0  0.0
1328  4374.0  0.0
1329  4374.0  0.0
1330  4374.0  0.0
1331  4374.0  0.0
1332  4374.0  0.0
1333  4374.0  0.0
1334  4374.0  0.0
1335  4374.0  0.0
1336  4374.0  0.0
1337  4374.0  0.0
1338  4374.0  0.0
1339  4374.0  0.0
1340  4374.0  0.0
1341  4374.0  0.0
1342  4374.0  0.0
1343  4374.0  0.0
1344  4374.0  0.0
1345  4374.0  0.0
1346  4374.0  0.0
1347  4374.0  0.0
1348  4374.0  0.0
1349  4374.0  0.0
1350  4374.0  0.0
1351  4374.0  0.0
1352  4374.0  0.0
1353  4374.0  0.0
1354  4374.0  0.0
1355  4374.0  0.0
1356  4374.0  0.0
1357  4374.0  0.0
1358  4374.0  0.0
1359  4374.0  0.0
1360  4374.0  0.0
1361  4374.0  0.0
1362  4374.0  0.0
1363  4374.0  0.0
1364  4374.0  0.0
1365  4374.0  0.0
1366  4374.0  0.0
1367  4374.0  0.0
1368  4374.0  0.0
1369  4374.0  0.0
1370  4374.0  0.0
1371  4374.0  0.0
1372  4374.0  0.0
1373  4374.0  0.0
1374  4374.0  0.0
1375  4374.0  0.0
1376  4374.0  0.0
1377  4374.0  0.0
1378  4374.0  0.0
1379  4374.0  0.0
1380  4374.0  0.0
1381  4374.0  0.0
1382  4374.0  0.0
1383  4374.0  0.0
1384  4374.0  0.0
1385  4374.0  0.0
1386  4374.0  0.0
1387  4374.0  0.0
1388  4374.0  0.0
1389  4374.0  0.0
1390  4374.0  0.0
1391  4374.0  0.0
1392  4374.0  0.0
1393  4374.0  0.0
1394  4374.0  0.0
1395  4374.0  0.0
1396  4374.0  0.0
1397  4374.0  0.0
1398  4374.0  0.0
1399  4374.0  0.0
1400  4374.0  0.0
1401  4374.0  0.0
1402  4374.0  0.0
1403  4374.0  0.0
1404  4374.0  0.0
1405  4374.0  0.0
1406  4374.0  0.0
1407  4374.0  0.0
1408  4374.0  0.0
1409  4374.0  0.0
1410  4374.0  0.0
1411  4374.0  0.0
1412  4374.0  0.0
1413  4374.0  0.0
1414  4374.0  0.0
1415  4374.0  0.0
1416  4374.0  0.0
1417  4374.0  0.0
1418  4374.0  0.0
1419  4374.0  0.0
1420  4374.0  0.0
1421  4374.0  0.0
1422  4374.0  0.0
1423  4374.0  0.0
1424  4374.0  0.0
1425  4374.0  0.0
1426  4374.0  0.0
1427  4374.0  0.0
1428  4374.0  0.0
1429  4374.0  0.0
1430  4374.0  0.0
1431  4374.0  0.0
1432  4374.0  0.0
1433  4374.0  0.0
1434  4374.0  0.0
1435  4374.0  0.0
1436  4374.0  0.0
1437  4374.0  0.0
1438  4374.0  0.0
1439  4374.0  0.0
1440  4374.0  0.0
1441  4374.0  0.0
1442  4374.0  0.0
1443  4374.0  0.0
1444  4374.0  0.0
1445  4374.0  0.0
1446  4374.0  0.0
1447  4374.0  0.0
1448  4374.0  0.0
1449  4374.0  0.0
1450  4374.0  0.0
1451  4374.0  0.0
1452  4374.0  0.0
1453  4374.0  0.0
1454  4374.0  0.0
1455  4374.0  0.0
1456  4374.0  0.0
1457  4374.0  0.0
1458  4374.0  0.0
1459  4374.0  0.0
1460  4374.0  0.0
1461  4374.0  0.0
1462  4374.0  0.0
1463  4374.0  0.0
1464  4374.0  0.0
1465  4374.0  0.0
1466  4374.0  0.0
1467  4374.0  0.0
1468  4374.0  0.0
1469  4374.0  0.0
1470  4374.0  0.0
1471  4374.0  0.0
1472  4374.0  0.0
1473  4374.0  0.0
1474  4374.0  0.0
1475  4374.0  0.0
1476  4374.0  0.0
1477  4374.0  0.0
1478  4374.0  0.0
1479  4374.0  0.0
1480  4374.0  0.0
1481  4374.0  0.0
1482  4374.0  0.0
1483  4374.0  0.0
1484  4374.0  0.0
1485  4374.0  0.0
1486  4374.0  0.0
1487  4374.0  0.0
1488  4374.0  0.0
1489  4374.0  0.0
1490  4374.0  0.0
1491  4374.0  0.0
1492  4374.0  0.0
1493  4374.0  0.0
1494  4374.0  0.0
1495  4374.0  0.0
1496  4374.0  0.0
1497  4374.0  0.0
1498  4374.0  0.0
1499  4374.0  0.0
1500  4374.0  0.0
1501  4374.0  0.0
1502  4374.0  0.0
1503  4374.0  0.0
1504  4374.0  0.0
1505  4374.0  0.0
1506  4374.0  0.0
1507  4374.0  0.0
1508  4374.0  0.0
1509  4374.0  0.0
1510  4374.0  0.0
1511  4374.0  0.0
1512  4374.0  0.0
1513  4374.0  0.0
1514  4374.0  0.0
1515  4374.0  0.0
1516  4374.0  0.0
1517  4374.0  0.0
1518  4374.0  0.0
1519  4374.0  0.0
1520  4374.0  0.0
1521  4374.0  0.0
1522  4374.0  0.0
1523  4374.0  0.0
1524  4374.0  0.0
1525  4374.0  0.0
1526  4374.0  0.0
1527  4374.0  0.0
1528  4374.0  0.0
1529  4374.0  0.0
1530  4374.0  0.0
1531  4374.0  0.0
1532  4374.0  0.0
1533  4374.0  0.0
1534  4374.0  0.0
1535  4374.0  0.0
1536  4374.0  0.0
1537  4374.0  0.0
1538  4374.0  0.0
1539  4374.0  0.0
1540  4374.0  0.0
1541  4374.0  0.0
1542  4374.0  0.0
1543  4374.0  0.0
1544  4374.0  0.0
1545  4374.0  0.0
1546  4374.0  0.0
1547  4374.0  0.0
1548  4374.0  0.0
1549  4374.0  0.0
1550  4374.0  0.0
1551  4374.0  0.0
1552  4374.0  0.0
1553  4374.0  0.0
1554  4374.0  0.0
1555  4374.0  0.0
1556  4374.0  0.0
1557  4374.0  0.0
1558  4374.0  0.0
1559  4374.0  0.0
1560  4374.0  0.0
1561  4374.0  0.0
1562  4374.0  0.0
1563  4374.0  0.0
1564  4374.0  0.0
1565  4374.0  0.0
1566  4374.0  0.0
1567  4374.0  0.0
1568  4374.0  0.0
1569  4374.0  0.0
1570  4374.0  0.0
1571  4374.0  0.0
1572  4374.0  0.0
1573  4374.0  0.0
1574  4374.0  0.0
1575  4374.0  0.0
1576  4374.0  0.0
1577  4374.0  0.0
1578  4374.0  0.0
1579  4374.0  0.0
1580  4374.0  0.0
1581  4374.0  0.0
1582  4374.0  0.0
1583  4374.0  0.0
1584  4374.0  0.0
1585  4374.0  0.0
1586  4374.0  0.0
1587  4374.0  0.0
1588  4374.0  0.0
1589  4374.0  0.0
1590  4374.0  0.0
1591  4374.0  0.0
1592  4374.0  0.0
1593  4374.0  0.0
1594  4374.0  0.0
1595  4374.0  0.0
1596  4374.0  0.0
1597  4374.0  0.0
1598  4374.0  0.0
1599  4374.0  0.0
1600  4374.0  0.0
1601  4374.0  0.0
1602  4374.0  0.0
1603  4374.0  0.0
1604  4374.0  0.0
1605  4374.0  0.0
1606  4374.0  0.0
1607  4374.0  0.0
1608  4374.0  0.0
1609  4374.0  0.0
1610  4374.0  0.0
1611  4374.0  0.0
1612  4374.0  0.0
1613  4374.0  0.0
1614  4374.0  0.0
1615  4374.0  0.0
1616  4374.0  0.0
1617  4374.0  0.0
1618  4374.0  0.0
1619  4374.0  0.0
1620  4374.0  0.0
1621  4374.0  0.0
1622  4374.0  0.0
1623  4374.0  0.0
1624  4374.0  0.0
1625  4374.0  0.0
1626  4374.0  0.0
1627  4374.0  0.0
1628  4374.0  0.0
1629  4374.0  0.0
1630  4374.0  0.0
1631  4374.0  0.0
1632  4374.0  0.0
1633  4374.0  0.0
1634  4374.0  0.0
1635  4374.0  0.0
1636  4374.0  0.0
1637  4374.0  0.0
1638  4374.0  0.0
1639  4374.0  0.0
1640  4374.0  0.0
1641  4374.0  0.0
1642  4374.0  0.0
1643  4374.0  0.0
1644  4374.0  0.0
1645  4374.0  0.0
1646  4374.0  0.0
1647  4374.0  0.0
1648  4374.0  0.0
1649  4374.0  0.0
1650  4374.0  0.0
1651  4374.0  0.0
1652  4374.0  0.0
1653  4374.0  0.0
1654  4374.0  0.0
1655  4374.0  0.0
1656  4374.0  0.0
1657  4374.0  0.0
1658  4374.0  0.0
1659  4374.0  0.0
1660  4374.0  0.0
1661  4374.0  0.0
1662  4374.0  0.0
1663  4374.0  0.0
1664  4374.0  0.0
1665  4374.0  0.0
1666  4374.0  0.0
1667  4374.0  0.0
1668  4374.0  0.0
1669  4374.0  0.0
1670  4374.0  0.0
1671  4374.0  0.0
1672  4374.0  0.0
1673  4374.0  0.0
1674  4374.0  0.0
1675  4374.0  0.0
1676  4374.0  0.0
1677  4374.0  0.0
1678  4374.0  0.0
1679  4374.0  0.0
1680  4374.0  0.0
1681  4374.0  0.0
1682  4374.0  0.0
1683  4374.0  0.0
1684  4374.0  0.0
1685  4374.0  0.0
1686  4374.0  0.0
1687  4374.0  0.0
1688  4374.0  0.0
1689  4374.0  0.0
1690  4374.0  0.0
1691  4374.0  0.0
1692  4374.0  0.0
1693  4374.0  0.0
1694  4374.0  0.0
1695  4374.0  0.0
1696  4374.0  0.0
1697  4374.0  0.0
1698  4374.0  0.0
1699  4374.0  0.0
1700  4374.0  0.0
1701  4374.0  0.0
1702  4374.0  0.0
1703  4374.0  0.0
1704  4374.0  0.0
1705  4374.0  0.0
1706  4374.0  0.0
1707  4374.0  0.0
1708  4374.0  0.0
1709  4374.0  0.0
1710  4374.0  0.0
1711  4374.0  0.0
1712  4374.0  0.0
1713  4374.0  0.0
1714  4374.0  0.0
1715  4374.0  0.0
1716  4374.0  0.0
1717  4374.0  0.0
1718  4374.0  0.0
1719  4374.0  0.0
1720  4374.0  0.0
1721  4374.0  0.0
1722  4374.0  0.0
1723  4374.0  0.0
1724  4374.0  0.0
1725  4374.0  0.0
1726  4374.0  0.0
1727  4374.0  0.0
1728  4374.0  0.0
1729  4374.0  0.0
1730  4374.0  0.0
1731  4374.0  0.0
1732  4374.0  0.0
1733  4374.0  0.0
1734  4374.0  0.0
1735  4374.0  0.0
1736  4374.0  0.0
1737  4374.0  0.0
1738  4374.0  0.0
1739  4374.0  0.0
1740  4374.0  0.0
1741  4374.0  0.0
1742  4374.0  0.0
1743  4374.0  0.0
1744  4374.0  0.0
1745  4374.0  0.0
1746  4374.0  0.0
1747  4374.0  0.0
1748  4374.0  0.0
1749  4374.0  0.0
1750  4374.0  0.0
1751  4374.0  0.0
1752  4374.0  0.0
1753  4374.0  0.0
1754  4374.0  0.0
1755  4374.0  0.0
1756  4374.0  0.0
1757  4374.0  0.0
1758  4374.0  0.0
1759  4374.0  0.0
1760  4374.0  0.0
1761  4374.0  0.0
1762  4374.0  0.0
1763  4374.0  0.0
1764  4374.0  0.0
1765  4374.0  0.0
1766  4374.0  0.0
1767  4374.0  0.0
1768  4374.0  0.0
1769  4374.0  0.0
1770  4374.0  0.0
1771  4374.0  0.0
1772  4374.0  0.0
1773  4374.0  0.0
1774  4374.0  0.0
1775  4374.0  0.0
1776  4374.0  0.0
1777  4374.0  0.0
1778  4374.0  0.0
1779  4374.0  0.0
1780  4374.0  0.0
1781  4374.0  0.0
1782  4374.0  0.0
1783  4374.0  0.0
1784  4374.0  0.0
1785  4374.0  0.0
1786  4374.0  0.0
1787  4374.0  0.0
1788  4374.0  0.0
1789  4374.0  0.0
1790  4374.0  0.0
1791  4374.0  0.0
1792  4374.0  0.0
1793  4374.0  0.0
1794  4374.0  0.0
1795  4374.0  0.0
1796  4374.0  0.0
1797  4374.0  0.0
1798  4374.0  0.0
1799  4374.0  0.0
1800  4374.0  0.0
1801  4374.0  0.0
1802  4374.0  0.0
1803  4374.0  0.0
1804  4374.0  0.0
1805  4374.0  0.0
1806  4374.0  0.0
1807  4374.0  0.0
1808  4374.0  0.0
1809  4374.0  0.0
1810  4374.0  0.0
1811  4374.0  0.0
1812  4374.0  0.0
1813  4374.0  0.0
1814  4374.0  0.0
1815  4374.0  0.0
1816  4374.0  0.0
1817  4374.0  0.0
1818  4374.0  0.0
1819  4374.0  0.0
1820  4374.0  0.0
1821  4374.0  0.0
1822  4374.0  0.0
1823  4374.0  0.0
1824  4374.0  0.0
1825  4374.0  0.0
1826  4374.0  0.0
1827  4374.0  0.0
1828  4374.0  0.0
1829  4374.0  0.0
1830  4374.0  0.0
1831  4374.0  0.0
1832  4374.0  0.0
1833  4374.0  0.0
1834  4374.0  0.0
1835  4374.0  0.0
1836  4374.0  0.0
1837  4374.0  0.0
1838  4374.0  0.0
1839  4374.0  0.0
1840  4374.0  0.0
1841  4374.0  0.0
1842  4374.0  0.0
1843  4374.0  0.0
1844  4374.0  0.0
1845  4374.0  0.0
1846  4374.0  0.0
1847  4374.0  0.0
1848  4374.0  0.0
1849  4374.0  0.0
1850  4374.0  0.0
1851  4374.0  0.0
1852  4374.0  0.0
1853  4374.0  0.0
1854  4374.0  0.0
1855  4374.0  0.0
1856  4374.0  0.0
1857  4374.0  0.0
1858  4374.0  0.0
1859  4374.0  0.0
1860  4374.0  0.0
1861  4374.0  0.0
1862  4374.0  0.0
1863  4374.0  0.0
1864  4374.0  0.0
1865  4374.0  0.0
1866  4374.0  0.0
1867  4374.0  0.0
1868  4374.0  0.0
1869  4374.0  0.0
1870  4374.0  0.0
1871  4374.0  0.0
1872  4374.0  0.0
1873  4374.0  0.0
1874  4374.0  0.0
1875  4374.0  0.0
1876  4374.0  0.0
1877  4374.0  0.0
1878  4374.0  0.0
1879  4374.0  0.0
1880  4374.0  0.0
1881  4374.0  0.0
1882  4374.0  0.0
1883  4374.0  0.0
1884  4374.0  0.0
1885  4374.0  0.0
1886  4374.0  0.0
1887  4374.0  0.0
1888  4374.0  0.0
1889  4374.0  0.0
1890  4374.0  0.0
1891  4374.0  0.0
1892  4374.0  0.0
1893  4374.0  0.0
1894  4374.0  0.0
1895  4374.0  0.0
1896  4374.0  0.0
1897  4374.0  0.0
1898  4374.0  0.0
1899  4374.0  0.0
1900  4374.0  0.0
1901  4374.0  0.0
1902  4374.0  0.0
1903  4374.0  0.0
1904  4374.0  0.0
1905  4374.0  0.0
1906  4374.0  0.0
1907  4374.0  0.0
1908  4374.0  0.0
1909  4374.0  0.0
1910  4374.0  0.0
1911  4374.0  0.0
1912  4374.0  0.0
1913  4374.0  0.0
1914  4374.0  0.0
1915  4374.0  0.0
1916  4374.0  0.0
1917  4374.0  0.0
1918  4374.0  0.0
1919  4374.0  0.0
1920  4374.0  0.0
1921  4374.0  0.0
1922  4374.0  0.0
1923  4374.0  0.0
1924  4374.0  0.0
1925  4374.0  0.0
1926  4374.0  0.0
1927  4374.0  0.0
1928  4374.0  0.0
1929  4374.0  0.0
1930  4374.0  0.0
1931  4374.0  0.0
1932  4374.0  0.0
1933  4374.0  0.0
1934  4374.0  0.0
1935  4374.0  0.0
1936  4374.0  0.0
1937  4374.0  0.0
1938  4374.0  0.0
1939  4374.0  0.0
1940  4374.0  0.0
1941  4374.0  0.0
1942  4374.0  0.0
1943  4374.0  0.0
1944  4374.0  0.0
1945  4374.0  0.0
1946  4374.0  0.0
1947  4374.0  0.0
1948  4374.0  0.0
1949  4374.0  0.0
1950  4374.0  0.0
1951  4374.0  0.0
1952  4374.0  0.0
1953  4374.0  0.0
1954  4374.0  0.0
1955  4374.0  0.0
1956  4374.0  0.0
1957  4374.0  0.0
1958  4374.0  0.0
1959  4374.0  0.0
1960  4374.0  0.0
1961  4374.0  0.0
1962  4374.0  0.0
1963  4374.0  0.0
1964  4374.0  0.0
1965  4374.0  0.0
1966  4374.0  0.0
1967  4374.0  0.0
1968  4374.0  0.0
1969  4374.0  0.0
1970  4374.0  0.0
1971  4374.0  0.0
1972  4374.0  0.0
1973  4374.0  0.0
1974  4374.0  0.0
1975  4374.0  0.0
1976  4374.0  0.0
1977  4374.0  0.0
1978  4374.0  0.0
1979  4374.0  0.0
1980  4374.0  0.0
1981  4374.0  0.0
1982  4374.0  0.0
1983  4374.0  0.0
1984  4374.0  0.0
1985  4374.0  0.0
1986  4374.0  0.0
1987  4374.0  0.0
1988  4374.0  0.0
1989  4374.0  0.0
1990  4374.0  0.0
1991  4374.0  0.0
1992  4374.0  0.0
1993  4374.0  0.0
1994  4374.0  0.0
1995  4374.0  0.0
1996  4374.0  0.0
1997  4374.0  0.0
1998  4374.0  0.0
1999  4374.0  0.0
2000  4374.0  0.0
2001  4374.0  0.0
2002  4374.0  0.0
2003  4374.0  0.0
2004  4374.0  0.0
2005  4374.0  0.0
2006  4374.0  0.0
2007  4374.0  0.0
2008  4374.0  0.0
2009  4374.0  0.0
2010  4374.0  0.0
2011  4374.0  0.0
2012  4374.0  0.0
2013  4374.0  0.0
2014  4374.0  0.0
2015  4374.0  0.0
2016  4374.0  0.0
2017  4374.0  0.0
2018  4374.0  0.0
2019  4374.0  0.0
2020  4374.0  0.0
2021  4374.0  0.0
2022  4374.0  0.0
2023  4374.0  0.0
2024  4374.0  0.0
2025  4374.0  0.0
2026  4374.0  0.0
2027  4374.0  0.0
2028  4374.0  0.0
2029  4374.0  0.0
2030  4374.0  0.0
2031  4374.0  0.0
2032  4374.0  0.0
2033  4374.0  0.0
2034  4374.0  0.0
2035  4374.0  0.0
2036  4374.0  0.0
2037  4374.0  0.0
2038  4374.0  0.0
2039  4374.0  0.0
2040  4374.0  0.0
2041  4374.0  0.0
2042  4374.0  0.0
2043  4374.0  0.0
2044  4374.0  0.0
2045  4374.0  0.0
2046  4374.0  0.0
2047  4374.0  0.0
2048  4374.0  0.0
2049  4374.0  0.0
2050  4374.0  0.0
2051  4374.0  0.0
2052  4374.0  0.0
2053  4374.0  0.0
2054  4374.0  0.0
2055  4374.0  0.0
2056  4374.0  0.0
2057  4374.0  0.0
2058  4374.0  0.0
2059  4374.0  0.0
2060  4374.0  0.0
2061  4374.0  0.0
2062  4374.0  0.0
2063  4374.0  0.0
2064  4374.0  0.0
2065  4374.0  0.0
2066  4374.0  0.0
2067  4374.0  0.0
2068  4374.0  0.0
2069  4374.0  0.0
2070  4374.0  0.0
2071  4374.0  0.0
2072  4374.0  0.0
2073  4374.0  0.0
2074  4374.0  0.0
2075  4374.0  0.0
2076  4374.0  0.0
2077  4374.0  0.0
2078  4374.0  0.0
2079  4374.0  0.0
2080  4374.0  0.0
2081  4374.0  0.0
2082  4374.0  0.0
2083  4374.0  0.0
2084  4374.0  0.0
2085  4374.0  0.0
2086  4374.0  0.0
2087  4374.0  0.0
2088  4374.0  0.0
2089  4374.0  0.0
2090  4374.0  0.0
2091  4374.0  0.0
2092  4374.0  0.0
2093  4374.0  0.0
2094  4374.0  0.0
2095  4374.0  0.0
2096  4374.0  0.0
2097  4374.0  0.0
2098  4374.0  0.0
2099  4374.0  0.0
2100  4374.0  0.0
2101  4374.0  0.0
2102  4374.0  0.0
2103  4374.0  0.0
2104  4374.0  0.0
2105  4374.0  0.0
2106  4374.0  0.0
2107  4374.0  0.0
2108  4374.0  0.0
2109  4374.0  0.0
2110  4374.0  0.0
2111  4374.0  0.0
2112  4374.0  0.0
2113  4374.0  0.0
2114  4374.0  0.0
2115  4374.0  0.0
2116  4374.0  0.0
2117  4374.0  0.0
2118  4374.0  0.0
2119  4374.0  0.0
2120  4374.0  0.0
2121  4374.0  0.0
2122  4374.0  0.0
2123  4374.0  0.0
2124  4374.0  0.0
2125  4374.0  0.0
2126  4374.0  0.0
2127  4374.0  0.0
2128  4374.0  0.0
2129  4374.0  0.0
2130  4374.0  0.0
2131  4374.0  0.0
2132  4374.0  0.0
2133  4374.0  0.0
2134  4374.0  0.0
2135  4374.0  0.0
2136  4374.0  0.0
2137  4374.0  0.0
2138  4374.0  0.0
2139  4374.0  0.0
2140  4374.0  0.0
2141  4374.0  0.0
2142  4374.0  0.0
2143  4374.0  0.0
2144  4374.0  0.0
2145  4374.0  0.0
2146  4374.0  0.0
2147  4374.0  0.0
2148  4374.0  0.0
2149  4374.0  0.0
2150  4374.0  0.0
2151  4374.0  0.0
2152  4374.0  0.0
2153  4374.0  0.0
2154  4374.0  0.0
2155  4374.0  0.0
2156  4374.0  0.0
2157  4374.0  0.0
2158  4374.0  0.0
2159  4374.0  0.0
2160  4374.0  0.0
2161  4374.0  0.0
2162  4374.0  0.0
2163  4374.0  0.0
2164  4374.0  0.0
2165  4374.0  0.0
2166  4374.0  0.0
2167  4374.0  0.0
2168  4374.0  0.0
2169  4374.0  0.0
2170  4374.0  0.0
2171  4374.0  0.0
2172  4374.0  0.0
2173  4374.0  0.0
2174  4374.0  0.0
2175  4374.0  0.0
2176  4374.0  0.0
2177  4374.0  0.0
2178  4374.0  0.0
2179  4374.0  0.0
2180  4374.0  0.0
2181  4374.0  0.0
2182  4374.0  0.0
2183  4374.0  0.0
2184  4374.0  0.0
2185  4374.0  0.0
2186  4374.0  0.0
2187  4374.0  0.0
2188  4374.0  0.0
2189  4374.0  0.0
2190  4374.0  0.0
2191  4374.0  0.0
2192  4374.0  0.0
2193  4374.0  0.0
2194  4374.0  0.0
2195  4374.0  0.0
2196  4374.0  0.0
2197  4374.0  0.0
2198  4374.0  0.0
2199  4374.0  0.0
2200  4374.0  0.0
2201  4374.0  0.0
2202  4374.0  0.0
2203  4374.0  0.0
2204  4374.0  0.0
2205  4374.0  0.0
2206  4374.0  0.0
2207  4374.0  0.0
2208  4374.0  0.0
2209  4374.0  0.0
2210  4374.0  0.0
2211  4374.0  0.0
2212  4374.0  0.0
2213  4374.0  0.0
2214  4374.0  0.0
2215  4374.0  0.0
2216  4374.0  0.0
2217  4374.0  0.0
2218  4374.0  0.0
2219  4374.0  0.0
2220  4374.0  0.0
2221  4374.0  0.0
2222  4374.0  0.0
2223  4374.0  0.0
2224  4374.0  0.0
2225  4374.0  0.0
2226  4374.0  0.0
2227  4374.0  0.0
2228  4374.0  0.0
2229  4374.0  0.0
2230  4374.0  0.0
2231  4374.0  0.0
2232  4374.0  0.0
2233  4374.0  0.0
2234  4374.0  0.0
2235  4374.0  0.0
2236  4374.0  0.0
2237  4374.0  0.0
2238  4374.0  0.0
2239  4374.0  0.0
2240  4374.0  0.0
2241  4374.0  0.0
2242  4374.0  0.0
2243  4374.0  0.0
2244  4374.0  0.0
2245  4374.0  0.0
2246  4374.0  0.0
2247  4374.0  0.0
2248  4374.0  0.0
2249  4374.0  0.0
2250  4374.0  0.0
2251  4374.0  0.0
2252  4374.0  0.0
2253  4374.0  0.0
2254  4374.0  0.0
2255  4374.0  0.0
2256  4374.0  0.0
2257  4374.0  0.0
2258  4374.0  0.0
2259  4374.0  0.0
2260  4374.0  0.0
2261  4374.0  0.0
2262  4374.0  0.0
2263  4374.0  0.0
2264  4374.0  0.0
2265  4374.0  0.0
2266  4374.0  0.0
2267  4374.0  0.0
2268  4374.0  0.0
2269  4374.0  0.0
2270  4374.0  0.0
2271  4374.0  0.0
2272  4374.0  0.0
2273  4374.0  0.0
2274  4374.0  0.0
2275  4374.0  0.0
2276  4374.0  0.0
2277  4374.0  0.0
2278  4374.0  0.0
2279  4374.0  0.0
2280  4374.0  0.0
2281  4374.0  0.0
2282  4374.0  0.0
2283  4374.0  0.0
2284  4374.0  0.0
2285  4374.0  0.0
2286  4374.0  0.0
2287  4374.0  0.0
2288  4374.0  0.0
2289  4374.0  0.0
2290  4374.0  0.0
2291  4374.0  0.0
2292  4374.0  0.0
2293  4374.0  0.0
2294  4374.0  0.0
2295  4374.0  0.0
2296  4374.0  0.0
2297  4374.0  0.0
2298  4374.0  0.0
2299  4374.0  0.0
2300  4374.0  0.0
2301  4374.0  0.0
2302  4374.0  0.0
2303  4374.0  0.0
2304  4374.0  0.0
2305  4374.0  0.0
2306  4374.0  0.0
2307  4374.0  0.0
2308  4374.0  0.0
2309  4374.0  0.0
2310  4374.0  0.0
2311  4374.0  0.0
2312  4374.0  0.0
2313  4374.0  0.0
2314  4374.0  0.0
2315  4374.0  0.0
2316  4374.0  0.0
2317  4374.0  0.0
2318  4374.0  0.0
2319  4374.0  0.0
2320  4374.0  0.0
2321  4374.0  0.0
2322  4374.0  0.0
2323  4374.0  0.0
2324  4374.0  0.0
2325  4374.0  0.0
2326  4374.0  0.0
2327  4374.0  0.0
2328  4374.0  0.0
2329  4374.0  0.0
2330  4374.0  0.0
2331  4374.0  0.0
2332  4374.0  0.0
2333  4374.0  0.0
2334  4374.0  0.0
2335  4374.0  0.0
2336  4374.0  0.0
2337  4374.0  0.0
2338  4374.0  0.0
2339  4374.0  0.0
2340  4374.0  0.0
2341  4374.0  0.0
2342  4374.0  0.0
2343  4374.0  0.0
2344  4374.0  0.0
2345  4374.0  0.0
2346  4374.0  0.0
2347  4374.0  0.0
2348  4374.0  0.0
2349  4374.0  0.0
2350  4374.0  0.0
2351  4374.0  0.0
2352  4374.0  0.0
2353  4374.0  0.0
2354  4374.0  0.0
2355  4374.0  0.0
2356  4374.0  0.0
2357  4374.0  0.0
2358  4374.0  0.0
2359  4374.0  0.0
2360  4374.0  0.0
2361  4374.0  0.0
2362  4374.0  0.0
2363  4374.0  0.0
2364  4374.0  0.0
2365  4374.0  0.0
2366  4374.0  0.0
2367  4374.0  0.0
2368  4374.0  0.0
2369  4374.0  0.0
2370  4374.0  0.0
2371  4374.0  0.0
2372  4374.0  0.0
2373  4374.0  0.0
2374  4374.0  0.0
2375  4374.0  0.0
2376  4374.0  0.0
2377  4374.0  0.0
2378  4374.0  0.0
2379  4374.0  0.0
2380  4374.0  0.0
2381  4374.0  0.0
2382  4374.0  0.0
2383  4374.0  0.0
2384  4374.0  0.0
2385  4374.0  0.0
2386  4374.0  0.0
2387  4374.0  0.0
2388  4374.0  0.0
2389  4374.0  0.0
2390  4374.0  0.0
2391  4374.0  0.0
2392  4374.0  0.0
2393  4374.0  0.0
2394  4374.0  0.0
2395  4374.0  0.0
2396  4374.0  0.0
2397  4374.0  0.0
2398  4374.0  0.0
2399  4374.0  0.0
2400  4374.0  0.0
2401  4374.0  0.0
2402  4374.0  0.0
2403  4374.0  0.0
2404  4374.0  0.0
2405  4374.0  0.0
2406  4374.0  0.0
2407  4374.0  0.0
2408  4374.0  0.0
2409  4374.0  0.0
2410  4374.0  0.0
2411  4374.0  0.0
2412  4374.0  0.0
2413  4374.0  0.0
2414  4374.0  0.0
2415  4374.0  0.0
2416  4374.0  0.0
2417  4374.0  0.0
2418  4374.0  0.0
2419  4374.0  0.0
2420  4374.0  0.0
2421  4374.0  0.0
2422  4374.0  0.0
2423  4374.0  0.0
2424  4374.0  0.0
2425  4374.0  0.0
2426  4374.0  0.0
2427  4374.0  0.0
2428  4374.0  0.0
2429  4374.0  0.0
2430  4374.0  0.0
2431  4374.0  0.0
2432  4374.0  0.0
2433  4374.0  0.0
2434  4374.0  0.0
2435  4374.0  0.0
2436  4374.0  0.0
2437  4374.0  0.0
2438  4374.0  0.0
2439  4374.0  0.0
2440  4374.0  0.0
2441  4374.0  0.0
2442  4374.0  0.0
2443  4374.0  0.0
2444  4374.0  0.0
2445  4374.0  0.0
2446  4374.0  0.0
2447  4374.0  0.0
2448  4374.0  0.0
2449  4374.0  0.0
2450  4374.0  0.0
2451  4374.0  0.0
2452  4374.0  0.0
2453  4374.0  0.0
2454  4374.0  0.0
2455  4374.0  0.0
2456  4374.0  0.0
2457  4374.0  0.0
2458  4374.0  0.0
2459  4374.0  0.0
2460  4374.0  0.0
2461  4374.0  0.0
2462  4374.0  0.0
2463  4374.0  0.0
2464  4374.0  0.0
2465  4374.0  0.0
2466  4374.0  0.0
2467  4374.0  0.0
2468  4374.0  0.0
2469  4374.0  0.0
2470  4374.0  0.0
2471  4374.0  0.0
2472  4374.0  0.0
2473  4374.0  0.0
2474  4374.0  0.0
2475  4374.0  0.0
2476  4374.0  0.0
2477  4374.0  0.0
2478  4374.0  0.0
2479  4374.0  0.0
2480  4374.0  0.0
2481  4374.0  0.0
2482  4374.0  0.0
2483  4374.0  0.0
2484  4374.0  0.0
2485  4374.0  0.0
2486  4374.0  0.0
2487  4374.0  0.0
2488  4374.0  0.0
2489  4374.0  0.0
2490  4374.0  0.0
2491  4374.0  0.0
2492  4374.0  0.0
2493  4374.0  0.0
2494  4374.0  0.0
2495  4374.0  0.0
2496  4374.0  0.0
2497  4374.0  0.0
2498  4374.0  0.0
2499  4374.0  0.0
2500  4374.0  0.0
2501  4374.0  0.0
2502  4374.0  0.0
2503  4374.0  0.0
2504  4374.0  0.0
2505  4374.0  0.0
2506  4374.0  0.0
2507  4374.0  0.0
2508  4374.0  0.0
2509  4374.0  0.0
2510  4374.0  0.0
2511  4374.0  0.0
2512  4374.0  0.0
2513  4374.0  0.0
2514  4374.0  0.0
2515  4374.0  0.0
2516  4374.0  0.0
2517  4374.0  0.0
2518  4374.0  0.0
2519  4374.0  0.0
2520  4374.0  0.0
2521  4374.0  0.0
2522  4374.0  0.0
2523  4374.0  0.0
2524  4374.0  0.0
2525  4374.0  0.0
2526  4374.0  0.0
2527  4374.0  0.0
2528  4374.0  0.0
2529  4374.0  0.0
2530  4374.0  0.0
2531  4374.0  0.0
2532  4374.0  0.0
2533  4374.0  0.0
2534  4374.0  0.0
2535  4374.0  0.0
2536  4374.0  0.0
2537  4374.0  0.0
2538  4374.0  0.0
2539  4374.0  0.0
2540  4374.0  0.0
2541  4374.0  0.0
2542  4374.0  0.0
2543  4374.0  0.0
2544  4374.0  0.0
2545  4374.0  0.0
2546  4374.0  0.0
2547  4374.0  0.0
2548  4374.0  0.0
2549  4374.0  0.0
2550  4374.0  0.0
2551  4374.0  0.0
2552  4374.0  0.0
2553  4374.0  0.0
2554  4374.0  0.0
2555  4374.0  0.0
2556  4374.0  0.0
2557  4374.0  0.0
2558  4374.0  0.0
2559  4374.0  0.0
2560  4374.0  0.0
2561  4374.0  0.0
2562  4374.0  0.0
2563  4374.0  0.0
2564  4374.0  0.0
2565  4374.0  0.0
2566  4374.0  0.0
2567  4374.0  0.0
2568  4374.0  0.0
2569  4374.0  0.0
2570  4374.0  0.0
2571  4374.0  0.0
2572  4374.0  0.0
2573  4374.0  0.0
2574  4374.0  0.0
2575  4374.0  0.0
2576  4374.0  0.0
2577  4374.0  0.0
2578  4374.0  0.0
2579  4374.0  0.0
2580  4374.0  0.0
2581  4374.0  0.0
2582  4374.0  0.0
2583  4374.0  0.0
2584  4374.0  0.0
2585  4374.0  0.0
2586  4374.0  0.0
2587  4374.0  0.0
2588  4374.0  0.0
2589  4374.0  0.0
2590  4374.0  0.0
2591  4374.0  0.0
2592  4374.0  0.0
2593  4374.0  0.0
2594  4374.0  0.0
2595  4374.0  0.0
2596  4374.0  0.0
2597  4374.0  0.0
2598  4374.0  0.0
2599  4374.0  0.0
2600  4374.0  0.0
2601  4374.0  0.0
2602  4374.0  0.0
2603  4374.0  0.0
2604  4374.0  0.0
2605  4374.0  0.0
2606  4374.0  0.0
2607  4374.0  0.0
2608  4374.0  0.0
2609  4374.0  0.0
2610  4374.0  0.0
2611  4374.0  0.0
2612  4374.0  0.0
2613  4374.0  0.0
2614  4374.0  0.0
2615  4374.0  0.0
2616  4374.0  0.0
2617  4374.0  0.0
2618  4374.0  0.0
2619  4374.0  0.0
2620  4374.0  0.0
2621  4374.0  0.0
2622  4374.0  0.0
2623  4374.0  0.0
2624  4374.0  0.0
2625  4374.0  0.0
2626  4374.0  0.0
2627  4374.0  0.0
2628  4374.0  0.0
2629  4374.0  0.0
2630  4374.0  0.0
2631  4374.0  0.0
2632  4374.0  0.0
2633  4374.0  0.0
2634  4374.0  0.0
2635  4374.0  0.0
2636  4374.0  0.0
2637  4374.0  0.0
2638  4374.0  0.0
2639  4374.0  0.0
2640  4374.0  0.0
2641  4374.0  0.0
2642  4374.0  0.0
2643  4374.0  0.0
2644  4374.0  0.0
2645  4374.0  0.0
2646  4374.0  0.0
2647  4374.0  0.0
2648  4374.0  0.0
2649  4374.0  0.0
2650  4374.0  0.0
2651  4374.0  0.0
2652  4374.0  0.0
2653  4374.0  0.0
2654  4374.0  0.0
2655  4374.0  0.0
2656  4374.0  0.0
2657  4374.0  0.0
2658  4374.0  0.0
2659  4374.0  0.0
2660  4374.0  0.0
2661  4374.0  0.0
2662  4374.0  0.0
2663  4374.0  0.0
2664  4374.0  0.0
2665  4374.0  0.0
2666  4374.0  0.0
2667  4374.0  0.0
2668  4374.0  0.0
2669  4374.0  0.0
2670  4374.0  0.0
2671  4374.0  0.0
2672  4374.0  0.0
2673  4374.0  0.0
2674  4374.0  0.0
2675  4374.0  0.0
2676  4374.0  0.0
2677  4374.0  0.0
2678  4374.0  0.0
2679  4374.0  0.0
2680  4374.0  0.0
2681  4374.0  0.0
2682  4374.0  0.0
2683  4374.0  0.0
2684  4374.0  0.0
2685  4374.0  0.0
2686  4374.0  0.0
2687  4374.0  0.0
2688  4374.0  0.0
2689  4374.0  0.0
2690  4374.0  0.0
2691  4374.0  0.0
2692  4374.0  0.0
2693  4374.0  0.0
2694  4374.0  0.0
2695  4374.0  0.0
2696  4374.0  0.0
2697  4374.0  0.0
2698  4374.0  0.0
2699  4374.0  0.0
2700  4374.0  0.0
2701  4374.0  0.0
2702  4374.0  0.0
2703  4374.0  0.0
2704  4374.0  0.0
2705  4374.0  0.0
2706  4374.0  0.0
2707  4374.0  0.0
2708  4374.0  0.0
2709  4374.0  0.0
2710  4374.0  0.0
2711  4374.0  0.0
2712  4374.0  0.0
2713  4374.0  0.0
2714  4374.0  0.0
2715  4374.0  0.0
2716  4374.0  0.0
2717  4374.0  0.0
2718  4374.0  0.0
2719  4374.0  0.0
2720  4374.0  0.0
2721  4374.0  0.0
2722  4374.0  0.0
2723  4374.0  0.0
2724  4374.0  0.0
2725  4374.0  0.0
2726  4374.0  0.0
2727  4374.0  0.0
2728  4374.0  0.0
2729  4374.0  0.0
2730  4374.0  0.0
2731  4374.0  0.0
2732  4374.0  0.0
2733  4374.0  0.0
2734  4374.0  0.0
2735  4374.0  0.0
2736  4374.0  0.0
2737  4374.0  0.0
2738  4374.0  0.0
2739  4374.0  0.0
2740  4374.0  0.0
2741  4374.0  0.0
2742  4374.0  0.0
2743  4374.0  0.0
2744  4374.0  0.0
2745  4374.0  0.0
2746  4374.0  0.0
2747  4374.0  0.0
2748  4374.0  0.0
2749  4374.0  0.0
2750  4374.0  0.0
2751  4374.0  0.0
2752  4374.0  0.0
2753  4374.0  0.0
2754  4374.0  0.0
2755  4374.0  0.0
2756  4374.0  0.0
2757  4374.0  0.0
2758  4374.0  0.0
2759  4374.0  0.0
2760  4374.0  0.0
2761  4374.0  0.0
2762  4374.0  0.0
2763  4374.0  0.0
2764  4374.0  0.0
2765  4374.0  0.0
2766  4374.0  0.0
2767  4374.0  0.0
2768  4374.0  0.0
2769  4374.0  0.0
2770  4374.0  0.0
2771  4374.0  0.0
2772  4374.0  0.0
2773  4374.0  0.0
2774  4374.0  0.0
2775  4374.0  0.0
2776  4374.0  0.0
2777  4374.0  0.0
2778  4374.0  0.0
2779  4374.0  0.0
2780  4374.0  0.0
2781  4374.0  0.0
2782  4374.0  0.0
2783  4374.0  0.0
2784  4374.0  0.0
2785  4374.0  0.0
2786  4374.0  0.0
2787  4374.0  0.0
2788  4374.0  0.0
2789  4374.0  0.0
2790  4374.0  0.0
2791  4374.0  0.0
2792  4374.0  0.0
2793  4374.0  0.0
2794  4374.0  0.0
2795  4374.0  0.0
2796  4374.0  0.0
2797  4374.0  0.0
2798  4374.0  0.0
2799  4374.0  0.0
2800  4374.0  0.0
2801  4374.0  0.0
2802  4374.0  0.0
2803  4374.0  0.0
2804  4374.0  0.0
2805  4374.0  0.0
2806  4374.0  0.0
2807  4374.0  0.0
2808  4374.0  0.0
2809  4374.0  0.0
2810  4374.0  0.0
2811  4374.0  0.0
2812  4374.0  0.0
2813  4374.0  0.0
2814  4374.0  0.0
2815  4374.0  0.0
2816  4374.0  0.0
2817  4374.0  0.0
2818  4374.0  0.0
2819  4374.0  0.0
2820  4374.0  0.0
2821  4374.0  0.0
2822  4374.0  0.0
2823  4374.0  0.0
2824  4374.0  0.0
2825  4374.0  0.0
2826  4374.0  0.0
2827  4374.0  0.0
2828  4374.0  0.0
2829  4374.0  0.0
2830  4374.0  0.0
2831  4374.0  0.0
2832  4374.0  0.0
2833  4374.0  0.0
2834  4374.0  0.0
2835  4374.0  0.0
2836  4374.0  0.0
2837  4374.0  0.0
2838  4374.0  0.0
2839  4374.0  0.0
2840  4374.0  0.0
2841  4374.0  0.0
2842  4374.0  0.0
2843  4374.0  0.0
2844  4374.0  0.0
2845  4374.0  0.0
2846  4374.0  0.0
2847  4374.0  0.0
2848  4374.0  0.0
2849  4374.0  0.0
2850  4374.0  0.0
2851  4374.0  0.0
2852  4374.0  0.0
2853  4374.0  0.0
2854  4374.0  0.0
2855  4374.0  0.0
2856  4374.0  0.0
2857  4374.0  0.0
2858  4374.0  0.0
2859  4374.0  0.0
2860  4374.0  0.0
2861  4374.0  0.0
2862  4374.0  0.0
2863  4374.0  0.0
2864  4374.0  0.0
2865  4374.0  0.0
2866  4374.0  0.0
2867  4374.0  0.0
2868  4374.0  0.0
2869  4374.0  0.0
2870  4374.0  0.0
2871  4374.0  0.0
2872  4374.0  0.0
2873  4374.0  0.0
2874  4374.0  0.0
2875  4374.0  0.0
2876  4374.0  0.0
2877  4374.0  0.0
2878  4374.0  0.0
2879  4374.0  0.0
2880  4374.0  0.0
2881  4374.0  0.0
2882  4374.0  0.0
2883  4374.0  0.0
2884  4374.0  0.0
2885  4374.0  0.0
2886  4374.0  0.0
2887  4374.0  0.0
2888  4374.0  0.0
2889  4374.0  0.0
2890  4374.0  0.0
2891  4374.0  0.0
2892  4374.0  0.0
2893  4374.0  0.0
2894  4374.0  0.0
2895  4374.0  0.0
2896  4374.0  0.0
2897  4374.0  0.0
2898  4374.0  0.0
2899  4374.0  0.0
2900  4374.0  0.0
2901  4374.0  0.0
2902  4374.0  0.0
2903  4374.0  0.0
2904  4374.0  0.0
2905  4374.0  0.0
2906  4374.0  0.0
2907  4374.0  0.0
2908  4374.0  0.0
2909  4374.0  0.0
2910  4374.0  0.0
2911  4374.0  0.0
2912  4374.0  0.0
2913  4374.0  0.0
2914  4374.0  0.0
2915  4374.0  0.0
2916  4374.0  0.0
2917  4374.0  0.0
2918  4374.0  0.0
2919  4374.0  0.0
2920  4374.0  0.0
2921  4374.0  0.0
2922  4374.0  0.0
2923  4374.0  0.0
2924  4374.0  0.0
2925  4374.0  0.0
2926  4374.0  0.0
2927  4374.0  0.0
2928  4374.0  0.0
2929  4374.0  0.0
2930  4374.0  0.0
2931  4374.0  0.0
2932  4374.0  0.0
2933  4374.0  0.0
2934  4374.0  0.0
2935  4374.0  0.0
2936  4374.0  0.0
2937  4374.0  0.0
2938  4374.0  0.0
2939  4374.0  0.0
2940  4374.0  0.0
2941  4374.0  0.0
2942  4374.0  0.0
2943  4374.0  0.0
2944  4374.0  0.0
2945  4374.0  0.0
2946  4374.0  0.0
2947  4374.0  0.0
2948  4374.0  0.0
2949  4374.0  0.0
2950  4374.0  0.0
2951  4374.0  0.0
2952  4374.0  0.0
2953  4374.0  0.0
2954  4374.0  0.0
2955  4374.0  0.0
2956  4374.0  0.0
2957  4374.0  0.0
2958  4374.0  0.0
2959  4374.0  0.0
2960  4374.0  0.0
2961  4374.0  0.0
2962  4374.0  0.0
2963  4374.0  0.0
2964  4374.0  0.0
2965  4374.0  0.0
2966  4374.0  0.0
2967  4374.0  0.0
2968  4374.0  0.0
2969  4374.0  0.0
2970  4374.0  0.0
2971  4374.0  0.0
2972  4374.0  0.0
2973  4374.0  0.0
2974  4374.0  0.0
2975  4374.0  0.0
2976  4374.0  0.0
2977  4374.0  0.0
2978  4374.0  0.0
2979  4374.0  0.0
2980  4374.0  0.0
2981  4374.0  0.0
2982  4374.0  0.0
2983  4374.0  0.0
2984  4374.0  0.0
2985  4374.0  0.0
2986  4374.0  0.0
2987  4374.0  0.0
2988  4374.0  0.0
2989  4374.0  0.0
2990  4374.0  0.0
2991  4374.0  0.0
2992  4374.0  0.0
2993  4374.0  0.0
2994  4374.0  0.0
2995  4374.0  0.0
2996  4374.0  0.0
2997  4374.0  0.0
2998  4374.0  0.0
2999  4374.0  0.0
#[0, 4, 6, 6, 6, 7, 7, 8, 9, 9]
#[0, 0, 1, 2, 3, 4, 4, 6, 7, 8]
#[1, 3, 4, 6, 6, 6, 7, 8, 9, 9]
#[0, 2, 2, 3, 3, 6, 6, 6, 7, 9]
#[0, 2, 3, 3, 4, 4, 4, 5, 8, 9]
#[1, 1, 3, 5, 5, 6, 6, 8, 9, 9]
#[0, 1, 1, 1, 2, 6, 7, 8, 9, 9]
#[0, 0, 0, 2, 4, 4, 5, 7, 8, 9]
#[3, 3, 4, 5, 6, 6, 7, 8, 8, 9]
#Specialization index= [6, 1, 0.42857142857142855]
