#[7, 9, 3, 7, 5, 7, 5, 9, 0, 2]
#[8, 4, 0, 8, 2, 4, 7, 9, 7, 7]
#[2, 8, 4, 4, 1, 3, 6, 5, 9, 0]
#[2, 3, 8, 7, 7, 4, 7, 5, 1, 3]
#[9, 4, 3, 1, 5, 5, 8, 2, 5, 7]
#[8, 6, 5, 9, 8, 5, 6, 9, 9, 4]
#[8, 3, 1, 9, 9, 7, 9, 2, 0, 9]
#[3, 6, 2, 5, 4, 7, 6, 9, 6, 3]
#[4, 7, 5, 1, 6, 2, 3, 2, 2, 8]
0  2395.12805176  0.06
1  2395.12805176  0.06
2  2395.12805176  0.06
3  2395.12805176  0.06
4  2395.12805176  0.06
5  2395.12805176  0.06
6  2395.12805176  0.06
7  2395.12805176  0.06
8  2399.3659668  0.12
9  2399.3659668  0.12
10  2399.3659668  0.12
11  2399.3659668  0.12
12  2399.3659668  0.12
13  2399.3659668  0.12
14  2399.3659668  0.12
15  2399.3659668  0.12
16  2399.3659668  0.12
17  2557.69775391  0.08
18  2557.69775391  0.08
19  2557.69775391  0.08
20  2557.69775391  0.08
21  2557.69775391  0.08
22  2557.69775391  0.08
23  2557.69775391  0.08
24  2557.69775391  0.08
25  2557.69775391  0.08
26  2557.69775391  0.08
27  2557.69775391  0.08
28  2557.69775391  0.08
29  2557.69775391  0.08
30  2557.69775391  0.08
31  2557.69775391  0.08
32  2557.69775391  0.08
33  2557.69775391  0.08
34  2557.69775391  0.08
35  2557.69775391  0.08
36  2557.69775391  0.08
37  2557.69775391  0.08
38  2557.69775391  0.08
39  2557.69775391  0.08
40  2557.69775391  0.08
41  2557.69775391  0.08
42  2637.50976562  0.03
43  2637.50976562  0.03
44  2637.50976562  0.03
45  2637.50976562  0.03
46  2637.50976562  0.03
47  2637.50976562  0.03
48  2637.50976562  0.03
49  2637.50976562  0.03
50  2637.50976562  0.03
51  2637.50976562  0.03
52  2637.50976562  0.03
53  2637.50976562  0.03
54  2637.50976562  0.03
55  2637.50976562  0.03
56  2637.50976562  0.03
57  2637.50976562  0.03
58  2637.50976562  0.03
59  2637.50976562  0.03
60  2637.50976562  0.03
61  2637.50976562  0.03
62  2637.50976562  0.03
63  2637.50976562  0.03
64  2637.50976562  0.03
65  2637.50976562  0.03
66  2637.50976562  0.03
67  2637.50976562  0.03
68  2637.50976562  0.03
69  2637.50976562  0.03
70  2637.50976562  0.03
71  2637.50976562  0.03
72  2637.50976562  0.03
73  2637.50976562  0.03
74  2637.50976562  0.03
75  2637.50976562  0.03
76  2637.50976562  0.03
77  2637.50976562  0.03
78  2637.50976562  0.03
79  2637.50976562  0.03
80  2637.50976562  0.03
81  2637.50976562  0.03
82  2637.50976562  0.03
83  2637.50976562  0.03
84  2637.50976562  0.03
85  2637.50976562  0.03
86  2637.50976562  0.03
87  2637.50976562  0.03
88  2637.50976562  0.03
89  2637.50976562  0.03
90  2637.50976562  0.03
91  2637.50976562  0.03
92  2637.50976562  0.03
93  2637.50976562  0.03
94  2637.50976562  0.03
95  2637.50976562  0.03
96  2637.50976562  0.03
97  2637.50976562  0.03
98  2637.50976562  0.03
99  2637.50976562  0.03
100  2637.50976562  0.03
101  2637.50976562  0.03
102  2637.50976562  0.03
103  2637.50976562  0.03
104  2637.50976562  0.03
105  2637.50976562  0.03
106  2637.50976562  0.03
107  2637.50976562  0.03
108  2637.50976562  0.03
109  2637.50976562  0.03
110  2637.50976562  0.03
111  2637.50976562  0.03
112  2637.50976562  0.03
113  2637.50976562  0.03
114  2637.50976562  0.03
115  2637.50976562  0.03
116  2637.50976562  0.03
117  2637.50976562  0.03
118  2637.50976562  0.03
119  2637.50976562  0.03
120  2701.05145264  0.03
121  2701.05145264  0.03
122  2701.05145264  0.03
123  2701.05145264  0.03
124  2701.05145264  0.03
125  2701.05145264  0.03
126  2701.05145264  0.03
127  2701.05145264  0.03
128  2701.05145264  0.03
129  2701.05145264  0.03
130  2701.05145264  0.03
131  2701.05145264  0.03
132  2701.05145264  0.03
133  2701.05145264  0.03
134  2701.05145264  0.03
135  2701.05145264  0.03
136  2701.05145264  0.03
137  2701.05145264  0.03
138  2701.05145264  0.03
139  2701.05145264  0.03
140  2701.05145264  0.03
141  2701.05145264  0.03
142  2701.05145264  0.03
143  2701.05145264  0.03
144  2701.05145264  0.03
145  2701.05145264  0.03
146  2701.05145264  0.03
147  2701.05145264  0.03
148  2701.05145264  0.03
149  2701.05145264  0.03
150  2701.05145264  0.03
151  2701.05145264  0.03
152  2701.05145264  0.03
153  2701.05145264  0.03
154  2701.05145264  0.03
155  2701.05145264  0.03
156  2701.05145264  0.03
157  2701.05145264  0.03
158  2701.05145264  0.03
159  2701.05145264  0.03
160  2701.05145264  0.03
161  2701.05145264  0.03
162  2701.05145264  0.03
163  2701.05145264  0.03
164  2701.05145264  0.03
165  2701.05145264  0.03
166  2701.05145264  0.03
167  2701.05145264  0.03
168  2701.05145264  0.03
169  2701.05145264  0.03
170  2701.05145264  0.03
171  2701.05145264  0.03
172  2701.05145264  0.03
173  2701.05145264  0.03
174  2701.05145264  0.03
175  2701.05145264  0.03
176  2701.05145264  0.03
177  2701.05145264  0.03
178  2701.05145264  0.03
179  2701.05145264  0.03
180  2701.05145264  0.03
181  2701.05145264  0.03
182  2701.05145264  0.03
183  2701.05145264  0.03
184  2701.05145264  0.03
185  2701.05145264  0.03
186  2701.05145264  0.03
187  2701.05145264  0.03
188  2701.05145264  0.03
189  2701.05145264  0.03
190  2701.05145264  0.03
191  2701.05145264  0.03
192  2701.05145264  0.03
193  2701.05145264  0.03
194  2701.05145264  0.03
195  2701.05145264  0.03
196  2701.05145264  0.03
197  2701.05145264  0.03
198  2701.05145264  0.03
199  2701.05145264  0.03
200  2701.05145264  0.03
201  2701.05145264  0.03
202  2701.05145264  0.03
203  2701.05145264  0.03
204  2701.05145264  0.03
205  2701.05145264  0.03
206  2701.05145264  0.03
207  2701.05145264  0.03
208  2701.05145264  0.03
209  2701.05145264  0.03
210  2701.05145264  0.03
211  2701.05145264  0.03
212  2701.05145264  0.03
213  2701.05145264  0.03
214  2701.05145264  0.03
215  2701.05145264  0.03
216  2701.05145264  0.03
217  2701.05145264  0.03
218  2701.05145264  0.03
219  2701.05145264  0.03
220  2701.05145264  0.03
221  2701.05145264  0.03
222  2701.05145264  0.03
223  2701.05145264  0.03
224  2701.05145264  0.03
225  2701.05145264  0.03
226  2701.05145264  0.03
227  2701.05145264  0.03
228  2701.05145264  0.03
229  2701.05145264  0.03
230  2701.05145264  0.03
231  2701.05145264  0.03
232  2701.05145264  0.03
233  2701.05145264  0.03
234  2701.05145264  0.03
235  2701.05145264  0.03
236  2701.05145264  0.03
237  2701.05145264  0.03
238  2701.05145264  0.03
239  2701.05145264  0.03
240  2701.05145264  0.03
241  2701.05145264  0.03
242  2701.05145264  0.03
243  2701.05145264  0.03
244  2701.05145264  0.03
245  2701.05145264  0.03
246  2701.05145264  0.03
247  2701.05145264  0.03
248  2701.05145264  0.03
249  2701.05145264  0.03
250  2701.05145264  0.03
251  2701.05145264  0.03
252  2701.05145264  0.03
253  2701.05145264  0.03
254  2701.05145264  0.03
255  2701.05145264  0.03
256  2701.05145264  0.03
257  2701.05145264  0.03
258  2701.05145264  0.03
259  2701.05145264  0.03
260  2701.05145264  0.03
261  2701.05145264  0.03
262  2701.05145264  0.03
263  2701.05145264  0.03
264  2701.05145264  0.03
265  2701.05145264  0.03
266  2701.05145264  0.03
267  2701.05145264  0.03
268  2701.05145264  0.03
269  2701.05145264  0.03
270  2701.05145264  0.03
271  2701.05145264  0.03
272  2701.05145264  0.03
273  2701.05145264  0.03
274  2701.05145264  0.03
275  2701.05145264  0.03
276  2701.05145264  0.03
277  2701.05145264  0.03
278  2701.05145264  0.03
279  2701.05145264  0.03
280  2701.05145264  0.03
281  2701.05145264  0.03
282  2701.05145264  0.03
283  2701.05145264  0.03
284  2701.05145264  0.03
285  2701.05145264  0.03
286  2701.05145264  0.03
287  2701.05145264  0.03
288  2701.05145264  0.03
289  2701.05145264  0.03
290  2701.05145264  0.03
291  2701.05145264  0.03
292  2701.05145264  0.03
293  2701.05145264  0.03
294  2701.05145264  0.03
295  2701.05145264  0.03
296  2701.05145264  0.03
297  2701.05145264  0.03
298  2701.05145264  0.03
299  2701.05145264  0.03
300  2701.05145264  0.03
301  2701.05145264  0.03
302  2701.05145264  0.03
303  2701.05145264  0.03
304  2701.05145264  0.03
305  2701.05145264  0.03
306  2701.05145264  0.03
307  2701.05145264  0.03
308  2701.05145264  0.03
309  2701.05145264  0.03
310  2701.05145264  0.03
311  2701.05145264  0.03
312  2701.05145264  0.03
313  2701.05145264  0.03
314  2701.05145264  0.03
315  2701.05145264  0.03
316  2701.05145264  0.03
317  2701.05145264  0.03
318  2701.05145264  0.03
319  2701.05145264  0.03
320  2701.05145264  0.03
321  2701.05145264  0.03
322  2701.05145264  0.03
323  2701.05145264  0.03
324  2701.05145264  0.03
325  2701.05145264  0.03
326  2701.05145264  0.03
327  2701.05145264  0.03
328  2701.05145264  0.03
329  2701.05145264  0.03
330  2701.05145264  0.03
331  2701.05145264  0.03
332  2701.05145264  0.03
333  2701.05145264  0.03
334  2701.05145264  0.03
335  2701.05145264  0.03
336  2701.05145264  0.03
337  2701.05145264  0.03
338  2701.05145264  0.03
339  2701.05145264  0.03
340  2701.05145264  0.03
341  2701.05145264  0.03
342  2701.05145264  0.03
343  2701.05145264  0.03
344  2701.05145264  0.03
345  2701.05145264  0.03
346  2701.05145264  0.03
347  2701.05145264  0.03
348  2701.05145264  0.03
349  2701.05145264  0.03
350  2701.05145264  0.03
351  2701.05145264  0.03
352  2701.05145264  0.03
353  2701.05145264  0.03
354  2701.05145264  0.03
355  2701.05145264  0.03
356  2701.05145264  0.03
357  2701.05145264  0.03
358  2701.05145264  0.03
359  2701.05145264  0.03
360  2701.05145264  0.03
361  2701.05145264  0.03
362  2701.05145264  0.03
363  2701.05145264  0.03
364  2701.05145264  0.03
365  2701.05145264  0.03
366  2701.05145264  0.03
367  2701.05145264  0.03
368  2701.05145264  0.03
369  2701.05145264  0.03
370  2701.05145264  0.03
371  2701.05145264  0.03
372  2701.05145264  0.03
373  2701.05145264  0.03
374  2701.05145264  0.03
375  2701.05145264  0.03
376  2701.05145264  0.03
377  2701.05145264  0.03
378  2701.05145264  0.03
379  2701.05145264  0.03
380  2701.05145264  0.03
381  2701.05145264  0.03
382  2701.05145264  0.03
383  2701.05145264  0.03
384  2701.05145264  0.03
385  2701.05145264  0.03
386  2701.05145264  0.03
387  2701.05145264  0.03
388  2701.05145264  0.03
389  2701.05145264  0.03
390  2701.05145264  0.03
391  2701.05145264  0.03
392  2701.05145264  0.03
393  2701.05145264  0.03
394  2701.05145264  0.03
395  2701.05145264  0.03
396  2701.05145264  0.03
397  2701.05145264  0.03
398  2701.05145264  0.03
399  2701.05145264  0.03
400  2701.05145264  0.03
401  2701.05145264  0.03
402  2701.05145264  0.03
403  2701.05145264  0.03
404  2701.05145264  0.03
405  2701.05145264  0.03
406  2701.05145264  0.03
407  2701.05145264  0.03
408  2701.05145264  0.03
409  2701.05145264  0.03
410  2701.05145264  0.03
411  2701.05145264  0.03
412  2701.05145264  0.03
413  2701.05145264  0.03
414  2701.05145264  0.03
415  2701.05145264  0.03
416  2701.05145264  0.03
417  2701.05145264  0.03
418  2701.05145264  0.03
419  2701.05145264  0.03
420  2701.05145264  0.03
421  2701.05145264  0.03
422  2701.05145264  0.03
423  2701.05145264  0.03
424  2701.05145264  0.03
425  2701.05145264  0.03
426  2701.05145264  0.03
427  2701.05145264  0.03
428  2701.05145264  0.03
429  2701.05145264  0.03
430  2701.05145264  0.03
431  2701.05145264  0.03
432  2701.05145264  0.03
433  2701.05145264  0.03
434  2701.05145264  0.03
435  2701.05145264  0.03
436  2701.05145264  0.03
437  2701.05145264  0.03
438  2701.05145264  0.03
439  2701.05145264  0.03
440  2701.05145264  0.03
441  2701.05145264  0.03
442  2701.05145264  0.03
443  2701.05145264  0.03
444  2701.05145264  0.03
445  2701.05145264  0.03
446  2701.05145264  0.03
447  2701.05145264  0.03
448  2701.05145264  0.03
449  2701.05145264  0.03
450  2701.05145264  0.03
451  2701.05145264  0.03
452  2701.05145264  0.03
453  2701.05145264  0.03
454  2701.05145264  0.03
455  2701.05145264  0.03
456  2701.05145264  0.03
457  2701.05145264  0.03
458  2701.05145264  0.03
459  2701.05145264  0.03
460  2701.05145264  0.03
461  2701.05145264  0.03
462  2701.05145264  0.03
463  2701.05145264  0.03
464  2701.05145264  0.03
465  2701.05145264  0.03
466  2701.05145264  0.03
467  2701.05145264  0.03
468  2701.05145264  0.03
469  2701.05145264  0.03
470  2701.05145264  0.03
471  2701.05145264  0.03
472  2701.05145264  0.03
473  2701.05145264  0.03
474  2701.05145264  0.03
475  2701.05145264  0.03
476  2701.05145264  0.03
477  2701.05145264  0.03
478  2701.05145264  0.03
479  2701.05145264  0.03
480  2701.05145264  0.03
481  2701.05145264  0.03
482  2701.05145264  0.03
483  2701.05145264  0.03
484  2701.05145264  0.03
485  2701.05145264  0.03
486  2701.05145264  0.03
487  2701.05145264  0.03
488  2701.05145264  0.03
489  2701.05145264  0.03
490  2701.05145264  0.03
491  2701.05145264  0.03
492  2701.05145264  0.03
493  2701.05145264  0.03
494  2701.05145264  0.03
495  2701.05145264  0.03
496  2701.05145264  0.03
497  2701.05145264  0.03
498  2701.05145264  0.03
499  2701.05145264  0.03
500  2701.05145264  0.03
501  2701.05145264  0.03
502  2701.05145264  0.03
503  2701.05145264  0.03
504  2701.05145264  0.03
505  2701.05145264  0.03
506  2701.05145264  0.03
507  2701.05145264  0.03
508  2701.05145264  0.03
509  2701.05145264  0.03
510  2701.05145264  0.03
511  2701.05145264  0.03
512  2701.05145264  0.03
513  2701.05145264  0.03
514  2701.05145264  0.03
515  2701.05145264  0.03
516  2701.05145264  0.03
517  2701.05145264  0.03
518  2701.05145264  0.03
519  2701.05145264  0.03
520  2701.05145264  0.03
521  2701.05145264  0.03
522  2701.05145264  0.03
523  2701.05145264  0.03
524  2701.05145264  0.03
525  2701.05145264  0.03
526  2701.05145264  0.03
527  2701.05145264  0.03
528  2701.05145264  0.03
529  2701.05145264  0.03
530  2701.05145264  0.03
531  2701.05145264  0.03
532  2701.05145264  0.03
533  2701.05145264  0.03
534  2701.05145264  0.03
535  2701.05145264  0.03
536  2701.05145264  0.03
537  2701.05145264  0.03
538  2701.05145264  0.03
539  2701.05145264  0.03
540  2701.05145264  0.03
541  2701.05145264  0.03
542  2701.05145264  0.03
543  2701.05145264  0.03
544  2701.05145264  0.03
545  2701.05145264  0.03
546  2701.05145264  0.03
547  2701.05145264  0.03
548  2701.05145264  0.03
549  2701.05145264  0.03
550  2701.05145264  0.03
551  2701.05145264  0.03
552  2701.05145264  0.03
553  2701.05145264  0.03
554  2701.05145264  0.03
555  2701.05145264  0.03
556  2701.05145264  0.03
557  2701.05145264  0.03
558  2701.05145264  0.03
559  2701.05145264  0.03
560  2701.05145264  0.03
561  2701.05145264  0.03
562  2701.05145264  0.03
563  2701.05145264  0.03
564  2701.05145264  0.03
565  2701.05145264  0.03
566  2701.05145264  0.03
567  2701.05145264  0.03
568  2701.05145264  0.03
569  2701.05145264  0.03
570  2701.05145264  0.03
571  2701.05145264  0.03
572  2701.05145264  0.03
573  2701.05145264  0.03
574  2701.05145264  0.03
575  2701.05145264  0.03
576  2701.05145264  0.03
577  2701.05145264  0.03
578  2701.05145264  0.03
579  2701.05145264  0.03
580  2701.05145264  0.03
581  2701.05145264  0.03
582  2701.05145264  0.03
583  2701.05145264  0.03
584  2701.05145264  0.03
585  2701.05145264  0.03
586  2701.05145264  0.03
587  2701.05145264  0.03
588  2701.05145264  0.03
589  2701.05145264  0.03
590  2701.05145264  0.03
591  2701.05145264  0.03
592  2701.05145264  0.03
593  2701.05145264  0.03
594  2701.05145264  0.03
595  2701.05145264  0.03
596  2701.05145264  0.03
597  2701.05145264  0.03
598  2701.05145264  0.03
599  2701.05145264  0.03
600  2701.05145264  0.03
601  2701.05145264  0.03
602  2701.05145264  0.03
603  2701.05145264  0.03
604  2701.05145264  0.03
605  2701.05145264  0.03
606  2701.05145264  0.03
607  2701.05145264  0.03
608  2701.05145264  0.03
609  2701.05145264  0.03
610  2701.05145264  0.03
611  2701.05145264  0.03
612  2701.05145264  0.03
613  2701.05145264  0.03
614  2701.05145264  0.03
615  2701.05145264  0.03
616  2701.05145264  0.03
617  2701.05145264  0.03
618  2701.05145264  0.03
619  2701.05145264  0.03
620  2701.05145264  0.03
621  2701.05145264  0.03
622  2701.05145264  0.03
623  2701.05145264  0.03
624  2701.05145264  0.03
625  2701.05145264  0.03
626  2701.05145264  0.03
627  2701.05145264  0.03
628  2701.05145264  0.03
629  2701.05145264  0.03
630  2701.05145264  0.03
631  2701.05145264  0.03
632  2701.05145264  0.03
633  2701.05145264  0.03
634  2701.05145264  0.03
635  2701.05145264  0.03
636  2701.05145264  0.03
637  2701.05145264  0.03
638  2701.05145264  0.03
639  2701.05145264  0.03
640  2701.05145264  0.03
641  2701.05145264  0.03
642  2701.05145264  0.03
643  2701.05145264  0.03
644  2701.05145264  0.03
645  2701.05145264  0.03
646  2701.05145264  0.03
647  2701.05145264  0.03
648  2701.05145264  0.03
649  2701.05145264  0.03
650  2701.05145264  0.03
651  2701.05145264  0.03
652  2701.05145264  0.03
653  2701.05145264  0.03
654  2701.05145264  0.03
655  2701.05145264  0.03
656  2701.05145264  0.03
657  2701.05145264  0.03
658  2701.05145264  0.03
659  2701.05145264  0.03
660  2701.05145264  0.03
661  2701.05145264  0.03
662  2701.05145264  0.03
663  2701.05145264  0.03
664  2701.05145264  0.03
665  2701.05145264  0.03
666  2701.05145264  0.03
667  2701.05145264  0.03
668  2701.05145264  0.03
669  2701.05145264  0.03
670  2701.05145264  0.03
671  2701.05145264  0.03
672  2701.05145264  0.03
673  2701.05145264  0.03
674  2701.05145264  0.03
675  2701.05145264  0.03
676  2701.05145264  0.03
677  2701.05145264  0.03
678  2701.05145264  0.03
679  2701.05145264  0.03
680  2701.05145264  0.03
681  2701.05145264  0.03
682  2701.05145264  0.03
683  2701.05145264  0.03
684  2701.05145264  0.03
685  2701.05145264  0.03
686  2701.05145264  0.03
687  2701.05145264  0.03
688  2701.05145264  0.03
689  2701.05145264  0.03
690  2701.05145264  0.03
691  2701.05145264  0.03
692  2701.05145264  0.03
693  2701.05145264  0.03
694  2701.05145264  0.03
695  2701.05145264  0.03
696  2701.05145264  0.03
697  2701.05145264  0.03
698  2701.05145264  0.03
699  2701.05145264  0.03
700  2701.05145264  0.03
701  2701.05145264  0.03
702  2701.05145264  0.03
703  2701.05145264  0.03
704  2701.05145264  0.03
705  2701.05145264  0.03
706  2701.05145264  0.03
707  2701.05145264  0.03
708  2701.05145264  0.03
709  2701.05145264  0.03
710  2701.05145264  0.03
711  2701.05145264  0.03
712  2701.05145264  0.03
713  2701.05145264  0.03
714  2701.05145264  0.03
715  2701.05145264  0.03
716  2701.05145264  0.03
717  2701.05145264  0.03
718  2701.05145264  0.03
719  2701.05145264  0.03
720  2701.05145264  0.03
721  2701.05145264  0.03
722  2701.05145264  0.03
723  2701.05145264  0.03
724  2701.05145264  0.03
725  2701.05145264  0.03
726  2701.05145264  0.03
727  2701.05145264  0.03
728  2701.05145264  0.03
729  2701.05145264  0.03
730  2701.05145264  0.03
731  2701.05145264  0.03
732  2701.05145264  0.03
733  2701.05145264  0.03
734  2701.05145264  0.03
735  2701.05145264  0.03
736  2701.05145264  0.03
737  2701.05145264  0.03
738  2701.05145264  0.03
739  2701.05145264  0.03
740  2701.05145264  0.03
741  2701.05145264  0.03
742  2701.05145264  0.03
743  2701.05145264  0.03
744  2701.05145264  0.03
745  2701.05145264  0.03
746  2701.05145264  0.03
747  2701.05145264  0.03
748  2701.05145264  0.03
749  2701.05145264  0.03
750  2701.05145264  0.03
751  2701.05145264  0.03
752  2701.05145264  0.03
753  2701.05145264  0.03
754  2701.05145264  0.03
755  2701.05145264  0.03
756  2701.05145264  0.03
757  2701.05145264  0.03
758  2701.05145264  0.03
759  2701.05145264  0.03
760  2701.05145264  0.03
761  2701.05145264  0.03
762  2701.05145264  0.03
763  2701.05145264  0.03
764  2701.05145264  0.03
765  2701.05145264  0.03
766  2701.05145264  0.03
767  2701.05145264  0.03
768  2701.05145264  0.03
769  2701.05145264  0.03
770  2701.05145264  0.03
771  2701.05145264  0.03
772  2701.05145264  0.03
773  2701.05145264  0.03
774  2701.05145264  0.03
775  2701.05145264  0.03
776  2701.05145264  0.03
777  2701.05145264  0.03
778  2701.05145264  0.03
779  2701.05145264  0.03
780  2701.05145264  0.03
781  2701.05145264  0.03
782  2701.05145264  0.03
783  2701.05145264  0.03
784  2701.05145264  0.03
785  2701.05145264  0.03
786  2701.05145264  0.03
787  2701.05145264  0.03
788  2701.05145264  0.03
789  2701.05145264  0.03
790  2701.05145264  0.03
791  2701.05145264  0.03
792  2701.05145264  0.03
793  2701.05145264  0.03
794  2701.05145264  0.03
795  2701.05145264  0.03
796  2701.05145264  0.03
797  2701.05145264  0.03
798  2701.05145264  0.03
799  2701.05145264  0.03
800  2701.05145264  0.03
801  2701.05145264  0.03
802  2701.05145264  0.03
803  2701.05145264  0.03
804  2701.05145264  0.03
805  2701.05145264  0.03
806  2701.05145264  0.03
807  2701.05145264  0.03
808  2701.05145264  0.03
809  2701.05145264  0.03
810  2701.05145264  0.03
811  2701.05145264  0.03
812  2701.05145264  0.03
813  2701.05145264  0.03
814  2701.05145264  0.03
815  2701.05145264  0.03
816  2701.05145264  0.03
817  2701.05145264  0.03
818  2701.05145264  0.03
819  2701.05145264  0.03
820  2701.05145264  0.03
821  2701.05145264  0.03
822  2701.05145264  0.03
823  2701.05145264  0.03
824  2701.05145264  0.03
825  2701.05145264  0.03
826  2701.05145264  0.03
827  2701.05145264  0.03
828  2701.05145264  0.03
829  2701.05145264  0.03
830  2701.05145264  0.03
831  2701.05145264  0.03
832  2701.05145264  0.03
833  2701.05145264  0.03
834  2701.05145264  0.03
835  2701.05145264  0.03
836  2701.05145264  0.03
837  2701.05145264  0.03
838  2701.05145264  0.03
839  2701.05145264  0.03
840  2701.05145264  0.03
841  2701.05145264  0.03
842  2701.05145264  0.03
843  2701.05145264  0.03
844  2701.05145264  0.03
845  2701.05145264  0.03
846  2701.05145264  0.03
847  2701.05145264  0.03
848  2701.05145264  0.03
849  2701.05145264  0.03
850  2701.05145264  0.03
851  2701.05145264  0.03
852  2701.05145264  0.03
853  2701.05145264  0.03
854  2701.05145264  0.03
855  2701.05145264  0.03
856  2701.05145264  0.03
857  2701.05145264  0.03
858  2701.05145264  0.03
859  2701.05145264  0.03
860  2701.05145264  0.03
861  2701.05145264  0.03
862  2701.05145264  0.03
863  2701.05145264  0.03
864  2701.05145264  0.03
865  2701.05145264  0.03
866  2701.05145264  0.03
867  2701.05145264  0.03
868  2701.05145264  0.03
869  2701.05145264  0.03
870  2701.05145264  0.03
871  2701.05145264  0.03
872  2701.05145264  0.03
873  2701.05145264  0.03
874  2701.05145264  0.03
875  2701.05145264  0.03
876  2701.05145264  0.03
877  2701.05145264  0.03
878  2701.05145264  0.03
879  2701.05145264  0.03
880  2701.05145264  0.03
881  2701.05145264  0.03
882  2701.05145264  0.03
883  2701.05145264  0.03
884  2701.05145264  0.03
885  2701.05145264  0.03
886  2701.05145264  0.03
887  2701.05145264  0.03
888  2701.05145264  0.03
889  2701.05145264  0.03
890  2701.05145264  0.03
891  2701.05145264  0.03
892  2701.05145264  0.03
893  2701.05145264  0.03
894  2701.05145264  0.03
895  2701.05145264  0.03
896  2701.05145264  0.03
897  2701.05145264  0.03
898  2701.05145264  0.03
899  2701.05145264  0.03
900  2701.05145264  0.03
901  2701.05145264  0.03
902  2701.05145264  0.03
903  2701.05145264  0.03
904  2701.05145264  0.03
905  2701.05145264  0.03
906  2701.05145264  0.03
907  2701.05145264  0.03
908  2701.05145264  0.03
909  2701.05145264  0.03
910  2701.05145264  0.03
911  2701.05145264  0.03
912  2701.05145264  0.03
913  2701.05145264  0.03
914  2701.05145264  0.03
915  2701.05145264  0.03
916  2701.05145264  0.03
917  2701.05145264  0.03
918  2701.05145264  0.03
919  2701.05145264  0.03
920  2701.05145264  0.03
921  2701.05145264  0.03
922  2701.05145264  0.03
923  2701.05145264  0.03
924  2701.05145264  0.03
925  2701.05145264  0.03
926  2701.05145264  0.03
927  2701.05145264  0.03
928  2701.05145264  0.03
929  2701.05145264  0.03
930  2701.05145264  0.03
931  2701.05145264  0.03
932  2701.05145264  0.03
933  2701.05145264  0.03
934  2701.05145264  0.03
935  2701.05145264  0.03
936  2701.05145264  0.03
937  2701.05145264  0.03
938  2701.05145264  0.03
939  2701.05145264  0.03
940  2701.05145264  0.03
941  2701.05145264  0.03
942  2701.05145264  0.03
943  2701.05145264  0.03
944  2701.05145264  0.03
945  2701.05145264  0.03
946  2701.05145264  0.03
947  2701.05145264  0.03
948  2701.05145264  0.03
949  2701.05145264  0.03
950  2701.05145264  0.03
951  2701.05145264  0.03
952  2701.05145264  0.03
953  2701.05145264  0.03
954  2701.05145264  0.03
955  2701.05145264  0.03
956  2701.05145264  0.03
957  2701.05145264  0.03
958  2701.05145264  0.03
959  2701.05145264  0.03
960  2701.05145264  0.03
961  2701.05145264  0.03
962  2701.05145264  0.03
963  2701.05145264  0.03
964  2701.05145264  0.03
965  2701.05145264  0.03
966  2701.05145264  0.03
967  2701.05145264  0.03
968  2701.05145264  0.03
969  2701.05145264  0.03
970  2701.05145264  0.03
971  2701.05145264  0.03
972  2701.05145264  0.03
973  2701.05145264  0.03
974  2701.05145264  0.03
975  2701.05145264  0.03
976  2701.05145264  0.03
977  2701.05145264  0.03
978  2701.05145264  0.03
979  2701.05145264  0.03
980  2701.05145264  0.03
981  2701.05145264  0.03
982  2701.05145264  0.03
983  2701.05145264  0.03
984  2701.05145264  0.03
985  2701.05145264  0.03
986  2701.05145264  0.03
987  2701.05145264  0.03
988  2701.05145264  0.03
989  2701.05145264  0.03
990  2701.05145264  0.03
991  2701.05145264  0.03
992  2701.05145264  0.03
993  2701.05145264  0.03
994  2701.05145264  0.03
995  2701.05145264  0.03
996  2701.05145264  0.03
997  2701.05145264  0.03
998  2701.05145264  0.03
999  2701.05145264  0.03
1000  2701.05145264  0.03
1001  2701.05145264  0.03
1002  2701.05145264  0.03
1003  2701.05145264  0.03
1004  2701.05145264  0.03
1005  2701.05145264  0.03
1006  2701.05145264  0.03
1007  2701.05145264  0.03
1008  2701.05145264  0.03
1009  2701.05145264  0.03
1010  2701.05145264  0.03
1011  2701.05145264  0.03
1012  2701.05145264  0.03
1013  2701.05145264  0.03
1014  2701.05145264  0.03
1015  2701.05145264  0.03
1016  2701.05145264  0.03
1017  2701.05145264  0.03
1018  2701.05145264  0.03
1019  2701.05145264  0.03
1020  2701.05145264  0.03
1021  2701.05145264  0.03
1022  2701.05145264  0.03
1023  2701.05145264  0.03
1024  2701.05145264  0.03
1025  2701.05145264  0.03
1026  2701.05145264  0.03
1027  2701.05145264  0.03
1028  2701.05145264  0.03
1029  2701.05145264  0.03
1030  2701.05145264  0.03
1031  2701.05145264  0.03
1032  2701.05145264  0.03
1033  2701.05145264  0.03
1034  2701.05145264  0.03
1035  2701.05145264  0.03
1036  2701.05145264  0.03
1037  2701.05145264  0.03
1038  2701.05145264  0.03
1039  2701.05145264  0.03
1040  2701.05145264  0.03
1041  2701.05145264  0.03
1042  2701.05145264  0.03
1043  2701.05145264  0.03
1044  2701.05145264  0.03
1045  2701.05145264  0.03
1046  2701.05145264  0.03
1047  2701.05145264  0.03
1048  2701.05145264  0.03
1049  2701.05145264  0.03
1050  2701.05145264  0.03
1051  2701.05145264  0.03
1052  2701.05145264  0.03
1053  2701.05145264  0.03
1054  2701.05145264  0.03
1055  2701.05145264  0.03
1056  2701.05145264  0.03
1057  2701.05145264  0.03
1058  2701.05145264  0.03
1059  2701.05145264  0.03
1060  2701.05145264  0.03
1061  2701.05145264  0.03
1062  2701.05145264  0.03
1063  2701.05145264  0.03
1064  2701.05145264  0.03
1065  2701.05145264  0.03
1066  2701.05145264  0.03
1067  2701.05145264  0.03
1068  2701.05145264  0.03
1069  2701.05145264  0.03
1070  2701.05145264  0.03
1071  2701.05145264  0.03
1072  2701.05145264  0.03
1073  2701.05145264  0.03
1074  2701.05145264  0.03
1075  2701.05145264  0.03
1076  2701.05145264  0.03
1077  2701.05145264  0.03
1078  2701.05145264  0.03
1079  2701.05145264  0.03
1080  2701.05145264  0.03
1081  2701.05145264  0.03
1082  2701.05145264  0.03
1083  2701.05145264  0.03
1084  2701.05145264  0.03
1085  2701.05145264  0.03
1086  2701.05145264  0.03
1087  2701.05145264  0.03
1088  2701.05145264  0.03
1089  2701.05145264  0.03
1090  2701.05145264  0.03
1091  2701.05145264  0.03
1092  2701.05145264  0.03
1093  2701.05145264  0.03
1094  2701.05145264  0.03
1095  2701.05145264  0.03
1096  2701.05145264  0.03
1097  2701.05145264  0.03
1098  2701.05145264  0.03
1099  2701.05145264  0.03
1100  2701.05145264  0.03
1101  2701.05145264  0.03
1102  2701.05145264  0.03
1103  2701.05145264  0.03
1104  2701.05145264  0.03
1105  2701.05145264  0.03
1106  2701.05145264  0.03
1107  2701.05145264  0.03
1108  2701.05145264  0.03
1109  2701.05145264  0.03
1110  2701.05145264  0.03
1111  2701.05145264  0.03
1112  2701.05145264  0.03
1113  2701.05145264  0.03
1114  2701.05145264  0.03
1115  2701.05145264  0.03
1116  2701.05145264  0.03
1117  2701.05145264  0.03
1118  2701.05145264  0.03
1119  2701.05145264  0.03
1120  2701.05145264  0.03
1121  2701.05145264  0.03
1122  2701.05145264  0.03
1123  2701.05145264  0.03
1124  2701.05145264  0.03
1125  2701.05145264  0.03
1126  2701.05145264  0.03
1127  2701.05145264  0.03
1128  2701.05145264  0.03
1129  2701.05145264  0.03
1130  2701.05145264  0.03
1131  2701.05145264  0.03
1132  2701.05145264  0.03
1133  2701.05145264  0.03
1134  2701.05145264  0.03
1135  2701.05145264  0.03
1136  2701.05145264  0.03
1137  2701.05145264  0.03
1138  2701.05145264  0.03
1139  2701.05145264  0.03
1140  2701.05145264  0.03
1141  2701.05145264  0.03
1142  2701.05145264  0.03
1143  2701.05145264  0.03
1144  2701.05145264  0.03
1145  2701.05145264  0.03
1146  2701.05145264  0.03
1147  2701.05145264  0.03
1148  2701.05145264  0.03
1149  2701.05145264  0.03
1150  2701.05145264  0.03
1151  2701.05145264  0.03
1152  2701.05145264  0.03
1153  2701.05145264  0.03
1154  2701.05145264  0.03
1155  2701.05145264  0.03
1156  2701.05145264  0.03
1157  2701.05145264  0.03
1158  2701.05145264  0.03
1159  2701.05145264  0.03
1160  2701.05145264  0.03
1161  2701.05145264  0.03
1162  2701.05145264  0.03
1163  2701.05145264  0.03
1164  2701.05145264  0.03
1165  2701.05145264  0.03
1166  2701.05145264  0.03
1167  2701.05145264  0.03
1168  2701.05145264  0.03
1169  2701.05145264  0.03
1170  2701.05145264  0.03
1171  2701.05145264  0.03
1172  2701.05145264  0.03
1173  2701.05145264  0.03
1174  2701.05145264  0.03
1175  2701.05145264  0.03
1176  2701.05145264  0.03
1177  2703.31317139  0.05
1178  2703.31317139  0.05
1179  2703.31317139  0.05
1180  2703.31317139  0.05
1181  2703.31317139  0.05
1182  2703.31317139  0.05
1183  2703.31317139  0.05
1184  2703.31317139  0.05
1185  2703.31317139  0.05
1186  2703.31317139  0.05
1187  2703.31317139  0.05
1188  2703.31317139  0.05
1189  2703.31317139  0.05
1190  2703.31317139  0.05
1191  2703.31317139  0.05
1192  2703.31317139  0.05
1193  2703.31317139  0.05
1194  2703.31317139  0.05
1195  2703.31317139  0.05
1196  2703.31317139  0.05
1197  2703.31317139  0.05
1198  2703.31317139  0.05
1199  2703.31317139  0.05
1200  2703.31317139  0.05
1201  2703.31317139  0.05
1202  2703.31317139  0.05
1203  2703.31317139  0.05
1204  2703.31317139  0.05
1205  2703.31317139  0.05
1206  2703.31317139  0.05
1207  2703.31317139  0.05
1208  2703.31317139  0.05
1209  2703.31317139  0.05
1210  2703.31317139  0.05
1211  2703.31317139  0.05
1212  2703.31317139  0.05
1213  2703.31317139  0.05
1214  2703.31317139  0.05
1215  2703.31317139  0.05
1216  2703.31317139  0.05
1217  2703.31317139  0.05
1218  2703.31317139  0.05
1219  2703.31317139  0.05
1220  2703.31317139  0.05
1221  2703.31317139  0.05
1222  2703.31317139  0.05
1223  2703.31317139  0.05
1224  2703.31317139  0.05
1225  2703.31317139  0.05
1226  2703.31317139  0.05
1227  2703.31317139  0.05
1228  2703.31317139  0.05
1229  2703.31317139  0.05
1230  2703.31317139  0.05
1231  2703.31317139  0.05
1232  2703.31317139  0.05
1233  2703.31317139  0.05
1234  2703.31317139  0.05
1235  2703.31317139  0.05
1236  2703.31317139  0.05
1237  2703.31317139  0.05
1238  2703.31317139  0.05
1239  2703.31317139  0.05
1240  2703.31317139  0.05
1241  2703.31317139  0.05
1242  2703.31317139  0.05
1243  2703.31317139  0.05
1244  2703.31317139  0.05
1245  2703.31317139  0.05
1246  2703.31317139  0.05
1247  2703.31317139  0.05
1248  2703.31317139  0.05
1249  2703.31317139  0.05
1250  2703.31317139  0.05
1251  2703.31317139  0.05
1252  2703.31317139  0.05
1253  2703.31317139  0.05
1254  2703.31317139  0.05
1255  2703.31317139  0.05
1256  2703.31317139  0.05
1257  2703.31317139  0.05
1258  2703.31317139  0.05
1259  2703.31317139  0.05
1260  2703.31317139  0.05
1261  2703.31317139  0.05
1262  2703.31317139  0.05
1263  2703.31317139  0.05
1264  2703.31317139  0.05
1265  2703.31317139  0.05
1266  2703.31317139  0.05
1267  2703.31317139  0.05
1268  2703.31317139  0.05
1269  2703.31317139  0.05
1270  2703.31317139  0.05
1271  2703.31317139  0.05
1272  2703.31317139  0.05
1273  2703.31317139  0.05
1274  2703.31317139  0.05
1275  2703.31317139  0.05
1276  2703.31317139  0.05
1277  2703.31317139  0.05
1278  2703.31317139  0.05
1279  2703.31317139  0.05
1280  2703.31317139  0.05
1281  2703.31317139  0.05
1282  2703.31317139  0.05
1283  2703.31317139  0.05
1284  2703.31317139  0.05
1285  2703.31317139  0.05
1286  2703.31317139  0.05
1287  2703.31317139  0.05
1288  2703.31317139  0.05
1289  2703.31317139  0.05
1290  2703.31317139  0.05
1291  2703.31317139  0.05
1292  2703.31317139  0.05
1293  2703.31317139  0.05
1294  2703.31317139  0.05
1295  2703.31317139  0.05
1296  2703.31317139  0.05
1297  2703.31317139  0.05
1298  2703.31317139  0.05
1299  2703.31317139  0.05
1300  2703.31317139  0.05
1301  2703.31317139  0.05
1302  2703.31317139  0.05
1303  2703.31317139  0.05
1304  2703.31317139  0.05
1305  2703.31317139  0.05
1306  2703.31317139  0.05
1307  2703.31317139  0.05
1308  2703.31317139  0.05
1309  2703.31317139  0.05
1310  2703.31317139  0.05
1311  2703.31317139  0.05
1312  2703.31317139  0.05
1313  2703.31317139  0.05
1314  2703.31317139  0.05
1315  2703.31317139  0.05
1316  2703.31317139  0.05
1317  2703.31317139  0.05
1318  2703.31317139  0.05
1319  2703.31317139  0.05
1320  2703.31317139  0.05
1321  2703.31317139  0.05
1322  2703.31317139  0.05
1323  2703.31317139  0.05
1324  2703.31317139  0.05
1325  2703.31317139  0.05
1326  2703.31317139  0.05
1327  2703.31317139  0.05
1328  2703.31317139  0.05
1329  2703.31317139  0.05
1330  2703.31317139  0.05
1331  2703.31317139  0.05
1332  2703.31317139  0.05
1333  2703.31317139  0.05
1334  2703.31317139  0.05
1335  2703.31317139  0.05
1336  2703.31317139  0.05
1337  2703.31317139  0.05
1338  2703.31317139  0.05
1339  2703.31317139  0.05
1340  2703.31317139  0.05
1341  2703.31317139  0.05
1342  2703.31317139  0.05
1343  2703.31317139  0.05
1344  2703.31317139  0.05
1345  2703.31317139  0.05
1346  2703.31317139  0.05
1347  2703.31317139  0.05
1348  2703.31317139  0.05
1349  2703.31317139  0.05
1350  2703.31317139  0.05
1351  2703.31317139  0.05
1352  2703.31317139  0.05
1353  2703.31317139  0.05
1354  2703.31317139  0.05
1355  2703.31317139  0.05
1356  2703.31317139  0.05
1357  2703.31317139  0.05
1358  2703.31317139  0.05
1359  2703.31317139  0.05
1360  2703.31317139  0.05
1361  2703.31317139  0.05
1362  2703.31317139  0.05
1363  2703.31317139  0.05
1364  2703.31317139  0.05
1365  2703.31317139  0.05
1366  2703.31317139  0.05
1367  2703.31317139  0.05
1368  2703.31317139  0.05
1369  2703.31317139  0.05
1370  2703.31317139  0.05
1371  2703.31317139  0.05
1372  2703.31317139  0.05
1373  2703.31317139  0.05
1374  2703.31317139  0.05
1375  2703.31317139  0.05
1376  2703.31317139  0.05
1377  2703.31317139  0.05
1378  2703.31317139  0.05
1379  2703.31317139  0.05
1380  2703.31317139  0.05
1381  2703.31317139  0.05
1382  2703.31317139  0.05
1383  2703.31317139  0.05
1384  2703.31317139  0.05
1385  2703.31317139  0.05
1386  2703.31317139  0.05
1387  2703.31317139  0.05
1388  2703.31317139  0.05
1389  2703.31317139  0.05
1390  2703.31317139  0.05
1391  2703.31317139  0.05
1392  2703.31317139  0.05
1393  2703.31317139  0.05
1394  2703.31317139  0.05
1395  2703.31317139  0.05
1396  2703.31317139  0.05
1397  2703.31317139  0.05
1398  2703.31317139  0.05
1399  2703.31317139  0.05
1400  2703.31317139  0.05
1401  2703.31317139  0.05
1402  2703.31317139  0.05
1403  2703.31317139  0.05
1404  2703.31317139  0.05
1405  2703.31317139  0.05
1406  2703.31317139  0.05
1407  2703.31317139  0.05
1408  2703.31317139  0.05
1409  2703.31317139  0.05
1410  2703.31317139  0.05
1411  2703.31317139  0.05
1412  2703.31317139  0.05
1413  2703.31317139  0.05
1414  2703.31317139  0.05
1415  2703.31317139  0.05
1416  2703.31317139  0.05
1417  2703.31317139  0.05
1418  2703.31317139  0.05
1419  2703.31317139  0.05
1420  2703.31317139  0.05
1421  2703.31317139  0.05
1422  2703.31317139  0.05
1423  2703.31317139  0.05
1424  2703.31317139  0.05
1425  2703.31317139  0.05
1426  2703.31317139  0.05
1427  2703.31317139  0.05
1428  2703.31317139  0.05
1429  2703.31317139  0.05
1430  2703.31317139  0.05
1431  2703.31317139  0.05
1432  2703.31317139  0.05
1433  2703.31317139  0.05
1434  2703.31317139  0.05
1435  2703.31317139  0.05
1436  2703.31317139  0.05
1437  2703.31317139  0.05
1438  2703.31317139  0.05
1439  2703.31317139  0.05
1440  2703.31317139  0.05
1441  2703.31317139  0.05
1442  2703.31317139  0.05
1443  2703.31317139  0.05
1444  2703.31317139  0.05
1445  2703.31317139  0.05
1446  2703.31317139  0.05
1447  2703.31317139  0.05
1448  2703.31317139  0.05
1449  2703.31317139  0.05
1450  2703.31317139  0.05
1451  2703.31317139  0.05
1452  2703.31317139  0.05
1453  2703.31317139  0.05
1454  2703.31317139  0.05
1455  2703.31317139  0.05
1456  2703.31317139  0.05
1457  2703.31317139  0.05
1458  2703.31317139  0.05
1459  2703.31317139  0.05
1460  2703.31317139  0.05
1461  2703.31317139  0.05
1462  2703.31317139  0.05
1463  2703.31317139  0.05
1464  2703.31317139  0.05
1465  2703.31317139  0.05
1466  2703.31317139  0.05
1467  2703.31317139  0.05
1468  2703.31317139  0.05
1469  2703.31317139  0.05
1470  2703.31317139  0.05
1471  2703.31317139  0.05
1472  2703.31317139  0.05
1473  2703.31317139  0.05
1474  2703.31317139  0.05
1475  2703.31317139  0.05
1476  2703.31317139  0.05
1477  2703.31317139  0.05
1478  2703.31317139  0.05
1479  2703.31317139  0.05
1480  2703.31317139  0.05
1481  2703.31317139  0.05
1482  2703.31317139  0.05
1483  2703.31317139  0.05
1484  2703.31317139  0.05
1485  2703.31317139  0.05
1486  2703.31317139  0.05
1487  2703.31317139  0.05
1488  2703.31317139  0.05
1489  2703.31317139  0.05
1490  2703.31317139  0.05
1491  2703.31317139  0.05
1492  2703.31317139  0.05
1493  2703.31317139  0.05
1494  2703.31317139  0.05
1495  2703.31317139  0.05
1496  2703.31317139  0.05
1497  2703.31317139  0.05
1498  2703.31317139  0.05
1499  2703.31317139  0.05
1500  2703.31317139  0.05
1501  2703.31317139  0.05
1502  2703.31317139  0.05
1503  2703.31317139  0.05
1504  2703.31317139  0.05
1505  2703.31317139  0.05
1506  2703.31317139  0.05
1507  2703.31317139  0.05
1508  2703.31317139  0.05
1509  2703.31317139  0.05
1510  2703.31317139  0.05
1511  2703.31317139  0.05
1512  2703.31317139  0.05
1513  2703.31317139  0.05
1514  2703.31317139  0.05
1515  2703.31317139  0.05
1516  2703.31317139  0.05
1517  2703.31317139  0.05
1518  2703.31317139  0.05
1519  2703.31317139  0.05
1520  2710.33886719  0.02
1521  2710.33886719  0.02
1522  2710.33886719  0.02
1523  2710.33886719  0.02
1524  2710.33886719  0.02
1525  2710.33886719  0.02
1526  2710.33886719  0.02
1527  2710.33886719  0.02
1528  2710.33886719  0.02
1529  2710.33886719  0.02
1530  2710.33886719  0.02
1531  2710.33886719  0.02
1532  2710.33886719  0.02
1533  2710.33886719  0.02
1534  2710.33886719  0.02
1535  2710.33886719  0.02
1536  2710.33886719  0.02
1537  2710.33886719  0.02
1538  2710.33886719  0.02
1539  2710.33886719  0.02
1540  2710.33886719  0.02
1541  2710.33886719  0.02
1542  2710.33886719  0.02
1543  2710.33886719  0.02
1544  2710.33886719  0.02
1545  2710.33886719  0.02
1546  2710.33886719  0.02
1547  2710.33886719  0.02
1548  2710.33886719  0.02
1549  2710.33886719  0.02
1550  2710.33886719  0.02
1551  2710.33886719  0.02
1552  2710.33886719  0.02
1553  2710.33886719  0.02
1554  2710.33886719  0.02
1555  2710.33886719  0.02
1556  2710.33886719  0.02
1557  2710.33886719  0.02
1558  2710.33886719  0.02
1559  2710.33886719  0.02
1560  2710.33886719  0.02
1561  2710.33886719  0.02
1562  2710.33886719  0.02
1563  2710.33886719  0.02
1564  2710.33886719  0.02
1565  2710.33886719  0.02
1566  2710.33886719  0.02
1567  2710.33886719  0.02
1568  2710.33886719  0.02
1569  2710.33886719  0.02
1570  2710.33886719  0.02
1571  2710.33886719  0.02
1572  2710.33886719  0.02
1573  2710.33886719  0.02
1574  2710.33886719  0.02
1575  2710.33886719  0.02
1576  2710.33886719  0.02
1577  2710.33886719  0.02
1578  2710.33886719  0.02
1579  2710.33886719  0.02
1580  2710.33886719  0.02
1581  2710.33886719  0.02
1582  2710.33886719  0.02
1583  2710.33886719  0.02
1584  2710.33886719  0.02
1585  2710.33886719  0.02
1586  2710.33886719  0.02
1587  2710.33886719  0.02
1588  2710.33886719  0.02
1589  2710.33886719  0.02
1590  2710.33886719  0.02
1591  2710.33886719  0.02
1592  2710.33886719  0.02
1593  2710.33886719  0.02
1594  2710.33886719  0.02
1595  2710.33886719  0.02
1596  2710.33886719  0.02
1597  2710.33886719  0.02
1598  2710.33886719  0.02
1599  2710.33886719  0.02
1600  2710.33886719  0.02
1601  2710.33886719  0.02
1602  2710.33886719  0.02
1603  2710.33886719  0.02
1604  2710.33886719  0.02
1605  2710.33886719  0.02
1606  2710.33886719  0.02
1607  2710.33886719  0.02
1608  2710.33886719  0.02
1609  2710.33886719  0.02
1610  2710.33886719  0.02
1611  2710.33886719  0.02
1612  2710.33886719  0.02
1613  2710.33886719  0.02
1614  2710.33886719  0.02
1615  2710.33886719  0.02
1616  2710.33886719  0.02
1617  2710.33886719  0.02
1618  2710.33886719  0.02
1619  2710.33886719  0.02
1620  2710.33886719  0.02
1621  2710.33886719  0.02
1622  2710.33886719  0.02
1623  2710.33886719  0.02
1624  2710.33886719  0.02
1625  2710.33886719  0.02
1626  2710.33886719  0.02
1627  2710.33886719  0.02
1628  2710.33886719  0.02
1629  2710.33886719  0.02
1630  2710.33886719  0.02
1631  2710.33886719  0.02
1632  2710.33886719  0.02
1633  2710.33886719  0.02
1634  2710.33886719  0.02
1635  2710.33886719  0.02
1636  2710.33886719  0.02
1637  2710.33886719  0.02
1638  2710.33886719  0.02
1639  2710.33886719  0.02
1640  2710.33886719  0.02
1641  2710.33886719  0.02
1642  2710.33886719  0.02
1643  2710.33886719  0.02
1644  2710.33886719  0.02
1645  2710.33886719  0.02
1646  2710.33886719  0.02
1647  2710.33886719  0.02
1648  2710.33886719  0.02
1649  2710.33886719  0.02
1650  2710.33886719  0.02
1651  2710.33886719  0.02
1652  2710.33886719  0.02
1653  2710.33886719  0.02
1654  2710.33886719  0.02
1655  2710.33886719  0.02
1656  2710.33886719  0.02
1657  2710.33886719  0.02
1658  2710.33886719  0.02
1659  2710.33886719  0.02
1660  2710.33886719  0.02
1661  2710.33886719  0.02
1662  2710.33886719  0.02
1663  2710.33886719  0.02
1664  2710.33886719  0.02
1665  2710.33886719  0.02
1666  2710.33886719  0.02
1667  2710.33886719  0.02
1668  2710.33886719  0.02
1669  2710.33886719  0.02
1670  2710.33886719  0.02
1671  2710.33886719  0.02
1672  2710.33886719  0.02
1673  2710.33886719  0.02
1674  2710.33886719  0.02
1675  2710.33886719  0.02
1676  2710.33886719  0.02
1677  2710.33886719  0.02
1678  2710.33886719  0.02
1679  2710.33886719  0.02
1680  2710.33886719  0.02
1681  2710.33886719  0.02
1682  2710.33886719  0.02
1683  2710.33886719  0.02
1684  2710.33886719  0.02
1685  2710.33886719  0.02
1686  2710.33886719  0.02
1687  2710.33886719  0.02
1688  2710.33886719  0.02
1689  2710.33886719  0.02
1690  2710.33886719  0.02
1691  2710.33886719  0.02
1692  2710.33886719  0.02
1693  2710.33886719  0.02
1694  2710.33886719  0.02
1695  2710.33886719  0.02
1696  2710.33886719  0.02
1697  2710.33886719  0.02
1698  2710.33886719  0.02
1699  2710.33886719  0.02
1700  2710.33886719  0.02
1701  2710.33886719  0.02
1702  2710.33886719  0.02
1703  2710.33886719  0.02
1704  2710.33886719  0.02
1705  2710.33886719  0.02
1706  2710.33886719  0.02
1707  2710.33886719  0.02
1708  2710.33886719  0.02
1709  2710.33886719  0.02
1710  2710.33886719  0.02
1711  2710.33886719  0.02
1712  2710.33886719  0.02
1713  2710.33886719  0.02
1714  2710.33886719  0.02
1715  2710.33886719  0.02
1716  2710.33886719  0.02
1717  2710.33886719  0.02
1718  2710.33886719  0.02
1719  2710.33886719  0.02
1720  2710.33886719  0.02
1721  2710.33886719  0.02
1722  2710.33886719  0.02
1723  2710.33886719  0.02
1724  2710.33886719  0.02
1725  2710.33886719  0.02
1726  2710.33886719  0.02
1727  2710.33886719  0.02
1728  2710.33886719  0.02
1729  2710.33886719  0.02
1730  2710.33886719  0.02
1731  2710.33886719  0.02
1732  2710.33886719  0.02
1733  2710.33886719  0.02
1734  2710.33886719  0.02
1735  2710.33886719  0.02
1736  2710.33886719  0.02
1737  2710.33886719  0.02
1738  2710.33886719  0.02
1739  2710.33886719  0.02
1740  2710.33886719  0.02
1741  2710.33886719  0.02
1742  2710.33886719  0.02
1743  2710.33886719  0.02
1744  2710.33886719  0.02
1745  2710.33886719  0.02
1746  2710.33886719  0.02
1747  2710.33886719  0.02
1748  2710.33886719  0.02
1749  2710.33886719  0.02
1750  2710.33886719  0.02
1751  2710.33886719  0.02
1752  2710.33886719  0.02
1753  2710.33886719  0.02
1754  2710.33886719  0.02
1755  2710.33886719  0.02
1756  2710.33886719  0.02
1757  2710.33886719  0.02
1758  2710.33886719  0.02
1759  2710.33886719  0.02
1760  2710.33886719  0.02
1761  2710.33886719  0.02
1762  2710.33886719  0.02
1763  2710.33886719  0.02
1764  2710.33886719  0.02
1765  2710.33886719  0.02
1766  2710.33886719  0.02
1767  2710.33886719  0.02
1768  2710.33886719  0.02
1769  2710.33886719  0.02
1770  2710.33886719  0.02
1771  2710.33886719  0.02
1772  2710.33886719  0.02
1773  2710.33886719  0.02
1774  2710.33886719  0.02
1775  2710.33886719  0.02
1776  2710.33886719  0.02
1777  2710.33886719  0.02
1778  2710.33886719  0.02
1779  2710.33886719  0.02
1780  2710.33886719  0.02
1781  2710.33886719  0.02
1782  2710.33886719  0.02
1783  2710.33886719  0.02
1784  2710.33886719  0.02
1785  2710.33886719  0.02
1786  2710.33886719  0.02
1787  2710.33886719  0.02
1788  2710.33886719  0.02
1789  2710.33886719  0.02
1790  2710.33886719  0.02
1791  2710.33886719  0.02
1792  2710.33886719  0.02
1793  2710.33886719  0.02
1794  2710.33886719  0.02
1795  2710.33886719  0.02
1796  2710.33886719  0.02
1797  2710.33886719  0.02
1798  2710.33886719  0.02
1799  2710.33886719  0.02
1800  2710.33886719  0.02
1801  2710.33886719  0.02
1802  2710.33886719  0.02
1803  2710.33886719  0.02
1804  2710.33886719  0.02
1805  2710.33886719  0.02
1806  2710.33886719  0.02
1807  2710.33886719  0.02
1808  2710.33886719  0.02
1809  2710.33886719  0.02
1810  2710.33886719  0.02
1811  2710.33886719  0.02
1812  2710.33886719  0.02
1813  2710.33886719  0.02
1814  2710.33886719  0.02
1815  2710.33886719  0.02
1816  2710.33886719  0.02
1817  2710.33886719  0.02
1818  2710.33886719  0.02
1819  2710.33886719  0.02
1820  2710.33886719  0.02
1821  2710.33886719  0.02
1822  2710.33886719  0.02
1823  2710.33886719  0.02
1824  2710.33886719  0.02
1825  2710.33886719  0.02
1826  2710.33886719  0.02
1827  2710.33886719  0.02
1828  2710.33886719  0.02
1829  2710.33886719  0.02
1830  2710.33886719  0.02
1831  2710.33886719  0.02
1832  2710.33886719  0.02
1833  2710.33886719  0.02
1834  2710.33886719  0.02
1835  2710.33886719  0.02
1836  2710.33886719  0.02
1837  2710.33886719  0.02
1838  2710.33886719  0.02
1839  2710.33886719  0.02
1840  2710.33886719  0.02
1841  2710.33886719  0.02
1842  2710.33886719  0.02
1843  2710.33886719  0.02
1844  2710.33886719  0.02
1845  2710.33886719  0.02
1846  2710.33886719  0.02
1847  2710.33886719  0.02
1848  2710.33886719  0.02
1849  2710.33886719  0.02
1850  2710.33886719  0.02
1851  2710.33886719  0.02
1852  2710.33886719  0.02
1853  2710.33886719  0.02
1854  2710.33886719  0.02
1855  2710.33886719  0.02
1856  2710.33886719  0.02
1857  2710.33886719  0.02
1858  2710.33886719  0.02
1859  2710.33886719  0.02
1860  2710.33886719  0.02
1861  2710.33886719  0.02
1862  2710.33886719  0.02
1863  2710.33886719  0.02
1864  2710.33886719  0.02
1865  2710.33886719  0.02
1866  2710.33886719  0.02
1867  2710.33886719  0.02
1868  2710.33886719  0.02
1869  2710.33886719  0.02
1870  2710.33886719  0.02
1871  2710.33886719  0.02
1872  2710.33886719  0.02
1873  2710.33886719  0.02
1874  2710.33886719  0.02
1875  2710.33886719  0.02
1876  2710.33886719  0.02
1877  2710.33886719  0.02
1878  2710.33886719  0.02
1879  2710.33886719  0.02
1880  2710.33886719  0.02
1881  2710.33886719  0.02
1882  2710.33886719  0.02
1883  2710.33886719  0.02
1884  2710.33886719  0.02
1885  2710.33886719  0.02
1886  2710.33886719  0.02
1887  2710.33886719  0.02
1888  2710.33886719  0.02
1889  2710.33886719  0.02
1890  2710.33886719  0.02
1891  2710.33886719  0.02
1892  2710.33886719  0.02
1893  2710.33886719  0.02
1894  2710.33886719  0.02
1895  2710.33886719  0.02
1896  2710.33886719  0.02
1897  2710.33886719  0.02
1898  2710.33886719  0.02
1899  2710.33886719  0.02
1900  2710.33886719  0.02
1901  2710.33886719  0.02
1902  2710.33886719  0.02
1903  2710.33886719  0.02
1904  2710.33886719  0.02
1905  2710.33886719  0.02
1906  2710.33886719  0.02
1907  2710.33886719  0.02
1908  2710.33886719  0.02
1909  2710.33886719  0.02
1910  2710.33886719  0.02
1911  2710.33886719  0.02
1912  2710.33886719  0.02
1913  2710.33886719  0.02
1914  2710.33886719  0.02
1915  2710.33886719  0.02
1916  2710.33886719  0.02
1917  2710.33886719  0.02
1918  2710.33886719  0.02
1919  2710.33886719  0.02
1920  2710.33886719  0.02
1921  2710.33886719  0.02
1922  2710.33886719  0.02
1923  2710.33886719  0.02
1924  2710.33886719  0.02
1925  2710.33886719  0.02
1926  2710.33886719  0.02
1927  2710.33886719  0.02
1928  2710.33886719  0.02
1929  2710.33886719  0.02
1930  2710.33886719  0.02
1931  2710.33886719  0.02
1932  2710.33886719  0.02
1933  2710.33886719  0.02
1934  2710.33886719  0.02
1935  2710.33886719  0.02
1936  2710.33886719  0.02
1937  2710.33886719  0.02
1938  2710.33886719  0.02
1939  2710.33886719  0.02
1940  2710.33886719  0.02
1941  2710.33886719  0.02
1942  2710.33886719  0.02
1943  2710.33886719  0.02
1944  2710.33886719  0.02
1945  2710.33886719  0.02
1946  2710.33886719  0.02
1947  2710.33886719  0.02
1948  2710.33886719  0.02
1949  2710.33886719  0.02
1950  2710.33886719  0.02
1951  2710.33886719  0.02
1952  2710.33886719  0.02
1953  2710.33886719  0.02
1954  2710.33886719  0.02
1955  2710.33886719  0.02
1956  2710.33886719  0.02
1957  2710.33886719  0.02
1958  2710.33886719  0.02
1959  2710.33886719  0.02
1960  2710.33886719  0.02
1961  2710.33886719  0.02
1962  2710.33886719  0.02
1963  2710.33886719  0.02
1964  2710.33886719  0.02
1965  2710.33886719  0.02
1966  2710.33886719  0.02
1967  2710.33886719  0.02
1968  2710.33886719  0.02
1969  2710.33886719  0.02
1970  2710.33886719  0.02
1971  2710.33886719  0.02
1972  2710.33886719  0.02
1973  2710.33886719  0.02
1974  2710.33886719  0.02
1975  2710.33886719  0.02
1976  2710.33886719  0.02
1977  2710.33886719  0.02
1978  2710.33886719  0.02
1979  2710.33886719  0.02
1980  2710.33886719  0.02
1981  2710.33886719  0.02
1982  2710.33886719  0.02
1983  2710.33886719  0.02
1984  2710.33886719  0.02
1985  2710.33886719  0.02
1986  2710.33886719  0.02
1987  2710.33886719  0.02
1988  2710.33886719  0.02
1989  2710.33886719  0.02
1990  2710.33886719  0.02
1991  2710.33886719  0.02
1992  2710.33886719  0.02
1993  2710.33886719  0.02
1994  2710.33886719  0.02
1995  2710.33886719  0.02
1996  2710.33886719  0.02
1997  2710.33886719  0.02
1998  2710.33886719  0.02
1999  2710.33886719  0.02
2000  2710.33886719  0.02
2001  2710.33886719  0.02
2002  2710.33886719  0.02
2003  2710.33886719  0.02
2004  2710.33886719  0.02
2005  2710.33886719  0.02
2006  2710.33886719  0.02
2007  2710.33886719  0.02
2008  2710.33886719  0.02
2009  2710.33886719  0.02
2010  2710.33886719  0.02
2011  2710.33886719  0.02
2012  2710.33886719  0.02
2013  2710.33886719  0.02
2014  2710.33886719  0.02
2015  2710.33886719  0.02
2016  2710.33886719  0.02
2017  2710.33886719  0.02
2018  2710.33886719  0.02
2019  2710.33886719  0.02
2020  2710.33886719  0.02
2021  2710.33886719  0.02
2022  2710.33886719  0.02
2023  2710.33886719  0.02
2024  2710.33886719  0.02
2025  2710.33886719  0.02
2026  2710.33886719  0.02
2027  2710.33886719  0.02
2028  2710.33886719  0.02
2029  2710.33886719  0.02
2030  2710.33886719  0.02
2031  2710.33886719  0.02
2032  2710.33886719  0.02
2033  2710.33886719  0.02
2034  2710.33886719  0.02
2035  2710.33886719  0.02
2036  2710.33886719  0.02
2037  2710.33886719  0.02
2038  2710.33886719  0.02
2039  2710.33886719  0.02
2040  2710.33886719  0.02
2041  2710.33886719  0.02
2042  2710.33886719  0.02
2043  2710.33886719  0.02
2044  2710.33886719  0.02
2045  2710.33886719  0.02
2046  2710.33886719  0.02
2047  2710.33886719  0.02
2048  2710.33886719  0.02
2049  2710.33886719  0.02
2050  2710.33886719  0.02
2051  2710.33886719  0.02
2052  2710.33886719  0.02
2053  2710.33886719  0.02
2054  2710.33886719  0.02
2055  2710.33886719  0.02
2056  2710.33886719  0.02
2057  2710.33886719  0.02
2058  2710.33886719  0.02
2059  2710.33886719  0.02
2060  2710.33886719  0.02
2061  2710.33886719  0.02
2062  2710.33886719  0.02
2063  2710.33886719  0.02
2064  2710.33886719  0.02
2065  2710.33886719  0.02
2066  2710.33886719  0.02
2067  2710.33886719  0.02
2068  2710.33886719  0.02
2069  2710.33886719  0.02
2070  2710.33886719  0.02
2071  2710.33886719  0.02
2072  2710.33886719  0.02
2073  2710.33886719  0.02
2074  2710.33886719  0.02
2075  2710.33886719  0.02
2076  2710.33886719  0.02
2077  2710.33886719  0.02
2078  2710.33886719  0.02
2079  2710.33886719  0.02
2080  2710.33886719  0.02
2081  2710.33886719  0.02
2082  2710.33886719  0.02
2083  2710.33886719  0.02
2084  2710.33886719  0.02
2085  2710.33886719  0.02
2086  2710.33886719  0.02
2087  2710.33886719  0.02
2088  2710.33886719  0.02
2089  2710.33886719  0.02
2090  2710.33886719  0.02
2091  2710.33886719  0.02
2092  2710.33886719  0.02
2093  2710.33886719  0.02
2094  2710.33886719  0.02
2095  2710.33886719  0.02
2096  2710.33886719  0.02
2097  2710.33886719  0.02
2098  2710.33886719  0.02
2099  2710.33886719  0.02
2100  2710.33886719  0.02
2101  2710.33886719  0.02
2102  2710.33886719  0.02
2103  2710.33886719  0.02
2104  2710.33886719  0.02
2105  2710.33886719  0.02
2106  2710.33886719  0.02
2107  2710.33886719  0.02
2108  2710.33886719  0.02
2109  2710.33886719  0.02
2110  2710.33886719  0.02
2111  2710.33886719  0.02
2112  2710.33886719  0.02
2113  2710.33886719  0.02
2114  2710.33886719  0.02
2115  2710.33886719  0.02
2116  2710.33886719  0.02
2117  2710.33886719  0.02
2118  2710.33886719  0.02
2119  2710.33886719  0.02
2120  2710.33886719  0.02
2121  2710.33886719  0.02
2122  2710.33886719  0.02
2123  2710.33886719  0.02
2124  2710.33886719  0.02
2125  2710.33886719  0.02
2126  2710.33886719  0.02
2127  2710.33886719  0.02
2128  2710.33886719  0.02
2129  2710.33886719  0.02
2130  2710.33886719  0.02
2131  2710.33886719  0.02
2132  2710.33886719  0.02
2133  2710.33886719  0.02
2134  2710.33886719  0.02
2135  2710.33886719  0.02
2136  2710.33886719  0.02
2137  2710.33886719  0.02
2138  2710.33886719  0.02
2139  2710.33886719  0.02
2140  2710.33886719  0.02
2141  2710.33886719  0.02
2142  2710.33886719  0.02
2143  2710.33886719  0.02
2144  2710.33886719  0.02
2145  2710.33886719  0.02
2146  2710.33886719  0.02
2147  2710.33886719  0.02
2148  2710.33886719  0.02
2149  2710.33886719  0.02
2150  2710.33886719  0.02
2151  2710.33886719  0.02
2152  2710.33886719  0.02
2153  2710.33886719  0.02
2154  2710.33886719  0.02
2155  2710.33886719  0.02
2156  2710.33886719  0.02
2157  2710.33886719  0.02
2158  2710.33886719  0.02
2159  2710.33886719  0.02
2160  2710.33886719  0.02
2161  2710.33886719  0.02
2162  2710.33886719  0.02
2163  2710.33886719  0.02
2164  2710.33886719  0.02
2165  2710.33886719  0.02
2166  2710.33886719  0.02
2167  2710.33886719  0.02
2168  2710.33886719  0.02
2169  2710.33886719  0.02
2170  2710.33886719  0.02
2171  2710.33886719  0.02
2172  2710.33886719  0.02
2173  2710.33886719  0.02
2174  2710.33886719  0.02
2175  2710.33886719  0.02
2176  2710.33886719  0.02
2177  2710.33886719  0.02
2178  2710.33886719  0.02
2179  2710.33886719  0.02
2180  2710.33886719  0.02
2181  2710.33886719  0.02
2182  2710.33886719  0.02
2183  2710.33886719  0.02
2184  2710.33886719  0.02
2185  2710.33886719  0.02
2186  2710.33886719  0.02
2187  2710.33886719  0.02
2188  2710.33886719  0.02
2189  2710.33886719  0.02
2190  2710.33886719  0.02
2191  2710.33886719  0.02
2192  2710.33886719  0.02
2193  2710.33886719  0.02
2194  2710.33886719  0.02
2195  2710.33886719  0.02
2196  2710.33886719  0.02
2197  2710.33886719  0.02
2198  2710.33886719  0.02
2199  2710.33886719  0.02
2200  2710.33886719  0.02
2201  2710.33886719  0.02
2202  2710.33886719  0.02
2203  2710.33886719  0.02
2204  2710.33886719  0.02
2205  2710.33886719  0.02
2206  2710.33886719  0.02
2207  2710.33886719  0.02
2208  2710.33886719  0.02
2209  2710.33886719  0.02
2210  2710.33886719  0.02
2211  2710.33886719  0.02
2212  2710.33886719  0.02
2213  2710.33886719  0.02
2214  2710.33886719  0.02
2215  2710.33886719  0.02
2216  2710.33886719  0.02
2217  2710.33886719  0.02
2218  2710.33886719  0.02
2219  2710.33886719  0.02
2220  2710.33886719  0.02
2221  2710.33886719  0.02
2222  2710.33886719  0.02
2223  2710.33886719  0.02
2224  2710.33886719  0.02
2225  2710.33886719  0.02
2226  2710.33886719  0.02
2227  2710.33886719  0.02
2228  2710.33886719  0.02
2229  2710.33886719  0.02
2230  2710.33886719  0.02
2231  2710.33886719  0.02
2232  2710.33886719  0.02
2233  2710.33886719  0.02
2234  2710.33886719  0.02
2235  2710.33886719  0.02
2236  2710.33886719  0.02
2237  2710.33886719  0.02
2238  2710.33886719  0.02
2239  2710.33886719  0.02
2240  2710.33886719  0.02
2241  2710.33886719  0.02
2242  2710.33886719  0.02
2243  2710.33886719  0.02
2244  2710.33886719  0.02
2245  2710.33886719  0.02
2246  2710.33886719  0.02
2247  2710.33886719  0.02
2248  2710.33886719  0.02
2249  2710.33886719  0.02
2250  2710.33886719  0.02
2251  2710.33886719  0.02
2252  2710.33886719  0.02
2253  2710.33886719  0.02
2254  2710.33886719  0.02
2255  2710.33886719  0.02
2256  2710.33886719  0.02
2257  2710.33886719  0.02
2258  2710.33886719  0.02
2259  2710.33886719  0.02
2260  2710.33886719  0.02
2261  2710.33886719  0.02
2262  2710.33886719  0.02
2263  2710.33886719  0.02
2264  2710.33886719  0.02
2265  2710.33886719  0.02
2266  2710.33886719  0.02
2267  2710.33886719  0.02
2268  2710.33886719  0.02
2269  2710.33886719  0.02
2270  2710.33886719  0.02
2271  2710.33886719  0.02
2272  2710.33886719  0.02
2273  2710.33886719  0.02
2274  2710.33886719  0.02
2275  2710.33886719  0.02
2276  2710.33886719  0.02
2277  2710.33886719  0.02
2278  2710.33886719  0.02
2279  2710.33886719  0.02
2280  2710.33886719  0.02
2281  2710.33886719  0.02
2282  2710.33886719  0.02
2283  2710.33886719  0.02
2284  2710.33886719  0.02
2285  2710.33886719  0.02
2286  2710.33886719  0.02
2287  2710.33886719  0.02
2288  2710.33886719  0.02
2289  2710.33886719  0.02
2290  2710.33886719  0.02
2291  2710.33886719  0.02
2292  2710.33886719  0.02
2293  2710.33886719  0.02
2294  2710.33886719  0.02
2295  2710.33886719  0.02
2296  2710.33886719  0.02
2297  2710.33886719  0.02
2298  2710.33886719  0.02
2299  2710.33886719  0.02
2300  2710.33886719  0.02
2301  2710.33886719  0.02
2302  2710.33886719  0.02
2303  2710.33886719  0.02
2304  2710.33886719  0.02
2305  2710.33886719  0.02
2306  2710.33886719  0.02
2307  2710.33886719  0.02
2308  2710.33886719  0.02
2309  2710.33886719  0.02
2310  2710.33886719  0.02
2311  2710.33886719  0.02
2312  2710.33886719  0.02
2313  2710.33886719  0.02
2314  2710.33886719  0.02
2315  2710.33886719  0.02
2316  2710.33886719  0.02
2317  2710.33886719  0.02
2318  2710.33886719  0.02
2319  2710.33886719  0.02
2320  2710.33886719  0.02
2321  2710.33886719  0.02
2322  2710.33886719  0.02
2323  2710.33886719  0.02
2324  2710.33886719  0.02
2325  2710.33886719  0.02
2326  2710.33886719  0.02
2327  2710.33886719  0.02
2328  2710.33886719  0.02
2329  2710.33886719  0.02
2330  2710.33886719  0.02
2331  2710.33886719  0.02
2332  2710.33886719  0.02
2333  2710.33886719  0.02
2334  2710.33886719  0.02
2335  2710.33886719  0.02
2336  2710.33886719  0.02
2337  2710.33886719  0.02
2338  2710.33886719  0.02
2339  2710.33886719  0.02
2340  2710.33886719  0.02
2341  2710.33886719  0.02
2342  2710.33886719  0.02
2343  2710.33886719  0.02
2344  2710.33886719  0.02
2345  2710.33886719  0.02
2346  2710.33886719  0.02
2347  2710.33886719  0.02
2348  2710.33886719  0.02
2349  2710.33886719  0.02
2350  2710.33886719  0.02
2351  2710.33886719  0.02
2352  2710.33886719  0.02
2353  2710.33886719  0.02
2354  2710.33886719  0.02
2355  2710.33886719  0.02
2356  2710.33886719  0.02
2357  2710.33886719  0.02
2358  2710.33886719  0.02
2359  2710.33886719  0.02
2360  2710.33886719  0.02
2361  2710.33886719  0.02
2362  2710.33886719  0.02
2363  2710.33886719  0.02
2364  2710.33886719  0.02
2365  2710.33886719  0.02
2366  2710.33886719  0.02
2367  2710.33886719  0.02
2368  2710.33886719  0.02
2369  2710.33886719  0.02
2370  2710.33886719  0.02
2371  2710.33886719  0.02
2372  2710.33886719  0.02
2373  2710.33886719  0.02
2374  2710.33886719  0.02
2375  2710.33886719  0.02
2376  2710.33886719  0.02
2377  2710.33886719  0.02
2378  2710.33886719  0.02
2379  2710.33886719  0.02
2380  2710.33886719  0.02
2381  2710.33886719  0.02
2382  2710.33886719  0.02
2383  2710.33886719  0.02
2384  2710.33886719  0.02
2385  2710.33886719  0.02
2386  2710.33886719  0.02
2387  2710.33886719  0.02
2388  2710.33886719  0.02
2389  2710.33886719  0.02
2390  2710.33886719  0.02
2391  2710.33886719  0.02
2392  2710.33886719  0.02
2393  2710.33886719  0.02
2394  2710.33886719  0.02
2395  2710.33886719  0.02
2396  2710.33886719  0.02
2397  2710.33886719  0.02
2398  2710.33886719  0.02
2399  2710.33886719  0.02
2400  2710.33886719  0.02
2401  2710.33886719  0.02
2402  2710.33886719  0.02
2403  2710.33886719  0.02
2404  2710.33886719  0.02
2405  2710.33886719  0.02
2406  2710.33886719  0.02
2407  2710.33886719  0.02
2408  2710.33886719  0.02
2409  2710.33886719  0.02
2410  2710.33886719  0.02
2411  2710.33886719  0.02
2412  2710.33886719  0.02
2413  2710.33886719  0.02
2414  2710.33886719  0.02
2415  2710.33886719  0.02
2416  2710.33886719  0.02
2417  2710.33886719  0.02
2418  2710.33886719  0.02
2419  2710.33886719  0.02
2420  2710.33886719  0.02
2421  2710.33886719  0.02
2422  2710.33886719  0.02
2423  2710.33886719  0.02
2424  2710.33886719  0.02
2425  2710.33886719  0.02
2426  2710.33886719  0.02
2427  2710.33886719  0.02
2428  2710.33886719  0.02
2429  2710.33886719  0.02
2430  2710.33886719  0.02
2431  2710.33886719  0.02
2432  2710.33886719  0.02
2433  2710.33886719  0.02
2434  2710.33886719  0.02
2435  2710.33886719  0.02
2436  2710.33886719  0.02
2437  2710.33886719  0.02
2438  2710.33886719  0.02
2439  2710.33886719  0.02
2440  2710.33886719  0.02
2441  2710.33886719  0.02
2442  2710.33886719  0.02
2443  2710.33886719  0.02
2444  2710.33886719  0.02
2445  2710.33886719  0.02
2446  2710.33886719  0.02
2447  2710.33886719  0.02
2448  2710.33886719  0.02
2449  2710.33886719  0.02
2450  2710.33886719  0.02
2451  2710.33886719  0.02
2452  2710.33886719  0.02
2453  2710.33886719  0.02
2454  2710.33886719  0.02
2455  2710.33886719  0.02
2456  2710.33886719  0.02
2457  2710.33886719  0.02
2458  2710.33886719  0.02
2459  2710.33886719  0.02
2460  2710.33886719  0.02
2461  2710.33886719  0.02
2462  2710.33886719  0.02
2463  2710.33886719  0.02
2464  2710.33886719  0.02
2465  2710.33886719  0.02
2466  2710.33886719  0.02
2467  2710.33886719  0.02
2468  2710.33886719  0.02
2469  2710.33886719  0.02
2470  2710.33886719  0.02
2471  2710.33886719  0.02
2472  2710.33886719  0.02
2473  2710.33886719  0.02
2474  2710.33886719  0.02
2475  2710.33886719  0.02
2476  2710.33886719  0.02
2477  2710.33886719  0.02
2478  2710.33886719  0.02
2479  2710.33886719  0.02
2480  2710.33886719  0.02
2481  2710.33886719  0.02
2482  2710.33886719  0.02
2483  2710.33886719  0.02
2484  2710.33886719  0.02
2485  2710.33886719  0.02
2486  2710.33886719  0.02
2487  2710.33886719  0.02
2488  2710.33886719  0.02
2489  2710.33886719  0.02
2490  2710.33886719  0.02
2491  2710.33886719  0.02
2492  2710.33886719  0.02
2493  2710.33886719  0.02
2494  2710.33886719  0.02
2495  2710.33886719  0.02
2496  2710.33886719  0.02
2497  2710.33886719  0.02
2498  2710.33886719  0.02
2499  2710.33886719  0.02
2500  2710.33886719  0.02
2501  2710.33886719  0.02
2502  2710.33886719  0.02
2503  2710.33886719  0.02
2504  2710.33886719  0.02
2505  2710.33886719  0.02
2506  2710.33886719  0.02
2507  2710.33886719  0.02
2508  2710.33886719  0.02
2509  2710.33886719  0.02
2510  2710.33886719  0.02
2511  2710.33886719  0.02
2512  2710.33886719  0.02
2513  2710.33886719  0.02
2514  2710.33886719  0.02
2515  2710.33886719  0.02
2516  2710.33886719  0.02
2517  2710.33886719  0.02
2518  2710.33886719  0.02
2519  2710.33886719  0.02
2520  2710.33886719  0.02
2521  2710.33886719  0.02
2522  2710.33886719  0.02
2523  2710.33886719  0.02
2524  2710.33886719  0.02
2525  2710.33886719  0.02
2526  2710.33886719  0.02
2527  2710.33886719  0.02
2528  2710.33886719  0.02
2529  2710.33886719  0.02
2530  2710.33886719  0.02
2531  2710.33886719  0.02
2532  2710.33886719  0.02
2533  2710.33886719  0.02
2534  2710.33886719  0.02
2535  2710.33886719  0.02
2536  2710.33886719  0.02
2537  2710.33886719  0.02
2538  2710.33886719  0.02
2539  2710.33886719  0.02
2540  2710.33886719  0.02
2541  2710.33886719  0.02
2542  2710.33886719  0.02
2543  2710.33886719  0.02
2544  2710.33886719  0.02
2545  2710.33886719  0.02
2546  2710.33886719  0.02
2547  2710.33886719  0.02
2548  2710.33886719  0.02
2549  2710.33886719  0.02
2550  2710.33886719  0.02
2551  2710.33886719  0.02
2552  2710.33886719  0.02
2553  2710.33886719  0.02
2554  2710.33886719  0.02
2555  2710.33886719  0.02
2556  2710.33886719  0.02
2557  2710.33886719  0.02
2558  2710.33886719  0.02
2559  2710.33886719  0.02
2560  2710.33886719  0.02
2561  2710.33886719  0.02
2562  2710.33886719  0.02
2563  2710.33886719  0.02
2564  2710.33886719  0.02
2565  2710.33886719  0.02
2566  2710.33886719  0.02
2567  2710.33886719  0.02
2568  2710.33886719  0.02
2569  2710.33886719  0.02
2570  2710.33886719  0.02
2571  2710.33886719  0.02
2572  2710.33886719  0.02
2573  2710.33886719  0.02
2574  2710.33886719  0.02
2575  2710.33886719  0.02
2576  2710.33886719  0.02
2577  2710.33886719  0.02
2578  2710.33886719  0.02
2579  2710.33886719  0.02
2580  2710.33886719  0.02
2581  2710.33886719  0.02
2582  2710.33886719  0.02
2583  2710.33886719  0.02
2584  2710.33886719  0.02
2585  2710.33886719  0.02
2586  2710.33886719  0.02
2587  2710.33886719  0.02
2588  2710.33886719  0.02
2589  2710.33886719  0.02
2590  2710.33886719  0.02
2591  2710.33886719  0.02
2592  2710.33886719  0.02
2593  2710.33886719  0.02
2594  2710.33886719  0.02
2595  2710.33886719  0.02
2596  2710.33886719  0.02
2597  2710.33886719  0.02
2598  2710.33886719  0.02
2599  2710.33886719  0.02
2600  2710.33886719  0.02
2601  2710.33886719  0.02
2602  2710.33886719  0.02
2603  2710.33886719  0.02
2604  2710.33886719  0.02
2605  2710.33886719  0.02
2606  2710.33886719  0.02
2607  2710.33886719  0.02
2608  2710.33886719  0.02
2609  2710.33886719  0.02
2610  2710.33886719  0.02
2611  2710.33886719  0.02
2612  2710.33886719  0.02
2613  2710.33886719  0.02
2614  2710.33886719  0.02
2615  2710.33886719  0.02
2616  2710.33886719  0.02
2617  2710.33886719  0.02
2618  2710.33886719  0.02
2619  2710.33886719  0.02
2620  2710.33886719  0.02
2621  2710.33886719  0.02
2622  2710.33886719  0.02
2623  2710.33886719  0.02
2624  2710.33886719  0.02
2625  2710.33886719  0.02
2626  2710.33886719  0.02
2627  2710.33886719  0.02
2628  2710.33886719  0.02
2629  2710.33886719  0.02
2630  2710.33886719  0.02
2631  2710.33886719  0.02
2632  2710.33886719  0.02
2633  2710.33886719  0.02
2634  2710.33886719  0.02
2635  2710.33886719  0.02
2636  2710.33886719  0.02
2637  2710.33886719  0.02
2638  2710.33886719  0.02
2639  2710.33886719  0.02
2640  2710.33886719  0.02
2641  2710.33886719  0.02
2642  2710.33886719  0.02
2643  2710.33886719  0.02
2644  2710.33886719  0.02
2645  2710.33886719  0.02
2646  2710.33886719  0.02
2647  2710.33886719  0.02
2648  2710.33886719  0.02
2649  2710.33886719  0.02
2650  2710.33886719  0.02
2651  2710.33886719  0.02
2652  2710.33886719  0.02
2653  2710.33886719  0.02
2654  2710.33886719  0.02
2655  2710.33886719  0.02
2656  2710.33886719  0.02
2657  2710.33886719  0.02
2658  2710.33886719  0.02
2659  2710.33886719  0.02
2660  2710.33886719  0.02
2661  2710.33886719  0.02
2662  2710.33886719  0.02
2663  2710.33886719  0.02
2664  2710.33886719  0.02
2665  2710.33886719  0.02
2666  2710.33886719  0.02
2667  2710.33886719  0.02
2668  2710.33886719  0.02
2669  2710.33886719  0.02
2670  2710.33886719  0.02
2671  2710.33886719  0.02
2672  2710.33886719  0.02
2673  2710.33886719  0.02
2674  2710.33886719  0.02
2675  2710.33886719  0.02
2676  2710.33886719  0.02
2677  2710.33886719  0.02
2678  2710.33886719  0.02
2679  2710.33886719  0.02
2680  2710.33886719  0.02
2681  2710.33886719  0.02
2682  2710.33886719  0.02
2683  2710.33886719  0.02
2684  2710.33886719  0.02
2685  2710.33886719  0.02
2686  2710.33886719  0.02
2687  2710.33886719  0.02
2688  2710.33886719  0.02
2689  2710.33886719  0.02
2690  2710.33886719  0.02
2691  2710.33886719  0.02
2692  2710.33886719  0.02
2693  2710.33886719  0.02
2694  2710.33886719  0.02
2695  2710.33886719  0.02
2696  2710.33886719  0.02
2697  2710.33886719  0.02
2698  2710.33886719  0.02
2699  2710.33886719  0.02
2700  2710.33886719  0.02
2701  2710.33886719  0.02
2702  2710.33886719  0.02
2703  2710.33886719  0.02
2704  2710.33886719  0.02
2705  2710.33886719  0.02
2706  2710.33886719  0.02
2707  2710.33886719  0.02
2708  2710.33886719  0.02
2709  2710.33886719  0.02
2710  2710.33886719  0.02
2711  2710.33886719  0.02
2712  2710.33886719  0.02
2713  2710.33886719  0.02
2714  2710.33886719  0.02
2715  2710.33886719  0.02
2716  2710.33886719  0.02
2717  2710.33886719  0.02
2718  2710.33886719  0.02
2719  2710.33886719  0.02
2720  2710.33886719  0.02
2721  2710.33886719  0.02
2722  2710.33886719  0.02
2723  2710.33886719  0.02
2724  2710.33886719  0.02
2725  2710.33886719  0.02
2726  2710.33886719  0.02
2727  2710.33886719  0.02
2728  2710.33886719  0.02
2729  2710.33886719  0.02
2730  2710.33886719  0.02
2731  2710.33886719  0.02
2732  2710.33886719  0.02
2733  2710.33886719  0.02
2734  2710.33886719  0.02
2735  2710.33886719  0.02
2736  2710.33886719  0.02
2737  2710.33886719  0.02
2738  2710.33886719  0.02
2739  2710.33886719  0.02
2740  2710.33886719  0.02
2741  2710.33886719  0.02
2742  2710.33886719  0.02
2743  2710.33886719  0.02
2744  2710.33886719  0.02
2745  2710.33886719  0.02
2746  2710.33886719  0.02
2747  2710.33886719  0.02
2748  2710.33886719  0.02
2749  2710.33886719  0.02
2750  2710.33886719  0.02
2751  2710.33886719  0.02
2752  2710.33886719  0.02
2753  2710.33886719  0.02
2754  2710.33886719  0.02
2755  2710.33886719  0.02
2756  2710.33886719  0.02
2757  2710.33886719  0.02
2758  2710.33886719  0.02
2759  2710.33886719  0.02
2760  2710.33886719  0.02
2761  2710.33886719  0.02
2762  2710.33886719  0.02
2763  2710.33886719  0.02
2764  2710.33886719  0.02
2765  2710.33886719  0.02
2766  2710.33886719  0.02
2767  2710.33886719  0.02
2768  2710.33886719  0.02
2769  2710.33886719  0.02
2770  2710.33886719  0.02
2771  2710.33886719  0.02
2772  2710.33886719  0.02
2773  2710.33886719  0.02
2774  2710.33886719  0.02
2775  2710.33886719  0.02
2776  2710.33886719  0.02
2777  2710.33886719  0.02
2778  2710.33886719  0.02
2779  2710.33886719  0.02
2780  2710.33886719  0.02
2781  2710.33886719  0.02
2782  2710.33886719  0.02
2783  2710.33886719  0.02
2784  2710.33886719  0.02
2785  2710.33886719  0.02
2786  2710.33886719  0.02
2787  2710.33886719  0.02
2788  2710.33886719  0.02
2789  2710.33886719  0.02
2790  2710.33886719  0.02
2791  2710.33886719  0.02
2792  2710.33886719  0.02
2793  2710.33886719  0.02
2794  2710.33886719  0.02
2795  2710.33886719  0.02
2796  2710.33886719  0.02
2797  2710.33886719  0.02
2798  2710.33886719  0.02
2799  2710.33886719  0.02
2800  2710.33886719  0.02
2801  2710.33886719  0.02
2802  2710.33886719  0.02
2803  2710.33886719  0.02
2804  2710.33886719  0.02
2805  2710.33886719  0.02
2806  2710.33886719  0.02
2807  2710.33886719  0.02
2808  2710.33886719  0.02
2809  2710.33886719  0.02
2810  2710.33886719  0.02
2811  2710.33886719  0.02
2812  2710.33886719  0.02
2813  2710.33886719  0.02
2814  2710.33886719  0.02
2815  2710.33886719  0.02
2816  2710.33886719  0.02
2817  2710.33886719  0.02
2818  2710.33886719  0.02
2819  2710.33886719  0.02
2820  2710.33886719  0.02
2821  2710.33886719  0.02
2822  2710.33886719  0.02
2823  2710.33886719  0.02
2824  2710.33886719  0.02
2825  2710.33886719  0.02
2826  2710.33886719  0.02
2827  2710.33886719  0.02
2828  2710.33886719  0.02
2829  2710.33886719  0.02
2830  2710.33886719  0.02
2831  2710.33886719  0.02
2832  2710.33886719  0.02
2833  2710.33886719  0.02
2834  2710.33886719  0.02
2835  2710.33886719  0.02
2836  2710.33886719  0.02
2837  2710.33886719  0.02
2838  2710.33886719  0.02
2839  2710.33886719  0.02
2840  2710.33886719  0.02
2841  2710.33886719  0.02
2842  2710.33886719  0.02
2843  2710.33886719  0.02
2844  2710.33886719  0.02
2845  2710.33886719  0.02
2846  2710.33886719  0.02
2847  2710.33886719  0.02
2848  2710.33886719  0.02
2849  2710.33886719  0.02
2850  2710.33886719  0.02
2851  2710.33886719  0.02
2852  2710.33886719  0.02
2853  2710.33886719  0.02
2854  2710.33886719  0.02
2855  2710.33886719  0.02
2856  2710.33886719  0.02
2857  2710.33886719  0.02
2858  2710.33886719  0.02
2859  2710.33886719  0.02
2860  2710.33886719  0.02
2861  2710.33886719  0.02
2862  2710.33886719  0.02
2863  2710.33886719  0.02
2864  2710.33886719  0.02
2865  2710.33886719  0.02
2866  2710.33886719  0.02
2867  2710.33886719  0.02
2868  2710.33886719  0.02
2869  2710.33886719  0.02
2870  2710.33886719  0.02
2871  2710.33886719  0.02
2872  2710.33886719  0.02
2873  2710.33886719  0.02
2874  2710.33886719  0.02
2875  2710.33886719  0.02
2876  2710.33886719  0.02
2877  2710.33886719  0.02
2878  2710.33886719  0.02
2879  2710.33886719  0.02
2880  2710.33886719  0.02
2881  2710.33886719  0.02
2882  2710.33886719  0.02
2883  2710.33886719  0.02
2884  2710.33886719  0.02
2885  2710.33886719  0.02
2886  2710.33886719  0.02
2887  2710.33886719  0.02
2888  2710.33886719  0.02
2889  2710.33886719  0.02
2890  2710.33886719  0.02
2891  2710.33886719  0.02
2892  2710.33886719  0.02
2893  2710.33886719  0.02
2894  2710.33886719  0.02
2895  2710.33886719  0.02
2896  2710.33886719  0.02
2897  2710.33886719  0.02
2898  2710.33886719  0.02
2899  2710.33886719  0.02
2900  2710.33886719  0.02
2901  2710.33886719  0.02
2902  2710.33886719  0.02
2903  2710.33886719  0.02
2904  2710.33886719  0.02
2905  2710.33886719  0.02
2906  2710.33886719  0.02
2907  2710.33886719  0.02
2908  2710.33886719  0.02
2909  2710.33886719  0.02
2910  2710.33886719  0.02
2911  2710.33886719  0.02
2912  2710.33886719  0.02
2913  2710.33886719  0.02
2914  2710.33886719  0.02
2915  2710.33886719  0.02
2916  2710.33886719  0.02
2917  2710.33886719  0.02
2918  2710.33886719  0.02
2919  2710.33886719  0.02
2920  2710.33886719  0.02
2921  2710.33886719  0.02
2922  2710.33886719  0.02
2923  2710.33886719  0.02
2924  2710.33886719  0.02
2925  2710.33886719  0.02
2926  2710.33886719  0.02
2927  2710.33886719  0.02
2928  2710.33886719  0.02
2929  2710.33886719  0.02
2930  2710.33886719  0.02
2931  2710.33886719  0.02
2932  2710.33886719  0.02
2933  2710.33886719  0.02
2934  2710.33886719  0.02
2935  2710.33886719  0.02
2936  2710.33886719  0.02
2937  2710.33886719  0.02
2938  2710.33886719  0.02
2939  2710.33886719  0.02
2940  2710.33886719  0.02
2941  2710.33886719  0.02
2942  2710.33886719  0.02
2943  2710.33886719  0.02
2944  2710.33886719  0.02
2945  2710.33886719  0.02
2946  2710.33886719  0.02
2947  2710.33886719  0.02
2948  2710.33886719  0.02
2949  2710.33886719  0.02
2950  2710.33886719  0.02
2951  2710.33886719  0.02
2952  2710.33886719  0.02
2953  2710.33886719  0.02
2954  2710.33886719  0.02
2955  2710.33886719  0.02
2956  2710.33886719  0.02
2957  2710.33886719  0.02
2958  2710.33886719  0.02
2959  2710.33886719  0.02
2960  2710.33886719  0.02
2961  2710.33886719  0.02
2962  2710.33886719  0.02
2963  2710.33886719  0.02
2964  2710.33886719  0.02
2965  2710.33886719  0.02
2966  2710.33886719  0.02
2967  2710.33886719  0.02
2968  2710.33886719  0.02
2969  2710.33886719  0.02
2970  2710.33886719  0.02
2971  2710.33886719  0.02
2972  2710.33886719  0.02
2973  2710.33886719  0.02
2974  2710.33886719  0.02
2975  2710.33886719  0.02
2976  2710.33886719  0.02
2977  2710.33886719  0.02
2978  2710.33886719  0.02
2979  2710.33886719  0.02
2980  2710.33886719  0.02
2981  2710.33886719  0.02
2982  2710.33886719  0.02
2983  2710.33886719  0.02
2984  2710.33886719  0.02
2985  2710.33886719  0.02
2986  2710.33886719  0.02
2987  2710.33886719  0.02
2988  2710.33886719  0.02
2989  2710.33886719  0.02
2990  2710.33886719  0.02
2991  2710.33886719  0.02
2992  2710.33886719  0.02
2993  2710.33886719  0.02
2994  2710.33886719  0.02
2995  2710.33886719  0.02
2996  2710.33886719  0.02
2997  2710.33886719  0.02
2998  2710.33886719  0.02
2999  2710.33886719  0.02
#[1, 7, 9, 9, 9, 9, 9, 9, 9, 9]
#[9, 9, 9, 9, 9, 9, 9, 9, 9, 9]
#[7, 9, 9, 9, 9, 9, 9, 9, 9, 9]
#[2, 2, 7, 9, 9, 9, 9, 9, 9, 9]
#[6, 9, 9, 9, 9, 9, 9, 9, 9, 9]
#[-8, -1, 9, 9, 9, 9, 9, 9, 9, 9]
#[6, 9, 9, 9, 9, 9, 9, 9, 9, 9]
#[6, 6, 9, 9, 9, 9, 9, 9, 9, 9]
#[7, 8, 9, 9, 9, 9, 9, 9, 9, 9]
#Specialization index= [1, 9, 0.13157894736842105]
