#[0, 6, 1, 8, 3]
#[0, 4, 7, 3, 2]
#[2, 6, 2, 7, 6]
#[6, 8, 2, 6, 1]
#[6, 7, 8, 2, 6]
#[5, 9, 3, 9, 5]
#[5, 3, 4, 9, 4]
#[5, 2, 7, 0, 3]
#[4, 3, 8, 9, 0]
#[4, 4, 2, 7, 2]
#[9, 2, 8, 6, 5]
#[9, 3, 3, 7, 7]
#[6, 0, 5, 5, 8]
#[1, 4, 5, 4, 4]
#[4, 9, 2, 1, 2]
#[5, 3, 4, 8, 4]
#[7, 5, 8, 4, 3]
#[4, 7, 5, 4, 6]
#[3, 0, 4, 8, 4]
#[5, 8, 5, 7, 9]
#[5, 9, 1, 9, 3]
#[6, 8, 5, 5, 2]
#[7, 3, 4, 9, 9]
#[5, 9, 5, 8, 4]
#[6, 8, 1, 8, 9]
0  3109.0  0.115384615385
1  3109.0  0.115384615385
2  3109.0  0.115384615385
3  3109.0  0.115384615385
4  3109.0  0.115384615385
5  3109.0  0.115384615385
6  3272.0  0.0769230769231
7  3272.0  0.0769230769231
8  3272.0  0.0769230769231
9  3272.0  0.0769230769231
10  3272.0  0.0769230769231
11  3272.0  0.0769230769231
12  3272.0  0.0769230769231
13  3272.0  0.0769230769231
14  3272.0  0.0769230769231
15  3272.0  0.0769230769231
16  3272.0  0.0769230769231
17  3272.0  0.0769230769231
18  3272.0  0.0769230769231
19  3272.0  0.0769230769231
20  3272.0  0.0769230769231
21  3272.0  0.0769230769231
22  3272.0  0.0769230769231
23  3272.0  0.0769230769231
24  3272.0  0.0769230769231
25  3272.0  0.0769230769231
26  3272.0  0.0769230769231
27  3272.0  0.0769230769231
28  3272.0  0.0769230769231
29  3272.0  0.0769230769231
30  3396.0  0.0846153846154
31  3396.0  0.0846153846154
32  3396.0  0.0846153846154
33  3396.0  0.0846153846154
34  3426.0  0.0538461538462
35  3426.0  0.0538461538462
36  3426.0  0.0538461538462
37  3426.0  0.0538461538462
38  3514.0  0.0923076923077
39  3514.0  0.0923076923077
40  3514.0  0.0923076923077
41  3514.0  0.0923076923077
42  3514.0  0.0923076923077
43  3514.0  0.0923076923077
44  3514.0  0.0923076923077
45  3514.0  0.0923076923077
46  3514.0  0.0923076923077
47  3514.0  0.0923076923077
48  3514.0  0.0923076923077
49  3514.0  0.0923076923077
50  3514.0  0.0923076923077
51  3514.0  0.0923076923077
52  3514.0  0.0923076923077
53  3514.0  0.0923076923077
54  3514.0  0.0923076923077
55  3514.0  0.0923076923077
56  3514.0  0.0923076923077
57  3514.0  0.0923076923077
58  3514.0  0.0923076923077
59  3514.0  0.0923076923077
60  3514.0  0.0923076923077
61  3514.0  0.0923076923077
62  3514.0  0.0923076923077
63  3514.0  0.0923076923077
64  3514.0  0.0923076923077
65  3514.0  0.0923076923077
66  3514.0  0.0923076923077
67  3514.0  0.0923076923077
68  3514.0  0.0923076923077
69  3514.0  0.0923076923077
70  3514.0  0.0923076923077
71  3514.0  0.0923076923077
72  3514.0  0.0923076923077
73  3514.0  0.0923076923077
74  3514.0  0.0923076923077
75  3514.0  0.0923076923077
76  3514.0  0.0923076923077
77  3514.0  0.0923076923077
78  3514.0  0.0923076923077
79  3514.0  0.0923076923077
80  3514.0  0.0923076923077
81  3514.0  0.0923076923077
82  3514.0  0.0923076923077
83  3514.0  0.0923076923077
84  3514.0  0.0923076923077
85  3514.0  0.0923076923077
86  3514.0  0.0923076923077
87  3514.0  0.0923076923077
88  3514.0  0.0923076923077
89  3514.0  0.0923076923077
90  3514.0  0.0923076923077
91  3514.0  0.0923076923077
92  3514.0  0.0923076923077
93  3514.0  0.0923076923077
94  3514.0  0.0923076923077
95  3514.0  0.0923076923077
96  3514.0  0.0923076923077
97  3514.0  0.0923076923077
98  3514.0  0.0923076923077
99  3514.0  0.0923076923077
100  3514.0  0.0923076923077
101  3514.0  0.0923076923077
102  3514.0  0.0923076923077
103  3514.0  0.0923076923077
104  3514.0  0.0923076923077
105  3514.0  0.0923076923077
106  3514.0  0.0923076923077
107  3514.0  0.0923076923077
108  3514.0  0.0923076923077
109  3514.0  0.0923076923077
110  3514.0  0.0923076923077
111  3514.0  0.0923076923077
112  3647.0  0.0461538461538
113  3647.0  0.0461538461538
114  3647.0  0.0461538461538
115  3647.0  0.0461538461538
116  3647.0  0.0461538461538
117  3647.0  0.0461538461538
118  3647.0  0.0461538461538
119  3647.0  0.0461538461538
120  3647.0  0.0461538461538
121  3647.0  0.0461538461538
122  3647.0  0.0461538461538
123  3647.0  0.0461538461538
124  3647.0  0.0461538461538
125  3647.0  0.0461538461538
126  3647.0  0.0461538461538
127  3647.0  0.0461538461538
128  3647.0  0.0461538461538
129  3647.0  0.0461538461538
130  3647.0  0.0461538461538
131  3647.0  0.0461538461538
132  3647.0  0.0461538461538
133  3647.0  0.0461538461538
134  3647.0  0.0461538461538
135  3647.0  0.0461538461538
136  3647.0  0.0461538461538
137  3647.0  0.0461538461538
138  3647.0  0.0461538461538
139  3647.0  0.0461538461538
140  3647.0  0.0461538461538
141  3647.0  0.0461538461538
142  3647.0  0.0461538461538
143  3647.0  0.0461538461538
144  3647.0  0.0461538461538
145  3647.0  0.0461538461538
146  3647.0  0.0461538461538
147  3647.0  0.0461538461538
148  3647.0  0.0461538461538
149  3647.0  0.0461538461538
150  3647.0  0.0461538461538
151  3647.0  0.0461538461538
152  3647.0  0.0461538461538
153  3647.0  0.0461538461538
154  3647.0  0.0461538461538
155  3647.0  0.0461538461538
156  3647.0  0.0461538461538
157  3647.0  0.0461538461538
158  3647.0  0.0461538461538
159  3647.0  0.0461538461538
160  3647.0  0.0461538461538
161  3647.0  0.0461538461538
162  3647.0  0.0461538461538
163  3647.0  0.0461538461538
164  3647.0  0.0461538461538
165  3647.0  0.0461538461538
166  3647.0  0.0461538461538
167  3647.0  0.0461538461538
168  3647.0  0.0461538461538
169  3647.0  0.0461538461538
170  3647.0  0.0461538461538
171  3647.0  0.0461538461538
172  3647.0  0.0461538461538
173  3647.0  0.0461538461538
174  3647.0  0.0461538461538
175  3647.0  0.0461538461538
176  3647.0  0.0461538461538
177  3647.0  0.0461538461538
178  3647.0  0.0461538461538
179  3647.0  0.0461538461538
180  3647.0  0.0461538461538
181  3647.0  0.0461538461538
182  3647.0  0.0461538461538
183  3647.0  0.0461538461538
184  3647.0  0.0461538461538
185  3647.0  0.0461538461538
186  3647.0  0.0461538461538
187  3647.0  0.0461538461538
188  3647.0  0.0461538461538
189  3647.0  0.0461538461538
190  3647.0  0.0461538461538
191  3647.0  0.0461538461538
192  3647.0  0.0461538461538
193  3647.0  0.0461538461538
194  3647.0  0.0461538461538
195  3647.0  0.0461538461538
196  3647.0  0.0461538461538
197  3647.0  0.0461538461538
198  3647.0  0.0461538461538
199  3647.0  0.0461538461538
200  3647.0  0.0461538461538
201  3647.0  0.0461538461538
202  3647.0  0.0461538461538
203  3647.0  0.0461538461538
204  3647.0  0.0461538461538
205  3647.0  0.0461538461538
206  3647.0  0.0461538461538
207  3647.0  0.0461538461538
208  3647.0  0.0461538461538
209  3647.0  0.0461538461538
210  3647.0  0.0461538461538
211  3647.0  0.0461538461538
212  3647.0  0.0461538461538
213  3647.0  0.0461538461538
214  3647.0  0.0461538461538
215  3647.0  0.0461538461538
216  3647.0  0.0461538461538
217  3647.0  0.0461538461538
218  3647.0  0.0461538461538
219  3647.0  0.0461538461538
220  3647.0  0.0461538461538
221  3647.0  0.0461538461538
222  3647.0  0.0461538461538
223  3647.0  0.0461538461538
224  3647.0  0.0461538461538
225  3647.0  0.0461538461538
226  3647.0  0.0461538461538
227  3647.0  0.0461538461538
228  3647.0  0.0461538461538
229  3647.0  0.0461538461538
230  3647.0  0.0461538461538
231  3647.0  0.0461538461538
232  3647.0  0.0461538461538
233  3647.0  0.0461538461538
234  3647.0  0.0461538461538
235  3647.0  0.0461538461538
236  3647.0  0.0461538461538
237  3647.0  0.0461538461538
238  3647.0  0.0461538461538
239  3647.0  0.0461538461538
240  3647.0  0.0461538461538
241  3647.0  0.0461538461538
242  3647.0  0.0461538461538
243  3647.0  0.0461538461538
244  3647.0  0.0461538461538
245  3647.0  0.0461538461538
246  3647.0  0.0461538461538
247  3647.0  0.0461538461538
248  3647.0  0.0461538461538
249  3647.0  0.0461538461538
250  3647.0  0.0461538461538
251  3647.0  0.0461538461538
252  3647.0  0.0461538461538
253  3647.0  0.0461538461538
254  3647.0  0.0461538461538
255  3647.0  0.0461538461538
256  3647.0  0.0461538461538
257  3647.0  0.0461538461538
258  3647.0  0.0461538461538
259  3647.0  0.0461538461538
260  3647.0  0.0461538461538
261  3647.0  0.0461538461538
262  3647.0  0.0461538461538
263  3647.0  0.0461538461538
264  3647.0  0.0461538461538
265  3647.0  0.0461538461538
266  3647.0  0.0461538461538
267  3647.0  0.0461538461538
268  3647.0  0.0461538461538
269  3647.0  0.0461538461538
270  3647.0  0.0461538461538
271  3647.0  0.0461538461538
272  3647.0  0.0461538461538
273  3647.0  0.0461538461538
274  3647.0  0.0461538461538
275  3647.0  0.0461538461538
276  3647.0  0.0461538461538
277  3647.0  0.0461538461538
278  3647.0  0.0461538461538
279  3647.0  0.0461538461538
280  3647.0  0.0461538461538
281  3647.0  0.0461538461538
282  3647.0  0.0461538461538
283  3647.0  0.0461538461538
284  3647.0  0.0461538461538
285  3647.0  0.0461538461538
286  3647.0  0.0461538461538
287  3647.0  0.0461538461538
288  3647.0  0.0461538461538
289  3647.0  0.0461538461538
290  3647.0  0.0461538461538
291  3647.0  0.0461538461538
292  3647.0  0.0461538461538
293  3647.0  0.0461538461538
294  3647.0  0.0461538461538
295  3647.0  0.0461538461538
296  3647.0  0.0461538461538
297  3647.0  0.0461538461538
298  3647.0  0.0461538461538
299  3647.0  0.0461538461538
300  3647.0  0.0461538461538
301  3647.0  0.0461538461538
302  3647.0  0.0461538461538
303  3647.0  0.0461538461538
304  3647.0  0.0461538461538
305  3647.0  0.0461538461538
306  3647.0  0.0461538461538
307  3647.0  0.0461538461538
308  3647.0  0.0461538461538
309  3647.0  0.0461538461538
310  3647.0  0.0461538461538
311  3647.0  0.0461538461538
312  3647.0  0.0461538461538
313  3647.0  0.0461538461538
314  3647.0  0.0461538461538
315  3647.0  0.0461538461538
316  3647.0  0.0461538461538
317  3647.0  0.0461538461538
318  3647.0  0.0461538461538
319  3647.0  0.0461538461538
320  3647.0  0.0461538461538
321  3647.0  0.0461538461538
322  3647.0  0.0461538461538
323  3647.0  0.0461538461538
324  3647.0  0.0461538461538
325  3647.0  0.0461538461538
326  3647.0  0.0461538461538
327  3647.0  0.0461538461538
328  3647.0  0.0461538461538
329  3647.0  0.0461538461538
330  3647.0  0.0461538461538
331  3647.0  0.0461538461538
332  3647.0  0.0461538461538
333  3647.0  0.0461538461538
334  3647.0  0.0461538461538
335  3647.0  0.0461538461538
336  3647.0  0.0461538461538
337  3647.0  0.0461538461538
338  3647.0  0.0461538461538
339  3647.0  0.0461538461538
340  3647.0  0.0461538461538
341  3647.0  0.0461538461538
342  3647.0  0.0461538461538
343  3647.0  0.0461538461538
344  3647.0  0.0461538461538
345  3647.0  0.0461538461538
346  3647.0  0.0461538461538
347  3647.0  0.0461538461538
348  3647.0  0.0461538461538
349  3647.0  0.0461538461538
350  3647.0  0.0461538461538
351  3647.0  0.0461538461538
352  3647.0  0.0461538461538
353  3647.0  0.0461538461538
354  3647.0  0.0461538461538
355  3647.0  0.0461538461538
356  3647.0  0.0461538461538
357  3647.0  0.0461538461538
358  3647.0  0.0461538461538
359  3647.0  0.0461538461538
360  3647.0  0.0461538461538
361  3647.0  0.0461538461538
362  3647.0  0.0461538461538
363  3647.0  0.0461538461538
364  3647.0  0.0461538461538
365  3647.0  0.0461538461538
366  3647.0  0.0461538461538
367  3647.0  0.0461538461538
368  3647.0  0.0461538461538
369  3647.0  0.0461538461538
370  3647.0  0.0461538461538
371  3647.0  0.0461538461538
372  3647.0  0.0461538461538
373  3647.0  0.0461538461538
374  3647.0  0.0461538461538
375  3647.0  0.0461538461538
376  3647.0  0.0461538461538
377  3647.0  0.0461538461538
378  3647.0  0.0461538461538
379  3647.0  0.0461538461538
380  3647.0  0.0461538461538
381  3647.0  0.0461538461538
382  3647.0  0.0461538461538
383  3647.0  0.0461538461538
384  3647.0  0.0461538461538
385  3647.0  0.0461538461538
386  3647.0  0.0461538461538
387  3647.0  0.0461538461538
388  3647.0  0.0461538461538
389  3647.0  0.0461538461538
390  3647.0  0.0461538461538
391  3647.0  0.0461538461538
392  3647.0  0.0461538461538
393  3647.0  0.0461538461538
394  3647.0  0.0461538461538
395  3647.0  0.0461538461538
396  3647.0  0.0461538461538
397  3647.0  0.0461538461538
398  3647.0  0.0461538461538
399  3647.0  0.0461538461538
400  3647.0  0.0461538461538
401  3647.0  0.0461538461538
402  3647.0  0.0461538461538
403  3647.0  0.0461538461538
404  3647.0  0.0461538461538
405  3647.0  0.0461538461538
406  3647.0  0.0461538461538
407  3647.0  0.0461538461538
408  3647.0  0.0461538461538
409  3647.0  0.0461538461538
410  3647.0  0.0461538461538
411  3647.0  0.0461538461538
412  3647.0  0.0461538461538
413  3647.0  0.0461538461538
414  3647.0  0.0461538461538
415  3647.0  0.0461538461538
416  3647.0  0.0461538461538
417  3647.0  0.0461538461538
418  3647.0  0.0461538461538
419  3647.0  0.0461538461538
420  3647.0  0.0461538461538
421  3647.0  0.0461538461538
422  3647.0  0.0461538461538
423  3647.0  0.0461538461538
424  3647.0  0.0461538461538
425  3647.0  0.0461538461538
426  3647.0  0.0461538461538
427  3647.0  0.0461538461538
428  3647.0  0.0461538461538
429  3647.0  0.0461538461538
430  3647.0  0.0461538461538
431  3647.0  0.0461538461538
432  3647.0  0.0461538461538
433  3647.0  0.0461538461538
434  3647.0  0.0461538461538
435  3647.0  0.0461538461538
436  3647.0  0.0461538461538
437  3647.0  0.0461538461538
438  3647.0  0.0461538461538
439  3647.0  0.0461538461538
440  3647.0  0.0461538461538
441  3647.0  0.0461538461538
442  3647.0  0.0461538461538
443  3647.0  0.0461538461538
444  3647.0  0.0461538461538
445  3647.0  0.0461538461538
446  3647.0  0.0461538461538
447  3647.0  0.0461538461538
448  3647.0  0.0461538461538
449  3647.0  0.0461538461538
450  3647.0  0.0461538461538
451  3647.0  0.0461538461538
452  3647.0  0.0461538461538
453  3647.0  0.0461538461538
454  3647.0  0.0461538461538
455  3647.0  0.0461538461538
456  3647.0  0.0461538461538
457  3647.0  0.0461538461538
458  3647.0  0.0461538461538
459  3647.0  0.0461538461538
460  3647.0  0.0461538461538
461  3647.0  0.0461538461538
462  3647.0  0.0461538461538
463  3647.0  0.0461538461538
464  3647.0  0.0461538461538
465  3647.0  0.0461538461538
466  3647.0  0.0461538461538
467  3647.0  0.0461538461538
468  3647.0  0.0461538461538
469  3647.0  0.0461538461538
470  3647.0  0.0461538461538
471  3647.0  0.0461538461538
472  3647.0  0.0461538461538
473  3647.0  0.0461538461538
474  3647.0  0.0461538461538
475  3647.0  0.0461538461538
476  3647.0  0.0461538461538
477  3647.0  0.0461538461538
478  3647.0  0.0461538461538
479  3647.0  0.0461538461538
480  3647.0  0.0461538461538
481  3647.0  0.0461538461538
482  3647.0  0.0461538461538
483  3647.0  0.0461538461538
484  3647.0  0.0461538461538
485  3647.0  0.0461538461538
486  3647.0  0.0461538461538
487  3647.0  0.0461538461538
488  3647.0  0.0461538461538
489  3647.0  0.0461538461538
490  3647.0  0.0461538461538
491  3647.0  0.0461538461538
492  3647.0  0.0461538461538
493  3647.0  0.0461538461538
494  3647.0  0.0461538461538
495  3647.0  0.0461538461538
496  3647.0  0.0461538461538
497  3647.0  0.0461538461538
498  3647.0  0.0461538461538
499  3647.0  0.0461538461538
500  3647.0  0.0461538461538
501  3647.0  0.0461538461538
502  3647.0  0.0461538461538
503  3647.0  0.0461538461538
504  3647.0  0.0461538461538
505  3647.0  0.0461538461538
506  3647.0  0.0461538461538
507  3647.0  0.0461538461538
508  3647.0  0.0461538461538
509  3647.0  0.0461538461538
510  3647.0  0.0461538461538
511  3647.0  0.0461538461538
512  3647.0  0.0461538461538
513  3647.0  0.0461538461538
514  3647.0  0.0461538461538
515  3647.0  0.0461538461538
516  3647.0  0.0461538461538
517  3647.0  0.0461538461538
518  3647.0  0.0461538461538
519  3647.0  0.0461538461538
520  3647.0  0.0461538461538
521  3647.0  0.0461538461538
522  3647.0  0.0461538461538
523  3647.0  0.0461538461538
524  3647.0  0.0461538461538
525  3647.0  0.0461538461538
526  3647.0  0.0461538461538
527  3647.0  0.0461538461538
528  3647.0  0.0461538461538
529  3647.0  0.0461538461538
530  3647.0  0.0461538461538
531  3647.0  0.0461538461538
532  3647.0  0.0461538461538
533  3647.0  0.0461538461538
534  3647.0  0.0461538461538
535  3647.0  0.0461538461538
536  3647.0  0.0461538461538
537  3647.0  0.0461538461538
538  3647.0  0.0461538461538
539  3647.0  0.0461538461538
540  3647.0  0.0461538461538
541  3647.0  0.0461538461538
542  3647.0  0.0461538461538
543  3647.0  0.0461538461538
544  3647.0  0.0461538461538
545  3647.0  0.0461538461538
546  3647.0  0.0461538461538
547  3647.0  0.0461538461538
548  3647.0  0.0461538461538
549  3647.0  0.0461538461538
550  3647.0  0.0461538461538
551  3647.0  0.0461538461538
552  3647.0  0.0461538461538
553  3647.0  0.0461538461538
554  3647.0  0.0461538461538
555  3647.0  0.0461538461538
556  3647.0  0.0461538461538
557  3647.0  0.0461538461538
558  3647.0  0.0461538461538
559  3647.0  0.0461538461538
560  3647.0  0.0461538461538
561  3647.0  0.0461538461538
562  3647.0  0.0461538461538
563  3647.0  0.0461538461538
564  3647.0  0.0461538461538
565  3647.0  0.0461538461538
566  3647.0  0.0461538461538
567  3647.0  0.0461538461538
568  3647.0  0.0461538461538
569  3647.0  0.0461538461538
570  3647.0  0.0461538461538
571  3647.0  0.0461538461538
572  3647.0  0.0461538461538
573  3647.0  0.0461538461538
574  3647.0  0.0461538461538
575  3647.0  0.0461538461538
576  3647.0  0.0461538461538
577  3647.0  0.0461538461538
578  3647.0  0.0461538461538
579  3647.0  0.0461538461538
580  3647.0  0.0461538461538
581  3647.0  0.0461538461538
582  3647.0  0.0461538461538
583  3647.0  0.0461538461538
584  3647.0  0.0461538461538
585  3647.0  0.0461538461538
586  3647.0  0.0461538461538
587  3647.0  0.0461538461538
588  3647.0  0.0461538461538
589  3647.0  0.0461538461538
590  3647.0  0.0461538461538
591  3647.0  0.0461538461538
592  3647.0  0.0461538461538
593  3647.0  0.0461538461538
594  3647.0  0.0461538461538
595  3647.0  0.0461538461538
596  3647.0  0.0461538461538
597  3647.0  0.0461538461538
598  3647.0  0.0461538461538
599  3647.0  0.0461538461538
600  3647.0  0.0461538461538
601  3647.0  0.0461538461538
602  3647.0  0.0461538461538
603  3647.0  0.0461538461538
604  3647.0  0.0461538461538
605  3647.0  0.0461538461538
606  3647.0  0.0461538461538
607  3647.0  0.0461538461538
608  3647.0  0.0461538461538
609  3647.0  0.0461538461538
610  3647.0  0.0461538461538
611  3647.0  0.0461538461538
612  3647.0  0.0461538461538
613  3647.0  0.0461538461538
614  3647.0  0.0461538461538
615  3647.0  0.0461538461538
616  3647.0  0.0461538461538
617  3647.0  0.0461538461538
618  3647.0  0.0461538461538
619  3647.0  0.0461538461538
620  3647.0  0.0461538461538
621  3647.0  0.0461538461538
622  3647.0  0.0461538461538
623  3647.0  0.0461538461538
624  3647.0  0.0461538461538
625  3647.0  0.0461538461538
626  3647.0  0.0461538461538
627  3647.0  0.0461538461538
628  3647.0  0.0461538461538
629  3647.0  0.0461538461538
630  3647.0  0.0461538461538
631  3647.0  0.0461538461538
632  3647.0  0.0461538461538
633  3647.0  0.0461538461538
634  3647.0  0.0461538461538
635  3647.0  0.0461538461538
636  3647.0  0.0461538461538
637  3647.0  0.0461538461538
638  3647.0  0.0461538461538
639  3647.0  0.0461538461538
640  3647.0  0.0461538461538
641  3647.0  0.0461538461538
642  3647.0  0.0461538461538
643  3647.0  0.0461538461538
644  3647.0  0.0461538461538
645  3647.0  0.0461538461538
646  3647.0  0.0461538461538
647  3647.0  0.0461538461538
648  3647.0  0.0461538461538
649  3647.0  0.0461538461538
650  3647.0  0.0461538461538
651  3647.0  0.0461538461538
652  3647.0  0.0461538461538
653  3647.0  0.0461538461538
654  3647.0  0.0461538461538
655  3647.0  0.0461538461538
656  3647.0  0.0461538461538
657  3647.0  0.0461538461538
658  3647.0  0.0461538461538
659  3647.0  0.0461538461538
660  3647.0  0.0461538461538
661  3647.0  0.0461538461538
662  3647.0  0.0461538461538
663  3647.0  0.0461538461538
664  3647.0  0.0461538461538
665  3647.0  0.0461538461538
666  3647.0  0.0461538461538
667  3647.0  0.0461538461538
668  3647.0  0.0461538461538
669  3647.0  0.0461538461538
670  3647.0  0.0461538461538
671  3647.0  0.0461538461538
672  3647.0  0.0461538461538
673  3647.0  0.0461538461538
674  3647.0  0.0461538461538
675  3647.0  0.0461538461538
676  3647.0  0.0461538461538
677  3647.0  0.0461538461538
678  3647.0  0.0461538461538
679  3647.0  0.0461538461538
680  3647.0  0.0461538461538
681  3647.0  0.0461538461538
682  3647.0  0.0461538461538
683  3647.0  0.0461538461538
684  3647.0  0.0461538461538
685  3647.0  0.0461538461538
686  3647.0  0.0461538461538
687  3647.0  0.0461538461538
688  3647.0  0.0461538461538
689  3647.0  0.0461538461538
690  3647.0  0.0461538461538
691  3647.0  0.0461538461538
692  3647.0  0.0461538461538
693  3647.0  0.0461538461538
694  3647.0  0.0461538461538
695  3647.0  0.0461538461538
696  3647.0  0.0461538461538
697  3647.0  0.0461538461538
698  3647.0  0.0461538461538
699  3647.0  0.0461538461538
700  3647.0  0.0461538461538
701  3647.0  0.0461538461538
702  3647.0  0.0461538461538
703  3647.0  0.0461538461538
704  3647.0  0.0461538461538
705  3647.0  0.0461538461538
706  3647.0  0.0461538461538
707  3647.0  0.0461538461538
708  3647.0  0.0461538461538
709  3647.0  0.0461538461538
710  3647.0  0.0461538461538
711  3647.0  0.0461538461538
712  3647.0  0.0461538461538
713  3647.0  0.0461538461538
714  3647.0  0.0461538461538
715  3647.0  0.0461538461538
716  3647.0  0.0461538461538
717  3647.0  0.0461538461538
718  3647.0  0.0461538461538
719  3647.0  0.0461538461538
720  3647.0  0.0461538461538
721  3647.0  0.0461538461538
722  3647.0  0.0461538461538
723  3647.0  0.0461538461538
724  3647.0  0.0461538461538
725  3647.0  0.0461538461538
726  3647.0  0.0461538461538
727  3647.0  0.0461538461538
728  3647.0  0.0461538461538
729  3647.0  0.0461538461538
730  3647.0  0.0461538461538
731  3647.0  0.0461538461538
732  3647.0  0.0461538461538
733  3647.0  0.0461538461538
734  3647.0  0.0461538461538
735  3647.0  0.0461538461538
736  3647.0  0.0461538461538
737  3647.0  0.0461538461538
738  3647.0  0.0461538461538
739  3647.0  0.0461538461538
740  3647.0  0.0461538461538
741  3647.0  0.0461538461538
742  3647.0  0.0461538461538
743  3647.0  0.0461538461538
744  3647.0  0.0461538461538
745  3647.0  0.0461538461538
746  3647.0  0.0461538461538
747  3647.0  0.0461538461538
748  3647.0  0.0461538461538
749  3647.0  0.0461538461538
750  3647.0  0.0461538461538
751  3647.0  0.0461538461538
752  3647.0  0.0461538461538
753  3647.0  0.0461538461538
754  3647.0  0.0461538461538
755  3647.0  0.0461538461538
756  3647.0  0.0461538461538
757  3647.0  0.0461538461538
758  3647.0  0.0461538461538
759  3647.0  0.0461538461538
760  3647.0  0.0461538461538
761  3647.0  0.0461538461538
762  3647.0  0.0461538461538
763  3647.0  0.0461538461538
764  3647.0  0.0461538461538
765  3647.0  0.0461538461538
766  3647.0  0.0461538461538
767  3647.0  0.0461538461538
768  3647.0  0.0461538461538
769  3647.0  0.0461538461538
770  3647.0  0.0461538461538
771  3647.0  0.0461538461538
772  3647.0  0.0461538461538
773  3647.0  0.0461538461538
774  3647.0  0.0461538461538
775  3647.0  0.0461538461538
776  3647.0  0.0461538461538
777  3647.0  0.0461538461538
778  3647.0  0.0461538461538
779  3647.0  0.0461538461538
780  3647.0  0.0461538461538
781  3647.0  0.0461538461538
782  3647.0  0.0461538461538
783  3647.0  0.0461538461538
784  3647.0  0.0461538461538
785  3647.0  0.0461538461538
786  3647.0  0.0461538461538
787  3647.0  0.0461538461538
788  3647.0  0.0461538461538
789  3647.0  0.0461538461538
790  3647.0  0.0461538461538
791  3647.0  0.0461538461538
792  3647.0  0.0461538461538
793  3647.0  0.0461538461538
794  3647.0  0.0461538461538
795  3647.0  0.0461538461538
796  3647.0  0.0461538461538
797  3647.0  0.0461538461538
798  3647.0  0.0461538461538
799  3647.0  0.0461538461538
800  3647.0  0.0461538461538
801  3647.0  0.0461538461538
802  3647.0  0.0461538461538
803  3647.0  0.0461538461538
804  3647.0  0.0461538461538
805  3647.0  0.0461538461538
806  3647.0  0.0461538461538
807  3647.0  0.0461538461538
808  3647.0  0.0461538461538
809  3647.0  0.0461538461538
810  3647.0  0.0461538461538
811  3647.0  0.0461538461538
812  3647.0  0.0461538461538
813  3647.0  0.0461538461538
814  3647.0  0.0461538461538
815  3647.0  0.0461538461538
816  3647.0  0.0461538461538
817  3647.0  0.0461538461538
818  3647.0  0.0461538461538
819  3647.0  0.0461538461538
820  3647.0  0.0461538461538
821  3647.0  0.0461538461538
822  3647.0  0.0461538461538
823  3647.0  0.0461538461538
824  3647.0  0.0461538461538
825  3647.0  0.0461538461538
826  3647.0  0.0461538461538
827  3647.0  0.0461538461538
828  3647.0  0.0461538461538
829  3647.0  0.0461538461538
830  3647.0  0.0461538461538
831  3647.0  0.0461538461538
832  3647.0  0.0461538461538
833  3647.0  0.0461538461538
834  3647.0  0.0461538461538
835  3647.0  0.0461538461538
836  3647.0  0.0461538461538
837  3647.0  0.0461538461538
838  3647.0  0.0461538461538
839  3647.0  0.0461538461538
840  3647.0  0.0461538461538
841  3647.0  0.0461538461538
842  3647.0  0.0461538461538
843  3647.0  0.0461538461538
844  3647.0  0.0461538461538
845  3647.0  0.0461538461538
846  3647.0  0.0461538461538
847  3647.0  0.0461538461538
848  3647.0  0.0461538461538
849  3647.0  0.0461538461538
850  3647.0  0.0461538461538
851  3647.0  0.0461538461538
852  3647.0  0.0461538461538
853  3647.0  0.0461538461538
854  3647.0  0.0461538461538
855  3647.0  0.0461538461538
856  3647.0  0.0461538461538
857  3647.0  0.0461538461538
858  3647.0  0.0461538461538
859  3647.0  0.0461538461538
860  3647.0  0.0461538461538
861  3647.0  0.0461538461538
862  3647.0  0.0461538461538
863  3647.0  0.0461538461538
864  3647.0  0.0461538461538
865  3647.0  0.0461538461538
866  3647.0  0.0461538461538
867  3647.0  0.0461538461538
868  3647.0  0.0461538461538
869  3647.0  0.0461538461538
870  3647.0  0.0461538461538
871  3647.0  0.0461538461538
872  3647.0  0.0461538461538
873  3647.0  0.0461538461538
874  3647.0  0.0461538461538
875  3647.0  0.0461538461538
876  3647.0  0.0461538461538
877  3647.0  0.0461538461538
878  3647.0  0.0461538461538
879  3647.0  0.0461538461538
880  3647.0  0.0461538461538
881  3647.0  0.0461538461538
882  3647.0  0.0461538461538
883  3647.0  0.0461538461538
884  3647.0  0.0461538461538
885  3647.0  0.0461538461538
886  3647.0  0.0461538461538
887  3647.0  0.0461538461538
888  3647.0  0.0461538461538
889  3647.0  0.0461538461538
890  3647.0  0.0461538461538
891  3647.0  0.0461538461538
892  3647.0  0.0461538461538
893  3647.0  0.0461538461538
894  3647.0  0.0461538461538
895  3647.0  0.0461538461538
896  3647.0  0.0461538461538
897  3647.0  0.0461538461538
898  3647.0  0.0461538461538
899  3647.0  0.0461538461538
900  3647.0  0.0461538461538
901  3647.0  0.0461538461538
902  3647.0  0.0461538461538
903  3647.0  0.0461538461538
904  3647.0  0.0461538461538
905  3647.0  0.0461538461538
906  3647.0  0.0461538461538
907  3647.0  0.0461538461538
908  3647.0  0.0461538461538
909  3647.0  0.0461538461538
910  3647.0  0.0461538461538
911  3647.0  0.0461538461538
912  3647.0  0.0461538461538
913  3647.0  0.0461538461538
914  3647.0  0.0461538461538
915  3647.0  0.0461538461538
916  3647.0  0.0461538461538
917  3647.0  0.0461538461538
918  3647.0  0.0461538461538
919  3647.0  0.0461538461538
920  3647.0  0.0461538461538
921  3647.0  0.0461538461538
922  3647.0  0.0461538461538
923  3647.0  0.0461538461538
924  3647.0  0.0461538461538
925  3647.0  0.0461538461538
926  3647.0  0.0461538461538
927  3647.0  0.0461538461538
928  3647.0  0.0461538461538
929  3647.0  0.0461538461538
930  3647.0  0.0461538461538
931  3647.0  0.0461538461538
932  3647.0  0.0461538461538
933  3647.0  0.0461538461538
934  3647.0  0.0461538461538
935  3647.0  0.0461538461538
936  3647.0  0.0461538461538
937  3647.0  0.0461538461538
938  3647.0  0.0461538461538
939  3647.0  0.0461538461538
940  3647.0  0.0461538461538
941  3647.0  0.0461538461538
942  3647.0  0.0461538461538
943  3647.0  0.0461538461538
944  3647.0  0.0461538461538
945  3647.0  0.0461538461538
946  3647.0  0.0461538461538
947  3647.0  0.0461538461538
948  3647.0  0.0461538461538
949  3647.0  0.0461538461538
950  3647.0  0.0461538461538
951  3647.0  0.0461538461538
952  3647.0  0.0461538461538
953  3647.0  0.0461538461538
954  3647.0  0.0461538461538
955  3647.0  0.0461538461538
956  3647.0  0.0461538461538
957  3647.0  0.0461538461538
958  3647.0  0.0461538461538
959  3647.0  0.0461538461538
960  3647.0  0.0461538461538
961  3647.0  0.0461538461538
962  3647.0  0.0461538461538
963  3647.0  0.0461538461538
964  3647.0  0.0461538461538
965  3647.0  0.0461538461538
966  3647.0  0.0461538461538
967  3647.0  0.0461538461538
968  3647.0  0.0461538461538
969  3647.0  0.0461538461538
970  3647.0  0.0461538461538
971  3647.0  0.0461538461538
972  3647.0  0.0461538461538
973  3647.0  0.0461538461538
974  3647.0  0.0461538461538
975  3647.0  0.0461538461538
976  3647.0  0.0461538461538
977  3647.0  0.0461538461538
978  3647.0  0.0461538461538
979  3647.0  0.0461538461538
980  3647.0  0.0461538461538
981  3647.0  0.0461538461538
982  3647.0  0.0461538461538
983  3647.0  0.0461538461538
984  3647.0  0.0461538461538
985  3647.0  0.0461538461538
986  3647.0  0.0461538461538
987  3647.0  0.0461538461538
988  3647.0  0.0461538461538
989  3647.0  0.0461538461538
990  3647.0  0.0461538461538
991  3647.0  0.0461538461538
992  3647.0  0.0461538461538
993  3647.0  0.0461538461538
994  3647.0  0.0461538461538
995  3647.0  0.0461538461538
996  3647.0  0.0461538461538
997  3647.0  0.0461538461538
998  3647.0  0.0461538461538
999  3647.0  0.0461538461538
1000  3647.0  0.0461538461538
1001  3647.0  0.0461538461538
1002  3647.0  0.0461538461538
1003  3647.0  0.0461538461538
1004  3647.0  0.0461538461538
1005  3647.0  0.0461538461538
1006  3647.0  0.0461538461538
1007  3647.0  0.0461538461538
1008  3647.0  0.0461538461538
1009  3647.0  0.0461538461538
1010  3647.0  0.0461538461538
1011  3647.0  0.0461538461538
1012  3647.0  0.0461538461538
1013  3647.0  0.0461538461538
1014  3647.0  0.0461538461538
1015  3647.0  0.0461538461538
1016  3647.0  0.0461538461538
1017  3647.0  0.0461538461538
1018  3647.0  0.0461538461538
1019  3647.0  0.0461538461538
1020  3647.0  0.0461538461538
1021  3647.0  0.0461538461538
1022  3647.0  0.0461538461538
1023  3647.0  0.0461538461538
1024  3647.0  0.0461538461538
1025  3647.0  0.0461538461538
1026  3647.0  0.0461538461538
1027  3647.0  0.0461538461538
1028  3647.0  0.0461538461538
1029  3647.0  0.0461538461538
1030  3647.0  0.0461538461538
1031  3647.0  0.0461538461538
1032  3647.0  0.0461538461538
1033  3647.0  0.0461538461538
1034  3647.0  0.0461538461538
1035  3647.0  0.0461538461538
1036  3647.0  0.0461538461538
1037  3647.0  0.0461538461538
1038  3647.0  0.0461538461538
1039  3647.0  0.0461538461538
1040  3647.0  0.0461538461538
1041  3647.0  0.0461538461538
1042  3647.0  0.0461538461538
1043  3647.0  0.0461538461538
1044  3647.0  0.0461538461538
1045  3647.0  0.0461538461538
1046  3647.0  0.0461538461538
1047  3647.0  0.0461538461538
1048  3647.0  0.0461538461538
1049  3647.0  0.0461538461538
1050  3647.0  0.0461538461538
1051  3647.0  0.0461538461538
1052  3647.0  0.0461538461538
1053  3647.0  0.0461538461538
1054  3647.0  0.0461538461538
1055  3647.0  0.0461538461538
1056  3647.0  0.0461538461538
1057  3647.0  0.0461538461538
1058  3647.0  0.0461538461538
1059  3647.0  0.0461538461538
1060  3647.0  0.0461538461538
1061  3647.0  0.0461538461538
1062  3647.0  0.0461538461538
1063  3647.0  0.0461538461538
1064  3647.0  0.0461538461538
1065  3647.0  0.0461538461538
1066  3647.0  0.0461538461538
1067  3647.0  0.0461538461538
1068  3647.0  0.0461538461538
1069  3647.0  0.0461538461538
1070  3647.0  0.0461538461538
1071  3647.0  0.0461538461538
1072  3647.0  0.0461538461538
1073  3647.0  0.0461538461538
1074  3647.0  0.0461538461538
1075  3647.0  0.0461538461538
1076  3647.0  0.0461538461538
1077  3647.0  0.0461538461538
1078  3647.0  0.0461538461538
1079  3647.0  0.0461538461538
1080  3647.0  0.0461538461538
1081  3647.0  0.0461538461538
1082  3647.0  0.0461538461538
1083  3647.0  0.0461538461538
1084  3647.0  0.0461538461538
1085  3647.0  0.0461538461538
1086  3647.0  0.0461538461538
1087  3647.0  0.0461538461538
1088  3647.0  0.0461538461538
1089  3647.0  0.0461538461538
1090  3647.0  0.0461538461538
1091  3647.0  0.0461538461538
1092  3647.0  0.0461538461538
1093  3647.0  0.0461538461538
1094  3647.0  0.0461538461538
1095  3647.0  0.0461538461538
1096  3647.0  0.0461538461538
1097  3647.0  0.0461538461538
1098  3647.0  0.0461538461538
1099  3647.0  0.0461538461538
1100  3647.0  0.0461538461538
1101  3647.0  0.0461538461538
1102  3647.0  0.0461538461538
1103  3647.0  0.0461538461538
1104  3647.0  0.0461538461538
1105  3647.0  0.0461538461538
1106  3647.0  0.0461538461538
1107  3647.0  0.0461538461538
1108  3647.0  0.0461538461538
1109  3647.0  0.0461538461538
1110  3647.0  0.0461538461538
1111  3647.0  0.0461538461538
1112  3647.0  0.0461538461538
1113  3647.0  0.0461538461538
1114  3647.0  0.0461538461538
1115  3647.0  0.0461538461538
1116  3647.0  0.0461538461538
1117  3647.0  0.0461538461538
1118  3647.0  0.0461538461538
1119  3647.0  0.0461538461538
1120  3647.0  0.0461538461538
1121  3647.0  0.0461538461538
1122  3647.0  0.0461538461538
1123  3647.0  0.0461538461538
1124  3647.0  0.0461538461538
1125  3647.0  0.0461538461538
1126  3647.0  0.0461538461538
1127  3647.0  0.0461538461538
1128  3647.0  0.0461538461538
1129  3647.0  0.0461538461538
1130  3647.0  0.0461538461538
1131  3647.0  0.0461538461538
1132  3647.0  0.0461538461538
1133  3647.0  0.0461538461538
1134  3647.0  0.0461538461538
1135  3647.0  0.0461538461538
1136  3647.0  0.0461538461538
1137  3647.0  0.0461538461538
1138  3647.0  0.0461538461538
1139  3647.0  0.0461538461538
1140  3647.0  0.0461538461538
1141  3647.0  0.0461538461538
1142  3647.0  0.0461538461538
1143  3647.0  0.0461538461538
1144  3647.0  0.0461538461538
1145  3647.0  0.0461538461538
1146  3647.0  0.0461538461538
1147  3647.0  0.0461538461538
1148  3647.0  0.0461538461538
1149  3647.0  0.0461538461538
1150  3647.0  0.0461538461538
1151  3647.0  0.0461538461538
1152  3647.0  0.0461538461538
1153  3647.0  0.0461538461538
1154  3647.0  0.0461538461538
1155  3647.0  0.0461538461538
1156  3647.0  0.0461538461538
1157  3647.0  0.0461538461538
1158  3647.0  0.0461538461538
1159  3647.0  0.0461538461538
1160  3647.0  0.0461538461538
1161  3647.0  0.0461538461538
1162  3647.0  0.0461538461538
1163  3647.0  0.0461538461538
1164  3647.0  0.0461538461538
1165  3647.0  0.0461538461538
1166  3647.0  0.0461538461538
1167  3647.0  0.0461538461538
1168  3647.0  0.0461538461538
1169  3647.0  0.0461538461538
1170  3647.0  0.0461538461538
1171  3647.0  0.0461538461538
1172  3647.0  0.0461538461538
1173  3647.0  0.0461538461538
1174  3647.0  0.0461538461538
1175  3647.0  0.0461538461538
1176  3647.0  0.0461538461538
1177  3647.0  0.0461538461538
1178  3647.0  0.0461538461538
1179  3647.0  0.0461538461538
1180  3647.0  0.0461538461538
1181  3647.0  0.0461538461538
1182  3647.0  0.0461538461538
1183  3647.0  0.0461538461538
1184  3647.0  0.0461538461538
1185  3647.0  0.0461538461538
1186  3647.0  0.0461538461538
1187  3647.0  0.0461538461538
1188  3647.0  0.0461538461538
1189  3647.0  0.0461538461538
1190  3647.0  0.0461538461538
1191  3647.0  0.0461538461538
1192  3647.0  0.0461538461538
1193  3647.0  0.0461538461538
1194  3647.0  0.0461538461538
1195  3647.0  0.0461538461538
1196  3647.0  0.0461538461538
1197  3647.0  0.0461538461538
1198  3647.0  0.0461538461538
1199  3647.0  0.0461538461538
1200  3647.0  0.0461538461538
1201  3647.0  0.0461538461538
1202  3647.0  0.0461538461538
1203  3647.0  0.0461538461538
1204  3647.0  0.0461538461538
1205  3647.0  0.0461538461538
1206  3647.0  0.0461538461538
1207  3647.0  0.0461538461538
1208  3647.0  0.0461538461538
1209  3647.0  0.0461538461538
1210  3647.0  0.0461538461538
1211  3647.0  0.0461538461538
1212  3647.0  0.0461538461538
1213  3647.0  0.0461538461538
1214  3647.0  0.0461538461538
1215  3647.0  0.0461538461538
1216  3647.0  0.0461538461538
1217  3647.0  0.0461538461538
1218  3647.0  0.0461538461538
1219  3647.0  0.0461538461538
1220  3647.0  0.0461538461538
1221  3647.0  0.0461538461538
1222  3647.0  0.0461538461538
1223  3647.0  0.0461538461538
1224  3647.0  0.0461538461538
1225  3647.0  0.0461538461538
1226  3647.0  0.0461538461538
1227  3647.0  0.0461538461538
1228  3647.0  0.0461538461538
1229  3647.0  0.0461538461538
1230  3647.0  0.0461538461538
1231  3647.0  0.0461538461538
1232  3647.0  0.0461538461538
1233  3647.0  0.0461538461538
1234  3647.0  0.0461538461538
1235  3647.0  0.0461538461538
1236  3647.0  0.0461538461538
1237  3647.0  0.0461538461538
1238  3647.0  0.0461538461538
1239  3647.0  0.0461538461538
1240  3647.0  0.0461538461538
1241  3647.0  0.0461538461538
1242  3647.0  0.0461538461538
1243  3647.0  0.0461538461538
1244  3647.0  0.0461538461538
1245  3647.0  0.0461538461538
1246  3647.0  0.0461538461538
1247  3647.0  0.0461538461538
1248  3647.0  0.0461538461538
1249  3647.0  0.0461538461538
1250  3647.0  0.0461538461538
1251  3647.0  0.0461538461538
1252  3647.0  0.0461538461538
1253  3647.0  0.0461538461538
1254  3647.0  0.0461538461538
1255  3647.0  0.0461538461538
1256  3647.0  0.0461538461538
1257  3647.0  0.0461538461538
1258  3647.0  0.0461538461538
1259  3647.0  0.0461538461538
1260  3647.0  0.0461538461538
1261  3647.0  0.0461538461538
1262  3647.0  0.0461538461538
1263  3647.0  0.0461538461538
1264  3647.0  0.0461538461538
1265  3647.0  0.0461538461538
1266  3647.0  0.0461538461538
1267  3647.0  0.0461538461538
1268  3647.0  0.0461538461538
1269  3647.0  0.0461538461538
1270  3647.0  0.0461538461538
1271  3647.0  0.0461538461538
1272  3647.0  0.0461538461538
1273  3647.0  0.0461538461538
1274  3647.0  0.0461538461538
1275  3647.0  0.0461538461538
1276  3647.0  0.0461538461538
1277  3647.0  0.0461538461538
1278  3647.0  0.0461538461538
1279  3647.0  0.0461538461538
1280  3647.0  0.0461538461538
1281  3647.0  0.0461538461538
1282  3647.0  0.0461538461538
1283  3647.0  0.0461538461538
1284  3647.0  0.0461538461538
1285  3647.0  0.0461538461538
1286  3647.0  0.0461538461538
1287  3647.0  0.0461538461538
1288  3647.0  0.0461538461538
1289  3647.0  0.0461538461538
1290  3647.0  0.0461538461538
1291  3647.0  0.0461538461538
1292  3647.0  0.0461538461538
1293  3647.0  0.0461538461538
1294  3647.0  0.0461538461538
1295  3647.0  0.0461538461538
1296  3647.0  0.0461538461538
1297  3647.0  0.0461538461538
1298  3647.0  0.0461538461538
1299  3647.0  0.0461538461538
1300  3647.0  0.0461538461538
1301  3647.0  0.0461538461538
1302  3647.0  0.0461538461538
1303  3647.0  0.0461538461538
1304  3647.0  0.0461538461538
1305  3647.0  0.0461538461538
1306  3647.0  0.0461538461538
1307  3647.0  0.0461538461538
1308  3647.0  0.0461538461538
1309  3647.0  0.0461538461538
1310  3647.0  0.0461538461538
1311  3647.0  0.0461538461538
1312  3647.0  0.0461538461538
1313  3647.0  0.0461538461538
1314  3647.0  0.0461538461538
1315  3647.0  0.0461538461538
1316  3647.0  0.0461538461538
1317  3647.0  0.0461538461538
1318  3647.0  0.0461538461538
1319  3647.0  0.0461538461538
1320  3647.0  0.0461538461538
1321  3647.0  0.0461538461538
1322  3647.0  0.0461538461538
1323  3647.0  0.0461538461538
1324  3647.0  0.0461538461538
1325  3647.0  0.0461538461538
1326  3647.0  0.0461538461538
1327  3647.0  0.0461538461538
1328  3647.0  0.0461538461538
1329  3647.0  0.0461538461538
1330  3647.0  0.0461538461538
1331  3647.0  0.0461538461538
1332  3647.0  0.0461538461538
1333  3647.0  0.0461538461538
1334  3647.0  0.0461538461538
1335  3647.0  0.0461538461538
1336  3647.0  0.0461538461538
1337  3647.0  0.0461538461538
1338  3647.0  0.0461538461538
1339  3647.0  0.0461538461538
1340  3647.0  0.0461538461538
1341  3647.0  0.0461538461538
1342  3647.0  0.0461538461538
1343  3647.0  0.0461538461538
1344  3647.0  0.0461538461538
1345  3647.0  0.0461538461538
1346  3647.0  0.0461538461538
1347  3647.0  0.0461538461538
1348  3647.0  0.0461538461538
1349  3647.0  0.0461538461538
1350  3647.0  0.0461538461538
1351  3647.0  0.0461538461538
1352  3647.0  0.0461538461538
1353  3647.0  0.0461538461538
1354  3647.0  0.0461538461538
1355  3647.0  0.0461538461538
1356  3647.0  0.0461538461538
1357  3647.0  0.0461538461538
1358  3647.0  0.0461538461538
1359  3647.0  0.0461538461538
1360  3647.0  0.0461538461538
1361  3647.0  0.0461538461538
1362  3647.0  0.0461538461538
1363  3647.0  0.0461538461538
1364  3647.0  0.0461538461538
1365  3647.0  0.0461538461538
1366  3647.0  0.0461538461538
1367  3647.0  0.0461538461538
1368  3647.0  0.0461538461538
1369  3647.0  0.0461538461538
1370  3647.0  0.0461538461538
1371  3647.0  0.0461538461538
1372  3647.0  0.0461538461538
1373  3647.0  0.0461538461538
1374  3647.0  0.0461538461538
1375  3647.0  0.0461538461538
1376  3647.0  0.0461538461538
1377  3647.0  0.0461538461538
1378  3647.0  0.0461538461538
1379  3647.0  0.0461538461538
1380  3647.0  0.0461538461538
1381  3647.0  0.0461538461538
1382  3647.0  0.0461538461538
1383  3647.0  0.0461538461538
1384  3647.0  0.0461538461538
1385  3647.0  0.0461538461538
1386  3647.0  0.0461538461538
1387  3647.0  0.0461538461538
1388  3647.0  0.0461538461538
1389  3647.0  0.0461538461538
1390  3647.0  0.0461538461538
1391  3647.0  0.0461538461538
1392  3647.0  0.0461538461538
1393  3647.0  0.0461538461538
1394  3647.0  0.0461538461538
1395  3647.0  0.0461538461538
1396  3647.0  0.0461538461538
1397  3647.0  0.0461538461538
1398  3647.0  0.0461538461538
1399  3647.0  0.0461538461538
1400  3647.0  0.0461538461538
1401  3647.0  0.0461538461538
1402  3647.0  0.0461538461538
1403  3647.0  0.0461538461538
1404  3647.0  0.0461538461538
1405  3647.0  0.0461538461538
1406  3647.0  0.0461538461538
1407  3647.0  0.0461538461538
1408  3647.0  0.0461538461538
1409  3647.0  0.0461538461538
1410  3647.0  0.0461538461538
1411  3647.0  0.0461538461538
1412  3647.0  0.0461538461538
1413  3647.0  0.0461538461538
1414  3647.0  0.0461538461538
1415  3647.0  0.0461538461538
1416  3647.0  0.0461538461538
1417  3647.0  0.0461538461538
1418  3647.0  0.0461538461538
1419  3647.0  0.0461538461538
1420  3647.0  0.0461538461538
1421  3647.0  0.0461538461538
1422  3647.0  0.0461538461538
1423  3647.0  0.0461538461538
1424  3647.0  0.0461538461538
1425  3647.0  0.0461538461538
1426  3647.0  0.0461538461538
1427  3647.0  0.0461538461538
1428  3647.0  0.0461538461538
1429  3647.0  0.0461538461538
1430  3647.0  0.0461538461538
1431  3647.0  0.0461538461538
1432  3647.0  0.0461538461538
1433  3647.0  0.0461538461538
1434  3647.0  0.0461538461538
1435  3647.0  0.0461538461538
1436  3647.0  0.0461538461538
1437  3647.0  0.0461538461538
1438  3647.0  0.0461538461538
1439  3647.0  0.0461538461538
1440  3647.0  0.0461538461538
1441  3647.0  0.0461538461538
1442  3647.0  0.0461538461538
1443  3647.0  0.0461538461538
1444  3647.0  0.0461538461538
1445  3647.0  0.0461538461538
1446  3647.0  0.0461538461538
1447  3647.0  0.0461538461538
1448  3647.0  0.0461538461538
1449  3647.0  0.0461538461538
1450  3647.0  0.0461538461538
1451  3647.0  0.0461538461538
1452  3647.0  0.0461538461538
1453  3647.0  0.0461538461538
1454  3647.0  0.0461538461538
1455  3647.0  0.0461538461538
1456  3647.0  0.0461538461538
1457  3647.0  0.0461538461538
1458  3647.0  0.0461538461538
1459  3647.0  0.0461538461538
1460  3647.0  0.0461538461538
1461  3647.0  0.0461538461538
1462  3647.0  0.0461538461538
1463  3647.0  0.0461538461538
1464  3647.0  0.0461538461538
1465  3647.0  0.0461538461538
1466  3647.0  0.0461538461538
1467  3647.0  0.0461538461538
1468  3647.0  0.0461538461538
1469  3647.0  0.0461538461538
1470  3647.0  0.0461538461538
1471  3647.0  0.0461538461538
1472  3647.0  0.0461538461538
1473  3647.0  0.0461538461538
1474  3647.0  0.0461538461538
1475  3647.0  0.0461538461538
1476  3647.0  0.0461538461538
1477  3647.0  0.0461538461538
1478  3647.0  0.0461538461538
1479  3647.0  0.0461538461538
1480  3647.0  0.0461538461538
1481  3647.0  0.0461538461538
1482  3647.0  0.0461538461538
1483  3647.0  0.0461538461538
1484  3647.0  0.0461538461538
1485  3647.0  0.0461538461538
1486  3647.0  0.0461538461538
1487  3647.0  0.0461538461538
1488  3647.0  0.0461538461538
1489  3647.0  0.0461538461538
1490  3647.0  0.0461538461538
1491  3647.0  0.0461538461538
1492  3647.0  0.0461538461538
1493  3647.0  0.0461538461538
1494  3647.0  0.0461538461538
1495  3647.0  0.0461538461538
1496  3647.0  0.0461538461538
1497  3647.0  0.0461538461538
1498  3647.0  0.0461538461538
1499  3647.0  0.0461538461538
1500  3647.0  0.0461538461538
1501  3647.0  0.0461538461538
1502  3647.0  0.0461538461538
1503  3647.0  0.0461538461538
1504  3647.0  0.0461538461538
1505  3647.0  0.0461538461538
1506  3647.0  0.0461538461538
1507  3647.0  0.0461538461538
1508  3647.0  0.0461538461538
1509  3647.0  0.0461538461538
1510  3647.0  0.0461538461538
1511  3647.0  0.0461538461538
1512  3647.0  0.0461538461538
1513  3647.0  0.0461538461538
1514  3647.0  0.0461538461538
1515  3647.0  0.0461538461538
1516  3647.0  0.0461538461538
1517  3647.0  0.0461538461538
1518  3647.0  0.0461538461538
1519  3647.0  0.0461538461538
1520  3647.0  0.0461538461538
1521  3647.0  0.0461538461538
1522  3647.0  0.0461538461538
1523  3647.0  0.0461538461538
1524  3647.0  0.0461538461538
1525  3647.0  0.0461538461538
1526  3647.0  0.0461538461538
1527  3647.0  0.0461538461538
1528  3647.0  0.0461538461538
1529  3647.0  0.0461538461538
1530  3647.0  0.0461538461538
1531  3647.0  0.0461538461538
1532  3647.0  0.0461538461538
1533  3647.0  0.0461538461538
1534  3647.0  0.0461538461538
1535  3647.0  0.0461538461538
1536  3647.0  0.0461538461538
1537  3647.0  0.0461538461538
1538  3647.0  0.0461538461538
1539  3647.0  0.0461538461538
1540  3647.0  0.0461538461538
1541  3647.0  0.0461538461538
1542  3647.0  0.0461538461538
1543  3647.0  0.0461538461538
1544  3647.0  0.0461538461538
1545  3647.0  0.0461538461538
1546  3647.0  0.0461538461538
1547  3647.0  0.0461538461538
1548  3647.0  0.0461538461538
1549  3647.0  0.0461538461538
1550  3647.0  0.0461538461538
1551  3647.0  0.0461538461538
1552  3647.0  0.0461538461538
1553  3647.0  0.0461538461538
1554  3647.0  0.0461538461538
1555  3647.0  0.0461538461538
1556  3647.0  0.0461538461538
1557  3647.0  0.0461538461538
1558  3647.0  0.0461538461538
1559  3647.0  0.0461538461538
1560  3647.0  0.0461538461538
1561  3647.0  0.0461538461538
1562  3647.0  0.0461538461538
1563  3647.0  0.0461538461538
1564  3647.0  0.0461538461538
1565  3647.0  0.0461538461538
1566  3647.0  0.0461538461538
1567  3647.0  0.0461538461538
1568  3647.0  0.0461538461538
1569  3647.0  0.0461538461538
1570  3647.0  0.0461538461538
1571  3647.0  0.0461538461538
1572  3647.0  0.0461538461538
1573  3647.0  0.0461538461538
1574  3647.0  0.0461538461538
1575  3647.0  0.0461538461538
1576  3647.0  0.0461538461538
1577  3647.0  0.0461538461538
1578  3647.0  0.0461538461538
1579  3647.0  0.0461538461538
1580  3647.0  0.0461538461538
1581  3647.0  0.0461538461538
1582  3647.0  0.0461538461538
1583  3647.0  0.0461538461538
1584  3647.0  0.0461538461538
1585  3647.0  0.0461538461538
1586  3647.0  0.0461538461538
1587  3647.0  0.0461538461538
1588  3647.0  0.0461538461538
1589  3647.0  0.0461538461538
1590  3647.0  0.0461538461538
1591  3647.0  0.0461538461538
1592  3647.0  0.0461538461538
1593  3647.0  0.0461538461538
1594  3647.0  0.0461538461538
1595  3647.0  0.0461538461538
1596  3647.0  0.0461538461538
1597  3647.0  0.0461538461538
1598  3647.0  0.0461538461538
1599  3647.0  0.0461538461538
1600  3647.0  0.0461538461538
1601  3647.0  0.0461538461538
1602  3647.0  0.0461538461538
1603  3647.0  0.0461538461538
1604  3647.0  0.0461538461538
1605  3647.0  0.0461538461538
1606  3647.0  0.0461538461538
1607  3647.0  0.0461538461538
1608  3647.0  0.0461538461538
1609  3647.0  0.0461538461538
1610  3647.0  0.0461538461538
1611  3647.0  0.0461538461538
1612  3647.0  0.0461538461538
1613  3647.0  0.0461538461538
1614  3647.0  0.0461538461538
1615  3647.0  0.0461538461538
1616  3647.0  0.0461538461538
1617  3647.0  0.0461538461538
1618  3647.0  0.0461538461538
1619  3647.0  0.0461538461538
1620  3647.0  0.0461538461538
1621  3647.0  0.0461538461538
1622  3647.0  0.0461538461538
1623  3647.0  0.0461538461538
1624  3647.0  0.0461538461538
1625  3647.0  0.0461538461538
1626  3647.0  0.0461538461538
1627  3647.0  0.0461538461538
1628  3647.0  0.0461538461538
1629  3647.0  0.0461538461538
1630  3647.0  0.0461538461538
1631  3647.0  0.0461538461538
1632  3647.0  0.0461538461538
1633  3647.0  0.0461538461538
1634  3647.0  0.0461538461538
1635  3647.0  0.0461538461538
1636  3647.0  0.0461538461538
1637  3647.0  0.0461538461538
1638  3647.0  0.0461538461538
1639  3647.0  0.0461538461538
1640  3647.0  0.0461538461538
1641  3647.0  0.0461538461538
1642  3647.0  0.0461538461538
1643  3647.0  0.0461538461538
1644  3647.0  0.0461538461538
1645  3647.0  0.0461538461538
1646  3647.0  0.0461538461538
1647  3647.0  0.0461538461538
1648  3647.0  0.0461538461538
1649  3647.0  0.0461538461538
1650  3647.0  0.0461538461538
1651  3647.0  0.0461538461538
1652  3647.0  0.0461538461538
1653  3647.0  0.0461538461538
1654  3647.0  0.0461538461538
1655  3647.0  0.0461538461538
1656  3647.0  0.0461538461538
1657  3647.0  0.0461538461538
1658  3647.0  0.0461538461538
1659  3647.0  0.0461538461538
1660  3647.0  0.0461538461538
1661  3647.0  0.0461538461538
1662  3647.0  0.0461538461538
1663  3647.0  0.0461538461538
1664  3647.0  0.0461538461538
1665  3647.0  0.0461538461538
1666  3647.0  0.0461538461538
1667  3647.0  0.0461538461538
1668  3647.0  0.0461538461538
1669  3647.0  0.0461538461538
1670  3647.0  0.0461538461538
1671  3647.0  0.0461538461538
1672  3647.0  0.0461538461538
1673  3647.0  0.0461538461538
1674  3647.0  0.0461538461538
1675  3647.0  0.0461538461538
1676  3647.0  0.0461538461538
1677  3647.0  0.0461538461538
1678  3647.0  0.0461538461538
1679  3647.0  0.0461538461538
1680  3647.0  0.0461538461538
1681  3647.0  0.0461538461538
1682  3647.0  0.0461538461538
1683  3647.0  0.0461538461538
1684  3647.0  0.0461538461538
1685  3647.0  0.0461538461538
1686  3647.0  0.0461538461538
1687  3647.0  0.0461538461538
1688  3647.0  0.0461538461538
1689  3647.0  0.0461538461538
1690  3647.0  0.0461538461538
1691  3647.0  0.0461538461538
1692  3647.0  0.0461538461538
1693  3647.0  0.0461538461538
1694  3647.0  0.0461538461538
1695  3647.0  0.0461538461538
1696  3647.0  0.0461538461538
1697  3647.0  0.0461538461538
1698  3647.0  0.0461538461538
1699  3647.0  0.0461538461538
1700  3647.0  0.0461538461538
1701  3647.0  0.0461538461538
1702  3647.0  0.0461538461538
1703  3647.0  0.0461538461538
1704  3647.0  0.0461538461538
1705  3647.0  0.0461538461538
1706  3647.0  0.0461538461538
1707  3647.0  0.0461538461538
1708  3647.0  0.0461538461538
1709  3647.0  0.0461538461538
1710  3647.0  0.0461538461538
1711  3647.0  0.0461538461538
1712  3647.0  0.0461538461538
1713  3647.0  0.0461538461538
1714  3647.0  0.0461538461538
1715  3647.0  0.0461538461538
1716  3647.0  0.0461538461538
1717  3647.0  0.0461538461538
1718  3647.0  0.0461538461538
1719  3647.0  0.0461538461538
1720  3647.0  0.0461538461538
1721  3647.0  0.0461538461538
1722  3647.0  0.0461538461538
1723  3647.0  0.0461538461538
1724  3647.0  0.0461538461538
1725  3647.0  0.0461538461538
1726  3647.0  0.0461538461538
1727  3647.0  0.0461538461538
1728  3647.0  0.0461538461538
1729  3647.0  0.0461538461538
1730  3647.0  0.0461538461538
1731  3647.0  0.0461538461538
1732  3647.0  0.0461538461538
1733  3647.0  0.0461538461538
1734  3647.0  0.0461538461538
1735  3647.0  0.0461538461538
1736  3647.0  0.0461538461538
1737  3647.0  0.0461538461538
1738  3647.0  0.0461538461538
1739  3647.0  0.0461538461538
1740  3647.0  0.0461538461538
1741  3647.0  0.0461538461538
1742  3647.0  0.0461538461538
1743  3647.0  0.0461538461538
1744  3647.0  0.0461538461538
1745  3647.0  0.0461538461538
1746  3647.0  0.0461538461538
1747  3647.0  0.0461538461538
1748  3647.0  0.0461538461538
1749  3647.0  0.0461538461538
1750  3647.0  0.0461538461538
1751  3647.0  0.0461538461538
1752  3647.0  0.0461538461538
1753  3647.0  0.0461538461538
1754  3647.0  0.0461538461538
1755  3647.0  0.0461538461538
1756  3647.0  0.0461538461538
1757  3647.0  0.0461538461538
1758  3647.0  0.0461538461538
1759  3647.0  0.0461538461538
1760  3647.0  0.0461538461538
1761  3647.0  0.0461538461538
1762  3647.0  0.0461538461538
1763  3647.0  0.0461538461538
1764  3647.0  0.0461538461538
1765  3647.0  0.0461538461538
1766  3647.0  0.0461538461538
1767  3647.0  0.0461538461538
1768  3647.0  0.0461538461538
1769  3647.0  0.0461538461538
1770  3647.0  0.0461538461538
1771  3647.0  0.0461538461538
1772  3647.0  0.0461538461538
1773  3647.0  0.0461538461538
1774  3647.0  0.0461538461538
1775  3647.0  0.0461538461538
1776  3647.0  0.0461538461538
1777  3647.0  0.0461538461538
1778  3647.0  0.0461538461538
1779  3647.0  0.0461538461538
1780  3647.0  0.0461538461538
1781  3647.0  0.0461538461538
1782  3647.0  0.0461538461538
1783  3647.0  0.0461538461538
1784  3647.0  0.0461538461538
1785  3647.0  0.0461538461538
1786  3647.0  0.0461538461538
1787  3647.0  0.0461538461538
1788  3647.0  0.0461538461538
1789  3647.0  0.0461538461538
1790  3647.0  0.0461538461538
1791  3647.0  0.0461538461538
1792  3647.0  0.0461538461538
1793  3647.0  0.0461538461538
1794  3647.0  0.0461538461538
1795  3647.0  0.0461538461538
1796  3647.0  0.0461538461538
1797  3647.0  0.0461538461538
1798  3647.0  0.0461538461538
1799  3647.0  0.0461538461538
1800  3647.0  0.0461538461538
1801  3647.0  0.0461538461538
1802  3647.0  0.0461538461538
1803  3647.0  0.0461538461538
1804  3647.0  0.0461538461538
1805  3647.0  0.0461538461538
1806  3647.0  0.0461538461538
1807  3647.0  0.0461538461538
1808  3647.0  0.0461538461538
1809  3647.0  0.0461538461538
1810  3647.0  0.0461538461538
1811  3647.0  0.0461538461538
1812  3647.0  0.0461538461538
1813  3647.0  0.0461538461538
1814  3647.0  0.0461538461538
1815  3647.0  0.0461538461538
1816  3647.0  0.0461538461538
1817  3647.0  0.0461538461538
1818  3647.0  0.0461538461538
1819  3647.0  0.0461538461538
1820  3647.0  0.0461538461538
1821  3647.0  0.0461538461538
1822  3647.0  0.0461538461538
1823  3647.0  0.0461538461538
1824  3647.0  0.0461538461538
1825  3647.0  0.0461538461538
1826  3647.0  0.0461538461538
1827  3647.0  0.0461538461538
1828  3647.0  0.0461538461538
1829  3647.0  0.0461538461538
1830  3647.0  0.0461538461538
1831  3647.0  0.0461538461538
1832  3647.0  0.0461538461538
1833  3647.0  0.0461538461538
1834  3647.0  0.0461538461538
1835  3647.0  0.0461538461538
1836  3647.0  0.0461538461538
1837  3647.0  0.0461538461538
1838  3647.0  0.0461538461538
1839  3647.0  0.0461538461538
1840  3647.0  0.0461538461538
1841  3647.0  0.0461538461538
1842  3647.0  0.0461538461538
1843  3647.0  0.0461538461538
1844  3647.0  0.0461538461538
1845  3647.0  0.0461538461538
1846  3647.0  0.0461538461538
1847  3647.0  0.0461538461538
1848  3647.0  0.0461538461538
1849  3647.0  0.0461538461538
1850  3647.0  0.0461538461538
1851  3647.0  0.0461538461538
1852  3647.0  0.0461538461538
1853  3647.0  0.0461538461538
1854  3647.0  0.0461538461538
1855  3647.0  0.0461538461538
1856  3647.0  0.0461538461538
1857  3647.0  0.0461538461538
1858  3647.0  0.0461538461538
1859  3647.0  0.0461538461538
1860  3647.0  0.0461538461538
1861  3647.0  0.0461538461538
1862  3647.0  0.0461538461538
1863  3647.0  0.0461538461538
1864  3647.0  0.0461538461538
1865  3647.0  0.0461538461538
1866  3647.0  0.0461538461538
1867  3647.0  0.0461538461538
1868  3647.0  0.0461538461538
1869  3647.0  0.0461538461538
1870  3647.0  0.0461538461538
1871  3647.0  0.0461538461538
1872  3647.0  0.0461538461538
1873  3647.0  0.0461538461538
1874  3647.0  0.0461538461538
1875  3647.0  0.0461538461538
1876  3647.0  0.0461538461538
1877  3647.0  0.0461538461538
1878  3647.0  0.0461538461538
1879  3647.0  0.0461538461538
1880  3647.0  0.0461538461538
1881  3647.0  0.0461538461538
1882  3647.0  0.0461538461538
1883  3647.0  0.0461538461538
1884  3647.0  0.0461538461538
1885  3647.0  0.0461538461538
1886  3647.0  0.0461538461538
1887  3647.0  0.0461538461538
1888  3647.0  0.0461538461538
1889  3647.0  0.0461538461538
1890  3647.0  0.0461538461538
1891  3647.0  0.0461538461538
1892  3647.0  0.0461538461538
1893  3647.0  0.0461538461538
1894  3647.0  0.0461538461538
1895  3647.0  0.0461538461538
1896  3647.0  0.0461538461538
1897  3647.0  0.0461538461538
1898  3647.0  0.0461538461538
1899  3647.0  0.0461538461538
1900  3647.0  0.0461538461538
1901  3647.0  0.0461538461538
1902  3647.0  0.0461538461538
1903  3647.0  0.0461538461538
1904  3647.0  0.0461538461538
1905  3647.0  0.0461538461538
1906  3647.0  0.0461538461538
1907  3647.0  0.0461538461538
1908  3647.0  0.0461538461538
1909  3647.0  0.0461538461538
1910  3647.0  0.0461538461538
1911  3647.0  0.0461538461538
1912  3647.0  0.0461538461538
1913  3647.0  0.0461538461538
1914  3647.0  0.0461538461538
1915  3647.0  0.0461538461538
1916  3647.0  0.0461538461538
1917  3647.0  0.0461538461538
1918  3647.0  0.0461538461538
1919  3647.0  0.0461538461538
1920  3647.0  0.0461538461538
1921  3647.0  0.0461538461538
1922  3647.0  0.0461538461538
1923  3647.0  0.0461538461538
1924  3647.0  0.0461538461538
1925  3647.0  0.0461538461538
1926  3647.0  0.0461538461538
1927  3647.0  0.0461538461538
1928  3647.0  0.0461538461538
1929  3647.0  0.0461538461538
1930  3647.0  0.0461538461538
1931  3647.0  0.0461538461538
1932  3647.0  0.0461538461538
1933  3647.0  0.0461538461538
1934  3647.0  0.0461538461538
1935  3647.0  0.0461538461538
1936  3647.0  0.0461538461538
1937  3647.0  0.0461538461538
1938  3647.0  0.0461538461538
1939  3647.0  0.0461538461538
1940  3647.0  0.0461538461538
1941  3647.0  0.0461538461538
1942  3647.0  0.0461538461538
1943  3647.0  0.0461538461538
1944  3647.0  0.0461538461538
1945  3647.0  0.0461538461538
1946  3647.0  0.0461538461538
1947  3647.0  0.0461538461538
1948  3647.0  0.0461538461538
1949  3647.0  0.0461538461538
1950  3647.0  0.0461538461538
1951  3647.0  0.0461538461538
1952  3647.0  0.0461538461538
1953  3647.0  0.0461538461538
1954  3647.0  0.0461538461538
1955  3647.0  0.0461538461538
1956  3647.0  0.0461538461538
1957  3647.0  0.0461538461538
1958  3647.0  0.0461538461538
1959  3647.0  0.0461538461538
1960  3647.0  0.0461538461538
1961  3647.0  0.0461538461538
1962  3647.0  0.0461538461538
1963  3647.0  0.0461538461538
1964  3647.0  0.0461538461538
1965  3647.0  0.0461538461538
1966  3647.0  0.0461538461538
1967  3647.0  0.0461538461538
1968  3647.0  0.0461538461538
1969  3647.0  0.0461538461538
1970  3647.0  0.0461538461538
1971  3647.0  0.0461538461538
1972  3647.0  0.0461538461538
1973  3647.0  0.0461538461538
1974  3647.0  0.0461538461538
1975  3647.0  0.0461538461538
1976  3647.0  0.0461538461538
1977  3647.0  0.0461538461538
1978  3647.0  0.0461538461538
1979  3647.0  0.0461538461538
1980  3647.0  0.0461538461538
1981  3647.0  0.0461538461538
1982  3647.0  0.0461538461538
1983  3647.0  0.0461538461538
1984  3647.0  0.0461538461538
1985  3647.0  0.0461538461538
1986  3647.0  0.0461538461538
1987  3647.0  0.0461538461538
1988  3647.0  0.0461538461538
1989  3647.0  0.0461538461538
1990  3647.0  0.0461538461538
1991  3647.0  0.0461538461538
1992  3647.0  0.0461538461538
1993  3647.0  0.0461538461538
1994  3647.0  0.0461538461538
1995  3647.0  0.0461538461538
1996  3647.0  0.0461538461538
1997  3647.0  0.0461538461538
1998  3647.0  0.0461538461538
1999  3647.0  0.0461538461538
2000  3647.0  0.0461538461538
2001  3647.0  0.0461538461538
2002  3647.0  0.0461538461538
2003  3647.0  0.0461538461538
2004  3647.0  0.0461538461538
2005  3647.0  0.0461538461538
2006  3647.0  0.0461538461538
2007  3647.0  0.0461538461538
2008  3647.0  0.0461538461538
2009  3647.0  0.0461538461538
2010  3647.0  0.0461538461538
2011  3647.0  0.0461538461538
2012  3647.0  0.0461538461538
2013  3647.0  0.0461538461538
2014  3647.0  0.0461538461538
2015  3647.0  0.0461538461538
2016  3647.0  0.0461538461538
2017  3647.0  0.0461538461538
2018  3647.0  0.0461538461538
2019  3647.0  0.0461538461538
2020  3647.0  0.0461538461538
2021  3647.0  0.0461538461538
2022  3647.0  0.0461538461538
2023  3647.0  0.0461538461538
2024  3647.0  0.0461538461538
2025  3647.0  0.0461538461538
2026  3647.0  0.0461538461538
2027  3647.0  0.0461538461538
2028  3647.0  0.0461538461538
2029  3647.0  0.0461538461538
2030  3647.0  0.0461538461538
2031  3647.0  0.0461538461538
2032  3647.0  0.0461538461538
2033  3647.0  0.0461538461538
2034  3647.0  0.0461538461538
2035  3647.0  0.0461538461538
2036  3647.0  0.0461538461538
2037  3647.0  0.0461538461538
2038  3647.0  0.0461538461538
2039  3647.0  0.0461538461538
2040  3647.0  0.0461538461538
2041  3647.0  0.0461538461538
2042  3647.0  0.0461538461538
2043  3647.0  0.0461538461538
2044  3647.0  0.0461538461538
2045  3647.0  0.0461538461538
2046  3647.0  0.0461538461538
2047  3647.0  0.0461538461538
2048  3647.0  0.0461538461538
2049  3647.0  0.0461538461538
2050  3647.0  0.0461538461538
2051  3647.0  0.0461538461538
2052  3647.0  0.0461538461538
2053  3647.0  0.0461538461538
2054  3647.0  0.0461538461538
2055  3647.0  0.0461538461538
2056  3647.0  0.0461538461538
2057  3647.0  0.0461538461538
2058  3647.0  0.0461538461538
2059  3647.0  0.0461538461538
2060  3647.0  0.0461538461538
2061  3647.0  0.0461538461538
2062  3647.0  0.0461538461538
2063  3647.0  0.0461538461538
2064  3647.0  0.0461538461538
2065  3647.0  0.0461538461538
2066  3647.0  0.0461538461538
2067  3647.0  0.0461538461538
2068  3647.0  0.0461538461538
2069  3647.0  0.0461538461538
2070  3647.0  0.0461538461538
2071  3647.0  0.0461538461538
2072  3647.0  0.0461538461538
2073  3647.0  0.0461538461538
2074  3647.0  0.0461538461538
2075  3647.0  0.0461538461538
2076  3647.0  0.0461538461538
2077  3647.0  0.0461538461538
2078  3647.0  0.0461538461538
2079  3647.0  0.0461538461538
2080  3647.0  0.0461538461538
2081  3647.0  0.0461538461538
2082  3647.0  0.0461538461538
2083  3647.0  0.0461538461538
2084  3647.0  0.0461538461538
2085  3647.0  0.0461538461538
2086  3647.0  0.0461538461538
2087  3647.0  0.0461538461538
2088  3647.0  0.0461538461538
2089  3647.0  0.0461538461538
2090  3647.0  0.0461538461538
2091  3647.0  0.0461538461538
2092  3647.0  0.0461538461538
2093  3647.0  0.0461538461538
2094  3647.0  0.0461538461538
2095  3647.0  0.0461538461538
2096  3647.0  0.0461538461538
2097  3647.0  0.0461538461538
2098  3647.0  0.0461538461538
2099  3647.0  0.0461538461538
2100  3647.0  0.0461538461538
2101  3647.0  0.0461538461538
2102  3647.0  0.0461538461538
2103  3647.0  0.0461538461538
2104  3647.0  0.0461538461538
2105  3647.0  0.0461538461538
2106  3647.0  0.0461538461538
2107  3647.0  0.0461538461538
2108  3647.0  0.0461538461538
2109  3647.0  0.0461538461538
2110  3647.0  0.0461538461538
2111  3647.0  0.0461538461538
2112  3647.0  0.0461538461538
2113  3647.0  0.0461538461538
2114  3647.0  0.0461538461538
2115  3647.0  0.0461538461538
2116  3647.0  0.0461538461538
2117  3647.0  0.0461538461538
2118  3647.0  0.0461538461538
2119  3647.0  0.0461538461538
2120  3647.0  0.0461538461538
2121  3647.0  0.0461538461538
2122  3647.0  0.0461538461538
2123  3647.0  0.0461538461538
2124  3647.0  0.0461538461538
2125  3647.0  0.0461538461538
2126  3647.0  0.0461538461538
2127  3647.0  0.0461538461538
2128  3647.0  0.0461538461538
2129  3647.0  0.0461538461538
2130  3647.0  0.0461538461538
2131  3647.0  0.0461538461538
2132  3647.0  0.0461538461538
2133  3647.0  0.0461538461538
2134  3647.0  0.0461538461538
2135  3647.0  0.0461538461538
2136  3647.0  0.0461538461538
2137  3647.0  0.0461538461538
2138  3647.0  0.0461538461538
2139  3647.0  0.0461538461538
2140  3647.0  0.0461538461538
2141  3647.0  0.0461538461538
2142  3647.0  0.0461538461538
2143  3647.0  0.0461538461538
2144  3647.0  0.0461538461538
2145  3647.0  0.0461538461538
2146  3647.0  0.0461538461538
2147  3647.0  0.0461538461538
2148  3647.0  0.0461538461538
2149  3647.0  0.0461538461538
2150  3647.0  0.0461538461538
2151  3647.0  0.0461538461538
2152  3647.0  0.0461538461538
2153  3647.0  0.0461538461538
2154  3647.0  0.0461538461538
2155  3647.0  0.0461538461538
2156  3647.0  0.0461538461538
2157  3647.0  0.0461538461538
2158  3647.0  0.0461538461538
2159  3647.0  0.0461538461538
2160  3647.0  0.0461538461538
2161  3647.0  0.0461538461538
2162  3647.0  0.0461538461538
2163  3647.0  0.0461538461538
2164  3647.0  0.0461538461538
2165  3647.0  0.0461538461538
2166  3647.0  0.0461538461538
2167  3647.0  0.0461538461538
2168  3647.0  0.0461538461538
2169  3647.0  0.0461538461538
2170  3647.0  0.0461538461538
2171  3647.0  0.0461538461538
2172  3647.0  0.0461538461538
2173  3647.0  0.0461538461538
2174  3647.0  0.0461538461538
2175  3647.0  0.0461538461538
2176  3647.0  0.0461538461538
2177  3647.0  0.0461538461538
2178  3647.0  0.0461538461538
2179  3647.0  0.0461538461538
2180  3647.0  0.0461538461538
2181  3647.0  0.0461538461538
2182  3647.0  0.0461538461538
2183  3647.0  0.0461538461538
2184  3647.0  0.0461538461538
2185  3647.0  0.0461538461538
2186  3647.0  0.0461538461538
2187  3647.0  0.0461538461538
2188  3647.0  0.0461538461538
2189  3647.0  0.0461538461538
2190  3647.0  0.0461538461538
2191  3647.0  0.0461538461538
2192  3647.0  0.0461538461538
2193  3647.0  0.0461538461538
2194  3647.0  0.0461538461538
2195  3647.0  0.0461538461538
2196  3647.0  0.0461538461538
2197  3647.0  0.0461538461538
2198  3647.0  0.0461538461538
2199  3647.0  0.0461538461538
2200  3647.0  0.0461538461538
2201  3647.0  0.0461538461538
2202  3647.0  0.0461538461538
2203  3647.0  0.0461538461538
2204  3647.0  0.0461538461538
2205  3647.0  0.0461538461538
2206  3647.0  0.0461538461538
2207  3647.0  0.0461538461538
2208  3647.0  0.0461538461538
2209  3647.0  0.0461538461538
2210  3647.0  0.0461538461538
2211  3647.0  0.0461538461538
2212  3647.0  0.0461538461538
2213  3647.0  0.0461538461538
2214  3647.0  0.0461538461538
2215  3647.0  0.0461538461538
2216  3647.0  0.0461538461538
2217  3647.0  0.0461538461538
2218  3647.0  0.0461538461538
2219  3647.0  0.0461538461538
2220  3647.0  0.0461538461538
2221  3647.0  0.0461538461538
2222  3647.0  0.0461538461538
2223  3647.0  0.0461538461538
2224  3647.0  0.0461538461538
2225  3647.0  0.0461538461538
2226  3647.0  0.0461538461538
2227  3647.0  0.0461538461538
2228  3647.0  0.0461538461538
2229  3647.0  0.0461538461538
2230  3647.0  0.0461538461538
2231  3647.0  0.0461538461538
2232  3647.0  0.0461538461538
2233  3647.0  0.0461538461538
2234  3647.0  0.0461538461538
2235  3647.0  0.0461538461538
2236  3647.0  0.0461538461538
2237  3647.0  0.0461538461538
2238  3647.0  0.0461538461538
2239  3647.0  0.0461538461538
2240  3647.0  0.0461538461538
2241  3647.0  0.0461538461538
2242  3647.0  0.0461538461538
2243  3647.0  0.0461538461538
2244  3647.0  0.0461538461538
2245  3647.0  0.0461538461538
2246  3647.0  0.0461538461538
2247  3647.0  0.0461538461538
2248  3647.0  0.0461538461538
2249  3647.0  0.0461538461538
2250  3647.0  0.0461538461538
2251  3647.0  0.0461538461538
2252  3647.0  0.0461538461538
2253  3647.0  0.0461538461538
2254  3647.0  0.0461538461538
2255  3647.0  0.0461538461538
2256  3647.0  0.0461538461538
2257  3647.0  0.0461538461538
2258  3647.0  0.0461538461538
2259  3647.0  0.0461538461538
2260  3647.0  0.0461538461538
2261  3647.0  0.0461538461538
2262  3647.0  0.0461538461538
2263  3647.0  0.0461538461538
2264  3647.0  0.0461538461538
2265  3647.0  0.0461538461538
2266  3647.0  0.0461538461538
2267  3647.0  0.0461538461538
2268  3647.0  0.0461538461538
2269  3647.0  0.0461538461538
2270  3647.0  0.0461538461538
2271  3647.0  0.0461538461538
2272  3647.0  0.0461538461538
2273  3647.0  0.0461538461538
2274  3647.0  0.0461538461538
2275  3647.0  0.0461538461538
2276  3647.0  0.0461538461538
2277  3647.0  0.0461538461538
2278  3647.0  0.0461538461538
2279  3647.0  0.0461538461538
2280  3647.0  0.0461538461538
2281  3647.0  0.0461538461538
2282  3647.0  0.0461538461538
2283  3647.0  0.0461538461538
2284  3647.0  0.0461538461538
2285  3647.0  0.0461538461538
2286  3647.0  0.0461538461538
2287  3647.0  0.0461538461538
2288  3647.0  0.0461538461538
2289  3647.0  0.0461538461538
2290  3647.0  0.0461538461538
2291  3647.0  0.0461538461538
2292  3647.0  0.0461538461538
2293  3647.0  0.0461538461538
2294  3647.0  0.0461538461538
2295  3647.0  0.0461538461538
2296  3647.0  0.0461538461538
2297  3647.0  0.0461538461538
2298  3647.0  0.0461538461538
2299  3647.0  0.0461538461538
2300  3647.0  0.0461538461538
2301  3647.0  0.0461538461538
2302  3647.0  0.0461538461538
2303  3647.0  0.0461538461538
2304  3647.0  0.0461538461538
2305  3647.0  0.0461538461538
2306  3647.0  0.0461538461538
2307  3647.0  0.0461538461538
2308  3647.0  0.0461538461538
2309  3647.0  0.0461538461538
2310  3647.0  0.0461538461538
2311  3647.0  0.0461538461538
2312  3647.0  0.0461538461538
2313  3647.0  0.0461538461538
2314  3647.0  0.0461538461538
2315  3647.0  0.0461538461538
2316  3647.0  0.0461538461538
2317  3647.0  0.0461538461538
2318  3647.0  0.0461538461538
2319  3647.0  0.0461538461538
2320  3647.0  0.0461538461538
2321  3647.0  0.0461538461538
2322  3647.0  0.0461538461538
2323  3647.0  0.0461538461538
2324  3647.0  0.0461538461538
2325  3647.0  0.0461538461538
2326  3647.0  0.0461538461538
2327  3647.0  0.0461538461538
2328  3647.0  0.0461538461538
2329  3647.0  0.0461538461538
2330  3647.0  0.0461538461538
2331  3647.0  0.0461538461538
2332  3647.0  0.0461538461538
2333  3647.0  0.0461538461538
2334  3647.0  0.0461538461538
2335  3647.0  0.0461538461538
2336  3647.0  0.0461538461538
2337  3647.0  0.0461538461538
2338  3647.0  0.0461538461538
2339  3647.0  0.0461538461538
2340  3647.0  0.0461538461538
2341  3647.0  0.0461538461538
2342  3647.0  0.0461538461538
2343  3647.0  0.0461538461538
2344  3647.0  0.0461538461538
2345  3647.0  0.0461538461538
2346  3647.0  0.0461538461538
2347  3647.0  0.0461538461538
2348  3647.0  0.0461538461538
2349  3647.0  0.0461538461538
2350  3647.0  0.0461538461538
2351  3647.0  0.0461538461538
2352  3647.0  0.0461538461538
2353  3647.0  0.0461538461538
2354  3647.0  0.0461538461538
2355  3647.0  0.0461538461538
2356  3647.0  0.0461538461538
2357  3647.0  0.0461538461538
2358  3647.0  0.0461538461538
2359  3647.0  0.0461538461538
2360  3647.0  0.0461538461538
2361  3647.0  0.0461538461538
2362  3647.0  0.0461538461538
2363  3647.0  0.0461538461538
2364  3647.0  0.0461538461538
2365  3647.0  0.0461538461538
2366  3647.0  0.0461538461538
2367  3647.0  0.0461538461538
2368  3647.0  0.0461538461538
2369  3647.0  0.0461538461538
2370  3647.0  0.0461538461538
2371  3647.0  0.0461538461538
2372  3647.0  0.0461538461538
2373  3647.0  0.0461538461538
2374  3647.0  0.0461538461538
2375  3647.0  0.0461538461538
2376  3647.0  0.0461538461538
2377  3647.0  0.0461538461538
2378  3647.0  0.0461538461538
2379  3647.0  0.0461538461538
2380  3647.0  0.0461538461538
2381  3647.0  0.0461538461538
2382  3647.0  0.0461538461538
2383  3647.0  0.0461538461538
2384  3647.0  0.0461538461538
2385  3647.0  0.0461538461538
2386  3647.0  0.0461538461538
2387  3647.0  0.0461538461538
2388  3647.0  0.0461538461538
2389  3647.0  0.0461538461538
2390  3647.0  0.0461538461538
2391  3647.0  0.0461538461538
2392  3647.0  0.0461538461538
2393  3647.0  0.0461538461538
2394  3647.0  0.0461538461538
2395  3647.0  0.0461538461538
2396  3647.0  0.0461538461538
2397  3647.0  0.0461538461538
2398  3647.0  0.0461538461538
2399  3647.0  0.0461538461538
2400  3647.0  0.0461538461538
2401  3647.0  0.0461538461538
2402  3647.0  0.0461538461538
2403  3647.0  0.0461538461538
2404  3647.0  0.0461538461538
2405  3647.0  0.0461538461538
2406  3647.0  0.0461538461538
2407  3647.0  0.0461538461538
2408  3647.0  0.0461538461538
2409  3647.0  0.0461538461538
2410  3647.0  0.0461538461538
2411  3647.0  0.0461538461538
2412  3647.0  0.0461538461538
2413  3647.0  0.0461538461538
2414  3647.0  0.0461538461538
2415  3647.0  0.0461538461538
2416  3647.0  0.0461538461538
2417  3647.0  0.0461538461538
2418  3647.0  0.0461538461538
2419  3647.0  0.0461538461538
2420  3647.0  0.0461538461538
2421  3647.0  0.0461538461538
2422  3647.0  0.0461538461538
2423  3647.0  0.0461538461538
2424  3647.0  0.0461538461538
2425  3647.0  0.0461538461538
2426  3647.0  0.0461538461538
2427  3647.0  0.0461538461538
2428  3647.0  0.0461538461538
2429  3647.0  0.0461538461538
2430  3647.0  0.0461538461538
2431  3647.0  0.0461538461538
2432  3647.0  0.0461538461538
2433  3647.0  0.0461538461538
2434  3647.0  0.0461538461538
2435  3647.0  0.0461538461538
2436  3647.0  0.0461538461538
2437  3647.0  0.0461538461538
2438  3647.0  0.0461538461538
2439  3647.0  0.0461538461538
2440  3647.0  0.0461538461538
2441  3647.0  0.0461538461538
2442  3647.0  0.0461538461538
2443  3647.0  0.0461538461538
2444  3647.0  0.0461538461538
2445  3647.0  0.0461538461538
2446  3647.0  0.0461538461538
2447  3647.0  0.0461538461538
2448  3647.0  0.0461538461538
2449  3647.0  0.0461538461538
2450  3647.0  0.0461538461538
2451  3647.0  0.0461538461538
2452  3647.0  0.0461538461538
2453  3647.0  0.0461538461538
2454  3647.0  0.0461538461538
2455  3647.0  0.0461538461538
2456  3647.0  0.0461538461538
2457  3647.0  0.0461538461538
2458  3647.0  0.0461538461538
2459  3647.0  0.0461538461538
2460  3647.0  0.0461538461538
2461  3647.0  0.0461538461538
2462  3647.0  0.0461538461538
2463  3647.0  0.0461538461538
2464  3647.0  0.0461538461538
2465  3647.0  0.0461538461538
2466  3647.0  0.0461538461538
2467  3647.0  0.0461538461538
2468  3647.0  0.0461538461538
2469  3647.0  0.0461538461538
2470  3647.0  0.0461538461538
2471  3647.0  0.0461538461538
2472  3647.0  0.0461538461538
2473  3647.0  0.0461538461538
2474  3647.0  0.0461538461538
2475  3647.0  0.0461538461538
2476  3647.0  0.0461538461538
2477  3647.0  0.0461538461538
2478  3647.0  0.0461538461538
2479  3647.0  0.0461538461538
2480  3647.0  0.0461538461538
2481  3647.0  0.0461538461538
2482  3647.0  0.0461538461538
2483  3647.0  0.0461538461538
2484  3647.0  0.0461538461538
2485  3647.0  0.0461538461538
2486  3647.0  0.0461538461538
2487  3647.0  0.0461538461538
2488  3647.0  0.0461538461538
2489  3647.0  0.0461538461538
2490  3647.0  0.0461538461538
2491  3647.0  0.0461538461538
2492  3647.0  0.0461538461538
2493  3647.0  0.0461538461538
2494  3647.0  0.0461538461538
2495  3647.0  0.0461538461538
2496  3647.0  0.0461538461538
2497  3647.0  0.0461538461538
2498  3647.0  0.0461538461538
2499  3647.0  0.0461538461538
2500  3647.0  0.0461538461538
2501  3647.0  0.0461538461538
2502  3647.0  0.0461538461538
2503  3647.0  0.0461538461538
2504  3647.0  0.0461538461538
2505  3647.0  0.0461538461538
2506  3647.0  0.0461538461538
2507  3647.0  0.0461538461538
2508  3647.0  0.0461538461538
2509  3647.0  0.0461538461538
2510  3647.0  0.0461538461538
2511  3647.0  0.0461538461538
2512  3647.0  0.0461538461538
2513  3647.0  0.0461538461538
2514  3647.0  0.0461538461538
2515  3647.0  0.0461538461538
2516  3647.0  0.0461538461538
2517  3647.0  0.0461538461538
2518  3647.0  0.0461538461538
2519  3647.0  0.0461538461538
2520  3647.0  0.0461538461538
2521  3647.0  0.0461538461538
2522  3647.0  0.0461538461538
2523  3647.0  0.0461538461538
2524  3647.0  0.0461538461538
2525  3647.0  0.0461538461538
2526  3647.0  0.0461538461538
2527  3647.0  0.0461538461538
2528  3647.0  0.0461538461538
2529  3647.0  0.0461538461538
2530  3647.0  0.0461538461538
2531  3647.0  0.0461538461538
2532  3647.0  0.0461538461538
2533  3647.0  0.0461538461538
2534  3647.0  0.0461538461538
2535  3647.0  0.0461538461538
2536  3647.0  0.0461538461538
2537  3647.0  0.0461538461538
2538  3647.0  0.0461538461538
2539  3647.0  0.0461538461538
2540  3647.0  0.0461538461538
2541  3647.0  0.0461538461538
2542  3647.0  0.0461538461538
2543  3647.0  0.0461538461538
2544  3647.0  0.0461538461538
2545  3647.0  0.0461538461538
2546  3647.0  0.0461538461538
2547  3647.0  0.0461538461538
2548  3647.0  0.0461538461538
2549  3647.0  0.0461538461538
2550  3647.0  0.0461538461538
2551  3647.0  0.0461538461538
2552  3647.0  0.0461538461538
2553  3647.0  0.0461538461538
2554  3647.0  0.0461538461538
2555  3647.0  0.0461538461538
2556  3647.0  0.0461538461538
2557  3647.0  0.0461538461538
2558  3647.0  0.0461538461538
2559  3647.0  0.0461538461538
2560  3647.0  0.0461538461538
2561  3647.0  0.0461538461538
2562  3647.0  0.0461538461538
2563  3647.0  0.0461538461538
2564  3647.0  0.0461538461538
2565  3647.0  0.0461538461538
2566  3647.0  0.0461538461538
2567  3647.0  0.0461538461538
2568  3647.0  0.0461538461538
2569  3647.0  0.0461538461538
2570  3647.0  0.0461538461538
2571  3647.0  0.0461538461538
2572  3647.0  0.0461538461538
2573  3647.0  0.0461538461538
2574  3647.0  0.0461538461538
2575  3647.0  0.0461538461538
2576  3647.0  0.0461538461538
2577  3647.0  0.0461538461538
2578  3647.0  0.0461538461538
2579  3647.0  0.0461538461538
2580  3647.0  0.0461538461538
2581  3647.0  0.0461538461538
2582  3647.0  0.0461538461538
2583  3647.0  0.0461538461538
2584  3647.0  0.0461538461538
2585  3647.0  0.0461538461538
2586  3647.0  0.0461538461538
2587  3647.0  0.0461538461538
2588  3647.0  0.0461538461538
2589  3647.0  0.0461538461538
2590  3647.0  0.0461538461538
2591  3647.0  0.0461538461538
2592  3647.0  0.0461538461538
2593  3647.0  0.0461538461538
2594  3647.0  0.0461538461538
2595  3647.0  0.0461538461538
2596  3647.0  0.0461538461538
2597  3647.0  0.0461538461538
2598  3647.0  0.0461538461538
2599  3647.0  0.0461538461538
2600  3647.0  0.0461538461538
2601  3647.0  0.0461538461538
2602  3647.0  0.0461538461538
2603  3647.0  0.0461538461538
2604  3647.0  0.0461538461538
2605  3647.0  0.0461538461538
2606  3647.0  0.0461538461538
2607  3647.0  0.0461538461538
2608  3647.0  0.0461538461538
2609  3647.0  0.0461538461538
2610  3647.0  0.0461538461538
2611  3647.0  0.0461538461538
2612  3647.0  0.0461538461538
2613  3647.0  0.0461538461538
2614  3647.0  0.0461538461538
2615  3647.0  0.0461538461538
2616  3647.0  0.0461538461538
2617  3647.0  0.0461538461538
2618  3647.0  0.0461538461538
2619  3647.0  0.0461538461538
2620  3647.0  0.0461538461538
2621  3647.0  0.0461538461538
2622  3647.0  0.0461538461538
2623  3647.0  0.0461538461538
2624  3647.0  0.0461538461538
2625  3647.0  0.0461538461538
2626  3647.0  0.0461538461538
2627  3647.0  0.0461538461538
2628  3647.0  0.0461538461538
2629  3647.0  0.0461538461538
2630  3647.0  0.0461538461538
2631  3647.0  0.0461538461538
2632  3647.0  0.0461538461538
2633  3647.0  0.0461538461538
2634  3647.0  0.0461538461538
2635  3647.0  0.0461538461538
2636  3647.0  0.0461538461538
2637  3647.0  0.0461538461538
2638  3647.0  0.0461538461538
2639  3647.0  0.0461538461538
2640  3647.0  0.0461538461538
2641  3647.0  0.0461538461538
2642  3647.0  0.0461538461538
2643  3647.0  0.0461538461538
2644  3647.0  0.0461538461538
2645  3647.0  0.0461538461538
2646  3647.0  0.0461538461538
2647  3647.0  0.0461538461538
2648  3647.0  0.0461538461538
2649  3647.0  0.0461538461538
2650  3647.0  0.0461538461538
2651  3647.0  0.0461538461538
2652  3647.0  0.0461538461538
2653  3647.0  0.0461538461538
2654  3647.0  0.0461538461538
2655  3647.0  0.0461538461538
2656  3647.0  0.0461538461538
2657  3647.0  0.0461538461538
2658  3647.0  0.0461538461538
2659  3647.0  0.0461538461538
2660  3647.0  0.0461538461538
2661  3647.0  0.0461538461538
2662  3647.0  0.0461538461538
2663  3647.0  0.0461538461538
2664  3647.0  0.0461538461538
2665  3647.0  0.0461538461538
2666  3647.0  0.0461538461538
2667  3647.0  0.0461538461538
2668  3647.0  0.0461538461538
2669  3647.0  0.0461538461538
2670  3647.0  0.0461538461538
2671  3647.0  0.0461538461538
2672  3647.0  0.0461538461538
2673  3647.0  0.0461538461538
2674  3647.0  0.0461538461538
2675  3647.0  0.0461538461538
2676  3647.0  0.0461538461538
2677  3647.0  0.0461538461538
2678  3647.0  0.0461538461538
2679  3647.0  0.0461538461538
2680  3647.0  0.0461538461538
2681  3647.0  0.0461538461538
2682  3647.0  0.0461538461538
2683  3647.0  0.0461538461538
2684  3647.0  0.0461538461538
2685  3647.0  0.0461538461538
2686  3647.0  0.0461538461538
2687  3647.0  0.0461538461538
2688  3647.0  0.0461538461538
2689  3647.0  0.0461538461538
2690  3647.0  0.0461538461538
2691  3647.0  0.0461538461538
2692  3647.0  0.0461538461538
2693  3647.0  0.0461538461538
2694  3647.0  0.0461538461538
2695  3647.0  0.0461538461538
2696  3647.0  0.0461538461538
2697  3647.0  0.0461538461538
2698  3647.0  0.0461538461538
2699  3647.0  0.0461538461538
2700  3647.0  0.0461538461538
2701  3647.0  0.0461538461538
2702  3647.0  0.0461538461538
2703  3647.0  0.0461538461538
2704  3647.0  0.0461538461538
2705  3647.0  0.0461538461538
2706  3647.0  0.0461538461538
2707  3647.0  0.0461538461538
2708  3647.0  0.0461538461538
2709  3647.0  0.0461538461538
2710  3647.0  0.0461538461538
2711  3647.0  0.0461538461538
2712  3647.0  0.0461538461538
2713  3647.0  0.0461538461538
2714  3647.0  0.0461538461538
2715  3647.0  0.0461538461538
2716  3647.0  0.0461538461538
2717  3647.0  0.0461538461538
2718  3647.0  0.0461538461538
2719  3647.0  0.0461538461538
2720  3647.0  0.0461538461538
2721  3647.0  0.0461538461538
2722  3647.0  0.0461538461538
2723  3647.0  0.0461538461538
2724  3647.0  0.0461538461538
2725  3647.0  0.0461538461538
2726  3647.0  0.0461538461538
2727  3647.0  0.0461538461538
2728  3647.0  0.0461538461538
2729  3647.0  0.0461538461538
2730  3647.0  0.0461538461538
2731  3647.0  0.0461538461538
2732  3647.0  0.0461538461538
2733  3647.0  0.0461538461538
2734  3647.0  0.0461538461538
2735  3647.0  0.0461538461538
2736  3647.0  0.0461538461538
2737  3647.0  0.0461538461538
2738  3647.0  0.0461538461538
2739  3647.0  0.0461538461538
2740  3647.0  0.0461538461538
2741  3647.0  0.0461538461538
2742  3647.0  0.0461538461538
2743  3647.0  0.0461538461538
2744  3647.0  0.0461538461538
2745  3647.0  0.0461538461538
2746  3647.0  0.0461538461538
2747  3647.0  0.0461538461538
2748  3647.0  0.0461538461538
2749  3647.0  0.0461538461538
2750  3647.0  0.0461538461538
2751  3647.0  0.0461538461538
2752  3647.0  0.0461538461538
2753  3647.0  0.0461538461538
2754  3647.0  0.0461538461538
2755  3647.0  0.0461538461538
2756  3647.0  0.0461538461538
2757  3647.0  0.0461538461538
2758  3647.0  0.0461538461538
2759  3647.0  0.0461538461538
2760  3647.0  0.0461538461538
2761  3647.0  0.0461538461538
2762  3647.0  0.0461538461538
2763  3647.0  0.0461538461538
2764  3647.0  0.0461538461538
2765  3647.0  0.0461538461538
2766  3647.0  0.0461538461538
2767  3647.0  0.0461538461538
2768  3647.0  0.0461538461538
2769  3647.0  0.0461538461538
2770  3647.0  0.0461538461538
2771  3647.0  0.0461538461538
2772  3647.0  0.0461538461538
2773  3647.0  0.0461538461538
2774  3647.0  0.0461538461538
2775  3647.0  0.0461538461538
2776  3647.0  0.0461538461538
2777  3647.0  0.0461538461538
2778  3647.0  0.0461538461538
2779  3647.0  0.0461538461538
2780  3647.0  0.0461538461538
2781  3647.0  0.0461538461538
2782  3647.0  0.0461538461538
2783  3647.0  0.0461538461538
2784  3647.0  0.0461538461538
2785  3647.0  0.0461538461538
2786  3647.0  0.0461538461538
2787  3647.0  0.0461538461538
2788  3647.0  0.0461538461538
2789  3647.0  0.0461538461538
2790  3647.0  0.0461538461538
2791  3647.0  0.0461538461538
2792  3647.0  0.0461538461538
2793  3647.0  0.0461538461538
2794  3647.0  0.0461538461538
2795  3647.0  0.0461538461538
2796  3647.0  0.0461538461538
2797  3647.0  0.0461538461538
2798  3647.0  0.0461538461538
2799  3647.0  0.0461538461538
2800  3647.0  0.0461538461538
2801  3647.0  0.0461538461538
2802  3647.0  0.0461538461538
2803  3647.0  0.0461538461538
2804  3647.0  0.0461538461538
2805  3647.0  0.0461538461538
2806  3647.0  0.0461538461538
2807  3647.0  0.0461538461538
2808  3647.0  0.0461538461538
2809  3647.0  0.0461538461538
2810  3647.0  0.0461538461538
2811  3647.0  0.0461538461538
2812  3647.0  0.0461538461538
2813  3647.0  0.0461538461538
2814  3647.0  0.0461538461538
2815  3647.0  0.0461538461538
2816  3647.0  0.0461538461538
2817  3647.0  0.0461538461538
2818  3647.0  0.0461538461538
2819  3647.0  0.0461538461538
2820  3647.0  0.0461538461538
2821  3647.0  0.0461538461538
2822  3647.0  0.0461538461538
2823  3647.0  0.0461538461538
2824  3647.0  0.0461538461538
2825  3647.0  0.0461538461538
2826  3647.0  0.0461538461538
2827  3647.0  0.0461538461538
2828  3647.0  0.0461538461538
2829  3647.0  0.0461538461538
2830  3647.0  0.0461538461538
2831  3647.0  0.0461538461538
2832  3647.0  0.0461538461538
2833  3647.0  0.0461538461538
2834  3647.0  0.0461538461538
2835  3647.0  0.0461538461538
2836  3647.0  0.0461538461538
2837  3647.0  0.0461538461538
2838  3647.0  0.0461538461538
2839  3647.0  0.0461538461538
2840  3647.0  0.0461538461538
2841  3647.0  0.0461538461538
2842  3647.0  0.0461538461538
2843  3647.0  0.0461538461538
2844  3647.0  0.0461538461538
2845  3647.0  0.0461538461538
2846  3647.0  0.0461538461538
2847  3647.0  0.0461538461538
2848  3647.0  0.0461538461538
2849  3647.0  0.0461538461538
2850  3647.0  0.0461538461538
2851  3647.0  0.0461538461538
2852  3647.0  0.0461538461538
2853  3647.0  0.0461538461538
2854  3647.0  0.0461538461538
2855  3647.0  0.0461538461538
2856  3647.0  0.0461538461538
2857  3647.0  0.0461538461538
2858  3647.0  0.0461538461538
2859  3647.0  0.0461538461538
2860  3647.0  0.0461538461538
2861  3647.0  0.0461538461538
2862  3647.0  0.0461538461538
2863  3647.0  0.0461538461538
2864  3647.0  0.0461538461538
2865  3647.0  0.0461538461538
2866  3647.0  0.0461538461538
2867  3647.0  0.0461538461538
2868  3647.0  0.0461538461538
2869  3647.0  0.0461538461538
2870  3647.0  0.0461538461538
2871  3647.0  0.0461538461538
2872  3647.0  0.0461538461538
2873  3647.0  0.0461538461538
2874  3647.0  0.0461538461538
2875  3647.0  0.0461538461538
2876  3647.0  0.0461538461538
2877  3647.0  0.0461538461538
2878  3647.0  0.0461538461538
2879  3647.0  0.0461538461538
2880  3647.0  0.0461538461538
2881  3647.0  0.0461538461538
2882  3647.0  0.0461538461538
2883  3647.0  0.0461538461538
2884  3647.0  0.0461538461538
2885  3647.0  0.0461538461538
2886  3647.0  0.0461538461538
2887  3647.0  0.0461538461538
2888  3647.0  0.0461538461538
2889  3647.0  0.0461538461538
2890  3647.0  0.0461538461538
2891  3647.0  0.0461538461538
2892  3647.0  0.0461538461538
2893  3647.0  0.0461538461538
2894  3647.0  0.0461538461538
2895  3647.0  0.0461538461538
2896  3647.0  0.0461538461538
2897  3647.0  0.0461538461538
2898  3647.0  0.0461538461538
2899  3647.0  0.0461538461538
2900  3647.0  0.0461538461538
2901  3647.0  0.0461538461538
2902  3647.0  0.0461538461538
2903  3647.0  0.0461538461538
2904  3647.0  0.0461538461538
2905  3647.0  0.0461538461538
2906  3647.0  0.0461538461538
2907  3647.0  0.0461538461538
2908  3647.0  0.0461538461538
2909  3647.0  0.0461538461538
2910  3647.0  0.0461538461538
2911  3647.0  0.0461538461538
2912  3647.0  0.0461538461538
2913  3647.0  0.0461538461538
2914  3647.0  0.0461538461538
2915  3647.0  0.0461538461538
2916  3647.0  0.0461538461538
2917  3647.0  0.0461538461538
2918  3647.0  0.0461538461538
2919  3647.0  0.0461538461538
2920  3647.0  0.0461538461538
2921  3647.0  0.0461538461538
2922  3647.0  0.0461538461538
2923  3647.0  0.0461538461538
2924  3647.0  0.0461538461538
2925  3647.0  0.0461538461538
2926  3647.0  0.0461538461538
2927  3647.0  0.0461538461538
2928  3647.0  0.0461538461538
2929  3647.0  0.0461538461538
2930  3647.0  0.0461538461538
2931  3647.0  0.0461538461538
2932  3647.0  0.0461538461538
2933  3647.0  0.0461538461538
2934  3647.0  0.0461538461538
2935  3647.0  0.0461538461538
2936  3647.0  0.0461538461538
2937  3647.0  0.0461538461538
2938  3647.0  0.0461538461538
2939  3647.0  0.0461538461538
2940  3647.0  0.0461538461538
2941  3647.0  0.0461538461538
2942  3647.0  0.0461538461538
2943  3647.0  0.0461538461538
2944  3647.0  0.0461538461538
2945  3647.0  0.0461538461538
2946  3647.0  0.0461538461538
2947  3647.0  0.0461538461538
2948  3647.0  0.0461538461538
2949  3647.0  0.0461538461538
2950  3647.0  0.0461538461538
2951  3647.0  0.0461538461538
2952  3647.0  0.0461538461538
2953  3647.0  0.0461538461538
2954  3647.0  0.0461538461538
2955  3647.0  0.0461538461538
2956  3647.0  0.0461538461538
2957  3647.0  0.0461538461538
2958  3647.0  0.0461538461538
2959  3647.0  0.0461538461538
2960  3647.0  0.0461538461538
2961  3647.0  0.0461538461538
2962  3647.0  0.0461538461538
2963  3647.0  0.0461538461538
2964  3647.0  0.0461538461538
2965  3647.0  0.0461538461538
2966  3647.0  0.0461538461538
2967  3647.0  0.0461538461538
2968  3647.0  0.0461538461538
2969  3647.0  0.0461538461538
2970  3647.0  0.0461538461538
2971  3647.0  0.0461538461538
2972  3647.0  0.0461538461538
2973  3647.0  0.0461538461538
2974  3647.0  0.0461538461538
2975  3647.0  0.0461538461538
2976  3647.0  0.0461538461538
2977  3647.0  0.0461538461538
2978  3647.0  0.0461538461538
2979  3647.0  0.0461538461538
2980  3647.0  0.0461538461538
2981  3647.0  0.0461538461538
2982  3647.0  0.0461538461538
2983  3647.0  0.0461538461538
2984  3647.0  0.0461538461538
2985  3647.0  0.0461538461538
2986  3647.0  0.0461538461538
2987  3647.0  0.0461538461538
2988  3647.0  0.0461538461538
2989  3647.0  0.0461538461538
2990  3647.0  0.0461538461538
2991  3647.0  0.0461538461538
2992  3647.0  0.0461538461538
2993  3647.0  0.0461538461538
2994  3647.0  0.0461538461538
2995  3647.0  0.0461538461538
2996  3647.0  0.0461538461538
2997  3647.0  0.0461538461538
2998  3647.0  0.0461538461538
2999  3647.0  0.0461538461538
#[3, 9, 9, 9, 9]
#[9, 9, 9, 9, 9]
#[-7, 9, 9, 9, 9]
#[2, 9, 9, 9, 9]
#[9, 9, 9, 9, 9]
#[9, 9, 9, 9, 9]
#[-3, 9, 9, 9, 9]
#[-6, 0, 9, 9, 9]
#[-6, 3, 9, 9, 9]
#[-7, 9, 9, 9, 9]
#[9, 9, 9, 9, 9]
#[9, 9, 9, 9, 9]
#[1, 9, 9, 9, 9]
#[9, 9, 9, 9, 9]
#[9, 9, 9, 9, 9]
#[9, 9, 9, 9, 9]
#[9, 9, 9, 9, 9]
#[7, 9, 9, 9, 9]
#[9, 9, 9, 9, 9]
#[3, 3, 9, 9, 9]
#[9, 9, 9, 9, 9]
#[-7, 7, 9, 9, 9]
#[9, 9, 9, 9, 9]
#[9, 9, 9, 9, 9]
#[9, 9, 9, 9, 9]
#Specialization index= [1, 9, 0.045454545454545456]
