#[3, 6, 9, 1, 4]
#[1, 9, 4, 3, 8]
#[5, 8, 9, 2, 0]
#[4, 0, 7, 8, 0]
#[4, 6, 7, 8, 4]
#[7, 2, 8, 7, 9]
#[7, 5, 4, 8, 9]
#[4, 9, 7, 9, 2]
#[8, 3, 5, 2, 1]
#[4, 0, 1, 8, 9]
#[6, 6, 7, 5, 7]
#[1, 6, 9, 2, 6]
#[9, 1, 4, 5, 2]
#[8, 0, 4, 1, 0]
#[3, 1, 2, 7, 6]
#[9, 5, 5, 7, 9]
#[0, 4, 7, 8, 9]
#[4, 4, 3, 7, 8]
#[0, 9, 9, 2, 6]
#[6, 5, 1, 0, 9]
#[2, 5, 3, 9, 7]
#[0, 3, 1, 9, 1]
#[6, 9, 9, 8, 7]
#[5, 1, 4, 8, 0]
#[5, 4, 7, 8, 5]
0  3857.5  0.0
1  3857.5  0.0
2  3857.5  0.0
3  3857.5  0.0
4  3857.5  0.0
5  3857.5  0.0
6  3857.5  0.0
7  3857.5  0.0
8  3857.5  0.0
9  3857.5  0.0
10  3857.5  0.0
11  3857.5  0.0
12  3857.5  0.0
13  3857.5  0.0
14  3857.5  0.0
15  3857.5  0.0
16  3857.5  0.0
17  4085.395  0.1
18  4087.5265  0.1
19  4089.01855  0.1
20  4090.062985  0.1
21  4090.7940895  0.1
22  4091.30586265  0.1
23  4091.66410386  0.1
24  4091.9148727  0.1
25  4092.09041089  0.1
26  4092.21328762  0.1
27  4092.29930134  0.1
28  4092.35951093  0.1
29  4092.40165765  0.1
30  4092.43116036  0.1
31  4092.45181225  0.1
32  4092.46626858  0.1
33  4092.476388  0.1
34  4092.4834716  0.1
35  4092.48843012  0.1
36  4092.49190108  0.1
37  4092.49433076  0.1
38  4092.49603153  0.1
39  4092.49722207  0.1
40  4092.49805545  0.1
41  4092.49863882  0.1
42  4092.49904717  0.1
43  4092.49933302  0.1
44  4092.49953311  0.1
45  4092.49967318  0.1
46  4092.49977123  0.1
47  4092.49983986  0.1
48  4092.4998879  0.1
49  4092.49992153  0.1
50  4092.49994507  0.1
51  4092.49996155  0.1
52  4092.49997308  0.1
53  4092.49998116  0.1
54  4092.49998681  0.1
55  4092.49999077  0.1
56  4092.49999354  0.1
57  4092.49999548  0.1
58  4092.49999683  0.1
59  4092.49999778  0.1
60  4092.49999845  0.1
61  4092.49999891  0.1
62  4092.49999924  0.1
63  4092.49999947  0.1
64  4092.49999963  0.1
65  4092.49999974  0.1
66  4092.49999982  0.1
67  4092.49999987  0.1
68  4092.49999991  0.1
69  4092.49999994  0.1
70  4092.49999996  0.1
71  4092.49999997  0.1
72  4092.49999998  0.1
73  4092.49999998  0.1
74  4092.49999999  0.1
75  4092.49999999  0.1
76  4092.49999999  0.1
77  4092.5  0.1
78  4092.5  0.1
79  4092.5  0.1
80  4092.5  0.1
81  4092.5  0.1
82  4092.5  0.1
83  4092.5  0.1
84  4092.5  0.1
85  4092.5  0.1
86  4092.5  0.1
87  4092.5  0.1
88  4092.5  0.1
89  4092.5  0.1
90  4092.5  0.1
91  4092.5  0.1
92  4092.5  0.1
93  4092.5  0.1
94  4092.5  0.1
95  4092.5  0.1
96  4092.5  0.1
97  4092.5  0.1
98  4092.5  0.1
99  4092.5  0.1
100  4092.5  0.1
101  4092.5  0.1
102  4092.5  0.1
103  4092.5  0.1
104  4092.5  0.1
105  4092.5  0.1
106  4092.5  0.1
107  4092.5  0.1
108  4092.5  0.1
109  4092.5  0.1
110  4092.5  0.1
111  4092.5  0.1
112  4092.5  0.1
113  4092.5  0.1
114  4092.5  0.1
115  4092.5  0.1
116  4092.5  0.1
117  4092.5  0.1
118  4092.5  0.1
119  4092.5  0.1
120  4092.5  0.1
121  4092.5  0.1
122  4092.5  0.1
123  4092.5  0.1
124  4092.5  0.1
125  4092.5  0.1
126  4092.5  0.1
127  4092.5  0.1
128  4092.5  0.1
129  4092.5  0.1
130  4092.5  0.1
131  4092.5  0.1
132  4092.5  0.1
133  4092.5  0.1
134  4092.5  0.1
135  4092.5  0.1
136  4092.5  0.1
137  4092.5  0.1
138  4092.5  0.1
139  4092.5  0.1
140  4092.5  0.1
141  4092.5  0.1
142  4092.5  0.1
143  4092.5  0.1
144  4092.5  0.1
145  4092.5  0.1
146  4092.5  0.1
147  4092.5  0.1
148  4092.5  0.1
149  4092.5  0.1
150  4092.5  0.1
151  4092.5  0.1
152  4092.5  0.1
153  4092.5  0.1
154  4092.5  0.1
155  4092.5  0.1
156  4092.5  0.1
157  4092.5  0.1
158  4092.5  0.1
159  4092.5  0.1
160  4092.5  0.1
161  4092.5  0.1
162  4092.5  0.1
163  4092.5  0.1
164  4092.5  0.1
165  4092.5  0.1
166  4092.5  0.1
167  4092.5  0.1
168  4092.5  0.1
169  4092.5  0.1
170  4092.5  0.1
171  4092.5  0.1
172  4092.5  0.1
173  4092.5  0.1
174  4092.5  0.1
175  4092.5  0.1
176  4092.5  0.1
177  4092.5  0.1
178  4092.5  0.1
179  4092.5  0.1
180  4092.5  0.1
181  4092.5  0.1
182  4092.5  0.1
183  4092.5  0.1
184  4092.5  0.1
185  4092.5  0.1
186  4092.5  0.1
187  4092.5  0.1
188  4092.5  0.1
189  4092.5  0.1
190  4092.5  0.1
191  4092.5  0.1
192  4092.5  0.1
193  4092.5  0.1
194  4092.5  0.1
195  4092.5  0.1
196  4092.5  0.1
197  4092.5  0.1
198  4145.6903125  0.115384615385
199  4290.30607812  0.115384615385
200  4289.53691313  0.115384615385
201  4288.99306122  0.115384615385
202  4288.61057267  0.115384615385
203  4288.34296967  0.115384615385
204  4288.1567164  0.115384615385
205  4288.02776946  0.115384615385
206  4287.93899028  0.115384615385
207  4287.87822694  0.115384615385
208  4287.83690629  0.115384615385
209  4287.80900902  0.115384615385
210  4287.79032882  0.115384615385
211  4287.77794022  0.115384615385
212  4287.7698184  0.115384615385
213  4287.76456903  0.115384615385
214  4287.76123714  0.115384615385
215  4287.75917255  0.115384615385
216  4287.75793549  0.115384615385
217  4287.75723075  0.115384615385
218  4287.75686187  0.115384615385
219  4287.75669945  0.115384615385
220  4287.75665936  0.115384615385
221  4287.75668775  0.115384615385
222  4287.75675084  0.115384615385
223  4287.75682805  0.115384615385
224  4287.75690736  0.115384615385
225  4287.75698216  0.115384615385
226  4287.75704923  0.115384615385
227  4287.75710738  0.115384615385
228  4287.75715664  0.115384615385
229  4287.75719763  0.115384615385
230  4287.75723128  0.115384615385
231  4287.7572586  0.115384615385
232  4287.7572806  0.115384615385
233  4287.75729819  0.115384615385
234  4287.75731216  0.115384615385
235  4287.7573232  0.115384615385
236  4287.7573319  0.115384615385
237  4287.75733871  0.115384615385
238  4287.75734404  0.115384615385
239  4287.75734819  0.115384615385
240  4287.75735142  0.115384615385
241  4287.75735392  0.115384615385
242  4287.75735586  0.115384615385
243  4287.75735736  0.115384615385
244  4287.75735852  0.115384615385
245  4287.75735941  0.115384615385
246  4287.7573601  0.115384615385
247  4287.75736062  0.115384615385
248  4287.75736103  0.115384615385
249  4287.75736134  0.115384615385
250  4287.75736158  0.115384615385
251  4287.75736176  0.115384615385
252  4287.7573619  0.115384615385
253  4287.75736201  0.115384615385
254  4287.75736209  0.115384615385
255  4287.75736215  0.115384615385
256  4287.7573622  0.115384615385
257  4287.75736224  0.115384615385
258  4287.75736227  0.115384615385
259  4287.75736229  0.115384615385
260  4287.7573623  0.115384615385
261  4287.75736232  0.115384615385
262  4287.75736233  0.115384615385
263  4287.75736233  0.115384615385
264  4287.75736234  0.115384615385
265  4287.75736234  0.115384615385
266  4287.75736235  0.115384615385
267  4287.75736235  0.115384615385
268  4287.75736235  0.115384615385
269  4287.75736235  0.115384615385
270  4287.75736235  0.115384615385
271  4287.75736235  0.115384615385
272  4287.75736235  0.115384615385
273  4287.75736235  0.115384615385
274  4287.75736235  0.115384615385
275  4287.75736236  0.115384615385
276  4287.75736236  0.115384615385
277  4287.75736236  0.115384615385
278  4287.75736236  0.115384615385
279  4287.75736236  0.115384615385
280  4287.75736236  0.115384615385
281  4287.75736236  0.115384615385
282  4287.75736236  0.115384615385
283  4287.75736236  0.115384615385
284  4287.75736236  0.115384615385
285  4287.75736236  0.115384615385
286  4287.75736236  0.115384615385
287  4287.75736236  0.115384615385
288  4287.75736236  0.115384615385
289  4287.75736236  0.115384615385
290  4287.75736236  0.115384615385
291  4287.75736236  0.115384615385
292  4287.75736236  0.115384615385
293  4287.75736236  0.115384615385
294  4287.75736236  0.115384615385
295  4287.75736236  0.115384615385
296  4287.75736236  0.115384615385
297  4287.75736236  0.115384615385
298  4287.75736236  0.115384615385
299  4287.75736236  0.115384615385
300  4287.75736236  0.115384615385
301  4287.75736236  0.115384615385
302  4287.75736236  0.115384615385
303  4287.75736236  0.115384615385
304  4287.75736236  0.115384615385
305  4287.75736236  0.115384615385
306  4287.75736236  0.115384615385
307  4287.75736236  0.115384615385
308  4287.75736236  0.115384615385
309  4287.75736236  0.115384615385
310  4287.75736236  0.115384615385
311  4287.75736236  0.115384615385
312  4287.75736236  0.115384615385
313  4287.75736236  0.115384615385
314  4287.75736236  0.115384615385
315  4287.75736236  0.115384615385
316  4287.75736236  0.115384615385
317  4287.75736236  0.115384615385
318  4287.75736236  0.115384615385
319  4287.75736236  0.115384615385
320  4287.75736236  0.115384615385
321  4287.75736236  0.115384615385
322  4287.75736236  0.115384615385
323  4287.75736236  0.115384615385
324  4287.75736236  0.115384615385
325  4287.75736236  0.115384615385
326  4287.75736236  0.115384615385
327  4287.75736236  0.115384615385
328  4287.75736236  0.115384615385
329  4287.75736236  0.115384615385
330  4287.75736236  0.115384615385
331  4287.75736236  0.115384615385
332  4287.75736236  0.115384615385
333  4287.75736236  0.115384615385
334  4287.75736236  0.115384615385
335  4287.75736236  0.115384615385
336  4287.75736236  0.115384615385
337  4287.75736236  0.115384615385
338  4287.75736236  0.115384615385
339  4287.75736236  0.115384615385
340  4287.75736236  0.115384615385
341  4287.75736236  0.115384615385
342  4287.75736236  0.115384615385
343  4287.75736236  0.115384615385
344  4287.75736236  0.115384615385
345  4287.75736236  0.115384615385
346  4287.75736236  0.115384615385
347  4287.75736236  0.115384615385
348  4287.75736236  0.115384615385
349  4287.75736236  0.115384615385
350  4287.75736236  0.115384615385
351  4287.75736236  0.115384615385
352  4287.75736236  0.115384615385
353  4287.75736236  0.115384615385
354  4287.75736236  0.115384615385
355  4287.75736236  0.115384615385
356  4287.75736236  0.115384615385
357  4287.75736236  0.115384615385
358  4287.75736236  0.115384615385
359  4287.75736236  0.115384615385
360  4287.75736236  0.115384615385
361  4287.75736236  0.115384615385
362  4287.75736236  0.115384615385
363  4287.75736236  0.115384615385
364  4287.75736236  0.115384615385
365  4287.75736236  0.115384615385
366  4287.75736236  0.115384615385
367  4287.75736236  0.115384615385
368  4287.75736236  0.115384615385
369  4287.75736236  0.115384615385
370  4287.75736236  0.115384615385
371  4287.75736236  0.115384615385
372  4287.75736236  0.115384615385
373  4287.75736236  0.115384615385
374  4287.75736236  0.115384615385
375  4287.75736236  0.115384615385
376  4287.75736236  0.115384615385
377  4287.75736236  0.115384615385
378  4287.75736236  0.115384615385
379  4287.75736236  0.115384615385
380  4287.75736236  0.115384615385
381  4287.75736236  0.115384615385
382  4287.75736236  0.115384615385
383  4287.75736236  0.115384615385
384  4287.75736236  0.115384615385
385  4287.75736236  0.115384615385
386  4287.75736236  0.115384615385
387  4287.75736236  0.115384615385
388  4287.75736236  0.115384615385
389  4287.75736236  0.115384615385
390  4287.75736236  0.115384615385
391  4287.75736236  0.115384615385
392  4287.75736236  0.115384615385
393  4287.75736236  0.115384615385
394  4287.75736236  0.115384615385
395  4287.75736236  0.115384615385
396  4287.75736236  0.115384615385
397  4287.75736236  0.115384615385
398  4287.75736236  0.115384615385
399  4287.75736236  0.115384615385
400  4287.75736236  0.115384615385
401  4287.75736236  0.115384615385
402  4287.75736236  0.115384615385
403  4287.75736236  0.115384615385
404  4287.75736236  0.115384615385
405  4287.75736236  0.115384615385
406  4287.75736236  0.115384615385
407  4287.75736236  0.115384615385
408  4287.75736236  0.115384615385
409  4287.75736236  0.115384615385
410  4287.75736236  0.115384615385
411  4287.75736236  0.115384615385
412  4287.75736236  0.115384615385
413  4287.75736236  0.115384615385
414  4287.75736236  0.115384615385
415  4287.75736236  0.115384615385
416  4287.75736236  0.115384615385
417  4287.75736236  0.115384615385
418  4287.75736236  0.115384615385
419  4287.75736236  0.115384615385
420  4287.75736236  0.115384615385
421  4287.75736236  0.115384615385
422  4287.75736236  0.115384615385
423  4287.75736236  0.115384615385
424  4287.75736236  0.115384615385
425  4287.75736236  0.115384615385
426  4287.75736236  0.115384615385
427  4287.75736236  0.115384615385
428  4287.75736236  0.115384615385
429  4287.75736236  0.115384615385
430  4287.75736236  0.115384615385
431  4287.75736236  0.115384615385
432  4287.75736236  0.115384615385
433  4287.75736236  0.115384615385
434  4287.75736236  0.115384615385
435  4287.75736236  0.115384615385
436  4287.75736236  0.115384615385
437  4287.75736236  0.115384615385
438  4287.75736236  0.115384615385
439  4287.75736236  0.115384615385
440  4287.75736236  0.115384615385
441  4287.75736236  0.115384615385
442  4287.75736236  0.115384615385
443  4287.75736236  0.115384615385
444  4287.75736236  0.115384615385
445  4287.75736236  0.115384615385
446  4287.75736236  0.115384615385
447  4287.75736236  0.115384615385
448  4287.75736236  0.115384615385
449  4287.75736236  0.115384615385
450  4287.75736236  0.115384615385
451  4287.75736236  0.115384615385
452  4287.75736236  0.115384615385
453  4287.75736236  0.115384615385
454  4287.75736236  0.115384615385
455  4287.75736236  0.115384615385
456  4287.75736236  0.115384615385
457  4287.75736236  0.115384615385
458  4287.75736236  0.115384615385
459  4287.75736236  0.115384615385
460  4287.75736236  0.115384615385
461  4287.75736236  0.115384615385
462  4287.75736236  0.115384615385
463  4287.75736236  0.115384615385
464  4287.75736236  0.115384615385
465  4287.75736236  0.115384615385
466  4287.75736236  0.115384615385
467  4287.75736236  0.115384615385
468  4287.75736236  0.115384615385
469  4287.75736236  0.115384615385
470  4287.75736236  0.115384615385
471  4287.75736236  0.115384615385
472  4287.75736236  0.115384615385
473  4287.75736236  0.115384615385
474  4287.75736236  0.115384615385
475  4287.75736236  0.115384615385
476  4287.75736236  0.115384615385
477  4287.75736236  0.115384615385
478  4287.75736236  0.115384615385
479  4287.75736236  0.115384615385
480  4287.75736236  0.115384615385
481  4287.75736236  0.115384615385
482  4287.75736236  0.115384615385
483  4287.75736236  0.115384615385
484  4287.75736236  0.115384615385
485  4287.75736236  0.115384615385
486  4287.75736236  0.115384615385
487  4287.75736236  0.115384615385
488  4287.75736236  0.115384615385
489  4287.75736236  0.115384615385
490  4287.75736236  0.115384615385
491  4287.75736236  0.115384615385
492  4287.75736236  0.115384615385
493  4287.75736236  0.115384615385
494  4287.75736236  0.115384615385
495  4287.75736236  0.115384615385
496  4287.75736236  0.115384615385
497  4287.75736236  0.115384615385
498  4287.75736236  0.115384615385
499  4287.75736236  0.115384615385
500  4287.75736236  0.115384615385
501  4287.75736236  0.115384615385
502  4287.75736236  0.115384615385
503  4287.75736236  0.115384615385
504  4287.75736236  0.115384615385
505  4287.75736236  0.115384615385
506  4287.75736236  0.115384615385
507  4287.75736236  0.115384615385
508  4287.75736236  0.115384615385
509  4287.75736236  0.115384615385
510  4287.75736236  0.115384615385
511  4287.75736236  0.115384615385
512  4287.75736236  0.115384615385
513  4287.75736236  0.115384615385
514  4287.75736236  0.115384615385
515  4287.75736236  0.115384615385
516  4287.75736236  0.115384615385
517  4287.75736236  0.115384615385
518  4287.75736236  0.115384615385
519  4287.75736236  0.115384615385
520  4287.75736236  0.115384615385
521  4287.75736236  0.115384615385
522  4287.75736236  0.115384615385
523  4287.75736236  0.115384615385
524  4287.75736236  0.115384615385
525  4287.75736236  0.115384615385
526  4287.75736236  0.115384615385
527  4287.75736236  0.115384615385
528  4287.75736236  0.115384615385
529  4287.75736236  0.115384615385
530  4287.75736236  0.115384615385
531  4287.75736236  0.115384615385
532  4287.75736236  0.115384615385
533  4287.75736236  0.115384615385
534  4287.75736236  0.115384615385
535  4287.75736236  0.115384615385
536  4287.75736236  0.115384615385
537  4287.75736236  0.115384615385
538  4287.75736236  0.115384615385
539  4287.75736236  0.115384615385
540  4287.75736236  0.115384615385
541  4287.75736236  0.115384615385
542  4287.75736236  0.115384615385
543  4287.75736236  0.115384615385
544  4287.75736236  0.115384615385
545  4287.75736236  0.115384615385
546  4287.75736236  0.115384615385
547  4287.75736236  0.115384615385
548  4287.75736236  0.115384615385
549  4287.75736236  0.115384615385
550  4287.75736236  0.115384615385
551  4287.75736236  0.115384615385
552  4287.75736236  0.115384615385
553  4287.75736236  0.115384615385
554  4287.75736236  0.115384615385
555  4287.75736236  0.115384615385
556  4287.75736236  0.115384615385
557  4287.75736236  0.115384615385
558  4287.75736236  0.115384615385
559  4287.75736236  0.115384615385
560  4287.75736236  0.115384615385
561  4287.75736236  0.115384615385
562  4287.75736236  0.115384615385
563  4287.75736236  0.115384615385
564  4287.75736236  0.115384615385
565  4287.75736236  0.115384615385
566  4287.75736236  0.115384615385
567  4287.75736236  0.115384615385
568  4287.75736236  0.115384615385
569  4287.75736236  0.115384615385
570  4287.75736236  0.115384615385
571  4287.75736236  0.115384615385
572  4287.75736236  0.115384615385
573  4287.75736236  0.115384615385
574  4287.75736236  0.115384615385
575  4287.75736236  0.115384615385
576  4287.75736236  0.115384615385
577  4287.75736236  0.115384615385
578  4287.75736236  0.115384615385
579  4287.75736236  0.115384615385
580  4287.75736236  0.115384615385
581  4287.75736236  0.115384615385
582  4287.75736236  0.115384615385
583  4287.75736236  0.115384615385
584  4287.75736236  0.115384615385
585  4287.75736236  0.115384615385
586  4287.75736236  0.115384615385
587  4287.75736236  0.115384615385
588  4287.75736236  0.115384615385
589  4287.75736236  0.115384615385
590  4287.75736236  0.115384615385
591  4287.75736236  0.115384615385
592  4287.75736236  0.115384615385
593  4287.75736236  0.115384615385
594  4287.75736236  0.115384615385
595  4287.75736236  0.115384615385
596  4287.75736236  0.115384615385
597  4287.75736236  0.115384615385
598  4287.75736236  0.115384615385
599  4287.75736236  0.115384615385
600  4287.75736236  0.115384615385
601  4287.75736236  0.115384615385
602  4287.75736236  0.115384615385
603  4287.75736236  0.115384615385
604  4287.75736236  0.115384615385
605  4287.75736236  0.115384615385
606  4287.75736236  0.115384615385
607  4287.75736236  0.115384615385
608  4287.75736236  0.115384615385
609  4287.75736236  0.115384615385
610  4287.75736236  0.115384615385
611  4287.75736236  0.115384615385
612  4287.75736236  0.115384615385
613  4287.75736236  0.115384615385
614  4287.75736236  0.115384615385
615  4287.75736236  0.115384615385
616  4287.75736236  0.115384615385
617  4287.75736236  0.115384615385
618  4287.75736236  0.115384615385
619  4287.75736236  0.115384615385
620  4287.75736236  0.115384615385
621  4287.75736236  0.115384615385
622  4287.75736236  0.115384615385
623  4287.75736236  0.115384615385
624  4287.75736236  0.115384615385
625  4287.75736236  0.115384615385
626  4287.75736236  0.115384615385
627  4287.75736236  0.115384615385
628  4287.75736236  0.115384615385
629  4287.75736236  0.115384615385
630  4287.75736236  0.115384615385
631  4287.75736236  0.115384615385
632  4287.75736236  0.115384615385
633  4287.75736236  0.115384615385
634  4287.75736236  0.115384615385
635  4287.75736236  0.115384615385
636  4287.75736236  0.115384615385
637  4287.75736236  0.115384615385
638  4287.75736236  0.115384615385
639  4287.75736236  0.115384615385
640  4287.75736236  0.115384615385
641  4287.75736236  0.115384615385
642  4287.75736236  0.115384615385
643  4287.75736236  0.115384615385
644  4287.75736236  0.115384615385
645  4287.75736236  0.115384615385
646  4287.75736236  0.115384615385
647  4287.75736236  0.115384615385
648  4287.75736236  0.115384615385
649  4287.75736236  0.115384615385
650  4287.75736236  0.115384615385
651  4287.75736236  0.115384615385
652  4287.75736236  0.115384615385
653  4287.75736236  0.115384615385
654  4287.75736236  0.115384615385
655  4287.75736236  0.115384615385
656  4287.75736236  0.115384615385
657  4287.75736236  0.115384615385
658  4287.75736236  0.115384615385
659  4287.75736236  0.115384615385
660  4287.75736236  0.115384615385
661  4287.75736236  0.115384615385
662  4287.75736236  0.115384615385
663  4287.75736236  0.115384615385
664  4287.75736236  0.115384615385
665  4287.75736236  0.115384615385
666  4287.75736236  0.115384615385
667  4287.75736236  0.115384615385
668  4287.75736236  0.115384615385
669  4287.75736236  0.115384615385
670  4287.75736236  0.115384615385
671  4287.75736236  0.115384615385
672  4287.75736236  0.115384615385
673  4287.75736236  0.115384615385
674  4287.75736236  0.115384615385
675  4287.75736236  0.115384615385
676  4287.75736236  0.115384615385
677  4287.75736236  0.115384615385
678  4287.75736236  0.115384615385
679  4287.75736236  0.115384615385
680  4287.75736236  0.115384615385
681  4287.75736236  0.115384615385
682  4287.75736236  0.115384615385
683  4287.75736236  0.115384615385
684  4287.75736236  0.115384615385
685  4287.75736236  0.115384615385
686  4287.75736236  0.115384615385
687  4287.75736236  0.115384615385
688  4287.75736236  0.115384615385
689  4287.75736236  0.115384615385
690  4287.75736236  0.115384615385
691  4287.75736236  0.115384615385
692  4287.75736236  0.115384615385
693  4287.75736236  0.115384615385
694  4287.75736236  0.115384615385
695  4287.75736236  0.115384615385
696  4287.75736236  0.115384615385
697  4287.75736236  0.115384615385
698  4287.75736236  0.115384615385
699  4287.75736236  0.115384615385
700  4287.75736236  0.115384615385
701  4287.75736236  0.115384615385
702  4287.75736236  0.115384615385
703  4287.75736236  0.115384615385
704  4287.75736236  0.115384615385
705  4287.75736236  0.115384615385
706  4287.75736236  0.115384615385
707  4287.75736236  0.115384615385
708  4287.75736236  0.115384615385
709  4287.75736236  0.115384615385
710  4287.75736236  0.115384615385
711  4287.75736236  0.115384615385
712  4287.75736236  0.115384615385
713  4287.75736236  0.115384615385
714  4287.75736236  0.115384615385
715  4287.75736236  0.115384615385
716  4287.75736236  0.115384615385
717  4287.75736236  0.115384615385
718  4287.75736236  0.115384615385
719  4287.75736236  0.115384615385
720  4287.75736236  0.115384615385
721  4287.75736236  0.115384615385
722  4287.75736236  0.115384615385
723  4287.75736236  0.115384615385
724  4287.75736236  0.115384615385
725  4287.75736236  0.115384615385
726  4287.75736236  0.115384615385
727  4287.75736236  0.115384615385
728  4287.75736236  0.115384615385
729  4287.75736236  0.115384615385
730  4287.75736236  0.115384615385
731  4287.75736236  0.115384615385
732  4287.75736236  0.115384615385
733  4287.75736236  0.115384615385
734  4287.75736236  0.115384615385
735  4287.75736236  0.115384615385
736  4287.75736236  0.115384615385
737  4287.75736236  0.115384615385
738  4287.75736236  0.115384615385
739  4287.75736236  0.115384615385
740  4287.75736236  0.115384615385
741  4287.75736236  0.115384615385
742  4287.75736236  0.115384615385
743  4287.75736236  0.115384615385
744  4287.75736236  0.115384615385
745  4287.75736236  0.115384615385
746  4287.75736236  0.115384615385
747  4287.75736236  0.115384615385
748  4287.75736236  0.115384615385
749  4287.75736236  0.115384615385
750  4287.75736236  0.115384615385
751  4287.75736236  0.115384615385
752  4287.75736236  0.115384615385
753  4287.75736236  0.115384615385
754  4287.75736236  0.115384615385
755  4287.75736236  0.115384615385
756  4287.75736236  0.115384615385
757  4287.75736236  0.115384615385
758  4287.75736236  0.115384615385
759  4287.75736236  0.115384615385
760  4287.75736236  0.115384615385
761  4287.75736236  0.115384615385
762  4287.75736236  0.115384615385
763  4287.75736236  0.115384615385
764  4287.75736236  0.115384615385
765  4287.75736236  0.115384615385
766  4287.75736236  0.115384615385
767  4287.75736236  0.115384615385
768  4287.75736236  0.115384615385
769  4287.75736236  0.115384615385
770  4287.75736236  0.115384615385
771  4287.75736236  0.115384615385
772  4287.75736236  0.115384615385
773  4287.75736236  0.115384615385
774  4287.75736236  0.115384615385
775  4287.75736236  0.115384615385
776  4287.75736236  0.115384615385
777  4287.75736236  0.115384615385
778  4287.75736236  0.115384615385
779  4287.75736236  0.115384615385
780  4287.75736236  0.115384615385
781  4287.75736236  0.115384615385
782  4287.75736236  0.115384615385
783  4287.75736236  0.115384615385
784  4287.75736236  0.115384615385
785  4287.75736236  0.115384615385
786  4287.75736236  0.115384615385
787  4287.75736236  0.115384615385
788  4287.75736236  0.115384615385
789  4287.75736236  0.115384615385
790  4287.75736236  0.115384615385
791  4287.75736236  0.115384615385
792  4287.75736236  0.115384615385
793  4287.75736236  0.115384615385
794  4287.75736236  0.115384615385
795  4287.75736236  0.115384615385
796  3970.23125  0.0846153846154
797  3978.224375  0.0846153846154
798  3983.8195625  0.0846153846154
799  3987.73619375  0.0846153846154
800  3990.47783562  0.0846153846154
801  3992.39698494  0.0846153846154
802  3993.74038946  0.0846153846154
803  3994.68077262  0.0846153846154
804  3995.33904083  0.0846153846154
805  3995.79982858  0.0846153846154
806  3996.12238001  0.0846153846154
807  3996.34816601  0.0846153846154
808  3996.5062162  0.0846153846154
809  3996.61685134  0.0846153846154
810  3996.69429594  0.0846153846154
811  3996.74850716  0.0846153846154
812  3996.78645501  0.0846153846154
813  3996.81301851  0.0846153846154
814  3996.83161296  0.0846153846154
815  3996.84462907  0.0846153846154
816  3996.85374035  0.0846153846154
817  3996.86011824  0.0846153846154
818  3996.86458277  0.0846153846154
819  3996.86770794  0.0846153846154
820  3996.86989556  0.0846153846154
821  3996.87142689  0.0846153846154
822  3996.87249882  0.0846153846154
823  3996.87324918  0.0846153846154
824  3996.87377442  0.0846153846154
825  3996.8741421  0.0846153846154
826  3996.87439947  0.0846153846154
827  3996.87457963  0.0846153846154
828  3996.87470574  0.0846153846154
829  3996.87479402  0.0846153846154
830  3996.87485581  0.0846153846154
831  3996.87489907  0.0846153846154
832  3996.87492935  0.0846153846154
833  3996.87495054  0.0846153846154
834  3996.87496538  0.0846153846154
835  3996.87497577  0.0846153846154
836  3996.87498304  0.0846153846154
837  3996.87498813  0.0846153846154
838  3996.87499169  0.0846153846154
839  3996.87499418  0.0846153846154
840  3996.87499593  0.0846153846154
841  3996.87499715  0.0846153846154
842  3996.874998  0.0846153846154
843  3996.8749986  0.0846153846154
844  3996.87499902  0.0846153846154
845  3996.87499932  0.0846153846154
846  3996.87499952  0.0846153846154
847  3996.87499966  0.0846153846154
848  3996.87499977  0.0846153846154
849  3996.87499984  0.0846153846154
850  3996.87499988  0.0846153846154
851  3996.87499992  0.0846153846154
852  3996.87499994  0.0846153846154
853  3996.87499996  0.0846153846154
854  3996.87499997  0.0846153846154
855  3996.87499998  0.0846153846154
856  3996.87499999  0.0846153846154
857  3996.87499999  0.0846153846154
858  3996.87499999  0.0846153846154
859  3996.875  0.0846153846154
860  3996.875  0.0846153846154
861  3996.875  0.0846153846154
862  3996.875  0.0846153846154
863  3996.875  0.0846153846154
864  3996.875  0.0846153846154
865  3996.875  0.0846153846154
866  3996.875  0.0846153846154
867  3996.875  0.0846153846154
868  3996.875  0.0846153846154
869  3996.875  0.0846153846154
870  3996.875  0.0846153846154
871  3996.875  0.0846153846154
872  3996.875  0.0846153846154
873  3996.875  0.0846153846154
874  3996.875  0.0846153846154
875  3996.875  0.0846153846154
876  3996.875  0.0846153846154
877  3996.875  0.0846153846154
878  3996.875  0.0846153846154
879  3996.875  0.0846153846154
880  3996.875  0.0846153846154
881  3996.875  0.0846153846154
882  3996.875  0.0846153846154
883  3996.875  0.0846153846154
884  3996.875  0.0846153846154
885  3996.875  0.0846153846154
886  3996.875  0.0846153846154
887  3996.875  0.0846153846154
888  3996.875  0.0846153846154
889  3996.875  0.0846153846154
890  3996.875  0.0846153846154
891  3996.875  0.0846153846154
892  3996.875  0.0846153846154
893  3996.875  0.0846153846154
894  3996.875  0.0846153846154
895  3996.875  0.0846153846154
896  3996.875  0.0846153846154
897  3996.875  0.0846153846154
898  3996.875  0.0846153846154
899  3996.875  0.0846153846154
900  3996.875  0.0846153846154
901  3996.875  0.0846153846154
902  3996.875  0.0846153846154
903  3996.875  0.0846153846154
904  3996.875  0.0846153846154
905  3996.875  0.0846153846154
906  3996.875  0.0846153846154
907  3996.875  0.0846153846154
908  3996.875  0.0846153846154
909  3996.875  0.0846153846154
910  3996.875  0.0846153846154
911  3996.875  0.0846153846154
912  3996.875  0.0846153846154
913  3996.875  0.0846153846154
914  3996.875  0.0846153846154
915  3996.875  0.0846153846154
916  3996.875  0.0846153846154
917  4217.5925  0.0846153846154
918  4220.78975  0.0846153846154
919  4223.027825  0.0846153846154
920  4224.5944775  0.0846153846154
921  4225.69113425  0.0846153846154
922  4226.45879397  0.0846153846154
923  4226.99615578  0.0846153846154
924  4227.37230905  0.0846153846154
925  4227.63561633  0.0846153846154
926  4227.81993143  0.0846153846154
927  4227.948952  0.0846153846154
928  4228.0392664  0.0846153846154
929  4228.10248648  0.0846153846154
930  4228.14674054  0.0846153846154
931  4228.17771838  0.0846153846154
932  4228.19940286  0.0846153846154
933  4228.214582  0.0846153846154
934  4228.2252074  0.0846153846154
935  4228.23264518  0.0846153846154
936  4228.23785163  0.0846153846154
937  4228.24149614  0.0846153846154
938  4228.2440473  0.0846153846154
939  4228.24583311  0.0846153846154
940  4228.24708318  0.0846153846154
941  4228.24795822  0.0846153846154
942  4228.24857076  0.0846153846154
943  4228.24899953  0.0846153846154
944  4228.24929967  0.0846153846154
945  4228.24950977  0.0846153846154
946  4228.24965684  0.0846153846154
947  4228.24975979  0.0846153846154
948  4228.24983185  0.0846153846154
949  4228.2498823  0.0846153846154
950  4228.24991761  0.0846153846154
951  4228.24994232  0.0846153846154
952  4228.24995963  0.0846153846154
953  4228.24997174  0.0846153846154
954  4228.24998022  0.0846153846154
955  4228.24998615  0.0846153846154
956  4228.24999031  0.0846153846154
957  4228.24999321  0.0846153846154
958  4228.24999525  0.0846153846154
959  4228.24999668  0.0846153846154
960  4228.24999767  0.0846153846154
961  4228.24999837  0.0846153846154
962  4228.24999886  0.0846153846154
963  4228.2499992  0.0846153846154
964  4228.24999944  0.0846153846154
965  4228.24999961  0.0846153846154
966  4228.24999973  0.0846153846154
967  4228.24999981  0.0846153846154
968  4228.24999987  0.0846153846154
969  4228.24999991  0.0846153846154
970  4228.24999993  0.0846153846154
971  4228.24999995  0.0846153846154
972  4228.24999997  0.0846153846154
973  4228.24999998  0.0846153846154
974  4228.24999998  0.0846153846154
975  4228.24999999  0.0846153846154
976  4228.24999999  0.0846153846154
977  4228.24999999  0.0846153846154
978  4228.25  0.0846153846154
979  4228.25  0.0846153846154
980  4228.25  0.0846153846154
981  4228.25  0.0846153846154
982  4228.25  0.0846153846154
983  4228.25  0.0846153846154
984  4228.25  0.0846153846154
985  4228.25  0.0846153846154
986  4228.25  0.0846153846154
987  4228.25  0.0846153846154
988  4228.25  0.0846153846154
989  4228.25  0.0846153846154
990  4228.25  0.0846153846154
991  4228.25  0.0846153846154
992  4228.25  0.0846153846154
993  4228.25  0.0846153846154
994  4228.25  0.0846153846154
995  4228.25  0.0846153846154
996  4228.25  0.0846153846154
997  4228.25  0.0846153846154
998  4228.25  0.0846153846154
999  4228.25  0.0846153846154
1000  4228.25  0.0846153846154
1001  4228.25  0.0846153846154
1002  4228.25  0.0846153846154
1003  4228.25  0.0846153846154
1004  4228.25  0.0846153846154
1005  4228.25  0.0846153846154
1006  4228.25  0.0846153846154
1007  4228.25  0.0846153846154
1008  4228.25  0.0846153846154
1009  4228.25  0.0846153846154
1010  4228.25  0.0846153846154
1011  4228.25  0.0846153846154
1012  4228.25  0.0846153846154
1013  4228.25  0.0846153846154
1014  4228.25  0.0846153846154
1015  4228.25  0.0846153846154
1016  4228.25  0.0846153846154
1017  4228.25  0.0846153846154
1018  4228.25  0.0846153846154
1019  4228.25  0.0846153846154
1020  4228.25  0.0846153846154
1021  4228.25  0.0846153846154
1022  4228.25  0.0846153846154
1023  4228.25  0.0846153846154
1024  4228.25  0.0846153846154
1025  4228.25  0.0846153846154
1026  4228.25  0.0846153846154
1027  4228.25  0.0846153846154
1028  4228.25  0.0846153846154
1029  4228.25  0.0846153846154
1030  4228.25  0.0846153846154
1031  4228.25  0.0846153846154
1032  4228.25  0.0846153846154
1033  4228.25  0.0846153846154
1034  4228.25  0.0846153846154
1035  4228.25  0.0846153846154
1036  4228.25  0.0846153846154
1037  4228.25  0.0846153846154
1038  4228.25  0.0846153846154
1039  4228.25  0.0846153846154
1040  4228.25  0.0846153846154
1041  4228.25  0.0846153846154
1042  4228.25  0.0846153846154
1043  4228.25  0.0846153846154
1044  4228.25  0.0846153846154
1045  4228.25  0.0846153846154
1046  4228.25  0.0846153846154
1047  4228.25  0.0846153846154
1048  4228.25  0.0846153846154
1049  4228.25  0.0846153846154
1050  4228.25  0.0846153846154
1051  4228.25  0.0846153846154
1052  4228.25  0.0846153846154
1053  4228.25  0.0846153846154
1054  4228.25  0.0846153846154
1055  4228.25  0.0846153846154
1056  4228.25  0.0846153846154
1057  4228.25  0.0846153846154
1058  4228.25  0.0846153846154
1059  4228.25  0.0846153846154
1060  4228.25  0.0846153846154
1061  4228.25  0.0846153846154
1062  4228.25  0.0846153846154
1063  4228.25  0.0846153846154
1064  4228.25  0.0846153846154
1065  4228.25  0.0846153846154
1066  4228.25  0.0846153846154
1067  4228.25  0.0846153846154
1068  4228.25  0.0846153846154
1069  4228.25  0.0846153846154
1070  4228.25  0.0846153846154
1071  4228.25  0.0846153846154
1072  4228.25  0.0846153846154
1073  4228.25  0.0846153846154
1074  4228.25  0.0846153846154
1075  4228.25  0.0846153846154
1076  4228.25  0.0846153846154
1077  4228.25  0.0846153846154
1078  4228.25  0.0846153846154
1079  4228.25  0.0846153846154
1080  4228.25  0.0846153846154
1081  4228.25  0.0846153846154
1082  4228.25  0.0846153846154
1083  4228.25  0.0846153846154
1084  4228.25  0.0846153846154
1085  4228.25  0.0846153846154
1086  4228.25  0.0846153846154
1087  4228.25  0.0846153846154
1088  4228.25  0.0846153846154
1089  4228.25  0.0846153846154
1090  4228.25  0.0846153846154
1091  4228.25  0.0846153846154
1092  4228.25  0.0846153846154
1093  4228.25  0.0846153846154
1094  4228.25  0.0846153846154
1095  4228.25  0.0846153846154
1096  4228.25  0.0846153846154
1097  4228.25  0.0846153846154
1098  4228.25  0.0846153846154
1099  4228.25  0.0846153846154
1100  4228.25  0.0846153846154
1101  4228.25  0.0846153846154
1102  4228.25  0.0846153846154
1103  4228.25  0.0846153846154
1104  4228.25  0.0846153846154
1105  4228.25  0.0846153846154
1106  4228.25  0.0846153846154
1107  4228.25  0.0846153846154
1108  4228.25  0.0846153846154
1109  4228.25  0.0846153846154
1110  4228.25  0.0846153846154
1111  4228.25  0.0846153846154
1112  4228.25  0.0846153846154
1113  4228.25  0.0846153846154
1114  4228.25  0.0846153846154
1115  4228.25  0.0846153846154
1116  4228.25  0.0846153846154
1117  4228.25  0.0846153846154
1118  4228.25  0.0846153846154
1119  4228.25  0.0846153846154
1120  4228.25  0.0846153846154
1121  4228.25  0.0846153846154
1122  4228.25  0.0846153846154
1123  4228.25  0.0846153846154
1124  4228.25  0.0846153846154
1125  4228.25  0.0846153846154
1126  4228.25  0.0846153846154
1127  4228.25  0.0846153846154
1128  4228.25  0.0846153846154
1129  4228.25  0.0846153846154
1130  4228.25  0.0846153846154
1131  4228.25  0.0846153846154
1132  4228.25  0.0846153846154
1133  4228.25  0.0846153846154
1134  4228.25  0.0846153846154
1135  4228.25  0.0846153846154
1136  4228.25  0.0846153846154
1137  4228.25  0.0846153846154
1138  4228.25  0.0846153846154
1139  4228.25  0.0846153846154
1140  4228.25  0.0846153846154
1141  4228.25  0.0846153846154
1142  4228.25  0.0846153846154
1143  4228.25  0.0846153846154
1144  4228.25  0.0846153846154
1145  4228.25  0.0846153846154
1146  4228.25  0.0846153846154
1147  4228.25  0.0846153846154
1148  4228.25  0.0846153846154
1149  4228.25  0.0846153846154
1150  4228.25  0.0846153846154
1151  4228.25  0.0846153846154
1152  4228.25  0.0846153846154
1153  4228.25  0.0846153846154
1154  4228.25  0.0846153846154
1155  4228.25  0.0846153846154
1156  4228.25  0.0846153846154
1157  4228.25  0.0846153846154
1158  4228.25  0.0846153846154
1159  4228.25  0.0846153846154
1160  4228.25  0.0846153846154
1161  4228.25  0.0846153846154
1162  4228.25  0.0846153846154
1163  4228.25  0.0846153846154
1164  4228.25  0.0846153846154
1165  4228.25  0.0846153846154
1166  4228.25  0.0846153846154
1167  4228.25  0.0846153846154
1168  4228.25  0.0846153846154
1169  4228.25  0.0846153846154
1170  4228.25  0.0846153846154
1171  4228.25  0.0846153846154
1172  4228.25  0.0846153846154
1173  4228.25  0.0846153846154
1174  4228.25  0.0846153846154
1175  4228.25  0.0846153846154
1176  4228.25  0.0846153846154
1177  4228.25  0.0846153846154
1178  4228.25  0.0846153846154
1179  4228.25  0.0846153846154
1180  4228.25  0.0846153846154
1181  4228.25  0.0846153846154
1182  4228.25  0.0846153846154
1183  4228.25  0.0846153846154
1184  4228.25  0.0846153846154
1185  4228.25  0.0846153846154
1186  4228.25  0.0846153846154
1187  4228.25  0.0846153846154
1188  4228.25  0.0846153846154
1189  4228.25  0.0846153846154
1190  4228.25  0.0846153846154
1191  4228.25  0.0846153846154
1192  4228.25  0.0846153846154
1193  4228.25  0.0846153846154
1194  4228.25  0.0846153846154
1195  4228.25  0.0846153846154
1196  4228.25  0.0846153846154
1197  4228.25  0.0846153846154
1198  4228.25  0.0846153846154
1199  4228.25  0.0846153846154
1200  4228.25  0.0846153846154
1201  4228.25  0.0846153846154
1202  4228.25  0.0846153846154
1203  4228.25  0.0846153846154
1204  4228.25  0.0846153846154
1205  4228.25  0.0846153846154
1206  4228.25  0.0846153846154
1207  4228.25  0.0846153846154
1208  4228.25  0.0846153846154
1209  4228.25  0.0846153846154
1210  4228.25  0.0846153846154
1211  4228.25  0.0846153846154
1212  4228.25  0.0846153846154
1213  4228.25  0.0846153846154
1214  4228.25  0.0846153846154
1215  4228.25  0.0846153846154
1216  4228.25  0.0846153846154
1217  4228.25  0.0846153846154
1218  4228.25  0.0846153846154
1219  4228.25  0.0846153846154
1220  4228.25  0.0846153846154
1221  4228.25  0.0846153846154
1222  4228.25  0.0846153846154
1223  4228.25  0.0846153846154
1224  4228.25  0.0846153846154
1225  4228.25  0.0846153846154
1226  4228.25  0.0846153846154
1227  4228.25  0.0846153846154
1228  4228.25  0.0846153846154
1229  4228.25  0.0846153846154
1230  4228.25  0.0846153846154
1231  4228.25  0.0846153846154
1232  4228.25  0.0846153846154
1233  4228.25  0.0846153846154
1234  4228.25  0.0846153846154
1235  4228.25  0.0846153846154
1236  4228.25  0.0846153846154
1237  4228.25  0.0846153846154
1238  4228.25  0.0846153846154
1239  4228.25  0.0846153846154
1240  4228.25  0.0846153846154
1241  4228.25  0.0846153846154
1242  4228.25  0.0846153846154
1243  4228.25  0.0846153846154
1244  4228.25  0.0846153846154
1245  4228.25  0.0846153846154
1246  4228.25  0.0846153846154
1247  4228.25  0.0846153846154
1248  4228.25  0.0846153846154
1249  4228.25  0.0846153846154
1250  4228.25  0.0846153846154
1251  4228.25  0.0846153846154
1252  4228.25  0.0846153846154
1253  4228.25  0.0846153846154
1254  4228.25  0.0846153846154
1255  4228.25  0.0846153846154
1256  4228.25  0.0846153846154
1257  4228.25  0.0846153846154
1258  4228.25  0.0846153846154
1259  4228.25  0.0846153846154
1260  4228.25  0.0846153846154
1261  4228.25  0.0846153846154
1262  4228.25  0.0846153846154
1263  4228.25  0.0846153846154
1264  4228.25  0.0846153846154
1265  4228.25  0.0846153846154
1266  4228.25  0.0846153846154
1267  4228.25  0.0846153846154
1268  4228.25  0.0846153846154
1269  4228.25  0.0846153846154
1270  4228.25  0.0846153846154
1271  4228.25  0.0846153846154
1272  4228.25  0.0846153846154
1273  4228.25  0.0846153846154
1274  4228.25  0.0846153846154
1275  4228.25  0.0846153846154
1276  4228.25  0.0846153846154
1277  4228.25  0.0846153846154
1278  4228.25  0.0846153846154
1279  4228.25  0.0846153846154
1280  4228.25  0.0846153846154
1281  4228.25  0.0846153846154
1282  4228.25  0.0846153846154
1283  4228.25  0.0846153846154
1284  4228.25  0.0846153846154
1285  4228.25  0.0846153846154
1286  4228.25  0.0846153846154
1287  4228.25  0.0846153846154
1288  4228.25  0.0846153846154
1289  4228.25  0.0846153846154
1290  4228.25  0.0846153846154
1291  4228.25  0.0846153846154
1292  4228.25  0.0846153846154
1293  4228.25  0.0846153846154
1294  4228.25  0.0846153846154
1295  4228.25  0.0846153846154
1296  4228.25  0.0846153846154
1297  4228.25  0.0846153846154
1298  4228.25  0.0846153846154
1299  4228.25  0.0846153846154
1300  4228.25  0.0846153846154
1301  4228.25  0.0846153846154
1302  4228.25  0.0846153846154
1303  4228.25  0.0846153846154
1304  4228.25  0.0846153846154
1305  4228.25  0.0846153846154
1306  4228.25  0.0846153846154
1307  4228.25  0.0846153846154
1308  4228.25  0.0846153846154
1309  4228.25  0.0846153846154
1310  4228.25  0.0846153846154
1311  4228.25  0.0846153846154
1312  4228.25  0.0846153846154
1313  4228.25  0.0846153846154
1314  4228.25  0.0846153846154
1315  4228.25  0.0846153846154
1316  4228.25  0.0846153846154
1317  4228.25  0.0846153846154
1318  4228.25  0.0846153846154
1319  4228.25  0.0846153846154
1320  4228.25  0.0846153846154
1321  4228.25  0.0846153846154
1322  4228.25  0.0846153846154
1323  4228.25  0.0846153846154
1324  4228.25  0.0846153846154
1325  4228.25  0.0846153846154
1326  4228.25  0.0846153846154
1327  4228.25  0.0846153846154
1328  4228.25  0.0846153846154
1329  4228.25  0.0846153846154
1330  4228.25  0.0846153846154
1331  4228.25  0.0846153846154
1332  4228.25  0.0846153846154
1333  4228.25  0.0846153846154
1334  4228.25  0.0846153846154
1335  4228.25  0.0846153846154
1336  4228.25  0.0846153846154
1337  4228.25  0.0846153846154
1338  4228.25  0.0846153846154
1339  4228.25  0.0846153846154
1340  4228.25  0.0846153846154
1341  4228.25  0.0846153846154
1342  4228.25  0.0846153846154
1343  4228.25  0.0846153846154
1344  4228.25  0.0846153846154
1345  4228.25  0.0846153846154
1346  4228.25  0.0846153846154
1347  4228.25  0.0846153846154
1348  4228.25  0.0846153846154
1349  4228.25  0.0846153846154
1350  4237.29109375  0.146153846154
1351  4241.65777539  0.146153846154
1352  4244.70083542  0.146153846154
1353  4246.8236197  0.146153846154
1354  4248.30592108  0.146153846154
1355  4249.34202034  0.146153846154
1356  4250.06695563  0.146153846154
1357  4250.57468107  0.146153846154
1358  4250.93063122  0.146153846154
1359  4251.18042329  0.146153846154
1360  4251.35589052  0.146153846154
1361  4251.47926915  0.146153846154
1362  4251.56610697  0.146153846154
1363  4251.62728586  0.146153846154
1364  4251.67042945  0.146153846154
1365  4251.70088396  0.146153846154
1366  4251.72240216  0.146153846154
1367  4251.73762084  0.146153846154
1368  4251.74839452  0.146153846154
1369  4251.75602873  0.146153846154
1370  4251.76144344  0.146153846154
1371  4251.76528756  0.146153846154
1372  4251.7680192  0.146153846154
1373  4251.76996213  0.146153846154
1374  4251.77134534  0.146153846154
1375  4251.77233099  0.146153846154
1376  4251.77303399  0.146153846154
1377  4251.77353584  0.146153846154
1378  4251.77389442  0.146153846154
1379  4251.77415086  0.146153846154
1380  4251.77433441  0.146153846154
1381  4251.77446591  0.146153846154
1382  4251.77456019  0.146153846154
1383  4251.77462786  0.146153846154
1384  4251.77467645  0.146153846154
1385  4251.77471138  0.146153846154
1386  4251.77473652  0.146153846154
1387  4251.77475461  0.146153846154
1388  4251.77476765  0.146153846154
1389  4251.77477705  0.146153846154
1390  4251.77478383  0.146153846154
1391  4251.77478873  0.146153846154
1392  4251.77479227  0.146153846154
1393  4251.77479484  0.146153846154
1394  4251.77479669  0.146153846154
1395  4251.77479803  0.146153846154
1396  4251.774799  0.146153846154
1397  4251.77479971  0.146153846154
1398  4251.77480022  0.146153846154
1399  4251.77480059  0.146153846154
1400  4251.77480086  0.146153846154
1401  4251.77480106  0.146153846154
1402  4251.7748012  0.146153846154
1403  4251.77480131  0.146153846154
1404  4251.77480138  0.146153846154
1405  4251.77480144  0.146153846154
1406  4251.77480148  0.146153846154
1407  4251.77480151  0.146153846154
1408  4251.77480153  0.146153846154
1409  4251.77480154  0.146153846154
1410  4251.77480156  0.146153846154
1411  4251.77480156  0.146153846154
1412  4251.77480157  0.146153846154
1413  4251.77480158  0.146153846154
1414  4251.77480158  0.146153846154
1415  4251.77480158  0.146153846154
1416  4251.77480158  0.146153846154
1417  4251.77480158  0.146153846154
1418  4251.77480158  0.146153846154
1419  4251.77480159  0.146153846154
1420  4251.77480159  0.146153846154
1421  4251.77480159  0.146153846154
1422  4251.77480159  0.146153846154
1423  4251.77480159  0.146153846154
1424  4251.77480159  0.146153846154
1425  4251.77480159  0.146153846154
1426  4251.77480159  0.146153846154
1427  4251.77480159  0.146153846154
1428  4251.77480159  0.146153846154
1429  4251.77480159  0.146153846154
1430  4251.77480159  0.146153846154
1431  4251.77480159  0.146153846154
1432  4251.77480159  0.146153846154
1433  4251.77480159  0.146153846154
1434  4251.77480159  0.146153846154
1435  4251.77480159  0.146153846154
1436  4251.77480159  0.146153846154
1437  4251.77480159  0.146153846154
1438  4251.77480159  0.146153846154
1439  4251.77480159  0.146153846154
1440  4251.77480159  0.146153846154
1441  4251.77480159  0.146153846154
1442  4251.77480159  0.146153846154
1443  4251.77480159  0.146153846154
1444  4251.77480159  0.146153846154
1445  4251.77480159  0.146153846154
1446  4251.77480159  0.146153846154
1447  4251.77480159  0.146153846154
1448  4251.77480159  0.146153846154
1449  4251.77480159  0.146153846154
1450  4251.77480159  0.146153846154
1451  4251.77480159  0.146153846154
1452  4251.77480159  0.146153846154
1453  4251.77480159  0.146153846154
1454  4251.77480159  0.146153846154
1455  4251.77480159  0.146153846154
1456  4251.77480159  0.146153846154
1457  4251.77480159  0.146153846154
1458  4251.77480159  0.146153846154
1459  4251.77480159  0.146153846154
1460  4251.77480159  0.146153846154
1461  4251.77480159  0.146153846154
1462  4251.77480159  0.146153846154
1463  4251.77480159  0.146153846154
1464  4251.77480159  0.146153846154
1465  4251.77480159  0.146153846154
1466  4251.77480159  0.146153846154
1467  4251.77480159  0.146153846154
1468  4251.77480159  0.146153846154
1469  4251.77480159  0.146153846154
1470  4251.77480159  0.146153846154
1471  4251.77480159  0.146153846154
1472  4251.77480159  0.146153846154
1473  4251.77480159  0.146153846154
1474  4251.77480159  0.146153846154
1475  4319.225  0.0846153846154
1476  4318.8575  0.0846153846154
1477  4318.60025  0.0846153846154
1478  4318.420175  0.0846153846154
1479  4318.2941225  0.0846153846154
1480  4318.20588575  0.0846153846154
1481  4318.14412003  0.0846153846154
1482  4318.10088402  0.0846153846154
1483  4318.07061881  0.0846153846154
1484  4318.04943317  0.0846153846154
1485  4318.03460322  0.0846153846154
1486  4318.02422225  0.0846153846154
1487  4318.01695558  0.0846153846154
1488  4318.0118689  0.0846153846154
1489  4318.00830823  0.0846153846154
1490  4318.00581576  0.0846153846154
1491  4318.00407103  0.0846153846154
1492  4318.00284972  0.0846153846154
1493  4318.00199481  0.0846153846154
1494  4318.00139636  0.0846153846154
1495  4318.00097746  0.0846153846154
1496  4318.00068422  0.0846153846154
1497  4318.00047895  0.0846153846154
1498  4318.00033527  0.0846153846154
1499  4318.00023469  0.0846153846154
1500  4318.00016428  0.0846153846154
1501  4318.000115  0.0846153846154
1502  4318.0000805  0.0846153846154
1503  4318.00005635  0.0846153846154
1504  4318.00003944  0.0846153846154
1505  4318.00002761  0.0846153846154
1506  4318.00001933  0.0846153846154
1507  4318.00001353  0.0846153846154
1508  4318.00000947  0.0846153846154
1509  4318.00000663  0.0846153846154
1510  4318.00000464  0.0846153846154
1511  4318.00000325  0.0846153846154
1512  4318.00000227  0.0846153846154
1513  4318.00000159  0.0846153846154
1514  4318.00000111  0.0846153846154
1515  4318.00000078  0.0846153846154
1516  4318.00000055  0.0846153846154
1517  4318.00000038  0.0846153846154
1518  4318.00000027  0.0846153846154
1519  4318.00000019  0.0846153846154
1520  4318.00000013  0.0846153846154
1521  4318.00000009  0.0846153846154
1522  4318.00000006  0.0846153846154
1523  4318.00000004  0.0846153846154
1524  4318.00000003  0.0846153846154
1525  4318.00000002  0.0846153846154
1526  4318.00000002  0.0846153846154
1527  4318.00000001  0.0846153846154
1528  4318.00000001  0.0846153846154
1529  4318.00000001  0.0846153846154
1530  4318.0  0.0846153846154
1531  4318.0  0.0846153846154
1532  4318.0  0.0846153846154
1533  4318.0  0.0846153846154
1534  4318.0  0.0846153846154
1535  4318.0  0.0846153846154
1536  4318.0  0.0846153846154
1537  4318.0  0.0846153846154
1538  4318.0  0.0846153846154
1539  4318.0  0.0846153846154
1540  4318.0  0.0846153846154
1541  4318.0  0.0846153846154
1542  4318.0  0.0846153846154
1543  4318.0  0.0846153846154
1544  4318.0  0.0846153846154
1545  4318.0  0.0846153846154
1546  4318.0  0.0846153846154
1547  4318.0  0.0846153846154
1548  4318.0  0.0846153846154
1549  4318.0  0.0846153846154
1550  4318.0  0.0846153846154
1551  4318.0  0.0846153846154
1552  4318.0  0.0846153846154
1553  4318.0  0.0846153846154
1554  4318.0  0.0846153846154
1555  4318.0  0.0846153846154
1556  4318.0  0.0846153846154
1557  4318.0  0.0846153846154
1558  4318.0  0.0846153846154
1559  4318.0  0.0846153846154
1560  4318.0  0.0846153846154
1561  4318.0  0.0846153846154
1562  4318.0  0.0846153846154
1563  4318.0  0.0846153846154
1564  4318.0  0.0846153846154
1565  4318.0  0.0846153846154
1566  4318.0  0.0846153846154
1567  4318.0  0.0846153846154
1568  4318.0  0.0846153846154
1569  4318.0  0.0846153846154
1570  4318.0  0.0846153846154
1571  4318.0  0.0846153846154
1572  4318.0  0.0846153846154
1573  4318.0  0.0846153846154
1574  4318.0  0.0846153846154
1575  4318.0  0.0846153846154
1576  4318.0  0.0846153846154
1577  4318.0  0.0846153846154
1578  4318.0  0.0846153846154
1579  4318.0  0.0846153846154
1580  4318.0  0.0846153846154
1581  4318.0  0.0846153846154
1582  4318.0  0.0846153846154
1583  4318.0  0.0846153846154
1584  4318.0  0.0846153846154
1585  4318.0  0.0846153846154
1586  4318.0  0.0846153846154
1587  4318.0  0.0846153846154
1588  4318.0  0.0846153846154
1589  4318.0  0.0846153846154
1590  4318.0  0.0846153846154
1591  4318.0  0.0846153846154
1592  4318.0  0.0846153846154
1593  4318.0  0.0846153846154
1594  4318.0  0.0846153846154
1595  4318.0  0.0846153846154
1596  4318.0  0.0846153846154
1597  4318.0  0.0846153846154
1598  4318.0  0.0846153846154
1599  4318.0  0.0846153846154
1600  4318.0  0.0846153846154
1601  4318.0  0.0846153846154
1602  4318.0  0.0846153846154
1603  4318.0  0.0846153846154
1604  4318.0  0.0846153846154
1605  4318.0  0.0846153846154
1606  4318.0  0.0846153846154
1607  4318.0  0.0846153846154
1608  4318.0  0.0846153846154
1609  4318.0  0.0846153846154
1610  4318.0  0.0846153846154
1611  4318.0  0.0846153846154
1612  4318.0  0.0846153846154
1613  4318.0  0.0846153846154
1614  4318.0  0.0846153846154
1615  4318.0  0.0846153846154
1616  4318.0  0.0846153846154
1617  4318.0  0.0846153846154
1618  4318.0  0.0846153846154
1619  4318.0  0.0846153846154
1620  4318.0  0.0846153846154
1621  4318.0  0.0846153846154
1622  4318.0  0.0846153846154
1623  4318.0  0.0846153846154
1624  4318.0  0.0846153846154
1625  4318.0  0.0846153846154
1626  4318.0  0.0846153846154
1627  4318.0  0.0846153846154
1628  4318.0  0.0846153846154
1629  4318.0  0.0846153846154
1630  4318.0  0.0846153846154
1631  4318.0  0.0846153846154
1632  4318.0  0.0846153846154
1633  4318.0  0.0846153846154
1634  4318.0  0.0846153846154
1635  4318.0  0.0846153846154
1636  4318.0  0.0846153846154
1637  4318.0  0.0846153846154
1638  4318.0  0.0846153846154
1639  4318.0  0.0846153846154
1640  4318.0  0.0846153846154
1641  4318.0  0.0846153846154
1642  4318.0  0.0846153846154
1643  4318.0  0.0846153846154
1644  4318.0  0.0846153846154
1645  4318.0  0.0846153846154
1646  4318.0  0.0846153846154
1647  4318.0  0.0846153846154
1648  4318.0  0.0846153846154
1649  4318.0  0.0846153846154
1650  4318.0  0.0846153846154
1651  4318.0  0.0846153846154
1652  4318.0  0.0846153846154
1653  4318.0  0.0846153846154
1654  4318.0  0.0846153846154
1655  4318.0  0.0846153846154
1656  4318.0  0.0846153846154
1657  4318.0  0.0846153846154
1658  4318.0  0.0846153846154
1659  4318.0  0.0846153846154
1660  4318.0  0.0846153846154
1661  4318.0  0.0846153846154
1662  4318.0  0.0846153846154
1663  4318.0  0.0846153846154
1664  4318.0  0.0846153846154
1665  4318.0  0.0846153846154
1666  4318.0  0.0846153846154
1667  4318.0  0.0846153846154
1668  4318.0  0.0846153846154
1669  4318.0  0.0846153846154
1670  4318.0  0.0846153846154
1671  4318.0  0.0846153846154
1672  4318.0  0.0846153846154
1673  4318.0  0.0846153846154
1674  4318.0  0.0846153846154
1675  4318.0  0.0846153846154
1676  4318.0  0.0846153846154
1677  4318.0  0.0846153846154
1678  4318.0  0.0846153846154
1679  4318.0  0.0846153846154
1680  4318.0  0.0846153846154
1681  4318.0  0.0846153846154
1682  4318.0  0.0846153846154
1683  4318.0  0.0846153846154
1684  4318.0  0.0846153846154
1685  4318.0  0.0846153846154
1686  4318.0  0.0846153846154
1687  4318.0  0.0846153846154
1688  4318.0  0.0846153846154
1689  4318.0  0.0846153846154
1690  4318.0  0.0846153846154
1691  4318.0  0.0846153846154
1692  4318.0  0.0846153846154
1693  4318.0  0.0846153846154
1694  4318.0  0.0846153846154
1695  4318.0  0.0846153846154
1696  4318.0  0.0846153846154
1697  4318.0  0.0846153846154
1698  4318.0  0.0846153846154
1699  4318.0  0.0846153846154
1700  4318.0  0.0846153846154
1701  4318.0  0.0846153846154
1702  4318.0  0.0846153846154
1703  4318.0  0.0846153846154
1704  4318.0  0.0846153846154
1705  4318.0  0.0846153846154
1706  4318.0  0.0846153846154
1707  4318.0  0.0846153846154
1708  4318.0  0.0846153846154
1709  4318.0  0.0846153846154
1710  4318.0  0.0846153846154
1711  4318.0  0.0846153846154
1712  4318.0  0.0846153846154
1713  4318.0  0.0846153846154
1714  4318.0  0.0846153846154
1715  4318.0  0.0846153846154
1716  4318.0  0.0846153846154
1717  4318.0  0.0846153846154
1718  4318.0  0.0846153846154
1719  4318.0  0.0846153846154
1720  4318.0  0.0846153846154
1721  4318.0  0.0846153846154
1722  4318.0  0.0846153846154
1723  4318.0  0.0846153846154
1724  4318.0  0.0846153846154
1725  4318.0  0.0846153846154
1726  4318.0  0.0846153846154
1727  4318.0  0.0846153846154
1728  4318.0  0.0846153846154
1729  4318.0  0.0846153846154
1730  4318.0  0.0846153846154
1731  4318.0  0.0846153846154
1732  4318.0  0.0846153846154
1733  4318.0  0.0846153846154
1734  4318.0  0.0846153846154
1735  4318.0  0.0846153846154
1736  4318.0  0.0846153846154
1737  4318.0  0.0846153846154
1738  4318.0  0.0846153846154
1739  4318.0  0.0846153846154
1740  4318.0  0.0846153846154
1741  4318.0  0.0846153846154
1742  4318.0  0.0846153846154
1743  4318.0  0.0846153846154
1744  4318.0  0.0846153846154
1745  4318.0  0.0846153846154
1746  4318.0  0.0846153846154
1747  4318.0  0.0846153846154
1748  4318.0  0.0846153846154
1749  4318.0  0.0846153846154
1750  4318.0  0.0846153846154
1751  4318.0  0.0846153846154
1752  4318.0  0.0846153846154
1753  4318.0  0.0846153846154
1754  4318.0  0.0846153846154
1755  4318.0  0.0846153846154
1756  4318.0  0.0846153846154
1757  4318.0  0.0846153846154
1758  4318.0  0.0846153846154
1759  4318.0  0.0846153846154
1760  4318.0  0.0846153846154
1761  4318.0  0.0846153846154
1762  4318.0  0.0846153846154
1763  4318.0  0.0846153846154
1764  4318.0  0.0846153846154
1765  4318.0  0.0846153846154
1766  4318.0  0.0846153846154
1767  4318.0  0.0846153846154
1768  4318.0  0.0846153846154
1769  4318.0  0.0846153846154
1770  4318.0  0.0846153846154
1771  4318.0  0.0846153846154
1772  4318.0  0.0846153846154
1773  4318.0  0.0846153846154
1774  4318.0  0.0846153846154
1775  4318.0  0.0846153846154
1776  4318.0  0.0846153846154
1777  4318.0  0.0846153846154
1778  4318.0  0.0846153846154
1779  4318.0  0.0846153846154
1780  4318.0  0.0846153846154
1781  4318.0  0.0846153846154
1782  4318.0  0.0846153846154
1783  4318.0  0.0846153846154
1784  4318.0  0.0846153846154
1785  4318.0  0.0846153846154
1786  4318.0  0.0846153846154
1787  4318.0  0.0846153846154
1788  4318.0  0.0846153846154
1789  4318.0  0.0846153846154
1790  4318.0  0.0846153846154
1791  4318.0  0.0846153846154
1792  4318.0  0.0846153846154
1793  4318.0  0.0846153846154
1794  4318.0  0.0846153846154
1795  4318.0  0.0846153846154
1796  4318.0  0.0846153846154
1797  4318.0  0.0846153846154
1798  4318.0  0.0846153846154
1799  4318.0  0.0846153846154
1800  4318.0  0.0846153846154
1801  4318.0  0.0846153846154
1802  4318.0  0.0846153846154
1803  4318.0  0.0846153846154
1804  4318.0  0.0846153846154
1805  4318.0  0.0846153846154
1806  4318.0  0.0846153846154
1807  4318.0  0.0846153846154
1808  4318.0  0.0846153846154
1809  4318.0  0.0846153846154
1810  4318.0  0.0846153846154
1811  4318.0  0.0846153846154
1812  4318.0  0.0846153846154
1813  4318.0  0.0846153846154
1814  4318.0  0.0846153846154
1815  4318.0  0.0846153846154
1816  4318.0  0.0846153846154
1817  4318.0  0.0846153846154
1818  4318.0  0.0846153846154
1819  4318.0  0.0846153846154
1820  4318.0  0.0846153846154
1821  4318.0  0.0846153846154
1822  4318.0  0.0846153846154
1823  4318.0  0.0846153846154
1824  4318.0  0.0846153846154
1825  4318.0  0.0846153846154
1826  4318.0  0.0846153846154
1827  4318.0  0.0846153846154
1828  4318.0  0.0846153846154
1829  4318.0  0.0846153846154
1830  4318.0  0.0846153846154
1831  4318.0  0.0846153846154
1832  4318.0  0.0846153846154
1833  4318.0  0.0846153846154
1834  4318.0  0.0846153846154
1835  4318.0  0.0846153846154
1836  4318.0  0.0846153846154
1837  4318.0  0.0846153846154
1838  4318.0  0.0846153846154
1839  4318.0  0.0846153846154
1840  4318.0  0.0846153846154
1841  4318.0  0.0846153846154
1842  4318.0  0.0846153846154
1843  4318.0  0.0846153846154
1844  4318.0  0.0846153846154
1845  4318.0  0.0846153846154
1846  4318.0  0.0846153846154
1847  4318.0  0.0846153846154
1848  4318.0  0.0846153846154
1849  4318.0  0.0846153846154
1850  4318.0  0.0846153846154
1851  4318.0  0.0846153846154
1852  4318.0  0.0846153846154
1853  4318.0  0.0846153846154
1854  4318.0  0.0846153846154
1855  4318.0  0.0846153846154
1856  4318.0  0.0846153846154
1857  4318.0  0.0846153846154
1858  4318.0  0.0846153846154
1859  4318.0  0.0846153846154
1860  4318.0  0.0846153846154
1861  4318.0  0.0846153846154
1862  4318.0  0.0846153846154
1863  4318.0  0.0846153846154
1864  4318.0  0.0846153846154
1865  4318.0  0.0846153846154
1866  4318.0  0.0846153846154
1867  4318.0  0.0846153846154
1868  4318.0  0.0846153846154
1869  4318.0  0.0846153846154
1870  4318.0  0.0846153846154
1871  4318.0  0.0846153846154
1872  4318.0  0.0846153846154
1873  4318.0  0.0846153846154
1874  4318.0  0.0846153846154
1875  4318.0  0.0846153846154
1876  4318.0  0.0846153846154
1877  4318.0  0.0846153846154
1878  4318.0  0.0846153846154
1879  4318.0  0.0846153846154
1880  4318.0  0.0846153846154
1881  4318.0  0.0846153846154
1882  4318.0  0.0846153846154
1883  4318.0  0.0846153846154
1884  4318.0  0.0846153846154
1885  4318.0  0.0846153846154
1886  4318.0  0.0846153846154
1887  4318.0  0.0846153846154
1888  4318.0  0.0846153846154
1889  4318.0  0.0846153846154
1890  4318.0  0.0846153846154
1891  4318.0  0.0846153846154
1892  4318.0  0.0846153846154
1893  4318.0  0.0846153846154
1894  4318.0  0.0846153846154
1895  4318.0  0.0846153846154
1896  4318.0  0.0846153846154
1897  4318.0  0.0846153846154
1898  4318.0  0.0846153846154
1899  4318.0  0.0846153846154
1900  4318.0  0.0846153846154
1901  4318.0  0.0846153846154
1902  4318.0  0.0846153846154
1903  4318.0  0.0846153846154
1904  4318.0  0.0846153846154
1905  4318.0  0.0846153846154
1906  4318.0  0.0846153846154
1907  4318.0  0.0846153846154
1908  4318.0  0.0846153846154
1909  4318.0  0.0846153846154
1910  4318.0  0.0846153846154
1911  4318.0  0.0846153846154
1912  4318.0  0.0846153846154
1913  4318.0  0.0846153846154
1914  4318.0  0.0846153846154
1915  4318.0  0.0846153846154
1916  4318.0  0.0846153846154
1917  4318.0  0.0846153846154
1918  4318.0  0.0846153846154
1919  4318.0  0.0846153846154
1920  4318.0  0.0846153846154
1921  4318.0  0.0846153846154
1922  4318.0  0.0846153846154
1923  4318.0  0.0846153846154
1924  4318.0  0.0846153846154
1925  4318.0  0.0846153846154
1926  4318.0  0.0846153846154
1927  4318.0  0.0846153846154
1928  4318.0  0.0846153846154
1929  4318.0  0.0846153846154
1930  4318.0  0.0846153846154
1931  4318.0  0.0846153846154
1932  4318.0  0.0846153846154
1933  4318.0  0.0846153846154
1934  4318.0  0.0846153846154
1935  4318.0  0.0846153846154
1936  4318.0  0.0846153846154
1937  4318.0  0.0846153846154
1938  4318.0  0.0846153846154
1939  4318.0  0.0846153846154
1940  4318.0  0.0846153846154
1941  4318.0  0.0846153846154
1942  4318.0  0.0846153846154
1943  4318.0  0.0846153846154
1944  4318.0  0.0846153846154
1945  4318.0  0.0846153846154
1946  4318.0  0.0846153846154
1947  4318.0  0.0846153846154
1948  4309.0  0.0769230769231
1949  4309.0  0.0769230769231
1950  4309.0  0.0769230769231
1951  4309.0  0.0769230769231
1952  4309.0  0.0769230769231
1953  4309.0  0.0769230769231
1954  4309.0  0.0769230769231
1955  4309.0  0.0769230769231
1956  4309.0  0.0769230769231
1957  4309.0  0.0769230769231
1958  4309.0  0.0769230769231
1959  4309.0  0.0769230769231
1960  4309.0  0.0769230769231
1961  4309.0  0.0769230769231
1962  4309.0  0.0769230769231
1963  4309.0  0.0769230769231
1964  4309.0  0.0769230769231
1965  4309.0  0.0769230769231
1966  4309.0  0.0769230769231
1967  4309.0  0.0769230769231
1968  4309.0  0.0769230769231
1969  4309.0  0.0769230769231
1970  4309.0  0.0769230769231
1971  4309.0  0.0769230769231
1972  4309.0  0.0769230769231
1973  4309.0  0.0769230769231
1974  4309.0  0.0769230769231
1975  4309.0  0.0769230769231
1976  4309.0  0.0769230769231
1977  4309.0  0.0769230769231
1978  4309.0  0.0769230769231
1979  4309.0  0.0769230769231
1980  4309.0  0.0769230769231
1981  4309.0  0.0769230769231
1982  4309.0  0.0769230769231
1983  4309.0  0.0769230769231
1984  4309.0  0.0769230769231
1985  4309.0  0.0769230769231
1986  4309.0  0.0769230769231
1987  4309.0  0.0769230769231
1988  4309.0  0.0769230769231
1989  4309.0  0.0769230769231
1990  4309.0  0.0769230769231
1991  4309.0  0.0769230769231
1992  4309.0  0.0769230769231
1993  4309.0  0.0769230769231
1994  4309.0  0.0769230769231
1995  4309.0  0.0769230769231
1996  4309.0  0.0769230769231
1997  4309.0  0.0769230769231
1998  4309.0  0.0769230769231
1999  4309.0  0.0769230769231
2000  4309.0  0.0769230769231
2001  4309.0  0.0769230769231
2002  4309.0  0.0769230769231
2003  4309.0  0.0769230769231
2004  4309.0  0.0769230769231
2005  4309.0  0.0769230769231
2006  4309.0  0.0769230769231
2007  4309.0  0.0769230769231
2008  4309.0  0.0769230769231
2009  4309.0  0.0769230769231
2010  4309.0  0.0769230769231
2011  4309.0  0.0769230769231
2012  4309.0  0.0769230769231
2013  4309.0  0.0769230769231
2014  4309.0  0.0769230769231
2015  4309.0  0.0769230769231
2016  4309.0  0.0769230769231
2017  4309.0  0.0769230769231
2018  4309.0  0.0769230769231
2019  4309.0  0.0769230769231
2020  4309.0  0.0769230769231
2021  4309.0  0.0769230769231
2022  4309.0  0.0769230769231
2023  4309.0  0.0769230769231
2024  4309.0  0.0769230769231
2025  4309.0  0.0769230769231
2026  4309.0  0.0769230769231
2027  4309.0  0.0769230769231
2028  4309.0  0.0769230769231
2029  4309.0  0.0769230769231
2030  4309.0  0.0769230769231
2031  4309.0  0.0769230769231
2032  4309.0  0.0769230769231
2033  4309.0  0.0769230769231
2034  4309.0  0.0769230769231
2035  4309.0  0.0769230769231
2036  4309.0  0.0769230769231
2037  4309.0  0.0769230769231
2038  4309.0  0.0769230769231
2039  4309.0  0.0769230769231
2040  4309.0  0.0769230769231
2041  4309.0  0.0769230769231
2042  4309.0  0.0769230769231
2043  4309.0  0.0769230769231
2044  4309.0  0.0769230769231
2045  4309.0  0.0769230769231
2046  4309.0  0.0769230769231
2047  4309.0  0.0769230769231
2048  4309.0  0.0769230769231
2049  4309.0  0.0769230769231
2050  4309.0  0.0769230769231
2051  4309.0  0.0769230769231
2052  4309.0  0.0769230769231
2053  4309.0  0.0769230769231
2054  4309.0  0.0769230769231
2055  4309.0  0.0769230769231
2056  4309.0  0.0769230769231
2057  4309.0  0.0769230769231
2058  4309.0  0.0769230769231
2059  4309.0  0.0769230769231
2060  4309.0  0.0769230769231
2061  4309.0  0.0769230769231
2062  4309.0  0.0769230769231
2063  4309.0  0.0769230769231
2064  4309.0  0.0769230769231
2065  4309.0  0.0769230769231
2066  4309.0  0.0769230769231
2067  4309.0  0.0769230769231
2068  4309.0  0.0769230769231
2069  4309.0  0.0769230769231
2070  4309.0  0.0769230769231
2071  4309.0  0.0769230769231
2072  4309.0  0.0769230769231
2073  4309.0  0.0769230769231
2074  4309.0  0.0769230769231
2075  4309.0  0.0769230769231
2076  4309.0  0.0769230769231
2077  4309.0  0.0769230769231
2078  4309.0  0.0769230769231
2079  4309.0  0.0769230769231
2080  4309.0  0.0769230769231
2081  4309.0  0.0769230769231
2082  4309.0  0.0769230769231
2083  4309.0  0.0769230769231
2084  4309.0  0.0769230769231
2085  4309.0  0.0769230769231
2086  4309.0  0.0769230769231
2087  4309.0  0.0769230769231
2088  4309.0  0.0769230769231
2089  4309.0  0.0769230769231
2090  4309.0  0.0769230769231
2091  4309.0  0.0769230769231
2092  4309.0  0.0769230769231
2093  4309.0  0.0769230769231
2094  4309.0  0.0769230769231
2095  4309.0  0.0769230769231
2096  4309.0  0.0769230769231
2097  4309.0  0.0769230769231
2098  4309.0  0.0769230769231
2099  4309.0  0.0769230769231
2100  4309.0  0.0769230769231
2101  4309.0  0.0769230769231
2102  4309.0  0.0769230769231
2103  4309.0  0.0769230769231
2104  4309.0  0.0769230769231
2105  4309.0  0.0769230769231
2106  4309.0  0.0769230769231
2107  4309.0  0.0769230769231
2108  4309.0  0.0769230769231
2109  4309.0  0.0769230769231
2110  4309.0  0.0769230769231
2111  4309.0  0.0769230769231
2112  4309.0  0.0769230769231
2113  4309.0  0.0769230769231
2114  4309.0  0.0769230769231
2115  4309.0  0.0769230769231
2116  4309.0  0.0769230769231
2117  4309.0  0.0769230769231
2118  4309.0  0.0769230769231
2119  4309.0  0.0769230769231
2120  4309.0  0.0769230769231
2121  4309.0  0.0769230769231
2122  4309.0  0.0769230769231
2123  4309.0  0.0769230769231
2124  4309.0  0.0769230769231
2125  4309.0  0.0769230769231
2126  4309.0  0.0769230769231
2127  4309.0  0.0769230769231
2128  4309.0  0.0769230769231
2129  4309.0  0.0769230769231
2130  4309.0  0.0769230769231
2131  4309.0  0.0769230769231
2132  4309.0  0.0769230769231
2133  4309.0  0.0769230769231
2134  4309.0  0.0769230769231
2135  4309.0  0.0769230769231
2136  4309.0  0.0769230769231
2137  4309.0  0.0769230769231
2138  4309.0  0.0769230769231
2139  4309.0  0.0769230769231
2140  4309.0  0.0769230769231
2141  4309.0  0.0769230769231
2142  4309.0  0.0769230769231
2143  4309.0  0.0769230769231
2144  4309.0  0.0769230769231
2145  4309.0  0.0769230769231
2146  4309.0  0.0769230769231
2147  4309.0  0.0769230769231
2148  4309.0  0.0769230769231
2149  4309.0  0.0769230769231
2150  4309.0  0.0769230769231
2151  4309.0  0.0769230769231
2152  4309.0  0.0769230769231
2153  4309.0  0.0769230769231
2154  4309.0  0.0769230769231
2155  4309.0  0.0769230769231
2156  4309.0  0.0769230769231
2157  4309.0  0.0769230769231
2158  4309.0  0.0769230769231
2159  4309.0  0.0769230769231
2160  4309.0  0.0769230769231
2161  4309.0  0.0769230769231
2162  4309.0  0.0769230769231
2163  4309.0  0.0769230769231
2164  4309.0  0.0769230769231
2165  4309.0  0.0769230769231
2166  4309.0  0.0769230769231
2167  4309.0  0.0769230769231
2168  4309.0  0.0769230769231
2169  4309.0  0.0769230769231
2170  4309.0  0.0769230769231
2171  4309.0  0.0769230769231
2172  4309.0  0.0769230769231
2173  4309.0  0.0769230769231
2174  4309.0  0.0769230769231
2175  4309.0  0.0769230769231
2176  4309.0  0.0769230769231
2177  4309.0  0.0769230769231
2178  4309.0  0.0769230769231
2179  4309.0  0.0769230769231
2180  4309.0  0.0769230769231
2181  4309.0  0.0769230769231
2182  4309.0  0.0769230769231
2183  4309.0  0.0769230769231
2184  4309.0  0.0769230769231
2185  4309.0  0.0769230769231
2186  4309.0  0.0769230769231
2187  4309.0  0.0769230769231
2188  4309.0  0.0769230769231
2189  4309.0  0.0769230769231
2190  4309.0  0.0769230769231
2191  4309.0  0.0769230769231
2192  4309.0  0.0769230769231
2193  4309.0  0.0769230769231
2194  4309.0  0.0769230769231
2195  4309.0  0.0769230769231
2196  4309.0  0.0769230769231
2197  4309.0  0.0769230769231
2198  4309.0  0.0769230769231
2199  4309.0  0.0769230769231
2200  4309.0  0.0769230769231
2201  4309.0  0.0769230769231
2202  4309.0  0.0769230769231
2203  4309.0  0.0769230769231
2204  4309.0  0.0769230769231
2205  4309.0  0.0769230769231
2206  4309.0  0.0769230769231
2207  4309.0  0.0769230769231
2208  4309.0  0.0769230769231
2209  4309.0  0.0769230769231
2210  4309.0  0.0769230769231
2211  4309.0  0.0769230769231
2212  4309.0  0.0769230769231
2213  4309.0  0.0769230769231
2214  4309.0  0.0769230769231
2215  4309.0  0.0769230769231
2216  4309.0  0.0769230769231
2217  4309.0  0.0769230769231
2218  4309.0  0.0769230769231
2219  4309.0  0.0769230769231
2220  4309.0  0.0769230769231
2221  4309.0  0.0769230769231
2222  4309.0  0.0769230769231
2223  4309.0  0.0769230769231
2224  4309.0  0.0769230769231
2225  4309.0  0.0769230769231
2226  4309.0  0.0769230769231
2227  4309.0  0.0769230769231
2228  4309.0  0.0769230769231
2229  4309.0  0.0769230769231
2230  4309.0  0.0769230769231
2231  4309.0  0.0769230769231
2232  4309.0  0.0769230769231
2233  4309.0  0.0769230769231
2234  4309.0  0.0769230769231
2235  4309.0  0.0769230769231
2236  4309.0  0.0769230769231
2237  4309.0  0.0769230769231
2238  4309.0  0.0769230769231
2239  4309.0  0.0769230769231
2240  4309.0  0.0769230769231
2241  4309.0  0.0769230769231
2242  4309.0  0.0769230769231
2243  4309.0  0.0769230769231
2244  4309.0  0.0769230769231
2245  4309.0  0.0769230769231
2246  4309.0  0.0769230769231
2247  4309.0  0.0769230769231
2248  4309.0  0.0769230769231
2249  4309.0  0.0769230769231
2250  4309.0  0.0769230769231
2251  4309.0  0.0769230769231
2252  4309.0  0.0769230769231
2253  4309.0  0.0769230769231
2254  4309.0  0.0769230769231
2255  4309.0  0.0769230769231
2256  4309.0  0.0769230769231
2257  4309.0  0.0769230769231
2258  4309.0  0.0769230769231
2259  4309.0  0.0769230769231
2260  4309.0  0.0769230769231
2261  4309.0  0.0769230769231
2262  4309.0  0.0769230769231
2263  4309.0  0.0769230769231
2264  4309.0  0.0769230769231
2265  4309.0  0.0769230769231
2266  4309.0  0.0769230769231
2267  4309.0  0.0769230769231
2268  4309.0  0.0769230769231
2269  4309.0  0.0769230769231
2270  4309.0  0.0769230769231
2271  4309.0  0.0769230769231
2272  4309.0  0.0769230769231
2273  4309.0  0.0769230769231
2274  4309.0  0.0769230769231
2275  4309.0  0.0769230769231
2276  4309.0  0.0769230769231
2277  4309.0  0.0769230769231
2278  4309.0  0.0769230769231
2279  4309.0  0.0769230769231
2280  4309.0  0.0769230769231
2281  4309.0  0.0769230769231
2282  4309.0  0.0769230769231
2283  4309.0  0.0769230769231
2284  4309.0  0.0769230769231
2285  4309.0  0.0769230769231
2286  4309.0  0.0769230769231
2287  4309.0  0.0769230769231
2288  4309.0  0.0769230769231
2289  4309.0  0.0769230769231
2290  4309.0  0.0769230769231
2291  4309.0  0.0769230769231
2292  4309.0  0.0769230769231
2293  4309.0  0.0769230769231
2294  4309.0  0.0769230769231
2295  4309.0  0.0769230769231
2296  4309.0  0.0769230769231
2297  4309.0  0.0769230769231
2298  4309.0  0.0769230769231
2299  4309.0  0.0769230769231
2300  4309.0  0.0769230769231
2301  4309.0  0.0769230769231
2302  4309.0  0.0769230769231
2303  4309.0  0.0769230769231
2304  4309.0  0.0769230769231
2305  4309.0  0.0769230769231
2306  4309.0  0.0769230769231
2307  4309.0  0.0769230769231
2308  4309.0  0.0769230769231
2309  4309.0  0.0769230769231
2310  4309.0  0.0769230769231
2311  4309.0  0.0769230769231
2312  4309.0  0.0769230769231
2313  4309.0  0.0769230769231
2314  4309.0  0.0769230769231
2315  4309.0  0.0769230769231
2316  4309.0  0.0769230769231
2317  4309.0  0.0769230769231
2318  4309.0  0.0769230769231
2319  4309.0  0.0769230769231
2320  4309.0  0.0769230769231
2321  4309.0  0.0769230769231
2322  4309.0  0.0769230769231
2323  4309.0  0.0769230769231
2324  4309.0  0.0769230769231
2325  4309.0  0.0769230769231
2326  4309.0  0.0769230769231
2327  4309.0  0.0769230769231
2328  4309.0  0.0769230769231
2329  4309.0  0.0769230769231
2330  4309.0  0.0769230769231
2331  4309.0  0.0769230769231
2332  4309.0  0.0769230769231
2333  4309.0  0.0769230769231
2334  4309.0  0.0769230769231
2335  4309.0  0.0769230769231
2336  4309.0  0.0769230769231
2337  4309.0  0.0769230769231
2338  4309.0  0.0769230769231
2339  4309.0  0.0769230769231
2340  4309.0  0.0769230769231
2341  4309.0  0.0769230769231
2342  4309.0  0.0769230769231
2343  4309.0  0.0769230769231
2344  4309.0  0.0769230769231
2345  4309.0  0.0769230769231
2346  4309.0  0.0769230769231
2347  4309.0  0.0769230769231
2348  4309.0  0.0769230769231
2349  4309.0  0.0769230769231
2350  4309.0  0.0769230769231
2351  4309.0  0.0769230769231
2352  4309.0  0.0769230769231
2353  4309.0  0.0769230769231
2354  4309.0  0.0769230769231
2355  4309.0  0.0769230769231
2356  4309.0  0.0769230769231
2357  4309.0  0.0769230769231
2358  4309.0  0.0769230769231
2359  4309.0  0.0769230769231
2360  4309.0  0.0769230769231
2361  4309.0  0.0769230769231
2362  4309.0  0.0769230769231
2363  4309.0  0.0769230769231
2364  4309.0  0.0769230769231
2365  4309.0  0.0769230769231
2366  4309.0  0.0769230769231
2367  4309.0  0.0769230769231
2368  4309.0  0.0769230769231
2369  4309.0  0.0769230769231
2370  4309.0  0.0769230769231
2371  4309.0  0.0769230769231
2372  4309.0  0.0769230769231
2373  4309.0  0.0769230769231
2374  4309.0  0.0769230769231
2375  4309.0  0.0769230769231
2376  4309.0  0.0769230769231
2377  4309.0  0.0769230769231
2378  4309.0  0.0769230769231
2379  4309.0  0.0769230769231
2380  4309.0  0.0769230769231
2381  4309.0  0.0769230769231
2382  4309.0  0.0769230769231
2383  4309.0  0.0769230769231
2384  4309.0  0.0769230769231
2385  4309.0  0.0769230769231
2386  4309.0  0.0769230769231
2387  4309.0  0.0769230769231
2388  4309.0  0.0769230769231
2389  4309.0  0.0769230769231
2390  4309.0  0.0769230769231
2391  4309.0  0.0769230769231
2392  4309.0  0.0769230769231
2393  4309.0  0.0769230769231
2394  4309.0  0.0769230769231
2395  4309.0  0.0769230769231
2396  4309.0  0.0769230769231
2397  4309.0  0.0769230769231
2398  4309.0  0.0769230769231
2399  4309.0  0.0769230769231
2400  4309.0  0.0769230769231
2401  4309.0  0.0769230769231
2402  4309.0  0.0769230769231
2403  4309.0  0.0769230769231
2404  4309.0  0.0769230769231
2405  4309.0  0.0769230769231
2406  4309.0  0.0769230769231
2407  4309.0  0.0769230769231
2408  4309.0  0.0769230769231
2409  4309.0  0.0769230769231
2410  4309.0  0.0769230769231
2411  4309.0  0.0769230769231
2412  4309.0  0.0769230769231
2413  4309.0  0.0769230769231
2414  4309.0  0.0769230769231
2415  4309.0  0.0769230769231
2416  4309.0  0.0769230769231
2417  4309.0  0.0769230769231
2418  4309.0  0.0769230769231
2419  4309.0  0.0769230769231
2420  4309.0  0.0769230769231
2421  4309.0  0.0769230769231
2422  4309.0  0.0769230769231
2423  4309.0  0.0769230769231
2424  4309.0  0.0769230769231
2425  4309.0  0.0769230769231
2426  4309.0  0.0769230769231
2427  4309.0  0.0769230769231
2428  4309.0  0.0769230769231
2429  4309.0  0.0769230769231
2430  4309.0  0.0769230769231
2431  4309.0  0.0769230769231
2432  4309.0  0.0769230769231
2433  4309.0  0.0769230769231
2434  4309.0  0.0769230769231
2435  4309.0  0.0769230769231
2436  4309.0  0.0769230769231
2437  4309.0  0.0769230769231
2438  4309.0  0.0769230769231
2439  4309.0  0.0769230769231
2440  4309.0  0.0769230769231
2441  4309.0  0.0769230769231
2442  4309.0  0.0769230769231
2443  4309.0  0.0769230769231
2444  4309.0  0.0769230769231
2445  4309.0  0.0769230769231
2446  4309.0  0.0769230769231
2447  4309.0  0.0769230769231
2448  4309.0  0.0769230769231
2449  4309.0  0.0769230769231
2450  4309.0  0.0769230769231
2451  4309.0  0.0769230769231
2452  4309.0  0.0769230769231
2453  4309.0  0.0769230769231
2454  4309.0  0.0769230769231
2455  4309.0  0.0769230769231
2456  4309.0  0.0769230769231
2457  4309.0  0.0769230769231
2458  4309.0  0.0769230769231
2459  4309.0  0.0769230769231
2460  4309.0  0.0769230769231
2461  4309.0  0.0769230769231
2462  4309.0  0.0769230769231
2463  4309.0  0.0769230769231
2464  4309.0  0.0769230769231
2465  4309.0  0.0769230769231
2466  4309.0  0.0769230769231
2467  4309.0  0.0769230769231
2468  4309.0  0.0769230769231
2469  4309.0  0.0769230769231
2470  4309.0  0.0769230769231
2471  4309.0  0.0769230769231
2472  4309.0  0.0769230769231
2473  4309.0  0.0769230769231
2474  4309.0  0.0769230769231
2475  4309.0  0.0769230769231
2476  4309.0  0.0769230769231
2477  4309.0  0.0769230769231
2478  4309.0  0.0769230769231
2479  4309.0  0.0769230769231
2480  4309.0  0.0769230769231
2481  4309.0  0.0769230769231
2482  4309.0  0.0769230769231
2483  4309.0  0.0769230769231
2484  4309.0  0.0769230769231
2485  4309.0  0.0769230769231
2486  4309.0  0.0769230769231
2487  4309.0  0.0769230769231
2488  4309.0  0.0769230769231
2489  4309.0  0.0769230769231
2490  4309.0  0.0769230769231
2491  4309.0  0.0769230769231
2492  4309.0  0.0769230769231
2493  4309.0  0.0769230769231
2494  4309.0  0.0769230769231
2495  4309.0  0.0769230769231
2496  4309.0  0.0769230769231
2497  4309.0  0.0769230769231
2498  4309.0  0.0769230769231
2499  4309.0  0.0769230769231
2500  4309.0  0.0769230769231
2501  4309.0  0.0769230769231
2502  4309.0  0.0769230769231
2503  4309.0  0.0769230769231
2504  4309.0  0.0769230769231
2505  4309.0  0.0769230769231
2506  4309.0  0.0769230769231
2507  4309.0  0.0769230769231
2508  4309.0  0.0769230769231
2509  4309.0  0.0769230769231
2510  4309.0  0.0769230769231
2511  4309.0  0.0769230769231
2512  4309.0  0.0769230769231
2513  4309.0  0.0769230769231
2514  4309.0  0.0769230769231
2515  4309.0  0.0769230769231
2516  4309.0  0.0769230769231
2517  4309.0  0.0769230769231
2518  4309.0  0.0769230769231
2519  4309.0  0.0769230769231
2520  4309.0  0.0769230769231
2521  4309.0  0.0769230769231
2522  4309.0  0.0769230769231
2523  4309.0  0.0769230769231
2524  4309.0  0.0769230769231
2525  4309.0  0.0769230769231
2526  4309.0  0.0769230769231
2527  4309.0  0.0769230769231
2528  4309.0  0.0769230769231
2529  4309.0  0.0769230769231
2530  4309.0  0.0769230769231
2531  4309.0  0.0769230769231
2532  4309.0  0.0769230769231
2533  4309.0  0.0769230769231
2534  4309.0  0.0769230769231
2535  4309.0  0.0769230769231
2536  4309.0  0.0769230769231
2537  4309.0  0.0769230769231
2538  4309.0  0.0769230769231
2539  4309.0  0.0769230769231
2540  4309.0  0.0769230769231
2541  4309.0  0.0769230769231
2542  4309.0  0.0769230769231
2543  4309.0  0.0769230769231
2544  4309.0  0.0769230769231
2545  4309.0  0.0769230769231
2546  4309.0  0.0769230769231
2547  4309.0  0.0769230769231
2548  4309.0  0.0769230769231
2549  4309.0  0.0769230769231
2550  4309.0  0.0769230769231
2551  4309.0  0.0769230769231
2552  4309.0  0.0769230769231
2553  4309.0  0.0769230769231
2554  4309.0  0.0769230769231
2555  4309.0  0.0769230769231
2556  4309.0  0.0769230769231
2557  4309.0  0.0769230769231
2558  4309.0  0.0769230769231
2559  4309.0  0.0769230769231
2560  4309.0  0.0769230769231
2561  4309.0  0.0769230769231
2562  4309.0  0.0769230769231
2563  4309.0  0.0769230769231
2564  4309.0  0.0769230769231
2565  4309.0  0.0769230769231
2566  4309.0  0.0769230769231
2567  4309.0  0.0769230769231
2568  4309.0  0.0769230769231
2569  4309.0  0.0769230769231
2570  4309.0  0.0769230769231
2571  4309.0  0.0769230769231
2572  4309.0  0.0769230769231
2573  4309.0  0.0769230769231
2574  4309.0  0.0769230769231
2575  4309.0  0.0769230769231
2576  4309.0  0.0769230769231
2577  4309.0  0.0769230769231
2578  4309.0  0.0769230769231
2579  4309.0  0.0769230769231
2580  4309.0  0.0769230769231
2581  4309.0  0.0769230769231
2582  4309.0  0.0769230769231
2583  4309.0  0.0769230769231
2584  4309.0  0.0769230769231
2585  4309.0  0.0769230769231
2586  4309.0  0.0769230769231
2587  4309.0  0.0769230769231
2588  4309.0  0.0769230769231
2589  4309.0  0.0769230769231
2590  4309.0  0.0769230769231
2591  4309.0  0.0769230769231
2592  4309.0  0.0769230769231
2593  4309.0  0.0769230769231
2594  4309.0  0.0769230769231
2595  4309.0  0.0769230769231
2596  4309.0  0.0769230769231
2597  4309.0  0.0769230769231
2598  4309.0  0.0769230769231
2599  4309.0  0.0769230769231
2600  4309.0  0.0769230769231
2601  4309.0  0.0769230769231
2602  4309.0  0.0769230769231
2603  4309.0  0.0769230769231
2604  4309.0  0.0769230769231
2605  4309.0  0.0769230769231
2606  4309.0  0.0769230769231
2607  4309.0  0.0769230769231
2608  4309.0  0.0769230769231
2609  4309.0  0.0769230769231
2610  4309.0  0.0769230769231
2611  4309.0  0.0769230769231
2612  4309.0  0.0769230769231
2613  4309.0  0.0769230769231
2614  4309.0  0.0769230769231
2615  4309.0  0.0769230769231
2616  4309.0  0.0769230769231
2617  4309.0  0.0769230769231
2618  4309.0  0.0769230769231
2619  4309.0  0.0769230769231
2620  4309.0  0.0769230769231
2621  4309.0  0.0769230769231
2622  4309.0  0.0769230769231
2623  4309.0  0.0769230769231
2624  4309.0  0.0769230769231
2625  4309.0  0.0769230769231
2626  4309.0  0.0769230769231
2627  4309.0  0.0769230769231
2628  4309.0  0.0769230769231
2629  4309.0  0.0769230769231
2630  4309.0  0.0769230769231
2631  4309.0  0.0769230769231
2632  4309.0  0.0769230769231
2633  4309.0  0.0769230769231
2634  4309.0  0.0769230769231
2635  4309.0  0.0769230769231
2636  4309.0  0.0769230769231
2637  4309.0  0.0769230769231
2638  4309.0  0.0769230769231
2639  4309.0  0.0769230769231
2640  4309.0  0.0769230769231
2641  4309.0  0.0769230769231
2642  4309.0  0.0769230769231
2643  4309.0  0.0769230769231
2644  4309.0  0.0769230769231
2645  4309.0  0.0769230769231
2646  4309.0  0.0769230769231
2647  4309.0  0.0769230769231
2648  4309.0  0.0769230769231
2649  4309.0  0.0769230769231
2650  4309.0  0.0769230769231
2651  4309.0  0.0769230769231
2652  4309.0  0.0769230769231
2653  4309.0  0.0769230769231
2654  4309.0  0.0769230769231
2655  4309.0  0.0769230769231
2656  4309.0  0.0769230769231
2657  4309.0  0.0769230769231
2658  4309.0  0.0769230769231
2659  4309.0  0.0769230769231
2660  4309.0  0.0769230769231
2661  4309.0  0.0769230769231
2662  4309.0  0.0769230769231
2663  4309.0  0.0769230769231
2664  4309.0  0.0769230769231
2665  4309.0  0.0769230769231
2666  4309.0  0.0769230769231
2667  4309.0  0.0769230769231
2668  4309.0  0.0769230769231
2669  4309.0  0.0769230769231
2670  4309.0  0.0769230769231
2671  4309.0  0.0769230769231
2672  4309.0  0.0769230769231
2673  4309.0  0.0769230769231
2674  4309.0  0.0769230769231
2675  4309.0  0.0769230769231
2676  4309.0  0.0769230769231
2677  4309.0  0.0769230769231
2678  4309.0  0.0769230769231
2679  4309.0  0.0769230769231
2680  4309.0  0.0769230769231
2681  4309.0  0.0769230769231
2682  4309.0  0.0769230769231
2683  4309.0  0.0769230769231
2684  4309.0  0.0769230769231
2685  4309.0  0.0769230769231
2686  4309.0  0.0769230769231
2687  4309.0  0.0769230769231
2688  4309.0  0.0769230769231
2689  4309.0  0.0769230769231
2690  4309.0  0.0769230769231
2691  4309.0  0.0769230769231
2692  4309.0  0.0769230769231
2693  4309.0  0.0769230769231
2694  4309.0  0.0769230769231
2695  4309.0  0.0769230769231
2696  4309.0  0.0769230769231
2697  4309.0  0.0769230769231
2698  4309.0  0.0769230769231
2699  4309.0  0.0769230769231
2700  4309.0  0.0769230769231
2701  4309.0  0.0769230769231
2702  4309.0  0.0769230769231
2703  4309.0  0.0769230769231
2704  4309.0  0.0769230769231
2705  4309.0  0.0769230769231
2706  4309.0  0.0769230769231
2707  4309.0  0.0769230769231
2708  4309.0  0.0769230769231
2709  4309.0  0.0769230769231
2710  4309.0  0.0769230769231
2711  4309.0  0.0769230769231
2712  4309.0  0.0769230769231
2713  4309.0  0.0769230769231
2714  4309.0  0.0769230769231
2715  4309.0  0.0769230769231
2716  4309.0  0.0769230769231
2717  4309.0  0.0769230769231
2718  4309.0  0.0769230769231
2719  4309.0  0.0769230769231
2720  4309.0  0.0769230769231
2721  4309.0  0.0769230769231
2722  4309.0  0.0769230769231
2723  4309.0  0.0769230769231
2724  4309.0  0.0769230769231
2725  4309.0  0.0769230769231
2726  4309.0  0.0769230769231
2727  4309.0  0.0769230769231
2728  4309.0  0.0769230769231
2729  4309.0  0.0769230769231
2730  4309.0  0.0769230769231
2731  4309.0  0.0769230769231
2732  4309.0  0.0769230769231
2733  4309.0  0.0769230769231
2734  4309.0  0.0769230769231
2735  4309.0  0.0769230769231
2736  4309.0  0.0769230769231
2737  4309.0  0.0769230769231
2738  4309.0  0.0769230769231
2739  4309.0  0.0769230769231
2740  4309.0  0.0769230769231
2741  4309.0  0.0769230769231
2742  4309.0  0.0769230769231
2743  4309.0  0.0769230769231
2744  4309.0  0.0769230769231
2745  4309.0  0.0769230769231
2746  4309.0  0.0769230769231
2747  4309.0  0.0769230769231
2748  4309.0  0.0769230769231
2749  4309.0  0.0769230769231
2750  4309.0  0.0769230769231
2751  4309.0  0.0769230769231
2752  4309.0  0.0769230769231
2753  4309.0  0.0769230769231
2754  4309.0  0.0769230769231
2755  4309.0  0.0769230769231
2756  4309.0  0.0769230769231
2757  4309.0  0.0769230769231
2758  4309.0  0.0769230769231
2759  4309.0  0.0769230769231
2760  4309.0  0.0769230769231
2761  4309.0  0.0769230769231
2762  4309.0  0.0769230769231
2763  4309.0  0.0769230769231
2764  4309.0  0.0769230769231
2765  4309.0  0.0769230769231
2766  4309.0  0.0769230769231
2767  4309.0  0.0769230769231
2768  4309.0  0.0769230769231
2769  4309.0  0.0769230769231
2770  4309.0  0.0769230769231
2771  4309.0  0.0769230769231
2772  4309.0  0.0769230769231
2773  4309.0  0.0769230769231
2774  4309.0  0.0769230769231
2775  4309.0  0.0769230769231
2776  4309.0  0.0769230769231
2777  4309.0  0.0769230769231
2778  4309.0  0.0769230769231
2779  4309.0  0.0769230769231
2780  4309.0  0.0769230769231
2781  4309.0  0.0769230769231
2782  4309.0  0.0769230769231
2783  4309.0  0.0769230769231
2784  4309.0  0.0769230769231
2785  4309.0  0.0769230769231
2786  4309.0  0.0769230769231
2787  4309.0  0.0769230769231
2788  4309.0  0.0769230769231
2789  4309.0  0.0769230769231
2790  4309.0  0.0769230769231
2791  4309.0  0.0769230769231
2792  4309.0  0.0769230769231
2793  4309.0  0.0769230769231
2794  4309.0  0.0769230769231
2795  4309.0  0.0769230769231
2796  4309.0  0.0769230769231
2797  4309.0  0.0769230769231
2798  4309.0  0.0769230769231
2799  4309.0  0.0769230769231
2800  4309.0  0.0769230769231
2801  4309.0  0.0769230769231
2802  4309.0  0.0769230769231
2803  4309.0  0.0769230769231
2804  4309.0  0.0769230769231
2805  4309.0  0.0769230769231
2806  4309.0  0.0769230769231
2807  4309.0  0.0769230769231
2808  4309.0  0.0769230769231
2809  4309.0  0.0769230769231
2810  4309.0  0.0769230769231
2811  4309.0  0.0769230769231
2812  4309.0  0.0769230769231
2813  4309.0  0.0769230769231
2814  4309.0  0.0769230769231
2815  4309.0  0.0769230769231
2816  4309.0  0.0769230769231
2817  4309.0  0.0769230769231
2818  4309.0  0.0769230769231
2819  4309.0  0.0769230769231
2820  4309.0  0.0769230769231
2821  4309.0  0.0769230769231
2822  4309.0  0.0769230769231
2823  4309.0  0.0769230769231
2824  4309.0  0.0769230769231
2825  4309.0  0.0769230769231
2826  4309.0  0.0769230769231
2827  4309.0  0.0769230769231
2828  4309.0  0.0769230769231
2829  4309.0  0.0769230769231
2830  4309.0  0.0769230769231
2831  4309.0  0.0769230769231
2832  4309.0  0.0769230769231
2833  4309.0  0.0769230769231
2834  4309.0  0.0769230769231
2835  4309.0  0.0769230769231
2836  4309.0  0.0769230769231
2837  4309.0  0.0769230769231
2838  4309.0  0.0769230769231
2839  4309.0  0.0769230769231
2840  4309.0  0.0769230769231
2841  4309.0  0.0769230769231
2842  4309.0  0.0769230769231
2843  4309.0  0.0769230769231
2844  4309.0  0.0769230769231
2845  4309.0  0.0769230769231
2846  4309.0  0.0769230769231
2847  4309.0  0.0769230769231
2848  4309.0  0.0769230769231
2849  4309.0  0.0769230769231
2850  4309.0  0.0769230769231
2851  4309.0  0.0769230769231
2852  4309.0  0.0769230769231
2853  4309.0  0.0769230769231
2854  4309.0  0.0769230769231
2855  4309.0  0.0769230769231
2856  4309.0  0.0769230769231
2857  4309.0  0.0769230769231
2858  4309.0  0.0769230769231
2859  4309.0  0.0769230769231
2860  4309.0  0.0769230769231
2861  4309.0  0.0769230769231
2862  4309.0  0.0769230769231
2863  4309.0  0.0769230769231
2864  4309.0  0.0769230769231
2865  4309.0  0.0769230769231
2866  4309.0  0.0769230769231
2867  4309.0  0.0769230769231
2868  4309.0  0.0769230769231
2869  4309.0  0.0769230769231
2870  4309.0  0.0769230769231
2871  4309.0  0.0769230769231
2872  4309.0  0.0769230769231
2873  4309.0  0.0769230769231
2874  4309.0  0.0769230769231
2875  4309.0  0.0769230769231
2876  4309.0  0.0769230769231
2877  4309.0  0.0769230769231
2878  4309.0  0.0769230769231
2879  4309.0  0.0769230769231
2880  4309.0  0.0769230769231
2881  4309.0  0.0769230769231
2882  4309.0  0.0769230769231
2883  4309.0  0.0769230769231
2884  4309.0  0.0769230769231
2885  4309.0  0.0769230769231
2886  4309.0  0.0769230769231
2887  4309.0  0.0769230769231
2888  4309.0  0.0769230769231
2889  4309.0  0.0769230769231
2890  4309.0  0.0769230769231
2891  4309.0  0.0769230769231
2892  4309.0  0.0769230769231
2893  4309.0  0.0769230769231
2894  4309.0  0.0769230769231
2895  4309.0  0.0769230769231
2896  4309.0  0.0769230769231
2897  4309.0  0.0769230769231
2898  4309.0  0.0769230769231
2899  4309.0  0.0769230769231
2900  4309.0  0.0769230769231
2901  4309.0  0.0769230769231
2902  4309.0  0.0769230769231
2903  4309.0  0.0769230769231
2904  4309.0  0.0769230769231
2905  4309.0  0.0769230769231
2906  4309.0  0.0769230769231
2907  4309.0  0.0769230769231
2908  4309.0  0.0769230769231
2909  4309.0  0.0769230769231
2910  4309.0  0.0769230769231
2911  4309.0  0.0769230769231
2912  4309.0  0.0769230769231
2913  4309.0  0.0769230769231
2914  4309.0  0.0769230769231
2915  4309.0  0.0769230769231
2916  4309.0  0.0769230769231
2917  4309.0  0.0769230769231
2918  4309.0  0.0769230769231
2919  4309.0  0.0769230769231
2920  4309.0  0.0769230769231
2921  4309.0  0.0769230769231
2922  4309.0  0.0769230769231
2923  4309.0  0.0769230769231
2924  4309.0  0.0769230769231
2925  4309.0  0.0769230769231
2926  4309.0  0.0769230769231
2927  4309.0  0.0769230769231
2928  4309.0  0.0769230769231
2929  4309.0  0.0769230769231
2930  4309.0  0.0769230769231
2931  4309.0  0.0769230769231
2932  4309.0  0.0769230769231
2933  4309.0  0.0769230769231
2934  4309.0  0.0769230769231
2935  4309.0  0.0769230769231
2936  4309.0  0.0769230769231
2937  4309.0  0.0769230769231
2938  4309.0  0.0769230769231
2939  4309.0  0.0769230769231
2940  4309.0  0.0769230769231
2941  4309.0  0.0769230769231
2942  4309.0  0.0769230769231
2943  4309.0  0.0769230769231
2944  4309.0  0.0769230769231
2945  4309.0  0.0769230769231
2946  4309.0  0.0769230769231
2947  4309.0  0.0769230769231
2948  4309.0  0.0769230769231
2949  4309.0  0.0769230769231
2950  4309.0  0.0769230769231
2951  4309.0  0.0769230769231
2952  4309.0  0.0769230769231
2953  4309.0  0.0769230769231
2954  4309.0  0.0769230769231
2955  4309.0  0.0769230769231
2956  4309.0  0.0769230769231
2957  4309.0  0.0769230769231
2958  4309.0  0.0769230769231
2959  4309.0  0.0769230769231
2960  4309.0  0.0769230769231
2961  4309.0  0.0769230769231
2962  4309.0  0.0769230769231
2963  4309.0  0.0769230769231
2964  4309.0  0.0769230769231
2965  4309.0  0.0769230769231
2966  4309.0  0.0769230769231
2967  4309.0  0.0769230769231
2968  4309.0  0.0769230769231
2969  4309.0  0.0769230769231
2970  4309.0  0.0769230769231
2971  4309.0  0.0769230769231
2972  4309.0  0.0769230769231
2973  4309.0  0.0769230769231
2974  4309.0  0.0769230769231
2975  4309.0  0.0769230769231
2976  4309.0  0.0769230769231
2977  4309.0  0.0769230769231
2978  4309.0  0.0769230769231
2979  4309.0  0.0769230769231
2980  4309.0  0.0769230769231
2981  4309.0  0.0769230769231
2982  4309.0  0.0769230769231
2983  4309.0  0.0769230769231
2984  4309.0  0.0769230769231
2985  4309.0  0.0769230769231
2986  4309.0  0.0769230769231
2987  4309.0  0.0769230769231
2988  4309.0  0.0769230769231
2989  4309.0  0.0769230769231
2990  4309.0  0.0769230769231
2991  4309.0  0.0769230769231
2992  4309.0  0.0769230769231
2993  4309.0  0.0769230769231
2994  4309.0  0.0769230769231
2995  4309.0  0.0769230769231
2996  4309.0  0.0769230769231
2997  4309.0  0.0769230769231
2998  4309.0  0.0769230769231
2999  4309.0  0.0769230769231
#[-9, -7, 0, 2, 9]
#[1, 7, 8, 8, 8]
#[8, 8, 8, 8, 8]
#[8, 8, 8, 8, 8]
#[-6, -3, 8, 8, 8]
#[8, 8, 8, 8, 8]
#[5, 8, 8, 8, 8]
#[4, 8, 8, 8, 8]
#[1, 8, 8, 8, 8]
#[8, 8, 8, 8, 8]
#[-9, 8, 8, 8, 8]
#[8, 8, 8, 8, 8]
#[1, 5, 8, 8, 8]
#[8, 8, 8, 8, 8]
#[6, 8, 8, 8, 8]
#[5, 8, 8, 8, 8]
#[-1, 3, 8, 8, 8]
#[8, 8, 8, 8, 8]
#[8, 8, 8, 8, 8]
#[-9, 8, 8, 8, 9]
#[-9, 3, 8, 8, 8]
#[-6, -3, 8, 8, 8]
#[8, 8, 8, 8, 8]
#[4, 8, 8, 8, 8]
#[8, 8, 8, 8, 8]
#Specialization index= [0, 2, 1.0]
