#[3, 6, 3, 5, 6]
#[5, 4, 8, 6, 4]
#[7, 7, 5, 9, 2]
#[7, 7, 6, 7, 6]
#[6, 8, 0, 8, 2]
#[6, 8, 8, 9, 8]
#[2, 2, 5, 5, 9]
#[7, 0, 4, 7, 8]
#[9, 9, 1, 8, 8]
0  1099.5  0.12
1  1237.0  0.1
2  1237.0  0.1
3  1237.0  0.1
4  1237.0  0.1
5  1237.0  0.1
6  1237.0  0.1
7  1237.0  0.1
8  1237.0  0.1
9  1237.0  0.1
10  1237.0  0.1
11  1237.0  0.1
12  1237.0  0.1
13  1237.0  0.1
14  1237.0  0.1
15  1237.0  0.1
16  1237.0  0.1
17  1237.0  0.1
18  1237.0  0.1
19  1301.0  0.06
20  1301.0  0.06
21  1301.0  0.06
22  1301.0  0.06
23  1301.0  0.06
24  1301.0  0.06
25  1301.0  0.06
26  1301.0  0.06
27  1301.0  0.06
28  1301.0  0.06
29  1301.0  0.06
30  1301.0  0.06
31  1301.0  0.06
32  1301.0  0.06
33  1301.0  0.06
34  1301.0  0.06
35  1301.0  0.06
36  1301.0  0.06
37  1301.0  0.06
38  1301.0  0.06
39  1301.0  0.06
40  1301.0  0.06
41  1301.0  0.06
42  1301.0  0.06
43  1301.0  0.06
44  1301.0  0.06
45  1301.0  0.06
46  1384.5  0.02
47  1384.5  0.02
48  1384.5  0.02
49  1384.5  0.02
50  1384.5  0.02
51  1384.5  0.02
52  1384.5  0.02
53  1384.5  0.02
54  1384.5  0.02
55  1384.5  0.02
56  1384.5  0.02
57  1384.5  0.02
58  1384.5  0.02
59  1384.5  0.02
60  1384.5  0.02
61  1384.5  0.02
62  1384.5  0.02
63  1384.5  0.02
64  1384.5  0.02
65  1384.5  0.02
66  1384.5  0.02
67  1384.5  0.02
68  1384.5  0.02
69  1384.5  0.02
70  1384.5  0.02
71  1384.5  0.02
72  1384.5  0.02
73  1384.5  0.02
74  1384.5  0.02
75  1384.5  0.02
76  1384.5  0.02
77  1384.5  0.02
78  1384.5  0.02
79  1384.5  0.02
80  1384.5  0.02
81  1384.5  0.02
82  1384.5  0.02
83  1384.5  0.02
84  1384.5  0.02
85  1384.5  0.02
86  1384.5  0.02
87  1384.5  0.02
88  1384.5  0.02
89  1384.5  0.02
90  1384.5  0.02
91  1384.5  0.02
92  1384.5  0.02
93  1384.5  0.02
94  1384.5  0.02
95  1384.5  0.02
96  1384.5  0.02
97  1384.5  0.02
98  1384.5  0.02
99  1384.5  0.02
100  1384.5  0.02
101  1384.5  0.02
102  1384.5  0.02
103  1384.5  0.02
104  1384.5  0.02
105  1384.5  0.02
106  1384.5  0.02
107  1384.5  0.02
108  1384.5  0.02
109  1384.5  0.02
110  1384.5  0.02
111  1384.5  0.02
112  1384.5  0.02
113  1384.5  0.02
114  1384.5  0.02
115  1384.5  0.02
116  1384.5  0.02
117  1384.5  0.02
118  1384.5  0.02
119  1384.5  0.02
120  1384.5  0.02
121  1384.5  0.02
122  1384.5  0.02
123  1384.5  0.02
124  1384.5  0.02
125  1384.5  0.02
126  1384.5  0.02
127  1384.5  0.02
128  1384.5  0.02
129  1384.5  0.02
130  1384.5  0.02
131  1384.5  0.02
132  1384.5  0.02
133  1384.5  0.02
134  1384.5  0.02
135  1384.5  0.02
136  1384.5  0.02
137  1384.5  0.02
138  1384.5  0.02
139  1384.5  0.02
140  1384.5  0.02
141  1384.5  0.02
142  1384.5  0.02
143  1384.5  0.02
144  1384.5  0.02
145  1384.5  0.02
146  1384.5  0.02
147  1384.5  0.02
148  1384.5  0.02
149  1384.5  0.02
150  1384.5  0.02
151  1384.5  0.02
152  1384.5  0.02
153  1384.5  0.02
154  1384.5  0.02
155  1384.5  0.02
156  1384.5  0.02
157  1384.5  0.02
158  1384.5  0.02
159  1384.5  0.02
160  1384.5  0.02
161  1384.5  0.02
162  1384.5  0.02
163  1384.5  0.02
164  1384.5  0.02
165  1384.5  0.02
166  1384.5  0.02
167  1384.5  0.02
168  1384.5  0.02
169  1384.5  0.02
170  1384.5  0.02
171  1384.5  0.02
172  1384.5  0.02
173  1384.5  0.02
174  1384.5  0.02
175  1384.5  0.02
176  1384.5  0.02
177  1384.5  0.02
178  1384.5  0.02
179  1384.5  0.02
180  1384.5  0.02
181  1384.5  0.02
182  1384.5  0.02
183  1384.5  0.02
184  1384.5  0.02
185  1384.5  0.02
186  1384.5  0.02
187  1384.5  0.02
188  1384.5  0.02
189  1384.5  0.02
190  1384.5  0.02
191  1384.5  0.02
192  1384.5  0.02
193  1384.5  0.02
194  1384.5  0.02
195  1384.5  0.02
196  1384.5  0.02
197  1384.5  0.02
198  1384.5  0.02
199  1384.5  0.02
200  1384.5  0.02
201  1384.5  0.02
202  1384.5  0.02
203  1384.5  0.02
204  1384.5  0.02
205  1384.5  0.02
206  1384.5  0.02
207  1384.5  0.02
208  1384.5  0.02
209  1384.5  0.02
210  1384.5  0.02
211  1384.5  0.02
212  1384.5  0.02
213  1384.5  0.02
214  1384.5  0.02
215  1384.5  0.02
216  1384.5  0.02
217  1384.5  0.02
218  1384.5  0.02
219  1384.5  0.02
220  1384.5  0.02
221  1384.5  0.02
222  1384.5  0.02
223  1384.5  0.02
224  1384.5  0.02
225  1384.5  0.02
226  1384.5  0.02
227  1384.5  0.02
228  1384.5  0.02
229  1384.5  0.02
230  1384.5  0.02
231  1384.5  0.02
232  1384.5  0.02
233  1384.5  0.02
234  1384.5  0.02
235  1384.5  0.02
236  1384.5  0.02
237  1384.5  0.02
238  1384.5  0.02
239  1384.5  0.02
240  1384.5  0.02
241  1384.5  0.02
242  1384.5  0.02
243  1384.5  0.02
244  1384.5  0.02
245  1384.5  0.02
246  1384.5  0.02
247  1384.5  0.02
248  1384.5  0.02
249  1384.5  0.02
250  1384.5  0.02
251  1384.5  0.02
252  1384.5  0.02
253  1384.5  0.02
254  1384.5  0.02
255  1384.5  0.02
256  1384.5  0.02
257  1384.5  0.02
258  1384.5  0.02
259  1384.5  0.02
260  1384.5  0.02
261  1384.5  0.02
262  1384.5  0.02
263  1384.5  0.02
264  1384.5  0.02
265  1384.5  0.02
266  1384.5  0.02
267  1384.5  0.02
268  1384.5  0.02
269  1384.5  0.02
270  1384.5  0.02
271  1384.5  0.02
272  1384.5  0.02
273  1384.5  0.02
274  1384.5  0.02
275  1384.5  0.02
276  1384.5  0.02
277  1384.5  0.02
278  1384.5  0.02
279  1384.5  0.02
280  1384.5  0.02
281  1384.5  0.02
282  1384.5  0.02
283  1384.5  0.02
284  1384.5  0.02
285  1384.5  0.02
286  1384.5  0.02
287  1384.5  0.02
288  1384.5  0.02
289  1384.5  0.02
290  1384.5  0.02
291  1384.5  0.02
292  1384.5  0.02
293  1384.5  0.02
294  1384.5  0.02
295  1384.5  0.02
296  1384.5  0.02
297  1384.5  0.02
298  1384.5  0.02
299  1384.5  0.02
300  1384.5  0.02
301  1384.5  0.02
302  1384.5  0.02
303  1384.5  0.02
304  1384.5  0.02
305  1384.5  0.02
306  1384.5  0.02
307  1384.5  0.02
308  1384.5  0.02
309  1384.5  0.02
310  1384.5  0.02
311  1384.5  0.02
312  1384.5  0.02
313  1384.5  0.02
314  1384.5  0.02
315  1384.5  0.02
316  1384.5  0.02
317  1384.5  0.02
318  1384.5  0.02
319  1384.5  0.02
320  1384.5  0.02
321  1384.5  0.02
322  1384.5  0.02
323  1384.5  0.02
324  1384.5  0.02
325  1384.5  0.02
326  1384.5  0.02
327  1384.5  0.02
328  1384.5  0.02
329  1384.5  0.02
330  1384.5  0.02
331  1384.5  0.02
332  1384.5  0.02
333  1384.5  0.02
334  1384.5  0.02
335  1384.5  0.02
336  1384.5  0.02
337  1384.5  0.02
338  1384.5  0.02
339  1384.5  0.02
340  1384.5  0.02
341  1384.5  0.02
342  1384.5  0.02
343  1384.5  0.02
344  1384.5  0.02
345  1384.5  0.02
346  1384.5  0.02
347  1384.5  0.02
348  1384.5  0.02
349  1384.5  0.02
350  1384.5  0.02
351  1384.5  0.02
352  1384.5  0.02
353  1384.5  0.02
354  1384.5  0.02
355  1384.5  0.02
356  1384.5  0.02
357  1384.5  0.02
358  1384.5  0.02
359  1384.5  0.02
360  1384.5  0.02
361  1384.5  0.02
362  1384.5  0.02
363  1384.5  0.02
364  1384.5  0.02
365  1384.5  0.02
366  1384.5  0.02
367  1384.5  0.02
368  1384.5  0.02
369  1384.5  0.02
370  1384.5  0.02
371  1384.5  0.02
372  1384.5  0.02
373  1384.5  0.02
374  1384.5  0.02
375  1384.5  0.02
376  1384.5  0.02
377  1384.5  0.02
378  1384.5  0.02
379  1384.5  0.02
380  1384.5  0.02
381  1384.5  0.02
382  1384.5  0.02
383  1384.5  0.02
384  1384.5  0.02
385  1384.5  0.02
386  1384.5  0.02
387  1384.5  0.02
388  1384.5  0.02
389  1384.5  0.02
390  1384.5  0.02
391  1384.5  0.02
392  1384.5  0.02
393  1384.5  0.02
394  1384.5  0.02
395  1384.5  0.02
396  1384.5  0.02
397  1384.5  0.02
398  1384.5  0.02
399  1384.5  0.02
400  1384.5  0.02
401  1384.5  0.02
402  1384.5  0.02
403  1384.5  0.02
404  1384.5  0.02
405  1384.5  0.02
406  1384.5  0.02
407  1384.5  0.02
408  1384.5  0.02
409  1384.5  0.02
410  1384.5  0.02
411  1384.5  0.02
412  1384.5  0.02
413  1384.5  0.02
414  1384.5  0.02
415  1384.5  0.02
416  1384.5  0.02
417  1384.5  0.02
418  1384.5  0.02
419  1384.5  0.02
420  1384.5  0.02
421  1384.5  0.02
422  1384.5  0.02
423  1384.5  0.02
424  1384.5  0.02
425  1384.5  0.02
426  1384.5  0.02
427  1384.5  0.02
428  1384.5  0.02
429  1384.5  0.02
430  1384.5  0.02
431  1384.5  0.02
432  1384.5  0.02
433  1384.5  0.02
434  1384.5  0.02
435  1384.5  0.02
436  1384.5  0.02
437  1384.5  0.02
438  1384.5  0.02
439  1384.5  0.02
440  1384.5  0.02
441  1384.5  0.02
442  1384.5  0.02
443  1384.5  0.02
444  1384.5  0.02
445  1384.5  0.02
446  1384.5  0.02
447  1384.5  0.02
448  1384.5  0.02
449  1384.5  0.02
450  1384.5  0.02
451  1384.5  0.02
452  1384.5  0.02
453  1384.5  0.02
454  1384.5  0.02
455  1384.5  0.02
456  1384.5  0.02
457  1384.5  0.02
458  1384.5  0.02
459  1384.5  0.02
460  1384.5  0.02
461  1384.5  0.02
462  1384.5  0.02
463  1384.5  0.02
464  1384.5  0.02
465  1384.5  0.02
466  1384.5  0.02
467  1384.5  0.02
468  1384.5  0.02
469  1384.5  0.02
470  1384.5  0.02
471  1384.5  0.02
472  1384.5  0.02
473  1384.5  0.02
474  1384.5  0.02
475  1384.5  0.02
476  1384.5  0.02
477  1384.5  0.02
478  1384.5  0.02
479  1384.5  0.02
480  1384.5  0.02
481  1384.5  0.02
482  1384.5  0.02
483  1384.5  0.02
484  1384.5  0.02
485  1384.5  0.02
486  1384.5  0.02
487  1384.5  0.02
488  1384.5  0.02
489  1384.5  0.02
490  1384.5  0.02
491  1384.5  0.02
492  1384.5  0.02
493  1384.5  0.02
494  1384.5  0.02
495  1384.5  0.02
496  1384.5  0.02
497  1384.5  0.02
498  1384.5  0.02
499  1384.5  0.02
500  1384.5  0.02
501  1384.5  0.02
502  1384.5  0.02
503  1384.5  0.02
504  1384.5  0.02
505  1384.5  0.02
506  1384.5  0.02
507  1384.5  0.02
508  1384.5  0.02
509  1384.5  0.02
510  1384.5  0.02
511  1384.5  0.02
512  1384.5  0.02
513  1384.5  0.02
514  1384.5  0.02
515  1384.5  0.02
516  1384.5  0.02
517  1384.5  0.02
518  1384.5  0.02
519  1384.5  0.02
520  1384.5  0.02
521  1384.5  0.02
522  1384.5  0.02
523  1384.5  0.02
524  1384.5  0.02
525  1384.5  0.02
526  1384.5  0.02
527  1384.5  0.02
528  1384.5  0.02
529  1384.5  0.02
530  1384.5  0.02
531  1384.5  0.02
532  1384.5  0.02
533  1384.5  0.02
534  1384.5  0.02
535  1384.5  0.02
536  1384.5  0.02
537  1384.5  0.02
538  1384.5  0.02
539  1384.5  0.02
540  1384.5  0.02
541  1384.5  0.02
542  1384.5  0.02
543  1384.5  0.02
544  1384.5  0.02
545  1384.5  0.02
546  1384.5  0.02
547  1384.5  0.02
548  1384.5  0.02
549  1384.5  0.02
550  1384.5  0.02
551  1384.5  0.02
552  1384.5  0.02
553  1384.5  0.02
554  1384.5  0.02
555  1384.5  0.02
556  1384.5  0.02
557  1384.5  0.02
558  1384.5  0.02
559  1384.5  0.02
560  1384.5  0.02
561  1384.5  0.02
562  1384.5  0.02
563  1384.5  0.02
564  1384.5  0.02
565  1384.5  0.02
566  1384.5  0.02
567  1384.5  0.02
568  1384.5  0.02
569  1384.5  0.02
570  1384.5  0.02
571  1384.5  0.02
572  1384.5  0.02
573  1384.5  0.02
574  1384.5  0.02
575  1384.5  0.02
576  1384.5  0.02
577  1384.5  0.02
578  1384.5  0.02
579  1384.5  0.02
580  1384.5  0.02
581  1384.5  0.02
582  1384.5  0.02
583  1384.5  0.02
584  1384.5  0.02
585  1384.5  0.02
586  1384.5  0.02
587  1384.5  0.02
588  1384.5  0.02
589  1384.5  0.02
590  1384.5  0.02
591  1384.5  0.02
592  1384.5  0.02
593  1384.5  0.02
594  1384.5  0.02
595  1384.5  0.02
596  1384.5  0.02
597  1384.5  0.02
598  1384.5  0.02
599  1384.5  0.02
600  1384.5  0.02
601  1384.5  0.02
602  1384.5  0.02
603  1384.5  0.02
604  1384.5  0.02
605  1384.5  0.02
606  1384.5  0.02
607  1384.5  0.02
608  1384.5  0.02
609  1384.5  0.02
610  1384.5  0.02
611  1384.5  0.02
612  1384.5  0.02
613  1384.5  0.02
614  1384.5  0.02
615  1384.5  0.02
616  1384.5  0.02
617  1384.5  0.02
618  1384.5  0.02
619  1384.5  0.02
620  1384.5  0.02
621  1384.5  0.02
622  1384.5  0.02
623  1384.5  0.02
624  1384.5  0.02
625  1384.5  0.02
626  1384.5  0.02
627  1384.5  0.02
628  1384.5  0.02
629  1384.5  0.02
630  1384.5  0.02
631  1384.5  0.02
632  1384.5  0.02
633  1384.5  0.02
634  1384.5  0.02
635  1384.5  0.02
636  1384.5  0.02
637  1384.5  0.02
638  1384.5  0.02
639  1384.5  0.02
640  1384.5  0.02
641  1384.5  0.02
642  1384.5  0.02
643  1384.5  0.02
644  1384.5  0.02
645  1384.5  0.02
646  1384.5  0.02
647  1384.5  0.02
648  1384.5  0.02
649  1384.5  0.02
650  1384.5  0.02
651  1384.5  0.02
652  1384.5  0.02
653  1384.5  0.02
654  1384.5  0.02
655  1384.5  0.02
656  1384.5  0.02
657  1384.5  0.02
658  1384.5  0.02
659  1384.5  0.02
660  1384.5  0.02
661  1384.5  0.02
662  1384.5  0.02
663  1384.5  0.02
664  1384.5  0.02
665  1384.5  0.02
666  1384.5  0.02
667  1384.5  0.02
668  1384.5  0.02
669  1384.5  0.02
670  1384.5  0.02
671  1384.5  0.02
672  1384.5  0.02
673  1384.5  0.02
674  1384.5  0.02
675  1384.5  0.02
676  1384.5  0.02
677  1384.5  0.02
678  1384.5  0.02
679  1384.5  0.02
680  1384.5  0.02
681  1384.5  0.02
682  1384.5  0.02
683  1384.5  0.02
684  1384.5  0.02
685  1384.5  0.02
686  1384.5  0.02
687  1384.5  0.02
688  1384.5  0.02
689  1384.5  0.02
690  1384.5  0.02
691  1384.5  0.02
692  1384.5  0.02
693  1384.5  0.02
694  1384.5  0.02
695  1384.5  0.02
696  1384.5  0.02
697  1384.5  0.02
698  1384.5  0.02
699  1384.5  0.02
700  1384.5  0.02
701  1384.5  0.02
702  1384.5  0.02
703  1384.5  0.02
704  1384.5  0.02
705  1384.5  0.02
706  1384.5  0.02
707  1384.5  0.02
708  1384.5  0.02
709  1384.5  0.02
710  1384.5  0.02
711  1384.5  0.02
712  1384.5  0.02
713  1384.5  0.02
714  1384.5  0.02
715  1384.5  0.02
716  1384.5  0.02
717  1384.5  0.02
718  1384.5  0.02
719  1384.5  0.02
720  1384.5  0.02
721  1384.5  0.02
722  1384.5  0.02
723  1384.5  0.02
724  1384.5  0.02
725  1384.5  0.02
726  1384.5  0.02
727  1384.5  0.02
728  1384.5  0.02
729  1384.5  0.02
730  1384.5  0.02
731  1384.5  0.02
732  1384.5  0.02
733  1384.5  0.02
734  1384.5  0.02
735  1384.5  0.02
736  1384.5  0.02
737  1384.5  0.02
738  1384.5  0.02
739  1384.5  0.02
740  1384.5  0.02
741  1384.5  0.02
742  1384.5  0.02
743  1384.5  0.02
744  1384.5  0.02
745  1384.5  0.02
746  1384.5  0.02
747  1384.5  0.02
748  1384.5  0.02
749  1384.5  0.02
750  1384.5  0.02
751  1384.5  0.02
752  1384.5  0.02
753  1384.5  0.02
754  1384.5  0.02
755  1384.5  0.02
756  1384.5  0.02
757  1384.5  0.02
758  1384.5  0.02
759  1384.5  0.02
760  1384.5  0.02
761  1384.5  0.02
762  1384.5  0.02
763  1384.5  0.02
764  1384.5  0.02
765  1384.5  0.02
766  1384.5  0.02
767  1384.5  0.02
768  1384.5  0.02
769  1384.5  0.02
770  1384.5  0.02
771  1384.5  0.02
772  1384.5  0.02
773  1384.5  0.02
774  1384.5  0.02
775  1384.5  0.02
776  1384.5  0.02
777  1384.5  0.02
778  1384.5  0.02
779  1384.5  0.02
780  1384.5  0.02
781  1384.5  0.02
782  1384.5  0.02
783  1384.5  0.02
784  1384.5  0.02
785  1384.5  0.02
786  1384.5  0.02
787  1384.5  0.02
788  1384.5  0.02
789  1384.5  0.02
790  1384.5  0.02
791  1384.5  0.02
792  1384.5  0.02
793  1384.5  0.02
794  1384.5  0.02
795  1384.5  0.02
796  1384.5  0.02
797  1384.5  0.02
798  1384.5  0.02
799  1384.5  0.02
800  1384.5  0.02
801  1384.5  0.02
802  1384.5  0.02
803  1384.5  0.02
804  1384.5  0.02
805  1384.5  0.02
806  1384.5  0.02
807  1384.5  0.02
808  1384.5  0.02
809  1384.5  0.02
810  1384.5  0.02
811  1384.5  0.02
812  1384.5  0.02
813  1384.5  0.02
814  1384.5  0.02
815  1384.5  0.02
816  1384.5  0.02
817  1384.5  0.02
818  1384.5  0.02
819  1384.5  0.02
820  1384.5  0.02
821  1384.5  0.02
822  1384.5  0.02
823  1384.5  0.02
824  1384.5  0.02
825  1384.5  0.02
826  1384.5  0.02
827  1384.5  0.02
828  1384.5  0.02
829  1384.5  0.02
830  1384.5  0.02
831  1384.5  0.02
832  1384.5  0.02
833  1384.5  0.02
834  1384.5  0.02
835  1384.5  0.02
836  1384.5  0.02
837  1384.5  0.02
838  1384.5  0.02
839  1384.5  0.02
840  1384.5  0.02
841  1384.5  0.02
842  1384.5  0.02
843  1384.5  0.02
844  1384.5  0.02
845  1384.5  0.02
846  1384.5  0.02
847  1384.5  0.02
848  1384.5  0.02
849  1384.5  0.02
850  1384.5  0.02
851  1384.5  0.02
852  1384.5  0.02
853  1384.5  0.02
854  1384.5  0.02
855  1384.5  0.02
856  1384.5  0.02
857  1384.5  0.02
858  1384.5  0.02
859  1384.5  0.02
860  1384.5  0.02
861  1384.5  0.02
862  1384.5  0.02
863  1384.5  0.02
864  1384.5  0.02
865  1384.5  0.02
866  1384.5  0.02
867  1384.5  0.02
868  1384.5  0.02
869  1384.5  0.02
870  1384.5  0.02
871  1389.5  0.02
872  1389.5  0.02
873  1389.5  0.02
874  1389.5  0.02
875  1389.5  0.02
876  1389.5  0.02
877  1389.5  0.02
878  1389.5  0.02
879  1389.5  0.02
880  1389.5  0.02
881  1389.5  0.02
882  1389.5  0.02
883  1389.5  0.02
884  1389.5  0.02
885  1389.5  0.02
886  1389.5  0.02
887  1389.5  0.02
888  1389.5  0.02
889  1389.5  0.02
890  1389.5  0.02
891  1389.5  0.02
892  1389.5  0.02
893  1389.5  0.02
894  1389.5  0.02
895  1389.5  0.02
896  1389.5  0.02
897  1389.5  0.02
898  1389.5  0.02
899  1389.5  0.02
900  1389.5  0.02
901  1389.5  0.02
902  1389.5  0.02
903  1389.5  0.02
904  1422.5  0.0
905  1422.5  0.0
906  1422.5  0.0
907  1422.5  0.0
908  1422.5  0.0
909  1422.5  0.0
910  1422.5  0.0
911  1422.5  0.0
912  1422.5  0.0
913  1422.5  0.0
914  1422.5  0.0
915  1422.5  0.0
916  1422.5  0.0
917  1422.5  0.0
918  1422.5  0.0
919  1422.5  0.0
920  1422.5  0.0
921  1422.5  0.0
922  1422.5  0.0
923  1422.5  0.0
924  1422.5  0.0
925  1422.5  0.0
926  1422.5  0.0
927  1422.5  0.0
928  1422.5  0.0
929  1422.5  0.0
930  1422.5  0.0
931  1422.5  0.0
932  1422.5  0.0
933  1422.5  0.0
934  1422.5  0.0
935  1422.5  0.0
936  1422.5  0.0
937  1422.5  0.0
938  1422.5  0.0
939  1422.5  0.0
940  1422.5  0.0
941  1422.5  0.0
942  1422.5  0.0
943  1422.5  0.0
944  1422.5  0.0
945  1422.5  0.0
946  1422.5  0.0
947  1422.5  0.0
948  1422.5  0.0
949  1422.5  0.0
950  1422.5  0.0
951  1422.5  0.0
952  1422.5  0.0
953  1422.5  0.0
954  1422.5  0.0
955  1422.5  0.0
956  1422.5  0.0
957  1422.5  0.0
958  1422.5  0.0
959  1422.5  0.0
960  1422.5  0.0
961  1422.5  0.0
962  1422.5  0.0
963  1422.5  0.0
964  1422.5  0.0
965  1422.5  0.0
966  1422.5  0.0
967  1422.5  0.0
968  1422.5  0.0
969  1422.5  0.0
970  1422.5  0.0
971  1422.5  0.0
972  1422.5  0.0
973  1422.5  0.0
974  1422.5  0.0
975  1422.5  0.0
976  1422.5  0.0
977  1422.5  0.0
978  1422.5  0.0
979  1422.5  0.0
980  1422.5  0.0
981  1422.5  0.0
982  1422.5  0.0
983  1422.5  0.0
984  1422.5  0.0
985  1422.5  0.0
986  1422.5  0.0
987  1422.5  0.0
988  1422.5  0.0
989  1422.5  0.0
990  1422.5  0.0
991  1422.5  0.0
992  1422.5  0.0
993  1422.5  0.0
994  1422.5  0.0
995  1422.5  0.0
996  1422.5  0.0
997  1422.5  0.0
998  1422.5  0.0
999  1422.5  0.0
1000  1422.5  0.0
1001  1422.5  0.0
1002  1422.5  0.0
1003  1422.5  0.0
1004  1422.5  0.0
1005  1422.5  0.0
1006  1422.5  0.0
1007  1422.5  0.0
1008  1422.5  0.0
1009  1422.5  0.0
1010  1422.5  0.0
1011  1422.5  0.0
1012  1422.5  0.0
1013  1422.5  0.0
1014  1422.5  0.0
1015  1422.5  0.0
1016  1422.5  0.0
1017  1422.5  0.0
1018  1422.5  0.0
1019  1422.5  0.0
1020  1422.5  0.0
1021  1422.5  0.0
1022  1422.5  0.0
1023  1422.5  0.0
1024  1422.5  0.0
1025  1422.5  0.0
1026  1422.5  0.0
1027  1422.5  0.0
1028  1422.5  0.0
1029  1422.5  0.0
1030  1422.5  0.0
1031  1422.5  0.0
1032  1422.5  0.0
1033  1422.5  0.0
1034  1422.5  0.0
1035  1422.5  0.0
1036  1422.5  0.0
1037  1422.5  0.0
1038  1422.5  0.0
1039  1422.5  0.0
1040  1422.5  0.0
1041  1422.5  0.0
1042  1422.5  0.0
1043  1422.5  0.0
1044  1422.5  0.0
1045  1422.5  0.0
1046  1422.5  0.0
1047  1422.5  0.0
1048  1422.5  0.0
1049  1422.5  0.0
1050  1422.5  0.0
1051  1422.5  0.0
1052  1422.5  0.0
1053  1422.5  0.0
1054  1422.5  0.0
1055  1422.5  0.0
1056  1422.5  0.0
1057  1422.5  0.0
1058  1422.5  0.0
1059  1422.5  0.0
1060  1422.5  0.0
1061  1422.5  0.0
1062  1422.5  0.0
1063  1422.5  0.0
1064  1422.5  0.0
1065  1422.5  0.0
1066  1422.5  0.0
1067  1422.5  0.0
1068  1422.5  0.0
1069  1422.5  0.0
1070  1422.5  0.0
1071  1422.5  0.0
1072  1422.5  0.0
1073  1422.5  0.0
1074  1422.5  0.0
1075  1422.5  0.0
1076  1422.5  0.0
1077  1422.5  0.0
1078  1422.5  0.0
1079  1422.5  0.0
1080  1422.5  0.0
1081  1422.5  0.0
1082  1422.5  0.0
1083  1422.5  0.0
1084  1422.5  0.0
1085  1422.5  0.0
1086  1422.5  0.0
1087  1422.5  0.0
1088  1422.5  0.0
1089  1422.5  0.0
1090  1422.5  0.0
1091  1422.5  0.0
1092  1422.5  0.0
1093  1422.5  0.0
1094  1422.5  0.0
1095  1422.5  0.0
1096  1422.5  0.0
1097  1422.5  0.0
1098  1422.5  0.0
1099  1422.5  0.0
1100  1422.5  0.0
1101  1422.5  0.0
1102  1422.5  0.0
1103  1422.5  0.0
1104  1422.5  0.0
1105  1422.5  0.0
1106  1422.5  0.0
1107  1422.5  0.0
1108  1422.5  0.0
1109  1422.5  0.0
1110  1422.5  0.0
1111  1422.5  0.0
1112  1422.5  0.0
1113  1422.5  0.0
1114  1422.5  0.0
1115  1422.5  0.0
1116  1422.5  0.0
1117  1422.5  0.0
1118  1422.5  0.0
1119  1422.5  0.0
1120  1422.5  0.0
1121  1422.5  0.0
1122  1422.5  0.0
1123  1422.5  0.0
1124  1422.5  0.0
1125  1422.5  0.0
1126  1422.5  0.0
1127  1422.5  0.0
1128  1422.5  0.0
1129  1422.5  0.0
1130  1422.5  0.0
1131  1422.5  0.0
1132  1422.5  0.0
1133  1422.5  0.0
1134  1422.5  0.0
1135  1422.5  0.0
1136  1422.5  0.0
1137  1422.5  0.0
1138  1422.5  0.0
1139  1422.5  0.0
1140  1422.5  0.0
1141  1422.5  0.0
1142  1422.5  0.0
1143  1422.5  0.0
1144  1422.5  0.0
1145  1422.5  0.0
1146  1422.5  0.0
1147  1422.5  0.0
1148  1422.5  0.0
1149  1422.5  0.0
1150  1422.5  0.0
1151  1422.5  0.0
1152  1422.5  0.0
1153  1422.5  0.0
1154  1422.5  0.0
1155  1422.5  0.0
1156  1422.5  0.0
1157  1422.5  0.0
1158  1422.5  0.0
1159  1422.5  0.0
1160  1422.5  0.0
1161  1422.5  0.0
1162  1422.5  0.0
1163  1422.5  0.0
1164  1422.5  0.0
1165  1422.5  0.0
1166  1422.5  0.0
1167  1422.5  0.0
1168  1422.5  0.0
1169  1422.5  0.0
1170  1422.5  0.0
1171  1422.5  0.0
1172  1422.5  0.0
1173  1422.5  0.0
1174  1422.5  0.0
1175  1422.5  0.0
1176  1422.5  0.0
1177  1422.5  0.0
1178  1422.5  0.0
1179  1422.5  0.0
1180  1422.5  0.0
1181  1422.5  0.0
1182  1422.5  0.0
1183  1422.5  0.0
1184  1422.5  0.0
1185  1422.5  0.0
1186  1422.5  0.0
1187  1422.5  0.0
1188  1422.5  0.0
1189  1422.5  0.0
1190  1422.5  0.0
1191  1422.5  0.0
1192  1422.5  0.0
1193  1422.5  0.0
1194  1422.5  0.0
1195  1422.5  0.0
1196  1422.5  0.0
1197  1422.5  0.0
1198  1422.5  0.0
1199  1422.5  0.0
1200  1422.5  0.0
1201  1422.5  0.0
1202  1422.5  0.0
1203  1422.5  0.0
1204  1422.5  0.0
1205  1422.5  0.0
1206  1422.5  0.0
1207  1422.5  0.0
1208  1422.5  0.0
1209  1422.5  0.0
1210  1422.5  0.0
1211  1422.5  0.0
1212  1422.5  0.0
1213  1422.5  0.0
1214  1422.5  0.0
1215  1422.5  0.0
1216  1422.5  0.0
1217  1422.5  0.0
1218  1422.5  0.0
1219  1422.5  0.0
1220  1422.5  0.0
1221  1422.5  0.0
1222  1422.5  0.0
1223  1422.5  0.0
1224  1422.5  0.0
1225  1422.5  0.0
1226  1422.5  0.0
1227  1422.5  0.0
1228  1422.5  0.0
1229  1422.5  0.0
1230  1422.5  0.0
1231  1422.5  0.0
1232  1422.5  0.0
1233  1422.5  0.0
1234  1422.5  0.0
1235  1422.5  0.0
1236  1422.5  0.0
1237  1422.5  0.0
1238  1422.5  0.0
1239  1422.5  0.0
1240  1422.5  0.0
1241  1422.5  0.0
1242  1422.5  0.0
1243  1422.5  0.0
1244  1422.5  0.0
1245  1422.5  0.0
1246  1422.5  0.0
1247  1422.5  0.0
1248  1422.5  0.0
1249  1422.5  0.0
1250  1422.5  0.0
1251  1422.5  0.0
1252  1422.5  0.0
1253  1422.5  0.0
1254  1422.5  0.0
1255  1422.5  0.0
1256  1422.5  0.0
1257  1422.5  0.0
1258  1422.5  0.0
1259  1422.5  0.0
1260  1422.5  0.0
1261  1422.5  0.0
1262  1422.5  0.0
1263  1422.5  0.0
1264  1422.5  0.0
1265  1422.5  0.0
1266  1422.5  0.0
1267  1422.5  0.0
1268  1422.5  0.0
1269  1422.5  0.0
1270  1422.5  0.0
1271  1422.5  0.0
1272  1422.5  0.0
1273  1422.5  0.0
1274  1422.5  0.0
1275  1422.5  0.0
1276  1422.5  0.0
1277  1422.5  0.0
1278  1422.5  0.0
1279  1422.5  0.0
1280  1422.5  0.0
1281  1422.5  0.0
1282  1422.5  0.0
1283  1422.5  0.0
1284  1422.5  0.0
1285  1422.5  0.0
1286  1422.5  0.0
1287  1422.5  0.0
1288  1422.5  0.0
1289  1422.5  0.0
1290  1422.5  0.0
1291  1422.5  0.0
1292  1422.5  0.0
1293  1422.5  0.0
1294  1422.5  0.0
1295  1422.5  0.0
1296  1422.5  0.0
1297  1422.5  0.0
1298  1422.5  0.0
1299  1422.5  0.0
1300  1422.5  0.0
1301  1422.5  0.0
1302  1422.5  0.0
1303  1422.5  0.0
1304  1422.5  0.0
1305  1422.5  0.0
1306  1422.5  0.0
1307  1422.5  0.0
1308  1422.5  0.0
1309  1422.5  0.0
1310  1422.5  0.0
1311  1422.5  0.0
1312  1422.5  0.0
1313  1422.5  0.0
1314  1422.5  0.0
1315  1422.5  0.0
1316  1422.5  0.0
1317  1422.5  0.0
1318  1422.5  0.0
1319  1422.5  0.0
1320  1422.5  0.0
1321  1422.5  0.0
1322  1422.5  0.0
1323  1422.5  0.0
1324  1422.5  0.0
1325  1422.5  0.0
1326  1422.5  0.0
1327  1422.5  0.0
1328  1422.5  0.0
1329  1422.5  0.0
1330  1422.5  0.0
1331  1422.5  0.0
1332  1422.5  0.0
1333  1422.5  0.0
1334  1422.5  0.0
1335  1422.5  0.0
1336  1422.5  0.0
1337  1422.5  0.0
1338  1422.5  0.0
1339  1422.5  0.0
1340  1422.5  0.0
1341  1422.5  0.0
1342  1422.5  0.0
1343  1422.5  0.0
1344  1422.5  0.0
1345  1422.5  0.0
1346  1422.5  0.0
1347  1422.5  0.0
1348  1422.5  0.0
1349  1422.5  0.0
1350  1422.5  0.0
1351  1422.5  0.0
1352  1422.5  0.0
1353  1422.5  0.0
1354  1422.5  0.0
1355  1422.5  0.0
1356  1422.5  0.0
1357  1422.5  0.0
1358  1422.5  0.0
1359  1422.5  0.0
1360  1422.5  0.0
1361  1422.5  0.0
1362  1422.5  0.0
1363  1422.5  0.0
1364  1422.5  0.0
1365  1422.5  0.0
1366  1422.5  0.0
1367  1422.5  0.0
1368  1422.5  0.0
1369  1422.5  0.0
1370  1422.5  0.0
1371  1422.5  0.0
1372  1422.5  0.0
1373  1422.5  0.0
1374  1422.5  0.0
1375  1422.5  0.0
1376  1422.5  0.0
1377  1422.5  0.0
1378  1422.5  0.0
1379  1422.5  0.0
1380  1422.5  0.0
1381  1422.5  0.0
1382  1422.5  0.0
1383  1422.5  0.0
1384  1422.5  0.0
1385  1422.5  0.0
1386  1422.5  0.0
1387  1422.5  0.0
1388  1422.5  0.0
1389  1422.5  0.0
1390  1422.5  0.0
1391  1422.5  0.0
1392  1422.5  0.0
1393  1422.5  0.0
1394  1422.5  0.0
1395  1422.5  0.0
1396  1422.5  0.0
1397  1422.5  0.0
1398  1422.5  0.0
1399  1422.5  0.0
1400  1422.5  0.0
1401  1422.5  0.0
1402  1422.5  0.0
1403  1422.5  0.0
1404  1422.5  0.0
1405  1422.5  0.0
1406  1422.5  0.0
1407  1422.5  0.0
1408  1422.5  0.0
1409  1422.5  0.0
1410  1422.5  0.0
1411  1422.5  0.0
1412  1422.5  0.0
1413  1422.5  0.0
1414  1422.5  0.0
1415  1422.5  0.0
1416  1422.5  0.0
1417  1422.5  0.0
1418  1422.5  0.0
1419  1422.5  0.0
1420  1422.5  0.0
1421  1422.5  0.0
1422  1422.5  0.0
1423  1422.5  0.0
1424  1422.5  0.0
1425  1422.5  0.0
1426  1422.5  0.0
1427  1422.5  0.0
1428  1422.5  0.0
1429  1422.5  0.0
1430  1422.5  0.0
1431  1422.5  0.0
1432  1422.5  0.0
1433  1422.5  0.0
1434  1422.5  0.0
1435  1422.5  0.0
1436  1422.5  0.0
1437  1422.5  0.0
1438  1422.5  0.0
1439  1422.5  0.0
1440  1422.5  0.0
1441  1422.5  0.0
1442  1422.5  0.0
1443  1422.5  0.0
1444  1422.5  0.0
1445  1422.5  0.0
1446  1422.5  0.0
1447  1422.5  0.0
1448  1422.5  0.0
1449  1422.5  0.0
1450  1422.5  0.0
1451  1422.5  0.0
1452  1422.5  0.0
1453  1422.5  0.0
1454  1422.5  0.0
1455  1422.5  0.0
1456  1422.5  0.0
1457  1422.5  0.0
1458  1422.5  0.0
1459  1422.5  0.0
1460  1422.5  0.0
1461  1422.5  0.0
1462  1422.5  0.0
1463  1422.5  0.0
1464  1422.5  0.0
1465  1422.5  0.0
1466  1422.5  0.0
1467  1422.5  0.0
1468  1422.5  0.0
1469  1422.5  0.0
1470  1422.5  0.0
1471  1422.5  0.0
1472  1422.5  0.0
1473  1422.5  0.0
1474  1422.5  0.0
1475  1422.5  0.0
1476  1422.5  0.0
1477  1422.5  0.0
1478  1422.5  0.0
1479  1422.5  0.0
1480  1422.5  0.0
1481  1422.5  0.0
1482  1422.5  0.0
1483  1422.5  0.0
1484  1422.5  0.0
1485  1422.5  0.0
1486  1422.5  0.0
1487  1422.5  0.0
1488  1422.5  0.0
1489  1422.5  0.0
1490  1422.5  0.0
1491  1422.5  0.0
1492  1422.5  0.0
1493  1422.5  0.0
1494  1422.5  0.0
1495  1422.5  0.0
1496  1422.5  0.0
1497  1422.5  0.0
1498  1422.5  0.0
1499  1422.5  0.0
1500  1422.5  0.0
1501  1422.5  0.0
1502  1422.5  0.0
1503  1422.5  0.0
1504  1422.5  0.0
1505  1422.5  0.0
1506  1422.5  0.0
1507  1422.5  0.0
1508  1422.5  0.0
1509  1422.5  0.0
1510  1422.5  0.0
1511  1422.5  0.0
1512  1422.5  0.0
1513  1422.5  0.0
1514  1422.5  0.0
1515  1422.5  0.0
1516  1422.5  0.0
1517  1422.5  0.0
1518  1422.5  0.0
1519  1422.5  0.0
1520  1422.5  0.0
1521  1422.5  0.0
1522  1422.5  0.0
1523  1422.5  0.0
1524  1422.5  0.0
1525  1422.5  0.0
1526  1422.5  0.0
1527  1422.5  0.0
1528  1422.5  0.0
1529  1422.5  0.0
1530  1422.5  0.0
1531  1422.5  0.0
1532  1422.5  0.0
1533  1422.5  0.0
1534  1422.5  0.0
1535  1422.5  0.0
1536  1422.5  0.0
1537  1422.5  0.0
1538  1422.5  0.0
1539  1422.5  0.0
1540  1422.5  0.0
1541  1422.5  0.0
1542  1422.5  0.0
1543  1422.5  0.0
1544  1422.5  0.0
1545  1422.5  0.0
1546  1422.5  0.0
1547  1422.5  0.0
1548  1422.5  0.0
1549  1422.5  0.0
1550  1422.5  0.0
1551  1422.5  0.0
1552  1422.5  0.0
1553  1422.5  0.0
1554  1422.5  0.0
1555  1422.5  0.0
1556  1422.5  0.0
1557  1422.5  0.0
1558  1422.5  0.0
1559  1422.5  0.0
1560  1422.5  0.0
1561  1422.5  0.0
1562  1422.5  0.0
1563  1422.5  0.0
1564  1422.5  0.0
1565  1422.5  0.0
1566  1422.5  0.0
1567  1422.5  0.0
1568  1422.5  0.0
1569  1422.5  0.0
1570  1422.5  0.0
1571  1422.5  0.0
1572  1422.5  0.0
1573  1422.5  0.0
1574  1422.5  0.0
1575  1422.5  0.0
1576  1422.5  0.0
1577  1422.5  0.0
1578  1422.5  0.0
1579  1422.5  0.0
1580  1422.5  0.0
1581  1422.5  0.0
1582  1422.5  0.0
1583  1422.5  0.0
1584  1422.5  0.0
1585  1422.5  0.0
1586  1422.5  0.0
1587  1422.5  0.0
1588  1422.5  0.0
1589  1422.5  0.0
1590  1422.5  0.0
1591  1422.5  0.0
1592  1422.5  0.0
1593  1422.5  0.0
1594  1422.5  0.0
1595  1422.5  0.0
1596  1422.5  0.0
1597  1422.5  0.0
1598  1422.5  0.0
1599  1422.5  0.0
1600  1422.5  0.0
1601  1422.5  0.0
1602  1422.5  0.0
1603  1422.5  0.0
1604  1422.5  0.0
1605  1422.5  0.0
1606  1422.5  0.0
1607  1422.5  0.0
1608  1422.5  0.0
1609  1422.5  0.0
1610  1422.5  0.0
1611  1422.5  0.0
1612  1422.5  0.0
1613  1422.5  0.0
1614  1422.5  0.0
1615  1422.5  0.0
1616  1422.5  0.0
1617  1422.5  0.0
1618  1422.5  0.0
1619  1422.5  0.0
1620  1422.5  0.0
1621  1422.5  0.0
1622  1422.5  0.0
1623  1422.5  0.0
1624  1422.5  0.0
1625  1422.5  0.0
1626  1422.5  0.0
1627  1422.5  0.0
1628  1422.5  0.0
1629  1422.5  0.0
1630  1422.5  0.0
1631  1422.5  0.0
1632  1422.5  0.0
1633  1422.5  0.0
1634  1422.5  0.0
1635  1422.5  0.0
1636  1422.5  0.0
1637  1422.5  0.0
1638  1422.5  0.0
1639  1422.5  0.0
1640  1422.5  0.0
1641  1422.5  0.0
1642  1422.5  0.0
1643  1422.5  0.0
1644  1422.5  0.0
1645  1422.5  0.0
1646  1422.5  0.0
1647  1422.5  0.0
1648  1422.5  0.0
1649  1422.5  0.0
1650  1422.5  0.0
1651  1422.5  0.0
1652  1422.5  0.0
1653  1422.5  0.0
1654  1422.5  0.0
1655  1422.5  0.0
1656  1422.5  0.0
1657  1422.5  0.0
1658  1422.5  0.0
1659  1422.5  0.0
1660  1422.5  0.0
1661  1422.5  0.0
1662  1422.5  0.0
1663  1422.5  0.0
1664  1422.5  0.0
1665  1422.5  0.0
1666  1422.5  0.0
1667  1422.5  0.0
1668  1422.5  0.0
1669  1422.5  0.0
1670  1422.5  0.0
1671  1422.5  0.0
1672  1422.5  0.0
1673  1422.5  0.0
1674  1422.5  0.0
1675  1422.5  0.0
1676  1422.5  0.0
1677  1422.5  0.0
1678  1422.5  0.0
1679  1422.5  0.0
1680  1422.5  0.0
1681  1422.5  0.0
1682  1422.5  0.0
1683  1422.5  0.0
1684  1422.5  0.0
1685  1422.5  0.0
1686  1422.5  0.0
1687  1422.5  0.0
1688  1422.5  0.0
1689  1422.5  0.0
1690  1422.5  0.0
1691  1422.5  0.0
1692  1422.5  0.0
1693  1422.5  0.0
1694  1422.5  0.0
1695  1422.5  0.0
1696  1422.5  0.0
1697  1422.5  0.0
1698  1422.5  0.0
1699  1422.5  0.0
1700  1422.5  0.0
1701  1422.5  0.0
1702  1422.5  0.0
1703  1422.5  0.0
1704  1422.5  0.0
1705  1422.5  0.0
1706  1422.5  0.0
1707  1422.5  0.0
1708  1422.5  0.0
1709  1422.5  0.0
1710  1422.5  0.0
1711  1422.5  0.0
1712  1422.5  0.0
1713  1422.5  0.0
1714  1422.5  0.0
1715  1422.5  0.0
1716  1422.5  0.0
1717  1422.5  0.0
1718  1422.5  0.0
1719  1422.5  0.0
1720  1422.5  0.0
1721  1422.5  0.0
1722  1422.5  0.0
1723  1422.5  0.0
1724  1422.5  0.0
1725  1422.5  0.0
1726  1422.5  0.0
1727  1422.5  0.0
1728  1422.5  0.0
1729  1422.5  0.0
1730  1422.5  0.0
1731  1422.5  0.0
1732  1422.5  0.0
1733  1422.5  0.0
1734  1422.5  0.0
1735  1422.5  0.0
1736  1422.5  0.0
1737  1422.5  0.0
1738  1422.5  0.0
1739  1422.5  0.0
1740  1422.5  0.0
1741  1422.5  0.0
1742  1422.5  0.0
1743  1422.5  0.0
1744  1422.5  0.0
1745  1422.5  0.0
1746  1422.5  0.0
1747  1422.5  0.0
1748  1422.5  0.0
1749  1422.5  0.0
1750  1422.5  0.0
1751  1422.5  0.0
1752  1422.5  0.0
1753  1422.5  0.0
1754  1422.5  0.0
1755  1422.5  0.0
1756  1422.5  0.0
1757  1422.5  0.0
1758  1422.5  0.0
1759  1422.5  0.0
1760  1422.5  0.0
1761  1422.5  0.0
1762  1422.5  0.0
1763  1422.5  0.0
1764  1422.5  0.0
1765  1422.5  0.0
1766  1422.5  0.0
1767  1422.5  0.0
1768  1422.5  0.0
1769  1422.5  0.0
1770  1422.5  0.0
1771  1422.5  0.0
1772  1422.5  0.0
1773  1422.5  0.0
1774  1422.5  0.0
1775  1422.5  0.0
1776  1422.5  0.0
1777  1422.5  0.0
1778  1422.5  0.0
1779  1422.5  0.0
1780  1422.5  0.0
1781  1422.5  0.0
1782  1422.5  0.0
1783  1422.5  0.0
1784  1422.5  0.0
1785  1422.5  0.0
1786  1422.5  0.0
1787  1422.5  0.0
1788  1422.5  0.0
1789  1422.5  0.0
1790  1422.5  0.0
1791  1422.5  0.0
1792  1422.5  0.0
1793  1422.5  0.0
1794  1422.5  0.0
1795  1422.5  0.0
1796  1422.5  0.0
1797  1422.5  0.0
1798  1422.5  0.0
1799  1422.5  0.0
1800  1422.5  0.0
1801  1422.5  0.0
1802  1422.5  0.0
1803  1422.5  0.0
1804  1422.5  0.0
1805  1422.5  0.0
1806  1422.5  0.0
1807  1422.5  0.0
1808  1422.5  0.0
1809  1422.5  0.0
1810  1422.5  0.0
1811  1422.5  0.0
1812  1422.5  0.0
1813  1422.5  0.0
1814  1422.5  0.0
1815  1422.5  0.0
1816  1422.5  0.0
1817  1422.5  0.0
1818  1422.5  0.0
1819  1422.5  0.0
1820  1422.5  0.0
1821  1422.5  0.0
1822  1422.5  0.0
1823  1422.5  0.0
1824  1422.5  0.0
1825  1422.5  0.0
1826  1422.5  0.0
1827  1422.5  0.0
1828  1422.5  0.0
1829  1422.5  0.0
1830  1422.5  0.0
1831  1422.5  0.0
1832  1422.5  0.0
1833  1422.5  0.0
1834  1422.5  0.0
1835  1422.5  0.0
1836  1422.5  0.0
1837  1422.5  0.0
1838  1422.5  0.0
1839  1422.5  0.0
1840  1422.5  0.0
1841  1422.5  0.0
1842  1422.5  0.0
1843  1422.5  0.0
1844  1422.5  0.0
1845  1422.5  0.0
1846  1422.5  0.0
1847  1422.5  0.0
1848  1422.5  0.0
1849  1422.5  0.0
1850  1422.5  0.0
1851  1422.5  0.0
1852  1422.5  0.0
1853  1422.5  0.0
1854  1422.5  0.0
1855  1422.5  0.0
1856  1422.5  0.0
1857  1422.5  0.0
1858  1422.5  0.0
1859  1422.5  0.0
1860  1422.5  0.0
1861  1422.5  0.0
1862  1422.5  0.0
1863  1422.5  0.0
1864  1422.5  0.0
1865  1422.5  0.0
1866  1422.5  0.0
1867  1422.5  0.0
1868  1422.5  0.0
1869  1422.5  0.0
1870  1422.5  0.0
1871  1422.5  0.0
1872  1422.5  0.0
1873  1422.5  0.0
1874  1422.5  0.0
1875  1422.5  0.0
1876  1422.5  0.0
1877  1422.5  0.0
1878  1422.5  0.0
1879  1422.5  0.0
1880  1422.5  0.0
1881  1422.5  0.0
1882  1422.5  0.0
1883  1422.5  0.0
1884  1422.5  0.0
1885  1422.5  0.0
1886  1422.5  0.0
1887  1422.5  0.0
1888  1422.5  0.0
1889  1422.5  0.0
1890  1422.5  0.0
1891  1422.5  0.0
1892  1422.5  0.0
1893  1422.5  0.0
1894  1422.5  0.0
1895  1422.5  0.0
1896  1422.5  0.0
1897  1422.5  0.0
1898  1422.5  0.0
1899  1422.5  0.0
1900  1422.5  0.0
1901  1422.5  0.0
1902  1422.5  0.0
1903  1422.5  0.0
1904  1422.5  0.0
1905  1422.5  0.0
1906  1422.5  0.0
1907  1422.5  0.0
1908  1422.5  0.0
1909  1422.5  0.0
1910  1422.5  0.0
1911  1422.5  0.0
1912  1422.5  0.0
1913  1422.5  0.0
1914  1422.5  0.0
1915  1422.5  0.0
1916  1422.5  0.0
1917  1422.5  0.0
1918  1422.5  0.0
1919  1422.5  0.0
1920  1422.5  0.0
1921  1422.5  0.0
1922  1422.5  0.0
1923  1422.5  0.0
1924  1422.5  0.0
1925  1422.5  0.0
1926  1422.5  0.0
1927  1422.5  0.0
1928  1422.5  0.0
1929  1422.5  0.0
1930  1422.5  0.0
1931  1422.5  0.0
1932  1422.5  0.0
1933  1422.5  0.0
1934  1422.5  0.0
1935  1422.5  0.0
1936  1422.5  0.0
1937  1422.5  0.0
1938  1422.5  0.0
1939  1422.5  0.0
1940  1422.5  0.0
1941  1422.5  0.0
1942  1422.5  0.0
1943  1422.5  0.0
1944  1422.5  0.0
1945  1422.5  0.0
1946  1422.5  0.0
1947  1422.5  0.0
1948  1422.5  0.0
1949  1422.5  0.0
1950  1422.5  0.0
1951  1422.5  0.0
1952  1422.5  0.0
1953  1422.5  0.0
1954  1422.5  0.0
1955  1422.5  0.0
1956  1422.5  0.0
1957  1422.5  0.0
1958  1422.5  0.0
1959  1422.5  0.0
1960  1422.5  0.0
1961  1422.5  0.0
1962  1422.5  0.0
1963  1422.5  0.0
1964  1422.5  0.0
1965  1422.5  0.0
1966  1422.5  0.0
1967  1422.5  0.0
1968  1422.5  0.0
1969  1422.5  0.0
1970  1422.5  0.0
1971  1422.5  0.0
1972  1422.5  0.0
1973  1422.5  0.0
1974  1422.5  0.0
1975  1422.5  0.0
1976  1422.5  0.0
1977  1422.5  0.0
1978  1422.5  0.0
1979  1422.5  0.0
1980  1422.5  0.0
1981  1422.5  0.0
1982  1422.5  0.0
1983  1422.5  0.0
1984  1422.5  0.0
1985  1422.5  0.0
1986  1422.5  0.0
1987  1422.5  0.0
1988  1422.5  0.0
1989  1422.5  0.0
1990  1422.5  0.0
1991  1422.5  0.0
1992  1422.5  0.0
1993  1422.5  0.0
1994  1422.5  0.0
1995  1422.5  0.0
1996  1422.5  0.0
1997  1422.5  0.0
1998  1422.5  0.0
1999  1422.5  0.0
2000  1422.5  0.0
2001  1422.5  0.0
2002  1422.5  0.0
2003  1422.5  0.0
2004  1422.5  0.0
2005  1422.5  0.0
2006  1422.5  0.0
2007  1422.5  0.0
2008  1422.5  0.0
2009  1422.5  0.0
2010  1422.5  0.0
2011  1422.5  0.0
2012  1422.5  0.0
2013  1422.5  0.0
2014  1422.5  0.0
2015  1422.5  0.0
2016  1422.5  0.0
2017  1422.5  0.0
2018  1422.5  0.0
2019  1422.5  0.0
2020  1422.5  0.0
2021  1422.5  0.0
2022  1422.5  0.0
2023  1422.5  0.0
2024  1422.5  0.0
2025  1422.5  0.0
2026  1422.5  0.0
2027  1422.5  0.0
2028  1422.5  0.0
2029  1422.5  0.0
2030  1422.5  0.0
2031  1422.5  0.0
2032  1422.5  0.0
2033  1422.5  0.0
2034  1422.5  0.0
2035  1422.5  0.0
2036  1422.5  0.0
2037  1422.5  0.0
2038  1422.5  0.0
2039  1422.5  0.0
2040  1422.5  0.0
2041  1422.5  0.0
2042  1422.5  0.0
2043  1422.5  0.0
2044  1422.5  0.0
2045  1422.5  0.0
2046  1422.5  0.0
2047  1422.5  0.0
2048  1422.5  0.0
2049  1422.5  0.0
2050  1422.5  0.0
2051  1422.5  0.0
2052  1422.5  0.0
2053  1422.5  0.0
2054  1422.5  0.0
2055  1422.5  0.0
2056  1422.5  0.0
2057  1422.5  0.0
2058  1422.5  0.0
2059  1422.5  0.0
2060  1422.5  0.0
2061  1422.5  0.0
2062  1422.5  0.0
2063  1422.5  0.0
2064  1422.5  0.0
2065  1422.5  0.0
2066  1422.5  0.0
2067  1422.5  0.0
2068  1422.5  0.0
2069  1422.5  0.0
2070  1422.5  0.0
2071  1422.5  0.0
2072  1422.5  0.0
2073  1422.5  0.0
2074  1422.5  0.0
2075  1422.5  0.0
2076  1422.5  0.0
2077  1422.5  0.0
2078  1422.5  0.0
2079  1422.5  0.0
2080  1422.5  0.0
2081  1422.5  0.0
2082  1422.5  0.0
2083  1422.5  0.0
2084  1422.5  0.0
2085  1422.5  0.0
2086  1422.5  0.0
2087  1422.5  0.0
2088  1422.5  0.0
2089  1422.5  0.0
2090  1422.5  0.0
2091  1422.5  0.0
2092  1422.5  0.0
2093  1422.5  0.0
2094  1422.5  0.0
2095  1422.5  0.0
2096  1422.5  0.0
2097  1422.5  0.0
2098  1422.5  0.0
2099  1422.5  0.0
2100  1422.5  0.0
2101  1422.5  0.0
2102  1422.5  0.0
2103  1422.5  0.0
2104  1422.5  0.0
2105  1422.5  0.0
2106  1422.5  0.0
2107  1422.5  0.0
2108  1422.5  0.0
2109  1422.5  0.0
2110  1422.5  0.0
2111  1422.5  0.0
2112  1422.5  0.0
2113  1422.5  0.0
2114  1422.5  0.0
2115  1422.5  0.0
2116  1422.5  0.0
2117  1422.5  0.0
2118  1422.5  0.0
2119  1422.5  0.0
2120  1422.5  0.0
2121  1422.5  0.0
2122  1422.5  0.0
2123  1422.5  0.0
2124  1422.5  0.0
2125  1422.5  0.0
2126  1422.5  0.0
2127  1422.5  0.0
2128  1422.5  0.0
2129  1422.5  0.0
2130  1422.5  0.0
2131  1422.5  0.0
2132  1422.5  0.0
2133  1422.5  0.0
2134  1422.5  0.0
2135  1422.5  0.0
2136  1422.5  0.0
2137  1422.5  0.0
2138  1422.5  0.0
2139  1422.5  0.0
2140  1422.5  0.0
2141  1422.5  0.0
2142  1422.5  0.0
2143  1422.5  0.0
2144  1422.5  0.0
2145  1422.5  0.0
2146  1422.5  0.0
2147  1422.5  0.0
2148  1422.5  0.0
2149  1422.5  0.0
2150  1422.5  0.0
2151  1422.5  0.0
2152  1422.5  0.0
2153  1422.5  0.0
2154  1422.5  0.0
2155  1422.5  0.0
2156  1422.5  0.0
2157  1422.5  0.0
2158  1422.5  0.0
2159  1422.5  0.0
2160  1422.5  0.0
2161  1422.5  0.0
2162  1422.5  0.0
2163  1422.5  0.0
2164  1422.5  0.0
2165  1422.5  0.0
2166  1422.5  0.0
2167  1422.5  0.0
2168  1422.5  0.0
2169  1422.5  0.0
2170  1422.5  0.0
2171  1422.5  0.0
2172  1422.5  0.0
2173  1422.5  0.0
2174  1422.5  0.0
2175  1422.5  0.0
2176  1422.5  0.0
2177  1422.5  0.0
2178  1422.5  0.0
2179  1422.5  0.0
2180  1422.5  0.0
2181  1422.5  0.0
2182  1422.5  0.0
2183  1422.5  0.0
2184  1422.5  0.0
2185  1422.5  0.0
2186  1422.5  0.0
2187  1422.5  0.0
2188  1422.5  0.0
2189  1422.5  0.0
2190  1422.5  0.0
2191  1422.5  0.0
2192  1422.5  0.0
2193  1422.5  0.0
2194  1422.5  0.0
2195  1422.5  0.0
2196  1422.5  0.0
2197  1422.5  0.0
2198  1422.5  0.0
2199  1422.5  0.0
2200  1422.5  0.0
2201  1422.5  0.0
2202  1422.5  0.0
2203  1422.5  0.0
2204  1422.5  0.0
2205  1422.5  0.0
2206  1422.5  0.0
2207  1422.5  0.0
2208  1422.5  0.0
2209  1422.5  0.0
2210  1422.5  0.0
2211  1422.5  0.0
2212  1422.5  0.0
2213  1422.5  0.0
2214  1422.5  0.0
2215  1422.5  0.0
2216  1422.5  0.0
2217  1422.5  0.0
2218  1422.5  0.0
2219  1422.5  0.0
2220  1422.5  0.0
2221  1422.5  0.0
2222  1422.5  0.0
2223  1422.5  0.0
2224  1422.5  0.0
2225  1422.5  0.0
2226  1422.5  0.0
2227  1422.5  0.0
2228  1422.5  0.0
2229  1422.5  0.0
2230  1422.5  0.0
2231  1422.5  0.0
2232  1422.5  0.0
2233  1422.5  0.0
2234  1422.5  0.0
2235  1422.5  0.0
2236  1422.5  0.0
2237  1422.5  0.0
2238  1422.5  0.0
2239  1422.5  0.0
2240  1422.5  0.0
2241  1422.5  0.0
2242  1422.5  0.0
2243  1422.5  0.0
2244  1422.5  0.0
2245  1422.5  0.0
2246  1422.5  0.0
2247  1422.5  0.0
2248  1422.5  0.0
2249  1422.5  0.0
2250  1422.5  0.0
2251  1422.5  0.0
2252  1422.5  0.0
2253  1422.5  0.0
2254  1422.5  0.0
2255  1422.5  0.0
2256  1422.5  0.0
2257  1422.5  0.0
2258  1422.5  0.0
2259  1422.5  0.0
2260  1422.5  0.0
2261  1422.5  0.0
2262  1422.5  0.0
2263  1422.5  0.0
2264  1422.5  0.0
2265  1422.5  0.0
2266  1422.5  0.0
2267  1422.5  0.0
2268  1422.5  0.0
2269  1422.5  0.0
2270  1422.5  0.0
2271  1422.5  0.0
2272  1422.5  0.0
2273  1422.5  0.0
2274  1422.5  0.0
2275  1422.5  0.0
2276  1422.5  0.0
2277  1422.5  0.0
2278  1422.5  0.0
2279  1422.5  0.0
2280  1422.5  0.0
2281  1422.5  0.0
2282  1422.5  0.0
2283  1422.5  0.0
2284  1422.5  0.0
2285  1422.5  0.0
2286  1422.5  0.0
2287  1422.5  0.0
2288  1422.5  0.0
2289  1422.5  0.0
2290  1422.5  0.0
2291  1422.5  0.0
2292  1422.5  0.0
2293  1422.5  0.0
2294  1422.5  0.0
2295  1422.5  0.0
2296  1422.5  0.0
2297  1422.5  0.0
2298  1422.5  0.0
2299  1422.5  0.0
2300  1422.5  0.0
2301  1422.5  0.0
2302  1422.5  0.0
2303  1422.5  0.0
2304  1422.5  0.0
2305  1422.5  0.0
2306  1422.5  0.0
2307  1422.5  0.0
2308  1422.5  0.0
2309  1422.5  0.0
2310  1422.5  0.0
2311  1422.5  0.0
2312  1422.5  0.0
2313  1422.5  0.0
2314  1422.5  0.0
2315  1422.5  0.0
2316  1422.5  0.0
2317  1422.5  0.0
2318  1422.5  0.0
2319  1422.5  0.0
2320  1422.5  0.0
2321  1422.5  0.0
2322  1422.5  0.0
2323  1422.5  0.0
2324  1422.5  0.0
2325  1422.5  0.0
2326  1422.5  0.0
2327  1422.5  0.0
2328  1422.5  0.0
2329  1422.5  0.0
2330  1422.5  0.0
2331  1422.5  0.0
2332  1422.5  0.0
2333  1422.5  0.0
2334  1422.5  0.0
2335  1422.5  0.0
2336  1422.5  0.0
2337  1422.5  0.0
2338  1422.5  0.0
2339  1422.5  0.0
2340  1422.5  0.0
2341  1422.5  0.0
2342  1422.5  0.0
2343  1422.5  0.0
2344  1422.5  0.0
2345  1422.5  0.0
2346  1422.5  0.0
2347  1422.5  0.0
2348  1422.5  0.0
2349  1422.5  0.0
2350  1422.5  0.0
2351  1422.5  0.0
2352  1422.5  0.0
2353  1422.5  0.0
2354  1422.5  0.0
2355  1422.5  0.0
2356  1422.5  0.0
2357  1422.5  0.0
2358  1422.5  0.0
2359  1422.5  0.0
2360  1422.5  0.0
2361  1422.5  0.0
2362  1422.5  0.0
2363  1422.5  0.0
2364  1422.5  0.0
2365  1422.5  0.0
2366  1422.5  0.0
2367  1422.5  0.0
2368  1422.5  0.0
2369  1422.5  0.0
2370  1422.5  0.0
2371  1422.5  0.0
2372  1422.5  0.0
2373  1422.5  0.0
2374  1422.5  0.0
2375  1422.5  0.0
2376  1422.5  0.0
2377  1422.5  0.0
2378  1422.5  0.0
2379  1422.5  0.0
2380  1422.5  0.0
2381  1422.5  0.0
2382  1422.5  0.0
2383  1422.5  0.0
2384  1422.5  0.0
2385  1422.5  0.0
2386  1422.5  0.0
2387  1422.5  0.0
2388  1422.5  0.0
2389  1422.5  0.0
2390  1422.5  0.0
2391  1422.5  0.0
2392  1422.5  0.0
2393  1422.5  0.0
2394  1422.5  0.0
2395  1422.5  0.0
2396  1422.5  0.0
2397  1422.5  0.0
2398  1422.5  0.0
2399  1422.5  0.0
2400  1422.5  0.0
2401  1422.5  0.0
2402  1422.5  0.0
2403  1422.5  0.0
2404  1422.5  0.0
2405  1422.5  0.0
2406  1422.5  0.0
2407  1422.5  0.0
2408  1422.5  0.0
2409  1422.5  0.0
2410  1422.5  0.0
2411  1422.5  0.0
2412  1422.5  0.0
2413  1422.5  0.0
2414  1422.5  0.0
2415  1422.5  0.0
2416  1422.5  0.0
2417  1422.5  0.0
2418  1422.5  0.0
2419  1422.5  0.0
2420  1422.5  0.0
2421  1422.5  0.0
2422  1422.5  0.0
2423  1422.5  0.0
2424  1422.5  0.0
2425  1422.5  0.0
2426  1422.5  0.0
2427  1422.5  0.0
2428  1422.5  0.0
2429  1422.5  0.0
2430  1422.5  0.0
2431  1422.5  0.0
2432  1422.5  0.0
2433  1422.5  0.0
2434  1422.5  0.0
2435  1422.5  0.0
2436  1422.5  0.0
2437  1422.5  0.0
2438  1422.5  0.0
2439  1422.5  0.0
2440  1422.5  0.0
2441  1422.5  0.0
2442  1422.5  0.0
2443  1422.5  0.0
2444  1422.5  0.0
2445  1422.5  0.0
2446  1422.5  0.0
2447  1422.5  0.0
2448  1422.5  0.0
2449  1422.5  0.0
2450  1422.5  0.0
2451  1422.5  0.0
2452  1422.5  0.0
2453  1422.5  0.0
2454  1422.5  0.0
2455  1422.5  0.0
2456  1422.5  0.0
2457  1422.5  0.0
2458  1422.5  0.0
2459  1422.5  0.0
2460  1422.5  0.0
2461  1422.5  0.0
2462  1422.5  0.0
2463  1422.5  0.0
2464  1422.5  0.0
2465  1422.5  0.0
2466  1422.5  0.0
2467  1422.5  0.0
2468  1422.5  0.0
2469  1422.5  0.0
2470  1422.5  0.0
2471  1422.5  0.0
2472  1422.5  0.0
2473  1422.5  0.0
2474  1422.5  0.0
2475  1422.5  0.0
2476  1422.5  0.0
2477  1422.5  0.0
2478  1422.5  0.0
2479  1422.5  0.0
2480  1422.5  0.0
2481  1422.5  0.0
2482  1422.5  0.0
2483  1422.5  0.0
2484  1422.5  0.0
2485  1422.5  0.0
2486  1422.5  0.0
2487  1422.5  0.0
2488  1422.5  0.0
2489  1422.5  0.0
2490  1422.5  0.0
2491  1422.5  0.0
2492  1422.5  0.0
2493  1422.5  0.0
2494  1422.5  0.0
2495  1422.5  0.0
2496  1422.5  0.0
2497  1422.5  0.0
2498  1422.5  0.0
2499  1422.5  0.0
2500  1422.5  0.0
2501  1422.5  0.0
2502  1422.5  0.0
2503  1422.5  0.0
2504  1422.5  0.0
2505  1422.5  0.0
2506  1422.5  0.0
2507  1422.5  0.0
2508  1422.5  0.0
2509  1422.5  0.0
2510  1422.5  0.0
2511  1422.5  0.0
2512  1422.5  0.0
2513  1422.5  0.0
2514  1422.5  0.0
2515  1422.5  0.0
2516  1422.5  0.0
2517  1422.5  0.0
2518  1422.5  0.0
2519  1422.5  0.0
2520  1422.5  0.0
2521  1422.5  0.0
2522  1422.5  0.0
2523  1422.5  0.0
2524  1422.5  0.0
2525  1422.5  0.0
2526  1422.5  0.0
2527  1422.5  0.0
2528  1422.5  0.0
2529  1422.5  0.0
2530  1422.5  0.0
2531  1422.5  0.0
2532  1422.5  0.0
2533  1422.5  0.0
2534  1422.5  0.0
2535  1422.5  0.0
2536  1422.5  0.0
2537  1422.5  0.0
2538  1422.5  0.0
2539  1422.5  0.0
2540  1422.5  0.0
2541  1422.5  0.0
2542  1422.5  0.0
2543  1422.5  0.0
2544  1422.5  0.0
2545  1422.5  0.0
2546  1422.5  0.0
2547  1422.5  0.0
2548  1422.5  0.0
2549  1422.5  0.0
2550  1422.5  0.0
2551  1422.5  0.0
2552  1422.5  0.0
2553  1422.5  0.0
2554  1422.5  0.0
2555  1422.5  0.0
2556  1422.5  0.0
2557  1422.5  0.0
2558  1422.5  0.0
2559  1422.5  0.0
2560  1422.5  0.0
2561  1422.5  0.0
2562  1422.5  0.0
2563  1422.5  0.0
2564  1422.5  0.0
2565  1422.5  0.0
2566  1422.5  0.0
2567  1422.5  0.0
2568  1422.5  0.0
2569  1422.5  0.0
2570  1422.5  0.0
2571  1422.5  0.0
2572  1422.5  0.0
2573  1422.5  0.0
2574  1422.5  0.0
2575  1422.5  0.0
2576  1422.5  0.0
2577  1422.5  0.0
2578  1422.5  0.0
2579  1422.5  0.0
2580  1422.5  0.0
2581  1422.5  0.0
2582  1422.5  0.0
2583  1422.5  0.0
2584  1422.5  0.0
2585  1422.5  0.0
2586  1422.5  0.0
2587  1422.5  0.0
2588  1422.5  0.0
2589  1422.5  0.0
2590  1422.5  0.0
2591  1422.5  0.0
2592  1422.5  0.0
2593  1422.5  0.0
2594  1422.5  0.0
2595  1422.5  0.0
2596  1422.5  0.0
2597  1422.5  0.0
2598  1422.5  0.0
2599  1422.5  0.0
2600  1422.5  0.0
2601  1422.5  0.0
2602  1422.5  0.0
2603  1422.5  0.0
2604  1422.5  0.0
2605  1422.5  0.0
2606  1422.5  0.0
2607  1422.5  0.0
2608  1422.5  0.0
2609  1422.5  0.0
2610  1422.5  0.0
2611  1422.5  0.0
2612  1422.5  0.0
2613  1422.5  0.0
2614  1422.5  0.0
2615  1422.5  0.0
2616  1422.5  0.0
2617  1422.5  0.0
2618  1422.5  0.0
2619  1422.5  0.0
2620  1422.5  0.0
2621  1422.5  0.0
2622  1422.5  0.0
2623  1422.5  0.0
2624  1422.5  0.0
2625  1422.5  0.0
2626  1422.5  0.0
2627  1422.5  0.0
2628  1422.5  0.0
2629  1422.5  0.0
2630  1422.5  0.0
2631  1422.5  0.0
2632  1422.5  0.0
2633  1422.5  0.0
2634  1422.5  0.0
2635  1422.5  0.0
2636  1422.5  0.0
2637  1422.5  0.0
2638  1422.5  0.0
2639  1422.5  0.0
2640  1422.5  0.0
2641  1422.5  0.0
2642  1422.5  0.0
2643  1422.5  0.0
2644  1422.5  0.0
2645  1422.5  0.0
2646  1422.5  0.0
2647  1422.5  0.0
2648  1422.5  0.0
2649  1422.5  0.0
2650  1422.5  0.0
2651  1422.5  0.0
2652  1422.5  0.0
2653  1422.5  0.0
2654  1422.5  0.0
2655  1422.5  0.0
2656  1422.5  0.0
2657  1422.5  0.0
2658  1422.5  0.0
2659  1422.5  0.0
2660  1422.5  0.0
2661  1422.5  0.0
2662  1422.5  0.0
2663  1422.5  0.0
2664  1422.5  0.0
2665  1422.5  0.0
2666  1422.5  0.0
2667  1422.5  0.0
2668  1422.5  0.0
2669  1422.5  0.0
2670  1422.5  0.0
2671  1422.5  0.0
2672  1422.5  0.0
2673  1422.5  0.0
2674  1422.5  0.0
2675  1422.5  0.0
2676  1422.5  0.0
2677  1422.5  0.0
2678  1422.5  0.0
2679  1422.5  0.0
2680  1422.5  0.0
2681  1422.5  0.0
2682  1422.5  0.0
2683  1422.5  0.0
2684  1422.5  0.0
2685  1422.5  0.0
2686  1422.5  0.0
2687  1422.5  0.0
2688  1422.5  0.0
2689  1422.5  0.0
2690  1422.5  0.0
2691  1422.5  0.0
2692  1422.5  0.0
2693  1422.5  0.0
2694  1422.5  0.0
2695  1422.5  0.0
2696  1422.5  0.0
2697  1422.5  0.0
2698  1422.5  0.0
2699  1422.5  0.0
2700  1422.5  0.0
2701  1422.5  0.0
2702  1422.5  0.0
2703  1422.5  0.0
2704  1422.5  0.0
2705  1422.5  0.0
2706  1422.5  0.0
2707  1422.5  0.0
2708  1422.5  0.0
2709  1422.5  0.0
2710  1422.5  0.0
2711  1422.5  0.0
2712  1422.5  0.0
2713  1422.5  0.0
2714  1422.5  0.0
2715  1422.5  0.0
2716  1422.5  0.0
2717  1422.5  0.0
2718  1422.5  0.0
2719  1422.5  0.0
2720  1422.5  0.0
2721  1422.5  0.0
2722  1422.5  0.0
2723  1422.5  0.0
2724  1422.5  0.0
2725  1422.5  0.0
2726  1422.5  0.0
2727  1422.5  0.0
2728  1422.5  0.0
2729  1422.5  0.0
2730  1422.5  0.0
2731  1422.5  0.0
2732  1422.5  0.0
2733  1422.5  0.0
2734  1422.5  0.0
2735  1422.5  0.0
2736  1422.5  0.0
2737  1422.5  0.0
2738  1422.5  0.0
2739  1422.5  0.0
2740  1422.5  0.0
2741  1422.5  0.0
2742  1422.5  0.0
2743  1422.5  0.0
2744  1422.5  0.0
2745  1422.5  0.0
2746  1422.5  0.0
2747  1422.5  0.0
2748  1422.5  0.0
2749  1422.5  0.0
2750  1422.5  0.0
2751  1422.5  0.0
2752  1422.5  0.0
2753  1422.5  0.0
2754  1422.5  0.0
2755  1422.5  0.0
2756  1422.5  0.0
2757  1422.5  0.0
2758  1422.5  0.0
2759  1422.5  0.0
2760  1422.5  0.0
2761  1422.5  0.0
2762  1422.5  0.0
2763  1422.5  0.0
2764  1422.5  0.0
2765  1422.5  0.0
2766  1422.5  0.0
2767  1422.5  0.0
2768  1422.5  0.0
2769  1422.5  0.0
2770  1422.5  0.0
2771  1422.5  0.0
2772  1422.5  0.0
2773  1422.5  0.0
2774  1422.5  0.0
2775  1422.5  0.0
2776  1422.5  0.0
2777  1422.5  0.0
2778  1422.5  0.0
2779  1422.5  0.0
2780  1422.5  0.0
2781  1422.5  0.0
2782  1422.5  0.0
2783  1422.5  0.0
2784  1422.5  0.0
2785  1422.5  0.0
2786  1422.5  0.0
2787  1422.5  0.0
2788  1422.5  0.0
2789  1422.5  0.0
2790  1422.5  0.0
2791  1422.5  0.0
2792  1422.5  0.0
2793  1422.5  0.0
2794  1422.5  0.0
2795  1422.5  0.0
2796  1422.5  0.0
2797  1422.5  0.0
2798  1422.5  0.0
2799  1422.5  0.0
2800  1422.5  0.0
2801  1422.5  0.0
2802  1422.5  0.0
2803  1422.5  0.0
2804  1422.5  0.0
2805  1422.5  0.0
2806  1422.5  0.0
2807  1422.5  0.0
2808  1422.5  0.0
2809  1422.5  0.0
2810  1422.5  0.0
2811  1422.5  0.0
2812  1422.5  0.0
2813  1422.5  0.0
2814  1422.5  0.0
2815  1422.5  0.0
2816  1422.5  0.0
2817  1422.5  0.0
2818  1422.5  0.0
2819  1422.5  0.0
2820  1422.5  0.0
2821  1422.5  0.0
2822  1422.5  0.0
2823  1422.5  0.0
2824  1422.5  0.0
2825  1422.5  0.0
2826  1422.5  0.0
2827  1422.5  0.0
2828  1422.5  0.0
2829  1422.5  0.0
2830  1422.5  0.0
2831  1422.5  0.0
2832  1422.5  0.0
2833  1422.5  0.0
2834  1422.5  0.0
2835  1422.5  0.0
2836  1422.5  0.0
2837  1422.5  0.0
2838  1422.5  0.0
2839  1422.5  0.0
2840  1422.5  0.0
2841  1422.5  0.0
2842  1422.5  0.0
2843  1422.5  0.0
2844  1422.5  0.0
2845  1422.5  0.0
2846  1422.5  0.0
2847  1422.5  0.0
2848  1422.5  0.0
2849  1422.5  0.0
2850  1422.5  0.0
2851  1422.5  0.0
2852  1422.5  0.0
2853  1422.5  0.0
2854  1422.5  0.0
2855  1422.5  0.0
2856  1422.5  0.0
2857  1422.5  0.0
2858  1422.5  0.0
2859  1422.5  0.0
2860  1422.5  0.0
2861  1422.5  0.0
2862  1422.5  0.0
2863  1422.5  0.0
2864  1422.5  0.0
2865  1422.5  0.0
2866  1422.5  0.0
2867  1422.5  0.0
2868  1422.5  0.0
2869  1422.5  0.0
2870  1422.5  0.0
2871  1422.5  0.0
2872  1422.5  0.0
2873  1422.5  0.0
2874  1422.5  0.0
2875  1422.5  0.0
2876  1422.5  0.0
2877  1422.5  0.0
2878  1422.5  0.0
2879  1422.5  0.0
2880  1422.5  0.0
2881  1422.5  0.0
2882  1422.5  0.0
2883  1422.5  0.0
2884  1422.5  0.0
2885  1422.5  0.0
2886  1422.5  0.0
2887  1422.5  0.0
2888  1422.5  0.0
2889  1422.5  0.0
2890  1422.5  0.0
2891  1422.5  0.0
2892  1422.5  0.0
2893  1422.5  0.0
2894  1422.5  0.0
2895  1422.5  0.0
2896  1422.5  0.0
2897  1422.5  0.0
2898  1422.5  0.0
2899  1422.5  0.0
2900  1422.5  0.0
2901  1422.5  0.0
2902  1422.5  0.0
2903  1422.5  0.0
2904  1422.5  0.0
2905  1422.5  0.0
2906  1422.5  0.0
2907  1422.5  0.0
2908  1422.5  0.0
2909  1422.5  0.0
2910  1422.5  0.0
2911  1422.5  0.0
2912  1422.5  0.0
2913  1422.5  0.0
2914  1422.5  0.0
2915  1422.5  0.0
2916  1422.5  0.0
2917  1422.5  0.0
2918  1422.5  0.0
2919  1422.5  0.0
2920  1422.5  0.0
2921  1422.5  0.0
2922  1422.5  0.0
2923  1422.5  0.0
2924  1422.5  0.0
2925  1422.5  0.0
2926  1422.5  0.0
2927  1422.5  0.0
2928  1422.5  0.0
2929  1422.5  0.0
2930  1422.5  0.0
2931  1422.5  0.0
2932  1422.5  0.0
2933  1422.5  0.0
2934  1422.5  0.0
2935  1422.5  0.0
2936  1422.5  0.0
2937  1422.5  0.0
2938  1422.5  0.0
2939  1422.5  0.0
2940  1422.5  0.0
2941  1422.5  0.0
2942  1422.5  0.0
2943  1422.5  0.0
2944  1422.5  0.0
2945  1422.5  0.0
2946  1422.5  0.0
2947  1422.5  0.0
2948  1422.5  0.0
2949  1422.5  0.0
2950  1422.5  0.0
2951  1422.5  0.0
2952  1422.5  0.0
2953  1422.5  0.0
2954  1422.5  0.0
2955  1422.5  0.0
2956  1422.5  0.0
2957  1422.5  0.0
2958  1422.5  0.0
2959  1422.5  0.0
2960  1422.5  0.0
2961  1422.5  0.0
2962  1422.5  0.0
2963  1422.5  0.0
2964  1422.5  0.0
2965  1422.5  0.0
2966  1422.5  0.0
2967  1422.5  0.0
2968  1422.5  0.0
2969  1422.5  0.0
2970  1422.5  0.0
2971  1422.5  0.0
2972  1422.5  0.0
2973  1422.5  0.0
2974  1422.5  0.0
2975  1422.5  0.0
2976  1422.5  0.0
2977  1422.5  0.0
2978  1422.5  0.0
2979  1422.5  0.0
2980  1422.5  0.0
2981  1422.5  0.0
2982  1422.5  0.0
2983  1422.5  0.0
2984  1422.5  0.0
2985  1422.5  0.0
2986  1422.5  0.0
2987  1422.5  0.0
2988  1422.5  0.0
2989  1422.5  0.0
2990  1422.5  0.0
2991  1422.5  0.0
2992  1422.5  0.0
2993  1422.5  0.0
2994  1422.5  0.0
2995  1422.5  0.0
2996  1422.5  0.0
2997  1422.5  0.0
2998  1422.5  0.0
2999  1422.5  0.0
#[9, 9, 9, 9, 9]
#[9, 9, 9, 9, 9]
#[3, 9, 9, 9, 9]
#[9, 9, 9, 9, 9]
#[9, 9, 9, 9, 9]
#[9, 9, 9, 9, 9]
#[9, 9, 9, 9, 9]
#[9, 9, 9, 9, 9]
#[9, 9, 9, 9, 9]
#Specialization index= [0, 9, 0.11363636363636363]
